000 (8018100.059.000) 2026-06-21 13:37:20 Job submitted from host: <128.105.68.112:9618?addrs=128.105.68.112-9618+[2607-f388-2200-100-eaeb-d3ff-fea3-4202]-9618&alias=ap2001.chtc.wisc.edu&noUDP&sock=schedd_4071840_2329>
...
040 (8018100.059.000) 2026-06-21 14:03:46 Started transferring input files
	Transferring to host: <128.105.69.60:9618?addrs=128.105.69.60-9618+[2607-f388-2200-100-527c-6fff-fe66-e7e2]-9618&alias=blengerichgpu4000.chtc.wisc.edu&noUDP&sock=backfill1_4_1843674_de95_96187>
...
040 (8018100.059.000) 2026-06-21 14:03:59 Finished transferring input files
...
001 (8018100.059.000) 2026-06-21 14:03:59 Job executing on host: <128.105.69.60:9618?addrs=128.105.69.60-9618+[2607-f388-2200-100-527c-6fff-fe66-e7e2]-9618&alias=blengerichgpu4000.chtc.wisc.edu&noUDP&sock=startd_11585_ecc4>
	SlotName: backfill1_4@blengerichgpu4000.chtc.wisc.edu
	AvailableGPUs = { GPUs_GPU_535fb437 }
	CondorScratchDir = "/var/lib/condor/execute/slot1/dir_3859163/scratch"
	Cpus = 1
	Disk = 16777216
	GPUs = 1
	GPUs_GPU_535fb437 = [ Id = "GPU-535fb437"; Capability = 8.9; DeviceName = "NVIDIA L40S"; DeviceUuid = "535fb437-9f44-5e44-20eb-367f2a82fd2a"; ECCEnabled = true; NvidiaDriver = "570.195.03"; DriverVersion = 12.8; DevicePciBusId = "0000:BD:00.0"; GlobalMemoryMb = 45468; MaxSupportedVersion = 12080 ]
	IoHeavy = 0
	Memory = 16384
...
006 (8018100.059.000) 2026-06-21 14:04:02 Image size of job updated: 304
	0  -  MemoryUsage of job (MB)
	0  -  ResidentSetSize of job (KB)
...
040 (8018100.059.000) 2026-06-21 14:04:02 Started transferring output files
...
040 (8018100.059.000) 2026-06-21 14:04:02 Finished transferring output files
...
004 (8018100.059.000) 2026-06-21 14:04:02 Job was evicted.
	(0) Job terminated and was requeued
		Usr 0 00:00:01, Sys 0 00:00:00  -  Run Remote Usage
		Usr 0 00:00:00, Sys 0 00:00:00  -  Run Local Usage
	454  -  Run Bytes Sent By Job
	2781829934  -  Run Bytes Received By Job
	(1) Normal termination (return value 2)
	The job attribute OnExitRemove expression 'NumJobCompletions > JobMaxRetries || ExitCode =?= 0' evaluated to FALSE
...
040 (8018100.059.000) 2026-06-21 14:05:14 Started transferring input files
	Transferring to host: <128.105.68.5:9618?addrs=128.105.68.5-9618+[2607-f388-2200-100-eaeb-d3ff-fe53-f4a0]-9618&alias=gpulab2005.chtc.wisc.edu&noUDP&sock=slot2_4_2487031_13a7_76949>
...
040 (8018100.059.000) 2026-06-21 14:05:28 Finished transferring input files
...
001 (8018100.059.000) 2026-06-21 14:05:28 Job executing on host: <128.105.68.5:9618?addrs=128.105.68.5-9618+[2607-f388-2200-100-eaeb-d3ff-fe53-f4a0]-9618&alias=gpulab2005.chtc.wisc.edu&noUDP&sock=startd_12121_9388>
	SlotName: slot2_4@gpulab2005.chtc.wisc.edu
	AvailableGPUs = { GPUs_GPU_fb408d80 }
	CondorScratchDir = "/var/lib/condor/execute/slot2/dir_3951082/scratch"
	Cpus = 1
	Disk = 16777216
	GPUs = 1
	GPUs_GPU_fb408d80 = [ Id = "GPU-fb408d80"; Capability = 8.0; DeviceName = "NVIDIA A100-SXM4-40GB"; DeviceUuid = "fb408d80-a280-f774-c4b8-7390fd55f4c0"; ECCEnabled = true; NvidiaDriver = "570.195.03"; DriverVersion = 12.8; DevicePciBusId = "0000:C1:00.0"; GlobalMemoryMb = 40442; MaxSupportedVersion = 12080 ]
	IoHeavy = 0
	Memory = 16384
...
040 (8018100.059.000) 2026-06-21 14:05:32 Started transferring output files
...
040 (8018100.059.000) 2026-06-21 14:05:32 Finished transferring output files
...
004 (8018100.059.000) 2026-06-21 14:05:33 Job was evicted.
	(0) Job terminated and was requeued
		Usr 0 00:00:02, Sys 0 00:00:00  -  Run Remote Usage
		Usr 0 00:00:00, Sys 0 00:00:00  -  Run Local Usage
	447  -  Run Bytes Sent By Job
	2781829934  -  Run Bytes Received By Job
	(1) Normal termination (return value 2)
	The job attribute OnExitRemove expression 'NumJobCompletions > JobMaxRetries || ExitCode =?= 0' evaluated to FALSE
...
040 (8018100.059.000) 2026-06-21 14:06:13 Started transferring input files
	Transferring to host: <128.105.69.60:9618?addrs=128.105.69.60-9618+[2607-f388-2200-100-527c-6fff-fe66-e7e2]-9618&alias=blengerichgpu4000.chtc.wisc.edu&noUDP&sock=backfill1_4_1843674_de95_96203>
...
040 (8018100.059.000) 2026-06-21 14:06:23 Finished transferring input files
...
001 (8018100.059.000) 2026-06-21 14:06:23 Job executing on host: <128.105.69.60:9618?addrs=128.105.69.60-9618+[2607-f388-2200-100-527c-6fff-fe66-e7e2]-9618&alias=blengerichgpu4000.chtc.wisc.edu&noUDP&sock=startd_11585_ecc4>
	SlotName: backfill1_4@blengerichgpu4000.chtc.wisc.edu
	AvailableGPUs = { GPUs_GPU_535fb437 }
	CondorScratchDir = "/var/lib/condor/execute/slot1/dir_3861784/scratch"
	Cpus = 1
	Disk = 16777216
	GPUs = 1
	GPUs_GPU_535fb437 = [ Id = "GPU-535fb437"; Capability = 8.9; DeviceName = "NVIDIA L40S"; DeviceUuid = "535fb437-9f44-5e44-20eb-367f2a82fd2a"; ECCEnabled = true; NvidiaDriver = "570.195.03"; DriverVersion = 12.8; DevicePciBusId = "0000:BD:00.0"; GlobalMemoryMb = 45468; MaxSupportedVersion = 12080 ]
	IoHeavy = 0
	Memory = 16384
...
040 (8018100.059.000) 2026-06-21 14:06:26 Started transferring output files
...
040 (8018100.059.000) 2026-06-21 14:06:26 Finished transferring output files
...
004 (8018100.059.000) 2026-06-21 14:06:27 Job was evicted.
	(0) Job terminated and was requeued
		Usr 0 00:00:01, Sys 0 00:00:00  -  Run Remote Usage
		Usr 0 00:00:00, Sys 0 00:00:00  -  Run Local Usage
	454  -  Run Bytes Sent By Job
	2781829934  -  Run Bytes Received By Job
	(1) Normal termination (return value 2)
	The job attribute OnExitRemove expression 'NumJobCompletions > JobMaxRetries || ExitCode =?= 0' evaluated to FALSE
...
040 (8018100.059.000) 2026-06-21 14:07:05 Started transferring input files
	Transferring to host: <10.244.214.53:38649?CCBID=128.105.82.148:9618%3faddrs%3d128.105.82.148-9618+[2607-f388-2200-9d-7ccb-bc08-2489-768a]-9618%26alias%3dospool-ccb.osg.chtc.io%26noUDP%26sock%3dcollector1#4097040%2067.58.49.91:9618%3faddrs%3d67.58.49.91-9618+[fdf0-17b3-c3ec-1f79-10-0-e-b69d]-9618%26alias%3dccb-2.ospool.osg-htc.org%26noUDP%26sock%3dcollector1#4091140&PrivNet=GSU-Adonis-EP.osg-endpoint-74b7c7597f-7qdgv&addrs=10.244.214.53-38649&alias=GSU-Adonis-EP.osg-endpoint-74b7c7597f-7qdgv&noUDP&sock=slot1_1_4582_2ef3_2991>
...
040 (8018100.059.000) 2026-06-21 14:07:19 Finished transferring input files
...
021 (8018100.059.000) 2026-06-21 14:07:20 Message from starter on slot1_1@GSU-Adonis-EP.osg-endpoint-74b7c7597f-7qdgv:
	PREPARE_JOB (prepare-hook) succeeded (reported status 000): Using Singularity image openfe_1.11.1.sif
...
001 (8018100.059.000) 2026-06-21 14:07:20 Job executing on host: <10.244.214.53:38649?CCBID=128.105.82.148:9618%3faddrs%3d128.105.82.148-9618+[2607-f388-2200-9d-7ccb-bc08-2489-768a]-9618%26alias%3dospool-ccb.osg.chtc.io%26noUDP%26sock%3dcollector1#4097040%2067.58.49.91:9618%3faddrs%3d67.58.49.91-9618+[fdf0-17b3-c3ec-1f79-10-0-e-b69d]-9618%26alias%3dccb-2.ospool.osg-htc.org%26noUDP%26sock%3dcollector1#4091140&PrivNet=GSU-Adonis-EP.osg-endpoint-74b7c7597f-7qdgv&addrs=10.244.214.53-38649&alias=GSU-Adonis-EP.osg-endpoint-74b7c7597f-7qdgv&noUDP&sock=startd_4575_a5df>
	SlotName: slot1_1@GSU-Adonis-EP.osg-endpoint-74b7c7597f-7qdgv
	AvailableGPUs = { GPUs_GPU_14b707a2 }
	CondorScratchDir = "/pilot/osgvo-pilot-iR4xKb/execute/dir_2486021"
	Cpus = 1
	Disk = 16778240
	GPUs = 1
	GPUs_GPU_14b707a2 = [ Id = "GPU-14b707a2"; Capability = 9.0; DeviceName = "NVIDIA H100 NVL"; DeviceUuid = "14b707a2-c314-b46c-e41c-7e5870f22df8"; ECCEnabled = true; NvidiaDriver = "550.90.07"; DriverVersion = 12.4; DevicePciBusId = "0000:3F:00.0"; GlobalMemoryMb = 95235; MaxSupportedVersion = 12040 ]
	Memory = 16384
...
006 (8018100.059.000) 2026-06-21 14:07:27 Image size of job updated: 325
	4  -  MemoryUsage of job (MB)
	3520  -  ResidentSetSize of job (KB)
...
040 (8018100.059.000) 2026-06-21 14:07:27 Started transferring output files
...
040 (8018100.059.000) 2026-06-21 14:07:27 Finished transferring output files
...
004 (8018100.059.000) 2026-06-21 14:07:27 Job was evicted.
	(0) Job terminated and was requeued
		Usr 0 00:00:00, Sys 0 00:00:00  -  Run Remote Usage
		Usr 0 00:00:00, Sys 0 00:00:00  -  Run Local Usage
	469  -  Run Bytes Sent By Job
	2781829934  -  Run Bytes Received By Job
	(1) Normal termination (return value 2)
	The job attribute OnExitRemove expression 'NumJobCompletions > JobMaxRetries || ExitCode =?= 0' evaluated to FALSE
...
040 (8018100.059.000) 2026-06-21 14:08:43 Started transferring input files
	Transferring to host: <128.105.69.60:9618?addrs=128.105.69.60-9618+[2607-f388-2200-100-527c-6fff-fe66-e7e2]-9618&alias=blengerichgpu4000.chtc.wisc.edu&noUDP&sock=backfill1_1_1843674_de95_96205>
...
040 (8018100.059.000) 2026-06-21 14:08:54 Finished transferring input files
...
001 (8018100.059.000) 2026-06-21 14:08:54 Job executing on host: <128.105.69.60:9618?addrs=128.105.69.60-9618+[2607-f388-2200-100-527c-6fff-fe66-e7e2]-9618&alias=blengerichgpu4000.chtc.wisc.edu&noUDP&sock=startd_11585_ecc4>
	SlotName: backfill1_1@blengerichgpu4000.chtc.wisc.edu
	AvailableGPUs = { GPUs_GPU_38082b59 }
	CondorScratchDir = "/var/lib/condor/execute/slot1/dir_3862485/scratch"
	Cpus = 1
	Disk = 16777216
	GPUs = 1
	GPUs_GPU_38082b59 = [ Id = "GPU-38082b59"; Capability = 8.9; DeviceName = "NVIDIA L40S"; DeviceUuid = "38082b59-1834-f198-2686-31feb9eecc5b"; ECCEnabled = true; NvidiaDriver = "570.195.03"; DriverVersion = 12.8; DevicePciBusId = "0000:E1:00.0"; GlobalMemoryMb = 45468; MaxSupportedVersion = 12080 ]
	IoHeavy = 0
	Memory = 16384
...
006 (8018100.059.000) 2026-06-21 14:08:57 Image size of job updated: 824
	4  -  MemoryUsage of job (MB)
	3750  -  ResidentSetSize of job (KB)
...
040 (8018100.059.000) 2026-06-21 14:08:57 Started transferring output files
...
040 (8018100.059.000) 2026-06-21 14:08:57 Finished transferring output files
...
004 (8018100.059.000) 2026-06-21 14:08:57 Job was evicted.
	(0) Job terminated and was requeued
		Usr 0 00:00:01, Sys 0 00:00:00  -  Run Remote Usage
		Usr 0 00:00:00, Sys 0 00:00:00  -  Run Local Usage
	454  -  Run Bytes Sent By Job
	2781829934  -  Run Bytes Received By Job
	(1) Normal termination (return value 2)
	The job attribute OnExitRemove expression 'NumJobCompletions > JobMaxRetries || ExitCode =?= 0' evaluated to FALSE
...
040 (8018100.059.000) 2026-06-21 14:10:14 Started transferring input files
	Transferring to host: <128.104.103.48:37291?CCBID=128.105.82.148:9618%3faddrs%3d128.105.82.148-9618+[2607-f388-2200-9d-7ccb-bc08-2489-768a]-9618%26alias%3dospool-ccb.osg.chtc.io%26noUDP%26sock%3dcollector8#4330988%2067.58.49.91:9618%3faddrs%3d67.58.49.91-9618+[fdf0-17b3-c3ec-1f79-10-0-e-b69d]-9618%26alias%3dccb-2.ospool.osg-htc.org%26noUDP%26sock%3dcollector4#4319823&PrivNet=vetsigian0001.chtc.wisc.edu&addrs=128.104.103.48-37291+[2607-f388-107c-501-ae1f-6bff-fe2c-2f00]-37291&alias=vetsigian0001.chtc.wisc.edu&noUDP>
...
040 (8018100.059.000) 2026-06-21 14:12:44 Finished transferring input files
...
021 (8018100.059.000) 2026-06-21 14:12:44 Message from starter on slot1_1@glidein_1044378_60914000@vetsigian0001.chtc.wisc.edu:
	PREPARE_JOB (prepare-hook) succeeded (reported status 000): Using Singularity image openfe_1.11.1.sif
...
001 (8018100.059.000) 2026-06-21 14:12:44 Job executing on host: <128.104.103.48:39685?CCBID=128.105.82.148:9618%3faddrs%3d128.105.82.148-9618+[2607-f388-2200-9d-7ccb-bc08-2489-768a]-9618%26alias%3dospool-ccb.osg.chtc.io%26noUDP%26sock%3dcollector7#4178268%2067.58.49.91:9618%3faddrs%3d67.58.49.91-9618+[fdf0-17b3-c3ec-1f79-10-0-e-b69d]-9618%26alias%3dccb-2.ospool.osg-htc.org%26noUDP%26sock%3dcollector5#4176289&PrivNet=vetsigian0001.chtc.wisc.edu&addrs=128.104.103.48-39685+[2607-f388-107c-501-ae1f-6bff-fe2c-2f00]-39685&alias=vetsigian0001.chtc.wisc.edu&noUDP>
	SlotName: slot1_1@glidein_1044378_60914000@vetsigian0001.chtc.wisc.edu
	AvailableGPUs = { GPUs_GPU_325a27ef }
	CondorScratchDir = "/var/lib/condor/execute/slot1/dir_1044376/scratch/glide_kybL66/execute/dir_3833782/scratch"
	Cpus = 1
	Disk = 16777216
	GPUs = 1
	GPUs_GPU_325a27ef = [ Id = "GPU-325a27ef"; ClockMhz = 1545.0; Capability = 7.5; CoresPerCU = 64; DeviceName = "NVIDIA GeForce RTX 2080 Ti"; DeviceUuid = "325a27ef-6479-1be1-6814-10e98e713e68"; ECCEnabled = false; ComputeUnits = 68; NvidiaDriver = "550.54.14"; DriverVersion = 12.4; DevicePciBusId = "0000:B2:00.0"; GlobalMemoryMb = 11004; MaxSupportedVersion = 12040 ]
	Memory = 16384
...
040 (8018100.059.000) 2026-06-21 14:12:49 Started transferring output files
...
040 (8018100.059.000) 2026-06-21 14:12:49 Finished transferring output files
...
004 (8018100.059.000) 2026-06-21 14:12:50 Job was evicted.
	(0) Job terminated and was requeued
		Usr 0 00:00:00, Sys 0 00:00:00  -  Run Remote Usage
		Usr 0 00:00:00, Sys 0 00:00:00  -  Run Local Usage
	474  -  Run Bytes Sent By Job
	2781829934  -  Run Bytes Received By Job
	(1) Normal termination (return value 2)
	The job attribute OnExitRemove expression 'NumJobCompletions > JobMaxRetries || ExitCode =?= 0' evaluated to FALSE
...
040 (8018100.059.000) 2026-06-21 14:12:57 Started transferring input files
	Transferring to host: <10.226.104.219:43583?CCBID=128.105.82.148:9618%3faddrs%3d128.105.82.148-9618+[2607-f388-2200-9d-7ccb-bc08-2489-768a]-9618%26alias%3dospool-ccb.osg.chtc.io%26noUDP%26sock%3dcollector2#4328650%2067.58.49.91:9618%3faddrs%3d67.58.49.91-9618+[fdf0-17b3-c3ec-1f79-10-0-e-b69d]-9618%26alias%3dccb-2.ospool.osg-htc.org%26noUDP%26sock%3dcollector2#4326075&PrivNet=gpu019.rci.montana.edu&addrs=10.226.104.219-43583&alias=gpu019.rci.montana.edu&noUDP>
...
040 (8018100.059.000) 2026-06-21 14:14:21 Finished transferring input files
...
021 (8018100.059.000) 2026-06-21 14:14:22 Message from starter on slot1_1@glidein_101317_353355080@gpu019.rci.montana.edu:
	PREPARE_JOB (prepare-hook) succeeded (reported status 000): Using Singularity image openfe_1.11.1.sif
...
001 (8018100.059.000) 2026-06-21 14:14:22 Job executing on host: <10.226.104.219:41903?CCBID=128.105.82.148:9618%3faddrs%3d128.105.82.148-9618+[2607-f388-2200-9d-7ccb-bc08-2489-768a]-9618%26alias%3dospool-ccb.osg.chtc.io%26noUDP%26sock%3dcollector4#4267546%2067.58.49.91:9618%3faddrs%3d67.58.49.91-9618+[fdf0-17b3-c3ec-1f79-10-0-e-b69d]-9618%26alias%3dccb-2.ospool.osg-htc.org%26noUDP%26sock%3dcollector4#4257387&PrivNet=gpu019.rci.montana.edu&addrs=10.226.104.219-41903&alias=gpu019.rci.montana.edu&noUDP>
	SlotName: slot1_1@glidein_101317_353355080@gpu019.rci.montana.edu
	AvailableGPUs = { GPUs_GPU_003e2ddb }
	CondorScratchDir = "/tmp/jobs/4093257/glide_O0WDuK/execute/dir_2831025/scratch"
	Cpus = 1
	Disk = 16777216
	GPUs = 1
	GPUs_GPU_003e2ddb = [ Id = "GPU-003e2ddb"; ClockMhz = 1980.0; Capability = 9.0; CoresPerCU = 128; DeviceName = "NVIDIA H100 80GB HBM3"; DeviceUuid = "003e2ddb-7109-4852-a67d-8760c2e08dff"; ECCEnabled = true; ComputeUnits = 132; NvidiaDriver = "595.71.05"; DriverVersion = 13.2; DevicePciBusId = "0000:DB:00.0"; GlobalMemoryMb = 81081; MaxSupportedVersion = 13020 ]
	Memory = 16384
...
040 (8018100.059.000) 2026-06-21 14:14:26 Started transferring output files
...
040 (8018100.059.000) 2026-06-21 14:14:26 Finished transferring output files
...
004 (8018100.059.000) 2026-06-21 14:14:26 Job was evicted.
	(0) Job terminated and was requeued
		Usr 0 00:00:00, Sys 0 00:00:00  -  Run Remote Usage
		Usr 0 00:00:00, Sys 0 00:00:00  -  Run Local Usage
	462  -  Run Bytes Sent By Job
	2781829934  -  Run Bytes Received By Job
	(1) Normal termination (return value 2)
	The job attribute OnExitRemove expression 'NumJobCompletions > JobMaxRetries || ExitCode =?= 0' evaluated to FALSE
...
040 (8018100.059.000) 2026-06-21 14:14:42 Started transferring input files
	Transferring to host: <10.226.104.221:41057?CCBID=128.105.82.148:9618%3faddrs%3d128.105.82.148-9618+[2607-f388-2200-9d-7ccb-bc08-2489-768a]-9618%26alias%3dospool-ccb.osg.chtc.io%26noUDP%26sock%3dcollector6#4331633%2067.58.49.91:9618%3faddrs%3d67.58.49.91-9618+[fdf0-17b3-c3ec-1f79-10-0-e-b69d]-9618%26alias%3dccb-2.ospool.osg-htc.org%26noUDP%26sock%3dcollector10#4323616&PrivNet=gpu021.rci.montana.edu&addrs=10.226.104.221-41057&alias=gpu021.rci.montana.edu&noUDP>
...
040 (8018100.059.000) 2026-06-21 14:15:58 Finished transferring input files
...
021 (8018100.059.000) 2026-06-21 14:16:00 Message from starter on slot1_2@glidein_32138_434170212@gpu021.rci.montana.edu:
	PREPARE_JOB (prepare-hook) succeeded (reported status 000): Using Singularity image openfe_1.11.1.sif
...
001 (8018100.059.000) 2026-06-21 14:16:00 Job executing on host: <10.226.104.221:41879?CCBID=128.105.82.148:9618%3faddrs%3d128.105.82.148-9618+[2607-f388-2200-9d-7ccb-bc08-2489-768a]-9618%26alias%3dospool-ccb.osg.chtc.io%26noUDP%26sock%3dcollector2#4257207%2067.58.49.91:9618%3faddrs%3d67.58.49.91-9618+[fdf0-17b3-c3ec-1f79-10-0-e-b69d]-9618%26alias%3dccb-2.ospool.osg-htc.org%26noUDP%26sock%3dcollector8#4255162&PrivNet=gpu021.rci.montana.edu&addrs=10.226.104.221-41879&alias=gpu021.rci.montana.edu&noUDP>
	SlotName: slot1_2@glidein_32138_434170212@gpu021.rci.montana.edu
	AvailableGPUs = { GPUs_GPU_dff97527 }
	CondorScratchDir = "/tmp/jobs/4093136/glide_E7ub2W/execute/dir_2061110/scratch"
	Cpus = 1
	Disk = 16777216
	GPUs = 1
	GPUs_GPU_dff97527 = [ Id = "GPU-dff97527"; ClockMhz = 1980.0; Capability = 9.0; CoresPerCU = 128; DeviceName = "NVIDIA H100 80GB HBM3"; DeviceUuid = "dff97527-806a-5b67-f1b3-81f9bd945eba"; ECCEnabled = true; ComputeUnits = 132; NvidiaDriver = "595.71.05"; DriverVersion = 13.2; DevicePciBusId = "0000:CB:00.0"; GlobalMemoryMb = 81081; MaxSupportedVersion = 13020 ]
	Memory = 16384
...
006 (8018100.059.000) 2026-06-21 14:16:05 Image size of job updated: 1000
	6  -  MemoryUsage of job (MB)
	5508  -  ResidentSetSize of job (KB)
...
040 (8018100.059.000) 2026-06-21 14:16:05 Started transferring output files
...
040 (8018100.059.000) 2026-06-21 14:16:05 Finished transferring output files
...
004 (8018100.059.000) 2026-06-21 14:16:06 Job was evicted.
	(0) Job terminated and was requeued
		Usr 0 00:00:00, Sys 0 00:00:00  -  Run Remote Usage
		Usr 0 00:00:00, Sys 0 00:00:00  -  Run Local Usage
	462  -  Run Bytes Sent By Job
	2781829934  -  Run Bytes Received By Job
	(1) Normal termination (return value 2)
	The job attribute OnExitRemove expression 'NumJobCompletions > JobMaxRetries || ExitCode =?= 0' evaluated to FALSE
...
040 (8018100.059.000) 2026-06-21 14:16:16 Started transferring input files
	Transferring to host: <128.104.100.52:9618?addrs=128.104.100.52-9618+[2607-f388-107c-501-7ec2-55ff-fe99-a48c]-9618&alias=jcaicedogpu0000.chtc.wisc.edu&noUDP&sock=backfill1_8_12267_f60c_9393>
...
040 (8018100.059.000) 2026-06-21 14:16:28 Finished transferring input files
...
001 (8018100.059.000) 2026-06-21 14:16:28 Job executing on host: <128.104.100.52:9618?addrs=128.104.100.52-9618+[2607-f388-107c-501-7ec2-55ff-fe99-a48c]-9618&alias=jcaicedogpu0000.chtc.wisc.edu&noUDP&sock=startd_10725_0952>
	SlotName: backfill1_8@jcaicedogpu0000.chtc.wisc.edu
	AvailableGPUs = { GPUs_GPU_0c03ad29 }
	CondorScratchDir = "/var/lib/condor/execute/slot1/dir_3462923/scratch"
	Cpus = 1
	Disk = 16777216
	GPUs = 1
	GPUs_GPU_0c03ad29 = [ Id = "GPU-0c03ad29"; Capability = 8.9; DeviceName = "NVIDIA L40"; DeviceUuid = "0c03ad29-613e-407b-2db9-ce469ed3fbba"; ECCEnabled = true; NvidiaDriver = "570.195.03"; DriverVersion = 12.8; DevicePciBusId = "0000:53:00.0"; GlobalMemoryMb = 45468; MaxSupportedVersion = 12080 ]
	IoHeavy = 0
	Memory = 16384
...
040 (8018100.059.000) 2026-06-21 14:16:32 Started transferring output files
...
040 (8018100.059.000) 2026-06-21 14:16:32 Finished transferring output files
...
004 (8018100.059.000) 2026-06-21 14:16:32 Job was evicted.
	(0) Job terminated and was requeued
		Usr 0 00:00:02, Sys 0 00:00:00  -  Run Remote Usage
		Usr 0 00:00:00, Sys 0 00:00:00  -  Run Local Usage
	452  -  Run Bytes Sent By Job
	2781829934  -  Run Bytes Received By Job
	(1) Normal termination (return value 2)
	The job attribute OnExitRemove expression 'NumJobCompletions > JobMaxRetries || ExitCode =?= 0' evaluated to FALSE
...
040 (8018100.059.000) 2026-06-21 14:16:40 Started transferring input files
	Transferring to host: <128.105.68.5:9618?addrs=128.105.68.5-9618+[2607-f388-2200-100-eaeb-d3ff-fe53-f4a0]-9618&alias=gpulab2005.chtc.wisc.edu&noUDP&sock=slot2_4_2487031_13a7_76993>
...
040 (8018100.059.000) 2026-06-21 14:16:54 Finished transferring input files
...
001 (8018100.059.000) 2026-06-21 14:16:54 Job executing on host: <128.105.68.5:9618?addrs=128.105.68.5-9618+[2607-f388-2200-100-eaeb-d3ff-fe53-f4a0]-9618&alias=gpulab2005.chtc.wisc.edu&noUDP&sock=startd_12121_9388>
	SlotName: slot2_4@gpulab2005.chtc.wisc.edu
	AvailableGPUs = { GPUs_GPU_fb408d80 }
	CondorScratchDir = "/var/lib/condor/execute/slot2/dir_3965325/scratch"
	Cpus = 1
	Disk = 16777216
	GPUs = 1
	GPUs_GPU_fb408d80 = [ Id = "GPU-fb408d80"; Capability = 8.0; DeviceName = "NVIDIA A100-SXM4-40GB"; DeviceUuid = "fb408d80-a280-f774-c4b8-7390fd55f4c0"; ECCEnabled = true; NvidiaDriver = "570.195.03"; DriverVersion = 12.8; DevicePciBusId = "0000:C1:00.0"; GlobalMemoryMb = 40442; MaxSupportedVersion = 12080 ]
	IoHeavy = 0
	Memory = 16384
...
040 (8018100.059.000) 2026-06-21 14:16:58 Started transferring output files
...
040 (8018100.059.000) 2026-06-21 14:16:58 Finished transferring output files
...
004 (8018100.059.000) 2026-06-21 14:16:58 Job was evicted.
	(0) Job terminated and was requeued
		Usr 0 00:00:02, Sys 0 00:00:00  -  Run Remote Usage
		Usr 0 00:00:00, Sys 0 00:00:00  -  Run Local Usage
	447  -  Run Bytes Sent By Job
	2781829934  -  Run Bytes Received By Job
	(1) Normal termination (return value 2)
	The job attribute OnExitRemove expression 'NumJobCompletions > JobMaxRetries || ExitCode =?= 0' evaluated to FALSE
...
040 (8018100.059.000) 2026-06-21 14:17:07 Started transferring input files
	Transferring to host: <128.105.76.47:9618?addrs=128.105.76.47-9618+[2607-f388-2200-100-527c-6fff-fe82-826a]-9618&alias=gpu4006.chtc.wisc.edu&noUDP&sock=slot2_7_2618986_4fbd_88263>
...
040 (8018100.059.000) 2026-06-21 14:17:20 Finished transferring input files
...
001 (8018100.059.000) 2026-06-21 14:17:20 Job executing on host: <128.105.76.47:9618?addrs=128.105.76.47-9618+[2607-f388-2200-100-527c-6fff-fe82-826a]-9618&alias=gpu4006.chtc.wisc.edu&noUDP&sock=startd_11220_90b3>
	SlotName: slot2_7@gpu4006.chtc.wisc.edu
	AvailableGPUs = { GPUs_GPU_4f6495bb }
	CondorScratchDir = "/var/lib/condor/execute/slot2/dir_2938609/scratch"
	Cpus = 1
	Disk = 16777216
	GPUs = 1
	GPUs_GPU_4f6495bb = [ Id = "GPU-4f6495bb"; Capability = 8.9; DeviceName = "NVIDIA L40S"; DeviceUuid = "4f6495bb-57f6-02aa-3446-f13a32ec9035"; ECCEnabled = true; NvidiaDriver = "590.48.01"; DriverVersion = 13.1; DevicePciBusId = "0000:C1:00.0"; GlobalMemoryMb = 45460; MaxSupportedVersion = 13010 ]
	IoHeavy = 0
	Memory = 16384
...
040 (8018100.059.000) 2026-06-21 14:17:22 Started transferring output files
...
040 (8018100.059.000) 2026-06-21 14:17:22 Finished transferring output files
...
005 (8018100.059.000) 2026-06-21 14:17:23 Job terminated.
	(1) Normal termination (return value 2)
		Usr 0 00:00:01, Sys 0 00:00:00  -  Run Remote Usage
		Usr 0 00:00:00, Sys 0 00:00:00  -  Run Local Usage
		Usr 0 00:00:10, Sys 0 00:00:00  -  Total Remote Usage
		Usr 0 00:00:00, Sys 0 00:00:00  -  Total Local Usage
	458  -  Run Bytes Sent By Job
	2781829934  -  Run Bytes Received By Job
	5033  -  Total Bytes Sent By Job
	30600129274  -  Total Bytes Received By Job
	Partitionable Resources :    Usage  Request Allocated Assigned
	   Cpus                 :        0        1         1 
	   Disk (KB)            :  2716756 16777216  16777216 
	   GPUs                 :        0        1         1 "GPU-4f6495bb"
	   IoHeavy              :                           0 
	   Memory (MB)          :        8    16384     16384 
	   TimeExecute (s)      :        2                    
	   TimeSlotBusy (s)     :       15                    
...
