000 (8017966.801.000) 2026-06-20 22:07:54 Job submitted from host: <128.105.68.112:9618?addrs=128.105.68.112-9618+[2607-f388-2200-100-eaeb-d3ff-fea3-4202]-9618&alias=ap2001.chtc.wisc.edu&noUDP&sock=schedd_4071840_2329>
...
040 (8017966.801.000) 2026-06-21 04:40:25 Started transferring input files
	Transferring to host: <128.105.68.87:9618?addrs=128.105.68.87-9618+[2607-f388-2200-100-7ec2-55ff-fe9a-b48e]-9618&alias=dsigpu4002.chtc.wisc.edu&noUDP&sock=slot2_8_3411988_f574_78308>
...
040 (8017966.801.000) 2026-06-21 04:40:35 Finished transferring input files
...
001 (8017966.801.000) 2026-06-21 04:40:35 Job executing on host: <128.105.68.87:9618?addrs=128.105.68.87-9618+[2607-f388-2200-100-7ec2-55ff-fe9a-b48e]-9618&alias=dsigpu4002.chtc.wisc.edu&noUDP&sock=startd_10795_0cf3>
	SlotName: slot2_8@dsigpu4002.chtc.wisc.edu
	AvailableGPUs = { GPUs_GPU_6ca2c1c4 }
	CondorScratchDir = "/var/lib/condor/execute/slot2/dir_356401/scratch"
	Cpus = 1
	Disk = 16777216
	GPUs = 1
	GPUs_GPU_6ca2c1c4 = [ Id = "GPU-6ca2c1c4"; Capability = 8.9; DeviceName = "NVIDIA L40"; DeviceUuid = "6ca2c1c4-3a68-12f2-93bf-42efef45955a"; ECCEnabled = true; NvidiaDriver = "570.195.03"; DriverVersion = 12.8; DevicePciBusId = "0000:D2:00.0"; GlobalMemoryMb = 45468; MaxSupportedVersion = 12080 ]
	IoHeavy = 0
	Memory = 16384
...
006 (8017966.801.000) 2026-06-21 04:40:44 Image size of job updated: 404188
	395  -  MemoryUsage of job (MB)
	404188  -  ResidentSetSize of job (KB)
...
006 (8017966.801.000) 2026-06-21 04:45:45 Image size of job updated: 944300
	921  -  MemoryUsage of job (MB)
	942612  -  ResidentSetSize of job (KB)
...
006 (8017966.801.000) 2026-06-21 04:50:45 Image size of job updated: 945180
	924  -  MemoryUsage of job (MB)
	945180  -  ResidentSetSize of job (KB)
...
006 (8017966.801.000) 2026-06-21 04:55:46 Image size of job updated: 952488
	931  -  MemoryUsage of job (MB)
	952488  -  ResidentSetSize of job (KB)
...
006 (8017966.801.000) 2026-06-21 05:00:46 Image size of job updated: 958504
	937  -  MemoryUsage of job (MB)
	958504  -  ResidentSetSize of job (KB)
...
006 (8017966.801.000) 2026-06-21 05:05:47 Image size of job updated: 963536
	937  -  MemoryUsage of job (MB)
	958504  -  ResidentSetSize of job (KB)
...
006 (8017966.801.000) 2026-06-21 05:10:48 Image size of job updated: 973236
	951  -  MemoryUsage of job (MB)
	973236  -  ResidentSetSize of job (KB)
...
006 (8017966.801.000) 2026-06-21 05:15:48 Image size of job updated: 975868
	951  -  MemoryUsage of job (MB)
	973236  -  ResidentSetSize of job (KB)
...
040 (8017966.801.000) 2026-06-21 05:18:23 Started transferring output files
...
040 (8017966.801.000) 2026-06-21 05:18:23 Finished transferring output files
...
005 (8017966.801.000) 2026-06-21 05:18:23 Job terminated.
	(1) Normal termination (return value 0)
		Usr 0 00:38:26, Sys 0 00:14:33  -  Run Remote Usage
		Usr 0 00:00:00, Sys 0 00:00:00  -  Run Local Usage
		Usr 0 00:38:26, Sys 0 00:14:33  -  Total Remote Usage
		Usr 0 00:00:00, Sys 0 00:00:00  -  Total Local Usage
	2615065  -  Run Bytes Sent By Job
	2782633788  -  Run Bytes Received By Job
	2615065  -  Total Bytes Sent By Job
	2782633788  -  Total Bytes Received By Job
	Partitionable Resources :      Usage  Request Allocated Assigned
	   Cpus                 :       1.00        1         1 
	   Disk (KB)            : 2729016    16777216  16777216 
	   GPUs                 :                   1         1 "GPU-6ca2c1c4"
	   GpusMemory (MB)      :    6770                       
	   IoHeavy              :                             0 
	   Memory (MB)          :     951       16384     16384 
	   TimeExecute (s)      :    2268                       
	   TimeSlotBusy (s)     :    2278                       
...
