000 (8180963.133.000) 2026-06-24 12:19:47 Job submitted from host: <128.105.68.112:9618?addrs=128.105.68.112-9618+[2607-f388-2200-100-eaeb-d3ff-fea3-4202]-9618&alias=ap2001.chtc.wisc.edu&noUDP&sock=schedd_4071840_2329>
...
040 (8180963.133.000) 2026-06-24 16:03:28 Started transferring input files
	Transferring to host: <128.105.68.116:9618?addrs=128.105.68.116-9618+[2607-f388-2200-100-7ec2-55ff-fe99-a36a]-9618&alias=gpu4001.chtc.wisc.edu&noUDP&sock=slot2_2_10972_8437_13602>
...
040 (8180963.133.000) 2026-06-24 16:19:37 Finished transferring input files
...
001 (8180963.133.000) 2026-06-24 16:19:37 Job executing on host: <128.105.68.116:9618?addrs=128.105.68.116-9618+[2607-f388-2200-100-7ec2-55ff-fe99-a36a]-9618&alias=gpu4001.chtc.wisc.edu&noUDP&sock=startd_10701_930c>
	SlotName: slot2_2@gpu4001.chtc.wisc.edu
	AvailableGPUs = { GPUs_GPU_e01dcbf0 }
	CondorScratchDir = "/var/lib/condor/execute/slot2/dir_1571278/scratch"
	Cpus = 1
	Disk = 16777216
	GPUs = 1
	GPUs_GPU_e01dcbf0 = [ Id = "GPU-e01dcbf0"; Capability = 8.9; DeviceName = "NVIDIA L40"; DeviceUuid = "e01dcbf0-3b2f-a996-a35a-0d3baf730264"; ECCEnabled = true; NvidiaDriver = "570.195.03"; DriverVersion = 12.8; DevicePciBusId = "0000:52:00.0"; GlobalMemoryMb = 45468; MaxSupportedVersion = 12080 ]
	IoHeavy = 0
	Memory = 16384
...
006 (8180963.133.000) 2026-06-24 16:19:46 Image size of job updated: 388628
	380  -  MemoryUsage of job (MB)
	388628  -  ResidentSetSize of job (KB)
...
006 (8180963.133.000) 2026-06-24 16:24:46 Image size of job updated: 4437128
	4333  -  MemoryUsage of job (MB)
	4436004  -  ResidentSetSize of job (KB)
...
006 (8180963.133.000) 2026-06-24 16:34:47 Image size of job updated: 4733404
	4623  -  MemoryUsage of job (MB)
	4733404  -  ResidentSetSize of job (KB)
...
006 (8180963.133.000) 2026-06-24 16:39:47 Image size of job updated: 5308164
	5184  -  MemoryUsage of job (MB)
	5308164  -  ResidentSetSize of job (KB)
...
006 (8180963.133.000) 2026-06-24 16:44:48 Image size of job updated: 5310292
	5184  -  MemoryUsage of job (MB)
	5308164  -  ResidentSetSize of job (KB)
...
006 (8180963.133.000) 2026-06-24 16:49:48 Image size of job updated: 5512696
	5268  -  MemoryUsage of job (MB)
	5394292  -  ResidentSetSize of job (KB)
...
006 (8180963.133.000) 2026-06-24 16:54:48 Image size of job updated: 5792328
	5657  -  MemoryUsage of job (MB)
	5792328  -  ResidentSetSize of job (KB)
...
006 (8180963.133.000) 2026-06-24 17:03:01 Image size of job updated: 6153660
	5657  -  MemoryUsage of job (MB)
	5792328  -  ResidentSetSize of job (KB)
...
040 (8180963.133.000) 2026-06-24 17:03:01 Started transferring output files
...
040 (8180963.133.000) 2026-06-24 17:03:01 Finished transferring output files
...
004 (8180963.133.000) 2026-06-24 17:03:01 Job was evicted.
	(0) Job terminated and was requeued
		Usr 0 00:49:40, Sys 0 00:01:20  -  Run Remote Usage
		Usr 0 00:00:00, Sys 0 00:00:00  -  Run Local Usage
	105941  -  Run Bytes Sent By Job
	2784068613  -  Run Bytes Received By Job
	(1) Normal termination (return value 1)
	The job attribute OnExitRemove expression 'NumJobCompletions > JobMaxRetries || ExitCode =?= 0' evaluated to FALSE
...
040 (8180963.133.000) 2026-06-24 17:03:08 Started transferring input files
	Transferring to host: <128.105.68.116:9618?addrs=128.105.68.116-9618+[2607-f388-2200-100-7ec2-55ff-fe99-a36a]-9618&alias=gpu4001.chtc.wisc.edu&noUDP&sock=slot2_2_10972_8437_13713>
...
040 (8180963.133.000) 2026-06-24 17:31:19 Finished transferring input files
...
001 (8180963.133.000) 2026-06-24 17:31:19 Job executing on host: <128.105.68.116:9618?addrs=128.105.68.116-9618+[2607-f388-2200-100-7ec2-55ff-fe99-a36a]-9618&alias=gpu4001.chtc.wisc.edu&noUDP&sock=startd_10701_930c>
	SlotName: slot2_2@gpu4001.chtc.wisc.edu
	AvailableGPUs = { GPUs_GPU_e01dcbf0 }
	CondorScratchDir = "/var/lib/condor/execute/slot2/dir_1628433/scratch"
	Cpus = 1
	Disk = 16777216
	GPUs = 1
	GPUs_GPU_e01dcbf0 = [ Id = "GPU-e01dcbf0"; Capability = 8.9; DeviceName = "NVIDIA L40"; DeviceUuid = "e01dcbf0-3b2f-a996-a35a-0d3baf730264"; ECCEnabled = true; NvidiaDriver = "570.195.03"; DriverVersion = 12.8; DevicePciBusId = "0000:52:00.0"; GlobalMemoryMb = 45468; MaxSupportedVersion = 12080 ]
	IoHeavy = 0
	Memory = 16384
...
040 (8180963.133.000) 2026-06-24 18:21:13 Started transferring output files
...
040 (8180963.133.000) 2026-06-24 18:21:13 Finished transferring output files
...
004 (8180963.133.000) 2026-06-24 18:21:13 Job was evicted.
	(0) Job terminated and was requeued
		Usr 0 00:58:13, Sys 0 00:01:34  -  Run Remote Usage
		Usr 0 00:00:00, Sys 0 00:00:00  -  Run Local Usage
	105946  -  Run Bytes Sent By Job
	2229273605  -  Run Bytes Received By Job
	(1) Normal termination (return value 1)
	The job attribute OnExitRemove expression 'NumJobCompletions > JobMaxRetries || ExitCode =?= 0' evaluated to FALSE
...
040 (8180963.133.000) 2026-06-24 18:21:16 Started transferring input files
	Transferring to host: <128.105.68.116:9618?addrs=128.105.68.116-9618+[2607-f388-2200-100-7ec2-55ff-fe99-a36a]-9618&alias=gpu4001.chtc.wisc.edu&noUDP&sock=slot2_2_10972_8437_13867>
...
040 (8180963.133.000) 2026-06-24 18:24:28 Finished transferring input files
...
001 (8180963.133.000) 2026-06-24 18:24:28 Job executing on host: <128.105.68.116:9618?addrs=128.105.68.116-9618+[2607-f388-2200-100-7ec2-55ff-fe99-a36a]-9618&alias=gpu4001.chtc.wisc.edu&noUDP&sock=startd_10701_930c>
	SlotName: slot2_2@gpu4001.chtc.wisc.edu
	AvailableGPUs = { GPUs_GPU_e01dcbf0 }
	CondorScratchDir = "/var/lib/condor/execute/slot2/dir_1704553/scratch"
	Cpus = 1
	Disk = 16777216
	GPUs = 1
	GPUs_GPU_e01dcbf0 = [ Id = "GPU-e01dcbf0"; Capability = 8.9; DeviceName = "NVIDIA L40"; DeviceUuid = "e01dcbf0-3b2f-a996-a35a-0d3baf730264"; ECCEnabled = true; NvidiaDriver = "570.195.03"; DriverVersion = 12.8; DevicePciBusId = "0000:52:00.0"; GlobalMemoryMb = 45468; MaxSupportedVersion = 12080 ]
	IoHeavy = 0
	Memory = 16384
...
040 (8180963.133.000) 2026-06-24 18:57:26 Started transferring output files
...
040 (8180963.133.000) 2026-06-24 18:57:26 Finished transferring output files
...
004 (8180963.133.000) 2026-06-24 18:57:27 Job was evicted.
	(0) Job terminated and was requeued
		Usr 0 00:36:37, Sys 0 00:01:17  -  Run Remote Usage
		Usr 0 00:00:00, Sys 0 00:00:00  -  Run Local Usage
	105946  -  Run Bytes Sent By Job
	2784068613  -  Run Bytes Received By Job
	(1) Normal termination (return value 1)
	The job attribute OnExitRemove expression 'NumJobCompletions > JobMaxRetries || ExitCode =?= 0' evaluated to FALSE
...
040 (8180963.133.000) 2026-06-24 18:57:36 Started transferring input files
	Transferring to host: <128.105.68.116:9618?addrs=128.105.68.116-9618+[2607-f388-2200-100-7ec2-55ff-fe99-a36a]-9618&alias=gpu4001.chtc.wisc.edu&noUDP&sock=slot2_2_10972_8437_13937>
...
040 (8180963.133.000) 2026-06-24 19:02:03 Finished transferring input files
...
001 (8180963.133.000) 2026-06-24 19:02:03 Job executing on host: <128.105.68.116:9618?addrs=128.105.68.116-9618+[2607-f388-2200-100-7ec2-55ff-fe99-a36a]-9618&alias=gpu4001.chtc.wisc.edu&noUDP&sock=startd_10701_930c>
	SlotName: slot2_2@gpu4001.chtc.wisc.edu
	AvailableGPUs = { GPUs_GPU_e01dcbf0 }
	CondorScratchDir = "/var/lib/condor/execute/slot2/dir_1774600/scratch"
	Cpus = 1
	Disk = 16777216
	GPUs = 1
	GPUs_GPU_e01dcbf0 = [ Id = "GPU-e01dcbf0"; Capability = 8.9; DeviceName = "NVIDIA L40"; DeviceUuid = "e01dcbf0-3b2f-a996-a35a-0d3baf730264"; ECCEnabled = true; NvidiaDriver = "570.195.03"; DriverVersion = 12.8; DevicePciBusId = "0000:52:00.0"; GlobalMemoryMb = 45468; MaxSupportedVersion = 12080 ]
	IoHeavy = 0
	Memory = 16384
...
040 (8180963.133.000) 2026-06-24 19:34:58 Started transferring output files
...
040 (8180963.133.000) 2026-06-24 19:34:58 Finished transferring output files
...
004 (8180963.133.000) 2026-06-24 19:34:59 Job was evicted.
	(0) Job terminated and was requeued
		Usr 0 00:37:08, Sys 0 00:01:26  -  Run Remote Usage
		Usr 0 00:00:00, Sys 0 00:00:00  -  Run Local Usage
	105946  -  Run Bytes Sent By Job
	2784068613  -  Run Bytes Received By Job
	(1) Normal termination (return value 1)
	The job attribute OnExitRemove expression 'NumJobCompletions > JobMaxRetries || ExitCode =?= 0' evaluated to FALSE
...
040 (8180963.133.000) 2026-06-24 19:36:18 Started transferring input files
	Transferring to host: <128.104.100.17:9618?addrs=128.104.100.17-9618+[2607-f388-107c-501-527c-6fff-fe66-e9bc]-9618&alias=jcaicedogpu0002.chtc.wisc.edu&noUDP&sock=backfill1_1_2855957_d182_102183>
...
040 (8180963.133.000) 2026-06-24 19:38:42 Finished transferring input files
...
001 (8180963.133.000) 2026-06-24 19:38:42 Job executing on host: <128.104.100.17:9618?addrs=128.104.100.17-9618+[2607-f388-107c-501-527c-6fff-fe66-e9bc]-9618&alias=jcaicedogpu0002.chtc.wisc.edu&noUDP&sock=startd_11788_2a7e>
	SlotName: backfill1_1@jcaicedogpu0002.chtc.wisc.edu
	AvailableGPUs = { GPUs_GPU_53faf926 }
	CondorScratchDir = "/var/lib/condor/execute/slot1/dir_3354844/scratch"
	Cpus = 1
	Disk = 16777216
	GPUs = 1
	GPUs_GPU_53faf926 = [ Id = "GPU-53faf926"; Capability = 8.9; DeviceName = "NVIDIA L40S"; DeviceUuid = "53faf926-e094-2979-3a41-f6f98400e1ad"; ECCEnabled = true; NvidiaDriver = "570.195.03"; DriverVersion = 12.8; DevicePciBusId = "0000:CF:00.0"; GlobalMemoryMb = 45468; MaxSupportedVersion = 12080 ]
	IoHeavy = 0
	Memory = 16384
...
040 (8180963.133.000) 2026-06-24 20:19:49 Started transferring output files
...
040 (8180963.133.000) 2026-06-24 20:19:49 Finished transferring output files
...
004 (8180963.133.000) 2026-06-24 20:19:49 Job was evicted.
	(0) Job terminated and was requeued
		Usr 0 00:54:29, Sys 0 00:02:10  -  Run Remote Usage
		Usr 0 00:00:00, Sys 0 00:00:00  -  Run Local Usage
	105981  -  Run Bytes Sent By Job
	2784068613  -  Run Bytes Received By Job
	(1) Normal termination (return value 1)
	The job attribute OnExitRemove expression 'NumJobCompletions > JobMaxRetries || ExitCode =?= 0' evaluated to FALSE
...
040 (8180963.133.000) 2026-06-24 20:20:17 Started transferring input files
	Transferring to host: <128.105.69.60:9618?addrs=128.105.69.60-9618+[2607-f388-2200-100-527c-6fff-fe66-e7e2]-9618&alias=blengerichgpu4000.chtc.wisc.edu&noUDP&sock=backfill1_6_1843674_de95_105177>
...
040 (8180963.133.000) 2026-06-24 20:20:43 Finished transferring input files
...
001 (8180963.133.000) 2026-06-24 20:20:43 Job executing on host: <128.105.69.60:9618?addrs=128.105.69.60-9618+[2607-f388-2200-100-527c-6fff-fe66-e7e2]-9618&alias=blengerichgpu4000.chtc.wisc.edu&noUDP&sock=startd_11585_ecc4>
	SlotName: backfill1_6@blengerichgpu4000.chtc.wisc.edu
	AvailableGPUs = { GPUs_GPU_56c8300e }
	CondorScratchDir = "/var/lib/condor/execute/slot1/dir_3566141/scratch"
	Cpus = 1
	Disk = 16777216
	GPUs = 1
	GPUs_GPU_56c8300e = [ Id = "GPU-56c8300e"; Capability = 8.9; DeviceName = "NVIDIA L40S"; DeviceUuid = "56c8300e-2783-65ce-0535-6f3c9f590082"; ECCEnabled = true; NvidiaDriver = "570.195.03"; DriverVersion = 12.8; DevicePciBusId = "0000:50:00.0"; GlobalMemoryMb = 45468; MaxSupportedVersion = 12080 ]
	IoHeavy = 0
	Memory = 16384
...
040 (8180963.133.000) 2026-06-24 20:59:59 Started transferring output files
...
040 (8180963.133.000) 2026-06-24 20:59:59 Finished transferring output files
...
004 (8180963.133.000) 2026-06-24 21:00:00 Job was evicted.
	(0) Job terminated and was requeued
		Usr 0 00:52:14, Sys 0 00:02:03  -  Run Remote Usage
		Usr 0 00:00:00, Sys 0 00:00:00  -  Run Local Usage
	105992  -  Run Bytes Sent By Job
	2784068613  -  Run Bytes Received By Job
	(1) Normal termination (return value 1)
	The job attribute OnExitRemove expression 'NumJobCompletions > JobMaxRetries || ExitCode =?= 0' evaluated to FALSE
...
040 (8180963.133.000) 2026-06-24 21:00:07 Started transferring input files
	Transferring to host: <10.32.89.41:41127?CCBID=128.105.82.148:9618%3faddrs%3d128.105.82.148-9618+[2607-f388-2200-9d-7ccb-bc08-2489-7689]-9618%26alias%3dospool-ccb.osg.chtc.io%26noUDP%26sock%3dcollector10#4764989%2067.58.49.91:9618%3faddrs%3d67.58.49.91-9618+[fdf0-17b3-c3ec-1f79-10-0-d-2091]-9618%26alias%3dccb-2.ospool.osg-htc.org%26noUDP%26sock%3dcollector2#4765314&PrivNet=qa-rtx6k-034.crc.nd.edu&addrs=10.32.89.41-41127&alias=qa-rtx6k-034.crc.nd.edu&noUDP>
...
040 (8180963.133.000) 2026-06-24 21:00:31 Finished transferring input files
...
021 (8180963.133.000) 2026-06-24 21:00:32 Message from starter on slot1_1@glidein_2048177_19994292@qa-rtx6k-034.crc.nd.edu:
	PREPARE_JOB (prepare-hook) succeeded (reported status 000): Using Singularity image openfe_1.11.1.sif
...
001 (8180963.133.000) 2026-06-24 21:00:32 Job executing on host: <10.32.89.41:40869?CCBID=128.105.82.148:9618%3faddrs%3d128.105.82.148-9618+[2607-f388-2200-9d-7ccb-bc08-2489-7689]-9618%26alias%3dospool-ccb.osg.chtc.io%26noUDP%26sock%3dcollector10#4738197%2067.58.49.91:9618%3faddrs%3d67.58.49.91-9618+[fdf0-17b3-c3ec-1f79-10-0-d-2091]-9618%26alias%3dccb-2.ospool.osg-htc.org%26noUDP%26sock%3dcollector6#4735767&PrivNet=qa-rtx6k-034.crc.nd.edu&addrs=10.32.89.41-40869&alias=qa-rtx6k-034.crc.nd.edu&noUDP>
	SlotName: slot1_1@glidein_2048177_19994292@qa-rtx6k-034.crc.nd.edu
	AvailableGPUs = { GPUs_GPU_148964ca }
	CondorScratchDir = "/var/condor/execute/dir_2048175/glide_D23HKH/execute/dir_2306302/scratch"
	Cpus = 1
	Disk = 16777216
	GPUs = 1
	GPUs_GPU_148964ca = [ Id = "GPU-148964ca"; ClockMhz = 1620.0; Capability = 7.5; CoresPerCU = 64; DeviceName = "Quadro RTX 6000"; DeviceUuid = "148964ca-50c5-e5a5-b177-af2a65f2593f"; ECCEnabled = true; ComputeUnits = 72; NvidiaDriver = "595.71.05"; DriverVersion = 13.2; DevicePciBusId = "0000:86:00.0"; GlobalMemoryMb = 22684; MaxSupportedVersion = 13020 ]
	Memory = 16384
...
006 (8180963.133.000) 2026-06-24 21:05:42 Image size of job updated: 22789472
	7325  -  MemoryUsage of job (MB)
	7500000  -  ResidentSetSize of job (KB)
...
006 (8180963.133.000) 2026-06-24 21:10:42 Image size of job updated: 22946612
	7325  -  MemoryUsage of job (MB)
	7500000  -  ResidentSetSize of job (KB)
...
006 (8180963.133.000) 2026-06-24 21:15:43 Image size of job updated: 25654996
	7325  -  MemoryUsage of job (MB)
	7500000  -  ResidentSetSize of job (KB)
...
006 (8180963.133.000) 2026-06-24 21:20:44 Image size of job updated: 28337876
	7325  -  MemoryUsage of job (MB)
	7500000  -  ResidentSetSize of job (KB)
...
006 (8180963.133.000) 2026-06-24 21:25:44 Image size of job updated: 30149320
	7325  -  MemoryUsage of job (MB)
	7500000  -  ResidentSetSize of job (KB)
...
006 (8180963.133.000) 2026-06-24 21:45:46 Image size of job updated: 30760468
	7325  -  MemoryUsage of job (MB)
	7500000  -  ResidentSetSize of job (KB)
...
006 (8180963.133.000) 2026-06-24 22:25:28 Image size of job updated: 31594140
	7325  -  MemoryUsage of job (MB)
	7500000  -  ResidentSetSize of job (KB)
...
040 (8180963.133.000) 2026-06-24 22:25:29 Started transferring output files
...
040 (8180963.133.000) 2026-06-24 22:25:29 Finished transferring output files
...
004 (8180963.133.000) 2026-06-24 22:25:29 Job was evicted.
	(0) Job terminated and was requeued
		Usr 0 01:28:01, Sys 0 00:00:43  -  Run Remote Usage
		Usr 0 00:00:00, Sys 0 00:00:00  -  Run Local Usage
	98656  -  Run Bytes Sent By Job
	2784068613  -  Run Bytes Received By Job
	(1) Normal termination (return value 1)
	The job attribute OnExitRemove expression 'NumJobCompletions > JobMaxRetries || ExitCode =?= 0' evaluated to FALSE
...
040 (8180963.133.000) 2026-06-24 22:25:42 Started transferring input files
	Transferring to host: <10.226.104.214:45685?CCBID=128.105.82.148:9618%3faddrs%3d128.105.82.148-9618+[2607-f388-2200-9d-7ccb-bc08-2489-7689]-9618%26alias%3dospool-ccb.osg.chtc.io%26noUDP%26sock%3dcollector2#4777364%2067.58.49.91:9618%3faddrs%3d67.58.49.91-9618+[fdf0-17b3-c3ec-1f79-10-0-d-2091]-9618%26alias%3dccb-2.ospool.osg-htc.org%26noUDP%26sock%3dcollector4#4768318&PrivNet=gpu014.rci.montana.edu&addrs=10.226.104.214-45685&alias=gpu014.rci.montana.edu&noUDP>
...
040 (8180963.133.000) 2026-06-24 22:27:13 Finished transferring input files
...
021 (8180963.133.000) 2026-06-24 22:27:16 Message from starter on slot1_1@glidein_1215428_244934193@gpu014.rci.montana.edu:
	PREPARE_JOB (prepare-hook) succeeded (reported status 000): Using Singularity image openfe_1.11.1.sif
...
001 (8180963.133.000) 2026-06-24 22:27:16 Job executing on host: <10.226.104.214:46173?CCBID=128.105.82.148:9618%3faddrs%3d128.105.82.148-9618+[2607-f388-2200-9d-7ccb-bc08-2489-7689]-9618%26alias%3dospool-ccb.osg.chtc.io%26noUDP%26sock%3dcollector7#4710086%2067.58.49.91:9618%3faddrs%3d67.58.49.91-9618+[fdf0-17b3-c3ec-1f79-10-0-d-2091]-9618%26alias%3dccb-2.ospool.osg-htc.org%26noUDP%26sock%3dcollector3#4704466&PrivNet=gpu014.rci.montana.edu&addrs=10.226.104.214-46173&alias=gpu014.rci.montana.edu&noUDP>
	SlotName: slot1_1@glidein_1215428_244934193@gpu014.rci.montana.edu
	AvailableGPUs = { GPUs_GPU_fcc9153c }
	CondorScratchDir = "/tmp/jobs/4123049/glide_dFXC8j/execute/dir_3565234/scratch"
	Cpus = 1
	Disk = 16777216
	GPUs = 1
	GPUs_GPU_fcc9153c = [ Id = "GPU-fcc9153c"; ClockMhz = 1410.0; Capability = 8.0; CoresPerCU = 64; DeviceName = "NVIDIA A100-SXM4-40GB"; DeviceUuid = "fcc9153c-1c2b-425b-fbc1-5bce398e0c5a"; ECCEnabled = true; ComputeUnits = 108; NvidiaDriver = "595.71.05"; DriverVersion = 13.2; DevicePciBusId = "0000:41:00.0"; GlobalMemoryMb = 40441; MaxSupportedVersion = 13020 ]
	Memory = 16384
...
006 (8180963.133.000) 2026-06-24 22:32:27 Image size of job updated: 33967044
	7325  -  MemoryUsage of job (MB)
	7500000  -  ResidentSetSize of job (KB)
...
006 (8180963.133.000) 2026-06-24 22:37:28 Image size of job updated: 35860180
	7325  -  MemoryUsage of job (MB)
	7500000  -  ResidentSetSize of job (KB)
...
006 (8180963.133.000) 2026-06-24 22:42:28 Image size of job updated: 41364124
	7325  -  MemoryUsage of job (MB)
	7500000  -  ResidentSetSize of job (KB)
...
006 (8180963.133.000) 2026-06-24 22:47:29 Image size of job updated: 44371380
	7325  -  MemoryUsage of job (MB)
	7500000  -  ResidentSetSize of job (KB)
...
006 (8180963.133.000) 2026-06-24 23:02:31 Image size of job updated: 45021072
	7325  -  MemoryUsage of job (MB)
	7500000  -  ResidentSetSize of job (KB)
...
006 (8180963.133.000) 2026-06-24 23:22:15 Image size of job updated: 45648012
	7325  -  MemoryUsage of job (MB)
	7500000  -  ResidentSetSize of job (KB)
...
040 (8180963.133.000) 2026-06-24 23:22:15 Started transferring output files
...
040 (8180963.133.000) 2026-06-24 23:22:16 Finished transferring output files
...
004 (8180963.133.000) 2026-06-24 23:22:17 Job was evicted.
	(0) Job terminated and was requeued
		Usr 0 00:53:27, Sys 0 00:01:33  -  Run Remote Usage
		Usr 0 00:00:00, Sys 0 00:00:00  -  Run Local Usage
	98612  -  Run Bytes Sent By Job
	2784068613  -  Run Bytes Received By Job
	(1) Normal termination (return value 1)
	The job attribute OnExitRemove expression 'NumJobCompletions > JobMaxRetries || ExitCode =?= 0' evaluated to FALSE
...
040 (8180963.133.000) 2026-06-24 23:22:38 Started transferring input files
	Transferring to host: <128.104.100.52:9618?addrs=128.104.100.52-9618+[2607-f388-107c-501-7ec2-55ff-fe99-a48c]-9618&alias=jcaicedogpu0000.chtc.wisc.edu&noUDP&sock=backfill1_6_12267_f60c_19377>
...
040 (8180963.133.000) 2026-06-24 23:25:03 Finished transferring input files
...
001 (8180963.133.000) 2026-06-24 23:25:03 Job executing on host: <128.104.100.52:9618?addrs=128.104.100.52-9618+[2607-f388-107c-501-7ec2-55ff-fe99-a48c]-9618&alias=jcaicedogpu0000.chtc.wisc.edu&noUDP&sock=startd_10725_0952>
	SlotName: backfill1_6@jcaicedogpu0000.chtc.wisc.edu
	AvailableGPUs = { GPUs_GPU_29f7db6c }
	CondorScratchDir = "/var/lib/condor/execute/slot1/dir_4014672/scratch"
	Cpus = 1
	Disk = 16777216
	GPUs = 1
	GPUs_GPU_29f7db6c = [ Id = "GPU-29f7db6c"; Capability = 8.9; DeviceName = "NVIDIA L40"; DeviceUuid = "29f7db6c-70b1-c03e-ec02-15769179123a"; ECCEnabled = true; NvidiaDriver = "570.195.03"; DriverVersion = 12.8; DevicePciBusId = "0000:57:00.0"; GlobalMemoryMb = 45468; MaxSupportedVersion = 12080 ]
	IoHeavy = 0
	Memory = 16384
...
040 (8180963.133.000) 2026-06-25 00:13:30 Started transferring output files
...
040 (8180963.133.000) 2026-06-25 00:13:30 Finished transferring output files
...
004 (8180963.133.000) 2026-06-25 00:13:30 Job was evicted.
	(0) Job terminated and was requeued
		Usr 0 00:54:47, Sys 0 00:01:48  -  Run Remote Usage
		Usr 0 00:00:00, Sys 0 00:00:00  -  Run Local Usage
	105977  -  Run Bytes Sent By Job
	2719712261  -  Run Bytes Received By Job
	(1) Normal termination (return value 1)
	The job attribute OnExitRemove expression 'NumJobCompletions > JobMaxRetries || ExitCode =?= 0' evaluated to FALSE
...
040 (8180963.133.000) 2026-06-25 00:13:40 Started transferring input files
	Transferring to host: <128.105.68.65:9618?addrs=128.105.68.65-9618+[2607-f388-2200-100-ae1f-6bff-fea1-b242]-9618&alias=dmorgan2000.chtc.wisc.edu&noUDP&sock=backfill1_2_2608038_7480_85531>
...
040 (8180963.133.000) 2026-06-25 00:19:43 Finished transferring input files
...
001 (8180963.133.000) 2026-06-25 00:19:43 Job executing on host: <128.105.68.65:9618?addrs=128.105.68.65-9618+[2607-f388-2200-100-ae1f-6bff-fea1-b242]-9618&alias=dmorgan2000.chtc.wisc.edu&noUDP&sock=startd_9514_6421>
	SlotName: backfill1_2@dmorgan2000.chtc.wisc.edu
	AvailableGPUs = { GPUs_GPU_f8664066 }
	CondorScratchDir = "/var/lib/condor/execute/slot1/dir_506843/scratch"
	Cpus = 1
	Disk = 16777216
	GPUs = 1
	GPUs_GPU_f8664066 = [ Id = "GPU-f8664066"; Capability = 7.5; DeviceName = "NVIDIA GeForce RTX 2080 Ti"; DeviceUuid = "f8664066-95d1-e7cf-76cf-2a699078643c"; ECCEnabled = false; NvidiaDriver = "570.195.03"; DriverVersion = 12.8; DevicePciBusId = "0000:5E:00.0"; GlobalMemoryMb = 10823; MaxSupportedVersion = 12080 ]
	IoHeavy = 0
	Memory = 16384
...
040 (8180963.133.000) 2026-06-25 01:38:48 Started transferring output files
...
040 (8180963.133.000) 2026-06-25 01:38:48 Finished transferring output files
...
004 (8180963.133.000) 2026-06-25 01:38:49 Job was evicted.
	(0) Job terminated and was requeued
		Usr 0 01:48:44, Sys 0 00:02:21  -  Run Remote Usage
		Usr 0 00:00:00, Sys 0 00:00:00  -  Run Local Usage
	105957  -  Run Bytes Sent By Job
	2784068613  -  Run Bytes Received By Job
	(1) Normal termination (return value 1)
	The job attribute OnExitRemove expression 'NumJobCompletions > JobMaxRetries || ExitCode =?= 0' evaluated to FALSE
...
040 (8180963.133.000) 2026-06-25 01:39:29 Started transferring input files
	Transferring to host: <128.104.100.53:9618?addrs=128.104.100.53-9618+[2607-f388-107c-501-7ec2-55ff-fe99-a2b0]-9618&alias=jcaicedogpu0001.chtc.wisc.edu&noUDP&sock=backfill1_1_12775_e4a1_19821>
...
040 (8180963.133.000) 2026-06-25 01:41:21 Finished transferring input files
...
001 (8180963.133.000) 2026-06-25 01:41:21 Job executing on host: <128.104.100.53:9618?addrs=128.104.100.53-9618+[2607-f388-107c-501-7ec2-55ff-fe99-a2b0]-9618&alias=jcaicedogpu0001.chtc.wisc.edu&noUDP&sock=startd_11292_f384>
	SlotName: backfill1_1@jcaicedogpu0001.chtc.wisc.edu
	AvailableGPUs = { GPUs_GPU_dbe7385b }
	CondorScratchDir = "/var/lib/condor/execute/slot1/dir_3407330/scratch"
	Cpus = 1
	Disk = 16777216
	GPUs = 1
	GPUs_GPU_dbe7385b = [ Id = "GPU-dbe7385b"; Capability = 8.9; DeviceName = "NVIDIA L40"; DeviceUuid = "dbe7385b-7975-52cd-4145-ef37df536db0"; ECCEnabled = true; NvidiaDriver = "570.195.03"; DriverVersion = 12.8; DevicePciBusId = "0000:D5:00.0"; GlobalMemoryMb = 45468; MaxSupportedVersion = 12080 ]
	IoHeavy = 0
	Memory = 16384
...
040 (8180963.133.000) 2026-06-25 02:46:33 Started transferring output files
...
040 (8180963.133.000) 2026-06-25 02:46:33 Finished transferring output files
...
005 (8180963.133.000) 2026-06-25 02:46:33 Job terminated.
	(1) Normal termination (return value 1)
		Usr 0 01:15:40, Sys 0 00:02:17  -  Run Remote Usage
		Usr 0 00:00:00, Sys 0 00:00:00  -  Run Local Usage
		Usr 0 11:09:00, Sys 0 00:18:32  -  Total Remote Usage
		Usr 0 00:00:00, Sys 0 00:00:00  -  Total Local Usage
	105986  -  Run Bytes Sent By Job
	2784068613  -  Run Bytes Received By Job
	1150940  -  Total Bytes Sent By Job
	30005603383  -  Total Bytes Received By Job
	Partitionable Resources :      Usage  Request Allocated Assigned
	   Cpus                 :       1.00        1         1 
	   Disk (KB)            : 3139447    16777216  16777216 
	   GPUs                 :       0.08        1         1 "GPU-dbe7385b"
	   GpusMemory (MB)      :    8345                       
	   IoHeavy              :                             0 
	   Memory (MB)          :    7325       16384     16384 
	   TimeExecute (s)      :    3912                       
	   TimeSlotBusy (s)     :    4024                       
...
