000 (8180963.162.000) 2026-06-24 12:19:47 Job submitted from host: <128.105.68.112:9618?addrs=128.105.68.112-9618+[2607-f388-2200-100-eaeb-d3ff-fea3-4202]-9618&alias=ap2001.chtc.wisc.edu&noUDP&sock=schedd_4071840_2329>
...
040 (8180963.162.000) 2026-06-24 16:16:26 Started transferring input files
	Transferring to host: <128.104.100.17:9618?addrs=128.104.100.17-9618+[2607-f388-107c-501-527c-6fff-fe66-e9bc]-9618&alias=jcaicedogpu0002.chtc.wisc.edu&noUDP&sock=backfill1_2_2855957_d182_101660>
...
040 (8180963.162.000) 2026-06-24 16:16:39 Finished transferring input files
...
001 (8180963.162.000) 2026-06-24 16:16:39 Job executing on host: <128.104.100.17:9618?addrs=128.104.100.17-9618+[2607-f388-107c-501-527c-6fff-fe66-e9bc]-9618&alias=jcaicedogpu0002.chtc.wisc.edu&noUDP&sock=startd_11788_2a7e>
	SlotName: backfill1_2@jcaicedogpu0002.chtc.wisc.edu
	AvailableGPUs = { GPUs_GPU_4bcd09a1 }
	CondorScratchDir = "/var/lib/condor/execute/slot1/dir_2158062/scratch"
	Cpus = 1
	Disk = 16777216
	GPUs = 1
	GPUs_GPU_4bcd09a1 = [ Id = "GPU-4bcd09a1"; Capability = 8.9; DeviceName = "NVIDIA L40S"; DeviceUuid = "4bcd09a1-587a-5449-f708-040c59c93c87"; ECCEnabled = true; NvidiaDriver = "570.195.03"; DriverVersion = 12.8; DevicePciBusId = "0000:BD:00.0"; GlobalMemoryMb = 45468; MaxSupportedVersion = 12080 ]
	IoHeavy = 0
	Memory = 16384
...
006 (8180963.162.000) 2026-06-24 16:16:48 Image size of job updated: 409488
	400  -  MemoryUsage of job (MB)
	409488  -  ResidentSetSize of job (KB)
...
006 (8180963.162.000) 2026-06-24 16:17:19 Image size of job updated: 695172
	400  -  MemoryUsage of job (MB)
	409584  -  ResidentSetSize of job (KB)
...
040 (8180963.162.000) 2026-06-24 16:17:19 Started transferring output files
...
040 (8180963.162.000) 2026-06-24 16:17:19 Finished transferring output files
...
004 (8180963.162.000) 2026-06-24 16:17:20 Job was evicted.
	(0) Job terminated and was requeued
		Usr 0 00:00:36, Sys 0 00:00:02  -  Run Remote Usage
		Usr 0 00:00:00, Sys 0 00:00:00  -  Run Local Usage
	15798  -  Run Bytes Sent By Job
	2782488030  -  Run Bytes Received By Job
	(1) Normal termination (return value 1)
	The job attribute OnExitRemove expression 'NumJobCompletions > JobMaxRetries || ExitCode =?= 0' evaluated to FALSE
...
040 (8180963.162.000) 2026-06-24 16:17:46 Started transferring input files
	Transferring to host: <128.105.69.34:9618?addrs=128.105.69.34-9618+[2607-f388-2200-100-527c-6fff-fe66-ea4a]-9618&alias=mkhodakgpu4000.chtc.wisc.edu&noUDP&sock=backfill1_1_2685916_8d1f_104502>
...
040 (8180963.162.000) 2026-06-24 16:19:57 Finished transferring input files
...
001 (8180963.162.000) 2026-06-24 16:19:57 Job executing on host: <128.105.69.34:9618?addrs=128.105.69.34-9618+[2607-f388-2200-100-527c-6fff-fe66-ea4a]-9618&alias=mkhodakgpu4000.chtc.wisc.edu&noUDP&sock=startd_11796_a740>
	SlotName: backfill1_1@mkhodakgpu4000.chtc.wisc.edu
	AvailableGPUs = { GPUs_GPU_c7d03fd0 }
	CondorScratchDir = "/var/lib/condor/execute/slot1/dir_3934465/scratch"
	Cpus = 1
	Disk = 16777216
	GPUs = 1
	GPUs_GPU_c7d03fd0 = [ Id = "GPU-c7d03fd0"; Capability = 8.9; DeviceName = "NVIDIA L40S"; DeviceUuid = "c7d03fd0-754e-9df9-8e35-2c63a7b5df74"; ECCEnabled = true; NvidiaDriver = "570.195.03"; DriverVersion = 12.8; DevicePciBusId = "0000:E1:00.0"; GlobalMemoryMb = 45468; MaxSupportedVersion = 12080 ]
	IoHeavy = 0
	Memory = 16384
...
040 (8180963.162.000) 2026-06-24 16:20:35 Started transferring output files
...
040 (8180963.162.000) 2026-06-24 16:20:35 Finished transferring output files
...
004 (8180963.162.000) 2026-06-24 16:20:36 Job was evicted.
	(0) Job terminated and was requeued
		Usr 0 00:00:34, Sys 0 00:00:02  -  Run Remote Usage
		Usr 0 00:00:00, Sys 0 00:00:00  -  Run Local Usage
	15794  -  Run Bytes Sent By Job
	2782488030  -  Run Bytes Received By Job
	(1) Normal termination (return value 1)
	The job attribute OnExitRemove expression 'NumJobCompletions > JobMaxRetries || ExitCode =?= 0' evaluated to FALSE
...
040 (8180963.162.000) 2026-06-24 16:20:51 Started transferring input files
	Transferring to host: <128.104.100.17:9618?addrs=128.104.100.17-9618+[2607-f388-107c-501-527c-6fff-fe66-e9bc]-9618&alias=jcaicedogpu0002.chtc.wisc.edu&noUDP&sock=backfill1_4_2855957_d182_101678>
...
040 (8180963.162.000) 2026-06-24 16:21:05 Finished transferring input files
...
001 (8180963.162.000) 2026-06-24 16:21:05 Job executing on host: <128.104.100.17:9618?addrs=128.104.100.17-9618+[2607-f388-107c-501-527c-6fff-fe66-e9bc]-9618&alias=jcaicedogpu0002.chtc.wisc.edu&noUDP&sock=startd_11788_2a7e>
	SlotName: backfill1_4@jcaicedogpu0002.chtc.wisc.edu
	AvailableGPUs = { GPUs_GPU_8f76f793 }
	CondorScratchDir = "/var/lib/condor/execute/slot1/dir_2171599/scratch"
	Cpus = 1
	Disk = 16777216
	GPUs = 1
	GPUs_GPU_8f76f793 = [ Id = "GPU-8f76f793"; Capability = 8.9; DeviceName = "NVIDIA L40S"; DeviceUuid = "8f76f793-fe24-bbe0-a0d4-3da8c1a9cb72"; ECCEnabled = true; NvidiaDriver = "570.195.03"; DriverVersion = 12.8; DevicePciBusId = "0000:99:00.0"; GlobalMemoryMb = 45468; MaxSupportedVersion = 12080 ]
	IoHeavy = 0
	Memory = 16384
...
040 (8180963.162.000) 2026-06-24 16:21:46 Started transferring output files
...
040 (8180963.162.000) 2026-06-24 16:21:46 Finished transferring output files
...
004 (8180963.162.000) 2026-06-24 16:21:47 Job was evicted.
	(0) Job terminated and was requeued
		Usr 0 00:00:36, Sys 0 00:00:02  -  Run Remote Usage
		Usr 0 00:00:00, Sys 0 00:00:00  -  Run Local Usage
	15798  -  Run Bytes Sent By Job
	2782488030  -  Run Bytes Received By Job
	(1) Normal termination (return value 1)
	The job attribute OnExitRemove expression 'NumJobCompletions > JobMaxRetries || ExitCode =?= 0' evaluated to FALSE
...
040 (8180963.162.000) 2026-06-24 16:29:39 Started transferring input files
	Transferring to host: <10.244.214.53:44803?CCBID=128.105.82.148:9618%3faddrs%3d128.105.82.148-9618+[2607-f388-2200-9d-7ccb-bc08-2489-7689]-9618%26alias%3dospool-ccb.osg.chtc.io%26noUDP%26sock%3dcollector10#4718937%2067.58.49.91:9618%3faddrs%3d67.58.49.91-9618+[fdf0-17b3-c3ec-1f79-10-0-d-2091]-9618%26alias%3dccb-2.ospool.osg-htc.org%26noUDP%26sock%3dcollector10#4715310&PrivNet=GSU-Adonis-EP.osg-endpoint-74b7c7597f-7qdgv&addrs=10.244.214.53-44803&alias=GSU-Adonis-EP.osg-endpoint-74b7c7597f-7qdgv&noUDP&sock=slot1_1_4581_7a93_60>
...
040 (8180963.162.000) 2026-06-24 16:29:58 Finished transferring input files
...
021 (8180963.162.000) 2026-06-24 16:29:58 Message from starter on slot1_1@GSU-Adonis-EP.osg-endpoint-74b7c7597f-7qdgv:
	PREPARE_JOB (prepare-hook) succeeded (reported status 000): Using Singularity image openfe_1.11.1.sif
...
001 (8180963.162.000) 2026-06-24 16:29:58 Job executing on host: <10.244.214.53:44803?CCBID=128.105.82.148:9618%3faddrs%3d128.105.82.148-9618+[2607-f388-2200-9d-7ccb-bc08-2489-7689]-9618%26alias%3dospool-ccb.osg.chtc.io%26noUDP%26sock%3dcollector10#4718937%2067.58.49.91:9618%3faddrs%3d67.58.49.91-9618+[fdf0-17b3-c3ec-1f79-10-0-d-2091]-9618%26alias%3dccb-2.ospool.osg-htc.org%26noUDP%26sock%3dcollector10#4715310&PrivNet=GSU-Adonis-EP.osg-endpoint-74b7c7597f-7qdgv&addrs=10.244.214.53-44803&alias=GSU-Adonis-EP.osg-endpoint-74b7c7597f-7qdgv&noUDP&sock=startd_4574_f647>
	SlotName: slot1_1@GSU-Adonis-EP.osg-endpoint-74b7c7597f-7qdgv
	AvailableGPUs = { GPUs_GPU_14b707a2 }
	CondorScratchDir = "/pilot/osgvo-pilot-7Aecf9/execute/dir_61724"
	Cpus = 1
	Disk = 16778240
	GPUs = 1
	GPUs_GPU_14b707a2 = [ Id = "GPU-14b707a2"; Capability = 9.0; DeviceName = "NVIDIA H100 NVL"; DeviceUuid = "14b707a2-c314-b46c-e41c-7e5870f22df8"; ECCEnabled = true; NvidiaDriver = "550.90.07"; DriverVersion = 12.4; DevicePciBusId = "0000:3F:00.0"; GlobalMemoryMb = 95235; MaxSupportedVersion = 12040 ]
	Memory = 16384
...
006 (8180963.162.000) 2026-06-24 16:30:57 Image size of job updated: 4681432
	883  -  MemoryUsage of job (MB)
	904156  -  ResidentSetSize of job (KB)
...
040 (8180963.162.000) 2026-06-24 16:30:57 Started transferring output files
...
040 (8180963.162.000) 2026-06-24 16:30:57 Finished transferring output files
...
004 (8180963.162.000) 2026-06-24 16:30:57 Job was evicted.
	(0) Job terminated and was requeued
		Usr 0 00:00:48, Sys 0 00:00:02  -  Run Remote Usage
		Usr 0 00:00:00, Sys 0 00:00:00  -  Run Local Usage
	10295  -  Run Bytes Sent By Job
	2782488030  -  Run Bytes Received By Job
	(1) Normal termination (return value 1)
	The job attribute OnExitRemove expression 'NumJobCompletions > JobMaxRetries || ExitCode =?= 0' evaluated to FALSE
...
040 (8180963.162.000) 2026-06-24 16:31:30 Started transferring input files
	Transferring to host: <128.105.68.119:9618?addrs=128.105.68.119-9618+[2607-f388-2200-100-7ec2-55ff-fe99-a294]-9618&alias=dsigpu4000.chtc.wisc.edu&noUDP&sock=slot2_10_1393177_faa6_92722>
...
040 (8180963.162.000) 2026-06-24 16:31:45 Finished transferring input files
...
001 (8180963.162.000) 2026-06-24 16:31:45 Job executing on host: <128.105.68.119:9618?addrs=128.105.68.119-9618+[2607-f388-2200-100-7ec2-55ff-fe99-a294]-9618&alias=dsigpu4000.chtc.wisc.edu&noUDP&sock=startd_10704_a1d4>
	SlotName: slot2_10@dsigpu4000.chtc.wisc.edu
	AvailableGPUs = { GPUs_GPU_8ff6dbcb }
	CondorScratchDir = "/var/lib/condor/execute/slot2/dir_3455692/scratch"
	Cpus = 1
	Disk = 16777216
	GPUs = 1
	GPUs_GPU_8ff6dbcb = [ Id = "GPU-8ff6dbcb"; Capability = 8.9; DeviceName = "NVIDIA L40"; DeviceUuid = "8ff6dbcb-638b-9325-2379-b28f74577760"; ECCEnabled = true; NvidiaDriver = "570.195.03"; DriverVersion = 12.8; DevicePciBusId = "0000:D6:00.0"; GlobalMemoryMb = 45468; MaxSupportedVersion = 12080 ]
	IoHeavy = 0
	Memory = 16384
...
040 (8180963.162.000) 2026-06-24 16:32:37 Started transferring output files
...
040 (8180963.162.000) 2026-06-24 16:32:37 Finished transferring output files
...
004 (8180963.162.000) 2026-06-24 16:32:37 Job was evicted.
	(0) Job terminated and was requeued
		Usr 0 00:00:49, Sys 0 00:00:02  -  Run Remote Usage
		Usr 0 00:00:00, Sys 0 00:00:00  -  Run Local Usage
	15781  -  Run Bytes Sent By Job
	2782488030  -  Run Bytes Received By Job
	(1) Normal termination (return value 1)
	The job attribute OnExitRemove expression 'NumJobCompletions > JobMaxRetries || ExitCode =?= 0' evaluated to FALSE
...
040 (8180963.162.000) 2026-06-24 16:34:01 Started transferring input files
	Transferring to host: <128.104.100.52:9618?addrs=128.104.100.52-9618+[2607-f388-107c-501-7ec2-55ff-fe99-a48c]-9618&alias=jcaicedogpu0000.chtc.wisc.edu&noUDP&sock=backfill1_6_12267_f60c_18394>
...
040 (8180963.162.000) 2026-06-24 16:37:28 Finished transferring input files
...
001 (8180963.162.000) 2026-06-24 16:37:28 Job executing on host: <128.104.100.52:9618?addrs=128.104.100.52-9618+[2607-f388-107c-501-7ec2-55ff-fe99-a48c]-9618&alias=jcaicedogpu0000.chtc.wisc.edu&noUDP&sock=startd_10725_0952>
	SlotName: backfill1_6@jcaicedogpu0000.chtc.wisc.edu
	AvailableGPUs = { GPUs_GPU_29f7db6c }
	CondorScratchDir = "/var/lib/condor/execute/slot1/dir_2047478/scratch"
	Cpus = 1
	Disk = 16777216
	GPUs = 1
	GPUs_GPU_29f7db6c = [ Id = "GPU-29f7db6c"; Capability = 8.9; DeviceName = "NVIDIA L40"; DeviceUuid = "29f7db6c-70b1-c03e-ec02-15769179123a"; ECCEnabled = true; NvidiaDriver = "570.195.03"; DriverVersion = 12.8; DevicePciBusId = "0000:57:00.0"; GlobalMemoryMb = 45468; MaxSupportedVersion = 12080 ]
	IoHeavy = 0
	Memory = 16384
...
040 (8180963.162.000) 2026-06-24 16:38:19 Started transferring output files
...
040 (8180963.162.000) 2026-06-24 16:38:19 Finished transferring output files
...
004 (8180963.162.000) 2026-06-24 16:38:19 Job was evicted.
	(0) Job terminated and was requeued
		Usr 0 00:00:48, Sys 0 00:00:02  -  Run Remote Usage
		Usr 0 00:00:00, Sys 0 00:00:00  -  Run Local Usage
	15798  -  Run Bytes Sent By Job
	2782488030  -  Run Bytes Received By Job
	(1) Normal termination (return value 1)
	The job attribute OnExitRemove expression 'NumJobCompletions > JobMaxRetries || ExitCode =?= 0' evaluated to FALSE
...
040 (8180963.162.000) 2026-06-24 16:39:32 Started transferring input files
	Transferring to host: <128.104.100.52:9618?addrs=128.104.100.52-9618+[2607-f388-107c-501-7ec2-55ff-fe99-a48c]-9618&alias=jcaicedogpu0000.chtc.wisc.edu&noUDP&sock=backfill1_6_12267_f60c_18414>
...
040 (8180963.162.000) 2026-06-24 16:39:45 Finished transferring input files
...
001 (8180963.162.000) 2026-06-24 16:39:45 Job executing on host: <128.104.100.52:9618?addrs=128.104.100.52-9618+[2607-f388-107c-501-7ec2-55ff-fe99-a48c]-9618&alias=jcaicedogpu0000.chtc.wisc.edu&noUDP&sock=startd_10725_0952>
	SlotName: backfill1_6@jcaicedogpu0000.chtc.wisc.edu
	AvailableGPUs = { GPUs_GPU_29f7db6c }
	CondorScratchDir = "/var/lib/condor/execute/slot1/dir_2059575/scratch"
	Cpus = 1
	Disk = 16777216
	GPUs = 1
	GPUs_GPU_29f7db6c = [ Id = "GPU-29f7db6c"; Capability = 8.9; DeviceName = "NVIDIA L40"; DeviceUuid = "29f7db6c-70b1-c03e-ec02-15769179123a"; ECCEnabled = true; NvidiaDriver = "570.195.03"; DriverVersion = 12.8; DevicePciBusId = "0000:57:00.0"; GlobalMemoryMb = 45468; MaxSupportedVersion = 12080 ]
	IoHeavy = 0
	Memory = 16384
...
040 (8180963.162.000) 2026-06-24 16:40:36 Started transferring output files
...
040 (8180963.162.000) 2026-06-24 16:40:36 Finished transferring output files
...
004 (8180963.162.000) 2026-06-24 16:40:36 Job was evicted.
	(0) Job terminated and was requeued
		Usr 0 00:00:48, Sys 0 00:00:01  -  Run Remote Usage
		Usr 0 00:00:00, Sys 0 00:00:00  -  Run Local Usage
	15801  -  Run Bytes Sent By Job
	2782488030  -  Run Bytes Received By Job
	(1) Normal termination (return value 1)
	The job attribute OnExitRemove expression 'NumJobCompletions > JobMaxRetries || ExitCode =?= 0' evaluated to FALSE
...
040 (8180963.162.000) 2026-06-24 16:42:04 Started transferring input files
	Transferring to host: <128.105.68.87:9618?addrs=128.105.68.87-9618+[2607-f388-2200-100-7ec2-55ff-fe9a-b48e]-9618&alias=dsigpu4002.chtc.wisc.edu&noUDP&sock=slot2_5_3411988_f574_87450>
...
040 (8180963.162.000) 2026-06-24 16:44:27 Finished transferring input files
...
001 (8180963.162.000) 2026-06-24 16:44:27 Job executing on host: <128.105.68.87:9618?addrs=128.105.68.87-9618+[2607-f388-2200-100-7ec2-55ff-fe9a-b48e]-9618&alias=dsigpu4002.chtc.wisc.edu&noUDP&sock=startd_10795_0cf3>
	SlotName: slot2_5@dsigpu4002.chtc.wisc.edu
	AvailableGPUs = { GPUs_GPU_f49fbfb5 }
	CondorScratchDir = "/var/lib/condor/execute/slot2/dir_4043063/scratch"
	Cpus = 1
	Disk = 16777216
	GPUs = 1
	GPUs_GPU_f49fbfb5 = [ Id = "GPU-f49fbfb5"; Capability = 8.9; DeviceName = "NVIDIA L40"; DeviceUuid = "f49fbfb5-c2f9-9fc5-91d3-f549e268d1be"; ECCEnabled = true; NvidiaDriver = "570.195.03"; DriverVersion = 12.8; DevicePciBusId = "0000:57:00.0"; GlobalMemoryMb = 45468; MaxSupportedVersion = 12080 ]
	IoHeavy = 0
	Memory = 16384
...
040 (8180963.162.000) 2026-06-24 16:45:18 Started transferring output files
...
040 (8180963.162.000) 2026-06-24 16:45:18 Finished transferring output files
...
004 (8180963.162.000) 2026-06-24 16:45:18 Job was evicted.
	(0) Job terminated and was requeued
		Usr 0 00:00:47, Sys 0 00:00:02  -  Run Remote Usage
		Usr 0 00:00:00, Sys 0 00:00:00  -  Run Local Usage
	15781  -  Run Bytes Sent By Job
	2702845406  -  Run Bytes Received By Job
	(1) Normal termination (return value 1)
	The job attribute OnExitRemove expression 'NumJobCompletions > JobMaxRetries || ExitCode =?= 0' evaluated to FALSE
...
040 (8180963.162.000) 2026-06-24 16:45:48 Started transferring input files
	Transferring to host: <128.105.68.87:9618?addrs=128.105.68.87-9618+[2607-f388-2200-100-7ec2-55ff-fe9a-b48e]-9618&alias=dsigpu4002.chtc.wisc.edu&noUDP&sock=slot2_5_3411988_f574_87456>
...
040 (8180963.162.000) 2026-06-24 16:48:05 Finished transferring input files
...
001 (8180963.162.000) 2026-06-24 16:48:05 Job executing on host: <128.105.68.87:9618?addrs=128.105.68.87-9618+[2607-f388-2200-100-7ec2-55ff-fe9a-b48e]-9618&alias=dsigpu4002.chtc.wisc.edu&noUDP&sock=startd_10795_0cf3>
	SlotName: slot2_5@dsigpu4002.chtc.wisc.edu
	AvailableGPUs = { GPUs_GPU_f49fbfb5 }
	CondorScratchDir = "/var/lib/condor/execute/slot2/dir_4046339/scratch"
	Cpus = 1
	Disk = 16777216
	GPUs = 1
	GPUs_GPU_f49fbfb5 = [ Id = "GPU-f49fbfb5"; Capability = 8.9; DeviceName = "NVIDIA L40"; DeviceUuid = "f49fbfb5-c2f9-9fc5-91d3-f549e268d1be"; ECCEnabled = true; NvidiaDriver = "570.195.03"; DriverVersion = 12.8; DevicePciBusId = "0000:57:00.0"; GlobalMemoryMb = 45468; MaxSupportedVersion = 12080 ]
	IoHeavy = 0
	Memory = 16384
...
040 (8180963.162.000) 2026-06-24 16:48:55 Started transferring output files
...
040 (8180963.162.000) 2026-06-24 16:48:55 Finished transferring output files
...
004 (8180963.162.000) 2026-06-24 16:48:55 Job was evicted.
	(0) Job terminated and was requeued
		Usr 0 00:00:47, Sys 0 00:00:02  -  Run Remote Usage
		Usr 0 00:00:00, Sys 0 00:00:00  -  Run Local Usage
	15781  -  Run Bytes Sent By Job
	2782488030  -  Run Bytes Received By Job
	(1) Normal termination (return value 1)
	The job attribute OnExitRemove expression 'NumJobCompletions > JobMaxRetries || ExitCode =?= 0' evaluated to FALSE
...
040 (8180963.162.000) 2026-06-24 16:48:59 Started transferring input files
	Transferring to host: <128.104.100.52:9618?addrs=128.104.100.52-9618+[2607-f388-107c-501-7ec2-55ff-fe99-a48c]-9618&alias=jcaicedogpu0000.chtc.wisc.edu&noUDP&sock=backfill1_6_12267_f60c_18441>
...
040 (8180963.162.000) 2026-06-24 16:49:16 Finished transferring input files
...
001 (8180963.162.000) 2026-06-24 16:49:16 Job executing on host: <128.104.100.52:9618?addrs=128.104.100.52-9618+[2607-f388-107c-501-7ec2-55ff-fe99-a48c]-9618&alias=jcaicedogpu0000.chtc.wisc.edu&noUDP&sock=startd_10725_0952>
	SlotName: backfill1_6@jcaicedogpu0000.chtc.wisc.edu
	AvailableGPUs = { GPUs_GPU_29f7db6c }
	CondorScratchDir = "/var/lib/condor/execute/slot1/dir_2096601/scratch"
	Cpus = 1
	Disk = 16777216
	GPUs = 1
	GPUs_GPU_29f7db6c = [ Id = "GPU-29f7db6c"; Capability = 8.9; DeviceName = "NVIDIA L40"; DeviceUuid = "29f7db6c-70b1-c03e-ec02-15769179123a"; ECCEnabled = true; NvidiaDriver = "570.195.03"; DriverVersion = 12.8; DevicePciBusId = "0000:57:00.0"; GlobalMemoryMb = 45468; MaxSupportedVersion = 12080 ]
	IoHeavy = 0
	Memory = 16384
...
040 (8180963.162.000) 2026-06-24 16:50:05 Started transferring output files
...
040 (8180963.162.000) 2026-06-24 16:50:05 Finished transferring output files
...
004 (8180963.162.000) 2026-06-24 16:50:06 Job was evicted.
	(0) Job terminated and was requeued
		Usr 0 00:00:47, Sys 0 00:00:01  -  Run Remote Usage
		Usr 0 00:00:00, Sys 0 00:00:00  -  Run Local Usage
	15801  -  Run Bytes Sent By Job
	2782488030  -  Run Bytes Received By Job
	(1) Normal termination (return value 1)
	The job attribute OnExitRemove expression 'NumJobCompletions > JobMaxRetries || ExitCode =?= 0' evaluated to FALSE
...
040 (8180963.162.000) 2026-06-24 16:51:16 Started transferring input files
	Transferring to host: <10.130.203.229:38145?CCBID=128.105.82.148:9618%3faddrs%3d128.105.82.148-9618+[2607-f388-2200-9d-7ccb-bc08-2489-7689]-9618%26alias%3dospool-ccb.osg.chtc.io%26noUDP%26sock%3dcollector4#4738440%2067.58.49.91:9618%3faddrs%3d67.58.49.91-9618+[fdf0-17b3-c3ec-1f79-10-0-d-2091]-9618%26alias%3dccb-2.ospool.osg-htc.org%26noUDP%26sock%3dcollector2#4735237&PrivNet=spark-agpu225.chtc.wisc.edu&addrs=10.130.203.229-38145&alias=spark-agpu225.chtc.wisc.edu&noUDP>
...
040 (8180963.162.000) 2026-06-24 17:36:40 Finished transferring input files
...
021 (8180963.162.000) 2026-06-24 17:36:41 Message from starter on slot1_3@glidein_3876389_123664545@spark-agpu225.chtc.wisc.edu:
	PREPARE_JOB (prepare-hook) succeeded (reported status 000): Using Singularity image openfe_1.11.1.sif
...
001 (8180963.162.000) 2026-06-24 17:36:41 Job executing on host: <10.130.203.229:41993?CCBID=128.105.82.148:9618%3faddrs%3d128.105.82.148-9618+[2607-f388-2200-9d-7ccb-bc08-2489-7689]-9618%26alias%3dospool-ccb.osg.chtc.io%26noUDP%26sock%3dcollector3#4390796%2067.58.49.91:9618%3faddrs%3d67.58.49.91-9618+[fdf0-17b3-c3ec-1f79-10-0-d-2091]-9618%26alias%3dccb-2.ospool.osg-htc.org%26noUDP%26sock%3dcollector5#4383263&PrivNet=spark-agpu225.chtc.wisc.edu&addrs=10.130.203.229-41993&alias=spark-agpu225.chtc.wisc.edu&noUDP>
	SlotName: slot1_3@glidein_3876389_123664545@spark-agpu225.chtc.wisc.edu
	AvailableGPUs = { GPUs_GPU_e3b28da1 }
	CondorScratchDir = "/var/lib/condor/execute/osg01/glide_hCz6ZO/execute/dir_1838153/scratch"
	Cpus = 1
	Disk = 16777216
	GPUs = 1
	GPUs_GPU_e3b28da1 = [ Id = "GPU-e3b28da1"; ClockMhz = 1410.0; Capability = 8.0; CoresPerCU = 64; DeviceName = "NVIDIA A100-SXM4-80GB"; DeviceUuid = "e3b28da1-a21a-658a-2c5a-a8a0d0498f5f"; ECCEnabled = true; ComputeUnits = 108; NvidiaDriver = "560.35.03"; DriverVersion = 12.6; DevicePciBusId = "0000:81:00.0"; GlobalMemoryMb = 81156; MaxSupportedVersion = 12060 ]
	Memory = 16384
...
006 (8180963.162.000) 2026-06-24 17:36:50 Image size of job updated: 9721540
	977  -  MemoryUsage of job (MB)
	1000000  -  ResidentSetSize of job (KB)
...
006 (8180963.162.000) 2026-06-24 17:37:38 Image size of job updated: 10432080
	977  -  MemoryUsage of job (MB)
	1000000  -  ResidentSetSize of job (KB)
...
040 (8180963.162.000) 2026-06-24 17:37:38 Started transferring output files
...
040 (8180963.162.000) 2026-06-24 17:37:38 Finished transferring output files
...
005 (8180963.162.000) 2026-06-24 17:37:38 Job terminated.
	(1) Normal termination (return value 1)
		Usr 0 00:00:45, Sys 0 00:00:02  -  Run Remote Usage
		Usr 0 00:00:00, Sys 0 00:00:00  -  Run Local Usage
		Usr 0 00:08:05, Sys 0 00:00:20  -  Total Remote Usage
		Usr 0 00:00:00, Sys 0 00:00:00  -  Total Local Usage
	10300  -  Run Bytes Sent By Job
	2782488030  -  Run Bytes Received By Job
	162728  -  Total Bytes Sent By Job
	30527725706  -  Total Bytes Received By Job
	Partitionable Resources :      Usage  Request Allocated Assigned
	   Cpus                 :       0.01        1         1 
	   Disk (KB)            : 2719313    16777216  16777216 
	   GPUs                 :       0           1         1 "GPU-e3b28da1"
	   GpusMemory (MB)      :     769                       
	   Memory (MB)          :     977       16384     16384 
	   TimeExecute (s)      :      57                       
	   TimeSlotBusy (s)     :    2783                       
...
