=== openfe quickrun production ===
Host: gpu03
Transformation: rbfe_OADMET-0006380_complex_OADMET-0006211_complex.json
Start: Sat Jun 20 22:10:21 PDT 2026
NVIDIA A40, 46068 MiB, 595.71.05
NVIDIA A40, 46068 MiB, 595.71.05
NVIDIA A40, 46068 MiB, 595.71.05
NVIDIA A40, 46068 MiB, 595.71.05
openfe: openfe, version 1.11.1
Available platforms: ['Reference', 'CPU', 'CUDA', 'OpenCL']
CUDA platform confirmed available.
No quickrun_cache found - this is a FRESH run

Current directory: /srv/scratch/
Using existing working directory: quickrun_output/
Loading transformation from: rbfe_OADMET-0006380_complex_OADMET-0006211_complex.json
When simulation is complete, results will be written to: quickrun_output/result.json

If this simulation is interrupted or fails, you may attempt to resume execution using:
openfe quickrun rbfe_OADMET-0006380_complex_OADMET-0006211_complex.json -o quickrun_output/result.json -d quickrun_output --resume

openfe quickrun was run with --resume, but no cached results found at quickrun_output/quickrun_cache/dag-cache-7da66e8e330d218f934ebb4eca304113.json. Starting new execution.
Planning simulations for this edge...

Starting the simulations for this edge...

Please cite the following:

        Friedrichs MS, Eastman P, Vaidyanathan V, Houston M, LeGrand S, Beberg AL, Ensign DL, Bruns CM, and Pande VS. Accelerating molecular dynamic simulations on graphics processing unit. J. Comput. Chem. 30:864, 2009. DOI: 10.1002/jcc.21209
        Eastman P and Pande VS. OpenMM: A hardware-independent framework for molecular simulations. Comput. Sci. Eng. 12:34, 2010. DOI: 10.1109/MCSE.2010.27
        Eastman P and Pande VS. Efficient nonbonded interactions for molecular dynamics on a graphics processing unit. J. Comput. Chem. 31:1268, 2010. DOI: 10.1002/jcc.21413
        Eastman P and Pande VS. Constant constraint matrix approximation: A robust, parallelizable constraint method for molecular simulations. J. Chem. Theor. Comput. 6:434, 2010. DOI: 10.1021/ct900463w
        Chodera JD and Shirts MR. Replica exchange and expanded ensemble simulations as Gibbs multistate: Simple improvements for enhanced mixing. J. Chem. Phys., 135:194110, 2011. DOI:10.1063/1.3660669
        
Done with all simulations! Analyzing the results....
Here is the result:
	dG = 70.97082457158997 kilocalorie_per_mole ± 0.0 kilocalorie_per_mole


	Duration: 4:05:57.144802


=== Completed successfully ===
Wall-clock: 14761 seconds (4h 6m)
End: Sun Jun 21 02:16:22 PDT 2026
Cleaning up large checkpoint/trajectory files...
81M	quickrun_output/
6.3M	quickrun_output/
