000 (8017966.647.000) 2026-06-20 22:07:54 Job submitted from host: <128.105.68.112:9618?addrs=128.105.68.112-9618+[2607-f388-2200-100-eaeb-d3ff-fea3-4202]-9618&alias=ap2001.chtc.wisc.edu&noUDP&sock=schedd_4071840_2329>
...
040 (8017966.647.000) 2026-06-21 03:34:31 Started transferring input files
	Transferring to host: <172.17.0.4:35113?CCBID=128.105.82.148:9618%3faddrs%3d128.105.82.148-9618+[2607-f388-2200-9d-7ccb-bc08-2489-768a]-9618%26alias%3dospool-ccb.osg.chtc.io%26noUDP%26sock%3dcollector6#4098462%2067.58.49.91:9618%3faddrs%3d67.58.49.91-9618+[fdf0-17b3-c3ec-1f79-10-0-e-b69d]-9618%26alias%3dccb-2.ospool.osg-htc.org%26noUDP%26sock%3dcollector6#4092513&PrivNet=Colgate-CCARE-EP.3dd51df4d4e0&addrs=172.17.0.4-35113&alias=Colgate-CCARE-EP.3dd51df4d4e0&noUDP&sock=slot1_1_4286_9fe7_7025>
...
040 (8017966.647.000) 2026-06-21 03:35:01 Finished transferring input files
...
021 (8017966.647.000) 2026-06-21 03:35:01 Message from starter on slot1_1@Colgate-CCARE-EP.3dd51df4d4e0:
	PREPARE_JOB (prepare-hook) succeeded (reported status 000): Using Singularity image openfe_1.11.1.sif
...
001 (8017966.647.000) 2026-06-21 03:35:01 Job executing on host: <172.17.0.4:35113?CCBID=128.105.82.148:9618%3faddrs%3d128.105.82.148-9618+[2607-f388-2200-9d-7ccb-bc08-2489-768a]-9618%26alias%3dospool-ccb.osg.chtc.io%26noUDP%26sock%3dcollector6#4098462%2067.58.49.91:9618%3faddrs%3d67.58.49.91-9618+[fdf0-17b3-c3ec-1f79-10-0-e-b69d]-9618%26alias%3dccb-2.ospool.osg-htc.org%26noUDP%26sock%3dcollector6#4092513&PrivNet=Colgate-CCARE-EP.3dd51df4d4e0&addrs=172.17.0.4-35113&alias=Colgate-CCARE-EP.3dd51df4d4e0&noUDP&sock=startd_4279_9dd7>
	SlotName: slot1_1@Colgate-CCARE-EP.3dd51df4d4e0
	AvailableGPUs = { GPUs_GPU_9c6a1e3d }
	CondorScratchDir = "/pilot/osgvo-pilot-WPz1dj/execute/dir_3434389"
	Cpus = 1
	Disk = 16778446
	GPUs = 1
	GPUs_GPU_9c6a1e3d = [ Id = "GPU-9c6a1e3d"; Capability = 9.0; DeviceName = "NVIDIA H100 80GB HBM3"; DeviceUuid = "9c6a1e3d-5859-7b09-3f22-a52472f8acce"; ECCEnabled = true; NvidiaDriver = "560.35.03"; DriverVersion = 12.6; DevicePciBusId = "0000:4E:00.0"; GlobalMemoryMb = 81110; MaxSupportedVersion = 12060 ]
	Memory = 16384
...
006 (8017966.647.000) 2026-06-21 03:35:10 Image size of job updated: 4
	4  -  MemoryUsage of job (MB)
	4044  -  ResidentSetSize of job (KB)
...
006 (8017966.647.000) 2026-06-21 03:40:10 Image size of job updated: 40732896
	2485  -  MemoryUsage of job (MB)
	2543748  -  ResidentSetSize of job (KB)
...
006 (8017966.647.000) 2026-06-21 03:45:10 Image size of job updated: 40740248
	2488  -  MemoryUsage of job (MB)
	2547204  -  ResidentSetSize of job (KB)
...
006 (8017966.647.000) 2026-06-21 03:50:11 Image size of job updated: 40749816
	2493  -  MemoryUsage of job (MB)
	2552388  -  ResidentSetSize of job (KB)
...
006 (8017966.647.000) 2026-06-21 03:55:11 Image size of job updated: 40754236
	2499  -  MemoryUsage of job (MB)
	2558148  -  ResidentSetSize of job (KB)
...
006 (8017966.647.000) 2026-06-21 04:00:12 Image size of job updated: 40759984
	2505  -  MemoryUsage of job (MB)
	2564484  -  ResidentSetSize of job (KB)
...
006 (8017966.647.000) 2026-06-21 04:05:13 Image size of job updated: 40768532
	2512  -  MemoryUsage of job (MB)
	2571972  -  ResidentSetSize of job (KB)
...
006 (8017966.647.000) 2026-06-21 04:10:13 Image size of job updated: 40771392
	2512  -  MemoryUsage of job (MB)
	2571972  -  ResidentSetSize of job (KB)
...
006 (8017966.647.000) 2026-06-21 04:15:14 Image size of job updated: 40776944
	2512  -  MemoryUsage of job (MB)
	2572052  -  ResidentSetSize of job (KB)
...
040 (8017966.647.000) 2026-06-21 04:20:01 Started transferring output files
...
040 (8017966.647.000) 2026-06-21 04:20:02 Finished transferring output files
...
005 (8017966.647.000) 2026-06-21 04:20:02 Job terminated.
	(1) Normal termination (return value 0)
		Usr 0 00:44:48, Sys 0 00:10:50  -  Run Remote Usage
		Usr 0 00:00:00, Sys 0 00:00:00  -  Run Local Usage
		Usr 0 00:44:48, Sys 0 00:10:50  -  Total Remote Usage
		Usr 0 00:00:00, Sys 0 00:00:00  -  Total Local Usage
	1370080  -  Run Bytes Sent By Job
	2781878587  -  Run Bytes Received By Job
	1370080  -  Total Bytes Sent By Job
	2781878587  -  Total Bytes Received By Job
	Partitionable Resources :      Usage  Request Allocated Assigned
	   Cpus                 :       1.30        1         1 
	   Disk (KB)            : 2727703    16777216  16778446 
	   GPUs                 :       0.68        1         1 "GPU-9c6a1e3d"
	   GpusMemory (MB)      :    7945                       
	   Memory (MB)          :    2512       16384     16384 
	   TimeExecute (s)      :    2700                       
	   TimeSlotBusy (s)     :    2731                       
...
