000 (8017966.375.000) 2026-06-20 22:07:54 Job submitted from host: <128.105.68.112:9618?addrs=128.105.68.112-9618+[2607-f388-2200-100-eaeb-d3ff-fea3-4202]-9618&alias=ap2001.chtc.wisc.edu&noUDP&sock=schedd_4071840_2329>
...
040 (8017966.375.000) 2026-06-21 01:42:42 Started transferring input files
	Transferring to host: <172.17.0.4:35113?CCBID=128.105.82.148:9618%3faddrs%3d128.105.82.148-9618+[2607-f388-2200-9d-7ccb-bc08-2489-768a]-9618%26alias%3dospool-ccb.osg.chtc.io%26noUDP%26sock%3dcollector6#4098462%2067.58.49.91:9618%3faddrs%3d67.58.49.91-9618+[fdf0-17b3-c3ec-1f79-10-0-e-b69d]-9618%26alias%3dccb-2.ospool.osg-htc.org%26noUDP%26sock%3dcollector6#4092513&PrivNet=Colgate-CCARE-EP.3dd51df4d4e0&addrs=172.17.0.4-35113&alias=Colgate-CCARE-EP.3dd51df4d4e0&noUDP&sock=slot1_2_4286_9fe7_6601>
...
040 (8017966.375.000) 2026-06-21 01:44:01 Finished transferring input files
...
021 (8017966.375.000) 2026-06-21 01:44:01 Message from starter on slot1_2@Colgate-CCARE-EP.3dd51df4d4e0:
	PREPARE_JOB (prepare-hook) succeeded (reported status 000): Using Singularity image openfe_1.11.1.sif
...
001 (8017966.375.000) 2026-06-21 01:44:01 Job executing on host: <172.17.0.4:35113?CCBID=128.105.82.148:9618%3faddrs%3d128.105.82.148-9618+[2607-f388-2200-9d-7ccb-bc08-2489-768a]-9618%26alias%3dospool-ccb.osg.chtc.io%26noUDP%26sock%3dcollector6#4098462%2067.58.49.91:9618%3faddrs%3d67.58.49.91-9618+[fdf0-17b3-c3ec-1f79-10-0-e-b69d]-9618%26alias%3dccb-2.ospool.osg-htc.org%26noUDP%26sock%3dcollector6#4092513&PrivNet=Colgate-CCARE-EP.3dd51df4d4e0&addrs=172.17.0.4-35113&alias=Colgate-CCARE-EP.3dd51df4d4e0&noUDP&sock=startd_4279_9dd7>
	SlotName: slot1_2@Colgate-CCARE-EP.3dd51df4d4e0
	AvailableGPUs = { GPUs_GPU_b2a877d0 }
	CondorScratchDir = "/pilot/osgvo-pilot-WPz1dj/execute/dir_3381158"
	Cpus = 1
	Disk = 16778446
	GPUs = 1
	GPUs_GPU_b2a877d0 = [ Id = "GPU-b2a877d0"; Capability = 9.0; DeviceName = "NVIDIA H100 80GB HBM3"; DeviceUuid = "b2a877d0-0633-05f2-a421-de4c235fee9f"; ECCEnabled = true; NvidiaDriver = "560.35.03"; DriverVersion = 12.6; DevicePciBusId = "0000:5F:00.0"; GlobalMemoryMb = 81110; MaxSupportedVersion = 12060 ]
	Memory = 16384
...
006 (8017966.375.000) 2026-06-21 01:44:10 Image size of job updated: 2292388
	53  -  MemoryUsage of job (MB)
	54040  -  ResidentSetSize of job (KB)
...
006 (8017966.375.000) 2026-06-21 01:49:10 Image size of job updated: 36262724
	2474  -  MemoryUsage of job (MB)
	2532768  -  ResidentSetSize of job (KB)
...
006 (8017966.375.000) 2026-06-21 01:54:11 Image size of job updated: 36270040
	2474  -  MemoryUsage of job (MB)
	2532768  -  ResidentSetSize of job (KB)
...
006 (8017966.375.000) 2026-06-21 01:59:12 Image size of job updated: 36275244
	2474  -  MemoryUsage of job (MB)
	2532768  -  ResidentSetSize of job (KB)
...
006 (8017966.375.000) 2026-06-21 02:04:12 Image size of job updated: 36279644
	2474  -  MemoryUsage of job (MB)
	2532768  -  ResidentSetSize of job (KB)
...
006 (8017966.375.000) 2026-06-21 02:09:13 Image size of job updated: 36286032
	2480  -  MemoryUsage of job (MB)
	2539104  -  ResidentSetSize of job (KB)
...
006 (8017966.375.000) 2026-06-21 02:14:13 Image size of job updated: 36292952
	2487  -  MemoryUsage of job (MB)
	2545820  -  ResidentSetSize of job (KB)
...
006 (8017966.375.000) 2026-06-21 02:19:13 Image size of job updated: 36298076
	2492  -  MemoryUsage of job (MB)
	2551120  -  ResidentSetSize of job (KB)
...
006 (8017966.375.000) 2026-06-21 02:24:14 Image size of job updated: 36302588
	2496  -  MemoryUsage of job (MB)
	2555344  -  ResidentSetSize of job (KB)
...
040 (8017966.375.000) 2026-06-21 02:28:55 Started transferring output files
...
040 (8017966.375.000) 2026-06-21 02:28:55 Finished transferring output files
...
005 (8017966.375.000) 2026-06-21 02:28:55 Job terminated.
	(1) Normal termination (return value 0)
		Usr 0 00:44:55, Sys 0 00:09:43  -  Run Remote Usage
		Usr 0 00:00:00, Sys 0 00:00:00  -  Run Local Usage
		Usr 0 00:44:55, Sys 0 00:09:43  -  Total Remote Usage
		Usr 0 00:00:00, Sys 0 00:00:00  -  Total Local Usage
	1167386  -  Run Bytes Sent By Job
	2781815837  -  Run Bytes Received By Job
	1167386  -  Total Bytes Sent By Job
	2781815837  -  Total Bytes Received By Job
	Partitionable Resources :      Usage  Request Allocated Assigned
	   Cpus                 :       1.00        1         1 
	   Disk (KB)            : 2727336    16777216  16778446 
	   GPUs                 :       0.83        1         1 "GPU-b2a877d0"
	   GpusMemory (MB)      :    7945                       
	   Memory (MB)          :    2496       16384     16384 
	   TimeExecute (s)      :    2694                       
	   TimeSlotBusy (s)     :    2773                       
...
