000 (8018100.180.000) 2026-06-21 13:37:20 Job submitted from host: <128.105.68.112:9618?addrs=128.105.68.112-9618+[2607-f388-2200-100-eaeb-d3ff-fea3-4202]-9618&alias=ap2001.chtc.wisc.edu&noUDP&sock=schedd_4071840_2329>
...
040 (8018100.180.000) 2026-06-21 14:58:16 Started transferring input files
	Transferring to host: <128.105.68.166:9618?addrs=128.105.68.166-9618+[2607-f388-2200-100-b62e-99ff-feb7-2e2d]-9618&alias=gpulab2001.chtc.wisc.edu&noUDP&sock=slot2_5_11113_dd1d_53839>
...
040 (8018100.180.000) 2026-06-21 14:58:42 Finished transferring input files
...
001 (8018100.180.000) 2026-06-21 14:58:42 Job executing on host: <128.105.68.166:9618?addrs=128.105.68.166-9618+[2607-f388-2200-100-b62e-99ff-feb7-2e2d]-9618&alias=gpulab2001.chtc.wisc.edu&noUDP&sock=startd_10083_ad84>
	SlotName: slot2_5@gpulab2001.chtc.wisc.edu
	AvailableGPUs = { GPUs_GPU_de7b89bb }
	CondorScratchDir = "/var/lib/condor/execute/slot2/dir_1250612/scratch"
	Cpus = 1
	Disk = 16777216
	GPUs = 1
	GPUs_GPU_de7b89bb = [ Id = "GPU-de7b89bb"; Capability = 7.5; DeviceName = "NVIDIA GeForce RTX 2080 Ti"; DeviceUuid = "de7b89bb-11e2-d8b1-1b92-c9ab2f9f87e3"; ECCEnabled = false; NvidiaDriver = "570.195.03"; DriverVersion = 12.8; DevicePciBusId = "0000:DA:00.0"; GlobalMemoryMb = 10823; MaxSupportedVersion = 12080 ]
	IoHeavy = 0
	Memory = 16384
...
006 (8018100.180.000) 2026-06-21 14:58:46 Image size of job updated: 84
	0  -  MemoryUsage of job (MB)
	0  -  ResidentSetSize of job (KB)
...
040 (8018100.180.000) 2026-06-21 14:58:46 Started transferring output files
...
040 (8018100.180.000) 2026-06-21 14:58:46 Finished transferring output files
...
004 (8018100.180.000) 2026-06-21 14:58:47 Job was evicted.
	(0) Job terminated and was requeued
		Usr 0 00:00:03, Sys 0 00:00:00  -  Run Remote Usage
		Usr 0 00:00:00, Sys 0 00:00:00  -  Run Local Usage
	447  -  Run Bytes Sent By Job
	2783955067  -  Run Bytes Received By Job
	(1) Normal termination (return value 2)
	The job attribute OnExitRemove expression 'NumJobCompletions > JobMaxRetries || ExitCode =?= 0' evaluated to FALSE
...
040 (8018100.180.000) 2026-06-21 15:00:39 Started transferring input files
	Transferring to host: <128.104.103.104:9618?addrs=128.104.103.104-9618+[2607-f388-107c-501-ae1f-6bff-fe40-ce2e]-9618&alias=gitter0000.chtc.wisc.edu&noUDP&sock=slot2_3_8979_4486_8681>
...
040 (8018100.180.000) 2026-06-21 15:01:17 Finished transferring input files
...
001 (8018100.180.000) 2026-06-21 15:01:17 Job executing on host: <128.104.103.104:9618?addrs=128.104.103.104-9618+[2607-f388-107c-501-ae1f-6bff-fe40-ce2e]-9618&alias=gitter0000.chtc.wisc.edu&noUDP&sock=startd_8665_0c39>
	SlotName: slot2_3@gitter0000.chtc.wisc.edu
	AvailableGPUs = { GPUs_GPU_ef72567f }
	CondorScratchDir = "/var/lib/condor/execute/slot2/dir_3917670/scratch"
	Cpus = 1
	Disk = 16777216
	GPUs = 1
	GPUs_GPU_ef72567f = [ Id = "GPU-ef72567f"; Capability = 6.1; DeviceName = "NVIDIA GeForce GTX 1080 Ti"; DeviceUuid = "ef72567f-a470-7f68-32a7-eb3e859e8d5a"; ECCEnabled = false; NvidiaDriver = "570.195.03"; DriverVersion = 12.8; DevicePciBusId = "0000:86:00.0"; GlobalMemoryMb = 11165; MaxSupportedVersion = 12080 ]
	IoHeavy = 0
	Memory = 16384
...
006 (8018100.180.000) 2026-06-21 15:01:21 Image size of job updated: 192
	0  -  MemoryUsage of job (MB)
	0  -  ResidentSetSize of job (KB)
...
040 (8018100.180.000) 2026-06-21 15:01:21 Started transferring output files
...
040 (8018100.180.000) 2026-06-21 15:01:21 Finished transferring output files
...
004 (8018100.180.000) 2026-06-21 15:01:22 Job was evicted.
	(0) Job terminated and was requeued
		Usr 0 00:00:03, Sys 0 00:00:00  -  Run Remote Usage
		Usr 0 00:00:00, Sys 0 00:00:00  -  Run Local Usage
	447  -  Run Bytes Sent By Job
	2783955067  -  Run Bytes Received By Job
	(1) Normal termination (return value 2)
	The job attribute OnExitRemove expression 'NumJobCompletions > JobMaxRetries || ExitCode =?= 0' evaluated to FALSE
...
040 (8018100.180.000) 2026-06-21 15:03:12 Started transferring input files
	Transferring to host: <128.104.100.117:9618?addrs=128.104.100.117-9618+[2607-f388-107c-501-8ae9-a4ff-fe02-e150]-9618&alias=jcaicedogpu0003.chtc.wisc.edu&noUDP&sock=backfill1_3_1586877_26eb_101034>
...
040 (8018100.180.000) 2026-06-21 15:03:23 Finished transferring input files
...
001 (8018100.180.000) 2026-06-21 15:03:23 Job executing on host: <128.104.100.117:9618?addrs=128.104.100.117-9618+[2607-f388-107c-501-8ae9-a4ff-fe02-e150]-9618&alias=jcaicedogpu0003.chtc.wisc.edu&noUDP&sock=startd_10874_3cee>
	SlotName: backfill1_3@jcaicedogpu0003.chtc.wisc.edu
	AvailableGPUs = { GPUs_GPU_b09fa1d1 }
	CondorScratchDir = "/var/lib/condor/execute/slot1/dir_3112051/scratch"
	Cpus = 1
	Disk = 16777216
	GPUs = 1
	GPUs_GPU_b09fa1d1 = [ Id = "GPU-b09fa1d1"; Capability = 8.9; DeviceName = "NVIDIA L40S"; DeviceUuid = "b09fa1d1-39bb-4cce-22c0-f7add6d83f34"; ECCEnabled = true; NvidiaDriver = "570.195.03"; DriverVersion = 12.8; DevicePciBusId = "0000:81:00.0"; GlobalMemoryMb = 45468; MaxSupportedVersion = 12080 ]
	IoHeavy = 0
	Memory = 16384
...
040 (8018100.180.000) 2026-06-21 15:03:25 Started transferring output files
...
040 (8018100.180.000) 2026-06-21 15:03:25 Finished transferring output files
...
004 (8018100.180.000) 2026-06-21 15:03:26 Job was evicted.
	(0) Job terminated and was requeued
		Usr 0 00:00:01, Sys 0 00:00:00  -  Run Remote Usage
		Usr 0 00:00:00, Sys 0 00:00:00  -  Run Local Usage
	452  -  Run Bytes Sent By Job
	2783955067  -  Run Bytes Received By Job
	(1) Normal termination (return value 2)
	The job attribute OnExitRemove expression 'NumJobCompletions > JobMaxRetries || ExitCode =?= 0' evaluated to FALSE
...
040 (8018100.180.000) 2026-06-21 15:05:43 Started transferring input files
	Transferring to host: <128.104.100.118:9618?addrs=128.104.100.118-9618+[2607-f388-107c-501-26d-aeff-fe1f-6b20]-9618&alias=jcaicedogpu0004.chtc.wisc.edu&noUDP&sock=backfill1_4_4107613_b354_101052>
...
040 (8018100.180.000) 2026-06-21 15:05:54 Finished transferring input files
...
001 (8018100.180.000) 2026-06-21 15:05:54 Job executing on host: <128.104.100.118:9618?addrs=128.104.100.118-9618+[2607-f388-107c-501-26d-aeff-fe1f-6b20]-9618&alias=jcaicedogpu0004.chtc.wisc.edu&noUDP&sock=startd_10858_436a>
	SlotName: backfill1_4@jcaicedogpu0004.chtc.wisc.edu
	AvailableGPUs = { GPUs_GPU_24c36952 }
	CondorScratchDir = "/var/lib/condor/execute/slot1/dir_1119852/scratch"
	Cpus = 1
	Disk = 16777216
	GPUs = 1
	GPUs_GPU_24c36952 = [ Id = "GPU-24c36952"; Capability = 8.9; DeviceName = "NVIDIA L40S"; DeviceUuid = "24c36952-d8e0-2591-de95-0b1c1e26b79b"; ECCEnabled = true; NvidiaDriver = "570.195.03"; DriverVersion = 12.8; DevicePciBusId = "0000:41:00.0"; GlobalMemoryMb = 45468; MaxSupportedVersion = 12080 ]
	IoHeavy = 0
	Memory = 16384
...
040 (8018100.180.000) 2026-06-21 15:05:57 Started transferring output files
...
040 (8018100.180.000) 2026-06-21 15:05:57 Finished transferring output files
...
004 (8018100.180.000) 2026-06-21 15:05:57 Job was evicted.
	(0) Job terminated and was requeued
		Usr 0 00:00:01, Sys 0 00:00:00  -  Run Remote Usage
		Usr 0 00:00:00, Sys 0 00:00:00  -  Run Local Usage
	452  -  Run Bytes Sent By Job
	2783955067  -  Run Bytes Received By Job
	(1) Normal termination (return value 2)
	The job attribute OnExitRemove expression 'NumJobCompletions > JobMaxRetries || ExitCode =?= 0' evaluated to FALSE
...
040 (8018100.180.000) 2026-06-21 15:10:17 Started transferring input files
	Transferring to host: <128.105.68.168:9618?addrs=128.105.68.168-9618+[2607-f388-2200-100-b62e-99ff-feb7-2dcb]-9618&alias=gpulab2003.chtc.wisc.edu&noUDP&sock=slot2_4_11172_6f3f_7802>
...
040 (8018100.180.000) 2026-06-21 15:10:32 Finished transferring input files
...
001 (8018100.180.000) 2026-06-21 15:10:32 Job executing on host: <128.105.68.168:9618?addrs=128.105.68.168-9618+[2607-f388-2200-100-b62e-99ff-feb7-2dcb]-9618&alias=gpulab2003.chtc.wisc.edu&noUDP&sock=startd_10155_1056>
	SlotName: slot2_4@gpulab2003.chtc.wisc.edu
	AvailableGPUs = { GPUs_GPU_61902b82 }
	CondorScratchDir = "/var/lib/condor/execute/slot2/dir_1358571/scratch"
	Cpus = 1
	Disk = 16777216
	GPUs = 1
	GPUs_GPU_61902b82 = [ Id = "GPU-61902b82"; Capability = 7.5; DeviceName = "NVIDIA GeForce RTX 2080 Ti"; DeviceUuid = "61902b82-cedb-e4be-d010-bca8829ec79b"; ECCEnabled = false; NvidiaDriver = "570.195.03"; DriverVersion = 12.8; DevicePciBusId = "0000:B2:00.0"; GlobalMemoryMb = 10823; MaxSupportedVersion = 12080 ]
	IoHeavy = 0
	Memory = 16384
...
006 (8018100.180.000) 2026-06-21 15:10:36 Image size of job updated: 12768
	13  -  MemoryUsage of job (MB)
	12304  -  ResidentSetSize of job (KB)
...
040 (8018100.180.000) 2026-06-21 15:10:36 Started transferring output files
...
040 (8018100.180.000) 2026-06-21 15:10:36 Finished transferring output files
...
004 (8018100.180.000) 2026-06-21 15:10:36 Job was evicted.
	(0) Job terminated and was requeued
		Usr 0 00:00:03, Sys 0 00:00:00  -  Run Remote Usage
		Usr 0 00:00:00, Sys 0 00:00:00  -  Run Local Usage
	437  -  Run Bytes Sent By Job
	2783955067  -  Run Bytes Received By Job
	(1) Normal termination (return value 2)
	The job attribute OnExitRemove expression 'NumJobCompletions > JobMaxRetries || ExitCode =?= 0' evaluated to FALSE
...
040 (8018100.180.000) 2026-06-21 15:15:15 Started transferring input files
	Transferring to host: <128.104.100.52:9618?addrs=128.104.100.52-9618+[2607-f388-107c-501-7ec2-55ff-fe99-a48c]-9618&alias=jcaicedogpu0000.chtc.wisc.edu&noUDP&sock=backfill1_3_12267_f60c_9542>
...
040 (8018100.180.000) 2026-06-21 15:15:25 Finished transferring input files
...
001 (8018100.180.000) 2026-06-21 15:15:25 Job executing on host: <128.104.100.52:9618?addrs=128.104.100.52-9618+[2607-f388-107c-501-7ec2-55ff-fe99-a48c]-9618&alias=jcaicedogpu0000.chtc.wisc.edu&noUDP&sock=startd_10725_0952>
	SlotName: backfill1_3@jcaicedogpu0000.chtc.wisc.edu
	AvailableGPUs = { GPUs_GPU_ecd073d0 }
	CondorScratchDir = "/var/lib/condor/execute/slot1/dir_3481996/scratch"
	Cpus = 1
	Disk = 16777216
	GPUs = 1
	GPUs_GPU_ecd073d0 = [ Id = "GPU-ecd073d0"; Capability = 8.9; DeviceName = "NVIDIA L40"; DeviceUuid = "ecd073d0-2efd-ed82-9e85-e5b0a45b9254"; ECCEnabled = true; NvidiaDriver = "570.195.03"; DriverVersion = 12.8; DevicePciBusId = "0000:D2:00.0"; GlobalMemoryMb = 45468; MaxSupportedVersion = 12080 ]
	IoHeavy = 0
	Memory = 16384
...
040 (8018100.180.000) 2026-06-21 15:15:28 Started transferring output files
...
040 (8018100.180.000) 2026-06-21 15:15:28 Finished transferring output files
...
004 (8018100.180.000) 2026-06-21 15:15:29 Job was evicted.
	(0) Job terminated and was requeued
		Usr 0 00:00:02, Sys 0 00:00:00  -  Run Remote Usage
		Usr 0 00:00:00, Sys 0 00:00:00  -  Run Local Usage
	452  -  Run Bytes Sent By Job
	2783955067  -  Run Bytes Received By Job
	(1) Normal termination (return value 2)
	The job attribute OnExitRemove expression 'NumJobCompletions > JobMaxRetries || ExitCode =?= 0' evaluated to FALSE
...
040 (8018100.180.000) 2026-06-21 15:16:49 Started transferring input files
	Transferring to host: <128.104.103.104:9618?addrs=128.104.103.104-9618+[2607-f388-107c-501-ae1f-6bff-fe40-ce2e]-9618&alias=gitter0000.chtc.wisc.edu&noUDP&sock=backfill1_4_8979_4486_8750>
...
040 (8018100.180.000) 2026-06-21 15:17:51 Finished transferring input files
...
022 (8018100.180.000) 2026-06-21 15:17:51 Job disconnected, attempting to reconnect
    Socket between submit and execute hosts closed unexpectedly
    Trying to reconnect to backfill1_4@gitter0000.chtc.wisc.edu <128.104.103.104:9618?addrs=128.104.103.104-9618+[2607-f388-107c-501-ae1f-6bff-fe40-ce2e]-9618&alias=gitter0000.chtc.wisc.edu&noUDP&sock=startd_8665_0c39>
...
024 (8018100.180.000) 2026-06-21 15:18:00 Job reconnection failed
    Job not found at execution machine
    Can not reconnect to backfill1_4@gitter0000.chtc.wisc.edu, rescheduling job
...
004 (8018100.180.000) 2026-06-21 15:18:00 Job was evicted. Code 1008 Subcode 0
	(0) CPU times
		Usr 0 00:00:00, Sys 0 00:00:00  -  Run Remote Usage
		Usr 0 00:00:00, Sys 0 00:00:00  -  Run Local Usage
	0  -  Run Bytes Sent By Job
	0  -  Run Bytes Received By Job
	Reason: Job not found at execution machine
	Partitionable Resources :      Usage  Request Allocated Assigned
	   Cpus                 :       0.64        1         1 
	   Disk (KB)            : 2639800    16777216  16777216 
	   GPUs                 :       0           1         1 "GPU-272cc33a"
	   IoHeavy              :                             0 
	   Memory (MB)          :      13       16384     16384 
	   TimeExecute (s)      :       3                       
	   TimeSlotBusy (s)     :      14                       
...
040 (8018100.180.000) 2026-06-21 15:18:16 Started transferring input files
	Transferring to host: <128.105.68.116:9618?addrs=128.105.68.116-9618+[2607-f388-2200-100-7ec2-55ff-fe99-a36a]-9618&alias=gpu4001.chtc.wisc.edu&noUDP&sock=slot2_6_10972_8437_5543>
...
040 (8018100.180.000) 2026-06-21 15:18:33 Finished transferring input files
...
001 (8018100.180.000) 2026-06-21 15:18:33 Job executing on host: <128.105.68.116:9618?addrs=128.105.68.116-9618+[2607-f388-2200-100-7ec2-55ff-fe99-a36a]-9618&alias=gpu4001.chtc.wisc.edu&noUDP&sock=startd_10701_930c>
	SlotName: slot2_6@gpu4001.chtc.wisc.edu
	AvailableGPUs = { GPUs_GPU_064f7d80 }
	CondorScratchDir = "/var/lib/condor/execute/slot2/dir_2351596/scratch"
	Cpus = 1
	Disk = 16777216
	GPUs = 1
	GPUs_GPU_064f7d80 = [ Id = "GPU-064f7d80"; Capability = 8.9; DeviceName = "NVIDIA L40"; DeviceUuid = "064f7d80-ff2f-3731-19a3-099726ccc13c"; ECCEnabled = true; NvidiaDriver = "570.195.03"; DriverVersion = 12.8; DevicePciBusId = "0000:D2:00.0"; GlobalMemoryMb = 45468; MaxSupportedVersion = 12080 ]
	IoHeavy = 0
	Memory = 16384
...
040 (8018100.180.000) 2026-06-21 15:18:36 Started transferring output files
...
040 (8018100.180.000) 2026-06-21 15:18:36 Finished transferring output files
...
004 (8018100.180.000) 2026-06-21 15:18:36 Job was evicted.
	(0) Job terminated and was requeued
		Usr 0 00:00:02, Sys 0 00:00:00  -  Run Remote Usage
		Usr 0 00:00:00, Sys 0 00:00:00  -  Run Local Usage
	444  -  Run Bytes Sent By Job
	2783955067  -  Run Bytes Received By Job
	(1) Normal termination (return value 2)
	The job attribute OnExitRemove expression 'NumJobCompletions > JobMaxRetries || ExitCode =?= 0' evaluated to FALSE
...
040 (8018100.180.000) 2026-06-21 15:18:43 Started transferring input files
	Transferring to host: <128.105.68.116:9618?addrs=128.105.68.116-9618+[2607-f388-2200-100-7ec2-55ff-fe99-a36a]-9618&alias=gpu4001.chtc.wisc.edu&noUDP&sock=slot2_6_10972_8437_5544>
...
040 (8018100.180.000) 2026-06-21 15:18:59 Finished transferring input files
...
001 (8018100.180.000) 2026-06-21 15:18:59 Job executing on host: <128.105.68.116:9618?addrs=128.105.68.116-9618+[2607-f388-2200-100-7ec2-55ff-fe99-a36a]-9618&alias=gpu4001.chtc.wisc.edu&noUDP&sock=startd_10701_930c>
	SlotName: slot2_6@gpu4001.chtc.wisc.edu
	AvailableGPUs = { GPUs_GPU_064f7d80 }
	CondorScratchDir = "/var/lib/condor/execute/slot2/dir_2351859/scratch"
	Cpus = 1
	Disk = 16777216
	GPUs = 1
	GPUs_GPU_064f7d80 = [ Id = "GPU-064f7d80"; Capability = 8.9; DeviceName = "NVIDIA L40"; DeviceUuid = "064f7d80-ff2f-3731-19a3-099726ccc13c"; ECCEnabled = true; NvidiaDriver = "570.195.03"; DriverVersion = 12.8; DevicePciBusId = "0000:D2:00.0"; GlobalMemoryMb = 45468; MaxSupportedVersion = 12080 ]
	IoHeavy = 0
	Memory = 16384
...
040 (8018100.180.000) 2026-06-21 15:19:02 Started transferring output files
...
040 (8018100.180.000) 2026-06-21 15:19:02 Finished transferring output files
...
004 (8018100.180.000) 2026-06-21 15:19:03 Job was evicted.
	(0) Job terminated and was requeued
		Usr 0 00:00:02, Sys 0 00:00:00  -  Run Remote Usage
		Usr 0 00:00:00, Sys 0 00:00:00  -  Run Local Usage
	444  -  Run Bytes Sent By Job
	2783955067  -  Run Bytes Received By Job
	(1) Normal termination (return value 2)
	The job attribute OnExitRemove expression 'NumJobCompletions > JobMaxRetries || ExitCode =?= 0' evaluated to FALSE
...
040 (8018100.180.000) 2026-06-21 15:19:10 Started transferring input files
	Transferring to host: <128.105.68.116:9618?addrs=128.105.68.116-9618+[2607-f388-2200-100-7ec2-55ff-fe99-a36a]-9618&alias=gpu4001.chtc.wisc.edu&noUDP&sock=slot2_6_10972_8437_5545>
...
040 (8018100.180.000) 2026-06-21 15:19:19 Finished transferring input files
...
001 (8018100.180.000) 2026-06-21 15:19:19 Job executing on host: <128.105.68.116:9618?addrs=128.105.68.116-9618+[2607-f388-2200-100-7ec2-55ff-fe99-a36a]-9618&alias=gpu4001.chtc.wisc.edu&noUDP&sock=startd_10701_930c>
	SlotName: slot2_6@gpu4001.chtc.wisc.edu
	AvailableGPUs = { GPUs_GPU_064f7d80 }
	CondorScratchDir = "/var/lib/condor/execute/slot2/dir_2352113/scratch"
	Cpus = 1
	Disk = 16777216
	GPUs = 1
	GPUs_GPU_064f7d80 = [ Id = "GPU-064f7d80"; Capability = 8.9; DeviceName = "NVIDIA L40"; DeviceUuid = "064f7d80-ff2f-3731-19a3-099726ccc13c"; ECCEnabled = true; NvidiaDriver = "570.195.03"; DriverVersion = 12.8; DevicePciBusId = "0000:D2:00.0"; GlobalMemoryMb = 45468; MaxSupportedVersion = 12080 ]
	IoHeavy = 0
	Memory = 16384
...
040 (8018100.180.000) 2026-06-21 15:19:22 Started transferring output files
...
040 (8018100.180.000) 2026-06-21 15:19:22 Finished transferring output files
...
004 (8018100.180.000) 2026-06-21 15:19:22 Job was evicted.
	(0) Job terminated and was requeued
		Usr 0 00:00:02, Sys 0 00:00:00  -  Run Remote Usage
		Usr 0 00:00:00, Sys 0 00:00:00  -  Run Local Usage
	444  -  Run Bytes Sent By Job
	2783955067  -  Run Bytes Received By Job
	(1) Normal termination (return value 2)
	The job attribute OnExitRemove expression 'NumJobCompletions > JobMaxRetries || ExitCode =?= 0' evaluated to FALSE
...
040 (8018100.180.000) 2026-06-21 15:19:25 Started transferring input files
	Transferring to host: <128.105.68.116:9618?addrs=128.105.68.116-9618+[2607-f388-2200-100-7ec2-55ff-fe99-a36a]-9618&alias=gpu4001.chtc.wisc.edu&noUDP&sock=slot2_6_10972_8437_5546>
...
040 (8018100.180.000) 2026-06-21 15:19:35 Finished transferring input files
...
001 (8018100.180.000) 2026-06-21 15:19:35 Job executing on host: <128.105.68.116:9618?addrs=128.105.68.116-9618+[2607-f388-2200-100-7ec2-55ff-fe99-a36a]-9618&alias=gpu4001.chtc.wisc.edu&noUDP&sock=startd_10701_930c>
	SlotName: slot2_6@gpu4001.chtc.wisc.edu
	AvailableGPUs = { GPUs_GPU_064f7d80 }
	CondorScratchDir = "/var/lib/condor/execute/slot2/dir_2352376/scratch"
	Cpus = 1
	Disk = 16777216
	GPUs = 1
	GPUs_GPU_064f7d80 = [ Id = "GPU-064f7d80"; Capability = 8.9; DeviceName = "NVIDIA L40"; DeviceUuid = "064f7d80-ff2f-3731-19a3-099726ccc13c"; ECCEnabled = true; NvidiaDriver = "570.195.03"; DriverVersion = 12.8; DevicePciBusId = "0000:D2:00.0"; GlobalMemoryMb = 45468; MaxSupportedVersion = 12080 ]
	IoHeavy = 0
	Memory = 16384
...
040 (8018100.180.000) 2026-06-21 15:19:38 Started transferring output files
...
040 (8018100.180.000) 2026-06-21 15:19:38 Finished transferring output files
...
004 (8018100.180.000) 2026-06-21 15:19:39 Job was evicted.
	(0) Job terminated and was requeued
		Usr 0 00:00:02, Sys 0 00:00:00  -  Run Remote Usage
		Usr 0 00:00:00, Sys 0 00:00:00  -  Run Local Usage
	444  -  Run Bytes Sent By Job
	2783955067  -  Run Bytes Received By Job
	(1) Normal termination (return value 2)
	The job attribute OnExitRemove expression 'NumJobCompletions > JobMaxRetries || ExitCode =?= 0' evaluated to FALSE
...
040 (8018100.180.000) 2026-06-21 15:19:57 Started transferring input files
	Transferring to host: <128.105.68.168:9618?addrs=128.105.68.168-9618+[2607-f388-2200-100-b62e-99ff-feb7-2dcb]-9618&alias=gpulab2003.chtc.wisc.edu&noUDP&sock=slot2_4_11172_6f3f_7842>
...
040 (8018100.180.000) 2026-06-21 15:20:14 Finished transferring input files
...
001 (8018100.180.000) 2026-06-21 15:20:14 Job executing on host: <128.105.68.168:9618?addrs=128.105.68.168-9618+[2607-f388-2200-100-b62e-99ff-feb7-2dcb]-9618&alias=gpulab2003.chtc.wisc.edu&noUDP&sock=startd_10155_1056>
	SlotName: slot2_4@gpulab2003.chtc.wisc.edu
	AvailableGPUs = { GPUs_GPU_61902b82 }
	CondorScratchDir = "/var/lib/condor/execute/slot2/dir_1422613/scratch"
	Cpus = 1
	Disk = 16777216
	GPUs = 1
	GPUs_GPU_61902b82 = [ Id = "GPU-61902b82"; Capability = 7.5; DeviceName = "NVIDIA GeForce RTX 2080 Ti"; DeviceUuid = "61902b82-cedb-e4be-d010-bca8829ec79b"; ECCEnabled = false; NvidiaDriver = "570.195.03"; DriverVersion = 12.8; DevicePciBusId = "0000:B2:00.0"; GlobalMemoryMb = 10823; MaxSupportedVersion = 12080 ]
	IoHeavy = 0
	Memory = 16384
...
040 (8018100.180.000) 2026-06-21 15:20:18 Started transferring output files
...
040 (8018100.180.000) 2026-06-21 15:20:18 Finished transferring output files
...
005 (8018100.180.000) 2026-06-21 15:20:19 Job terminated.
	(1) Normal termination (return value 2)
		Usr 0 00:00:02, Sys 0 00:00:00  -  Run Remote Usage
		Usr 0 00:00:00, Sys 0 00:00:00  -  Run Local Usage
		Usr 0 00:00:23, Sys 0 00:00:00  -  Total Remote Usage
		Usr 0 00:00:00, Sys 0 00:00:00  -  Total Local Usage
	437  -  Run Bytes Sent By Job
	2783955067  -  Run Bytes Received By Job
	4900  -  Total Bytes Sent By Job
	30623505737  -  Total Bytes Received By Job
	Partitionable Resources :    Usage  Request Allocated Assigned
	   Cpus                 :        0        1         1 
	   Disk (KB)            :  2718743 16777216  16777216 
	   GPUs                 :        0        1         1 "GPU-61902b82"
	   IoHeavy              :                           0 
	   Memory (MB)          :       13    16384     16384 
	   TimeExecute (s)      :        4                    
	   TimeSlotBusy (s)     :       21                    
...
