000 (8017966.490.000) 2026-06-20 22:07:54 Job submitted from host: <128.105.68.112:9618?addrs=128.105.68.112-9618+[2607-f388-2200-100-eaeb-d3ff-fea3-4202]-9618&alias=ap2001.chtc.wisc.edu&noUDP&sock=schedd_4071840_2329>
...
040 (8017966.490.000) 2026-06-21 02:25:54 Started transferring input files
	Transferring to host: <128.105.68.119:9618?addrs=128.105.68.119-9618+[2607-f388-2200-100-7ec2-55ff-fe99-a294]-9618&alias=dsigpu4000.chtc.wisc.edu&noUDP&sock=slot2_6_1393177_faa6_83355>
...
040 (8017966.490.000) 2026-06-21 02:26:04 Finished transferring input files
...
001 (8017966.490.000) 2026-06-21 02:26:04 Job executing on host: <128.105.68.119:9618?addrs=128.105.68.119-9618+[2607-f388-2200-100-7ec2-55ff-fe99-a294]-9618&alias=dsigpu4000.chtc.wisc.edu&noUDP&sock=startd_10704_a1d4>
	SlotName: slot2_6@dsigpu4000.chtc.wisc.edu
	AvailableGPUs = { GPUs_GPU_311affa9 }
	CondorScratchDir = "/var/lib/condor/execute/slot2/dir_3722316/scratch"
	Cpus = 1
	Disk = 16777216
	GPUs = 1
	GPUs_GPU_311affa9 = [ Id = "GPU-311affa9"; Capability = 8.9; DeviceName = "NVIDIA L40"; DeviceUuid = "311affa9-fae4-a5e5-9184-0b279bd567b6"; ECCEnabled = true; NvidiaDriver = "570.195.03"; DriverVersion = 12.8; DevicePciBusId = "0000:CE:00.0"; GlobalMemoryMb = 45468; MaxSupportedVersion = 12080 ]
	IoHeavy = 0
	Memory = 16384
...
006 (8017966.490.000) 2026-06-21 02:26:13 Image size of job updated: 406952
	398  -  MemoryUsage of job (MB)
	406952  -  ResidentSetSize of job (KB)
...
006 (8017966.490.000) 2026-06-21 02:31:14 Image size of job updated: 950436
	927  -  MemoryUsage of job (MB)
	949116  -  ResidentSetSize of job (KB)
...
006 (8017966.490.000) 2026-06-21 02:36:14 Image size of job updated: 950436
	928  -  MemoryUsage of job (MB)
	950104  -  ResidentSetSize of job (KB)
...
006 (8017966.490.000) 2026-06-21 02:41:15 Image size of job updated: 953980
	932  -  MemoryUsage of job (MB)
	953980  -  ResidentSetSize of job (KB)
...
006 (8017966.490.000) 2026-06-21 02:46:15 Image size of job updated: 959632
	938  -  MemoryUsage of job (MB)
	959632  -  ResidentSetSize of job (KB)
...
006 (8017966.490.000) 2026-06-21 02:51:15 Image size of job updated: 963876
	942  -  MemoryUsage of job (MB)
	963876  -  ResidentSetSize of job (KB)
...
006 (8017966.490.000) 2026-06-21 02:56:16 Image size of job updated: 969468
	947  -  MemoryUsage of job (MB)
	969468  -  ResidentSetSize of job (KB)
...
006 (8017966.490.000) 2026-06-21 03:01:16 Image size of job updated: 974992
	952  -  MemoryUsage of job (MB)
	974568  -  ResidentSetSize of job (KB)
...
006 (8017966.490.000) 2026-06-21 03:06:17 Image size of job updated: 980212
	958  -  MemoryUsage of job (MB)
	980212  -  ResidentSetSize of job (KB)
...
006 (8017966.490.000) 2026-06-21 03:11:17 Image size of job updated: 981072
	959  -  MemoryUsage of job (MB)
	981072  -  ResidentSetSize of job (KB)
...
040 (8017966.490.000) 2026-06-21 03:15:48 Started transferring output files
...
040 (8017966.490.000) 2026-06-21 03:15:48 Finished transferring output files
...
005 (8017966.490.000) 2026-06-21 03:15:49 Job terminated.
	(1) Normal termination (return value 0)
		Usr 0 00:50:26, Sys 0 00:15:49  -  Run Remote Usage
		Usr 0 00:00:00, Sys 0 00:00:00  -  Run Local Usage
		Usr 0 00:50:26, Sys 0 00:15:49  -  Total Remote Usage
		Usr 0 00:00:00, Sys 0 00:00:00  -  Total Local Usage
	2764765  -  Run Bytes Sent By Job
	2781896842  -  Run Bytes Received By Job
	2764765  -  Total Bytes Sent By Job
	2781896842  -  Total Bytes Received By Job
	Partitionable Resources :      Usage  Request Allocated Assigned
	   Cpus                 :       1.27        1         1 
	   Disk (KB)            : 2728481    16777216  16777216 
	   GPUs                 :                   1         1 "GPU-311affa9"
	   GpusMemory (MB)      :    6812                       
	   IoHeavy              :                             0 
	   Memory (MB)          :     959       16384     16384 
	   TimeExecute (s)      :    2984                       
	   TimeSlotBusy (s)     :    2994                       
...
