000 (8180963.355.000) 2026-06-24 12:19:47 Job submitted from host: <128.105.68.112:9618?addrs=128.105.68.112-9618+[2607-f388-2200-100-eaeb-d3ff-fea3-4202]-9618&alias=ap2001.chtc.wisc.edu&noUDP&sock=schedd_4071840_2329>
...
040 (8180963.355.000) 2026-06-25 01:24:33 Started transferring input files
	Transferring to host: <192.168.247.24:41191?CCBID=128.105.82.148:9618%3faddrs%3d128.105.82.148-9618+[2607-f388-2200-9d-7ccb-bc08-2489-7689]-9618%26alias%3dospool-ccb.osg.chtc.io%26noUDP%26sock%3dcollector7#4794468%2067.58.49.91:9618%3faddrs%3d67.58.49.91-9618+[fdf0-17b3-c3ec-1f79-10-0-d-2091]-9618%26alias%3dccb-2.ospool.osg-htc.org%26noUDP%26sock%3dcollector3#4789226&PrivNet=mendel-g0002.mendel.sdmz.amnh.org&addrs=192.168.247.24-41191&alias=mendel-g0002.mendel.sdmz.amnh.org&noUDP>
...
040 (8180963.355.000) 2026-06-25 01:24:48 Finished transferring input files
...
021 (8180963.355.000) 2026-06-25 01:24:48 Message from starter on slot1_1@glidein_2408623_461019339@mendel-g0002.mendel.sdmz.amnh.org:
	PREPARE_JOB (prepare-hook) succeeded (reported status 000): Using Singularity image openfe_1.11.1.sif
...
001 (8180963.355.000) 2026-06-25 01:24:48 Job executing on host: <192.168.247.24:41385?CCBID=128.105.82.148:9618%3faddrs%3d128.105.82.148-9618+[2607-f388-2200-9d-7ccb-bc08-2489-7689]-9618%26alias%3dospool-ccb.osg.chtc.io%26noUDP%26sock%3dcollector3#4706921%2067.58.49.91:9618%3faddrs%3d67.58.49.91-9618+[fdf0-17b3-c3ec-1f79-10-0-d-2091]-9618%26alias%3dccb-2.ospool.osg-htc.org%26noUDP%26sock%3dcollector5#4699486&PrivNet=mendel-g0002.mendel.sdmz.amnh.org&addrs=192.168.247.24-41385&alias=mendel-g0002.mendel.sdmz.amnh.org&noUDP>
	SlotName: slot1_1@glidein_2408623_461019339@mendel-g0002.mendel.sdmz.amnh.org
	AvailableGPUs = { GPUs_GPU_0ad690fb }
	CondorScratchDir = "/scratch_space/glide_sFCcLf/execute/dir_3019659/scratch"
	Cpus = 1
	Disk = 16777216
	GPUs = 1
	GPUs_GPU_0ad690fb = [ Id = "GPU-0ad690fb"; ClockMhz = 1380.0; Capability = 7.0; CoresPerCU = 64; DeviceName = "Tesla V100-PCIE-16GB"; DeviceUuid = "0ad690fb-4a06-3f71-ffe7-ab2d6fda9301"; ECCEnabled = false; ComputeUnits = 80; NvidiaDriver = "580.159.04"; DriverVersion = 13.0; DevicePciBusId = "0000:3B:00.0"; GlobalMemoryMb = 16144; MaxSupportedVersion = 13000 ]
	Memory = 16384
...
006 (8180963.355.000) 2026-06-25 01:24:58 Image size of job updated: 8143216
	392  -  MemoryUsage of job (MB)
	401016  -  ResidentSetSize of job (KB)
...
006 (8180963.355.000) 2026-06-25 01:29:59 Image size of job updated: 29656496
	3821  -  MemoryUsage of job (MB)
	3912312  -  ResidentSetSize of job (KB)
...
006 (8180963.355.000) 2026-06-25 02:05:02 Image size of job updated: 29673884
	3838  -  MemoryUsage of job (MB)
	3929664  -  ResidentSetSize of job (KB)
...
006 (8180963.355.000) 2026-06-25 02:10:03 Image size of job updated: 29673884
	3838  -  MemoryUsage of job (MB)
	3929676  -  ResidentSetSize of job (KB)
...
006 (8180963.355.000) 2026-06-25 02:15:03 Image size of job updated: 29673884
	3842  -  MemoryUsage of job (MB)
	3933564  -  ResidentSetSize of job (KB)
...
006 (8180963.355.000) 2026-06-25 02:20:04 Image size of job updated: 29673884
	3842  -  MemoryUsage of job (MB)
	3933568  -  ResidentSetSize of job (KB)
...
006 (8180963.355.000) 2026-06-25 02:25:05 Image size of job updated: 29673884
	3847  -  MemoryUsage of job (MB)
	3938492  -  ResidentSetSize of job (KB)
...
006 (8180963.355.000) 2026-06-25 02:30:05 Image size of job updated: 29673884
	3851  -  MemoryUsage of job (MB)
	3942548  -  ResidentSetSize of job (KB)
...
006 (8180963.355.000) 2026-06-25 02:35:06 Image size of job updated: 29673884
	3859  -  MemoryUsage of job (MB)
	3950756  -  ResidentSetSize of job (KB)
...
006 (8180963.355.000) 2026-06-25 02:40:06 Image size of job updated: 29673884
	3870  -  MemoryUsage of job (MB)
	3962272  -  ResidentSetSize of job (KB)
...
006 (8180963.355.000) 2026-06-25 03:55:15 Image size of job updated: 29673884
	3871  -  MemoryUsage of job (MB)
	3963636  -  ResidentSetSize of job (KB)
...
006 (8180963.355.000) 2026-06-25 04:05:15 Image size of job updated: 29673884
	3871  -  MemoryUsage of job (MB)
	3963760  -  ResidentSetSize of job (KB)
...
006 (8180963.355.000) 2026-06-25 04:10:16 Image size of job updated: 29673884
	3871  -  MemoryUsage of job (MB)
	3963888  -  ResidentSetSize of job (KB)
...
006 (8180963.355.000) 2026-06-25 04:30:18 Image size of job updated: 29673884
	3871  -  MemoryUsage of job (MB)
	3963892  -  ResidentSetSize of job (KB)
...
040 (8180963.355.000) 2026-06-25 04:59:44 Started transferring output files
...
040 (8180963.355.000) 2026-06-25 04:59:44 Finished transferring output files
...
005 (8180963.355.000) 2026-06-25 04:59:45 Job terminated.
	(1) Normal termination (return value 0)
		Usr 0 02:49:38, Sys 0 00:45:08  -  Run Remote Usage
		Usr 0 00:00:00, Sys 0 00:00:00  -  Run Local Usage
		Usr 0 02:49:38, Sys 0 00:45:08  -  Total Remote Usage
		Usr 0 00:00:00, Sys 0 00:00:00  -  Total Local Usage
	3301826  -  Run Bytes Sent By Job
	2782611003  -  Run Bytes Received By Job
	3301826  -  Total Bytes Sent By Job
	2782611003  -  Total Bytes Received By Job
	Partitionable Resources :      Usage  Request Allocated Assigned
	   Cpus                 :       1.00        1         1 
	   Disk (KB)            : 2802601    16777216  16777216 
	   GPUs                 :       0.86        1         1 "GPU-0ad690fb"
	   GpusMemory (MB)      :    5200                       
	   Memory (MB)          :    3871       16384     16384 
	   TimeExecute (s)      :   12896                       
	   TimeSlotBusy (s)     :   12912                       
...
