000 (8018100.355.000) 2026-06-21 13:37:20 Job submitted from host: <128.105.68.112:9618?addrs=128.105.68.112-9618+[2607-f388-2200-100-eaeb-d3ff-fea3-4202]-9618&alias=ap2001.chtc.wisc.edu&noUDP&sock=schedd_4071840_2329>
...
040 (8018100.355.000) 2026-06-21 16:41:23 Started transferring input files
	Transferring to host: <128.104.100.117:9618?addrs=128.104.100.117-9618+[2607-f388-107c-501-8ae9-a4ff-fe02-e150]-9618&alias=jcaicedogpu0003.chtc.wisc.edu&noUDP&sock=backfill1_1_1586877_26eb_101297>
...
040 (8018100.355.000) 2026-06-21 16:41:41 Finished transferring input files
...
001 (8018100.355.000) 2026-06-21 16:41:41 Job executing on host: <128.104.100.117:9618?addrs=128.104.100.117-9618+[2607-f388-107c-501-8ae9-a4ff-fe02-e150]-9618&alias=jcaicedogpu0003.chtc.wisc.edu&noUDP&sock=startd_10874_3cee>
	SlotName: backfill1_1@jcaicedogpu0003.chtc.wisc.edu
	AvailableGPUs = { GPUs_GPU_84aa5312 }
	CondorScratchDir = "/var/lib/condor/execute/slot1/dir_3199955/scratch"
	Cpus = 1
	Disk = 16777216
	GPUs = 1
	GPUs_GPU_84aa5312 = [ Id = "GPU-84aa5312"; Capability = 8.9; DeviceName = "NVIDIA L40S"; DeviceUuid = "84aa5312-d8a5-be03-8ab6-55b4d1f0d7b2"; ECCEnabled = true; NvidiaDriver = "570.195.03"; DriverVersion = 12.8; DevicePciBusId = "0000:E1:00.0"; GlobalMemoryMb = 45468; MaxSupportedVersion = 12080 ]
	IoHeavy = 0
	Memory = 16384
...
006 (8018100.355.000) 2026-06-21 16:41:44 Image size of job updated: 196
	0  -  MemoryUsage of job (MB)
	0  -  ResidentSetSize of job (KB)
...
040 (8018100.355.000) 2026-06-21 16:41:44 Started transferring output files
...
040 (8018100.355.000) 2026-06-21 16:41:44 Finished transferring output files
...
004 (8018100.355.000) 2026-06-21 16:41:45 Job was evicted.
	(0) Job terminated and was requeued
		Usr 0 00:00:01, Sys 0 00:00:00  -  Run Remote Usage
		Usr 0 00:00:00, Sys 0 00:00:00  -  Run Local Usage
	450  -  Run Bytes Sent By Job
	2782611099  -  Run Bytes Received By Job
	(1) Normal termination (return value 2)
	The job attribute OnExitRemove expression 'NumJobCompletions > JobMaxRetries || ExitCode =?= 0' evaluated to FALSE
...
040 (8018100.355.000) 2026-06-21 16:43:17 Started transferring input files
	Transferring to host: <128.104.103.47:9618?addrs=128.104.103.47-9618+[2607-f388-107c-501-a236-9fff-fe3c-f3a0]-9618&alias=ahlquist0000.chtc.wisc.edu&noUDP&sock=backfill1_8_9919_952c_8538>
...
040 (8018100.355.000) 2026-06-21 16:47:32 Finished transferring input files
...
001 (8018100.355.000) 2026-06-21 16:47:32 Job executing on host: <128.104.103.47:9618?addrs=128.104.103.47-9618+[2607-f388-107c-501-a236-9fff-fe3c-f3a0]-9618&alias=ahlquist0000.chtc.wisc.edu&noUDP&sock=startd_9052_7f60>
	SlotName: backfill1_8@ahlquist0000.chtc.wisc.edu
	AvailableGPUs = { GPUs_GPU_ebcd15a8 }
	CondorScratchDir = "/var/lib/condor/execute/slot1/dir_1465166/scratch"
	Cpus = 1
	Disk = 16777216
	GPUs = 1
	GPUs_GPU_ebcd15a8 = [ Id = "GPU-ebcd15a8"; Capability = 7.5; DeviceName = "NVIDIA GeForce RTX 2080 Ti"; DeviceUuid = "ebcd15a8-c497-a993-09c7-d0b925ffb95a"; ECCEnabled = false; NvidiaDriver = "550.54.14"; DriverVersion = 12.4; DevicePciBusId = "0000:1A:00.0"; GlobalMemoryMb = 11004; MaxSupportedVersion = 12040 ]
	IoHeavy = 0
	Memory = 16384
...
040 (8018100.355.000) 2026-06-21 16:47:37 Started transferring output files
...
040 (8018100.355.000) 2026-06-21 16:47:37 Finished transferring output files
...
004 (8018100.355.000) 2026-06-21 16:47:37 Job was evicted.
	(0) Job terminated and was requeued
		Usr 0 00:00:03, Sys 0 00:00:00  -  Run Remote Usage
		Usr 0 00:00:00, Sys 0 00:00:00  -  Run Local Usage
	447  -  Run Bytes Sent By Job
	2782611099  -  Run Bytes Received By Job
	(1) Normal termination (return value 2)
	The job attribute OnExitRemove expression 'NumJobCompletions > JobMaxRetries || ExitCode =?= 0' evaluated to FALSE
...
040 (8018100.355.000) 2026-06-21 16:47:44 Started transferring input files
	Transferring to host: <141.142.150.74:14439?CCBID=128.105.82.148:9618%3faddrs%3d128.105.82.148-9618+[2607-f388-2200-9d-7ccb-bc08-2489-768a]-9618%26alias%3dospool-ccb.osg.chtc.io%26noUDP%26sock%3dcollector4#4336800%2067.58.49.91:9618%3faddrs%3d67.58.49.91-9618+[fdf0-17b3-c3ec-1f79-10-0-e-b69d]-9618%26alias%3dccb-2.ospool.osg-htc.org%26noUDP%26sock%3dcollector6#4331052&PrivNet=rails04&addrs=141.142.150.74-14439+[fde1-53ba-e9a0-de11-2dba-91e3-dd48-5c8a]-14439&alias=rails04&noUDP>
...
040 (8018100.355.000) 2026-06-21 16:48:02 Finished transferring input files
...
021 (8018100.355.000) 2026-06-21 16:48:03 Message from starter on slot1_1@glidein_1253803_166598726@rails04:
	PREPARE_JOB (prepare-hook) succeeded (reported status 000): Using Singularity image openfe_1.11.1.sif
...
001 (8018100.355.000) 2026-06-21 16:48:03 Job executing on host: <141.142.150.74:29371?CCBID=128.105.82.148:9618%3faddrs%3d128.105.82.148-9618+[2607-f388-2200-9d-7ccb-bc08-2489-768a]-9618%26alias%3dospool-ccb.osg.chtc.io%26noUDP%26sock%3dcollector5#4328832%2067.58.49.91:9618%3faddrs%3d67.58.49.91-9618+[fdf0-17b3-c3ec-1f79-10-0-e-b69d]-9618%26alias%3dccb-2.ospool.osg-htc.org%26noUDP%26sock%3dcollector1#4324868&PrivNet=rails04&addrs=141.142.150.74-29371+[fde1-53ba-e9a0-de11-2dba-91e3-dd48-5c8a]-29371&alias=rails04&noUDP>
	SlotName: slot1_1@glidein_1253803_166598726@rails04
	AvailableGPUs = { GPUs_GPU_6af5ac5f }
	CondorScratchDir = "/projects/bcxl/svcosguser/glide_jHGWuz/execute/dir_1687274/scratch"
	Cpus = 1
	Disk = 16777216
	GPUs = 1
	GPUs_GPU_6af5ac5f = [ Id = "GPU-6af5ac5f"; ClockMhz = 1980.0; Capability = 9.0; CoresPerCU = 128; DeviceName = "NVIDIA H100 80GB HBM3"; DeviceUuid = "6af5ac5f-07c9-30f5-eb4e-f067cf3a909a"; ECCEnabled = true; ComputeUnits = 132; NvidiaDriver = "590.48.01"; DriverVersion = 13.1; DevicePciBusId = "0000:19:00.0"; GlobalMemoryMb = 81081; MaxSupportedVersion = 13010 ]
	Memory = 16384
...
006 (8018100.355.000) 2026-06-21 16:48:12 Image size of job updated: 4117524
	130  -  MemoryUsage of job (MB)
	132592  -  ResidentSetSize of job (KB)
...
040 (8018100.355.000) 2026-06-21 16:48:12 Started transferring output files
...
040 (8018100.355.000) 2026-06-21 16:48:12 Finished transferring output files
...
004 (8018100.355.000) 2026-06-21 16:48:13 Job was evicted.
	(0) Job terminated and was requeued
		Usr 0 00:00:00, Sys 0 00:00:00  -  Run Remote Usage
		Usr 0 00:00:00, Sys 0 00:00:00  -  Run Local Usage
	461  -  Run Bytes Sent By Job
	2782611099  -  Run Bytes Received By Job
	(1) Normal termination (return value 2)
	The job attribute OnExitRemove expression 'NumJobCompletions > JobMaxRetries || ExitCode =?= 0' evaluated to FALSE
...
040 (8018100.355.000) 2026-06-21 16:48:34 Started transferring input files
	Transferring to host: <128.105.68.166:9618?addrs=128.105.68.166-9618+[2607-f388-2200-100-b62e-99ff-feb7-2e2d]-9618&alias=gpulab2001.chtc.wisc.edu&noUDP&sock=slot2_1_11113_dd1d_54163>
...
040 (8018100.355.000) 2026-06-21 16:48:55 Finished transferring input files
...
001 (8018100.355.000) 2026-06-21 16:48:55 Job executing on host: <128.105.68.166:9618?addrs=128.105.68.166-9618+[2607-f388-2200-100-b62e-99ff-feb7-2e2d]-9618&alias=gpulab2001.chtc.wisc.edu&noUDP&sock=startd_10083_ad84>
	SlotName: slot2_1@gpulab2001.chtc.wisc.edu
	AvailableGPUs = { GPUs_GPU_cc91074a }
	CondorScratchDir = "/var/lib/condor/execute/slot2/dir_1309542/scratch"
	Cpus = 1
	Disk = 16777216
	GPUs = 1
	GPUs_GPU_cc91074a = [ Id = "GPU-cc91074a"; Capability = 7.5; DeviceName = "NVIDIA GeForce RTX 2080 Ti"; DeviceUuid = "cc91074a-1992-11a1-fc4e-7c84f58de8e0"; ECCEnabled = false; NvidiaDriver = "570.195.03"; DriverVersion = 12.8; DevicePciBusId = "0000:3D:00.0"; GlobalMemoryMb = 10823; MaxSupportedVersion = 12080 ]
	IoHeavy = 0
	Memory = 16384
...
040 (8018100.355.000) 2026-06-21 16:48:59 Started transferring output files
...
040 (8018100.355.000) 2026-06-21 16:48:59 Finished transferring output files
...
004 (8018100.355.000) 2026-06-21 16:48:59 Job was evicted.
	(0) Job terminated and was requeued
		Usr 0 00:00:02, Sys 0 00:00:00  -  Run Remote Usage
		Usr 0 00:00:00, Sys 0 00:00:00  -  Run Local Usage
	445  -  Run Bytes Sent By Job
	2782611099  -  Run Bytes Received By Job
	(1) Normal termination (return value 2)
	The job attribute OnExitRemove expression 'NumJobCompletions > JobMaxRetries || ExitCode =?= 0' evaluated to FALSE
...
040 (8018100.355.000) 2026-06-21 16:49:13 Started transferring input files
	Transferring to host: <10.226.104.219:43103?CCBID=128.105.82.148:9618%3faddrs%3d128.105.82.148-9618+[2607-f388-2200-9d-7ccb-bc08-2489-768a]-9618%26alias%3dospool-ccb.osg.chtc.io%26noUDP%26sock%3dcollector1#4335927%2067.58.49.91:9618%3faddrs%3d67.58.49.91-9618+[fdf0-17b3-c3ec-1f79-10-0-e-b69d]-9618%26alias%3dccb-2.ospool.osg-htc.org%26noUDP%26sock%3dcollector7#4328854&PrivNet=gpu019.rci.montana.edu&addrs=10.226.104.219-43103&alias=gpu019.rci.montana.edu&noUDP>
...
040 (8018100.355.000) 2026-06-21 16:50:55 Finished transferring input files
...
021 (8018100.355.000) 2026-06-21 16:50:55 Message from starter on slot1_1@glidein_44344_686287875@gpu019.rci.montana.edu:
	PREPARE_JOB (prepare-hook) succeeded (reported status 000): Using Singularity image openfe_1.11.1.sif
...
001 (8018100.355.000) 2026-06-21 16:50:55 Job executing on host: <10.226.104.219:46635?CCBID=128.105.82.148:9618%3faddrs%3d128.105.82.148-9618+[2607-f388-2200-9d-7ccb-bc08-2489-768a]-9618%26alias%3dospool-ccb.osg.chtc.io%26noUDP%26sock%3dcollector5#4263111%2067.58.49.91:9618%3faddrs%3d67.58.49.91-9618+[fdf0-17b3-c3ec-1f79-10-0-e-b69d]-9618%26alias%3dccb-2.ospool.osg-htc.org%26noUDP%26sock%3dcollector9#4263014&PrivNet=gpu019.rci.montana.edu&addrs=10.226.104.219-46635&alias=gpu019.rci.montana.edu&noUDP>
	SlotName: slot1_1@glidein_44344_686287875@gpu019.rci.montana.edu
	AvailableGPUs = { GPUs_GPU_ec62e759 }
	CondorScratchDir = "/tmp/jobs/4093251/glide_tNJTON/execute/dir_3091064/scratch"
	Cpus = 1
	Disk = 16777216
	GPUs = 1
	GPUs_GPU_ec62e759 = [ Id = "GPU-ec62e759"; ClockMhz = 1980.0; Capability = 9.0; CoresPerCU = 128; DeviceName = "NVIDIA H100 80GB HBM3"; DeviceUuid = "ec62e759-2dcd-9df3-4a0c-3116e70e7956"; ECCEnabled = true; ComputeUnits = 132; NvidiaDriver = "595.71.05"; DriverVersion = 13.2; DevicePciBusId = "0000:CB:00.0"; GlobalMemoryMb = 81081; MaxSupportedVersion = 13020 ]
	Memory = 16384
...
040 (8018100.355.000) 2026-06-21 16:50:59 Started transferring output files
...
040 (8018100.355.000) 2026-06-21 16:50:59 Finished transferring output files
...
004 (8018100.355.000) 2026-06-21 16:51:00 Job was evicted.
	(0) Job terminated and was requeued
		Usr 0 00:00:00, Sys 0 00:00:00  -  Run Remote Usage
		Usr 0 00:00:00, Sys 0 00:00:00  -  Run Local Usage
	460  -  Run Bytes Sent By Job
	2782611099  -  Run Bytes Received By Job
	(1) Normal termination (return value 2)
	The job attribute OnExitRemove expression 'NumJobCompletions > JobMaxRetries || ExitCode =?= 0' evaluated to FALSE
...
040 (8018100.355.000) 2026-06-21 16:51:11 Started transferring input files
	Transferring to host: <128.105.76.47:9618?addrs=128.105.76.47-9618+[2607-f388-2200-100-527c-6fff-fe82-826a]-9618&alias=gpu4006.chtc.wisc.edu&noUDP&sock=slot2_6_2618986_4fbd_88780>
...
040 (8018100.355.000) 2026-06-21 16:51:25 Finished transferring input files
...
001 (8018100.355.000) 2026-06-21 16:51:25 Job executing on host: <128.105.76.47:9618?addrs=128.105.76.47-9618+[2607-f388-2200-100-527c-6fff-fe82-826a]-9618&alias=gpu4006.chtc.wisc.edu&noUDP&sock=startd_11220_90b3>
	SlotName: slot2_6@gpu4006.chtc.wisc.edu
	AvailableGPUs = { GPUs_GPU_a7db8880 }
	CondorScratchDir = "/var/lib/condor/execute/slot2/dir_3027405/scratch"
	Cpus = 1
	Disk = 16777216
	GPUs = 1
	GPUs_GPU_a7db8880 = [ Id = "GPU-a7db8880"; Capability = 8.9; DeviceName = "NVIDIA L40S"; DeviceUuid = "a7db8880-55ca-0490-a7d4-abafc6737be6"; ECCEnabled = true; NvidiaDriver = "590.48.01"; DriverVersion = 13.1; DevicePciBusId = "0000:A1:00.0"; GlobalMemoryMb = 45460; MaxSupportedVersion = 13010 ]
	IoHeavy = 0
	Memory = 16384
...
040 (8018100.355.000) 2026-06-21 16:51:27 Started transferring output files
...
040 (8018100.355.000) 2026-06-21 16:51:27 Finished transferring output files
...
004 (8018100.355.000) 2026-06-21 16:51:28 Job was evicted.
	(0) Job terminated and was requeued
		Usr 0 00:00:01, Sys 0 00:00:00  -  Run Remote Usage
		Usr 0 00:00:00, Sys 0 00:00:00  -  Run Local Usage
	456  -  Run Bytes Sent By Job
	2782611099  -  Run Bytes Received By Job
	(1) Normal termination (return value 2)
	The job attribute OnExitRemove expression 'NumJobCompletions > JobMaxRetries || ExitCode =?= 0' evaluated to FALSE
...
040 (8018100.355.000) 2026-06-21 16:51:51 Started transferring input files
	Transferring to host: <128.105.76.47:9618?addrs=128.105.76.47-9618+[2607-f388-2200-100-527c-6fff-fe82-826a]-9618&alias=gpu4006.chtc.wisc.edu&noUDP&sock=slot2_8_2618986_4fbd_88786>
...
040 (8018100.355.000) 2026-06-21 16:52:05 Finished transferring input files
...
001 (8018100.355.000) 2026-06-21 16:52:05 Job executing on host: <128.105.76.47:9618?addrs=128.105.76.47-9618+[2607-f388-2200-100-527c-6fff-fe82-826a]-9618&alias=gpu4006.chtc.wisc.edu&noUDP&sock=startd_11220_90b3>
	SlotName: slot2_8@gpu4006.chtc.wisc.edu
	AvailableGPUs = { GPUs_GPU_cee1c5fe }
	CondorScratchDir = "/var/lib/condor/execute/slot2/dir_3029099/scratch"
	Cpus = 1
	Disk = 16777216
	GPUs = 1
	GPUs_GPU_cee1c5fe = [ Id = "GPU-cee1c5fe"; Capability = 8.9; DeviceName = "NVIDIA L40S"; DeviceUuid = "cee1c5fe-b00f-e234-a43f-220f24c5e1c9"; ECCEnabled = true; NvidiaDriver = "590.48.01"; DriverVersion = 13.1; DevicePciBusId = "0000:E1:00.0"; GlobalMemoryMb = 45460; MaxSupportedVersion = 13010 ]
	IoHeavy = 0
	Memory = 16384
...
040 (8018100.355.000) 2026-06-21 16:52:07 Started transferring output files
...
040 (8018100.355.000) 2026-06-21 16:52:07 Finished transferring output files
...
004 (8018100.355.000) 2026-06-21 16:52:08 Job was evicted.
	(0) Job terminated and was requeued
		Usr 0 00:00:01, Sys 0 00:00:00  -  Run Remote Usage
		Usr 0 00:00:00, Sys 0 00:00:00  -  Run Local Usage
	456  -  Run Bytes Sent By Job
	2782611099  -  Run Bytes Received By Job
	(1) Normal termination (return value 2)
	The job attribute OnExitRemove expression 'NumJobCompletions > JobMaxRetries || ExitCode =?= 0' evaluated to FALSE
...
040 (8018100.355.000) 2026-06-21 16:52:19 Started transferring input files
	Transferring to host: <128.105.68.103:9618?addrs=128.105.68.103-9618+[2607-f388-2200-100-1270-fdff-fe74-930]-9618&alias=gpu2011.chtc.wisc.edu&noUDP&sock=slot2_1_3669582_3c1f_87479>
...
040 (8018100.355.000) 2026-06-21 16:52:52 Finished transferring input files
...
001 (8018100.355.000) 2026-06-21 16:52:52 Job executing on host: <128.105.68.103:9618?addrs=128.105.68.103-9618+[2607-f388-2200-100-1270-fdff-fe74-930]-9618&alias=gpu2011.chtc.wisc.edu&noUDP&sock=startd_12054_9eaf>
	SlotName: slot2_1@gpu2011.chtc.wisc.edu
	AvailableGPUs = { GPUs_MIG_00b83ffb_e443_56b0_81ae_fca0e86cdba2 }
	CondorScratchDir = "/var/lib/condor/execute/slot2/dir_3663167/scratch"
	Cpus = 1
	Disk = 16777216
	GPUs = 1
	GPUs_MIG_00b83ffb_e443_56b0_81ae_fca0e86cdba2 = [ Id = "MIG-00b83ffb-e443-56b0-81ae-fca0e86cdba2"; Capability = 8.0; DeviceName = "NVIDIA A100-SXM4-80GB MIG 3g.40gb"; DeviceUuid = "MIG-00b83ffb-e443-56b0-81ae-fca0e86cdba2"; ECCEnabled = true; NvidiaDriver = "570.195.03"; DriverVersion = 12.8; DevicePciBusId = "0000:81:00.0"; GlobalMemoryMb = 40100; MaxSupportedVersion = 12080 ]
	IoHeavy = 0
	Memory = 16384
...
040 (8018100.355.000) 2026-06-21 16:52:56 Started transferring output files
...
040 (8018100.355.000) 2026-06-21 16:52:56 Finished transferring output files
...
004 (8018100.355.000) 2026-06-21 16:52:56 Job was evicted.
	(0) Job terminated and was requeued
		Usr 0 00:00:02, Sys 0 00:00:00  -  Run Remote Usage
		Usr 0 00:00:00, Sys 0 00:00:00  -  Run Local Usage
	442  -  Run Bytes Sent By Job
	2782611099  -  Run Bytes Received By Job
	(1) Normal termination (return value 2)
	The job attribute OnExitRemove expression 'NumJobCompletions > JobMaxRetries || ExitCode =?= 0' evaluated to FALSE
...
040 (8018100.355.000) 2026-06-21 16:53:12 Started transferring input files
	Transferring to host: <128.105.68.102:9618?addrs=128.105.68.102-9618+[2607-f388-2200-100-1270-fdff-fe74-920]-9618&alias=gpu2010.chtc.wisc.edu&noUDP&sock=slot2_1_2570277_6a21_73506>
...
040 (8018100.355.000) 2026-06-21 16:53:26 Finished transferring input files
...
001 (8018100.355.000) 2026-06-21 16:53:26 Job executing on host: <128.105.68.102:9618?addrs=128.105.68.102-9618+[2607-f388-2200-100-1270-fdff-fe74-920]-9618&alias=gpu2010.chtc.wisc.edu&noUDP&sock=startd_12400_f274>
	SlotName: slot2_1@gpu2010.chtc.wisc.edu
	AvailableGPUs = { GPUs_GPU_ebb6cfb4 }
	CondorScratchDir = "/var/lib/condor/execute/slot2/dir_3063650/scratch"
	Cpus = 1
	Disk = 16777216
	GPUs = 1
	GPUs_GPU_ebb6cfb4 = [ Id = "GPU-ebb6cfb4"; Capability = 8.0; DeviceName = "NVIDIA A100-SXM4-80GB"; DeviceUuid = "ebb6cfb4-dd3e-9883-e9ad-6ddb1e1276f9"; ECCEnabled = true; NvidiaDriver = "570.195.03"; DriverVersion = 12.8; DevicePciBusId = "0000:01:00.0"; GlobalMemoryMb = 81154; MaxSupportedVersion = 12080 ]
	IoHeavy = 0
	Memory = 16384
...
040 (8018100.355.000) 2026-06-21 16:53:29 Started transferring output files
...
040 (8018100.355.000) 2026-06-21 16:53:29 Finished transferring output files
...
004 (8018100.355.000) 2026-06-21 16:53:30 Job was evicted.
	(0) Job terminated and was requeued
		Usr 0 00:00:01, Sys 0 00:00:01  -  Run Remote Usage
		Usr 0 00:00:00, Sys 0 00:00:00  -  Run Local Usage
	442  -  Run Bytes Sent By Job
	2782611099  -  Run Bytes Received By Job
	(1) Normal termination (return value 2)
	The job attribute OnExitRemove expression 'NumJobCompletions > JobMaxRetries || ExitCode =?= 0' evaluated to FALSE
...
040 (8018100.355.000) 2026-06-21 16:53:33 Started transferring input files
	Transferring to host: <128.105.68.102:9618?addrs=128.105.68.102-9618+[2607-f388-2200-100-1270-fdff-fe74-920]-9618&alias=gpu2010.chtc.wisc.edu&noUDP&sock=slot2_1_2570277_6a21_73507>
...
040 (8018100.355.000) 2026-06-21 16:53:49 Finished transferring input files
...
001 (8018100.355.000) 2026-06-21 16:53:49 Job executing on host: <128.105.68.102:9618?addrs=128.105.68.102-9618+[2607-f388-2200-100-1270-fdff-fe74-920]-9618&alias=gpu2010.chtc.wisc.edu&noUDP&sock=startd_12400_f274>
	SlotName: slot2_1@gpu2010.chtc.wisc.edu
	AvailableGPUs = { GPUs_GPU_ebb6cfb4 }
	CondorScratchDir = "/var/lib/condor/execute/slot2/dir_3064148/scratch"
	Cpus = 1
	Disk = 16777216
	GPUs = 1
	GPUs_GPU_ebb6cfb4 = [ Id = "GPU-ebb6cfb4"; Capability = 8.0; DeviceName = "NVIDIA A100-SXM4-80GB"; DeviceUuid = "ebb6cfb4-dd3e-9883-e9ad-6ddb1e1276f9"; ECCEnabled = true; NvidiaDriver = "570.195.03"; DriverVersion = 12.8; DevicePciBusId = "0000:01:00.0"; GlobalMemoryMb = 81154; MaxSupportedVersion = 12080 ]
	IoHeavy = 0
	Memory = 16384
...
040 (8018100.355.000) 2026-06-21 16:53:52 Started transferring output files
...
040 (8018100.355.000) 2026-06-21 16:53:52 Finished transferring output files
...
004 (8018100.355.000) 2026-06-21 16:53:53 Job was evicted.
	(0) Job terminated and was requeued
		Usr 0 00:00:01, Sys 0 00:00:01  -  Run Remote Usage
		Usr 0 00:00:00, Sys 0 00:00:00  -  Run Local Usage
	442  -  Run Bytes Sent By Job
	2782611099  -  Run Bytes Received By Job
	(1) Normal termination (return value 2)
	The job attribute OnExitRemove expression 'NumJobCompletions > JobMaxRetries || ExitCode =?= 0' evaluated to FALSE
...
040 (8018100.355.000) 2026-06-21 16:54:01 Started transferring input files
	Transferring to host: <128.105.68.103:9618?addrs=128.105.68.103-9618+[2607-f388-2200-100-1270-fdff-fe74-930]-9618&alias=gpu2011.chtc.wisc.edu&noUDP&sock=slot2_1_3669582_3c1f_87482>
...
040 (8018100.355.000) 2026-06-21 16:54:15 Finished transferring input files
...
001 (8018100.355.000) 2026-06-21 16:54:15 Job executing on host: <128.105.68.103:9618?addrs=128.105.68.103-9618+[2607-f388-2200-100-1270-fdff-fe74-930]-9618&alias=gpu2011.chtc.wisc.edu&noUDP&sock=startd_12054_9eaf>
	SlotName: slot2_1@gpu2011.chtc.wisc.edu
	AvailableGPUs = { GPUs_MIG_00b83ffb_e443_56b0_81ae_fca0e86cdba2 }
	CondorScratchDir = "/var/lib/condor/execute/slot2/dir_3664672/scratch"
	Cpus = 1
	Disk = 16777216
	GPUs = 1
	GPUs_MIG_00b83ffb_e443_56b0_81ae_fca0e86cdba2 = [ Id = "MIG-00b83ffb-e443-56b0-81ae-fca0e86cdba2"; Capability = 8.0; DeviceName = "NVIDIA A100-SXM4-80GB MIG 3g.40gb"; DeviceUuid = "MIG-00b83ffb-e443-56b0-81ae-fca0e86cdba2"; ECCEnabled = true; NvidiaDriver = "570.195.03"; DriverVersion = 12.8; DevicePciBusId = "0000:81:00.0"; GlobalMemoryMb = 40100; MaxSupportedVersion = 12080 ]
	IoHeavy = 0
	Memory = 16384
...
040 (8018100.355.000) 2026-06-21 16:54:19 Started transferring output files
...
040 (8018100.355.000) 2026-06-21 16:54:19 Finished transferring output files
...
005 (8018100.355.000) 2026-06-21 16:54:20 Job terminated.
	(1) Normal termination (return value 2)
		Usr 0 00:00:02, Sys 0 00:00:01  -  Run Remote Usage
		Usr 0 00:00:00, Sys 0 00:00:00  -  Run Local Usage
		Usr 0 00:00:14, Sys 0 00:00:03  -  Total Remote Usage
		Usr 0 00:00:00, Sys 0 00:00:00  -  Total Local Usage
	442  -  Run Bytes Sent By Job
	2782611099  -  Run Bytes Received By Job
	4943  -  Total Bytes Sent By Job
	30608722089  -  Total Bytes Received By Job
	Partitionable Resources :    Usage  Request Allocated Assigned
	   Cpus                 :        0        1         1 
	   Disk (KB)            :  2717419 16777216  16777216 
	   GPUs                 :        0        1         1 "MIG-00b83ffb-e443-56b0-81ae-fca0e86cdba2"
	   IoHeavy              :                           0 
	   Memory (MB)          :      147    16384     16384 
	   TimeExecute (s)      :        4                    
	   TimeSlotBusy (s)     :       18                    
...
