000 (8017966.039.000) 2026-06-20 22:07:54 Job submitted from host: <128.105.68.112:9618?addrs=128.105.68.112-9618+[2607-f388-2200-100-eaeb-d3ff-fea3-4202]-9618&alias=ap2001.chtc.wisc.edu&noUDP&sock=schedd_4071840_2329>
...
040 (8017966.039.000) 2026-06-20 22:29:38 Started transferring input files
	Transferring to host: <128.105.76.51:9618?addrs=128.105.76.51-9618+[2607-f388-2200-100-925a-8ff-fe34-15b6]-9618&alias=zliu-chtcgpu5000.chtc.wisc.edu&noUDP&sock=backfill1_5_98764_ec29_36574>
...
040 (8017966.039.000) 2026-06-20 22:29:49 Finished transferring input files
...
001 (8017966.039.000) 2026-06-20 22:29:49 Job executing on host: <128.105.76.51:9618?addrs=128.105.76.51-9618+[2607-f388-2200-100-925a-8ff-fe34-15b6]-9618&alias=zliu-chtcgpu5000.chtc.wisc.edu&noUDP&sock=startd_98388_901b>
	SlotName: backfill1_5@zliu-chtcgpu5000.chtc.wisc.edu
	AvailableGPUs = { GPUs_GPU_83640fe1 }
	CondorScratchDir = "/var/lib/condor/execute/slot1/dir_3046342/scratch"
	Cpus = 1
	Disk = 16777216
	GPUs = 1
	GPUs_GPU_83640fe1 = [ Id = "GPU-83640fe1"; Capability = 8.9; DeviceName = "NVIDIA L40S"; DeviceUuid = "83640fe1-a45a-82c3-bd44-f2d045e9521d"; ECCEnabled = true; NvidiaDriver = "590.48.01"; DriverVersion = 13.1; DevicePciBusId = "0000:41:00.0"; GlobalMemoryMb = 45460; MaxSupportedVersion = 13010 ]
	IoHeavy = 0
	Memory = 16384
...
006 (8017966.039.000) 2026-06-20 22:29:58 Image size of job updated: 481332
	471  -  MemoryUsage of job (MB)
	481332  -  ResidentSetSize of job (KB)
...
006 (8017966.039.000) 2026-06-20 22:34:58 Image size of job updated: 1019516
	995  -  MemoryUsage of job (MB)
	1018236  -  ResidentSetSize of job (KB)
...
006 (8017966.039.000) 2026-06-20 22:39:59 Image size of job updated: 1021964
	999  -  MemoryUsage of job (MB)
	1021964  -  ResidentSetSize of job (KB)
...
006 (8017966.039.000) 2026-06-20 22:44:59 Image size of job updated: 1029220
	1006  -  MemoryUsage of job (MB)
	1029220  -  ResidentSetSize of job (KB)
...
006 (8017966.039.000) 2026-06-20 22:50:00 Image size of job updated: 1034808
	1011  -  MemoryUsage of job (MB)
	1034808  -  ResidentSetSize of job (KB)
...
006 (8017966.039.000) 2026-06-20 22:55:01 Image size of job updated: 1042212
	1018  -  MemoryUsage of job (MB)
	1042212  -  ResidentSetSize of job (KB)
...
006 (8017966.039.000) 2026-06-20 23:00:01 Image size of job updated: 1048244
	1024  -  MemoryUsage of job (MB)
	1048244  -  ResidentSetSize of job (KB)
...
006 (8017966.039.000) 2026-06-20 23:05:02 Image size of job updated: 1053988
	1030  -  MemoryUsage of job (MB)
	1053988  -  ResidentSetSize of job (KB)
...
040 (8017966.039.000) 2026-06-20 23:08:47 Started transferring output files
...
040 (8017966.039.000) 2026-06-20 23:08:47 Finished transferring output files
...
005 (8017966.039.000) 2026-06-20 23:08:47 Job terminated.
	(1) Normal termination (return value 0)
		Usr 0 00:39:37, Sys 0 01:55:33  -  Run Remote Usage
		Usr 0 00:00:00, Sys 0 00:00:00  -  Run Local Usage
		Usr 0 00:39:37, Sys 0 01:55:33  -  Total Remote Usage
		Usr 0 00:00:00, Sys 0 00:00:00  -  Total Local Usage
	2639592  -  Run Bytes Sent By Job
	2782495084  -  Run Bytes Received By Job
	2639592  -  Total Bytes Sent By Job
	2782495084  -  Total Bytes Received By Job
	Partitionable Resources :      Usage  Request Allocated Assigned
	   Cpus                 :       0.99        1         1 
	   Disk (KB)            : 2729808    16777216  16777216 
	   GPUs                 :       0.81        1         1 "GPU-83640fe1"
	   GpusMemory (MB)      :    6808                       
	   IoHeavy              :                             0 
	   Memory (MB)          :    1030       16384     16384 
	   TimeExecute (s)      :    2338                       
	   TimeSlotBusy (s)     :    2349                       
...
