000 (8321903.005.000) 2026-06-26 09:00:08 Job submitted from host: <128.105.68.112:9618?addrs=128.105.68.112-9618+[2607-f388-2200-100-eaeb-d3ff-fea3-4202]-9618&alias=ap2001.chtc.wisc.edu&noUDP&sock=schedd_4071840_2329>
...
040 (8321903.005.000) 2026-06-26 09:01:04 Started transferring input files
	Transferring to host: <10.1.1.135:32987?CCBID=128.105.82.148:9618%3faddrs%3d128.105.82.148-9618+[2607-f388-2200-9d-7ccb-bc08-2489-7689]-9618%26alias%3dospool-ccb.osg.chtc.io%26noUDP%26sock%3dcollector10#5018845%2067.58.49.91:9618%3faddrs%3d67.58.49.91-9618+[fdf0-17b3-c3ec-1f79-10-0-5-5b18]-9618%26alias%3dccb-2.ospool.osg-htc.org%26noUDP%26sock%3dcollector6#5017434&PrivNet=gpu05&addrs=10.1.1.135-32987&alias=gpu05&noUDP>
...
040 (8321903.005.000) 2026-06-26 09:01:34 Finished transferring input files
...
021 (8321903.005.000) 2026-06-26 09:01:35 Message from starter on slot1_5@glidein_3369503_43257390@gpu05:
	PREPARE_JOB (prepare-hook) succeeded (reported status 000): Using Singularity image openfe_1.11.1.sif
...
001 (8321903.005.000) 2026-06-26 09:01:35 Job executing on host: <10.1.1.135:41511?CCBID=128.105.82.148:9618%3faddrs%3d128.105.82.148-9618+[2607-f388-2200-9d-7ccb-bc08-2489-7689]-9618%26alias%3dospool-ccb.osg.chtc.io%26noUDP%26sock%3dcollector5#4934916%2067.58.49.91:9618%3faddrs%3d67.58.49.91-9618+[fdf0-17b3-c3ec-1f79-10-0-5-5b18]-9618%26alias%3dccb-2.ospool.osg-htc.org%26noUDP%26sock%3dcollector3#4930778&PrivNet=gpu05&addrs=10.1.1.135-41511&alias=gpu05&noUDP>
	SlotName: slot1_5@glidein_3369503_43257390@gpu05
	AvailableGPUs = { GPUs_GPU_1392eeaa }
	CondorScratchDir = "/tmp/glide_z48YC3/execute/dir_3791385/scratch"
	Cpus = 1
	Disk = 16777216
	GPUs = 1
	GPUs_GPU_1392eeaa = [ Id = "GPU-1392eeaa"; ClockMhz = 1695.0; Capability = 8.6; CoresPerCU = 128; DeviceName = "NVIDIA RTX A5000"; DeviceUuid = "1392eeaa-11be-dc87-a414-72298ca812b6"; ECCEnabled = false; ComputeUnits = 64; NvidiaDriver = "595.71.05"; DriverVersion = 13.2; DevicePciBusId = "0000:81:00.0"; GlobalMemoryMb = 24361; MaxSupportedVersion = 13020 ]
	Memory = 16384
...
006 (8321903.005.000) 2026-06-26 09:01:44 Image size of job updated: 2
	6  -  MemoryUsage of job (MB)
	5344  -  ResidentSetSize of job (KB)
...
006 (8321903.005.000) 2026-06-26 09:06:45 Image size of job updated: 31407000
	2303  -  MemoryUsage of job (MB)
	2357896  -  ResidentSetSize of job (KB)
...
006 (8321903.005.000) 2026-06-26 09:11:46 Image size of job updated: 31410172
	2307  -  MemoryUsage of job (MB)
	2361460  -  ResidentSetSize of job (KB)
...
006 (8321903.005.000) 2026-06-26 09:16:46 Image size of job updated: 31413812
	2317  -  MemoryUsage of job (MB)
	2371700  -  ResidentSetSize of job (KB)
...
006 (8321903.005.000) 2026-06-26 09:21:47 Image size of job updated: 31418828
	2380  -  MemoryUsage of job (MB)
	2436724  -  ResidentSetSize of job (KB)
...
006 (8321903.005.000) 2026-06-26 09:26:47 Image size of job updated: 31424504
	2385  -  MemoryUsage of job (MB)
	2441844  -  ResidentSetSize of job (KB)
...
006 (8321903.005.000) 2026-06-26 09:31:48 Image size of job updated: 31430048
	2391  -  MemoryUsage of job (MB)
	2447988  -  ResidentSetSize of job (KB)
...
006 (8321903.005.000) 2026-06-26 09:36:48 Image size of job updated: 31435728
	2396  -  MemoryUsage of job (MB)
	2453108  -  ResidentSetSize of job (KB)
...
006 (8321903.005.000) 2026-06-26 09:41:49 Image size of job updated: 31440876
	2402  -  MemoryUsage of job (MB)
	2458740  -  ResidentSetSize of job (KB)
...
040 (8321903.005.000) 2026-06-26 09:45:22 Started transferring output files
...
040 (8321903.005.000) 2026-06-26 09:45:22 Finished transferring output files
...
005 (8321903.005.000) 2026-06-26 09:45:23 Job terminated.
	(1) Normal termination (return value 0)
		Usr 0 00:42:38, Sys 0 00:07:24  -  Run Remote Usage
		Usr 0 00:00:00, Sys 0 00:00:00  -  Run Local Usage
		Usr 0 00:42:38, Sys 0 00:07:24  -  Total Remote Usage
		Usr 0 00:00:00, Sys 0 00:00:00  -  Total Local Usage
	1570014  -  Run Bytes Sent By Job
	2781014120  -  Run Bytes Received By Job
	1570014  -  Total Bytes Sent By Job
	2781014120  -  Total Bytes Received By Job
	Partitionable Resources :      Usage  Request Allocated Assigned
	   Cpus                 :       1.00        1         1 
	   Disk (KB)            : 2728602    16777216  16777216 
	   GPUs                 :       0.84        1         1 "GPU-1392eeaa"
	   GpusMemory (MB)      :    3235                       
	   Memory (MB)          :    2402       16384     16384 
	   TimeExecute (s)      :    2627                       
	   TimeSlotBusy (s)     :    2659                       
...
