000 (8017966.534.000) 2026-06-20 22:07:54 Job submitted from host: <128.105.68.112:9618?addrs=128.105.68.112-9618+[2607-f388-2200-100-eaeb-d3ff-fea3-4202]-9618&alias=ap2001.chtc.wisc.edu&noUDP&sock=schedd_4071840_2329>
...
040 (8017966.534.000) 2026-06-21 02:49:44 Started transferring input files
	Transferring to host: <128.105.68.166:9618?addrs=128.105.68.166-9618+[2607-f388-2200-100-b62e-99ff-feb7-2e2d]-9618&alias=gpulab2001.chtc.wisc.edu&noUDP&sock=slot2_2_11113_dd1d_52405>
...
040 (8017966.534.000) 2026-06-21 02:50:03 Finished transferring input files
...
001 (8017966.534.000) 2026-06-21 02:50:03 Job executing on host: <128.105.68.166:9618?addrs=128.105.68.166-9618+[2607-f388-2200-100-b62e-99ff-feb7-2e2d]-9618&alias=gpulab2001.chtc.wisc.edu&noUDP&sock=startd_10083_ad84>
	SlotName: slot2_2@gpulab2001.chtc.wisc.edu
	AvailableGPUs = { GPUs_GPU_5498e439 }
	CondorScratchDir = "/var/lib/condor/execute/slot2/dir_899352/scratch"
	Cpus = 1
	Disk = 16777216
	GPUs = 1
	GPUs_GPU_5498e439 = [ Id = "GPU-5498e439"; Capability = 7.5; DeviceName = "NVIDIA GeForce RTX 2080 Ti"; DeviceUuid = "5498e439-bec3-fa72-ed65-a45d5f53e1b5"; ECCEnabled = false; NvidiaDriver = "570.195.03"; DriverVersion = 12.8; DevicePciBusId = "0000:3E:00.0"; GlobalMemoryMb = 10823; MaxSupportedVersion = 12080 ]
	IoHeavy = 0
	Memory = 16384
...
006 (8017966.534.000) 2026-06-21 02:50:12 Image size of job updated: 319548
	313  -  MemoryUsage of job (MB)
	319548  -  ResidentSetSize of job (KB)
...
006 (8017966.534.000) 2026-06-21 02:55:13 Image size of job updated: 1686280
	1647  -  MemoryUsage of job (MB)
	1685836  -  ResidentSetSize of job (KB)
...
006 (8017966.534.000) 2026-06-21 03:00:13 Image size of job updated: 1686280
	1647  -  MemoryUsage of job (MB)
	1686148  -  ResidentSetSize of job (KB)
...
006 (8017966.534.000) 2026-06-21 03:20:15 Image size of job updated: 1689376
	1650  -  MemoryUsage of job (MB)
	1689376  -  ResidentSetSize of job (KB)
...
006 (8017966.534.000) 2026-06-21 03:25:16 Image size of job updated: 1689808
	1651  -  MemoryUsage of job (MB)
	1689808  -  ResidentSetSize of job (KB)
...
006 (8017966.534.000) 2026-06-21 03:35:17 Image size of job updated: 1689812
	1651  -  MemoryUsage of job (MB)
	1689812  -  ResidentSetSize of job (KB)
...
006 (8017966.534.000) 2026-06-21 03:45:17 Image size of job updated: 1689832
	1651  -  MemoryUsage of job (MB)
	1689832  -  ResidentSetSize of job (KB)
...
006 (8017966.534.000) 2026-06-21 03:50:18 Image size of job updated: 1689840
	1651  -  MemoryUsage of job (MB)
	1689840  -  ResidentSetSize of job (KB)
...
006 (8017966.534.000) 2026-06-21 04:10:19 Image size of job updated: 1689844
	1651  -  MemoryUsage of job (MB)
	1689844  -  ResidentSetSize of job (KB)
...
006 (8017966.534.000) 2026-06-21 04:35:23 Image size of job updated: 1689876
	1651  -  MemoryUsage of job (MB)
	1689876  -  ResidentSetSize of job (KB)
...
006 (8017966.534.000) 2026-06-21 05:00:25 Image size of job updated: 1690608
	1651  -  MemoryUsage of job (MB)
	1690608  -  ResidentSetSize of job (KB)
...
006 (8017966.534.000) 2026-06-21 05:05:25 Image size of job updated: 1690612
	1651  -  MemoryUsage of job (MB)
	1690612  -  ResidentSetSize of job (KB)
...
040 (8017966.534.000) 2026-06-21 05:29:45 Started transferring output files
...
040 (8017966.534.000) 2026-06-21 05:29:45 Finished transferring output files
...
005 (8017966.534.000) 2026-06-21 05:29:46 Job terminated.
	(1) Normal termination (return value 0)
		Usr 0 02:41:57, Sys 0 00:14:39  -  Run Remote Usage
		Usr 0 00:00:00, Sys 0 00:00:00  -  Run Local Usage
		Usr 0 02:41:57, Sys 0 00:14:39  -  Total Remote Usage
		Usr 0 00:00:00, Sys 0 00:00:00  -  Total Local Usage
	10422813  -  Run Bytes Sent By Job
	2782495729  -  Run Bytes Received By Job
	10422813  -  Total Bytes Sent By Job
	2782495729  -  Total Bytes Received By Job
	Partitionable Resources :      Usage  Request Allocated Assigned
	   Cpus                 :       0.99        1         1 
	   Disk (KB)            : 2788786    16777216  16777216 
	   GPUs                 :       0.05        1         1 "GPU-5498e439"
	   GpusMemory (MB)      :    3071                       
	   IoHeavy              :                             0 
	   Memory (MB)          :    1651       16384     16384 
	   TimeExecute (s)      :    9582                       
	   TimeSlotBusy (s)     :    9601                       
...
