000 (8180963.158.000) 2026-06-24 12:19:47 Job submitted from host: <128.105.68.112:9618?addrs=128.105.68.112-9618+[2607-f388-2200-100-eaeb-d3ff-fea3-4202]-9618&alias=ap2001.chtc.wisc.edu&noUDP&sock=schedd_4071840_2329>
...
040 (8180963.158.000) 2026-06-24 16:12:00 Started transferring input files
	Transferring to host: <128.104.100.52:9618?addrs=128.104.100.52-9618+[2607-f388-107c-501-7ec2-55ff-fe99-a48c]-9618&alias=jcaicedogpu0000.chtc.wisc.edu&noUDP&sock=backfill1_9_12267_f60c_18341>
...
040 (8180963.158.000) 2026-06-24 16:12:43 Finished transferring input files
...
001 (8180963.158.000) 2026-06-24 16:12:43 Job executing on host: <128.104.100.52:9618?addrs=128.104.100.52-9618+[2607-f388-107c-501-7ec2-55ff-fe99-a48c]-9618&alias=jcaicedogpu0000.chtc.wisc.edu&noUDP&sock=startd_10725_0952>
	SlotName: backfill1_9@jcaicedogpu0000.chtc.wisc.edu
	AvailableGPUs = { GPUs_GPU_3e5d88cd }
	CondorScratchDir = "/var/lib/condor/execute/slot1/dir_1979164/scratch"
	Cpus = 1
	Disk = 16777216
	GPUs = 1
	GPUs_GPU_3e5d88cd = [ Id = "GPU-3e5d88cd"; Capability = 8.9; DeviceName = "NVIDIA L40"; DeviceUuid = "3e5d88cd-2057-e395-d463-c469e6fdcb13"; ECCEnabled = true; NvidiaDriver = "570.195.03"; DriverVersion = 12.8; DevicePciBusId = "0000:52:00.0"; GlobalMemoryMb = 45468; MaxSupportedVersion = 12080 ]
	IoHeavy = 0
	Memory = 16384
...
006 (8180963.158.000) 2026-06-24 16:12:52 Image size of job updated: 401052
	392  -  MemoryUsage of job (MB)
	401052  -  ResidentSetSize of job (KB)
...
006 (8180963.158.000) 2026-06-24 16:17:53 Image size of job updated: 956352
	932  -  MemoryUsage of job (MB)
	954360  -  ResidentSetSize of job (KB)
...
006 (8180963.158.000) 2026-06-24 16:22:54 Image size of job updated: 958280
	936  -  MemoryUsage of job (MB)
	958280  -  ResidentSetSize of job (KB)
...
006 (8180963.158.000) 2026-06-24 16:27:54 Image size of job updated: 966296
	944  -  MemoryUsage of job (MB)
	966296  -  ResidentSetSize of job (KB)
...
006 (8180963.158.000) 2026-06-24 16:32:55 Image size of job updated: 973664
	951  -  MemoryUsage of job (MB)
	973664  -  ResidentSetSize of job (KB)
...
006 (8180963.158.000) 2026-06-24 16:37:55 Image size of job updated: 981004
	959  -  MemoryUsage of job (MB)
	981004  -  ResidentSetSize of job (KB)
...
006 (8180963.158.000) 2026-06-24 16:42:55 Image size of job updated: 986144
	964  -  MemoryUsage of job (MB)
	986144  -  ResidentSetSize of job (KB)
...
006 (8180963.158.000) 2026-06-24 16:47:56 Image size of job updated: 986652
	964  -  MemoryUsage of job (MB)
	986652  -  ResidentSetSize of job (KB)
...
040 (8180963.158.000) 2026-06-24 16:51:26 Started transferring output files
...
040 (8180963.158.000) 2026-06-24 16:51:26 Finished transferring output files
...
005 (8180963.158.000) 2026-06-24 16:51:26 Job terminated.
	(1) Normal termination (return value 0)
		Usr 0 00:39:22, Sys 0 00:15:05  -  Run Remote Usage
		Usr 0 00:00:00, Sys 0 00:00:00  -  Run Local Usage
		Usr 0 00:39:22, Sys 0 00:15:05  -  Total Remote Usage
		Usr 0 00:00:00, Sys 0 00:00:00  -  Total Local Usage
	1613058  -  Run Bytes Sent By Job
	2781815813  -  Run Bytes Received By Job
	1613058  -  Total Bytes Sent By Job
	2781815813  -  Total Bytes Received By Job
	Partitionable Resources :      Usage  Request Allocated Assigned
	   Cpus                 :       1.47        1         1 
	   Disk (KB)            : 2729685    16777216  16777216 
	   GPUs                 :       0.86        1         1 "GPU-3e5d88cd"
	   GpusMemory (MB)      :    6773                       
	   IoHeavy              :                             0 
	   Memory (MB)          :     964       16384     16384 
	   TimeExecute (s)      :    2323                       
	   TimeSlotBusy (s)     :    2366                       
...
