000 (8180963.277.000) 2026-06-24 12:19:47 Job submitted from host: <128.105.68.112:9618?addrs=128.105.68.112-9618+[2607-f388-2200-100-eaeb-d3ff-fea3-4202]-9618&alias=ap2001.chtc.wisc.edu&noUDP&sock=schedd_4071840_2329>
...
040 (8180963.277.000) 2026-06-24 22:29:04 Started transferring input files
	Transferring to host: <128.105.69.60:9618?addrs=128.105.69.60-9618+[2607-f388-2200-100-527c-6fff-fe66-e7e2]-9618&alias=blengerichgpu4000.chtc.wisc.edu&noUDP&sock=backfill1_1_1843674_de95_105424>
...
040 (8180963.277.000) 2026-06-24 22:30:24 Finished transferring input files
...
001 (8180963.277.000) 2026-06-24 22:30:24 Job executing on host: <128.105.69.60:9618?addrs=128.105.69.60-9618+[2607-f388-2200-100-527c-6fff-fe66-e7e2]-9618&alias=blengerichgpu4000.chtc.wisc.edu&noUDP&sock=startd_11585_ecc4>
	SlotName: backfill1_1@blengerichgpu4000.chtc.wisc.edu
	AvailableGPUs = { GPUs_GPU_38082b59 }
	CondorScratchDir = "/var/lib/condor/execute/slot1/dir_3806519/scratch"
	Cpus = 1
	Disk = 16777216
	GPUs = 1
	GPUs_GPU_38082b59 = [ Id = "GPU-38082b59"; Capability = 8.9; DeviceName = "NVIDIA L40S"; DeviceUuid = "38082b59-1834-f198-2686-31feb9eecc5b"; ECCEnabled = true; NvidiaDriver = "570.195.03"; DriverVersion = 12.8; DevicePciBusId = "0000:E1:00.0"; GlobalMemoryMb = 45468; MaxSupportedVersion = 12080 ]
	IoHeavy = 0
	Memory = 16384
...
006 (8180963.277.000) 2026-06-24 22:30:33 Image size of job updated: 434144
	424  -  MemoryUsage of job (MB)
	434144  -  ResidentSetSize of job (KB)
...
006 (8180963.277.000) 2026-06-24 22:31:06 Image size of job updated: 716324
	425  -  MemoryUsage of job (MB)
	434212  -  ResidentSetSize of job (KB)
...
040 (8180963.277.000) 2026-06-24 22:31:06 Started transferring output files
...
040 (8180963.277.000) 2026-06-24 22:31:06 Finished transferring output files
...
004 (8180963.277.000) 2026-06-24 22:31:07 Job was evicted.
	(0) Job terminated and was requeued
		Usr 0 00:00:38, Sys 0 00:00:01  -  Run Remote Usage
		Usr 0 00:00:00, Sys 0 00:00:00  -  Run Local Usage
	15419  -  Run Bytes Sent By Job
	2782578124  -  Run Bytes Received By Job
	(1) Normal termination (return value 1)
	The job attribute OnExitRemove expression 'NumJobCompletions > JobMaxRetries || ExitCode =?= 0' evaluated to FALSE
...
040 (8180963.277.000) 2026-06-24 22:31:22 Started transferring input files
	Transferring to host: <10.32.89.13:38169?CCBID=128.105.82.148:9618%3faddrs%3d128.105.82.148-9618+[2607-f388-2200-9d-7ccb-bc08-2489-7689]-9618%26alias%3dospool-ccb.osg.chtc.io%26noUDP%26sock%3dcollector9#4779733%2067.58.49.91:9618%3faddrs%3d67.58.49.91-9618+[fdf0-17b3-c3ec-1f79-10-0-d-2091]-9618%26alias%3dccb-2.ospool.osg-htc.org%26noUDP%26sock%3dcollector5#4774379&PrivNet=qa-rtx6k-020.crc.nd.edu&addrs=10.32.89.13-38169&alias=qa-rtx6k-020.crc.nd.edu&noUDP>
...
040 (8180963.277.000) 2026-06-24 22:31:42 Finished transferring input files
...
021 (8180963.277.000) 2026-06-24 22:31:43 Message from starter on slot1_1@glidein_2036748_166792050@qa-rtx6k-020.crc.nd.edu:
	PREPARE_JOB (prepare-hook) succeeded (reported status 000): Using Singularity image openfe_1.11.1.sif
...
001 (8180963.277.000) 2026-06-24 22:31:43 Job executing on host: <10.32.89.13:44621?CCBID=128.105.82.148:9618%3faddrs%3d128.105.82.148-9618+[2607-f388-2200-9d-7ccb-bc08-2489-7689]-9618%26alias%3dospool-ccb.osg.chtc.io%26noUDP%26sock%3dcollector3#4715408%2067.58.49.91:9618%3faddrs%3d67.58.49.91-9618+[fdf0-17b3-c3ec-1f79-10-0-d-2091]-9618%26alias%3dccb-2.ospool.osg-htc.org%26noUDP%26sock%3dcollector7#4704821&PrivNet=qa-rtx6k-020.crc.nd.edu&addrs=10.32.89.13-44621&alias=qa-rtx6k-020.crc.nd.edu&noUDP>
	SlotName: slot1_1@glidein_2036748_166792050@qa-rtx6k-020.crc.nd.edu
	AvailableGPUs = { GPUs_GPU_cdc2f8b7 }
	CondorScratchDir = "/var/condor/execute/dir_2036746/glide_kWlA9O/execute/dir_2577991/scratch"
	Cpus = 1
	Disk = 16777216
	GPUs = 1
	GPUs_GPU_cdc2f8b7 = [ Id = "GPU-cdc2f8b7"; ClockMhz = 1620.0; Capability = 7.5; CoresPerCU = 64; DeviceName = "Quadro RTX 6000"; DeviceUuid = "cdc2f8b7-07e5-4ac3-f16f-297fc7769345"; ECCEnabled = true; ComputeUnits = 72; NvidiaDriver = "595.71.05"; DriverVersion = 13.2; DevicePciBusId = "0000:06:00.0"; GlobalMemoryMb = 22684; MaxSupportedVersion = 13020 ]
	Memory = 16384
...
006 (8180963.277.000) 2026-06-24 22:33:20 Image size of job updated: 10755472
	971  -  MemoryUsage of job (MB)
	993844  -  ResidentSetSize of job (KB)
...
040 (8180963.277.000) 2026-06-24 22:33:20 Started transferring output files
...
040 (8180963.277.000) 2026-06-24 22:33:20 Finished transferring output files
...
004 (8180963.277.000) 2026-06-24 22:33:20 Job was evicted.
	(0) Job terminated and was requeued
		Usr 0 00:01:21, Sys 0 00:00:03  -  Run Remote Usage
		Usr 0 00:00:00, Sys 0 00:00:00  -  Run Local Usage
	10342  -  Run Bytes Sent By Job
	2782578124  -  Run Bytes Received By Job
	(1) Normal termination (return value 1)
	The job attribute OnExitRemove expression 'NumJobCompletions > JobMaxRetries || ExitCode =?= 0' evaluated to FALSE
...
040 (8180963.277.000) 2026-06-24 22:34:49 Started transferring input files
	Transferring to host: <10.1.1.134:34463?CCBID=128.105.82.148:9618%3faddrs%3d128.105.82.148-9618+[2607-f388-2200-9d-7ccb-bc08-2489-7689]-9618%26alias%3dospool-ccb.osg.chtc.io%26noUDP%26sock%3dcollector10#4776161%2067.58.49.91:9618%3faddrs%3d67.58.49.91-9618+[fdf0-17b3-c3ec-1f79-10-0-d-2091]-9618%26alias%3dccb-2.ospool.osg-htc.org%26noUDP%26sock%3dcollector4#4768925&PrivNet=gpu04&addrs=10.1.1.134-34463&alias=gpu04&noUDP>
...
040 (8180963.277.000) 2026-06-24 22:37:46 Finished transferring input files
...
021 (8180963.277.000) 2026-06-24 22:37:47 Message from starter on slot1_1@glidein_3687218_896340121@gpu04:
	PREPARE_JOB (prepare-hook) succeeded (reported status 000): Using Singularity image openfe_1.11.1.sif
...
001 (8180963.277.000) 2026-06-24 22:37:47 Job executing on host: <10.1.1.134:33865?CCBID=128.105.82.148:9618%3faddrs%3d128.105.82.148-9618+[2607-f388-2200-9d-7ccb-bc08-2489-7689]-9618%26alias%3dospool-ccb.osg.chtc.io%26noUDP%26sock%3dcollector3#4757245%2067.58.49.91:9618%3faddrs%3d67.58.49.91-9618+[fdf0-17b3-c3ec-1f79-10-0-d-2091]-9618%26alias%3dccb-2.ospool.osg-htc.org%26noUDP%26sock%3dcollector3#4745905&PrivNet=gpu04&addrs=10.1.1.134-33865&alias=gpu04&noUDP>
	SlotName: slot1_1@glidein_3687218_896340121@gpu04
	AvailableGPUs = { GPUs_GPU_f2f616f0 }
	CondorScratchDir = "/tmp/glide_ljkirU/execute/dir_3846513/scratch"
	Cpus = 1
	Disk = 16777216
	GPUs = 1
	GPUs_GPU_f2f616f0 = [ Id = "GPU-f2f616f0"; ClockMhz = 1740.0; Capability = 8.6; CoresPerCU = 128; DeviceName = "NVIDIA A40"; DeviceUuid = "f2f616f0-ccba-c9ae-e061-d24d67b79f97"; ECCEnabled = true; ComputeUnits = 84; NvidiaDriver = "595.71.05"; DriverVersion = 13.2; DevicePciBusId = "0000:01:00.0"; GlobalMemoryMb = 45739; MaxSupportedVersion = 13020 ]
	Memory = 16384
...
040 (8180963.277.000) 2026-06-24 22:38:57 Started transferring output files
...
040 (8180963.277.000) 2026-06-24 22:38:57 Finished transferring output files
...
004 (8180963.277.000) 2026-06-24 22:38:58 Job was evicted.
	(0) Job terminated and was requeued
		Usr 0 00:00:55, Sys 0 00:00:03  -  Run Remote Usage
		Usr 0 00:00:00, Sys 0 00:00:00  -  Run Local Usage
	10383  -  Run Bytes Sent By Job
	2782578124  -  Run Bytes Received By Job
	(1) Normal termination (return value 1)
	The job attribute OnExitRemove expression 'NumJobCompletions > JobMaxRetries || ExitCode =?= 0' evaluated to FALSE
...
040 (8180963.277.000) 2026-06-24 22:39:43 Started transferring input files
	Transferring to host: <128.105.76.52:9618?addrs=128.105.76.52-9618+[2607-f388-2200-100-b65c-b5ff-fe81-e53e]-9618&alias=dbrundage-chtcgpu5000.chtc.wisc.edu&noUDP&sock=backfill1_3_11313_c825_24488>
...
040 (8180963.277.000) 2026-06-24 22:39:54 Finished transferring input files
...
001 (8180963.277.000) 2026-06-24 22:39:54 Job executing on host: <128.105.76.52:9618?addrs=128.105.76.52-9618+[2607-f388-2200-100-b65c-b5ff-fe81-e53e]-9618&alias=dbrundage-chtcgpu5000.chtc.wisc.edu&noUDP&sock=startd_10956_7bb2>
	SlotName: backfill1_3@dbrundage-chtcgpu5000.chtc.wisc.edu
	AvailableGPUs = { GPUs_GPU_51d5c720 }
	CondorScratchDir = "/var/lib/condor/execute/slot1/dir_3199976/scratch"
	Cpus = 1
	Disk = 16777216
	GPUs = 1
	GPUs_GPU_51d5c720 = [ Id = "GPU-51d5c720"; Capability = 9.0; DeviceName = "NVIDIA H200"; DeviceUuid = "51d5c720-5fa1-f041-4e6a-f687563a7cc3"; ECCEnabled = true; NvidiaDriver = "590.48.01"; DriverVersion = 13.1; DevicePciBusId = "0000:4C:00.0"; GlobalMemoryMb = 143158; MaxSupportedVersion = 13010 ]
	IoHeavy = 0
	Memory = 16384
...
040 (8180963.277.000) 2026-06-24 22:40:42 Started transferring output files
...
040 (8180963.277.000) 2026-06-24 22:40:42 Finished transferring output files
...
004 (8180963.277.000) 2026-06-24 22:40:43 Job was evicted.
	(0) Job terminated and was requeued
		Usr 0 00:00:45, Sys 0 00:00:02  -  Run Remote Usage
		Usr 0 00:00:00, Sys 0 00:00:00  -  Run Local Usage
	15494  -  Run Bytes Sent By Job
	2782578124  -  Run Bytes Received By Job
	(1) Normal termination (return value 1)
	The job attribute OnExitRemove expression 'NumJobCompletions > JobMaxRetries || ExitCode =?= 0' evaluated to FALSE
...
040 (8180963.277.000) 2026-06-24 22:41:38 Started transferring input files
	Transferring to host: <128.105.76.52:9618?addrs=128.105.76.52-9618+[2607-f388-2200-100-b65c-b5ff-fe81-e53e]-9618&alias=dbrundage-chtcgpu5000.chtc.wisc.edu&noUDP&sock=backfill1_4_11313_c825_24491>
...
040 (8180963.277.000) 2026-06-24 22:41:58 Finished transferring input files
...
001 (8180963.277.000) 2026-06-24 22:41:58 Job executing on host: <128.105.76.52:9618?addrs=128.105.76.52-9618+[2607-f388-2200-100-b65c-b5ff-fe81-e53e]-9618&alias=dbrundage-chtcgpu5000.chtc.wisc.edu&noUDP&sock=startd_10956_7bb2>
	SlotName: backfill1_4@dbrundage-chtcgpu5000.chtc.wisc.edu
	AvailableGPUs = { GPUs_GPU_89711c58 }
	CondorScratchDir = "/var/lib/condor/execute/slot1/dir_3211555/scratch"
	Cpus = 1
	Disk = 16777216
	GPUs = 1
	GPUs_GPU_89711c58 = [ Id = "GPU-89711c58"; Capability = 9.0; DeviceName = "NVIDIA H200"; DeviceUuid = "89711c58-2491-4da3-66bc-205872c162a4"; ECCEnabled = true; NvidiaDriver = "590.48.01"; DriverVersion = 13.1; DevicePciBusId = "0000:3B:00.0"; GlobalMemoryMb = 143158; MaxSupportedVersion = 13010 ]
	IoHeavy = 0
	Memory = 16384
...
040 (8180963.277.000) 2026-06-24 22:42:44 Started transferring output files
...
040 (8180963.277.000) 2026-06-24 22:42:44 Finished transferring output files
...
004 (8180963.277.000) 2026-06-24 22:42:45 Job was evicted.
	(0) Job terminated and was requeued
		Usr 0 00:00:43, Sys 0 00:00:02  -  Run Remote Usage
		Usr 0 00:00:00, Sys 0 00:00:00  -  Run Local Usage
	15491  -  Run Bytes Sent By Job
	2782578124  -  Run Bytes Received By Job
	(1) Normal termination (return value 1)
	The job attribute OnExitRemove expression 'NumJobCompletions > JobMaxRetries || ExitCode =?= 0' evaluated to FALSE
...
040 (8180963.277.000) 2026-06-24 22:42:52 Started transferring input files
	Transferring to host: <128.105.68.129:9618?addrs=128.105.68.129-9618+[2607-f388-2200-100-7e8c-9ff-fee9-7284]-9618&alias=gchrysosgpu4000.chtc.wisc.edu&noUDP&sock=backfill1_4_11538_508e_14728>
...
040 (8180963.277.000) 2026-06-24 22:43:00 Finished transferring input files
...
001 (8180963.277.000) 2026-06-24 22:43:00 Job executing on host: <128.105.68.129:9618?addrs=128.105.68.129-9618+[2607-f388-2200-100-7e8c-9ff-fee9-7284]-9618&alias=gchrysosgpu4000.chtc.wisc.edu&noUDP&sock=startd_11234_2b06>
	SlotName: backfill1_4@gchrysosgpu4000.chtc.wisc.edu
	AvailableGPUs = { GPUs_GPU_a7eb415d }
	CondorScratchDir = "/var/lib/condor/execute/slot1/dir_2922114/scratch"
	Cpus = 1
	Disk = 16777216
	GPUs = 1
	GPUs_GPU_a7eb415d = [ Id = "GPU-a7eb415d"; Capability = 8.9; DeviceName = "NVIDIA L40S"; DeviceUuid = "a7eb415d-ad80-a7f5-4da4-f4abf56d5f33"; ECCEnabled = true; NvidiaDriver = "570.195.03"; DriverVersion = 12.8; DevicePciBusId = "0000:AD:00.0"; GlobalMemoryMb = 45468; MaxSupportedVersion = 12080 ]
	IoHeavy = 0
	Memory = 16384
...
040 (8180963.277.000) 2026-06-24 22:43:42 Started transferring output files
...
040 (8180963.277.000) 2026-06-24 22:43:42 Finished transferring output files
...
004 (8180963.277.000) 2026-06-24 22:43:43 Job was evicted.
	(0) Job terminated and was requeued
		Usr 0 00:00:39, Sys 0 00:00:01  -  Run Remote Usage
		Usr 0 00:00:00, Sys 0 00:00:00  -  Run Local Usage
	15414  -  Run Bytes Sent By Job
	2782578124  -  Run Bytes Received By Job
	(1) Normal termination (return value 1)
	The job attribute OnExitRemove expression 'NumJobCompletions > JobMaxRetries || ExitCode =?= 0' evaluated to FALSE
...
040 (8180963.277.000) 2026-06-24 22:44:07 Started transferring input files
	Transferring to host: <128.105.68.129:9618?addrs=128.105.68.129-9618+[2607-f388-2200-100-7e8c-9ff-fee9-7284]-9618&alias=gchrysosgpu4000.chtc.wisc.edu&noUDP&sock=backfill1_4_11538_508e_14733>
...
040 (8180963.277.000) 2026-06-24 22:44:20 Finished transferring input files
...
001 (8180963.277.000) 2026-06-24 22:44:20 Job executing on host: <128.105.68.129:9618?addrs=128.105.68.129-9618+[2607-f388-2200-100-7e8c-9ff-fee9-7284]-9618&alias=gchrysosgpu4000.chtc.wisc.edu&noUDP&sock=startd_11234_2b06>
	SlotName: backfill1_4@gchrysosgpu4000.chtc.wisc.edu
	AvailableGPUs = { GPUs_GPU_a7eb415d }
	CondorScratchDir = "/var/lib/condor/execute/slot1/dir_2922584/scratch"
	Cpus = 1
	Disk = 16777216
	GPUs = 1
	GPUs_GPU_a7eb415d = [ Id = "GPU-a7eb415d"; Capability = 8.9; DeviceName = "NVIDIA L40S"; DeviceUuid = "a7eb415d-ad80-a7f5-4da4-f4abf56d5f33"; ECCEnabled = true; NvidiaDriver = "570.195.03"; DriverVersion = 12.8; DevicePciBusId = "0000:AD:00.0"; GlobalMemoryMb = 45468; MaxSupportedVersion = 12080 ]
	IoHeavy = 0
	Memory = 16384
...
040 (8180963.277.000) 2026-06-24 22:45:02 Started transferring output files
...
040 (8180963.277.000) 2026-06-24 22:45:02 Finished transferring output files
...
004 (8180963.277.000) 2026-06-24 22:45:03 Job was evicted.
	(0) Job terminated and was requeued
		Usr 0 00:00:40, Sys 0 00:00:01  -  Run Remote Usage
		Usr 0 00:00:00, Sys 0 00:00:00  -  Run Local Usage
	15414  -  Run Bytes Sent By Job
	2782578124  -  Run Bytes Received By Job
	(1) Normal termination (return value 1)
	The job attribute OnExitRemove expression 'NumJobCompletions > JobMaxRetries || ExitCode =?= 0' evaluated to FALSE
...
040 (8180963.277.000) 2026-06-24 22:45:25 Started transferring input files
	Transferring to host: <128.105.69.47:9618?addrs=128.105.69.47-9618+[2607-f388-2200-100-527c-6fff-fe66-eac6]-9618&alias=amuraligpu4000.chtc.wisc.edu&noUDP&sock=backfill1_1_1332502_f3e3_102382>
...
040 (8180963.277.000) 2026-06-24 22:45:38 Finished transferring input files
...
001 (8180963.277.000) 2026-06-24 22:45:38 Job executing on host: <128.105.69.47:9618?addrs=128.105.69.47-9618+[2607-f388-2200-100-527c-6fff-fe66-eac6]-9618&alias=amuraligpu4000.chtc.wisc.edu&noUDP&sock=startd_11579_cf33>
	SlotName: backfill1_1@amuraligpu4000.chtc.wisc.edu
	AvailableGPUs = { GPUs_GPU_20c553dd }
	CondorScratchDir = "/var/lib/condor/execute/slot1/dir_2474063/scratch"
	Cpus = 1
	Disk = 16777216
	GPUs = 1
	GPUs_GPU_20c553dd = [ Id = "GPU-20c553dd"; Capability = 8.9; DeviceName = "NVIDIA L40S"; DeviceUuid = "20c553dd-618e-6513-475b-58abb47bcad3"; ECCEnabled = true; NvidiaDriver = "570.195.03"; DriverVersion = 12.8; DevicePciBusId = "0000:E1:00.0"; GlobalMemoryMb = 45468; MaxSupportedVersion = 12080 ]
	IoHeavy = 0
	Memory = 16384
...
040 (8180963.277.000) 2026-06-24 22:46:22 Started transferring output files
...
040 (8180963.277.000) 2026-06-24 22:46:22 Finished transferring output files
...
004 (8180963.277.000) 2026-06-24 22:46:22 Job was evicted.
	(0) Job terminated and was requeued
		Usr 0 00:00:40, Sys 0 00:00:02  -  Run Remote Usage
		Usr 0 00:00:00, Sys 0 00:00:00  -  Run Local Usage
	15410  -  Run Bytes Sent By Job
	2782578124  -  Run Bytes Received By Job
	(1) Normal termination (return value 1)
	The job attribute OnExitRemove expression 'NumJobCompletions > JobMaxRetries || ExitCode =?= 0' evaluated to FALSE
...
040 (8180963.277.000) 2026-06-24 22:47:20 Started transferring input files
	Transferring to host: <128.105.76.52:9618?addrs=128.105.76.52-9618+[2607-f388-2200-100-b65c-b5ff-fe81-e53e]-9618&alias=dbrundage-chtcgpu5000.chtc.wisc.edu&noUDP&sock=backfill1_3_11313_c825_24516>
...
040 (8180963.277.000) 2026-06-24 22:48:03 Finished transferring input files
...
001 (8180963.277.000) 2026-06-24 22:48:03 Job executing on host: <128.105.76.52:9618?addrs=128.105.76.52-9618+[2607-f388-2200-100-b65c-b5ff-fe81-e53e]-9618&alias=dbrundage-chtcgpu5000.chtc.wisc.edu&noUDP&sock=startd_10956_7bb2>
	SlotName: backfill1_3@dbrundage-chtcgpu5000.chtc.wisc.edu
	AvailableGPUs = { GPUs_GPU_51d5c720 }
	CondorScratchDir = "/var/lib/condor/execute/slot1/dir_3251150/scratch"
	Cpus = 1
	Disk = 16777216
	GPUs = 1
	GPUs_GPU_51d5c720 = [ Id = "GPU-51d5c720"; Capability = 9.0; DeviceName = "NVIDIA H200"; DeviceUuid = "51d5c720-5fa1-f041-4e6a-f687563a7cc3"; ECCEnabled = true; NvidiaDriver = "590.48.01"; DriverVersion = 13.1; DevicePciBusId = "0000:4C:00.0"; GlobalMemoryMb = 143158; MaxSupportedVersion = 13010 ]
	IoHeavy = 0
	Memory = 16384
...
040 (8180963.277.000) 2026-06-24 22:48:50 Started transferring output files
...
040 (8180963.277.000) 2026-06-24 22:48:50 Finished transferring output files
...
004 (8180963.277.000) 2026-06-24 22:48:50 Job was evicted.
	(0) Job terminated and was requeued
		Usr 0 00:00:44, Sys 0 00:00:02  -  Run Remote Usage
		Usr 0 00:00:00, Sys 0 00:00:00  -  Run Local Usage
	15491  -  Run Bytes Sent By Job
	2782578124  -  Run Bytes Received By Job
	(1) Normal termination (return value 1)
	The job attribute OnExitRemove expression 'NumJobCompletions > JobMaxRetries || ExitCode =?= 0' evaluated to FALSE
...
040 (8180963.277.000) 2026-06-24 22:49:14 Started transferring input files
	Transferring to host: <128.104.100.52:9618?addrs=128.104.100.52-9618+[2607-f388-107c-501-7ec2-55ff-fe99-a48c]-9618&alias=jcaicedogpu0000.chtc.wisc.edu&noUDP&sock=backfill1_4_12267_f60c_19301>
...
040 (8180963.277.000) 2026-06-24 22:51:08 Finished transferring input files
...
001 (8180963.277.000) 2026-06-24 22:51:08 Job executing on host: <128.104.100.52:9618?addrs=128.104.100.52-9618+[2607-f388-107c-501-7ec2-55ff-fe99-a48c]-9618&alias=jcaicedogpu0000.chtc.wisc.edu&noUDP&sock=startd_10725_0952>
	SlotName: backfill1_4@jcaicedogpu0000.chtc.wisc.edu
	AvailableGPUs = { GPUs_GPU_427d7fec }
	CondorScratchDir = "/var/lib/condor/execute/slot1/dir_3891992/scratch"
	Cpus = 1
	Disk = 16777216
	GPUs = 1
	GPUs_GPU_427d7fec = [ Id = "GPU-427d7fec"; Capability = 8.9; DeviceName = "NVIDIA L40"; DeviceUuid = "427d7fec-79d6-cf9d-3f61-967fd222d980"; ECCEnabled = true; NvidiaDriver = "570.195.03"; DriverVersion = 12.8; DevicePciBusId = "0000:D1:00.0"; GlobalMemoryMb = 45468; MaxSupportedVersion = 12080 ]
	IoHeavy = 0
	Memory = 16384
...
040 (8180963.277.000) 2026-06-24 22:52:08 Started transferring output files
...
040 (8180963.277.000) 2026-06-24 22:52:08 Finished transferring output files
...
004 (8180963.277.000) 2026-06-24 22:52:09 Job was evicted.
	(0) Job terminated and was requeued
		Usr 0 00:00:57, Sys 0 00:00:02  -  Run Remote Usage
		Usr 0 00:00:00, Sys 0 00:00:00  -  Run Local Usage
	15411  -  Run Bytes Sent By Job
	2782578124  -  Run Bytes Received By Job
	(1) Normal termination (return value 1)
	The job attribute OnExitRemove expression 'NumJobCompletions > JobMaxRetries || ExitCode =?= 0' evaluated to FALSE
...
040 (8180963.277.000) 2026-06-24 22:53:16 Started transferring input files
	Transferring to host: <10.226.104.214:46435?CCBID=128.105.82.148:9618%3faddrs%3d128.105.82.148-9618+[2607-f388-2200-9d-7ccb-bc08-2489-7689]-9618%26alias%3dospool-ccb.osg.chtc.io%26noUDP%26sock%3dcollector10#4777426%2067.58.49.91:9618%3faddrs%3d67.58.49.91-9618+[fdf0-17b3-c3ec-1f79-10-0-d-2091]-9618%26alias%3dccb-2.ospool.osg-htc.org%26noUDP%26sock%3dcollector2#4777693&PrivNet=gpu014.rci.montana.edu&addrs=10.226.104.214-46435&alias=gpu014.rci.montana.edu&noUDP>
...
040 (8180963.277.000) 2026-06-24 22:56:04 Finished transferring input files
...
021 (8180963.277.000) 2026-06-24 22:56:05 Message from starter on slot1_1@glidein_1227523_123560864@gpu014.rci.montana.edu:
	PREPARE_JOB (prepare-hook) succeeded (reported status 000): Using Singularity image openfe_1.11.1.sif
...
001 (8180963.277.000) 2026-06-24 22:56:05 Job executing on host: <10.226.104.214:42211?CCBID=128.105.82.148:9618%3faddrs%3d128.105.82.148-9618+[2607-f388-2200-9d-7ccb-bc08-2489-7689]-9618%26alias%3dospool-ccb.osg.chtc.io%26noUDP%26sock%3dcollector1#4712352%2067.58.49.91:9618%3faddrs%3d67.58.49.91-9618+[fdf0-17b3-c3ec-1f79-10-0-d-2091]-9618%26alias%3dccb-2.ospool.osg-htc.org%26noUDP%26sock%3dcollector1#4706089&PrivNet=gpu014.rci.montana.edu&addrs=10.226.104.214-42211&alias=gpu014.rci.montana.edu&noUDP>
	SlotName: slot1_1@glidein_1227523_123560864@gpu014.rci.montana.edu
	AvailableGPUs = { GPUs_GPU_2b1809fd }
	CondorScratchDir = "/tmp/jobs/4123185/glide_aVsRHp/execute/dir_3630630/scratch"
	Cpus = 1
	Disk = 16777216
	GPUs = 1
	GPUs_GPU_2b1809fd = [ Id = "GPU-2b1809fd"; ClockMhz = 1410.0; Capability = 8.0; CoresPerCU = 64; DeviceName = "NVIDIA A100-SXM4-40GB"; DeviceUuid = "2b1809fd-9531-3f58-591b-edbf3e558ca2"; ECCEnabled = true; ComputeUnits = 108; NvidiaDriver = "595.71.05"; DriverVersion = 13.2; DevicePciBusId = "0000:81:00.0"; GlobalMemoryMb = 40441; MaxSupportedVersion = 13020 ]
	Memory = 16384
...
040 (8180963.277.000) 2026-06-24 22:57:59 Started transferring output files
...
040 (8180963.277.000) 2026-06-24 22:57:59 Finished transferring output files
...
005 (8180963.277.000) 2026-06-24 22:58:00 Job terminated.
	(1) Normal termination (return value 1)
		Usr 0 00:01:31, Sys 0 00:00:03  -  Run Remote Usage
		Usr 0 00:00:00, Sys 0 00:00:00  -  Run Local Usage
		Usr 0 00:09:33, Sys 0 00:00:22  -  Total Remote Usage
		Usr 0 00:00:00, Sys 0 00:00:00  -  Total Local Usage
	10296  -  Run Bytes Sent By Job
	2782578124  -  Run Bytes Received By Job
	154565  -  Total Bytes Sent By Job
	30608359364  -  Total Bytes Received By Job
	Partitionable Resources :      Usage  Request Allocated Assigned
	   Cpus                 :       0.99        1         1 
	   Disk (KB)            : 2718608    16777216  16777216 
	   GPUs                 :       0           1         1 "GPU-2b1809fd"
	   GpusMemory (MB)      :     523                       
	   Memory (MB)          :     977       16384     16384 
	   TimeExecute (s)      :     114                       
	   TimeSlotBusy (s)     :     285                       
...
