000 (8321903.175.000) 2026-06-26 09:00:08 Job submitted from host: <128.105.68.112:9618?addrs=128.105.68.112-9618+[2607-f388-2200-100-eaeb-d3ff-fea3-4202]-9618&alias=ap2001.chtc.wisc.edu&noUDP&sock=schedd_4071840_2329>
...
040 (8321903.175.000) 2026-06-26 13:18:05 Started transferring input files
	Transferring to host: <128.104.100.17:9618?addrs=128.104.100.17-9618+[2607-f388-107c-501-527c-6fff-fe66-e9bc]-9618&alias=jcaicedogpu0002.chtc.wisc.edu&noUDP&sock=backfill1_4_3195584_c394_121>
...
040 (8321903.175.000) 2026-06-26 13:18:20 Finished transferring input files
...
001 (8321903.175.000) 2026-06-26 13:18:21 Job executing on host: <128.104.100.17:9618?addrs=128.104.100.17-9618+[2607-f388-107c-501-527c-6fff-fe66-e9bc]-9618&alias=jcaicedogpu0002.chtc.wisc.edu&noUDP&sock=startd_11788_2a7e>
	SlotName: backfill1_4@jcaicedogpu0002.chtc.wisc.edu
	AvailableGPUs = { GPUs_GPU_8f76f793 }
	CondorScratchDir = "/var/lib/condor/execute/slot1/dir_3264438/scratch"
	Cpus = 1
	Disk = 16777216
	GPUs = 1
	GPUs_GPU_8f76f793 = [ Id = "GPU-8f76f793"; Capability = 8.9; DeviceName = "NVIDIA L40S"; DeviceUuid = "8f76f793-fe24-bbe0-a0d4-3da8c1a9cb72"; ECCEnabled = true; NvidiaDriver = "570.195.03"; DriverVersion = 12.8; DevicePciBusId = "0000:99:00.0"; GlobalMemoryMb = 45468; MaxSupportedVersion = 12080 ]
	IoHeavy = 0
	Memory = 16384
...
006 (8321903.175.000) 2026-06-26 13:18:29 Image size of job updated: 368160
	360  -  MemoryUsage of job (MB)
	368160  -  ResidentSetSize of job (KB)
...
006 (8321903.175.000) 2026-06-26 13:23:29 Image size of job updated: 964476
	941  -  MemoryUsage of job (MB)
	962808  -  ResidentSetSize of job (KB)
...
006 (8321903.175.000) 2026-06-26 13:28:30 Image size of job updated: 966284
	944  -  MemoryUsage of job (MB)
	966284  -  ResidentSetSize of job (KB)
...
006 (8321903.175.000) 2026-06-26 13:33:30 Image size of job updated: 971828
	950  -  MemoryUsage of job (MB)
	971828  -  ResidentSetSize of job (KB)
...
006 (8321903.175.000) 2026-06-26 13:38:31 Image size of job updated: 979224
	957  -  MemoryUsage of job (MB)
	979224  -  ResidentSetSize of job (KB)
...
006 (8321903.175.000) 2026-06-26 13:43:32 Image size of job updated: 986480
	964  -  MemoryUsage of job (MB)
	986480  -  ResidentSetSize of job (KB)
...
006 (8321903.175.000) 2026-06-26 13:48:32 Image size of job updated: 990756
	968  -  MemoryUsage of job (MB)
	990756  -  ResidentSetSize of job (KB)
...
006 (8321903.175.000) 2026-06-26 13:53:34 Image size of job updated: 999096
	976  -  MemoryUsage of job (MB)
	999096  -  ResidentSetSize of job (KB)
...
040 (8321903.175.000) 2026-06-26 13:56:37 Started transferring output files
...
040 (8321903.175.000) 2026-06-26 13:56:37 Finished transferring output files
...
005 (8321903.175.000) 2026-06-26 13:56:38 Job terminated.
	(1) Normal termination (return value 0)
		Usr 0 00:38:43, Sys 0 00:17:14  -  Run Remote Usage
		Usr 0 00:00:00, Sys 0 00:00:00  -  Run Local Usage
		Usr 0 00:38:43, Sys 0 00:17:14  -  Total Remote Usage
		Usr 0 00:00:00, Sys 0 00:00:00  -  Total Local Usage
	1567678  -  Run Bytes Sent By Job
	2781017229  -  Run Bytes Received By Job
	1567678  -  Total Bytes Sent By Job
	2781017229  -  Total Bytes Received By Job
	Partitionable Resources :      Usage  Request Allocated Assigned
	   Cpus                 :       1.52        1         1 
	   Disk (KB)            : 2728943    16777216  16777216 
	   GPUs                 :       0.86        1         1 "GPU-8f76f793"
	   GpusMemory (MB)      :    6772                       
	   IoHeavy              :                             0 
	   Memory (MB)          :     976       16384     16384 
	   TimeExecute (s)      :    2296                       
	   TimeSlotBusy (s)     :    2312                       
...
