000 (8180963.171.000) 2026-06-24 12:19:47 Job submitted from host: <128.105.68.112:9618?addrs=128.105.68.112-9618+[2607-f388-2200-100-eaeb-d3ff-fea3-4202]-9618&alias=ap2001.chtc.wisc.edu&noUDP&sock=schedd_4071840_2329>
...
040 (8180963.171.000) 2026-06-24 16:54:55 Started transferring input files
	Transferring to host: <128.105.69.60:9618?addrs=128.105.69.60-9618+[2607-f388-2200-100-527c-6fff-fe66-e7e2]-9618&alias=blengerichgpu4000.chtc.wisc.edu&noUDP&sock=backfill1_6_1843674_de95_104771>
...
040 (8180963.171.000) 2026-06-24 16:55:12 Finished transferring input files
...
001 (8180963.171.000) 2026-06-24 16:55:12 Job executing on host: <128.105.69.60:9618?addrs=128.105.69.60-9618+[2607-f388-2200-100-527c-6fff-fe66-e7e2]-9618&alias=blengerichgpu4000.chtc.wisc.edu&noUDP&sock=startd_11585_ecc4>
	SlotName: backfill1_6@blengerichgpu4000.chtc.wisc.edu
	AvailableGPUs = { GPUs_GPU_56c8300e }
	CondorScratchDir = "/var/lib/condor/execute/slot1/dir_2558413/scratch"
	Cpus = 1
	Disk = 16777216
	GPUs = 1
	GPUs_GPU_56c8300e = [ Id = "GPU-56c8300e"; Capability = 8.9; DeviceName = "NVIDIA L40S"; DeviceUuid = "56c8300e-2783-65ce-0535-6f3c9f590082"; ECCEnabled = true; NvidiaDriver = "570.195.03"; DriverVersion = 12.8; DevicePciBusId = "0000:50:00.0"; GlobalMemoryMb = 45468; MaxSupportedVersion = 12080 ]
	IoHeavy = 0
	Memory = 16384
...
006 (8180963.171.000) 2026-06-24 16:55:21 Image size of job updated: 427732
	418  -  MemoryUsage of job (MB)
	427732  -  ResidentSetSize of job (KB)
...
006 (8180963.171.000) 2026-06-24 17:00:22 Image size of job updated: 965556
	941  -  MemoryUsage of job (MB)
	963488  -  ResidentSetSize of job (KB)
...
006 (8180963.171.000) 2026-06-24 17:05:22 Image size of job updated: 967476
	945  -  MemoryUsage of job (MB)
	967476  -  ResidentSetSize of job (KB)
...
006 (8180963.171.000) 2026-06-24 17:10:22 Image size of job updated: 974428
	952  -  MemoryUsage of job (MB)
	974428  -  ResidentSetSize of job (KB)
...
006 (8180963.171.000) 2026-06-24 17:15:23 Image size of job updated: 980676
	958  -  MemoryUsage of job (MB)
	980676  -  ResidentSetSize of job (KB)
...
006 (8180963.171.000) 2026-06-24 17:20:23 Image size of job updated: 990768
	968  -  MemoryUsage of job (MB)
	990768  -  ResidentSetSize of job (KB)
...
006 (8180963.171.000) 2026-06-24 17:25:23 Image size of job updated: 995200
	972  -  MemoryUsage of job (MB)
	995200  -  ResidentSetSize of job (KB)
...
006 (8180963.171.000) 2026-06-24 17:30:24 Image size of job updated: 999828
	972  -  MemoryUsage of job (MB)
	995200  -  ResidentSetSize of job (KB)
...
040 (8180963.171.000) 2026-06-24 17:32:54 Started transferring output files
...
040 (8180963.171.000) 2026-06-24 17:32:54 Finished transferring output files
...
005 (8180963.171.000) 2026-06-24 17:32:55 Job terminated.
	(1) Normal termination (return value 0)
		Usr 0 00:38:16, Sys 0 00:18:19  -  Run Remote Usage
		Usr 0 00:00:00, Sys 0 00:00:00  -  Run Local Usage
		Usr 0 00:38:16, Sys 0 00:18:19  -  Total Remote Usage
		Usr 0 00:00:00, Sys 0 00:00:00  -  Total Local Usage
	1609876  -  Run Bytes Sent By Job
	2781820398  -  Run Bytes Received By Job
	1609876  -  Total Bytes Sent By Job
	2781820398  -  Total Bytes Received By Job
	Partitionable Resources :      Usage  Request Allocated Assigned
	   Cpus                 :       1.56        1         1 
	   Disk (KB)            : 2729583    16777216  16777216 
	   GPUs                 :       0.88        1         1 "GPU-56c8300e"
	   GpusMemory (MB)      :    6770                       
	   IoHeavy              :                             0 
	   Memory (MB)          :     972       16384     16384 
	   TimeExecute (s)      :    2262                       
	   TimeSlotBusy (s)     :    2279                       
...
