000 (8018100.210.000) 2026-06-21 13:37:20 Job submitted from host: <128.105.68.112:9618?addrs=128.105.68.112-9618+[2607-f388-2200-100-eaeb-d3ff-fea3-4202]-9618&alias=ap2001.chtc.wisc.edu&noUDP&sock=schedd_4071840_2329>
...
040 (8018100.210.000) 2026-06-21 15:24:36 Started transferring input files
	Transferring to host: <128.105.69.47:9618?addrs=128.105.69.47-9618+[2607-f388-2200-100-527c-6fff-fe66-eac6]-9618&alias=amuraligpu4000.chtc.wisc.edu&noUDP&sock=backfill1_5_1332502_f3e3_93233>
...
040 (8018100.210.000) 2026-06-21 15:24:45 Finished transferring input files
...
001 (8018100.210.000) 2026-06-21 15:24:46 Job executing on host: <128.105.69.47:9618?addrs=128.105.69.47-9618+[2607-f388-2200-100-527c-6fff-fe66-eac6]-9618&alias=amuraligpu4000.chtc.wisc.edu&noUDP&sock=startd_11579_cf33>
	SlotName: backfill1_5@amuraligpu4000.chtc.wisc.edu
	AvailableGPUs = { GPUs_GPU_de7049b1 }
	CondorScratchDir = "/var/lib/condor/execute/slot1/dir_2316954/scratch"
	Cpus = 1
	Disk = 16777216
	GPUs = 1
	GPUs_GPU_de7049b1 = [ Id = "GPU-de7049b1"; Capability = 8.9; DeviceName = "NVIDIA L40S"; DeviceUuid = "de7049b1-38bb-621f-baaa-5d83765a9f52"; ECCEnabled = true; NvidiaDriver = "570.195.03"; DriverVersion = 12.8; DevicePciBusId = "0000:63:00.0"; GlobalMemoryMb = 45468; MaxSupportedVersion = 12080 ]
	IoHeavy = 0
	Memory = 16384
...
006 (8018100.210.000) 2026-06-21 15:24:48 Image size of job updated: 80
	0  -  MemoryUsage of job (MB)
	0  -  ResidentSetSize of job (KB)
...
040 (8018100.210.000) 2026-06-21 15:24:49 Started transferring output files
...
040 (8018100.210.000) 2026-06-21 15:24:49 Finished transferring output files
...
004 (8018100.210.000) 2026-06-21 15:24:49 Job was evicted.
	(0) Job terminated and was requeued
		Usr 0 00:00:01, Sys 0 00:00:00  -  Run Remote Usage
		Usr 0 00:00:00, Sys 0 00:00:00  -  Run Local Usage
	451  -  Run Bytes Sent By Job
	2784119760  -  Run Bytes Received By Job
	(1) Normal termination (return value 2)
	The job attribute OnExitRemove expression 'NumJobCompletions > JobMaxRetries || ExitCode =?= 0' evaluated to FALSE
...
040 (8018100.210.000) 2026-06-21 15:26:52 Started transferring input files
	Transferring to host: <128.105.68.168:9618?addrs=128.105.68.168-9618+[2607-f388-2200-100-b62e-99ff-feb7-2dcb]-9618&alias=gpulab2003.chtc.wisc.edu&noUDP&sock=slot2_4_11172_6f3f_7861>
...
040 (8018100.210.000) 2026-06-21 15:27:09 Finished transferring input files
...
001 (8018100.210.000) 2026-06-21 15:27:09 Job executing on host: <128.105.68.168:9618?addrs=128.105.68.168-9618+[2607-f388-2200-100-b62e-99ff-feb7-2dcb]-9618&alias=gpulab2003.chtc.wisc.edu&noUDP&sock=startd_10155_1056>
	SlotName: slot2_4@gpulab2003.chtc.wisc.edu
	AvailableGPUs = { GPUs_GPU_61902b82 }
	CondorScratchDir = "/var/lib/condor/execute/slot2/dir_1430849/scratch"
	Cpus = 1
	Disk = 16777216
	GPUs = 1
	GPUs_GPU_61902b82 = [ Id = "GPU-61902b82"; Capability = 7.5; DeviceName = "NVIDIA GeForce RTX 2080 Ti"; DeviceUuid = "61902b82-cedb-e4be-d010-bca8829ec79b"; ECCEnabled = false; NvidiaDriver = "570.195.03"; DriverVersion = 12.8; DevicePciBusId = "0000:B2:00.0"; GlobalMemoryMb = 10823; MaxSupportedVersion = 12080 ]
	IoHeavy = 0
	Memory = 16384
...
006 (8018100.210.000) 2026-06-21 15:27:13 Image size of job updated: 12440
	13  -  MemoryUsage of job (MB)
	12304  -  ResidentSetSize of job (KB)
...
040 (8018100.210.000) 2026-06-21 15:27:13 Started transferring output files
...
040 (8018100.210.000) 2026-06-21 15:27:13 Finished transferring output files
...
004 (8018100.210.000) 2026-06-21 15:27:14 Job was evicted.
	(0) Job terminated and was requeued
		Usr 0 00:00:03, Sys 0 00:00:00  -  Run Remote Usage
		Usr 0 00:00:00, Sys 0 00:00:00  -  Run Local Usage
	437  -  Run Bytes Sent By Job
	2784119760  -  Run Bytes Received By Job
	(1) Normal termination (return value 2)
	The job attribute OnExitRemove expression 'NumJobCompletions > JobMaxRetries || ExitCode =?= 0' evaluated to FALSE
...
040 (8018100.210.000) 2026-06-21 15:31:58 Started transferring input files
	Transferring to host: <128.105.69.47:9618?addrs=128.105.69.47-9618+[2607-f388-2200-100-527c-6fff-fe66-eac6]-9618&alias=amuraligpu4000.chtc.wisc.edu&noUDP&sock=backfill1_2_1332502_f3e3_93253>
...
040 (8018100.210.000) 2026-06-21 15:32:34 Finished transferring input files
...
001 (8018100.210.000) 2026-06-21 15:32:34 Job executing on host: <128.105.69.47:9618?addrs=128.105.69.47-9618+[2607-f388-2200-100-527c-6fff-fe66-eac6]-9618&alias=amuraligpu4000.chtc.wisc.edu&noUDP&sock=startd_11579_cf33>
	SlotName: backfill1_2@amuraligpu4000.chtc.wisc.edu
	AvailableGPUs = { GPUs_GPU_4129e82c }
	CondorScratchDir = "/var/lib/condor/execute/slot1/dir_2321132/scratch"
	Cpus = 1
	Disk = 16777216
	GPUs = 1
	GPUs_GPU_4129e82c = [ Id = "GPU-4129e82c"; Capability = 8.9; DeviceName = "NVIDIA L40S"; DeviceUuid = "4129e82c-a437-e236-45f4-7a3c936b03d5"; ECCEnabled = true; NvidiaDriver = "570.195.03"; DriverVersion = 12.8; DevicePciBusId = "0000:99:00.0"; GlobalMemoryMb = 45468; MaxSupportedVersion = 12080 ]
	IoHeavy = 0
	Memory = 16384
...
040 (8018100.210.000) 2026-06-21 15:32:37 Started transferring output files
...
040 (8018100.210.000) 2026-06-21 15:32:37 Finished transferring output files
...
004 (8018100.210.000) 2026-06-21 15:32:37 Job was evicted.
	(0) Job terminated and was requeued
		Usr 0 00:00:01, Sys 0 00:00:00  -  Run Remote Usage
		Usr 0 00:00:00, Sys 0 00:00:00  -  Run Local Usage
	451  -  Run Bytes Sent By Job
	2784119760  -  Run Bytes Received By Job
	(1) Normal termination (return value 2)
	The job attribute OnExitRemove expression 'NumJobCompletions > JobMaxRetries || ExitCode =?= 0' evaluated to FALSE
...
040 (8018100.210.000) 2026-06-21 15:34:28 Started transferring input files
	Transferring to host: <128.105.69.47:9618?addrs=128.105.69.47-9618+[2607-f388-2200-100-527c-6fff-fe66-eac6]-9618&alias=amuraligpu4000.chtc.wisc.edu&noUDP&sock=backfill1_2_1332502_f3e3_93255>
...
040 (8018100.210.000) 2026-06-21 15:34:38 Finished transferring input files
...
001 (8018100.210.000) 2026-06-21 15:34:38 Job executing on host: <128.105.69.47:9618?addrs=128.105.69.47-9618+[2607-f388-2200-100-527c-6fff-fe66-eac6]-9618&alias=amuraligpu4000.chtc.wisc.edu&noUDP&sock=startd_11579_cf33>
	SlotName: backfill1_2@amuraligpu4000.chtc.wisc.edu
	AvailableGPUs = { GPUs_GPU_4129e82c }
	CondorScratchDir = "/var/lib/condor/execute/slot1/dir_2321546/scratch"
	Cpus = 1
	Disk = 16777216
	GPUs = 1
	GPUs_GPU_4129e82c = [ Id = "GPU-4129e82c"; Capability = 8.9; DeviceName = "NVIDIA L40S"; DeviceUuid = "4129e82c-a437-e236-45f4-7a3c936b03d5"; ECCEnabled = true; NvidiaDriver = "570.195.03"; DriverVersion = 12.8; DevicePciBusId = "0000:99:00.0"; GlobalMemoryMb = 45468; MaxSupportedVersion = 12080 ]
	IoHeavy = 0
	Memory = 16384
...
040 (8018100.210.000) 2026-06-21 15:34:41 Started transferring output files
...
040 (8018100.210.000) 2026-06-21 15:34:41 Finished transferring output files
...
004 (8018100.210.000) 2026-06-21 15:34:41 Job was evicted.
	(0) Job terminated and was requeued
		Usr 0 00:00:01, Sys 0 00:00:00  -  Run Remote Usage
		Usr 0 00:00:00, Sys 0 00:00:00  -  Run Local Usage
	451  -  Run Bytes Sent By Job
	2784119760  -  Run Bytes Received By Job
	(1) Normal termination (return value 2)
	The job attribute OnExitRemove expression 'NumJobCompletions > JobMaxRetries || ExitCode =?= 0' evaluated to FALSE
...
040 (8018100.210.000) 2026-06-21 15:36:58 Started transferring input files
	Transferring to host: <128.104.100.118:9618?addrs=128.104.100.118-9618+[2607-f388-107c-501-26d-aeff-fe1f-6b20]-9618&alias=jcaicedogpu0004.chtc.wisc.edu&noUDP&sock=backfill1_1_4107613_b354_101130>
...
040 (8018100.210.000) 2026-06-21 15:37:10 Finished transferring input files
...
001 (8018100.210.000) 2026-06-21 15:37:10 Job executing on host: <128.104.100.118:9618?addrs=128.104.100.118-9618+[2607-f388-107c-501-26d-aeff-fe1f-6b20]-9618&alias=jcaicedogpu0004.chtc.wisc.edu&noUDP&sock=startd_10858_436a>
	SlotName: backfill1_1@jcaicedogpu0004.chtc.wisc.edu
	AvailableGPUs = { GPUs_GPU_247deb3d }
	CondorScratchDir = "/var/lib/condor/execute/slot1/dir_1181892/scratch"
	Cpus = 1
	Disk = 16777216
	GPUs = 1
	GPUs_GPU_247deb3d = [ Id = "GPU-247deb3d"; Capability = 8.9; DeviceName = "NVIDIA L40S"; DeviceUuid = "247deb3d-27f7-30d7-bfa9-8c3f623116c2"; ECCEnabled = true; NvidiaDriver = "570.195.03"; DriverVersion = 12.8; DevicePciBusId = "0000:E1:00.0"; GlobalMemoryMb = 45468; MaxSupportedVersion = 12080 ]
	IoHeavy = 0
	Memory = 16384
...
040 (8018100.210.000) 2026-06-21 15:37:12 Started transferring output files
...
040 (8018100.210.000) 2026-06-21 15:37:12 Finished transferring output files
...
004 (8018100.210.000) 2026-06-21 15:37:13 Job was evicted.
	(0) Job terminated and was requeued
		Usr 0 00:00:01, Sys 0 00:00:00  -  Run Remote Usage
		Usr 0 00:00:00, Sys 0 00:00:00  -  Run Local Usage
	452  -  Run Bytes Sent By Job
	2784119760  -  Run Bytes Received By Job
	(1) Normal termination (return value 2)
	The job attribute OnExitRemove expression 'NumJobCompletions > JobMaxRetries || ExitCode =?= 0' evaluated to FALSE
...
040 (8018100.210.000) 2026-06-21 15:39:18 Started transferring input files
	Transferring to host: <128.105.68.166:9618?addrs=128.105.68.166-9618+[2607-f388-2200-100-b62e-99ff-feb7-2e2d]-9618&alias=gpulab2001.chtc.wisc.edu&noUDP&sock=backfill1_2_11113_dd1d_53959>
...
040 (8018100.210.000) 2026-06-21 15:39:35 Finished transferring input files
...
001 (8018100.210.000) 2026-06-21 15:39:35 Job executing on host: <128.105.68.166:9618?addrs=128.105.68.166-9618+[2607-f388-2200-100-b62e-99ff-feb7-2e2d]-9618&alias=gpulab2001.chtc.wisc.edu&noUDP&sock=startd_10083_ad84>
	SlotName: backfill1_2@gpulab2001.chtc.wisc.edu
	AvailableGPUs = { GPUs_GPU_de7b89bb }
	CondorScratchDir = "/var/lib/condor/execute/slot1/dir_1273145/scratch"
	Cpus = 1
	Disk = 16777216
	GPUs = 1
	GPUs_GPU_de7b89bb = [ Id = "GPU-de7b89bb"; Capability = 7.5; DeviceName = "NVIDIA GeForce RTX 2080 Ti"; DeviceUuid = "de7b89bb-11e2-d8b1-1b92-c9ab2f9f87e3"; ECCEnabled = false; NvidiaDriver = "570.195.03"; DriverVersion = 12.8; DevicePciBusId = "0000:DA:00.0"; GlobalMemoryMb = 10823; MaxSupportedVersion = 12080 ]
	IoHeavy = 0
	Memory = 16384
...
040 (8018100.210.000) 2026-06-21 15:39:39 Started transferring output files
...
040 (8018100.210.000) 2026-06-21 15:39:39 Finished transferring output files
...
004 (8018100.210.000) 2026-06-21 15:39:40 Job was evicted.
	(0) Job terminated and was requeued
		Usr 0 00:00:02, Sys 0 00:00:00  -  Run Remote Usage
		Usr 0 00:00:00, Sys 0 00:00:00  -  Run Local Usage
	447  -  Run Bytes Sent By Job
	2784119760  -  Run Bytes Received By Job
	(1) Normal termination (return value 2)
	The job attribute OnExitRemove expression 'NumJobCompletions > JobMaxRetries || ExitCode =?= 0' evaluated to FALSE
...
040 (8018100.210.000) 2026-06-21 15:40:49 Started transferring input files
	Transferring to host: <141.142.150.74:25071?CCBID=128.105.82.148:9618%3faddrs%3d128.105.82.148-9618+[2607-f388-2200-9d-7ccb-bc08-2489-768a]-9618%26alias%3dospool-ccb.osg.chtc.io%26noUDP%26sock%3dcollector6#4335052%2067.58.49.91:9618%3faddrs%3d67.58.49.91-9618+[fdf0-17b3-c3ec-1f79-10-0-e-b69d]-9618%26alias%3dccb-2.ospool.osg-htc.org%26noUDP%26sock%3dcollector4#4323237&PrivNet=rails04&addrs=141.142.150.74-25071+[fde1-53ba-e9a0-de11-2dba-91e3-dd48-5c8a]-25071&alias=rails04&noUDP>
...
040 (8018100.210.000) 2026-06-21 15:41:08 Finished transferring input files
...
021 (8018100.210.000) 2026-06-21 15:41:09 Message from starter on slot1_17@glidein_898266_181729977@rails04:
	PREPARE_JOB (prepare-hook) succeeded (reported status 000): Using Singularity image openfe_1.11.1.sif
...
001 (8018100.210.000) 2026-06-21 15:41:09 Job executing on host: <141.142.150.74:15253?CCBID=128.105.82.148:9618%3faddrs%3d128.105.82.148-9618+[2607-f388-2200-9d-7ccb-bc08-2489-768a]-9618%26alias%3dospool-ccb.osg.chtc.io%26noUDP%26sock%3dcollector3#4331785%2067.58.49.91:9618%3faddrs%3d67.58.49.91-9618+[fdf0-17b3-c3ec-1f79-10-0-e-b69d]-9618%26alias%3dccb-2.ospool.osg-htc.org%26noUDP%26sock%3dcollector7#4321586&PrivNet=rails04&addrs=141.142.150.74-15253+[fde1-53ba-e9a0-de11-2dba-91e3-dd48-5c8a]-15253&alias=rails04&noUDP>
	SlotName: slot1_17@glidein_898266_181729977@rails04
	AvailableGPUs = { GPUs_GPU_132bdba0 }
	CondorScratchDir = "/projects/bcxl/svcosguser/glide_D24smC/execute/dir_1452297/scratch"
	Cpus = 1
	Disk = 16777216
	GPUs = 1
	GPUs_GPU_132bdba0 = [ Id = "GPU-132bdba0"; ClockMhz = 1980.0; Capability = 9.0; CoresPerCU = 128; DeviceName = "NVIDIA H100 80GB HBM3"; DeviceUuid = "132bdba0-7c4e-70cd-0942-d84d37682116"; ECCEnabled = true; ComputeUnits = 132; NvidiaDriver = "590.48.01"; DriverVersion = 13.1; DevicePciBusId = "0000:9B:00.0"; GlobalMemoryMb = 81081; MaxSupportedVersion = 13010 ]
	Memory = 16384
...
006 (8018100.210.000) 2026-06-21 15:41:18 Image size of job updated: 3852044
	81  -  MemoryUsage of job (MB)
	82032  -  ResidentSetSize of job (KB)
...
040 (8018100.210.000) 2026-06-21 15:41:18 Started transferring output files
...
040 (8018100.210.000) 2026-06-21 15:41:18 Finished transferring output files
...
004 (8018100.210.000) 2026-06-21 15:41:19 Job was evicted.
	(0) Job terminated and was requeued
		Usr 0 00:00:00, Sys 0 00:00:00  -  Run Remote Usage
		Usr 0 00:00:00, Sys 0 00:00:00  -  Run Local Usage
	463  -  Run Bytes Sent By Job
	2784119760  -  Run Bytes Received By Job
	(1) Normal termination (return value 2)
	The job attribute OnExitRemove expression 'NumJobCompletions > JobMaxRetries || ExitCode =?= 0' evaluated to FALSE
...
040 (8018100.210.000) 2026-06-21 15:41:34 Started transferring input files
	Transferring to host: <128.105.68.166:9618?addrs=128.105.68.166-9618+[2607-f388-2200-100-b62e-99ff-feb7-2e2d]-9618&alias=gpulab2001.chtc.wisc.edu&noUDP&sock=slot2_1_11113_dd1d_53965>
...
040 (8018100.210.000) 2026-06-21 15:41:52 Finished transferring input files
...
001 (8018100.210.000) 2026-06-21 15:41:52 Job executing on host: <128.105.68.166:9618?addrs=128.105.68.166-9618+[2607-f388-2200-100-b62e-99ff-feb7-2e2d]-9618&alias=gpulab2001.chtc.wisc.edu&noUDP&sock=startd_10083_ad84>
	SlotName: slot2_1@gpulab2001.chtc.wisc.edu
	AvailableGPUs = { GPUs_GPU_cc91074a }
	CondorScratchDir = "/var/lib/condor/execute/slot2/dir_1274032/scratch"
	Cpus = 1
	Disk = 16777216
	GPUs = 1
	GPUs_GPU_cc91074a = [ Id = "GPU-cc91074a"; Capability = 7.5; DeviceName = "NVIDIA GeForce RTX 2080 Ti"; DeviceUuid = "cc91074a-1992-11a1-fc4e-7c84f58de8e0"; ECCEnabled = false; NvidiaDriver = "570.195.03"; DriverVersion = 12.8; DevicePciBusId = "0000:3D:00.0"; GlobalMemoryMb = 10823; MaxSupportedVersion = 12080 ]
	IoHeavy = 0
	Memory = 16384
...
040 (8018100.210.000) 2026-06-21 15:41:55 Started transferring output files
...
040 (8018100.210.000) 2026-06-21 15:41:55 Finished transferring output files
...
004 (8018100.210.000) 2026-06-21 15:41:56 Job was evicted.
	(0) Job terminated and was requeued
		Usr 0 00:00:02, Sys 0 00:00:00  -  Run Remote Usage
		Usr 0 00:00:00, Sys 0 00:00:00  -  Run Local Usage
	447  -  Run Bytes Sent By Job
	2784119760  -  Run Bytes Received By Job
	(1) Normal termination (return value 2)
	The job attribute OnExitRemove expression 'NumJobCompletions > JobMaxRetries || ExitCode =?= 0' evaluated to FALSE
...
040 (8018100.210.000) 2026-06-21 15:42:56 Started transferring input files
	Transferring to host: <10.226.104.214:33513?CCBID=128.105.82.148:9618%3faddrs%3d128.105.82.148-9618+[2607-f388-2200-9d-7ccb-bc08-2489-768a]-9618%26alias%3dospool-ccb.osg.chtc.io%26noUDP%26sock%3dcollector4#4333413%2067.58.49.91:9618%3faddrs%3d67.58.49.91-9618+[fdf0-17b3-c3ec-1f79-10-0-e-b69d]-9618%26alias%3dccb-2.ospool.osg-htc.org%26noUDP%26sock%3dcollector8#4330015&PrivNet=gpu014.rci.montana.edu&addrs=10.226.104.214-33513&alias=gpu014.rci.montana.edu&noUDP>
...
040 (8018100.210.000) 2026-06-21 15:44:11 Finished transferring input files
...
021 (8018100.210.000) 2026-06-21 15:44:12 Message from starter on slot1_1@glidein_3595514_207792858@gpu014.rci.montana.edu:
	PREPARE_JOB (prepare-hook) succeeded (reported status 000): Using Singularity image openfe_1.11.1.sif
...
001 (8018100.210.000) 2026-06-21 15:44:12 Job executing on host: <10.226.104.214:45701?CCBID=128.105.82.148:9618%3faddrs%3d128.105.82.148-9618+[2607-f388-2200-9d-7ccb-bc08-2489-768a]-9618%26alias%3dospool-ccb.osg.chtc.io%26noUDP%26sock%3dcollector8#4198418%2067.58.49.91:9618%3faddrs%3d67.58.49.91-9618+[fdf0-17b3-c3ec-1f79-10-0-e-b69d]-9618%26alias%3dccb-2.ospool.osg-htc.org%26noUDP%26sock%3dcollector10#4191215&PrivNet=gpu014.rci.montana.edu&addrs=10.226.104.214-45701&alias=gpu014.rci.montana.edu&noUDP>
	SlotName: slot1_1@glidein_3595514_207792858@gpu014.rci.montana.edu
	AvailableGPUs = { GPUs_GPU_fcc9153c }
	CondorScratchDir = "/tmp/jobs/4082802/glide_tZ90TP/execute/dir_3770834/scratch"
	Cpus = 1
	Disk = 16777216
	GPUs = 1
	GPUs_GPU_fcc9153c = [ Id = "GPU-fcc9153c"; ClockMhz = 1410.0; Capability = 8.0; CoresPerCU = 64; DeviceName = "NVIDIA A100-SXM4-40GB"; DeviceUuid = "fcc9153c-1c2b-425b-fbc1-5bce398e0c5a"; ECCEnabled = true; ComputeUnits = 108; NvidiaDriver = "595.71.05"; DriverVersion = 13.2; DevicePciBusId = "0000:41:00.0"; GlobalMemoryMb = 40441; MaxSupportedVersion = 13020 ]
	Memory = 16384
...
040 (8018100.210.000) 2026-06-21 15:44:17 Started transferring output files
...
040 (8018100.210.000) 2026-06-21 15:44:17 Finished transferring output files
...
004 (8018100.210.000) 2026-06-21 15:44:17 Job was evicted.
	(0) Job terminated and was requeued
		Usr 0 00:00:00, Sys 0 00:00:00  -  Run Remote Usage
		Usr 0 00:00:00, Sys 0 00:00:00  -  Run Local Usage
	462  -  Run Bytes Sent By Job
	2784119760  -  Run Bytes Received By Job
	(1) Normal termination (return value 2)
	The job attribute OnExitRemove expression 'NumJobCompletions > JobMaxRetries || ExitCode =?= 0' evaluated to FALSE
...
040 (8018100.210.000) 2026-06-21 15:44:31 Started transferring input files
	Transferring to host: <128.105.68.168:9618?addrs=128.105.68.168-9618+[2607-f388-2200-100-b62e-99ff-feb7-2dcb]-9618&alias=gpulab2003.chtc.wisc.edu&noUDP&sock=slot2_4_11172_6f3f_7930>
...
040 (8018100.210.000) 2026-06-21 15:45:09 Finished transferring input files
...
001 (8018100.210.000) 2026-06-21 15:45:09 Job executing on host: <128.105.68.168:9618?addrs=128.105.68.168-9618+[2607-f388-2200-100-b62e-99ff-feb7-2dcb]-9618&alias=gpulab2003.chtc.wisc.edu&noUDP&sock=startd_10155_1056>
	SlotName: slot2_4@gpulab2003.chtc.wisc.edu
	AvailableGPUs = { GPUs_GPU_61902b82 }
	CondorScratchDir = "/var/lib/condor/execute/slot2/dir_1454776/scratch"
	Cpus = 1
	Disk = 16777216
	GPUs = 1
	GPUs_GPU_61902b82 = [ Id = "GPU-61902b82"; Capability = 7.5; DeviceName = "NVIDIA GeForce RTX 2080 Ti"; DeviceUuid = "61902b82-cedb-e4be-d010-bca8829ec79b"; ECCEnabled = false; NvidiaDriver = "570.195.03"; DriverVersion = 12.8; DevicePciBusId = "0000:B2:00.0"; GlobalMemoryMb = 10823; MaxSupportedVersion = 12080 ]
	IoHeavy = 0
	Memory = 16384
...
040 (8018100.210.000) 2026-06-21 15:45:13 Started transferring output files
...
040 (8018100.210.000) 2026-06-21 15:45:13 Finished transferring output files
...
004 (8018100.210.000) 2026-06-21 15:45:13 Job was evicted.
	(0) Job terminated and was requeued
		Usr 0 00:00:03, Sys 0 00:00:00  -  Run Remote Usage
		Usr 0 00:00:00, Sys 0 00:00:00  -  Run Local Usage
	437  -  Run Bytes Sent By Job
	2784119760  -  Run Bytes Received By Job
	(1) Normal termination (return value 2)
	The job attribute OnExitRemove expression 'NumJobCompletions > JobMaxRetries || ExitCode =?= 0' evaluated to FALSE
...
040 (8018100.210.000) 2026-06-21 15:45:46 Started transferring input files
	Transferring to host: <128.105.68.168:9618?addrs=128.105.68.168-9618+[2607-f388-2200-100-b62e-99ff-feb7-2dcb]-9618&alias=gpulab2003.chtc.wisc.edu&noUDP&sock=slot2_4_11172_6f3f_7932>
...
040 (8018100.210.000) 2026-06-21 15:46:04 Finished transferring input files
...
001 (8018100.210.000) 2026-06-21 15:46:04 Job executing on host: <128.105.68.168:9618?addrs=128.105.68.168-9618+[2607-f388-2200-100-b62e-99ff-feb7-2dcb]-9618&alias=gpulab2003.chtc.wisc.edu&noUDP&sock=startd_10155_1056>
	SlotName: slot2_4@gpulab2003.chtc.wisc.edu
	AvailableGPUs = { GPUs_GPU_61902b82 }
	CondorScratchDir = "/var/lib/condor/execute/slot2/dir_1455741/scratch"
	Cpus = 1
	Disk = 16777216
	GPUs = 1
	GPUs_GPU_61902b82 = [ Id = "GPU-61902b82"; Capability = 7.5; DeviceName = "NVIDIA GeForce RTX 2080 Ti"; DeviceUuid = "61902b82-cedb-e4be-d010-bca8829ec79b"; ECCEnabled = false; NvidiaDriver = "570.195.03"; DriverVersion = 12.8; DevicePciBusId = "0000:B2:00.0"; GlobalMemoryMb = 10823; MaxSupportedVersion = 12080 ]
	IoHeavy = 0
	Memory = 16384
...
040 (8018100.210.000) 2026-06-21 15:46:08 Started transferring output files
...
040 (8018100.210.000) 2026-06-21 15:46:08 Finished transferring output files
...
005 (8018100.210.000) 2026-06-21 15:46:08 Job terminated.
	(1) Normal termination (return value 2)
		Usr 0 00:00:03, Sys 0 00:00:00  -  Run Remote Usage
		Usr 0 00:00:00, Sys 0 00:00:00  -  Run Local Usage
		Usr 0 00:00:17, Sys 0 00:00:00  -  Total Remote Usage
		Usr 0 00:00:00, Sys 0 00:00:00  -  Total Local Usage
	437  -  Run Bytes Sent By Job
	2784119760  -  Run Bytes Received By Job
	4935  -  Total Bytes Sent By Job
	30625317360  -  Total Bytes Received By Job
	Partitionable Resources :    Usage  Request Allocated Assigned
	   Cpus                 :        0        1         1 
	   Disk (KB)            :  2718904 16777216  16777216 
	   GPUs                 :                 1         1 "GPU-61902b82"
	   IoHeavy              :                           0 
	   Memory (MB)          :       98    16384     16384 
	   TimeExecute (s)      :        4                    
	   TimeSlotBusy (s)     :       22                    
...
