000 (8017966.111.000) 2026-06-20 22:07:54 Job submitted from host: <128.105.68.112:9618?addrs=128.105.68.112-9618+[2607-f388-2200-100-eaeb-d3ff-fea3-4202]-9618&alias=ap2001.chtc.wisc.edu&noUDP&sock=schedd_4071840_2329>
...
040 (8017966.111.000) 2026-06-20 23:15:29 Started transferring input files
	Transferring to host: <128.105.68.103:9618?addrs=128.105.68.103-9618+[2607-f388-2200-100-1270-fdff-fe74-930]-9618&alias=gpu2011.chtc.wisc.edu&noUDP&sock=slot2_7_3669582_3c1f_85203>
...
040 (8017966.111.000) 2026-06-20 23:16:55 Finished transferring input files
...
001 (8017966.111.000) 2026-06-20 23:16:55 Job executing on host: <128.105.68.103:9618?addrs=128.105.68.103-9618+[2607-f388-2200-100-1270-fdff-fe74-930]-9618&alias=gpu2011.chtc.wisc.edu&noUDP&sock=startd_12054_9eaf>
	SlotName: slot2_7@gpu2011.chtc.wisc.edu
	AvailableGPUs = { GPUs_MIG_c58b4aaa_d2d3_5975_907f_a7815302cfd5 }
	CondorScratchDir = "/var/lib/condor/execute/slot2/dir_2785377/scratch"
	Cpus = 1
	Disk = 16777216
	GPUs = 1
	GPUs_MIG_c58b4aaa_d2d3_5975_907f_a7815302cfd5 = [ Id = "MIG-c58b4aaa-d2d3-5975-907f-a7815302cfd5"; Capability = 8.0; DeviceName = "NVIDIA A100-SXM4-80GB MIG 3g.40gb"; DeviceUuid = "MIG-c58b4aaa-d2d3-5975-907f-a7815302cfd5"; ECCEnabled = true; NvidiaDriver = "570.195.03"; DriverVersion = 12.8; DevicePciBusId = "0000:01:00.0"; GlobalMemoryMb = 40100; MaxSupportedVersion = 12080 ]
	IoHeavy = 0
	Memory = 16384
...
006 (8017966.111.000) 2026-06-20 23:17:03 Image size of job updated: 322852
	316  -  MemoryUsage of job (MB)
	322852  -  ResidentSetSize of job (KB)
...
006 (8017966.111.000) 2026-06-20 23:22:03 Image size of job updated: 1959944
	1913  -  MemoryUsage of job (MB)
	1958460  -  ResidentSetSize of job (KB)
...
006 (8017966.111.000) 2026-06-20 23:27:04 Image size of job updated: 1959944
	1913  -  MemoryUsage of job (MB)
	1958592  -  ResidentSetSize of job (KB)
...
006 (8017966.111.000) 2026-06-20 23:32:05 Image size of job updated: 1959944
	1913  -  MemoryUsage of job (MB)
	1958600  -  ResidentSetSize of job (KB)
...
006 (8017966.111.000) 2026-06-21 00:22:09 Image size of job updated: 1959944
	1913  -  MemoryUsage of job (MB)
	1958604  -  ResidentSetSize of job (KB)
...
006 (8017966.111.000) 2026-06-21 00:27:10 Image size of job updated: 1971680
	1926  -  MemoryUsage of job (MB)
	1971680  -  ResidentSetSize of job (KB)
...
006 (8017966.111.000) 2026-06-21 00:32:10 Image size of job updated: 1971696
	1926  -  MemoryUsage of job (MB)
	1971696  -  ResidentSetSize of job (KB)
...
006 (8017966.111.000) 2026-06-21 00:37:11 Image size of job updated: 1971712
	1926  -  MemoryUsage of job (MB)
	1971712  -  ResidentSetSize of job (KB)
...
006 (8017966.111.000) 2026-06-21 01:32:15 Image size of job updated: 1972600
	1927  -  MemoryUsage of job (MB)
	1972600  -  ResidentSetSize of job (KB)
...
006 (8017966.111.000) 2026-06-21 02:37:22 Image size of job updated: 1972604
	1927  -  MemoryUsage of job (MB)
	1972604  -  ResidentSetSize of job (KB)
...
006 (8017966.111.000) 2026-06-21 03:07:25 Image size of job updated: 1973148
	1927  -  MemoryUsage of job (MB)
	1973148  -  ResidentSetSize of job (KB)
...
006 (8017966.111.000) 2026-06-21 03:12:26 Image size of job updated: 1973696
	1928  -  MemoryUsage of job (MB)
	1973696  -  ResidentSetSize of job (KB)
...
006 (8017966.111.000) 2026-06-21 03:17:26 Image size of job updated: 1974748
	1929  -  MemoryUsage of job (MB)
	1974748  -  ResidentSetSize of job (KB)
...
006 (8017966.111.000) 2026-06-21 03:27:27 Image size of job updated: 1974760
	1929  -  MemoryUsage of job (MB)
	1974760  -  ResidentSetSize of job (KB)
...
006 (8017966.111.000) 2026-06-21 03:32:28 Image size of job updated: 1975556
	1930  -  MemoryUsage of job (MB)
	1975556  -  ResidentSetSize of job (KB)
...
006 (8017966.111.000) 2026-06-21 03:37:28 Image size of job updated: 1975752
	1930  -  MemoryUsage of job (MB)
	1975752  -  ResidentSetSize of job (KB)
...
006 (8017966.111.000) 2026-06-21 03:47:29 Image size of job updated: 1977912
	1932  -  MemoryUsage of job (MB)
	1977912  -  ResidentSetSize of job (KB)
...
006 (8017966.111.000) 2026-06-21 04:02:31 Image size of job updated: 1977968
	1932  -  MemoryUsage of job (MB)
	1977968  -  ResidentSetSize of job (KB)
...
006 (8017966.111.000) 2026-06-21 04:17:32 Image size of job updated: 1978652
	1933  -  MemoryUsage of job (MB)
	1978652  -  ResidentSetSize of job (KB)
...
006 (8017966.111.000) 2026-06-21 04:27:33 Image size of job updated: 1978764
	1933  -  MemoryUsage of job (MB)
	1978764  -  ResidentSetSize of job (KB)
...
006 (8017966.111.000) 2026-06-21 04:32:34 Image size of job updated: 1978960
	1933  -  MemoryUsage of job (MB)
	1978960  -  ResidentSetSize of job (KB)
...
006 (8017966.111.000) 2026-06-21 04:37:34 Image size of job updated: 1979016
	1933  -  MemoryUsage of job (MB)
	1979016  -  ResidentSetSize of job (KB)
...
040 (8017966.111.000) 2026-06-21 05:57:46 Started transferring output files
...
040 (8017966.111.000) 2026-06-21 05:57:46 Finished transferring output files
...
005 (8017966.111.000) 2026-06-21 05:57:46 Job terminated.
	(1) Normal termination (return value 0)
		Usr 0 07:02:47, Sys 0 02:46:33  -  Run Remote Usage
		Usr 0 00:00:00, Sys 0 00:00:00  -  Run Local Usage
		Usr 0 07:02:47, Sys 0 02:46:33  -  Total Remote Usage
		Usr 0 00:00:00, Sys 0 00:00:00  -  Total Local Usage
	11450879  -  Run Bytes Sent By Job
	2782682816  -  Run Bytes Received By Job
	11450879  -  Total Bytes Sent By Job
	2782682816  -  Total Bytes Received By Job
	Partitionable Resources :      Usage  Request Allocated Assigned
	   Cpus                 :       1.36        1         1 
	   Disk (KB)            : 2803893    16777216  16777216 
	   GPUs                 :                   1         1 "MIG-c58b4aaa-d2d3-5975-907f-a7815302cfd5"
	   IoHeavy              :                             0 
	   Memory (MB)          :    1933       16384     16384 
	   TimeExecute (s)      :   24051                       
	   TimeSlotBusy (s)     :   24137                       
...
