000 (8180963.126.000) 2026-06-24 12:19:47 Job submitted from host: <128.105.68.112:9618?addrs=128.105.68.112-9618+[2607-f388-2200-100-eaeb-d3ff-fea3-4202]-9618&alias=ap2001.chtc.wisc.edu&noUDP&sock=schedd_4071840_2329>
...
040 (8180963.126.000) 2026-06-24 15:57:54 Started transferring input files
	Transferring to host: <128.105.69.246:9618?addrs=128.105.69.246-9618+[2607-f388-2200-100-3eec-efff-fe1e-deb4]-9618&alias=mcdanielgpu4001.chtc.wisc.edu&noUDP&sock=backfill1_4_190142_fd6d_95167>
...
040 (8180963.126.000) 2026-06-24 16:00:19 Finished transferring input files
...
001 (8180963.126.000) 2026-06-24 16:00:19 Job executing on host: <128.105.69.246:9618?addrs=128.105.69.246-9618+[2607-f388-2200-100-3eec-efff-fe1e-deb4]-9618&alias=mcdanielgpu4001.chtc.wisc.edu&noUDP&sock=startd_10897_039c>
	SlotName: backfill1_4@mcdanielgpu4001.chtc.wisc.edu
	AvailableGPUs = { GPUs_GPU_57c719df }
	CondorScratchDir = "/var/lib/condor/execute/slot1/dir_4105586/scratch"
	Cpus = 1
	Disk = 16777216
	GPUs = 1
	GPUs_GPU_57c719df = [ Id = "GPU-57c719df"; Capability = 8.0; DeviceName = "NVIDIA A100-SXM4-40GB"; DeviceUuid = "57c719df-e344-8945-af78-021e51997dd1"; ECCEnabled = true; NvidiaDriver = "570.195.03"; DriverVersion = 12.8; DevicePciBusId = "0000:87:00.0"; GlobalMemoryMb = 40442; MaxSupportedVersion = 12080 ]
	IoHeavy = 0
	Memory = 16384
...
006 (8180963.126.000) 2026-06-24 16:00:28 Image size of job updated: 321624
	315  -  MemoryUsage of job (MB)
	321624  -  ResidentSetSize of job (KB)
...
006 (8180963.126.000) 2026-06-24 16:05:28 Image size of job updated: 963048
	939  -  MemoryUsage of job (MB)
	961184  -  ResidentSetSize of job (KB)
...
006 (8180963.126.000) 2026-06-24 16:10:29 Image size of job updated: 963048
	940  -  MemoryUsage of job (MB)
	962052  -  ResidentSetSize of job (KB)
...
006 (8180963.126.000) 2026-06-24 16:15:29 Image size of job updated: 967064
	945  -  MemoryUsage of job (MB)
	967064  -  ResidentSetSize of job (KB)
...
006 (8180963.126.000) 2026-06-24 16:20:30 Image size of job updated: 971556
	949  -  MemoryUsage of job (MB)
	971556  -  ResidentSetSize of job (KB)
...
006 (8180963.126.000) 2026-06-24 16:25:30 Image size of job updated: 977368
	955  -  MemoryUsage of job (MB)
	977368  -  ResidentSetSize of job (KB)
...
006 (8180963.126.000) 2026-06-24 16:30:31 Image size of job updated: 981260
	959  -  MemoryUsage of job (MB)
	981260  -  ResidentSetSize of job (KB)
...
006 (8180963.126.000) 2026-06-24 16:35:31 Image size of job updated: 986484
	964  -  MemoryUsage of job (MB)
	986484  -  ResidentSetSize of job (KB)
...
006 (8180963.126.000) 2026-06-24 16:40:32 Image size of job updated: 988348
	964  -  MemoryUsage of job (MB)
	986484  -  ResidentSetSize of job (KB)
...
006 (8180963.126.000) 2026-06-24 16:45:32 Image size of job updated: 992460
	969  -  MemoryUsage of job (MB)
	992068  -  ResidentSetSize of job (KB)
...
006 (8180963.126.000) 2026-06-24 16:50:33 Image size of job updated: 993520
	969  -  MemoryUsage of job (MB)
	992068  -  ResidentSetSize of job (KB)
...
040 (8180963.126.000) 2026-06-24 16:54:25 Started transferring output files
...
040 (8180963.126.000) 2026-06-24 16:54:25 Finished transferring output files
...
005 (8180963.126.000) 2026-06-24 16:54:26 Job terminated.
	(1) Normal termination (return value 0)
		Usr 0 00:53:53, Sys 0 00:26:31  -  Run Remote Usage
		Usr 0 00:00:00, Sys 0 00:00:00  -  Run Local Usage
		Usr 0 00:53:53, Sys 0 00:26:31  -  Total Remote Usage
		Usr 0 00:00:00, Sys 0 00:00:00  -  Total Local Usage
	1593416  -  Run Bytes Sent By Job
	2782619659  -  Run Bytes Received By Job
	1593416  -  Total Bytes Sent By Job
	2782619659  -  Total Bytes Received By Job
	Partitionable Resources :      Usage  Request Allocated Assigned
	   Cpus                 :       0.99        1         1 
	   Disk (KB)            : 2730250    16777216  16777216 
	   GPUs                 :       0.83        1         1 "GPU-57c719df"
	   GpusMemory (MB)      :    6524                       
	   IoHeavy              :                             0 
	   Memory (MB)          :     969       16384     16384 
	   TimeExecute (s)      :    3246                       
	   TimeSlotBusy (s)     :    3391                       
...
