000 (8017966.064.000) 2026-06-20 22:07:54 Job submitted from host: <128.105.68.112:9618?addrs=128.105.68.112-9618+[2607-f388-2200-100-eaeb-d3ff-fea3-4202]-9618&alias=ap2001.chtc.wisc.edu&noUDP&sock=schedd_4071840_2329>
...
040 (8017966.064.000) 2026-06-20 22:53:37 Started transferring input files
	Transferring to host: <128.105.69.3:9618?addrs=128.105.69.3-9618+[2607-f388-2200-100-7ec2-55ff-fe46-28f2]-9618&alias=gpu4002.chtc.wisc.edu&noUDP&sock=slot1_2_12744_0cff_3179>
...
040 (8017966.064.000) 2026-06-20 22:53:48 Finished transferring input files
...
001 (8017966.064.000) 2026-06-20 22:53:48 Job executing on host: <128.105.69.3:9618?addrs=128.105.69.3-9618+[2607-f388-2200-100-7ec2-55ff-fe46-28f2]-9618&alias=gpu4002.chtc.wisc.edu&noUDP&sock=startd_11312_ab69>
	SlotName: slot1_2@gpu4002.chtc.wisc.edu
	AvailableGPUs = { GPUs_GPU_2e13e217 }
	CondorScratchDir = "/var/lib/condor/execute/slot1/dir_2711137/scratch"
	Cpus = 1
	Disk = 16777216
	GPUs = 1
	GPUs_GPU_2e13e217 = [ Id = "GPU-2e13e217"; Capability = 8.9; DeviceName = "NVIDIA L40"; DeviceUuid = "2e13e217-6059-f8d1-c6e6-c4cc399ca285"; ECCEnabled = true; NvidiaDriver = "570.195.03"; DriverVersion = 12.8; DevicePciBusId = "0000:53:00.0"; GlobalMemoryMb = 45468; MaxSupportedVersion = 12080 ]
	IoHeavy = 0
	Memory = 16384
...
006 (8017966.064.000) 2026-06-20 22:53:57 Image size of job updated: 391180
	383  -  MemoryUsage of job (MB)
	391180  -  ResidentSetSize of job (KB)
...
006 (8017966.064.000) 2026-06-20 22:54:27 Image size of job updated: 934700
	383  -  MemoryUsage of job (MB)
	391220  -  ResidentSetSize of job (KB)
...
040 (8017966.064.000) 2026-06-20 22:54:27 Started transferring output files
...
040 (8017966.064.000) 2026-06-20 22:54:27 Finished transferring output files
...
004 (8017966.064.000) 2026-06-20 22:54:28 Job was evicted.
	(0) Job terminated and was requeued
		Usr 0 00:00:36, Sys 0 00:00:02  -  Run Remote Usage
		Usr 0 00:00:00, Sys 0 00:00:00  -  Run Local Usage
	2513959  -  Run Bytes Sent By Job
	2782498180  -  Run Bytes Received By Job
	(1) Normal termination (return value 1)
	The job attribute OnExitRemove expression 'NumJobCompletions > JobMaxRetries || ExitCode =?= 0' evaluated to FALSE
...
040 (8017966.064.000) 2026-06-20 22:54:45 Started transferring input files
	Transferring to host: <128.105.76.52:9618?addrs=128.105.76.52-9618+[2607-f388-2200-100-b65c-b5ff-fe81-e53e]-9618&alias=dbrundage-chtcgpu5000.chtc.wisc.edu&noUDP&sock=backfill1_1_11313_c825_13187>
...
040 (8017966.064.000) 2026-06-20 22:54:56 Finished transferring input files
...
001 (8017966.064.000) 2026-06-20 22:54:56 Job executing on host: <128.105.76.52:9618?addrs=128.105.76.52-9618+[2607-f388-2200-100-b65c-b5ff-fe81-e53e]-9618&alias=dbrundage-chtcgpu5000.chtc.wisc.edu&noUDP&sock=startd_10956_7bb2>
	SlotName: backfill1_1@dbrundage-chtcgpu5000.chtc.wisc.edu
	AvailableGPUs = { GPUs_GPU_66f2ae81 }
	CondorScratchDir = "/var/lib/condor/execute/slot1/dir_4152128/scratch"
	Cpus = 1
	Disk = 16777216
	GPUs = 1
	GPUs_GPU_66f2ae81 = [ Id = "GPU-66f2ae81"; Capability = 9.0; DeviceName = "NVIDIA H200"; DeviceUuid = "66f2ae81-1879-0354-fa90-417e31e2883b"; ECCEnabled = true; NvidiaDriver = "590.48.01"; DriverVersion = 13.1; DevicePciBusId = "0000:19:00.0"; GlobalMemoryMb = 143158; MaxSupportedVersion = 13010 ]
	IoHeavy = 0
	Memory = 16384
...
040 (8017966.064.000) 2026-06-20 22:54:58 Started transferring output files
...
040 (8017966.064.000) 2026-06-20 22:54:58 Finished transferring output files
...
004 (8017966.064.000) 2026-06-20 22:54:59 Job was evicted.
	(0) Job terminated and was requeued
		Usr 0 00:00:01, Sys 0 00:00:00  -  Run Remote Usage
		Usr 0 00:00:00, Sys 0 00:00:00  -  Run Local Usage
	2509239  -  Run Bytes Sent By Job
	2785006891  -  Run Bytes Received By Job
	(1) Normal termination (return value 2)
	The job attribute OnExitRemove expression 'NumJobCompletions > JobMaxRetries || ExitCode =?= 0' evaluated to FALSE
...
040 (8017966.064.000) 2026-06-20 22:55:17 Started transferring input files
	Transferring to host: <128.105.69.3:9618?addrs=128.105.69.3-9618+[2607-f388-2200-100-7ec2-55ff-fe46-28f2]-9618&alias=gpu4002.chtc.wisc.edu&noUDP&sock=slot1_2_12744_0cff_3185>
...
040 (8017966.064.000) 2026-06-20 22:55:29 Finished transferring input files
...
001 (8017966.064.000) 2026-06-20 22:55:29 Job executing on host: <128.105.69.3:9618?addrs=128.105.69.3-9618+[2607-f388-2200-100-7ec2-55ff-fe46-28f2]-9618&alias=gpu4002.chtc.wisc.edu&noUDP&sock=startd_11312_ab69>
	SlotName: slot1_2@gpu4002.chtc.wisc.edu
	AvailableGPUs = { GPUs_GPU_2e13e217 }
	CondorScratchDir = "/var/lib/condor/execute/slot1/dir_2712247/scratch"
	Cpus = 1
	Disk = 16777216
	GPUs = 1
	GPUs_GPU_2e13e217 = [ Id = "GPU-2e13e217"; Capability = 8.9; DeviceName = "NVIDIA L40"; DeviceUuid = "2e13e217-6059-f8d1-c6e6-c4cc399ca285"; ECCEnabled = true; NvidiaDriver = "570.195.03"; DriverVersion = 12.8; DevicePciBusId = "0000:53:00.0"; GlobalMemoryMb = 45468; MaxSupportedVersion = 12080 ]
	IoHeavy = 0
	Memory = 16384
...
040 (8017966.064.000) 2026-06-20 22:55:32 Started transferring output files
...
040 (8017966.064.000) 2026-06-20 22:55:32 Finished transferring output files
...
004 (8017966.064.000) 2026-06-20 22:55:32 Job was evicted.
	(0) Job terminated and was requeued
		Usr 0 00:00:02, Sys 0 00:00:00  -  Run Remote Usage
		Usr 0 00:00:00, Sys 0 00:00:00  -  Run Local Usage
	2509201  -  Run Bytes Sent By Job
	2785006891  -  Run Bytes Received By Job
	(1) Normal termination (return value 2)
	The job attribute OnExitRemove expression 'NumJobCompletions > JobMaxRetries || ExitCode =?= 0' evaluated to FALSE
...
040 (8017966.064.000) 2026-06-20 22:55:43 Started transferring input files
	Transferring to host: <128.105.69.3:9618?addrs=128.105.69.3-9618+[2607-f388-2200-100-7ec2-55ff-fe46-28f2]-9618&alias=gpu4002.chtc.wisc.edu&noUDP&sock=slot1_2_12744_0cff_3186>
...
040 (8017966.064.000) 2026-06-20 22:55:55 Finished transferring input files
...
001 (8017966.064.000) 2026-06-20 22:55:55 Job executing on host: <128.105.69.3:9618?addrs=128.105.69.3-9618+[2607-f388-2200-100-7ec2-55ff-fe46-28f2]-9618&alias=gpu4002.chtc.wisc.edu&noUDP&sock=startd_11312_ab69>
	SlotName: slot1_2@gpu4002.chtc.wisc.edu
	AvailableGPUs = { GPUs_GPU_2e13e217 }
	CondorScratchDir = "/var/lib/condor/execute/slot1/dir_2712494/scratch"
	Cpus = 1
	Disk = 16777216
	GPUs = 1
	GPUs_GPU_2e13e217 = [ Id = "GPU-2e13e217"; Capability = 8.9; DeviceName = "NVIDIA L40"; DeviceUuid = "2e13e217-6059-f8d1-c6e6-c4cc399ca285"; ECCEnabled = true; NvidiaDriver = "570.195.03"; DriverVersion = 12.8; DevicePciBusId = "0000:53:00.0"; GlobalMemoryMb = 45468; MaxSupportedVersion = 12080 ]
	IoHeavy = 0
	Memory = 16384
...
040 (8017966.064.000) 2026-06-20 22:55:58 Started transferring output files
...
040 (8017966.064.000) 2026-06-20 22:55:58 Finished transferring output files
...
004 (8017966.064.000) 2026-06-20 22:55:58 Job was evicted.
	(0) Job terminated and was requeued
		Usr 0 00:00:02, Sys 0 00:00:00  -  Run Remote Usage
		Usr 0 00:00:00, Sys 0 00:00:00  -  Run Local Usage
	2509201  -  Run Bytes Sent By Job
	2785006891  -  Run Bytes Received By Job
	(1) Normal termination (return value 2)
	The job attribute OnExitRemove expression 'NumJobCompletions > JobMaxRetries || ExitCode =?= 0' evaluated to FALSE
...
040 (8017966.064.000) 2026-06-20 22:56:06 Started transferring input files
	Transferring to host: <128.105.68.96:9618?addrs=128.105.68.96-9618+[2607-f388-2200-100-1270-fdff-fe74-8a8]-9618&alias=gpu2004.chtc.wisc.edu&noUDP&sock=slot2_2_2416131_9ce4_76724>
...
040 (8017966.064.000) 2026-06-20 22:56:19 Finished transferring input files
...
001 (8017966.064.000) 2026-06-20 22:56:19 Job executing on host: <128.105.68.96:9618?addrs=128.105.68.96-9618+[2607-f388-2200-100-1270-fdff-fe74-8a8]-9618&alias=gpu2004.chtc.wisc.edu&noUDP&sock=startd_12358_237a>
	SlotName: slot2_2@gpu2004.chtc.wisc.edu
	AvailableGPUs = { GPUs_GPU_57c0673b }
	CondorScratchDir = "/var/lib/condor/execute/slot2/dir_3986758/scratch"
	Cpus = 1
	Disk = 16777216
	GPUs = 1
	GPUs_GPU_57c0673b = [ Id = "GPU-57c0673b"; Capability = 8.0; DeviceName = "NVIDIA A100-SXM4-80GB"; DeviceUuid = "57c0673b-66ef-6841-a3e7-62fa4de30c52"; ECCEnabled = true; NvidiaDriver = "570.195.03"; DriverVersion = 12.8; DevicePciBusId = "0000:41:00.0"; GlobalMemoryMb = 81154; MaxSupportedVersion = 12080 ]
	IoHeavy = 0
	Memory = 16384
...
040 (8017966.064.000) 2026-06-20 22:56:23 Started transferring output files
...
040 (8017966.064.000) 2026-06-20 22:56:23 Finished transferring output files
...
004 (8017966.064.000) 2026-06-20 22:56:24 Job was evicted.
	(0) Job terminated and was requeued
		Usr 0 00:00:02, Sys 0 00:00:01  -  Run Remote Usage
		Usr 0 00:00:00, Sys 0 00:00:00  -  Run Local Usage
	2509211  -  Run Bytes Sent By Job
	2785006891  -  Run Bytes Received By Job
	(1) Normal termination (return value 2)
	The job attribute OnExitRemove expression 'NumJobCompletions > JobMaxRetries || ExitCode =?= 0' evaluated to FALSE
...
040 (8017966.064.000) 2026-06-20 22:56:28 Started transferring input files
	Transferring to host: <128.105.69.3:9618?addrs=128.105.69.3-9618+[2607-f388-2200-100-7ec2-55ff-fe46-28f2]-9618&alias=gpu4002.chtc.wisc.edu&noUDP&sock=slot1_2_12744_0cff_3188>
...
040 (8017966.064.000) 2026-06-20 22:56:39 Finished transferring input files
...
001 (8017966.064.000) 2026-06-20 22:56:39 Job executing on host: <128.105.69.3:9618?addrs=128.105.69.3-9618+[2607-f388-2200-100-7ec2-55ff-fe46-28f2]-9618&alias=gpu4002.chtc.wisc.edu&noUDP&sock=startd_11312_ab69>
	SlotName: slot1_2@gpu4002.chtc.wisc.edu
	AvailableGPUs = { GPUs_GPU_2e13e217 }
	CondorScratchDir = "/var/lib/condor/execute/slot1/dir_2712990/scratch"
	Cpus = 1
	Disk = 16777216
	GPUs = 1
	GPUs_GPU_2e13e217 = [ Id = "GPU-2e13e217"; Capability = 8.9; DeviceName = "NVIDIA L40"; DeviceUuid = "2e13e217-6059-f8d1-c6e6-c4cc399ca285"; ECCEnabled = true; NvidiaDriver = "570.195.03"; DriverVersion = 12.8; DevicePciBusId = "0000:53:00.0"; GlobalMemoryMb = 45468; MaxSupportedVersion = 12080 ]
	IoHeavy = 0
	Memory = 16384
...
040 (8017966.064.000) 2026-06-20 22:56:42 Started transferring output files
...
040 (8017966.064.000) 2026-06-20 22:56:42 Finished transferring output files
...
004 (8017966.064.000) 2026-06-20 22:56:42 Job was evicted.
	(0) Job terminated and was requeued
		Usr 0 00:00:02, Sys 0 00:00:00  -  Run Remote Usage
		Usr 0 00:00:00, Sys 0 00:00:00  -  Run Local Usage
	2509201  -  Run Bytes Sent By Job
	2785006891  -  Run Bytes Received By Job
	(1) Normal termination (return value 2)
	The job attribute OnExitRemove expression 'NumJobCompletions > JobMaxRetries || ExitCode =?= 0' evaluated to FALSE
...
040 (8017966.064.000) 2026-06-20 22:56:52 Started transferring input files
	Transferring to host: <10.226.104.219:44941?CCBID=128.105.82.148:9618%3faddrs%3d128.105.82.148-9618+[2607-f388-2200-9d-7ccb-bc08-2489-768a]-9618%26alias%3dospool-ccb.osg.chtc.io%26noUDP%26sock%3dcollector8#4289183%2067.58.49.91:9618%3faddrs%3d67.58.49.91-9618+[fdf0-17b3-c3ec-1f79-10-0-e-b69d]-9618%26alias%3dccb-2.ospool.osg-htc.org%26noUDP%26sock%3dcollector10#4281867&PrivNet=gpu019.rci.montana.edu&addrs=10.226.104.219-44941&alias=gpu019.rci.montana.edu&noUDP>
...
040 (8017966.064.000) 2026-06-20 22:58:24 Finished transferring input files
...
021 (8017966.064.000) 2026-06-20 22:58:28 Message from starter on slot1_1@glidein_44344_686287875@gpu019.rci.montana.edu:
	PREPARE_JOB (prepare-hook) succeeded (reported status 000): Using Singularity image openfe_1.11.1.sif
...
001 (8017966.064.000) 2026-06-20 22:58:28 Job executing on host: <10.226.104.219:46635?CCBID=128.105.82.148:9618%3faddrs%3d128.105.82.148-9618+[2607-f388-2200-9d-7ccb-bc08-2489-768a]-9618%26alias%3dospool-ccb.osg.chtc.io%26noUDP%26sock%3dcollector5#4263111%2067.58.49.91:9618%3faddrs%3d67.58.49.91-9618+[fdf0-17b3-c3ec-1f79-10-0-e-b69d]-9618%26alias%3dccb-2.ospool.osg-htc.org%26noUDP%26sock%3dcollector9#4263014&PrivNet=gpu019.rci.montana.edu&addrs=10.226.104.219-46635&alias=gpu019.rci.montana.edu&noUDP>
	SlotName: slot1_1@glidein_44344_686287875@gpu019.rci.montana.edu
	AvailableGPUs = { GPUs_GPU_ec62e759 }
	CondorScratchDir = "/tmp/jobs/4093251/glide_tNJTON/execute/dir_1276665/scratch"
	Cpus = 1
	Disk = 16777216
	GPUs = 1
	GPUs_GPU_ec62e759 = [ Id = "GPU-ec62e759"; ClockMhz = 1980.0; Capability = 9.0; CoresPerCU = 128; DeviceName = "NVIDIA H100 80GB HBM3"; DeviceUuid = "ec62e759-2dcd-9df3-4a0c-3116e70e7956"; ECCEnabled = true; ComputeUnits = 132; NvidiaDriver = "595.71.05"; DriverVersion = 13.2; DevicePciBusId = "0000:CB:00.0"; GlobalMemoryMb = 81081; MaxSupportedVersion = 13020 ]
	Memory = 16384
...
006 (8017966.064.000) 2026-06-20 22:58:35 Image size of job updated: 3890104
	391  -  MemoryUsage of job (MB)
	400000  -  ResidentSetSize of job (KB)
...
040 (8017966.064.000) 2026-06-20 22:58:35 Started transferring output files
...
040 (8017966.064.000) 2026-06-20 22:58:35 Finished transferring output files
...
004 (8017966.064.000) 2026-06-20 22:58:36 Job was evicted.
	(0) Job terminated and was requeued
		Usr 0 00:00:00, Sys 0 00:00:00  -  Run Remote Usage
		Usr 0 00:00:00, Sys 0 00:00:00  -  Run Local Usage
	2509229  -  Run Bytes Sent By Job
	2785006891  -  Run Bytes Received By Job
	(1) Normal termination (return value 2)
	The job attribute OnExitRemove expression 'NumJobCompletions > JobMaxRetries || ExitCode =?= 0' evaluated to FALSE
...
040 (8017966.064.000) 2026-06-20 22:59:18 Started transferring input files
	Transferring to host: <128.105.69.3:9618?addrs=128.105.69.3-9618+[2607-f388-2200-100-7ec2-55ff-fe46-28f2]-9618&alias=gpu4002.chtc.wisc.edu&noUDP&sock=slot1_2_12744_0cff_3206>
...
040 (8017966.064.000) 2026-06-20 22:59:29 Finished transferring input files
...
001 (8017966.064.000) 2026-06-20 22:59:29 Job executing on host: <128.105.69.3:9618?addrs=128.105.69.3-9618+[2607-f388-2200-100-7ec2-55ff-fe46-28f2]-9618&alias=gpu4002.chtc.wisc.edu&noUDP&sock=startd_11312_ab69>
	SlotName: slot1_2@gpu4002.chtc.wisc.edu
	AvailableGPUs = { GPUs_GPU_2e13e217 }
	CondorScratchDir = "/var/lib/condor/execute/slot1/dir_2716241/scratch"
	Cpus = 1
	Disk = 16777216
	GPUs = 1
	GPUs_GPU_2e13e217 = [ Id = "GPU-2e13e217"; Capability = 8.9; DeviceName = "NVIDIA L40"; DeviceUuid = "2e13e217-6059-f8d1-c6e6-c4cc399ca285"; ECCEnabled = true; NvidiaDriver = "570.195.03"; DriverVersion = 12.8; DevicePciBusId = "0000:53:00.0"; GlobalMemoryMb = 45468; MaxSupportedVersion = 12080 ]
	IoHeavy = 0
	Memory = 16384
...
040 (8017966.064.000) 2026-06-20 22:59:32 Started transferring output files
...
040 (8017966.064.000) 2026-06-20 22:59:32 Finished transferring output files
...
004 (8017966.064.000) 2026-06-20 22:59:32 Job was evicted.
	(0) Job terminated and was requeued
		Usr 0 00:00:02, Sys 0 00:00:00  -  Run Remote Usage
		Usr 0 00:00:00, Sys 0 00:00:00  -  Run Local Usage
	2509201  -  Run Bytes Sent By Job
	2785006891  -  Run Bytes Received By Job
	(1) Normal termination (return value 2)
	The job attribute OnExitRemove expression 'NumJobCompletions > JobMaxRetries || ExitCode =?= 0' evaluated to FALSE
...
040 (8017966.064.000) 2026-06-20 22:59:44 Started transferring input files
	Transferring to host: <128.105.76.51:9618?addrs=128.105.76.51-9618+[2607-f388-2200-100-925a-8ff-fe34-15b6]-9618&alias=zliu-chtcgpu5000.chtc.wisc.edu&noUDP&sock=backfill1_4_98764_ec29_36630>
...
040 (8017966.064.000) 2026-06-20 22:59:57 Finished transferring input files
...
001 (8017966.064.000) 2026-06-20 22:59:57 Job executing on host: <128.105.76.51:9618?addrs=128.105.76.51-9618+[2607-f388-2200-100-925a-8ff-fe34-15b6]-9618&alias=zliu-chtcgpu5000.chtc.wisc.edu&noUDP&sock=startd_98388_901b>
	SlotName: backfill1_4@zliu-chtcgpu5000.chtc.wisc.edu
	AvailableGPUs = { GPUs_GPU_ad6fd700 }
	CondorScratchDir = "/var/lib/condor/execute/slot1/dir_3053236/scratch"
	Cpus = 1
	Disk = 16777216
	GPUs = 1
	GPUs_GPU_ad6fd700 = [ Id = "GPU-ad6fd700"; Capability = 8.9; DeviceName = "NVIDIA L40S"; DeviceUuid = "ad6fd700-031e-f4f7-18cc-4d9383583651"; ECCEnabled = true; NvidiaDriver = "590.48.01"; DriverVersion = 13.1; DevicePciBusId = "0000:61:00.0"; GlobalMemoryMb = 45460; MaxSupportedVersion = 13010 ]
	IoHeavy = 0
	Memory = 16384
...
040 (8017966.064.000) 2026-06-20 22:59:59 Started transferring output files
...
040 (8017966.064.000) 2026-06-20 22:59:59 Finished transferring output files
...
004 (8017966.064.000) 2026-06-20 23:00:00 Job was evicted.
	(0) Job terminated and was requeued
		Usr 0 00:00:01, Sys 0 00:00:00  -  Run Remote Usage
		Usr 0 00:00:00, Sys 0 00:00:00  -  Run Local Usage
	2509234  -  Run Bytes Sent By Job
	2785006891  -  Run Bytes Received By Job
	(1) Normal termination (return value 2)
	The job attribute OnExitRemove expression 'NumJobCompletions > JobMaxRetries || ExitCode =?= 0' evaluated to FALSE
...
040 (8017966.064.000) 2026-06-20 23:01:40 Started transferring input files
	Transferring to host: <10.1.1.131:41239?CCBID=128.105.82.148:9618%3faddrs%3d128.105.82.148-9618+[2607-f388-2200-9d-7ccb-bc08-2489-768a]-9618%26alias%3dospool-ccb.osg.chtc.io%26noUDP%26sock%3dcollector3#4290483%2067.58.49.91:9618%3faddrs%3d67.58.49.91-9618+[fdf0-17b3-c3ec-1f79-10-0-e-b69d]-9618%26alias%3dccb-2.ospool.osg-htc.org%26noUDP%26sock%3dcollector3#4279365&PrivNet=gpu01&addrs=10.1.1.131-41239&alias=gpu01&noUDP>
...
040 (8017966.064.000) 2026-06-20 23:02:50 Finished transferring input files
...
021 (8017966.064.000) 2026-06-20 23:02:54 Message from starter on slot1_1@glidein_1545382_715862460@gpu01:
	PREPARE_JOB (prepare-hook) succeeded (reported status 000): Using Singularity image openfe_1.11.1.sif
...
001 (8017966.064.000) 2026-06-20 23:02:54 Job executing on host: <10.1.1.131:38905?CCBID=128.105.82.148:9618%3faddrs%3d128.105.82.148-9618+[2607-f388-2200-9d-7ccb-bc08-2489-768a]-9618%26alias%3dospool-ccb.osg.chtc.io%26noUDP%26sock%3dcollector8#4265399%2067.58.49.91:9618%3faddrs%3d67.58.49.91-9618+[fdf0-17b3-c3ec-1f79-10-0-e-b69d]-9618%26alias%3dccb-2.ospool.osg-htc.org%26noUDP%26sock%3dcollector6#4258755&PrivNet=gpu01&addrs=10.1.1.131-38905&alias=gpu01&noUDP>
	SlotName: slot1_1@glidein_1545382_715862460@gpu01
	AvailableGPUs = { GPUs_GPU_23ecf0d7 }
	CondorScratchDir = "/tmp/glide_MFrAD2/execute/dir_2160171/scratch"
	Cpus = 1
	Disk = 16777216
	GPUs = 1
	GPUs_GPU_23ecf0d7 = [ Id = "GPU-23ecf0d7"; ClockMhz = 1740.0; Capability = 8.6; CoresPerCU = 128; DeviceName = "NVIDIA A40"; DeviceUuid = "23ecf0d7-cfa9-de5a-f254-f54e1a8da719"; ECCEnabled = true; ComputeUnits = 84; NvidiaDriver = "595.71.05"; DriverVersion = 13.2; DevicePciBusId = "0000:01:00.0"; GlobalMemoryMb = 45739; MaxSupportedVersion = 13020 ]
	Memory = 16384
...
040 (8017966.064.000) 2026-06-20 23:03:03 Started transferring output files
...
040 (8017966.064.000) 2026-06-20 23:03:03 Finished transferring output files
...
004 (8017966.064.000) 2026-06-20 23:03:05 Job was evicted.
	(0) Job terminated and was requeued
		Usr 0 00:00:00, Sys 0 00:00:00  -  Run Remote Usage
		Usr 0 00:00:00, Sys 0 00:00:00  -  Run Local Usage
	2509316  -  Run Bytes Sent By Job
	2778715435  -  Run Bytes Received By Job
	(1) Normal termination (return value 2)
	The job attribute OnExitRemove expression 'NumJobCompletions > JobMaxRetries || ExitCode =?= 0' evaluated to FALSE
...
040 (8017966.064.000) 2026-06-20 23:03:24 Started transferring input files
	Transferring to host: <10.32.89.21:46505?CCBID=128.105.82.148:9618%3faddrs%3d128.105.82.148-9618+[2607-f388-2200-9d-7ccb-bc08-2489-768a]-9618%26alias%3dospool-ccb.osg.chtc.io%26noUDP%26sock%3dcollector9#4289049%2067.58.49.91:9618%3faddrs%3d67.58.49.91-9618+[fdf0-17b3-c3ec-1f79-10-0-e-b69d]-9618%26alias%3dccb-2.ospool.osg-htc.org%26noUDP%26sock%3dcollector5#4283815&PrivNet=qa-rtx6k-024.crc.nd.edu&addrs=10.32.89.21-46505&alias=qa-rtx6k-024.crc.nd.edu&noUDP>
...
040 (8017966.064.000) 2026-06-20 23:04:38 Finished transferring input files
...
021 (8017966.064.000) 2026-06-20 23:04:39 Message from starter on slot1_1@glidein_243219_277352497@qa-rtx6k-024.crc.nd.edu:
	PREPARE_JOB (prepare-hook) succeeded (reported status 000): Using Singularity image openfe_1.11.1.sif
...
001 (8017966.064.000) 2026-06-20 23:04:39 Job executing on host: <10.32.89.21:42237?CCBID=128.105.82.148:9618%3faddrs%3d128.105.82.148-9618+[2607-f388-2200-9d-7ccb-bc08-2489-768a]-9618%26alias%3dospool-ccb.osg.chtc.io%26noUDP%26sock%3dcollector8#4289122%2067.58.49.91:9618%3faddrs%3d67.58.49.91-9618+[fdf0-17b3-c3ec-1f79-10-0-e-b69d]-9618%26alias%3dccb-2.ospool.osg-htc.org%26noUDP%26sock%3dcollector4#4278232&PrivNet=qa-rtx6k-024.crc.nd.edu&addrs=10.32.89.21-42237&alias=qa-rtx6k-024.crc.nd.edu&noUDP>
	SlotName: slot1_1@glidein_243219_277352497@qa-rtx6k-024.crc.nd.edu
	AvailableGPUs = { GPUs_GPU_c97ab239 }
	CondorScratchDir = "/var/condor/execute/dir_243217/glide_fUCZmz/execute/dir_294348/scratch"
	Cpus = 1
	Disk = 16777216
	GPUs = 1
	GPUs_GPU_c97ab239 = [ Id = "GPU-c97ab239"; ClockMhz = 1620.0; Capability = 7.5; CoresPerCU = 64; DeviceName = "Quadro RTX 6000"; DeviceUuid = "c97ab239-65ed-cb55-ca74-7a5e06dd310d"; ECCEnabled = true; ComputeUnits = 72; NvidiaDriver = "595.71.05"; DriverVersion = 13.2; DevicePciBusId = "0000:06:00.0"; GlobalMemoryMb = 22684; MaxSupportedVersion = 13020 ]
	Memory = 16384
...
006 (8017966.064.000) 2026-06-20 23:04:46 Image size of job updated: 4442408
	391  -  MemoryUsage of job (MB)
	400000  -  ResidentSetSize of job (KB)
...
040 (8017966.064.000) 2026-06-20 23:04:46 Started transferring output files
...
040 (8017966.064.000) 2026-06-20 23:04:46 Finished transferring output files
...
005 (8017966.064.000) 2026-06-20 23:04:46 Job terminated.
	(1) Normal termination (return value 2)
		Usr 0 00:00:02, Sys 0 00:00:00  -  Run Remote Usage
		Usr 0 00:00:00, Sys 0 00:00:00  -  Run Local Usage
		Usr 0 00:00:50, Sys 0 00:00:03  -  Total Remote Usage
		Usr 0 00:00:00, Sys 0 00:00:00  -  Total Local Usage
	2509278  -  Run Bytes Sent By Job
	2785006891  -  Run Bytes Received By Job
	27606270  -  Total Bytes Sent By Job
	30626275634  -  Total Bytes Received By Job
	Partitionable Resources :    Usage  Request Allocated Assigned
	   Cpus                 :        0        1         1 
	   Disk (KB)            :  2719877 16777216  16777216 
	   GPUs                 :        0        1         1 "GPU-c97ab239"
	   Memory (MB)          :      391    16384     16384 
	   TimeExecute (s)      :        7                    
	   TimeSlotBusy (s)     :       83                    
...
