000 (8017966.342.000) 2026-06-20 22:07:54 Job submitted from host: <128.105.68.112:9618?addrs=128.105.68.112-9618+[2607-f388-2200-100-eaeb-d3ff-fea3-4202]-9618&alias=ap2001.chtc.wisc.edu&noUDP&sock=schedd_4071840_2329>
...
040 (8017966.342.000) 2026-06-21 01:29:55 Started transferring input files
	Transferring to host: <128.105.69.60:9618?addrs=128.105.69.60-9618+[2607-f388-2200-100-527c-6fff-fe66-e7e2]-9618&alias=blengerichgpu4000.chtc.wisc.edu&noUDP&sock=backfill1_8_1843674_de95_94794>
...
040 (8017966.342.000) 2026-06-21 01:30:05 Finished transferring input files
...
001 (8017966.342.000) 2026-06-21 01:30:06 Job executing on host: <128.105.69.60:9618?addrs=128.105.69.60-9618+[2607-f388-2200-100-527c-6fff-fe66-e7e2]-9618&alias=blengerichgpu4000.chtc.wisc.edu&noUDP&sock=startd_11585_ecc4>
	SlotName: backfill1_8@blengerichgpu4000.chtc.wisc.edu
	AvailableGPUs = { GPUs_GPU_ca48bd26 }
	CondorScratchDir = "/var/lib/condor/execute/slot1/dir_3333371/scratch"
	Cpus = 1
	Disk = 16777216
	GPUs = 1
	GPUs_GPU_ca48bd26 = [ Id = "GPU-ca48bd26"; Capability = 8.9; DeviceName = "NVIDIA L40S"; DeviceUuid = "ca48bd26-8050-1d72-65bb-be9bc1469039"; ECCEnabled = true; NvidiaDriver = "570.195.03"; DriverVersion = 12.8; DevicePciBusId = "0000:17:00.0"; GlobalMemoryMb = 45468; MaxSupportedVersion = 12080 ]
	IoHeavy = 0
	Memory = 16384
...
006 (8017966.342.000) 2026-06-21 01:30:14 Image size of job updated: 399576
	391  -  MemoryUsage of job (MB)
	399576  -  ResidentSetSize of job (KB)
...
006 (8017966.342.000) 2026-06-21 01:35:14 Image size of job updated: 4046952
	3580  -  MemoryUsage of job (MB)
	3665256  -  ResidentSetSize of job (KB)
...
006 (8017966.342.000) 2026-06-21 01:40:15 Image size of job updated: 4896808
	4547  -  MemoryUsage of job (MB)
	4655724  -  ResidentSetSize of job (KB)
...
006 (8017966.342.000) 2026-06-21 01:50:16 Image size of job updated: 5469156
	5306  -  MemoryUsage of job (MB)
	5432824  -  ResidentSetSize of job (KB)
...
006 (8017966.342.000) 2026-06-21 01:55:17 Image size of job updated: 5573012
	5443  -  MemoryUsage of job (MB)
	5573012  -  ResidentSetSize of job (KB)
...
006 (8017966.342.000) 2026-06-21 01:57:45 Image size of job updated: 6068584
	5443  -  MemoryUsage of job (MB)
	5573012  -  ResidentSetSize of job (KB)
...
040 (8017966.342.000) 2026-06-21 01:57:45 Started transferring output files
...
040 (8017966.342.000) 2026-06-21 01:57:46 Finished transferring output files
...
004 (8017966.342.000) 2026-06-21 01:57:46 Job was evicted.
	(0) Job terminated and was requeued
		Usr 0 00:32:07, Sys 0 00:01:20  -  Run Remote Usage
		Usr 0 00:00:00, Sys 0 00:00:00  -  Run Local Usage
	453916109  -  Run Bytes Sent By Job
	2784186926  -  Run Bytes Received By Job
	(1) Normal termination (return value 1)
	The job attribute OnExitRemove expression 'NumJobCompletions > JobMaxRetries || ExitCode =?= 0' evaluated to FALSE
...
040 (8017966.342.000) 2026-06-21 01:57:51 Started transferring input files
	Transferring to host: <10.1.1.131:44345?CCBID=128.105.82.148:9618%3faddrs%3d128.105.82.148-9618+[2607-f388-2200-9d-7ccb-bc08-2489-768a]-9618%26alias%3dospool-ccb.osg.chtc.io%26noUDP%26sock%3dcollector5#4295625%2067.58.49.91:9618%3faddrs%3d67.58.49.91-9618+[fdf0-17b3-c3ec-1f79-10-0-e-b69d]-9618%26alias%3dccb-2.ospool.osg-htc.org%26noUDP%26sock%3dcollector7#4290870&PrivNet=gpu01&addrs=10.1.1.131-44345&alias=gpu01&noUDP>
...
040 (8017966.342.000) 2026-06-21 01:59:03 Finished transferring input files
...
021 (8017966.342.000) 2026-06-21 01:59:04 Message from starter on slot1_2@glidein_1545382_715862460@gpu01:
	PREPARE_JOB (prepare-hook) succeeded (reported status 000): Using Singularity image openfe_1.11.1.sif
...
001 (8017966.342.000) 2026-06-21 01:59:04 Job executing on host: <10.1.1.131:38905?CCBID=128.105.82.148:9618%3faddrs%3d128.105.82.148-9618+[2607-f388-2200-9d-7ccb-bc08-2489-768a]-9618%26alias%3dospool-ccb.osg.chtc.io%26noUDP%26sock%3dcollector8#4265399%2067.58.49.91:9618%3faddrs%3d67.58.49.91-9618+[fdf0-17b3-c3ec-1f79-10-0-e-b69d]-9618%26alias%3dccb-2.ospool.osg-htc.org%26noUDP%26sock%3dcollector6#4258755&PrivNet=gpu01&addrs=10.1.1.131-38905&alias=gpu01&noUDP>
	SlotName: slot1_2@glidein_1545382_715862460@gpu01
	AvailableGPUs = { GPUs_GPU_02db32e2 }
	CondorScratchDir = "/tmp/glide_MFrAD2/execute/dir_2365955/scratch"
	Cpus = 1
	Disk = 16777216
	GPUs = 1
	GPUs_GPU_02db32e2 = [ Id = "GPU-02db32e2"; ClockMhz = 1740.0; Capability = 8.6; CoresPerCU = 128; DeviceName = "NVIDIA A40"; DeviceUuid = "02db32e2-6812-c3b7-dc5c-fb78562c6325"; ECCEnabled = true; ComputeUnits = 84; NvidiaDriver = "595.71.05"; DriverVersion = 13.2; DevicePciBusId = "0000:41:00.0"; GlobalMemoryMb = 45739; MaxSupportedVersion = 13020 ]
	Memory = 16384
...
040 (8017966.342.000) 2026-06-21 01:59:09 Started transferring output files
...
040 (8017966.342.000) 2026-06-21 01:59:20 Finished transferring output files
...
004 (8017966.342.000) 2026-06-21 01:59:22 Job was evicted.
	(0) Job terminated and was requeued
		Usr 0 00:00:00, Sys 0 00:00:00  -  Run Remote Usage
		Usr 0 00:00:00, Sys 0 00:00:00  -  Run Local Usage
	453896477  -  Run Bytes Sent By Job
	2837526778  -  Run Bytes Received By Job
	(1) Normal termination (return value 2)
	The job attribute OnExitRemove expression 'NumJobCompletions > JobMaxRetries || ExitCode =?= 0' evaluated to FALSE
...
040 (8017966.342.000) 2026-06-21 01:59:29 Started transferring input files
	Transferring to host: <128.105.69.3:9618?addrs=128.105.69.3-9618+[2607-f388-2200-100-7ec2-55ff-fe46-28f2]-9618&alias=gpu4002.chtc.wisc.edu&noUDP&sock=slot1_5_12744_0cff_3859>
...
040 (8017966.342.000) 2026-06-21 01:59:42 Finished transferring input files
...
001 (8017966.342.000) 2026-06-21 01:59:43 Job executing on host: <128.105.69.3:9618?addrs=128.105.69.3-9618+[2607-f388-2200-100-7ec2-55ff-fe46-28f2]-9618&alias=gpu4002.chtc.wisc.edu&noUDP&sock=startd_11312_ab69>
	SlotName: slot1_5@gpu4002.chtc.wisc.edu
	AvailableGPUs = { GPUs_GPU_24660f1c }
	CondorScratchDir = "/var/lib/condor/execute/slot1/dir_2914215/scratch"
	Cpus = 1
	Disk = 16777216
	GPUs = 1
	GPUs_GPU_24660f1c = [ Id = "GPU-24660f1c"; Capability = 8.9; DeviceName = "NVIDIA L40"; DeviceUuid = "24660f1c-9665-dc92-a0c9-04252e1a8138"; ECCEnabled = true; NvidiaDriver = "570.195.03"; DriverVersion = 12.8; DevicePciBusId = "0000:CE:00.0"; GlobalMemoryMb = 45468; MaxSupportedVersion = 12080 ]
	IoHeavy = 0
	Memory = 16384
...
040 (8017966.342.000) 2026-06-21 01:59:46 Started transferring output files
...
040 (8017966.342.000) 2026-06-21 01:59:47 Finished transferring output files
...
004 (8017966.342.000) 2026-06-21 01:59:48 Job was evicted.
	(0) Job terminated and was requeued
		Usr 0 00:00:02, Sys 0 00:00:00  -  Run Remote Usage
		Usr 0 00:00:00, Sys 0 00:00:00  -  Run Local Usage
	453896362  -  Run Bytes Sent By Job
	3238082810  -  Run Bytes Received By Job
	(1) Normal termination (return value 2)
	The job attribute OnExitRemove expression 'NumJobCompletions > JobMaxRetries || ExitCode =?= 0' evaluated to FALSE
...
040 (8017966.342.000) 2026-06-21 01:59:53 Started transferring input files
	Transferring to host: <128.105.68.116:9618?addrs=128.105.68.116-9618+[2607-f388-2200-100-7ec2-55ff-fe99-a36a]-9618&alias=gpu4001.chtc.wisc.edu&noUDP&sock=slot2_4_10972_8437_4066>
...
040 (8017966.342.000) 2026-06-21 02:00:07 Finished transferring input files
...
001 (8017966.342.000) 2026-06-21 02:00:07 Job executing on host: <128.105.68.116:9618?addrs=128.105.68.116-9618+[2607-f388-2200-100-7ec2-55ff-fe99-a36a]-9618&alias=gpu4001.chtc.wisc.edu&noUDP&sock=startd_10701_930c>
	SlotName: slot2_4@gpu4001.chtc.wisc.edu
	AvailableGPUs = { GPUs_GPU_c41e89c5 }
	CondorScratchDir = "/var/lib/condor/execute/slot2/dir_1960849/scratch"
	Cpus = 1
	Disk = 16777216
	GPUs = 1
	GPUs_GPU_c41e89c5 = [ Id = "GPU-c41e89c5"; Capability = 8.9; DeviceName = "NVIDIA L40"; DeviceUuid = "c41e89c5-a828-686d-745f-cbc2b3c573d1"; ECCEnabled = true; NvidiaDriver = "570.195.03"; DriverVersion = 12.8; DevicePciBusId = "0000:57:00.0"; GlobalMemoryMb = 45468; MaxSupportedVersion = 12080 ]
	IoHeavy = 0
	Memory = 16384
...
040 (8017966.342.000) 2026-06-21 02:00:10 Started transferring output files
...
040 (8017966.342.000) 2026-06-21 02:00:11 Finished transferring output files
...
004 (8017966.342.000) 2026-06-21 02:00:11 Job was evicted.
	(0) Job terminated and was requeued
		Usr 0 00:00:02, Sys 0 00:00:00  -  Run Remote Usage
		Usr 0 00:00:00, Sys 0 00:00:00  -  Run Local Usage
	453896372  -  Run Bytes Sent By Job
	3238082810  -  Run Bytes Received By Job
	(1) Normal termination (return value 2)
	The job attribute OnExitRemove expression 'NumJobCompletions > JobMaxRetries || ExitCode =?= 0' evaluated to FALSE
...
040 (8017966.342.000) 2026-06-21 02:00:19 Started transferring input files
	Transferring to host: <128.105.68.116:9618?addrs=128.105.68.116-9618+[2607-f388-2200-100-7ec2-55ff-fe99-a36a]-9618&alias=gpu4001.chtc.wisc.edu&noUDP&sock=slot2_4_10972_8437_4067>
...
040 (8017966.342.000) 2026-06-21 02:00:32 Finished transferring input files
...
001 (8017966.342.000) 2026-06-21 02:00:32 Job executing on host: <128.105.68.116:9618?addrs=128.105.68.116-9618+[2607-f388-2200-100-7ec2-55ff-fe99-a36a]-9618&alias=gpu4001.chtc.wisc.edu&noUDP&sock=startd_10701_930c>
	SlotName: slot2_4@gpu4001.chtc.wisc.edu
	AvailableGPUs = { GPUs_GPU_c41e89c5 }
	CondorScratchDir = "/var/lib/condor/execute/slot2/dir_1961151/scratch"
	Cpus = 1
	Disk = 16777216
	GPUs = 1
	GPUs_GPU_c41e89c5 = [ Id = "GPU-c41e89c5"; Capability = 8.9; DeviceName = "NVIDIA L40"; DeviceUuid = "c41e89c5-a828-686d-745f-cbc2b3c573d1"; ECCEnabled = true; NvidiaDriver = "570.195.03"; DriverVersion = 12.8; DevicePciBusId = "0000:57:00.0"; GlobalMemoryMb = 45468; MaxSupportedVersion = 12080 ]
	IoHeavy = 0
	Memory = 16384
...
040 (8017966.342.000) 2026-06-21 02:00:35 Started transferring output files
...
040 (8017966.342.000) 2026-06-21 02:00:37 Finished transferring output files
...
004 (8017966.342.000) 2026-06-21 02:00:37 Job was evicted.
	(0) Job terminated and was requeued
		Usr 0 00:00:02, Sys 0 00:00:00  -  Run Remote Usage
		Usr 0 00:00:00, Sys 0 00:00:00  -  Run Local Usage
	453896372  -  Run Bytes Sent By Job
	3238082810  -  Run Bytes Received By Job
	(1) Normal termination (return value 2)
	The job attribute OnExitRemove expression 'NumJobCompletions > JobMaxRetries || ExitCode =?= 0' evaluated to FALSE
...
040 (8017966.342.000) 2026-06-21 02:00:41 Started transferring input files
	Transferring to host: <128.104.103.47:9618?addrs=128.104.103.47-9618+[2607-f388-107c-501-a236-9fff-fe3c-f3a0]-9618&alias=ahlquist0000.chtc.wisc.edu&noUDP&sock=backfill1_2_9919_952c_6779>
...
040 (8017966.342.000) 2026-06-21 02:01:25 Finished transferring input files
...
001 (8017966.342.000) 2026-06-21 02:01:25 Job executing on host: <128.104.103.47:9618?addrs=128.104.103.47-9618+[2607-f388-107c-501-a236-9fff-fe3c-f3a0]-9618&alias=ahlquist0000.chtc.wisc.edu&noUDP&sock=startd_9052_7f60>
	SlotName: backfill1_2@ahlquist0000.chtc.wisc.edu
	AvailableGPUs = { GPUs_GPU_71c7319b }
	CondorScratchDir = "/var/lib/condor/execute/slot1/dir_1156888/scratch"
	Cpus = 1
	Disk = 16777216
	GPUs = 1
	GPUs_GPU_71c7319b = [ Id = "GPU-71c7319b"; Capability = 7.5; DeviceName = "NVIDIA GeForce RTX 2080 Ti"; DeviceUuid = "71c7319b-96b0-d0bb-6b1c-90165304de53"; ECCEnabled = false; NvidiaDriver = "550.54.14"; DriverVersion = 12.4; DevicePciBusId = "0000:B1:00.0"; GlobalMemoryMb = 11004; MaxSupportedVersion = 12040 ]
	IoHeavy = 0
	Memory = 16384
...
040 (8017966.342.000) 2026-06-21 02:01:30 Started transferring output files
...
040 (8017966.342.000) 2026-06-21 02:01:31 Finished transferring output files
...
004 (8017966.342.000) 2026-06-21 02:01:32 Job was evicted.
	(0) Job terminated and was requeued
		Usr 0 00:00:03, Sys 0 00:00:00  -  Run Remote Usage
		Usr 0 00:00:00, Sys 0 00:00:00  -  Run Local Usage
	453896377  -  Run Bytes Sent By Job
	3238082810  -  Run Bytes Received By Job
	(1) Normal termination (return value 2)
	The job attribute OnExitRemove expression 'NumJobCompletions > JobMaxRetries || ExitCode =?= 0' evaluated to FALSE
...
040 (8017966.342.000) 2026-06-21 02:01:39 Started transferring input files
	Transferring to host: <192.168.247.24:37039?CCBID=128.105.82.148:9618%3faddrs%3d128.105.82.148-9618+[2607-f388-2200-9d-7ccb-bc08-2489-768a]-9618%26alias%3dospool-ccb.osg.chtc.io%26noUDP%26sock%3dcollector6#4300815%2067.58.49.91:9618%3faddrs%3d67.58.49.91-9618+[fdf0-17b3-c3ec-1f79-10-0-e-b69d]-9618%26alias%3dccb-2.ospool.osg-htc.org%26noUDP%26sock%3dcollector8#4296207&PrivNet=mendel-g0002.mendel.sdmz.amnh.org&addrs=192.168.247.24-37039&alias=mendel-g0002.mendel.sdmz.amnh.org&noUDP>
...
040 (8017966.342.000) 2026-06-21 02:01:53 Finished transferring input files
...
021 (8017966.342.000) 2026-06-21 02:01:54 Message from starter on slot1_1@glidein_4154531_153111328@mendel-g0002.mendel.sdmz.amnh.org:
	PREPARE_JOB (prepare-hook) succeeded (reported status 000): Using Singularity image openfe_1.11.1.sif
...
001 (8017966.342.000) 2026-06-21 02:01:54 Job executing on host: <192.168.247.24:41347?CCBID=128.105.82.148:9618%3faddrs%3d128.105.82.148-9618+[2607-f388-2200-9d-7ccb-bc08-2489-768a]-9618%26alias%3dospool-ccb.osg.chtc.io%26noUDP%26sock%3dcollector10#4271399%2067.58.49.91:9618%3faddrs%3d67.58.49.91-9618+[fdf0-17b3-c3ec-1f79-10-0-e-b69d]-9618%26alias%3dccb-2.ospool.osg-htc.org%26noUDP%26sock%3dcollector8#4270928&PrivNet=mendel-g0002.mendel.sdmz.amnh.org&addrs=192.168.247.24-41347&alias=mendel-g0002.mendel.sdmz.amnh.org&noUDP>
	SlotName: slot1_1@glidein_4154531_153111328@mendel-g0002.mendel.sdmz.amnh.org
	AvailableGPUs = { GPUs_GPU_0ad690fb }
	CondorScratchDir = "/scratch_space/glide_U9gm7D/execute/dir_231138/scratch"
	Cpus = 1
	Disk = 16777216
	GPUs = 1
	GPUs_GPU_0ad690fb = [ Id = "GPU-0ad690fb"; ClockMhz = 1380.0; Capability = 7.0; CoresPerCU = 64; DeviceName = "Tesla V100-PCIE-16GB"; DeviceUuid = "0ad690fb-4a06-3f71-ffe7-ab2d6fda9301"; ECCEnabled = false; ComputeUnits = 80; NvidiaDriver = "580.159.04"; DriverVersion = 13.0; DevicePciBusId = "0000:3B:00.0"; GlobalMemoryMb = 16144; MaxSupportedVersion = 13000 ]
	Memory = 16384
...
040 (8017966.342.000) 2026-06-21 02:01:58 Started transferring output files
...
040 (8017966.342.000) 2026-06-21 02:02:02 Finished transferring output files
...
004 (8017966.342.000) 2026-06-21 02:02:03 Job was evicted.
	(0) Job terminated and was requeued
		Usr 0 00:00:00, Sys 0 00:00:00  -  Run Remote Usage
		Usr 0 00:00:00, Sys 0 00:00:00  -  Run Local Usage
	453896396  -  Run Bytes Sent By Job
	3238082810  -  Run Bytes Received By Job
	(1) Normal termination (return value 2)
	The job attribute OnExitRemove expression 'NumJobCompletions > JobMaxRetries || ExitCode =?= 0' evaluated to FALSE
...
040 (8017966.342.000) 2026-06-21 02:02:08 Started transferring input files
	Transferring to host: <128.105.69.3:9618?addrs=128.105.69.3-9618+[2607-f388-2200-100-7ec2-55ff-fe46-28f2]-9618&alias=gpu4002.chtc.wisc.edu&noUDP&sock=slot1_2_12744_0cff_3868>
...
040 (8017966.342.000) 2026-06-21 02:02:22 Finished transferring input files
...
001 (8017966.342.000) 2026-06-21 02:02:22 Job executing on host: <128.105.69.3:9618?addrs=128.105.69.3-9618+[2607-f388-2200-100-7ec2-55ff-fe46-28f2]-9618&alias=gpu4002.chtc.wisc.edu&noUDP&sock=startd_11312_ab69>
	SlotName: slot1_2@gpu4002.chtc.wisc.edu
	AvailableGPUs = { GPUs_GPU_2e13e217 }
	CondorScratchDir = "/var/lib/condor/execute/slot1/dir_2916830/scratch"
	Cpus = 1
	Disk = 16777216
	GPUs = 1
	GPUs_GPU_2e13e217 = [ Id = "GPU-2e13e217"; Capability = 8.9; DeviceName = "NVIDIA L40"; DeviceUuid = "2e13e217-6059-f8d1-c6e6-c4cc399ca285"; ECCEnabled = true; NvidiaDriver = "570.195.03"; DriverVersion = 12.8; DevicePciBusId = "0000:53:00.0"; GlobalMemoryMb = 45468; MaxSupportedVersion = 12080 ]
	IoHeavy = 0
	Memory = 16384
...
040 (8017966.342.000) 2026-06-21 02:02:25 Started transferring output files
...
040 (8017966.342.000) 2026-06-21 02:02:26 Finished transferring output files
...
004 (8017966.342.000) 2026-06-21 02:02:27 Job was evicted.
	(0) Job terminated and was requeued
		Usr 0 00:00:02, Sys 0 00:00:00  -  Run Remote Usage
		Usr 0 00:00:00, Sys 0 00:00:00  -  Run Local Usage
	453896362  -  Run Bytes Sent By Job
	3238082810  -  Run Bytes Received By Job
	(1) Normal termination (return value 2)
	The job attribute OnExitRemove expression 'NumJobCompletions > JobMaxRetries || ExitCode =?= 0' evaluated to FALSE
...
040 (8017966.342.000) 2026-06-21 02:02:36 Started transferring input files
	Transferring to host: <128.105.69.3:9618?addrs=128.105.69.3-9618+[2607-f388-2200-100-7ec2-55ff-fe46-28f2]-9618&alias=gpu4002.chtc.wisc.edu&noUDP&sock=slot1_2_12744_0cff_3869>
...
040 (8017966.342.000) 2026-06-21 02:02:50 Finished transferring input files
...
001 (8017966.342.000) 2026-06-21 02:02:50 Job executing on host: <128.105.69.3:9618?addrs=128.105.69.3-9618+[2607-f388-2200-100-7ec2-55ff-fe46-28f2]-9618&alias=gpu4002.chtc.wisc.edu&noUDP&sock=startd_11312_ab69>
	SlotName: slot1_2@gpu4002.chtc.wisc.edu
	AvailableGPUs = { GPUs_GPU_2e13e217 }
	CondorScratchDir = "/var/lib/condor/execute/slot1/dir_2917079/scratch"
	Cpus = 1
	Disk = 16777216
	GPUs = 1
	GPUs_GPU_2e13e217 = [ Id = "GPU-2e13e217"; Capability = 8.9; DeviceName = "NVIDIA L40"; DeviceUuid = "2e13e217-6059-f8d1-c6e6-c4cc399ca285"; ECCEnabled = true; NvidiaDriver = "570.195.03"; DriverVersion = 12.8; DevicePciBusId = "0000:53:00.0"; GlobalMemoryMb = 45468; MaxSupportedVersion = 12080 ]
	IoHeavy = 0
	Memory = 16384
...
040 (8017966.342.000) 2026-06-21 02:02:53 Started transferring output files
...
040 (8017966.342.000) 2026-06-21 02:02:54 Finished transferring output files
...
004 (8017966.342.000) 2026-06-21 02:02:54 Job was evicted.
	(0) Job terminated and was requeued
		Usr 0 00:00:02, Sys 0 00:00:00  -  Run Remote Usage
		Usr 0 00:00:00, Sys 0 00:00:00  -  Run Local Usage
	453896362  -  Run Bytes Sent By Job
	3238082810  -  Run Bytes Received By Job
	(1) Normal termination (return value 2)
	The job attribute OnExitRemove expression 'NumJobCompletions > JobMaxRetries || ExitCode =?= 0' evaluated to FALSE
...
040 (8017966.342.000) 2026-06-21 02:02:58 Started transferring input files
	Transferring to host: <128.105.69.47:9618?addrs=128.105.69.47-9618+[2607-f388-2200-100-527c-6fff-fe66-eac6]-9618&alias=amuraligpu4000.chtc.wisc.edu&noUDP&sock=backfill1_6_1332502_f3e3_91745>
...
040 (8017966.342.000) 2026-06-21 02:03:08 Finished transferring input files
...
001 (8017966.342.000) 2026-06-21 02:03:08 Job executing on host: <128.105.69.47:9618?addrs=128.105.69.47-9618+[2607-f388-2200-100-527c-6fff-fe66-eac6]-9618&alias=amuraligpu4000.chtc.wisc.edu&noUDP&sock=startd_11579_cf33>
	SlotName: backfill1_6@amuraligpu4000.chtc.wisc.edu
	AvailableGPUs = { GPUs_GPU_de7049b1 }
	CondorScratchDir = "/var/lib/condor/execute/slot1/dir_1849392/scratch"
	Cpus = 1
	Disk = 16777216
	GPUs = 1
	GPUs_GPU_de7049b1 = [ Id = "GPU-de7049b1"; Capability = 8.9; DeviceName = "NVIDIA L40S"; DeviceUuid = "de7049b1-38bb-621f-baaa-5d83765a9f52"; ECCEnabled = true; NvidiaDriver = "570.195.03"; DriverVersion = 12.8; DevicePciBusId = "0000:63:00.0"; GlobalMemoryMb = 45468; MaxSupportedVersion = 12080 ]
	IoHeavy = 0
	Memory = 16384
...
040 (8017966.342.000) 2026-06-21 02:03:11 Started transferring output files
...
040 (8017966.342.000) 2026-06-21 02:03:13 Finished transferring output files
...
004 (8017966.342.000) 2026-06-21 02:03:13 Job was evicted.
	(0) Job terminated and was requeued
		Usr 0 00:00:01, Sys 0 00:00:00  -  Run Remote Usage
		Usr 0 00:00:00, Sys 0 00:00:00  -  Run Local Usage
	453896379  -  Run Bytes Sent By Job
	3238082810  -  Run Bytes Received By Job
	(1) Normal termination (return value 2)
	The job attribute OnExitRemove expression 'NumJobCompletions > JobMaxRetries || ExitCode =?= 0' evaluated to FALSE
...
040 (8017966.342.000) 2026-06-21 02:03:27 Started transferring input files
	Transferring to host: <128.105.68.168:9618?addrs=128.105.68.168-9618+[2607-f388-2200-100-b62e-99ff-feb7-2dcb]-9618&alias=gpulab2003.chtc.wisc.edu&noUDP&sock=slot2_4_11172_6f3f_4913>
...
040 (8017966.342.000) 2026-06-21 02:03:47 Finished transferring input files
...
001 (8017966.342.000) 2026-06-21 02:03:47 Job executing on host: <128.105.68.168:9618?addrs=128.105.68.168-9618+[2607-f388-2200-100-b62e-99ff-feb7-2dcb]-9618&alias=gpulab2003.chtc.wisc.edu&noUDP&sock=startd_10155_1056>
	SlotName: slot2_4@gpulab2003.chtc.wisc.edu
	AvailableGPUs = { GPUs_GPU_61902b82 }
	CondorScratchDir = "/var/lib/condor/execute/slot2/dir_4091149/scratch"
	Cpus = 1
	Disk = 16777216
	GPUs = 1
	GPUs_GPU_61902b82 = [ Id = "GPU-61902b82"; Capability = 7.5; DeviceName = "NVIDIA GeForce RTX 2080 Ti"; DeviceUuid = "61902b82-cedb-e4be-d010-bca8829ec79b"; ECCEnabled = false; NvidiaDriver = "570.195.03"; DriverVersion = 12.8; DevicePciBusId = "0000:B2:00.0"; GlobalMemoryMb = 10823; MaxSupportedVersion = 12080 ]
	IoHeavy = 0
	Memory = 16384
...
040 (8017966.342.000) 2026-06-21 02:03:51 Started transferring output files
...
040 (8017966.342.000) 2026-06-21 02:03:53 Finished transferring output files
...
005 (8017966.342.000) 2026-06-21 02:03:53 Job terminated.
	(1) Normal termination (return value 2)
		Usr 0 00:00:02, Sys 0 00:00:00  -  Run Remote Usage
		Usr 0 00:00:00, Sys 0 00:00:00  -  Run Local Usage
		Usr 0 00:32:23, Sys 0 00:01:20  -  Total Remote Usage
		Usr 0 00:00:00, Sys 0 00:00:00  -  Total Local Usage
	453896365  -  Run Bytes Sent By Job
	3238082810  -  Run Bytes Received By Job
	4992879933  -  Total Bytes Sent By Job
	34764458994  -  Total Bytes Received By Job
	Partitionable Resources :    Usage  Request Allocated Assigned
	   Cpus                 :        0        1         1 
	   Disk (KB)            :  3162227 16777216  16777216 
	   GPUs                 :        0        1         1 "GPU-61902b82"
	   IoHeavy              :                           0 
	   Memory (MB)          :     7325    16384     16384 
	   TimeExecute (s)      :        4                    
	   TimeSlotBusy (s)     :       26                    
...
