WARNING:root:mapping 9754 : 160510 deviates by more than 1.0
INFO:openfe.protocols.openmm_rfe._rfe_utils.relative:Creating hybrid system
INFO:openfe.protocols.openmm_rfe._rfe_utils.relative:Setting force field terms
INFO:openfe.protocols.openmm_rfe._rfe_utils.relative:Adding forces
INFO:openfe.protocols.openmm_rfe._rfe_utils.relative:No CMAPTorsionForce found. Skipping adding force.
INFO:openfe.protocols.openmm_rfe._rfe_utils.relative:Hybrid system created
WARNING:py.warnings:/opt/conda/lib/python3.12/site-packages/mdtraj/core/topology.py:97: UserWarning: atom_indices are not monotonically increasing
  warnings.warn("atom_indices are not monotonically increasing")

INFO:openfe.utils.system_probe.log:SYSTEM CONFIG DETAILS:
INFO:openfe.utils.system_probe.log.hostname:hostname: 'gpu021'
INFO:openfe.utils.system_probe.log.gpu:GPU: uuid='GPU-b9152b1d-de2d-1dd7-cb00-addfa3a5d0bb' NVIDIA H100 80GB HBM3 mode=Default
INFO:openfe.utils.system_probe.log:Memory used: 32.4G (3.2%)
INFO:openfe.utils.system_probe.log:quickrun_scratch/scratch_HybridTopologyMultiStateSimulationUnit-0590bcee929f4f84bbe7bda4addb81ca_attempt_0: 5% full (1.4T free)
INFO:gufekey.openfe.protocols.openmm_rfe.hybridtop_units.HybridTopologyMultiStateSimulationUnit:Starting simulation unit
WARNING:openmmtools.multistate.multistatesampler:An online_analysis_interval that is not a multiple of the checkpoint_interval can lead to redundant information in the real time yaml file after recovering from checkpoints.
INFO:gufekey.openfe.protocols.openmm_rfe.hybridtop_units.HybridTopologyMultiStateSimulationUnit:minimizing systems
INFO:gufekey.openfe.protocols.openmm_rfe.hybridtop_units.HybridTopologyMultiStateSimulationUnit:equilibrating systems
INFO:openmmtools.multistate.multistatesampler:Equilibration iteration 1/400
WARNING:py.warnings:/opt/conda/lib/python3.12/site-packages/openmmtools/mcmc.py:723: UserWarning: Particle coordinate is NaN.  For more information, see https://github.com/openmm/openmm/wiki/Frequently-Asked-Questions#nan
  warnings.warn(str(e))

WARNING:openmmtools.mcmc:Potential energy is NaN after 0 attempts of integration with move LangevinDynamicsMove Attempting a restart...
WARNING:openmmtools.mcmc:Potential energy is NaN after 1 attempts of integration with move LangevinDynamicsMove Attempting a restart...
WARNING:openmmtools.mcmc:Potential energy is NaN after 2 attempts of integration with move LangevinDynamicsMove Attempting a restart...
WARNING:openmmtools.mcmc:Potential energy is NaN after 3 attempts of integration with move LangevinDynamicsMove Attempting a restart...
WARNING:openmmtools.mcmc:Potential energy is NaN after 4 attempts of integration with move LangevinDynamicsMove Attempting a restart...
WARNING:openmmtools.mcmc:Potential energy is NaN after 5 attempts of integration with move LangevinDynamicsMove Attempting a restart...
WARNING:openmmtools.mcmc:Potential energy is NaN after 6 attempts of integration with move LangevinDynamicsMove Attempting a restart...
WARNING:openmmtools.mcmc:Potential energy is NaN after 7 attempts of integration with move LangevinDynamicsMove Attempting a restart...
WARNING:openmmtools.mcmc:Potential energy is NaN after 8 attempts of integration with move LangevinDynamicsMove Attempting a restart...
WARNING:openmmtools.mcmc:Potential energy is NaN after 9 attempts of integration with move LangevinDynamicsMove Attempting a restart...
WARNING:openmmtools.mcmc:Potential energy is NaN after 10 attempts of integration with move LangevinDynamicsMove Attempting a restart...
WARNING:openmmtools.mcmc:Potential energy is NaN after 11 attempts of integration with move LangevinDynamicsMove Attempting a restart...
WARNING:openmmtools.mcmc:Potential energy is NaN after 12 attempts of integration with move LangevinDynamicsMove Attempting a restart...
WARNING:openmmtools.mcmc:Potential energy is NaN after 13 attempts of integration with move LangevinDynamicsMove Attempting a restart...
WARNING:openmmtools.mcmc:Potential energy is NaN after 14 attempts of integration with move LangevinDynamicsMove Attempting a restart...
WARNING:openmmtools.mcmc:Potential energy is NaN after 15 attempts of integration with move LangevinDynamicsMove Attempting a restart...
WARNING:openmmtools.mcmc:Potential energy is NaN after 16 attempts of integration with move LangevinDynamicsMove Attempting a restart...
WARNING:openmmtools.mcmc:Potential energy is NaN after 17 attempts of integration with move LangevinDynamicsMove Attempting a restart...
WARNING:openmmtools.mcmc:Potential energy is NaN after 18 attempts of integration with move LangevinDynamicsMove Attempting a restart...
ERROR:openmmtools.mcmc:Potential energy is NaN after 19 attempts of integration with move LangevinDynamicsMove Trying to reinitialize Context as a last-resort restart attempt...
ERROR:openmmtools.mcmc:Potential energy is NaN after 20 attempts of integration with move LangevinDynamicsMove
CRITICAL:openmmtools.multistate.multistatesampler:Propagating replica 0 at state 0 resulted in a NaN!
The state of the system and integrator before the error were saved in quickrun_scratch/shared_HybridTopologyMultiStateSimulationUnit-0590bcee929f4f84bbe7bda4addb81ca_attempt_0/nan-error-logs
INFO:openfe.utils.system_probe.log:SYSTEM CONFIG DETAILS:
INFO:openfe.utils.system_probe.log.hostname:hostname: 'gpu021'
INFO:openfe.utils.system_probe.log.gpu:GPU: uuid='GPU-b9152b1d-de2d-1dd7-cb00-addfa3a5d0bb' NVIDIA H100 80GB HBM3 mode=Default
INFO:openfe.utils.system_probe.log:Memory used: 46.1G (4.6%)
INFO:openfe.utils.system_probe.log:quickrun_scratch/scratch_HybridTopologyMultiStateSimulationUnit-0590bcee929f4f84bbe7bda4addb81ca_attempt_1: 7% full (1.4T free)
INFO:gufekey.openfe.protocols.openmm_rfe.hybridtop_units.HybridTopologyMultiStateSimulationUnit:Starting simulation unit
WARNING:openmmtools.multistate.multistatesampler:An online_analysis_interval that is not a multiple of the checkpoint_interval can lead to redundant information in the real time yaml file after recovering from checkpoints.
INFO:gufekey.openfe.protocols.openmm_rfe.hybridtop_units.HybridTopologyMultiStateSimulationUnit:minimizing systems
INFO:gufekey.openfe.protocols.openmm_rfe.hybridtop_units.HybridTopologyMultiStateSimulationUnit:equilibrating systems
INFO:openmmtools.multistate.multistatesampler:Equilibration iteration 1/400
WARNING:py.warnings:/opt/conda/lib/python3.12/site-packages/openmmtools/mcmc.py:723: UserWarning: Particle coordinate is NaN.  For more information, see https://github.com/openmm/openmm/wiki/Frequently-Asked-Questions#nan
  warnings.warn(str(e))

WARNING:openmmtools.mcmc:Potential energy is NaN after 0 attempts of integration with move LangevinDynamicsMove Attempting a restart...
WARNING:openmmtools.mcmc:Potential energy is NaN after 1 attempts of integration with move LangevinDynamicsMove Attempting a restart...
WARNING:openmmtools.mcmc:Potential energy is NaN after 2 attempts of integration with move LangevinDynamicsMove Attempting a restart...
WARNING:openmmtools.mcmc:Potential energy is NaN after 3 attempts of integration with move LangevinDynamicsMove Attempting a restart...
WARNING:openmmtools.mcmc:Potential energy is NaN after 4 attempts of integration with move LangevinDynamicsMove Attempting a restart...
WARNING:openmmtools.mcmc:Potential energy is NaN after 5 attempts of integration with move LangevinDynamicsMove Attempting a restart...
WARNING:openmmtools.mcmc:Potential energy is NaN after 6 attempts of integration with move LangevinDynamicsMove Attempting a restart...
WARNING:openmmtools.mcmc:Potential energy is NaN after 7 attempts of integration with move LangevinDynamicsMove Attempting a restart...
WARNING:openmmtools.mcmc:Potential energy is NaN after 8 attempts of integration with move LangevinDynamicsMove Attempting a restart...
WARNING:openmmtools.mcmc:Potential energy is NaN after 9 attempts of integration with move LangevinDynamicsMove Attempting a restart...
WARNING:openmmtools.mcmc:Potential energy is NaN after 10 attempts of integration with move LangevinDynamicsMove Attempting a restart...
WARNING:openmmtools.mcmc:Potential energy is NaN after 11 attempts of integration with move LangevinDynamicsMove Attempting a restart...
WARNING:openmmtools.mcmc:Potential energy is NaN after 12 attempts of integration with move LangevinDynamicsMove Attempting a restart...
WARNING:openmmtools.mcmc:Potential energy is NaN after 13 attempts of integration with move LangevinDynamicsMove Attempting a restart...
WARNING:openmmtools.mcmc:Potential energy is NaN after 14 attempts of integration with move LangevinDynamicsMove Attempting a restart...
WARNING:openmmtools.mcmc:Potential energy is NaN after 15 attempts of integration with move LangevinDynamicsMove Attempting a restart...
WARNING:openmmtools.mcmc:Potential energy is NaN after 16 attempts of integration with move LangevinDynamicsMove Attempting a restart...
WARNING:openmmtools.mcmc:Potential energy is NaN after 17 attempts of integration with move LangevinDynamicsMove Attempting a restart...
WARNING:openmmtools.mcmc:Potential energy is NaN after 18 attempts of integration with move LangevinDynamicsMove Attempting a restart...
ERROR:openmmtools.mcmc:Potential energy is NaN after 19 attempts of integration with move LangevinDynamicsMove Trying to reinitialize Context as a last-resort restart attempt...
ERROR:openmmtools.mcmc:Potential energy is NaN after 20 attempts of integration with move LangevinDynamicsMove
CRITICAL:openmmtools.multistate.multistatesampler:Propagating replica 0 at state 0 resulted in a NaN!
The state of the system and integrator before the error were saved in quickrun_scratch/shared_HybridTopologyMultiStateSimulationUnit-0590bcee929f4f84bbe7bda4addb81ca_attempt_1/nan-error-logs
INFO:openfe.utils.system_probe.log:SYSTEM CONFIG DETAILS:
INFO:openfe.utils.system_probe.log.hostname:hostname: 'gpu021'
INFO:openfe.utils.system_probe.log.gpu:GPU: uuid='GPU-b9152b1d-de2d-1dd7-cb00-addfa3a5d0bb' NVIDIA H100 80GB HBM3 mode=Default
INFO:openfe.utils.system_probe.log:Memory used: 36.8G (3.7%)
INFO:openfe.utils.system_probe.log:quickrun_scratch/scratch_HybridTopologyMultiStateSimulationUnit-0590bcee929f4f84bbe7bda4addb81ca_attempt_2: 7% full (1.4T free)
INFO:gufekey.openfe.protocols.openmm_rfe.hybridtop_units.HybridTopologyMultiStateSimulationUnit:Starting simulation unit
WARNING:openmmtools.multistate.multistatesampler:An online_analysis_interval that is not a multiple of the checkpoint_interval can lead to redundant information in the real time yaml file after recovering from checkpoints.
INFO:gufekey.openfe.protocols.openmm_rfe.hybridtop_units.HybridTopologyMultiStateSimulationUnit:minimizing systems
INFO:gufekey.openfe.protocols.openmm_rfe.hybridtop_units.HybridTopologyMultiStateSimulationUnit:equilibrating systems
INFO:openmmtools.multistate.multistatesampler:Equilibration iteration 1/400
WARNING:py.warnings:/opt/conda/lib/python3.12/site-packages/openmmtools/mcmc.py:723: UserWarning: Particle coordinate is NaN.  For more information, see https://github.com/openmm/openmm/wiki/Frequently-Asked-Questions#nan
  warnings.warn(str(e))

WARNING:openmmtools.mcmc:Potential energy is NaN after 0 attempts of integration with move LangevinDynamicsMove Attempting a restart...
WARNING:openmmtools.mcmc:Potential energy is NaN after 1 attempts of integration with move LangevinDynamicsMove Attempting a restart...
WARNING:openmmtools.mcmc:Potential energy is NaN after 2 attempts of integration with move LangevinDynamicsMove Attempting a restart...
WARNING:openmmtools.mcmc:Potential energy is NaN after 3 attempts of integration with move LangevinDynamicsMove Attempting a restart...
WARNING:openmmtools.mcmc:Potential energy is NaN after 4 attempts of integration with move LangevinDynamicsMove Attempting a restart...
WARNING:openmmtools.mcmc:Potential energy is NaN after 5 attempts of integration with move LangevinDynamicsMove Attempting a restart...
WARNING:openmmtools.mcmc:Potential energy is NaN after 6 attempts of integration with move LangevinDynamicsMove Attempting a restart...
WARNING:openmmtools.mcmc:Potential energy is NaN after 7 attempts of integration with move LangevinDynamicsMove Attempting a restart...
WARNING:openmmtools.mcmc:Potential energy is NaN after 8 attempts of integration with move LangevinDynamicsMove Attempting a restart...
WARNING:openmmtools.mcmc:Potential energy is NaN after 9 attempts of integration with move LangevinDynamicsMove Attempting a restart...
WARNING:openmmtools.mcmc:Potential energy is NaN after 10 attempts of integration with move LangevinDynamicsMove Attempting a restart...
WARNING:openmmtools.mcmc:Potential energy is NaN after 11 attempts of integration with move LangevinDynamicsMove Attempting a restart...
WARNING:openmmtools.mcmc:Potential energy is NaN after 12 attempts of integration with move LangevinDynamicsMove Attempting a restart...
WARNING:openmmtools.mcmc:Potential energy is NaN after 13 attempts of integration with move LangevinDynamicsMove Attempting a restart...
WARNING:openmmtools.mcmc:Potential energy is NaN after 14 attempts of integration with move LangevinDynamicsMove Attempting a restart...
WARNING:openmmtools.mcmc:Potential energy is NaN after 15 attempts of integration with move LangevinDynamicsMove Attempting a restart...
WARNING:openmmtools.mcmc:Potential energy is NaN after 16 attempts of integration with move LangevinDynamicsMove Attempting a restart...
WARNING:openmmtools.mcmc:Potential energy is NaN after 17 attempts of integration with move LangevinDynamicsMove Attempting a restart...
WARNING:openmmtools.mcmc:Potential energy is NaN after 18 attempts of integration with move LangevinDynamicsMove Attempting a restart...
ERROR:openmmtools.mcmc:Potential energy is NaN after 19 attempts of integration with move LangevinDynamicsMove Trying to reinitialize Context as a last-resort restart attempt...
ERROR:openmmtools.mcmc:Potential energy is NaN after 20 attempts of integration with move LangevinDynamicsMove
CRITICAL:openmmtools.multistate.multistatesampler:Propagating replica 0 at state 0 resulted in a NaN!
The state of the system and integrator before the error were saved in quickrun_scratch/shared_HybridTopologyMultiStateSimulationUnit-0590bcee929f4f84bbe7bda4addb81ca_attempt_2/nan-error-logs
Error: The protocol unit 'HybridTopology Simulation: OADMET-0006363 to OADMET-0006262 repeat 0 generation 0' failed with the error message:
SimulationNaNError: Propagating replica 0 at state 0 resulted in a NaN!
The state of the system and integrator before the error were saved in quickrun_scratch/shared_HybridTopologyMultiStateSimulationUnit-0590bcee929f4f84bbe7bda4addb81ca_attempt_0/nan-error-logs

Details provided in output.
