000 (8017966.433.000) 2026-06-20 22:07:54 Job submitted from host: <128.105.68.112:9618?addrs=128.105.68.112-9618+[2607-f388-2200-100-eaeb-d3ff-fea3-4202]-9618&alias=ap2001.chtc.wisc.edu&noUDP&sock=schedd_4071840_2329>
...
040 (8017966.433.000) 2026-06-21 02:06:11 Started transferring input files
	Transferring to host: <128.105.69.3:9618?addrs=128.105.69.3-9618+[2607-f388-2200-100-7ec2-55ff-fe46-28f2]-9618&alias=gpu4002.chtc.wisc.edu&noUDP&sock=slot1_5_12744_0cff_3887>
...
040 (8017966.433.000) 2026-06-21 02:06:25 Finished transferring input files
...
001 (8017966.433.000) 2026-06-21 02:06:25 Job executing on host: <128.105.69.3:9618?addrs=128.105.69.3-9618+[2607-f388-2200-100-7ec2-55ff-fe46-28f2]-9618&alias=gpu4002.chtc.wisc.edu&noUDP&sock=startd_11312_ab69>
	SlotName: slot1_5@gpu4002.chtc.wisc.edu
	AvailableGPUs = { GPUs_GPU_24660f1c }
	CondorScratchDir = "/var/lib/condor/execute/slot1/dir_2920686/scratch"
	Cpus = 1
	Disk = 16777216
	GPUs = 1
	GPUs_GPU_24660f1c = [ Id = "GPU-24660f1c"; Capability = 8.9; DeviceName = "NVIDIA L40"; DeviceUuid = "24660f1c-9665-dc92-a0c9-04252e1a8138"; ECCEnabled = true; NvidiaDriver = "570.195.03"; DriverVersion = 12.8; DevicePciBusId = "0000:CE:00.0"; GlobalMemoryMb = 45468; MaxSupportedVersion = 12080 ]
	IoHeavy = 0
	Memory = 16384
...
006 (8017966.433.000) 2026-06-21 02:06:33 Image size of job updated: 389176
	381  -  MemoryUsage of job (MB)
	389176  -  ResidentSetSize of job (KB)
...
006 (8017966.433.000) 2026-06-21 02:09:26 Image size of job updated: 2453496
	381  -  MemoryUsage of job (MB)
	389212  -  ResidentSetSize of job (KB)
...
040 (8017966.433.000) 2026-06-21 02:09:26 Started transferring output files
...
040 (8017966.433.000) 2026-06-21 02:09:26 Finished transferring output files
...
004 (8017966.433.000) 2026-06-21 02:09:26 Job was evicted.
	(0) Job terminated and was requeued
		Usr 0 00:02:56, Sys 0 00:00:03  -  Run Remote Usage
		Usr 0 00:00:00, Sys 0 00:00:00  -  Run Local Usage
	7278737  -  Run Bytes Sent By Job
	2784281421  -  Run Bytes Received By Job
	(1) Normal termination (return value 1)
	The job attribute OnExitRemove expression 'NumJobCompletions > JobMaxRetries || ExitCode =?= 0' evaluated to FALSE
...
040 (8017966.433.000) 2026-06-21 02:10:34 Started transferring input files
	Transferring to host: <10.226.104.219:35049?CCBID=128.105.82.148:9618%3faddrs%3d128.105.82.148-9618+[2607-f388-2200-9d-7ccb-bc08-2489-768a]-9618%26alias%3dospool-ccb.osg.chtc.io%26noUDP%26sock%3dcollector8#4301274%2067.58.49.91:9618%3faddrs%3d67.58.49.91-9618+[fdf0-17b3-c3ec-1f79-10-0-e-b69d]-9618%26alias%3dccb-2.ospool.osg-htc.org%26noUDP%26sock%3dcollector8#4296894&PrivNet=gpu019.rci.montana.edu&addrs=10.226.104.219-35049&alias=gpu019.rci.montana.edu&noUDP>
...
040 (8017966.433.000) 2026-06-21 02:12:15 Finished transferring input files
...
021 (8017966.433.000) 2026-06-21 02:12:15 Message from starter on slot1_1@glidein_44344_686287875@gpu019.rci.montana.edu:
	PREPARE_JOB (prepare-hook) succeeded (reported status 000): Using Singularity image openfe_1.11.1.sif
...
001 (8017966.433.000) 2026-06-21 02:12:15 Job executing on host: <10.226.104.219:46635?CCBID=128.105.82.148:9618%3faddrs%3d128.105.82.148-9618+[2607-f388-2200-9d-7ccb-bc08-2489-768a]-9618%26alias%3dospool-ccb.osg.chtc.io%26noUDP%26sock%3dcollector5#4263111%2067.58.49.91:9618%3faddrs%3d67.58.49.91-9618+[fdf0-17b3-c3ec-1f79-10-0-e-b69d]-9618%26alias%3dccb-2.ospool.osg-htc.org%26noUDP%26sock%3dcollector9#4263014&PrivNet=gpu019.rci.montana.edu&addrs=10.226.104.219-46635&alias=gpu019.rci.montana.edu&noUDP>
	SlotName: slot1_1@glidein_44344_686287875@gpu019.rci.montana.edu
	AvailableGPUs = { GPUs_GPU_ec62e759 }
	CondorScratchDir = "/tmp/jobs/4093251/glide_tNJTON/execute/dir_1794285/scratch"
	Cpus = 1
	Disk = 16777216
	GPUs = 1
	GPUs_GPU_ec62e759 = [ Id = "GPU-ec62e759"; ClockMhz = 1980.0; Capability = 9.0; CoresPerCU = 128; DeviceName = "NVIDIA H100 80GB HBM3"; DeviceUuid = "ec62e759-2dcd-9df3-4a0c-3116e70e7956"; ECCEnabled = true; ComputeUnits = 132; NvidiaDriver = "595.71.05"; DriverVersion = 13.2; DevicePciBusId = "0000:CB:00.0"; GlobalMemoryMb = 81081; MaxSupportedVersion = 13020 ]
	Memory = 16384
...
006 (8017966.433.000) 2026-06-21 02:12:19 Image size of job updated: 4527764
	391  -  MemoryUsage of job (MB)
	400000  -  ResidentSetSize of job (KB)
...
040 (8017966.433.000) 2026-06-21 02:12:19 Started transferring output files
...
040 (8017966.433.000) 2026-06-21 02:12:20 Finished transferring output files
...
004 (8017966.433.000) 2026-06-21 02:12:20 Job was evicted.
	(0) Job terminated and was requeued
		Usr 0 00:00:01, Sys 0 00:00:00  -  Run Remote Usage
		Usr 0 00:00:00, Sys 0 00:00:00  -  Run Local Usage
	7273254  -  Run Bytes Sent By Job
	2791554155  -  Run Bytes Received By Job
	(1) Normal termination (return value 2)
	The job attribute OnExitRemove expression 'NumJobCompletions > JobMaxRetries || ExitCode =?= 0' evaluated to FALSE
...
040 (8017966.433.000) 2026-06-21 02:12:40 Started transferring input files
	Transferring to host: <128.105.76.47:9618?addrs=128.105.76.47-9618+[2607-f388-2200-100-527c-6fff-fe82-826a]-9618&alias=gpu4006.chtc.wisc.edu&noUDP&sock=slot2_8_2618986_4fbd_86702>
...
040 (8017966.433.000) 2026-06-21 02:12:50 Finished transferring input files
...
001 (8017966.433.000) 2026-06-21 02:12:50 Job executing on host: <128.105.76.47:9618?addrs=128.105.76.47-9618+[2607-f388-2200-100-527c-6fff-fe82-826a]-9618&alias=gpu4006.chtc.wisc.edu&noUDP&sock=startd_11220_90b3>
	SlotName: slot2_8@gpu4006.chtc.wisc.edu
	AvailableGPUs = { GPUs_GPU_cee1c5fe }
	CondorScratchDir = "/var/lib/condor/execute/slot2/dir_2607323/scratch"
	Cpus = 1
	Disk = 16777216
	GPUs = 1
	GPUs_GPU_cee1c5fe = [ Id = "GPU-cee1c5fe"; Capability = 8.9; DeviceName = "NVIDIA L40S"; DeviceUuid = "cee1c5fe-b00f-e234-a43f-220f24c5e1c9"; ECCEnabled = true; NvidiaDriver = "590.48.01"; DriverVersion = 13.1; DevicePciBusId = "0000:E1:00.0"; GlobalMemoryMb = 45460; MaxSupportedVersion = 13010 ]
	IoHeavy = 0
	Memory = 16384
...
040 (8017966.433.000) 2026-06-21 02:12:53 Started transferring output files
...
040 (8017966.433.000) 2026-06-21 02:12:53 Finished transferring output files
...
004 (8017966.433.000) 2026-06-21 02:12:53 Job was evicted.
	(0) Job terminated and was requeued
		Usr 0 00:00:01, Sys 0 00:00:00  -  Run Remote Usage
		Usr 0 00:00:00, Sys 0 00:00:00  -  Run Local Usage
	7273250  -  Run Bytes Sent By Job
	2791554155  -  Run Bytes Received By Job
	(1) Normal termination (return value 2)
	The job attribute OnExitRemove expression 'NumJobCompletions > JobMaxRetries || ExitCode =?= 0' evaluated to FALSE
...
040 (8017966.433.000) 2026-06-21 02:12:56 Started transferring input files
	Transferring to host: <128.105.69.63:9618?addrs=128.105.69.63-9618+[2607-f388-2200-100-5aa2-e1ff-febe-455e]-9618&alias=gpu4003.chtc.wisc.edu&noUDP&sock=slot2_5_1549376_4e16_76062>
...
040 (8017966.433.000) 2026-06-21 02:13:11 Finished transferring input files
...
001 (8017966.433.000) 2026-06-21 02:13:11 Job executing on host: <128.105.69.63:9618?addrs=128.105.69.63-9618+[2607-f388-2200-100-5aa2-e1ff-febe-455e]-9618&alias=gpu4003.chtc.wisc.edu&noUDP&sock=startd_3051222_14a9>
	SlotName: slot2_5@gpu4003.chtc.wisc.edu
	AvailableGPUs = { GPUs_GPU_39410294 }
	CondorScratchDir = "/var/lib/condor/execute/slot2/dir_473165/scratch"
	Cpus = 1
	Disk = 16777216
	GPUs = 1
	GPUs_GPU_39410294 = [ Id = "GPU-39410294"; Capability = 9.0; DeviceName = "NVIDIA H100 80GB HBM3"; DeviceUuid = "39410294-4267-2c41-ff41-468049d87bef"; ECCEnabled = true; NvidiaDriver = "570.195.03"; DriverVersion = 12.8; DevicePciBusId = "0000:9A:00.0"; GlobalMemoryMb = 81089; MaxSupportedVersion = 12080 ]
	IoHeavy = 0
	Memory = 16384
...
040 (8017966.433.000) 2026-06-21 02:13:14 Started transferring output files
...
040 (8017966.433.000) 2026-06-21 02:13:14 Finished transferring output files
...
004 (8017966.433.000) 2026-06-21 02:13:15 Job was evicted.
	(0) Job terminated and was requeued
		Usr 0 00:00:02, Sys 0 00:00:00  -  Run Remote Usage
		Usr 0 00:00:00, Sys 0 00:00:00  -  Run Local Usage
	7273236  -  Run Bytes Sent By Job
	2791554155  -  Run Bytes Received By Job
	(1) Normal termination (return value 2)
	The job attribute OnExitRemove expression 'NumJobCompletions > JobMaxRetries || ExitCode =?= 0' evaluated to FALSE
...
040 (8017966.433.000) 2026-06-21 02:13:20 Started transferring input files
	Transferring to host: <128.105.76.47:9618?addrs=128.105.76.47-9618+[2607-f388-2200-100-527c-6fff-fe82-826a]-9618&alias=gpu4006.chtc.wisc.edu&noUDP&sock=slot2_8_2618986_4fbd_86704>
...
040 (8017966.433.000) 2026-06-21 02:13:37 Finished transferring input files
...
001 (8017966.433.000) 2026-06-21 02:13:37 Job executing on host: <128.105.76.47:9618?addrs=128.105.76.47-9618+[2607-f388-2200-100-527c-6fff-fe82-826a]-9618&alias=gpu4006.chtc.wisc.edu&noUDP&sock=startd_11220_90b3>
	SlotName: slot2_8@gpu4006.chtc.wisc.edu
	AvailableGPUs = { GPUs_GPU_cee1c5fe }
	CondorScratchDir = "/var/lib/condor/execute/slot2/dir_2607799/scratch"
	Cpus = 1
	Disk = 16777216
	GPUs = 1
	GPUs_GPU_cee1c5fe = [ Id = "GPU-cee1c5fe"; Capability = 8.9; DeviceName = "NVIDIA L40S"; DeviceUuid = "cee1c5fe-b00f-e234-a43f-220f24c5e1c9"; ECCEnabled = true; NvidiaDriver = "590.48.01"; DriverVersion = 13.1; DevicePciBusId = "0000:E1:00.0"; GlobalMemoryMb = 45460; MaxSupportedVersion = 13010 ]
	IoHeavy = 0
	Memory = 16384
...
040 (8017966.433.000) 2026-06-21 02:13:39 Started transferring output files
...
040 (8017966.433.000) 2026-06-21 02:13:39 Finished transferring output files
...
004 (8017966.433.000) 2026-06-21 02:13:40 Job was evicted.
	(0) Job terminated and was requeued
		Usr 0 00:00:01, Sys 0 00:00:00  -  Run Remote Usage
		Usr 0 00:00:00, Sys 0 00:00:00  -  Run Local Usage
	7273250  -  Run Bytes Sent By Job
	2791554155  -  Run Bytes Received By Job
	(1) Normal termination (return value 2)
	The job attribute OnExitRemove expression 'NumJobCompletions > JobMaxRetries || ExitCode =?= 0' evaluated to FALSE
...
040 (8017966.433.000) 2026-06-21 02:13:46 Started transferring input files
	Transferring to host: <128.105.76.47:9618?addrs=128.105.76.47-9618+[2607-f388-2200-100-527c-6fff-fe82-826a]-9618&alias=gpu4006.chtc.wisc.edu&noUDP&sock=slot2_8_2618986_4fbd_86705>
...
040 (8017966.433.000) 2026-06-21 02:13:56 Finished transferring input files
...
001 (8017966.433.000) 2026-06-21 02:13:56 Job executing on host: <128.105.76.47:9618?addrs=128.105.76.47-9618+[2607-f388-2200-100-527c-6fff-fe82-826a]-9618&alias=gpu4006.chtc.wisc.edu&noUDP&sock=startd_11220_90b3>
	SlotName: slot2_8@gpu4006.chtc.wisc.edu
	AvailableGPUs = { GPUs_GPU_cee1c5fe }
	CondorScratchDir = "/var/lib/condor/execute/slot2/dir_2608039/scratch"
	Cpus = 1
	Disk = 16777216
	GPUs = 1
	GPUs_GPU_cee1c5fe = [ Id = "GPU-cee1c5fe"; Capability = 8.9; DeviceName = "NVIDIA L40S"; DeviceUuid = "cee1c5fe-b00f-e234-a43f-220f24c5e1c9"; ECCEnabled = true; NvidiaDriver = "590.48.01"; DriverVersion = 13.1; DevicePciBusId = "0000:E1:00.0"; GlobalMemoryMb = 45460; MaxSupportedVersion = 13010 ]
	IoHeavy = 0
	Memory = 16384
...
040 (8017966.433.000) 2026-06-21 02:13:58 Started transferring output files
...
040 (8017966.433.000) 2026-06-21 02:13:59 Finished transferring output files
...
004 (8017966.433.000) 2026-06-21 02:13:59 Job was evicted.
	(0) Job terminated and was requeued
		Usr 0 00:00:01, Sys 0 00:00:00  -  Run Remote Usage
		Usr 0 00:00:00, Sys 0 00:00:00  -  Run Local Usage
	7273250  -  Run Bytes Sent By Job
	2791554155  -  Run Bytes Received By Job
	(1) Normal termination (return value 2)
	The job attribute OnExitRemove expression 'NumJobCompletions > JobMaxRetries || ExitCode =?= 0' evaluated to FALSE
...
040 (8017966.433.000) 2026-06-21 02:14:02 Started transferring input files
	Transferring to host: <128.105.69.3:9618?addrs=128.105.69.3-9618+[2607-f388-2200-100-7ec2-55ff-fe46-28f2]-9618&alias=gpu4002.chtc.wisc.edu&noUDP&sock=slot1_5_12744_0cff_3920>
...
040 (8017966.433.000) 2026-06-21 02:14:15 Finished transferring input files
...
001 (8017966.433.000) 2026-06-21 02:14:15 Job executing on host: <128.105.69.3:9618?addrs=128.105.69.3-9618+[2607-f388-2200-100-7ec2-55ff-fe46-28f2]-9618&alias=gpu4002.chtc.wisc.edu&noUDP&sock=startd_11312_ab69>
	SlotName: slot1_5@gpu4002.chtc.wisc.edu
	AvailableGPUs = { GPUs_GPU_24660f1c }
	CondorScratchDir = "/var/lib/condor/execute/slot1/dir_2928165/scratch"
	Cpus = 1
	Disk = 16777216
	GPUs = 1
	GPUs_GPU_24660f1c = [ Id = "GPU-24660f1c"; Capability = 8.9; DeviceName = "NVIDIA L40"; DeviceUuid = "24660f1c-9665-dc92-a0c9-04252e1a8138"; ECCEnabled = true; NvidiaDriver = "570.195.03"; DriverVersion = 12.8; DevicePciBusId = "0000:CE:00.0"; GlobalMemoryMb = 45468; MaxSupportedVersion = 12080 ]
	IoHeavy = 0
	Memory = 16384
...
040 (8017966.433.000) 2026-06-21 02:14:18 Started transferring output files
...
040 (8017966.433.000) 2026-06-21 02:14:18 Finished transferring output files
...
004 (8017966.433.000) 2026-06-21 02:14:18 Job was evicted.
	(0) Job terminated and was requeued
		Usr 0 00:00:02, Sys 0 00:00:00  -  Run Remote Usage
		Usr 0 00:00:00, Sys 0 00:00:00  -  Run Local Usage
	7273226  -  Run Bytes Sent By Job
	2791554155  -  Run Bytes Received By Job
	(1) Normal termination (return value 2)
	The job attribute OnExitRemove expression 'NumJobCompletions > JobMaxRetries || ExitCode =?= 0' evaluated to FALSE
...
040 (8017966.433.000) 2026-06-21 02:14:26 Started transferring input files
	Transferring to host: <128.105.69.3:9618?addrs=128.105.69.3-9618+[2607-f388-2200-100-7ec2-55ff-fe46-28f2]-9618&alias=gpu4002.chtc.wisc.edu&noUDP&sock=slot1_5_12744_0cff_3921>
...
040 (8017966.433.000) 2026-06-21 02:14:38 Finished transferring input files
...
001 (8017966.433.000) 2026-06-21 02:14:38 Job executing on host: <128.105.69.3:9618?addrs=128.105.69.3-9618+[2607-f388-2200-100-7ec2-55ff-fe46-28f2]-9618&alias=gpu4002.chtc.wisc.edu&noUDP&sock=startd_11312_ab69>
	SlotName: slot1_5@gpu4002.chtc.wisc.edu
	AvailableGPUs = { GPUs_GPU_24660f1c }
	CondorScratchDir = "/var/lib/condor/execute/slot1/dir_2928413/scratch"
	Cpus = 1
	Disk = 16777216
	GPUs = 1
	GPUs_GPU_24660f1c = [ Id = "GPU-24660f1c"; Capability = 8.9; DeviceName = "NVIDIA L40"; DeviceUuid = "24660f1c-9665-dc92-a0c9-04252e1a8138"; ECCEnabled = true; NvidiaDriver = "570.195.03"; DriverVersion = 12.8; DevicePciBusId = "0000:CE:00.0"; GlobalMemoryMb = 45468; MaxSupportedVersion = 12080 ]
	IoHeavy = 0
	Memory = 16384
...
040 (8017966.433.000) 2026-06-21 02:14:41 Started transferring output files
...
040 (8017966.433.000) 2026-06-21 02:14:41 Finished transferring output files
...
004 (8017966.433.000) 2026-06-21 02:14:42 Job was evicted.
	(0) Job terminated and was requeued
		Usr 0 00:00:02, Sys 0 00:00:00  -  Run Remote Usage
		Usr 0 00:00:00, Sys 0 00:00:00  -  Run Local Usage
	7273226  -  Run Bytes Sent By Job
	2791554155  -  Run Bytes Received By Job
	(1) Normal termination (return value 2)
	The job attribute OnExitRemove expression 'NumJobCompletions > JobMaxRetries || ExitCode =?= 0' evaluated to FALSE
...
040 (8017966.433.000) 2026-06-21 02:14:52 Started transferring input files
	Transferring to host: <128.105.69.3:9618?addrs=128.105.69.3-9618+[2607-f388-2200-100-7ec2-55ff-fe46-28f2]-9618&alias=gpu4002.chtc.wisc.edu&noUDP&sock=slot1_5_12744_0cff_3922>
...
040 (8017966.433.000) 2026-06-21 02:15:04 Finished transferring input files
...
001 (8017966.433.000) 2026-06-21 02:15:04 Job executing on host: <128.105.69.3:9618?addrs=128.105.69.3-9618+[2607-f388-2200-100-7ec2-55ff-fe46-28f2]-9618&alias=gpu4002.chtc.wisc.edu&noUDP&sock=startd_11312_ab69>
	SlotName: slot1_5@gpu4002.chtc.wisc.edu
	AvailableGPUs = { GPUs_GPU_24660f1c }
	CondorScratchDir = "/var/lib/condor/execute/slot1/dir_2928823/scratch"
	Cpus = 1
	Disk = 16777216
	GPUs = 1
	GPUs_GPU_24660f1c = [ Id = "GPU-24660f1c"; Capability = 8.9; DeviceName = "NVIDIA L40"; DeviceUuid = "24660f1c-9665-dc92-a0c9-04252e1a8138"; ECCEnabled = true; NvidiaDriver = "570.195.03"; DriverVersion = 12.8; DevicePciBusId = "0000:CE:00.0"; GlobalMemoryMb = 45468; MaxSupportedVersion = 12080 ]
	IoHeavy = 0
	Memory = 16384
...
040 (8017966.433.000) 2026-06-21 02:15:07 Started transferring output files
...
040 (8017966.433.000) 2026-06-21 02:15:07 Finished transferring output files
...
004 (8017966.433.000) 2026-06-21 02:15:08 Job was evicted.
	(0) Job terminated and was requeued
		Usr 0 00:00:02, Sys 0 00:00:00  -  Run Remote Usage
		Usr 0 00:00:00, Sys 0 00:00:00  -  Run Local Usage
	7273226  -  Run Bytes Sent By Job
	2791554155  -  Run Bytes Received By Job
	(1) Normal termination (return value 2)
	The job attribute OnExitRemove expression 'NumJobCompletions > JobMaxRetries || ExitCode =?= 0' evaluated to FALSE
...
040 (8017966.433.000) 2026-06-21 02:15:17 Started transferring input files
	Transferring to host: <128.105.69.3:9618?addrs=128.105.69.3-9618+[2607-f388-2200-100-7ec2-55ff-fe46-28f2]-9618&alias=gpu4002.chtc.wisc.edu&noUDP&sock=slot1_5_12744_0cff_3924>
...
040 (8017966.433.000) 2026-06-21 02:15:29 Finished transferring input files
...
001 (8017966.433.000) 2026-06-21 02:15:29 Job executing on host: <128.105.69.3:9618?addrs=128.105.69.3-9618+[2607-f388-2200-100-7ec2-55ff-fe46-28f2]-9618&alias=gpu4002.chtc.wisc.edu&noUDP&sock=startd_11312_ab69>
	SlotName: slot1_5@gpu4002.chtc.wisc.edu
	AvailableGPUs = { GPUs_GPU_24660f1c }
	CondorScratchDir = "/var/lib/condor/execute/slot1/dir_2929276/scratch"
	Cpus = 1
	Disk = 16777216
	GPUs = 1
	GPUs_GPU_24660f1c = [ Id = "GPU-24660f1c"; Capability = 8.9; DeviceName = "NVIDIA L40"; DeviceUuid = "24660f1c-9665-dc92-a0c9-04252e1a8138"; ECCEnabled = true; NvidiaDriver = "570.195.03"; DriverVersion = 12.8; DevicePciBusId = "0000:CE:00.0"; GlobalMemoryMb = 45468; MaxSupportedVersion = 12080 ]
	IoHeavy = 0
	Memory = 16384
...
040 (8017966.433.000) 2026-06-21 02:15:32 Started transferring output files
...
040 (8017966.433.000) 2026-06-21 02:15:32 Finished transferring output files
...
004 (8017966.433.000) 2026-06-21 02:15:33 Job was evicted.
	(0) Job terminated and was requeued
		Usr 0 00:00:02, Sys 0 00:00:00  -  Run Remote Usage
		Usr 0 00:00:00, Sys 0 00:00:00  -  Run Local Usage
	7273226  -  Run Bytes Sent By Job
	2791554155  -  Run Bytes Received By Job
	(1) Normal termination (return value 2)
	The job attribute OnExitRemove expression 'NumJobCompletions > JobMaxRetries || ExitCode =?= 0' evaluated to FALSE
...
040 (8017966.433.000) 2026-06-21 02:15:41 Started transferring input files
	Transferring to host: <128.105.69.34:9618?addrs=128.105.69.34-9618+[2607-f388-2200-100-527c-6fff-fe66-ea4a]-9618&alias=mkhodakgpu4000.chtc.wisc.edu&noUDP&sock=backfill1_3_2685916_8d1f_94790>
...
040 (8017966.433.000) 2026-06-21 02:15:49 Finished transferring input files
...
001 (8017966.433.000) 2026-06-21 02:15:49 Job executing on host: <128.105.69.34:9618?addrs=128.105.69.34-9618+[2607-f388-2200-100-527c-6fff-fe66-ea4a]-9618&alias=mkhodakgpu4000.chtc.wisc.edu&noUDP&sock=startd_11796_a740>
	SlotName: backfill1_3@mkhodakgpu4000.chtc.wisc.edu
	AvailableGPUs = { GPUs_GPU_9544cf0c }
	CondorScratchDir = "/var/lib/condor/execute/slot1/dir_782908/scratch"
	Cpus = 1
	Disk = 16777216
	GPUs = 1
	GPUs_GPU_9544cf0c = [ Id = "GPU-9544cf0c"; Capability = 8.9; DeviceName = "NVIDIA L40S"; DeviceUuid = "9544cf0c-0c2f-bfa5-e747-a858dc0b005b"; ECCEnabled = true; NvidiaDriver = "570.195.03"; DriverVersion = 12.8; DevicePciBusId = "0000:BD:00.0"; GlobalMemoryMb = 45468; MaxSupportedVersion = 12080 ]
	IoHeavy = 0
	Memory = 16384
...
040 (8017966.433.000) 2026-06-21 02:15:52 Started transferring output files
...
040 (8017966.433.000) 2026-06-21 02:15:52 Finished transferring output files
...
005 (8017966.433.000) 2026-06-21 02:15:53 Job terminated.
	(1) Normal termination (return value 2)
		Usr 0 00:00:01, Sys 0 00:00:00  -  Run Remote Usage
		Usr 0 00:00:00, Sys 0 00:00:00  -  Run Local Usage
		Usr 0 00:03:11, Sys 0 00:00:03  -  Total Remote Usage
		Usr 0 00:00:00, Sys 0 00:00:00  -  Total Local Usage
	7273243  -  Run Bytes Sent By Job
	2791554155  -  Run Bytes Received By Job
	80011124  -  Total Bytes Sent By Job
	30699822971  -  Total Bytes Received By Job
	Partitionable Resources :    Usage  Request Allocated Assigned
	   Cpus                 :        0        1         1 
	   Disk (KB)            :  2726164 16777216  16777216 
	   GPUs                 :        0        1         1 "GPU-9544cf0c"
	   IoHeavy              :                           0 
	   Memory (MB)          :      391    16384     16384 
	   TimeExecute (s)      :        3                    
	   TimeSlotBusy (s)     :       11                    
...
