000 (8017966.636.000) 2026-06-20 22:07:54 Job submitted from host: <128.105.68.112:9618?addrs=128.105.68.112-9618+[2607-f388-2200-100-eaeb-d3ff-fea3-4202]-9618&alias=ap2001.chtc.wisc.edu&noUDP&sock=schedd_4071840_2329>
...
040 (8017966.636.000) 2026-06-21 03:27:05 Started transferring input files
	Transferring to host: <128.105.76.47:9618?addrs=128.105.76.47-9618+[2607-f388-2200-100-527c-6fff-fe82-826a]-9618&alias=gpu4006.chtc.wisc.edu&noUDP&sock=slot2_2_2618986_4fbd_86921>
...
040 (8017966.636.000) 2026-06-21 03:27:19 Finished transferring input files
...
001 (8017966.636.000) 2026-06-21 03:27:19 Job executing on host: <128.105.76.47:9618?addrs=128.105.76.47-9618+[2607-f388-2200-100-527c-6fff-fe82-826a]-9618&alias=gpu4006.chtc.wisc.edu&noUDP&sock=startd_11220_90b3>
	SlotName: slot2_2@gpu4006.chtc.wisc.edu
	AvailableGPUs = { GPUs_GPU_5f4b1ce3 }
	CondorScratchDir = "/var/lib/condor/execute/slot2/dir_2707267/scratch"
	Cpus = 1
	Disk = 16777216
	GPUs = 1
	GPUs_GPU_5f4b1ce3 = [ Id = "GPU-5f4b1ce3"; Capability = 8.9; DeviceName = "NVIDIA L40S"; DeviceUuid = "5f4b1ce3-4b15-b946-0540-e2f21aaa5fe7"; ECCEnabled = true; NvidiaDriver = "590.48.01"; DriverVersion = 13.1; DevicePciBusId = "0000:21:00.0"; GlobalMemoryMb = 45460; MaxSupportedVersion = 13010 ]
	IoHeavy = 0
	Memory = 16384
...
006 (8017966.636.000) 2026-06-21 03:27:28 Image size of job updated: 497508
	486  -  MemoryUsage of job (MB)
	497508  -  ResidentSetSize of job (KB)
...
006 (8017966.636.000) 2026-06-21 03:32:29 Image size of job updated: 1018760
	994  -  MemoryUsage of job (MB)
	1017480  -  ResidentSetSize of job (KB)
...
006 (8017966.636.000) 2026-06-21 03:37:29 Image size of job updated: 1021052
	998  -  MemoryUsage of job (MB)
	1021052  -  ResidentSetSize of job (KB)
...
006 (8017966.636.000) 2026-06-21 03:42:30 Image size of job updated: 1028324
	1005  -  MemoryUsage of job (MB)
	1028324  -  ResidentSetSize of job (KB)
...
006 (8017966.636.000) 2026-06-21 03:47:31 Image size of job updated: 1033868
	1010  -  MemoryUsage of job (MB)
	1033868  -  ResidentSetSize of job (KB)
...
006 (8017966.636.000) 2026-06-21 03:52:31 Image size of job updated: 1039540
	1016  -  MemoryUsage of job (MB)
	1039540  -  ResidentSetSize of job (KB)
...
006 (8017966.636.000) 2026-06-21 03:57:32 Image size of job updated: 1048272
	1024  -  MemoryUsage of job (MB)
	1048272  -  ResidentSetSize of job (KB)
...
006 (8017966.636.000) 2026-06-21 04:02:32 Image size of job updated: 1054924
	1031  -  MemoryUsage of job (MB)
	1054924  -  ResidentSetSize of job (KB)
...
006 (8017966.636.000) 2026-06-21 04:05:02 Image size of job updated: 1055116
	1031  -  MemoryUsage of job (MB)
	1054924  -  ResidentSetSize of job (KB)
...
040 (8017966.636.000) 2026-06-21 04:05:02 Started transferring output files
...
040 (8017966.636.000) 2026-06-21 04:05:02 Finished transferring output files
...
005 (8017966.636.000) 2026-06-21 04:05:03 Job terminated.
	(1) Normal termination (return value 0)
		Usr 0 00:38:06, Sys 0 01:41:57  -  Run Remote Usage
		Usr 0 00:00:00, Sys 0 00:00:00  -  Run Local Usage
		Usr 0 00:38:06, Sys 0 01:41:57  -  Total Remote Usage
		Usr 0 00:00:00, Sys 0 00:00:00  -  Total Local Usage
	2763696  -  Run Bytes Sent By Job
	2781878012  -  Run Bytes Received By Job
	2763696  -  Total Bytes Sent By Job
	2781878012  -  Total Bytes Received By Job
	Partitionable Resources :      Usage  Request Allocated Assigned
	   Cpus                 :       0.99        1         1 
	   Disk (KB)            : 2729332    16777216  16777216 
	   GPUs                 :       0.84        1         1 "GPU-5f4b1ce3"
	   GpusMemory (MB)      :    6808                       
	   IoHeavy              :                             0 
	   Memory (MB)          :    1031       16384     16384 
	   TimeExecute (s)      :    2263                       
	   TimeSlotBusy (s)     :    2277                       
...
