000 (8017966.479.000) 2026-06-20 22:07:54 Job submitted from host: <128.105.68.112:9618?addrs=128.105.68.112-9618+[2607-f388-2200-100-eaeb-d3ff-fea3-4202]-9618&alias=ap2001.chtc.wisc.edu&noUDP&sock=schedd_4071840_2329>
...
040 (8017966.479.000) 2026-06-21 02:20:16 Started transferring input files
	Transferring to host: <128.105.68.141:9618?addrs=128.105.68.141-9618+[2607-f388-2200-100-b226-28ff-fe24-f732]-9618&alias=gpu2001.chtc.wisc.edu&noUDP&sock=slot2_1_3454505_0815_75756>
...
040 (8017966.479.000) 2026-06-21 02:20:32 Finished transferring input files
...
001 (8017966.479.000) 2026-06-21 02:20:32 Job executing on host: <128.105.68.141:9618?addrs=128.105.68.141-9618+[2607-f388-2200-100-b226-28ff-fe24-f732]-9618&alias=gpu2001.chtc.wisc.edu&noUDP&sock=startd_10421_8487>
	SlotName: slot2_1@gpu2001.chtc.wisc.edu
	AvailableGPUs = { GPUs_GPU_ddc1c098 }
	CondorScratchDir = "/var/lib/condor/execute/slot2/dir_3289765/scratch"
	Cpus = 1
	Disk = 16777216
	GPUs = 1
	GPUs_GPU_ddc1c098 = [ Id = "GPU-ddc1c098"; Capability = 6.0; DeviceName = "Tesla P100-PCIE-16GB"; DeviceUuid = "ddc1c098-16dd-3c4e-0463-5888fb3af09c"; ECCEnabled = true; NvidiaDriver = "570.195.03"; DriverVersion = 12.8; DevicePciBusId = "0000:3B:00.0"; GlobalMemoryMb = 16269; MaxSupportedVersion = 12080 ]
	IoHeavy = 0
	Memory = 16384
...
006 (8017966.479.000) 2026-06-21 02:20:41 Image size of job updated: 154708
	152  -  MemoryUsage of job (MB)
	154708  -  ResidentSetSize of job (KB)
...
006 (8017966.479.000) 2026-06-21 02:25:42 Image size of job updated: 3158964
	3085  -  MemoryUsage of job (MB)
	3158964  -  ResidentSetSize of job (KB)
...
006 (8017966.479.000) 2026-06-21 02:30:42 Image size of job updated: 3557948
	3475  -  MemoryUsage of job (MB)
	3557948  -  ResidentSetSize of job (KB)
...
006 (8017966.479.000) 2026-06-21 02:35:43 Image size of job updated: 4662224
	4553  -  MemoryUsage of job (MB)
	4662224  -  ResidentSetSize of job (KB)
...
006 (8017966.479.000) 2026-06-21 02:40:43 Image size of job updated: 4844100
	4574  -  MemoryUsage of job (MB)
	4683448  -  ResidentSetSize of job (KB)
...
006 (8017966.479.000) 2026-06-21 02:50:44 Image size of job updated: 4885736
	4772  -  MemoryUsage of job (MB)
	4885736  -  ResidentSetSize of job (KB)
...
006 (8017966.479.000) 2026-06-21 02:55:46 Image size of job updated: 5414380
	5288  -  MemoryUsage of job (MB)
	5414380  -  ResidentSetSize of job (KB)
...
006 (8017966.479.000) 2026-06-21 03:00:46 Image size of job updated: 5466028
	5288  -  MemoryUsage of job (MB)
	5414380  -  ResidentSetSize of job (KB)
...
006 (8017966.479.000) 2026-06-21 03:10:47 Image size of job updated: 6056636
	5915  -  MemoryUsage of job (MB)
	6056636  -  ResidentSetSize of job (KB)
...
006 (8017966.479.000) 2026-06-21 03:13:46 Image size of job updated: 6120056
	5915  -  MemoryUsage of job (MB)
	6056636  -  ResidentSetSize of job (KB)
...
040 (8017966.479.000) 2026-06-21 03:13:46 Started transferring output files
...
040 (8017966.479.000) 2026-06-21 03:13:47 Finished transferring output files
...
004 (8017966.479.000) 2026-06-21 03:13:48 Job was evicted.
	(0) Job terminated and was requeued
		Usr 0 00:58:20, Sys 0 00:01:20  -  Run Remote Usage
		Usr 0 00:00:00, Sys 0 00:00:00  -  Run Local Usage
	464753526  -  Run Bytes Sent By Job
	2784100502  -  Run Bytes Received By Job
	(1) Normal termination (return value 1)
	The job attribute OnExitRemove expression 'NumJobCompletions > JobMaxRetries || ExitCode =?= 0' evaluated to FALSE
...
040 (8017966.479.000) 2026-06-21 03:13:49 Started transferring input files
	Transferring to host: <128.105.68.168:9618?addrs=128.105.68.168-9618+[2607-f388-2200-100-b62e-99ff-feb7-2dcb]-9618&alias=gpulab2003.chtc.wisc.edu&noUDP&sock=slot2_4_11172_6f3f_5198>
...
040 (8017966.479.000) 2026-06-21 03:14:10 Finished transferring input files
...
001 (8017966.479.000) 2026-06-21 03:14:10 Job executing on host: <128.105.68.168:9618?addrs=128.105.68.168-9618+[2607-f388-2200-100-b62e-99ff-feb7-2dcb]-9618&alias=gpulab2003.chtc.wisc.edu&noUDP&sock=startd_10155_1056>
	SlotName: slot2_4@gpulab2003.chtc.wisc.edu
	AvailableGPUs = { GPUs_GPU_61902b82 }
	CondorScratchDir = "/var/lib/condor/execute/slot2/dir_57469/scratch"
	Cpus = 1
	Disk = 16777216
	GPUs = 1
	GPUs_GPU_61902b82 = [ Id = "GPU-61902b82"; Capability = 7.5; DeviceName = "NVIDIA GeForce RTX 2080 Ti"; DeviceUuid = "61902b82-cedb-e4be-d010-bca8829ec79b"; ECCEnabled = false; NvidiaDriver = "570.195.03"; DriverVersion = 12.8; DevicePciBusId = "0000:B2:00.0"; GlobalMemoryMb = 10823; MaxSupportedVersion = 12080 ]
	IoHeavy = 0
	Memory = 16384
...
040 (8017966.479.000) 2026-06-21 03:14:14 Started transferring output files
...
040 (8017966.479.000) 2026-06-21 03:14:15 Finished transferring output files
...
004 (8017966.479.000) 2026-06-21 03:14:16 Job was evicted.
	(0) Job terminated and was requeued
		Usr 0 00:00:02, Sys 0 00:00:00  -  Run Remote Usage
		Usr 0 00:00:00, Sys 0 00:00:00  -  Run Local Usage
	464733867  -  Run Bytes Sent By Job
	3248833888  -  Run Bytes Received By Job
	(1) Normal termination (return value 2)
	The job attribute OnExitRemove expression 'NumJobCompletions > JobMaxRetries || ExitCode =?= 0' evaluated to FALSE
...
040 (8017966.479.000) 2026-06-21 03:14:22 Started transferring input files
	Transferring to host: <128.105.68.168:9618?addrs=128.105.68.168-9618+[2607-f388-2200-100-b62e-99ff-feb7-2dcb]-9618&alias=gpulab2003.chtc.wisc.edu&noUDP&sock=slot2_3_11172_6f3f_5199>
...
040 (8017966.479.000) 2026-06-21 03:14:40 Finished transferring input files
...
001 (8017966.479.000) 2026-06-21 03:14:40 Job executing on host: <128.105.68.168:9618?addrs=128.105.68.168-9618+[2607-f388-2200-100-b62e-99ff-feb7-2dcb]-9618&alias=gpulab2003.chtc.wisc.edu&noUDP&sock=startd_10155_1056>
	SlotName: slot2_3@gpulab2003.chtc.wisc.edu
	AvailableGPUs = { GPUs_GPU_67659b45 }
	CondorScratchDir = "/var/lib/condor/execute/slot2/dir_58532/scratch"
	Cpus = 1
	Disk = 16777216
	GPUs = 1
	GPUs_GPU_67659b45 = [ Id = "GPU-67659b45"; Capability = 7.5; DeviceName = "NVIDIA GeForce RTX 2080 Ti"; DeviceUuid = "67659b45-3a57-03f4-4d85-759f040ffd80"; ECCEnabled = false; NvidiaDriver = "570.195.03"; DriverVersion = 12.8; DevicePciBusId = "0000:B1:00.0"; GlobalMemoryMb = 10823; MaxSupportedVersion = 12080 ]
	IoHeavy = 0
	Memory = 16384
...
040 (8017966.479.000) 2026-06-21 03:14:44 Started transferring output files
...
040 (8017966.479.000) 2026-06-21 03:14:46 Finished transferring output files
...
004 (8017966.479.000) 2026-06-21 03:14:46 Job was evicted.
	(0) Job terminated and was requeued
		Usr 0 00:00:02, Sys 0 00:00:00  -  Run Remote Usage
		Usr 0 00:00:00, Sys 0 00:00:00  -  Run Local Usage
	464733877  -  Run Bytes Sent By Job
	3248833888  -  Run Bytes Received By Job
	(1) Normal termination (return value 2)
	The job attribute OnExitRemove expression 'NumJobCompletions > JobMaxRetries || ExitCode =?= 0' evaluated to FALSE
...
040 (8017966.479.000) 2026-06-21 03:14:52 Started transferring input files
	Transferring to host: <128.105.68.168:9618?addrs=128.105.68.168-9618+[2607-f388-2200-100-b62e-99ff-feb7-2dcb]-9618&alias=gpulab2003.chtc.wisc.edu&noUDP&sock=slot2_3_11172_6f3f_5202>
...
040 (8017966.479.000) 2026-06-21 03:15:12 Finished transferring input files
...
001 (8017966.479.000) 2026-06-21 03:15:12 Job executing on host: <128.105.68.168:9618?addrs=128.105.68.168-9618+[2607-f388-2200-100-b62e-99ff-feb7-2dcb]-9618&alias=gpulab2003.chtc.wisc.edu&noUDP&sock=startd_10155_1056>
	SlotName: slot2_3@gpulab2003.chtc.wisc.edu
	AvailableGPUs = { GPUs_GPU_67659b45 }
	CondorScratchDir = "/var/lib/condor/execute/slot2/dir_59264/scratch"
	Cpus = 1
	Disk = 16777216
	GPUs = 1
	GPUs_GPU_67659b45 = [ Id = "GPU-67659b45"; Capability = 7.5; DeviceName = "NVIDIA GeForce RTX 2080 Ti"; DeviceUuid = "67659b45-3a57-03f4-4d85-759f040ffd80"; ECCEnabled = false; NvidiaDriver = "570.195.03"; DriverVersion = 12.8; DevicePciBusId = "0000:B1:00.0"; GlobalMemoryMb = 10823; MaxSupportedVersion = 12080 ]
	IoHeavy = 0
	Memory = 16384
...
040 (8017966.479.000) 2026-06-21 03:15:16 Started transferring output files
...
040 (8017966.479.000) 2026-06-21 03:15:18 Finished transferring output files
...
004 (8017966.479.000) 2026-06-21 03:15:18 Job was evicted.
	(0) Job terminated and was requeued
		Usr 0 00:00:02, Sys 0 00:00:00  -  Run Remote Usage
		Usr 0 00:00:00, Sys 0 00:00:00  -  Run Local Usage
	464733877  -  Run Bytes Sent By Job
	3248833888  -  Run Bytes Received By Job
	(1) Normal termination (return value 2)
	The job attribute OnExitRemove expression 'NumJobCompletions > JobMaxRetries || ExitCode =?= 0' evaluated to FALSE
...
040 (8017966.479.000) 2026-06-21 03:15:22 Started transferring input files
	Transferring to host: <128.105.69.3:9618?addrs=128.105.69.3-9618+[2607-f388-2200-100-7ec2-55ff-fe46-28f2]-9618&alias=gpu4002.chtc.wisc.edu&noUDP&sock=slot1_5_12744_0cff_4137>
...
040 (8017966.479.000) 2026-06-21 03:15:34 Finished transferring input files
...
001 (8017966.479.000) 2026-06-21 03:15:34 Job executing on host: <128.105.69.3:9618?addrs=128.105.69.3-9618+[2607-f388-2200-100-7ec2-55ff-fe46-28f2]-9618&alias=gpu4002.chtc.wisc.edu&noUDP&sock=startd_11312_ab69>
	SlotName: slot1_5@gpu4002.chtc.wisc.edu
	AvailableGPUs = { GPUs_GPU_24660f1c }
	CondorScratchDir = "/var/lib/condor/execute/slot1/dir_2997885/scratch"
	Cpus = 1
	Disk = 16777216
	GPUs = 1
	GPUs_GPU_24660f1c = [ Id = "GPU-24660f1c"; Capability = 8.9; DeviceName = "NVIDIA L40"; DeviceUuid = "24660f1c-9665-dc92-a0c9-04252e1a8138"; ECCEnabled = true; NvidiaDriver = "570.195.03"; DriverVersion = 12.8; DevicePciBusId = "0000:CE:00.0"; GlobalMemoryMb = 45468; MaxSupportedVersion = 12080 ]
	IoHeavy = 0
	Memory = 16384
...
040 (8017966.479.000) 2026-06-21 03:15:37 Started transferring output files
...
040 (8017966.479.000) 2026-06-21 03:15:38 Finished transferring output files
...
004 (8017966.479.000) 2026-06-21 03:15:39 Job was evicted.
	(0) Job terminated and was requeued
		Usr 0 00:00:02, Sys 0 00:00:00  -  Run Remote Usage
		Usr 0 00:00:00, Sys 0 00:00:00  -  Run Local Usage
	464733864  -  Run Bytes Sent By Job
	3248833888  -  Run Bytes Received By Job
	(1) Normal termination (return value 2)
	The job attribute OnExitRemove expression 'NumJobCompletions > JobMaxRetries || ExitCode =?= 0' evaluated to FALSE
...
040 (8017966.479.000) 2026-06-21 03:15:44 Started transferring input files
	Transferring to host: <10.226.104.214:33227?CCBID=128.105.82.148:9618%3faddrs%3d128.105.82.148-9618+[2607-f388-2200-9d-7ccb-bc08-2489-768a]-9618%26alias%3dospool-ccb.osg.chtc.io%26noUDP%26sock%3dcollector7#4301289%2067.58.49.91:9618%3faddrs%3d67.58.49.91-9618+[fdf0-17b3-c3ec-1f79-10-0-e-b69d]-9618%26alias%3dccb-2.ospool.osg-htc.org%26noUDP%26sock%3dcollector1#4296562&PrivNet=gpu014.rci.montana.edu&addrs=10.226.104.214-33227&alias=gpu014.rci.montana.edu&noUDP>
...
040 (8017966.479.000) 2026-06-21 03:17:47 Finished transferring input files
...
021 (8017966.479.000) 2026-06-21 03:17:48 Message from starter on slot1_1@glidein_3102860_730382322@gpu014.rci.montana.edu:
	PREPARE_JOB (prepare-hook) succeeded (reported status 000): Using Singularity image openfe_1.11.1.sif
...
001 (8017966.479.000) 2026-06-21 03:17:48 Job executing on host: <10.226.104.214:35173?CCBID=128.105.82.148:9618%3faddrs%3d128.105.82.148-9618+[2607-f388-2200-9d-7ccb-bc08-2489-768a]-9618%26alias%3dospool-ccb.osg.chtc.io%26noUDP%26sock%3dcollector8#4180869%2067.58.49.91:9618%3faddrs%3d67.58.49.91-9618+[fdf0-17b3-c3ec-1f79-10-0-e-b69d]-9618%26alias%3dccb-2.ospool.osg-htc.org%26noUDP%26sock%3dcollector10#4173808&PrivNet=gpu014.rci.montana.edu&addrs=10.226.104.214-35173&alias=gpu014.rci.montana.edu&noUDP>
	SlotName: slot1_1@glidein_3102860_730382322@gpu014.rci.montana.edu
	AvailableGPUs = { GPUs_GPU_412a6496 }
	CondorScratchDir = "/tmp/jobs/4082621/glide_UMaet3/execute/dir_2751563/scratch"
	Cpus = 1
	Disk = 16777216
	GPUs = 1
	GPUs_GPU_412a6496 = [ Id = "GPU-412a6496"; ClockMhz = 1410.0; Capability = 8.0; CoresPerCU = 64; DeviceName = "NVIDIA A100-SXM4-40GB"; DeviceUuid = "412a6496-e35a-c739-e543-a2d41f1e3539"; ECCEnabled = true; ComputeUnits = 108; NvidiaDriver = "595.71.05"; DriverVersion = 13.2; DevicePciBusId = "0000:C1:00.0"; GlobalMemoryMb = 40441; MaxSupportedVersion = 13020 ]
	Memory = 16384
...
040 (8017966.479.000) 2026-06-21 03:17:52 Started transferring output files
...
040 (8017966.479.000) 2026-06-21 03:18:18 Finished transferring output files
...
004 (8017966.479.000) 2026-06-21 03:18:18 Job was evicted.
	(0) Job terminated and was requeued
		Usr 0 00:00:00, Sys 0 00:00:00  -  Run Remote Usage
		Usr 0 00:00:00, Sys 0 00:00:00  -  Run Local Usage
	464733892  -  Run Bytes Sent By Job
	3248833888  -  Run Bytes Received By Job
	(1) Normal termination (return value 2)
	The job attribute OnExitRemove expression 'NumJobCompletions > JobMaxRetries || ExitCode =?= 0' evaluated to FALSE
...
040 (8017966.479.000) 2026-06-21 03:18:29 Started transferring input files
	Transferring to host: <128.105.68.96:9618?addrs=128.105.68.96-9618+[2607-f388-2200-100-1270-fdff-fe74-8a8]-9618&alias=gpu2004.chtc.wisc.edu&noUDP&sock=slot2_2_2416131_9ce4_77238>
...
040 (8017966.479.000) 2026-06-21 03:18:45 Finished transferring input files
...
001 (8017966.479.000) 2026-06-21 03:18:45 Job executing on host: <128.105.68.96:9618?addrs=128.105.68.96-9618+[2607-f388-2200-100-1270-fdff-fe74-8a8]-9618&alias=gpu2004.chtc.wisc.edu&noUDP&sock=startd_12358_237a>
	SlotName: slot2_2@gpu2004.chtc.wisc.edu
	AvailableGPUs = { GPUs_GPU_57c0673b }
	CondorScratchDir = "/var/lib/condor/execute/slot2/dir_4179296/scratch"
	Cpus = 1
	Disk = 16777216
	GPUs = 1
	GPUs_GPU_57c0673b = [ Id = "GPU-57c0673b"; Capability = 8.0; DeviceName = "NVIDIA A100-SXM4-80GB"; DeviceUuid = "57c0673b-66ef-6841-a3e7-62fa4de30c52"; ECCEnabled = true; NvidiaDriver = "570.195.03"; DriverVersion = 12.8; DevicePciBusId = "0000:41:00.0"; GlobalMemoryMb = 81154; MaxSupportedVersion = 12080 ]
	IoHeavy = 0
	Memory = 16384
...
040 (8017966.479.000) 2026-06-21 03:18:48 Started transferring output files
...
040 (8017966.479.000) 2026-06-21 03:18:49 Finished transferring output files
...
004 (8017966.479.000) 2026-06-21 03:18:50 Job was evicted.
	(0) Job terminated and was requeued
		Usr 0 00:00:01, Sys 0 00:00:01  -  Run Remote Usage
		Usr 0 00:00:00, Sys 0 00:00:00  -  Run Local Usage
	464733874  -  Run Bytes Sent By Job
	3248833888  -  Run Bytes Received By Job
	(1) Normal termination (return value 2)
	The job attribute OnExitRemove expression 'NumJobCompletions > JobMaxRetries || ExitCode =?= 0' evaluated to FALSE
...
040 (8017966.479.000) 2026-06-21 03:18:56 Started transferring input files
	Transferring to host: <128.105.68.96:9618?addrs=128.105.68.96-9618+[2607-f388-2200-100-1270-fdff-fe74-8a8]-9618&alias=gpu2004.chtc.wisc.edu&noUDP&sock=slot2_2_2416131_9ce4_77239>
...
040 (8017966.479.000) 2026-06-21 03:19:11 Finished transferring input files
...
001 (8017966.479.000) 2026-06-21 03:19:11 Job executing on host: <128.105.68.96:9618?addrs=128.105.68.96-9618+[2607-f388-2200-100-1270-fdff-fe74-8a8]-9618&alias=gpu2004.chtc.wisc.edu&noUDP&sock=startd_12358_237a>
	SlotName: slot2_2@gpu2004.chtc.wisc.edu
	AvailableGPUs = { GPUs_GPU_57c0673b }
	CondorScratchDir = "/var/lib/condor/execute/slot2/dir_4179811/scratch"
	Cpus = 1
	Disk = 16777216
	GPUs = 1
	GPUs_GPU_57c0673b = [ Id = "GPU-57c0673b"; Capability = 8.0; DeviceName = "NVIDIA A100-SXM4-80GB"; DeviceUuid = "57c0673b-66ef-6841-a3e7-62fa4de30c52"; ECCEnabled = true; NvidiaDriver = "570.195.03"; DriverVersion = 12.8; DevicePciBusId = "0000:41:00.0"; GlobalMemoryMb = 81154; MaxSupportedVersion = 12080 ]
	IoHeavy = 0
	Memory = 16384
...
040 (8017966.479.000) 2026-06-21 03:19:14 Started transferring output files
...
040 (8017966.479.000) 2026-06-21 03:19:15 Finished transferring output files
...
004 (8017966.479.000) 2026-06-21 03:19:16 Job was evicted.
	(0) Job terminated and was requeued
		Usr 0 00:00:02, Sys 0 00:00:01  -  Run Remote Usage
		Usr 0 00:00:00, Sys 0 00:00:00  -  Run Local Usage
	464733874  -  Run Bytes Sent By Job
	3248833888  -  Run Bytes Received By Job
	(1) Normal termination (return value 2)
	The job attribute OnExitRemove expression 'NumJobCompletions > JobMaxRetries || ExitCode =?= 0' evaluated to FALSE
...
040 (8017966.479.000) 2026-06-21 03:19:24 Started transferring input files
	Transferring to host: <128.105.68.96:9618?addrs=128.105.68.96-9618+[2607-f388-2200-100-1270-fdff-fe74-8a8]-9618&alias=gpu2004.chtc.wisc.edu&noUDP&sock=slot2_2_2416131_9ce4_77240>
...
040 (8017966.479.000) 2026-06-21 03:19:48 Finished transferring input files
...
001 (8017966.479.000) 2026-06-21 03:19:48 Job executing on host: <128.105.68.96:9618?addrs=128.105.68.96-9618+[2607-f388-2200-100-1270-fdff-fe74-8a8]-9618&alias=gpu2004.chtc.wisc.edu&noUDP&sock=startd_12358_237a>
	SlotName: slot2_2@gpu2004.chtc.wisc.edu
	AvailableGPUs = { GPUs_GPU_57c0673b }
	CondorScratchDir = "/var/lib/condor/execute/slot2/dir_4180320/scratch"
	Cpus = 1
	Disk = 16777216
	GPUs = 1
	GPUs_GPU_57c0673b = [ Id = "GPU-57c0673b"; Capability = 8.0; DeviceName = "NVIDIA A100-SXM4-80GB"; DeviceUuid = "57c0673b-66ef-6841-a3e7-62fa4de30c52"; ECCEnabled = true; NvidiaDriver = "570.195.03"; DriverVersion = 12.8; DevicePciBusId = "0000:41:00.0"; GlobalMemoryMb = 81154; MaxSupportedVersion = 12080 ]
	IoHeavy = 0
	Memory = 16384
...
040 (8017966.479.000) 2026-06-21 03:19:52 Started transferring output files
...
040 (8017966.479.000) 2026-06-21 03:19:53 Finished transferring output files
...
004 (8017966.479.000) 2026-06-21 03:19:54 Job was evicted.
	(0) Job terminated and was requeued
		Usr 0 00:00:02, Sys 0 00:00:01  -  Run Remote Usage
		Usr 0 00:00:00, Sys 0 00:00:00  -  Run Local Usage
	464733874  -  Run Bytes Sent By Job
	3248833888  -  Run Bytes Received By Job
	(1) Normal termination (return value 2)
	The job attribute OnExitRemove expression 'NumJobCompletions > JobMaxRetries || ExitCode =?= 0' evaluated to FALSE
...
040 (8017966.479.000) 2026-06-21 03:20:00 Started transferring input files
	Transferring to host: <128.105.68.96:9618?addrs=128.105.68.96-9618+[2607-f388-2200-100-1270-fdff-fe74-8a8]-9618&alias=gpu2004.chtc.wisc.edu&noUDP&sock=slot2_2_2416131_9ce4_77241>
...
040 (8017966.479.000) 2026-06-21 03:20:36 Finished transferring input files
...
001 (8017966.479.000) 2026-06-21 03:20:36 Job executing on host: <128.105.68.96:9618?addrs=128.105.68.96-9618+[2607-f388-2200-100-1270-fdff-fe74-8a8]-9618&alias=gpu2004.chtc.wisc.edu&noUDP&sock=startd_12358_237a>
	SlotName: slot2_2@gpu2004.chtc.wisc.edu
	AvailableGPUs = { GPUs_GPU_57c0673b }
	CondorScratchDir = "/var/lib/condor/execute/slot2/dir_4180846/scratch"
	Cpus = 1
	Disk = 16777216
	GPUs = 1
	GPUs_GPU_57c0673b = [ Id = "GPU-57c0673b"; Capability = 8.0; DeviceName = "NVIDIA A100-SXM4-80GB"; DeviceUuid = "57c0673b-66ef-6841-a3e7-62fa4de30c52"; ECCEnabled = true; NvidiaDriver = "570.195.03"; DriverVersion = 12.8; DevicePciBusId = "0000:41:00.0"; GlobalMemoryMb = 81154; MaxSupportedVersion = 12080 ]
	IoHeavy = 0
	Memory = 16384
...
040 (8017966.479.000) 2026-06-21 03:20:39 Started transferring output files
...
040 (8017966.479.000) 2026-06-21 03:20:41 Finished transferring output files
...
004 (8017966.479.000) 2026-06-21 03:20:42 Job was evicted.
	(0) Job terminated and was requeued
		Usr 0 00:00:02, Sys 0 00:00:01  -  Run Remote Usage
		Usr 0 00:00:00, Sys 0 00:00:00  -  Run Local Usage
	464733874  -  Run Bytes Sent By Job
	3248833888  -  Run Bytes Received By Job
	(1) Normal termination (return value 2)
	The job attribute OnExitRemove expression 'NumJobCompletions > JobMaxRetries || ExitCode =?= 0' evaluated to FALSE
...
040 (8017966.479.000) 2026-06-21 03:20:45 Started transferring input files
	Transferring to host: <128.105.68.96:9618?addrs=128.105.68.96-9618+[2607-f388-2200-100-1270-fdff-fe74-8a8]-9618&alias=gpu2004.chtc.wisc.edu&noUDP&sock=slot2_2_2416131_9ce4_77243>
...
040 (8017966.479.000) 2026-06-21 03:21:00 Finished transferring input files
...
001 (8017966.479.000) 2026-06-21 03:21:00 Job executing on host: <128.105.68.96:9618?addrs=128.105.68.96-9618+[2607-f388-2200-100-1270-fdff-fe74-8a8]-9618&alias=gpu2004.chtc.wisc.edu&noUDP&sock=startd_12358_237a>
	SlotName: slot2_2@gpu2004.chtc.wisc.edu
	AvailableGPUs = { GPUs_GPU_57c0673b }
	CondorScratchDir = "/var/lib/condor/execute/slot2/dir_4181415/scratch"
	Cpus = 1
	Disk = 16777216
	GPUs = 1
	GPUs_GPU_57c0673b = [ Id = "GPU-57c0673b"; Capability = 8.0; DeviceName = "NVIDIA A100-SXM4-80GB"; DeviceUuid = "57c0673b-66ef-6841-a3e7-62fa4de30c52"; ECCEnabled = true; NvidiaDriver = "570.195.03"; DriverVersion = 12.8; DevicePciBusId = "0000:41:00.0"; GlobalMemoryMb = 81154; MaxSupportedVersion = 12080 ]
	IoHeavy = 0
	Memory = 16384
...
040 (8017966.479.000) 2026-06-21 03:21:04 Started transferring output files
...
040 (8017966.479.000) 2026-06-21 03:21:05 Finished transferring output files
...
005 (8017966.479.000) 2026-06-21 03:21:06 Job terminated.
	(1) Normal termination (return value 2)
		Usr 0 00:00:02, Sys 0 00:00:01  -  Run Remote Usage
		Usr 0 00:00:00, Sys 0 00:00:00  -  Run Local Usage
		Usr 0 00:58:37, Sys 0 00:01:25  -  Total Remote Usage
		Usr 0 00:00:00, Sys 0 00:00:00  -  Total Local Usage
	464733874  -  Run Bytes Sent By Job
	3248833888  -  Run Bytes Received By Job
	5112092273  -  Total Bytes Sent By Job
	35272439382  -  Total Bytes Received By Job
	Partitionable Resources :      Usage  Request Allocated Assigned
	   Cpus                 :       1.95        1         1 
	   Disk (KB)            : 3172726    16777216  16777216 
	   GPUs                 :       0           1         1 "GPU-57c0673b"
	   IoHeavy              :                             0 
	   Memory (MB)          :    7325       16384     16384 
	   TimeExecute (s)      :       4                       
	   TimeSlotBusy (s)     :      20                       
...
