INFO:openfe.utils.system_probe.log:SYSTEM CONFIG DETAILS:
INFO:openfe.utils.system_probe.log.hostname:hostname: 'ssilwalgpu4000'
INFO:openfe.utils.system_probe.log.gpu:CUDA-based GPU not found
INFO:openfe.utils.system_probe.log:Memory used: 44.3G (4.4%)
INFO:openfe.utils.system_probe.log:quickrun_scratch/scratch_HybridTopologySetupUnit-1c23e929c431405c817f0e63bf966a3a_attempt_0: 0% full (26.3T free)
INFO:gufekey.openfe.protocols.openmm_rfe.hybridtop_units.HybridTopologySetupUnit:Starting system setup unit
INFO:gufekey.openfe.protocols.openmm_rfe.hybridtop_units.HybridTopologySetupUnit:Parameterizing systems
INFO:openmmforcefields.generators.template_generators:Requested to generate parameters for residue <Residue 0 (UNK) of chain 0>
INFO:openmmforcefields.generators.template_generators:Generating a residue template for [H][C]1=[C]([H])[N]([C]2([H])[C]([H])([H])[C]([H])([H])[N]([C](=[O])[C]3=[C]([C]([H])([H])[H])[N]=[C]([C]4=[C]([H])[C]([H])=[C]([C]([H])([H])[H])[O]4)[S]3)[C]([H])([H])[C]2([H])[H])[N]=[N]1 using openff-2.2.1
INFO:openmmforcefields.generators.template_generators:Requested to generate parameters for residue <Residue 736 (UNK) of chain 3>
INFO:openmmforcefields.generators.template_generators:Generating a residue template for [H][C]1=[C]([C]2=[N][C]([C]([H])([H])[H])=[C]([C](=[O])[N]3[C]([H])([H])[C]([H])([H])[N]([C]([H])([H])[C@@]4([H])[C]([H])([H])[O][C]([H])([H])[C]4([H])[H])[C]([H])([H])[C]3([H])[H])[S]2)[O][C]([C]([H])([H])[H])=[C]1[H] using openff-2.2.1
INFO:openfe.protocols.openmm_rfe._rfe_utils.relative:Creating hybrid system
INFO:openfe.protocols.openmm_rfe._rfe_utils.relative:Setting force field terms
INFO:openfe.protocols.openmm_rfe._rfe_utils.relative:Adding forces
INFO:openfe.protocols.openmm_rfe._rfe_utils.relative:No CMAPTorsionForce found. Skipping adding force.
INFO:openfe.utils.system_probe.log:SYSTEM CONFIG DETAILS:
INFO:openfe.utils.system_probe.log.hostname:hostname: 'ssilwalgpu4000'
INFO:openfe.utils.system_probe.log.gpu:CUDA-based GPU not found
INFO:openfe.utils.system_probe.log:Memory used: 44.3G (4.4%)
INFO:openfe.utils.system_probe.log:quickrun_scratch/scratch_HybridTopologySetupUnit-1c23e929c431405c817f0e63bf966a3a_attempt_1: 0% full (26.3T free)
INFO:gufekey.openfe.protocols.openmm_rfe.hybridtop_units.HybridTopologySetupUnit:Starting system setup unit
INFO:gufekey.openfe.protocols.openmm_rfe.hybridtop_units.HybridTopologySetupUnit:Parameterizing systems
INFO:openmmforcefields.generators.template_generators:Requested to generate parameters for residue <Residue 0 (UNK) of chain 0>
INFO:openmmforcefields.generators.template_generators:Generating a residue template for [H][C]1=[C]([H])[N]([C]2([H])[C]([H])([H])[C]([H])([H])[N]([C](=[O])[C]3=[C]([C]([H])([H])[H])[N]=[C]([C]4=[C]([H])[C]([H])=[C]([C]([H])([H])[H])[O]4)[S]3)[C]([H])([H])[C]2([H])[H])[N]=[N]1 using openff-2.2.1
INFO:openmmforcefields.generators.template_generators:Requested to generate parameters for residue <Residue 736 (UNK) of chain 3>
INFO:openmmforcefields.generators.template_generators:Generating a residue template for [H][C]1=[C]([C]2=[N][C]([C]([H])([H])[H])=[C]([C](=[O])[N]3[C]([H])([H])[C]([H])([H])[N]([C]([H])([H])[C@@]4([H])[C]([H])([H])[O][C]([H])([H])[C]4([H])[H])[C]([H])([H])[C]3([H])[H])[S]2)[O][C]([C]([H])([H])[H])=[C]1[H] using openff-2.2.1
INFO:openfe.protocols.openmm_rfe._rfe_utils.relative:Creating hybrid system
INFO:openfe.protocols.openmm_rfe._rfe_utils.relative:Setting force field terms
INFO:openfe.protocols.openmm_rfe._rfe_utils.relative:Adding forces
INFO:openfe.protocols.openmm_rfe._rfe_utils.relative:No CMAPTorsionForce found. Skipping adding force.
INFO:openfe.utils.system_probe.log:SYSTEM CONFIG DETAILS:
INFO:openfe.utils.system_probe.log.hostname:hostname: 'ssilwalgpu4000'
INFO:openfe.utils.system_probe.log.gpu:CUDA-based GPU not found
INFO:openfe.utils.system_probe.log:Memory used: 44.3G (4.4%)
INFO:openfe.utils.system_probe.log:quickrun_scratch/scratch_HybridTopologySetupUnit-1c23e929c431405c817f0e63bf966a3a_attempt_2: 0% full (26.3T free)
INFO:gufekey.openfe.protocols.openmm_rfe.hybridtop_units.HybridTopologySetupUnit:Starting system setup unit
INFO:gufekey.openfe.protocols.openmm_rfe.hybridtop_units.HybridTopologySetupUnit:Parameterizing systems
INFO:openmmforcefields.generators.template_generators:Requested to generate parameters for residue <Residue 0 (UNK) of chain 0>
INFO:openmmforcefields.generators.template_generators:Generating a residue template for [H][C]1=[C]([H])[N]([C]2([H])[C]([H])([H])[C]([H])([H])[N]([C](=[O])[C]3=[C]([C]([H])([H])[H])[N]=[C]([C]4=[C]([H])[C]([H])=[C]([C]([H])([H])[H])[O]4)[S]3)[C]([H])([H])[C]2([H])[H])[N]=[N]1 using openff-2.2.1
INFO:openmmforcefields.generators.template_generators:Requested to generate parameters for residue <Residue 736 (UNK) of chain 3>
INFO:openmmforcefields.generators.template_generators:Generating a residue template for [H][C]1=[C]([C]2=[N][C]([C]([H])([H])[H])=[C]([C](=[O])[N]3[C]([H])([H])[C]([H])([H])[N]([C]([H])([H])[C@@]4([H])[C]([H])([H])[O][C]([H])([H])[C]4([H])[H])[C]([H])([H])[C]3([H])[H])[S]2)[O][C]([C]([H])([H])[H])=[C]1[H] using openff-2.2.1
INFO:openfe.protocols.openmm_rfe._rfe_utils.relative:Creating hybrid system
INFO:openfe.protocols.openmm_rfe._rfe_utils.relative:Setting force field terms
INFO:openfe.protocols.openmm_rfe._rfe_utils.relative:Adding forces
INFO:openfe.protocols.openmm_rfe._rfe_utils.relative:No CMAPTorsionForce found. Skipping adding force.
Error: The protocol unit 'HybridTopology Setup: OADMET-0006193 to OADMET-0006175 repeat 0 generation 0' failed with the error message:
IndexError: list index out of range

Details provided in output.
