000 (8017966.385.000) 2026-06-20 22:07:54 Job submitted from host: <128.105.68.112:9618?addrs=128.105.68.112-9618+[2607-f388-2200-100-eaeb-d3ff-fea3-4202]-9618&alias=ap2001.chtc.wisc.edu&noUDP&sock=schedd_4071840_2329>
...
040 (8017966.385.000) 2026-06-21 01:46:55 Started transferring input files
	Transferring to host: <128.105.69.63:9618?addrs=128.105.69.63-9618+[2607-f388-2200-100-5aa2-e1ff-febe-455e]-9618&alias=gpu4003.chtc.wisc.edu&noUDP&sock=slot2_4_1549376_4e16_75988>
...
040 (8017966.385.000) 2026-06-21 01:47:08 Finished transferring input files
...
001 (8017966.385.000) 2026-06-21 01:47:08 Job executing on host: <128.105.69.63:9618?addrs=128.105.69.63-9618+[2607-f388-2200-100-5aa2-e1ff-febe-455e]-9618&alias=gpu4003.chtc.wisc.edu&noUDP&sock=startd_3051222_14a9>
	SlotName: slot2_4@gpu4003.chtc.wisc.edu
	AvailableGPUs = { GPUs_GPU_e0bf214f }
	CondorScratchDir = "/var/lib/condor/execute/slot2/dir_434173/scratch"
	Cpus = 1
	Disk = 16777216
	GPUs = 1
	GPUs_GPU_e0bf214f = [ Id = "GPU-e0bf214f"; Capability = 9.0; DeviceName = "NVIDIA H100 80GB HBM3"; DeviceUuid = "e0bf214f-9d2e-950e-1009-f9010f1668f5"; ECCEnabled = true; NvidiaDriver = "570.195.03"; DriverVersion = 12.8; DevicePciBusId = "0000:3A:00.0"; GlobalMemoryMb = 81089; MaxSupportedVersion = 12080 ]
	IoHeavy = 0
	Memory = 16384
...
006 (8017966.385.000) 2026-06-21 01:47:17 Image size of job updated: 408532
	399  -  MemoryUsage of job (MB)
	408532  -  ResidentSetSize of job (KB)
...
006 (8017966.385.000) 2026-06-21 01:47:23 Image size of job updated: 494384
	400  -  MemoryUsage of job (MB)
	408712  -  ResidentSetSize of job (KB)
...
040 (8017966.385.000) 2026-06-21 01:47:23 Started transferring output files
...
040 (8017966.385.000) 2026-06-21 01:47:23 Finished transferring output files
...
004 (8017966.385.000) 2026-06-21 01:47:24 Job was evicted.
	(0) Job terminated and was requeued
		Usr 0 00:00:12, Sys 0 00:00:01  -  Run Remote Usage
		Usr 0 00:00:00, Sys 0 00:00:00  -  Run Local Usage
	1857895  -  Run Bytes Sent By Job
	2781824092  -  Run Bytes Received By Job
	(1) Normal termination (return value 1)
	The job attribute OnExitRemove expression 'NumJobCompletions > JobMaxRetries || ExitCode =?= 0' evaluated to FALSE
...
040 (8017966.385.000) 2026-06-21 01:47:51 Started transferring input files
	Transferring to host: <128.105.69.3:9618?addrs=128.105.69.3-9618+[2607-f388-2200-100-7ec2-55ff-fe46-28f2]-9618&alias=gpu4002.chtc.wisc.edu&noUDP&sock=slot1_2_12744_0cff_3781>
...
040 (8017966.385.000) 2026-06-21 01:48:01 Finished transferring input files
...
001 (8017966.385.000) 2026-06-21 01:48:01 Job executing on host: <128.105.69.3:9618?addrs=128.105.69.3-9618+[2607-f388-2200-100-7ec2-55ff-fe46-28f2]-9618&alias=gpu4002.chtc.wisc.edu&noUDP&sock=startd_11312_ab69>
	SlotName: slot1_2@gpu4002.chtc.wisc.edu
	AvailableGPUs = { GPUs_GPU_2e13e217 }
	CondorScratchDir = "/var/lib/condor/execute/slot1/dir_2886622/scratch"
	Cpus = 1
	Disk = 16777216
	GPUs = 1
	GPUs_GPU_2e13e217 = [ Id = "GPU-2e13e217"; Capability = 8.9; DeviceName = "NVIDIA L40"; DeviceUuid = "2e13e217-6059-f8d1-c6e6-c4cc399ca285"; ECCEnabled = true; NvidiaDriver = "570.195.03"; DriverVersion = 12.8; DevicePciBusId = "0000:53:00.0"; GlobalMemoryMb = 45468; MaxSupportedVersion = 12080 ]
	IoHeavy = 0
	Memory = 16384
...
040 (8017966.385.000) 2026-06-21 01:48:04 Started transferring output files
...
040 (8017966.385.000) 2026-06-21 01:48:04 Finished transferring output files
...
004 (8017966.385.000) 2026-06-21 01:48:04 Job was evicted.
	(0) Job terminated and was requeued
		Usr 0 00:00:02, Sys 0 00:00:00  -  Run Remote Usage
		Usr 0 00:00:00, Sys 0 00:00:00  -  Run Local Usage
	1851553  -  Run Bytes Sent By Job
	2783675149  -  Run Bytes Received By Job
	(1) Normal termination (return value 2)
	The job attribute OnExitRemove expression 'NumJobCompletions > JobMaxRetries || ExitCode =?= 0' evaluated to FALSE
...
040 (8017966.385.000) 2026-06-21 01:48:07 Started transferring input files
	Transferring to host: <128.105.69.63:9618?addrs=128.105.69.63-9618+[2607-f388-2200-100-5aa2-e1ff-febe-455e]-9618&alias=gpu4003.chtc.wisc.edu&noUDP&sock=slot2_4_1549376_4e16_75991>
...
040 (8017966.385.000) 2026-06-21 01:48:37 Finished transferring input files
...
001 (8017966.385.000) 2026-06-21 01:48:37 Job executing on host: <128.105.69.63:9618?addrs=128.105.69.63-9618+[2607-f388-2200-100-5aa2-e1ff-febe-455e]-9618&alias=gpu4003.chtc.wisc.edu&noUDP&sock=startd_3051222_14a9>
	SlotName: slot2_4@gpu4003.chtc.wisc.edu
	AvailableGPUs = { GPUs_GPU_e0bf214f }
	CondorScratchDir = "/var/lib/condor/execute/slot2/dir_438520/scratch"
	Cpus = 1
	Disk = 16777216
	GPUs = 1
	GPUs_GPU_e0bf214f = [ Id = "GPU-e0bf214f"; Capability = 9.0; DeviceName = "NVIDIA H100 80GB HBM3"; DeviceUuid = "e0bf214f-9d2e-950e-1009-f9010f1668f5"; ECCEnabled = true; NvidiaDriver = "570.195.03"; DriverVersion = 12.8; DevicePciBusId = "0000:3A:00.0"; GlobalMemoryMb = 81089; MaxSupportedVersion = 12080 ]
	IoHeavy = 0
	Memory = 16384
...
040 (8017966.385.000) 2026-06-21 01:48:41 Started transferring output files
...
040 (8017966.385.000) 2026-06-21 01:48:41 Finished transferring output files
...
004 (8017966.385.000) 2026-06-21 01:48:41 Job was evicted.
	(0) Job terminated and was requeued
		Usr 0 00:00:02, Sys 0 00:00:00  -  Run Remote Usage
		Usr 0 00:00:00, Sys 0 00:00:00  -  Run Local Usage
	1851563  -  Run Bytes Sent By Job
	2783675149  -  Run Bytes Received By Job
	(1) Normal termination (return value 2)
	The job attribute OnExitRemove expression 'NumJobCompletions > JobMaxRetries || ExitCode =?= 0' evaluated to FALSE
...
040 (8017966.385.000) 2026-06-21 01:48:56 Started transferring input files
	Transferring to host: <128.105.76.47:9618?addrs=128.105.76.47-9618+[2607-f388-2200-100-527c-6fff-fe82-826a]-9618&alias=gpu4006.chtc.wisc.edu&noUDP&sock=slot2_5_2618986_4fbd_86616>
...
040 (8017966.385.000) 2026-06-21 01:49:04 Finished transferring input files
...
001 (8017966.385.000) 2026-06-21 01:49:04 Job executing on host: <128.105.76.47:9618?addrs=128.105.76.47-9618+[2607-f388-2200-100-527c-6fff-fe82-826a]-9618&alias=gpu4006.chtc.wisc.edu&noUDP&sock=startd_11220_90b3>
	SlotName: slot2_5@gpu4006.chtc.wisc.edu
	AvailableGPUs = { GPUs_GPU_1cd9ff5a }
	CondorScratchDir = "/var/lib/condor/execute/slot2/dir_2579159/scratch"
	Cpus = 1
	Disk = 16777216
	GPUs = 1
	GPUs_GPU_1cd9ff5a = [ Id = "GPU-1cd9ff5a"; Capability = 8.9; DeviceName = "NVIDIA L40S"; DeviceUuid = "1cd9ff5a-a59d-e99d-595f-90985613bdb6"; ECCEnabled = true; NvidiaDriver = "590.48.01"; DriverVersion = 13.1; DevicePciBusId = "0000:81:00.0"; GlobalMemoryMb = 45460; MaxSupportedVersion = 13010 ]
	IoHeavy = 0
	Memory = 16384
...
040 (8017966.385.000) 2026-06-21 01:49:06 Started transferring output files
...
040 (8017966.385.000) 2026-06-21 01:49:06 Finished transferring output files
...
004 (8017966.385.000) 2026-06-21 01:49:07 Job was evicted.
	(0) Job terminated and was requeued
		Usr 0 00:00:01, Sys 0 00:00:00  -  Run Remote Usage
		Usr 0 00:00:00, Sys 0 00:00:00  -  Run Local Usage
	1851577  -  Run Bytes Sent By Job
	2783675149  -  Run Bytes Received By Job
	(1) Normal termination (return value 2)
	The job attribute OnExitRemove expression 'NumJobCompletions > JobMaxRetries || ExitCode =?= 0' evaluated to FALSE
...
040 (8017966.385.000) 2026-06-21 01:49:13 Started transferring input files
	Transferring to host: <128.105.69.63:9618?addrs=128.105.69.63-9618+[2607-f388-2200-100-5aa2-e1ff-febe-455e]-9618&alias=gpu4003.chtc.wisc.edu&noUDP&sock=slot2_4_1549376_4e16_76006>
...
040 (8017966.385.000) 2026-06-21 01:49:24 Finished transferring input files
...
001 (8017966.385.000) 2026-06-21 01:49:24 Job executing on host: <128.105.69.63:9618?addrs=128.105.69.63-9618+[2607-f388-2200-100-5aa2-e1ff-febe-455e]-9618&alias=gpu4003.chtc.wisc.edu&noUDP&sock=startd_3051222_14a9>
	SlotName: slot2_4@gpu4003.chtc.wisc.edu
	AvailableGPUs = { GPUs_GPU_e0bf214f }
	CondorScratchDir = "/var/lib/condor/execute/slot2/dir_442267/scratch"
	Cpus = 1
	Disk = 16777216
	GPUs = 1
	GPUs_GPU_e0bf214f = [ Id = "GPU-e0bf214f"; Capability = 9.0; DeviceName = "NVIDIA H100 80GB HBM3"; DeviceUuid = "e0bf214f-9d2e-950e-1009-f9010f1668f5"; ECCEnabled = true; NvidiaDriver = "570.195.03"; DriverVersion = 12.8; DevicePciBusId = "0000:3A:00.0"; GlobalMemoryMb = 81089; MaxSupportedVersion = 12080 ]
	IoHeavy = 0
	Memory = 16384
...
040 (8017966.385.000) 2026-06-21 01:49:27 Started transferring output files
...
040 (8017966.385.000) 2026-06-21 01:49:27 Finished transferring output files
...
004 (8017966.385.000) 2026-06-21 01:49:28 Job was evicted.
	(0) Job terminated and was requeued
		Usr 0 00:00:02, Sys 0 00:00:00  -  Run Remote Usage
		Usr 0 00:00:00, Sys 0 00:00:00  -  Run Local Usage
	1851563  -  Run Bytes Sent By Job
	2783675149  -  Run Bytes Received By Job
	(1) Normal termination (return value 2)
	The job attribute OnExitRemove expression 'NumJobCompletions > JobMaxRetries || ExitCode =?= 0' evaluated to FALSE
...
040 (8017966.385.000) 2026-06-21 01:49:36 Started transferring input files
	Transferring to host: <128.105.69.3:9618?addrs=128.105.69.3-9618+[2607-f388-2200-100-7ec2-55ff-fe46-28f2]-9618&alias=gpu4002.chtc.wisc.edu&noUDP&sock=slot1_2_12744_0cff_3803>
...
040 (8017966.385.000) 2026-06-21 01:49:48 Finished transferring input files
...
001 (8017966.385.000) 2026-06-21 01:49:48 Job executing on host: <128.105.69.3:9618?addrs=128.105.69.3-9618+[2607-f388-2200-100-7ec2-55ff-fe46-28f2]-9618&alias=gpu4002.chtc.wisc.edu&noUDP&sock=startd_11312_ab69>
	SlotName: slot1_2@gpu4002.chtc.wisc.edu
	AvailableGPUs = { GPUs_GPU_2e13e217 }
	CondorScratchDir = "/var/lib/condor/execute/slot1/dir_2889741/scratch"
	Cpus = 1
	Disk = 16777216
	GPUs = 1
	GPUs_GPU_2e13e217 = [ Id = "GPU-2e13e217"; Capability = 8.9; DeviceName = "NVIDIA L40"; DeviceUuid = "2e13e217-6059-f8d1-c6e6-c4cc399ca285"; ECCEnabled = true; NvidiaDriver = "570.195.03"; DriverVersion = 12.8; DevicePciBusId = "0000:53:00.0"; GlobalMemoryMb = 45468; MaxSupportedVersion = 12080 ]
	IoHeavy = 0
	Memory = 16384
...
040 (8017966.385.000) 2026-06-21 01:49:51 Started transferring output files
...
040 (8017966.385.000) 2026-06-21 01:49:51 Finished transferring output files
...
004 (8017966.385.000) 2026-06-21 01:49:51 Job was evicted.
	(0) Job terminated and was requeued
		Usr 0 00:00:02, Sys 0 00:00:00  -  Run Remote Usage
		Usr 0 00:00:00, Sys 0 00:00:00  -  Run Local Usage
	1851553  -  Run Bytes Sent By Job
	2783675149  -  Run Bytes Received By Job
	(1) Normal termination (return value 2)
	The job attribute OnExitRemove expression 'NumJobCompletions > JobMaxRetries || ExitCode =?= 0' evaluated to FALSE
...
040 (8017966.385.000) 2026-06-21 01:50:01 Started transferring input files
	Transferring to host: <128.105.69.3:9618?addrs=128.105.69.3-9618+[2607-f388-2200-100-7ec2-55ff-fe46-28f2]-9618&alias=gpu4002.chtc.wisc.edu&noUDP&sock=slot1_2_12744_0cff_3805>
...
040 (8017966.385.000) 2026-06-21 01:50:13 Finished transferring input files
...
001 (8017966.385.000) 2026-06-21 01:50:13 Job executing on host: <128.105.69.3:9618?addrs=128.105.69.3-9618+[2607-f388-2200-100-7ec2-55ff-fe46-28f2]-9618&alias=gpu4002.chtc.wisc.edu&noUDP&sock=startd_11312_ab69>
	SlotName: slot1_2@gpu4002.chtc.wisc.edu
	AvailableGPUs = { GPUs_GPU_2e13e217 }
	CondorScratchDir = "/var/lib/condor/execute/slot1/dir_2890233/scratch"
	Cpus = 1
	Disk = 16777216
	GPUs = 1
	GPUs_GPU_2e13e217 = [ Id = "GPU-2e13e217"; Capability = 8.9; DeviceName = "NVIDIA L40"; DeviceUuid = "2e13e217-6059-f8d1-c6e6-c4cc399ca285"; ECCEnabled = true; NvidiaDriver = "570.195.03"; DriverVersion = 12.8; DevicePciBusId = "0000:53:00.0"; GlobalMemoryMb = 45468; MaxSupportedVersion = 12080 ]
	IoHeavy = 0
	Memory = 16384
...
040 (8017966.385.000) 2026-06-21 01:50:16 Started transferring output files
...
040 (8017966.385.000) 2026-06-21 01:50:16 Finished transferring output files
...
004 (8017966.385.000) 2026-06-21 01:50:16 Job was evicted.
	(0) Job terminated and was requeued
		Usr 0 00:00:02, Sys 0 00:00:00  -  Run Remote Usage
		Usr 0 00:00:00, Sys 0 00:00:00  -  Run Local Usage
	1851553  -  Run Bytes Sent By Job
	2783675149  -  Run Bytes Received By Job
	(1) Normal termination (return value 2)
	The job attribute OnExitRemove expression 'NumJobCompletions > JobMaxRetries || ExitCode =?= 0' evaluated to FALSE
...
040 (8017966.385.000) 2026-06-21 01:50:24 Started transferring input files
	Transferring to host: <128.105.69.3:9618?addrs=128.105.69.3-9618+[2607-f388-2200-100-7ec2-55ff-fe46-28f2]-9618&alias=gpu4002.chtc.wisc.edu&noUDP&sock=slot1_2_12744_0cff_3807>
...
040 (8017966.385.000) 2026-06-21 01:50:35 Finished transferring input files
...
001 (8017966.385.000) 2026-06-21 01:50:35 Job executing on host: <128.105.69.3:9618?addrs=128.105.69.3-9618+[2607-f388-2200-100-7ec2-55ff-fe46-28f2]-9618&alias=gpu4002.chtc.wisc.edu&noUDP&sock=startd_11312_ab69>
	SlotName: slot1_2@gpu4002.chtc.wisc.edu
	AvailableGPUs = { GPUs_GPU_2e13e217 }
	CondorScratchDir = "/var/lib/condor/execute/slot1/dir_2890717/scratch"
	Cpus = 1
	Disk = 16777216
	GPUs = 1
	GPUs_GPU_2e13e217 = [ Id = "GPU-2e13e217"; Capability = 8.9; DeviceName = "NVIDIA L40"; DeviceUuid = "2e13e217-6059-f8d1-c6e6-c4cc399ca285"; ECCEnabled = true; NvidiaDriver = "570.195.03"; DriverVersion = 12.8; DevicePciBusId = "0000:53:00.0"; GlobalMemoryMb = 45468; MaxSupportedVersion = 12080 ]
	IoHeavy = 0
	Memory = 16384
...
040 (8017966.385.000) 2026-06-21 01:50:38 Started transferring output files
...
040 (8017966.385.000) 2026-06-21 01:50:38 Finished transferring output files
...
004 (8017966.385.000) 2026-06-21 01:50:39 Job was evicted.
	(0) Job terminated and was requeued
		Usr 0 00:00:02, Sys 0 00:00:00  -  Run Remote Usage
		Usr 0 00:00:00, Sys 0 00:00:00  -  Run Local Usage
	1851553  -  Run Bytes Sent By Job
	2783675149  -  Run Bytes Received By Job
	(1) Normal termination (return value 2)
	The job attribute OnExitRemove expression 'NumJobCompletions > JobMaxRetries || ExitCode =?= 0' evaluated to FALSE
...
040 (8017966.385.000) 2026-06-21 01:50:48 Started transferring input files
	Transferring to host: <128.105.69.3:9618?addrs=128.105.69.3-9618+[2607-f388-2200-100-7ec2-55ff-fe46-28f2]-9618&alias=gpu4002.chtc.wisc.edu&noUDP&sock=slot1_2_12744_0cff_3809>
...
040 (8017966.385.000) 2026-06-21 01:50:58 Finished transferring input files
...
001 (8017966.385.000) 2026-06-21 01:50:58 Job executing on host: <128.105.69.3:9618?addrs=128.105.69.3-9618+[2607-f388-2200-100-7ec2-55ff-fe46-28f2]-9618&alias=gpu4002.chtc.wisc.edu&noUDP&sock=startd_11312_ab69>
	SlotName: slot1_2@gpu4002.chtc.wisc.edu
	AvailableGPUs = { GPUs_GPU_2e13e217 }
	CondorScratchDir = "/var/lib/condor/execute/slot1/dir_2891146/scratch"
	Cpus = 1
	Disk = 16777216
	GPUs = 1
	GPUs_GPU_2e13e217 = [ Id = "GPU-2e13e217"; Capability = 8.9; DeviceName = "NVIDIA L40"; DeviceUuid = "2e13e217-6059-f8d1-c6e6-c4cc399ca285"; ECCEnabled = true; NvidiaDriver = "570.195.03"; DriverVersion = 12.8; DevicePciBusId = "0000:53:00.0"; GlobalMemoryMb = 45468; MaxSupportedVersion = 12080 ]
	IoHeavy = 0
	Memory = 16384
...
040 (8017966.385.000) 2026-06-21 01:51:01 Started transferring output files
...
040 (8017966.385.000) 2026-06-21 01:51:01 Finished transferring output files
...
004 (8017966.385.000) 2026-06-21 01:51:02 Job was evicted.
	(0) Job terminated and was requeued
		Usr 0 00:00:02, Sys 0 00:00:00  -  Run Remote Usage
		Usr 0 00:00:00, Sys 0 00:00:00  -  Run Local Usage
	1851553  -  Run Bytes Sent By Job
	2783675149  -  Run Bytes Received By Job
	(1) Normal termination (return value 2)
	The job attribute OnExitRemove expression 'NumJobCompletions > JobMaxRetries || ExitCode =?= 0' evaluated to FALSE
...
040 (8017966.385.000) 2026-06-21 01:51:04 Started transferring input files
	Transferring to host: <128.105.68.96:9618?addrs=128.105.68.96-9618+[2607-f388-2200-100-1270-fdff-fe74-8a8]-9618&alias=gpu2004.chtc.wisc.edu&noUDP&sock=slot2_1_2416131_9ce4_77075>
...
040 (8017966.385.000) 2026-06-21 01:51:18 Finished transferring input files
...
001 (8017966.385.000) 2026-06-21 01:51:18 Job executing on host: <128.105.68.96:9618?addrs=128.105.68.96-9618+[2607-f388-2200-100-1270-fdff-fe74-8a8]-9618&alias=gpu2004.chtc.wisc.edu&noUDP&sock=startd_12358_237a>
	SlotName: slot2_1@gpu2004.chtc.wisc.edu
	AvailableGPUs = { GPUs_GPU_9889ee48 }
	CondorScratchDir = "/var/lib/condor/execute/slot2/dir_4135053/scratch"
	Cpus = 1
	Disk = 16777216
	GPUs = 1
	GPUs_GPU_9889ee48 = [ Id = "GPU-9889ee48"; Capability = 8.0; DeviceName = "NVIDIA A100-SXM4-80GB"; DeviceUuid = "9889ee48-b566-be7b-fc68-9e80acce7a76"; ECCEnabled = true; NvidiaDriver = "570.195.03"; DriverVersion = 12.8; DevicePciBusId = "0000:01:00.0"; GlobalMemoryMb = 81154; MaxSupportedVersion = 12080 ]
	IoHeavy = 0
	Memory = 16384
...
040 (8017966.385.000) 2026-06-21 01:51:22 Started transferring output files
...
040 (8017966.385.000) 2026-06-21 01:51:22 Finished transferring output files
...
004 (8017966.385.000) 2026-06-21 01:51:22 Job was evicted.
	(0) Job terminated and was requeued
		Usr 0 00:00:02, Sys 0 00:00:00  -  Run Remote Usage
		Usr 0 00:00:00, Sys 0 00:00:00  -  Run Local Usage
	1851563  -  Run Bytes Sent By Job
	2783675149  -  Run Bytes Received By Job
	(1) Normal termination (return value 2)
	The job attribute OnExitRemove expression 'NumJobCompletions > JobMaxRetries || ExitCode =?= 0' evaluated to FALSE
...
040 (8017966.385.000) 2026-06-21 01:51:28 Started transferring input files
	Transferring to host: <128.105.68.96:9618?addrs=128.105.68.96-9618+[2607-f388-2200-100-1270-fdff-fe74-8a8]-9618&alias=gpu2004.chtc.wisc.edu&noUDP&sock=slot2_1_2416131_9ce4_77081>
...
040 (8017966.385.000) 2026-06-21 01:51:43 Finished transferring input files
...
001 (8017966.385.000) 2026-06-21 01:51:43 Job executing on host: <128.105.68.96:9618?addrs=128.105.68.96-9618+[2607-f388-2200-100-1270-fdff-fe74-8a8]-9618&alias=gpu2004.chtc.wisc.edu&noUDP&sock=startd_12358_237a>
	SlotName: slot2_1@gpu2004.chtc.wisc.edu
	AvailableGPUs = { GPUs_GPU_9889ee48 }
	CondorScratchDir = "/var/lib/condor/execute/slot2/dir_4135969/scratch"
	Cpus = 1
	Disk = 16777216
	GPUs = 1
	GPUs_GPU_9889ee48 = [ Id = "GPU-9889ee48"; Capability = 8.0; DeviceName = "NVIDIA A100-SXM4-80GB"; DeviceUuid = "9889ee48-b566-be7b-fc68-9e80acce7a76"; ECCEnabled = true; NvidiaDriver = "570.195.03"; DriverVersion = 12.8; DevicePciBusId = "0000:01:00.0"; GlobalMemoryMb = 81154; MaxSupportedVersion = 12080 ]
	IoHeavy = 0
	Memory = 16384
...
040 (8017966.385.000) 2026-06-21 01:51:46 Started transferring output files
...
040 (8017966.385.000) 2026-06-21 01:51:46 Finished transferring output files
...
005 (8017966.385.000) 2026-06-21 01:51:47 Job terminated.
	(1) Normal termination (return value 2)
		Usr 0 00:00:02, Sys 0 00:00:00  -  Run Remote Usage
		Usr 0 00:00:00, Sys 0 00:00:00  -  Run Local Usage
		Usr 0 00:00:31, Sys 0 00:00:01  -  Total Remote Usage
		Usr 0 00:00:00, Sys 0 00:00:00  -  Total Local Usage
	1851563  -  Run Bytes Sent By Job
	2783675149  -  Run Bytes Received By Job
	20373489  -  Total Bytes Sent By Job
	30618575582  -  Total Bytes Received By Job
	Partitionable Resources :    Usage  Request Allocated Assigned
	   Cpus                 :        0        1         1 
	   Disk (KB)            :  2718470 16777216  16777216 
	   GPUs                 :        0        1         1 "GPU-9889ee48"
	   IoHeavy              :                           0 
	   Memory (MB)          :      416    16384     16384 
	   TimeExecute (s)      :        3                    
	   TimeSlotBusy (s)     :       18                    
...
