000 (8321903.185.000) 2026-06-26 09:00:08 Job submitted from host: <128.105.68.112:9618?addrs=128.105.68.112-9618+[2607-f388-2200-100-eaeb-d3ff-fea3-4202]-9618&alias=ap2001.chtc.wisc.edu&noUDP&sock=schedd_4071840_2329>
...
040 (8321903.185.000) 2026-06-26 13:34:01 Started transferring input files
	Transferring to host: <128.104.100.117:9618?addrs=128.104.100.117-9618+[2607-f388-107c-501-8ae9-a4ff-fe02-e150]-9618&alias=jcaicedogpu0003.chtc.wisc.edu&noUDP&sock=backfill1_4_1577952_aea0_165>
...
040 (8321903.185.000) 2026-06-26 13:34:16 Finished transferring input files
...
001 (8321903.185.000) 2026-06-26 13:34:16 Job executing on host: <128.104.100.117:9618?addrs=128.104.100.117-9618+[2607-f388-107c-501-8ae9-a4ff-fe02-e150]-9618&alias=jcaicedogpu0003.chtc.wisc.edu&noUDP&sock=startd_10874_3cee>
	SlotName: backfill1_4@jcaicedogpu0003.chtc.wisc.edu
	AvailableGPUs = { GPUs_GPU_b09fa1d1 }
	CondorScratchDir = "/var/lib/condor/execute/slot1/dir_1764375/scratch"
	Cpus = 1
	Disk = 16777216
	GPUs = 1
	GPUs_GPU_b09fa1d1 = [ Id = "GPU-b09fa1d1"; Capability = 8.9; DeviceName = "NVIDIA L40S"; DeviceUuid = "b09fa1d1-39bb-4cce-22c0-f7add6d83f34"; ECCEnabled = true; NvidiaDriver = "570.195.03"; DriverVersion = 12.8; DevicePciBusId = "0000:81:00.0"; GlobalMemoryMb = 45468; MaxSupportedVersion = 12080 ]
	IoHeavy = 0
	Memory = 16384
...
006 (8321903.185.000) 2026-06-26 13:34:25 Image size of job updated: 477912
	467  -  MemoryUsage of job (MB)
	477912  -  ResidentSetSize of job (KB)
...
006 (8321903.185.000) 2026-06-26 13:39:26 Image size of job updated: 957236
	933  -  MemoryUsage of job (MB)
	955176  -  ResidentSetSize of job (KB)
...
006 (8321903.185.000) 2026-06-26 13:44:27 Image size of job updated: 957236
	935  -  MemoryUsage of job (MB)
	956792  -  ResidentSetSize of job (KB)
...
006 (8321903.185.000) 2026-06-26 13:49:27 Image size of job updated: 963880
	942  -  MemoryUsage of job (MB)
	963880  -  ResidentSetSize of job (KB)
...
006 (8321903.185.000) 2026-06-26 13:54:28 Image size of job updated: 969768
	948  -  MemoryUsage of job (MB)
	969768  -  ResidentSetSize of job (KB)
...
006 (8321903.185.000) 2026-06-26 13:59:28 Image size of job updated: 978184
	956  -  MemoryUsage of job (MB)
	978184  -  ResidentSetSize of job (KB)
...
006 (8321903.185.000) 2026-06-26 14:04:28 Image size of job updated: 983372
	961  -  MemoryUsage of job (MB)
	983372  -  ResidentSetSize of job (KB)
...
006 (8321903.185.000) 2026-06-26 14:09:29 Image size of job updated: 989288
	961  -  MemoryUsage of job (MB)
	983372  -  ResidentSetSize of job (KB)
...
040 (8321903.185.000) 2026-06-26 14:12:26 Started transferring output files
...
040 (8321903.185.000) 2026-06-26 14:12:26 Finished transferring output files
...
005 (8321903.185.000) 2026-06-26 14:12:27 Job terminated.
	(1) Normal termination (return value 0)
		Usr 0 00:38:28, Sys 0 00:30:58  -  Run Remote Usage
		Usr 0 00:00:00, Sys 0 00:00:00  -  Run Local Usage
		Usr 0 00:38:28, Sys 0 00:30:58  -  Total Remote Usage
		Usr 0 00:00:00, Sys 0 00:00:00  -  Total Local Usage
	1598574  -  Run Bytes Sent By Job
	2781023632  -  Run Bytes Received By Job
	1598574  -  Total Bytes Sent By Job
	2781023632  -  Total Bytes Received By Job
	Partitionable Resources :      Usage  Request Allocated Assigned
	   Cpus                 :       1.97        1         1 
	   Disk (KB)            : 2728940    16777216  16777216 
	   GPUs                 :       0.83        1         1 "GPU-b09fa1d1"
	   GpusMemory (MB)      :    6770                       
	   IoHeavy              :                             0 
	   Memory (MB)          :     961       16384     16384 
	   TimeExecute (s)      :    2290                       
	   TimeSlotBusy (s)     :    2305                       
...
