000 (8017966.505.000) 2026-06-20 22:07:54 Job submitted from host: <128.105.68.112:9618?addrs=128.105.68.112-9618+[2607-f388-2200-100-eaeb-d3ff-fea3-4202]-9618&alias=ap2001.chtc.wisc.edu&noUDP&sock=schedd_4071840_2329>
...
040 (8017966.505.000) 2026-06-21 02:29:09 Started transferring input files
	Transferring to host: <128.105.68.16:9618?addrs=128.105.68.16-9618+[2607-f388-2200-100-3eec-efff-fe0c-5412]-9618&alias=coba2000.chtc.wisc.edu&noUDP&sock=backfill1_2_1747599_5733_76871>
...
040 (8017966.505.000) 2026-06-21 02:29:24 Finished transferring input files
...
001 (8017966.505.000) 2026-06-21 02:29:24 Job executing on host: <128.105.68.16:9618?addrs=128.105.68.16-9618+[2607-f388-2200-100-3eec-efff-fe0c-5412]-9618&alias=coba2000.chtc.wisc.edu&noUDP&sock=startd_11607_03da>
	SlotName: backfill1_2@coba2000.chtc.wisc.edu
	AvailableGPUs = { GPUs_GPU_110a08e4 }
	CondorScratchDir = "/var/lib/condor/execute/slot1/dir_1618192/scratch"
	Cpus = 1
	Disk = 16777216
	GPUs = 1
	GPUs_GPU_110a08e4 = [ Id = "GPU-110a08e4"; Capability = 8.0; DeviceName = "NVIDIA A100-SXM4-40GB"; DeviceUuid = "110a08e4-1c0c-334c-f62b-ce1bf355d691"; ECCEnabled = true; NvidiaDriver = "570.195.03"; DriverVersion = 12.8; DevicePciBusId = "0000:81:00.0"; GlobalMemoryMb = 40442; MaxSupportedVersion = 12080 ]
	IoHeavy = 0
	Memory = 16384
...
006 (8017966.505.000) 2026-06-21 02:29:33 Image size of job updated: 382804
	374  -  MemoryUsage of job (MB)
	382804  -  ResidentSetSize of job (KB)
...
006 (8017966.505.000) 2026-06-21 02:34:34 Image size of job updated: 962120
	938  -  MemoryUsage of job (MB)
	960408  -  ResidentSetSize of job (KB)
...
006 (8017966.505.000) 2026-06-21 02:39:34 Image size of job updated: 962120
	939  -  MemoryUsage of job (MB)
	960636  -  ResidentSetSize of job (KB)
...
006 (8017966.505.000) 2026-06-21 02:44:35 Image size of job updated: 962120
	940  -  MemoryUsage of job (MB)
	961744  -  ResidentSetSize of job (KB)
...
006 (8017966.505.000) 2026-06-21 02:49:36 Image size of job updated: 965088
	943  -  MemoryUsage of job (MB)
	965088  -  ResidentSetSize of job (KB)
...
006 (8017966.505.000) 2026-06-21 02:54:36 Image size of job updated: 968924
	947  -  MemoryUsage of job (MB)
	968924  -  ResidentSetSize of job (KB)
...
006 (8017966.505.000) 2026-06-21 02:59:37 Image size of job updated: 972404
	950  -  MemoryUsage of job (MB)
	972404  -  ResidentSetSize of job (KB)
...
006 (8017966.505.000) 2026-06-21 03:04:37 Image size of job updated: 976244
	954  -  MemoryUsage of job (MB)
	976244  -  ResidentSetSize of job (KB)
...
006 (8017966.505.000) 2026-06-21 03:09:38 Image size of job updated: 979800
	957  -  MemoryUsage of job (MB)
	979800  -  ResidentSetSize of job (KB)
...
006 (8017966.505.000) 2026-06-21 03:14:38 Image size of job updated: 983628
	961  -  MemoryUsage of job (MB)
	983628  -  ResidentSetSize of job (KB)
...
006 (8017966.505.000) 2026-06-21 03:19:38 Image size of job updated: 987116
	964  -  MemoryUsage of job (MB)
	987116  -  ResidentSetSize of job (KB)
...
006 (8017966.505.000) 2026-06-21 03:24:39 Image size of job updated: 990912
	968  -  MemoryUsage of job (MB)
	990912  -  ResidentSetSize of job (KB)
...
006 (8017966.505.000) 2026-06-21 03:29:39 Image size of job updated: 994448
	972  -  MemoryUsage of job (MB)
	994448  -  ResidentSetSize of job (KB)
...
040 (8017966.505.000) 2026-06-21 03:33:28 Started transferring output files
...
040 (8017966.505.000) 2026-06-21 03:33:28 Finished transferring output files
...
005 (8017966.505.000) 2026-06-21 03:33:29 Job terminated.
	(1) Normal termination (return value 0)
		Usr 0 01:04:29, Sys 0 00:35:29  -  Run Remote Usage
		Usr 0 00:00:00, Sys 0 00:00:00  -  Run Local Usage
		Usr 0 01:04:29, Sys 0 00:35:29  -  Total Remote Usage
		Usr 0 00:00:00, Sys 0 00:00:00  -  Total Local Usage
	2774112  -  Run Bytes Sent By Job
	2782623391  -  Run Bytes Received By Job
	2774112  -  Total Bytes Sent By Job
	2782623391  -  Total Bytes Received By Job
	Partitionable Resources :      Usage  Request Allocated Assigned
	   Cpus                 :       0.99        1         1 
	   Disk (KB)            : 2729027    16777216  16777216 
	   GPUs                 :       0.88        1         1 "GPU-110a08e4"
	   GpusMemory (MB)      :    6531                       
	   IoHeavy              :                             0 
	   Memory (MB)          :     972       16384     16384 
	   TimeExecute (s)      :    3844                       
	   TimeSlotBusy (s)     :    3859                       
...
