000 (8017966.476.000) 2026-06-20 22:07:54 Job submitted from host: <128.105.68.112:9618?addrs=128.105.68.112-9618+[2607-f388-2200-100-eaeb-d3ff-fea3-4202]-9618&alias=ap2001.chtc.wisc.edu&noUDP&sock=schedd_4071840_2329>
...
040 (8017966.476.000) 2026-06-21 02:17:15 Started transferring input files
	Transferring to host: <10.1.1.131:37187?CCBID=128.105.82.148:9618%3faddrs%3d128.105.82.148-9618+[2607-f388-2200-9d-7ccb-bc08-2489-768a]-9618%26alias%3dospool-ccb.osg.chtc.io%26noUDP%26sock%3dcollector1#4299768%2067.58.49.91:9618%3faddrs%3d67.58.49.91-9618+[fdf0-17b3-c3ec-1f79-10-0-e-b69d]-9618%26alias%3dccb-2.ospool.osg-htc.org%26noUDP%26sock%3dcollector1#4293227&PrivNet=gpu01&addrs=10.1.1.131-37187&alias=gpu01&noUDP>
...
040 (8017966.476.000) 2026-06-21 02:17:43 Finished transferring input files
...
021 (8017966.476.000) 2026-06-21 02:17:43 Message from starter on slot1_2@glidein_1545382_715862460@gpu01:
	PREPARE_JOB (prepare-hook) succeeded (reported status 000): Using Singularity image openfe_1.11.1.sif
...
001 (8017966.476.000) 2026-06-21 02:17:43 Job executing on host: <10.1.1.131:38905?CCBID=128.105.82.148:9618%3faddrs%3d128.105.82.148-9618+[2607-f388-2200-9d-7ccb-bc08-2489-768a]-9618%26alias%3dospool-ccb.osg.chtc.io%26noUDP%26sock%3dcollector8#4265399%2067.58.49.91:9618%3faddrs%3d67.58.49.91-9618+[fdf0-17b3-c3ec-1f79-10-0-e-b69d]-9618%26alias%3dccb-2.ospool.osg-htc.org%26noUDP%26sock%3dcollector6#4258755&PrivNet=gpu01&addrs=10.1.1.131-38905&alias=gpu01&noUDP>
	SlotName: slot1_2@glidein_1545382_715862460@gpu01
	AvailableGPUs = { GPUs_GPU_02db32e2 }
	CondorScratchDir = "/tmp/glide_MFrAD2/execute/dir_2376536/scratch"
	Cpus = 1
	Disk = 16777216
	GPUs = 1
	GPUs_GPU_02db32e2 = [ Id = "GPU-02db32e2"; ClockMhz = 1740.0; Capability = 8.6; CoresPerCU = 128; DeviceName = "NVIDIA A40"; DeviceUuid = "02db32e2-6812-c3b7-dc5c-fb78562c6325"; ECCEnabled = true; ComputeUnits = 84; NvidiaDriver = "595.71.05"; DriverVersion = 13.2; DevicePciBusId = "0000:41:00.0"; GlobalMemoryMb = 45739; MaxSupportedVersion = 13020 ]
	Memory = 16384
...
006 (8017966.476.000) 2026-06-21 02:17:52 Image size of job updated: 4
	6  -  MemoryUsage of job (MB)
	5376  -  ResidentSetSize of job (KB)
...
006 (8017966.476.000) 2026-06-21 02:22:52 Image size of job updated: 31143784
	3899  -  MemoryUsage of job (MB)
	3991660  -  ResidentSetSize of job (KB)
...
006 (8017966.476.000) 2026-06-21 02:27:53 Image size of job updated: 31354952
	3899  -  MemoryUsage of job (MB)
	3991660  -  ResidentSetSize of job (KB)
...
006 (8017966.476.000) 2026-06-21 02:32:53 Image size of job updated: 36448036
	5251  -  MemoryUsage of job (MB)
	5376848  -  ResidentSetSize of job (KB)
...
006 (8017966.476.000) 2026-06-21 02:37:54 Image size of job updated: 39684488
	5273  -  MemoryUsage of job (MB)
	5398692  -  ResidentSetSize of job (KB)
...
006 (8017966.476.000) 2026-06-21 02:47:55 Image size of job updated: 39684488
	5693  -  MemoryUsage of job (MB)
	5829272  -  ResidentSetSize of job (KB)
...
006 (8017966.476.000) 2026-06-21 02:52:56 Image size of job updated: 40303708
	6741  -  MemoryUsage of job (MB)
	6902016  -  ResidentSetSize of job (KB)
...
006 (8017966.476.000) 2026-06-21 02:57:56 Image size of job updated: 40371412
	6741  -  MemoryUsage of job (MB)
	6902016  -  ResidentSetSize of job (KB)
...
006 (8017966.476.000) 2026-06-21 03:07:57 Image size of job updated: 40371412
	6770  -  MemoryUsage of job (MB)
	6931508  -  ResidentSetSize of job (KB)
...
006 (8017966.476.000) 2026-06-21 03:11:48 Image size of job updated: 40991920
	7427  -  MemoryUsage of job (MB)
	7604408  -  ResidentSetSize of job (KB)
...
040 (8017966.476.000) 2026-06-21 03:11:48 Started transferring output files
...
040 (8017966.476.000) 2026-06-21 03:11:59 Finished transferring output files
...
004 (8017966.476.000) 2026-06-21 03:12:00 Job was evicted.
	(0) Job terminated and was requeued
		Usr 0 00:58:25, Sys 0 00:00:33  -  Run Remote Usage
		Usr 0 00:00:00, Sys 0 00:00:00  -  Run Local Usage
	450126084  -  Run Bytes Sent By Job
	2784100202  -  Run Bytes Received By Job
	(1) Normal termination (return value 1)
	The job attribute OnExitRemove expression 'NumJobCompletions > JobMaxRetries || ExitCode =?= 0' evaluated to FALSE
...
040 (8017966.476.000) 2026-06-21 03:12:08 Started transferring input files
	Transferring to host: <128.105.68.168:9618?addrs=128.105.68.168-9618+[2607-f388-2200-100-b62e-99ff-feb7-2dcb]-9618&alias=gpulab2003.chtc.wisc.edu&noUDP&sock=slot2_4_11172_6f3f_5185>
...
040 (8017966.476.000) 2026-06-21 03:12:27 Finished transferring input files
...
001 (8017966.476.000) 2026-06-21 03:12:27 Job executing on host: <128.105.68.168:9618?addrs=128.105.68.168-9618+[2607-f388-2200-100-b62e-99ff-feb7-2dcb]-9618&alias=gpulab2003.chtc.wisc.edu&noUDP&sock=startd_10155_1056>
	SlotName: slot2_4@gpulab2003.chtc.wisc.edu
	AvailableGPUs = { GPUs_GPU_61902b82 }
	CondorScratchDir = "/var/lib/condor/execute/slot2/dir_53862/scratch"
	Cpus = 1
	Disk = 16777216
	GPUs = 1
	GPUs_GPU_61902b82 = [ Id = "GPU-61902b82"; Capability = 7.5; DeviceName = "NVIDIA GeForce RTX 2080 Ti"; DeviceUuid = "61902b82-cedb-e4be-d010-bca8829ec79b"; ECCEnabled = false; NvidiaDriver = "570.195.03"; DriverVersion = 12.8; DevicePciBusId = "0000:B2:00.0"; GlobalMemoryMb = 10823; MaxSupportedVersion = 12080 ]
	IoHeavy = 0
	Memory = 16384
...
040 (8017966.476.000) 2026-06-21 03:12:31 Started transferring output files
...
040 (8017966.476.000) 2026-06-21 03:12:32 Finished transferring output files
...
004 (8017966.476.000) 2026-06-21 03:12:33 Job was evicted.
	(0) Job terminated and was requeued
		Usr 0 00:00:03, Sys 0 00:00:00  -  Run Remote Usage
		Usr 0 00:00:00, Sys 0 00:00:00  -  Run Local Usage
	450113496  -  Run Bytes Sent By Job
	3234213215  -  Run Bytes Received By Job
	(1) Normal termination (return value 2)
	The job attribute OnExitRemove expression 'NumJobCompletions > JobMaxRetries || ExitCode =?= 0' evaluated to FALSE
...
040 (8017966.476.000) 2026-06-21 03:12:36 Started transferring input files
	Transferring to host: <128.105.68.168:9618?addrs=128.105.68.168-9618+[2607-f388-2200-100-b62e-99ff-feb7-2dcb]-9618&alias=gpulab2003.chtc.wisc.edu&noUDP&sock=slot2_3_11172_6f3f_5187>
...
040 (8017966.476.000) 2026-06-21 03:12:56 Finished transferring input files
...
001 (8017966.476.000) 2026-06-21 03:12:56 Job executing on host: <128.105.68.168:9618?addrs=128.105.68.168-9618+[2607-f388-2200-100-b62e-99ff-feb7-2dcb]-9618&alias=gpulab2003.chtc.wisc.edu&noUDP&sock=startd_10155_1056>
	SlotName: slot2_3@gpulab2003.chtc.wisc.edu
	AvailableGPUs = { GPUs_GPU_67659b45 }
	CondorScratchDir = "/var/lib/condor/execute/slot2/dir_54641/scratch"
	Cpus = 1
	Disk = 16777216
	GPUs = 1
	GPUs_GPU_67659b45 = [ Id = "GPU-67659b45"; Capability = 7.5; DeviceName = "NVIDIA GeForce RTX 2080 Ti"; DeviceUuid = "67659b45-3a57-03f4-4d85-759f040ffd80"; ECCEnabled = false; NvidiaDriver = "570.195.03"; DriverVersion = 12.8; DevicePciBusId = "0000:B1:00.0"; GlobalMemoryMb = 10823; MaxSupportedVersion = 12080 ]
	IoHeavy = 0
	Memory = 16384
...
040 (8017966.476.000) 2026-06-21 03:13:00 Started transferring output files
...
040 (8017966.476.000) 2026-06-21 03:13:02 Finished transferring output files
...
004 (8017966.476.000) 2026-06-21 03:13:03 Job was evicted.
	(0) Job terminated and was requeued
		Usr 0 00:00:03, Sys 0 00:00:00  -  Run Remote Usage
		Usr 0 00:00:00, Sys 0 00:00:00  -  Run Local Usage
	450113506  -  Run Bytes Sent By Job
	3234213215  -  Run Bytes Received By Job
	(1) Normal termination (return value 2)
	The job attribute OnExitRemove expression 'NumJobCompletions > JobMaxRetries || ExitCode =?= 0' evaluated to FALSE
...
040 (8017966.476.000) 2026-06-21 03:13:11 Started transferring input files
	Transferring to host: <128.105.68.166:9618?addrs=128.105.68.166-9618+[2607-f388-2200-100-b62e-99ff-feb7-2e2d]-9618&alias=gpulab2001.chtc.wisc.edu&noUDP&sock=slot2_5_11113_dd1d_52451>
...
040 (8017966.476.000) 2026-06-21 03:13:28 Finished transferring input files
...
001 (8017966.476.000) 2026-06-21 03:13:28 Job executing on host: <128.105.68.166:9618?addrs=128.105.68.166-9618+[2607-f388-2200-100-b62e-99ff-feb7-2e2d]-9618&alias=gpulab2001.chtc.wisc.edu&noUDP&sock=startd_10083_ad84>
	SlotName: slot2_5@gpulab2001.chtc.wisc.edu
	AvailableGPUs = { GPUs_GPU_de7b89bb }
	CondorScratchDir = "/var/lib/condor/execute/slot2/dir_913827/scratch"
	Cpus = 1
	Disk = 16777216
	GPUs = 1
	GPUs_GPU_de7b89bb = [ Id = "GPU-de7b89bb"; Capability = 7.5; DeviceName = "NVIDIA GeForce RTX 2080 Ti"; DeviceUuid = "de7b89bb-11e2-d8b1-1b92-c9ab2f9f87e3"; ECCEnabled = false; NvidiaDriver = "570.195.03"; DriverVersion = 12.8; DevicePciBusId = "0000:DA:00.0"; GlobalMemoryMb = 10823; MaxSupportedVersion = 12080 ]
	IoHeavy = 0
	Memory = 16384
...
040 (8017966.476.000) 2026-06-21 03:13:32 Started transferring output files
...
040 (8017966.476.000) 2026-06-21 03:13:33 Finished transferring output files
...
004 (8017966.476.000) 2026-06-21 03:13:34 Job was evicted.
	(0) Job terminated and was requeued
		Usr 0 00:00:02, Sys 0 00:00:00  -  Run Remote Usage
		Usr 0 00:00:00, Sys 0 00:00:00  -  Run Local Usage
	450113506  -  Run Bytes Sent By Job
	3234213215  -  Run Bytes Received By Job
	(1) Normal termination (return value 2)
	The job attribute OnExitRemove expression 'NumJobCompletions > JobMaxRetries || ExitCode =?= 0' evaluated to FALSE
...
040 (8017966.476.000) 2026-06-21 03:13:42 Started transferring input files
	Transferring to host: <128.105.68.168:9618?addrs=128.105.68.168-9618+[2607-f388-2200-100-b62e-99ff-feb7-2dcb]-9618&alias=gpulab2003.chtc.wisc.edu&noUDP&sock=slot2_3_11172_6f3f_5197>
...
040 (8017966.476.000) 2026-06-21 03:14:07 Finished transferring input files
...
001 (8017966.476.000) 2026-06-21 03:14:07 Job executing on host: <128.105.68.168:9618?addrs=128.105.68.168-9618+[2607-f388-2200-100-b62e-99ff-feb7-2dcb]-9618&alias=gpulab2003.chtc.wisc.edu&noUDP&sock=startd_10155_1056>
	SlotName: slot2_3@gpulab2003.chtc.wisc.edu
	AvailableGPUs = { GPUs_GPU_67659b45 }
	CondorScratchDir = "/var/lib/condor/execute/slot2/dir_57369/scratch"
	Cpus = 1
	Disk = 16777216
	GPUs = 1
	GPUs_GPU_67659b45 = [ Id = "GPU-67659b45"; Capability = 7.5; DeviceName = "NVIDIA GeForce RTX 2080 Ti"; DeviceUuid = "67659b45-3a57-03f4-4d85-759f040ffd80"; ECCEnabled = false; NvidiaDriver = "570.195.03"; DriverVersion = 12.8; DevicePciBusId = "0000:B1:00.0"; GlobalMemoryMb = 10823; MaxSupportedVersion = 12080 ]
	IoHeavy = 0
	Memory = 16384
...
040 (8017966.476.000) 2026-06-21 03:14:11 Started transferring output files
...
040 (8017966.476.000) 2026-06-21 03:14:12 Finished transferring output files
...
004 (8017966.476.000) 2026-06-21 03:14:13 Job was evicted.
	(0) Job terminated and was requeued
		Usr 0 00:00:03, Sys 0 00:00:00  -  Run Remote Usage
		Usr 0 00:00:00, Sys 0 00:00:00  -  Run Local Usage
	450113506  -  Run Bytes Sent By Job
	3234213215  -  Run Bytes Received By Job
	(1) Normal termination (return value 2)
	The job attribute OnExitRemove expression 'NumJobCompletions > JobMaxRetries || ExitCode =?= 0' evaluated to FALSE
...
040 (8017966.476.000) 2026-06-21 03:14:15 Started transferring input files
	Transferring to host: <128.105.69.3:9618?addrs=128.105.69.3-9618+[2607-f388-2200-100-7ec2-55ff-fe46-28f2]-9618&alias=gpu4002.chtc.wisc.edu&noUDP&sock=slot1_5_12744_0cff_4134>
...
040 (8017966.476.000) 2026-06-21 03:14:27 Finished transferring input files
...
001 (8017966.476.000) 2026-06-21 03:14:27 Job executing on host: <128.105.69.3:9618?addrs=128.105.69.3-9618+[2607-f388-2200-100-7ec2-55ff-fe46-28f2]-9618&alias=gpu4002.chtc.wisc.edu&noUDP&sock=startd_11312_ab69>
	SlotName: slot1_5@gpu4002.chtc.wisc.edu
	AvailableGPUs = { GPUs_GPU_24660f1c }
	CondorScratchDir = "/var/lib/condor/execute/slot1/dir_2997128/scratch"
	Cpus = 1
	Disk = 16777216
	GPUs = 1
	GPUs_GPU_24660f1c = [ Id = "GPU-24660f1c"; Capability = 8.9; DeviceName = "NVIDIA L40"; DeviceUuid = "24660f1c-9665-dc92-a0c9-04252e1a8138"; ECCEnabled = true; NvidiaDriver = "570.195.03"; DriverVersion = 12.8; DevicePciBusId = "0000:CE:00.0"; GlobalMemoryMb = 45468; MaxSupportedVersion = 12080 ]
	IoHeavy = 0
	Memory = 16384
...
040 (8017966.476.000) 2026-06-21 03:14:30 Started transferring output files
...
040 (8017966.476.000) 2026-06-21 03:14:31 Finished transferring output files
...
004 (8017966.476.000) 2026-06-21 03:14:32 Job was evicted.
	(0) Job terminated and was requeued
		Usr 0 00:00:02, Sys 0 00:00:00  -  Run Remote Usage
		Usr 0 00:00:00, Sys 0 00:00:00  -  Run Local Usage
	450113493  -  Run Bytes Sent By Job
	3234213215  -  Run Bytes Received By Job
	(1) Normal termination (return value 2)
	The job attribute OnExitRemove expression 'NumJobCompletions > JobMaxRetries || ExitCode =?= 0' evaluated to FALSE
...
040 (8017966.476.000) 2026-06-21 03:14:44 Started transferring input files
	Transferring to host: <128.105.68.141:9618?addrs=128.105.68.141-9618+[2607-f388-2200-100-b226-28ff-fe24-f732]-9618&alias=gpu2001.chtc.wisc.edu&noUDP&sock=slot2_1_3454505_0815_75850>
...
040 (8017966.476.000) 2026-06-21 03:15:01 Finished transferring input files
...
001 (8017966.476.000) 2026-06-21 03:15:01 Job executing on host: <128.105.68.141:9618?addrs=128.105.68.141-9618+[2607-f388-2200-100-b226-28ff-fe24-f732]-9618&alias=gpu2001.chtc.wisc.edu&noUDP&sock=startd_10421_8487>
	SlotName: slot2_1@gpu2001.chtc.wisc.edu
	AvailableGPUs = { GPUs_GPU_ddc1c098 }
	CondorScratchDir = "/var/lib/condor/execute/slot2/dir_3305219/scratch"
	Cpus = 1
	Disk = 16777216
	GPUs = 1
	GPUs_GPU_ddc1c098 = [ Id = "GPU-ddc1c098"; Capability = 6.0; DeviceName = "Tesla P100-PCIE-16GB"; DeviceUuid = "ddc1c098-16dd-3c4e-0463-5888fb3af09c"; ECCEnabled = true; NvidiaDriver = "570.195.03"; DriverVersion = 12.8; DevicePciBusId = "0000:3B:00.0"; GlobalMemoryMb = 16269; MaxSupportedVersion = 12080 ]
	IoHeavy = 0
	Memory = 16384
...
040 (8017966.476.000) 2026-06-21 03:15:09 Started transferring output files
...
040 (8017966.476.000) 2026-06-21 03:15:10 Finished transferring output files
...
004 (8017966.476.000) 2026-06-21 03:15:10 Job was evicted.
	(0) Job terminated and was requeued
		Usr 0 00:00:05, Sys 0 00:00:01  -  Run Remote Usage
		Usr 0 00:00:00, Sys 0 00:00:00  -  Run Local Usage
	450113503  -  Run Bytes Sent By Job
	3234213215  -  Run Bytes Received By Job
	(1) Normal termination (return value 2)
	The job attribute OnExitRemove expression 'NumJobCompletions > JobMaxRetries || ExitCode =?= 0' evaluated to FALSE
...
040 (8017966.476.000) 2026-06-21 03:15:14 Started transferring input files
	Transferring to host: <128.105.68.141:9618?addrs=128.105.68.141-9618+[2607-f388-2200-100-b226-28ff-fe24-f732]-9618&alias=gpu2001.chtc.wisc.edu&noUDP&sock=slot2_1_3454505_0815_75851>
...
040 (8017966.476.000) 2026-06-21 03:15:31 Finished transferring input files
...
001 (8017966.476.000) 2026-06-21 03:15:31 Job executing on host: <128.105.68.141:9618?addrs=128.105.68.141-9618+[2607-f388-2200-100-b226-28ff-fe24-f732]-9618&alias=gpu2001.chtc.wisc.edu&noUDP&sock=startd_10421_8487>
	SlotName: slot2_1@gpu2001.chtc.wisc.edu
	AvailableGPUs = { GPUs_GPU_ddc1c098 }
	CondorScratchDir = "/var/lib/condor/execute/slot2/dir_3305477/scratch"
	Cpus = 1
	Disk = 16777216
	GPUs = 1
	GPUs_GPU_ddc1c098 = [ Id = "GPU-ddc1c098"; Capability = 6.0; DeviceName = "Tesla P100-PCIE-16GB"; DeviceUuid = "ddc1c098-16dd-3c4e-0463-5888fb3af09c"; ECCEnabled = true; NvidiaDriver = "570.195.03"; DriverVersion = 12.8; DevicePciBusId = "0000:3B:00.0"; GlobalMemoryMb = 16269; MaxSupportedVersion = 12080 ]
	IoHeavy = 0
	Memory = 16384
...
040 (8017966.476.000) 2026-06-21 03:15:39 Started transferring output files
...
040 (8017966.476.000) 2026-06-21 03:15:40 Finished transferring output files
...
004 (8017966.476.000) 2026-06-21 03:15:41 Job was evicted.
	(0) Job terminated and was requeued
		Usr 0 00:00:05, Sys 0 00:00:01  -  Run Remote Usage
		Usr 0 00:00:00, Sys 0 00:00:00  -  Run Local Usage
	450113503  -  Run Bytes Sent By Job
	3234213215  -  Run Bytes Received By Job
	(1) Normal termination (return value 2)
	The job attribute OnExitRemove expression 'NumJobCompletions > JobMaxRetries || ExitCode =?= 0' evaluated to FALSE
...
040 (8017966.476.000) 2026-06-21 03:15:44 Started transferring input files
	Transferring to host: <128.105.68.141:9618?addrs=128.105.68.141-9618+[2607-f388-2200-100-b226-28ff-fe24-f732]-9618&alias=gpu2001.chtc.wisc.edu&noUDP&sock=slot2_1_3454505_0815_75861>
...
040 (8017966.476.000) 2026-06-21 03:16:01 Finished transferring input files
...
001 (8017966.476.000) 2026-06-21 03:16:01 Job executing on host: <128.105.68.141:9618?addrs=128.105.68.141-9618+[2607-f388-2200-100-b226-28ff-fe24-f732]-9618&alias=gpu2001.chtc.wisc.edu&noUDP&sock=startd_10421_8487>
	SlotName: slot2_1@gpu2001.chtc.wisc.edu
	AvailableGPUs = { GPUs_GPU_ddc1c098 }
	CondorScratchDir = "/var/lib/condor/execute/slot2/dir_3307405/scratch"
	Cpus = 1
	Disk = 16777216
	GPUs = 1
	GPUs_GPU_ddc1c098 = [ Id = "GPU-ddc1c098"; Capability = 6.0; DeviceName = "Tesla P100-PCIE-16GB"; DeviceUuid = "ddc1c098-16dd-3c4e-0463-5888fb3af09c"; ECCEnabled = true; NvidiaDriver = "570.195.03"; DriverVersion = 12.8; DevicePciBusId = "0000:3B:00.0"; GlobalMemoryMb = 16269; MaxSupportedVersion = 12080 ]
	IoHeavy = 0
	Memory = 16384
...
040 (8017966.476.000) 2026-06-21 03:16:09 Started transferring output files
...
040 (8017966.476.000) 2026-06-21 03:16:10 Finished transferring output files
...
004 (8017966.476.000) 2026-06-21 03:16:11 Job was evicted.
	(0) Job terminated and was requeued
		Usr 0 00:00:05, Sys 0 00:00:01  -  Run Remote Usage
		Usr 0 00:00:00, Sys 0 00:00:00  -  Run Local Usage
	450113503  -  Run Bytes Sent By Job
	3234213215  -  Run Bytes Received By Job
	(1) Normal termination (return value 2)
	The job attribute OnExitRemove expression 'NumJobCompletions > JobMaxRetries || ExitCode =?= 0' evaluated to FALSE
...
040 (8017966.476.000) 2026-06-21 03:16:19 Started transferring input files
	Transferring to host: <128.105.76.47:9618?addrs=128.105.76.47-9618+[2607-f388-2200-100-527c-6fff-fe82-826a]-9618&alias=gpu4006.chtc.wisc.edu&noUDP&sock=slot2_1_2618986_4fbd_86889>
...
040 (8017966.476.000) 2026-06-21 03:16:38 Finished transferring input files
...
001 (8017966.476.000) 2026-06-21 03:16:38 Job executing on host: <128.105.76.47:9618?addrs=128.105.76.47-9618+[2607-f388-2200-100-527c-6fff-fe82-826a]-9618&alias=gpu4006.chtc.wisc.edu&noUDP&sock=startd_11220_90b3>
	SlotName: slot2_1@gpu4006.chtc.wisc.edu
	AvailableGPUs = { GPUs_GPU_66dc2611 }
	CondorScratchDir = "/var/lib/condor/execute/slot2/dir_2689309/scratch"
	Cpus = 1
	Disk = 16777216
	GPUs = 1
	GPUs_GPU_66dc2611 = [ Id = "GPU-66dc2611"; Capability = 8.9; DeviceName = "NVIDIA L40S"; DeviceUuid = "66dc2611-e8d4-150f-8e9c-de925917bc63"; ECCEnabled = true; NvidiaDriver = "590.48.01"; DriverVersion = 13.1; DevicePciBusId = "0000:01:00.0"; GlobalMemoryMb = 45460; MaxSupportedVersion = 13010 ]
	IoHeavy = 0
	Memory = 16384
...
040 (8017966.476.000) 2026-06-21 03:16:40 Started transferring output files
...
040 (8017966.476.000) 2026-06-21 03:16:41 Finished transferring output files
...
004 (8017966.476.000) 2026-06-21 03:16:42 Job was evicted.
	(0) Job terminated and was requeued
		Usr 0 00:00:01, Sys 0 00:00:00  -  Run Remote Usage
		Usr 0 00:00:00, Sys 0 00:00:00  -  Run Local Usage
	450113517  -  Run Bytes Sent By Job
	3234213215  -  Run Bytes Received By Job
	(1) Normal termination (return value 2)
	The job attribute OnExitRemove expression 'NumJobCompletions > JobMaxRetries || ExitCode =?= 0' evaluated to FALSE
...
040 (8017966.476.000) 2026-06-21 03:16:50 Started transferring input files
	Transferring to host: <128.105.68.168:9618?addrs=128.105.68.168-9618+[2607-f388-2200-100-b62e-99ff-feb7-2dcb]-9618&alias=gpulab2003.chtc.wisc.edu&noUDP&sock=slot2_1_11172_6f3f_5209>
...
040 (8017966.476.000) 2026-06-21 03:17:08 Finished transferring input files
...
001 (8017966.476.000) 2026-06-21 03:17:08 Job executing on host: <128.105.68.168:9618?addrs=128.105.68.168-9618+[2607-f388-2200-100-b62e-99ff-feb7-2dcb]-9618&alias=gpulab2003.chtc.wisc.edu&noUDP&sock=startd_10155_1056>
	SlotName: slot2_1@gpulab2003.chtc.wisc.edu
	AvailableGPUs = { GPUs_GPU_eb157808 }
	CondorScratchDir = "/var/lib/condor/execute/slot2/dir_63425/scratch"
	Cpus = 1
	Disk = 16777216
	GPUs = 1
	GPUs_GPU_eb157808 = [ Id = "GPU-eb157808"; Capability = 7.5; DeviceName = "NVIDIA GeForce RTX 2080 Ti"; DeviceUuid = "eb157808-e649-bc5b-f914-65edf583a978"; ECCEnabled = false; NvidiaDriver = "570.195.03"; DriverVersion = 12.8; DevicePciBusId = "0000:3D:00.0"; GlobalMemoryMb = 10823; MaxSupportedVersion = 12080 ]
	IoHeavy = 0
	Memory = 16384
...
040 (8017966.476.000) 2026-06-21 03:17:12 Started transferring output files
...
040 (8017966.476.000) 2026-06-21 03:17:13 Finished transferring output files
...
005 (8017966.476.000) 2026-06-21 03:17:14 Job terminated.
	(1) Normal termination (return value 2)
		Usr 0 00:00:02, Sys 0 00:00:00  -  Run Remote Usage
		Usr 0 00:00:00, Sys 0 00:00:00  -  Run Local Usage
		Usr 0 00:58:56, Sys 0 00:00:36  -  Total Remote Usage
		Usr 0 00:00:00, Sys 0 00:00:00  -  Total Local Usage
	450113506  -  Run Bytes Sent By Job
	3234213215  -  Run Bytes Received By Job
	4951261123  -  Total Bytes Sent By Job
	35126232352  -  Total Bytes Received By Job
	Partitionable Resources :    Usage  Request Allocated Assigned
	   Cpus                 :        0        1         1 
	   Disk (KB)            :  3158448 16777216  16777216 
	   GPUs                 :        0        1         1 "GPU-eb157808"
	   IoHeavy              :                           0 
	   Memory (MB)          :     9766    16384     16384 
	   TimeExecute (s)      :        4                    
	   TimeSlotBusy (s)     :       23                    
...
