000 (8017966.398.000) 2026-06-20 22:07:54 Job submitted from host: <128.105.68.112:9618?addrs=128.105.68.112-9618+[2607-f388-2200-100-eaeb-d3ff-fea3-4202]-9618&alias=ap2001.chtc.wisc.edu&noUDP&sock=schedd_4071840_2329>
...
040 (8017966.398.000) 2026-06-21 01:52:17 Started transferring input files
	Transferring to host: <128.105.68.96:9618?addrs=128.105.68.96-9618+[2607-f388-2200-100-1270-fdff-fe74-8a8]-9618&alias=gpu2004.chtc.wisc.edu&noUDP&sock=slot2_1_2416131_9ce4_77083>
...
040 (8017966.398.000) 2026-06-21 01:52:32 Finished transferring input files
...
001 (8017966.398.000) 2026-06-21 01:52:32 Job executing on host: <128.105.68.96:9618?addrs=128.105.68.96-9618+[2607-f388-2200-100-1270-fdff-fe74-8a8]-9618&alias=gpu2004.chtc.wisc.edu&noUDP&sock=startd_12358_237a>
	SlotName: slot2_1@gpu2004.chtc.wisc.edu
	AvailableGPUs = { GPUs_GPU_9889ee48 }
	CondorScratchDir = "/var/lib/condor/execute/slot2/dir_4137000/scratch"
	Cpus = 1
	Disk = 16777216
	GPUs = 1
	GPUs_GPU_9889ee48 = [ Id = "GPU-9889ee48"; Capability = 8.0; DeviceName = "NVIDIA A100-SXM4-80GB"; DeviceUuid = "9889ee48-b566-be7b-fc68-9e80acce7a76"; ECCEnabled = true; NvidiaDriver = "570.195.03"; DriverVersion = 12.8; DevicePciBusId = "0000:01:00.0"; GlobalMemoryMb = 81154; MaxSupportedVersion = 12080 ]
	IoHeavy = 0
	Memory = 16384
...
006 (8017966.398.000) 2026-06-21 01:52:40 Image size of job updated: 385956
	377  -  MemoryUsage of job (MB)
	385956  -  ResidentSetSize of job (KB)
...
006 (8017966.398.000) 2026-06-21 01:57:40 Image size of job updated: 1689004
	1649  -  MemoryUsage of job (MB)
	1687608  -  ResidentSetSize of job (KB)
...
006 (8017966.398.000) 2026-06-21 02:02:40 Image size of job updated: 1689004
	1649  -  MemoryUsage of job (MB)
	1687864  -  ResidentSetSize of job (KB)
...
006 (8017966.398.000) 2026-06-21 02:07:41 Image size of job updated: 1689004
	1649  -  MemoryUsage of job (MB)
	1687872  -  ResidentSetSize of job (KB)
...
006 (8017966.398.000) 2026-06-21 02:27:43 Image size of job updated: 1691256
	1652  -  MemoryUsage of job (MB)
	1691256  -  ResidentSetSize of job (KB)
...
006 (8017966.398.000) 2026-06-21 02:32:43 Image size of job updated: 1691288
	1652  -  MemoryUsage of job (MB)
	1691288  -  ResidentSetSize of job (KB)
...
006 (8017966.398.000) 2026-06-21 02:37:44 Image size of job updated: 1691464
	1652  -  MemoryUsage of job (MB)
	1691464  -  ResidentSetSize of job (KB)
...
006 (8017966.398.000) 2026-06-21 02:42:44 Image size of job updated: 1691492
	1652  -  MemoryUsage of job (MB)
	1691492  -  ResidentSetSize of job (KB)
...
006 (8017966.398.000) 2026-06-21 02:47:45 Image size of job updated: 1691500
	1652  -  MemoryUsage of job (MB)
	1691500  -  ResidentSetSize of job (KB)
...
006 (8017966.398.000) 2026-06-21 02:52:45 Image size of job updated: 1691512
	1652  -  MemoryUsage of job (MB)
	1691512  -  ResidentSetSize of job (KB)
...
006 (8017966.398.000) 2026-06-21 02:57:46 Image size of job updated: 1691516
	1652  -  MemoryUsage of job (MB)
	1691516  -  ResidentSetSize of job (KB)
...
006 (8017966.398.000) 2026-06-21 03:02:46 Image size of job updated: 1691560
	1652  -  MemoryUsage of job (MB)
	1691560  -  ResidentSetSize of job (KB)
...
006 (8017966.398.000) 2026-06-21 03:07:47 Image size of job updated: 1691564
	1652  -  MemoryUsage of job (MB)
	1691564  -  ResidentSetSize of job (KB)
...
006 (8017966.398.000) 2026-06-21 03:17:48 Image size of job updated: 1691572
	1652  -  MemoryUsage of job (MB)
	1691572  -  ResidentSetSize of job (KB)
...
006 (8017966.398.000) 2026-06-21 03:27:49 Image size of job updated: 1691576
	1652  -  MemoryUsage of job (MB)
	1691576  -  ResidentSetSize of job (KB)
...
006 (8017966.398.000) 2026-06-21 03:52:51 Image size of job updated: 1691580
	1652  -  MemoryUsage of job (MB)
	1691580  -  ResidentSetSize of job (KB)
...
006 (8017966.398.000) 2026-06-21 04:07:53 Image size of job updated: 1692736
	1654  -  MemoryUsage of job (MB)
	1692736  -  ResidentSetSize of job (KB)
...
006 (8017966.398.000) 2026-06-21 04:37:56 Image size of job updated: 1693076
	1654  -  MemoryUsage of job (MB)
	1693076  -  ResidentSetSize of job (KB)
...
040 (8017966.398.000) 2026-06-21 05:21:11 Started transferring output files
...
040 (8017966.398.000) 2026-06-21 05:21:11 Finished transferring output files
...
005 (8017966.398.000) 2026-06-21 05:21:12 Job terminated.
	(1) Normal termination (return value 0)
		Usr 0 03:42:52, Sys 0 03:18:10  -  Run Remote Usage
		Usr 0 00:00:00, Sys 0 00:00:00  -  Run Local Usage
		Usr 0 03:42:52, Sys 0 03:18:10  -  Total Remote Usage
		Usr 0 00:00:00, Sys 0 00:00:00  -  Total Local Usage
	10146720  -  Run Bytes Sent By Job
	2782488078  -  Run Bytes Received By Job
	10146720  -  Total Bytes Sent By Job
	2782488078  -  Total Bytes Received By Job
	Partitionable Resources :      Usage  Request Allocated Assigned
	   Cpus                 :       0.99        1         1 
	   Disk (KB)            : 2788196    16777216  16777216 
	   GPUs                 :       0.90        1         1 "GPU-9889ee48"
	   GpusMemory (MB)      :    7176                       
	   IoHeavy              :                             0 
	   Memory (MB)          :    1654       16384     16384 
	   TimeExecute (s)      :   12519                       
	   TimeSlotBusy (s)     :   12534                       
...
