000 (8017966.524.000) 2026-06-20 22:07:54 Job submitted from host: <128.105.68.112:9618?addrs=128.105.68.112-9618+[2607-f388-2200-100-eaeb-d3ff-fea3-4202]-9618&alias=ap2001.chtc.wisc.edu&noUDP&sock=schedd_4071840_2329>
...
040 (8017966.524.000) 2026-06-21 02:46:24 Started transferring input files
	Transferring to host: <128.105.76.52:9618?addrs=128.105.76.52-9618+[2607-f388-2200-100-b65c-b5ff-fe81-e53e]-9618&alias=dbrundage-chtcgpu5000.chtc.wisc.edu&noUDP&sock=backfill1_2_11313_c825_13614>
...
040 (8017966.524.000) 2026-06-21 02:46:35 Finished transferring input files
...
001 (8017966.524.000) 2026-06-21 02:46:35 Job executing on host: <128.105.76.52:9618?addrs=128.105.76.52-9618+[2607-f388-2200-100-b65c-b5ff-fe81-e53e]-9618&alias=dbrundage-chtcgpu5000.chtc.wisc.edu&noUDP&sock=startd_10956_7bb2>
	SlotName: backfill1_2@dbrundage-chtcgpu5000.chtc.wisc.edu
	AvailableGPUs = { GPUs_GPU_df5fc4e7 }
	CondorScratchDir = "/var/lib/condor/execute/slot1/dir_168070/scratch"
	Cpus = 1
	Disk = 16777216
	GPUs = 1
	GPUs_GPU_df5fc4e7 = [ Id = "GPU-df5fc4e7"; Capability = 9.0; DeviceName = "NVIDIA H200"; DeviceUuid = "df5fc4e7-fe33-fe3f-c3bd-608ff4802245"; ECCEnabled = true; NvidiaDriver = "590.48.01"; DriverVersion = 13.1; DevicePciBusId = "0000:5D:00.0"; GlobalMemoryMb = 143158; MaxSupportedVersion = 13010 ]
	IoHeavy = 0
	Memory = 16384
...
006 (8017966.524.000) 2026-06-21 02:46:44 Image size of job updated: 494288
	483  -  MemoryUsage of job (MB)
	494288  -  ResidentSetSize of job (KB)
...
006 (8017966.524.000) 2026-06-21 02:51:45 Image size of job updated: 999480
	975  -  MemoryUsage of job (MB)
	998136  -  ResidentSetSize of job (KB)
...
006 (8017966.524.000) 2026-06-21 02:56:45 Image size of job updated: 999480
	976  -  MemoryUsage of job (MB)
	998688  -  ResidentSetSize of job (KB)
...
006 (8017966.524.000) 2026-06-21 03:01:46 Image size of job updated: 1005280
	982  -  MemoryUsage of job (MB)
	1005280  -  ResidentSetSize of job (KB)
...
006 (8017966.524.000) 2026-06-21 03:06:46 Image size of job updated: 1010932
	988  -  MemoryUsage of job (MB)
	1010932  -  ResidentSetSize of job (KB)
...
006 (8017966.524.000) 2026-06-21 03:11:47 Image size of job updated: 1014764
	991  -  MemoryUsage of job (MB)
	1014764  -  ResidentSetSize of job (KB)
...
006 (8017966.524.000) 2026-06-21 03:16:48 Image size of job updated: 1020108
	997  -  MemoryUsage of job (MB)
	1020108  -  ResidentSetSize of job (KB)
...
006 (8017966.524.000) 2026-06-21 03:21:48 Image size of job updated: 1023972
	1000  -  MemoryUsage of job (MB)
	1023972  -  ResidentSetSize of job (KB)
...
006 (8017966.524.000) 2026-06-21 03:26:49 Image size of job updated: 1029576
	1006  -  MemoryUsage of job (MB)
	1029576  -  ResidentSetSize of job (KB)
...
006 (8017966.524.000) 2026-06-21 03:31:49 Image size of job updated: 1036900
	1013  -  MemoryUsage of job (MB)
	1036900  -  ResidentSetSize of job (KB)
...
040 (8017966.524.000) 2026-06-21 03:40:48 Started transferring output files
...
040 (8017966.524.000) 2026-06-21 03:40:48 Finished transferring output files
...
005 (8017966.524.000) 2026-06-21 03:40:49 Job terminated.
	(1) Normal termination (return value 0)
		Usr 0 00:55:48, Sys 0 00:57:12  -  Run Remote Usage
		Usr 0 00:00:00, Sys 0 00:00:00  -  Run Local Usage
		Usr 0 00:55:48, Sys 0 00:57:12  -  Total Remote Usage
		Usr 0 00:00:00, Sys 0 00:00:00  -  Total Local Usage
	2555724  -  Run Bytes Sent By Job
	2782487567  -  Run Bytes Received By Job
	2555724  -  Total Bytes Sent By Job
	2782487567  -  Total Bytes Received By Job
	Partitionable Resources :      Usage  Request Allocated Assigned
	   Cpus                 :       0.99        1         1 
	   Disk (KB)            : 2730368    16777216  16777216 
	   GPUs                 :       0.83        1         1 "GPU-df5fc4e7"
	   GpusMemory (MB)      :    8217                       
	   IoHeavy              :                             0 
	   Memory (MB)          :    1013       16384     16384 
	   TimeExecute (s)      :    3253                       
	   TimeSlotBusy (s)     :    3265                       
...
