000 (8017966.1045.000) 2026-06-20 22:07:54 Job submitted from host: <128.105.68.112:9618?addrs=128.105.68.112-9618+[2607-f388-2200-100-eaeb-d3ff-fea3-4202]-9618&alias=ap2001.chtc.wisc.edu&noUDP&sock=schedd_4071840_2329>
...
040 (8017966.1045.000) 2026-06-21 06:23:01 Started transferring input files
	Transferring to host: <10.1.1.136:46031?CCBID=128.105.82.148:9618%3faddrs%3d128.105.82.148-9618+[2607-f388-2200-9d-7ccb-bc08-2489-768a]-9618%26alias%3dospool-ccb.osg.chtc.io%26noUDP%26sock%3dcollector1#4310315%2067.58.49.91:9618%3faddrs%3d67.58.49.91-9618+[fdf0-17b3-c3ec-1f79-10-0-e-b69d]-9618%26alias%3dccb-2.ospool.osg-htc.org%26noUDP%26sock%3dcollector9#4307888&PrivNet=gpu06&addrs=10.1.1.136-46031&alias=gpu06&noUDP>
...
040 (8017966.1045.000) 2026-06-21 06:24:50 Finished transferring input files
...
021 (8017966.1045.000) 2026-06-21 06:24:50 Message from starter on slot1_3@glidein_1584723_273438385@gpu06:
	PREPARE_JOB (prepare-hook) succeeded (reported status 000): Using Singularity image openfe_1.11.1.sif
...
001 (8017966.1045.000) 2026-06-21 06:24:50 Job executing on host: <10.1.1.136:32987?CCBID=128.105.82.148:9618%3faddrs%3d128.105.82.148-9618+[2607-f388-2200-9d-7ccb-bc08-2489-768a]-9618%26alias%3dospool-ccb.osg.chtc.io%26noUDP%26sock%3dcollector10#4097205%2067.58.49.91:9618%3faddrs%3d67.58.49.91-9618+[fdf0-17b3-c3ec-1f79-10-0-e-b69d]-9618%26alias%3dccb-2.ospool.osg-htc.org%26noUDP%26sock%3dcollector8#4096700&PrivNet=gpu06&addrs=10.1.1.136-32987&alias=gpu06&noUDP>
	SlotName: slot1_3@glidein_1584723_273438385@gpu06
	AvailableGPUs = { GPUs_GPU_7e9f42ff }
	CondorScratchDir = "/tmp/glide_r4qen3/execute/dir_2939700/scratch"
	Cpus = 1
	Disk = 16777216
	GPUs = 1
	GPUs_GPU_7e9f42ff = [ Id = "GPU-7e9f42ff"; ClockMhz = 1695.0; Capability = 8.6; CoresPerCU = 128; DeviceName = "NVIDIA RTX A5000"; DeviceUuid = "7e9f42ff-b4e6-f64d-eafd-07954dbdb567"; ECCEnabled = false; ComputeUnits = 64; NvidiaDriver = "595.71.05"; DriverVersion = 13.2; DevicePciBusId = "0000:81:00.0"; GlobalMemoryMb = 24361; MaxSupportedVersion = 13020 ]
	Memory = 16384
...
006 (8017966.1045.000) 2026-06-21 06:24:59 Image size of job updated: 4
	6  -  MemoryUsage of job (MB)
	5380  -  ResidentSetSize of job (KB)
...
006 (8017966.1045.000) 2026-06-21 06:29:59 Image size of job updated: 23474040
	2306  -  MemoryUsage of job (MB)
	2361004  -  ResidentSetSize of job (KB)
...
006 (8017966.1045.000) 2026-06-21 06:35:00 Image size of job updated: 23476768
	2314  -  MemoryUsage of job (MB)
	2368684  -  ResidentSetSize of job (KB)
...
006 (8017966.1045.000) 2026-06-21 06:40:01 Image size of job updated: 23481800
	2354  -  MemoryUsage of job (MB)
	2409644  -  ResidentSetSize of job (KB)
...
006 (8017966.1045.000) 2026-06-21 06:45:01 Image size of job updated: 23484656
	2374  -  MemoryUsage of job (MB)
	2430636  -  ResidentSetSize of job (KB)
...
006 (8017966.1045.000) 2026-06-21 06:50:02 Image size of job updated: 23489968
	2379  -  MemoryUsage of job (MB)
	2435756  -  ResidentSetSize of job (KB)
...
006 (8017966.1045.000) 2026-06-21 06:55:02 Image size of job updated: 23495520
	2385  -  MemoryUsage of job (MB)
	2441388  -  ResidentSetSize of job (KB)
...
006 (8017966.1045.000) 2026-06-21 07:00:03 Image size of job updated: 23501664
	2390  -  MemoryUsage of job (MB)
	2447020  -  ResidentSetSize of job (KB)
...
006 (8017966.1045.000) 2026-06-21 07:05:03 Image size of job updated: 23510268
	2399  -  MemoryUsage of job (MB)
	2455724  -  ResidentSetSize of job (KB)
...
006 (8017966.1045.000) 2026-06-21 07:10:04 Image size of job updated: 23511628
	2399  -  MemoryUsage of job (MB)
	2455724  -  ResidentSetSize of job (KB)
...
040 (8017966.1045.000) 2026-06-21 07:19:35 Started transferring output files
...
040 (8017966.1045.000) 2026-06-21 07:19:35 Finished transferring output files
...
005 (8017966.1045.000) 2026-06-21 07:19:36 Job terminated.
	(1) Normal termination (return value 0)
		Usr 0 00:53:47, Sys 0 00:07:45  -  Run Remote Usage
		Usr 0 00:00:00, Sys 0 00:00:00  -  Run Local Usage
		Usr 0 00:53:47, Sys 0 00:07:45  -  Total Remote Usage
		Usr 0 00:00:00, Sys 0 00:00:00  -  Total Local Usage
	1401560  -  Run Bytes Sent By Job
	2782751092  -  Run Bytes Received By Job
	1401560  -  Total Bytes Sent By Job
	2782751092  -  Total Bytes Received By Job
	Partitionable Resources :      Usage  Request Allocated Assigned
	   Cpus                 :       0.99        1         1 
	   Disk (KB)            : 2728974    16777216  16777216 
	   GPUs                 :       0.76        1         1 "GPU-7e9f42ff"
	   GpusMemory (MB)      :    3235                       
	   Memory (MB)          :    2399       16384     16384 
	   TimeExecute (s)      :    3284                       
	   TimeSlotBusy (s)     :    3395                       
...
