000 (8017966.057.000) 2026-06-20 22:07:54 Job submitted from host: <128.105.68.112:9618?addrs=128.105.68.112-9618+[2607-f388-2200-100-eaeb-d3ff-fea3-4202]-9618&alias=ap2001.chtc.wisc.edu&noUDP&sock=schedd_4071840_2329>
...
040 (8017966.057.000) 2026-06-20 22:42:45 Started transferring input files
	Transferring to host: <10.32.89.77:46101?CCBID=128.105.82.148:9618%3faddrs%3d128.105.82.148-9618+[2607-f388-2200-9d-7ccb-bc08-2489-768a]-9618%26alias%3dospool-ccb.osg.chtc.io%26noUDP%26sock%3dcollector1#4286786%2067.58.49.91:9618%3faddrs%3d67.58.49.91-9618+[fdf0-17b3-c3ec-1f79-10-0-e-b69d]-9618%26alias%3dccb-2.ospool.osg-htc.org%26noUDP%26sock%3dcollector3#4278474&PrivNet=qa-v100-010.crc.nd.edu&addrs=10.32.89.77-46101&alias=qa-v100-010.crc.nd.edu&noUDP>
...
040 (8017966.057.000) 2026-06-20 22:42:57 Finished transferring input files
...
021 (8017966.057.000) 2026-06-20 22:42:57 Message from starter on slot1_1@glidein_1465428_436479782@qa-v100-010.crc.nd.edu:
	PREPARE_JOB (prepare-hook) succeeded (reported status 000): Using Singularity image openfe_1.11.1.sif
...
001 (8017966.057.000) 2026-06-20 22:42:57 Job executing on host: <10.32.89.77:43599?CCBID=128.105.82.148:9618%3faddrs%3d128.105.82.148-9618+[2607-f388-2200-9d-7ccb-bc08-2489-768a]-9618%26alias%3dospool-ccb.osg.chtc.io%26noUDP%26sock%3dcollector5#4283181%2067.58.49.91:9618%3faddrs%3d67.58.49.91-9618+[fdf0-17b3-c3ec-1f79-10-0-e-b69d]-9618%26alias%3dccb-2.ospool.osg-htc.org%26noUDP%26sock%3dcollector9#4283212&PrivNet=qa-v100-010.crc.nd.edu&addrs=10.32.89.77-43599&alias=qa-v100-010.crc.nd.edu&noUDP>
	SlotName: slot1_1@glidein_1465428_436479782@qa-v100-010.crc.nd.edu
	AvailableGPUs = { GPUs_GPU_cd535bd3 }
	CondorScratchDir = "/var/condor/execute/dir_1465413/glide_xxNLLo/execute/dir_1509027/scratch"
	Cpus = 1
	Disk = 16777216
	GPUs = 1
	GPUs_GPU_cd535bd3 = [ Id = "GPU-cd535bd3"; ClockMhz = 1380.0; Capability = 7.0; CoresPerCU = 64; DeviceName = "Tesla V100-PCIE-32GB"; DeviceUuid = "cd535bd3-3f5d-006a-d0cd-1dd955567ac1"; ECCEnabled = true; ComputeUnits = 80; NvidiaDriver = "580.159.03"; DriverVersion = 13.0; DevicePciBusId = "0000:86:00.0"; GlobalMemoryMb = 32494; MaxSupportedVersion = 13000 ]
	Memory = 16384
...
006 (8017966.057.000) 2026-06-20 22:43:07 Image size of job updated: 4741104
	191  -  MemoryUsage of job (MB)
	194732  -  ResidentSetSize of job (KB)
...
006 (8017966.057.000) 2026-06-20 22:48:08 Image size of job updated: 26623512
	2773  -  MemoryUsage of job (MB)
	2839092  -  ResidentSetSize of job (KB)
...
006 (8017966.057.000) 2026-06-20 22:58:09 Image size of job updated: 26631792
	2785  -  MemoryUsage of job (MB)
	2851108  -  ResidentSetSize of job (KB)
...
006 (8017966.057.000) 2026-06-20 23:03:10 Image size of job updated: 26638356
	2816  -  MemoryUsage of job (MB)
	2883316  -  ResidentSetSize of job (KB)
...
006 (8017966.057.000) 2026-06-20 23:08:10 Image size of job updated: 26643096
	2822  -  MemoryUsage of job (MB)
	2889268  -  ResidentSetSize of job (KB)
...
006 (8017966.057.000) 2026-06-20 23:13:11 Image size of job updated: 26647628
	2827  -  MemoryUsage of job (MB)
	2893876  -  ResidentSetSize of job (KB)
...
006 (8017966.057.000) 2026-06-20 23:18:11 Image size of job updated: 26650136
	2829  -  MemoryUsage of job (MB)
	2896564  -  ResidentSetSize of job (KB)
...
006 (8017966.057.000) 2026-06-20 23:23:12 Image size of job updated: 26653968
	2833  -  MemoryUsage of job (MB)
	2900404  -  ResidentSetSize of job (KB)
...
006 (8017966.057.000) 2026-06-20 23:28:12 Image size of job updated: 26656172
	2833  -  MemoryUsage of job (MB)
	2900404  -  ResidentSetSize of job (KB)
...
006 (8017966.057.000) 2026-06-20 23:33:13 Image size of job updated: 26663264
	2844  -  MemoryUsage of job (MB)
	2911668  -  ResidentSetSize of job (KB)
...
006 (8017966.057.000) 2026-06-20 23:38:13 Image size of job updated: 26666216
	2847  -  MemoryUsage of job (MB)
	2914628  -  ResidentSetSize of job (KB)
...
006 (8017966.057.000) 2026-06-20 23:43:14 Image size of job updated: 26666828
	2847  -  MemoryUsage of job (MB)
	2914628  -  ResidentSetSize of job (KB)
...
040 (8017966.057.000) 2026-06-20 23:45:06 Started transferring output files
...
040 (8017966.057.000) 2026-06-20 23:45:06 Finished transferring output files
...
005 (8017966.057.000) 2026-06-20 23:45:06 Job terminated.
	(1) Normal termination (return value 0)
		Usr 0 01:02:08, Sys 0 00:03:03  -  Run Remote Usage
		Usr 0 00:00:00, Sys 0 00:00:00  -  Run Local Usage
		Usr 0 01:02:08, Sys 0 00:03:03  -  Total Remote Usage
		Usr 0 00:00:00, Sys 0 00:00:00  -  Total Local Usage
	1161447  -  Run Bytes Sent By Job
	2781912613  -  Run Bytes Received By Job
	1161447  -  Total Bytes Sent By Job
	2781912613  -  Total Bytes Received By Job
	Partitionable Resources :      Usage  Request Allocated Assigned
	   Cpus                 :       1.00        1         1 
	   Disk (KB)            : 2727758    16777216  16777216 
	   GPUs                 :       0.79        1         1 "GPU-cd535bd3"
	   GpusMemory (MB)      :    4722                       
	   Memory (MB)          :    2847       16384     16384 
	   TimeExecute (s)      :    3728                       
	   TimeSlotBusy (s)     :    3742                       
...
