000 (8180963.255.000) 2026-06-24 12:19:47 Job submitted from host: <128.105.68.112:9618?addrs=128.105.68.112-9618+[2607-f388-2200-100-eaeb-d3ff-fea3-4202]-9618&alias=ap2001.chtc.wisc.edu&noUDP&sock=schedd_4071840_2329>
...
040 (8180963.255.000) 2026-06-24 19:24:28 Started transferring input files
	Transferring to host: <128.104.100.52:9618?addrs=128.104.100.52-9618+[2607-f388-107c-501-7ec2-55ff-fe99-a48c]-9618&alias=jcaicedogpu0000.chtc.wisc.edu&noUDP&sock=backfill1_3_12267_f60c_18812>
...
040 (8180963.255.000) 2026-06-24 19:26:30 Finished transferring input files
...
001 (8180963.255.000) 2026-06-24 19:26:30 Job executing on host: <128.104.100.52:9618?addrs=128.104.100.52-9618+[2607-f388-107c-501-7ec2-55ff-fe99-a48c]-9618&alias=jcaicedogpu0000.chtc.wisc.edu&noUDP&sock=startd_10725_0952>
	SlotName: backfill1_3@jcaicedogpu0000.chtc.wisc.edu
	AvailableGPUs = { GPUs_GPU_ecd073d0 }
	CondorScratchDir = "/var/lib/condor/execute/slot1/dir_2536146/scratch"
	Cpus = 1
	Disk = 16777216
	GPUs = 1
	GPUs_GPU_ecd073d0 = [ Id = "GPU-ecd073d0"; Capability = 8.9; DeviceName = "NVIDIA L40"; DeviceUuid = "ecd073d0-2efd-ed82-9e85-e5b0a45b9254"; ECCEnabled = true; NvidiaDriver = "570.195.03"; DriverVersion = 12.8; DevicePciBusId = "0000:D2:00.0"; GlobalMemoryMb = 45468; MaxSupportedVersion = 12080 ]
	IoHeavy = 0
	Memory = 16384
...
006 (8180963.255.000) 2026-06-24 19:26:39 Image size of job updated: 437608
	428  -  MemoryUsage of job (MB)
	437608  -  ResidentSetSize of job (KB)
...
006 (8180963.255.000) 2026-06-24 19:31:40 Image size of job updated: 949984
	927  -  MemoryUsage of job (MB)
	948552  -  ResidentSetSize of job (KB)
...
006 (8180963.255.000) 2026-06-24 19:36:40 Image size of job updated: 951604
	930  -  MemoryUsage of job (MB)
	951604  -  ResidentSetSize of job (KB)
...
006 (8180963.255.000) 2026-06-24 19:41:41 Image size of job updated: 958988
	937  -  MemoryUsage of job (MB)
	958988  -  ResidentSetSize of job (KB)
...
006 (8180963.255.000) 2026-06-24 19:46:41 Image size of job updated: 964560
	942  -  MemoryUsage of job (MB)
	964560  -  ResidentSetSize of job (KB)
...
006 (8180963.255.000) 2026-06-24 19:51:42 Image size of job updated: 973668
	951  -  MemoryUsage of job (MB)
	973668  -  ResidentSetSize of job (KB)
...
006 (8180963.255.000) 2026-06-24 19:56:43 Image size of job updated: 978860
	956  -  MemoryUsage of job (MB)
	978860  -  ResidentSetSize of job (KB)
...
006 (8180963.255.000) 2026-06-24 20:01:43 Image size of job updated: 982388
	956  -  MemoryUsage of job (MB)
	978860  -  ResidentSetSize of job (KB)
...
040 (8180963.255.000) 2026-06-24 20:05:48 Started transferring output files
...
040 (8180963.255.000) 2026-06-24 20:05:48 Finished transferring output files
...
005 (8180963.255.000) 2026-06-24 20:05:48 Job terminated.
	(1) Normal termination (return value 0)
		Usr 0 00:39:50, Sys 0 00:15:40  -  Run Remote Usage
		Usr 0 00:00:00, Sys 0 00:00:00  -  Run Local Usage
		Usr 0 00:39:50, Sys 0 00:15:40  -  Total Remote Usage
		Usr 0 00:00:00, Sys 0 00:00:00  -  Total Local Usage
	1581710  -  Run Bytes Sent By Job
	2781729164  -  Run Bytes Received By Job
	1581710  -  Total Bytes Sent By Job
	2781729164  -  Total Bytes Received By Job
	Partitionable Resources :      Usage  Request Allocated Assigned
	   Cpus                 :       1.35        1         1 
	   Disk (KB)            : 2729171    16777216  16777216 
	   GPUs                 :       0.83        1         1 "GPU-ecd073d0"
	   GpusMemory (MB)      :    6771                       
	   IoHeavy              :                             0 
	   Memory (MB)          :     956       16384     16384 
	   TimeExecute (s)      :    2358                       
	   TimeSlotBusy (s)     :    2480                       
...
