000 (8017966.081.000) 2026-06-20 22:07:54 Job submitted from host: <128.105.68.112:9618?addrs=128.105.68.112-9618+[2607-f388-2200-100-eaeb-d3ff-fea3-4202]-9618&alias=ap2001.chtc.wisc.edu&noUDP&sock=schedd_4071840_2329>
...
040 (8017966.081.000) 2026-06-20 22:59:53 Started transferring input files
	Transferring to host: <10.32.89.31:42337?CCBID=128.105.82.148:9618%3faddrs%3d128.105.82.148-9618+[2607-f388-2200-9d-7ccb-bc08-2489-768a]-9618%26alias%3dospool-ccb.osg.chtc.io%26noUDP%26sock%3dcollector2#4287332%2067.58.49.91:9618%3faddrs%3d67.58.49.91-9618+[fdf0-17b3-c3ec-1f79-10-0-e-b69d]-9618%26alias%3dccb-2.ospool.osg-htc.org%26noUDP%26sock%3dcollector6#4282804&PrivNet=qa-rtx6k-029.crc.nd.edu&addrs=10.32.89.31-42337&alias=qa-rtx6k-029.crc.nd.edu&noUDP>
...
040 (8017966.081.000) 2026-06-20 23:00:09 Finished transferring input files
...
021 (8017966.081.000) 2026-06-20 23:00:10 Message from starter on slot1_1@glidein_527408_867287106@qa-rtx6k-029.crc.nd.edu:
	PREPARE_JOB (prepare-hook) succeeded (reported status 000): Using Singularity image openfe_1.11.1.sif
...
001 (8017966.081.000) 2026-06-20 23:00:10 Job executing on host: <10.32.89.31:43649?CCBID=128.105.82.148:9618%3faddrs%3d128.105.82.148-9618+[2607-f388-2200-9d-7ccb-bc08-2489-768a]-9618%26alias%3dospool-ccb.osg.chtc.io%26noUDP%26sock%3dcollector4#4287356%2067.58.49.91:9618%3faddrs%3d67.58.49.91-9618+[fdf0-17b3-c3ec-1f79-10-0-e-b69d]-9618%26alias%3dccb-2.ospool.osg-htc.org%26noUDP%26sock%3dcollector10#4280560&PrivNet=qa-rtx6k-029.crc.nd.edu&addrs=10.32.89.31-43649&alias=qa-rtx6k-029.crc.nd.edu&noUDP>
	SlotName: slot1_1@glidein_527408_867287106@qa-rtx6k-029.crc.nd.edu
	AvailableGPUs = { GPUs_GPU_1f8b6fa8 }
	CondorScratchDir = "/var/condor/execute/dir_527405/glide_3oU1EZ/execute/dir_579289/scratch"
	Cpus = 1
	Disk = 16777216
	GPUs = 1
	GPUs_GPU_1f8b6fa8 = [ Id = "GPU-1f8b6fa8"; ClockMhz = 1620.0; Capability = 7.5; CoresPerCU = 64; DeviceName = "Quadro RTX 6000"; DeviceUuid = "1f8b6fa8-7b06-ed72-5dda-8efb2f975418"; ECCEnabled = true; ComputeUnits = 72; NvidiaDriver = "595.71.05"; DriverVersion = 13.2; DevicePciBusId = "0000:86:00.0"; GlobalMemoryMb = 22684; MaxSupportedVersion = 13020 ]
	Memory = 16384
...
006 (8017966.081.000) 2026-06-20 23:00:19 Image size of job updated: 4
	6  -  MemoryUsage of job (MB)
	5688  -  ResidentSetSize of job (KB)
...
006 (8017966.081.000) 2026-06-20 23:05:19 Image size of job updated: 24557932
	2290  -  MemoryUsage of job (MB)
	2344480  -  ResidentSetSize of job (KB)
...
006 (8017966.081.000) 2026-06-20 23:10:20 Image size of job updated: 24558936
	2290  -  MemoryUsage of job (MB)
	2344480  -  ResidentSetSize of job (KB)
...
006 (8017966.081.000) 2026-06-20 23:15:21 Image size of job updated: 24570920
	2299  -  MemoryUsage of job (MB)
	2353612  -  ResidentSetSize of job (KB)
...
006 (8017966.081.000) 2026-06-20 23:20:21 Image size of job updated: 24574532
	2307  -  MemoryUsage of job (MB)
	2361484  -  ResidentSetSize of job (KB)
...
006 (8017966.081.000) 2026-06-20 23:25:22 Image size of job updated: 24578916
	2330  -  MemoryUsage of job (MB)
	2385676  -  ResidentSetSize of job (KB)
...
006 (8017966.081.000) 2026-06-20 23:30:22 Image size of job updated: 24582744
	2334  -  MemoryUsage of job (MB)
	2389516  -  ResidentSetSize of job (KB)
...
006 (8017966.081.000) 2026-06-20 23:35:23 Image size of job updated: 24587244
	2338  -  MemoryUsage of job (MB)
	2393932  -  ResidentSetSize of job (KB)
...
006 (8017966.081.000) 2026-06-20 23:40:23 Image size of job updated: 24594420
	2345  -  MemoryUsage of job (MB)
	2401228  -  ResidentSetSize of job (KB)
...
006 (8017966.081.000) 2026-06-20 23:45:24 Image size of job updated: 24598320
	2349  -  MemoryUsage of job (MB)
	2404876  -  ResidentSetSize of job (KB)
...
006 (8017966.081.000) 2026-06-20 23:50:24 Image size of job updated: 24600996
	2352  -  MemoryUsage of job (MB)
	2407664  -  ResidentSetSize of job (KB)
...
040 (8017966.081.000) 2026-06-20 23:57:38 Started transferring output files
...
040 (8017966.081.000) 2026-06-20 23:57:38 Finished transferring output files
...
005 (8017966.081.000) 2026-06-20 23:57:39 Job terminated.
	(1) Normal termination (return value 0)
		Usr 0 00:57:25, Sys 0 00:02:58  -  Run Remote Usage
		Usr 0 00:00:00, Sys 0 00:00:00  -  Run Local Usage
		Usr 0 00:57:25, Sys 0 00:02:58  -  Total Remote Usage
		Usr 0 00:00:00, Sys 0 00:00:00  -  Total Local Usage
	1045314  -  Run Bytes Sent By Job
	2781830783  -  Run Bytes Received By Job
	1045314  -  Total Bytes Sent By Job
	2781830783  -  Total Bytes Received By Job
	Partitionable Resources :      Usage  Request Allocated Assigned
	   Cpus                 :       0.99        1         1 
	   Disk (KB)            : 2727663    16777216  16777216 
	   GPUs                 :       0.84        1         1 "GPU-1f8b6fa8"
	   GpusMemory (MB)      :    2787                       
	   Memory (MB)          :    2352       16384     16384 
	   TimeExecute (s)      :    3448                       
	   TimeSlotBusy (s)     :    3466                       
...
