000 (8180963.196.000) 2026-06-24 12:19:47 Job submitted from host: <128.105.68.112:9618?addrs=128.105.68.112-9618+[2607-f388-2200-100-eaeb-d3ff-fea3-4202]-9618&alias=ap2001.chtc.wisc.edu&noUDP&sock=schedd_4071840_2329>
...
040 (8180963.196.000) 2026-06-24 17:12:20 Started transferring input files
	Transferring to host: <128.105.69.2:9618?addrs=128.105.69.2-9618+[2607-f388-2200-100-a288-c2ff-fe54-e85a]-9618&alias=cxiaogpu4000.chtc.wisc.edu&noUDP&sock=backfill1_7_3422791_a64c_75922>
...
040 (8180963.196.000) 2026-06-24 17:12:40 Finished transferring input files
...
001 (8180963.196.000) 2026-06-24 17:12:40 Job executing on host: <128.105.69.2:9618?addrs=128.105.69.2-9618+[2607-f388-2200-100-a288-c2ff-fe54-e85a]-9618&alias=cxiaogpu4000.chtc.wisc.edu&noUDP&sock=startd_1559378_2ed7>
	SlotName: backfill1_7@cxiaogpu4000.chtc.wisc.edu
	AvailableGPUs = { GPUs_GPU_abbef2b2 }
	CondorScratchDir = "/var/lib/condor/execute/slot1/dir_1007820/scratch"
	Cpus = 1
	Disk = 16777216
	GPUs = 1
	GPUs_GPU_abbef2b2 = [ Id = "GPU-abbef2b2"; Capability = 8.0; DeviceName = "NVIDIA A100-SXM4-80GB"; DeviceUuid = "abbef2b2-84bc-2923-9c9b-5db74aa496b5"; ECCEnabled = true; NvidiaDriver = "570.195.03"; DriverVersion = 12.8; DevicePciBusId = "0000:0A:00.0"; GlobalMemoryMb = 81154; MaxSupportedVersion = 12080 ]
	IoHeavy = 0
	Memory = 16384
...
006 (8180963.196.000) 2026-06-24 17:12:49 Image size of job updated: 403520
	395  -  MemoryUsage of job (MB)
	403520  -  ResidentSetSize of job (KB)
...
006 (8180963.196.000) 2026-06-24 17:17:50 Image size of job updated: 4104272
	3463  -  MemoryUsage of job (MB)
	3545560  -  ResidentSetSize of job (KB)
...
006 (8180963.196.000) 2026-06-24 17:22:50 Image size of job updated: 4909324
	4795  -  MemoryUsage of job (MB)
	4909324  -  ResidentSetSize of job (KB)
...
006 (8180963.196.000) 2026-06-24 17:27:50 Image size of job updated: 5016672
	4795  -  MemoryUsage of job (MB)
	4909324  -  ResidentSetSize of job (KB)
...
006 (8180963.196.000) 2026-06-24 17:32:51 Image size of job updated: 5180664
	5060  -  MemoryUsage of job (MB)
	5180664  -  ResidentSetSize of job (KB)
...
006 (8180963.196.000) 2026-06-24 17:37:51 Image size of job updated: 5723436
	5221  -  MemoryUsage of job (MB)
	5346304  -  ResidentSetSize of job (KB)
...
006 (8180963.196.000) 2026-06-24 17:42:52 Image size of job updated: 5723436
	5298  -  MemoryUsage of job (MB)
	5424468  -  ResidentSetSize of job (KB)
...
006 (8180963.196.000) 2026-06-24 17:47:52 Image size of job updated: 6358656
	5897  -  MemoryUsage of job (MB)
	6037836  -  ResidentSetSize of job (KB)
...
040 (8180963.196.000) 2026-06-24 17:47:54 Started transferring output files
...
040 (8180963.196.000) 2026-06-24 17:47:54 Finished transferring output files
...
004 (8180963.196.000) 2026-06-24 17:47:55 Job was evicted.
	(0) Job terminated and was requeued
		Usr 0 00:52:33, Sys 0 00:02:37  -  Run Remote Usage
		Usr 0 00:00:00, Sys 0 00:00:00  -  Run Local Usage
	113307  -  Run Bytes Sent By Job
	2784281078  -  Run Bytes Received By Job
	(1) Normal termination (return value 1)
	The job attribute OnExitRemove expression 'NumJobCompletions > JobMaxRetries || ExitCode =?= 0' evaluated to FALSE
...
040 (8180963.196.000) 2026-06-24 17:48:23 Started transferring input files
	Transferring to host: <128.104.100.52:9618?addrs=128.104.100.52-9618+[2607-f388-107c-501-7ec2-55ff-fe99-a48c]-9618&alias=jcaicedogpu0000.chtc.wisc.edu&noUDP&sock=backfill1_6_12267_f60c_18593>
...
040 (8180963.196.000) 2026-06-24 17:48:47 Finished transferring input files
...
001 (8180963.196.000) 2026-06-24 17:48:47 Job executing on host: <128.104.100.52:9618?addrs=128.104.100.52-9618+[2607-f388-107c-501-7ec2-55ff-fe99-a48c]-9618&alias=jcaicedogpu0000.chtc.wisc.edu&noUDP&sock=startd_10725_0952>
	SlotName: backfill1_6@jcaicedogpu0000.chtc.wisc.edu
	AvailableGPUs = { GPUs_GPU_29f7db6c }
	CondorScratchDir = "/var/lib/condor/execute/slot1/dir_2272300/scratch"
	Cpus = 1
	Disk = 16777216
	GPUs = 1
	GPUs_GPU_29f7db6c = [ Id = "GPU-29f7db6c"; Capability = 8.9; DeviceName = "NVIDIA L40"; DeviceUuid = "29f7db6c-70b1-c03e-ec02-15769179123a"; ECCEnabled = true; NvidiaDriver = "570.195.03"; DriverVersion = 12.8; DevicePciBusId = "0000:57:00.0"; GlobalMemoryMb = 45468; MaxSupportedVersion = 12080 ]
	IoHeavy = 0
	Memory = 16384
...
040 (8180963.196.000) 2026-06-24 18:25:01 Started transferring output files
...
040 (8180963.196.000) 2026-06-24 18:25:01 Finished transferring output files
...
004 (8180963.196.000) 2026-06-24 18:25:01 Job was evicted.
	(0) Job terminated and was requeued
		Usr 0 00:49:43, Sys 0 00:01:43  -  Run Remote Usage
		Usr 0 00:00:00, Sys 0 00:00:00  -  Run Local Usage
	113326  -  Run Bytes Sent By Job
	2784281078  -  Run Bytes Received By Job
	(1) Normal termination (return value 1)
	The job attribute OnExitRemove expression 'NumJobCompletions > JobMaxRetries || ExitCode =?= 0' evaluated to FALSE
...
040 (8180963.196.000) 2026-06-24 18:26:03 Started transferring input files
	Transferring to host: <128.104.100.52:9618?addrs=128.104.100.52-9618+[2607-f388-107c-501-7ec2-55ff-fe99-a48c]-9618&alias=jcaicedogpu0000.chtc.wisc.edu&noUDP&sock=backfill1_1_12267_f60c_18666>
...
040 (8180963.196.000) 2026-06-24 18:29:41 Finished transferring input files
...
001 (8180963.196.000) 2026-06-24 18:29:41 Job executing on host: <128.104.100.52:9618?addrs=128.104.100.52-9618+[2607-f388-107c-501-7ec2-55ff-fe99-a48c]-9618&alias=jcaicedogpu0000.chtc.wisc.edu&noUDP&sock=startd_10725_0952>
	SlotName: backfill1_1@jcaicedogpu0000.chtc.wisc.edu
	AvailableGPUs = { GPUs_GPU_c319b267 }
	CondorScratchDir = "/var/lib/condor/execute/slot1/dir_2364201/scratch"
	Cpus = 1
	Disk = 16777216
	GPUs = 1
	GPUs_GPU_c319b267 = [ Id = "GPU-c319b267"; Capability = 8.9; DeviceName = "NVIDIA L40"; DeviceUuid = "c319b267-26e0-82fd-a5dd-6201b912ce94"; ECCEnabled = true; NvidiaDriver = "570.195.03"; DriverVersion = 12.8; DevicePciBusId = "0000:D6:00.0"; GlobalMemoryMb = 45468; MaxSupportedVersion = 12080 ]
	IoHeavy = 0
	Memory = 16384
...
040 (8180963.196.000) 2026-06-24 19:04:59 Started transferring output files
...
040 (8180963.196.000) 2026-06-24 19:04:59 Finished transferring output files
...
004 (8180963.196.000) 2026-06-24 19:05:00 Job was evicted.
	(0) Job terminated and was requeued
		Usr 0 00:48:46, Sys 0 00:01:52  -  Run Remote Usage
		Usr 0 00:00:00, Sys 0 00:00:00  -  Run Local Usage
	113326  -  Run Bytes Sent By Job
	2784281078  -  Run Bytes Received By Job
	(1) Normal termination (return value 1)
	The job attribute OnExitRemove expression 'NumJobCompletions > JobMaxRetries || ExitCode =?= 0' evaluated to FALSE
...
040 (8180963.196.000) 2026-06-24 19:06:25 Started transferring input files
	Transferring to host: <128.105.76.52:9618?addrs=128.105.76.52-9618+[2607-f388-2200-100-b65c-b5ff-fe81-e53e]-9618&alias=dbrundage-chtcgpu5000.chtc.wisc.edu&noUDP&sock=backfill1_3_11313_c825_24083>
...
040 (8180963.196.000) 2026-06-24 19:06:44 Finished transferring input files
...
001 (8180963.196.000) 2026-06-24 19:06:44 Job executing on host: <128.105.76.52:9618?addrs=128.105.76.52-9618+[2607-f388-2200-100-b65c-b5ff-fe81-e53e]-9618&alias=dbrundage-chtcgpu5000.chtc.wisc.edu&noUDP&sock=startd_10956_7bb2>
	SlotName: backfill1_3@dbrundage-chtcgpu5000.chtc.wisc.edu
	AvailableGPUs = { GPUs_GPU_89711c58 }
	CondorScratchDir = "/var/lib/condor/execute/slot1/dir_2614489/scratch"
	Cpus = 1
	Disk = 16777216
	GPUs = 1
	GPUs_GPU_89711c58 = [ Id = "GPU-89711c58"; Capability = 9.0; DeviceName = "NVIDIA H200"; DeviceUuid = "89711c58-2491-4da3-66bc-205872c162a4"; ECCEnabled = true; NvidiaDriver = "590.48.01"; DriverVersion = 13.1; DevicePciBusId = "0000:3B:00.0"; GlobalMemoryMb = 143158; MaxSupportedVersion = 13010 ]
	IoHeavy = 0
	Memory = 16384
...
040 (8180963.196.000) 2026-06-24 19:40:03 Started transferring output files
...
040 (8180963.196.000) 2026-06-24 19:40:03 Finished transferring output files
...
004 (8180963.196.000) 2026-06-24 19:40:03 Job was evicted.
	(0) Job terminated and was requeued
		Usr 0 00:44:06, Sys 0 00:02:47  -  Run Remote Usage
		Usr 0 00:00:00, Sys 0 00:00:00  -  Run Local Usage
	113426  -  Run Bytes Sent By Job
	2784281078  -  Run Bytes Received By Job
	(1) Normal termination (return value 1)
	The job attribute OnExitRemove expression 'NumJobCompletions > JobMaxRetries || ExitCode =?= 0' evaluated to FALSE
...
040 (8180963.196.000) 2026-06-24 19:40:45 Started transferring input files
	Transferring to host: <10.196.31.20:33045?CCBID=128.105.82.148:9618%3faddrs%3d128.105.82.148-9618+[2607-f388-2200-9d-7ccb-bc08-2489-7689]-9618%26alias%3dospool-ccb.osg.chtc.io%26noUDP%26sock%3dcollector6#4760641%2067.58.49.91:9618%3faddrs%3d67.58.49.91-9618+[fdf0-17b3-c3ec-1f79-10-0-d-2091]-9618%26alias%3dccb-2.ospool.osg-htc.org%26noUDP%26sock%3dcollector4#4748292&PrivNet=epyc10&addrs=10.196.31.20-33045&alias=epyc10&noUDP>
...
040 (8180963.196.000) 2026-06-24 19:41:21 Finished transferring input files
...
021 (8180963.196.000) 2026-06-24 19:41:21 Message from starter on slot1_5@glidein_613427_83578868@epyc10:
	PREPARE_JOB (prepare-hook) succeeded (reported status 000): Using Singularity image openfe_1.11.1.sif
...
001 (8180963.196.000) 2026-06-24 19:41:21 Job executing on host: <10.196.31.20:41407?CCBID=128.105.82.148:9618%3faddrs%3d128.105.82.148-9618+[2607-f388-2200-9d-7ccb-bc08-2489-7689]-9618%26alias%3dospool-ccb.osg.chtc.io%26noUDP%26sock%3dcollector5#4743647%2067.58.49.91:9618%3faddrs%3d67.58.49.91-9618+[fdf0-17b3-c3ec-1f79-10-0-d-2091]-9618%26alias%3dccb-2.ospool.osg-htc.org%26noUDP%26sock%3dcollector5#4744292&PrivNet=epyc10&addrs=10.196.31.20-41407&alias=epyc10&noUDP>
	SlotName: slot1_5@glidein_613427_83578868@epyc10
	AvailableGPUs = { GPUs_GPU_f104d740 }
	CondorScratchDir = "/mnt/internal/osg01/glide_VAUTie/execute/dir_788010/scratch"
	Cpus = 1
	Disk = 16777216
	GPUs = 1
	GPUs_GPU_f104d740 = [ Id = "GPU-f104d740"; ClockMhz = 1410.0; Capability = 8.0; CoresPerCU = 64; DeviceName = "NVIDIA A100 80GB PCIe"; DeviceUuid = "f104d740-1f92-83e4-69ca-c1bc496e0509"; ECCEnabled = true; ComputeUnits = 108; NvidiaDriver = "595.71.05"; DriverVersion = 13.2; DevicePciBusId = "0000:01:00.0"; GlobalMemoryMb = 81153; MaxSupportedVersion = 13020 ]
	Memory = 16384
...
006 (8180963.196.000) 2026-06-24 19:46:31 Image size of job updated: 44543188
	7325  -  MemoryUsage of job (MB)
	7500000  -  ResidentSetSize of job (KB)
...
006 (8180963.196.000) 2026-06-24 19:51:31 Image size of job updated: 49170840
	7325  -  MemoryUsage of job (MB)
	7500000  -  ResidentSetSize of job (KB)
...
006 (8180963.196.000) 2026-06-24 19:56:31 Image size of job updated: 54748984
	7325  -  MemoryUsage of job (MB)
	7500000  -  ResidentSetSize of job (KB)
...
006 (8180963.196.000) 2026-06-24 20:11:33 Image size of job updated: 55389372
	7325  -  MemoryUsage of job (MB)
	7500000  -  ResidentSetSize of job (KB)
...
006 (8180963.196.000) 2026-06-24 20:24:51 Image size of job updated: 56156428
	7731  -  MemoryUsage of job (MB)
	7916048  -  ResidentSetSize of job (KB)
...
040 (8180963.196.000) 2026-06-24 20:24:51 Started transferring output files
...
040 (8180963.196.000) 2026-06-24 20:24:52 Finished transferring output files
...
004 (8180963.196.000) 2026-06-24 20:24:52 Job was evicted.
	(0) Job terminated and was requeued
		Usr 0 00:47:22, Sys 0 00:01:27  -  Run Remote Usage
		Usr 0 00:00:00, Sys 0 00:00:00  -  Run Local Usage
	106074  -  Run Bytes Sent By Job
	2784281078  -  Run Bytes Received By Job
	(1) Normal termination (return value 1)
	The job attribute OnExitRemove expression 'NumJobCompletions > JobMaxRetries || ExitCode =?= 0' evaluated to FALSE
...
040 (8180963.196.000) 2026-06-24 20:29:32 Started transferring input files
	Transferring to host: <128.105.69.47:9618?addrs=128.105.69.47-9618+[2607-f388-2200-100-527c-6fff-fe66-eac6]-9618&alias=amuraligpu4000.chtc.wisc.edu&noUDP&sock=backfill1_4_1332502_f3e3_102108>
...
040 (8180963.196.000) 2026-06-24 20:29:49 Finished transferring input files
...
001 (8180963.196.000) 2026-06-24 20:29:49 Job executing on host: <128.105.69.47:9618?addrs=128.105.69.47-9618+[2607-f388-2200-100-527c-6fff-fe66-eac6]-9618&alias=amuraligpu4000.chtc.wisc.edu&noUDP&sock=startd_11579_cf33>
	SlotName: backfill1_4@amuraligpu4000.chtc.wisc.edu
	AvailableGPUs = { GPUs_GPU_4129e82c }
	CondorScratchDir = "/var/lib/condor/execute/slot1/dir_2160399/scratch"
	Cpus = 1
	Disk = 16777216
	GPUs = 1
	GPUs_GPU_4129e82c = [ Id = "GPU-4129e82c"; Capability = 8.9; DeviceName = "NVIDIA L40S"; DeviceUuid = "4129e82c-a437-e236-45f4-7a3c936b03d5"; ECCEnabled = true; NvidiaDriver = "570.195.03"; DriverVersion = 12.8; DevicePciBusId = "0000:99:00.0"; GlobalMemoryMb = 45468; MaxSupportedVersion = 12080 ]
	IoHeavy = 0
	Memory = 16384
...
040 (8180963.196.000) 2026-06-24 20:59:16 Started transferring output files
...
040 (8180963.196.000) 2026-06-24 20:59:17 Finished transferring output files
...
004 (8180963.196.000) 2026-06-24 20:59:17 Job was evicted.
	(0) Job terminated and was requeued
		Usr 0 00:36:49, Sys 0 00:01:29  -  Run Remote Usage
		Usr 0 00:00:00, Sys 0 00:00:00  -  Run Local Usage
	113321  -  Run Bytes Sent By Job
	2784281078  -  Run Bytes Received By Job
	(1) Normal termination (return value 1)
	The job attribute OnExitRemove expression 'NumJobCompletions > JobMaxRetries || ExitCode =?= 0' evaluated to FALSE
...
040 (8180963.196.000) 2026-06-24 21:04:36 Started transferring input files
	Transferring to host: <128.105.69.34:9618?addrs=128.105.69.34-9618+[2607-f388-2200-100-527c-6fff-fe66-ea4a]-9618&alias=mkhodakgpu4000.chtc.wisc.edu&noUDP&sock=backfill1_4_2685916_8d1f_105059>
...
040 (8180963.196.000) 2026-06-24 21:04:48 Finished transferring input files
...
001 (8180963.196.000) 2026-06-24 21:04:48 Job executing on host: <128.105.69.34:9618?addrs=128.105.69.34-9618+[2607-f388-2200-100-527c-6fff-fe66-ea4a]-9618&alias=mkhodakgpu4000.chtc.wisc.edu&noUDP&sock=startd_11796_a740>
	SlotName: backfill1_4@mkhodakgpu4000.chtc.wisc.edu
	AvailableGPUs = { GPUs_GPU_e7909c1c }
	CondorScratchDir = "/var/lib/condor/execute/slot1/dir_902589/scratch"
	Cpus = 1
	Disk = 16777216
	GPUs = 1
	GPUs_GPU_e7909c1c = [ Id = "GPU-e7909c1c"; Capability = 8.9; DeviceName = "NVIDIA L40S"; DeviceUuid = "e7909c1c-0560-c68e-8a18-98d34f085c93"; ECCEnabled = true; NvidiaDriver = "570.195.03"; DriverVersion = 12.8; DevicePciBusId = "0000:99:00.0"; GlobalMemoryMb = 45468; MaxSupportedVersion = 12080 ]
	IoHeavy = 0
	Memory = 16384
...
040 (8180963.196.000) 2026-06-24 21:33:32 Started transferring output files
...
040 (8180963.196.000) 2026-06-24 21:33:32 Finished transferring output files
...
004 (8180963.196.000) 2026-06-24 21:33:32 Job was evicted.
	(0) Job terminated and was requeued
		Usr 0 00:35:28, Sys 0 00:01:13  -  Run Remote Usage
		Usr 0 00:00:00, Sys 0 00:00:00  -  Run Local Usage
	113315  -  Run Bytes Sent By Job
	2784281078  -  Run Bytes Received By Job
	(1) Normal termination (return value 1)
	The job attribute OnExitRemove expression 'NumJobCompletions > JobMaxRetries || ExitCode =?= 0' evaluated to FALSE
...
040 (8180963.196.000) 2026-06-24 21:34:38 Started transferring input files
	Transferring to host: <10.1.1.131:40873?CCBID=128.105.82.148:9618%3faddrs%3d128.105.82.148-9618+[2607-f388-2200-9d-7ccb-bc08-2489-7689]-9618%26alias%3dospool-ccb.osg.chtc.io%26noUDP%26sock%3dcollector1#4771223%2067.58.49.91:9618%3faddrs%3d67.58.49.91-9618+[fdf0-17b3-c3ec-1f79-10-0-d-2091]-9618%26alias%3dccb-2.ospool.osg-htc.org%26noUDP%26sock%3dcollector7#4764487&PrivNet=gpu01&addrs=10.1.1.131-40873&alias=gpu01&noUDP>
...
040 (8180963.196.000) 2026-06-24 21:39:26 Finished transferring input files
...
021 (8180963.196.000) 2026-06-24 21:39:26 Message from starter on slot1_7@glidein_284611_194995072@gpu01:
	PREPARE_JOB (prepare-hook) succeeded (reported status 000): Using Singularity image openfe_1.11.1.sif
...
001 (8180963.196.000) 2026-06-24 21:39:26 Job executing on host: <10.1.1.131:37651?CCBID=128.105.82.148:9618%3faddrs%3d128.105.82.148-9618+[2607-f388-2200-9d-7ccb-bc08-2489-7689]-9618%26alias%3dospool-ccb.osg.chtc.io%26noUDP%26sock%3dcollector4#4758701%2067.58.49.91:9618%3faddrs%3d67.58.49.91-9618+[fdf0-17b3-c3ec-1f79-10-0-d-2091]-9618%26alias%3dccb-2.ospool.osg-htc.org%26noUDP%26sock%3dcollector4#4748566&PrivNet=gpu01&addrs=10.1.1.131-37651&alias=gpu01&noUDP>
	SlotName: slot1_7@glidein_284611_194995072@gpu01
	AvailableGPUs = { GPUs_GPU_30c0665d }
	CondorScratchDir = "/tmp/glide_SmlaRU/execute/dir_426992/scratch"
	Cpus = 1
	Disk = 16777216
	GPUs = 1
	GPUs_GPU_30c0665d = [ Id = "GPU-30c0665d"; ClockMhz = 1740.0; Capability = 8.6; CoresPerCU = 128; DeviceName = "NVIDIA A40"; DeviceUuid = "30c0665d-1160-c247-7d9f-25db14cde51f"; ECCEnabled = true; ComputeUnits = 84; NvidiaDriver = "595.71.05"; DriverVersion = 13.2; DevicePciBusId = "0000:81:00.0"; GlobalMemoryMb = 45739; MaxSupportedVersion = 13020 ]
	Memory = 16384
...
040 (8180963.196.000) 2026-06-24 22:21:33 Started transferring output files
...
040 (8180963.196.000) 2026-06-24 22:21:33 Finished transferring output files
...
004 (8180963.196.000) 2026-06-24 22:21:35 Job was evicted.
	(0) Job terminated and was requeued
		Usr 0 00:49:25, Sys 0 00:00:35  -  Run Remote Usage
		Usr 0 00:00:00, Sys 0 00:00:00  -  Run Local Usage
	106161  -  Run Bytes Sent By Job
	2784281078  -  Run Bytes Received By Job
	(1) Normal termination (return value 1)
	The job attribute OnExitRemove expression 'NumJobCompletions > JobMaxRetries || ExitCode =?= 0' evaluated to FALSE
...
040 (8180963.196.000) 2026-06-24 22:21:42 Started transferring input files
	Transferring to host: <128.105.68.100:9618?addrs=128.105.68.100-9618+[2607-f388-2200-100-ac0-ebff-fe99-9a48]-9618&alias=gpu2008.chtc.wisc.edu&noUDP&sock=slot2_3_160879_8f27_92467>
...
040 (8180963.196.000) 2026-06-24 22:48:16 Finished transferring input files
...
001 (8180963.196.000) 2026-06-24 22:48:16 Job executing on host: <128.105.68.100:9618?addrs=128.105.68.100-9618+[2607-f388-2200-100-ac0-ebff-fe99-9a48]-9618&alias=gpu2008.chtc.wisc.edu&noUDP&sock=startd_12349_f71f>
	SlotName: slot2_3@gpu2008.chtc.wisc.edu
	AvailableGPUs = { GPUs_GPU_ff708371_0893_0d85_ae2b_0810d095e111 }
	CondorScratchDir = "/var/lib/condor/execute/slot2/dir_2381365/scratch"
	Cpus = 1
	Disk = 16777216
	GPUs = 1
	GPUs_GPU_ff708371_0893_0d85_ae2b_0810d095e111 = [ Id = "GPU-ff708371-0893-0d85-ae2b-0810d095e111"; Capability = 8.0; DeviceName = "NVIDIA A100-SXM4-80GB"; DeviceUuid = "ff708371-0893-0d85-ae2b-0810d095e111"; ECCEnabled = true; NvidiaDriver = "570.195.03"; DriverVersion = 12.8; DevicePciBusId = "0000:81:00.0"; GlobalMemoryMb = 81154; MaxSupportedVersion = 12080 ]
	Memory = 16384
...
040 (8180963.196.000) 2026-06-24 23:24:58 Started transferring output files
...
040 (8180963.196.000) 2026-06-24 23:24:58 Finished transferring output files
...
004 (8180963.196.000) 2026-06-24 23:24:59 Job was evicted.
	(0) Job terminated and was requeued
		Usr 0 01:51:25, Sys 0 00:08:29  -  Run Remote Usage
		Usr 0 00:00:00, Sys 0 00:00:00  -  Run Local Usage
	113273  -  Run Bytes Sent By Job
	2784281078  -  Run Bytes Received By Job
	(1) Normal termination (return value 1)
	The job attribute OnExitRemove expression 'NumJobCompletions > JobMaxRetries || ExitCode =?= 0' evaluated to FALSE
...
040 (8180963.196.000) 2026-06-24 23:25:17 Started transferring input files
	Transferring to host: <128.105.69.47:9618?addrs=128.105.69.47-9618+[2607-f388-2200-100-527c-6fff-fe66-eac6]-9618&alias=amuraligpu4000.chtc.wisc.edu&noUDP&sock=backfill1_4_1332502_f3e3_102461>
...
040 (8180963.196.000) 2026-06-24 23:27:57 Finished transferring input files
...
001 (8180963.196.000) 2026-06-24 23:27:57 Job executing on host: <128.105.69.47:9618?addrs=128.105.69.47-9618+[2607-f388-2200-100-527c-6fff-fe66-eac6]-9618&alias=amuraligpu4000.chtc.wisc.edu&noUDP&sock=startd_11579_cf33>
	SlotName: backfill1_4@amuraligpu4000.chtc.wisc.edu
	AvailableGPUs = { GPUs_GPU_4129e82c }
	CondorScratchDir = "/var/lib/condor/execute/slot1/dir_2591254/scratch"
	Cpus = 1
	Disk = 16777216
	GPUs = 1
	GPUs_GPU_4129e82c = [ Id = "GPU-4129e82c"; Capability = 8.9; DeviceName = "NVIDIA L40S"; DeviceUuid = "4129e82c-a437-e236-45f4-7a3c936b03d5"; ECCEnabled = true; NvidiaDriver = "570.195.03"; DriverVersion = 12.8; DevicePciBusId = "0000:99:00.0"; GlobalMemoryMb = 45468; MaxSupportedVersion = 12080 ]
	IoHeavy = 0
	Memory = 16384
...
040 (8180963.196.000) 2026-06-24 23:57:00 Started transferring output files
...
040 (8180963.196.000) 2026-06-24 23:57:00 Finished transferring output files
...
004 (8180963.196.000) 2026-06-24 23:57:01 Job was evicted.
	(0) Job terminated and was requeued
		Usr 0 00:48:36, Sys 0 00:01:58  -  Run Remote Usage
		Usr 0 00:00:00, Sys 0 00:00:00  -  Run Local Usage
	113311  -  Run Bytes Sent By Job
	2784281078  -  Run Bytes Received By Job
	(1) Normal termination (return value 1)
	The job attribute OnExitRemove expression 'NumJobCompletions > JobMaxRetries || ExitCode =?= 0' evaluated to FALSE
...
040 (8180963.196.000) 2026-06-24 23:57:16 Started transferring input files
	Transferring to host: <10.1.1.138:46607?CCBID=128.105.82.148:9618%3faddrs%3d128.105.82.148-9618+[2607-f388-2200-9d-7ccb-bc08-2489-7689]-9618%26alias%3dospool-ccb.osg.chtc.io%26noUDP%26sock%3dcollector7#4782836%2067.58.49.91:9618%3faddrs%3d67.58.49.91-9618+[fdf0-17b3-c3ec-1f79-10-0-d-2091]-9618%26alias%3dccb-2.ospool.osg-htc.org%26noUDP%26sock%3dcollector7#4778594&PrivNet=gpu08&addrs=10.1.1.138-46607&alias=gpu08&noUDP>
...
040 (8180963.196.000) 2026-06-25 00:01:29 Finished transferring input files
...
021 (8180963.196.000) 2026-06-25 00:01:29 Message from starter on slot1_5@glidein_431261_919144743@gpu08:
	PREPARE_JOB (prepare-hook) succeeded (reported status 000): Using Singularity image openfe_1.11.1.sif
...
001 (8180963.196.000) 2026-06-25 00:01:29 Job executing on host: <10.1.1.138:39939?CCBID=128.105.82.148:9618%3faddrs%3d128.105.82.148-9618+[2607-f388-2200-9d-7ccb-bc08-2489-7689]-9618%26alias%3dospool-ccb.osg.chtc.io%26noUDP%26sock%3dcollector7#4701775%2067.58.49.91:9618%3faddrs%3d67.58.49.91-9618+[fdf0-17b3-c3ec-1f79-10-0-d-2091]-9618%26alias%3dccb-2.ospool.osg-htc.org%26noUDP%26sock%3dcollector1#4697411&PrivNet=gpu08&addrs=10.1.1.138-39939&alias=gpu08&noUDP>
	SlotName: slot1_5@glidein_431261_919144743@gpu08
	AvailableGPUs = { GPUs_GPU_d03d13d4 }
	CondorScratchDir = "/tmp/glide_cSIcqM/execute/dir_1498695/scratch"
	Cpus = 1
	Disk = 16777216
	GPUs = 1
	GPUs_GPU_d03d13d4 = [ Id = "GPU-d03d13d4"; ClockMhz = 1695.0; Capability = 8.6; CoresPerCU = 128; DeviceName = "NVIDIA RTX A5000"; DeviceUuid = "d03d13d4-e70a-462f-43c9-055c86801d17"; ECCEnabled = false; ComputeUnits = 64; NvidiaDriver = "610.43.02"; DriverVersion = 13.3; DevicePciBusId = "0000:C1:00.0"; GlobalMemoryMb = 24361; MaxSupportedVersion = 13030 ]
	Memory = 16384
...
040 (8180963.196.000) 2026-06-25 01:00:49 Started transferring output files
...
040 (8180963.196.000) 2026-06-25 01:00:49 Finished transferring output files
...
005 (8180963.196.000) 2026-06-25 01:00:51 Job terminated.
	(1) Normal termination (return value 1)
		Usr 0 01:05:07, Sys 0 00:00:41  -  Run Remote Usage
		Usr 0 00:00:00, Sys 0 00:00:00  -  Run Local Usage
		Usr 0 09:49:20, Sys 0 00:24:51  -  Total Remote Usage
		Usr 0 00:00:00, Sys 0 00:00:00  -  Total Local Usage
	106185  -  Run Bytes Sent By Job
	2784281078  -  Run Bytes Received By Job
	1225025  -  Total Bytes Sent By Job
	30627091858  -  Total Bytes Received By Job
	Partitionable Resources :      Usage  Request Allocated Assigned
	   Cpus                 :       1.00        1         1 
	   Disk (KB)            : 3177018    16777216  16777216 
	   GPUs                 :       0.09        1         1 "GPU-d03d13d4"
	   GpusMemory (MB)      :    4982                       
	   Memory (MB)          :    9766       16384     16384 
	   TimeExecute (s)      :    3560                       
	   TimeSlotBusy (s)     :    3814                       
...
