000 (8018100.056.000) 2026-06-21 13:37:20 Job submitted from host: <128.105.68.112:9618?addrs=128.105.68.112-9618+[2607-f388-2200-100-eaeb-d3ff-fea3-4202]-9618&alias=ap2001.chtc.wisc.edu&noUDP&sock=schedd_4071840_2329>
...
040 (8018100.056.000) 2026-06-21 14:01:13 Started transferring input files
	Transferring to host: <128.105.68.5:9618?addrs=128.105.68.5-9618+[2607-f388-2200-100-eaeb-d3ff-fe53-f4a0]-9618&alias=gpulab2005.chtc.wisc.edu&noUDP&sock=slot2_4_2487031_13a7_76935>
...
040 (8018100.056.000) 2026-06-21 14:01:26 Finished transferring input files
...
001 (8018100.056.000) 2026-06-21 14:01:26 Job executing on host: <128.105.68.5:9618?addrs=128.105.68.5-9618+[2607-f388-2200-100-eaeb-d3ff-fe53-f4a0]-9618&alias=gpulab2005.chtc.wisc.edu&noUDP&sock=startd_12121_9388>
	SlotName: slot2_4@gpulab2005.chtc.wisc.edu
	AvailableGPUs = { GPUs_GPU_fb408d80 }
	CondorScratchDir = "/var/lib/condor/execute/slot2/dir_3948477/scratch"
	Cpus = 1
	Disk = 16777216
	GPUs = 1
	GPUs_GPU_fb408d80 = [ Id = "GPU-fb408d80"; Capability = 8.0; DeviceName = "NVIDIA A100-SXM4-40GB"; DeviceUuid = "fb408d80-a280-f774-c4b8-7390fd55f4c0"; ECCEnabled = true; NvidiaDriver = "570.195.03"; DriverVersion = 12.8; DevicePciBusId = "0000:C1:00.0"; GlobalMemoryMb = 40442; MaxSupportedVersion = 12080 ]
	IoHeavy = 0
	Memory = 16384
...
006 (8018100.056.000) 2026-06-21 14:01:29 Image size of job updated: 188
	0  -  MemoryUsage of job (MB)
	0  -  ResidentSetSize of job (KB)
...
040 (8018100.056.000) 2026-06-21 14:01:29 Started transferring output files
...
040 (8018100.056.000) 2026-06-21 14:01:29 Finished transferring output files
...
004 (8018100.056.000) 2026-06-21 14:01:30 Job was evicted.
	(0) Job terminated and was requeued
		Usr 0 00:00:02, Sys 0 00:00:00  -  Run Remote Usage
		Usr 0 00:00:00, Sys 0 00:00:00  -  Run Local Usage
	445  -  Run Bytes Sent By Job
	2781794200  -  Run Bytes Received By Job
	(1) Normal termination (return value 2)
	The job attribute OnExitRemove expression 'NumJobCompletions > JobMaxRetries || ExitCode =?= 0' evaluated to FALSE
...
040 (8018100.056.000) 2026-06-21 14:03:46 Started transferring input files
	Transferring to host: <128.104.100.118:9618?addrs=128.104.100.118-9618+[2607-f388-107c-501-26d-aeff-fe1f-6b20]-9618&alias=jcaicedogpu0004.chtc.wisc.edu&noUDP&sock=backfill1_4_4107613_b354_100872>
...
040 (8018100.056.000) 2026-06-21 14:03:57 Finished transferring input files
...
001 (8018100.056.000) 2026-06-21 14:03:57 Job executing on host: <128.104.100.118:9618?addrs=128.104.100.118-9618+[2607-f388-107c-501-26d-aeff-fe1f-6b20]-9618&alias=jcaicedogpu0004.chtc.wisc.edu&noUDP&sock=startd_10858_436a>
	SlotName: backfill1_4@jcaicedogpu0004.chtc.wisc.edu
	AvailableGPUs = { GPUs_GPU_15ef4041 }
	CondorScratchDir = "/var/lib/condor/execute/slot1/dir_1091505/scratch"
	Cpus = 1
	Disk = 16777216
	GPUs = 1
	GPUs_GPU_15ef4041 = [ Id = "GPU-15ef4041"; Capability = 8.9; DeviceName = "NVIDIA L40S"; DeviceUuid = "15ef4041-a338-d8b1-af1c-286c00948d22"; ECCEnabled = true; NvidiaDriver = "570.195.03"; DriverVersion = 12.8; DevicePciBusId = "0000:21:00.0"; GlobalMemoryMb = 45468; MaxSupportedVersion = 12080 ]
	IoHeavy = 0
	Memory = 16384
...
006 (8018100.056.000) 2026-06-21 14:03:59 Image size of job updated: 268
	0  -  MemoryUsage of job (MB)
	0  -  ResidentSetSize of job (KB)
...
040 (8018100.056.000) 2026-06-21 14:03:59 Started transferring output files
...
040 (8018100.056.000) 2026-06-21 14:03:59 Finished transferring output files
...
004 (8018100.056.000) 2026-06-21 14:04:00 Job was evicted.
	(0) Job terminated and was requeued
		Usr 0 00:00:01, Sys 0 00:00:00  -  Run Remote Usage
		Usr 0 00:00:00, Sys 0 00:00:00  -  Run Local Usage
	450  -  Run Bytes Sent By Job
	2781794200  -  Run Bytes Received By Job
	(1) Normal termination (return value 2)
	The job attribute OnExitRemove expression 'NumJobCompletions > JobMaxRetries || ExitCode =?= 0' evaluated to FALSE
...
040 (8018100.056.000) 2026-06-21 14:05:11 Started transferring input files
	Transferring to host: <10.1.1.131:41757?CCBID=128.105.82.148:9618%3faddrs%3d128.105.82.148-9618+[2607-f388-2200-9d-7ccb-bc08-2489-768a]-9618%26alias%3dospool-ccb.osg.chtc.io%26noUDP%26sock%3dcollector5#4326354%2067.58.49.91:9618%3faddrs%3d67.58.49.91-9618+[fdf0-17b3-c3ec-1f79-10-0-e-b69d]-9618%26alias%3dccb-2.ospool.osg-htc.org%26noUDP%26sock%3dcollector5#4324790&PrivNet=gpu01&addrs=10.1.1.131-41757&alias=gpu01&noUDP>
...
040 (8018100.056.000) 2026-06-21 14:05:31 Finished transferring input files
...
021 (8018100.056.000) 2026-06-21 14:05:31 Message from starter on slot1_1@glidein_2647050_104374788@gpu01:
	PREPARE_JOB (prepare-hook) succeeded (reported status 000): Using Singularity image openfe_1.11.1.sif
...
001 (8018100.056.000) 2026-06-21 14:05:31 Job executing on host: <10.1.1.131:41341?CCBID=128.105.82.148:9618%3faddrs%3d128.105.82.148-9618+[2607-f388-2200-9d-7ccb-bc08-2489-768a]-9618%26alias%3dospool-ccb.osg.chtc.io%26noUDP%26sock%3dcollector6#4331254%2067.58.49.91:9618%3faddrs%3d67.58.49.91-9618+[fdf0-17b3-c3ec-1f79-10-0-e-b69d]-9618%26alias%3dccb-2.ospool.osg-htc.org%26noUDP%26sock%3dcollector2#4325785&PrivNet=gpu01&addrs=10.1.1.131-41341&alias=gpu01&noUDP>
	SlotName: slot1_1@glidein_2647050_104374788@gpu01
	AvailableGPUs = { GPUs_GPU_23ecf0d7 }
	CondorScratchDir = "/tmp/glide_CcP9XM/execute/dir_2670247/scratch"
	Cpus = 1
	Disk = 16777216
	GPUs = 1
	GPUs_GPU_23ecf0d7 = [ Id = "GPU-23ecf0d7"; ClockMhz = 1740.0; Capability = 8.6; CoresPerCU = 128; DeviceName = "NVIDIA A40"; DeviceUuid = "23ecf0d7-cfa9-de5a-f254-f54e1a8da719"; ECCEnabled = true; ComputeUnits = 84; NvidiaDriver = "595.71.05"; DriverVersion = 13.2; DevicePciBusId = "0000:01:00.0"; GlobalMemoryMb = 45739; MaxSupportedVersion = 13020 ]
	Memory = 16384
...
006 (8018100.056.000) 2026-06-21 14:05:35 Image size of job updated: 275
	6  -  MemoryUsage of job (MB)
	5372  -  ResidentSetSize of job (KB)
...
040 (8018100.056.000) 2026-06-21 14:05:35 Started transferring output files
...
040 (8018100.056.000) 2026-06-21 14:05:35 Finished transferring output files
...
004 (8018100.056.000) 2026-06-21 14:05:36 Job was evicted.
	(0) Job terminated and was requeued
		Usr 0 00:00:00, Sys 0 00:00:00  -  Run Remote Usage
		Usr 0 00:00:00, Sys 0 00:00:00  -  Run Local Usage
	547  -  Run Bytes Sent By Job
	2781794200  -  Run Bytes Received By Job
	(1) Normal termination (return value 2)
	The job attribute OnExitRemove expression 'NumJobCompletions > JobMaxRetries || ExitCode =?= 0' evaluated to FALSE
...
040 (8018100.056.000) 2026-06-21 14:06:13 Started transferring input files
	Transferring to host: <128.105.76.52:9618?addrs=128.105.76.52-9618+[2607-f388-2200-100-b65c-b5ff-fe81-e53e]-9618&alias=dbrundage-chtcgpu5000.chtc.wisc.edu&noUDP&sock=backfill1_2_11313_c825_14863>
...
040 (8018100.056.000) 2026-06-21 14:06:31 Finished transferring input files
...
001 (8018100.056.000) 2026-06-21 14:06:31 Job executing on host: <128.105.76.52:9618?addrs=128.105.76.52-9618+[2607-f388-2200-100-b65c-b5ff-fe81-e53e]-9618&alias=dbrundage-chtcgpu5000.chtc.wisc.edu&noUDP&sock=startd_10956_7bb2>
	SlotName: backfill1_2@dbrundage-chtcgpu5000.chtc.wisc.edu
	AvailableGPUs = { GPUs_GPU_89711c58 }
	CondorScratchDir = "/var/lib/condor/execute/slot1/dir_559760/scratch"
	Cpus = 1
	Disk = 16777216
	GPUs = 1
	GPUs_GPU_89711c58 = [ Id = "GPU-89711c58"; Capability = 9.0; DeviceName = "NVIDIA H200"; DeviceUuid = "89711c58-2491-4da3-66bc-205872c162a4"; ECCEnabled = true; NvidiaDriver = "590.48.01"; DriverVersion = 13.1; DevicePciBusId = "0000:3B:00.0"; GlobalMemoryMb = 143158; MaxSupportedVersion = 13010 ]
	IoHeavy = 0
	Memory = 16384
...
040 (8018100.056.000) 2026-06-21 14:06:33 Started transferring output files
...
040 (8018100.056.000) 2026-06-21 14:06:33 Finished transferring output files
...
004 (8018100.056.000) 2026-06-21 14:06:34 Job was evicted.
	(0) Job terminated and was requeued
		Usr 0 00:00:01, Sys 0 00:00:00  -  Run Remote Usage
		Usr 0 00:00:00, Sys 0 00:00:00  -  Run Local Usage
	470  -  Run Bytes Sent By Job
	2781794200  -  Run Bytes Received By Job
	(1) Normal termination (return value 2)
	The job attribute OnExitRemove expression 'NumJobCompletions > JobMaxRetries || ExitCode =?= 0' evaluated to FALSE
...
040 (8018100.056.000) 2026-06-21 14:07:06 Started transferring input files
	Transferring to host: <141.142.150.74:12907?CCBID=128.105.82.148:9618%3faddrs%3d128.105.82.148-9618+[2607-f388-2200-9d-7ccb-bc08-2489-768a]-9618%26alias%3dospool-ccb.osg.chtc.io%26noUDP%26sock%3dcollector8#4330949%2067.58.49.91:9618%3faddrs%3d67.58.49.91-9618+[fdf0-17b3-c3ec-1f79-10-0-e-b69d]-9618%26alias%3dccb-2.ospool.osg-htc.org%26noUDP%26sock%3dcollector8#4326466&PrivNet=rails04&addrs=141.142.150.74-12907+[fde1-53ba-e9a0-de11-2dba-91e3-dd48-5c8a]-12907&alias=rails04&noUDP>
...
040 (8018100.056.000) 2026-06-21 14:07:19 Finished transferring input files
...
021 (8018100.056.000) 2026-06-21 14:07:20 Message from starter on slot1_17@glidein_898266_181729977@rails04:
	PREPARE_JOB (prepare-hook) succeeded (reported status 000): Using Singularity image openfe_1.11.1.sif
...
001 (8018100.056.000) 2026-06-21 14:07:20 Job executing on host: <141.142.150.74:15253?CCBID=128.105.82.148:9618%3faddrs%3d128.105.82.148-9618+[2607-f388-2200-9d-7ccb-bc08-2489-768a]-9618%26alias%3dospool-ccb.osg.chtc.io%26noUDP%26sock%3dcollector3#4331785%2067.58.49.91:9618%3faddrs%3d67.58.49.91-9618+[fdf0-17b3-c3ec-1f79-10-0-e-b69d]-9618%26alias%3dccb-2.ospool.osg-htc.org%26noUDP%26sock%3dcollector7#4321586&PrivNet=rails04&addrs=141.142.150.74-15253+[fde1-53ba-e9a0-de11-2dba-91e3-dd48-5c8a]-15253&alias=rails04&noUDP>
	SlotName: slot1_17@glidein_898266_181729977@rails04
	AvailableGPUs = { GPUs_GPU_132bdba0 }
	CondorScratchDir = "/projects/bcxl/svcosguser/glide_D24smC/execute/dir_983802/scratch"
	Cpus = 1
	Disk = 16777216
	GPUs = 1
	GPUs_GPU_132bdba0 = [ Id = "GPU-132bdba0"; ClockMhz = 1980.0; Capability = 9.0; CoresPerCU = 128; DeviceName = "NVIDIA H100 80GB HBM3"; DeviceUuid = "132bdba0-7c4e-70cd-0942-d84d37682116"; ECCEnabled = true; ComputeUnits = 132; NvidiaDriver = "590.48.01"; DriverVersion = 13.1; DevicePciBusId = "0000:9B:00.0"; GlobalMemoryMb = 81081; MaxSupportedVersion = 13010 ]
	Memory = 16384
...
040 (8018100.056.000) 2026-06-21 14:07:26 Started transferring output files
...
040 (8018100.056.000) 2026-06-21 14:07:26 Finished transferring output files
...
004 (8018100.056.000) 2026-06-21 14:07:26 Job was evicted.
	(0) Job terminated and was requeued
		Usr 0 00:00:00, Sys 0 00:00:00  -  Run Remote Usage
		Usr 0 00:00:00, Sys 0 00:00:00  -  Run Local Usage
	461  -  Run Bytes Sent By Job
	2781794200  -  Run Bytes Received By Job
	(1) Normal termination (return value 2)
	The job attribute OnExitRemove expression 'NumJobCompletions > JobMaxRetries || ExitCode =?= 0' evaluated to FALSE
...
040 (8018100.056.000) 2026-06-21 14:08:29 Started transferring input files
	Transferring to host: <128.105.76.47:9618?addrs=128.105.76.47-9618+[2607-f388-2200-100-527c-6fff-fe82-826a]-9618&alias=gpu4006.chtc.wisc.edu&noUDP&sock=slot2_7_2618986_4fbd_88221>
...
040 (8018100.056.000) 2026-06-21 14:08:34 Finished transferring input files
...
001 (8018100.056.000) 2026-06-21 14:08:34 Job executing on host: <128.105.76.47:9618?addrs=128.105.76.47-9618+[2607-f388-2200-100-527c-6fff-fe82-826a]-9618&alias=gpu4006.chtc.wisc.edu&noUDP&sock=startd_11220_90b3>
	SlotName: slot2_7@gpu4006.chtc.wisc.edu
	AvailableGPUs = { GPUs_GPU_4f6495bb }
	CondorScratchDir = "/var/lib/condor/execute/slot2/dir_2932163/scratch"
	Cpus = 1
	Disk = 16777216
	GPUs = 1
	GPUs_GPU_4f6495bb = [ Id = "GPU-4f6495bb"; Capability = 8.9; DeviceName = "NVIDIA L40S"; DeviceUuid = "4f6495bb-57f6-02aa-3446-f13a32ec9035"; ECCEnabled = true; NvidiaDriver = "590.48.01"; DriverVersion = 13.1; DevicePciBusId = "0000:C1:00.0"; GlobalMemoryMb = 45460; MaxSupportedVersion = 13010 ]
	IoHeavy = 0
	Memory = 16384
...
040 (8018100.056.000) 2026-06-21 14:08:36 Started transferring output files
...
040 (8018100.056.000) 2026-06-21 14:08:36 Finished transferring output files
...
004 (8018100.056.000) 2026-06-21 14:08:37 Job was evicted.
	(0) Job terminated and was requeued
		Usr 0 00:00:01, Sys 0 00:00:00  -  Run Remote Usage
		Usr 0 00:00:00, Sys 0 00:00:00  -  Run Local Usage
	456  -  Run Bytes Sent By Job
	2781794200  -  Run Bytes Received By Job
	(1) Normal termination (return value 2)
	The job attribute OnExitRemove expression 'NumJobCompletions > JobMaxRetries || ExitCode =?= 0' evaluated to FALSE
...
040 (8018100.056.000) 2026-06-21 14:08:43 Started transferring input files
	Transferring to host: <128.104.103.104:9618?addrs=128.104.103.104-9618+[2607-f388-107c-501-ae1f-6bff-fe40-ce2e]-9618&alias=gitter0000.chtc.wisc.edu&noUDP&sock=slot2_2_8979_4486_8505>
...
040 (8018100.056.000) 2026-06-21 14:10:34 Finished transferring input files
...
001 (8018100.056.000) 2026-06-21 14:10:34 Job executing on host: <128.104.103.104:9618?addrs=128.104.103.104-9618+[2607-f388-107c-501-ae1f-6bff-fe40-ce2e]-9618&alias=gitter0000.chtc.wisc.edu&noUDP&sock=startd_8665_0c39>
	SlotName: slot2_2@gitter0000.chtc.wisc.edu
	AvailableGPUs = { GPUs_GPU_af91605c }
	CondorScratchDir = "/var/lib/condor/execute/slot2/dir_3895731/scratch"
	Cpus = 1
	Disk = 16777216
	GPUs = 1
	GPUs_GPU_af91605c = [ Id = "GPU-af91605c"; Capability = 6.1; DeviceName = "NVIDIA GeForce GTX 1080 Ti"; DeviceUuid = "af91605c-1ae8-2336-ce6b-a06264e7ec50"; ECCEnabled = false; NvidiaDriver = "570.195.03"; DriverVersion = 12.8; DevicePciBusId = "0000:5E:00.0"; GlobalMemoryMb = 11165; MaxSupportedVersion = 12080 ]
	IoHeavy = 0
	Memory = 16384
...
040 (8018100.056.000) 2026-06-21 14:10:39 Started transferring output files
...
040 (8018100.056.000) 2026-06-21 14:10:39 Finished transferring output files
...
004 (8018100.056.000) 2026-06-21 14:10:39 Job was evicted.
	(0) Job terminated and was requeued
		Usr 0 00:00:03, Sys 0 00:00:01  -  Run Remote Usage
		Usr 0 00:00:00, Sys 0 00:00:00  -  Run Local Usage
	445  -  Run Bytes Sent By Job
	2781794200  -  Run Bytes Received By Job
	(1) Normal termination (return value 2)
	The job attribute OnExitRemove expression 'NumJobCompletions > JobMaxRetries || ExitCode =?= 0' evaluated to FALSE
...
040 (8018100.056.000) 2026-06-21 14:10:50 Started transferring input files
	Transferring to host: <128.105.68.5:9618?addrs=128.105.68.5-9618+[2607-f388-2200-100-eaeb-d3ff-fe53-f4a0]-9618&alias=gpulab2005.chtc.wisc.edu&noUDP&sock=slot2_4_2487031_13a7_76975>
...
040 (8018100.056.000) 2026-06-21 14:11:06 Finished transferring input files
...
001 (8018100.056.000) 2026-06-21 14:11:06 Job executing on host: <128.105.68.5:9618?addrs=128.105.68.5-9618+[2607-f388-2200-100-eaeb-d3ff-fe53-f4a0]-9618&alias=gpulab2005.chtc.wisc.edu&noUDP&sock=startd_12121_9388>
	SlotName: slot2_4@gpulab2005.chtc.wisc.edu
	AvailableGPUs = { GPUs_GPU_fb408d80 }
	CondorScratchDir = "/var/lib/condor/execute/slot2/dir_3956062/scratch"
	Cpus = 1
	Disk = 16777216
	GPUs = 1
	GPUs_GPU_fb408d80 = [ Id = "GPU-fb408d80"; Capability = 8.0; DeviceName = "NVIDIA A100-SXM4-40GB"; DeviceUuid = "fb408d80-a280-f774-c4b8-7390fd55f4c0"; ECCEnabled = true; NvidiaDriver = "570.195.03"; DriverVersion = 12.8; DevicePciBusId = "0000:C1:00.0"; GlobalMemoryMb = 40442; MaxSupportedVersion = 12080 ]
	IoHeavy = 0
	Memory = 16384
...
040 (8018100.056.000) 2026-06-21 14:11:10 Started transferring output files
...
040 (8018100.056.000) 2026-06-21 14:11:10 Finished transferring output files
...
004 (8018100.056.000) 2026-06-21 14:11:11 Job was evicted.
	(0) Job terminated and was requeued
		Usr 0 00:00:02, Sys 0 00:00:00  -  Run Remote Usage
		Usr 0 00:00:00, Sys 0 00:00:00  -  Run Local Usage
	445  -  Run Bytes Sent By Job
	2781794200  -  Run Bytes Received By Job
	(1) Normal termination (return value 2)
	The job attribute OnExitRemove expression 'NumJobCompletions > JobMaxRetries || ExitCode =?= 0' evaluated to FALSE
...
040 (8018100.056.000) 2026-06-21 14:11:20 Started transferring input files
	Transferring to host: <128.104.100.117:9618?addrs=128.104.100.117-9618+[2607-f388-107c-501-8ae9-a4ff-fe02-e150]-9618&alias=jcaicedogpu0003.chtc.wisc.edu&noUDP&sock=backfill1_3_1586877_26eb_100893>
...
040 (8018100.056.000) 2026-06-21 14:11:34 Finished transferring input files
...
001 (8018100.056.000) 2026-06-21 14:11:34 Job executing on host: <128.104.100.117:9618?addrs=128.104.100.117-9618+[2607-f388-107c-501-8ae9-a4ff-fe02-e150]-9618&alias=jcaicedogpu0003.chtc.wisc.edu&noUDP&sock=startd_10874_3cee>
	SlotName: backfill1_3@jcaicedogpu0003.chtc.wisc.edu
	AvailableGPUs = { GPUs_GPU_141e67b0 }
	CondorScratchDir = "/var/lib/condor/execute/slot1/dir_3091022/scratch"
	Cpus = 1
	Disk = 16777216
	GPUs = 1
	GPUs_GPU_141e67b0 = [ Id = "GPU-141e67b0"; Capability = 8.9; DeviceName = "NVIDIA L40S"; DeviceUuid = "141e67b0-0a57-7e36-6083-0e666f2f6148"; ECCEnabled = true; NvidiaDriver = "570.195.03"; DriverVersion = 12.8; DevicePciBusId = "0000:C1:00.0"; GlobalMemoryMb = 45468; MaxSupportedVersion = 12080 ]
	IoHeavy = 0
	Memory = 16384
...
006 (8018100.056.000) 2026-06-21 14:11:37 Image size of job updated: 784
	8  -  MemoryUsage of job (MB)
	7500  -  ResidentSetSize of job (KB)
...
040 (8018100.056.000) 2026-06-21 14:11:37 Started transferring output files
...
040 (8018100.056.000) 2026-06-21 14:11:37 Finished transferring output files
...
004 (8018100.056.000) 2026-06-21 14:11:37 Job was evicted.
	(0) Job terminated and was requeued
		Usr 0 00:00:01, Sys 0 00:00:00  -  Run Remote Usage
		Usr 0 00:00:00, Sys 0 00:00:00  -  Run Local Usage
	450  -  Run Bytes Sent By Job
	2781794200  -  Run Bytes Received By Job
	(1) Normal termination (return value 2)
	The job attribute OnExitRemove expression 'NumJobCompletions > JobMaxRetries || ExitCode =?= 0' evaluated to FALSE
...
040 (8018100.056.000) 2026-06-21 14:11:44 Started transferring input files
	Transferring to host: <141.142.150.74:23713?CCBID=128.105.82.148:9618%3faddrs%3d128.105.82.148-9618+[2607-f388-2200-9d-7ccb-bc08-2489-768a]-9618%26alias%3dospool-ccb.osg.chtc.io%26noUDP%26sock%3dcollector10#4326896%2067.58.49.91:9618%3faddrs%3d67.58.49.91-9618+[fdf0-17b3-c3ec-1f79-10-0-e-b69d]-9618%26alias%3dccb-2.ospool.osg-htc.org%26noUDP%26sock%3dcollector2#4326041&PrivNet=rails04&addrs=141.142.150.74-23713+[fde1-53ba-e9a0-de11-2dba-91e3-dd48-5c8a]-23713&alias=rails04&noUDP>
...
040 (8018100.056.000) 2026-06-21 14:11:55 Finished transferring input files
...
021 (8018100.056.000) 2026-06-21 14:11:56 Message from starter on slot1_2@glidein_2924630_444049500@rails04:
	PREPARE_JOB (prepare-hook) succeeded (reported status 000): Using Singularity image openfe_1.11.1.sif
...
001 (8018100.056.000) 2026-06-21 14:11:56 Job executing on host: <141.142.150.74:24931?CCBID=128.105.82.148:9618%3faddrs%3d128.105.82.148-9618+[2607-f388-2200-9d-7ccb-bc08-2489-768a]-9618%26alias%3dospool-ccb.osg.chtc.io%26noUDP%26sock%3dcollector6#4306566%2067.58.49.91:9618%3faddrs%3d67.58.49.91-9618+[fdf0-17b3-c3ec-1f79-10-0-e-b69d]-9618%26alias%3dccb-2.ospool.osg-htc.org%26noUDP%26sock%3dcollector6#4299731&PrivNet=rails04&addrs=141.142.150.74-24931+[fde1-53ba-e9a0-de11-2dba-91e3-dd48-5c8a]-24931&alias=rails04&noUDP>
	SlotName: slot1_2@glidein_2924630_444049500@rails04
	AvailableGPUs = { GPUs_GPU_b9d5efe9 }
	CondorScratchDir = "/projects/bcxl/svcosguser/glide_Ozdg8d/execute/dir_991674/scratch"
	Cpus = 1
	Disk = 16777216
	GPUs = 1
	GPUs_GPU_b9d5efe9 = [ Id = "GPU-b9d5efe9"; ClockMhz = 1980.0; Capability = 9.0; CoresPerCU = 128; DeviceName = "NVIDIA H100 80GB HBM3"; DeviceUuid = "b9d5efe9-8120-9b74-286a-eb62c49e759c"; ECCEnabled = true; ComputeUnits = 132; NvidiaDriver = "590.48.01"; DriverVersion = 13.1; DevicePciBusId = "0000:3B:00.0"; GlobalMemoryMb = 81081; MaxSupportedVersion = 13010 ]
	Memory = 16384
...
006 (8018100.056.000) 2026-06-21 14:12:00 Image size of job updated: 115780
	8  -  MemoryUsage of job (MB)
	7500  -  ResidentSetSize of job (KB)
...
040 (8018100.056.000) 2026-06-21 14:12:00 Started transferring output files
...
040 (8018100.056.000) 2026-06-21 14:12:00 Finished transferring output files
...
004 (8018100.056.000) 2026-06-21 14:12:00 Job was evicted.
	(0) Job terminated and was requeued
		Usr 0 00:00:00, Sys 0 00:00:00  -  Run Remote Usage
		Usr 0 00:00:00, Sys 0 00:00:00  -  Run Local Usage
	461  -  Run Bytes Sent By Job
	2781794200  -  Run Bytes Received By Job
	(1) Normal termination (return value 2)
	The job attribute OnExitRemove expression 'NumJobCompletions > JobMaxRetries || ExitCode =?= 0' evaluated to FALSE
...
040 (8018100.056.000) 2026-06-21 14:12:45 Started transferring input files
	Transferring to host: <128.104.103.48:9618?addrs=128.104.103.48-9618+[2607-f388-107c-501-ae1f-6bff-fe2c-2f00]-9618&alias=vetsigian0001.chtc.wisc.edu&noUDP&sock=slot2_1_10681_7b0b_9365>
...
040 (8018100.056.000) 2026-06-21 14:14:18 Finished transferring input files
...
001 (8018100.056.000) 2026-06-21 14:14:18 Job executing on host: <128.104.103.48:9618?addrs=128.104.103.48-9618+[2607-f388-107c-501-ae1f-6bff-fe2c-2f00]-9618&alias=vetsigian0001.chtc.wisc.edu&noUDP&sock=startd_9913_126b>
	SlotName: slot2_1@vetsigian0001.chtc.wisc.edu
	AvailableGPUs = { GPUs_GPU_f4f2532b }
	CondorScratchDir = "/var/lib/condor/execute/slot2/dir_3835875/scratch"
	Cpus = 1
	Disk = 16777216
	GPUs = 1
	GPUs_GPU_f4f2532b = [ Id = "GPU-f4f2532b"; Capability = 7.5; DeviceName = "NVIDIA GeForce RTX 2080 Ti"; DeviceUuid = "f4f2532b-2e5c-7850-ea7b-49d0e882ecd5"; ECCEnabled = false; NvidiaDriver = "550.54.14"; DriverVersion = 12.4; DevicePciBusId = "0000:1A:00.0"; GlobalMemoryMb = 11004; MaxSupportedVersion = 12040 ]
	IoHeavy = 0
	Memory = 16384
...
040 (8018100.056.000) 2026-06-21 14:14:23 Started transferring output files
...
040 (8018100.056.000) 2026-06-21 14:14:23 Finished transferring output files
...
005 (8018100.056.000) 2026-06-21 14:14:24 Job terminated.
	(1) Normal termination (return value 2)
		Usr 0 00:00:03, Sys 0 00:00:00  -  Run Remote Usage
		Usr 0 00:00:00, Sys 0 00:00:00  -  Run Local Usage
		Usr 0 00:00:14, Sys 0 00:00:01  -  Total Remote Usage
		Usr 0 00:00:00, Sys 0 00:00:00  -  Total Local Usage
	448  -  Run Bytes Sent By Job
	2781794200  -  Run Bytes Received By Job
	5078  -  Total Bytes Sent By Job
	30599736200  -  Total Bytes Received By Job
	Partitionable Resources :      Usage  Request Allocated Assigned
	   Cpus                 :       0.16        1         1 
	   Disk (KB)            : 2716633    16777216  16777216 
	   GPUs                 :       0           1         1 "GPU-f4f2532b"
	   GpusMemory (MB)      :     264                       
	   IoHeavy              :                             0 
	   Memory (MB)          :       8       16384     16384 
	   TimeExecute (s)      :       5                       
	   TimeSlotBusy (s)     :      98                       
...
