000 (8180963.050.000) 2026-06-24 12:19:47 Job submitted from host: <128.105.68.112:9618?addrs=128.105.68.112-9618+[2607-f388-2200-100-eaeb-d3ff-fea3-4202]-9618&alias=ap2001.chtc.wisc.edu&noUDP&sock=schedd_4071840_2329>
...
040 (8180963.050.000) 2026-06-24 13:23:30 Started transferring input files
	Transferring to host: <128.104.100.117:9618?addrs=128.104.100.117-9618+[2607-f388-107c-501-8ae9-a4ff-fe02-e150]-9618&alias=jcaicedogpu0003.chtc.wisc.edu&noUDP&sock=backfill1_5_1586877_26eb_110896>
...
040 (8180963.050.000) 2026-06-24 13:23:34 Finished transferring input files
...
022 (8180963.050.000) 2026-06-24 13:23:34 Job disconnected, attempting to reconnect
    Socket between submit and execute hosts closed unexpectedly
    Trying to reconnect to backfill1_5@jcaicedogpu0003.chtc.wisc.edu <128.104.100.117:9618?addrs=128.104.100.117-9618+[2607-f388-107c-501-8ae9-a4ff-fe02-e150]-9618&alias=jcaicedogpu0003.chtc.wisc.edu&noUDP&sock=startd_10874_3cee>
...
024 (8180963.050.000) 2026-06-24 13:23:35 Job reconnection failed
    Job not found at execution machine
    Can not reconnect to backfill1_5@jcaicedogpu0003.chtc.wisc.edu, rescheduling job
...
004 (8180963.050.000) 2026-06-24 13:23:35 Job was evicted. Code 1008 Subcode 0
	(0) CPU times
		Usr 0 00:00:00, Sys 0 00:00:00  -  Run Remote Usage
		Usr 0 00:00:00, Sys 0 00:00:00  -  Run Local Usage
	0  -  Run Bytes Sent By Job
	0  -  Run Bytes Received By Job
	Reason: Job not found at execution machine
	Partitionable Resources :    Usage  Request Allocated Assigned
	   Cpus                 :     0.10        1         1 
	   Disk (KB)            : 10011    16777216  16777216 
	   GPUs                 :     0           1         1 "GPU-605fb122"
	   IoHeavy              :                           0 
	   Memory (MB)          :             16384     16384 
...
040 (8180963.050.000) 2026-06-24 13:26:37 Started transferring input files
	Transferring to host: <128.104.100.17:9618?addrs=128.104.100.17-9618+[2607-f388-107c-501-527c-6fff-fe66-e9bc]-9618&alias=jcaicedogpu0002.chtc.wisc.edu&noUDP&sock=backfill1_3_2855957_d182_100879>
...
040 (8180963.050.000) 2026-06-24 13:26:40 Finished transferring input files
...
022 (8180963.050.000) 2026-06-24 13:26:40 Job disconnected, attempting to reconnect
    Socket between submit and execute hosts closed unexpectedly
    Trying to reconnect to backfill1_3@jcaicedogpu0002.chtc.wisc.edu <128.104.100.17:9618?addrs=128.104.100.17-9618+[2607-f388-107c-501-527c-6fff-fe66-e9bc]-9618&alias=jcaicedogpu0002.chtc.wisc.edu&noUDP&sock=startd_11788_2a7e>
...
024 (8180963.050.000) 2026-06-24 13:26:40 Job reconnection failed
    Job not found at execution machine
    Can not reconnect to backfill1_3@jcaicedogpu0002.chtc.wisc.edu, rescheduling job
...
004 (8180963.050.000) 2026-06-24 13:26:40 Job was evicted. Code 1008 Subcode 0
	(0) CPU times
		Usr 0 00:00:00, Sys 0 00:00:00  -  Run Remote Usage
		Usr 0 00:00:00, Sys 0 00:00:00  -  Run Local Usage
	0  -  Run Bytes Sent By Job
	0  -  Run Bytes Received By Job
	Reason: Job not found at execution machine
	Partitionable Resources :    Usage  Request Allocated Assigned
	   Cpus                 :     0.09        1         1 
	   Disk (KB)            :  6012    16777216  16777216 
	   GPUs                 :     0           1         1 "GPU-4bcd09a1"
	   GpusMemory (MB)      :   604                       
	   IoHeavy              :                           0 
	   Memory (MB)          :             16384     16384 
...
040 (8180963.050.000) 2026-06-24 13:26:50 Started transferring input files
	Transferring to host: <10.1.1.136:42731?CCBID=128.105.82.148:9618%3faddrs%3d128.105.82.148-9618+[2607-f388-2200-9d-7ccb-bc08-2489-7689]-9618%26alias%3dospool-ccb.osg.chtc.io%26noUDP%26sock%3dcollector10#4712045%2067.58.49.91:9618%3faddrs%3d67.58.49.91-9618+[fdf0-17b3-c3ec-1f79-10-0-d-2091]-9618%26alias%3dccb-2.ospool.osg-htc.org%26noUDP%26sock%3dcollector10#4708399&PrivNet=gpu06&addrs=10.1.1.136-42731&alias=gpu06&noUDP>
...
040 (8180963.050.000) 2026-06-24 13:29:16 Finished transferring input files
...
021 (8180963.050.000) 2026-06-24 13:29:17 Message from starter on slot1_3@glidein_2268772_873989612@gpu06:
	PREPARE_JOB (prepare-hook) succeeded (reported status 000): Using Singularity image openfe_1.11.1.sif
...
001 (8180963.050.000) 2026-06-24 13:29:17 Job executing on host: <10.1.1.136:34271?CCBID=128.105.82.148:9618%3faddrs%3d128.105.82.148-9618+[2607-f388-2200-9d-7ccb-bc08-2489-7689]-9618%26alias%3dospool-ccb.osg.chtc.io%26noUDP%26sock%3dcollector7#4711159%2067.58.49.91:9618%3faddrs%3d67.58.49.91-9618+[fdf0-17b3-c3ec-1f79-10-0-d-2091]-9618%26alias%3dccb-2.ospool.osg-htc.org%26noUDP%26sock%3dcollector1#4706715&PrivNet=gpu06&addrs=10.1.1.136-34271&alias=gpu06&noUDP>
	SlotName: slot1_3@glidein_2268772_873989612@gpu06
	AvailableGPUs = { GPUs_GPU_7e9f42ff }
	CondorScratchDir = "/tmp/glide_ZxpUSc/execute/dir_2290906/scratch"
	Cpus = 1
	Disk = 16777216
	GPUs = 1
	GPUs_GPU_7e9f42ff = [ Id = "GPU-7e9f42ff"; ClockMhz = 1695.0; Capability = 8.6; CoresPerCU = 128; DeviceName = "NVIDIA RTX A5000"; DeviceUuid = "7e9f42ff-b4e6-f64d-eafd-07954dbdb567"; ECCEnabled = false; ComputeUnits = 64; NvidiaDriver = "595.71.05"; DriverVersion = 13.2; DevicePciBusId = "0000:81:00.0"; GlobalMemoryMb = 24361; MaxSupportedVersion = 13020 ]
	Memory = 16384
...
006 (8180963.050.000) 2026-06-24 13:29:26 Image size of job updated: 9959724
	553  -  MemoryUsage of job (MB)
	565484  -  ResidentSetSize of job (KB)
...
006 (8180963.050.000) 2026-06-24 13:34:27 Image size of job updated: 35320344
	2180  -  MemoryUsage of job (MB)
	2232084  -  ResidentSetSize of job (KB)
...
006 (8180963.050.000) 2026-06-24 13:39:27 Image size of job updated: 35461756
	3055  -  MemoryUsage of job (MB)
	3127580  -  ResidentSetSize of job (KB)
...
006 (8180963.050.000) 2026-06-24 13:40:10 Image size of job updated: 35604440
	3368  -  MemoryUsage of job (MB)
	3448764  -  ResidentSetSize of job (KB)
...
040 (8180963.050.000) 2026-06-24 13:40:11 Started transferring output files
...
040 (8180963.050.000) 2026-06-24 13:40:11 Finished transferring output files
...
004 (8180963.050.000) 2026-06-24 13:40:12 Job was evicted.
	(0) Job terminated and was requeued
		Usr 0 00:12:00, Sys 0 00:00:21  -  Run Remote Usage
		Usr 0 00:00:00, Sys 0 00:00:00  -  Run Local Usage
	61590  -  Run Bytes Sent By Job
	2782714529  -  Run Bytes Received By Job
	(1) Normal termination (return value 1)
	The job attribute OnExitRemove expression 'NumJobCompletions > JobMaxRetries || ExitCode =?= 0' evaluated to FALSE
...
040 (8180963.050.000) 2026-06-24 13:41:54 Started transferring input files
	Transferring to host: <128.104.100.17:9618?addrs=128.104.100.17-9618+[2607-f388-107c-501-527c-6fff-fe66-e9bc]-9618&alias=jcaicedogpu0002.chtc.wisc.edu&noUDP&sock=backfill1_2_2855957_d182_100969>
...
040 (8180963.050.000) 2026-06-24 13:42:00 Finished transferring input files
...
022 (8180963.050.000) 2026-06-24 13:42:00 Job disconnected, attempting to reconnect
    Socket between submit and execute hosts closed unexpectedly
    Trying to reconnect to backfill1_2@jcaicedogpu0002.chtc.wisc.edu <128.104.100.17:9618?addrs=128.104.100.17-9618+[2607-f388-107c-501-527c-6fff-fe66-e9bc]-9618&alias=jcaicedogpu0002.chtc.wisc.edu&noUDP&sock=startd_11788_2a7e>
...
024 (8180963.050.000) 2026-06-24 13:42:01 Job reconnection failed
    Job not found at execution machine
    Can not reconnect to backfill1_2@jcaicedogpu0002.chtc.wisc.edu, rescheduling job
...
004 (8180963.050.000) 2026-06-24 13:42:01 Job was evicted. Code 1008 Subcode 0
	(0) CPU times
		Usr 0 00:00:00, Sys 0 00:00:00  -  Run Remote Usage
		Usr 0 00:00:00, Sys 0 00:00:00  -  Run Local Usage
	0  -  Run Bytes Sent By Job
	0  -  Run Bytes Received By Job
	Reason: Job not found at execution machine
	Partitionable Resources :    Usage  Request Allocated Assigned
	   Cpus                 :     0           1         1 
	   Disk (KB)            :  3807    16777216  16777216 
	   GPUs                 :     0.10        1         1 "GPU-53faf926"
	   IoHeavy              :                           0 
	   Memory (MB)          :  3418       16384     16384 
	   TimeExecute (s)      :   654                       
	   TimeSlotBusy (s)     :   802                       
...
040 (8180963.050.000) 2026-06-24 13:45:04 Started transferring input files
	Transferring to host: <128.104.100.17:9618?addrs=128.104.100.17-9618+[2607-f388-107c-501-527c-6fff-fe66-e9bc]-9618&alias=jcaicedogpu0002.chtc.wisc.edu&noUDP&sock=backfill1_1_2855957_d182_100998>
...
040 (8180963.050.000) 2026-06-24 13:45:10 Finished transferring input files
...
022 (8180963.050.000) 2026-06-24 13:45:10 Job disconnected, attempting to reconnect
    Socket between submit and execute hosts closed unexpectedly
    Trying to reconnect to backfill1_1@jcaicedogpu0002.chtc.wisc.edu <128.104.100.17:9618?addrs=128.104.100.17-9618+[2607-f388-107c-501-527c-6fff-fe66-e9bc]-9618&alias=jcaicedogpu0002.chtc.wisc.edu&noUDP&sock=startd_11788_2a7e>
...
024 (8180963.050.000) 2026-06-24 13:45:12 Job reconnection failed
    Job not found at execution machine
    Can not reconnect to backfill1_1@jcaicedogpu0002.chtc.wisc.edu, rescheduling job
...
004 (8180963.050.000) 2026-06-24 13:45:13 Job was evicted. Code 1008 Subcode 0
	(0) CPU times
		Usr 0 00:00:00, Sys 0 00:00:00  -  Run Remote Usage
		Usr 0 00:00:00, Sys 0 00:00:00  -  Run Local Usage
	0  -  Run Bytes Sent By Job
	0  -  Run Bytes Received By Job
	Reason: Job not found at execution machine
	Partitionable Resources :      Usage  Request Allocated Assigned
	   Cpus                 :       1.03        1         1 
	   Disk (KB)            : 1903005    16777216  16777216 
	   GPUs                 :       0           1         1 "GPU-036c0f18"
	   IoHeavy              :                             0 
	   Memory (MB)          :    3418       16384     16384 
	   TimeExecute (s)      :     654                       
	   TimeSlotBusy (s)     :     802                       
...
040 (8180963.050.000) 2026-06-24 13:48:55 Started transferring input files
	Transferring to host: <128.105.68.131:9618?addrs=128.105.68.131-9618+[2607-f388-2200-100-7ec2-55ff-fe99-a4a2]-9618&alias=xhuanggpu4001.chtc.wisc.edu&noUDP&sock=backfill1_1_770790_08a9_75466>
...
040 (8180963.050.000) 2026-06-24 13:51:26 Finished transferring input files
...
001 (8180963.050.000) 2026-06-24 13:51:26 Job executing on host: <128.105.68.131:9618?addrs=128.105.68.131-9618+[2607-f388-2200-100-7ec2-55ff-fe99-a4a2]-9618&alias=xhuanggpu4001.chtc.wisc.edu&noUDP&sock=startd_10764_c983>
	SlotName: backfill1_1@xhuanggpu4001.chtc.wisc.edu
	AvailableGPUs = { GPUs_GPU_90561461 }
	CondorScratchDir = "/var/lib/condor/execute/slot1/dir_2011704/scratch"
	Cpus = 1
	Disk = 16777216
	GPUs = 1
	GPUs_GPU_90561461 = [ Id = "GPU-90561461"; Capability = 8.9; DeviceName = "NVIDIA L40"; DeviceUuid = "90561461-cada-4039-24a9-ffec078fe549"; ECCEnabled = true; NvidiaDriver = "570.195.03"; DriverVersion = 12.8; DevicePciBusId = "0000:D1:00.0"; GlobalMemoryMb = 45468; MaxSupportedVersion = 12080 ]
	IoHeavy = 0
	Memory = 16384
...
004 (8180963.050.000) 2026-06-24 14:00:37 Job was evicted. Code 1011 Subcode 0
	(0) CPU times
		Usr 0 00:11:42, Sys 0 00:00:37  -  Run Remote Usage
		Usr 0 00:00:00, Sys 0 00:00:00  -  Run Local Usage
	0  -  Run Bytes Sent By Job
	2700679841  -  Run Bytes Received By Job
	Reason: PREEMPT expression evaluated to True
	Partitionable Resources :      Usage  Request Allocated Assigned
	   Cpus                 :       1.00        1         1 
	   Disk (KB)            : 2804016    16777216  16777216 
	   GPUs                 :       0.07        1         1 "GPU-90561461"
	   GpusMemory (MB)      :    6786                       
	   IoHeavy              :                             0 
	   Memory (MB)          :    3418       16384     16384 
	   TimeExecute (s)      :     551                       
	   TimeSlotBusy (s)     :     702                       
...
040 (8180963.050.000) 2026-06-24 14:01:39 Started transferring input files
	Transferring to host: <128.105.68.131:9618?addrs=128.105.68.131-9618+[2607-f388-2200-100-7ec2-55ff-fe99-a4a2]-9618&alias=xhuanggpu4001.chtc.wisc.edu&noUDP&sock=backfill1_2_770790_08a9_75495>
...
040 (8180963.050.000) 2026-06-24 14:01:52 Finished transferring input files
...
001 (8180963.050.000) 2026-06-24 14:01:52 Job executing on host: <128.105.68.131:9618?addrs=128.105.68.131-9618+[2607-f388-2200-100-7ec2-55ff-fe99-a4a2]-9618&alias=xhuanggpu4001.chtc.wisc.edu&noUDP&sock=startd_10764_c983>
	SlotName: backfill1_2@xhuanggpu4001.chtc.wisc.edu
	AvailableGPUs = { GPUs_GPU_d23dedac }
	CondorScratchDir = "/var/lib/condor/execute/slot1/dir_2030117/scratch"
	Cpus = 1
	Disk = 16777216
	GPUs = 1
	GPUs_GPU_d23dedac = [ Id = "GPU-d23dedac"; Capability = 8.9; DeviceName = "NVIDIA L40"; DeviceUuid = "d23dedac-dfdd-11b2-b714-b73a351baf37"; ECCEnabled = true; NvidiaDriver = "570.195.03"; DriverVersion = 12.8; DevicePciBusId = "0000:D5:00.0"; GlobalMemoryMb = 45468; MaxSupportedVersion = 12080 ]
	IoHeavy = 0
	Memory = 16384
...
004 (8180963.050.000) 2026-06-24 14:05:35 Job was evicted. Code 1011 Subcode 0
	(0) CPU times
		Usr 0 00:04:48, Sys 0 00:00:17  -  Run Remote Usage
		Usr 0 00:00:00, Sys 0 00:00:00  -  Run Local Usage
	0  -  Run Bytes Sent By Job
	2782714529  -  Run Bytes Received By Job
	Reason: PREEMPT expression evaluated to True
	Partitionable Resources :      Usage  Request Allocated Assigned
	   Cpus                 :       1.01        1         1 
	   Disk (KB)            : 2728996    16777216  16777216 
	   GPUs                 :       0           1         1 "GPU-d23dedac"
	   IoHeavy              :                             0 
	   Memory (MB)          :    3418       16384     16384 
	   TimeExecute (s)      :     223                       
	   TimeSlotBusy (s)     :     236                       
...
040 (8180963.050.000) 2026-06-24 14:06:07 Started transferring input files
	Transferring to host: <128.104.100.117:9618?addrs=128.104.100.117-9618+[2607-f388-107c-501-8ae9-a4ff-fe02-e150]-9618&alias=jcaicedogpu0003.chtc.wisc.edu&noUDP&sock=backfill1_2_1586877_26eb_111150>
...
040 (8180963.050.000) 2026-06-24 14:06:40 Finished transferring input files
...
001 (8180963.050.000) 2026-06-24 14:06:40 Job executing on host: <128.104.100.117:9618?addrs=128.104.100.117-9618+[2607-f388-107c-501-8ae9-a4ff-fe02-e150]-9618&alias=jcaicedogpu0003.chtc.wisc.edu&noUDP&sock=startd_10874_3cee>
	SlotName: backfill1_2@jcaicedogpu0003.chtc.wisc.edu
	AvailableGPUs = { GPUs_GPU_141e67b0 }
	CondorScratchDir = "/var/lib/condor/execute/slot1/dir_2550694/scratch"
	Cpus = 1
	Disk = 16777216
	GPUs = 1
	GPUs_GPU_141e67b0 = [ Id = "GPU-141e67b0"; Capability = 8.9; DeviceName = "NVIDIA L40S"; DeviceUuid = "141e67b0-0a57-7e36-6083-0e666f2f6148"; ECCEnabled = true; NvidiaDriver = "570.195.03"; DriverVersion = 12.8; DevicePciBusId = "0000:C1:00.0"; GlobalMemoryMb = 45468; MaxSupportedVersion = 12080 ]
	IoHeavy = 0
	Memory = 16384
...
004 (8180963.050.000) 2026-06-24 14:08:30 Job was evicted. Code 1011 Subcode 0
	(0) CPU times
		Usr 0 00:02:06, Sys 0 00:00:18  -  Run Remote Usage
		Usr 0 00:00:00, Sys 0 00:00:00  -  Run Local Usage
	0  -  Run Bytes Sent By Job
	2782714529  -  Run Bytes Received By Job
	Reason: PREEMPT expression evaluated to True
	Partitionable Resources :      Usage  Request Allocated Assigned
	   Cpus                 :       1.00        1         1 
	   Disk (KB)            : 2728704    16777216  16777216 
	   GPUs                 :       0           1         1 "GPU-141e67b0"
	   IoHeavy              :                             0 
	   Memory (MB)          :    3418       16384     16384 
	   TimeExecute (s)      :     110                       
	   TimeSlotBusy (s)     :     143                       
...
040 (8180963.050.000) 2026-06-24 14:08:57 Started transferring input files
	Transferring to host: <10.226.104.214:35139?CCBID=128.105.82.148:9618%3faddrs%3d128.105.82.148-9618+[2607-f388-2200-9d-7ccb-bc08-2489-7689]-9618%26alias%3dospool-ccb.osg.chtc.io%26noUDP%26sock%3dcollector7#4716121%2067.58.49.91:9618%3faddrs%3d67.58.49.91-9618+[fdf0-17b3-c3ec-1f79-10-0-d-2091]-9618%26alias%3dccb-2.ospool.osg-htc.org%26noUDP%26sock%3dcollector7#4711377&PrivNet=gpu014.rci.montana.edu&addrs=10.226.104.214-35139&alias=gpu014.rci.montana.edu&noUDP>
...
040 (8180963.050.000) 2026-06-24 14:09:50 Finished transferring input files
...
021 (8180963.050.000) 2026-06-24 14:09:51 Message from starter on slot1_1@glidein_1215428_244934193@gpu014.rci.montana.edu:
	PREPARE_JOB (prepare-hook) succeeded (reported status 000): Using Singularity image openfe_1.11.1.sif
...
001 (8180963.050.000) 2026-06-24 14:09:51 Job executing on host: <10.226.104.214:46173?CCBID=128.105.82.148:9618%3faddrs%3d128.105.82.148-9618+[2607-f388-2200-9d-7ccb-bc08-2489-7689]-9618%26alias%3dospool-ccb.osg.chtc.io%26noUDP%26sock%3dcollector7#4710086%2067.58.49.91:9618%3faddrs%3d67.58.49.91-9618+[fdf0-17b3-c3ec-1f79-10-0-d-2091]-9618%26alias%3dccb-2.ospool.osg-htc.org%26noUDP%26sock%3dcollector3#4704466&PrivNet=gpu014.rci.montana.edu&addrs=10.226.104.214-46173&alias=gpu014.rci.montana.edu&noUDP>
	SlotName: slot1_1@glidein_1215428_244934193@gpu014.rci.montana.edu
	AvailableGPUs = { GPUs_GPU_fcc9153c }
	CondorScratchDir = "/tmp/jobs/4123049/glide_dFXC8j/execute/dir_1577500/scratch"
	Cpus = 1
	Disk = 16777216
	GPUs = 1
	GPUs_GPU_fcc9153c = [ Id = "GPU-fcc9153c"; ClockMhz = 1410.0; Capability = 8.0; CoresPerCU = 64; DeviceName = "NVIDIA A100-SXM4-40GB"; DeviceUuid = "fcc9153c-1c2b-425b-fbc1-5bce398e0c5a"; ECCEnabled = true; ComputeUnits = 108; NvidiaDriver = "595.71.05"; DriverVersion = 13.2; DevicePciBusId = "0000:41:00.0"; GlobalMemoryMb = 40441; MaxSupportedVersion = 13020 ]
	Memory = 16384
...
006 (8180963.050.000) 2026-06-24 14:15:02 Image size of job updated: 39757696
	3418  -  MemoryUsage of job (MB)
	3500000  -  ResidentSetSize of job (KB)
...
006 (8180963.050.000) 2026-06-24 14:20:02 Image size of job updated: 40706172
	3475  -  MemoryUsage of job (MB)
	3557612  -  ResidentSetSize of job (KB)
...
006 (8180963.050.000) 2026-06-24 14:25:03 Image size of job updated: 40738940
	3475  -  MemoryUsage of job (MB)
	3557612  -  ResidentSetSize of job (KB)
...
006 (8180963.050.000) 2026-06-24 14:55:06 Image size of job updated: 40755300
	3488  -  MemoryUsage of job (MB)
	3571148  -  ResidentSetSize of job (KB)
...
006 (8180963.050.000) 2026-06-24 15:00:06 Image size of job updated: 40755300
	3488  -  MemoryUsage of job (MB)
	3571164  -  ResidentSetSize of job (KB)
...
006 (8180963.050.000) 2026-06-24 15:05:07 Image size of job updated: 40755300
	3489  -  MemoryUsage of job (MB)
	3572504  -  ResidentSetSize of job (KB)
...
006 (8180963.050.000) 2026-06-24 15:45:11 Image size of job updated: 40755300
	3490  -  MemoryUsage of job (MB)
	3572804  -  ResidentSetSize of job (KB)
...
006 (8180963.050.000) 2026-06-24 15:50:11 Image size of job updated: 40755300
	3490  -  MemoryUsage of job (MB)
	3572812  -  ResidentSetSize of job (KB)
...
006 (8180963.050.000) 2026-06-24 15:55:12 Image size of job updated: 40755300
	3490  -  MemoryUsage of job (MB)
	3572816  -  ResidentSetSize of job (KB)
...
006 (8180963.050.000) 2026-06-24 16:15:14 Image size of job updated: 40759388
	3494  -  MemoryUsage of job (MB)
	3576904  -  ResidentSetSize of job (KB)
...
006 (8180963.050.000) 2026-06-24 16:25:15 Image size of job updated: 40759388
	3494  -  MemoryUsage of job (MB)
	3577708  -  ResidentSetSize of job (KB)
...
006 (8180963.050.000) 2026-06-24 16:30:15 Image size of job updated: 40759388
	3495  -  MemoryUsage of job (MB)
	3578040  -  ResidentSetSize of job (KB)
...
006 (8180963.050.000) 2026-06-24 16:55:17 Image size of job updated: 40771656
	3506  -  MemoryUsage of job (MB)
	3589868  -  ResidentSetSize of job (KB)
...
006 (8180963.050.000) 2026-06-24 17:35:20 Image size of job updated: 40779836
	3514  -  MemoryUsage of job (MB)
	3598048  -  ResidentSetSize of job (KB)
...
006 (8180963.050.000) 2026-06-24 18:10:23 Image size of job updated: 40779836
	3561  -  MemoryUsage of job (MB)
	3645868  -  ResidentSetSize of job (KB)
...
040 (8180963.050.000) 2026-06-24 18:28:16 Started transferring output files
...
040 (8180963.050.000) 2026-06-24 18:28:17 Finished transferring output files
...
005 (8180963.050.000) 2026-06-24 18:28:17 Job terminated.
	(1) Normal termination (return value 0)
		Usr 0 04:05:25, Sys 0 00:06:22  -  Run Remote Usage
		Usr 0 00:00:00, Sys 0 00:00:00  -  Run Local Usage
		Usr 0 04:36:01, Sys 0 00:07:55  -  Total Remote Usage
		Usr 0 00:00:00, Sys 0 00:00:00  -  Total Local Usage
	3336443  -  Run Bytes Sent By Job
	2782714529  -  Run Bytes Received By Job
	3398033  -  Total Bytes Sent By Job
	13831537957  -  Total Bytes Received By Job
	Partitionable Resources :      Usage  Request Allocated Assigned
	   Cpus                 :       0.99        1         1 
	   Disk (KB)            : 2800273    16777216  16777216 
	   GPUs                 :       0.80        1         1 "GPU-fcc9153c"
	   GpusMemory (MB)      :    7124                       
	   Memory (MB)          :    3561       16384     16384 
	   TimeExecute (s)      :   15505                       
	   TimeSlotBusy (s)     :   15561                       
...
