000 (8018100.113.000) 2026-06-21 13:37:20 Job submitted from host: <128.105.68.112:9618?addrs=128.105.68.112-9618+[2607-f388-2200-100-eaeb-d3ff-fea3-4202]-9618&alias=ap2001.chtc.wisc.edu&noUDP&sock=schedd_4071840_2329>
...
040 (8018100.113.000) 2026-06-21 14:23:37 Started transferring input files
	Transferring to host: <128.105.69.60:9618?addrs=128.105.69.60-9618+[2607-f388-2200-100-527c-6fff-fe66-e7e2]-9618&alias=blengerichgpu4000.chtc.wisc.edu&noUDP&sock=backfill1_6_1843674_de95_96250>
...
040 (8018100.113.000) 2026-06-21 14:23:47 Finished transferring input files
...
001 (8018100.113.000) 2026-06-21 14:23:47 Job executing on host: <128.105.69.60:9618?addrs=128.105.69.60-9618+[2607-f388-2200-100-527c-6fff-fe66-e7e2]-9618&alias=blengerichgpu4000.chtc.wisc.edu&noUDP&sock=startd_11585_ecc4>
	SlotName: backfill1_6@blengerichgpu4000.chtc.wisc.edu
	AvailableGPUs = { GPUs_GPU_56c8300e }
	CondorScratchDir = "/var/lib/condor/execute/slot1/dir_3869754/scratch"
	Cpus = 1
	Disk = 16777216
	GPUs = 1
	GPUs_GPU_56c8300e = [ Id = "GPU-56c8300e"; Capability = 8.9; DeviceName = "NVIDIA L40S"; DeviceUuid = "56c8300e-2783-65ce-0535-6f3c9f590082"; ECCEnabled = true; NvidiaDriver = "570.195.03"; DriverVersion = 12.8; DevicePciBusId = "0000:50:00.0"; GlobalMemoryMb = 45468; MaxSupportedVersion = 12080 ]
	IoHeavy = 0
	Memory = 16384
...
006 (8018100.113.000) 2026-06-21 14:23:50 Image size of job updated: 196
	0  -  MemoryUsage of job (MB)
	0  -  ResidentSetSize of job (KB)
...
040 (8018100.113.000) 2026-06-21 14:23:50 Started transferring output files
...
040 (8018100.113.000) 2026-06-21 14:23:50 Finished transferring output files
...
004 (8018100.113.000) 2026-06-21 14:23:50 Job was evicted.
	(0) Job terminated and was requeued
		Usr 0 00:00:01, Sys 0 00:00:00  -  Run Remote Usage
		Usr 0 00:00:00, Sys 0 00:00:00  -  Run Local Usage
	452  -  Run Bytes Sent By Job
	2784258572  -  Run Bytes Received By Job
	(1) Normal termination (return value 2)
	The job attribute OnExitRemove expression 'NumJobCompletions > JobMaxRetries || ExitCode =?= 0' evaluated to FALSE
...
040 (8018100.113.000) 2026-06-21 14:24:09 Started transferring input files
	Transferring to host: <128.105.68.5:9618?addrs=128.105.68.5-9618+[2607-f388-2200-100-eaeb-d3ff-fe53-f4a0]-9618&alias=gpulab2005.chtc.wisc.edu&noUDP&sock=slot2_4_2487031_13a7_77025>
...
040 (8018100.113.000) 2026-06-21 14:24:21 Finished transferring input files
...
001 (8018100.113.000) 2026-06-21 14:24:21 Job executing on host: <128.105.68.5:9618?addrs=128.105.68.5-9618+[2607-f388-2200-100-eaeb-d3ff-fe53-f4a0]-9618&alias=gpulab2005.chtc.wisc.edu&noUDP&sock=startd_12121_9388>
	SlotName: slot2_4@gpulab2005.chtc.wisc.edu
	AvailableGPUs = { GPUs_GPU_fb408d80 }
	CondorScratchDir = "/var/lib/condor/execute/slot2/dir_3971816/scratch"
	Cpus = 1
	Disk = 16777216
	GPUs = 1
	GPUs_GPU_fb408d80 = [ Id = "GPU-fb408d80"; Capability = 8.0; DeviceName = "NVIDIA A100-SXM4-40GB"; DeviceUuid = "fb408d80-a280-f774-c4b8-7390fd55f4c0"; ECCEnabled = true; NvidiaDriver = "570.195.03"; DriverVersion = 12.8; DevicePciBusId = "0000:C1:00.0"; GlobalMemoryMb = 40442; MaxSupportedVersion = 12080 ]
	IoHeavy = 0
	Memory = 16384
...
006 (8018100.113.000) 2026-06-21 14:24:25 Image size of job updated: 300
	0  -  MemoryUsage of job (MB)
	0  -  ResidentSetSize of job (KB)
...
040 (8018100.113.000) 2026-06-21 14:24:25 Started transferring output files
...
040 (8018100.113.000) 2026-06-21 14:24:25 Finished transferring output files
...
004 (8018100.113.000) 2026-06-21 14:24:25 Job was evicted.
	(0) Job terminated and was requeued
		Usr 0 00:00:02, Sys 0 00:00:00  -  Run Remote Usage
		Usr 0 00:00:00, Sys 0 00:00:00  -  Run Local Usage
	445  -  Run Bytes Sent By Job
	2784258572  -  Run Bytes Received By Job
	(1) Normal termination (return value 2)
	The job attribute OnExitRemove expression 'NumJobCompletions > JobMaxRetries || ExitCode =?= 0' evaluated to FALSE
...
040 (8018100.113.000) 2026-06-21 14:26:24 Started transferring input files
	Transferring to host: <128.105.76.51:9618?addrs=128.105.76.51-9618+[2607-f388-2200-100-925a-8ff-fe34-15b6]-9618&alias=zliu-chtcgpu5000.chtc.wisc.edu&noUDP&sock=backfill1_3_98764_ec29_38368>
...
040 (8018100.113.000) 2026-06-21 14:26:34 Finished transferring input files
...
001 (8018100.113.000) 2026-06-21 14:26:34 Job executing on host: <128.105.76.51:9618?addrs=128.105.76.51-9618+[2607-f388-2200-100-925a-8ff-fe34-15b6]-9618&alias=zliu-chtcgpu5000.chtc.wisc.edu&noUDP&sock=startd_98388_901b>
	SlotName: backfill1_3@zliu-chtcgpu5000.chtc.wisc.edu
	AvailableGPUs = { GPUs_GPU_ad6fd700 }
	CondorScratchDir = "/var/lib/condor/execute/slot1/dir_3583078/scratch"
	Cpus = 1
	Disk = 16777216
	GPUs = 1
	GPUs_GPU_ad6fd700 = [ Id = "GPU-ad6fd700"; Capability = 8.9; DeviceName = "NVIDIA L40S"; DeviceUuid = "ad6fd700-031e-f4f7-18cc-4d9383583651"; ECCEnabled = true; NvidiaDriver = "590.48.01"; DriverVersion = 13.1; DevicePciBusId = "0000:61:00.0"; GlobalMemoryMb = 45460; MaxSupportedVersion = 13010 ]
	IoHeavy = 0
	Memory = 16384
...
040 (8018100.113.000) 2026-06-21 14:26:36 Started transferring output files
...
040 (8018100.113.000) 2026-06-21 14:26:36 Finished transferring output files
...
004 (8018100.113.000) 2026-06-21 14:26:37 Job was evicted.
	(0) Job terminated and was requeued
		Usr 0 00:00:01, Sys 0 00:00:00  -  Run Remote Usage
		Usr 0 00:00:00, Sys 0 00:00:00  -  Run Local Usage
	465  -  Run Bytes Sent By Job
	2784258572  -  Run Bytes Received By Job
	(1) Normal termination (return value 2)
	The job attribute OnExitRemove expression 'NumJobCompletions > JobMaxRetries || ExitCode =?= 0' evaluated to FALSE
...
040 (8018100.113.000) 2026-06-21 14:27:52 Started transferring input files
	Transferring to host: <128.104.103.104:9618?addrs=128.104.103.104-9618+[2607-f388-107c-501-ae1f-6bff-fe40-ce2e]-9618&alias=gitter0000.chtc.wisc.edu&noUDP&sock=backfill1_3_8979_4486_8568>
...
040 (8018100.113.000) 2026-06-21 14:28:54 Finished transferring input files
...
022 (8018100.113.000) 2026-06-21 14:28:54 Job disconnected, attempting to reconnect
    Socket between submit and execute hosts closed unexpectedly
    Trying to reconnect to backfill1_3@gitter0000.chtc.wisc.edu <128.104.103.104:9618?addrs=128.104.103.104-9618+[2607-f388-107c-501-ae1f-6bff-fe40-ce2e]-9618&alias=gitter0000.chtc.wisc.edu&noUDP&sock=startd_8665_0c39>
...
024 (8018100.113.000) 2026-06-21 14:29:03 Job reconnection failed
    Job not found at execution machine
    Can not reconnect to backfill1_3@gitter0000.chtc.wisc.edu, rescheduling job
...
004 (8018100.113.000) 2026-06-21 14:29:03 Job was evicted. Code 1008 Subcode 0
	(0) CPU times
		Usr 0 00:00:00, Sys 0 00:00:00  -  Run Remote Usage
		Usr 0 00:00:00, Sys 0 00:00:00  -  Run Local Usage
	0  -  Run Bytes Sent By Job
	0  -  Run Bytes Received By Job
	Reason: Job not found at execution machine
	Partitionable Resources :     Usage  Request Allocated Assigned
	   Cpus                 :      0.16        1         1 
	   Disk (KB)            : 890753    16777216  16777216 
	   GPUs                 :      0           1         1 "GPU-af91605c"
	   IoHeavy              :                            0 
	   Memory (MB)          :      0       16384     16384 
	   TimeExecute (s)      :      2                       
	   TimeSlotBusy (s)     :     12                       
...
040 (8018100.113.000) 2026-06-21 14:30:04 Started transferring input files
	Transferring to host: <10.1.1.131:45689?CCBID=128.105.82.148:9618%3faddrs%3d128.105.82.148-9618+[2607-f388-2200-9d-7ccb-bc08-2489-768a]-9618%26alias%3dospool-ccb.osg.chtc.io%26noUDP%26sock%3dcollector7#4327516%2067.58.49.91:9618%3faddrs%3d67.58.49.91-9618+[fdf0-17b3-c3ec-1f79-10-0-e-b69d]-9618%26alias%3dccb-2.ospool.osg-htc.org%26noUDP%26sock%3dcollector5#4325341&PrivNet=gpu01&addrs=10.1.1.131-45689&alias=gpu01&noUDP>
...
040 (8018100.113.000) 2026-06-21 14:30:44 Finished transferring input files
...
021 (8018100.113.000) 2026-06-21 14:30:45 Message from starter on slot1_1@glidein_2647050_104374788@gpu01:
	PREPARE_JOB (prepare-hook) succeeded (reported status 000): Using Singularity image openfe_1.11.1.sif
...
001 (8018100.113.000) 2026-06-21 14:30:45 Job executing on host: <10.1.1.131:41341?CCBID=128.105.82.148:9618%3faddrs%3d128.105.82.148-9618+[2607-f388-2200-9d-7ccb-bc08-2489-768a]-9618%26alias%3dospool-ccb.osg.chtc.io%26noUDP%26sock%3dcollector6#4331254%2067.58.49.91:9618%3faddrs%3d67.58.49.91-9618+[fdf0-17b3-c3ec-1f79-10-0-e-b69d]-9618%26alias%3dccb-2.ospool.osg-htc.org%26noUDP%26sock%3dcollector2#4325785&PrivNet=gpu01&addrs=10.1.1.131-41341&alias=gpu01&noUDP>
	SlotName: slot1_1@glidein_2647050_104374788@gpu01
	AvailableGPUs = { GPUs_GPU_23ecf0d7 }
	CondorScratchDir = "/tmp/glide_CcP9XM/execute/dir_2685588/scratch"
	Cpus = 1
	Disk = 16777216
	GPUs = 1
	GPUs_GPU_23ecf0d7 = [ Id = "GPU-23ecf0d7"; ClockMhz = 1740.0; Capability = 8.6; CoresPerCU = 128; DeviceName = "NVIDIA A40"; DeviceUuid = "23ecf0d7-cfa9-de5a-f254-f54e1a8da719"; ECCEnabled = true; ComputeUnits = 84; NvidiaDriver = "595.71.05"; DriverVersion = 13.2; DevicePciBusId = "0000:01:00.0"; GlobalMemoryMb = 45739; MaxSupportedVersion = 13020 ]
	Memory = 16384
...
006 (8018100.113.000) 2026-06-21 14:30:48 Image size of job updated: 300
	6  -  MemoryUsage of job (MB)
	5392  -  ResidentSetSize of job (KB)
...
040 (8018100.113.000) 2026-06-21 14:30:49 Started transferring output files
...
040 (8018100.113.000) 2026-06-21 14:30:49 Finished transferring output files
...
004 (8018100.113.000) 2026-06-21 14:30:50 Job was evicted.
	(0) Job terminated and was requeued
		Usr 0 00:00:00, Sys 0 00:00:00  -  Run Remote Usage
		Usr 0 00:00:00, Sys 0 00:00:00  -  Run Local Usage
	547  -  Run Bytes Sent By Job
	2784258572  -  Run Bytes Received By Job
	(1) Normal termination (return value 2)
	The job attribute OnExitRemove expression 'NumJobCompletions > JobMaxRetries || ExitCode =?= 0' evaluated to FALSE
...
040 (8018100.113.000) 2026-06-21 14:31:40 Started transferring input files
	Transferring to host: <128.105.76.49:9618?addrs=128.105.76.49-9618+[2607-f388-2200-100-925a-8ff-fe34-145a]-9618&alias=dbrundagegpu5000.chtc.wisc.edu&noUDP&sock=backfill1_2_200419_10ef_13644>
...
040 (8018100.113.000) 2026-06-21 14:31:49 Finished transferring input files
...
001 (8018100.113.000) 2026-06-21 14:31:49 Job executing on host: <128.105.76.49:9618?addrs=128.105.76.49-9618+[2607-f388-2200-100-925a-8ff-fe34-145a]-9618&alias=dbrundagegpu5000.chtc.wisc.edu&noUDP&sock=startd_200349_5402>
	SlotName: backfill1_2@dbrundagegpu5000.chtc.wisc.edu
	AvailableGPUs = { GPUs_GPU_4492b770 }
	CondorScratchDir = "/var/lib/condor/execute/slot1/dir_2008822/scratch"
	Cpus = 1
	Disk = 16777216
	GPUs = 1
	GPUs_GPU_4492b770 = [ Id = "GPU-4492b770"; Capability = 8.9; DeviceName = "NVIDIA L40S"; DeviceUuid = "4492b770-c65d-cba3-201b-daa72edfb5b7"; ECCEnabled = true; NvidiaDriver = "590.48.01"; DriverVersion = 13.1; DevicePciBusId = "0000:C1:00.0"; GlobalMemoryMb = 45460; MaxSupportedVersion = 13010 ]
	IoHeavy = 0
	Memory = 16384
...
040 (8018100.113.000) 2026-06-21 14:31:52 Started transferring output files
...
040 (8018100.113.000) 2026-06-21 14:31:52 Finished transferring output files
...
004 (8018100.113.000) 2026-06-21 14:31:52 Job was evicted.
	(0) Job terminated and was requeued
		Usr 0 00:00:01, Sys 0 00:00:00  -  Run Remote Usage
		Usr 0 00:00:00, Sys 0 00:00:00  -  Run Local Usage
	465  -  Run Bytes Sent By Job
	2784258572  -  Run Bytes Received By Job
	(1) Normal termination (return value 2)
	The job attribute OnExitRemove expression 'NumJobCompletions > JobMaxRetries || ExitCode =?= 0' evaluated to FALSE
...
040 (8018100.113.000) 2026-06-21 14:33:10 Started transferring input files
	Transferring to host: <128.105.68.168:35711?CCBID=128.105.82.148:9618%3faddrs%3d128.105.82.148-9618+[2607-f388-2200-9d-7ccb-bc08-2489-768a]-9618%26alias%3dospool-ccb.osg.chtc.io%26noUDP%26sock%3dcollector9#4330847%2067.58.49.91:9618%3faddrs%3d67.58.49.91-9618+[fdf0-17b3-c3ec-1f79-10-0-e-b69d]-9618%26alias%3dccb-2.ospool.osg-htc.org%26noUDP%26sock%3dcollector3#4321235&PrivNet=gpulab2003.chtc.wisc.edu&addrs=128.105.68.168-35711+[2607-f388-2200-100-b62e-99ff-feb7-2dcb]-35711&alias=gpulab2003.chtc.wisc.edu&noUDP>
...
040 (8018100.113.000) 2026-06-21 14:33:23 Finished transferring input files
...
021 (8018100.113.000) 2026-06-21 14:33:24 Message from starter on slot1_1@glidein_42042_400663250@gpulab2003.chtc.wisc.edu:
	PREPARE_JOB (prepare-hook) succeeded (reported status 000): Using Singularity image openfe_1.11.1.sif
...
001 (8018100.113.000) 2026-06-21 14:33:24 Job executing on host: <128.105.68.168:38799?CCBID=128.105.82.148:9618%3faddrs%3d128.105.82.148-9618+[2607-f388-2200-9d-7ccb-bc08-2489-768a]-9618%26alias%3dospool-ccb.osg.chtc.io%26noUDP%26sock%3dcollector1#4179769%2067.58.49.91:9618%3faddrs%3d67.58.49.91-9618+[fdf0-17b3-c3ec-1f79-10-0-e-b69d]-9618%26alias%3dccb-2.ospool.osg-htc.org%26noUDP%26sock%3dcollector9#4177312&PrivNet=gpulab2003.chtc.wisc.edu&addrs=128.105.68.168-38799+[2607-f388-2200-100-b62e-99ff-feb7-2dcb]-38799&alias=gpulab2003.chtc.wisc.edu&noUDP>
	SlotName: slot1_1@glidein_42042_400663250@gpulab2003.chtc.wisc.edu
	AvailableGPUs = { GPUs_GPU_df09b4ae }
	CondorScratchDir = "/var/lib/condor/execute/slot1/dir_42040/scratch/glide_5fkg4a/execute/dir_1282840/scratch"
	Cpus = 1
	Disk = 16777216
	GPUs = 1
	GPUs_GPU_df09b4ae = [ Id = "GPU-df09b4ae"; ClockMhz = 1545.0; Capability = 7.5; CoresPerCU = 64; DeviceName = "NVIDIA GeForce RTX 2080 Ti"; DeviceUuid = "df09b4ae-3796-2b26-7d7a-4bb88110b63f"; ECCEnabled = false; ComputeUnits = 68; NvidiaDriver = "570.195.03"; DriverVersion = 12.8; DevicePciBusId = "0000:DB:00.0"; GlobalMemoryMb = 10823; MaxSupportedVersion = 12080 ]
	Memory = 16384
...
040 (8018100.113.000) 2026-06-21 14:33:28 Started transferring output files
...
040 (8018100.113.000) 2026-06-21 14:33:28 Finished transferring output files
...
004 (8018100.113.000) 2026-06-21 14:33:28 Job was evicted.
	(0) Job terminated and was requeued
		Usr 0 00:00:00, Sys 0 00:00:00  -  Run Remote Usage
		Usr 0 00:00:00, Sys 0 00:00:00  -  Run Local Usage
	470  -  Run Bytes Sent By Job
	2784258572  -  Run Bytes Received By Job
	(1) Normal termination (return value 2)
	The job attribute OnExitRemove expression 'NumJobCompletions > JobMaxRetries || ExitCode =?= 0' evaluated to FALSE
...
040 (8018100.113.000) 2026-06-21 14:33:46 Started transferring input files
	Transferring to host: <128.105.68.5:9618?addrs=128.105.68.5-9618+[2607-f388-2200-100-eaeb-d3ff-fe53-f4a0]-9618&alias=gpulab2005.chtc.wisc.edu&noUDP&sock=slot2_4_2487031_13a7_77066>
...
040 (8018100.113.000) 2026-06-21 14:34:17 Finished transferring input files
...
001 (8018100.113.000) 2026-06-21 14:34:17 Job executing on host: <128.105.68.5:9618?addrs=128.105.68.5-9618+[2607-f388-2200-100-eaeb-d3ff-fe53-f4a0]-9618&alias=gpulab2005.chtc.wisc.edu&noUDP&sock=startd_12121_9388>
	SlotName: slot2_4@gpulab2005.chtc.wisc.edu
	AvailableGPUs = { GPUs_GPU_fb408d80 }
	CondorScratchDir = "/var/lib/condor/execute/slot2/dir_4025738/scratch"
	Cpus = 1
	Disk = 16777216
	GPUs = 1
	GPUs_GPU_fb408d80 = [ Id = "GPU-fb408d80"; Capability = 8.0; DeviceName = "NVIDIA A100-SXM4-40GB"; DeviceUuid = "fb408d80-a280-f774-c4b8-7390fd55f4c0"; ECCEnabled = true; NvidiaDriver = "570.195.03"; DriverVersion = 12.8; DevicePciBusId = "0000:C1:00.0"; GlobalMemoryMb = 40442; MaxSupportedVersion = 12080 ]
	IoHeavy = 0
	Memory = 16384
...
040 (8018100.113.000) 2026-06-21 14:34:21 Started transferring output files
...
040 (8018100.113.000) 2026-06-21 14:34:21 Finished transferring output files
...
004 (8018100.113.000) 2026-06-21 14:34:21 Job was evicted.
	(0) Job terminated and was requeued
		Usr 0 00:00:02, Sys 0 00:00:00  -  Run Remote Usage
		Usr 0 00:00:00, Sys 0 00:00:00  -  Run Local Usage
	445  -  Run Bytes Sent By Job
	2784258572  -  Run Bytes Received By Job
	(1) Normal termination (return value 2)
	The job attribute OnExitRemove expression 'NumJobCompletions > JobMaxRetries || ExitCode =?= 0' evaluated to FALSE
...
040 (8018100.113.000) 2026-06-21 14:34:39 Started transferring input files
	Transferring to host: <10.226.104.214:42201?CCBID=128.105.82.148:9618%3faddrs%3d128.105.82.148-9618+[2607-f388-2200-9d-7ccb-bc08-2489-768a]-9618%26alias%3dospool-ccb.osg.chtc.io%26noUDP%26sock%3dcollector10#4327390%2067.58.49.91:9618%3faddrs%3d67.58.49.91-9618+[fdf0-17b3-c3ec-1f79-10-0-e-b69d]-9618%26alias%3dccb-2.ospool.osg-htc.org%26noUDP%26sock%3dcollector2#4326536&PrivNet=gpu014.rci.montana.edu&addrs=10.226.104.214-42201&alias=gpu014.rci.montana.edu&noUDP>
...
040 (8018100.113.000) 2026-06-21 14:36:00 Finished transferring input files
...
021 (8018100.113.000) 2026-06-21 14:36:01 Message from starter on slot1_2@glidein_3254553_422831079@gpu014.rci.montana.edu:
	PREPARE_JOB (prepare-hook) succeeded (reported status 000): Using Singularity image openfe_1.11.1.sif
...
001 (8018100.113.000) 2026-06-21 14:36:01 Job executing on host: <10.226.104.214:45921?CCBID=128.105.82.148:9618%3faddrs%3d128.105.82.148-9618+[2607-f388-2200-9d-7ccb-bc08-2489-768a]-9618%26alias%3dospool-ccb.osg.chtc.io%26noUDP%26sock%3dcollector2#4180840%2067.58.49.91:9618%3faddrs%3d67.58.49.91-9618+[fdf0-17b3-c3ec-1f79-10-0-e-b69d]-9618%26alias%3dccb-2.ospool.osg-htc.org%26noUDP%26sock%3dcollector2#4177232&PrivNet=gpu014.rci.montana.edu&addrs=10.226.104.214-45921&alias=gpu014.rci.montana.edu&noUDP>
	SlotName: slot1_2@glidein_3254553_422831079@gpu014.rci.montana.edu
	AvailableGPUs = { GPUs_GPU_2b1809fd }
	CondorScratchDir = "/tmp/jobs/4082646/glide_6fef78/execute/dir_3660026/scratch"
	Cpus = 1
	Disk = 16777216
	GPUs = 1
	GPUs_GPU_2b1809fd = [ Id = "GPU-2b1809fd"; ClockMhz = 1410.0; Capability = 8.0; CoresPerCU = 64; DeviceName = "NVIDIA A100-SXM4-40GB"; DeviceUuid = "2b1809fd-9531-3f58-591b-edbf3e558ca2"; ECCEnabled = true; ComputeUnits = 108; NvidiaDriver = "595.71.05"; DriverVersion = 13.2; DevicePciBusId = "0000:81:00.0"; GlobalMemoryMb = 40441; MaxSupportedVersion = 13020 ]
	Memory = 16384
...
040 (8018100.113.000) 2026-06-21 14:36:07 Started transferring output files
...
040 (8018100.113.000) 2026-06-21 14:36:07 Finished transferring output files
...
004 (8018100.113.000) 2026-06-21 14:36:08 Job was evicted.
	(0) Job terminated and was requeued
		Usr 0 00:00:00, Sys 0 00:00:00  -  Run Remote Usage
		Usr 0 00:00:00, Sys 0 00:00:00  -  Run Local Usage
	460  -  Run Bytes Sent By Job
	2784258572  -  Run Bytes Received By Job
	(1) Normal termination (return value 2)
	The job attribute OnExitRemove expression 'NumJobCompletions > JobMaxRetries || ExitCode =?= 0' evaluated to FALSE
...
040 (8018100.113.000) 2026-06-21 14:36:36 Started transferring input files
	Transferring to host: <128.104.100.52:9618?addrs=128.104.100.52-9618+[2607-f388-107c-501-7ec2-55ff-fe99-a48c]-9618&alias=jcaicedogpu0000.chtc.wisc.edu&noUDP&sock=backfill1_8_12267_f60c_9452>
...
040 (8018100.113.000) 2026-06-21 14:36:45 Finished transferring input files
...
001 (8018100.113.000) 2026-06-21 14:36:45 Job executing on host: <128.104.100.52:9618?addrs=128.104.100.52-9618+[2607-f388-107c-501-7ec2-55ff-fe99-a48c]-9618&alias=jcaicedogpu0000.chtc.wisc.edu&noUDP&sock=startd_10725_0952>
	SlotName: backfill1_8@jcaicedogpu0000.chtc.wisc.edu
	AvailableGPUs = { GPUs_GPU_0c03ad29 }
	CondorScratchDir = "/var/lib/condor/execute/slot1/dir_3468943/scratch"
	Cpus = 1
	Disk = 16777216
	GPUs = 1
	GPUs_GPU_0c03ad29 = [ Id = "GPU-0c03ad29"; Capability = 8.9; DeviceName = "NVIDIA L40"; DeviceUuid = "0c03ad29-613e-407b-2db9-ce469ed3fbba"; ECCEnabled = true; NvidiaDriver = "570.195.03"; DriverVersion = 12.8; DevicePciBusId = "0000:53:00.0"; GlobalMemoryMb = 45468; MaxSupportedVersion = 12080 ]
	IoHeavy = 0
	Memory = 16384
...
040 (8018100.113.000) 2026-06-21 14:36:48 Started transferring output files
...
040 (8018100.113.000) 2026-06-21 14:36:48 Finished transferring output files
...
004 (8018100.113.000) 2026-06-21 14:36:49 Job was evicted.
	(0) Job terminated and was requeued
		Usr 0 00:00:02, Sys 0 00:00:00  -  Run Remote Usage
		Usr 0 00:00:00, Sys 0 00:00:00  -  Run Local Usage
	450  -  Run Bytes Sent By Job
	2784258572  -  Run Bytes Received By Job
	(1) Normal termination (return value 2)
	The job attribute OnExitRemove expression 'NumJobCompletions > JobMaxRetries || ExitCode =?= 0' evaluated to FALSE
...
040 (8018100.113.000) 2026-06-21 14:37:31 Started transferring input files
	Transferring to host: <10.226.104.214:39157?CCBID=128.105.82.148:9618%3faddrs%3d128.105.82.148-9618+[2607-f388-2200-9d-7ccb-bc08-2489-768a]-9618%26alias%3dospool-ccb.osg.chtc.io%26noUDP%26sock%3dcollector7#4327669%2067.58.49.91:9618%3faddrs%3d67.58.49.91-9618+[fdf0-17b3-c3ec-1f79-10-0-e-b69d]-9618%26alias%3dccb-2.ospool.osg-htc.org%26noUDP%26sock%3dcollector9#4327172&PrivNet=gpu014.rci.montana.edu&addrs=10.226.104.214-39157&alias=gpu014.rci.montana.edu&noUDP>
...
040 (8018100.113.000) 2026-06-21 14:38:44 Finished transferring input files
...
021 (8018100.113.000) 2026-06-21 14:38:45 Message from starter on slot1_2@glidein_3254553_422831079@gpu014.rci.montana.edu:
	PREPARE_JOB (prepare-hook) succeeded (reported status 000): Using Singularity image openfe_1.11.1.sif
...
001 (8018100.113.000) 2026-06-21 14:38:45 Job executing on host: <10.226.104.214:45921?CCBID=128.105.82.148:9618%3faddrs%3d128.105.82.148-9618+[2607-f388-2200-9d-7ccb-bc08-2489-768a]-9618%26alias%3dospool-ccb.osg.chtc.io%26noUDP%26sock%3dcollector2#4180840%2067.58.49.91:9618%3faddrs%3d67.58.49.91-9618+[fdf0-17b3-c3ec-1f79-10-0-e-b69d]-9618%26alias%3dccb-2.ospool.osg-htc.org%26noUDP%26sock%3dcollector2#4177232&PrivNet=gpu014.rci.montana.edu&addrs=10.226.104.214-45921&alias=gpu014.rci.montana.edu&noUDP>
	SlotName: slot1_2@glidein_3254553_422831079@gpu014.rci.montana.edu
	AvailableGPUs = { GPUs_GPU_2b1809fd }
	CondorScratchDir = "/tmp/jobs/4082646/glide_6fef78/execute/dir_3664395/scratch"
	Cpus = 1
	Disk = 16777216
	GPUs = 1
	GPUs_GPU_2b1809fd = [ Id = "GPU-2b1809fd"; ClockMhz = 1410.0; Capability = 8.0; CoresPerCU = 64; DeviceName = "NVIDIA A100-SXM4-40GB"; DeviceUuid = "2b1809fd-9531-3f58-591b-edbf3e558ca2"; ECCEnabled = true; ComputeUnits = 108; NvidiaDriver = "595.71.05"; DriverVersion = 13.2; DevicePciBusId = "0000:81:00.0"; GlobalMemoryMb = 40441; MaxSupportedVersion = 13020 ]
	Memory = 16384
...
040 (8018100.113.000) 2026-06-21 14:38:51 Started transferring output files
...
040 (8018100.113.000) 2026-06-21 14:38:51 Finished transferring output files
...
004 (8018100.113.000) 2026-06-21 14:38:52 Job was evicted.
	(0) Job terminated and was requeued
		Usr 0 00:00:00, Sys 0 00:00:00  -  Run Remote Usage
		Usr 0 00:00:00, Sys 0 00:00:00  -  Run Local Usage
	460  -  Run Bytes Sent By Job
	2784258572  -  Run Bytes Received By Job
	(1) Normal termination (return value 2)
	The job attribute OnExitRemove expression 'NumJobCompletions > JobMaxRetries || ExitCode =?= 0' evaluated to FALSE
...
040 (8018100.113.000) 2026-06-21 14:39:10 Started transferring input files
	Transferring to host: <128.105.68.168:9618?addrs=128.105.68.168-9618+[2607-f388-2200-100-b62e-99ff-feb7-2dcb]-9618&alias=gpulab2003.chtc.wisc.edu&noUDP&sock=slot2_4_11172_6f3f_7683>
...
040 (8018100.113.000) 2026-06-21 14:39:25 Finished transferring input files
...
001 (8018100.113.000) 2026-06-21 14:39:25 Job executing on host: <128.105.68.168:9618?addrs=128.105.68.168-9618+[2607-f388-2200-100-b62e-99ff-feb7-2dcb]-9618&alias=gpulab2003.chtc.wisc.edu&noUDP&sock=startd_10155_1056>
	SlotName: slot2_4@gpulab2003.chtc.wisc.edu
	AvailableGPUs = { GPUs_GPU_61902b82 }
	CondorScratchDir = "/var/lib/condor/execute/slot2/dir_1292543/scratch"
	Cpus = 1
	Disk = 16777216
	GPUs = 1
	GPUs_GPU_61902b82 = [ Id = "GPU-61902b82"; Capability = 7.5; DeviceName = "NVIDIA GeForce RTX 2080 Ti"; DeviceUuid = "61902b82-cedb-e4be-d010-bca8829ec79b"; ECCEnabled = false; NvidiaDriver = "570.195.03"; DriverVersion = 12.8; DevicePciBusId = "0000:B2:00.0"; GlobalMemoryMb = 10823; MaxSupportedVersion = 12080 ]
	IoHeavy = 0
	Memory = 16384
...
006 (8018100.113.000) 2026-06-21 14:39:29 Image size of job updated: 12416
	13  -  MemoryUsage of job (MB)
	12304  -  ResidentSetSize of job (KB)
...
040 (8018100.113.000) 2026-06-21 14:39:29 Started transferring output files
...
040 (8018100.113.000) 2026-06-21 14:39:29 Finished transferring output files
...
005 (8018100.113.000) 2026-06-21 14:39:29 Job terminated.
	(1) Normal termination (return value 2)
		Usr 0 00:00:02, Sys 0 00:00:00  -  Run Remote Usage
		Usr 0 00:00:00, Sys 0 00:00:00  -  Run Local Usage
		Usr 0 00:00:11, Sys 0 00:00:00  -  Total Remote Usage
		Usr 0 00:00:00, Sys 0 00:00:00  -  Total Local Usage
	435  -  Run Bytes Sent By Job
	2784258572  -  Run Bytes Received By Job
	5094  -  Total Bytes Sent By Job
	30626844292  -  Total Bytes Received By Job
	Partitionable Resources :    Usage  Request Allocated Assigned
	   Cpus                 :        0        1         1 
	   Disk (KB)            :  2719040 16777216  16777216 
	   GPUs                 :        0        1         1 "GPU-61902b82"
	   IoHeavy              :                           0 
	   Memory (MB)          :       13    16384     16384 
	   TimeExecute (s)      :        4                    
	   TimeSlotBusy (s)     :       20                    
...
