000 (8321903.052.000) 2026-06-26 09:00:08 Job submitted from host: <128.105.68.112:9618?addrs=128.105.68.112-9618+[2607-f388-2200-100-eaeb-d3ff-fea3-4202]-9618&alias=ap2001.chtc.wisc.edu&noUDP&sock=schedd_4071840_2329>
...
040 (8321903.052.000) 2026-06-26 09:57:11 Started transferring input files
	Transferring to host: <128.104.100.117:9618?addrs=128.104.100.117-9618+[2607-f388-107c-501-8ae9-a4ff-fe02-e150]-9618&alias=jcaicedogpu0003.chtc.wisc.edu&noUDP&sock=backfill1_3_1586877_26eb_116601>
...
040 (8321903.052.000) 2026-06-26 09:57:23 Finished transferring input files
...
001 (8321903.052.000) 2026-06-26 09:57:23 Job executing on host: <128.104.100.117:9618?addrs=128.104.100.117-9618+[2607-f388-107c-501-8ae9-a4ff-fe02-e150]-9618&alias=jcaicedogpu0003.chtc.wisc.edu&noUDP&sock=startd_10874_3cee>
	SlotName: backfill1_3@jcaicedogpu0003.chtc.wisc.edu
	AvailableGPUs = { GPUs_GPU_190464c1 }
	CondorScratchDir = "/var/lib/condor/execute/slot1/dir_1478376/scratch"
	Cpus = 1
	Disk = 16777216
	GPUs = 1
	GPUs_GPU_190464c1 = [ Id = "GPU-190464c1"; Capability = 8.9; DeviceName = "NVIDIA L40S"; DeviceUuid = "190464c1-902e-e3e2-c470-d5a86ace379d"; ECCEnabled = true; NvidiaDriver = "570.195.03"; DriverVersion = 12.8; DevicePciBusId = "0000:A1:00.0"; GlobalMemoryMb = 45468; MaxSupportedVersion = 12080 ]
	IoHeavy = 0
	Memory = 16384
...
006 (8321903.052.000) 2026-06-26 09:57:32 Image size of job updated: 507552
	496  -  MemoryUsage of job (MB)
	507552  -  ResidentSetSize of job (KB)
...
006 (8321903.052.000) 2026-06-26 10:02:33 Image size of job updated: 4329728
	3813  -  MemoryUsage of job (MB)
	3904012  -  ResidentSetSize of job (KB)
...
006 (8321903.052.000) 2026-06-26 10:07:33 Image size of job updated: 5167540
	4890  -  MemoryUsage of job (MB)
	5007292  -  ResidentSetSize of job (KB)
...
006 (8321903.052.000) 2026-06-26 10:12:33 Image size of job updated: 5376632
	5251  -  MemoryUsage of job (MB)
	5376632  -  ResidentSetSize of job (KB)
...
006 (8321903.052.000) 2026-06-26 10:17:34 Image size of job updated: 6041988
	5570  -  MemoryUsage of job (MB)
	5703512  -  ResidentSetSize of job (KB)
...
006 (8321903.052.000) 2026-06-26 10:22:34 Image size of job updated: 6617760
	6463  -  MemoryUsage of job (MB)
	6617760  -  ResidentSetSize of job (KB)
...
006 (8321903.052.000) 2026-06-26 10:23:20 Image size of job updated: 6815848
	6463  -  MemoryUsage of job (MB)
	6617760  -  ResidentSetSize of job (KB)
...
040 (8321903.052.000) 2026-06-26 10:23:20 Started transferring output files
...
040 (8321903.052.000) 2026-06-26 10:23:20 Finished transferring output files
...
004 (8321903.052.000) 2026-06-26 10:23:21 Job was evicted.
	(0) Job terminated and was requeued
		Usr 0 00:32:03, Sys 0 00:01:22  -  Run Remote Usage
		Usr 0 00:00:00, Sys 0 00:00:00  -  Run Local Usage
	111529  -  Run Bytes Sent By Job
	2784113603  -  Run Bytes Received By Job
	(1) Normal termination (return value 1)
	The job attribute OnExitRemove expression 'NumJobCompletions > JobMaxRetries || ExitCode =?= 0' evaluated to FALSE
...
040 (8321903.052.000) 2026-06-26 10:26:22 Started transferring input files
	Transferring to host: <128.105.68.131:9618?addrs=128.105.68.131-9618+[2607-f388-2200-100-7ec2-55ff-fe99-a4a2]-9618&alias=xhuanggpu4001.chtc.wisc.edu&noUDP&sock=backfill1_3_770790_08a9_80399>
...
040 (8321903.052.000) 2026-06-26 10:26:33 Finished transferring input files
...
001 (8321903.052.000) 2026-06-26 10:26:33 Job executing on host: <128.105.68.131:9618?addrs=128.105.68.131-9618+[2607-f388-2200-100-7ec2-55ff-fe99-a4a2]-9618&alias=xhuanggpu4001.chtc.wisc.edu&noUDP&sock=startd_10764_c983>
	SlotName: backfill1_3@xhuanggpu4001.chtc.wisc.edu
	AvailableGPUs = { GPUs_GPU_84e70dd2 }
	CondorScratchDir = "/var/lib/condor/execute/slot1/dir_1246993/scratch"
	Cpus = 1
	Disk = 16777216
	GPUs = 1
	GPUs_GPU_84e70dd2 = [ Id = "GPU-84e70dd2"; Capability = 8.9; DeviceName = "NVIDIA L40"; DeviceUuid = "84e70dd2-a3e3-55fa-e76c-fb677b618f52"; ECCEnabled = true; NvidiaDriver = "570.195.03"; DriverVersion = 12.8; DevicePciBusId = "0000:57:00.0"; GlobalMemoryMb = 45468; MaxSupportedVersion = 12080 ]
	IoHeavy = 0
	Memory = 16384
...
040 (8321903.052.000) 2026-06-26 11:04:05 Started transferring output files
...
040 (8321903.052.000) 2026-06-26 11:04:05 Finished transferring output files
...
004 (8321903.052.000) 2026-06-26 11:04:05 Job was evicted.
	(0) Job terminated and was requeued
		Usr 0 00:47:36, Sys 0 00:01:21  -  Run Remote Usage
		Usr 0 00:00:00, Sys 0 00:00:00  -  Run Local Usage
	111535  -  Run Bytes Sent By Job
	2784113603  -  Run Bytes Received By Job
	(1) Normal termination (return value 1)
	The job attribute OnExitRemove expression 'NumJobCompletions > JobMaxRetries || ExitCode =?= 0' evaluated to FALSE
...
040 (8321903.052.000) 2026-06-26 11:04:57 Started transferring input files
	Transferring to host: <128.105.69.3:9618?addrs=128.105.69.3-9618+[2607-f388-2200-100-7ec2-55ff-fe46-28f2]-9618&alias=gpu4002.chtc.wisc.edu&noUDP&sock=slot1_8_12744_0cff_17876>
...
040 (8321903.052.000) 2026-06-26 11:05:08 Finished transferring input files
...
001 (8321903.052.000) 2026-06-26 11:05:08 Job executing on host: <128.105.69.3:9618?addrs=128.105.69.3-9618+[2607-f388-2200-100-7ec2-55ff-fe46-28f2]-9618&alias=gpu4002.chtc.wisc.edu&noUDP&sock=startd_11312_ab69>
	SlotName: slot1_8@gpu4002.chtc.wisc.edu
	AvailableGPUs = { GPUs_GPU_09577b35 }
	CondorScratchDir = "/var/lib/condor/execute/slot1/dir_3155452/scratch"
	Cpus = 1
	Disk = 16777216
	GPUs = 1
	GPUs_GPU_09577b35 = [ Id = "GPU-09577b35"; Capability = 8.9; DeviceName = "NVIDIA L40"; DeviceUuid = "09577b35-f6c1-80af-9b8d-5ea7965b3f6d"; ECCEnabled = true; NvidiaDriver = "570.195.03"; DriverVersion = 12.8; DevicePciBusId = "0000:D2:00.0"; GlobalMemoryMb = 45468; MaxSupportedVersion = 12080 ]
	IoHeavy = 0
	Memory = 16384
...
040 (8321903.052.000) 2026-06-26 11:08:43 Started transferring output files
...
040 (8321903.052.000) 2026-06-26 11:08:43 Finished transferring output files
...
004 (8321903.052.000) 2026-06-26 11:08:44 Job was evicted.
	(0) Job terminated and was requeued
		Usr 0 00:03:27, Sys 0 00:00:05  -  Run Remote Usage
		Usr 0 00:00:00, Sys 0 00:00:00  -  Run Local Usage
	93698  -  Run Bytes Sent By Job
	2784113603  -  Run Bytes Received By Job
	(1) Normal termination (return value 1)
	The job attribute OnExitRemove expression 'NumJobCompletions > JobMaxRetries || ExitCode =?= 0' evaluated to FALSE
...
040 (8321903.052.000) 2026-06-26 11:14:50 Started transferring input files
	Transferring to host: <128.105.68.166:9618?addrs=128.105.68.166-9618+[2607-f388-2200-100-b62e-99ff-feb7-2e2d]-9618&alias=gpulab2001.chtc.wisc.edu&noUDP&sock=backfill1_2_11113_dd1d_67227>
...
040 (8321903.052.000) 2026-06-26 11:14:52 Finished transferring input files
...
022 (8321903.052.000) 2026-06-26 11:14:52 Job disconnected, attempting to reconnect
    Socket between submit and execute hosts closed unexpectedly
    Trying to reconnect to backfill1_2@gpulab2001.chtc.wisc.edu <128.105.68.166:9618?addrs=128.105.68.166-9618+[2607-f388-2200-100-b62e-99ff-feb7-2e2d]-9618&alias=gpulab2001.chtc.wisc.edu&noUDP&sock=startd_10083_ad84>
...
024 (8321903.052.000) 2026-06-26 11:14:52 Job reconnection failed
    Job not found at execution machine
    Can not reconnect to backfill1_2@gpulab2001.chtc.wisc.edu, rescheduling job
...
004 (8321903.052.000) 2026-06-26 11:14:52 Job was evicted. Code 1008 Subcode 0
	(0) CPU times
		Usr 0 00:00:00, Sys 0 00:00:00  -  Run Remote Usage
		Usr 0 00:00:00, Sys 0 00:00:00  -  Run Local Usage
	0  -  Run Bytes Sent By Job
	0  -  Run Bytes Received By Job
	Reason: Job not found at execution machine
	Partitionable Resources :    Usage  Request Allocated Assigned
	   Cpus                 :     0.02        1         1 
	   Disk (KB)            :  3124    16777216  16777216 
	   GPUs                 :     0.13        1         1 "GPU-25d74433"
	   IoHeavy              :                           0 
	   Memory (MB)          :  7325       16384     16384 
	   TimeExecute (s)      :   214                       
	   TimeSlotBusy (s)     :   226                       
...
040 (8321903.052.000) 2026-06-26 11:17:31 Started transferring input files
	Transferring to host: <128.105.69.3:9618?addrs=128.105.69.3-9618+[2607-f388-2200-100-7ec2-55ff-fe46-28f2]-9618&alias=gpu4002.chtc.wisc.edu&noUDP&sock=slot1_4_12744_0cff_17923>
...
040 (8321903.052.000) 2026-06-26 11:17:44 Finished transferring input files
...
001 (8321903.052.000) 2026-06-26 11:17:45 Job executing on host: <128.105.69.3:9618?addrs=128.105.69.3-9618+[2607-f388-2200-100-7ec2-55ff-fe46-28f2]-9618&alias=gpu4002.chtc.wisc.edu&noUDP&sock=startd_11312_ab69>
	SlotName: slot1_4@gpu4002.chtc.wisc.edu
	AvailableGPUs = { GPUs_GPU_d4c66366 }
	CondorScratchDir = "/var/lib/condor/execute/slot1/dir_3165879/scratch"
	Cpus = 1
	Disk = 16777216
	GPUs = 1
	GPUs_GPU_d4c66366 = [ Id = "GPU-d4c66366"; Capability = 8.9; DeviceName = "NVIDIA L40"; DeviceUuid = "d4c66366-0738-bd7c-ffa5-8964cc68801e"; ECCEnabled = true; NvidiaDriver = "570.195.03"; DriverVersion = 12.8; DevicePciBusId = "0000:52:00.0"; GlobalMemoryMb = 45468; MaxSupportedVersion = 12080 ]
	IoHeavy = 0
	Memory = 16384
...
040 (8321903.052.000) 2026-06-26 11:21:18 Started transferring output files
...
040 (8321903.052.000) 2026-06-26 11:21:18 Finished transferring output files
...
004 (8321903.052.000) 2026-06-26 11:21:19 Job was evicted.
	(0) Job terminated and was requeued
		Usr 0 00:03:27, Sys 0 00:00:04  -  Run Remote Usage
		Usr 0 00:00:00, Sys 0 00:00:00  -  Run Local Usage
	93698  -  Run Bytes Sent By Job
	2784113603  -  Run Bytes Received By Job
	(1) Normal termination (return value 1)
	The job attribute OnExitRemove expression 'NumJobCompletions > JobMaxRetries || ExitCode =?= 0' evaluated to FALSE
...
040 (8321903.052.000) 2026-06-26 11:24:14 Started transferring input files
	Transferring to host: <10.1.1.133:41005?CCBID=128.105.82.148:9618%3faddrs%3d128.105.82.148-9618+[2607-f388-2200-9d-7ccb-bc08-2489-7689]-9618%26alias%3dospool-ccb.osg.chtc.io%26noUDP%26sock%3dcollector9#5040859%2067.58.49.91:9618%3faddrs%3d67.58.49.91-9618+[fdf0-17b3-c3ec-1f79-10-0-5-5b18]-9618%26alias%3dccb-2.ospool.osg-htc.org%26noUDP%26sock%3dcollector9#5034978&PrivNet=gpu03&addrs=10.1.1.133-41005&alias=gpu03&noUDP>
...
040 (8321903.052.000) 2026-06-26 11:24:32 Finished transferring input files
...
021 (8321903.052.000) 2026-06-26 11:24:33 Message from starter on slot1_3@glidein_3260317_765462424@gpu03:
	PREPARE_JOB (prepare-hook) succeeded (reported status 000): Using Singularity image openfe_1.11.1.sif
...
001 (8321903.052.000) 2026-06-26 11:24:33 Job executing on host: <10.1.1.133:39777?CCBID=128.105.82.148:9618%3faddrs%3d128.105.82.148-9618+[2607-f388-2200-9d-7ccb-bc08-2489-7689]-9618%26alias%3dospool-ccb.osg.chtc.io%26noUDP%26sock%3dcollector5#4924210%2067.58.49.91:9618%3faddrs%3d67.58.49.91-9618+[fdf0-17b3-c3ec-1f79-10-0-5-5b18]-9618%26alias%3dccb-2.ospool.osg-htc.org%26noUDP%26sock%3dcollector3#4920201&PrivNet=gpu03&addrs=10.1.1.133-39777&alias=gpu03&noUDP>
	SlotName: slot1_3@glidein_3260317_765462424@gpu03
	AvailableGPUs = { GPUs_GPU_630b30e3 }
	CondorScratchDir = "/tmp/glide_0ndkaS/execute/dir_4172660/scratch"
	Cpus = 1
	Disk = 16777216
	GPUs = 1
	GPUs_GPU_630b30e3 = [ Id = "GPU-630b30e3"; ClockMhz = 1740.0; Capability = 8.6; CoresPerCU = 128; DeviceName = "NVIDIA A40"; DeviceUuid = "630b30e3-acec-451a-4208-fba69a3339cb"; ECCEnabled = true; ComputeUnits = 84; NvidiaDriver = "595.71.05"; DriverVersion = 13.2; DevicePciBusId = "0000:81:00.0"; GlobalMemoryMb = 45739; MaxSupportedVersion = 13020 ]
	Memory = 16384
...
006 (8321903.052.000) 2026-06-26 11:29:42 Image size of job updated: 32494524
	7325  -  MemoryUsage of job (MB)
	7500000  -  ResidentSetSize of job (KB)
...
006 (8321903.052.000) 2026-06-26 11:34:42 Image size of job updated: 33450328
	7325  -  MemoryUsage of job (MB)
	7500000  -  ResidentSetSize of job (KB)
...
006 (8321903.052.000) 2026-06-26 11:39:43 Image size of job updated: 39649372
	7325  -  MemoryUsage of job (MB)
	7500000  -  ResidentSetSize of job (KB)
...
006 (8321903.052.000) 2026-06-26 11:44:43 Image size of job updated: 41215424
	7325  -  MemoryUsage of job (MB)
	7500000  -  ResidentSetSize of job (KB)
...
006 (8321903.052.000) 2026-06-26 11:59:45 Image size of job updated: 42100068
	7325  -  MemoryUsage of job (MB)
	7500000  -  ResidentSetSize of job (KB)
...
023 (8321903.052.000) 2026-06-26 12:07:36 Job reconnected to slot1_3@glidein_3260317_765462424@gpu03
    startd address: <10.1.1.133:39777?CCBID=128.105.82.148:9618%3faddrs%3d128.105.82.148-9618+[2607-f388-2200-9d-7ccb-bc08-2489-7689]-9618%26alias%3dospool-ccb.osg.chtc.io%26noUDP%26sock%3dcollector5#4924210%2067.58.49.91:9618%3faddrs%3d67.58.49.91-9618+[fdf0-17b3-c3ec-1f79-10-0-5-5b18]-9618%26alias%3dccb-2.ospool.osg-htc.org%26noUDP%26sock%3dcollector3#4920201&PrivNet=gpu03&addrs=10.1.1.133-39777&alias=gpu03&noUDP>
    starter address: <10.1.1.133:41005?CCBID=128.105.82.148:9618%3faddrs%3d128.105.82.148-9618+[2607-f388-2200-9d-7ccb-bc08-2489-7689]-9618%26alias%3dospool-ccb.osg.chtc.io%26noUDP%26sock%3dcollector9#5040859%2067.58.49.91:9618%3faddrs%3d67.58.49.91-9618+[fdf0-17b3-c3ec-1f79-10-0-5-5b18]-9618%26alias%3dccb-2.ospool.osg-htc.org%26noUDP%26sock%3dcollector9#5034978&PrivNet=gpu03&addrs=10.1.1.133-41005&alias=gpu03&noUDP>
...
006 (8321903.052.000) 2026-06-26 12:09:46 Image size of job updated: 42500000
	7785  -  MemoryUsage of job (MB)
	7970936  -  ResidentSetSize of job (KB)
...
006 (8321903.052.000) 2026-06-26 12:12:32 Image size of job updated: 42559088
	7785  -  MemoryUsage of job (MB)
	7970936  -  ResidentSetSize of job (KB)
...
004 (8321903.052.000) 2026-06-26 12:12:34 Job was evicted.
	(0) Job terminated and was requeued
		Usr 0 00:52:22, Sys 0 00:00:33  -  Run Remote Usage
		Usr 0 00:00:00, Sys 0 00:00:00  -  Run Local Usage
	111133  -  Run Bytes Sent By Job
	0  -  Run Bytes Received By Job
	(1) Normal termination (return value 1)
	The job attribute OnExitRemove expression 'NumJobCompletions > JobMaxRetries || ExitCode =?= 0' evaluated to FALSE
...
040 (8321903.052.000) 2026-06-26 12:13:03 Started transferring input files
	Transferring to host: <128.105.68.103:9618?addrs=128.105.68.103-9618+[2607-f388-2200-100-1270-fdff-fe74-930]-9618&alias=gpu2011.chtc.wisc.edu&noUDP&sock=slot2_2_3669582_3c1f_100331>
...
040 (8321903.052.000) 2026-06-26 12:13:18 Finished transferring input files
...
001 (8321903.052.000) 2026-06-26 12:13:18 Job executing on host: <128.105.68.103:9618?addrs=128.105.68.103-9618+[2607-f388-2200-100-1270-fdff-fe74-930]-9618&alias=gpu2011.chtc.wisc.edu&noUDP&sock=startd_12054_9eaf>
	SlotName: slot2_2@gpu2011.chtc.wisc.edu
	AvailableGPUs = { GPUs_MIG_25b92ee8_5c00_5bbc_a674_ac7ab456da1e }
	CondorScratchDir = "/var/lib/condor/execute/slot2/dir_304394/scratch"
	Cpus = 1
	Disk = 16777216
	GPUs = 1
	GPUs_MIG_25b92ee8_5c00_5bbc_a674_ac7ab456da1e = [ Id = "MIG-25b92ee8-5c00-5bbc-a674-ac7ab456da1e"; Capability = 8.0; DeviceName = "NVIDIA A100-SXM4-80GB MIG 3g.40gb"; DeviceUuid = "MIG-25b92ee8-5c00-5bbc-a674-ac7ab456da1e"; ECCEnabled = true; NvidiaDriver = "570.195.03"; DriverVersion = 12.8; DevicePciBusId = "0000:81:00.0"; GlobalMemoryMb = 40100; MaxSupportedVersion = 12080 ]
	IoHeavy = 0
	Memory = 16384
...
040 (8321903.052.000) 2026-06-26 12:53:02 Started transferring output files
...
040 (8321903.052.000) 2026-06-26 12:53:02 Finished transferring output files
...
004 (8321903.052.000) 2026-06-26 12:53:03 Job was evicted.
	(0) Job terminated and was requeued
		Usr 0 01:31:05, Sys 0 00:06:26  -  Run Remote Usage
		Usr 0 00:00:00, Sys 0 00:00:00  -  Run Local Usage
	111487  -  Run Bytes Sent By Job
	2784113603  -  Run Bytes Received By Job
	(1) Normal termination (return value 1)
	The job attribute OnExitRemove expression 'NumJobCompletions > JobMaxRetries || ExitCode =?= 0' evaluated to FALSE
...
040 (8321903.052.000) 2026-06-26 12:53:23 Started transferring input files
	Transferring to host: <128.105.68.117:9618?addrs=128.105.68.117-9618+[2607-f388-2200-100-7ec2-55ff-fe9a-b4fa]-9618&alias=gpu4000.chtc.wisc.edu&noUDP&sock=slot2_3_2233479_c161_784>
...
040 (8321903.052.000) 2026-06-26 12:53:35 Finished transferring input files
...
001 (8321903.052.000) 2026-06-26 12:53:35 Job executing on host: <128.105.68.117:9618?addrs=128.105.68.117-9618+[2607-f388-2200-100-7ec2-55ff-fe9a-b4fa]-9618&alias=gpu4000.chtc.wisc.edu&noUDP&sock=startd_674379_7ae3>
	SlotName: slot2_3@gpu4000.chtc.wisc.edu
	AvailableGPUs = { GPUs_GPU_284395df }
	CondorScratchDir = "/var/lib/condor/execute/slot2/dir_101272/scratch"
	Cpus = 1
	Disk = 16777216
	GPUs = 1
	GPUs_GPU_284395df = [ Id = "GPU-284395df"; Capability = 8.9; DeviceName = "NVIDIA L40"; DeviceUuid = "284395df-2c02-d299-0fc2-53dbe2996594"; ECCEnabled = true; NvidiaDriver = "570.195.03"; DriverVersion = 12.8; DevicePciBusId = "0000:53:00.0"; GlobalMemoryMb = 45468; MaxSupportedVersion = 12080 ]
	IoHeavy = 0
	Memory = 16384
...
040 (8321903.052.000) 2026-06-26 13:32:14 Started transferring output files
...
040 (8321903.052.000) 2026-06-26 13:32:14 Finished transferring output files
...
004 (8321903.052.000) 2026-06-26 13:32:15 Job was evicted.
	(0) Job terminated and was requeued
		Usr 0 00:46:43, Sys 0 00:01:21  -  Run Remote Usage
		Usr 0 00:00:00, Sys 0 00:00:00  -  Run Local Usage
	111500  -  Run Bytes Sent By Job
	2784113603  -  Run Bytes Received By Job
	(1) Normal termination (return value 1)
	The job attribute OnExitRemove expression 'NumJobCompletions > JobMaxRetries || ExitCode =?= 0' evaluated to FALSE
...
040 (8321903.052.000) 2026-06-26 13:32:58 Started transferring input files
	Transferring to host: <128.105.68.97:9618?addrs=128.105.68.97-9618+[2607-f388-2200-100-ac0-ebff-fe99-a130]-9618&alias=gpu2005.chtc.wisc.edu&noUDP&sock=slot2_4_3520220_31a6_90147>
...
040 (8321903.052.000) 2026-06-26 13:33:16 Finished transferring input files
...
001 (8321903.052.000) 2026-06-26 13:33:16 Job executing on host: <128.105.68.97:9618?addrs=128.105.68.97-9618+[2607-f388-2200-100-ac0-ebff-fe99-a130]-9618&alias=gpu2005.chtc.wisc.edu&noUDP&sock=startd_13240_1e02>
	SlotName: slot2_4@gpu2005.chtc.wisc.edu
	AvailableGPUs = { GPUs_GPU_5ce66687 }
	CondorScratchDir = "/var/lib/condor/execute/slot2/dir_1323785/scratch"
	Cpus = 1
	Disk = 16777216
	GPUs = 1
	GPUs_GPU_5ce66687 = [ Id = "GPU-5ce66687"; Capability = 8.0; DeviceName = "NVIDIA A100-SXM4-80GB"; DeviceUuid = "5ce66687-4f41-8399-b7ac-3295282816bb"; ECCEnabled = true; NvidiaDriver = "570.195.03"; DriverVersion = 12.8; DevicePciBusId = "0000:C1:00.0"; GlobalMemoryMb = 81154; MaxSupportedVersion = 12080 ]
	IoHeavy = 0
	Memory = 16384
...
040 (8321903.052.000) 2026-06-26 14:11:13 Started transferring output files
...
040 (8321903.052.000) 2026-06-26 14:11:13 Finished transferring output files
...
004 (8321903.052.000) 2026-06-26 14:11:14 Job was evicted.
	(0) Job terminated and was requeued
		Usr 0 00:49:38, Sys 0 00:03:12  -  Run Remote Usage
		Usr 0 00:00:00, Sys 0 00:00:00  -  Run Local Usage
	111501  -  Run Bytes Sent By Job
	2784113603  -  Run Bytes Received By Job
	(1) Normal termination (return value 1)
	The job attribute OnExitRemove expression 'NumJobCompletions > JobMaxRetries || ExitCode =?= 0' evaluated to FALSE
...
040 (8321903.052.000) 2026-06-26 14:12:47 Started transferring input files
	Transferring to host: <128.104.100.117:9618?addrs=128.104.100.117-9618+[2607-f388-107c-501-8ae9-a4ff-fe02-e150]-9618&alias=jcaicedogpu0003.chtc.wisc.edu&noUDP&sock=backfill1_5_1577952_aea0_250>
...
040 (8321903.052.000) 2026-06-26 14:13:00 Finished transferring input files
...
001 (8321903.052.000) 2026-06-26 14:13:00 Job executing on host: <128.104.100.117:9618?addrs=128.104.100.117-9618+[2607-f388-107c-501-8ae9-a4ff-fe02-e150]-9618&alias=jcaicedogpu0003.chtc.wisc.edu&noUDP&sock=startd_10874_3cee>
	SlotName: backfill1_5@jcaicedogpu0003.chtc.wisc.edu
	AvailableGPUs = { GPUs_GPU_605fb122 }
	CondorScratchDir = "/var/lib/condor/execute/slot1/dir_1848338/scratch"
	Cpus = 1
	Disk = 16777216
	GPUs = 1
	GPUs_GPU_605fb122 = [ Id = "GPU-605fb122"; Capability = 8.9; DeviceName = "NVIDIA L40S"; DeviceUuid = "605fb122-3227-3fdc-8725-5274c59992a8"; ECCEnabled = true; NvidiaDriver = "570.195.03"; DriverVersion = 12.8; DevicePciBusId = "0000:61:00.0"; GlobalMemoryMb = 45468; MaxSupportedVersion = 12080 ]
	IoHeavy = 0
	Memory = 16384
...
040 (8321903.052.000) 2026-06-26 14:40:02 Started transferring output files
...
040 (8321903.052.000) 2026-06-26 14:40:02 Finished transferring output files
...
004 (8321903.052.000) 2026-06-26 14:40:02 Job was evicted.
	(0) Job terminated and was requeued
		Usr 0 00:35:42, Sys 0 00:02:02  -  Run Remote Usage
		Usr 0 00:00:00, Sys 0 00:00:00  -  Run Local Usage
	111524  -  Run Bytes Sent By Job
	2784113603  -  Run Bytes Received By Job
	(1) Normal termination (return value 1)
	The job attribute OnExitRemove expression 'NumJobCompletions > JobMaxRetries || ExitCode =?= 0' evaluated to FALSE
...
040 (8321903.052.000) 2026-06-26 14:42:22 Started transferring input files
	Transferring to host: <128.105.68.65:9618?addrs=128.105.68.65-9618+[2607-f388-2200-100-ae1f-6bff-fea1-b242]-9618&alias=dmorgan2000.chtc.wisc.edu&noUDP&sock=backfill1_2_2608038_7480_89632>
...
040 (8321903.052.000) 2026-06-26 14:42:39 Finished transferring input files
...
001 (8321903.052.000) 2026-06-26 14:42:39 Job executing on host: <128.105.68.65:9618?addrs=128.105.68.65-9618+[2607-f388-2200-100-ae1f-6bff-fea1-b242]-9618&alias=dmorgan2000.chtc.wisc.edu&noUDP&sock=startd_9514_6421>
	SlotName: backfill1_2@dmorgan2000.chtc.wisc.edu
	AvailableGPUs = { GPUs_GPU_f8664066 }
	CondorScratchDir = "/var/lib/condor/execute/slot1/dir_3610574/scratch"
	Cpus = 1
	Disk = 16777216
	GPUs = 1
	GPUs_GPU_f8664066 = [ Id = "GPU-f8664066"; Capability = 7.5; DeviceName = "NVIDIA GeForce RTX 2080 Ti"; DeviceUuid = "f8664066-95d1-e7cf-76cf-2a699078643c"; ECCEnabled = false; NvidiaDriver = "570.195.03"; DriverVersion = 12.8; DevicePciBusId = "0000:5E:00.0"; GlobalMemoryMb = 10823; MaxSupportedVersion = 12080 ]
	IoHeavy = 0
	Memory = 16384
...
040 (8321903.052.000) 2026-06-26 15:34:41 Started transferring output files
...
040 (8321903.052.000) 2026-06-26 15:34:41 Finished transferring output files
...
004 (8321903.052.000) 2026-06-26 15:34:42 Job was evicted.
	(0) Job terminated and was requeued
		Usr 0 01:00:41, Sys 0 00:01:33  -  Run Remote Usage
		Usr 0 00:00:00, Sys 0 00:00:00  -  Run Local Usage
	111517  -  Run Bytes Sent By Job
	2784113603  -  Run Bytes Received By Job
	(1) Normal termination (return value 1)
	The job attribute OnExitRemove expression 'NumJobCompletions > JobMaxRetries || ExitCode =?= 0' evaluated to FALSE
...
040 (8321903.052.000) 2026-06-26 15:35:01 Started transferring input files
	Transferring to host: <128.105.68.102:9618?addrs=128.105.68.102-9618+[2607-f388-2200-100-1270-fdff-fe74-920]-9618&alias=gpu2010.chtc.wisc.edu&noUDP&sock=slot2_1_2570277_6a21_86369>
...
040 (8321903.052.000) 2026-06-26 15:35:23 Finished transferring input files
...
001 (8321903.052.000) 2026-06-26 15:35:23 Job executing on host: <128.105.68.102:9618?addrs=128.105.68.102-9618+[2607-f388-2200-100-1270-fdff-fe74-920]-9618&alias=gpu2010.chtc.wisc.edu&noUDP&sock=startd_12400_f274>
	SlotName: slot2_1@gpu2010.chtc.wisc.edu
	AvailableGPUs = { GPUs_GPU_ebb6cfb4 }
	CondorScratchDir = "/var/lib/condor/execute/slot2/dir_2507651/scratch"
	Cpus = 1
	Disk = 16777216
	GPUs = 1
	GPUs_GPU_ebb6cfb4 = [ Id = "GPU-ebb6cfb4"; Capability = 8.0; DeviceName = "NVIDIA A100-SXM4-80GB"; DeviceUuid = "ebb6cfb4-dd3e-9883-e9ad-6ddb1e1276f9"; ECCEnabled = true; NvidiaDriver = "570.195.03"; DriverVersion = 12.8; DevicePciBusId = "0000:01:00.0"; GlobalMemoryMb = 81154; MaxSupportedVersion = 12080 ]
	IoHeavy = 0
	Memory = 16384
...
040 (8321903.052.000) 2026-06-26 16:13:25 Started transferring output files
...
040 (8321903.052.000) 2026-06-26 16:13:26 Finished transferring output files
...
005 (8321903.052.000) 2026-06-26 16:13:27 Job terminated.
	(1) Normal termination (return value 1)
		Usr 0 00:55:20, Sys 0 00:03:29  -  Run Remote Usage
		Usr 0 00:00:00, Sys 0 00:00:00  -  Run Local Usage
		Usr 0 08:26:01, Sys 0 00:21:47  -  Total Remote Usage
		Usr 0 00:00:00, Sys 0 00:00:00  -  Total Local Usage
	111493  -  Run Bytes Sent By Job
	2784113603  -  Run Bytes Received By Job
	1190615  -  Total Bytes Sent By Job
	30625249633  -  Total Bytes Received By Job
	Partitionable Resources :      Usage  Request Allocated Assigned
	   Cpus                 :       1.00        1         1 
	   Disk (KB)            : 3229111    16777216  16777216 
	   GPUs                 :       0.27        1         1 "GPU-ebb6cfb4"
	   GpusMemory (MB)      :    8368                       
	   IoHeavy              :                             0 
	   Memory (MB)          :    9766       16384     16384 
	   TimeExecute (s)      :    2282                       
	   TimeSlotBusy (s)     :    2304                       
...
