000 (8321903.172.000) 2026-06-26 09:00:08 Job submitted from host: <128.105.68.112:9618?addrs=128.105.68.112-9618+[2607-f388-2200-100-eaeb-d3ff-fea3-4202]-9618&alias=ap2001.chtc.wisc.edu&noUDP&sock=schedd_4071840_2329>
...
040 (8321903.172.000) 2026-06-26 13:08:37 Started transferring input files
	Transferring to host: <141.142.150.75:24737?CCBID=128.105.82.148:9618%3faddrs%3d128.105.82.148-9618+[2607-f388-2200-9d-7ccb-bc08-2489-7689]-9618%26alias%3dospool-ccb.osg.chtc.io%26noUDP%26sock%3dcollector8#5055331&PrivNet=rails05&addrs=141.142.150.75-24737+[fde1-53ba-e9a0-de11-3135-9cf5-3311-5cc2]-24737&alias=rails05&noUDP>
...
040 (8321903.172.000) 2026-06-26 13:08:48 Finished transferring input files
...
040 (8321903.172.000) 2026-06-26 13:08:49 Started transferring output files
...
040 (8321903.172.000) 2026-06-26 13:08:49 Finished transferring output files
...
021 (8321903.172.000) 2026-06-26 13:08:49 Error from starter on slot1_1@glidein_295336_336241585@rails05:
	Failed to transfer files: FILETRANSFER:1:non-zero exit (11) from /projects/bcxl/svcosguser/glide_no31Ys/main/condor/libexec/stash_plugin. |Error: failed to get namespace information for remote URL osdf:///chtc/staging/a/agitter/containers/openfe_1.11.1.sif: error while querying the director at https://osdf-director.osg-htc.org: Transfer.DirectorTimeout Error: Error code 6005: Get "https://osdf-director.osg-htc.org/chtc/staging/a/agitter/containers/openfe_1.11.1.sif": dial tcp: lookup osdf-director.osg-htc.org: i/o timeout ( URL file = osdf:///chtc/staging/a/agitter/containers/openfe_1.11.1.sif )|
	Code 12 Subcode 2816
...
004 (8321903.172.000) 2026-06-26 13:08:51 Job was evicted. Code 13 Subcode 2816
	(0) CPU times
		Usr 0 00:00:00, Sys 0 00:00:00  -  Run Remote Usage
		Usr 0 00:00:00, Sys 0 00:00:00  -  Run Local Usage
	0  -  Run Bytes Sent By Job
	0  -  Run Bytes Received By Job
	Reason: Transfer input files failure at execution point slot1_1@glidein_295336_336241585@rails05 using protocol osdf. Details: failed to get namespace information for remote URL osdf:///chtc/staging/a/agitter/containers/openfe_1.11.1.sif: error while querying the director at https://osdf-director.osg-htc.org: Transfer.DirectorTimeout Error: Error code 6005: Get "https://osdf-director.osg-htc.org/chtc/staging/a/agitter/containers/openfe_1.11.1.sif": dial tcp: lookup osdf-director.osg-htc.org: i/o timeout ( URL file = osdf:///chtc/staging/a/agitter/containers/openfe_1.11.1.sif )|
	Partitionable Resources :    Usage  Request Allocated Assigned
	   Cpus                 :                 1         1 
	   Disk (KB)            :     3025 16777216  16777216 
	   GPUs                 :                 1         1 "GPU-dce5e30a"
	   Memory (MB)          :             16384     16384 
...
040 (8321903.172.000) 2026-06-26 13:16:37 Started transferring input files
	Transferring to host: <128.104.100.17:9618?addrs=128.104.100.17-9618+[2607-f388-107c-501-527c-6fff-fe66-e9bc]-9618&alias=jcaicedogpu0002.chtc.wisc.edu&noUDP&sock=backfill1_5_3195584_c394_114>
...
040 (8321903.172.000) 2026-06-26 13:16:52 Finished transferring input files
...
001 (8321903.172.000) 2026-06-26 13:16:52 Job executing on host: <128.104.100.17:9618?addrs=128.104.100.17-9618+[2607-f388-107c-501-527c-6fff-fe66-e9bc]-9618&alias=jcaicedogpu0002.chtc.wisc.edu&noUDP&sock=startd_11788_2a7e>
	SlotName: backfill1_5@jcaicedogpu0002.chtc.wisc.edu
	AvailableGPUs = { GPUs_GPU_08a5b939 }
	CondorScratchDir = "/var/lib/condor/execute/slot1/dir_3261551/scratch"
	Cpus = 1
	Disk = 16777216
	GPUs = 1
	GPUs_GPU_08a5b939 = [ Id = "GPU-08a5b939"; Capability = 8.9; DeviceName = "NVIDIA L40S"; DeviceUuid = "08a5b939-655e-40a7-6b01-cda6523b41b0"; ECCEnabled = true; NvidiaDriver = "570.195.03"; DriverVersion = 12.8; DevicePciBusId = "0000:63:00.0"; GlobalMemoryMb = 45468; MaxSupportedVersion = 12080 ]
	IoHeavy = 0
	Memory = 16384
...
006 (8321903.172.000) 2026-06-26 13:17:01 Image size of job updated: 406760
	398  -  MemoryUsage of job (MB)
	406760  -  ResidentSetSize of job (KB)
...
006 (8321903.172.000) 2026-06-26 13:22:02 Image size of job updated: 4685200
	4009  -  MemoryUsage of job (MB)
	4104544  -  ResidentSetSize of job (KB)
...
006 (8321903.172.000) 2026-06-26 13:27:02 Image size of job updated: 5174204
	5053  -  MemoryUsage of job (MB)
	5174204  -  ResidentSetSize of job (KB)
...
006 (8321903.172.000) 2026-06-26 13:32:03 Image size of job updated: 5362724
	5053  -  MemoryUsage of job (MB)
	5174204  -  ResidentSetSize of job (KB)
...
006 (8321903.172.000) 2026-06-26 13:37:03 Image size of job updated: 5816360
	5681  -  MemoryUsage of job (MB)
	5816360  -  ResidentSetSize of job (KB)
...
006 (8321903.172.000) 2026-06-26 13:42:03 Image size of job updated: 6056528
	5681  -  MemoryUsage of job (MB)
	5816360  -  ResidentSetSize of job (KB)
...
006 (8321903.172.000) 2026-06-26 13:47:04 Image size of job updated: 6395276
	6246  -  MemoryUsage of job (MB)
	6395276  -  ResidentSetSize of job (KB)
...
006 (8321903.172.000) 2026-06-26 13:49:12 Image size of job updated: 6763116
	6246  -  MemoryUsage of job (MB)
	6395276  -  ResidentSetSize of job (KB)
...
040 (8321903.172.000) 2026-06-26 13:49:12 Started transferring output files
...
040 (8321903.172.000) 2026-06-26 13:49:12 Finished transferring output files
...
004 (8321903.172.000) 2026-06-26 13:49:13 Job was evicted.
	(0) Job terminated and was requeued
		Usr 0 00:48:46, Sys 0 00:02:06  -  Run Remote Usage
		Usr 0 00:00:00, Sys 0 00:00:00  -  Run Local Usage
	110375  -  Run Bytes Sent By Job
	2784033372  -  Run Bytes Received By Job
	(1) Normal termination (return value 1)
	The job attribute OnExitRemove expression 'NumJobCompletions > JobMaxRetries || ExitCode =?= 0' evaluated to FALSE
...
040 (8321903.172.000) 2026-06-26 13:51:09 Started transferring input files
	Transferring to host: <128.104.100.117:9618?addrs=128.104.100.117-9618+[2607-f388-107c-501-8ae9-a4ff-fe02-e150]-9618&alias=jcaicedogpu0003.chtc.wisc.edu&noUDP&sock=backfill1_8_1577952_aea0_203>
...
040 (8321903.172.000) 2026-06-26 13:51:22 Finished transferring input files
...
001 (8321903.172.000) 2026-06-26 13:51:22 Job executing on host: <128.104.100.117:9618?addrs=128.104.100.117-9618+[2607-f388-107c-501-8ae9-a4ff-fe02-e150]-9618&alias=jcaicedogpu0003.chtc.wisc.edu&noUDP&sock=startd_10874_3cee>
	SlotName: backfill1_8@jcaicedogpu0003.chtc.wisc.edu
	AvailableGPUs = { GPUs_GPU_76cc646a }
	CondorScratchDir = "/var/lib/condor/execute/slot1/dir_1801578/scratch"
	Cpus = 1
	Disk = 16777216
	GPUs = 1
	GPUs_GPU_76cc646a = [ Id = "GPU-76cc646a"; Capability = 8.9; DeviceName = "NVIDIA L40S"; DeviceUuid = "76cc646a-6e10-456c-030d-1a031e9ea6d0"; ECCEnabled = true; NvidiaDriver = "570.195.03"; DriverVersion = 12.8; DevicePciBusId = "0000:01:00.0"; GlobalMemoryMb = 45468; MaxSupportedVersion = 12080 ]
	IoHeavy = 0
	Memory = 16384
...
040 (8321903.172.000) 2026-06-26 14:18:08 Started transferring output files
...
040 (8321903.172.000) 2026-06-26 14:18:08 Finished transferring output files
...
004 (8321903.172.000) 2026-06-26 14:18:09 Job was evicted.
	(0) Job terminated and was requeued
		Usr 0 00:39:34, Sys 0 00:02:20  -  Run Remote Usage
		Usr 0 00:00:00, Sys 0 00:00:00  -  Run Local Usage
	110369  -  Run Bytes Sent By Job
	2784033372  -  Run Bytes Received By Job
	(1) Normal termination (return value 1)
	The job attribute OnExitRemove expression 'NumJobCompletions > JobMaxRetries || ExitCode =?= 0' evaluated to FALSE
...
040 (8321903.172.000) 2026-06-26 14:53:52 Started transferring input files
	Transferring to host: <128.104.100.117:9618?addrs=128.104.100.117-9618+[2607-f388-107c-501-8ae9-a4ff-fe02-e150]-9618&alias=jcaicedogpu0003.chtc.wisc.edu&noUDP&sock=backfill1_8_1577952_aea0_338>
...
040 (8321903.172.000) 2026-06-26 14:54:08 Finished transferring input files
...
001 (8321903.172.000) 2026-06-26 14:54:08 Job executing on host: <128.104.100.117:9618?addrs=128.104.100.117-9618+[2607-f388-107c-501-8ae9-a4ff-fe02-e150]-9618&alias=jcaicedogpu0003.chtc.wisc.edu&noUDP&sock=startd_10874_3cee>
	SlotName: backfill1_8@jcaicedogpu0003.chtc.wisc.edu
	AvailableGPUs = { GPUs_GPU_76cc646a }
	CondorScratchDir = "/var/lib/condor/execute/slot1/dir_1965390/scratch"
	Cpus = 1
	Disk = 16777216
	GPUs = 1
	GPUs_GPU_76cc646a = [ Id = "GPU-76cc646a"; Capability = 8.9; DeviceName = "NVIDIA L40S"; DeviceUuid = "76cc646a-6e10-456c-030d-1a031e9ea6d0"; ECCEnabled = true; NvidiaDriver = "570.195.03"; DriverVersion = 12.8; DevicePciBusId = "0000:01:00.0"; GlobalMemoryMb = 45468; MaxSupportedVersion = 12080 ]
	IoHeavy = 0
	Memory = 16384
...
040 (8321903.172.000) 2026-06-26 15:21:00 Started transferring output files
...
040 (8321903.172.000) 2026-06-26 15:21:00 Finished transferring output files
...
004 (8321903.172.000) 2026-06-26 15:21:01 Job was evicted.
	(0) Job terminated and was requeued
		Usr 0 00:37:59, Sys 0 00:02:07  -  Run Remote Usage
		Usr 0 00:00:00, Sys 0 00:00:00  -  Run Local Usage
	110369  -  Run Bytes Sent By Job
	2784033372  -  Run Bytes Received By Job
	(1) Normal termination (return value 1)
	The job attribute OnExitRemove expression 'NumJobCompletions > JobMaxRetries || ExitCode =?= 0' evaluated to FALSE
...
040 (8321903.172.000) 2026-06-26 15:32:55 Started transferring input files
	Transferring to host: <128.104.100.118:9618?addrs=128.104.100.118-9618+[2607-f388-107c-501-26d-aeff-fe1f-6b20]-9618&alias=jcaicedogpu0004.chtc.wisc.edu&noUDP&sock=backfill1_7_3535649_51f9_375>
...
040 (8321903.172.000) 2026-06-26 15:33:11 Finished transferring input files
...
001 (8321903.172.000) 2026-06-26 15:33:11 Job executing on host: <128.104.100.118:9618?addrs=128.104.100.118-9618+[2607-f388-107c-501-26d-aeff-fe1f-6b20]-9618&alias=jcaicedogpu0004.chtc.wisc.edu&noUDP&sock=startd_10858_436a>
	SlotName: backfill1_7@jcaicedogpu0004.chtc.wisc.edu
	AvailableGPUs = { GPUs_GPU_15ef4041 }
	CondorScratchDir = "/var/lib/condor/execute/slot1/dir_454724/scratch"
	Cpus = 1
	Disk = 16777216
	GPUs = 1
	GPUs_GPU_15ef4041 = [ Id = "GPU-15ef4041"; Capability = 8.9; DeviceName = "NVIDIA L40S"; DeviceUuid = "15ef4041-a338-d8b1-af1c-286c00948d22"; ECCEnabled = true; NvidiaDriver = "570.195.03"; DriverVersion = 12.8; DevicePciBusId = "0000:21:00.0"; GlobalMemoryMb = 45468; MaxSupportedVersion = 12080 ]
	IoHeavy = 0
	Memory = 16384
...
040 (8321903.172.000) 2026-06-26 16:05:39 Started transferring output files
...
040 (8321903.172.000) 2026-06-26 16:05:39 Finished transferring output files
...
004 (8321903.172.000) 2026-06-26 16:05:39 Job was evicted.
	(0) Job terminated and was requeued
		Usr 0 00:50:16, Sys 0 00:03:00  -  Run Remote Usage
		Usr 0 00:00:00, Sys 0 00:00:00  -  Run Local Usage
	110368  -  Run Bytes Sent By Job
	2784033372  -  Run Bytes Received By Job
	(1) Normal termination (return value 1)
	The job attribute OnExitRemove expression 'NumJobCompletions > JobMaxRetries || ExitCode =?= 0' evaluated to FALSE
...
040 (8321903.172.000) 2026-06-26 16:06:01 Started transferring input files
	Transferring to host: <128.104.100.118:9618?addrs=128.104.100.118-9618+[2607-f388-107c-501-26d-aeff-fe1f-6b20]-9618&alias=jcaicedogpu0004.chtc.wisc.edu&noUDP&sock=backfill1_5_3535649_51f9_441>
...
040 (8321903.172.000) 2026-06-26 16:06:15 Finished transferring input files
...
001 (8321903.172.000) 2026-06-26 16:06:15 Job executing on host: <128.104.100.118:9618?addrs=128.104.100.118-9618+[2607-f388-107c-501-26d-aeff-fe1f-6b20]-9618&alias=jcaicedogpu0004.chtc.wisc.edu&noUDP&sock=startd_10858_436a>
	SlotName: backfill1_5@jcaicedogpu0004.chtc.wisc.edu
	AvailableGPUs = { GPUs_GPU_84e64351 }
	CondorScratchDir = "/var/lib/condor/execute/slot1/dir_560087/scratch"
	Cpus = 1
	Disk = 16777216
	GPUs = 1
	GPUs_GPU_84e64351 = [ Id = "GPU-84e64351"; Capability = 8.9; DeviceName = "NVIDIA L40S"; DeviceUuid = "84e64351-a36d-14de-ceef-df51bed95cb0"; ECCEnabled = true; NvidiaDriver = "570.195.03"; DriverVersion = 12.8; DevicePciBusId = "0000:61:00.0"; GlobalMemoryMb = 45468; MaxSupportedVersion = 12080 ]
	IoHeavy = 0
	Memory = 16384
...
040 (8321903.172.000) 2026-06-26 16:32:35 Started transferring output files
...
040 (8321903.172.000) 2026-06-26 16:32:35 Finished transferring output files
...
004 (8321903.172.000) 2026-06-26 16:32:36 Job was evicted.
	(0) Job terminated and was requeued
		Usr 0 00:33:16, Sys 0 00:01:42  -  Run Remote Usage
		Usr 0 00:00:00, Sys 0 00:00:00  -  Run Local Usage
	110368  -  Run Bytes Sent By Job
	2784033372  -  Run Bytes Received By Job
	(1) Normal termination (return value 1)
	The job attribute OnExitRemove expression 'NumJobCompletions > JobMaxRetries || ExitCode =?= 0' evaluated to FALSE
...
040 (8321903.172.000) 2026-06-26 16:38:43 Started transferring input files
	Transferring to host: <128.104.100.118:9618?addrs=128.104.100.118-9618+[2607-f388-107c-501-26d-aeff-fe1f-6b20]-9618&alias=jcaicedogpu0004.chtc.wisc.edu&noUDP&sock=backfill1_7_3535649_51f9_513>
...
040 (8321903.172.000) 2026-06-26 16:38:57 Finished transferring input files
...
001 (8321903.172.000) 2026-06-26 16:38:57 Job executing on host: <128.104.100.118:9618?addrs=128.104.100.118-9618+[2607-f388-107c-501-26d-aeff-fe1f-6b20]-9618&alias=jcaicedogpu0004.chtc.wisc.edu&noUDP&sock=startd_10858_436a>
	SlotName: backfill1_7@jcaicedogpu0004.chtc.wisc.edu
	AvailableGPUs = { GPUs_GPU_15ef4041 }
	CondorScratchDir = "/var/lib/condor/execute/slot1/dir_653788/scratch"
	Cpus = 1
	Disk = 16777216
	GPUs = 1
	GPUs_GPU_15ef4041 = [ Id = "GPU-15ef4041"; Capability = 8.9; DeviceName = "NVIDIA L40S"; DeviceUuid = "15ef4041-a338-d8b1-af1c-286c00948d22"; ECCEnabled = true; NvidiaDriver = "570.195.03"; DriverVersion = 12.8; DevicePciBusId = "0000:21:00.0"; GlobalMemoryMb = 45468; MaxSupportedVersion = 12080 ]
	IoHeavy = 0
	Memory = 16384
...
040 (8321903.172.000) 2026-06-26 17:05:50 Started transferring output files
...
040 (8321903.172.000) 2026-06-26 17:05:50 Finished transferring output files
...
004 (8321903.172.000) 2026-06-26 17:05:51 Job was evicted.
	(0) Job terminated and was requeued
		Usr 0 00:33:35, Sys 0 00:01:49  -  Run Remote Usage
		Usr 0 00:00:00, Sys 0 00:00:00  -  Run Local Usage
	110368  -  Run Bytes Sent By Job
	2784033372  -  Run Bytes Received By Job
	(1) Normal termination (return value 1)
	The job attribute OnExitRemove expression 'NumJobCompletions > JobMaxRetries || ExitCode =?= 0' evaluated to FALSE
...
040 (8321903.172.000) 2026-06-26 18:45:37 Started transferring input files
	Transferring to host: <128.104.100.17:9618?addrs=128.104.100.17-9618+[2607-f388-107c-501-527c-6fff-fe66-e9bc]-9618&alias=jcaicedogpu0002.chtc.wisc.edu&noUDP&sock=backfill1_1_3195584_c394_814>
...
040 (8321903.172.000) 2026-06-26 18:45:49 Finished transferring input files
...
001 (8321903.172.000) 2026-06-26 18:45:49 Job executing on host: <128.104.100.17:9618?addrs=128.104.100.17-9618+[2607-f388-107c-501-527c-6fff-fe66-e9bc]-9618&alias=jcaicedogpu0002.chtc.wisc.edu&noUDP&sock=startd_11788_2a7e>
	SlotName: backfill1_1@jcaicedogpu0002.chtc.wisc.edu
	AvailableGPUs = { GPUs_GPU_036c0f18 }
	CondorScratchDir = "/var/lib/condor/execute/slot1/dir_209904/scratch"
	Cpus = 1
	Disk = 16777216
	GPUs = 1
	GPUs_GPU_036c0f18 = [ Id = "GPU-036c0f18"; Capability = 8.9; DeviceName = "NVIDIA L40S"; DeviceUuid = "036c0f18-c3a4-6e4c-ee97-311f6f4fa009"; ECCEnabled = true; NvidiaDriver = "570.195.03"; DriverVersion = 12.8; DevicePciBusId = "0000:E1:00.0"; GlobalMemoryMb = 45468; MaxSupportedVersion = 12080 ]
	IoHeavy = 0
	Memory = 16384
...
040 (8321903.172.000) 2026-06-26 19:17:14 Started transferring output files
...
040 (8321903.172.000) 2026-06-26 19:17:14 Finished transferring output files
...
004 (8321903.172.000) 2026-06-26 19:17:14 Job was evicted.
	(0) Job terminated and was requeued
		Usr 0 00:39:01, Sys 0 00:01:25  -  Run Remote Usage
		Usr 0 00:00:00, Sys 0 00:00:00  -  Run Local Usage
	110371  -  Run Bytes Sent By Job
	2784033372  -  Run Bytes Received By Job
	(1) Normal termination (return value 1)
	The job attribute OnExitRemove expression 'NumJobCompletions > JobMaxRetries || ExitCode =?= 0' evaluated to FALSE
...
040 (8321903.172.000) 2026-06-26 19:22:02 Started transferring input files
	Transferring to host: <128.104.103.104:9618?addrs=128.104.103.104-9618+[2607-f388-107c-501-ae1f-6bff-fe40-ce2e]-9618&alias=gitter0000.chtc.wisc.edu&noUDP&sock=slot2_2_129117_5b5c_2468>
...
040 (8321903.172.000) 2026-06-26 19:22:30 Finished transferring input files
...
001 (8321903.172.000) 2026-06-26 19:22:30 Job executing on host: <128.104.103.104:9618?addrs=128.104.103.104-9618+[2607-f388-107c-501-ae1f-6bff-fe40-ce2e]-9618&alias=gitter0000.chtc.wisc.edu&noUDP&sock=startd_8665_0c39>
	SlotName: slot2_2@gitter0000.chtc.wisc.edu
	AvailableGPUs = { GPUs_GPU_af91605c }
	CondorScratchDir = "/var/lib/condor/execute/slot2/dir_1923348/scratch"
	Cpus = 1
	Disk = 16777216
	GPUs = 1
	GPUs_GPU_af91605c = [ Id = "GPU-af91605c"; Capability = 6.1; DeviceName = "NVIDIA GeForce GTX 1080 Ti"; DeviceUuid = "af91605c-1ae8-2336-ce6b-a06264e7ec50"; ECCEnabled = false; NvidiaDriver = "570.195.03"; DriverVersion = 12.8; DevicePciBusId = "0000:5E:00.0"; GlobalMemoryMb = 11165; MaxSupportedVersion = 12080 ]
	IoHeavy = 0
	Memory = 16384
...
040 (8321903.172.000) 2026-06-26 20:25:18 Started transferring output files
...
040 (8321903.172.000) 2026-06-26 20:25:18 Finished transferring output files
...
004 (8321903.172.000) 2026-06-26 20:25:19 Job was evicted.
	(0) Job terminated and was requeued
		Usr 0 01:17:25, Sys 0 00:02:00  -  Run Remote Usage
		Usr 0 00:00:00, Sys 0 00:00:00  -  Run Local Usage
	110356  -  Run Bytes Sent By Job
	2784033372  -  Run Bytes Received By Job
	(1) Normal termination (return value 1)
	The job attribute OnExitRemove expression 'NumJobCompletions > JobMaxRetries || ExitCode =?= 0' evaluated to FALSE
...
040 (8321903.172.000) 2026-06-26 20:25:34 Started transferring input files
	Transferring to host: <198.86.180.16:36787?CCBID=128.105.82.148:9618%3faddrs%3d128.105.82.148-9618+[2607-f388-2200-9d-7ccb-bc08-2489-7689]-9618%26alias%3dospool-ccb.osg.chtc.io%26noUDP%26sock%3dcollector4#5128301%2067.58.49.91:9618%3faddrs%3d67.58.49.91-9618+[fdf0-17b3-c3ec-1f79-10-0-5-5b18]-9618%26alias%3dccb-2.ospool.osg-htc.org%26noUDP%26sock%3dcollector6#5122273&PrivNet=compute-gpu-03&addrs=198.86.180.16-36787&alias=compute-gpu-03&noUDP>
...
040 (8321903.172.000) 2026-06-26 20:28:01 Finished transferring input files
...
021 (8321903.172.000) 2026-06-26 20:28:01 Message from starter on slot1_1@glidein_4093184_112348800@compute-gpu-03:
	PREPARE_JOB (prepare-hook) succeeded (reported status 000): Using Singularity image openfe_1.11.1.sif
...
001 (8321903.172.000) 2026-06-26 20:28:01 Job executing on host: <198.86.180.16:40367?CCBID=128.105.82.148:9618%3faddrs%3d128.105.82.148-9618+[2607-f388-2200-9d-7ccb-bc08-2489-7689]-9618%26alias%3dospool-ccb.osg.chtc.io%26noUDP%26sock%3dcollector5#5100083%2067.58.49.91:9618%3faddrs%3d67.58.49.91-9618+[fdf0-17b3-c3ec-1f79-10-0-5-5b18]-9618%26alias%3dccb-2.ospool.osg-htc.org%26noUDP%26sock%3dcollector3#5094935&PrivNet=compute-gpu-03&addrs=198.86.180.16-40367&alias=compute-gpu-03&noUDP>
	SlotName: slot1_1@glidein_4093184_112348800@compute-gpu-03
	AvailableGPUs = { GPUs_GPU_68e0b786 }
	CondorScratchDir = "/scratch/glide_MoUpJu/execute/dir_401154/scratch"
	Cpus = 1
	Disk = 16777216
	GPUs = 1
	GPUs_GPU_68e0b786 = [ Id = "GPU-68e0b786"; ClockMhz = 1980.0; Capability = 9.0; CoresPerCU = 128; DeviceName = "NVIDIA H200"; DeviceUuid = "68e0b786-70ea-b64d-1e06-f3dffbcbce36"; ECCEnabled = true; ComputeUnits = 132; NvidiaDriver = "580.126.20"; DriverVersion = 13.0; DevicePciBusId = "0000:BA:00.0"; GlobalMemoryMb = 143156; MaxSupportedVersion = 13000 ]
	Memory = 16384
...
006 (8321903.172.000) 2026-06-26 20:33:10 Image size of job updated: 64730176
	7325  -  MemoryUsage of job (MB)
	7500000  -  ResidentSetSize of job (KB)
...
006 (8321903.172.000) 2026-06-26 20:38:11 Image size of job updated: 65921096
	7325  -  MemoryUsage of job (MB)
	7500000  -  ResidentSetSize of job (KB)
...
006 (8321903.172.000) 2026-06-26 20:43:11 Image size of job updated: 71999364
	7325  -  MemoryUsage of job (MB)
	7500000  -  ResidentSetSize of job (KB)
...
006 (8321903.172.000) 2026-06-26 20:48:12 Image size of job updated: 77180728
	7461  -  MemoryUsage of job (MB)
	7640016  -  ResidentSetSize of job (KB)
...
006 (8321903.172.000) 2026-06-26 21:03:16 Image size of job updated: 77899992
	7461  -  MemoryUsage of job (MB)
	7640016  -  ResidentSetSize of job (KB)
...
006 (8321903.172.000) 2026-06-26 21:08:16 Image size of job updated: 78115100
	7461  -  MemoryUsage of job (MB)
	7640016  -  ResidentSetSize of job (KB)
...
006 (8321903.172.000) 2026-06-26 21:18:17 Image size of job updated: 78115100
	7776  -  MemoryUsage of job (MB)
	7961720  -  ResidentSetSize of job (KB)
...
006 (8321903.172.000) 2026-06-26 21:21:37 Image size of job updated: 78652760
	8187  -  MemoryUsage of job (MB)
	8382836  -  ResidentSetSize of job (KB)
...
040 (8321903.172.000) 2026-06-26 21:21:37 Started transferring output files
...
040 (8321903.172.000) 2026-06-26 21:21:37 Finished transferring output files
...
004 (8321903.172.000) 2026-06-26 21:21:38 Job was evicted.
	(0) Job terminated and was requeued
		Usr 0 00:54:26, Sys 0 00:01:03  -  Run Remote Usage
		Usr 0 00:00:00, Sys 0 00:00:00  -  Run Local Usage
	108813  -  Run Bytes Sent By Job
	2784033372  -  Run Bytes Received By Job
	(1) Normal termination (return value 1)
	The job attribute OnExitRemove expression 'NumJobCompletions > JobMaxRetries || ExitCode =?= 0' evaluated to FALSE
...
040 (8321903.172.000) 2026-06-26 21:22:10 Started transferring input files
	Transferring to host: <172.17.0.4:39437?CCBID=128.105.82.148:9618%3faddrs%3d128.105.82.148-9618+[2607-f388-2200-9d-7ccb-bc08-2489-7689]-9618%26alias%3dospool-ccb.osg.chtc.io%26noUDP%26sock%3dcollector10#4700993%2067.58.49.91:9618%3faddrs%3d67.58.49.91-9618+[fdf0-17b3-c3ec-1f79-10-0-5-5b18]-9618%26alias%3dccb-2.ospool.osg-htc.org%26noUDP%26sock%3dcollector10#4697071&PrivNet=Colgate-CCARE-EP.f47887817dfe&addrs=172.17.0.4-39437&alias=Colgate-CCARE-EP.f47887817dfe&noUDP&sock=slot1_2_4284_3727_3434>
...
040 (8321903.172.000) 2026-06-26 21:22:41 Finished transferring input files
...
021 (8321903.172.000) 2026-06-26 21:22:42 Message from starter on slot1_2@Colgate-CCARE-EP.f47887817dfe:
	PREPARE_JOB (prepare-hook) succeeded (reported status 000): Using Singularity image openfe_1.11.1.sif
...
001 (8321903.172.000) 2026-06-26 21:22:42 Job executing on host: <172.17.0.4:39437?CCBID=128.105.82.148:9618%3faddrs%3d128.105.82.148-9618+[2607-f388-2200-9d-7ccb-bc08-2489-7689]-9618%26alias%3dospool-ccb.osg.chtc.io%26noUDP%26sock%3dcollector10#4700993%2067.58.49.91:9618%3faddrs%3d67.58.49.91-9618+[fdf0-17b3-c3ec-1f79-10-0-5-5b18]-9618%26alias%3dccb-2.ospool.osg-htc.org%26noUDP%26sock%3dcollector10#4697071&PrivNet=Colgate-CCARE-EP.f47887817dfe&addrs=172.17.0.4-39437&alias=Colgate-CCARE-EP.f47887817dfe&noUDP&sock=startd_4277_3ea6>
	SlotName: slot1_2@Colgate-CCARE-EP.f47887817dfe
	AvailableGPUs = { GPUs_GPU_b2a877d0 }
	CondorScratchDir = "/pilot/osgvo-pilot-TLEoF9/execute/dir_1452790"
	Cpus = 1
	Disk = 16778443
	GPUs = 1
	GPUs_GPU_b2a877d0 = [ Id = "GPU-b2a877d0"; Capability = 9.0; DeviceName = "NVIDIA H100 80GB HBM3"; DeviceUuid = "b2a877d0-0633-05f2-a421-de4c235fee9f"; ECCEnabled = true; NvidiaDriver = "560.35.03"; DriverVersion = 12.6; DevicePciBusId = "0000:5F:00.0"; GlobalMemoryMb = 81110; MaxSupportedVersion = 12060 ]
	Memory = 16384
...
040 (8321903.172.000) 2026-06-26 22:05:41 Started transferring output files
...
040 (8321903.172.000) 2026-06-26 22:05:42 Finished transferring output files
...
004 (8321903.172.000) 2026-06-26 22:05:43 Job was evicted.
	(0) Job terminated and was requeued
		Usr 0 00:57:11, Sys 0 00:01:37  -  Run Remote Usage
		Usr 0 00:00:00, Sys 0 00:00:00  -  Run Local Usage
	109675  -  Run Bytes Sent By Job
	2784033372  -  Run Bytes Received By Job
	(1) Normal termination (return value 1)
	The job attribute OnExitRemove expression 'NumJobCompletions > JobMaxRetries || ExitCode =?= 0' evaluated to FALSE
...
040 (8321903.172.000) 2026-06-26 22:07:50 Started transferring input files
	Transferring to host: <10.130.203.229:46807?CCBID=128.105.82.148:9618%3faddrs%3d128.105.82.148-9618+[2607-f388-2200-9d-7ccb-bc08-2489-7689]-9618%26alias%3dospool-ccb.osg.chtc.io%26noUDP%26sock%3dcollector4#5147430%2067.58.49.91:9618%3faddrs%3d67.58.49.91-9618+[fdf0-17b3-c3ec-1f79-10-0-5-5b18]-9618%26alias%3dccb-2.ospool.osg-htc.org%26noUDP%26sock%3dcollector2#5144714&PrivNet=spark-agpu225.chtc.wisc.edu&addrs=10.130.203.229-46807&alias=spark-agpu225.chtc.wisc.edu&noUDP>
...
040 (8321903.172.000) 2026-06-26 22:08:04 Finished transferring input files
...
021 (8321903.172.000) 2026-06-26 22:08:04 Message from starter on slot1_1@glidein_2852363_352240952@spark-agpu225.chtc.wisc.edu:
	PREPARE_JOB (prepare-hook) succeeded (reported status 000): Using Singularity image openfe_1.11.1.sif
...
001 (8321903.172.000) 2026-06-26 22:08:04 Job executing on host: <10.130.203.229:45295?CCBID=128.105.82.148:9618%3faddrs%3d128.105.82.148-9618+[2607-f388-2200-9d-7ccb-bc08-2489-7689]-9618%26alias%3dospool-ccb.osg.chtc.io%26noUDP%26sock%3dcollector7#4810486%2067.58.49.91:9618%3faddrs%3d67.58.49.91-9618+[fdf0-17b3-c3ec-1f79-10-0-5-5b18]-9618%26alias%3dccb-2.ospool.osg-htc.org%26noUDP%26sock%3dcollector9#4808989&PrivNet=spark-agpu225.chtc.wisc.edu&addrs=10.130.203.229-45295&alias=spark-agpu225.chtc.wisc.edu&noUDP>
	SlotName: slot1_1@glidein_2852363_352240952@spark-agpu225.chtc.wisc.edu
	AvailableGPUs = { GPUs_GPU_68821ed8 }
	CondorScratchDir = "/var/lib/condor/execute/osg01/glide_rjkZqD/execute/dir_1372482/scratch"
	Cpus = 1
	Disk = 16777216
	GPUs = 1
	GPUs_GPU_68821ed8 = [ Id = "GPU-68821ed8"; ClockMhz = 1410.0; Capability = 8.0; CoresPerCU = 64; DeviceName = "NVIDIA A100-SXM4-80GB"; DeviceUuid = "68821ed8-ae9f-40f6-51f1-252dbdccadcd"; ECCEnabled = true; ComputeUnits = 108; NvidiaDriver = "560.35.03"; DriverVersion = 12.6; DevicePciBusId = "0000:C1:00.0"; GlobalMemoryMb = 81156; MaxSupportedVersion = 12060 ]
	Memory = 16384
...
040 (8321903.172.000) 2026-06-26 22:48:27 Started transferring output files
...
040 (8321903.172.000) 2026-06-26 22:48:27 Finished transferring output files
...
005 (8321903.172.000) 2026-06-26 22:48:28 Job terminated.
	(1) Normal termination (return value 1)
		Usr 0 00:42:12, Sys 0 00:01:00  -  Run Remote Usage
		Usr 0 00:00:00, Sys 0 00:00:00  -  Run Local Usage
		Usr 0 08:33:41, Sys 0 00:20:09  -  Total Remote Usage
		Usr 0 00:00:00, Sys 0 00:00:00  -  Total Local Usage
	108841  -  Run Bytes Sent By Job
	2784033372  -  Run Bytes Received By Job
	1210273  -  Total Bytes Sent By Job
	30624367092  -  Total Bytes Received By Job
	Partitionable Resources :      Usage  Request Allocated Assigned
	   Cpus                 :       1.00        1         1 
	   Disk (KB)            : 3211566    16777216  16777216 
	   GPUs                 :       0.23        1         1 "GPU-68821ed8"
	   GpusMemory (MB)      :    8436                       
	   Memory (MB)          :    9766       16384     16384 
	   TimeExecute (s)      :    2423                       
	   TimeSlotBusy (s)     :    2438                       
...
