              _             
             (_)            
   __ _ _ __  _ _ __   __ _ 
  / _` | '_ \| | '_ \ / _` |
 | (_| | | | | | | | | (_| |
  \__, |_| |_|_|_| |_|\__,_|
   __/ |                    
  |___/                     

gnina v1.3.1 master:5bd63bd   Built May 23 2025.
gnina is based on smina and AutoDock Vina.
Please cite appropriately.

WARNING: No GPU detected. CNN scoring will be slow.
Recommend running with single model (--cnn fast)
or without cnn scoring (--cnn_scoring=none).

Commandline: gnina -r receptors/8svo_protein.pdbqt -l ligand_3d/T040.pdbqt --center_x 30.768 --center_y 12.754 --center_z 23.629 --size_x 25.0 --size_y 25.0 --size_z 25.0 --exhaustiveness 8 --num_modes 5 --cnn_scoring rescore -o results/T040/T040__8svo_docked.sdf --log results/T040/T040__8svo.log
Using random seed: -787324240

mode |  affinity  |  intramol  |    CNN     |   CNN
     | (kcal/mol) | (kcal/mol) | pose score | affinity
-----+------------+------------+------------+----------
    1       -8.11       -0.33       0.8868      6.204
    2       -8.40        0.95       0.8697      6.414
    3       -8.22       -0.44       0.8378      6.130
    4       -7.88       -0.58       0.7722      5.528
    5       -7.78        0.23       0.7583      5.818
