Host: gpulab2003
Python: /opt/conda/bin/python
Python 3.12.13
OpenFE: /opt/conda/bin/openfe
openfe, version 1.11.1

OpenMM Version: 8.2
Git Revision: 53770948682c40bd460b39830d4e0f0fd3a4b868

There are 4 Platforms available:

1 Reference - Successfully computed forces
2 CPU - Successfully computed forces
3 CUDA - Successfully computed forces
4 OpenCL - Successfully computed forces

Median difference in forces between platforms:

Reference vs. CPU: 6.30159e-06
Reference vs. CUDA: 6.74264e-06
CPU vs. CUDA: 7.44992e-07
Reference vs. OpenCL: 6.75018e-06
CPU vs. OpenCL: 7.6976e-07
CUDA vs. OpenCL: 1.81581e-07

All differences are within tolerance.
