000 (7907612.056.000) 2026-06-18 22:13:18 Job submitted from host: <128.105.68.112:9618?addrs=128.105.68.112-9618+[2607-f388-2200-100-eaeb-d3ff-fea3-4202]-9618&alias=ap2001.chtc.wisc.edu&noUDP&sock=schedd_4071840_2329>
...
040 (7907612.056.000) 2026-06-18 22:18:31 Started transferring input files
	Transferring to host: <128.105.69.109:9618?addrs=128.105.69.109-9618+[2607-f388-2200-100-1270-fdff-fe56-bf64]-9618&alias=e4058.chtc.wisc.edu&noUDP&sock=slot1_2_3714963_4135_134853>
...
040 (7907612.056.000) 2026-06-18 22:18:56 Finished transferring input files
...
001 (7907612.056.000) 2026-06-18 22:18:56 Job executing on host: <128.105.69.109:9618?addrs=128.105.69.109-9618+[2607-f388-2200-100-1270-fdff-fe56-bf64]-9618&alias=e4058.chtc.wisc.edu&noUDP&sock=startd_14916_b6bc>
	SlotName: slot1_2@e4058.chtc.wisc.edu
	CondorScratchDir = "/var/lib/condor/execute/slot1/dir_2506400/scratch"
	Cpus = 4
	Disk = 4194304
	GPUs = 0
	IoHeavy = 0
	Memory = 8192
...
006 (7907612.056.000) 2026-06-18 22:19:05 Image size of job updated: 291100
	285  -  MemoryUsage of job (MB)
	291100  -  ResidentSetSize of job (KB)
...
006 (7907612.056.000) 2026-06-18 22:19:18 Image size of job updated: 492408
	285  -  MemoryUsage of job (MB)
	291180  -  ResidentSetSize of job (KB)
...
040 (7907612.056.000) 2026-06-18 22:19:18 Started transferring output files
...
040 (7907612.056.000) 2026-06-18 22:19:18 Finished transferring output files
...
005 (7907612.056.000) 2026-06-18 22:19:19 Job terminated.
	(1) Normal termination (return value 0)
		Usr 0 00:00:21, Sys 0 00:00:05  -  Run Remote Usage
		Usr 0 00:00:00, Sys 0 00:00:00  -  Run Local Usage
		Usr 0 00:00:21, Sys 0 00:00:05  -  Total Remote Usage
		Usr 0 00:00:00, Sys 0 00:00:00  -  Total Local Usage
	4057894  -  Run Bytes Sent By Job
	2781370452  -  Run Bytes Received By Job
	4057894  -  Total Bytes Sent By Job
	2781370452  -  Total Bytes Received By Job
	Partitionable Resources :    Usage  Request Allocated 
	   Cpus                 :                 4         4 
	   Disk (KB)            :  2720400  4194304   4194304 
	   GPUs                 :                           0 
	   IoHeavy              :                           0 
	   Memory (MB)          :      285     8192      8192 
	   TimeExecute (s)      :       22                    
	   TimeSlotBusy (s)     :       48                    
...
