000 (7907612.104.000) 2026-06-18 22:13:18 Job submitted from host: <128.105.68.112:9618?addrs=128.105.68.112-9618+[2607-f388-2200-100-eaeb-d3ff-fea3-4202]-9618&alias=ap2001.chtc.wisc.edu&noUDP&sock=schedd_4071840_2329>
...
040 (7907612.104.000) 2026-06-18 22:18:31 Started transferring input files
	Transferring to host: <128.105.69.197:9618?addrs=128.105.69.197-9618+[2607-f388-2200-100-1270-fdff-fe56-6efc]-9618&alias=e4050.chtc.wisc.edu&noUDP&sock=slot1_35_660015_0670_141610>
...
040 (7907612.104.000) 2026-06-18 22:18:57 Finished transferring input files
...
001 (7907612.104.000) 2026-06-18 22:18:57 Job executing on host: <128.105.69.197:9618?addrs=128.105.69.197-9618+[2607-f388-2200-100-1270-fdff-fe56-6efc]-9618&alias=e4050.chtc.wisc.edu&noUDP&sock=startd_14746_1ba3>
	SlotName: slot1_35@e4050.chtc.wisc.edu
	CondorScratchDir = "/var/lib/condor/execute/slot1/dir_2382425/scratch"
	Cpus = 4
	Disk = 4194304
	GPUs = 0
	IoHeavy = 0
	Memory = 8192
...
006 (7907612.104.000) 2026-06-18 22:19:05 Image size of job updated: 302816
	296  -  MemoryUsage of job (MB)
	302816  -  ResidentSetSize of job (KB)
...
006 (7907612.104.000) 2026-06-18 22:19:21 Image size of job updated: 1433084
	296  -  MemoryUsage of job (MB)
	302840  -  ResidentSetSize of job (KB)
...
040 (7907612.104.000) 2026-06-18 22:19:21 Started transferring output files
...
040 (7907612.104.000) 2026-06-18 22:19:21 Finished transferring output files
...
005 (7907612.104.000) 2026-06-18 22:19:22 Job terminated.
	(1) Normal termination (return value 0)
		Usr 0 00:00:30, Sys 0 00:00:05  -  Run Remote Usage
		Usr 0 00:00:00, Sys 0 00:00:00  -  Run Local Usage
		Usr 0 00:00:30, Sys 0 00:00:05  -  Total Remote Usage
		Usr 0 00:00:00, Sys 0 00:00:00  -  Total Local Usage
	9012620  -  Run Bytes Sent By Job
	2781396059  -  Run Bytes Received By Job
	9012620  -  Total Bytes Sent By Job
	2781396059  -  Total Bytes Received By Job
	Partitionable Resources :      Usage  Request Allocated 
	   Cpus                 :       1.05        4         4 
	   Disk (KB)            : 2725296     4194304   4194304 
	   GPUs                 :                             0 
	   IoHeavy              :                             0 
	   Memory (MB)          :     296        8192      8192 
	   TimeExecute (s)      :      24                       
	   TimeSlotBusy (s)     :      50                       
...
