000 (7950338.093.000) 2026-06-19 21:21:31 Job submitted from host: <128.105.68.112:9618?addrs=128.105.68.112-9618+[2607-f388-2200-100-eaeb-d3ff-fea3-4202]-9618&alias=ap2001.chtc.wisc.edu&noUDP&sock=schedd_4071840_2329>
...
040 (7950338.093.000) 2026-06-19 21:26:46 Started transferring input files
	Transferring to host: <128.105.69.150:9618?addrs=128.105.69.150-9618+[2607-f388-2200-100-1270-fdff-fe56-732c]-9618&alias=e4027.chtc.wisc.edu&noUDP&sock=slot1_26_3011942_5ca9_162044>
...
040 (7950338.093.000) 2026-06-19 21:27:09 Finished transferring input files
...
001 (7950338.093.000) 2026-06-19 21:27:10 Job executing on host: <128.105.69.150:9618?addrs=128.105.69.150-9618+[2607-f388-2200-100-1270-fdff-fe56-732c]-9618&alias=e4027.chtc.wisc.edu&noUDP&sock=startd_14784_2c3c>
	SlotName: slot1_26@e4027.chtc.wisc.edu
	CondorScratchDir = "/var/lib/condor/execute/slot1/dir_2477889/scratch"
	Cpus = 4
	Disk = 4194304
	GPUs = 0
	IoHeavy = 0
	Memory = 8192
...
006 (7950338.093.000) 2026-06-19 21:27:19 Image size of job updated: 360472
	353  -  MemoryUsage of job (MB)
	360472  -  ResidentSetSize of job (KB)
...
006 (7950338.093.000) 2026-06-19 21:27:26 Image size of job updated: 481220
	353  -  MemoryUsage of job (MB)
	360472  -  ResidentSetSize of job (KB)
...
040 (7950338.093.000) 2026-06-19 21:27:26 Started transferring output files
...
040 (7950338.093.000) 2026-06-19 21:27:26 Finished transferring output files
...
005 (7950338.093.000) 2026-06-19 21:27:27 Job terminated.
	(1) Normal termination (return value 0)
		Usr 0 00:00:14, Sys 0 00:00:04  -  Run Remote Usage
		Usr 0 00:00:00, Sys 0 00:00:00  -  Run Local Usage
		Usr 0 00:00:14, Sys 0 00:00:04  -  Total Remote Usage
		Usr 0 00:00:00, Sys 0 00:00:00  -  Total Local Usage
	1546382  -  Run Bytes Sent By Job
	2781345967  -  Run Bytes Received By Job
	1546382  -  Total Bytes Sent By Job
	2781345967  -  Total Bytes Received By Job
	Partitionable Resources :      Usage  Request Allocated 
	   Cpus                 :       1.02        4         4 
	   Disk (KB)            : 2717912     4194304   4194304 
	   GPUs                 :                             0 
	   IoHeavy              :                             0 
	   Memory (MB)          :     353        8192      8192 
	   TimeExecute (s)      :      17                       
	   TimeSlotBusy (s)     :      40                       
...
