000 (7950338.007.000) 2026-06-19 21:21:31 Job submitted from host: <128.105.68.112:9618?addrs=128.105.68.112-9618+[2607-f388-2200-100-eaeb-d3ff-fea3-4202]-9618&alias=ap2001.chtc.wisc.edu&noUDP&sock=schedd_4071840_2329>
...
040 (7950338.007.000) 2026-06-19 21:25:43 Started transferring input files
	Transferring to host: <128.105.69.87:9618?addrs=128.105.69.87-9618+[2607-f388-2200-100-1618-77ff-fe34-e6f4]-9618&alias=gitter2000.chtc.wisc.edu&noUDP&sock=slot2_5_2726355_7c2b_85019>
...
040 (7950338.007.000) 2026-06-19 21:29:49 Finished transferring input files
...
001 (7950338.007.000) 2026-06-19 21:29:49 Job executing on host: <128.105.69.87:9618?addrs=128.105.69.87-9618+[2607-f388-2200-100-1618-77ff-fe34-e6f4]-9618&alias=gitter2000.chtc.wisc.edu&noUDP&sock=startd_9594_43b5>
	SlotName: slot2_5@gitter2000.chtc.wisc.edu
	CondorScratchDir = "/var/lib/condor/execute/slot2/dir_3958388/scratch"
	Cpus = 4
	Disk = 4194304
	GPUs = 0
	IoHeavy = 0
	Memory = 8192
...
006 (7950338.007.000) 2026-06-19 21:29:58 Image size of job updated: 293068
	287  -  MemoryUsage of job (MB)
	293068  -  ResidentSetSize of job (KB)
...
006 (7950338.007.000) 2026-06-19 21:30:09 Image size of job updated: 492872
	287  -  MemoryUsage of job (MB)
	293116  -  ResidentSetSize of job (KB)
...
040 (7950338.007.000) 2026-06-19 21:30:09 Started transferring output files
...
040 (7950338.007.000) 2026-06-19 21:30:09 Finished transferring output files
...
005 (7950338.007.000) 2026-06-19 21:30:10 Job terminated.
	(1) Normal termination (return value 0)
		Usr 0 00:00:18, Sys 0 00:00:03  -  Run Remote Usage
		Usr 0 00:00:00, Sys 0 00:00:00  -  Run Local Usage
		Usr 0 00:00:18, Sys 0 00:00:03  -  Total Remote Usage
		Usr 0 00:00:00, Sys 0 00:00:00  -  Total Local Usage
	1601583  -  Run Bytes Sent By Job
	1852318696  -  Run Bytes Received By Job
	1601583  -  Total Bytes Sent By Job
	1852318696  -  Total Bytes Received By Job
	Partitionable Resources :      Usage  Request Allocated 
	   Cpus                 :       0.09        4         4 
	   Disk (KB)            : 2717854     4194304   4194304 
	   GPUs                 :                             0 
	   IoHeavy              :                             0 
	   Memory (MB)          :     287        8192      8192 
	   TimeExecute (s)      :      20                       
	   TimeSlotBusy (s)     :     266                       
...
