000 (7950338.012.000) 2026-06-19 21:21:31 Job submitted from host: <128.105.68.112:9618?addrs=128.105.68.112-9618+[2607-f388-2200-100-eaeb-d3ff-fea3-4202]-9618&alias=ap2001.chtc.wisc.edu&noUDP&sock=schedd_4071840_2329>
...
040 (7950338.012.000) 2026-06-19 21:25:46 Started transferring input files
	Transferring to host: <128.105.69.162:9618?addrs=128.105.69.162-9618+[2607-f388-2200-100-1270-fdff-fe56-bd0c]-9618&alias=e4095.chtc.wisc.edu&noUDP&sock=slot1_20_2123396_52c4_156652>
...
040 (7950338.012.000) 2026-06-19 21:27:15 Finished transferring input files
...
001 (7950338.012.000) 2026-06-19 21:27:20 Job executing on host: <128.105.69.162:9618?addrs=128.105.69.162-9618+[2607-f388-2200-100-1270-fdff-fe56-bd0c]-9618&alias=e4095.chtc.wisc.edu&noUDP&sock=startd_14711_19d2>
	SlotName: slot1_20@e4095.chtc.wisc.edu
	CondorScratchDir = "/var/lib/condor/execute/slot1/dir_1829601/scratch"
	Cpus = 4
	Disk = 4194304
	GPUs = 0
	IoHeavy = 0
	Memory = 8192
...
006 (7950338.012.000) 2026-06-19 21:27:29 Image size of job updated: 133624
	131  -  MemoryUsage of job (MB)
	133624  -  ResidentSetSize of job (KB)
...
006 (7950338.012.000) 2026-06-19 21:27:48 Image size of job updated: 482908
	131  -  MemoryUsage of job (MB)
	133640  -  ResidentSetSize of job (KB)
...
040 (7950338.012.000) 2026-06-19 21:27:48 Started transferring output files
...
040 (7950338.012.000) 2026-06-19 21:27:48 Finished transferring output files
...
005 (7950338.012.000) 2026-06-19 21:27:50 Job terminated.
	(1) Normal termination (return value 0)
		Usr 0 00:00:22, Sys 0 00:00:07  -  Run Remote Usage
		Usr 0 00:00:00, Sys 0 00:00:00  -  Run Local Usage
		Usr 0 00:00:22, Sys 0 00:00:07  -  Total Remote Usage
		Usr 0 00:00:00, Sys 0 00:00:00  -  Total Local Usage
	1551617  -  Run Bytes Sent By Job
	1866987995  -  Run Bytes Received By Job
	1551617  -  Total Bytes Sent By Job
	1866987995  -  Total Bytes Received By Job
	Partitionable Resources :      Usage  Request Allocated 
	   Cpus                 :       0.01        4         4 
	   Disk (KB)            : 2717920     4194304   4194304 
	   GPUs                 :                             0 
	   IoHeavy              :                             0 
	   Memory (MB)          :     131        8192      8192 
	   TimeExecute (s)      :      28                       
	   TimeSlotBusy (s)     :     123                       
...
