000 (7907612.006.000) 2026-06-18 22:13:18 Job submitted from host: <128.105.68.112:9618?addrs=128.105.68.112-9618+[2607-f388-2200-100-eaeb-d3ff-fea3-4202]-9618&alias=ap2001.chtc.wisc.edu&noUDP&sock=schedd_4071840_2329>
...
040 (7907612.006.000) 2026-06-18 22:17:11 Started transferring input files
	Transferring to host: <128.105.68.15:9618?addrs=128.105.68.15-9618+[2607-f388-2200-100-b226-28ff-fe51-615c]-9618&alias=e2008.chtc.wisc.edu&noUDP&sock=slot1_21_720343_8f06_88116>
...
040 (7907612.006.000) 2026-06-18 22:18:28 Finished transferring input files
...
001 (7907612.006.000) 2026-06-18 22:18:28 Job executing on host: <128.105.68.15:9618?addrs=128.105.68.15-9618+[2607-f388-2200-100-b226-28ff-fe51-615c]-9618&alias=e2008.chtc.wisc.edu&noUDP&sock=startd_10029_a367>
	SlotName: slot1_21@e2008.chtc.wisc.edu
	CondorScratchDir = "/var/lib/condor/execute/slot1/dir_2385887/scratch"
	Cpus = 4
	Disk = 4194304
	GPUs = 0
	IoHeavy = 0
	Memory = 8192
...
006 (7907612.006.000) 2026-06-18 22:18:37 Image size of job updated: 131204
	129  -  MemoryUsage of job (MB)
	131204  -  ResidentSetSize of job (KB)
...
006 (7907612.006.000) 2026-06-18 22:19:10 Image size of job updated: 1060220
	129  -  MemoryUsage of job (MB)
	131204  -  ResidentSetSize of job (KB)
...
040 (7907612.006.000) 2026-06-18 22:19:10 Started transferring output files
...
040 (7907612.006.000) 2026-06-18 22:19:10 Finished transferring output files
...
005 (7907612.006.000) 2026-06-18 22:19:11 Job terminated.
	(1) Normal termination (return value 0)
		Usr 0 00:00:37, Sys 0 00:00:08  -  Run Remote Usage
		Usr 0 00:00:00, Sys 0 00:00:00  -  Run Local Usage
		Usr 0 00:00:37, Sys 0 00:00:08  -  Total Remote Usage
		Usr 0 00:00:00, Sys 0 00:00:00  -  Total Local Usage
	4649302  -  Run Bytes Sent By Job
	2045645202  -  Run Bytes Received By Job
	4649302  -  Total Bytes Sent By Job
	2045645202  -  Total Bytes Received By Job
	Partitionable Resources :      Usage  Request Allocated 
	   Cpus                 :       0.16        4         4 
	   Disk (KB)            : 2721336     4194304   4194304 
	   GPUs                 :                             0 
	   IoHeavy              :                             0 
	   Memory (MB)          :     129        8192      8192 
	   TimeExecute (s)      :      42                       
	   TimeSlotBusy (s)     :     119                       
...
