000 (7907612.059.000) 2026-06-18 22:13:18 Job submitted from host: <128.105.68.112:9618?addrs=128.105.68.112-9618+[2607-f388-2200-100-eaeb-d3ff-fea3-4202]-9618&alias=ap2001.chtc.wisc.edu&noUDP&sock=schedd_4071840_2329>
...
040 (7907612.059.000) 2026-06-18 22:18:30 Started transferring input files
	Transferring to host: <128.105.69.172:9618?addrs=128.105.69.172-9618+[2607-f388-2200-100-1270-fdff-fe56-7104]-9618&alias=e2555.chtc.wisc.edu&noUDP&sock=slot1_25_2711804_fd3c_144080>
...
040 (7907612.059.000) 2026-06-18 22:18:54 Finished transferring input files
...
001 (7907612.059.000) 2026-06-18 22:18:54 Job executing on host: <128.105.69.172:9618?addrs=128.105.69.172-9618+[2607-f388-2200-100-1270-fdff-fe56-7104]-9618&alias=e2555.chtc.wisc.edu&noUDP&sock=startd_15012_8fd4>
	SlotName: slot1_25@e2555.chtc.wisc.edu
	CondorScratchDir = "/var/lib/condor/execute/slot1/dir_2635652/scratch"
	Cpus = 4
	Disk = 4194304
	GPUs = 0
	IoHeavy = 0
	Memory = 8192
...
006 (7907612.059.000) 2026-06-18 22:19:03 Image size of job updated: 315316
	308  -  MemoryUsage of job (MB)
	315316  -  ResidentSetSize of job (KB)
...
006 (7907612.059.000) 2026-06-18 22:19:16 Image size of job updated: 701500
	309  -  MemoryUsage of job (MB)
	315484  -  ResidentSetSize of job (KB)
...
040 (7907612.059.000) 2026-06-18 22:19:16 Started transferring output files
...
040 (7907612.059.000) 2026-06-18 22:19:16 Finished transferring output files
...
005 (7907612.059.000) 2026-06-18 22:19:18 Job terminated.
	(1) Normal termination (return value 0)
		Usr 0 00:00:20, Sys 0 00:00:05  -  Run Remote Usage
		Usr 0 00:00:00, Sys 0 00:00:00  -  Run Local Usage
		Usr 0 00:00:20, Sys 0 00:00:05  -  Total Remote Usage
		Usr 0 00:00:00, Sys 0 00:00:00  -  Total Local Usage
	4890882  -  Run Bytes Sent By Job
	2781785684  -  Run Bytes Received By Job
	4890882  -  Total Bytes Sent By Job
	2781785684  -  Total Bytes Received By Job
	Partitionable Resources :    Usage  Request Allocated 
	   Cpus                 :                 4         4 
	   Disk (KB)            :  2721474  4194304   4194304 
	   GPUs                 :                           0 
	   IoHeavy              :                           0 
	   Memory (MB)          :      309     8192      8192 
	   TimeExecute (s)      :       22                    
	   TimeSlotBusy (s)     :       48                    
...
