000 (7950338.066.000) 2026-06-19 21:21:31 Job submitted from host: <128.105.68.112:9618?addrs=128.105.68.112-9618+[2607-f388-2200-100-eaeb-d3ff-fea3-4202]-9618&alias=ap2001.chtc.wisc.edu&noUDP&sock=schedd_4071840_2329>
...
040 (7950338.066.000) 2026-06-19 21:26:46 Started transferring input files
	Transferring to host: <128.105.69.195:9618?addrs=128.105.69.195-9618+[2607-f388-2200-100-1270-fdff-fe56-6f44]-9618&alias=e4048.chtc.wisc.edu&noUDP&sock=slot1_1_1438172_06ec_150272>
...
040 (7950338.066.000) 2026-06-19 21:27:10 Finished transferring input files
...
001 (7950338.066.000) 2026-06-19 21:27:10 Job executing on host: <128.105.69.195:9618?addrs=128.105.69.195-9618+[2607-f388-2200-100-1270-fdff-fe56-6f44]-9618&alias=e4048.chtc.wisc.edu&noUDP&sock=startd_14792_a8fe>
	SlotName: slot1_1@e4048.chtc.wisc.edu
	CondorScratchDir = "/var/lib/condor/execute/slot1/dir_77089/scratch"
	Cpus = 4
	Disk = 4194304
	GPUs = 0
	IoHeavy = 0
	Memory = 8192
...
006 (7950338.066.000) 2026-06-19 21:27:19 Image size of job updated: 322540
	315  -  MemoryUsage of job (MB)
	322540  -  ResidentSetSize of job (KB)
...
006 (7950338.066.000) 2026-06-19 21:27:30 Image size of job updated: 693344
	316  -  MemoryUsage of job (MB)
	322620  -  ResidentSetSize of job (KB)
...
040 (7950338.066.000) 2026-06-19 21:27:31 Started transferring output files
...
040 (7950338.066.000) 2026-06-19 21:27:31 Finished transferring output files
...
005 (7950338.066.000) 2026-06-19 21:27:32 Job terminated.
	(1) Normal termination (return value 0)
		Usr 0 00:00:17, Sys 0 00:00:05  -  Run Remote Usage
		Usr 0 00:00:00, Sys 0 00:00:00  -  Run Local Usage
		Usr 0 00:00:17, Sys 0 00:00:05  -  Total Remote Usage
		Usr 0 00:00:00, Sys 0 00:00:00  -  Total Local Usage
	3104086  -  Run Bytes Sent By Job
	2781743624  -  Run Bytes Received By Job
	3104086  -  Total Bytes Sent By Job
	2781743624  -  Total Bytes Received By Job
	Partitionable Resources :    Usage  Request Allocated 
	   Cpus                 :                 4         4 
	   Disk (KB)            :  2719824  4194304   4194304 
	   GPUs                 :                           0 
	   IoHeavy              :                           0 
	   Memory (MB)          :      316     8192      8192 
	   TimeExecute (s)      :       20                    
	   TimeSlotBusy (s)     :       46                    
...
