000 (7950338.036.000) 2026-06-19 21:21:31 Job submitted from host: <128.105.68.112:9618?addrs=128.105.68.112-9618+[2607-f388-2200-100-eaeb-d3ff-fea3-4202]-9618&alias=ap2001.chtc.wisc.edu&noUDP&sock=schedd_4071840_2329>
...
040 (7950338.036.000) 2026-06-19 21:26:44 Started transferring input files
	Transferring to host: <128.105.69.198:9618?addrs=128.105.69.198-9618+[2607-f388-2200-100-1270-fdff-fe56-bc84]-9618&alias=e4051.chtc.wisc.edu&noUDP&sock=slot1_12_2615725_a459_157229>
...
040 (7950338.036.000) 2026-06-19 21:27:16 Finished transferring input files
...
001 (7950338.036.000) 2026-06-19 21:27:16 Job executing on host: <128.105.69.198:9618?addrs=128.105.69.198-9618+[2607-f388-2200-100-1270-fdff-fe56-bc84]-9618&alias=e4051.chtc.wisc.edu&noUDP&sock=startd_14741_ada9>
	SlotName: slot1_12@e4051.chtc.wisc.edu
	CondorScratchDir = "/var/lib/condor/execute/slot1/dir_1234523/scratch"
	Cpus = 4
	Disk = 4194304
	GPUs = 0
	IoHeavy = 0
	Memory = 8192
...
006 (7950338.036.000) 2026-06-19 21:27:25 Image size of job updated: 292184
	286  -  MemoryUsage of job (MB)
	292184  -  ResidentSetSize of job (KB)
...
006 (7950338.036.000) 2026-06-19 21:27:38 Image size of job updated: 513860
	286  -  MemoryUsage of job (MB)
	292244  -  ResidentSetSize of job (KB)
...
040 (7950338.036.000) 2026-06-19 21:27:38 Started transferring output files
...
040 (7950338.036.000) 2026-06-19 21:27:38 Finished transferring output files
...
005 (7950338.036.000) 2026-06-19 21:27:39 Job terminated.
	(1) Normal termination (return value 0)
		Usr 0 00:00:18, Sys 0 00:00:04  -  Run Remote Usage
		Usr 0 00:00:00, Sys 0 00:00:00  -  Run Local Usage
		Usr 0 00:00:18, Sys 0 00:00:04  -  Total Remote Usage
		Usr 0 00:00:00, Sys 0 00:00:00  -  Total Local Usage
	3211250  -  Run Bytes Sent By Job
	2781752960  -  Run Bytes Received By Job
	3211250  -  Total Bytes Sent By Job
	2781752960  -  Total Bytes Received By Job
	Partitionable Resources :    Usage  Request Allocated 
	   Cpus                 :                 4         4 
	   Disk (KB)            :  2719936  4194304   4194304 
	   GPUs                 :                           0 
	   IoHeavy              :                           0 
	   Memory (MB)          :      286     8192      8192 
	   TimeExecute (s)      :       22                    
	   TimeSlotBusy (s)     :       54                    
...
