000 (7907612.047.000) 2026-06-18 22:13:18 Job submitted from host: <128.105.68.112:9618?addrs=128.105.68.112-9618+[2607-f388-2200-100-eaeb-d3ff-fea3-4202]-9618&alias=ap2001.chtc.wisc.edu&noUDP&sock=schedd_4071840_2329>
...
040 (7907612.047.000) 2026-06-18 22:18:29 Started transferring input files
	Transferring to host: <128.105.69.235:9618?addrs=128.105.69.235-9618+[2607-f388-2200-100-eaeb-d3ff-fe40-1eec]-9618&alias=e2618.chtc.wisc.edu&noUDP&sock=slot1_71_2284009_b628_106866>
...
040 (7907612.047.000) 2026-06-18 22:18:46 Finished transferring input files
...
001 (7907612.047.000) 2026-06-18 22:18:46 Job executing on host: <128.105.69.235:9618?addrs=128.105.69.235-9618+[2607-f388-2200-100-eaeb-d3ff-fe40-1eec]-9618&alias=e2618.chtc.wisc.edu&noUDP&sock=startd_14870_2961>
	SlotName: slot1_71@e2618.chtc.wisc.edu
	CondorScratchDir = "/var/lib/condor/execute/slot1/dir_2544779/scratch"
	Cpus = 4
	Disk = 4194304
	GPUs = 0
	IoHeavy = 0
	Memory = 8192
...
006 (7907612.047.000) 2026-06-18 22:18:55 Image size of job updated: 295468
	289  -  MemoryUsage of job (MB)
	295468  -  ResidentSetSize of job (KB)
...
006 (7907612.047.000) 2026-06-18 22:19:09 Image size of job updated: 1219316
	289  -  MemoryUsage of job (MB)
	295468  -  ResidentSetSize of job (KB)
...
040 (7907612.047.000) 2026-06-18 22:19:09 Started transferring output files
...
040 (7907612.047.000) 2026-06-18 22:19:09 Finished transferring output files
...
005 (7907612.047.000) 2026-06-18 22:19:10 Job terminated.
	(1) Normal termination (return value 0)
		Usr 0 00:00:25, Sys 0 00:00:05  -  Run Remote Usage
		Usr 0 00:00:00, Sys 0 00:00:00  -  Run Local Usage
		Usr 0 00:00:25, Sys 0 00:00:05  -  Total Remote Usage
		Usr 0 00:00:00, Sys 0 00:00:00  -  Total Local Usage
	4717010  -  Run Bytes Sent By Job
	2781361762  -  Run Bytes Received By Job
	4717010  -  Total Bytes Sent By Job
	2781361762  -  Total Bytes Received By Job
	Partitionable Resources :    Usage  Request Allocated 
	   Cpus                 :        0        4         4 
	   Disk (KB)            :  2720900  4194304   4194304 
	   GPUs                 :                           0 
	   IoHeavy              :                           0 
	   Memory (MB)          :      289     8192      8192 
	   TimeExecute (s)      :       23                    
	   TimeSlotBusy (s)     :       40                    
...
