000 (7907612.120.000) 2026-06-18 22:13:18 Job submitted from host: <128.105.68.112:9618?addrs=128.105.68.112-9618+[2607-f388-2200-100-eaeb-d3ff-fea3-4202]-9618&alias=ap2001.chtc.wisc.edu&noUDP&sock=schedd_4071840_2329>
...
040 (7907612.120.000) 2026-06-18 22:18:32 Started transferring input files
	Transferring to host: <128.105.69.138:9618?addrs=128.105.69.138-9618+[2607-f388-2200-100-1270-fdff-fe56-ca54]-9618&alias=e4015.chtc.wisc.edu&noUDP&sock=slot1_22_722751_3668_148452>
...
040 (7907612.120.000) 2026-06-18 22:18:50 Finished transferring input files
...
001 (7907612.120.000) 2026-06-18 22:18:50 Job executing on host: <128.105.69.138:9618?addrs=128.105.69.138-9618+[2607-f388-2200-100-1270-fdff-fe56-ca54]-9618&alias=e4015.chtc.wisc.edu&noUDP&sock=startd_14968_61a9>
	SlotName: slot1_22@e4015.chtc.wisc.edu
	CondorScratchDir = "/var/lib/condor/execute/slot1/dir_3794759/scratch"
	Cpus = 4
	Disk = 4194304
	GPUs = 0
	IoHeavy = 0
	Memory = 8192
...
006 (7907612.120.000) 2026-06-18 22:18:59 Image size of job updated: 234756
	230  -  MemoryUsage of job (MB)
	234756  -  ResidentSetSize of job (KB)
...
006 (7907612.120.000) 2026-06-18 22:19:17 Image size of job updated: 1495248
	230  -  MemoryUsage of job (MB)
	234872  -  ResidentSetSize of job (KB)
...
040 (7907612.120.000) 2026-06-18 22:19:17 Started transferring output files
...
040 (7907612.120.000) 2026-06-18 22:19:17 Finished transferring output files
...
005 (7907612.120.000) 2026-06-18 22:19:19 Job terminated.
	(1) Normal termination (return value 0)
		Usr 0 00:00:32, Sys 0 00:00:06  -  Run Remote Usage
		Usr 0 00:00:00, Sys 0 00:00:00  -  Run Local Usage
		Usr 0 00:00:32, Sys 0 00:00:06  -  Total Remote Usage
		Usr 0 00:00:00, Sys 0 00:00:00  -  Total Local Usage
	8205886  -  Run Bytes Sent By Job
	2781362931  -  Run Bytes Received By Job
	8205886  -  Total Bytes Sent By Job
	2781362931  -  Total Bytes Received By Job
	Partitionable Resources :    Usage  Request Allocated 
	   Cpus                 :        0        4         4 
	   Disk (KB)            :  2724468  4194304   4194304 
	   GPUs                 :                           0 
	   IoHeavy              :                           0 
	   Memory (MB)          :      230     8192      8192 
	   TimeExecute (s)      :       27                    
	   TimeSlotBusy (s)     :       45                    
...
