000 (7950338.038.000) 2026-06-19 21:21:31 Job submitted from host: <128.105.68.112:9618?addrs=128.105.68.112-9618+[2607-f388-2200-100-eaeb-d3ff-fea3-4202]-9618&alias=ap2001.chtc.wisc.edu&noUDP&sock=schedd_4071840_2329>
...
040 (7950338.038.000) 2026-06-19 21:26:45 Started transferring input files
	Transferring to host: <128.105.69.201:9618?addrs=128.105.69.201-9618+[2607-f388-2200-100-1270-fdff-fe56-62e4]-9618&alias=e4030.chtc.wisc.edu&noUDP&sock=slot1_12_3056176_376f_143151>
...
040 (7950338.038.000) 2026-06-19 21:27:12 Finished transferring input files
...
001 (7950338.038.000) 2026-06-19 21:27:12 Job executing on host: <128.105.69.201:9618?addrs=128.105.69.201-9618+[2607-f388-2200-100-1270-fdff-fe56-62e4]-9618&alias=e4030.chtc.wisc.edu&noUDP&sock=startd_14682_3593>
	SlotName: slot1_12@e4030.chtc.wisc.edu
	CondorScratchDir = "/var/lib/condor/execute/slot1/dir_987948/scratch"
	Cpus = 4
	Disk = 4194304
	GPUs = 0
	IoHeavy = 0
	Memory = 8192
...
006 (7950338.038.000) 2026-06-19 21:27:21 Image size of job updated: 259724
	254  -  MemoryUsage of job (MB)
	259724  -  ResidentSetSize of job (KB)
...
006 (7950338.038.000) 2026-06-19 21:27:34 Image size of job updated: 505476
	254  -  MemoryUsage of job (MB)
	259724  -  ResidentSetSize of job (KB)
...
040 (7950338.038.000) 2026-06-19 21:27:34 Started transferring output files
...
040 (7950338.038.000) 2026-06-19 21:27:34 Finished transferring output files
...
005 (7950338.038.000) 2026-06-19 21:27:35 Job terminated.
	(1) Normal termination (return value 0)
		Usr 0 00:00:18, Sys 0 00:00:04  -  Run Remote Usage
		Usr 0 00:00:00, Sys 0 00:00:00  -  Run Local Usage
		Usr 0 00:00:18, Sys 0 00:00:04  -  Total Remote Usage
		Usr 0 00:00:00, Sys 0 00:00:00  -  Total Local Usage
	3200004  -  Run Bytes Sent By Job
	2781765460  -  Run Bytes Received By Job
	3200004  -  Total Bytes Sent By Job
	2781765460  -  Total Bytes Received By Job
	Partitionable Resources :      Usage  Request Allocated 
	   Cpus                 :       1.05        4         4 
	   Disk (KB)            : 2719936     4194304   4194304 
	   GPUs                 :                             0 
	   IoHeavy              :                             0 
	   Memory (MB)          :     254        8192      8192 
	   TimeExecute (s)      :      22                       
	   TimeSlotBusy (s)     :      50                       
...
