000 (7950338.063.000) 2026-06-19 21:21:31 Job submitted from host: <128.105.68.112:9618?addrs=128.105.68.112-9618+[2607-f388-2200-100-eaeb-d3ff-fea3-4202]-9618&alias=ap2001.chtc.wisc.edu&noUDP&sock=schedd_4071840_2329>
...
040 (7950338.063.000) 2026-06-19 21:26:45 Started transferring input files
	Transferring to host: <128.105.69.237:9618?addrs=128.105.69.237-9618+[2607-f388-2200-100-eaeb-d3ff-fe40-230c]-9618&alias=e2620.chtc.wisc.edu&noUDP&sock=slot1_5_1886177_13f6_142089>
...
040 (7950338.063.000) 2026-06-19 21:27:23 Finished transferring input files
...
001 (7950338.063.000) 2026-06-19 21:27:23 Job executing on host: <128.105.69.237:9618?addrs=128.105.69.237-9618+[2607-f388-2200-100-eaeb-d3ff-fe40-230c]-9618&alias=e2620.chtc.wisc.edu&noUDP&sock=startd_14907_8a62>
	SlotName: slot1_5@e2620.chtc.wisc.edu
	CondorScratchDir = "/var/lib/condor/execute/slot1/dir_2362823/scratch"
	Cpus = 4
	Disk = 4194304
	GPUs = 0
	IoHeavy = 0
	Memory = 8192
...
006 (7950338.063.000) 2026-06-19 21:27:32 Image size of job updated: 384888
	376  -  MemoryUsage of job (MB)
	384888  -  ResidentSetSize of job (KB)
...
006 (7950338.063.000) 2026-06-19 21:27:44 Image size of job updated: 483996
	376  -  MemoryUsage of job (MB)
	384956  -  ResidentSetSize of job (KB)
...
040 (7950338.063.000) 2026-06-19 21:27:44 Started transferring output files
...
040 (7950338.063.000) 2026-06-19 21:27:44 Finished transferring output files
...
005 (7950338.063.000) 2026-06-19 21:27:45 Job terminated.
	(1) Normal termination (return value 0)
		Usr 0 00:00:27, Sys 0 00:00:05  -  Run Remote Usage
		Usr 0 00:00:00, Sys 0 00:00:00  -  Run Local Usage
		Usr 0 00:00:27, Sys 0 00:00:05  -  Total Remote Usage
		Usr 0 00:00:00, Sys 0 00:00:00  -  Total Local Usage
	8809838  -  Run Bytes Sent By Job
	2781356922  -  Run Bytes Received By Job
	8809838  -  Total Bytes Sent By Job
	2781356922  -  Total Bytes Received By Job
	Partitionable Resources :    Usage  Request Allocated 
	   Cpus                 :                 4         4 
	   Disk (KB)            :  2724882  4194304   4194304 
	   GPUs                 :                           0 
	   IoHeavy              :                           0 
	   Memory (MB)          :      376     8192      8192 
	   TimeExecute (s)      :       21                    
	   TimeSlotBusy (s)     :       59                    
...
