000 (7950338.026.000) 2026-06-19 21:21:31 Job submitted from host: <128.105.68.112:9618?addrs=128.105.68.112-9618+[2607-f388-2200-100-eaeb-d3ff-fea3-4202]-9618&alias=ap2001.chtc.wisc.edu&noUDP&sock=schedd_4071840_2329>
...
040 (7950338.026.000) 2026-06-19 21:26:44 Started transferring input files
	Transferring to host: <128.105.69.211:9618?addrs=128.105.69.211-9618+[2607-f388-2200-100-eaeb-d3ff-fe40-8bc]-9618&alias=e2594.chtc.wisc.edu&noUDP&sock=slot1_13_3091944_021e_143502>
...
040 (7950338.026.000) 2026-06-19 21:28:10 Finished transferring input files
...
001 (7950338.026.000) 2026-06-19 21:28:10 Job executing on host: <128.105.69.211:9618?addrs=128.105.69.211-9618+[2607-f388-2200-100-eaeb-d3ff-fe40-8bc]-9618&alias=e2594.chtc.wisc.edu&noUDP&sock=startd_14903_cc01>
	SlotName: slot1_13@e2594.chtc.wisc.edu
	CondorScratchDir = "/var/lib/condor/execute/slot1/dir_4047843/scratch"
	Cpus = 4
	Disk = 4194304
	GPUs = 0
	IoHeavy = 0
	Memory = 8192
...
006 (7950338.026.000) 2026-06-19 21:28:19 Image size of job updated: 374048
	366  -  MemoryUsage of job (MB)
	374048  -  ResidentSetSize of job (KB)
...
006 (7950338.026.000) 2026-06-19 21:28:27 Image size of job updated: 490812
	366  -  MemoryUsage of job (MB)
	374332  -  ResidentSetSize of job (KB)
...
040 (7950338.026.000) 2026-06-19 21:28:27 Started transferring output files
...
040 (7950338.026.000) 2026-06-19 21:28:27 Finished transferring output files
...
005 (7950338.026.000) 2026-06-19 21:28:28 Job terminated.
	(1) Normal termination (return value 0)
		Usr 0 00:00:15, Sys 0 00:00:04  -  Run Remote Usage
		Usr 0 00:00:00, Sys 0 00:00:00  -  Run Local Usage
		Usr 0 00:00:15, Sys 0 00:00:04  -  Total Remote Usage
		Usr 0 00:00:00, Sys 0 00:00:00  -  Total Local Usage
	1569563  -  Run Bytes Sent By Job
	1850217560  -  Run Bytes Received By Job
	1569563  -  Total Bytes Sent By Job
	1850217560  -  Total Bytes Received By Job
	Partitionable Resources :    Usage  Request Allocated 
	   Cpus                 :                 4         4 
	   Disk (KB)            :  2717808  4194304   4194304 
	   GPUs                 :                           0 
	   IoHeavy              :                           0 
	   Memory (MB)          :      366     8192      8192 
	   TimeExecute (s)      :       17                    
	   TimeSlotBusy (s)     :      103                    
...
