000 (7950338.061.000) 2026-06-19 21:21:31 Job submitted from host: <128.105.68.112:9618?addrs=128.105.68.112-9618+[2607-f388-2200-100-eaeb-d3ff-fea3-4202]-9618&alias=ap2001.chtc.wisc.edu&noUDP&sock=schedd_4071840_2329>
...
040 (7950338.061.000) 2026-06-19 21:26:45 Started transferring input files
	Transferring to host: <128.105.68.125:9618?addrs=128.105.68.125-9618+[2607-f388-2200-100-ba3f-d2ff-fe19-86da]-9618&alias=txie-dsigpu4000.chtc.wisc.edu&noUDP&sock=slot3_11_2594836_73a7_83356>
...
040 (7950338.061.000) 2026-06-19 21:27:06 Finished transferring input files
...
001 (7950338.061.000) 2026-06-19 21:27:06 Job executing on host: <128.105.68.125:9618?addrs=128.105.68.125-9618+[2607-f388-2200-100-ba3f-d2ff-fe19-86da]-9618&alias=txie-dsigpu4000.chtc.wisc.edu&noUDP&sock=startd_3080359_a3a2>
	SlotName: slot3_11@txie-dsigpu4000.chtc.wisc.edu
	AvailableGPUs = {  }
	CondorScratchDir = "/var/lib/condor/execute/slot3/dir_1482032/scratch"
	Cpus = 4
	Disk = 4194304
	GPUs = 0
	IoHeavy = 0
	Memory = 8192
...
006 (7950338.061.000) 2026-06-19 21:27:15 Image size of job updated: 353188
	345  -  MemoryUsage of job (MB)
	353188  -  ResidentSetSize of job (KB)
...
006 (7950338.061.000) 2026-06-19 21:27:31 Image size of job updated: 1510204
	346  -  MemoryUsage of job (MB)
	353588  -  ResidentSetSize of job (KB)
...
040 (7950338.061.000) 2026-06-19 21:27:31 Started transferring output files
...
040 (7950338.061.000) 2026-06-19 21:27:31 Finished transferring output files
...
005 (7950338.061.000) 2026-06-19 21:27:32 Job terminated.
	(1) Normal termination (return value 0)
		Usr 0 00:00:29, Sys 0 00:00:03  -  Run Remote Usage
		Usr 0 00:00:00, Sys 0 00:00:00  -  Run Local Usage
		Usr 0 00:00:29, Sys 0 00:00:03  -  Total Remote Usage
		Usr 0 00:00:00, Sys 0 00:00:00  -  Total Local Usage
	14506821  -  Run Bytes Sent By Job
	2781795650  -  Run Bytes Received By Job
	14506821  -  Total Bytes Sent By Job
	2781795650  -  Total Bytes Received By Job
	Partitionable Resources :    Usage  Request Allocated 
	   Cpus                 :        0        4         4 
	   Disk (KB)            :  2730886  4194304   4194304 
	   GPUs                 :                           0 
	   IoHeavy              :                           0 
	   Memory (MB)          :      346     8192      8192 
	   TimeExecute (s)      :       25                    
	   TimeSlotBusy (s)     :       46                    
...
