000 (7907612.095.000) 2026-06-18 22:13:18 Job submitted from host: <128.105.68.112:9618?addrs=128.105.68.112-9618+[2607-f388-2200-100-eaeb-d3ff-fea3-4202]-9618&alias=ap2001.chtc.wisc.edu&noUDP&sock=schedd_4071840_2329>
...
040 (7907612.095.000) 2026-06-18 22:18:31 Started transferring input files
	Transferring to host: <128.105.68.125:9618?addrs=128.105.68.125-9618+[2607-f388-2200-100-ba3f-d2ff-fe19-86da]-9618&alias=txie-dsigpu4000.chtc.wisc.edu&noUDP&sock=slot3_16_2594836_73a7_80873>
...
040 (7907612.095.000) 2026-06-18 22:18:46 Finished transferring input files
...
001 (7907612.095.000) 2026-06-18 22:18:46 Job executing on host: <128.105.68.125:9618?addrs=128.105.68.125-9618+[2607-f388-2200-100-ba3f-d2ff-fe19-86da]-9618&alias=txie-dsigpu4000.chtc.wisc.edu&noUDP&sock=startd_3080359_a3a2>
	SlotName: slot3_16@txie-dsigpu4000.chtc.wisc.edu
	AvailableGPUs = {  }
	CondorScratchDir = "/var/lib/condor/execute/slot3/dir_4104176/scratch"
	Cpus = 4
	Disk = 4194304
	GPUs = 0
	IoHeavy = 0
	Memory = 8192
...
006 (7907612.095.000) 2026-06-18 22:18:55 Image size of job updated: 372232
	364  -  MemoryUsage of job (MB)
	372232  -  ResidentSetSize of job (KB)
...
006 (7907612.095.000) 2026-06-18 22:19:02 Image size of job updated: 441968
	364  -  MemoryUsage of job (MB)
	372352  -  ResidentSetSize of job (KB)
...
040 (7907612.095.000) 2026-06-18 22:19:02 Started transferring output files
...
040 (7907612.095.000) 2026-06-18 22:19:02 Finished transferring output files
...
005 (7907612.095.000) 2026-06-18 22:19:02 Job terminated.
	(1) Normal termination (return value 0)
		Usr 0 00:00:15, Sys 0 00:00:03  -  Run Remote Usage
		Usr 0 00:00:00, Sys 0 00:00:00  -  Run Local Usage
		Usr 0 00:00:15, Sys 0 00:00:03  -  Total Remote Usage
		Usr 0 00:00:00, Sys 0 00:00:00  -  Total Local Usage
	2507159  -  Run Bytes Sent By Job
	2781356913  -  Run Bytes Received By Job
	2507159  -  Total Bytes Sent By Job
	2781356913  -  Total Bytes Received By Job
	Partitionable Resources :    Usage  Request Allocated 
	   Cpus                 :                 4         4 
	   Disk (KB)            :  2718728  4194304   4194304 
	   GPUs                 :                           0 
	   IoHeavy              :                           0 
	   Memory (MB)          :      364     8192      8192 
	   TimeExecute (s)      :       16                    
	   TimeSlotBusy (s)     :       32                    
...
