000 (7907612.119.000) 2026-06-18 22:13:18 Job submitted from host: <128.105.68.112:9618?addrs=128.105.68.112-9618+[2607-f388-2200-100-eaeb-d3ff-fea3-4202]-9618&alias=ap2001.chtc.wisc.edu&noUDP&sock=schedd_4071840_2329>
...
040 (7907612.119.000) 2026-06-18 22:18:33 Started transferring input files
	Transferring to host: <128.105.69.109:9618?addrs=128.105.69.109-9618+[2607-f388-2200-100-1270-fdff-fe56-bf64]-9618&alias=e4058.chtc.wisc.edu&noUDP&sock=slot1_34_3714963_4135_134856>
...
040 (7907612.119.000) 2026-06-18 22:18:59 Finished transferring input files
...
001 (7907612.119.000) 2026-06-18 22:18:59 Job executing on host: <128.105.69.109:9618?addrs=128.105.69.109-9618+[2607-f388-2200-100-1270-fdff-fe56-bf64]-9618&alias=e4058.chtc.wisc.edu&noUDP&sock=startd_14916_b6bc>
	SlotName: slot1_34@e4058.chtc.wisc.edu
	CondorScratchDir = "/var/lib/condor/execute/slot1/dir_2506947/scratch"
	Cpus = 4
	Disk = 4194304
	GPUs = 0
	IoHeavy = 0
	Memory = 8192
...
006 (7907612.119.000) 2026-06-18 22:19:07 Image size of job updated: 245100
	240  -  MemoryUsage of job (MB)
	245100  -  ResidentSetSize of job (KB)
...
006 (7907612.119.000) 2026-06-18 22:19:36 Image size of job updated: 1491680
	240  -  MemoryUsage of job (MB)
	245104  -  ResidentSetSize of job (KB)
...
040 (7907612.119.000) 2026-06-18 22:19:36 Started transferring output files
...
040 (7907612.119.000) 2026-06-18 22:19:36 Finished transferring output files
...
005 (7907612.119.000) 2026-06-18 22:19:38 Job terminated.
	(1) Normal termination (return value 0)
		Usr 0 00:00:42, Sys 0 00:00:06  -  Run Remote Usage
		Usr 0 00:00:00, Sys 0 00:00:00  -  Run Local Usage
		Usr 0 00:00:42, Sys 0 00:00:06  -  Total Remote Usage
		Usr 0 00:00:00, Sys 0 00:00:00  -  Total Local Usage
	15788040  -  Run Bytes Sent By Job
	2781783609  -  Run Bytes Received By Job
	15788040  -  Total Bytes Sent By Job
	2781783609  -  Total Bytes Received By Job
	Partitionable Resources :    Usage  Request Allocated 
	   Cpus                 :                 4         4 
	   Disk (KB)            :  2732292  4194304   4194304 
	   GPUs                 :                           0 
	   IoHeavy              :                           0 
	   Memory (MB)          :      240     8192      8192 
	   TimeExecute (s)      :       37                    
	   TimeSlotBusy (s)     :       63                    
...
