000 (7950338.055.000) 2026-06-19 21:21:31 Job submitted from host: <128.105.68.112:9618?addrs=128.105.68.112-9618+[2607-f388-2200-100-eaeb-d3ff-fea3-4202]-9618&alias=ap2001.chtc.wisc.edu&noUDP&sock=schedd_4071840_2329>
...
040 (7950338.055.000) 2026-06-19 21:26:45 Started transferring input files
	Transferring to host: <128.105.68.125:9618?addrs=128.105.68.125-9618+[2607-f388-2200-100-ba3f-d2ff-fe19-86da]-9618&alias=txie-dsigpu4000.chtc.wisc.edu&noUDP&sock=slot3_8_2594836_73a7_83353>
...
040 (7950338.055.000) 2026-06-19 21:27:07 Finished transferring input files
...
001 (7950338.055.000) 2026-06-19 21:27:07 Job executing on host: <128.105.68.125:9618?addrs=128.105.68.125-9618+[2607-f388-2200-100-ba3f-d2ff-fe19-86da]-9618&alias=txie-dsigpu4000.chtc.wisc.edu&noUDP&sock=startd_3080359_a3a2>
	SlotName: slot3_8@txie-dsigpu4000.chtc.wisc.edu
	AvailableGPUs = {  }
	CondorScratchDir = "/var/lib/condor/execute/slot3/dir_1482013/scratch"
	Cpus = 4
	Disk = 4194304
	GPUs = 0
	IoHeavy = 0
	Memory = 8192
...
006 (7950338.055.000) 2026-06-19 21:27:16 Image size of job updated: 390640
	382  -  MemoryUsage of job (MB)
	390640  -  ResidentSetSize of job (KB)
...
006 (7950338.055.000) 2026-06-19 21:27:27 Image size of job updated: 498304
	382  -  MemoryUsage of job (MB)
	390648  -  ResidentSetSize of job (KB)
...
040 (7950338.055.000) 2026-06-19 21:27:27 Started transferring output files
...
040 (7950338.055.000) 2026-06-19 21:27:28 Finished transferring output files
...
005 (7950338.055.000) 2026-06-19 21:27:28 Job terminated.
	(1) Normal termination (return value 0)
		Usr 0 00:00:20, Sys 0 00:00:03  -  Run Remote Usage
		Usr 0 00:00:00, Sys 0 00:00:00  -  Run Local Usage
		Usr 0 00:00:20, Sys 0 00:00:03  -  Total Remote Usage
		Usr 0 00:00:00, Sys 0 00:00:00  -  Total Local Usage
	8033287  -  Run Bytes Sent By Job
	2781778255  -  Run Bytes Received By Job
	8033287  -  Total Bytes Sent By Job
	2781778255  -  Total Bytes Received By Job
	Partitionable Resources :    Usage  Request Allocated 
	   Cpus                 :        0        4         4 
	   Disk (KB)            :  2724547  4194304   4194304 
	   GPUs                 :                           0 
	   IoHeavy              :                           0 
	   Memory (MB)          :      382     8192      8192 
	   TimeExecute (s)      :       20                    
	   TimeSlotBusy (s)     :       43                    
...
