000 (7950338.083.000) 2026-06-19 21:21:31 Job submitted from host: <128.105.68.112:9618?addrs=128.105.68.112-9618+[2607-f388-2200-100-eaeb-d3ff-fea3-4202]-9618&alias=ap2001.chtc.wisc.edu&noUDP&sock=schedd_4071840_2329>
...
040 (7950338.083.000) 2026-06-19 21:26:45 Started transferring input files
	Transferring to host: <128.105.69.177:9618?addrs=128.105.69.177-9618+[2607-f388-2200-100-1270-fdff-fe56-7684]-9618&alias=e2560.chtc.wisc.edu&noUDP&sock=slot1_10_2272828_af81_163516>
...
040 (7950338.083.000) 2026-06-19 21:27:09 Finished transferring input files
...
001 (7950338.083.000) 2026-06-19 21:27:09 Job executing on host: <128.105.69.177:9618?addrs=128.105.69.177-9618+[2607-f388-2200-100-1270-fdff-fe56-7684]-9618&alias=e2560.chtc.wisc.edu&noUDP&sock=startd_14919_c585>
	SlotName: slot1_10@e2560.chtc.wisc.edu
	CondorScratchDir = "/var/lib/condor/execute/slot1/dir_457984/scratch"
	Cpus = 4
	Disk = 4194304
	GPUs = 0
	IoHeavy = 0
	Memory = 8192
...
006 (7950338.083.000) 2026-06-19 21:27:17 Image size of job updated: 334920
	328  -  MemoryUsage of job (MB)
	334920  -  ResidentSetSize of job (KB)
...
006 (7950338.083.000) 2026-06-19 21:27:24 Image size of job updated: 483716
	328  -  MemoryUsage of job (MB)
	334960  -  ResidentSetSize of job (KB)
...
040 (7950338.083.000) 2026-06-19 21:27:24 Started transferring output files
...
040 (7950338.083.000) 2026-06-19 21:27:24 Finished transferring output files
...
005 (7950338.083.000) 2026-06-19 21:27:25 Job terminated.
	(1) Normal termination (return value 0)
		Usr 0 00:00:14, Sys 0 00:00:04  -  Run Remote Usage
		Usr 0 00:00:00, Sys 0 00:00:00  -  Run Local Usage
		Usr 0 00:00:14, Sys 0 00:00:04  -  Total Remote Usage
		Usr 0 00:00:00, Sys 0 00:00:00  -  Total Local Usage
	1596885  -  Run Bytes Sent By Job
	2781356539  -  Run Bytes Received By Job
	1596885  -  Total Bytes Sent By Job
	2781356539  -  Total Bytes Received By Job
	Partitionable Resources :    Usage  Request Allocated 
	   Cpus                 :        0        4         4 
	   Disk (KB)            :  2717848  4194304   4194304 
	   GPUs                 :                           0 
	   IoHeavy              :                           0 
	   Memory (MB)          :      328     8192      8192 
	   TimeExecute (s)      :       15                    
	   TimeSlotBusy (s)     :       39                    
...
