000 (7907612.071.000) 2026-06-18 22:13:18 Job submitted from host: <128.105.68.112:9618?addrs=128.105.68.112-9618+[2607-f388-2200-100-eaeb-d3ff-fea3-4202]-9618&alias=ap2001.chtc.wisc.edu&noUDP&sock=schedd_4071840_2329>
...
040 (7907612.071.000) 2026-06-18 22:18:30 Started transferring input files
	Transferring to host: <128.105.69.188:9618?addrs=128.105.69.188-9618+[2607-f388-2200-100-1270-fdff-fe56-bf54]-9618&alias=e4040.chtc.wisc.edu&noUDP&sock=slot1_24_2748818_b35d_152310>
...
040 (7907612.071.000) 2026-06-18 22:18:54 Finished transferring input files
...
001 (7907612.071.000) 2026-06-18 22:18:54 Job executing on host: <128.105.69.188:9618?addrs=128.105.69.188-9618+[2607-f388-2200-100-1270-fdff-fe56-bf54]-9618&alias=e4040.chtc.wisc.edu&noUDP&sock=startd_14852_d0ad>
	SlotName: slot1_24@e4040.chtc.wisc.edu
	CondorScratchDir = "/var/lib/condor/execute/slot1/dir_1920583/scratch"
	Cpus = 4
	Disk = 4194304
	GPUs = 0
	IoHeavy = 0
	Memory = 8192
...
006 (7907612.071.000) 2026-06-18 22:19:03 Image size of job updated: 312076
	305  -  MemoryUsage of job (MB)
	312076  -  ResidentSetSize of job (KB)
...
006 (7907612.071.000) 2026-06-18 22:19:20 Image size of job updated: 1449864
	306  -  MemoryUsage of job (MB)
	312632  -  ResidentSetSize of job (KB)
...
040 (7907612.071.000) 2026-06-18 22:19:20 Started transferring output files
...
040 (7907612.071.000) 2026-06-18 22:19:20 Finished transferring output files
...
005 (7907612.071.000) 2026-06-18 22:19:21 Job terminated.
	(1) Normal termination (return value 0)
		Usr 0 00:00:27, Sys 0 00:00:05  -  Run Remote Usage
		Usr 0 00:00:00, Sys 0 00:00:00  -  Run Local Usage
		Usr 0 00:00:27, Sys 0 00:00:05  -  Total Remote Usage
		Usr 0 00:00:00, Sys 0 00:00:00  -  Total Local Usage
	10992007  -  Run Bytes Sent By Job
	2781767227  -  Run Bytes Received By Job
	10992007  -  Total Bytes Sent By Job
	2781767227  -  Total Bytes Received By Job
	Partitionable Resources :    Usage  Request Allocated 
	   Cpus                 :                 4         4 
	   Disk (KB)            :  2727556  4194304   4194304 
	   GPUs                 :                           0 
	   IoHeavy              :                           0 
	   Memory (MB)          :      306     8192      8192 
	   TimeExecute (s)      :       26                    
	   TimeSlotBusy (s)     :       50                    
...
