000 (7950338.097.000) 2026-06-19 21:21:31 Job submitted from host: <128.105.68.112:9618?addrs=128.105.68.112-9618+[2607-f388-2200-100-eaeb-d3ff-fea3-4202]-9618&alias=ap2001.chtc.wisc.edu&noUDP&sock=schedd_4071840_2329>
...
040 (7950338.097.000) 2026-06-19 21:26:46 Started transferring input files
	Transferring to host: <128.105.68.125:9618?addrs=128.105.68.125-9618+[2607-f388-2200-100-ba3f-d2ff-fe19-86da]-9618&alias=txie-dsigpu4000.chtc.wisc.edu&noUDP&sock=slot3_13_2594836_73a7_83358>
...
040 (7950338.097.000) 2026-06-19 21:27:07 Finished transferring input files
...
001 (7950338.097.000) 2026-06-19 21:27:07 Job executing on host: <128.105.68.125:9618?addrs=128.105.68.125-9618+[2607-f388-2200-100-ba3f-d2ff-fe19-86da]-9618&alias=txie-dsigpu4000.chtc.wisc.edu&noUDP&sock=startd_3080359_a3a2>
	SlotName: slot3_13@txie-dsigpu4000.chtc.wisc.edu
	AvailableGPUs = {  }
	CondorScratchDir = "/var/lib/condor/execute/slot3/dir_1482203/scratch"
	Cpus = 4
	Disk = 4194304
	GPUs = 0
	IoHeavy = 0
	Memory = 8192
...
006 (7950338.097.000) 2026-06-19 21:27:16 Image size of job updated: 395712
	387  -  MemoryUsage of job (MB)
	395712  -  ResidentSetSize of job (KB)
...
006 (7950338.097.000) 2026-06-19 21:27:22 Image size of job updated: 433256
	387  -  MemoryUsage of job (MB)
	395736  -  ResidentSetSize of job (KB)
...
040 (7950338.097.000) 2026-06-19 21:27:22 Started transferring output files
...
040 (7950338.097.000) 2026-06-19 21:27:22 Finished transferring output files
...
005 (7950338.097.000) 2026-06-19 21:27:23 Job terminated.
	(1) Normal termination (return value 0)
		Usr 0 00:00:13, Sys 0 00:00:02  -  Run Remote Usage
		Usr 0 00:00:00, Sys 0 00:00:00  -  Run Local Usage
		Usr 0 00:00:13, Sys 0 00:00:02  -  Total Remote Usage
		Usr 0 00:00:00, Sys 0 00:00:00  -  Total Local Usage
	1598543  -  Run Bytes Sent By Job
	2781351916  -  Run Bytes Received By Job
	1598543  -  Total Bytes Sent By Job
	2781351916  -  Total Bytes Received By Job
	Partitionable Resources :    Usage  Request Allocated 
	   Cpus                 :                 4         4 
	   Disk (KB)            :  2717836  4194304   4194304 
	   GPUs                 :                           0 
	   IoHeavy              :                           0 
	   Memory (MB)          :      387     8192      8192 
	   TimeExecute (s)      :       15                    
	   TimeSlotBusy (s)     :       37                    
...
