000 (7907612.061.000) 2026-06-18 22:13:18 Job submitted from host: <128.105.68.112:9618?addrs=128.105.68.112-9618+[2607-f388-2200-100-eaeb-d3ff-fea3-4202]-9618&alias=ap2001.chtc.wisc.edu&noUDP&sock=schedd_4071840_2329>
...
040 (7907612.061.000) 2026-06-18 22:18:30 Started transferring input files
	Transferring to host: <128.105.69.138:9618?addrs=128.105.69.138-9618+[2607-f388-2200-100-1270-fdff-fe56-ca54]-9618&alias=e4015.chtc.wisc.edu&noUDP&sock=slot1_17_722751_3668_148449>
...
040 (7907612.061.000) 2026-06-18 22:18:55 Finished transferring input files
...
001 (7907612.061.000) 2026-06-18 22:18:55 Job executing on host: <128.105.69.138:9618?addrs=128.105.69.138-9618+[2607-f388-2200-100-1270-fdff-fe56-ca54]-9618&alias=e4015.chtc.wisc.edu&noUDP&sock=startd_14968_61a9>
	SlotName: slot1_17@e4015.chtc.wisc.edu
	CondorScratchDir = "/var/lib/condor/execute/slot1/dir_3794404/scratch"
	Cpus = 4
	Disk = 4194304
	GPUs = 0
	IoHeavy = 0
	Memory = 8192
...
006 (7907612.061.000) 2026-06-18 22:19:04 Image size of job updated: 222120
	217  -  MemoryUsage of job (MB)
	222120  -  ResidentSetSize of job (KB)
...
006 (7907612.061.000) 2026-06-18 22:19:30 Image size of job updated: 1508740
	217  -  MemoryUsage of job (MB)
	222120  -  ResidentSetSize of job (KB)
...
040 (7907612.061.000) 2026-06-18 22:19:30 Started transferring output files
...
040 (7907612.061.000) 2026-06-18 22:19:31 Finished transferring output files
...
005 (7907612.061.000) 2026-06-18 22:19:36 Job terminated.
	(1) Normal termination (return value 0)
		Usr 0 00:00:39, Sys 0 00:00:05  -  Run Remote Usage
		Usr 0 00:00:00, Sys 0 00:00:00  -  Run Local Usage
		Usr 0 00:00:39, Sys 0 00:00:05  -  Total Remote Usage
		Usr 0 00:00:00, Sys 0 00:00:00  -  Total Local Usage
	16117787  -  Run Bytes Sent By Job
	2781799025  -  Run Bytes Received By Job
	16117787  -  Total Bytes Sent By Job
	2781799025  -  Total Bytes Received By Job
	Partitionable Resources :      Usage  Request Allocated 
	   Cpus                 :       0.98        4         4 
	   Disk (KB)            : 2732612     4194304   4194304 
	   GPUs                 :                             0 
	   IoHeavy              :                             0 
	   Memory (MB)          :     217        8192      8192 
	   TimeExecute (s)      :      35                       
	   TimeSlotBusy (s)     :      61                       
...
