000 (7907612.085.000) 2026-06-18 22:13:18 Job submitted from host: <128.105.68.112:9618?addrs=128.105.68.112-9618+[2607-f388-2200-100-eaeb-d3ff-fea3-4202]-9618&alias=ap2001.chtc.wisc.edu&noUDP&sock=schedd_4071840_2329>
...
040 (7907612.085.000) 2026-06-18 22:18:30 Started transferring input files
	Transferring to host: <128.105.69.87:9618?addrs=128.105.69.87-9618+[2607-f388-2200-100-1618-77ff-fe34-e6f4]-9618&alias=gitter2000.chtc.wisc.edu&noUDP&sock=slot2_8_2726355_7c2b_82320>
...
040 (7907612.085.000) 2026-06-18 22:23:30 Finished transferring input files
...
001 (7907612.085.000) 2026-06-18 22:23:30 Job executing on host: <128.105.69.87:9618?addrs=128.105.69.87-9618+[2607-f388-2200-100-1618-77ff-fe34-e6f4]-9618&alias=gitter2000.chtc.wisc.edu&noUDP&sock=startd_9594_43b5>
	SlotName: slot2_8@gitter2000.chtc.wisc.edu
	CondorScratchDir = "/var/lib/condor/execute/slot2/dir_1888775/scratch"
	Cpus = 4
	Disk = 4194304
	GPUs = 0
	IoHeavy = 0
	Memory = 8192
...
006 (7907612.085.000) 2026-06-18 22:23:39 Image size of job updated: 279656
	274  -  MemoryUsage of job (MB)
	279656  -  ResidentSetSize of job (KB)
...
006 (7907612.085.000) 2026-06-18 22:23:58 Image size of job updated: 1439616
	274  -  MemoryUsage of job (MB)
	279688  -  ResidentSetSize of job (KB)
...
040 (7907612.085.000) 2026-06-18 22:23:58 Started transferring output files
...
040 (7907612.085.000) 2026-06-18 22:23:58 Finished transferring output files
...
005 (7907612.085.000) 2026-06-18 22:23:58 Job terminated.
	(1) Normal termination (return value 0)
		Usr 0 00:00:36, Sys 0 00:00:04  -  Run Remote Usage
		Usr 0 00:00:00, Sys 0 00:00:00  -  Run Local Usage
		Usr 0 00:00:36, Sys 0 00:00:04  -  Total Remote Usage
		Usr 0 00:00:00, Sys 0 00:00:00  -  Total Local Usage
	6616775  -  Run Bytes Sent By Job
	2781347174  -  Run Bytes Received By Job
	6616775  -  Total Bytes Sent By Job
	2781347174  -  Total Bytes Received By Job
	Partitionable Resources :      Usage  Request Allocated 
	   Cpus                 :       0.59        4         4 
	   Disk (KB)            : 2722742     4194304   4194304 
	   GPUs                 :                             0 
	   IoHeavy              :                             0 
	   Memory (MB)          :     274        8192      8192 
	   TimeExecute (s)      :      28                       
	   TimeSlotBusy (s)     :     328                       
...
