000 (7907612.049.000) 2026-06-18 22:13:18 Job submitted from host: <128.105.68.112:9618?addrs=128.105.68.112-9618+[2607-f388-2200-100-eaeb-d3ff-fea3-4202]-9618&alias=ap2001.chtc.wisc.edu&noUDP&sock=schedd_4071840_2329>
...
040 (7907612.049.000) 2026-06-18 22:18:29 Started transferring input files
	Transferring to host: <128.105.69.172:9618?addrs=128.105.69.172-9618+[2607-f388-2200-100-1270-fdff-fe56-7104]-9618&alias=e2555.chtc.wisc.edu&noUDP&sock=slot1_19_2711804_fd3c_144078>
...
040 (7907612.049.000) 2026-06-18 22:18:50 Finished transferring input files
...
001 (7907612.049.000) 2026-06-18 22:18:50 Job executing on host: <128.105.69.172:9618?addrs=128.105.69.172-9618+[2607-f388-2200-100-1270-fdff-fe56-7104]-9618&alias=e2555.chtc.wisc.edu&noUDP&sock=startd_15012_8fd4>
	SlotName: slot1_19@e2555.chtc.wisc.edu
	CondorScratchDir = "/var/lib/condor/execute/slot1/dir_2635428/scratch"
	Cpus = 4
	Disk = 4194304
	GPUs = 0
	IoHeavy = 0
	Memory = 8192
...
006 (7907612.049.000) 2026-06-18 22:18:59 Image size of job updated: 303420
	297  -  MemoryUsage of job (MB)
	303420  -  ResidentSetSize of job (KB)
...
006 (7907612.049.000) 2026-06-18 22:19:33 Image size of job updated: 1516208
	297  -  MemoryUsage of job (MB)
	303460  -  ResidentSetSize of job (KB)
...
040 (7907612.049.000) 2026-06-18 22:19:33 Started transferring output files
...
040 (7907612.049.000) 2026-06-18 22:19:33 Finished transferring output files
...
005 (7907612.049.000) 2026-06-18 22:19:33 Job terminated.
	(1) Normal termination (return value 0)
		Usr 0 00:00:50, Sys 0 00:00:07  -  Run Remote Usage
		Usr 0 00:00:00, Sys 0 00:00:00  -  Run Local Usage
		Usr 0 00:00:50, Sys 0 00:00:07  -  Total Remote Usage
		Usr 0 00:00:00, Sys 0 00:00:00  -  Total Local Usage
	22625287  -  Run Bytes Sent By Job
	2781797219  -  Run Bytes Received By Job
	22625287  -  Total Bytes Sent By Job
	2781797219  -  Total Bytes Received By Job
	Partitionable Resources :    Usage  Request Allocated 
	   Cpus                 :        0        4         4 
	   Disk (KB)            :  2738814  4194304   4194304 
	   GPUs                 :                           0 
	   IoHeavy              :                           0 
	   Memory (MB)          :      297     8192      8192 
	   TimeExecute (s)      :       43                    
	   TimeSlotBusy (s)     :       64                    
...
