000 (7950338.107.000) 2026-06-19 21:21:31 Job submitted from host: <128.105.68.112:9618?addrs=128.105.68.112-9618+[2607-f388-2200-100-eaeb-d3ff-fea3-4202]-9618&alias=ap2001.chtc.wisc.edu&noUDP&sock=schedd_4071840_2329>
...
040 (7950338.107.000) 2026-06-19 21:26:46 Started transferring input files
	Transferring to host: <128.105.69.224:9618?addrs=128.105.69.224-9618+[2607-f388-2200-100-eaeb-d3ff-fe40-1574]-9618&alias=e2607.chtc.wisc.edu&noUDP&sock=slot1_28_171250_dded_156135>
...
040 (7950338.107.000) 2026-06-19 21:27:11 Finished transferring input files
...
001 (7950338.107.000) 2026-06-19 21:27:11 Job executing on host: <128.105.69.224:9618?addrs=128.105.69.224-9618+[2607-f388-2200-100-eaeb-d3ff-fe40-1574]-9618&alias=e2607.chtc.wisc.edu&noUDP&sock=startd_14944_eb63>
	SlotName: slot1_28@e2607.chtc.wisc.edu
	CondorScratchDir = "/var/lib/condor/execute/slot1/dir_430168/scratch"
	Cpus = 4
	Disk = 4194304
	GPUs = 0
	IoHeavy = 0
	Memory = 8192
...
006 (7950338.107.000) 2026-06-19 21:27:20 Image size of job updated: 322112
	315  -  MemoryUsage of job (MB)
	322112  -  ResidentSetSize of job (KB)
...
006 (7950338.107.000) 2026-06-19 21:27:31 Image size of job updated: 1485512
	315  -  MemoryUsage of job (MB)
	322132  -  ResidentSetSize of job (KB)
...
040 (7950338.107.000) 2026-06-19 21:27:31 Started transferring output files
...
040 (7950338.107.000) 2026-06-19 21:27:31 Finished transferring output files
...
005 (7950338.107.000) 2026-06-19 21:27:32 Job terminated.
	(1) Normal termination (return value 0)
		Usr 0 00:00:23, Sys 0 00:00:05  -  Run Remote Usage
		Usr 0 00:00:00, Sys 0 00:00:00  -  Run Local Usage
		Usr 0 00:00:23, Sys 0 00:00:05  -  Total Remote Usage
		Usr 0 00:00:00, Sys 0 00:00:00  -  Total Local Usage
	6765967  -  Run Bytes Sent By Job
	2781377707  -  Run Bytes Received By Job
	6765967  -  Total Bytes Sent By Job
	2781377707  -  Total Bytes Received By Job
	Partitionable Resources :      Usage  Request Allocated 
	   Cpus                 :       1.03        4         4 
	   Disk (KB)            : 2722916     4194304   4194304 
	   GPUs                 :                             0 
	   IoHeavy              :                             0 
	   Memory (MB)          :     315        8192      8192 
	   TimeExecute (s)      :      20                       
	   TimeSlotBusy (s)     :      45                       
...
