000 (7907612.008.000) 2026-06-18 22:13:18 Job submitted from host: <128.105.68.112:9618?addrs=128.105.68.112-9618+[2607-f388-2200-100-eaeb-d3ff-fea3-4202]-9618&alias=ap2001.chtc.wisc.edu&noUDP&sock=schedd_4071840_2329>
...
040 (7907612.008.000) 2026-06-18 22:17:55 Started transferring input files
	Transferring to host: <128.105.68.51:9618?addrs=128.105.68.51-9618+[2607-f388-2200-100-3680-dff-fe2e-8738]-9618&alias=e2481.chtc.wisc.edu&noUDP&sock=slot1_34_2663503_90b0_127147>
...
040 (7907612.008.000) 2026-06-18 22:18:23 Finished transferring input files
...
001 (7907612.008.000) 2026-06-18 22:18:23 Job executing on host: <128.105.68.51:9618?addrs=128.105.68.51-9618+[2607-f388-2200-100-3680-dff-fe2e-8738]-9618&alias=e2481.chtc.wisc.edu&noUDP&sock=startd_12151_275f>
	SlotName: slot1_34@e2481.chtc.wisc.edu
	CondorScratchDir = "/var/lib/condor/execute/slot1/dir_144705/scratch"
	Cpus = 4
	Disk = 4194304
	GPUs = 0
	IoHeavy = 0
	Memory = 8192
...
006 (7907612.008.000) 2026-06-18 22:18:31 Image size of job updated: 257464
	252  -  MemoryUsage of job (MB)
	257464  -  ResidentSetSize of job (KB)
...
006 (7907612.008.000) 2026-06-18 22:18:45 Image size of job updated: 476056
	252  -  MemoryUsage of job (MB)
	257652  -  ResidentSetSize of job (KB)
...
040 (7907612.008.000) 2026-06-18 22:18:45 Started transferring output files
...
040 (7907612.008.000) 2026-06-18 22:18:45 Finished transferring output files
...
005 (7907612.008.000) 2026-06-18 22:18:46 Job terminated.
	(1) Normal termination (return value 0)
		Usr 0 00:00:21, Sys 0 00:00:06  -  Run Remote Usage
		Usr 0 00:00:00, Sys 0 00:00:00  -  Run Local Usage
		Usr 0 00:00:21, Sys 0 00:00:06  -  Total Remote Usage
		Usr 0 00:00:00, Sys 0 00:00:00  -  Total Local Usage
	2424552  -  Run Bytes Sent By Job
	2781363751  -  Run Bytes Received By Job
	2424552  -  Total Bytes Sent By Job
	2781363751  -  Total Bytes Received By Job
	Partitionable Resources :    Usage  Request Allocated 
	   Cpus                 :        0        4         4 
	   Disk (KB)            :  2718664  4194304   4194304 
	   GPUs                 :                           0 
	   IoHeavy              :                           0 
	   Memory (MB)          :      252     8192      8192 
	   TimeExecute (s)      :       22                    
	   TimeSlotBusy (s)     :       50                    
...
