000 (7907612.041.000) 2026-06-18 22:13:18 Job submitted from host: <128.105.68.112:9618?addrs=128.105.68.112-9618+[2607-f388-2200-100-eaeb-d3ff-fea3-4202]-9618&alias=ap2001.chtc.wisc.edu&noUDP&sock=schedd_4071840_2329>
...
040 (7907612.041.000) 2026-06-18 22:18:30 Started transferring input files
	Transferring to host: <128.105.69.103:9618?addrs=128.105.69.103-9618+[2607-f388-2200-100-1270-fdff-fe56-4614]-9618&alias=e4031.chtc.wisc.edu&noUDP&sock=slot1_26_1587972_adb7_141536>
...
040 (7907612.041.000) 2026-06-18 22:19:05 Finished transferring input files
...
001 (7907612.041.000) 2026-06-18 22:19:05 Job executing on host: <128.105.69.103:9618?addrs=128.105.69.103-9618+[2607-f388-2200-100-1270-fdff-fe56-4614]-9618&alias=e4031.chtc.wisc.edu&noUDP&sock=startd_14737_ef48>
	SlotName: slot1_26@e4031.chtc.wisc.edu
	CondorScratchDir = "/var/lib/condor/execute/slot1/dir_1465556/scratch"
	Cpus = 4
	Disk = 4194304
	GPUs = 0
	IoHeavy = 0
	Memory = 8192
...
006 (7907612.041.000) 2026-06-18 22:19:15 Image size of job updated: 185828
	182  -  MemoryUsage of job (MB)
	185828  -  ResidentSetSize of job (KB)
...
006 (7907612.041.000) 2026-06-18 22:19:52 Image size of job updated: 1408644
	182  -  MemoryUsage of job (MB)
	186024  -  ResidentSetSize of job (KB)
...
040 (7907612.041.000) 2026-06-18 22:19:52 Started transferring output files
...
040 (7907612.041.000) 2026-06-18 22:19:52 Finished transferring output files
...
005 (7907612.041.000) 2026-06-18 22:19:54 Job terminated.
	(1) Normal termination (return value 0)
		Usr 0 00:00:52, Sys 0 00:00:06  -  Run Remote Usage
		Usr 0 00:00:00, Sys 0 00:00:00  -  Run Local Usage
		Usr 0 00:00:52, Sys 0 00:00:06  -  Total Remote Usage
		Usr 0 00:00:00, Sys 0 00:00:00  -  Total Local Usage
	20130303  -  Run Bytes Sent By Job
	2781791685  -  Run Bytes Received By Job
	20130303  -  Total Bytes Sent By Job
	2781791685  -  Total Bytes Received By Job
	Partitionable Resources :    Usage  Request Allocated 
	   Cpus                 :        0        4         4 
	   Disk (KB)            :  2736524  4194304   4194304 
	   GPUs                 :                           0 
	   IoHeavy              :                           0 
	   Memory (MB)          :      182     8192      8192 
	   TimeExecute (s)      :       47                    
	   TimeSlotBusy (s)     :       83                    
...
