000 (7907612.052.000) 2026-06-18 22:13:18 Job submitted from host: <128.105.68.112:9618?addrs=128.105.68.112-9618+[2607-f388-2200-100-eaeb-d3ff-fea3-4202]-9618&alias=ap2001.chtc.wisc.edu&noUDP&sock=schedd_4071840_2329>
...
040 (7907612.052.000) 2026-06-18 22:18:29 Started transferring input files
	Transferring to host: <128.105.69.133:9618?addrs=128.105.69.133-9618+[2607-f388-2200-100-1270-fdff-fe56-70f4]-9618&alias=e4082.chtc.wisc.edu&noUDP&sock=slot1_30_2328145_842a_135001>
...
040 (7907612.052.000) 2026-06-18 22:18:55 Finished transferring input files
...
001 (7907612.052.000) 2026-06-18 22:18:55 Job executing on host: <128.105.69.133:9618?addrs=128.105.69.133-9618+[2607-f388-2200-100-1270-fdff-fe56-70f4]-9618&alias=e4082.chtc.wisc.edu&noUDP&sock=startd_10453_778f>
	SlotName: slot1_30@e4082.chtc.wisc.edu
	CondorScratchDir = "/var/lib/condor/execute/slot1/dir_747747/scratch"
	Cpus = 4
	Disk = 4194304
	GPUs = 0
	IoHeavy = 0
	Memory = 8192
...
006 (7907612.052.000) 2026-06-18 22:19:04 Image size of job updated: 290252
	284  -  MemoryUsage of job (MB)
	290252  -  ResidentSetSize of job (KB)
...
006 (7907612.052.000) 2026-06-18 22:19:17 Image size of job updated: 1169716
	284  -  MemoryUsage of job (MB)
	290252  -  ResidentSetSize of job (KB)
...
040 (7907612.052.000) 2026-06-18 22:19:17 Started transferring output files
...
040 (7907612.052.000) 2026-06-18 22:19:17 Finished transferring output files
...
005 (7907612.052.000) 2026-06-18 22:19:18 Job terminated.
	(1) Normal termination (return value 0)
		Usr 0 00:00:19, Sys 0 00:00:05  -  Run Remote Usage
		Usr 0 00:00:00, Sys 0 00:00:00  -  Run Local Usage
		Usr 0 00:00:19, Sys 0 00:00:05  -  Total Remote Usage
		Usr 0 00:00:00, Sys 0 00:00:00  -  Total Local Usage
	4502730  -  Run Bytes Sent By Job
	2781701659  -  Run Bytes Received By Job
	4502730  -  Total Bytes Sent By Job
	2781701659  -  Total Bytes Received By Job
	Partitionable Resources :    Usage  Request Allocated 
	   Cpus                 :        0        4         4 
	   Disk (KB)            :  2721152  4194304   4194304 
	   GPUs                 :                           0 
	   IoHeavy              :                           0 
	   Memory (MB)          :      284     8192      8192 
	   TimeExecute (s)      :       22                    
	   TimeSlotBusy (s)     :       48                    
...
