000 (7907612.078.000) 2026-06-18 22:13:18 Job submitted from host: <128.105.68.112:9618?addrs=128.105.68.112-9618+[2607-f388-2200-100-eaeb-d3ff-fea3-4202]-9618&alias=ap2001.chtc.wisc.edu&noUDP&sock=schedd_4071840_2329>
...
040 (7907612.078.000) 2026-06-18 22:18:31 Started transferring input files
	Transferring to host: <128.105.69.126:9618?addrs=128.105.69.126-9618+[2607-f388-2200-100-1270-fdff-fe56-ca5c]-9618&alias=e4075.chtc.wisc.edu&noUDP&sock=slot1_24_1288759_0d50_150108>
...
040 (7907612.078.000) 2026-06-18 22:18:54 Finished transferring input files
...
001 (7907612.078.000) 2026-06-18 22:18:55 Job executing on host: <128.105.69.126:9618?addrs=128.105.69.126-9618+[2607-f388-2200-100-1270-fdff-fe56-ca5c]-9618&alias=e4075.chtc.wisc.edu&noUDP&sock=startd_14685_445c>
	SlotName: slot1_24@e4075.chtc.wisc.edu
	CondorScratchDir = "/var/lib/condor/execute/slot1/dir_794563/scratch"
	Cpus = 4
	Disk = 4194304
	GPUs = 0
	IoHeavy = 0
	Memory = 8192
...
006 (7907612.078.000) 2026-06-18 22:19:03 Image size of job updated: 306496
	300  -  MemoryUsage of job (MB)
	306496  -  ResidentSetSize of job (KB)
...
006 (7907612.078.000) 2026-06-18 22:19:12 Image size of job updated: 1430516
	300  -  MemoryUsage of job (MB)
	306548  -  ResidentSetSize of job (KB)
...
040 (7907612.078.000) 2026-06-18 22:19:12 Started transferring output files
...
040 (7907612.078.000) 2026-06-18 22:19:12 Finished transferring output files
...
005 (7907612.078.000) 2026-06-18 22:19:13 Job terminated.
	(1) Normal termination (return value 1)
		Usr 0 00:00:18, Sys 0 00:00:05  -  Run Remote Usage
		Usr 0 00:00:00, Sys 0 00:00:00  -  Run Local Usage
		Usr 0 00:00:18, Sys 0 00:00:05  -  Total Remote Usage
		Usr 0 00:00:00, Sys 0 00:00:00  -  Total Local Usage
	13882  -  Run Bytes Sent By Job
	2781357544  -  Run Bytes Received By Job
	13882  -  Total Bytes Sent By Job
	2781357544  -  Total Bytes Received By Job
	Partitionable Resources :    Usage  Request Allocated 
	   Cpus                 :        0        4         4 
	   Disk (KB)            :  2716416  4194304   4194304 
	   GPUs                 :                           0 
	   IoHeavy              :                           0 
	   Memory (MB)          :      300     8192      8192 
	   TimeExecute (s)      :       17                    
	   TimeSlotBusy (s)     :       42                    
...
