000 (7907612.099.000) 2026-06-18 22:13:18 Job submitted from host: <128.105.68.112:9618?addrs=128.105.68.112-9618+[2607-f388-2200-100-eaeb-d3ff-fea3-4202]-9618&alias=ap2001.chtc.wisc.edu&noUDP&sock=schedd_4071840_2329>
...
040 (7907612.099.000) 2026-06-18 22:18:31 Started transferring input files
	Transferring to host: <128.105.69.142:9618?addrs=128.105.69.142-9618+[2607-f388-2200-100-1270-fdff-fe56-747c]-9618&alias=e4019.chtc.wisc.edu&noUDP&sock=slot1_30_118948_605e_160853>
...
040 (7907612.099.000) 2026-06-18 22:18:56 Finished transferring input files
...
001 (7907612.099.000) 2026-06-18 22:18:56 Job executing on host: <128.105.69.142:9618?addrs=128.105.69.142-9618+[2607-f388-2200-100-1270-fdff-fe56-747c]-9618&alias=e4019.chtc.wisc.edu&noUDP&sock=startd_14713_7902>
	SlotName: slot1_30@e4019.chtc.wisc.edu
	CondorScratchDir = "/var/lib/condor/execute/slot1/dir_1462984/scratch"
	Cpus = 4
	Disk = 4194304
	GPUs = 0
	IoHeavy = 0
	Memory = 8192
...
006 (7907612.099.000) 2026-06-18 22:19:04 Image size of job updated: 308368
	302  -  MemoryUsage of job (MB)
	308368  -  ResidentSetSize of job (KB)
...
006 (7907612.099.000) 2026-06-18 22:19:19 Image size of job updated: 1458640
	302  -  MemoryUsage of job (MB)
	308672  -  ResidentSetSize of job (KB)
...
040 (7907612.099.000) 2026-06-18 22:19:19 Started transferring output files
...
040 (7907612.099.000) 2026-06-18 22:19:19 Finished transferring output files
...
005 (7907612.099.000) 2026-06-18 22:19:20 Job terminated.
	(1) Normal termination (return value 0)
		Usr 0 00:00:30, Sys 0 00:00:05  -  Run Remote Usage
		Usr 0 00:00:00, Sys 0 00:00:00  -  Run Local Usage
		Usr 0 00:00:30, Sys 0 00:00:05  -  Total Remote Usage
		Usr 0 00:00:00, Sys 0 00:00:00  -  Total Local Usage
	8827431  -  Run Bytes Sent By Job
	2781363425  -  Run Bytes Received By Job
	8827431  -  Total Bytes Sent By Job
	2781363425  -  Total Bytes Received By Job
	Partitionable Resources :    Usage  Request Allocated 
	   Cpus                 :                 4         4 
	   Disk (KB)            :  2725084  4194304   4194304 
	   GPUs                 :                           0 
	   IoHeavy              :                           0 
	   Memory (MB)          :      302     8192      8192 
	   TimeExecute (s)      :       23                    
	   TimeSlotBusy (s)     :       48                    
...
