000 (7966096.004.000) 2026-06-19 23:15:17 Job submitted from host: <128.105.68.112:9618?addrs=128.105.68.112-9618+[2607-f388-2200-100-eaeb-d3ff-fea3-4202]-9618&alias=ap2001.chtc.wisc.edu&noUDP&sock=schedd_4071840_2329>
...
040 (7966096.004.000) 2026-06-19 23:17:42 Started transferring input files
	Transferring to host: <128.105.68.166:9618?addrs=128.105.68.166-9618+[2607-f388-2200-100-b62e-99ff-feb7-2e2d]-9618&alias=gpulab2001.chtc.wisc.edu&noUDP&sock=slot2_5_11113_dd1d_49228>
...
040 (7966096.004.000) 2026-06-19 23:18:06 Finished transferring input files
...
001 (7966096.004.000) 2026-06-19 23:18:06 Job executing on host: <128.105.68.166:9618?addrs=128.105.68.166-9618+[2607-f388-2200-100-b62e-99ff-feb7-2e2d]-9618&alias=gpulab2001.chtc.wisc.edu&noUDP&sock=startd_10083_ad84>
	SlotName: slot2_5@gpulab2001.chtc.wisc.edu
	AvailableGPUs = { GPUs_GPU_de7b89bb }
	CondorScratchDir = "/var/lib/condor/execute/slot2/dir_3088183/scratch"
	Cpus = 1
	Disk = 16777216
	GPUs = 1
	GPUs_GPU_de7b89bb = [ Id = "GPU-de7b89bb"; Capability = 7.5; DeviceName = "NVIDIA GeForce RTX 2080 Ti"; DeviceUuid = "de7b89bb-11e2-d8b1-1b92-c9ab2f9f87e3"; ECCEnabled = false; NvidiaDriver = "570.195.03"; DriverVersion = 12.8; DevicePciBusId = "0000:DA:00.0"; GlobalMemoryMb = 10823; MaxSupportedVersion = 12080 ]
	IoHeavy = 0
	Memory = 16384
...
006 (7966096.004.000) 2026-06-19 23:18:15 Image size of job updated: 292524
	286  -  MemoryUsage of job (MB)
	292524  -  ResidentSetSize of job (KB)
...
006 (7966096.004.000) 2026-06-19 23:23:15 Image size of job updated: 1753168
	1616  -  MemoryUsage of job (MB)
	1654696  -  ResidentSetSize of job (KB)
...
006 (7966096.004.000) 2026-06-19 23:28:15 Image size of job updated: 1958732
	1913  -  MemoryUsage of job (MB)
	1958588  -  ResidentSetSize of job (KB)
...
006 (7966096.004.000) 2026-06-19 23:58:19 Image size of job updated: 1968096
	1922  -  MemoryUsage of job (MB)
	1968096  -  ResidentSetSize of job (KB)
...
006 (7966096.004.000) 2026-06-20 00:03:19 Image size of job updated: 1968884
	1923  -  MemoryUsage of job (MB)
	1968884  -  ResidentSetSize of job (KB)
...
006 (7966096.004.000) 2026-06-20 00:23:21 Image size of job updated: 1969168
	1924  -  MemoryUsage of job (MB)
	1969168  -  ResidentSetSize of job (KB)
...
006 (7966096.004.000) 2026-06-20 00:53:24 Image size of job updated: 1976928
	1931  -  MemoryUsage of job (MB)
	1976928  -  ResidentSetSize of job (KB)
...
006 (7966096.004.000) 2026-06-20 01:18:27 Image size of job updated: 1984688
	1939  -  MemoryUsage of job (MB)
	1984688  -  ResidentSetSize of job (KB)
...
006 (7966096.004.000) 2026-06-20 01:48:31 Image size of job updated: 1988568
	1942  -  MemoryUsage of job (MB)
	1988568  -  ResidentSetSize of job (KB)
...
040 (7966096.004.000) 2026-06-20 02:25:09 Started transferring output files
...
040 (7966096.004.000) 2026-06-20 02:25:10 Finished transferring output files
...
005 (7966096.004.000) 2026-06-20 02:25:10 Job terminated.
	(1) Normal termination (return value 0)
		Usr 0 03:11:54, Sys 0 00:17:35  -  Run Remote Usage
		Usr 0 00:00:00, Sys 0 00:00:00  -  Run Local Usage
		Usr 0 03:11:54, Sys 0 00:17:35  -  Total Remote Usage
		Usr 0 00:00:00, Sys 0 00:00:00  -  Total Local Usage
	117064620  -  Run Bytes Sent By Job
	2782485187  -  Run Bytes Received By Job
	117064620  -  Total Bytes Sent By Job
	2782485187  -  Total Bytes Received By Job
	Partitionable Resources :      Usage  Request Allocated Assigned
	   Cpus                 :       0.99        1         1 
	   Disk (KB)            : 2833827    16777216  16777216 
	   GPUs                 :       0           1         1 "GPU-de7b89bb"
	   GpusMemory (MB)      :    3141                       
	   IoHeavy              :                             0 
	   Memory (MB)          :    1942       16384     16384 
	   TimeExecute (s)      :   11223                       
	   TimeSlotBusy (s)     :   11248                       
...
