=== openfe quickrun timing test ===
Host: dmorgan2000
Transformation: rbfe_OCNT-2310728_complex_OADMET-0006495_complex.json
Start: Fri Jun 19 22:11:02 CDT 2026
nvidia-smi not available
openfe: openfe, version 1.11.1
Python: Python 3.12.13
OpenMM version: 8.2
  Platform 0: Reference
  Platform 1: CPU
  Platform 2: CUDA
  Platform 3: OpenCL

Current directory: /var/lib/condor/execute/slot1/dir_935340/scratch/
Using existing working directory: quickrun_output/
Loading transformation from: rbfe_OCNT-2310728_complex_OADMET-0006495_complex.json
When simulation is complete, results will be written to: quickrun_output/result.json

If this simulation is interrupted or fails, you may attempt to resume execution using:
openfe quickrun rbfe_OCNT-2310728_complex_OADMET-0006495_complex.json -o quickrun_output/result.json -d quickrun_output --resume

openfe quickrun was run with --resume, but no cached results found at quickrun_output/quickrun_cache/dag-cache-ac946eafaf05e21f5cc5a8c02f989ed2.json. Starting new execution.
Planning simulations for this edge...

Starting the simulations for this edge...

Please cite the following:

        Friedrichs MS, Eastman P, Vaidyanathan V, Houston M, LeGrand S, Beberg AL, Ensign DL, Bruns CM, and Pande VS. Accelerating molecular dynamic simulations on graphics processing unit. J. Comput. Chem. 30:864, 2009. DOI: 10.1002/jcc.21209
        Eastman P and Pande VS. OpenMM: A hardware-independent framework for molecular simulations. Comput. Sci. Eng. 12:34, 2010. DOI: 10.1109/MCSE.2010.27
        Eastman P and Pande VS. Efficient nonbonded interactions for molecular dynamics on a graphics processing unit. J. Comput. Chem. 31:1268, 2010. DOI: 10.1002/jcc.21413
        Eastman P and Pande VS. Constant constraint matrix approximation: A robust, parallelizable constraint method for molecular simulations. J. Chem. Theor. Comput. 6:434, 2010. DOI: 10.1021/ct900463w
        Chodera JD and Shirts MR. Replica exchange and expanded ensemble simulations as Gibbs multistate: Simple improvements for enhanced mixing. J. Chem. Phys., 135:194110, 2011. DOI:10.1063/1.3660669
        
Done with all simulations! Analyzing the results....
Here is the result:
	dG = 130.47829906997723 kilocalorie_per_mole ± 0.0 kilocalorie_per_mole


	Duration: 3:19:29.192068


=== Timing Summary ===
Transformation: rbfe_OCNT-2310728_complex_OADMET-0006495_complex.json
Wall-clock time: 11974 seconds (199 min 34 sec)
Host: dmorgan2000
End: Sat Jun 20 01:30:36 CDT 2026
Wrote timing.txt
total 3148
drwxr-xr-x  6 agitter agitter    4096 Jun 20 01:30 .
drwx------ 12 agitter agitter    4096 Jun 19 22:11 ..
drwxr-xr-x  2 agitter agitter    4096 Jun 20 01:30 quickrun_cache
-rw-r--r--  1 agitter agitter 3198571 Jun 20 01:30 result.json
drwxr-xr-x  2 agitter agitter    4096 Jun 20 01:30 shared_HybridTopologyMultiStateAnalysisUnit-4c52d88040ff407aada81016d26e88d2_attempt_0
drwxr-xr-x  2 agitter agitter    4096 Jun 19 22:54 shared_HybridTopologyMultiStateSimulationUnit-a07ea3788a334a8c9aa968765d2305e2_attempt_0
drwxr-xr-x  2 agitter agitter    4096 Jun 19 22:11 shared_HybridTopologySetupUnit-00659ab15c8f4897bf97af04a551acb7_attempt_0
