000 (7957251.005.000) 2026-06-19 22:08:37 Job submitted from host: <128.105.68.112:9618?addrs=128.105.68.112-9618+[2607-f388-2200-100-eaeb-d3ff-fea3-4202]-9618&alias=ap2001.chtc.wisc.edu&noUDP&sock=schedd_4071840_2329>
...
040 (7957251.005.000) 2026-06-19 22:11:40 Started transferring input files
	Transferring to host: <128.105.68.166:9618?addrs=128.105.68.166-9618+[2607-f388-2200-100-b62e-99ff-feb7-2e2d]-9618&alias=gpulab2001.chtc.wisc.edu&noUDP&sock=slot2_1_11113_dd1d_49096>
...
040 (7957251.005.000) 2026-06-19 22:12:14 Finished transferring input files
...
001 (7957251.005.000) 2026-06-19 22:12:14 Job executing on host: <128.105.68.166:9618?addrs=128.105.68.166-9618+[2607-f388-2200-100-b62e-99ff-feb7-2e2d]-9618&alias=gpulab2001.chtc.wisc.edu&noUDP&sock=startd_10083_ad84>
	SlotName: slot2_1@gpulab2001.chtc.wisc.edu
	AvailableGPUs = { GPUs_GPU_cc91074a }
	CondorScratchDir = "/var/lib/condor/execute/slot2/dir_3052076/scratch"
	Cpus = 1
	Disk = 16777216
	GPUs = 1
	GPUs_GPU_cc91074a = [ Id = "GPU-cc91074a"; Capability = 7.5; DeviceName = "NVIDIA GeForce RTX 2080 Ti"; DeviceUuid = "cc91074a-1992-11a1-fc4e-7c84f58de8e0"; ECCEnabled = false; NvidiaDriver = "570.195.03"; DriverVersion = 12.8; DevicePciBusId = "0000:3D:00.0"; GlobalMemoryMb = 10823; MaxSupportedVersion = 12080 ]
	IoHeavy = 0
	Memory = 16384
...
006 (7957251.005.000) 2026-06-19 22:12:23 Image size of job updated: 319608
	313  -  MemoryUsage of job (MB)
	319608  -  ResidentSetSize of job (KB)
...
006 (7957251.005.000) 2026-06-19 22:17:24 Image size of job updated: 1814000
	1772  -  MemoryUsage of job (MB)
	1813528  -  ResidentSetSize of job (KB)
...
006 (7957251.005.000) 2026-06-19 22:22:24 Image size of job updated: 1814000
	1772  -  MemoryUsage of job (MB)
	1813744  -  ResidentSetSize of job (KB)
...
006 (7957251.005.000) 2026-06-19 22:52:27 Image size of job updated: 1829544
	1787  -  MemoryUsage of job (MB)
	1829544  -  ResidentSetSize of job (KB)
...
006 (7957251.005.000) 2026-06-19 22:57:28 Image size of job updated: 1829552
	1787  -  MemoryUsage of job (MB)
	1829544  -  ResidentSetSize of job (KB)
...
006 (7957251.005.000) 2026-06-19 23:22:30 Image size of job updated: 1829688
	1787  -  MemoryUsage of job (MB)
	1829688  -  ResidentSetSize of job (KB)
...
006 (7957251.005.000) 2026-06-19 23:37:31 Image size of job updated: 1829692
	1787  -  MemoryUsage of job (MB)
	1829692  -  ResidentSetSize of job (KB)
...
006 (7957251.005.000) 2026-06-19 23:57:33 Image size of job updated: 1833572
	1791  -  MemoryUsage of job (MB)
	1833572  -  ResidentSetSize of job (KB)
...
006 (7957251.005.000) 2026-06-20 00:07:34 Image size of job updated: 1833576
	1791  -  MemoryUsage of job (MB)
	1833576  -  ResidentSetSize of job (KB)
...
006 (7957251.005.000) 2026-06-20 00:17:35 Image size of job updated: 1833580
	1791  -  MemoryUsage of job (MB)
	1833580  -  ResidentSetSize of job (KB)
...
006 (7957251.005.000) 2026-06-20 00:32:36 Image size of job updated: 1845220
	1802  -  MemoryUsage of job (MB)
	1845220  -  ResidentSetSize of job (KB)
...
006 (7957251.005.000) 2026-06-20 01:07:40 Image size of job updated: 1852980
	1810  -  MemoryUsage of job (MB)
	1852980  -  ResidentSetSize of job (KB)
...
006 (7957251.005.000) 2026-06-20 01:17:41 Image size of job updated: 1854452
	1811  -  MemoryUsage of job (MB)
	1854452  -  ResidentSetSize of job (KB)
...
040 (7957251.005.000) 2026-06-20 01:45:56 Started transferring output files
...
040 (7957251.005.000) 2026-06-20 01:45:56 Finished transferring output files
...
005 (7957251.005.000) 2026-06-20 01:45:56 Job terminated.
	(1) Normal termination (return value 0)
		Usr 0 03:36:06, Sys 0 00:12:46  -  Run Remote Usage
		Usr 0 00:00:00, Sys 0 00:00:00  -  Run Local Usage
		Usr 0 03:36:06, Sys 0 00:12:46  -  Total Remote Usage
		Usr 0 00:00:00, Sys 0 00:00:00  -  Total Local Usage
	80241371  -  Run Bytes Sent By Job
	2782484811  -  Run Bytes Received By Job
	80241371  -  Total Bytes Sent By Job
	2782484811  -  Total Bytes Received By Job
	Partitionable Resources :      Usage  Request Allocated Assigned
	   Cpus                 :       0.99        1         1 
	   Disk (KB)            : 2797867    16777216  16777216 
	   GPUs                 :                   1         1 "GPU-cc91074a"
	   GpusMemory (MB)      :    3139                       
	   IoHeavy              :                             0 
	   Memory (MB)          :    1811       16384     16384 
	   TimeExecute (s)      :   12822                       
	   TimeSlotBusy (s)     :   12857                       
...
