=== openfe quickrun timing test ===
Host: gpu2011
Transformation: rbfe_OCNT-2310728_complex_OADMET-0006495_complex.json
Start: Fri Jun 19 23:20:55 CDT 2026
nvidia-smi not available
openfe: openfe, version 1.11.1
Python: Python 3.12.13
OpenMM version: 8.2
Available platforms: ['Reference', 'CPU', 'CUDA', 'OpenCL']
CUDA platform confirmed available.

Current directory: /var/lib/condor/execute/slot2/dir_919499/scratch/
Using existing working directory: quickrun_output/
Loading transformation from: rbfe_OCNT-2310728_complex_OADMET-0006495_complex.json
When simulation is complete, results will be written to: quickrun_output/result.json

If this simulation is interrupted or fails, you may attempt to resume execution using:
openfe quickrun rbfe_OCNT-2310728_complex_OADMET-0006495_complex.json -o quickrun_output/result.json -d quickrun_output --resume

openfe quickrun was run with --resume, but no cached results found at quickrun_output/quickrun_cache/dag-cache-937e23630d877815b98f752264580998.json. Starting new execution.
Planning simulations for this edge...

Starting the simulations for this edge...

Please cite the following:

        Friedrichs MS, Eastman P, Vaidyanathan V, Houston M, LeGrand S, Beberg AL, Ensign DL, Bruns CM, and Pande VS. Accelerating molecular dynamic simulations on graphics processing unit. J. Comput. Chem. 30:864, 2009. DOI: 10.1002/jcc.21209
        Eastman P and Pande VS. OpenMM: A hardware-independent framework for molecular simulations. Comput. Sci. Eng. 12:34, 2010. DOI: 10.1109/MCSE.2010.27
        Eastman P and Pande VS. Efficient nonbonded interactions for molecular dynamics on a graphics processing unit. J. Comput. Chem. 31:1268, 2010. DOI: 10.1002/jcc.21413
        Eastman P and Pande VS. Constant constraint matrix approximation: A robust, parallelizable constraint method for molecular simulations. J. Chem. Theor. Comput. 6:434, 2010. DOI: 10.1021/ct900463w
        Chodera JD and Shirts MR. Replica exchange and expanded ensemble simulations as Gibbs multistate: Simple improvements for enhanced mixing. J. Chem. Phys., 135:194110, 2011. DOI:10.1063/1.3660669
        
Done with all simulations! Analyzing the results....
Here is the result:
	dG = 137.324703173494 kilocalorie_per_mole ± 0.0 kilocalorie_per_mole


	Duration: 5:27:47.897403


=== Timing Summary ===
Transformation: rbfe_OCNT-2310728_complex_OADMET-0006495_complex.json
Wall-clock time: 19672 seconds (327 min 52 sec)
Host: gpu2011
End: Sat Jun 20 04:48:47 CDT 2026
Wrote timing.txt
total 3148
drwxr-xr-x  6 agitter agitter    4096 Jun 20 04:48 .
drwx------ 12 agitter agitter    4096 Jun 19 23:20 ..
drwxr-xr-x  2 agitter agitter    4096 Jun 20 04:48 quickrun_cache
-rw-r--r--  1 agitter agitter 3198201 Jun 20 04:48 result.json
drwxr-xr-x  2 agitter agitter    4096 Jun 20 04:48 shared_HybridTopologyMultiStateAnalysisUnit-edb80fcd048e40b9bbd56943aa2d4d85_attempt_0
drwxr-xr-x  2 agitter agitter    4096 Jun 20 00:29 shared_HybridTopologyMultiStateSimulationUnit-10388fb9fe8e47d3965f6dbf775feabc_attempt_0
drwxr-xr-x  2 agitter agitter    4096 Jun 19 23:21 shared_HybridTopologySetupUnit-292864090fa54ed4a818de458eb5c4f2_attempt_0
