000 (7957251.006.000) 2026-06-19 22:08:37 Job submitted from host: <128.105.68.112:9618?addrs=128.105.68.112-9618+[2607-f388-2200-100-eaeb-d3ff-fea3-4202]-9618&alias=ap2001.chtc.wisc.edu&noUDP&sock=schedd_4071840_2329>
...
040 (7957251.006.000) 2026-06-19 22:11:40 Started transferring input files
	Transferring to host: <128.105.76.52:9618?addrs=128.105.76.52-9618+[2607-f388-2200-100-b65c-b5ff-fe81-e53e]-9618&alias=dbrundage-chtcgpu5000.chtc.wisc.edu&noUDP&sock=backfill1_4_11313_c825_10356>
...
040 (7957251.006.000) 2026-06-19 22:11:58 Finished transferring input files
...
001 (7957251.006.000) 2026-06-19 22:11:58 Job executing on host: <128.105.76.52:9618?addrs=128.105.76.52-9618+[2607-f388-2200-100-b65c-b5ff-fe81-e53e]-9618&alias=dbrundage-chtcgpu5000.chtc.wisc.edu&noUDP&sock=startd_10956_7bb2>
	SlotName: backfill1_4@dbrundage-chtcgpu5000.chtc.wisc.edu
	AvailableGPUs = { GPUs_GPU_66f2ae81 }
	CondorScratchDir = "/var/lib/condor/execute/slot1/dir_3389937/scratch"
	Cpus = 1
	Disk = 16777216
	GPUs = 1
	GPUs_GPU_66f2ae81 = [ Id = "GPU-66f2ae81"; Capability = 9.0; DeviceName = "NVIDIA H200"; DeviceUuid = "66f2ae81-1879-0354-fa90-417e31e2883b"; ECCEnabled = true; NvidiaDriver = "590.48.01"; DriverVersion = 13.1; DevicePciBusId = "0000:19:00.0"; GlobalMemoryMb = 143158; MaxSupportedVersion = 13010 ]
	IoHeavy = 0
	Memory = 16384
...
006 (7957251.006.000) 2026-06-19 22:12:07 Image size of job updated: 502012
	491  -  MemoryUsage of job (MB)
	502012  -  ResidentSetSize of job (KB)
...
006 (7957251.006.000) 2026-06-19 22:17:08 Image size of job updated: 2187612
	2137  -  MemoryUsage of job (MB)
	2187612  -  ResidentSetSize of job (KB)
...
006 (7957251.006.000) 2026-06-19 22:19:54 Image size of job updated: 2325816
	2137  -  MemoryUsage of job (MB)
	2187612  -  ResidentSetSize of job (KB)
...
040 (7957251.006.000) 2026-06-19 22:19:54 Started transferring output files
...
040 (7957251.006.000) 2026-06-19 22:19:55 Finished transferring output files
...
005 (7957251.006.000) 2026-06-19 22:19:55 Job terminated.
	(1) Normal termination (return value 1)
		Usr 0 00:11:42, Sys 0 00:02:52  -  Run Remote Usage
		Usr 0 00:00:00, Sys 0 00:00:00  -  Run Local Usage
		Usr 0 00:11:42, Sys 0 00:02:52  -  Total Remote Usage
		Usr 0 00:00:00, Sys 0 00:00:00  -  Total Local Usage
	112639947  -  Run Bytes Sent By Job
	2782484811  -  Run Bytes Received By Job
	112639947  -  Total Bytes Sent By Job
	2782484811  -  Total Bytes Received By Job
	Partitionable Resources :      Usage  Request Allocated Assigned
	   Cpus                 :       0.99        1         1 
	   Disk (KB)            : 2829952    16777216  16777216 
	   GPUs                 :       0.15        1         1 "GPU-66f2ae81"
	   GpusMemory (MB)      :    7977                       
	   IoHeavy              :                             0 
	   Memory (MB)          :    2137       16384     16384 
	   TimeExecute (s)      :     476                       
	   TimeSlotBusy (s)     :     495                       
...
