000 (8017966.588.000) 2026-06-20 22:07:54 Job submitted from host: <128.105.68.112:9618?addrs=128.105.68.112-9618+[2607-f388-2200-100-eaeb-d3ff-fea3-4202]-9618&alias=ap2001.chtc.wisc.edu&noUDP&sock=schedd_4071840_2329>
...
040 (8017966.588.000) 2026-06-21 03:11:02 Started transferring input files
	Transferring to host: <128.105.69.60:9618?addrs=128.105.69.60-9618+[2607-f388-2200-100-527c-6fff-fe66-e7e2]-9618&alias=blengerichgpu4000.chtc.wisc.edu&noUDP&sock=backfill1_2_1843674_de95_95005>
...
040 (8017966.588.000) 2026-06-21 03:11:11 Finished transferring input files
...
001 (8017966.588.000) 2026-06-21 03:11:11 Job executing on host: <128.105.69.60:9618?addrs=128.105.69.60-9618+[2607-f388-2200-100-527c-6fff-fe66-e7e2]-9618&alias=blengerichgpu4000.chtc.wisc.edu&noUDP&sock=startd_11585_ecc4>
	SlotName: backfill1_2@blengerichgpu4000.chtc.wisc.edu
	AvailableGPUs = { GPUs_GPU_db5665ff }
	CondorScratchDir = "/var/lib/condor/execute/slot1/dir_3491008/scratch"
	Cpus = 1
	Disk = 16777216
	GPUs = 1
	GPUs_GPU_db5665ff = [ Id = "GPU-db5665ff"; Capability = 8.9; DeviceName = "NVIDIA L40S"; DeviceUuid = "db5665ff-35ac-5e51-55be-e8c110b7cb1f"; ECCEnabled = true; NvidiaDriver = "570.195.03"; DriverVersion = 12.8; DevicePciBusId = "0000:CF:00.0"; GlobalMemoryMb = 45468; MaxSupportedVersion = 12080 ]
	IoHeavy = 0
	Memory = 16384
...
006 (8017966.588.000) 2026-06-21 03:11:20 Image size of job updated: 439112
	429  -  MemoryUsage of job (MB)
	439112  -  ResidentSetSize of job (KB)
...
006 (8017966.588.000) 2026-06-21 03:16:21 Image size of job updated: 1913896
	1868  -  MemoryUsage of job (MB)
	1912604  -  ResidentSetSize of job (KB)
...
006 (8017966.588.000) 2026-06-21 03:21:21 Image size of job updated: 1913896
	1869  -  MemoryUsage of job (MB)
	1912852  -  ResidentSetSize of job (KB)
...
006 (8017966.588.000) 2026-06-21 03:26:22 Image size of job updated: 1913896
	1869  -  MemoryUsage of job (MB)
	1912860  -  ResidentSetSize of job (KB)
...
006 (8017966.588.000) 2026-06-21 03:31:23 Image size of job updated: 1913896
	1869  -  MemoryUsage of job (MB)
	1912892  -  ResidentSetSize of job (KB)
...
006 (8017966.588.000) 2026-06-21 03:41:24 Image size of job updated: 1926700
	1882  -  MemoryUsage of job (MB)
	1926700  -  ResidentSetSize of job (KB)
...
006 (8017966.588.000) 2026-06-21 03:46:24 Image size of job updated: 1926984
	1882  -  MemoryUsage of job (MB)
	1926984  -  ResidentSetSize of job (KB)
...
006 (8017966.588.000) 2026-06-21 03:51:24 Image size of job updated: 1926992
	1882  -  MemoryUsage of job (MB)
	1926992  -  ResidentSetSize of job (KB)
...
006 (8017966.588.000) 2026-06-21 04:06:26 Image size of job updated: 1927352
	1883  -  MemoryUsage of job (MB)
	1927352  -  ResidentSetSize of job (KB)
...
006 (8017966.588.000) 2026-06-21 04:11:27 Image size of job updated: 1927356
	1883  -  MemoryUsage of job (MB)
	1927356  -  ResidentSetSize of job (KB)
...
006 (8017966.588.000) 2026-06-21 04:26:28 Image size of job updated: 1927360
	1883  -  MemoryUsage of job (MB)
	1927360  -  ResidentSetSize of job (KB)
...
006 (8017966.588.000) 2026-06-21 04:31:28 Image size of job updated: 1928412
	1884  -  MemoryUsage of job (MB)
	1928412  -  ResidentSetSize of job (KB)
...
006 (8017966.588.000) 2026-06-21 04:36:29 Image size of job updated: 1929996
	1885  -  MemoryUsage of job (MB)
	1929996  -  ResidentSetSize of job (KB)
...
006 (8017966.588.000) 2026-06-21 04:41:29 Image size of job updated: 1931372
	1887  -  MemoryUsage of job (MB)
	1931372  -  ResidentSetSize of job (KB)
...
006 (8017966.588.000) 2026-06-21 04:46:30 Image size of job updated: 1931376
	1887  -  MemoryUsage of job (MB)
	1931376  -  ResidentSetSize of job (KB)
...
040 (8017966.588.000) 2026-06-21 05:43:19 Started transferring output files
...
040 (8017966.588.000) 2026-06-21 05:43:19 Finished transferring output files
...
005 (8017966.588.000) 2026-06-21 05:43:19 Job terminated.
	(1) Normal termination (return value 0)
		Usr 0 02:33:58, Sys 0 00:26:49  -  Run Remote Usage
		Usr 0 00:00:00, Sys 0 00:00:00  -  Run Local Usage
		Usr 0 02:33:58, Sys 0 00:26:49  -  Total Remote Usage
		Usr 0 00:00:00, Sys 0 00:00:00  -  Total Local Usage
	11188960  -  Run Bytes Sent By Job
	2782530544  -  Run Bytes Received By Job
	11188960  -  Total Bytes Sent By Job
	2782530544  -  Total Bytes Received By Job
	Partitionable Resources :      Usage  Request Allocated Assigned
	   Cpus                 :       1.00        1         1 
	   Disk (KB)            : 2802101    16777216  16777216 
	   GPUs                 :       0.89        1         1 "GPU-db5665ff"
	   GpusMemory (MB)      :    7441                       
	   IoHeavy              :                             0 
	   Memory (MB)          :    1887       16384     16384 
	   TimeExecute (s)      :    9128                       
	   TimeSlotBusy (s)     :    9137                       
...
