000 (8180963.223.000) 2026-06-24 12:19:47 Job submitted from host: <128.105.68.112:9618?addrs=128.105.68.112-9618+[2607-f388-2200-100-eaeb-d3ff-fea3-4202]-9618&alias=ap2001.chtc.wisc.edu&noUDP&sock=schedd_4071840_2329>
...
040 (8180963.223.000) 2026-06-24 17:59:01 Started transferring input files
	Transferring to host: <128.105.76.49:9618?addrs=128.105.76.49-9618+[2607-f388-2200-100-925a-8ff-fe34-145a]-9618&alias=dbrundagegpu5000.chtc.wisc.edu&noUDP&sock=backfill1_3_11993_e741_6274>
...
040 (8180963.223.000) 2026-06-24 17:59:17 Finished transferring input files
...
001 (8180963.223.000) 2026-06-24 17:59:17 Job executing on host: <128.105.76.49:9618?addrs=128.105.76.49-9618+[2607-f388-2200-100-925a-8ff-fe34-145a]-9618&alias=dbrundagegpu5000.chtc.wisc.edu&noUDP&sock=startd_11574_613a>
	SlotName: backfill1_3@dbrundagegpu5000.chtc.wisc.edu
	AvailableGPUs = { GPUs_GPU_e062abb6 }
	CondorScratchDir = "/var/lib/condor/execute/slot1/dir_772873/scratch"
	Cpus = 1
	Disk = 16777216
	GPUs = 1
	GPUs_GPU_e062abb6 = [ Id = "GPU-e062abb6"; Capability = 8.9; DeviceName = "NVIDIA L40S"; DeviceUuid = "e062abb6-9813-3918-5dd4-f7c27795887c"; ECCEnabled = true; NvidiaDriver = "590.48.01"; DriverVersion = 13.1; DevicePciBusId = "0000:A1:00.0"; GlobalMemoryMb = 45460; MaxSupportedVersion = 13010 ]
	IoHeavy = 0
	Memory = 16384
...
006 (8180963.223.000) 2026-06-24 17:59:26 Image size of job updated: 515448
	504  -  MemoryUsage of job (MB)
	515448  -  ResidentSetSize of job (KB)
...
006 (8180963.223.000) 2026-06-24 18:04:27 Image size of job updated: 2250744
	2080  -  MemoryUsage of job (MB)
	2129796  -  ResidentSetSize of job (KB)
...
006 (8180963.223.000) 2026-06-24 18:05:31 Image size of job updated: 2316992
	2080  -  MemoryUsage of job (MB)
	2129796  -  ResidentSetSize of job (KB)
...
040 (8180963.223.000) 2026-06-24 18:05:31 Started transferring output files
...
040 (8180963.223.000) 2026-06-24 18:05:31 Finished transferring output files
...
004 (8180963.223.000) 2026-06-24 18:05:32 Job was evicted.
	(0) Job terminated and was requeued
		Usr 0 00:08:08, Sys 0 00:02:22  -  Run Remote Usage
		Usr 0 00:00:00, Sys 0 00:00:00  -  Run Local Usage
	68470  -  Run Bytes Sent By Job
	2782507789  -  Run Bytes Received By Job
	(1) Normal termination (return value 1)
	The job attribute OnExitRemove expression 'NumJobCompletions > JobMaxRetries || ExitCode =?= 0' evaluated to FALSE
...
040 (8180963.223.000) 2026-06-24 18:10:10 Started transferring input files
	Transferring to host: <128.105.69.34:9618?addrs=128.105.69.34-9618+[2607-f388-2200-100-527c-6fff-fe66-ea4a]-9618&alias=mkhodakgpu4000.chtc.wisc.edu&noUDP&sock=backfill1_1_2685916_8d1f_104712>
...
040 (8180963.223.000) 2026-06-24 18:10:26 Finished transferring input files
...
001 (8180963.223.000) 2026-06-24 18:10:26 Job executing on host: <128.105.69.34:9618?addrs=128.105.69.34-9618+[2607-f388-2200-100-527c-6fff-fe66-ea4a]-9618&alias=mkhodakgpu4000.chtc.wisc.edu&noUDP&sock=startd_11796_a740>
	SlotName: backfill1_1@mkhodakgpu4000.chtc.wisc.edu
	AvailableGPUs = { GPUs_GPU_c7d03fd0 }
	CondorScratchDir = "/var/lib/condor/execute/slot1/dir_4074325/scratch"
	Cpus = 1
	Disk = 16777216
	GPUs = 1
	GPUs_GPU_c7d03fd0 = [ Id = "GPU-c7d03fd0"; Capability = 8.9; DeviceName = "NVIDIA L40S"; DeviceUuid = "c7d03fd0-754e-9df9-8e35-2c63a7b5df74"; ECCEnabled = true; NvidiaDriver = "570.195.03"; DriverVersion = 12.8; DevicePciBusId = "0000:E1:00.0"; GlobalMemoryMb = 45468; MaxSupportedVersion = 12080 ]
	IoHeavy = 0
	Memory = 16384
...
040 (8180963.223.000) 2026-06-24 20:27:50 Started transferring output files
...
040 (8180963.223.000) 2026-06-24 20:27:51 Finished transferring output files
...
005 (8180963.223.000) 2026-06-24 20:27:51 Job terminated.
	(1) Normal termination (return value 0)
		Usr 0 02:19:08, Sys 0 00:26:55  -  Run Remote Usage
		Usr 0 00:00:00, Sys 0 00:00:00  -  Run Local Usage
		Usr 0 02:27:16, Sys 0 00:29:17  -  Total Remote Usage
		Usr 0 00:00:00, Sys 0 00:00:00  -  Total Local Usage
	4645984  -  Run Bytes Sent By Job
	2782507789  -  Run Bytes Received By Job
	4714454  -  Total Bytes Sent By Job
	5565015578  -  Total Bytes Received By Job
	Partitionable Resources :      Usage  Request Allocated Assigned
	   Cpus                 :       1.22        1         1 
	   Disk (KB)            : 2797824    16777216  16777216 
	   GPUs                 :       0.89        1         1 "GPU-c7d03fd0"
	   GpusMemory (MB)      :    7302                       
	   IoHeavy              :                             0 
	   Memory (MB)          :    2198       16384     16384 
	   TimeExecute (s)      :    8244                       
	   TimeSlotBusy (s)     :    8261                       
...
