000 (8017966.377.000) 2026-06-20 22:07:54 Job submitted from host: <128.105.68.112:9618?addrs=128.105.68.112-9618+[2607-f388-2200-100-eaeb-d3ff-fea3-4202]-9618&alias=ap2001.chtc.wisc.edu&noUDP&sock=schedd_4071840_2329>
...
040 (8017966.377.000) 2026-06-21 01:44:15 Started transferring input files
	Transferring to host: <10.1.1.137:42933?CCBID=128.105.82.148:9618%3faddrs%3d128.105.82.148-9618+[2607-f388-2200-9d-7ccb-bc08-2489-768a]-9618%26alias%3dospool-ccb.osg.chtc.io%26noUDP%26sock%3dcollector5#4294655%2067.58.49.91:9618%3faddrs%3d67.58.49.91-9618+[fdf0-17b3-c3ec-1f79-10-0-e-b69d]-9618%26alias%3dccb-2.ospool.osg-htc.org%26noUDP%26sock%3dcollector3#4288991&PrivNet=gpu07&addrs=10.1.1.137-42933&alias=gpu07&noUDP>
...
040 (8017966.377.000) 2026-06-21 01:55:22 Finished transferring input files
...
021 (8017966.377.000) 2026-06-21 01:55:22 Message from starter on slot1_3@glidein_795025_64906636@gpu07:
	PREPARE_JOB (prepare-hook) succeeded (reported status 000): Using Singularity image openfe_1.11.1.sif
...
001 (8017966.377.000) 2026-06-21 01:55:22 Job executing on host: <10.1.1.137:42311?CCBID=128.105.82.148:9618%3faddrs%3d128.105.82.148-9618+[2607-f388-2200-9d-7ccb-bc08-2489-768a]-9618%26alias%3dospool-ccb.osg.chtc.io%26noUDP%26sock%3dcollector9#4101337%2067.58.49.91:9618%3faddrs%3d67.58.49.91-9618+[fdf0-17b3-c3ec-1f79-10-0-e-b69d]-9618%26alias%3dccb-2.ospool.osg-htc.org%26noUDP%26sock%3dcollector7#4091584&PrivNet=gpu07&addrs=10.1.1.137-42311&alias=gpu07&noUDP>
	SlotName: slot1_3@glidein_795025_64906636@gpu07
	AvailableGPUs = { GPUs_GPU_3262ed8b }
	CondorScratchDir = "/tmp/glide_dYrt5m/execute/dir_2047627/scratch"
	Cpus = 1
	Disk = 16777216
	GPUs = 1
	GPUs_GPU_3262ed8b = [ Id = "GPU-3262ed8b"; ClockMhz = 1695.0; Capability = 8.6; CoresPerCU = 128; DeviceName = "NVIDIA RTX A5000"; DeviceUuid = "3262ed8b-c3db-1c4b-8cf0-063e10168f88"; ECCEnabled = false; ComputeUnits = 64; NvidiaDriver = "595.71.05"; DriverVersion = 13.2; DevicePciBusId = "0000:81:00.0"; GlobalMemoryMb = 24361; MaxSupportedVersion = 13020 ]
	Memory = 16384
...
006 (8017966.377.000) 2026-06-21 01:55:31 Image size of job updated: 4
	6  -  MemoryUsage of job (MB)
	5360  -  ResidentSetSize of job (KB)
...
006 (8017966.377.000) 2026-06-21 02:00:31 Image size of job updated: 28125152
	2316  -  MemoryUsage of job (MB)
	2370920  -  ResidentSetSize of job (KB)
...
006 (8017966.377.000) 2026-06-21 02:05:32 Image size of job updated: 28127772
	2319  -  MemoryUsage of job (MB)
	2374452  -  ResidentSetSize of job (KB)
...
006 (8017966.377.000) 2026-06-21 02:10:32 Image size of job updated: 28131016
	2323  -  MemoryUsage of job (MB)
	2378036  -  ResidentSetSize of job (KB)
...
006 (8017966.377.000) 2026-06-21 02:15:33 Image size of job updated: 28135792
	2328  -  MemoryUsage of job (MB)
	2382960  -  ResidentSetSize of job (KB)
...
006 (8017966.377.000) 2026-06-21 02:20:33 Image size of job updated: 28141492
	2333  -  MemoryUsage of job (MB)
	2388592  -  ResidentSetSize of job (KB)
...
006 (8017966.377.000) 2026-06-21 02:25:34 Image size of job updated: 28148092
	2340  -  MemoryUsage of job (MB)
	2395760  -  ResidentSetSize of job (KB)
...
006 (8017966.377.000) 2026-06-21 02:30:34 Image size of job updated: 28152756
	2344  -  MemoryUsage of job (MB)
	2399856  -  ResidentSetSize of job (KB)
...
006 (8017966.377.000) 2026-06-21 02:35:35 Image size of job updated: 28159408
	2351  -  MemoryUsage of job (MB)
	2406512  -  ResidentSetSize of job (KB)
...
006 (8017966.377.000) 2026-06-21 02:40:35 Image size of job updated: 28162432
	2351  -  MemoryUsage of job (MB)
	2406512  -  ResidentSetSize of job (KB)
...
040 (8017966.377.000) 2026-06-21 02:45:21 Started transferring output files
...
040 (8017966.377.000) 2026-06-21 02:45:22 Finished transferring output files
...
005 (8017966.377.000) 2026-06-21 02:45:23 Job terminated.
	(1) Normal termination (return value 0)
		Usr 0 00:48:56, Sys 0 00:06:19  -  Run Remote Usage
		Usr 0 00:00:00, Sys 0 00:00:00  -  Run Local Usage
		Usr 0 00:48:56, Sys 0 00:06:19  -  Total Remote Usage
		Usr 0 00:00:00, Sys 0 00:00:00  -  Total Local Usage
	1234639  -  Run Bytes Sent By Job
	2467244291  -  Run Bytes Received By Job
	1234639  -  Total Bytes Sent By Job
	2467244291  -  Total Bytes Received By Job
	Partitionable Resources :      Usage  Request Allocated Assigned
	   Cpus                 :       0.99        1         1 
	   Disk (KB)            : 2728057    16777216  16777216 
	   GPUs                 :       0.66        1         1 "GPU-3262ed8b"
	   GpusMemory (MB)      :    3235                       
	   Memory (MB)          :    2351       16384     16384 
	   TimeExecute (s)      :    2999                       
	   TimeSlotBusy (s)     :    3668                       
...
