000 (8017966.303.000) 2026-06-20 22:07:54 Job submitted from host: <128.105.68.112:9618?addrs=128.105.68.112-9618+[2607-f388-2200-100-eaeb-d3ff-fea3-4202]-9618&alias=ap2001.chtc.wisc.edu&noUDP&sock=schedd_4071840_2329>
...
040 (8017966.303.000) 2026-06-21 01:07:52 Started transferring input files
	Transferring to host: <128.105.69.60:9618?addrs=128.105.69.60-9618+[2607-f388-2200-100-527c-6fff-fe66-e7e2]-9618&alias=blengerichgpu4000.chtc.wisc.edu&noUDP&sock=backfill1_1_1843674_de95_94758>
...
040 (8017966.303.000) 2026-06-21 01:08:03 Finished transferring input files
...
001 (8017966.303.000) 2026-06-21 01:08:03 Job executing on host: <128.105.69.60:9618?addrs=128.105.69.60-9618+[2607-f388-2200-100-527c-6fff-fe66-e7e2]-9618&alias=blengerichgpu4000.chtc.wisc.edu&noUDP&sock=startd_11585_ecc4>
	SlotName: backfill1_1@blengerichgpu4000.chtc.wisc.edu
	AvailableGPUs = { GPUs_GPU_38082b59 }
	CondorScratchDir = "/var/lib/condor/execute/slot1/dir_3312430/scratch"
	Cpus = 1
	Disk = 16777216
	GPUs = 1
	GPUs_GPU_38082b59 = [ Id = "GPU-38082b59"; Capability = 8.9; DeviceName = "NVIDIA L40S"; DeviceUuid = "38082b59-1834-f198-2686-31feb9eecc5b"; ECCEnabled = true; NvidiaDriver = "570.195.03"; DriverVersion = 12.8; DevicePciBusId = "0000:E1:00.0"; GlobalMemoryMb = 45468; MaxSupportedVersion = 12080 ]
	IoHeavy = 0
	Memory = 16384
...
006 (8017966.303.000) 2026-06-21 01:08:11 Image size of job updated: 385008
	376  -  MemoryUsage of job (MB)
	385008  -  ResidentSetSize of job (KB)
...
006 (8017966.303.000) 2026-06-21 01:13:11 Image size of job updated: 971056
	947  -  MemoryUsage of job (MB)
	969176  -  ResidentSetSize of job (KB)
...
006 (8017966.303.000) 2026-06-21 01:18:12 Image size of job updated: 971108
	949  -  MemoryUsage of job (MB)
	971108  -  ResidentSetSize of job (KB)
...
006 (8017966.303.000) 2026-06-21 01:23:12 Image size of job updated: 976828
	954  -  MemoryUsage of job (MB)
	976828  -  ResidentSetSize of job (KB)
...
006 (8017966.303.000) 2026-06-21 01:28:13 Image size of job updated: 983492
	961  -  MemoryUsage of job (MB)
	983492  -  ResidentSetSize of job (KB)
...
006 (8017966.303.000) 2026-06-21 01:33:14 Image size of job updated: 988124
	965  -  MemoryUsage of job (MB)
	988124  -  ResidentSetSize of job (KB)
...
006 (8017966.303.000) 2026-06-21 01:38:14 Image size of job updated: 996572
	974  -  MemoryUsage of job (MB)
	996572  -  ResidentSetSize of job (KB)
...
006 (8017966.303.000) 2026-06-21 01:43:15 Image size of job updated: 1003060
	980  -  MemoryUsage of job (MB)
	1003060  -  ResidentSetSize of job (KB)
...
040 (8017966.303.000) 2026-06-21 01:47:37 Started transferring output files
...
040 (8017966.303.000) 2026-06-21 01:47:37 Finished transferring output files
...
005 (8017966.303.000) 2026-06-21 01:47:37 Job terminated.
	(1) Normal termination (return value 0)
		Usr 0 00:40:02, Sys 0 00:21:45  -  Run Remote Usage
		Usr 0 00:00:00, Sys 0 00:00:00  -  Run Local Usage
		Usr 0 00:40:02, Sys 0 00:21:45  -  Total Remote Usage
		Usr 0 00:00:00, Sys 0 00:00:00  -  Total Local Usage
	3137051  -  Run Bytes Sent By Job
	2781780978  -  Run Bytes Received By Job
	3137051  -  Total Bytes Sent By Job
	2781780978  -  Total Bytes Received By Job
	Partitionable Resources :      Usage  Request Allocated Assigned
	   Cpus                 :       1.55        1         1 
	   Disk (KB)            : 2728805    16777216  16777216 
	   GPUs                 :       0.87        1         1 "GPU-38082b59"
	   GpusMemory (MB)      :    6784                       
	   IoHeavy              :                             0 
	   Memory (MB)          :     980       16384     16384 
	   TimeExecute (s)      :    2374                       
	   TimeSlotBusy (s)     :    2385                       
...
