000 (8017966.196.000) 2026-06-20 22:07:54 Job submitted from host: <128.105.68.112:9618?addrs=128.105.68.112-9618+[2607-f388-2200-100-eaeb-d3ff-fea3-4202]-9618&alias=ap2001.chtc.wisc.edu&noUDP&sock=schedd_4071840_2329>
...
040 (8017966.196.000) 2026-06-21 00:08:39 Started transferring input files
	Transferring to host: <10.226.104.221:41973?CCBID=128.105.82.148:9618%3faddrs%3d128.105.82.148-9618+[2607-f388-2200-9d-7ccb-bc08-2489-768a]-9618%26alias%3dospool-ccb.osg.chtc.io%26noUDP%26sock%3dcollector4#4292560%2067.58.49.91:9618%3faddrs%3d67.58.49.91-9618+[fdf0-17b3-c3ec-1f79-10-0-e-b69d]-9618%26alias%3dccb-2.ospool.osg-htc.org%26noUDP%26sock%3dcollector6#4286597&PrivNet=gpu021.rci.montana.edu&addrs=10.226.104.221-41973&alias=gpu021.rci.montana.edu&noUDP>
...
040 (8017966.196.000) 2026-06-21 00:09:40 Finished transferring input files
...
021 (8017966.196.000) 2026-06-21 00:09:40 Message from starter on slot1_1@glidein_113133_165834375@gpu021.rci.montana.edu:
	PREPARE_JOB (prepare-hook) succeeded (reported status 000): Using Singularity image openfe_1.11.1.sif
...
001 (8017966.196.000) 2026-06-21 00:09:40 Job executing on host: <10.226.104.221:43015?CCBID=128.105.82.148:9618%3faddrs%3d128.105.82.148-9618+[2607-f388-2200-9d-7ccb-bc08-2489-768a]-9618%26alias%3dospool-ccb.osg.chtc.io%26noUDP%26sock%3dcollector2#4260760%2067.58.49.91:9618%3faddrs%3d67.58.49.91-9618+[fdf0-17b3-c3ec-1f79-10-0-e-b69d]-9618%26alias%3dccb-2.ospool.osg-htc.org%26noUDP%26sock%3dcollector6#4256358&PrivNet=gpu021.rci.montana.edu&addrs=10.226.104.221-43015&alias=gpu021.rci.montana.edu&noUDP>
	SlotName: slot1_1@glidein_113133_165834375@gpu021.rci.montana.edu
	AvailableGPUs = { GPUs_GPU_224d9478 }
	CondorScratchDir = "/tmp/jobs/4093169/glide_s0nneB/execute/dir_894506/scratch"
	Cpus = 1
	Disk = 16777216
	GPUs = 1
	GPUs_GPU_224d9478 = [ Id = "GPU-224d9478"; ClockMhz = 1980.0; Capability = 9.0; CoresPerCU = 128; DeviceName = "NVIDIA H100 80GB HBM3"; DeviceUuid = "224d9478-4171-f0e4-75e2-9d0f53ea136e"; ECCEnabled = true; ComputeUnits = 132; NvidiaDriver = "595.71.05"; DriverVersion = 13.2; DevicePciBusId = "0000:DB:00.0"; GlobalMemoryMb = 81081; MaxSupportedVersion = 13020 ]
	Memory = 16384
...
006 (8017966.196.000) 2026-06-21 00:09:49 Image size of job updated: 4227740
	129  -  MemoryUsage of job (MB)
	131672  -  ResidentSetSize of job (KB)
...
006 (8017966.196.000) 2026-06-21 00:14:49 Image size of job updated: 63820940
	3650  -  MemoryUsage of job (MB)
	3737344  -  ResidentSetSize of job (KB)
...
006 (8017966.196.000) 2026-06-21 00:19:49 Image size of job updated: 63919244
	3650  -  MemoryUsage of job (MB)
	3737344  -  ResidentSetSize of job (KB)
...
006 (8017966.196.000) 2026-06-21 00:44:52 Image size of job updated: 63927912
	3659  -  MemoryUsage of job (MB)
	3746008  -  ResidentSetSize of job (KB)
...
006 (8017966.196.000) 2026-06-21 00:49:53 Image size of job updated: 63927912
	3659  -  MemoryUsage of job (MB)
	3746024  -  ResidentSetSize of job (KB)
...
006 (8017966.196.000) 2026-06-21 00:54:53 Image size of job updated: 63927912
	3662  -  MemoryUsage of job (MB)
	3749408  -  ResidentSetSize of job (KB)
...
006 (8017966.196.000) 2026-06-21 00:59:53 Image size of job updated: 63927912
	3662  -  MemoryUsage of job (MB)
	3749432  -  ResidentSetSize of job (KB)
...
006 (8017966.196.000) 2026-06-21 01:04:54 Image size of job updated: 63927912
	3662  -  MemoryUsage of job (MB)
	3749436  -  ResidentSetSize of job (KB)
...
006 (8017966.196.000) 2026-06-21 01:14:55 Image size of job updated: 63927912
	3664  -  MemoryUsage of job (MB)
	3751500  -  ResidentSetSize of job (KB)
...
006 (8017966.196.000) 2026-06-21 01:19:55 Image size of job updated: 63927912
	3664  -  MemoryUsage of job (MB)
	3751508  -  ResidentSetSize of job (KB)
...
006 (8017966.196.000) 2026-06-21 01:24:56 Image size of job updated: 63927912
	3664  -  MemoryUsage of job (MB)
	3751900  -  ResidentSetSize of job (KB)
...
006 (8017966.196.000) 2026-06-21 01:39:57 Image size of job updated: 63927912
	3665  -  MemoryUsage of job (MB)
	3752376  -  ResidentSetSize of job (KB)
...
006 (8017966.196.000) 2026-06-21 01:44:58 Image size of job updated: 63927912
	3665  -  MemoryUsage of job (MB)
	3752904  -  ResidentSetSize of job (KB)
...
006 (8017966.196.000) 2026-06-21 01:54:59 Image size of job updated: 63927912
	3667  -  MemoryUsage of job (MB)
	3754076  -  ResidentSetSize of job (KB)
...
006 (8017966.196.000) 2026-06-21 01:59:59 Image size of job updated: 63927912
	3667  -  MemoryUsage of job (MB)
	3754604  -  ResidentSetSize of job (KB)
...
006 (8017966.196.000) 2026-06-21 02:05:00 Image size of job updated: 63927912
	3667  -  MemoryUsage of job (MB)
	3754820  -  ResidentSetSize of job (KB)
...
006 (8017966.196.000) 2026-06-21 02:15:02 Image size of job updated: 63927912
	3668  -  MemoryUsage of job (MB)
	3755992  -  ResidentSetSize of job (KB)
...
006 (8017966.196.000) 2026-06-21 02:20:02 Image size of job updated: 63927912
	3669  -  MemoryUsage of job (MB)
	3756068  -  ResidentSetSize of job (KB)
...
006 (8017966.196.000) 2026-06-21 02:25:03 Image size of job updated: 63927912
	3669  -  MemoryUsage of job (MB)
	3756136  -  ResidentSetSize of job (KB)
...
006 (8017966.196.000) 2026-06-21 02:35:04 Image size of job updated: 63927912
	3696  -  MemoryUsage of job (MB)
	3783696  -  ResidentSetSize of job (KB)
...
006 (8017966.196.000) 2026-06-21 02:40:04 Image size of job updated: 63927912
	3702  -  MemoryUsage of job (MB)
	3790152  -  ResidentSetSize of job (KB)
...
006 (8017966.196.000) 2026-06-21 02:50:06 Image size of job updated: 63927912
	3720  -  MemoryUsage of job (MB)
	3808272  -  ResidentSetSize of job (KB)
...
006 (8017966.196.000) 2026-06-21 02:55:06 Image size of job updated: 63927912
	3730  -  MemoryUsage of job (MB)
	3819408  -  ResidentSetSize of job (KB)
...
040 (8017966.196.000) 2026-06-21 03:19:58 Started transferring output files
...
040 (8017966.196.000) 2026-06-21 03:19:59 Finished transferring output files
...
005 (8017966.196.000) 2026-06-21 03:19:59 Job terminated.
	(1) Normal termination (return value 0)
		Usr 0 03:02:48, Sys 0 00:02:40  -  Run Remote Usage
		Usr 0 00:00:00, Sys 0 00:00:00  -  Run Local Usage
		Usr 0 03:02:48, Sys 0 00:02:40  -  Total Remote Usage
		Usr 0 00:00:00, Sys 0 00:00:00  -  Total Local Usage
	9864434  -  Run Bytes Sent By Job
	2782641626  -  Run Bytes Received By Job
	9864434  -  Total Bytes Sent By Job
	2782641626  -  Total Bytes Received By Job
	Partitionable Resources :      Usage  Request Allocated Assigned
	   Cpus                 :       0.89        1         1 
	   Disk (KB)            : 2792663    16777216  16777216 
	   GPUs                 :       0.84        1         1 "GPU-224d9478"
	   GpusMemory (MB)      :    8671                       
	   Memory (MB)          :    3730       16384     16384 
	   TimeExecute (s)      :   11418                       
	   TimeSlotBusy (s)     :   11481                       
...
