000 (8017966.006.000) 2026-06-20 22:07:54 Job submitted from host: <128.105.68.112:9618?addrs=128.105.68.112-9618+[2607-f388-2200-100-eaeb-d3ff-fea3-4202]-9618&alias=ap2001.chtc.wisc.edu&noUDP&sock=schedd_4071840_2329>
...
040 (8017966.006.000) 2026-06-20 22:10:30 Started transferring input files
	Transferring to host: <128.105.68.166:9618?addrs=128.105.68.166-9618+[2607-f388-2200-100-b62e-99ff-feb7-2e2d]-9618&alias=gpulab2001.chtc.wisc.edu&noUDP&sock=slot2_2_11113_dd1d_51845>
...
040 (8017966.006.000) 2026-06-20 22:10:58 Finished transferring input files
...
001 (8017966.006.000) 2026-06-20 22:10:58 Job executing on host: <128.105.68.166:9618?addrs=128.105.68.166-9618+[2607-f388-2200-100-b62e-99ff-feb7-2e2d]-9618&alias=gpulab2001.chtc.wisc.edu&noUDP&sock=startd_10083_ad84>
	SlotName: slot2_2@gpulab2001.chtc.wisc.edu
	AvailableGPUs = { GPUs_GPU_5498e439 }
	CondorScratchDir = "/var/lib/condor/execute/slot2/dir_657816/scratch"
	Cpus = 1
	Disk = 16777216
	GPUs = 1
	GPUs_GPU_5498e439 = [ Id = "GPU-5498e439"; Capability = 7.5; DeviceName = "NVIDIA GeForce RTX 2080 Ti"; DeviceUuid = "5498e439-bec3-fa72-ed65-a45d5f53e1b5"; ECCEnabled = false; NvidiaDriver = "570.195.03"; DriverVersion = 12.8; DevicePciBusId = "0000:3E:00.0"; GlobalMemoryMb = 10823; MaxSupportedVersion = 12080 ]
	IoHeavy = 0
	Memory = 16384
...
006 (8017966.006.000) 2026-06-20 22:11:07 Image size of job updated: 296552
	290  -  MemoryUsage of job (MB)
	296552  -  ResidentSetSize of job (KB)
...
006 (8017966.006.000) 2026-06-20 22:16:07 Image size of job updated: 3524460
	3049  -  MemoryUsage of job (MB)
	3121772  -  ResidentSetSize of job (KB)
...
006 (8017966.006.000) 2026-06-20 22:21:08 Image size of job updated: 3621364
	3274  -  MemoryUsage of job (MB)
	3352068  -  ResidentSetSize of job (KB)
...
006 (8017966.006.000) 2026-06-20 22:26:09 Image size of job updated: 4375340
	4273  -  MemoryUsage of job (MB)
	4375340  -  ResidentSetSize of job (KB)
...
006 (8017966.006.000) 2026-06-20 22:31:09 Image size of job updated: 4842516
	4406  -  MemoryUsage of job (MB)
	4511192  -  ResidentSetSize of job (KB)
...
006 (8017966.006.000) 2026-06-20 22:36:11 Image size of job updated: 4842516
	4457  -  MemoryUsage of job (MB)
	4563200  -  ResidentSetSize of job (KB)
...
006 (8017966.006.000) 2026-06-20 22:41:11 Image size of job updated: 5004500
	4888  -  MemoryUsage of job (MB)
	5004500  -  ResidentSetSize of job (KB)
...
006 (8017966.006.000) 2026-06-20 22:46:11 Image size of job updated: 5438844
	5236  -  MemoryUsage of job (MB)
	5361508  -  ResidentSetSize of job (KB)
...
006 (8017966.006.000) 2026-06-20 22:56:12 Image size of job updated: 5448308
	5321  -  MemoryUsage of job (MB)
	5448308  -  ResidentSetSize of job (KB)
...
006 (8017966.006.000) 2026-06-20 23:00:57 Image size of job updated: 6062220
	5321  -  MemoryUsage of job (MB)
	5448308  -  ResidentSetSize of job (KB)
...
040 (8017966.006.000) 2026-06-20 23:00:57 Started transferring output files
...
040 (8017966.006.000) 2026-06-20 23:00:59 Finished transferring output files
...
004 (8017966.006.000) 2026-06-20 23:00:59 Job was evicted.
	(0) Job terminated and was requeued
		Usr 0 01:03:23, Sys 0 00:01:50  -  Run Remote Usage
		Usr 0 00:00:00, Sys 0 00:00:00  -  Run Local Usage
	466110089  -  Run Bytes Sent By Job
	2784057486  -  Run Bytes Received By Job
	(1) Normal termination (return value 1)
	The job attribute OnExitRemove expression 'NumJobCompletions > JobMaxRetries || ExitCode =?= 0' evaluated to FALSE
...
040 (8017966.006.000) 2026-06-20 23:01:16 Started transferring input files
	Transferring to host: <128.105.69.3:9618?addrs=128.105.69.3-9618+[2607-f388-2200-100-7ec2-55ff-fe46-28f2]-9618&alias=gpu4002.chtc.wisc.edu&noUDP&sock=slot1_2_12744_0cff_3209>
...
040 (8017966.006.000) 2026-06-20 23:01:28 Finished transferring input files
...
001 (8017966.006.000) 2026-06-20 23:01:28 Job executing on host: <128.105.69.3:9618?addrs=128.105.69.3-9618+[2607-f388-2200-100-7ec2-55ff-fe46-28f2]-9618&alias=gpu4002.chtc.wisc.edu&noUDP&sock=startd_11312_ab69>
	SlotName: slot1_2@gpu4002.chtc.wisc.edu
	AvailableGPUs = { GPUs_GPU_2e13e217 }
	CondorScratchDir = "/var/lib/condor/execute/slot1/dir_2717387/scratch"
	Cpus = 1
	Disk = 16777216
	GPUs = 1
	GPUs_GPU_2e13e217 = [ Id = "GPU-2e13e217"; Capability = 8.9; DeviceName = "NVIDIA L40"; DeviceUuid = "2e13e217-6059-f8d1-c6e6-c4cc399ca285"; ECCEnabled = true; NvidiaDriver = "570.195.03"; DriverVersion = 12.8; DevicePciBusId = "0000:53:00.0"; GlobalMemoryMb = 45468; MaxSupportedVersion = 12080 ]
	IoHeavy = 0
	Memory = 16384
...
040 (8017966.006.000) 2026-06-20 23:01:31 Started transferring output files
...
040 (8017966.006.000) 2026-06-20 23:01:32 Finished transferring output files
...
004 (8017966.006.000) 2026-06-20 23:01:33 Job was evicted.
	(0) Job terminated and was requeued
		Usr 0 00:00:02, Sys 0 00:00:00  -  Run Remote Usage
		Usr 0 00:00:00, Sys 0 00:00:00  -  Run Local Usage
	466090397  -  Run Bytes Sent By Job
	3250147405  -  Run Bytes Received By Job
	(1) Normal termination (return value 2)
	The job attribute OnExitRemove expression 'NumJobCompletions > JobMaxRetries || ExitCode =?= 0' evaluated to FALSE
...
040 (8017966.006.000) 2026-06-20 23:01:40 Started transferring input files
	Transferring to host: <10.141.1.3:34173?CCBID=128.105.82.148:9618%3faddrs%3d128.105.82.148-9618+[2607-f388-2200-9d-7ccb-bc08-2489-768a]-9618%26alias%3dospool-ccb.osg.chtc.io%26noUDP%26sock%3dcollector1#4287659%2067.58.49.91:9618%3faddrs%3d67.58.49.91-9618+[fdf0-17b3-c3ec-1f79-10-0-e-b69d]-9618%26alias%3dccb-2.ospool.osg-htc.org%26noUDP%26sock%3dcollector9#4285189&PrivNet=gpu03&addrs=10.141.1.3-34173&alias=gpu03&noUDP>
...
040 (8017966.006.000) 2026-06-20 23:02:57 Finished transferring input files
...
021 (8017966.006.000) 2026-06-20 23:02:57 Message from starter on slot1_1@glidein_2882936_199762243@gpu03:
	PREPARE_JOB (prepare-hook) succeeded (reported status 000): Using Singularity image openfe_1.11.1.sif
...
001 (8017966.006.000) 2026-06-20 23:02:57 Job executing on host: <10.141.1.3:35181?CCBID=128.105.82.148:9618%3faddrs%3d128.105.82.148-9618+[2607-f388-2200-9d-7ccb-bc08-2489-768a]-9618%26alias%3dospool-ccb.osg.chtc.io%26noUDP%26sock%3dcollector5#4145852%2067.58.49.91:9618%3faddrs%3d67.58.49.91-9618+[fdf0-17b3-c3ec-1f79-10-0-e-b69d]-9618%26alias%3dccb-2.ospool.osg-htc.org%26noUDP%26sock%3dcollector5#4144520&PrivNet=gpu03&addrs=10.141.1.3-35181&alias=gpu03&noUDP>
	SlotName: slot1_1@glidein_2882936_199762243@gpu03
	AvailableGPUs = { GPUs_GPU_d254d1ef }
	CondorScratchDir = "/scratch/osg01/glide_npRxyf/execute/dir_4045288/scratch"
	Cpus = 1
	Disk = 16777216
	GPUs = 1
	GPUs_GPU_d254d1ef = [ Id = "GPU-d254d1ef"; ClockMhz = 2520.0; Capability = 8.9; CoresPerCU = 128; DeviceName = "NVIDIA L40S"; DeviceUuid = "d254d1ef-fc9e-6777-b5a2-7eb12f466a9c"; ECCEnabled = true; ComputeUnits = 142; NvidiaDriver = "580.82.07"; DriverVersion = 13.0; DevicePciBusId = "0000:61:00.0"; GlobalMemoryMb = 45458; MaxSupportedVersion = 13000 ]
	Memory = 16384
...
040 (8017966.006.000) 2026-06-20 23:03:02 Started transferring output files
...
040 (8017966.006.000) 2026-06-20 23:03:09 Finished transferring output files
...
004 (8017966.006.000) 2026-06-20 23:03:10 Job was evicted.
	(0) Job terminated and was requeued
		Usr 0 00:00:00, Sys 0 00:00:00  -  Run Remote Usage
		Usr 0 00:00:00, Sys 0 00:00:00  -  Run Local Usage
	466090414  -  Run Bytes Sent By Job
	3250147405  -  Run Bytes Received By Job
	(1) Normal termination (return value 2)
	The job attribute OnExitRemove expression 'NumJobCompletions > JobMaxRetries || ExitCode =?= 0' evaluated to FALSE
...
040 (8017966.006.000) 2026-06-20 23:03:21 Started transferring input files
	Transferring to host: <128.105.69.3:9618?addrs=128.105.69.3-9618+[2607-f388-2200-100-7ec2-55ff-fe46-28f2]-9618&alias=gpu4002.chtc.wisc.edu&noUDP&sock=slot1_2_12744_0cff_3214>
...
040 (8017966.006.000) 2026-06-20 23:03:33 Finished transferring input files
...
001 (8017966.006.000) 2026-06-20 23:03:33 Job executing on host: <128.105.69.3:9618?addrs=128.105.69.3-9618+[2607-f388-2200-100-7ec2-55ff-fe46-28f2]-9618&alias=gpu4002.chtc.wisc.edu&noUDP&sock=startd_11312_ab69>
	SlotName: slot1_2@gpu4002.chtc.wisc.edu
	AvailableGPUs = { GPUs_GPU_2e13e217 }
	CondorScratchDir = "/var/lib/condor/execute/slot1/dir_2718885/scratch"
	Cpus = 1
	Disk = 16777216
	GPUs = 1
	GPUs_GPU_2e13e217 = [ Id = "GPU-2e13e217"; Capability = 8.9; DeviceName = "NVIDIA L40"; DeviceUuid = "2e13e217-6059-f8d1-c6e6-c4cc399ca285"; ECCEnabled = true; NvidiaDriver = "570.195.03"; DriverVersion = 12.8; DevicePciBusId = "0000:53:00.0"; GlobalMemoryMb = 45468; MaxSupportedVersion = 12080 ]
	IoHeavy = 0
	Memory = 16384
...
040 (8017966.006.000) 2026-06-20 23:03:36 Started transferring output files
...
040 (8017966.006.000) 2026-06-20 23:03:37 Finished transferring output files
...
004 (8017966.006.000) 2026-06-20 23:03:37 Job was evicted.
	(0) Job terminated and was requeued
		Usr 0 00:00:02, Sys 0 00:00:00  -  Run Remote Usage
		Usr 0 00:00:00, Sys 0 00:00:00  -  Run Local Usage
	466090397  -  Run Bytes Sent By Job
	3250147405  -  Run Bytes Received By Job
	(1) Normal termination (return value 2)
	The job attribute OnExitRemove expression 'NumJobCompletions > JobMaxRetries || ExitCode =?= 0' evaluated to FALSE
...
040 (8017966.006.000) 2026-06-20 23:03:44 Started transferring input files
	Transferring to host: <128.105.69.3:9618?addrs=128.105.69.3-9618+[2607-f388-2200-100-7ec2-55ff-fe46-28f2]-9618&alias=gpu4002.chtc.wisc.edu&noUDP&sock=slot1_2_12744_0cff_3215>
...
040 (8017966.006.000) 2026-06-20 23:03:56 Finished transferring input files
...
001 (8017966.006.000) 2026-06-20 23:03:56 Job executing on host: <128.105.69.3:9618?addrs=128.105.69.3-9618+[2607-f388-2200-100-7ec2-55ff-fe46-28f2]-9618&alias=gpu4002.chtc.wisc.edu&noUDP&sock=startd_11312_ab69>
	SlotName: slot1_2@gpu4002.chtc.wisc.edu
	AvailableGPUs = { GPUs_GPU_2e13e217 }
	CondorScratchDir = "/var/lib/condor/execute/slot1/dir_2719128/scratch"
	Cpus = 1
	Disk = 16777216
	GPUs = 1
	GPUs_GPU_2e13e217 = [ Id = "GPU-2e13e217"; Capability = 8.9; DeviceName = "NVIDIA L40"; DeviceUuid = "2e13e217-6059-f8d1-c6e6-c4cc399ca285"; ECCEnabled = true; NvidiaDriver = "570.195.03"; DriverVersion = 12.8; DevicePciBusId = "0000:53:00.0"; GlobalMemoryMb = 45468; MaxSupportedVersion = 12080 ]
	IoHeavy = 0
	Memory = 16384
...
040 (8017966.006.000) 2026-06-20 23:03:59 Started transferring output files
...
040 (8017966.006.000) 2026-06-20 23:04:00 Finished transferring output files
...
004 (8017966.006.000) 2026-06-20 23:04:01 Job was evicted.
	(0) Job terminated and was requeued
		Usr 0 00:00:02, Sys 0 00:00:00  -  Run Remote Usage
		Usr 0 00:00:00, Sys 0 00:00:00  -  Run Local Usage
	466090397  -  Run Bytes Sent By Job
	3250147405  -  Run Bytes Received By Job
	(1) Normal termination (return value 2)
	The job attribute OnExitRemove expression 'NumJobCompletions > JobMaxRetries || ExitCode =?= 0' evaluated to FALSE
...
040 (8017966.006.000) 2026-06-20 23:04:07 Started transferring input files
	Transferring to host: <128.105.69.3:9618?addrs=128.105.69.3-9618+[2607-f388-2200-100-7ec2-55ff-fe46-28f2]-9618&alias=gpu4002.chtc.wisc.edu&noUDP&sock=slot1_2_12744_0cff_3219>
...
040 (8017966.006.000) 2026-06-20 23:04:19 Finished transferring input files
...
001 (8017966.006.000) 2026-06-20 23:04:19 Job executing on host: <128.105.69.3:9618?addrs=128.105.69.3-9618+[2607-f388-2200-100-7ec2-55ff-fe46-28f2]-9618&alias=gpu4002.chtc.wisc.edu&noUDP&sock=startd_11312_ab69>
	SlotName: slot1_2@gpu4002.chtc.wisc.edu
	AvailableGPUs = { GPUs_GPU_2e13e217 }
	CondorScratchDir = "/var/lib/condor/execute/slot1/dir_2719391/scratch"
	Cpus = 1
	Disk = 16777216
	GPUs = 1
	GPUs_GPU_2e13e217 = [ Id = "GPU-2e13e217"; Capability = 8.9; DeviceName = "NVIDIA L40"; DeviceUuid = "2e13e217-6059-f8d1-c6e6-c4cc399ca285"; ECCEnabled = true; NvidiaDriver = "570.195.03"; DriverVersion = 12.8; DevicePciBusId = "0000:53:00.0"; GlobalMemoryMb = 45468; MaxSupportedVersion = 12080 ]
	IoHeavy = 0
	Memory = 16384
...
040 (8017966.006.000) 2026-06-20 23:04:23 Started transferring output files
...
040 (8017966.006.000) 2026-06-20 23:04:24 Finished transferring output files
...
004 (8017966.006.000) 2026-06-20 23:04:24 Job was evicted.
	(0) Job terminated and was requeued
		Usr 0 00:00:02, Sys 0 00:00:00  -  Run Remote Usage
		Usr 0 00:00:00, Sys 0 00:00:00  -  Run Local Usage
	466090397  -  Run Bytes Sent By Job
	3250147405  -  Run Bytes Received By Job
	(1) Normal termination (return value 2)
	The job attribute OnExitRemove expression 'NumJobCompletions > JobMaxRetries || ExitCode =?= 0' evaluated to FALSE
...
040 (8017966.006.000) 2026-06-20 23:04:27 Started transferring input files
	Transferring to host: <128.105.76.52:9618?addrs=128.105.76.52-9618+[2607-f388-2200-100-b65c-b5ff-fe81-e53e]-9618&alias=dbrundage-chtcgpu5000.chtc.wisc.edu&noUDP&sock=backfill1_1_11313_c825_13208>
...
040 (8017966.006.000) 2026-06-20 23:04:38 Finished transferring input files
...
001 (8017966.006.000) 2026-06-20 23:04:38 Job executing on host: <128.105.76.52:9618?addrs=128.105.76.52-9618+[2607-f388-2200-100-b65c-b5ff-fe81-e53e]-9618&alias=dbrundage-chtcgpu5000.chtc.wisc.edu&noUDP&sock=startd_10956_7bb2>
	SlotName: backfill1_1@dbrundage-chtcgpu5000.chtc.wisc.edu
	AvailableGPUs = { GPUs_GPU_66f2ae81 }
	CondorScratchDir = "/var/lib/condor/execute/slot1/dir_4155215/scratch"
	Cpus = 1
	Disk = 16777216
	GPUs = 1
	GPUs_GPU_66f2ae81 = [ Id = "GPU-66f2ae81"; Capability = 9.0; DeviceName = "NVIDIA H200"; DeviceUuid = "66f2ae81-1879-0354-fa90-417e31e2883b"; ECCEnabled = true; NvidiaDriver = "590.48.01"; DriverVersion = 13.1; DevicePciBusId = "0000:19:00.0"; GlobalMemoryMb = 143158; MaxSupportedVersion = 13010 ]
	IoHeavy = 0
	Memory = 16384
...
040 (8017966.006.000) 2026-06-20 23:04:40 Started transferring output files
...
040 (8017966.006.000) 2026-06-20 23:04:41 Finished transferring output files
...
004 (8017966.006.000) 2026-06-20 23:04:42 Job was evicted.
	(0) Job terminated and was requeued
		Usr 0 00:00:01, Sys 0 00:00:00  -  Run Remote Usage
		Usr 0 00:00:00, Sys 0 00:00:00  -  Run Local Usage
	466090435  -  Run Bytes Sent By Job
	3250147405  -  Run Bytes Received By Job
	(1) Normal termination (return value 2)
	The job attribute OnExitRemove expression 'NumJobCompletions > JobMaxRetries || ExitCode =?= 0' evaluated to FALSE
...
040 (8017966.006.000) 2026-06-20 23:04:47 Started transferring input files
	Transferring to host: <10.32.89.21:37303?CCBID=128.105.82.148:9618%3faddrs%3d128.105.82.148-9618+[2607-f388-2200-9d-7ccb-bc08-2489-768a]-9618%26alias%3dospool-ccb.osg.chtc.io%26noUDP%26sock%3dcollector7#4285829%2067.58.49.91:9618%3faddrs%3d67.58.49.91-9618+[fdf0-17b3-c3ec-1f79-10-0-e-b69d]-9618%26alias%3dccb-2.ospool.osg-htc.org%26noUDP%26sock%3dcollector9#4285364&PrivNet=qa-rtx6k-024.crc.nd.edu&addrs=10.32.89.21-37303&alias=qa-rtx6k-024.crc.nd.edu&noUDP>
...
040 (8017966.006.000) 2026-06-20 23:05:10 Finished transferring input files
...
021 (8017966.006.000) 2026-06-20 23:05:11 Message from starter on slot1_1@glidein_243219_277352497@qa-rtx6k-024.crc.nd.edu:
	PREPARE_JOB (prepare-hook) succeeded (reported status 000): Using Singularity image openfe_1.11.1.sif
...
001 (8017966.006.000) 2026-06-20 23:05:11 Job executing on host: <10.32.89.21:42237?CCBID=128.105.82.148:9618%3faddrs%3d128.105.82.148-9618+[2607-f388-2200-9d-7ccb-bc08-2489-768a]-9618%26alias%3dospool-ccb.osg.chtc.io%26noUDP%26sock%3dcollector8#4289122%2067.58.49.91:9618%3faddrs%3d67.58.49.91-9618+[fdf0-17b3-c3ec-1f79-10-0-e-b69d]-9618%26alias%3dccb-2.ospool.osg-htc.org%26noUDP%26sock%3dcollector4#4278232&PrivNet=qa-rtx6k-024.crc.nd.edu&addrs=10.32.89.21-42237&alias=qa-rtx6k-024.crc.nd.edu&noUDP>
	SlotName: slot1_1@glidein_243219_277352497@qa-rtx6k-024.crc.nd.edu
	AvailableGPUs = { GPUs_GPU_c97ab239 }
	CondorScratchDir = "/var/condor/execute/dir_243217/glide_fUCZmz/execute/dir_296863/scratch"
	Cpus = 1
	Disk = 16777216
	GPUs = 1
	GPUs_GPU_c97ab239 = [ Id = "GPU-c97ab239"; ClockMhz = 1620.0; Capability = 7.5; CoresPerCU = 64; DeviceName = "Quadro RTX 6000"; DeviceUuid = "c97ab239-65ed-cb55-ca74-7a5e06dd310d"; ECCEnabled = true; ComputeUnits = 72; NvidiaDriver = "595.71.05"; DriverVersion = 13.2; DevicePciBusId = "0000:06:00.0"; GlobalMemoryMb = 22684; MaxSupportedVersion = 13020 ]
	Memory = 16384
...
040 (8017966.006.000) 2026-06-20 23:05:18 Started transferring output files
...
040 (8017966.006.000) 2026-06-20 23:05:22 Finished transferring output files
...
004 (8017966.006.000) 2026-06-20 23:05:22 Job was evicted.
	(0) Job terminated and was requeued
		Usr 0 00:00:01, Sys 0 00:00:00  -  Run Remote Usage
		Usr 0 00:00:00, Sys 0 00:00:00  -  Run Local Usage
	466090474  -  Run Bytes Sent By Job
	3250147405  -  Run Bytes Received By Job
	(1) Normal termination (return value 2)
	The job attribute OnExitRemove expression 'NumJobCompletions > JobMaxRetries || ExitCode =?= 0' evaluated to FALSE
...
040 (8017966.006.000) 2026-06-20 23:05:46 Started transferring input files
	Transferring to host: <128.105.69.3:9618?addrs=128.105.69.3-9618+[2607-f388-2200-100-7ec2-55ff-fe46-28f2]-9618&alias=gpu4002.chtc.wisc.edu&noUDP&sock=slot1_2_12744_0cff_3223>
...
040 (8017966.006.000) 2026-06-20 23:05:59 Finished transferring input files
...
001 (8017966.006.000) 2026-06-20 23:05:59 Job executing on host: <128.105.69.3:9618?addrs=128.105.69.3-9618+[2607-f388-2200-100-7ec2-55ff-fe46-28f2]-9618&alias=gpu4002.chtc.wisc.edu&noUDP&sock=startd_11312_ab69>
	SlotName: slot1_2@gpu4002.chtc.wisc.edu
	AvailableGPUs = { GPUs_GPU_2e13e217 }
	CondorScratchDir = "/var/lib/condor/execute/slot1/dir_2720398/scratch"
	Cpus = 1
	Disk = 16777216
	GPUs = 1
	GPUs_GPU_2e13e217 = [ Id = "GPU-2e13e217"; Capability = 8.9; DeviceName = "NVIDIA L40"; DeviceUuid = "2e13e217-6059-f8d1-c6e6-c4cc399ca285"; ECCEnabled = true; NvidiaDriver = "570.195.03"; DriverVersion = 12.8; DevicePciBusId = "0000:53:00.0"; GlobalMemoryMb = 45468; MaxSupportedVersion = 12080 ]
	IoHeavy = 0
	Memory = 16384
...
040 (8017966.006.000) 2026-06-20 23:06:02 Started transferring output files
...
040 (8017966.006.000) 2026-06-20 23:06:03 Finished transferring output files
...
004 (8017966.006.000) 2026-06-20 23:06:03 Job was evicted.
	(0) Job terminated and was requeued
		Usr 0 00:00:02, Sys 0 00:00:00  -  Run Remote Usage
		Usr 0 00:00:00, Sys 0 00:00:00  -  Run Local Usage
	466090397  -  Run Bytes Sent By Job
	3250147405  -  Run Bytes Received By Job
	(1) Normal termination (return value 2)
	The job attribute OnExitRemove expression 'NumJobCompletions > JobMaxRetries || ExitCode =?= 0' evaluated to FALSE
...
040 (8017966.006.000) 2026-06-20 23:06:11 Started transferring input files
	Transferring to host: <128.105.69.3:9618?addrs=128.105.69.3-9618+[2607-f388-2200-100-7ec2-55ff-fe46-28f2]-9618&alias=gpu4002.chtc.wisc.edu&noUDP&sock=slot1_2_12744_0cff_3224>
...
040 (8017966.006.000) 2026-06-20 23:06:32 Finished transferring input files
...
001 (8017966.006.000) 2026-06-20 23:06:32 Job executing on host: <128.105.69.3:9618?addrs=128.105.69.3-9618+[2607-f388-2200-100-7ec2-55ff-fe46-28f2]-9618&alias=gpu4002.chtc.wisc.edu&noUDP&sock=startd_11312_ab69>
	SlotName: slot1_2@gpu4002.chtc.wisc.edu
	AvailableGPUs = { GPUs_GPU_2e13e217 }
	CondorScratchDir = "/var/lib/condor/execute/slot1/dir_2720641/scratch"
	Cpus = 1
	Disk = 16777216
	GPUs = 1
	GPUs_GPU_2e13e217 = [ Id = "GPU-2e13e217"; Capability = 8.9; DeviceName = "NVIDIA L40"; DeviceUuid = "2e13e217-6059-f8d1-c6e6-c4cc399ca285"; ECCEnabled = true; NvidiaDriver = "570.195.03"; DriverVersion = 12.8; DevicePciBusId = "0000:53:00.0"; GlobalMemoryMb = 45468; MaxSupportedVersion = 12080 ]
	IoHeavy = 0
	Memory = 16384
...
040 (8017966.006.000) 2026-06-20 23:06:35 Started transferring output files
...
040 (8017966.006.000) 2026-06-20 23:06:36 Finished transferring output files
...
004 (8017966.006.000) 2026-06-20 23:06:36 Job was evicted.
	(0) Job terminated and was requeued
		Usr 0 00:00:02, Sys 0 00:00:00  -  Run Remote Usage
		Usr 0 00:00:00, Sys 0 00:00:00  -  Run Local Usage
	466090397  -  Run Bytes Sent By Job
	3250147405  -  Run Bytes Received By Job
	(1) Normal termination (return value 2)
	The job attribute OnExitRemove expression 'NumJobCompletions > JobMaxRetries || ExitCode =?= 0' evaluated to FALSE
...
040 (8017966.006.000) 2026-06-20 23:06:42 Started transferring input files
	Transferring to host: <128.105.69.3:9618?addrs=128.105.69.3-9618+[2607-f388-2200-100-7ec2-55ff-fe46-28f2]-9618&alias=gpu4002.chtc.wisc.edu&noUDP&sock=slot1_2_12744_0cff_3225>
...
040 (8017966.006.000) 2026-06-20 23:06:54 Finished transferring input files
...
001 (8017966.006.000) 2026-06-20 23:06:54 Job executing on host: <128.105.69.3:9618?addrs=128.105.69.3-9618+[2607-f388-2200-100-7ec2-55ff-fe46-28f2]-9618&alias=gpu4002.chtc.wisc.edu&noUDP&sock=startd_11312_ab69>
	SlotName: slot1_2@gpu4002.chtc.wisc.edu
	AvailableGPUs = { GPUs_GPU_2e13e217 }
	CondorScratchDir = "/var/lib/condor/execute/slot1/dir_2720882/scratch"
	Cpus = 1
	Disk = 16777216
	GPUs = 1
	GPUs_GPU_2e13e217 = [ Id = "GPU-2e13e217"; Capability = 8.9; DeviceName = "NVIDIA L40"; DeviceUuid = "2e13e217-6059-f8d1-c6e6-c4cc399ca285"; ECCEnabled = true; NvidiaDriver = "570.195.03"; DriverVersion = 12.8; DevicePciBusId = "0000:53:00.0"; GlobalMemoryMb = 45468; MaxSupportedVersion = 12080 ]
	IoHeavy = 0
	Memory = 16384
...
040 (8017966.006.000) 2026-06-20 23:06:57 Started transferring output files
...
040 (8017966.006.000) 2026-06-20 23:06:59 Finished transferring output files
...
005 (8017966.006.000) 2026-06-20 23:06:59 Job terminated.
	(1) Normal termination (return value 2)
		Usr 0 00:00:02, Sys 0 00:00:00  -  Run Remote Usage
		Usr 0 00:00:00, Sys 0 00:00:00  -  Run Local Usage
		Usr 0 01:03:39, Sys 0 00:01:50  -  Total Remote Usage
		Usr 0 00:00:00, Sys 0 00:00:00  -  Total Local Usage
	466090397  -  Run Bytes Sent By Job
	3250147405  -  Run Bytes Received By Job
	5127014191  -  Total Bytes Sent By Job
	35285531536  -  Total Bytes Received By Job
	Partitionable Resources :    Usage  Request Allocated Assigned
	   Cpus                 :        0        1         1 
	   Disk (KB)            :  3174009 16777216  16777216 
	   GPUs                 :        0        1         1 "GPU-2e13e217"
	   IoHeavy              :                           0 
	   Memory (MB)          :     7325    16384     16384 
	   TimeExecute (s)      :        3                    
	   TimeSlotBusy (s)     :       17                    
...
