000 (8321903.007.000) 2026-06-26 09:00:08 Job submitted from host: <128.105.68.112:9618?addrs=128.105.68.112-9618+[2607-f388-2200-100-eaeb-d3ff-fea3-4202]-9618&alias=ap2001.chtc.wisc.edu&noUDP&sock=schedd_4071840_2329>
...
040 (8321903.007.000) 2026-06-26 09:01:03 Started transferring input files
	Transferring to host: <128.105.68.168:38977?CCBID=128.105.82.148:9618%3faddrs%3d128.105.82.148-9618+[2607-f388-2200-9d-7ccb-bc08-2489-7689]-9618%26alias%3dospool-ccb.osg.chtc.io%26noUDP%26sock%3dcollector3#5026553%2067.58.49.91:9618%3faddrs%3d67.58.49.91-9618+[fdf0-17b3-c3ec-1f79-10-0-5-5b18]-9618%26alias%3dccb-2.ospool.osg-htc.org%26noUDP%26sock%3dcollector9#5017739&PrivNet=gpulab2003.chtc.wisc.edu&addrs=128.105.68.168-38977+[2607-f388-2200-100-b62e-99ff-feb7-2dcb]-38977&alias=gpulab2003.chtc.wisc.edu&noUDP>
...
040 (8321903.007.000) 2026-06-26 09:01:20 Finished transferring input files
...
021 (8321903.007.000) 2026-06-26 09:01:20 Message from starter on slot1_1@glidein_937429_754729488@gpulab2003.chtc.wisc.edu:
	PREPARE_JOB (prepare-hook) succeeded (reported status 000): Using Singularity image openfe_1.11.1.sif
...
001 (8321903.007.000) 2026-06-26 09:01:20 Job executing on host: <128.105.68.168:39125?CCBID=128.105.82.148:9618%3faddrs%3d128.105.82.148-9618+[2607-f388-2200-9d-7ccb-bc08-2489-7689]-9618%26alias%3dospool-ccb.osg.chtc.io%26noUDP%26sock%3dcollector4#4952872%2067.58.49.91:9618%3faddrs%3d67.58.49.91-9618+[fdf0-17b3-c3ec-1f79-10-0-5-5b18]-9618%26alias%3dccb-2.ospool.osg-htc.org%26noUDP%26sock%3dcollector2#4951074&PrivNet=gpulab2003.chtc.wisc.edu&addrs=128.105.68.168-39125+[2607-f388-2200-100-b62e-99ff-feb7-2dcb]-39125&alias=gpulab2003.chtc.wisc.edu&noUDP>
	SlotName: slot1_1@glidein_937429_754729488@gpulab2003.chtc.wisc.edu
	AvailableGPUs = { GPUs_GPU_df09b4ae }
	CondorScratchDir = "/var/lib/condor/execute/slot1/dir_937347/scratch/glide_bQUJNr/execute/dir_1600824/scratch"
	Cpus = 1
	Disk = 16777216
	GPUs = 1
	GPUs_GPU_df09b4ae = [ Id = "GPU-df09b4ae"; ClockMhz = 1545.0; Capability = 7.5; CoresPerCU = 64; DeviceName = "NVIDIA GeForce RTX 2080 Ti"; DeviceUuid = "df09b4ae-3796-2b26-7d7a-4bb88110b63f"; ECCEnabled = false; ComputeUnits = 68; NvidiaDriver = "570.195.03"; DriverVersion = 12.8; DevicePciBusId = "0000:DB:00.0"; GlobalMemoryMb = 10823; MaxSupportedVersion = 12080 ]
	Memory = 16384
...
006 (8321903.007.000) 2026-06-26 09:01:29 Image size of job updated: 4355244
	91  -  MemoryUsage of job (MB)
	92332  -  ResidentSetSize of job (KB)
...
006 (8321903.007.000) 2026-06-26 09:06:29 Image size of job updated: 32473020
	2236  -  MemoryUsage of job (MB)
	2288876  -  ResidentSetSize of job (KB)
...
006 (8321903.007.000) 2026-06-26 09:11:30 Image size of job updated: 32474192
	2236  -  MemoryUsage of job (MB)
	2289388  -  ResidentSetSize of job (KB)
...
006 (8321903.007.000) 2026-06-26 09:16:30 Image size of job updated: 32487864
	2244  -  MemoryUsage of job (MB)
	2297068  -  ResidentSetSize of job (KB)
...
006 (8321903.007.000) 2026-06-26 09:21:30 Image size of job updated: 32491124
	2248  -  MemoryUsage of job (MB)
	2301676  -  ResidentSetSize of job (KB)
...
006 (8321903.007.000) 2026-06-26 09:26:31 Image size of job updated: 32496620
	2253  -  MemoryUsage of job (MB)
	2306796  -  ResidentSetSize of job (KB)
...
006 (8321903.007.000) 2026-06-26 09:31:31 Image size of job updated: 32502132
	2258  -  MemoryUsage of job (MB)
	2311916  -  ResidentSetSize of job (KB)
...
006 (8321903.007.000) 2026-06-26 09:36:32 Image size of job updated: 32507696
	2263  -  MemoryUsage of job (MB)
	2317036  -  ResidentSetSize of job (KB)
...
006 (8321903.007.000) 2026-06-26 09:41:32 Image size of job updated: 32512688
	2268  -  MemoryUsage of job (MB)
	2321968  -  ResidentSetSize of job (KB)
...
006 (8321903.007.000) 2026-06-26 09:46:33 Image size of job updated: 32516320
	2268  -  MemoryUsage of job (MB)
	2321968  -  ResidentSetSize of job (KB)
...
040 (8321903.007.000) 2026-06-26 09:56:19 Started transferring output files
...
040 (8321903.007.000) 2026-06-26 09:56:19 Finished transferring output files
...
005 (8321903.007.000) 2026-06-26 09:56:19 Job terminated.
	(1) Normal termination (return value 0)
		Usr 0 00:54:49, Sys 0 00:07:57  -  Run Remote Usage
		Usr 0 00:00:00, Sys 0 00:00:00  -  Run Local Usage
		Usr 0 00:54:49, Sys 0 00:07:57  -  Total Remote Usage
		Usr 0 00:00:00, Sys 0 00:00:00  -  Total Local Usage
	123795  -  Run Bytes Sent By Job
	2781013974  -  Run Bytes Received By Job
	123795  -  Total Bytes Sent By Job
	2781013974  -  Total Bytes Received By Job
	Partitionable Resources :      Usage  Request Allocated Assigned
	   Cpus                 :       0.99        1         1 
	   Disk (KB)            : 2727167    16777216  16777216 
	   GPUs                 :       0.77        1         1 "GPU-df09b4ae"
	   GpusMemory (MB)      :    2733                       
	   Memory (MB)          :    2268       16384     16384 
	   TimeExecute (s)      :    3299                       
	   TimeSlotBusy (s)     :    3316                       
...
