000 (8017966.735.000) 2026-06-20 22:07:54 Job submitted from host: <128.105.68.112:9618?addrs=128.105.68.112-9618+[2607-f388-2200-100-eaeb-d3ff-fea3-4202]-9618&alias=ap2001.chtc.wisc.edu&noUDP&sock=schedd_4071840_2329>
...
040 (8017966.735.000) 2026-06-21 04:13:09 Started transferring input files
	Transferring to host: <10.1.1.139:45297?CCBID=128.105.82.148:9618%3faddrs%3d128.105.82.148-9618+[2607-f388-2200-9d-7ccb-bc08-2489-768a]-9618%26alias%3dospool-ccb.osg.chtc.io%26noUDP%26sock%3dcollector2#4305195%2067.58.49.91:9618%3faddrs%3d67.58.49.91-9618+[fdf0-17b3-c3ec-1f79-10-0-e-b69d]-9618%26alias%3dccb-2.ospool.osg-htc.org%26noUDP%26sock%3dcollector10#4300173&PrivNet=gpu09&addrs=10.1.1.139-45297&alias=gpu09&noUDP>
...
040 (8017966.735.000) 2026-06-21 04:14:40 Finished transferring input files
...
021 (8017966.735.000) 2026-06-21 04:14:40 Message from starter on slot1_2@glidein_3572203_1157457015@gpu09:
	PREPARE_JOB (prepare-hook) succeeded (reported status 000): Using Singularity image openfe_1.11.1.sif
...
001 (8017966.735.000) 2026-06-21 04:14:40 Job executing on host: <10.1.1.139:34171?CCBID=128.105.82.148:9618%3faddrs%3d128.105.82.148-9618+[2607-f388-2200-9d-7ccb-bc08-2489-768a]-9618%26alias%3dospool-ccb.osg.chtc.io%26noUDP%26sock%3dcollector8#4104748%2067.58.49.91:9618%3faddrs%3d67.58.49.91-9618+[fdf0-17b3-c3ec-1f79-10-0-e-b69d]-9618%26alias%3dccb-2.ospool.osg-htc.org%26noUDP%26sock%3dcollector10#4097396&PrivNet=gpu09&addrs=10.1.1.139-34171&alias=gpu09&noUDP>
	SlotName: slot1_2@glidein_3572203_1157457015@gpu09
	AvailableGPUs = { GPUs_GPU_4b0a632b }
	CondorScratchDir = "/tmp/glide_QcqRkg/execute/dir_801134/scratch"
	Cpus = 1
	Disk = 16777216
	GPUs = 1
	GPUs_GPU_4b0a632b = [ Id = "GPU-4b0a632b"; ClockMhz = 1695.0; Capability = 8.6; CoresPerCU = 128; DeviceName = "NVIDIA RTX A5000"; DeviceUuid = "4b0a632b-7aa2-a96d-20c9-a8e95d9ee6a5"; ECCEnabled = false; ComputeUnits = 64; NvidiaDriver = "595.71.05"; DriverVersion = 13.2; DevicePciBusId = "0000:41:00.0"; GlobalMemoryMb = 24361; MaxSupportedVersion = 13020 ]
	Memory = 16384
...
006 (8017966.735.000) 2026-06-21 04:14:49 Image size of job updated: 4
	6  -  MemoryUsage of job (MB)
	5376  -  ResidentSetSize of job (KB)
...
006 (8017966.735.000) 2026-06-21 04:19:49 Image size of job updated: 27863548
	2298  -  MemoryUsage of job (MB)
	2352996  -  ResidentSetSize of job (KB)
...
006 (8017966.735.000) 2026-06-21 04:24:50 Image size of job updated: 27867584
	2301  -  MemoryUsage of job (MB)
	2356040  -  ResidentSetSize of job (KB)
...
006 (8017966.735.000) 2026-06-21 04:29:50 Image size of job updated: 27872248
	2307  -  MemoryUsage of job (MB)
	2361672  -  ResidentSetSize of job (KB)
...
006 (8017966.735.000) 2026-06-21 04:34:51 Image size of job updated: 27876716
	2312  -  MemoryUsage of job (MB)
	2366708  -  ResidentSetSize of job (KB)
...
006 (8017966.735.000) 2026-06-21 04:39:51 Image size of job updated: 27884176
	2319  -  MemoryUsage of job (MB)
	2374388  -  ResidentSetSize of job (KB)
...
006 (8017966.735.000) 2026-06-21 04:44:52 Image size of job updated: 27890024
	2326  -  MemoryUsage of job (MB)
	2381044  -  ResidentSetSize of job (KB)
...
006 (8017966.735.000) 2026-06-21 04:49:52 Image size of job updated: 27896724
	2332  -  MemoryUsage of job (MB)
	2387188  -  ResidentSetSize of job (KB)
...
006 (8017966.735.000) 2026-06-21 04:54:53 Image size of job updated: 27903612
	2339  -  MemoryUsage of job (MB)
	2394356  -  ResidentSetSize of job (KB)
...
040 (8017966.735.000) 2026-06-21 05:00:57 Started transferring output files
...
040 (8017966.735.000) 2026-06-21 05:00:57 Finished transferring output files
...
005 (8017966.735.000) 2026-06-21 05:00:58 Job terminated.
	(1) Normal termination (return value 0)
		Usr 0 00:45:40, Sys 0 00:07:31  -  Run Remote Usage
		Usr 0 00:00:00, Sys 0 00:00:00  -  Run Local Usage
		Usr 0 00:45:40, Sys 0 00:07:31  -  Total Remote Usage
		Usr 0 00:00:00, Sys 0 00:00:00  -  Total Local Usage
	1080168  -  Run Bytes Sent By Job
	2781809056  -  Run Bytes Received By Job
	1080168  -  Total Bytes Sent By Job
	2781809056  -  Total Bytes Received By Job
	Partitionable Resources :      Usage  Request Allocated Assigned
	   Cpus                 :       1.00        1         1 
	   Disk (KB)            : 2727738    16777216  16777216 
	   GPUs                 :       0.77        1         1 "GPU-4b0a632b"
	   GpusMemory (MB)      :    3235                       
	   Memory (MB)          :    2339       16384     16384 
	   TimeExecute (s)      :    2777                       
	   TimeSlotBusy (s)     :    2869                       
...
