000 (8017966.165.000) 2026-06-20 22:07:54 Job submitted from host: <128.105.68.112:9618?addrs=128.105.68.112-9618+[2607-f388-2200-100-eaeb-d3ff-fea3-4202]-9618&alias=ap2001.chtc.wisc.edu&noUDP&sock=schedd_4071840_2329>
...
040 (8017966.165.000) 2026-06-20 23:44:27 Started transferring input files
	Transferring to host: <128.105.76.51:9618?addrs=128.105.76.51-9618+[2607-f388-2200-100-925a-8ff-fe34-15b6]-9618&alias=zliu-chtcgpu5000.chtc.wisc.edu&noUDP&sock=backfill1_4_98764_ec29_36716>
...
040 (8017966.165.000) 2026-06-20 23:44:37 Finished transferring input files
...
001 (8017966.165.000) 2026-06-20 23:44:37 Job executing on host: <128.105.76.51:9618?addrs=128.105.76.51-9618+[2607-f388-2200-100-925a-8ff-fe34-15b6]-9618&alias=zliu-chtcgpu5000.chtc.wisc.edu&noUDP&sock=startd_98388_901b>
	SlotName: backfill1_4@zliu-chtcgpu5000.chtc.wisc.edu
	AvailableGPUs = { GPUs_GPU_ad6fd700 }
	CondorScratchDir = "/var/lib/condor/execute/slot1/dir_3134874/scratch"
	Cpus = 1
	Disk = 16777216
	GPUs = 1
	GPUs_GPU_ad6fd700 = [ Id = "GPU-ad6fd700"; Capability = 8.9; DeviceName = "NVIDIA L40S"; DeviceUuid = "ad6fd700-031e-f4f7-18cc-4d9383583651"; ECCEnabled = true; NvidiaDriver = "590.48.01"; DriverVersion = 13.1; DevicePciBusId = "0000:61:00.0"; GlobalMemoryMb = 45460; MaxSupportedVersion = 13010 ]
	IoHeavy = 0
	Memory = 16384
...
006 (8017966.165.000) 2026-06-20 23:44:46 Image size of job updated: 497464
	486  -  MemoryUsage of job (MB)
	497464  -  ResidentSetSize of job (KB)
...
006 (8017966.165.000) 2026-06-20 23:49:47 Image size of job updated: 998868
	975  -  MemoryUsage of job (MB)
	997712  -  ResidentSetSize of job (KB)
...
006 (8017966.165.000) 2026-06-20 23:54:47 Image size of job updated: 1001208
	978  -  MemoryUsage of job (MB)
	1001208  -  ResidentSetSize of job (KB)
...
006 (8017966.165.000) 2026-06-20 23:59:48 Image size of job updated: 1008464
	985  -  MemoryUsage of job (MB)
	1008464  -  ResidentSetSize of job (KB)
...
006 (8017966.165.000) 2026-06-21 00:04:49 Image size of job updated: 1014576
	991  -  MemoryUsage of job (MB)
	1014576  -  ResidentSetSize of job (KB)
...
006 (8017966.165.000) 2026-06-21 00:09:49 Image size of job updated: 1023040
	1000  -  MemoryUsage of job (MB)
	1023040  -  ResidentSetSize of job (KB)
...
006 (8017966.165.000) 2026-06-21 00:14:50 Image size of job updated: 1026940
	1003  -  MemoryUsage of job (MB)
	1026940  -  ResidentSetSize of job (KB)
...
006 (8017966.165.000) 2026-06-21 00:19:50 Image size of job updated: 1034952
	1011  -  MemoryUsage of job (MB)
	1034952  -  ResidentSetSize of job (KB)
...
040 (8017966.165.000) 2026-06-21 00:21:42 Started transferring output files
...
040 (8017966.165.000) 2026-06-21 00:21:42 Finished transferring output files
...
005 (8017966.165.000) 2026-06-21 00:21:43 Job terminated.
	(1) Normal termination (return value 0)
		Usr 0 00:37:33, Sys 0 01:58:15  -  Run Remote Usage
		Usr 0 00:00:00, Sys 0 00:00:00  -  Run Local Usage
		Usr 0 00:37:33, Sys 0 01:58:15  -  Total Remote Usage
		Usr 0 00:00:00, Sys 0 00:00:00  -  Total Local Usage
	2613375  -  Run Bytes Sent By Job
	2781830186  -  Run Bytes Received By Job
	2613375  -  Total Bytes Sent By Job
	2781830186  -  Total Bytes Received By Job
	Partitionable Resources :      Usage  Request Allocated Assigned
	   Cpus                 :       4.35        1         1 
	   Disk (KB)            : 2728820    16777216  16777216 
	   GPUs                 :       0.86        1         1 "GPU-ad6fd700"
	   GpusMemory (MB)      :    6806                       
	   IoHeavy              :                             0 
	   Memory (MB)          :    1011       16384     16384 
	   TimeExecute (s)      :    2225                       
	   TimeSlotBusy (s)     :    2236                       
...
