000 (8017966.903.000) 2026-06-20 22:07:54 Job submitted from host: <128.105.68.112:9618?addrs=128.105.68.112-9618+[2607-f388-2200-100-eaeb-d3ff-fea3-4202]-9618&alias=ap2001.chtc.wisc.edu&noUDP&sock=schedd_4071840_2329>
...
040 (8017966.903.000) 2026-06-21 05:24:16 Started transferring input files
	Transferring to host: <10.226.104.219:36479?CCBID=128.105.82.148:9618%3faddrs%3d128.105.82.148-9618+[2607-f388-2200-9d-7ccb-bc08-2489-768a]-9618%26alias%3dospool-ccb.osg.chtc.io%26noUDP%26sock%3dcollector7#4306098%2067.58.49.91:9618%3faddrs%3d67.58.49.91-9618+[fdf0-17b3-c3ec-1f79-10-0-e-b69d]-9618%26alias%3dccb-2.ospool.osg-htc.org%26noUDP%26sock%3dcollector9#4305517&PrivNet=gpu019.rci.montana.edu&addrs=10.226.104.219-36479&alias=gpu019.rci.montana.edu&noUDP>
...
040 (8017966.903.000) 2026-06-21 05:25:26 Finished transferring input files
...
021 (8017966.903.000) 2026-06-21 05:25:27 Message from starter on slot1_1@glidein_23191_72509607@gpu019.rci.montana.edu:
	PREPARE_JOB (prepare-hook) succeeded (reported status 000): Using Singularity image openfe_1.11.1.sif
...
001 (8017966.903.000) 2026-06-21 05:25:27 Job executing on host: <10.226.104.219:41615?CCBID=128.105.82.148:9618%3faddrs%3d128.105.82.148-9618+[2607-f388-2200-9d-7ccb-bc08-2489-768a]-9618%26alias%3dospool-ccb.osg.chtc.io%26noUDP%26sock%3dcollector2#4264896%2067.58.49.91:9618%3faddrs%3d67.58.49.91-9618+[fdf0-17b3-c3ec-1f79-10-0-e-b69d]-9618%26alias%3dccb-2.ospool.osg-htc.org%26noUDP%26sock%3dcollector10#4259451&PrivNet=gpu019.rci.montana.edu&addrs=10.226.104.219-41615&alias=gpu019.rci.montana.edu&noUDP>
	SlotName: slot1_1@glidein_23191_72509607@gpu019.rci.montana.edu
	AvailableGPUs = { GPUs_GPU_c024a1e2 }
	CondorScratchDir = "/tmp/jobs/4093244/glide_m8jHdW/execute/dir_2115488/scratch"
	Cpus = 1
	Disk = 16777216
	GPUs = 1
	GPUs_GPU_c024a1e2 = [ Id = "GPU-c024a1e2"; ClockMhz = 1980.0; Capability = 9.0; CoresPerCU = 128; DeviceName = "NVIDIA H100 80GB HBM3"; DeviceUuid = "c024a1e2-3221-96c5-6819-7810c2eb5df0"; ECCEnabled = true; ComputeUnits = 132; NvidiaDriver = "595.71.05"; DriverVersion = 13.2; DevicePciBusId = "0000:4E:00.0"; GlobalMemoryMb = 81081; MaxSupportedVersion = 13020 ]
	Memory = 16384
...
006 (8017966.903.000) 2026-06-21 05:25:36 Image size of job updated: 4
	6  -  MemoryUsage of job (MB)
	5376  -  ResidentSetSize of job (KB)
...
006 (8017966.903.000) 2026-06-21 05:30:37 Image size of job updated: 58608980
	4492  -  MemoryUsage of job (MB)
	4599208  -  ResidentSetSize of job (KB)
...
006 (8017966.903.000) 2026-06-21 05:35:37 Image size of job updated: 63947220
	5375  -  MemoryUsage of job (MB)
	5503344  -  ResidentSetSize of job (KB)
...
006 (8017966.903.000) 2026-06-21 05:40:38 Image size of job updated: 70139064
	6021  -  MemoryUsage of job (MB)
	6164548  -  ResidentSetSize of job (KB)
...
006 (8017966.903.000) 2026-06-21 05:45:39 Image size of job updated: 70139064
	6024  -  MemoryUsage of job (MB)
	6168572  -  ResidentSetSize of job (KB)
...
006 (8017966.903.000) 2026-06-21 05:50:39 Image size of job updated: 70697008
	6077  -  MemoryUsage of job (MB)
	6221980  -  ResidentSetSize of job (KB)
...
006 (8017966.903.000) 2026-06-21 05:55:40 Image size of job updated: 70697008
	6310  -  MemoryUsage of job (MB)
	6460488  -  ResidentSetSize of job (KB)
...
006 (8017966.903.000) 2026-06-21 06:00:40 Image size of job updated: 70697008
	7587  -  MemoryUsage of job (MB)
	7768896  -  ResidentSetSize of job (KB)
...
006 (8017966.903.000) 2026-06-21 06:03:32 Image size of job updated: 71291340
	7607  -  MemoryUsage of job (MB)
	7788696  -  ResidentSetSize of job (KB)
...
040 (8017966.903.000) 2026-06-21 06:03:33 Started transferring output files
...
040 (8017966.903.000) 2026-06-21 06:03:55 Finished transferring output files
...
004 (8017966.903.000) 2026-06-21 06:03:55 Job was evicted.
	(0) Job terminated and was requeued
		Usr 0 00:39:54, Sys 0 00:00:55  -  Run Remote Usage
		Usr 0 00:00:00, Sys 0 00:00:00  -  Run Local Usage
	474699123  -  Run Bytes Sent By Job
	2784395542  -  Run Bytes Received By Job
	(1) Normal termination (return value 1)
	The job attribute OnExitRemove expression 'NumJobCompletions > JobMaxRetries || ExitCode =?= 0' evaluated to FALSE
...
040 (8017966.903.000) 2026-06-21 06:04:00 Started transferring input files
	Transferring to host: <10.1.1.133:36543?CCBID=128.105.82.148:9618%3faddrs%3d128.105.82.148-9618+[2607-f388-2200-9d-7ccb-bc08-2489-768a]-9618%26alias%3dospool-ccb.osg.chtc.io%26noUDP%26sock%3dcollector3#4312286%2067.58.49.91:9618%3faddrs%3d67.58.49.91-9618+[fdf0-17b3-c3ec-1f79-10-0-e-b69d]-9618%26alias%3dccb-2.ospool.osg-htc.org%26noUDP%26sock%3dcollector1#4302691&PrivNet=gpu03&addrs=10.1.1.133-36543&alias=gpu03&noUDP>
...
040 (8017966.903.000) 2026-06-21 06:04:27 Finished transferring input files
...
021 (8017966.903.000) 2026-06-21 06:04:27 Message from starter on slot1_4@glidein_3062367_187566720@gpu03:
	PREPARE_JOB (prepare-hook) succeeded (reported status 000): Using Singularity image openfe_1.11.1.sif
...
001 (8017966.903.000) 2026-06-21 06:04:27 Job executing on host: <10.1.1.133:36499?CCBID=128.105.82.148:9618%3faddrs%3d128.105.82.148-9618+[2607-f388-2200-9d-7ccb-bc08-2489-768a]-9618%26alias%3dospool-ccb.osg.chtc.io%26noUDP%26sock%3dcollector2#4290611%2067.58.49.91:9618%3faddrs%3d67.58.49.91-9618+[fdf0-17b3-c3ec-1f79-10-0-e-b69d]-9618%26alias%3dccb-2.ospool.osg-htc.org%26noUDP%26sock%3dcollector8#4288469&PrivNet=gpu03&addrs=10.1.1.133-36499&alias=gpu03&noUDP>
	SlotName: slot1_4@glidein_3062367_187566720@gpu03
	AvailableGPUs = { GPUs_GPU_a577ded9 }
	CondorScratchDir = "/tmp/glide_axJLUa/execute/dir_3300356/scratch"
	Cpus = 1
	Disk = 16777216
	GPUs = 1
	GPUs_GPU_a577ded9 = [ Id = "GPU-a577ded9"; ClockMhz = 1740.0; Capability = 8.6; CoresPerCU = 128; DeviceName = "NVIDIA A40"; DeviceUuid = "a577ded9-0266-6f44-c3a0-a852730750bb"; ECCEnabled = true; ComputeUnits = 84; NvidiaDriver = "595.71.05"; DriverVersion = 13.2; DevicePciBusId = "0000:C1:00.0"; GlobalMemoryMb = 45739; MaxSupportedVersion = 13020 ]
	Memory = 16384
...
040 (8017966.903.000) 2026-06-21 06:04:32 Started transferring output files
...
040 (8017966.903.000) 2026-06-21 06:04:43 Finished transferring output files
...
004 (8017966.903.000) 2026-06-21 06:04:45 Job was evicted.
	(0) Job terminated and was requeued
		Usr 0 00:00:01, Sys 0 00:00:00  -  Run Remote Usage
		Usr 0 00:00:00, Sys 0 00:00:00  -  Run Local Usage
	474686734  -  Run Bytes Sent By Job
	3259081681  -  Run Bytes Received By Job
	(1) Normal termination (return value 2)
	The job attribute OnExitRemove expression 'NumJobCompletions > JobMaxRetries || ExitCode =?= 0' evaluated to FALSE
...
040 (8017966.903.000) 2026-06-21 06:05:00 Started transferring input files
	Transferring to host: <128.105.68.168:9618?addrs=128.105.68.168-9618+[2607-f388-2200-100-b62e-99ff-feb7-2dcb]-9618&alias=gpulab2003.chtc.wisc.edu&noUDP&sock=slot2_4_11172_6f3f_5855>
...
040 (8017966.903.000) 2026-06-21 06:05:18 Finished transferring input files
...
001 (8017966.903.000) 2026-06-21 06:05:18 Job executing on host: <128.105.68.168:9618?addrs=128.105.68.168-9618+[2607-f388-2200-100-b62e-99ff-feb7-2dcb]-9618&alias=gpulab2003.chtc.wisc.edu&noUDP&sock=startd_10155_1056>
	SlotName: slot2_4@gpulab2003.chtc.wisc.edu
	AvailableGPUs = { GPUs_GPU_61902b82 }
	CondorScratchDir = "/var/lib/condor/execute/slot2/dir_329492/scratch"
	Cpus = 1
	Disk = 16777216
	GPUs = 1
	GPUs_GPU_61902b82 = [ Id = "GPU-61902b82"; Capability = 7.5; DeviceName = "NVIDIA GeForce RTX 2080 Ti"; DeviceUuid = "61902b82-cedb-e4be-d010-bca8829ec79b"; ECCEnabled = false; NvidiaDriver = "570.195.03"; DriverVersion = 12.8; DevicePciBusId = "0000:B2:00.0"; GlobalMemoryMb = 10823; MaxSupportedVersion = 12080 ]
	IoHeavy = 0
	Memory = 16384
...
040 (8017966.903.000) 2026-06-21 06:05:22 Started transferring output files
...
040 (8017966.903.000) 2026-06-21 06:05:24 Finished transferring output files
...
004 (8017966.903.000) 2026-06-21 06:05:24 Job was evicted.
	(0) Job terminated and was requeued
		Usr 0 00:00:02, Sys 0 00:00:00  -  Run Remote Usage
		Usr 0 00:00:00, Sys 0 00:00:00  -  Run Local Usage
	474686622  -  Run Bytes Sent By Job
	3259081681  -  Run Bytes Received By Job
	(1) Normal termination (return value 2)
	The job attribute OnExitRemove expression 'NumJobCompletions > JobMaxRetries || ExitCode =?= 0' evaluated to FALSE
...
040 (8017966.903.000) 2026-06-21 06:05:26 Started transferring input files
	Transferring to host: <128.105.68.117:9618?addrs=128.105.68.117-9618+[2607-f388-2200-100-7ec2-55ff-fe9a-b4fa]-9618&alias=gpu4000.chtc.wisc.edu&noUDP&sock=slot2_7_1956795_d8ee_83147>
...
040 (8017966.903.000) 2026-06-21 06:05:38 Finished transferring input files
...
001 (8017966.903.000) 2026-06-21 06:05:38 Job executing on host: <128.105.68.117:9618?addrs=128.105.68.117-9618+[2607-f388-2200-100-7ec2-55ff-fe9a-b4fa]-9618&alias=gpu4000.chtc.wisc.edu&noUDP&sock=startd_674379_7ae3>
	SlotName: slot2_7@gpu4000.chtc.wisc.edu
	AvailableGPUs = { GPUs_GPU_865b3474 }
	CondorScratchDir = "/var/lib/condor/execute/slot2/dir_191298/scratch"
	Cpus = 1
	Disk = 16777216
	GPUs = 1
	GPUs_GPU_865b3474 = [ Id = "GPU-865b3474"; Capability = 8.9; DeviceName = "NVIDIA L40"; DeviceUuid = "865b3474-f121-b6b4-0ada-3ea18a1ac4dc"; ECCEnabled = true; NvidiaDriver = "570.195.03"; DriverVersion = 12.8; DevicePciBusId = "0000:D1:00.0"; GlobalMemoryMb = 45468; MaxSupportedVersion = 12080 ]
	IoHeavy = 0
	Memory = 16384
...
040 (8017966.903.000) 2026-06-21 06:05:41 Started transferring output files
...
040 (8017966.903.000) 2026-06-21 06:05:43 Finished transferring output files
...
004 (8017966.903.000) 2026-06-21 06:05:43 Job was evicted.
	(0) Job terminated and was requeued
		Usr 0 00:00:02, Sys 0 00:00:00  -  Run Remote Usage
		Usr 0 00:00:00, Sys 0 00:00:00  -  Run Local Usage
	474686629  -  Run Bytes Sent By Job
	3259081681  -  Run Bytes Received By Job
	(1) Normal termination (return value 2)
	The job attribute OnExitRemove expression 'NumJobCompletions > JobMaxRetries || ExitCode =?= 0' evaluated to FALSE
...
040 (8017966.903.000) 2026-06-21 06:05:59 Started transferring input files
	Transferring to host: <128.104.103.48:9618?addrs=128.104.103.48-9618+[2607-f388-107c-501-ae1f-6bff-fe2c-2f00]-9618&alias=vetsigian0001.chtc.wisc.edu&noUDP&sock=slot2_6_10681_7b0b_8232>
...
040 (8017966.903.000) 2026-06-21 06:07:03 Finished transferring input files
...
001 (8017966.903.000) 2026-06-21 06:07:03 Job executing on host: <128.104.103.48:9618?addrs=128.104.103.48-9618+[2607-f388-107c-501-ae1f-6bff-fe2c-2f00]-9618&alias=vetsigian0001.chtc.wisc.edu&noUDP&sock=startd_9913_126b>
	SlotName: slot2_6@vetsigian0001.chtc.wisc.edu
	AvailableGPUs = { GPUs_GPU_3ebfc45d }
	CondorScratchDir = "/var/lib/condor/execute/slot2/dir_3312832/scratch"
	Cpus = 1
	Disk = 16777216
	GPUs = 1
	GPUs_GPU_3ebfc45d = [ Id = "GPU-3ebfc45d"; Capability = 7.5; DeviceName = "NVIDIA GeForce RTX 2080 Ti"; DeviceUuid = "3ebfc45d-6ddf-8adb-378a-d31377acded0"; ECCEnabled = false; NvidiaDriver = "550.54.14"; DriverVersion = 12.4; DevicePciBusId = "0000:89:00.0"; GlobalMemoryMb = 11004; MaxSupportedVersion = 12040 ]
	IoHeavy = 0
	Memory = 16384
...
040 (8017966.903.000) 2026-06-21 06:07:08 Started transferring output files
...
040 (8017966.903.000) 2026-06-21 06:07:10 Finished transferring output files
...
004 (8017966.903.000) 2026-06-21 06:07:10 Job was evicted.
	(0) Job terminated and was requeued
		Usr 0 00:00:03, Sys 0 00:00:00  -  Run Remote Usage
		Usr 0 00:00:00, Sys 0 00:00:00  -  Run Local Usage
	474686635  -  Run Bytes Sent By Job
	3259081681  -  Run Bytes Received By Job
	(1) Normal termination (return value 2)
	The job attribute OnExitRemove expression 'NumJobCompletions > JobMaxRetries || ExitCode =?= 0' evaluated to FALSE
...
040 (8017966.903.000) 2026-06-21 06:07:22 Started transferring input files
	Transferring to host: <128.104.103.48:9618?addrs=128.104.103.48-9618+[2607-f388-107c-501-ae1f-6bff-fe2c-2f00]-9618&alias=vetsigian0001.chtc.wisc.edu&noUDP&sock=slot2_6_10681_7b0b_8234>
...
040 (8017966.903.000) 2026-06-21 06:09:08 Finished transferring input files
...
001 (8017966.903.000) 2026-06-21 06:09:08 Job executing on host: <128.104.103.48:9618?addrs=128.104.103.48-9618+[2607-f388-107c-501-ae1f-6bff-fe2c-2f00]-9618&alias=vetsigian0001.chtc.wisc.edu&noUDP&sock=startd_9913_126b>
	SlotName: slot2_6@vetsigian0001.chtc.wisc.edu
	AvailableGPUs = { GPUs_GPU_3ebfc45d }
	CondorScratchDir = "/var/lib/condor/execute/slot2/dir_3314874/scratch"
	Cpus = 1
	Disk = 16777216
	GPUs = 1
	GPUs_GPU_3ebfc45d = [ Id = "GPU-3ebfc45d"; Capability = 7.5; DeviceName = "NVIDIA GeForce RTX 2080 Ti"; DeviceUuid = "3ebfc45d-6ddf-8adb-378a-d31377acded0"; ECCEnabled = false; NvidiaDriver = "550.54.14"; DriverVersion = 12.4; DevicePciBusId = "0000:89:00.0"; GlobalMemoryMb = 11004; MaxSupportedVersion = 12040 ]
	IoHeavy = 0
	Memory = 16384
...
040 (8017966.903.000) 2026-06-21 06:09:15 Started transferring output files
...
040 (8017966.903.000) 2026-06-21 06:09:17 Finished transferring output files
...
004 (8017966.903.000) 2026-06-21 06:09:20 Job was evicted.
	(0) Job terminated and was requeued
		Usr 0 00:00:03, Sys 0 00:00:00  -  Run Remote Usage
		Usr 0 00:00:00, Sys 0 00:00:00  -  Run Local Usage
	474686635  -  Run Bytes Sent By Job
	3259081681  -  Run Bytes Received By Job
	(1) Normal termination (return value 2)
	The job attribute OnExitRemove expression 'NumJobCompletions > JobMaxRetries || ExitCode =?= 0' evaluated to FALSE
...
040 (8017966.903.000) 2026-06-21 06:09:21 Started transferring input files
	Transferring to host: <128.105.76.38:9618?addrs=128.105.76.38-9618+[2607-f388-2200-100-e29d-73ff-fe7b-534e]-9618&alias=mrudolphgpu4000.chtc.wisc.edu&noUDP&sock=backfill1_8_2520286_3b90_81727>
...
040 (8017966.903.000) 2026-06-21 06:10:18 Finished transferring input files
...
001 (8017966.903.000) 2026-06-21 06:10:18 Job executing on host: <128.105.76.38:9618?addrs=128.105.76.38-9618+[2607-f388-2200-100-e29d-73ff-fe7b-534e]-9618&alias=mrudolphgpu4000.chtc.wisc.edu&noUDP&sock=startd_17841_0541>
	SlotName: backfill1_8@mrudolphgpu4000.chtc.wisc.edu
	AvailableGPUs = { GPUs_GPU_f2121a02 }
	CondorScratchDir = "/var/lib/condor/execute/slot1/dir_280797/scratch"
	Cpus = 1
	Disk = 16777216
	GPUs = 1
	GPUs_GPU_f2121a02 = [ Id = "GPU-f2121a02"; Capability = 9.0; DeviceName = "NVIDIA H200"; DeviceUuid = "f2121a02-90b6-8f74-bd16-ae4f1853c225"; ECCEnabled = true; NvidiaDriver = "570.195.03"; DriverVersion = 12.8; DevicePciBusId = "0000:19:00.0"; GlobalMemoryMb = 143166; MaxSupportedVersion = 12080 ]
	IoHeavy = 0
	Memory = 16384
...
040 (8017966.903.000) 2026-06-21 06:10:22 Started transferring output files
...
040 (8017966.903.000) 2026-06-21 06:10:23 Finished transferring output files
...
004 (8017966.903.000) 2026-06-21 06:10:23 Job was evicted.
	(0) Job terminated and was requeued
		Usr 0 00:00:02, Sys 0 00:00:00  -  Run Remote Usage
		Usr 0 00:00:00, Sys 0 00:00:00  -  Run Local Usage
	474686637  -  Run Bytes Sent By Job
	3259081681  -  Run Bytes Received By Job
	(1) Normal termination (return value 2)
	The job attribute OnExitRemove expression 'NumJobCompletions > JobMaxRetries || ExitCode =?= 0' evaluated to FALSE
...
040 (8017966.903.000) 2026-06-21 06:11:03 Started transferring input files
	Transferring to host: <128.104.103.48:9618?addrs=128.104.103.48-9618+[2607-f388-107c-501-ae1f-6bff-fe2c-2f00]-9618&alias=vetsigian0001.chtc.wisc.edu&noUDP&sock=slot2_6_10681_7b0b_8251>
...
040 (8017966.903.000) 2026-06-21 06:13:11 Finished transferring input files
...
001 (8017966.903.000) 2026-06-21 06:13:12 Job executing on host: <128.104.103.48:9618?addrs=128.104.103.48-9618+[2607-f388-107c-501-ae1f-6bff-fe2c-2f00]-9618&alias=vetsigian0001.chtc.wisc.edu&noUDP&sock=startd_9913_126b>
	SlotName: slot2_6@vetsigian0001.chtc.wisc.edu
	AvailableGPUs = { GPUs_GPU_3ebfc45d }
	CondorScratchDir = "/var/lib/condor/execute/slot2/dir_3320463/scratch"
	Cpus = 1
	Disk = 16777216
	GPUs = 1
	GPUs_GPU_3ebfc45d = [ Id = "GPU-3ebfc45d"; Capability = 7.5; DeviceName = "NVIDIA GeForce RTX 2080 Ti"; DeviceUuid = "3ebfc45d-6ddf-8adb-378a-d31377acded0"; ECCEnabled = false; NvidiaDriver = "550.54.14"; DriverVersion = 12.4; DevicePciBusId = "0000:89:00.0"; GlobalMemoryMb = 11004; MaxSupportedVersion = 12040 ]
	IoHeavy = 0
	Memory = 16384
...
040 (8017966.903.000) 2026-06-21 06:13:18 Started transferring output files
...
040 (8017966.903.000) 2026-06-21 06:13:20 Finished transferring output files
...
004 (8017966.903.000) 2026-06-21 06:13:20 Job was evicted.
	(0) Job terminated and was requeued
		Usr 0 00:00:03, Sys 0 00:00:00  -  Run Remote Usage
		Usr 0 00:00:00, Sys 0 00:00:00  -  Run Local Usage
	474686635  -  Run Bytes Sent By Job
	3259081681  -  Run Bytes Received By Job
	(1) Normal termination (return value 2)
	The job attribute OnExitRemove expression 'NumJobCompletions > JobMaxRetries || ExitCode =?= 0' evaluated to FALSE
...
040 (8017966.903.000) 2026-06-21 06:13:26 Started transferring input files
	Transferring to host: <10.1.1.137:44325?CCBID=128.105.82.148:9618%3faddrs%3d128.105.82.148-9618+[2607-f388-2200-9d-7ccb-bc08-2489-768a]-9618%26alias%3dospool-ccb.osg.chtc.io%26noUDP%26sock%3dcollector8#4311962%2067.58.49.91:9618%3faddrs%3d67.58.49.91-9618+[fdf0-17b3-c3ec-1f79-10-0-e-b69d]-9618%26alias%3dccb-2.ospool.osg-htc.org%26noUDP%26sock%3dcollector8#4307446&PrivNet=gpu07&addrs=10.1.1.137-44325&alias=gpu07&noUDP>
...
040 (8017966.903.000) 2026-06-21 06:13:58 Finished transferring input files
...
021 (8017966.903.000) 2026-06-21 06:13:59 Message from starter on slot1_3@glidein_795025_64906636@gpu07:
	PREPARE_JOB (prepare-hook) succeeded (reported status 000): Using Singularity image openfe_1.11.1.sif
...
001 (8017966.903.000) 2026-06-21 06:13:59 Job executing on host: <10.1.1.137:42311?CCBID=128.105.82.148:9618%3faddrs%3d128.105.82.148-9618+[2607-f388-2200-9d-7ccb-bc08-2489-768a]-9618%26alias%3dospool-ccb.osg.chtc.io%26noUDP%26sock%3dcollector9#4101337%2067.58.49.91:9618%3faddrs%3d67.58.49.91-9618+[fdf0-17b3-c3ec-1f79-10-0-e-b69d]-9618%26alias%3dccb-2.ospool.osg-htc.org%26noUDP%26sock%3dcollector7#4091584&PrivNet=gpu07&addrs=10.1.1.137-42311&alias=gpu07&noUDP>
	SlotName: slot1_3@glidein_795025_64906636@gpu07
	AvailableGPUs = { GPUs_GPU_3262ed8b }
	CondorScratchDir = "/tmp/glide_dYrt5m/execute/dir_2189866/scratch"
	Cpus = 1
	Disk = 16777216
	GPUs = 1
	GPUs_GPU_3262ed8b = [ Id = "GPU-3262ed8b"; ClockMhz = 1695.0; Capability = 8.6; CoresPerCU = 128; DeviceName = "NVIDIA RTX A5000"; DeviceUuid = "3262ed8b-c3db-1c4b-8cf0-063e10168f88"; ECCEnabled = false; ComputeUnits = 64; NvidiaDriver = "595.71.05"; DriverVersion = 13.2; DevicePciBusId = "0000:81:00.0"; GlobalMemoryMb = 24361; MaxSupportedVersion = 13020 ]
	Memory = 16384
...
040 (8017966.903.000) 2026-06-21 06:14:04 Started transferring output files
...
040 (8017966.903.000) 2026-06-21 06:14:15 Finished transferring output files
...
004 (8017966.903.000) 2026-06-21 06:14:17 Job was evicted.
	(0) Job terminated and was requeued
		Usr 0 00:00:00, Sys 0 00:00:00  -  Run Remote Usage
		Usr 0 00:00:00, Sys 0 00:00:00  -  Run Local Usage
	474686758  -  Run Bytes Sent By Job
	3259081681  -  Run Bytes Received By Job
	(1) Normal termination (return value 2)
	The job attribute OnExitRemove expression 'NumJobCompletions > JobMaxRetries || ExitCode =?= 0' evaluated to FALSE
...
040 (8017966.903.000) 2026-06-21 06:14:23 Started transferring input files
	Transferring to host: <128.104.100.52:9618?addrs=128.104.100.52-9618+[2607-f388-107c-501-7ec2-55ff-fe99-a48c]-9618&alias=jcaicedogpu0000.chtc.wisc.edu&noUDP&sock=backfill1_7_12267_f60c_8434>
...
040 (8017966.903.000) 2026-06-21 06:14:34 Finished transferring input files
...
001 (8017966.903.000) 2026-06-21 06:14:34 Job executing on host: <128.104.100.52:9618?addrs=128.104.100.52-9618+[2607-f388-107c-501-7ec2-55ff-fe99-a48c]-9618&alias=jcaicedogpu0000.chtc.wisc.edu&noUDP&sock=startd_10725_0952>
	SlotName: backfill1_7@jcaicedogpu0000.chtc.wisc.edu
	AvailableGPUs = { GPUs_GPU_0a287bea }
	CondorScratchDir = "/var/lib/condor/execute/slot1/dir_3269426/scratch"
	Cpus = 1
	Disk = 16777216
	GPUs = 1
	GPUs_GPU_0a287bea = [ Id = "GPU-0a287bea"; Capability = 8.9; DeviceName = "NVIDIA L40"; DeviceUuid = "0a287bea-445d-5580-6326-29b4c887c311"; ECCEnabled = true; NvidiaDriver = "570.195.03"; DriverVersion = 12.8; DevicePciBusId = "0000:56:00.0"; GlobalMemoryMb = 45468; MaxSupportedVersion = 12080 ]
	IoHeavy = 0
	Memory = 16384
...
040 (8017966.903.000) 2026-06-21 06:14:37 Started transferring output files
...
040 (8017966.903.000) 2026-06-21 06:14:38 Finished transferring output files
...
004 (8017966.903.000) 2026-06-21 06:14:39 Job was evicted.
	(0) Job terminated and was requeued
		Usr 0 00:00:02, Sys 0 00:00:00  -  Run Remote Usage
		Usr 0 00:00:00, Sys 0 00:00:00  -  Run Local Usage
	474686637  -  Run Bytes Sent By Job
	3259081681  -  Run Bytes Received By Job
	(1) Normal termination (return value 2)
	The job attribute OnExitRemove expression 'NumJobCompletions > JobMaxRetries || ExitCode =?= 0' evaluated to FALSE
...
040 (8017966.903.000) 2026-06-21 06:14:42 Started transferring input files
	Transferring to host: <128.104.100.52:9618?addrs=128.104.100.52-9618+[2607-f388-107c-501-7ec2-55ff-fe99-a48c]-9618&alias=jcaicedogpu0000.chtc.wisc.edu&noUDP&sock=backfill1_3_12267_f60c_8435>
...
040 (8017966.903.000) 2026-06-21 06:15:13 Finished transferring input files
...
001 (8017966.903.000) 2026-06-21 06:15:13 Job executing on host: <128.104.100.52:9618?addrs=128.104.100.52-9618+[2607-f388-107c-501-7ec2-55ff-fe99-a48c]-9618&alias=jcaicedogpu0000.chtc.wisc.edu&noUDP&sock=startd_10725_0952>
	SlotName: backfill1_3@jcaicedogpu0000.chtc.wisc.edu
	AvailableGPUs = { GPUs_GPU_ecd073d0 }
	CondorScratchDir = "/var/lib/condor/execute/slot1/dir_3269706/scratch"
	Cpus = 1
	Disk = 16777216
	GPUs = 1
	GPUs_GPU_ecd073d0 = [ Id = "GPU-ecd073d0"; Capability = 8.9; DeviceName = "NVIDIA L40"; DeviceUuid = "ecd073d0-2efd-ed82-9e85-e5b0a45b9254"; ECCEnabled = true; NvidiaDriver = "570.195.03"; DriverVersion = 12.8; DevicePciBusId = "0000:D2:00.0"; GlobalMemoryMb = 45468; MaxSupportedVersion = 12080 ]
	IoHeavy = 0
	Memory = 16384
...
040 (8017966.903.000) 2026-06-21 06:15:16 Started transferring output files
...
040 (8017966.903.000) 2026-06-21 06:15:17 Finished transferring output files
...
005 (8017966.903.000) 2026-06-21 06:15:18 Job terminated.
	(1) Normal termination (return value 2)
		Usr 0 00:00:02, Sys 0 00:00:00  -  Run Remote Usage
		Usr 0 00:00:00, Sys 0 00:00:00  -  Run Local Usage
		Usr 0 00:40:14, Sys 0 00:00:55  -  Total Remote Usage
		Usr 0 00:00:00, Sys 0 00:00:00  -  Total Local Usage
	474686637  -  Run Bytes Sent By Job
	3259081681  -  Run Bytes Received By Job
	5221565682  -  Total Bytes Sent By Job
	35375212352  -  Total Bytes Received By Job
	Partitionable Resources :    Usage  Request Allocated Assigned
	   Cpus                 :        0        1         1 
	   Disk (KB)            :  3182733 16777216  16777216 
	   GPUs                 :        0        1         1 "GPU-ecd073d0"
	   IoHeavy              :                           0 
	   Memory (MB)          :     9766    16384     16384 
	   TimeExecute (s)      :        3                    
	   TimeSlotBusy (s)     :       36                    
...
