000 (8018100.275.000) 2026-06-21 13:37:20 Job submitted from host: <128.105.68.112:9618?addrs=128.105.68.112-9618+[2607-f388-2200-100-eaeb-d3ff-fea3-4202]-9618&alias=ap2001.chtc.wisc.edu&noUDP&sock=schedd_4071840_2329>
...
040 (8018100.275.000) 2026-06-21 16:18:26 Started transferring input files
	Transferring to host: <128.105.76.38:9618?addrs=128.105.76.38-9618+[2607-f388-2200-100-e29d-73ff-fe7b-534e]-9618&alias=mrudolphgpu4000.chtc.wisc.edu&noUDP&sock=backfill1_1_2520286_3b90_82821>
...
040 (8018100.275.000) 2026-06-21 16:18:44 Finished transferring input files
...
001 (8018100.275.000) 2026-06-21 16:18:44 Job executing on host: <128.105.76.38:9618?addrs=128.105.76.38-9618+[2607-f388-2200-100-e29d-73ff-fe7b-534e]-9618&alias=mrudolphgpu4000.chtc.wisc.edu&noUDP&sock=startd_17841_0541>
	SlotName: backfill1_1@mrudolphgpu4000.chtc.wisc.edu
	AvailableGPUs = { GPUs_GPU_950c41f9 }
	CondorScratchDir = "/var/lib/condor/execute/slot1/dir_773522/scratch"
	Cpus = 1
	Disk = 16777216
	GPUs = 1
	GPUs_GPU_950c41f9 = [ Id = "GPU-950c41f9"; Capability = 9.0; DeviceName = "NVIDIA H200"; DeviceUuid = "950c41f9-cf16-2c6d-80ab-a5ba0cdec021"; ECCEnabled = true; NvidiaDriver = "570.195.03"; DriverVersion = 12.8; DevicePciBusId = "0000:DB:00.0"; GlobalMemoryMb = 143166; MaxSupportedVersion = 12080 ]
	IoHeavy = 0
	Memory = 16384
...
006 (8018100.275.000) 2026-06-21 16:18:47 Image size of job updated: 84
	0  -  MemoryUsage of job (MB)
	0  -  ResidentSetSize of job (KB)
...
040 (8018100.275.000) 2026-06-21 16:18:47 Started transferring output files
...
040 (8018100.275.000) 2026-06-21 16:18:48 Finished transferring output files
...
004 (8018100.275.000) 2026-06-21 16:18:48 Job was evicted.
	(0) Job terminated and was requeued
		Usr 0 00:00:02, Sys 0 00:00:00  -  Run Remote Usage
		Usr 0 00:00:00, Sys 0 00:00:00  -  Run Local Usage
	452  -  Run Bytes Sent By Job
	2782476646  -  Run Bytes Received By Job
	(1) Normal termination (return value 2)
	The job attribute OnExitRemove expression 'NumJobCompletions > JobMaxRetries || ExitCode =?= 0' evaluated to FALSE
...
040 (8018100.275.000) 2026-06-21 16:20:36 Started transferring input files
	Transferring to host: <128.105.69.72:9618?addrs=128.105.69.72-9618+[2607-f388-2200-100-bae9-24ff-fe36-96e0]-9618&alias=ssilwalgpu4000.chtc.wisc.edu&noUDP&sock=backfill1_1_2012046_2cd4_84259>
...
040 (8018100.275.000) 2026-06-21 16:21:24 Finished transferring input files
...
001 (8018100.275.000) 2026-06-21 16:21:24 Job executing on host: <128.105.69.72:9618?addrs=128.105.69.72-9618+[2607-f388-2200-100-bae9-24ff-fe36-96e0]-9618&alias=ssilwalgpu4000.chtc.wisc.edu&noUDP&sock=startd_10752_8e60>
	SlotName: backfill1_1@ssilwalgpu4000.chtc.wisc.edu
	AvailableGPUs = { GPUs_GPU_0f265617 }
	CondorScratchDir = "/var/lib/condor/execute/slot1/dir_17886/scratch"
	Cpus = 1
	Disk = 16777216
	GPUs = 1
	GPUs_GPU_0f265617 = [ Id = "GPU-0f265617"; Capability = 9.0; DeviceName = "NVIDIA H200"; DeviceUuid = "0f265617-f0b4-a10d-d782-60f350b4ad11"; ECCEnabled = true; NvidiaDriver = "570.195.03"; DriverVersion = 12.8; DevicePciBusId = "0000:B0:00.0"; GlobalMemoryMb = 143166; MaxSupportedVersion = 12080 ]
	IoHeavy = 0
	Memory = 16384
...
006 (8018100.275.000) 2026-06-21 16:21:27 Image size of job updated: 188
	0  -  MemoryUsage of job (MB)
	0  -  ResidentSetSize of job (KB)
...
040 (8018100.275.000) 2026-06-21 16:21:27 Started transferring output files
...
040 (8018100.275.000) 2026-06-21 16:21:27 Finished transferring output files
...
004 (8018100.275.000) 2026-06-21 16:21:28 Job was evicted.
	(0) Job terminated and was requeued
		Usr 0 00:00:01, Sys 0 00:00:00  -  Run Remote Usage
		Usr 0 00:00:00, Sys 0 00:00:00  -  Run Local Usage
	451  -  Run Bytes Sent By Job
	2782476646  -  Run Bytes Received By Job
	(1) Normal termination (return value 2)
	The job attribute OnExitRemove expression 'NumJobCompletions > JobMaxRetries || ExitCode =?= 0' evaluated to FALSE
...
040 (8018100.275.000) 2026-06-21 16:24:51 Started transferring input files
	Transferring to host: <172.17.0.4:35113?CCBID=128.105.82.148:9618%3faddrs%3d128.105.82.148-9618+[2607-f388-2200-9d-7ccb-bc08-2489-768a]-9618%26alias%3dospool-ccb.osg.chtc.io%26noUDP%26sock%3dcollector6#4098462%2067.58.49.91:9618%3faddrs%3d67.58.49.91-9618+[fdf0-17b3-c3ec-1f79-10-0-e-b69d]-9618%26alias%3dccb-2.ospool.osg-htc.org%26noUDP%26sock%3dcollector6#4092513&PrivNet=Colgate-CCARE-EP.3dd51df4d4e0&addrs=172.17.0.4-35113&alias=Colgate-CCARE-EP.3dd51df4d4e0&noUDP&sock=slot1_3_4286_9fe7_8688>
...
040 (8018100.275.000) 2026-06-21 16:25:47 Finished transferring input files
...
021 (8018100.275.000) 2026-06-21 16:25:48 Message from starter on slot1_3@Colgate-CCARE-EP.3dd51df4d4e0:
	PREPARE_JOB (prepare-hook) succeeded (reported status 000): Using Singularity image openfe_1.11.1.sif
...
001 (8018100.275.000) 2026-06-21 16:25:48 Job executing on host: <172.17.0.4:35113?CCBID=128.105.82.148:9618%3faddrs%3d128.105.82.148-9618+[2607-f388-2200-9d-7ccb-bc08-2489-768a]-9618%26alias%3dospool-ccb.osg.chtc.io%26noUDP%26sock%3dcollector6#4098462%2067.58.49.91:9618%3faddrs%3d67.58.49.91-9618+[fdf0-17b3-c3ec-1f79-10-0-e-b69d]-9618%26alias%3dccb-2.ospool.osg-htc.org%26noUDP%26sock%3dcollector6#4092513&PrivNet=Colgate-CCARE-EP.3dd51df4d4e0&addrs=172.17.0.4-35113&alias=Colgate-CCARE-EP.3dd51df4d4e0&noUDP&sock=startd_4279_9dd7>
	SlotName: slot1_3@Colgate-CCARE-EP.3dd51df4d4e0
	AvailableGPUs = { GPUs_GPU_c6074c74 }
	CondorScratchDir = "/pilot/osgvo-pilot-WPz1dj/execute/dir_3789636"
	Cpus = 1
	Disk = 16778446
	GPUs = 1
	GPUs_GPU_c6074c74 = [ Id = "GPU-c6074c74"; Capability = 9.0; DeviceName = "NVIDIA H100 80GB HBM3"; DeviceUuid = "c6074c74-3099-9317-e298-03f0c2ad482a"; ECCEnabled = true; NvidiaDriver = "560.35.03"; DriverVersion = 12.6; DevicePciBusId = "0000:CB:00.0"; GlobalMemoryMb = 81110; MaxSupportedVersion = 12060 ]
	Memory = 16384
...
006 (8018100.275.000) 2026-06-21 16:25:55 Image size of job updated: 200
	4  -  MemoryUsage of job (MB)
	3464  -  ResidentSetSize of job (KB)
...
040 (8018100.275.000) 2026-06-21 16:25:56 Started transferring output files
...
040 (8018100.275.000) 2026-06-21 16:25:56 Finished transferring output files
...
004 (8018100.275.000) 2026-06-21 16:25:56 Job was evicted.
	(0) Job terminated and was requeued
		Usr 0 00:00:00, Sys 0 00:00:00  -  Run Remote Usage
		Usr 0 00:00:00, Sys 0 00:00:00  -  Run Local Usage
	546  -  Run Bytes Sent By Job
	2782476646  -  Run Bytes Received By Job
	(1) Normal termination (return value 2)
	The job attribute OnExitRemove expression 'NumJobCompletions > JobMaxRetries || ExitCode =?= 0' evaluated to FALSE
...
040 (8018100.275.000) 2026-06-21 16:26:22 Started transferring input files
	Transferring to host: <128.104.103.104:9618?addrs=128.104.103.104-9618+[2607-f388-107c-501-ae1f-6bff-fe40-ce2e]-9618&alias=gitter0000.chtc.wisc.edu&noUDP&sock=backfill1_2_8979_4486_9001>
...
040 (8018100.275.000) 2026-06-21 16:27:24 Finished transferring input files
...
022 (8018100.275.000) 2026-06-21 16:27:24 Job disconnected, attempting to reconnect
    Socket between submit and execute hosts closed unexpectedly
    Trying to reconnect to backfill1_2@gitter0000.chtc.wisc.edu <128.104.103.104:9618?addrs=128.104.103.104-9618+[2607-f388-107c-501-ae1f-6bff-fe40-ce2e]-9618&alias=gitter0000.chtc.wisc.edu&noUDP&sock=startd_8665_0c39>
...
024 (8018100.275.000) 2026-06-21 16:27:25 Job reconnection failed
    Job not found at execution machine
    Can not reconnect to backfill1_2@gitter0000.chtc.wisc.edu, rescheduling job
...
004 (8018100.275.000) 2026-06-21 16:27:26 Job was evicted. Code 1008 Subcode 0
	(0) CPU times
		Usr 0 00:00:00, Sys 0 00:00:00  -  Run Remote Usage
		Usr 0 00:00:00, Sys 0 00:00:00  -  Run Local Usage
	0  -  Run Bytes Sent By Job
	0  -  Run Bytes Received By Job
	Reason: Job not found at execution machine
	Partitionable Resources :     Usage  Request Allocated Assigned
	   Cpus                 :      0.09        1         1 
	   Disk (KB)            : 372277    16777216  16777216 
	   GPUs                 :      0           1         1 "GPU-ef72567f"
	   IoHeavy              :                            0 
	   Memory (MB)          :      4       16384     16384 
	   TimeExecute (s)      :      7                       
	   TimeSlotBusy (s)     :     66                       
...
040 (8018100.275.000) 2026-06-21 16:27:30 Started transferring input files
	Transferring to host: <128.105.68.103:9618?addrs=128.105.68.103-9618+[2607-f388-2200-100-1270-fdff-fe74-930]-9618&alias=gpu2011.chtc.wisc.edu&noUDP&sock=slot2_8_3669582_3c1f_87297>
...
040 (8018100.275.000) 2026-06-21 16:27:43 Finished transferring input files
...
001 (8018100.275.000) 2026-06-21 16:27:43 Job executing on host: <128.105.68.103:9618?addrs=128.105.68.103-9618+[2607-f388-2200-100-1270-fdff-fe74-930]-9618&alias=gpu2011.chtc.wisc.edu&noUDP&sock=startd_12054_9eaf>
	SlotName: slot2_8@gpu2011.chtc.wisc.edu
	AvailableGPUs = { GPUs_MIG_c5e1d4fb_0f82_5359_95a5_168b9fca8f6e }
	CondorScratchDir = "/var/lib/condor/execute/slot2/dir_3585888/scratch"
	Cpus = 1
	Disk = 16777216
	GPUs = 1
	GPUs_MIG_c5e1d4fb_0f82_5359_95a5_168b9fca8f6e = [ Id = "MIG-c5e1d4fb-0f82-5359-95a5-168b9fca8f6e"; Capability = 8.0; DeviceName = "NVIDIA A100-SXM4-80GB MIG 3g.40gb"; DeviceUuid = "MIG-c5e1d4fb-0f82-5359-95a5-168b9fca8f6e"; ECCEnabled = true; NvidiaDriver = "570.195.03"; DriverVersion = 12.8; DevicePciBusId = "0000:C1:00.0"; GlobalMemoryMb = 40100; MaxSupportedVersion = 12080 ]
	IoHeavy = 0
	Memory = 16384
...
006 (8018100.275.000) 2026-06-21 16:27:47 Image size of job updated: 1180
	4  -  MemoryUsage of job (MB)
	3500  -  ResidentSetSize of job (KB)
...
040 (8018100.275.000) 2026-06-21 16:27:47 Started transferring output files
...
040 (8018100.275.000) 2026-06-21 16:27:47 Finished transferring output files
...
004 (8018100.275.000) 2026-06-21 16:27:48 Job was evicted.
	(0) Job terminated and was requeued
		Usr 0 00:00:01, Sys 0 00:00:01  -  Run Remote Usage
		Usr 0 00:00:00, Sys 0 00:00:00  -  Run Local Usage
	444  -  Run Bytes Sent By Job
	2782476646  -  Run Bytes Received By Job
	(1) Normal termination (return value 2)
	The job attribute OnExitRemove expression 'NumJobCompletions > JobMaxRetries || ExitCode =?= 0' evaluated to FALSE
...
040 (8018100.275.000) 2026-06-21 16:27:56 Started transferring input files
	Transferring to host: <128.105.68.103:9618?addrs=128.105.68.103-9618+[2607-f388-2200-100-1270-fdff-fe74-930]-9618&alias=gpu2011.chtc.wisc.edu&noUDP&sock=slot2_8_3669582_3c1f_87298>
...
040 (8018100.275.000) 2026-06-21 16:28:12 Finished transferring input files
...
001 (8018100.275.000) 2026-06-21 16:28:12 Job executing on host: <128.105.68.103:9618?addrs=128.105.68.103-9618+[2607-f388-2200-100-1270-fdff-fe74-930]-9618&alias=gpu2011.chtc.wisc.edu&noUDP&sock=startd_12054_9eaf>
	SlotName: slot2_8@gpu2011.chtc.wisc.edu
	AvailableGPUs = { GPUs_MIG_c5e1d4fb_0f82_5359_95a5_168b9fca8f6e }
	CondorScratchDir = "/var/lib/condor/execute/slot2/dir_3586832/scratch"
	Cpus = 1
	Disk = 16777216
	GPUs = 1
	GPUs_MIG_c5e1d4fb_0f82_5359_95a5_168b9fca8f6e = [ Id = "MIG-c5e1d4fb-0f82-5359-95a5-168b9fca8f6e"; Capability = 8.0; DeviceName = "NVIDIA A100-SXM4-80GB MIG 3g.40gb"; DeviceUuid = "MIG-c5e1d4fb-0f82-5359-95a5-168b9fca8f6e"; ECCEnabled = true; NvidiaDriver = "570.195.03"; DriverVersion = 12.8; DevicePciBusId = "0000:C1:00.0"; GlobalMemoryMb = 40100; MaxSupportedVersion = 12080 ]
	IoHeavy = 0
	Memory = 16384
...
040 (8018100.275.000) 2026-06-21 16:28:15 Started transferring output files
...
040 (8018100.275.000) 2026-06-21 16:28:15 Finished transferring output files
...
004 (8018100.275.000) 2026-06-21 16:28:16 Job was evicted.
	(0) Job terminated and was requeued
		Usr 0 00:00:01, Sys 0 00:00:00  -  Run Remote Usage
		Usr 0 00:00:00, Sys 0 00:00:00  -  Run Local Usage
	444  -  Run Bytes Sent By Job
	2782476646  -  Run Bytes Received By Job
	(1) Normal termination (return value 2)
	The job attribute OnExitRemove expression 'NumJobCompletions > JobMaxRetries || ExitCode =?= 0' evaluated to FALSE
...
040 (8018100.275.000) 2026-06-21 16:28:23 Started transferring input files
	Transferring to host: <128.105.68.103:9618?addrs=128.105.68.103-9618+[2607-f388-2200-100-1270-fdff-fe74-930]-9618&alias=gpu2011.chtc.wisc.edu&noUDP&sock=slot2_8_3669582_3c1f_87301>
...
040 (8018100.275.000) 2026-06-21 16:28:43 Finished transferring input files
...
001 (8018100.275.000) 2026-06-21 16:28:43 Job executing on host: <128.105.68.103:9618?addrs=128.105.68.103-9618+[2607-f388-2200-100-1270-fdff-fe74-930]-9618&alias=gpu2011.chtc.wisc.edu&noUDP&sock=startd_12054_9eaf>
	SlotName: slot2_8@gpu2011.chtc.wisc.edu
	AvailableGPUs = { GPUs_MIG_c5e1d4fb_0f82_5359_95a5_168b9fca8f6e }
	CondorScratchDir = "/var/lib/condor/execute/slot2/dir_3588060/scratch"
	Cpus = 1
	Disk = 16777216
	GPUs = 1
	GPUs_MIG_c5e1d4fb_0f82_5359_95a5_168b9fca8f6e = [ Id = "MIG-c5e1d4fb-0f82-5359-95a5-168b9fca8f6e"; Capability = 8.0; DeviceName = "NVIDIA A100-SXM4-80GB MIG 3g.40gb"; DeviceUuid = "MIG-c5e1d4fb-0f82-5359-95a5-168b9fca8f6e"; ECCEnabled = true; NvidiaDriver = "570.195.03"; DriverVersion = 12.8; DevicePciBusId = "0000:C1:00.0"; GlobalMemoryMb = 40100; MaxSupportedVersion = 12080 ]
	IoHeavy = 0
	Memory = 16384
...
040 (8018100.275.000) 2026-06-21 16:28:47 Started transferring output files
...
040 (8018100.275.000) 2026-06-21 16:28:47 Finished transferring output files
...
004 (8018100.275.000) 2026-06-21 16:28:47 Job was evicted.
	(0) Job terminated and was requeued
		Usr 0 00:00:02, Sys 0 00:00:01  -  Run Remote Usage
		Usr 0 00:00:00, Sys 0 00:00:00  -  Run Local Usage
	444  -  Run Bytes Sent By Job
	2782476646  -  Run Bytes Received By Job
	(1) Normal termination (return value 2)
	The job attribute OnExitRemove expression 'NumJobCompletions > JobMaxRetries || ExitCode =?= 0' evaluated to FALSE
...
040 (8018100.275.000) 2026-06-21 16:28:57 Started transferring input files
	Transferring to host: <128.105.68.103:9618?addrs=128.105.68.103-9618+[2607-f388-2200-100-1270-fdff-fe74-930]-9618&alias=gpu2011.chtc.wisc.edu&noUDP&sock=slot2_8_3669582_3c1f_87305>
...
040 (8018100.275.000) 2026-06-21 16:29:20 Finished transferring input files
...
001 (8018100.275.000) 2026-06-21 16:29:20 Job executing on host: <128.105.68.103:9618?addrs=128.105.68.103-9618+[2607-f388-2200-100-1270-fdff-fe74-930]-9618&alias=gpu2011.chtc.wisc.edu&noUDP&sock=startd_12054_9eaf>
	SlotName: slot2_8@gpu2011.chtc.wisc.edu
	AvailableGPUs = { GPUs_MIG_c5e1d4fb_0f82_5359_95a5_168b9fca8f6e }
	CondorScratchDir = "/var/lib/condor/execute/slot2/dir_3589691/scratch"
	Cpus = 1
	Disk = 16777216
	GPUs = 1
	GPUs_MIG_c5e1d4fb_0f82_5359_95a5_168b9fca8f6e = [ Id = "MIG-c5e1d4fb-0f82-5359-95a5-168b9fca8f6e"; Capability = 8.0; DeviceName = "NVIDIA A100-SXM4-80GB MIG 3g.40gb"; DeviceUuid = "MIG-c5e1d4fb-0f82-5359-95a5-168b9fca8f6e"; ECCEnabled = true; NvidiaDriver = "570.195.03"; DriverVersion = 12.8; DevicePciBusId = "0000:C1:00.0"; GlobalMemoryMb = 40100; MaxSupportedVersion = 12080 ]
	IoHeavy = 0
	Memory = 16384
...
040 (8018100.275.000) 2026-06-21 16:29:23 Started transferring output files
...
040 (8018100.275.000) 2026-06-21 16:29:23 Finished transferring output files
...
004 (8018100.275.000) 2026-06-21 16:29:24 Job was evicted.
	(0) Job terminated and was requeued
		Usr 0 00:00:02, Sys 0 00:00:01  -  Run Remote Usage
		Usr 0 00:00:00, Sys 0 00:00:00  -  Run Local Usage
	444  -  Run Bytes Sent By Job
	2782476646  -  Run Bytes Received By Job
	(1) Normal termination (return value 2)
	The job attribute OnExitRemove expression 'NumJobCompletions > JobMaxRetries || ExitCode =?= 0' evaluated to FALSE
...
040 (8018100.275.000) 2026-06-21 16:29:28 Started transferring input files
	Transferring to host: <128.104.100.17:9618?addrs=128.104.100.17-9618+[2607-f388-107c-501-527c-6fff-fe66-e9bc]-9618&alias=jcaicedogpu0002.chtc.wisc.edu&noUDP&sock=backfill1_3_2855957_d182_90561>
...
040 (8018100.275.000) 2026-06-21 16:29:54 Finished transferring input files
...
001 (8018100.275.000) 2026-06-21 16:29:54 Job executing on host: <128.104.100.17:9618?addrs=128.104.100.17-9618+[2607-f388-107c-501-527c-6fff-fe66-e9bc]-9618&alias=jcaicedogpu0002.chtc.wisc.edu&noUDP&sock=startd_11788_2a7e>
	SlotName: backfill1_3@jcaicedogpu0002.chtc.wisc.edu
	AvailableGPUs = { GPUs_GPU_4bcd09a1 }
	CondorScratchDir = "/var/lib/condor/execute/slot1/dir_2294657/scratch"
	Cpus = 1
	Disk = 16777216
	GPUs = 1
	GPUs_GPU_4bcd09a1 = [ Id = "GPU-4bcd09a1"; Capability = 8.9; DeviceName = "NVIDIA L40S"; DeviceUuid = "4bcd09a1-587a-5449-f708-040c59c93c87"; ECCEnabled = true; NvidiaDriver = "570.195.03"; DriverVersion = 12.8; DevicePciBusId = "0000:BD:00.0"; GlobalMemoryMb = 45468; MaxSupportedVersion = 12080 ]
	IoHeavy = 0
	Memory = 16384
...
040 (8018100.275.000) 2026-06-21 16:29:58 Started transferring output files
...
040 (8018100.275.000) 2026-06-21 16:29:58 Finished transferring output files
...
004 (8018100.275.000) 2026-06-21 16:29:58 Job was evicted.
	(0) Job terminated and was requeued
		Usr 0 00:00:01, Sys 0 00:00:00  -  Run Remote Usage
		Usr 0 00:00:00, Sys 0 00:00:00  -  Run Local Usage
	452  -  Run Bytes Sent By Job
	2782476646  -  Run Bytes Received By Job
	(1) Normal termination (return value 2)
	The job attribute OnExitRemove expression 'NumJobCompletions > JobMaxRetries || ExitCode =?= 0' evaluated to FALSE
...
040 (8018100.275.000) 2026-06-21 16:30:12 Started transferring input files
	Transferring to host: <128.105.76.47:9618?addrs=128.105.76.47-9618+[2607-f388-2200-100-527c-6fff-fe82-826a]-9618&alias=gpu4006.chtc.wisc.edu&noUDP&sock=slot2_6_2618986_4fbd_88589>
...
040 (8018100.275.000) 2026-06-21 16:30:36 Finished transferring input files
...
001 (8018100.275.000) 2026-06-21 16:30:36 Job executing on host: <128.105.76.47:9618?addrs=128.105.76.47-9618+[2607-f388-2200-100-527c-6fff-fe82-826a]-9618&alias=gpu4006.chtc.wisc.edu&noUDP&sock=startd_11220_90b3>
	SlotName: slot2_6@gpu4006.chtc.wisc.edu
	AvailableGPUs = { GPUs_GPU_a7db8880 }
	CondorScratchDir = "/var/lib/condor/execute/slot2/dir_2970635/scratch"
	Cpus = 1
	Disk = 16777216
	GPUs = 1
	GPUs_GPU_a7db8880 = [ Id = "GPU-a7db8880"; Capability = 8.9; DeviceName = "NVIDIA L40S"; DeviceUuid = "a7db8880-55ca-0490-a7d4-abafc6737be6"; ECCEnabled = true; NvidiaDriver = "590.48.01"; DriverVersion = 13.1; DevicePciBusId = "0000:A1:00.0"; GlobalMemoryMb = 45460; MaxSupportedVersion = 13010 ]
	IoHeavy = 0
	Memory = 16384
...
040 (8018100.275.000) 2026-06-21 16:30:38 Started transferring output files
...
040 (8018100.275.000) 2026-06-21 16:30:38 Finished transferring output files
...
004 (8018100.275.000) 2026-06-21 16:30:39 Job was evicted.
	(0) Job terminated and was requeued
		Usr 0 00:00:01, Sys 0 00:00:00  -  Run Remote Usage
		Usr 0 00:00:00, Sys 0 00:00:00  -  Run Local Usage
	458  -  Run Bytes Sent By Job
	2782476646  -  Run Bytes Received By Job
	(1) Normal termination (return value 2)
	The job attribute OnExitRemove expression 'NumJobCompletions > JobMaxRetries || ExitCode =?= 0' evaluated to FALSE
...
040 (8018100.275.000) 2026-06-21 16:30:53 Started transferring input files
	Transferring to host: <128.104.103.47:9618?addrs=128.104.103.47-9618+[2607-f388-107c-501-a236-9fff-fe3c-f3a0]-9618&alias=ahlquist0000.chtc.wisc.edu&noUDP&sock=backfill1_5_9919_952c_8507>
...
040 (8018100.275.000) 2026-06-21 16:35:53 Finished transferring input files
...
001 (8018100.275.000) 2026-06-21 16:35:55 Job executing on host: <128.104.103.47:9618?addrs=128.104.103.47-9618+[2607-f388-107c-501-a236-9fff-fe3c-f3a0]-9618&alias=ahlquist0000.chtc.wisc.edu&noUDP&sock=startd_9052_7f60>
	SlotName: backfill1_5@ahlquist0000.chtc.wisc.edu
	AvailableGPUs = { GPUs_GPU_14b37369 }
	CondorScratchDir = "/var/lib/condor/execute/slot1/dir_1459580/scratch"
	Cpus = 1
	Disk = 16777216
	GPUs = 1
	GPUs_GPU_14b37369 = [ Id = "GPU-14b37369"; Capability = 7.5; DeviceName = "NVIDIA GeForce RTX 2080 Ti"; DeviceUuid = "14b37369-ea21-8e82-0087-181861785aad"; ECCEnabled = false; NvidiaDriver = "550.54.14"; DriverVersion = 12.4; DevicePciBusId = "0000:3E:00.0"; GlobalMemoryMb = 11004; MaxSupportedVersion = 12040 ]
	IoHeavy = 0
	Memory = 16384
...
006 (8018100.275.000) 2026-06-21 16:36:01 Image size of job updated: 6580
	4  -  MemoryUsage of job (MB)
	3500  -  ResidentSetSize of job (KB)
...
040 (8018100.275.000) 2026-06-21 16:36:01 Started transferring output files
...
040 (8018100.275.000) 2026-06-21 16:36:01 Finished transferring output files
...
004 (8018100.275.000) 2026-06-21 16:36:06 Job was evicted.
	(0) Job terminated and was requeued
		Usr 0 00:00:03, Sys 0 00:00:00  -  Run Remote Usage
		Usr 0 00:00:00, Sys 0 00:00:00  -  Run Local Usage
	449  -  Run Bytes Sent By Job
	2782476646  -  Run Bytes Received By Job
	(1) Normal termination (return value 2)
	The job attribute OnExitRemove expression 'NumJobCompletions > JobMaxRetries || ExitCode =?= 0' evaluated to FALSE
...
040 (8018100.275.000) 2026-06-21 16:36:11 Started transferring input files
	Transferring to host: <128.105.68.168:9618?addrs=128.105.68.168-9618+[2607-f388-2200-100-b62e-99ff-feb7-2dcb]-9618&alias=gpulab2003.chtc.wisc.edu&noUDP&sock=slot2_4_11172_6f3f_8116>
...
040 (8018100.275.000) 2026-06-21 16:36:29 Finished transferring input files
...
001 (8018100.275.000) 2026-06-21 16:36:29 Job executing on host: <128.105.68.168:9618?addrs=128.105.68.168-9618+[2607-f388-2200-100-b62e-99ff-feb7-2dcb]-9618&alias=gpulab2003.chtc.wisc.edu&noUDP&sock=startd_10155_1056>
	SlotName: slot2_4@gpulab2003.chtc.wisc.edu
	AvailableGPUs = { GPUs_GPU_61902b82 }
	CondorScratchDir = "/var/lib/condor/execute/slot2/dir_1526121/scratch"
	Cpus = 1
	Disk = 16777216
	GPUs = 1
	GPUs_GPU_61902b82 = [ Id = "GPU-61902b82"; Capability = 7.5; DeviceName = "NVIDIA GeForce RTX 2080 Ti"; DeviceUuid = "61902b82-cedb-e4be-d010-bca8829ec79b"; ECCEnabled = false; NvidiaDriver = "570.195.03"; DriverVersion = 12.8; DevicePciBusId = "0000:B2:00.0"; GlobalMemoryMb = 10823; MaxSupportedVersion = 12080 ]
	IoHeavy = 0
	Memory = 16384
...
006 (8018100.275.000) 2026-06-21 16:36:33 Image size of job updated: 13516
	13  -  MemoryUsage of job (MB)
	12304  -  ResidentSetSize of job (KB)
...
040 (8018100.275.000) 2026-06-21 16:36:33 Started transferring output files
...
040 (8018100.275.000) 2026-06-21 16:36:33 Finished transferring output files
...
005 (8018100.275.000) 2026-06-21 16:36:34 Job terminated.
	(1) Normal termination (return value 2)
		Usr 0 00:00:03, Sys 0 00:00:00  -  Run Remote Usage
		Usr 0 00:00:00, Sys 0 00:00:00  -  Run Local Usage
		Usr 0 00:00:17, Sys 0 00:00:03  -  Total Remote Usage
		Usr 0 00:00:00, Sys 0 00:00:00  -  Total Local Usage
	437  -  Run Bytes Sent By Job
	2782476646  -  Run Bytes Received By Job
	5021  -  Total Bytes Sent By Job
	30607243106  -  Total Bytes Received By Job
	Partitionable Resources :    Usage  Request Allocated Assigned
	   Cpus                 :        0        1         1 
	   Disk (KB)            :  2717299 16777216  16777216 
	   GPUs                 :        0        1         1 "GPU-61902b82"
	   IoHeavy              :                           0 
	   Memory (MB)          :       13    16384     16384 
	   TimeExecute (s)      :        4                    
	   TimeSlotBusy (s)     :       22                    
...
