000 (8017966.746.000) 2026-06-20 22:07:54 Job submitted from host: <128.105.68.112:9618?addrs=128.105.68.112-9618+[2607-f388-2200-100-eaeb-d3ff-fea3-4202]-9618&alias=ap2001.chtc.wisc.edu&noUDP&sock=schedd_4071840_2329>
...
040 (8017966.746.000) 2026-06-21 04:13:58 Started transferring input files
	Transferring to host: <128.105.76.52:9618?addrs=128.105.76.52-9618+[2607-f388-2200-100-b65c-b5ff-fe81-e53e]-9618&alias=dbrundage-chtcgpu5000.chtc.wisc.edu&noUDP&sock=backfill1_3_11313_c825_13786>
...
040 (8017966.746.000) 2026-06-21 04:14:08 Finished transferring input files
...
001 (8017966.746.000) 2026-06-21 04:14:08 Job executing on host: <128.105.76.52:9618?addrs=128.105.76.52-9618+[2607-f388-2200-100-b65c-b5ff-fe81-e53e]-9618&alias=dbrundage-chtcgpu5000.chtc.wisc.edu&noUDP&sock=startd_10956_7bb2>
	SlotName: backfill1_3@dbrundage-chtcgpu5000.chtc.wisc.edu
	AvailableGPUs = { GPUs_GPU_51d5c720 }
	CondorScratchDir = "/var/lib/condor/execute/slot1/dir_237955/scratch"
	Cpus = 1
	Disk = 16777216
	GPUs = 1
	GPUs_GPU_51d5c720 = [ Id = "GPU-51d5c720"; Capability = 9.0; DeviceName = "NVIDIA H200"; DeviceUuid = "51d5c720-5fa1-f041-4e6a-f687563a7cc3"; ECCEnabled = true; NvidiaDriver = "590.48.01"; DriverVersion = 13.1; DevicePciBusId = "0000:4C:00.0"; GlobalMemoryMb = 143158; MaxSupportedVersion = 13010 ]
	IoHeavy = 0
	Memory = 16384
...
006 (8017966.746.000) 2026-06-21 04:14:17 Image size of job updated: 475352
	465  -  MemoryUsage of job (MB)
	475352  -  ResidentSetSize of job (KB)
...
006 (8017966.746.000) 2026-06-21 04:19:17 Image size of job updated: 2004212
	1956  -  MemoryUsage of job (MB)
	2002804  -  ResidentSetSize of job (KB)
...
006 (8017966.746.000) 2026-06-21 04:24:18 Image size of job updated: 2004212
	1956  -  MemoryUsage of job (MB)
	2002908  -  ResidentSetSize of job (KB)
...
006 (8017966.746.000) 2026-06-21 04:44:19 Image size of job updated: 2012048
	1965  -  MemoryUsage of job (MB)
	2012048  -  ResidentSetSize of job (KB)
...
006 (8017966.746.000) 2026-06-21 04:49:20 Image size of job updated: 2012064
	1965  -  MemoryUsage of job (MB)
	2012048  -  ResidentSetSize of job (KB)
...
006 (8017966.746.000) 2026-06-21 05:09:22 Image size of job updated: 2016020
	1969  -  MemoryUsage of job (MB)
	2016020  -  ResidentSetSize of job (KB)
...
006 (8017966.746.000) 2026-06-21 05:14:23 Image size of job updated: 2016024
	1969  -  MemoryUsage of job (MB)
	2016024  -  ResidentSetSize of job (KB)
...
006 (8017966.746.000) 2026-06-21 05:19:23 Image size of job updated: 2016028
	1969  -  MemoryUsage of job (MB)
	2016028  -  ResidentSetSize of job (KB)
...
006 (8017966.746.000) 2026-06-21 05:34:25 Image size of job updated: 2024264
	1977  -  MemoryUsage of job (MB)
	2024264  -  ResidentSetSize of job (KB)
...
006 (8017966.746.000) 2026-06-21 05:59:28 Image size of job updated: 2028376
	1981  -  MemoryUsage of job (MB)
	2028376  -  ResidentSetSize of job (KB)
...
006 (8017966.746.000) 2026-06-21 06:14:30 Image size of job updated: 2028380
	1981  -  MemoryUsage of job (MB)
	2028380  -  ResidentSetSize of job (KB)
...
006 (8017966.746.000) 2026-06-21 06:19:30 Image size of job updated: 2028388
	1981  -  MemoryUsage of job (MB)
	2028388  -  ResidentSetSize of job (KB)
...
006 (8017966.746.000) 2026-06-21 06:29:32 Image size of job updated: 2028392
	1981  -  MemoryUsage of job (MB)
	2028392  -  ResidentSetSize of job (KB)
...
040 (8017966.746.000) 2026-06-21 06:54:37 Started transferring output files
...
040 (8017966.746.000) 2026-06-21 06:54:37 Finished transferring output files
...
005 (8017966.746.000) 2026-06-21 06:54:38 Job terminated.
	(1) Normal termination (return value 0)
		Usr 0 02:46:40, Sys 0 01:52:29  -  Run Remote Usage
		Usr 0 00:00:00, Sys 0 00:00:00  -  Run Local Usage
		Usr 0 02:46:40, Sys 0 01:52:29  -  Total Remote Usage
		Usr 0 00:00:00, Sys 0 00:00:00  -  Total Local Usage
	10390145  -  Run Bytes Sent By Job
	2782479755  -  Run Bytes Received By Job
	10390145  -  Total Bytes Sent By Job
	2782479755  -  Total Bytes Received By Job
	Partitionable Resources :      Usage  Request Allocated Assigned
	   Cpus                 :       1.00        1         1 
	   Disk (KB)            : 2798472    16777216  16777216 
	   GPUs                 :       0.87        1         1 "GPU-51d5c720"
	   GpusMemory (MB)      :    8669                       
	   IoHeavy              :                             0 
	   Memory (MB)          :    1981       16384     16384 
	   TimeExecute (s)      :    9629                       
	   TimeSlotBusy (s)     :    9639                       
...
