000 (8018100.281.000) 2026-06-21 13:37:20 Job submitted from host: <128.105.68.112:9618?addrs=128.105.68.112-9618+[2607-f388-2200-100-eaeb-d3ff-fea3-4202]-9618&alias=ap2001.chtc.wisc.edu&noUDP&sock=schedd_4071840_2329>
...
040 (8018100.281.000) 2026-06-21 16:20:36 Started transferring input files
	Transferring to host: <128.104.100.17:9618?addrs=128.104.100.17-9618+[2607-f388-107c-501-527c-6fff-fe66-e9bc]-9618&alias=jcaicedogpu0002.chtc.wisc.edu&noUDP&sock=backfill1_4_2855957_d182_90529>
...
040 (8018100.281.000) 2026-06-21 16:20:44 Finished transferring input files
...
001 (8018100.281.000) 2026-06-21 16:20:44 Job executing on host: <128.104.100.17:9618?addrs=128.104.100.17-9618+[2607-f388-107c-501-527c-6fff-fe66-e9bc]-9618&alias=jcaicedogpu0002.chtc.wisc.edu&noUDP&sock=startd_11788_2a7e>
	SlotName: backfill1_4@jcaicedogpu0002.chtc.wisc.edu
	AvailableGPUs = { GPUs_GPU_8f76f793 }
	CondorScratchDir = "/var/lib/condor/execute/slot1/dir_2289846/scratch"
	Cpus = 1
	Disk = 16777216
	GPUs = 1
	GPUs_GPU_8f76f793 = [ Id = "GPU-8f76f793"; Capability = 8.9; DeviceName = "NVIDIA L40S"; DeviceUuid = "8f76f793-fe24-bbe0-a0d4-3da8c1a9cb72"; ECCEnabled = true; NvidiaDriver = "570.195.03"; DriverVersion = 12.8; DevicePciBusId = "0000:99:00.0"; GlobalMemoryMb = 45468; MaxSupportedVersion = 12080 ]
	IoHeavy = 0
	Memory = 16384
...
006 (8018100.281.000) 2026-06-21 16:20:47 Image size of job updated: 92
	0  -  MemoryUsage of job (MB)
	0  -  ResidentSetSize of job (KB)
...
040 (8018100.281.000) 2026-06-21 16:20:47 Started transferring output files
...
040 (8018100.281.000) 2026-06-21 16:20:47 Finished transferring output files
...
004 (8018100.281.000) 2026-06-21 16:20:47 Job was evicted.
	(0) Job terminated and was requeued
		Usr 0 00:00:01, Sys 0 00:00:00  -  Run Remote Usage
		Usr 0 00:00:00, Sys 0 00:00:00  -  Run Local Usage
	452  -  Run Bytes Sent By Job
	2782648413  -  Run Bytes Received By Job
	(1) Normal termination (return value 2)
	The job attribute OnExitRemove expression 'NumJobCompletions > JobMaxRetries || ExitCode =?= 0' evaluated to FALSE
...
040 (8018100.281.000) 2026-06-21 16:23:00 Started transferring input files
	Transferring to host: <128.105.68.16:9618?addrs=128.105.68.16-9618+[2607-f388-2200-100-3eec-efff-fe0c-5412]-9618&alias=coba2000.chtc.wisc.edu&noUDP&sock=backfill1_3_1747599_5733_78401>
...
040 (8018100.281.000) 2026-06-21 16:23:22 Finished transferring input files
...
001 (8018100.281.000) 2026-06-21 16:23:22 Job executing on host: <128.105.68.16:9618?addrs=128.105.68.16-9618+[2607-f388-2200-100-3eec-efff-fe0c-5412]-9618&alias=coba2000.chtc.wisc.edu&noUDP&sock=startd_11607_03da>
	SlotName: backfill1_3@coba2000.chtc.wisc.edu
	AvailableGPUs = { GPUs_GPU_ee7237b4 }
	CondorScratchDir = "/var/lib/condor/execute/slot1/dir_2011303/scratch"
	Cpus = 1
	Disk = 16777216
	GPUs = 1
	GPUs_GPU_ee7237b4 = [ Id = "GPU-ee7237b4"; Capability = 8.0; DeviceName = "NVIDIA A100-SXM4-40GB"; DeviceUuid = "ee7237b4-7e82-64c1-4693-db39b705ecfa"; ECCEnabled = true; NvidiaDriver = "570.195.03"; DriverVersion = 12.8; DevicePciBusId = "0000:41:00.0"; GlobalMemoryMb = 40442; MaxSupportedVersion = 12080 ]
	IoHeavy = 0
	Memory = 16384
...
006 (8018100.281.000) 2026-06-21 16:23:26 Image size of job updated: 912
	0  -  MemoryUsage of job (MB)
	0  -  ResidentSetSize of job (KB)
...
040 (8018100.281.000) 2026-06-21 16:23:26 Started transferring output files
...
040 (8018100.281.000) 2026-06-21 16:23:26 Finished transferring output files
...
004 (8018100.281.000) 2026-06-21 16:23:26 Job was evicted.
	(0) Job terminated and was requeued
		Usr 0 00:00:02, Sys 0 00:00:00  -  Run Remote Usage
		Usr 0 00:00:00, Sys 0 00:00:00  -  Run Local Usage
	445  -  Run Bytes Sent By Job
	2782648413  -  Run Bytes Received By Job
	(1) Normal termination (return value 2)
	The job attribute OnExitRemove expression 'NumJobCompletions > JobMaxRetries || ExitCode =?= 0' evaluated to FALSE
...
040 (8018100.281.000) 2026-06-21 16:25:23 Started transferring input files
	Transferring to host: <128.105.68.124:9618?addrs=128.105.68.124-9618+[2607-f388-2200-100-7ec2-55ff-fe99-a508]-9618&alias=dsigpu4001.chtc.wisc.edu&noUDP&sock=slot2_6_205874_9b6d_82519>
...
040 (8018100.281.000) 2026-06-21 16:25:33 Finished transferring input files
...
001 (8018100.281.000) 2026-06-21 16:25:33 Job executing on host: <128.105.68.124:9618?addrs=128.105.68.124-9618+[2607-f388-2200-100-7ec2-55ff-fe99-a508]-9618&alias=dsigpu4001.chtc.wisc.edu&noUDP&sock=startd_10787_9031>
	SlotName: slot2_6@dsigpu4001.chtc.wisc.edu
	AvailableGPUs = { GPUs_GPU_02b71a7d }
	CondorScratchDir = "/var/lib/condor/execute/slot2/dir_2875640/scratch"
	Cpus = 1
	Disk = 16777216
	GPUs = 1
	GPUs_GPU_02b71a7d = [ Id = "GPU-02b71a7d"; Capability = 8.9; DeviceName = "NVIDIA L40"; DeviceUuid = "02b71a7d-67c0-d32f-ba10-ce934d1d8a7c"; ECCEnabled = true; NvidiaDriver = "570.195.03"; DriverVersion = 12.8; DevicePciBusId = "0000:CE:00.0"; GlobalMemoryMb = 45468; MaxSupportedVersion = 12080 ]
	IoHeavy = 0
	Memory = 16384
...
040 (8018100.281.000) 2026-06-21 16:25:36 Started transferring output files
...
040 (8018100.281.000) 2026-06-21 16:25:36 Finished transferring output files
...
004 (8018100.281.000) 2026-06-21 16:25:37 Job was evicted.
	(0) Job terminated and was requeued
		Usr 0 00:00:02, Sys 0 00:00:00  -  Run Remote Usage
		Usr 0 00:00:00, Sys 0 00:00:00  -  Run Local Usage
	447  -  Run Bytes Sent By Job
	2782648413  -  Run Bytes Received By Job
	(1) Normal termination (return value 2)
	The job attribute OnExitRemove expression 'NumJobCompletions > JobMaxRetries || ExitCode =?= 0' evaluated to FALSE
...
040 (8018100.281.000) 2026-06-21 16:25:57 Started transferring input files
	Transferring to host: <128.105.68.103:9618?addrs=128.105.68.103-9618+[2607-f388-2200-100-1270-fdff-fe74-930]-9618&alias=gpu2011.chtc.wisc.edu&noUDP&sock=slot2_1_3669582_3c1f_87290>
...
040 (8018100.281.000) 2026-06-21 16:26:27 Finished transferring input files
...
001 (8018100.281.000) 2026-06-21 16:26:27 Job executing on host: <128.105.68.103:9618?addrs=128.105.68.103-9618+[2607-f388-2200-100-1270-fdff-fe74-930]-9618&alias=gpu2011.chtc.wisc.edu&noUDP&sock=startd_12054_9eaf>
	SlotName: slot2_1@gpu2011.chtc.wisc.edu
	AvailableGPUs = { GPUs_MIG_00b83ffb_e443_56b0_81ae_fca0e86cdba2 }
	CondorScratchDir = "/var/lib/condor/execute/slot2/dir_3582035/scratch"
	Cpus = 1
	Disk = 16777216
	GPUs = 1
	GPUs_MIG_00b83ffb_e443_56b0_81ae_fca0e86cdba2 = [ Id = "MIG-00b83ffb-e443-56b0-81ae-fca0e86cdba2"; Capability = 8.0; DeviceName = "NVIDIA A100-SXM4-80GB MIG 3g.40gb"; DeviceUuid = "MIG-00b83ffb-e443-56b0-81ae-fca0e86cdba2"; ECCEnabled = true; NvidiaDriver = "570.195.03"; DriverVersion = 12.8; DevicePciBusId = "0000:81:00.0"; GlobalMemoryMb = 40100; MaxSupportedVersion = 12080 ]
	IoHeavy = 0
	Memory = 16384
...
040 (8018100.281.000) 2026-06-21 16:26:30 Started transferring output files
...
040 (8018100.281.000) 2026-06-21 16:26:30 Finished transferring output files
...
004 (8018100.281.000) 2026-06-21 16:26:31 Job was evicted.
	(0) Job terminated and was requeued
		Usr 0 00:00:02, Sys 0 00:00:00  -  Run Remote Usage
		Usr 0 00:00:00, Sys 0 00:00:00  -  Run Local Usage
	444  -  Run Bytes Sent By Job
	2782648413  -  Run Bytes Received By Job
	(1) Normal termination (return value 2)
	The job attribute OnExitRemove expression 'NumJobCompletions > JobMaxRetries || ExitCode =?= 0' evaluated to FALSE
...
040 (8018100.281.000) 2026-06-21 16:26:50 Started transferring input files
	Transferring to host: <128.105.68.168:9618?addrs=128.105.68.168-9618+[2607-f388-2200-100-b62e-99ff-feb7-2dcb]-9618&alias=gpulab2003.chtc.wisc.edu&noUDP&sock=slot2_4_11172_6f3f_8082>
...
040 (8018100.281.000) 2026-06-21 16:27:14 Finished transferring input files
...
001 (8018100.281.000) 2026-06-21 16:27:14 Job executing on host: <128.105.68.168:9618?addrs=128.105.68.168-9618+[2607-f388-2200-100-b62e-99ff-feb7-2dcb]-9618&alias=gpulab2003.chtc.wisc.edu&noUDP&sock=startd_10155_1056>
	SlotName: slot2_4@gpulab2003.chtc.wisc.edu
	AvailableGPUs = { GPUs_GPU_61902b82 }
	CondorScratchDir = "/var/lib/condor/execute/slot2/dir_1515349/scratch"
	Cpus = 1
	Disk = 16777216
	GPUs = 1
	GPUs_GPU_61902b82 = [ Id = "GPU-61902b82"; Capability = 7.5; DeviceName = "NVIDIA GeForce RTX 2080 Ti"; DeviceUuid = "61902b82-cedb-e4be-d010-bca8829ec79b"; ECCEnabled = false; NvidiaDriver = "570.195.03"; DriverVersion = 12.8; DevicePciBusId = "0000:B2:00.0"; GlobalMemoryMb = 10823; MaxSupportedVersion = 12080 ]
	IoHeavy = 0
	Memory = 16384
...
006 (8018100.281.000) 2026-06-21 16:27:18 Image size of job updated: 12400
	13  -  MemoryUsage of job (MB)
	12304  -  ResidentSetSize of job (KB)
...
040 (8018100.281.000) 2026-06-21 16:27:18 Started transferring output files
...
040 (8018100.281.000) 2026-06-21 16:27:18 Finished transferring output files
...
004 (8018100.281.000) 2026-06-21 16:27:18 Job was evicted.
	(0) Job terminated and was requeued
		Usr 0 00:00:03, Sys 0 00:00:00  -  Run Remote Usage
		Usr 0 00:00:00, Sys 0 00:00:00  -  Run Local Usage
	437  -  Run Bytes Sent By Job
	2782648413  -  Run Bytes Received By Job
	(1) Normal termination (return value 2)
	The job attribute OnExitRemove expression 'NumJobCompletions > JobMaxRetries || ExitCode =?= 0' evaluated to FALSE
...
040 (8018100.281.000) 2026-06-21 16:28:03 Started transferring input files
	Transferring to host: <128.105.76.47:9618?addrs=128.105.76.47-9618+[2607-f388-2200-100-527c-6fff-fe82-826a]-9618&alias=gpu4006.chtc.wisc.edu&noUDP&sock=slot2_1_2618986_4fbd_88581>
...
040 (8018100.281.000) 2026-06-21 16:28:22 Finished transferring input files
...
001 (8018100.281.000) 2026-06-21 16:28:22 Job executing on host: <128.105.76.47:9618?addrs=128.105.76.47-9618+[2607-f388-2200-100-527c-6fff-fe82-826a]-9618&alias=gpu4006.chtc.wisc.edu&noUDP&sock=startd_11220_90b3>
	SlotName: slot2_1@gpu4006.chtc.wisc.edu
	AvailableGPUs = { GPUs_GPU_66dc2611 }
	CondorScratchDir = "/var/lib/condor/execute/slot2/dir_2968710/scratch"
	Cpus = 1
	Disk = 16777216
	GPUs = 1
	GPUs_GPU_66dc2611 = [ Id = "GPU-66dc2611"; Capability = 8.9; DeviceName = "NVIDIA L40S"; DeviceUuid = "66dc2611-e8d4-150f-8e9c-de925917bc63"; ECCEnabled = true; NvidiaDriver = "590.48.01"; DriverVersion = 13.1; DevicePciBusId = "0000:01:00.0"; GlobalMemoryMb = 45460; MaxSupportedVersion = 13010 ]
	IoHeavy = 0
	Memory = 16384
...
040 (8018100.281.000) 2026-06-21 16:28:24 Started transferring output files
...
040 (8018100.281.000) 2026-06-21 16:28:24 Finished transferring output files
...
004 (8018100.281.000) 2026-06-21 16:28:25 Job was evicted.
	(0) Job terminated and was requeued
		Usr 0 00:00:01, Sys 0 00:00:00  -  Run Remote Usage
		Usr 0 00:00:00, Sys 0 00:00:00  -  Run Local Usage
	458  -  Run Bytes Sent By Job
	2782648413  -  Run Bytes Received By Job
	(1) Normal termination (return value 2)
	The job attribute OnExitRemove expression 'NumJobCompletions > JobMaxRetries || ExitCode =?= 0' evaluated to FALSE
...
040 (8018100.281.000) 2026-06-21 16:29:23 Started transferring input files
	Transferring to host: <128.105.68.98:9618?addrs=128.105.68.98-9618+[2607-f388-2200-100-1270-fdff-fe74-900]-9618&alias=gpu2006.chtc.wisc.edu&noUDP&sock=slot2_2_2262339_3c76_83732>
...
040 (8018100.281.000) 2026-06-21 16:29:36 Finished transferring input files
...
001 (8018100.281.000) 2026-06-21 16:29:36 Job executing on host: <128.105.68.98:9618?addrs=128.105.68.98-9618+[2607-f388-2200-100-1270-fdff-fe74-900]-9618&alias=gpu2006.chtc.wisc.edu&noUDP&sock=startd_12308_d7bd>
	SlotName: slot2_2@gpu2006.chtc.wisc.edu
	AvailableGPUs = { GPUs_GPU_f6d7e689 }
	CondorScratchDir = "/var/lib/condor/execute/slot2/dir_1245797/scratch"
	Cpus = 1
	Disk = 16777216
	GPUs = 1
	GPUs_GPU_f6d7e689 = [ Id = "GPU-f6d7e689"; Capability = 8.0; DeviceName = "NVIDIA A100-SXM4-80GB"; DeviceUuid = "f6d7e689-7e30-c6f1-32f6-a14ef5d01b87"; ECCEnabled = true; NvidiaDriver = "570.195.03"; DriverVersion = 12.8; DevicePciBusId = "0000:41:00.0"; GlobalMemoryMb = 81154; MaxSupportedVersion = 12080 ]
	IoHeavy = 0
	Memory = 16384
...
040 (8018100.281.000) 2026-06-21 16:29:39 Started transferring output files
...
040 (8018100.281.000) 2026-06-21 16:29:39 Finished transferring output files
...
004 (8018100.281.000) 2026-06-21 16:29:40 Job was evicted.
	(0) Job terminated and was requeued
		Usr 0 00:00:02, Sys 0 00:00:00  -  Run Remote Usage
		Usr 0 00:00:00, Sys 0 00:00:00  -  Run Local Usage
	444  -  Run Bytes Sent By Job
	2782648413  -  Run Bytes Received By Job
	(1) Normal termination (return value 2)
	The job attribute OnExitRemove expression 'NumJobCompletions > JobMaxRetries || ExitCode =?= 0' evaluated to FALSE
...
040 (8018100.281.000) 2026-06-21 16:29:50 Started transferring input files
	Transferring to host: <128.104.103.48:9618?addrs=128.104.103.48-9618+[2607-f388-107c-501-ae1f-6bff-fe2c-2f00]-9618&alias=vetsigian0001.chtc.wisc.edu&noUDP&sock=slot2_7_10681_7b0b_9748>
...
040 (8018100.281.000) 2026-06-21 16:31:50 Finished transferring input files
...
001 (8018100.281.000) 2026-06-21 16:31:50 Job executing on host: <128.104.103.48:9618?addrs=128.104.103.48-9618+[2607-f388-107c-501-ae1f-6bff-fe2c-2f00]-9618&alias=vetsigian0001.chtc.wisc.edu&noUDP&sock=startd_9913_126b>
	SlotName: slot2_7@vetsigian0001.chtc.wisc.edu
	AvailableGPUs = { GPUs_GPU_db165ab8 }
	CondorScratchDir = "/var/lib/condor/execute/slot2/dir_3976219/scratch"
	Cpus = 1
	Disk = 16777216
	GPUs = 1
	GPUs_GPU_db165ab8 = [ Id = "GPU-db165ab8"; Capability = 7.5; DeviceName = "NVIDIA GeForce RTX 2080 Ti"; DeviceUuid = "db165ab8-2772-3c9a-89e1-dbb9944f94eb"; ECCEnabled = false; NvidiaDriver = "550.54.14"; DriverVersion = 12.4; DevicePciBusId = "0000:B1:00.0"; GlobalMemoryMb = 11004; MaxSupportedVersion = 12040 ]
	IoHeavy = 0
	Memory = 16384
...
006 (8018100.281.000) 2026-06-21 16:31:56 Image size of job updated: 97508
	13  -  MemoryUsage of job (MB)
	12500  -  ResidentSetSize of job (KB)
...
040 (8018100.281.000) 2026-06-21 16:31:56 Started transferring output files
...
040 (8018100.281.000) 2026-06-21 16:31:56 Finished transferring output files
...
004 (8018100.281.000) 2026-06-21 16:31:56 Job was evicted.
	(0) Job terminated and was requeued
		Usr 0 00:00:03, Sys 0 00:00:00  -  Run Remote Usage
		Usr 0 00:00:00, Sys 0 00:00:00  -  Run Local Usage
	450  -  Run Bytes Sent By Job
	2782648413  -  Run Bytes Received By Job
	(1) Normal termination (return value 2)
	The job attribute OnExitRemove expression 'NumJobCompletions > JobMaxRetries || ExitCode =?= 0' evaluated to FALSE
...
040 (8018100.281.000) 2026-06-21 16:32:06 Started transferring input files
	Transferring to host: <128.105.68.103:9618?addrs=128.105.68.103-9618+[2607-f388-2200-100-1270-fdff-fe74-930]-9618&alias=gpu2011.chtc.wisc.edu&noUDP&sock=slot2_8_3669582_3c1f_87334>
...
040 (8018100.281.000) 2026-06-21 16:32:23 Finished transferring input files
...
001 (8018100.281.000) 2026-06-21 16:32:23 Job executing on host: <128.105.68.103:9618?addrs=128.105.68.103-9618+[2607-f388-2200-100-1270-fdff-fe74-930]-9618&alias=gpu2011.chtc.wisc.edu&noUDP&sock=startd_12054_9eaf>
	SlotName: slot2_8@gpu2011.chtc.wisc.edu
	AvailableGPUs = { GPUs_MIG_c5e1d4fb_0f82_5359_95a5_168b9fca8f6e }
	CondorScratchDir = "/var/lib/condor/execute/slot2/dir_3601016/scratch"
	Cpus = 1
	Disk = 16777216
	GPUs = 1
	GPUs_MIG_c5e1d4fb_0f82_5359_95a5_168b9fca8f6e = [ Id = "MIG-c5e1d4fb-0f82-5359-95a5-168b9fca8f6e"; Capability = 8.0; DeviceName = "NVIDIA A100-SXM4-80GB MIG 3g.40gb"; DeviceUuid = "MIG-c5e1d4fb-0f82-5359-95a5-168b9fca8f6e"; ECCEnabled = true; NvidiaDriver = "570.195.03"; DriverVersion = 12.8; DevicePciBusId = "0000:C1:00.0"; GlobalMemoryMb = 40100; MaxSupportedVersion = 12080 ]
	IoHeavy = 0
	Memory = 16384
...
040 (8018100.281.000) 2026-06-21 16:32:26 Started transferring output files
...
040 (8018100.281.000) 2026-06-21 16:32:26 Finished transferring output files
...
004 (8018100.281.000) 2026-06-21 16:32:27 Job was evicted.
	(0) Job terminated and was requeued
		Usr 0 00:00:02, Sys 0 00:00:01  -  Run Remote Usage
		Usr 0 00:00:00, Sys 0 00:00:00  -  Run Local Usage
	444  -  Run Bytes Sent By Job
	2782648413  -  Run Bytes Received By Job
	(1) Normal termination (return value 2)
	The job attribute OnExitRemove expression 'NumJobCompletions > JobMaxRetries || ExitCode =?= 0' evaluated to FALSE
...
040 (8018100.281.000) 2026-06-21 16:32:37 Started transferring input files
	Transferring to host: <128.105.68.103:9618?addrs=128.105.68.103-9618+[2607-f388-2200-100-1270-fdff-fe74-930]-9618&alias=gpu2011.chtc.wisc.edu&noUDP&sock=slot2_8_3669582_3c1f_87338>
...
040 (8018100.281.000) 2026-06-21 16:32:56 Finished transferring input files
...
001 (8018100.281.000) 2026-06-21 16:32:56 Job executing on host: <128.105.68.103:9618?addrs=128.105.68.103-9618+[2607-f388-2200-100-1270-fdff-fe74-930]-9618&alias=gpu2011.chtc.wisc.edu&noUDP&sock=startd_12054_9eaf>
	SlotName: slot2_8@gpu2011.chtc.wisc.edu
	AvailableGPUs = { GPUs_MIG_c5e1d4fb_0f82_5359_95a5_168b9fca8f6e }
	CondorScratchDir = "/var/lib/condor/execute/slot2/dir_3602243/scratch"
	Cpus = 1
	Disk = 16777216
	GPUs = 1
	GPUs_MIG_c5e1d4fb_0f82_5359_95a5_168b9fca8f6e = [ Id = "MIG-c5e1d4fb-0f82-5359-95a5-168b9fca8f6e"; Capability = 8.0; DeviceName = "NVIDIA A100-SXM4-80GB MIG 3g.40gb"; DeviceUuid = "MIG-c5e1d4fb-0f82-5359-95a5-168b9fca8f6e"; ECCEnabled = true; NvidiaDriver = "570.195.03"; DriverVersion = 12.8; DevicePciBusId = "0000:C1:00.0"; GlobalMemoryMb = 40100; MaxSupportedVersion = 12080 ]
	IoHeavy = 0
	Memory = 16384
...
040 (8018100.281.000) 2026-06-21 16:32:59 Started transferring output files
...
040 (8018100.281.000) 2026-06-21 16:32:59 Finished transferring output files
...
004 (8018100.281.000) 2026-06-21 16:33:00 Job was evicted.
	(0) Job terminated and was requeued
		Usr 0 00:00:01, Sys 0 00:00:01  -  Run Remote Usage
		Usr 0 00:00:00, Sys 0 00:00:00  -  Run Local Usage
	444  -  Run Bytes Sent By Job
	2782648413  -  Run Bytes Received By Job
	(1) Normal termination (return value 2)
	The job attribute OnExitRemove expression 'NumJobCompletions > JobMaxRetries || ExitCode =?= 0' evaluated to FALSE
...
040 (8018100.281.000) 2026-06-21 16:33:07 Started transferring input files
	Transferring to host: <128.104.103.104:9618?addrs=128.104.103.104-9618+[2607-f388-107c-501-ae1f-6bff-fe40-ce2e]-9618&alias=gitter0000.chtc.wisc.edu&noUDP&sock=backfill1_2_8979_4486_9024>
...
040 (8018100.281.000) 2026-06-21 16:33:59 Finished transferring input files
...
001 (8018100.281.000) 2026-06-21 16:33:59 Job executing on host: <128.104.103.104:9618?addrs=128.104.103.104-9618+[2607-f388-107c-501-ae1f-6bff-fe40-ce2e]-9618&alias=gitter0000.chtc.wisc.edu&noUDP&sock=startd_8665_0c39>
	SlotName: backfill1_2@gitter0000.chtc.wisc.edu
	AvailableGPUs = { GPUs_GPU_ef72567f }
	CondorScratchDir = "/var/lib/condor/execute/slot1/dir_4012679/scratch"
	Cpus = 1
	Disk = 16777216
	GPUs = 1
	GPUs_GPU_ef72567f = [ Id = "GPU-ef72567f"; Capability = 6.1; DeviceName = "NVIDIA GeForce GTX 1080 Ti"; DeviceUuid = "ef72567f-a470-7f68-32a7-eb3e859e8d5a"; ECCEnabled = false; NvidiaDriver = "570.195.03"; DriverVersion = 12.8; DevicePciBusId = "0000:86:00.0"; GlobalMemoryMb = 11165; MaxSupportedVersion = 12080 ]
	IoHeavy = 0
	Memory = 16384
...
040 (8018100.281.000) 2026-06-21 16:34:03 Started transferring output files
...
040 (8018100.281.000) 2026-06-21 16:34:03 Finished transferring output files
...
005 (8018100.281.000) 2026-06-21 16:34:04 Job terminated.
	(1) Normal termination (return value 2)
		Usr 0 00:00:03, Sys 0 00:00:01  -  Run Remote Usage
		Usr 0 00:00:00, Sys 0 00:00:00  -  Run Local Usage
		Usr 0 00:00:22, Sys 0 00:00:03  -  Total Remote Usage
		Usr 0 00:00:00, Sys 0 00:00:00  -  Total Local Usage
	447  -  Run Bytes Sent By Job
	2782648413  -  Run Bytes Received By Job
	4912  -  Total Bytes Sent By Job
	30609132543  -  Total Bytes Received By Job
	Partitionable Resources :      Usage  Request Allocated Assigned
	   Cpus                 :       0.42        1         1 
	   Disk (KB)            : 2717466    16777216  16777216 
	   GPUs                 :       0           1         1 "GPU-ef72567f"
	   GpusMemory (MB)      :     103                       
	   IoHeavy              :                             0 
	   Memory (MB)          :      13       16384     16384 
	   TimeExecute (s)      :       4                       
	   TimeSlotBusy (s)     :      56                       
...
