000 (8017966.740.000) 2026-06-20 22:07:54 Job submitted from host: <128.105.68.112:9618?addrs=128.105.68.112-9618+[2607-f388-2200-100-eaeb-d3ff-fea3-4202]-9618&alias=ap2001.chtc.wisc.edu&noUDP&sock=schedd_4071840_2329>
...
040 (8017966.740.000) 2026-06-21 04:13:58 Started transferring input files
	Transferring to host: <128.104.103.53:9618?addrs=128.104.103.53-9618+[2607-f388-107c-501-b226-28ff-fe4e-296c]-9618&alias=ahlquist0002.chtc.wisc.edu&noUDP&sock=backfill1_1_11749_fbb7_7227>
...
040 (8017966.740.000) 2026-06-21 04:14:13 Finished transferring input files
...
001 (8017966.740.000) 2026-06-21 04:14:13 Job executing on host: <128.104.103.53:9618?addrs=128.104.103.53-9618+[2607-f388-107c-501-b226-28ff-fe4e-296c]-9618&alias=ahlquist0002.chtc.wisc.edu&noUDP&sock=startd_10293_b868>
	SlotName: backfill1_1@ahlquist0002.chtc.wisc.edu
	AvailableGPUs = { GPUs_GPU_a68c860f }
	CondorScratchDir = "/var/lib/condor/execute/slot1/dir_1029724/scratch"
	Cpus = 1
	Disk = 16777216
	GPUs = 1
	GPUs_GPU_a68c860f = [ Id = "GPU-a68c860f"; Capability = 6.0; DeviceName = "Tesla P100-PCIE-16GB"; DeviceUuid = "a68c860f-98a9-2483-ffd5-e68c8cdbc96f"; ECCEnabled = true; NvidiaDriver = "550.54.14"; DriverVersion = 12.4; DevicePciBusId = "0000:D8:00.0"; GlobalMemoryMb = 16269; MaxSupportedVersion = 12040 ]
	IoHeavy = 0
	Memory = 16384
...
006 (8017966.740.000) 2026-06-21 04:14:22 Image size of job updated: 150808
	148  -  MemoryUsage of job (MB)
	150808  -  ResidentSetSize of job (KB)
...
006 (8017966.740.000) 2026-06-21 04:19:23 Image size of job updated: 1611536
	1565  -  MemoryUsage of job (MB)
	1601664  -  ResidentSetSize of job (KB)
...
006 (8017966.740.000) 2026-06-21 04:24:23 Image size of job updated: 1611536
	1565  -  MemoryUsage of job (MB)
	1601792  -  ResidentSetSize of job (KB)
...
006 (8017966.740.000) 2026-06-21 05:14:27 Image size of job updated: 1611588
	1574  -  MemoryUsage of job (MB)
	1611588  -  ResidentSetSize of job (KB)
...
006 (8017966.740.000) 2026-06-21 05:19:27 Image size of job updated: 1611596
	1574  -  MemoryUsage of job (MB)
	1611596  -  ResidentSetSize of job (KB)
...
006 (8017966.740.000) 2026-06-21 05:24:28 Image size of job updated: 1611632
	1574  -  MemoryUsage of job (MB)
	1611632  -  ResidentSetSize of job (KB)
...
006 (8017966.740.000) 2026-06-21 05:29:29 Image size of job updated: 1611648
	1574  -  MemoryUsage of job (MB)
	1611648  -  ResidentSetSize of job (KB)
...
006 (8017966.740.000) 2026-06-21 06:04:33 Image size of job updated: 1623992
	1586  -  MemoryUsage of job (MB)
	1623992  -  ResidentSetSize of job (KB)
...
006 (8017966.740.000) 2026-06-21 06:34:35 Image size of job updated: 1623996
	1586  -  MemoryUsage of job (MB)
	1623996  -  ResidentSetSize of job (KB)
...
006 (8017966.740.000) 2026-06-21 06:59:37 Image size of job updated: 1632228
	1594  -  MemoryUsage of job (MB)
	1632228  -  ResidentSetSize of job (KB)
...
006 (8017966.740.000) 2026-06-21 07:49:42 Image size of job updated: 1636340
	1598  -  MemoryUsage of job (MB)
	1636340  -  ResidentSetSize of job (KB)
...
006 (8017966.740.000) 2026-06-21 09:38:18 Image size of job updated: 1655024
	1598  -  MemoryUsage of job (MB)
	1636340  -  ResidentSetSize of job (KB)
...
040 (8017966.740.000) 2026-06-21 09:38:18 Started transferring output files
...
040 (8017966.740.000) 2026-06-21 09:38:18 Finished transferring output files
...
005 (8017966.740.000) 2026-06-21 09:38:18 Job terminated.
	(1) Normal termination (return value 0)
		Usr 0 05:31:50, Sys 0 00:19:55  -  Run Remote Usage
		Usr 0 00:00:00, Sys 0 00:00:00  -  Run Local Usage
		Usr 0 05:31:50, Sys 0 00:19:55  -  Total Remote Usage
		Usr 0 00:00:00, Sys 0 00:00:00  -  Total Local Usage
	10289211  -  Run Bytes Sent By Job
	2782478474  -  Run Bytes Received By Job
	10289211  -  Total Bytes Sent By Job
	2782478474  -  Total Bytes Received By Job
	Partitionable Resources :      Usage  Request Allocated Assigned
	   Cpus                 :       0.99        1         1 
	   Disk (KB)            : 2797384    16777216  16777216 
	   GPUs                 :       0.87        1         1 "GPU-a68c860f"
	   GpusMemory (MB)      :    4241                       
	   IoHeavy              :                             0 
	   Memory (MB)          :    1598       16384     16384 
	   TimeExecute (s)      :   19445                       
	   TimeSlotBusy (s)     :   19460                       
...
