000 (8017966.097.000) 2026-06-20 22:07:54 Job submitted from host: <128.105.68.112:9618?addrs=128.105.68.112-9618+[2607-f388-2200-100-eaeb-d3ff-fea3-4202]-9618&alias=ap2001.chtc.wisc.edu&noUDP&sock=schedd_4071840_2329>
...
040 (8017966.097.000) 2026-06-20 23:08:27 Started transferring input files
	Transferring to host: <10.32.89.13:34229?CCBID=128.105.82.148:9618%3faddrs%3d128.105.82.148-9618+[2607-f388-2200-9d-7ccb-bc08-2489-768a]-9618%26alias%3dospool-ccb.osg.chtc.io%26noUDP%26sock%3dcollector4#4289280%2067.58.49.91:9618%3faddrs%3d67.58.49.91-9618+[fdf0-17b3-c3ec-1f79-10-0-e-b69d]-9618%26alias%3dccb-2.ospool.osg-htc.org%26noUDP%26sock%3dcollector6#4283322&PrivNet=qa-rtx6k-020.crc.nd.edu&addrs=10.32.89.13-34229&alias=qa-rtx6k-020.crc.nd.edu&noUDP>
...
040 (8017966.097.000) 2026-06-20 23:08:39 Finished transferring input files
...
021 (8017966.097.000) 2026-06-20 23:08:40 Message from starter on slot1_1@glidein_544488_136834093@qa-rtx6k-020.crc.nd.edu:
	PREPARE_JOB (prepare-hook) succeeded (reported status 000): Using Singularity image openfe_1.11.1.sif
...
001 (8017966.097.000) 2026-06-20 23:08:40 Job executing on host: <10.32.89.13:39491?CCBID=128.105.82.148:9618%3faddrs%3d128.105.82.148-9618+[2607-f388-2200-9d-7ccb-bc08-2489-768a]-9618%26alias%3dospool-ccb.osg.chtc.io%26noUDP%26sock%3dcollector10#4285743%2067.58.49.91:9618%3faddrs%3d67.58.49.91-9618+[fdf0-17b3-c3ec-1f79-10-0-e-b69d]-9618%26alias%3dccb-2.ospool.osg-htc.org%26noUDP%26sock%3dcollector6#4282869&PrivNet=qa-rtx6k-020.crc.nd.edu&addrs=10.32.89.13-39491&alias=qa-rtx6k-020.crc.nd.edu&noUDP>
	SlotName: slot1_1@glidein_544488_136834093@qa-rtx6k-020.crc.nd.edu
	AvailableGPUs = { GPUs_GPU_86462c4b }
	CondorScratchDir = "/var/condor/execute/dir_544486/glide_JPMCfz/execute/dir_576998/scratch"
	Cpus = 1
	Disk = 16777216
	GPUs = 1
	GPUs_GPU_86462c4b = [ Id = "GPU-86462c4b"; ClockMhz = 1620.0; Capability = 7.5; CoresPerCU = 64; DeviceName = "Quadro RTX 6000"; DeviceUuid = "86462c4b-d467-685a-5105-6e3ed54a299d"; ECCEnabled = true; ComputeUnits = 72; NvidiaDriver = "595.71.05"; DriverVersion = 13.2; DevicePciBusId = "0000:86:00.0"; GlobalMemoryMb = 22684; MaxSupportedVersion = 13020 ]
	Memory = 16384
...
006 (8017966.097.000) 2026-06-20 23:08:49 Image size of job updated: 4203616
	78  -  MemoryUsage of job (MB)
	79548  -  ResidentSetSize of job (KB)
...
006 (8017966.097.000) 2026-06-20 23:09:08 Image size of job updated: 10307728
	595  -  MemoryUsage of job (MB)
	608952  -  ResidentSetSize of job (KB)
...
040 (8017966.097.000) 2026-06-20 23:09:08 Started transferring output files
...
040 (8017966.097.000) 2026-06-20 23:09:08 Finished transferring output files
...
004 (8017966.097.000) 2026-06-20 23:09:08 Job was evicted.
	(0) Job terminated and was requeued
		Usr 0 00:00:11, Sys 0 00:00:01  -  Run Remote Usage
		Usr 0 00:00:00, Sys 0 00:00:00  -  Run Local Usage
	382216  -  Run Bytes Sent By Job
	2782737901  -  Run Bytes Received By Job
	(1) Normal termination (return value 1)
	The job attribute OnExitRemove expression 'NumJobCompletions > JobMaxRetries || ExitCode =?= 0' evaluated to FALSE
...
040 (8017966.097.000) 2026-06-20 23:09:58 Started transferring input files
	Transferring to host: <10.32.89.21:42225?CCBID=128.105.82.148:9618%3faddrs%3d128.105.82.148-9618+[2607-f388-2200-9d-7ccb-bc08-2489-768a]-9618%26alias%3dospool-ccb.osg.chtc.io%26noUDP%26sock%3dcollector7#4286138%2067.58.49.91:9618%3faddrs%3d67.58.49.91-9618+[fdf0-17b3-c3ec-1f79-10-0-e-b69d]-9618%26alias%3dccb-2.ospool.osg-htc.org%26noUDP%26sock%3dcollector7#4280721&PrivNet=qa-rtx6k-024.crc.nd.edu&addrs=10.32.89.21-42225&alias=qa-rtx6k-024.crc.nd.edu&noUDP>
...
040 (8017966.097.000) 2026-06-20 23:10:10 Finished transferring input files
...
021 (8017966.097.000) 2026-06-20 23:10:11 Message from starter on slot1_1@glidein_243219_277352497@qa-rtx6k-024.crc.nd.edu:
	PREPARE_JOB (prepare-hook) succeeded (reported status 000): Using Singularity image openfe_1.11.1.sif
...
001 (8017966.097.000) 2026-06-20 23:10:11 Job executing on host: <10.32.89.21:42237?CCBID=128.105.82.148:9618%3faddrs%3d128.105.82.148-9618+[2607-f388-2200-9d-7ccb-bc08-2489-768a]-9618%26alias%3dospool-ccb.osg.chtc.io%26noUDP%26sock%3dcollector8#4289122%2067.58.49.91:9618%3faddrs%3d67.58.49.91-9618+[fdf0-17b3-c3ec-1f79-10-0-e-b69d]-9618%26alias%3dccb-2.ospool.osg-htc.org%26noUDP%26sock%3dcollector4#4278232&PrivNet=qa-rtx6k-024.crc.nd.edu&addrs=10.32.89.21-42237&alias=qa-rtx6k-024.crc.nd.edu&noUDP>
	SlotName: slot1_1@glidein_243219_277352497@qa-rtx6k-024.crc.nd.edu
	AvailableGPUs = { GPUs_GPU_c97ab239 }
	CondorScratchDir = "/var/condor/execute/dir_243217/glide_fUCZmz/execute/dir_301364/scratch"
	Cpus = 1
	Disk = 16777216
	GPUs = 1
	GPUs_GPU_c97ab239 = [ Id = "GPU-c97ab239"; ClockMhz = 1620.0; Capability = 7.5; CoresPerCU = 64; DeviceName = "Quadro RTX 6000"; DeviceUuid = "c97ab239-65ed-cb55-ca74-7a5e06dd310d"; ECCEnabled = true; ComputeUnits = 72; NvidiaDriver = "595.71.05"; DriverVersion = 13.2; DevicePciBusId = "0000:06:00.0"; GlobalMemoryMb = 22684; MaxSupportedVersion = 13020 ]
	Memory = 16384
...
040 (8017966.097.000) 2026-06-20 23:10:18 Started transferring output files
...
040 (8017966.097.000) 2026-06-20 23:10:18 Finished transferring output files
...
004 (8017966.097.000) 2026-06-20 23:10:19 Job was evicted.
	(0) Job terminated and was requeued
		Usr 0 00:00:00, Sys 0 00:00:00  -  Run Remote Usage
		Usr 0 00:00:00, Sys 0 00:00:00  -  Run Local Usage
	381134  -  Run Bytes Sent By Job
	2783118470  -  Run Bytes Received By Job
	(1) Normal termination (return value 2)
	The job attribute OnExitRemove expression 'NumJobCompletions > JobMaxRetries || ExitCode =?= 0' evaluated to FALSE
...
040 (8017966.097.000) 2026-06-20 23:10:22 Started transferring input files
	Transferring to host: <128.105.69.60:9618?addrs=128.105.69.60-9618+[2607-f388-2200-100-527c-6fff-fe66-e7e2]-9618&alias=blengerichgpu4000.chtc.wisc.edu&noUDP&sock=backfill1_6_1843674_de95_94526>
...
040 (8017966.097.000) 2026-06-20 23:10:34 Finished transferring input files
...
001 (8017966.097.000) 2026-06-20 23:10:34 Job executing on host: <128.105.69.60:9618?addrs=128.105.69.60-9618+[2607-f388-2200-100-527c-6fff-fe66-e7e2]-9618&alias=blengerichgpu4000.chtc.wisc.edu&noUDP&sock=startd_11585_ecc4>
	SlotName: backfill1_6@blengerichgpu4000.chtc.wisc.edu
	AvailableGPUs = { GPUs_GPU_56c8300e }
	CondorScratchDir = "/var/lib/condor/execute/slot1/dir_3252435/scratch"
	Cpus = 1
	Disk = 16777216
	GPUs = 1
	GPUs_GPU_56c8300e = [ Id = "GPU-56c8300e"; Capability = 8.9; DeviceName = "NVIDIA L40S"; DeviceUuid = "56c8300e-2783-65ce-0535-6f3c9f590082"; ECCEnabled = true; NvidiaDriver = "570.195.03"; DriverVersion = 12.8; DevicePciBusId = "0000:50:00.0"; GlobalMemoryMb = 45468; MaxSupportedVersion = 12080 ]
	IoHeavy = 0
	Memory = 16384
...
040 (8017966.097.000) 2026-06-20 23:10:37 Started transferring output files
...
040 (8017966.097.000) 2026-06-20 23:10:37 Finished transferring output files
...
004 (8017966.097.000) 2026-06-20 23:10:37 Job was evicted.
	(0) Job terminated and was requeued
		Usr 0 00:00:01, Sys 0 00:00:00  -  Run Remote Usage
		Usr 0 00:00:00, Sys 0 00:00:00  -  Run Local Usage
	381077  -  Run Bytes Sent By Job
	2783118470  -  Run Bytes Received By Job
	(1) Normal termination (return value 2)
	The job attribute OnExitRemove expression 'NumJobCompletions > JobMaxRetries || ExitCode =?= 0' evaluated to FALSE
...
040 (8017966.097.000) 2026-06-20 23:10:59 Started transferring input files
	Transferring to host: <128.105.76.47:9618?addrs=128.105.76.47-9618+[2607-f388-2200-100-527c-6fff-fe82-826a]-9618&alias=gpu4006.chtc.wisc.edu&noUDP&sock=slot2_1_2618986_4fbd_86256>
...
040 (8017966.097.000) 2026-06-20 23:11:10 Finished transferring input files
...
001 (8017966.097.000) 2026-06-20 23:11:10 Job executing on host: <128.105.76.47:9618?addrs=128.105.76.47-9618+[2607-f388-2200-100-527c-6fff-fe82-826a]-9618&alias=gpu4006.chtc.wisc.edu&noUDP&sock=startd_11220_90b3>
	SlotName: slot2_1@gpu4006.chtc.wisc.edu
	AvailableGPUs = { GPUs_GPU_66dc2611 }
	CondorScratchDir = "/var/lib/condor/execute/slot2/dir_2391181/scratch"
	Cpus = 1
	Disk = 16777216
	GPUs = 1
	GPUs_GPU_66dc2611 = [ Id = "GPU-66dc2611"; Capability = 8.9; DeviceName = "NVIDIA L40S"; DeviceUuid = "66dc2611-e8d4-150f-8e9c-de925917bc63"; ECCEnabled = true; NvidiaDriver = "590.48.01"; DriverVersion = 13.1; DevicePciBusId = "0000:01:00.0"; GlobalMemoryMb = 45460; MaxSupportedVersion = 13010 ]
	IoHeavy = 0
	Memory = 16384
...
040 (8017966.097.000) 2026-06-20 23:11:13 Started transferring output files
...
040 (8017966.097.000) 2026-06-20 23:11:13 Finished transferring output files
...
004 (8017966.097.000) 2026-06-20 23:11:13 Job was evicted.
	(0) Job terminated and was requeued
		Usr 0 00:00:01, Sys 0 00:00:00  -  Run Remote Usage
		Usr 0 00:00:00, Sys 0 00:00:00  -  Run Local Usage
	381081  -  Run Bytes Sent By Job
	2783118470  -  Run Bytes Received By Job
	(1) Normal termination (return value 2)
	The job attribute OnExitRemove expression 'NumJobCompletions > JobMaxRetries || ExitCode =?= 0' evaluated to FALSE
...
040 (8017966.097.000) 2026-06-20 23:11:30 Started transferring input files
	Transferring to host: <128.105.76.47:9618?addrs=128.105.76.47-9618+[2607-f388-2200-100-527c-6fff-fe82-826a]-9618&alias=gpu4006.chtc.wisc.edu&noUDP&sock=slot2_1_2618986_4fbd_86258>
...
040 (8017966.097.000) 2026-06-20 23:11:43 Finished transferring input files
...
001 (8017966.097.000) 2026-06-20 23:11:43 Job executing on host: <128.105.76.47:9618?addrs=128.105.76.47-9618+[2607-f388-2200-100-527c-6fff-fe82-826a]-9618&alias=gpu4006.chtc.wisc.edu&noUDP&sock=startd_11220_90b3>
	SlotName: slot2_1@gpu4006.chtc.wisc.edu
	AvailableGPUs = { GPUs_GPU_66dc2611 }
	CondorScratchDir = "/var/lib/condor/execute/slot2/dir_2391444/scratch"
	Cpus = 1
	Disk = 16777216
	GPUs = 1
	GPUs_GPU_66dc2611 = [ Id = "GPU-66dc2611"; Capability = 8.9; DeviceName = "NVIDIA L40S"; DeviceUuid = "66dc2611-e8d4-150f-8e9c-de925917bc63"; ECCEnabled = true; NvidiaDriver = "590.48.01"; DriverVersion = 13.1; DevicePciBusId = "0000:01:00.0"; GlobalMemoryMb = 45460; MaxSupportedVersion = 13010 ]
	IoHeavy = 0
	Memory = 16384
...
040 (8017966.097.000) 2026-06-20 23:11:45 Started transferring output files
...
040 (8017966.097.000) 2026-06-20 23:11:45 Finished transferring output files
...
004 (8017966.097.000) 2026-06-20 23:11:45 Job was evicted.
	(0) Job terminated and was requeued
		Usr 0 00:00:01, Sys 0 00:00:00  -  Run Remote Usage
		Usr 0 00:00:00, Sys 0 00:00:00  -  Run Local Usage
	381081  -  Run Bytes Sent By Job
	2783118470  -  Run Bytes Received By Job
	(1) Normal termination (return value 2)
	The job attribute OnExitRemove expression 'NumJobCompletions > JobMaxRetries || ExitCode =?= 0' evaluated to FALSE
...
040 (8017966.097.000) 2026-06-20 23:11:53 Started transferring input files
	Transferring to host: <128.105.76.47:9618?addrs=128.105.76.47-9618+[2607-f388-2200-100-527c-6fff-fe82-826a]-9618&alias=gpu4006.chtc.wisc.edu&noUDP&sock=slot2_1_2618986_4fbd_86259>
...
040 (8017966.097.000) 2026-06-20 23:12:03 Finished transferring input files
...
001 (8017966.097.000) 2026-06-20 23:12:03 Job executing on host: <128.105.76.47:9618?addrs=128.105.76.47-9618+[2607-f388-2200-100-527c-6fff-fe82-826a]-9618&alias=gpu4006.chtc.wisc.edu&noUDP&sock=startd_11220_90b3>
	SlotName: slot2_1@gpu4006.chtc.wisc.edu
	AvailableGPUs = { GPUs_GPU_66dc2611 }
	CondorScratchDir = "/var/lib/condor/execute/slot2/dir_2391718/scratch"
	Cpus = 1
	Disk = 16777216
	GPUs = 1
	GPUs_GPU_66dc2611 = [ Id = "GPU-66dc2611"; Capability = 8.9; DeviceName = "NVIDIA L40S"; DeviceUuid = "66dc2611-e8d4-150f-8e9c-de925917bc63"; ECCEnabled = true; NvidiaDriver = "590.48.01"; DriverVersion = 13.1; DevicePciBusId = "0000:01:00.0"; GlobalMemoryMb = 45460; MaxSupportedVersion = 13010 ]
	IoHeavy = 0
	Memory = 16384
...
040 (8017966.097.000) 2026-06-20 23:12:05 Started transferring output files
...
040 (8017966.097.000) 2026-06-20 23:12:05 Finished transferring output files
...
004 (8017966.097.000) 2026-06-20 23:12:06 Job was evicted.
	(0) Job terminated and was requeued
		Usr 0 00:00:01, Sys 0 00:00:00  -  Run Remote Usage
		Usr 0 00:00:00, Sys 0 00:00:00  -  Run Local Usage
	381081  -  Run Bytes Sent By Job
	2783118470  -  Run Bytes Received By Job
	(1) Normal termination (return value 2)
	The job attribute OnExitRemove expression 'NumJobCompletions > JobMaxRetries || ExitCode =?= 0' evaluated to FALSE
...
040 (8017966.097.000) 2026-06-20 23:12:09 Started transferring input files
	Transferring to host: <128.105.68.103:9618?addrs=128.105.68.103-9618+[2607-f388-2200-100-1270-fdff-fe74-930]-9618&alias=gpu2011.chtc.wisc.edu&noUDP&sock=slot2_7_3669582_3c1f_85191>
...
040 (8017966.097.000) 2026-06-20 23:12:32 Finished transferring input files
...
001 (8017966.097.000) 2026-06-20 23:12:32 Job executing on host: <128.105.68.103:9618?addrs=128.105.68.103-9618+[2607-f388-2200-100-1270-fdff-fe74-930]-9618&alias=gpu2011.chtc.wisc.edu&noUDP&sock=startd_12054_9eaf>
	SlotName: slot2_7@gpu2011.chtc.wisc.edu
	AvailableGPUs = { GPUs_MIG_c58b4aaa_d2d3_5975_907f_a7815302cfd5 }
	CondorScratchDir = "/var/lib/condor/execute/slot2/dir_2781207/scratch"
	Cpus = 1
	Disk = 16777216
	GPUs = 1
	GPUs_MIG_c58b4aaa_d2d3_5975_907f_a7815302cfd5 = [ Id = "MIG-c58b4aaa-d2d3-5975-907f-a7815302cfd5"; Capability = 8.0; DeviceName = "NVIDIA A100-SXM4-80GB MIG 3g.40gb"; DeviceUuid = "MIG-c58b4aaa-d2d3-5975-907f-a7815302cfd5"; ECCEnabled = true; NvidiaDriver = "570.195.03"; DriverVersion = 12.8; DevicePciBusId = "0000:01:00.0"; GlobalMemoryMb = 40100; MaxSupportedVersion = 12080 ]
	IoHeavy = 0
	Memory = 16384
...
040 (8017966.097.000) 2026-06-20 23:12:36 Started transferring output files
...
040 (8017966.097.000) 2026-06-20 23:12:36 Finished transferring output files
...
004 (8017966.097.000) 2026-06-20 23:12:37 Job was evicted.
	(0) Job terminated and was requeued
		Usr 0 00:00:02, Sys 0 00:00:01  -  Run Remote Usage
		Usr 0 00:00:00, Sys 0 00:00:00  -  Run Local Usage
	381067  -  Run Bytes Sent By Job
	2783118470  -  Run Bytes Received By Job
	(1) Normal termination (return value 2)
	The job attribute OnExitRemove expression 'NumJobCompletions > JobMaxRetries || ExitCode =?= 0' evaluated to FALSE
...
040 (8017966.097.000) 2026-06-20 23:12:47 Started transferring input files
	Transferring to host: <128.105.68.103:9618?addrs=128.105.68.103-9618+[2607-f388-2200-100-1270-fdff-fe74-930]-9618&alias=gpu2011.chtc.wisc.edu&noUDP&sock=slot2_7_3669582_3c1f_85192>
...
040 (8017966.097.000) 2026-06-20 23:13:02 Finished transferring input files
...
001 (8017966.097.000) 2026-06-20 23:13:02 Job executing on host: <128.105.68.103:9618?addrs=128.105.68.103-9618+[2607-f388-2200-100-1270-fdff-fe74-930]-9618&alias=gpu2011.chtc.wisc.edu&noUDP&sock=startd_12054_9eaf>
	SlotName: slot2_7@gpu2011.chtc.wisc.edu
	AvailableGPUs = { GPUs_MIG_c58b4aaa_d2d3_5975_907f_a7815302cfd5 }
	CondorScratchDir = "/var/lib/condor/execute/slot2/dir_2781723/scratch"
	Cpus = 1
	Disk = 16777216
	GPUs = 1
	GPUs_MIG_c58b4aaa_d2d3_5975_907f_a7815302cfd5 = [ Id = "MIG-c58b4aaa-d2d3-5975-907f-a7815302cfd5"; Capability = 8.0; DeviceName = "NVIDIA A100-SXM4-80GB MIG 3g.40gb"; DeviceUuid = "MIG-c58b4aaa-d2d3-5975-907f-a7815302cfd5"; ECCEnabled = true; NvidiaDriver = "570.195.03"; DriverVersion = 12.8; DevicePciBusId = "0000:01:00.0"; GlobalMemoryMb = 40100; MaxSupportedVersion = 12080 ]
	IoHeavy = 0
	Memory = 16384
...
040 (8017966.097.000) 2026-06-20 23:13:05 Started transferring output files
...
040 (8017966.097.000) 2026-06-20 23:13:05 Finished transferring output files
...
004 (8017966.097.000) 2026-06-20 23:13:06 Job was evicted.
	(0) Job terminated and was requeued
		Usr 0 00:00:02, Sys 0 00:00:01  -  Run Remote Usage
		Usr 0 00:00:00, Sys 0 00:00:00  -  Run Local Usage
	381067  -  Run Bytes Sent By Job
	2783118470  -  Run Bytes Received By Job
	(1) Normal termination (return value 2)
	The job attribute OnExitRemove expression 'NumJobCompletions > JobMaxRetries || ExitCode =?= 0' evaluated to FALSE
...
040 (8017966.097.000) 2026-06-20 23:13:10 Started transferring input files
	Transferring to host: <128.105.68.103:9618?addrs=128.105.68.103-9618+[2607-f388-2200-100-1270-fdff-fe74-930]-9618&alias=gpu2011.chtc.wisc.edu&noUDP&sock=slot2_7_3669582_3c1f_85193>
...
040 (8017966.097.000) 2026-06-20 23:13:24 Finished transferring input files
...
001 (8017966.097.000) 2026-06-20 23:13:24 Job executing on host: <128.105.68.103:9618?addrs=128.105.68.103-9618+[2607-f388-2200-100-1270-fdff-fe74-930]-9618&alias=gpu2011.chtc.wisc.edu&noUDP&sock=startd_12054_9eaf>
	SlotName: slot2_7@gpu2011.chtc.wisc.edu
	AvailableGPUs = { GPUs_MIG_c58b4aaa_d2d3_5975_907f_a7815302cfd5 }
	CondorScratchDir = "/var/lib/condor/execute/slot2/dir_2782241/scratch"
	Cpus = 1
	Disk = 16777216
	GPUs = 1
	GPUs_MIG_c58b4aaa_d2d3_5975_907f_a7815302cfd5 = [ Id = "MIG-c58b4aaa-d2d3-5975-907f-a7815302cfd5"; Capability = 8.0; DeviceName = "NVIDIA A100-SXM4-80GB MIG 3g.40gb"; DeviceUuid = "MIG-c58b4aaa-d2d3-5975-907f-a7815302cfd5"; ECCEnabled = true; NvidiaDriver = "570.195.03"; DriverVersion = 12.8; DevicePciBusId = "0000:01:00.0"; GlobalMemoryMb = 40100; MaxSupportedVersion = 12080 ]
	IoHeavy = 0
	Memory = 16384
...
040 (8017966.097.000) 2026-06-20 23:13:28 Started transferring output files
...
040 (8017966.097.000) 2026-06-20 23:13:28 Finished transferring output files
...
004 (8017966.097.000) 2026-06-20 23:13:28 Job was evicted.
	(0) Job terminated and was requeued
		Usr 0 00:00:02, Sys 0 00:00:01  -  Run Remote Usage
		Usr 0 00:00:00, Sys 0 00:00:00  -  Run Local Usage
	381067  -  Run Bytes Sent By Job
	2783118470  -  Run Bytes Received By Job
	(1) Normal termination (return value 2)
	The job attribute OnExitRemove expression 'NumJobCompletions > JobMaxRetries || ExitCode =?= 0' evaluated to FALSE
...
040 (8017966.097.000) 2026-06-20 23:13:31 Started transferring input files
	Transferring to host: <128.105.76.51:9618?addrs=128.105.76.51-9618+[2607-f388-2200-100-925a-8ff-fe34-15b6]-9618&alias=zliu-chtcgpu5000.chtc.wisc.edu&noUDP&sock=backfill1_5_98764_ec29_36660>
...
040 (8017966.097.000) 2026-06-20 23:13:42 Finished transferring input files
...
001 (8017966.097.000) 2026-06-20 23:13:42 Job executing on host: <128.105.76.51:9618?addrs=128.105.76.51-9618+[2607-f388-2200-100-925a-8ff-fe34-15b6]-9618&alias=zliu-chtcgpu5000.chtc.wisc.edu&noUDP&sock=startd_98388_901b>
	SlotName: backfill1_5@zliu-chtcgpu5000.chtc.wisc.edu
	AvailableGPUs = { GPUs_GPU_83640fe1 }
	CondorScratchDir = "/var/lib/condor/execute/slot1/dir_3078641/scratch"
	Cpus = 1
	Disk = 16777216
	GPUs = 1
	GPUs_GPU_83640fe1 = [ Id = "GPU-83640fe1"; Capability = 8.9; DeviceName = "NVIDIA L40S"; DeviceUuid = "83640fe1-a45a-82c3-bd44-f2d045e9521d"; ECCEnabled = true; NvidiaDriver = "590.48.01"; DriverVersion = 13.1; DevicePciBusId = "0000:41:00.0"; GlobalMemoryMb = 45460; MaxSupportedVersion = 13010 ]
	IoHeavy = 0
	Memory = 16384
...
040 (8017966.097.000) 2026-06-20 23:13:44 Started transferring output files
...
040 (8017966.097.000) 2026-06-20 23:13:44 Finished transferring output files
...
004 (8017966.097.000) 2026-06-20 23:13:45 Job was evicted.
	(0) Job terminated and was requeued
		Usr 0 00:00:01, Sys 0 00:00:00  -  Run Remote Usage
		Usr 0 00:00:00, Sys 0 00:00:00  -  Run Local Usage
	381090  -  Run Bytes Sent By Job
	2783118470  -  Run Bytes Received By Job
	(1) Normal termination (return value 2)
	The job attribute OnExitRemove expression 'NumJobCompletions > JobMaxRetries || ExitCode =?= 0' evaluated to FALSE
...
040 (8017966.097.000) 2026-06-20 23:13:55 Started transferring input files
	Transferring to host: <128.105.76.47:9618?addrs=128.105.76.47-9618+[2607-f388-2200-100-527c-6fff-fe82-826a]-9618&alias=gpu4006.chtc.wisc.edu&noUDP&sock=slot2_8_2618986_4fbd_86264>
...
040 (8017966.097.000) 2026-06-20 23:14:09 Finished transferring input files
...
001 (8017966.097.000) 2026-06-20 23:14:09 Job executing on host: <128.105.76.47:9618?addrs=128.105.76.47-9618+[2607-f388-2200-100-527c-6fff-fe82-826a]-9618&alias=gpu4006.chtc.wisc.edu&noUDP&sock=startd_11220_90b3>
	SlotName: slot2_8@gpu4006.chtc.wisc.edu
	AvailableGPUs = { GPUs_GPU_cee1c5fe }
	CondorScratchDir = "/var/lib/condor/execute/slot2/dir_2393000/scratch"
	Cpus = 1
	Disk = 16777216
	GPUs = 1
	GPUs_GPU_cee1c5fe = [ Id = "GPU-cee1c5fe"; Capability = 8.9; DeviceName = "NVIDIA L40S"; DeviceUuid = "cee1c5fe-b00f-e234-a43f-220f24c5e1c9"; ECCEnabled = true; NvidiaDriver = "590.48.01"; DriverVersion = 13.1; DevicePciBusId = "0000:E1:00.0"; GlobalMemoryMb = 45460; MaxSupportedVersion = 13010 ]
	IoHeavy = 0
	Memory = 16384
...
040 (8017966.097.000) 2026-06-20 23:14:11 Started transferring output files
...
040 (8017966.097.000) 2026-06-20 23:14:11 Finished transferring output files
...
005 (8017966.097.000) 2026-06-20 23:14:11 Job terminated.
	(1) Normal termination (return value 2)
		Usr 0 00:00:01, Sys 0 00:00:00  -  Run Remote Usage
		Usr 0 00:00:00, Sys 0 00:00:00  -  Run Local Usage
		Usr 0 00:00:23, Sys 0 00:00:04  -  Total Remote Usage
		Usr 0 00:00:00, Sys 0 00:00:00  -  Total Local Usage
	381081  -  Run Bytes Sent By Job
	2783118470  -  Run Bytes Received By Job
	4193042  -  Total Bytes Sent By Job
	30613922601  -  Total Bytes Received By Job
	Partitionable Resources :    Usage  Request Allocated Assigned
	   Cpus                 :        0        1         1 
	   Disk (KB)            :  2718044 16777216  16777216 
	   GPUs                 :        0        1         1 "GPU-cee1c5fe"
	   IoHeavy              :                           0 
	   Memory (MB)          :      733    16384     16384 
	   TimeExecute (s)      :        2                    
	   TimeSlotBusy (s)     :       16                    
...
