000 (8017966.555.000) 2026-06-20 22:07:54 Job submitted from host: <128.105.68.112:9618?addrs=128.105.68.112-9618+[2607-f388-2200-100-eaeb-d3ff-fea3-4202]-9618&alias=ap2001.chtc.wisc.edu&noUDP&sock=schedd_4071840_2329>
...
040 (8017966.555.000) 2026-06-21 02:55:21 Started transferring input files
	Transferring to host: <10.32.89.23:42311?CCBID=128.105.82.148:9618%3faddrs%3d128.105.82.148-9618+[2607-f388-2200-9d-7ccb-bc08-2489-768a]-9618%26alias%3dospool-ccb.osg.chtc.io%26noUDP%26sock%3dcollector7#4300358%2067.58.49.91:9618%3faddrs%3d67.58.49.91-9618+[fdf0-17b3-c3ec-1f79-10-0-e-b69d]-9618%26alias%3dccb-2.ospool.osg-htc.org%26noUDP%26sock%3dcollector5#4298173&PrivNet=qa-rtx6k-025.crc.nd.edu&addrs=10.32.89.23-42311&alias=qa-rtx6k-025.crc.nd.edu&noUDP>
...
040 (8017966.555.000) 2026-06-21 02:55:58 Finished transferring input files
...
021 (8017966.555.000) 2026-06-21 02:55:58 Message from starter on slot1_1@glidein_3371856_69139623@qa-rtx6k-025.crc.nd.edu:
	PREPARE_JOB (prepare-hook) succeeded (reported status 000): Using Singularity image openfe_1.11.1.sif
...
001 (8017966.555.000) 2026-06-21 02:55:58 Job executing on host: <10.32.89.23:43513?CCBID=128.105.82.148:9618%3faddrs%3d128.105.82.148-9618+[2607-f388-2200-9d-7ccb-bc08-2489-768a]-9618%26alias%3dospool-ccb.osg.chtc.io%26noUDP%26sock%3dcollector10#4286078%2067.58.49.91:9618%3faddrs%3d67.58.49.91-9618+[fdf0-17b3-c3ec-1f79-10-0-e-b69d]-9618%26alias%3dccb-2.ospool.osg-htc.org%26noUDP%26sock%3dcollector8#4285465&PrivNet=qa-rtx6k-025.crc.nd.edu&addrs=10.32.89.23-43513&alias=qa-rtx6k-025.crc.nd.edu&noUDP>
	SlotName: slot1_1@glidein_3371856_69139623@qa-rtx6k-025.crc.nd.edu
	AvailableGPUs = { GPUs_GPU_c601c679 }
	CondorScratchDir = "/var/condor/execute/dir_3371853/glide_fVkMAP/execute/dir_3596632/scratch"
	Cpus = 1
	Disk = 16777216
	GPUs = 1
	GPUs_GPU_c601c679 = [ Id = "GPU-c601c679"; ClockMhz = 1620.0; Capability = 7.5; CoresPerCU = 64; DeviceName = "Quadro RTX 6000"; DeviceUuid = "c601c679-1bae-1f9d-325d-f162c6c0142f"; ECCEnabled = true; ComputeUnits = 72; NvidiaDriver = "595.71.05"; DriverVersion = 13.2; DevicePciBusId = "0000:86:00.0"; GlobalMemoryMb = 22684; MaxSupportedVersion = 13020 ]
	Memory = 16384
...
006 (8017966.555.000) 2026-06-21 02:56:08 Image size of job updated: 4747708
	198  -  MemoryUsage of job (MB)
	202544  -  ResidentSetSize of job (KB)
...
006 (8017966.555.000) 2026-06-21 03:01:09 Image size of job updated: 24631696
	2299  -  MemoryUsage of job (MB)
	2353876  -  ResidentSetSize of job (KB)
...
006 (8017966.555.000) 2026-06-21 03:06:09 Image size of job updated: 24632844
	2300  -  MemoryUsage of job (MB)
	2354452  -  ResidentSetSize of job (KB)
...
006 (8017966.555.000) 2026-06-21 03:11:10 Image size of job updated: 24641152
	2308  -  MemoryUsage of job (MB)
	2362956  -  ResidentSetSize of job (KB)
...
006 (8017966.555.000) 2026-06-21 03:16:10 Image size of job updated: 24643744
	2312  -  MemoryUsage of job (MB)
	2367372  -  ResidentSetSize of job (KB)
...
006 (8017966.555.000) 2026-06-21 03:21:12 Image size of job updated: 24648732
	2318  -  MemoryUsage of job (MB)
	2372940  -  ResidentSetSize of job (KB)
...
006 (8017966.555.000) 2026-06-21 03:26:12 Image size of job updated: 24652692
	2333  -  MemoryUsage of job (MB)
	2388300  -  ResidentSetSize of job (KB)
...
006 (8017966.555.000) 2026-06-21 03:31:13 Image size of job updated: 24656128
	2357  -  MemoryUsage of job (MB)
	2413260  -  ResidentSetSize of job (KB)
...
006 (8017966.555.000) 2026-06-21 03:36:13 Image size of job updated: 24662776
	2364  -  MemoryUsage of job (MB)
	2420020  -  ResidentSetSize of job (KB)
...
006 (8017966.555.000) 2026-06-21 03:41:14 Image size of job updated: 24664372
	2364  -  MemoryUsage of job (MB)
	2420020  -  ResidentSetSize of job (KB)
...
006 (8017966.555.000) 2026-06-21 03:46:14 Image size of job updated: 24668884
	2364  -  MemoryUsage of job (MB)
	2420020  -  ResidentSetSize of job (KB)
...
040 (8017966.555.000) 2026-06-21 03:52:55 Started transferring output files
...
040 (8017966.555.000) 2026-06-21 03:52:55 Finished transferring output files
...
005 (8017966.555.000) 2026-06-21 03:52:55 Job terminated.
	(1) Normal termination (return value 0)
		Usr 0 00:57:04, Sys 0 00:03:27  -  Run Remote Usage
		Usr 0 00:00:00, Sys 0 00:00:00  -  Run Local Usage
		Usr 0 00:57:04, Sys 0 00:03:27  -  Total Remote Usage
		Usr 0 00:00:00, Sys 0 00:00:00  -  Total Local Usage
	1267662  -  Run Bytes Sent By Job
	2782618258  -  Run Bytes Received By Job
	1267662  -  Total Bytes Sent By Job
	2782618258  -  Total Bytes Received By Job
	Partitionable Resources :      Usage  Request Allocated Assigned
	   Cpus                 :       1.07        1         1 
	   Disk (KB)            : 2728925    16777216  16777216 
	   GPUs                 :       0.91        1         1 "GPU-c601c679"
	   GpusMemory (MB)      :    2787                       
	   Memory (MB)          :    2364       16384     16384 
	   TimeExecute (s)      :    3417                       
	   TimeSlotBusy (s)     :    3455                       
...
