000 (8017966.789.000) 2026-06-20 22:07:54 Job submitted from host: <128.105.68.112:9618?addrs=128.105.68.112-9618+[2607-f388-2200-100-eaeb-d3ff-fea3-4202]-9618&alias=ap2001.chtc.wisc.edu&noUDP&sock=schedd_4071840_2329>
...
040 (8017966.789.000) 2026-06-21 04:35:48 Started transferring input files
	Transferring to host: <10.1.1.137:36629?CCBID=128.105.82.148:9618%3faddrs%3d128.105.82.148-9618+[2607-f388-2200-9d-7ccb-bc08-2489-768a]-9618%26alias%3dospool-ccb.osg.chtc.io%26noUDP%26sock%3dcollector5#4303934%2067.58.49.91:9618%3faddrs%3d67.58.49.91-9618+[fdf0-17b3-c3ec-1f79-10-0-e-b69d]-9618%26alias%3dccb-2.ospool.osg-htc.org%26noUDP%26sock%3dcollector3#4298210&PrivNet=gpu07&addrs=10.1.1.137-36629&alias=gpu07&noUDP>
...
040 (8017966.789.000) 2026-06-21 04:36:14 Finished transferring input files
...
021 (8017966.789.000) 2026-06-21 04:36:14 Message from starter on slot1_4@glidein_795025_64906636@gpu07:
	PREPARE_JOB (prepare-hook) succeeded (reported status 000): Using Singularity image openfe_1.11.1.sif
...
001 (8017966.789.000) 2026-06-21 04:36:14 Job executing on host: <10.1.1.137:42311?CCBID=128.105.82.148:9618%3faddrs%3d128.105.82.148-9618+[2607-f388-2200-9d-7ccb-bc08-2489-768a]-9618%26alias%3dospool-ccb.osg.chtc.io%26noUDP%26sock%3dcollector9#4101337%2067.58.49.91:9618%3faddrs%3d67.58.49.91-9618+[fdf0-17b3-c3ec-1f79-10-0-e-b69d]-9618%26alias%3dccb-2.ospool.osg-htc.org%26noUDP%26sock%3dcollector7#4091584&PrivNet=gpu07&addrs=10.1.1.137-42311&alias=gpu07&noUDP>
	SlotName: slot1_4@glidein_795025_64906636@gpu07
	AvailableGPUs = { GPUs_GPU_58b172da }
	CondorScratchDir = "/tmp/glide_dYrt5m/execute/dir_2134824/scratch"
	Cpus = 1
	Disk = 16777216
	GPUs = 1
	GPUs_GPU_58b172da = [ Id = "GPU-58b172da"; ClockMhz = 1695.0; Capability = 8.6; CoresPerCU = 128; DeviceName = "NVIDIA RTX A5000"; DeviceUuid = "58b172da-e6dd-72fa-18e2-4ff5c51a7159"; ECCEnabled = false; ComputeUnits = 64; NvidiaDriver = "595.71.05"; DriverVersion = 13.2; DevicePciBusId = "0000:C1:00.0"; GlobalMemoryMb = 24361; MaxSupportedVersion = 13020 ]
	Memory = 16384
...
006 (8017966.789.000) 2026-06-21 04:36:23 Image size of job updated: 4
	6  -  MemoryUsage of job (MB)
	5492  -  ResidentSetSize of job (KB)
...
006 (8017966.789.000) 2026-06-21 04:41:24 Image size of job updated: 32784008
	2318  -  MemoryUsage of job (MB)
	2373352  -  ResidentSetSize of job (KB)
...
006 (8017966.789.000) 2026-06-21 04:46:24 Image size of job updated: 32786704
	2321  -  MemoryUsage of job (MB)
	2375836  -  ResidentSetSize of job (KB)
...
006 (8017966.789.000) 2026-06-21 04:51:25 Image size of job updated: 32790632
	2324  -  MemoryUsage of job (MB)
	2378908  -  ResidentSetSize of job (KB)
...
006 (8017966.789.000) 2026-06-21 04:56:25 Image size of job updated: 32795396
	2329  -  MemoryUsage of job (MB)
	2384028  -  ResidentSetSize of job (KB)
...
006 (8017966.789.000) 2026-06-21 05:01:26 Image size of job updated: 32800620
	2334  -  MemoryUsage of job (MB)
	2389148  -  ResidentSetSize of job (KB)
...
006 (8017966.789.000) 2026-06-21 05:06:26 Image size of job updated: 32804592
	2338  -  MemoryUsage of job (MB)
	2393244  -  ResidentSetSize of job (KB)
...
006 (8017966.789.000) 2026-06-21 05:11:27 Image size of job updated: 32812168
	2345  -  MemoryUsage of job (MB)
	2400924  -  ResidentSetSize of job (KB)
...
006 (8017966.789.000) 2026-06-21 05:16:28 Image size of job updated: 32817900
	2350  -  MemoryUsage of job (MB)
	2406044  -  ResidentSetSize of job (KB)
...
006 (8017966.789.000) 2026-06-21 05:21:28 Image size of job updated: 32822584
	2350  -  MemoryUsage of job (MB)
	2406044  -  ResidentSetSize of job (KB)
...
040 (8017966.789.000) 2026-06-21 05:27:33 Started transferring output files
...
040 (8017966.789.000) 2026-06-21 05:27:34 Finished transferring output files
...
005 (8017966.789.000) 2026-06-21 05:27:35 Job terminated.
	(1) Normal termination (return value 0)
		Usr 0 00:50:09, Sys 0 00:05:57  -  Run Remote Usage
		Usr 0 00:00:00, Sys 0 00:00:00  -  Run Local Usage
		Usr 0 00:50:09, Sys 0 00:05:57  -  Total Remote Usage
		Usr 0 00:00:00, Sys 0 00:00:00  -  Total Local Usage
	1262354  -  Run Bytes Sent By Job
	2781891439  -  Run Bytes Received By Job
	1262354  -  Total Bytes Sent By Job
	2781891439  -  Total Bytes Received By Job
	Partitionable Resources :      Usage  Request Allocated Assigned
	   Cpus                 :       0.99        1         1 
	   Disk (KB)            : 2727990    16777216  16777216 
	   GPUs                 :       0.84        1         1 "GPU-58b172da"
	   GpusMemory (MB)      :    3235                       
	   Memory (MB)          :    2350       16384     16384 
	   TimeExecute (s)      :    3079                       
	   TimeSlotBusy (s)     :    3107                       
...
