000 (8017966.896.000) 2026-06-20 22:07:54 Job submitted from host: <128.105.68.112:9618?addrs=128.105.68.112-9618+[2607-f388-2200-100-eaeb-d3ff-fea3-4202]-9618&alias=ap2001.chtc.wisc.edu&noUDP&sock=schedd_4071840_2329>
...
040 (8017966.896.000) 2026-06-21 05:23:57 Started transferring input files
	Transferring to host: <128.105.69.47:9618?addrs=128.105.69.47-9618+[2607-f388-2200-100-527c-6fff-fe66-eac6]-9618&alias=amuraligpu4000.chtc.wisc.edu&noUDP&sock=backfill1_7_1332502_f3e3_92117>
...
040 (8017966.896.000) 2026-06-21 05:24:08 Finished transferring input files
...
001 (8017966.896.000) 2026-06-21 05:24:08 Job executing on host: <128.105.69.47:9618?addrs=128.105.69.47-9618+[2607-f388-2200-100-527c-6fff-fe66-eac6]-9618&alias=amuraligpu4000.chtc.wisc.edu&noUDP&sock=startd_11579_cf33>
	SlotName: backfill1_7@amuraligpu4000.chtc.wisc.edu
	AvailableGPUs = { GPUs_GPU_200a232f }
	CondorScratchDir = "/var/lib/condor/execute/slot1/dir_1950764/scratch"
	Cpus = 1
	Disk = 16777216
	GPUs = 1
	GPUs_GPU_200a232f = [ Id = "GPU-200a232f"; Capability = 8.9; DeviceName = "NVIDIA L40S"; DeviceUuid = "200a232f-cc77-8825-017f-82bb73bf459a"; ECCEnabled = true; NvidiaDriver = "570.195.03"; DriverVersion = 12.8; DevicePciBusId = "0000:17:00.0"; GlobalMemoryMb = 45468; MaxSupportedVersion = 12080 ]
	IoHeavy = 0
	Memory = 16384
...
006 (8017966.896.000) 2026-06-21 05:24:17 Image size of job updated: 416836
	408  -  MemoryUsage of job (MB)
	416836  -  ResidentSetSize of job (KB)
...
006 (8017966.896.000) 2026-06-21 05:29:18 Image size of job updated: 978528
	954  -  MemoryUsage of job (MB)
	976568  -  ResidentSetSize of job (KB)
...
006 (8017966.896.000) 2026-06-21 05:34:18 Image size of job updated: 978528
	955  -  MemoryUsage of job (MB)
	977836  -  ResidentSetSize of job (KB)
...
006 (8017966.896.000) 2026-06-21 05:39:19 Image size of job updated: 982284
	960  -  MemoryUsage of job (MB)
	982284  -  ResidentSetSize of job (KB)
...
006 (8017966.896.000) 2026-06-21 05:44:19 Image size of job updated: 986320
	964  -  MemoryUsage of job (MB)
	986320  -  ResidentSetSize of job (KB)
...
006 (8017966.896.000) 2026-06-21 05:49:19 Image size of job updated: 992600
	970  -  MemoryUsage of job (MB)
	992600  -  ResidentSetSize of job (KB)
...
006 (8017966.896.000) 2026-06-21 05:54:20 Image size of job updated: 995184
	972  -  MemoryUsage of job (MB)
	995184  -  ResidentSetSize of job (KB)
...
006 (8017966.896.000) 2026-06-21 05:59:20 Image size of job updated: 1002844
	980  -  MemoryUsage of job (MB)
	1002844  -  ResidentSetSize of job (KB)
...
006 (8017966.896.000) 2026-06-21 06:04:21 Image size of job updated: 1006960
	984  -  MemoryUsage of job (MB)
	1006960  -  ResidentSetSize of job (KB)
...
006 (8017966.896.000) 2026-06-21 06:09:22 Image size of job updated: 1008860
	985  -  MemoryUsage of job (MB)
	1008552  -  ResidentSetSize of job (KB)
...
006 (8017966.896.000) 2026-06-21 06:14:22 Image size of job updated: 1011628
	985  -  MemoryUsage of job (MB)
	1008552  -  ResidentSetSize of job (KB)
...
040 (8017966.896.000) 2026-06-21 06:19:21 Started transferring output files
...
040 (8017966.896.000) 2026-06-21 06:19:21 Finished transferring output files
...
005 (8017966.896.000) 2026-06-21 06:19:21 Job terminated.
	(1) Normal termination (return value 0)
		Usr 0 00:55:41, Sys 0 00:15:35  -  Run Remote Usage
		Usr 0 00:00:00, Sys 0 00:00:00  -  Run Local Usage
		Usr 0 00:55:41, Sys 0 00:15:35  -  Total Remote Usage
		Usr 0 00:00:00, Sys 0 00:00:00  -  Total Local Usage
	2722925  -  Run Bytes Sent By Job
	2781926416  -  Run Bytes Received By Job
	2722925  -  Total Bytes Sent By Job
	2781926416  -  Total Bytes Received By Job
	Partitionable Resources :      Usage  Request Allocated Assigned
	   Cpus                 :       1.00        1         1 
	   Disk (KB)            : 2730007    16777216  16777216 
	   GPUs                 :       0.83        1         1 "GPU-200a232f"
	   GpusMemory (MB)      :    6772                       
	   IoHeavy              :                             0 
	   Memory (MB)          :     985       16384     16384 
	   TimeExecute (s)      :    3313                       
	   TimeSlotBusy (s)     :    3324                       
...
