000 (8017966.868.000) 2026-06-20 22:07:54 Job submitted from host: <128.105.68.112:9618?addrs=128.105.68.112-9618+[2607-f388-2200-100-eaeb-d3ff-fea3-4202]-9618&alias=ap2001.chtc.wisc.edu&noUDP&sock=schedd_4071840_2329>
...
040 (8017966.868.000) 2026-06-21 05:08:58 Started transferring input files
	Transferring to host: <128.105.76.49:9618?addrs=128.105.76.49-9618+[2607-f388-2200-100-925a-8ff-fe34-145a]-9618&alias=dbrundagegpu5000.chtc.wisc.edu&noUDP&sock=backfill1_8_200419_10ef_12634>
...
040 (8017966.868.000) 2026-06-21 05:09:09 Finished transferring input files
...
001 (8017966.868.000) 2026-06-21 05:09:09 Job executing on host: <128.105.76.49:9618?addrs=128.105.76.49-9618+[2607-f388-2200-100-925a-8ff-fe34-145a]-9618&alias=dbrundagegpu5000.chtc.wisc.edu&noUDP&sock=startd_200349_5402>
	SlotName: backfill1_8@dbrundagegpu5000.chtc.wisc.edu
	AvailableGPUs = { GPUs_GPU_fc40eb31 }
	CondorScratchDir = "/var/lib/condor/execute/slot1/dir_1824987/scratch"
	Cpus = 1
	Disk = 16777216
	GPUs = 1
	GPUs_GPU_fc40eb31 = [ Id = "GPU-fc40eb31"; Capability = 8.9; DeviceName = "NVIDIA L40S"; DeviceUuid = "fc40eb31-e9ea-2815-c296-9bc5bdb7deb0"; ECCEnabled = true; NvidiaDriver = "590.48.01"; DriverVersion = 13.1; DevicePciBusId = "0000:01:00.0"; GlobalMemoryMb = 45460; MaxSupportedVersion = 13010 ]
	IoHeavy = 0
	Memory = 16384
...
006 (8017966.868.000) 2026-06-21 05:09:18 Image size of job updated: 507400
	496  -  MemoryUsage of job (MB)
	507400  -  ResidentSetSize of job (KB)
...
006 (8017966.868.000) 2026-06-21 05:14:19 Image size of job updated: 2148148
	2097  -  MemoryUsage of job (MB)
	2146932  -  ResidentSetSize of job (KB)
...
006 (8017966.868.000) 2026-06-21 05:19:19 Image size of job updated: 2148148
	2097  -  MemoryUsage of job (MB)
	2146968  -  ResidentSetSize of job (KB)
...
006 (8017966.868.000) 2026-06-21 05:29:20 Image size of job updated: 2150224
	2100  -  MemoryUsage of job (MB)
	2150224  -  ResidentSetSize of job (KB)
...
006 (8017966.868.000) 2026-06-21 05:39:22 Image size of job updated: 2162560
	2112  -  MemoryUsage of job (MB)
	2162560  -  ResidentSetSize of job (KB)
...
006 (8017966.868.000) 2026-06-21 05:44:22 Image size of job updated: 2163052
	2112  -  MemoryUsage of job (MB)
	2162560  -  ResidentSetSize of job (KB)
...
006 (8017966.868.000) 2026-06-21 05:54:23 Image size of job updated: 2169228
	2119  -  MemoryUsage of job (MB)
	2169228  -  ResidentSetSize of job (KB)
...
006 (8017966.868.000) 2026-06-21 05:59:24 Image size of job updated: 2169636
	2119  -  MemoryUsage of job (MB)
	2169636  -  ResidentSetSize of job (KB)
...
006 (8017966.868.000) 2026-06-21 06:19:25 Image size of job updated: 2169640
	2119  -  MemoryUsage of job (MB)
	2169640  -  ResidentSetSize of job (KB)
...
006 (8017966.868.000) 2026-06-21 06:29:26 Image size of job updated: 2171164
	2121  -  MemoryUsage of job (MB)
	2171164  -  ResidentSetSize of job (KB)
...
006 (8017966.868.000) 2026-06-21 06:34:27 Image size of job updated: 2171300
	2121  -  MemoryUsage of job (MB)
	2171300  -  ResidentSetSize of job (KB)
...
040 (8017966.868.000) 2026-06-21 07:54:02 Started transferring output files
...
040 (8017966.868.000) 2026-06-21 07:54:02 Finished transferring output files
...
005 (8017966.868.000) 2026-06-21 07:54:02 Job terminated.
	(1) Normal termination (return value 0)
		Usr 0 02:46:39, Sys 0 03:20:41  -  Run Remote Usage
		Usr 0 00:00:00, Sys 0 00:00:00  -  Run Local Usage
		Usr 0 02:46:39, Sys 0 03:20:41  -  Total Remote Usage
		Usr 0 00:00:00, Sys 0 00:00:00  -  Total Local Usage
	11361363  -  Run Bytes Sent By Job
	2782599809  -  Run Bytes Received By Job
	11361363  -  Total Bytes Sent By Job
	2782599809  -  Total Bytes Received By Job
	Partitionable Resources :      Usage  Request Allocated Assigned
	   Cpus                 :       0.99        1         1 
	   Disk (KB)            : 2794332    16777216  16777216 
	   GPUs                 :       0.87        1         1 "GPU-fc40eb31"
	   GpusMemory (MB)      :    7426                       
	   IoHeavy              :                             0 
	   Memory (MB)          :    2121       16384     16384 
	   TimeExecute (s)      :    9893                       
	   TimeSlotBusy (s)     :    9905                       
...
