000 (8018100.364.000) 2026-06-21 13:37:20 Job submitted from host: <128.105.68.112:9618?addrs=128.105.68.112-9618+[2607-f388-2200-100-eaeb-d3ff-fea3-4202]-9618&alias=ap2001.chtc.wisc.edu&noUDP&sock=schedd_4071840_2329>
...
040 (8018100.364.000) 2026-06-21 16:41:23 Started transferring input files
	Transferring to host: <128.104.100.53:9618?addrs=128.104.100.53-9618+[2607-f388-107c-501-7ec2-55ff-fe99-a2b0]-9618&alias=jcaicedogpu0001.chtc.wisc.edu&noUDP&sock=backfill1_6_12775_e4a1_9721>
...
040 (8018100.364.000) 2026-06-21 16:41:35 Finished transferring input files
...
001 (8018100.364.000) 2026-06-21 16:41:35 Job executing on host: <128.104.100.53:9618?addrs=128.104.100.53-9618+[2607-f388-107c-501-7ec2-55ff-fe99-a2b0]-9618&alias=jcaicedogpu0001.chtc.wisc.edu&noUDP&sock=startd_11292_f384>
	SlotName: backfill1_6@jcaicedogpu0001.chtc.wisc.edu
	AvailableGPUs = { GPUs_GPU_1eee8e3c }
	CondorScratchDir = "/var/lib/condor/execute/slot1/dir_3921058/scratch"
	Cpus = 1
	Disk = 16777216
	GPUs = 1
	GPUs_GPU_1eee8e3c = [ Id = "GPU-1eee8e3c"; Capability = 8.9; DeviceName = "NVIDIA L40"; DeviceUuid = "1eee8e3c-7620-3d62-625c-ef7c18ac8dc2"; ECCEnabled = true; NvidiaDriver = "570.195.03"; DriverVersion = 12.8; DevicePciBusId = "0000:56:00.0"; GlobalMemoryMb = 45468; MaxSupportedVersion = 12080 ]
	IoHeavy = 0
	Memory = 16384
...
006 (8018100.364.000) 2026-06-21 16:41:38 Image size of job updated: 1184
	0  -  MemoryUsage of job (MB)
	0  -  ResidentSetSize of job (KB)
...
040 (8018100.364.000) 2026-06-21 16:41:38 Started transferring output files
...
040 (8018100.364.000) 2026-06-21 16:41:38 Finished transferring output files
...
004 (8018100.364.000) 2026-06-21 16:41:39 Job was evicted.
	(0) Job terminated and was requeued
		Usr 0 00:00:02, Sys 0 00:00:00  -  Run Remote Usage
		Usr 0 00:00:00, Sys 0 00:00:00  -  Run Local Usage
	452  -  Run Bytes Sent By Job
	2784298596  -  Run Bytes Received By Job
	(1) Normal termination (return value 2)
	The job attribute OnExitRemove expression 'NumJobCompletions > JobMaxRetries || ExitCode =?= 0' evaluated to FALSE
...
040 (8018100.364.000) 2026-06-21 16:43:41 Started transferring input files
	Transferring to host: <128.105.76.47:9618?addrs=128.105.76.47-9618+[2607-f388-2200-100-527c-6fff-fe82-826a]-9618&alias=gpu4006.chtc.wisc.edu&noUDP&sock=slot2_1_2618986_4fbd_88690>
...
040 (8018100.364.000) 2026-06-21 16:43:50 Finished transferring input files
...
001 (8018100.364.000) 2026-06-21 16:43:50 Job executing on host: <128.105.76.47:9618?addrs=128.105.76.47-9618+[2607-f388-2200-100-527c-6fff-fe82-826a]-9618&alias=gpu4006.chtc.wisc.edu&noUDP&sock=startd_11220_90b3>
	SlotName: slot2_1@gpu4006.chtc.wisc.edu
	AvailableGPUs = { GPUs_GPU_66dc2611 }
	CondorScratchDir = "/var/lib/condor/execute/slot2/dir_2999196/scratch"
	Cpus = 1
	Disk = 16777216
	GPUs = 1
	GPUs_GPU_66dc2611 = [ Id = "GPU-66dc2611"; Capability = 8.9; DeviceName = "NVIDIA L40S"; DeviceUuid = "66dc2611-e8d4-150f-8e9c-de925917bc63"; ECCEnabled = true; NvidiaDriver = "590.48.01"; DriverVersion = 13.1; DevicePciBusId = "0000:01:00.0"; GlobalMemoryMb = 45460; MaxSupportedVersion = 13010 ]
	IoHeavy = 0
	Memory = 16384
...
040 (8018100.364.000) 2026-06-21 16:43:52 Started transferring output files
...
040 (8018100.364.000) 2026-06-21 16:43:52 Finished transferring output files
...
004 (8018100.364.000) 2026-06-21 16:43:53 Job was evicted.
	(0) Job terminated and was requeued
		Usr 0 00:00:01, Sys 0 00:00:00  -  Run Remote Usage
		Usr 0 00:00:00, Sys 0 00:00:00  -  Run Local Usage
	458  -  Run Bytes Sent By Job
	2784298596  -  Run Bytes Received By Job
	(1) Normal termination (return value 2)
	The job attribute OnExitRemove expression 'NumJobCompletions > JobMaxRetries || ExitCode =?= 0' evaluated to FALSE
...
040 (8018100.364.000) 2026-06-21 16:46:12 Started transferring input files
	Transferring to host: <128.105.68.124:9618?addrs=128.105.68.124-9618+[2607-f388-2200-100-7ec2-55ff-fe99-a508]-9618&alias=dsigpu4001.chtc.wisc.edu&noUDP&sock=slot2_6_205874_9b6d_82573>
...
040 (8018100.364.000) 2026-06-21 16:46:22 Finished transferring input files
...
001 (8018100.364.000) 2026-06-21 16:46:22 Job executing on host: <128.105.68.124:9618?addrs=128.105.68.124-9618+[2607-f388-2200-100-7ec2-55ff-fe99-a508]-9618&alias=dsigpu4001.chtc.wisc.edu&noUDP&sock=startd_10787_9031>
	SlotName: slot2_6@dsigpu4001.chtc.wisc.edu
	AvailableGPUs = { GPUs_GPU_02b71a7d }
	CondorScratchDir = "/var/lib/condor/execute/slot2/dir_2885341/scratch"
	Cpus = 1
	Disk = 16777216
	GPUs = 1
	GPUs_GPU_02b71a7d = [ Id = "GPU-02b71a7d"; Capability = 8.9; DeviceName = "NVIDIA L40"; DeviceUuid = "02b71a7d-67c0-d32f-ba10-ce934d1d8a7c"; ECCEnabled = true; NvidiaDriver = "570.195.03"; DriverVersion = 12.8; DevicePciBusId = "0000:CE:00.0"; GlobalMemoryMb = 45468; MaxSupportedVersion = 12080 ]
	IoHeavy = 0
	Memory = 16384
...
040 (8018100.364.000) 2026-06-21 16:46:25 Started transferring output files
...
040 (8018100.364.000) 2026-06-21 16:46:25 Finished transferring output files
...
004 (8018100.364.000) 2026-06-21 16:46:26 Job was evicted.
	(0) Job terminated and was requeued
		Usr 0 00:00:02, Sys 0 00:00:00  -  Run Remote Usage
		Usr 0 00:00:00, Sys 0 00:00:00  -  Run Local Usage
	447  -  Run Bytes Sent By Job
	2784298596  -  Run Bytes Received By Job
	(1) Normal termination (return value 2)
	The job attribute OnExitRemove expression 'NumJobCompletions > JobMaxRetries || ExitCode =?= 0' evaluated to FALSE
...
040 (8018100.364.000) 2026-06-21 16:47:46 Started transferring input files
	Transferring to host: <10.1.1.133:42265?CCBID=128.105.82.148:9618%3faddrs%3d128.105.82.148-9618+[2607-f388-2200-9d-7ccb-bc08-2489-768a]-9618%26alias%3dospool-ccb.osg.chtc.io%26noUDP%26sock%3dcollector8#4337788%2067.58.49.91:9618%3faddrs%3d67.58.49.91-9618+[fdf0-17b3-c3ec-1f79-10-0-e-b69d]-9618%26alias%3dccb-2.ospool.osg-htc.org%26noUDP%26sock%3dcollector4#4326774&PrivNet=gpu03&addrs=10.1.1.133-42265&alias=gpu03&noUDP>
...
040 (8018100.364.000) 2026-06-21 16:48:10 Finished transferring input files
...
021 (8018100.364.000) 2026-06-21 16:48:11 Message from starter on slot1_1@glidein_3062367_187566720@gpu03:
	PREPARE_JOB (prepare-hook) succeeded (reported status 000): Using Singularity image openfe_1.11.1.sif
...
001 (8018100.364.000) 2026-06-21 16:48:11 Job executing on host: <10.1.1.133:36499?CCBID=128.105.82.148:9618%3faddrs%3d128.105.82.148-9618+[2607-f388-2200-9d-7ccb-bc08-2489-768a]-9618%26alias%3dospool-ccb.osg.chtc.io%26noUDP%26sock%3dcollector2#4290611%2067.58.49.91:9618%3faddrs%3d67.58.49.91-9618+[fdf0-17b3-c3ec-1f79-10-0-e-b69d]-9618%26alias%3dccb-2.ospool.osg-htc.org%26noUDP%26sock%3dcollector8#4288469&PrivNet=gpu03&addrs=10.1.1.133-36499&alias=gpu03&noUDP>
	SlotName: slot1_1@glidein_3062367_187566720@gpu03
	AvailableGPUs = { GPUs_GPU_3272edf3 }
	CondorScratchDir = "/tmp/glide_axJLUa/execute/dir_3657725/scratch"
	Cpus = 1
	Disk = 16777216
	GPUs = 1
	GPUs_GPU_3272edf3 = [ Id = "GPU-3272edf3"; ClockMhz = 1740.0; Capability = 8.6; CoresPerCU = 128; DeviceName = "NVIDIA A40"; DeviceUuid = "3272edf3-6acb-c780-6761-8972e47478b3"; ECCEnabled = true; ComputeUnits = 84; NvidiaDriver = "595.71.05"; DriverVersion = 13.2; DevicePciBusId = "0000:01:00.0"; GlobalMemoryMb = 45739; MaxSupportedVersion = 13020 ]
	Memory = 16384
...
006 (8018100.364.000) 2026-06-21 16:48:17 Image size of job updated: 1250
	6  -  MemoryUsage of job (MB)
	5404  -  ResidentSetSize of job (KB)
...
040 (8018100.364.000) 2026-06-21 16:48:18 Started transferring output files
...
040 (8018100.364.000) 2026-06-21 16:48:18 Finished transferring output files
...
004 (8018100.364.000) 2026-06-21 16:48:19 Job was evicted.
	(0) Job terminated and was requeued
		Usr 0 00:00:00, Sys 0 00:00:00  -  Run Remote Usage
		Usr 0 00:00:00, Sys 0 00:00:00  -  Run Local Usage
	549  -  Run Bytes Sent By Job
	2784298596  -  Run Bytes Received By Job
	(1) Normal termination (return value 2)
	The job attribute OnExitRemove expression 'NumJobCompletions > JobMaxRetries || ExitCode =?= 0' evaluated to FALSE
...
040 (8018100.364.000) 2026-06-21 16:48:35 Started transferring input files
	Transferring to host: <128.105.68.129:9618?addrs=128.105.68.129-9618+[2607-f388-2200-100-7e8c-9ff-fee9-7284]-9618&alias=gchrysosgpu4000.chtc.wisc.edu&noUDP&sock=backfill1_1_11538_508e_5866>
...
040 (8018100.364.000) 2026-06-21 16:48:45 Finished transferring input files
...
001 (8018100.364.000) 2026-06-21 16:48:45 Job executing on host: <128.105.68.129:9618?addrs=128.105.68.129-9618+[2607-f388-2200-100-7e8c-9ff-fee9-7284]-9618&alias=gchrysosgpu4000.chtc.wisc.edu&noUDP&sock=startd_11234_2b06>
	SlotName: backfill1_1@gchrysosgpu4000.chtc.wisc.edu
	AvailableGPUs = { GPUs_GPU_adfd2ec0 }
	CondorScratchDir = "/var/lib/condor/execute/slot1/dir_3042870/scratch"
	Cpus = 1
	Disk = 16777216
	GPUs = 1
	GPUs_GPU_adfd2ec0 = [ Id = "GPU-adfd2ec0"; Capability = 8.9; DeviceName = "NVIDIA L40S"; DeviceUuid = "adfd2ec0-747a-b3c0-4a19-f00546698dcf"; ECCEnabled = true; NvidiaDriver = "570.195.03"; DriverVersion = 12.8; DevicePciBusId = "0000:C1:00.0"; GlobalMemoryMb = 45468; MaxSupportedVersion = 12080 ]
	IoHeavy = 0
	Memory = 16384
...
040 (8018100.364.000) 2026-06-21 16:48:48 Started transferring output files
...
040 (8018100.364.000) 2026-06-21 16:48:48 Finished transferring output files
...
004 (8018100.364.000) 2026-06-21 16:48:48 Job was evicted.
	(0) Job terminated and was requeued
		Usr 0 00:00:01, Sys 0 00:00:00  -  Run Remote Usage
		Usr 0 00:00:00, Sys 0 00:00:00  -  Run Local Usage
	452  -  Run Bytes Sent By Job
	2784298596  -  Run Bytes Received By Job
	(1) Normal termination (return value 2)
	The job attribute OnExitRemove expression 'NumJobCompletions > JobMaxRetries || ExitCode =?= 0' evaluated to FALSE
...
040 (8018100.364.000) 2026-06-21 16:49:13 Started transferring input files
	Transferring to host: <198.86.180.16:40905?CCBID=128.105.82.148:9618%3faddrs%3d128.105.82.148-9618+[2607-f388-2200-9d-7ccb-bc08-2489-768a]-9618%26alias%3dospool-ccb.osg.chtc.io%26noUDP%26sock%3dcollector1#4335922%2067.58.49.91:9618%3faddrs%3d67.58.49.91-9618+[fdf0-17b3-c3ec-1f79-10-0-e-b69d]-9618%26alias%3dccb-2.ospool.osg-htc.org%26noUDP%26sock%3dcollector1#4329592&PrivNet=compute-gpu-03&addrs=198.86.180.16-40905&alias=compute-gpu-03&noUDP>
...
040 (8018100.364.000) 2026-06-21 16:49:28 Finished transferring input files
...
021 (8018100.364.000) 2026-06-21 16:49:29 Message from starter on slot1_1@glidein_2476050_93018520@compute-gpu-03:
	PREPARE_JOB (prepare-hook) succeeded (reported status 000): Using Singularity image openfe_1.11.1.sif
...
001 (8018100.364.000) 2026-06-21 16:49:29 Job executing on host: <198.86.180.16:38617?CCBID=128.105.82.148:9618%3faddrs%3d128.105.82.148-9618+[2607-f388-2200-9d-7ccb-bc08-2489-768a]-9618%26alias%3dospool-ccb.osg.chtc.io%26noUDP%26sock%3dcollector5#4328274%2067.58.49.91:9618%3faddrs%3d67.58.49.91-9618+[fdf0-17b3-c3ec-1f79-10-0-e-b69d]-9618%26alias%3dccb-2.ospool.osg-htc.org%26noUDP%26sock%3dcollector1#4324312&PrivNet=compute-gpu-03&addrs=198.86.180.16-38617&alias=compute-gpu-03&noUDP>
	SlotName: slot1_1@glidein_2476050_93018520@compute-gpu-03
	AvailableGPUs = { GPUs_GPU_68e0b786 }
	CondorScratchDir = "/scratch/glide_T9TgYh/execute/dir_2850443/scratch"
	Cpus = 1
	Disk = 16777216
	GPUs = 1
	GPUs_GPU_68e0b786 = [ Id = "GPU-68e0b786"; ClockMhz = 1980.0; Capability = 9.0; CoresPerCU = 128; DeviceName = "NVIDIA H200"; DeviceUuid = "68e0b786-70ea-b64d-1e06-f3dffbcbce36"; ECCEnabled = true; ComputeUnits = 132; NvidiaDriver = "580.126.20"; DriverVersion = 13.0; DevicePciBusId = "0000:BA:00.0"; GlobalMemoryMb = 143156; MaxSupportedVersion = 13000 ]
	Memory = 16384
...
040 (8018100.364.000) 2026-06-21 16:49:33 Started transferring output files
...
040 (8018100.364.000) 2026-06-21 16:49:33 Finished transferring output files
...
004 (8018100.364.000) 2026-06-21 16:49:34 Job was evicted.
	(0) Job terminated and was requeued
		Usr 0 00:00:00, Sys 0 00:00:00  -  Run Remote Usage
		Usr 0 00:00:00, Sys 0 00:00:00  -  Run Local Usage
	462  -  Run Bytes Sent By Job
	2784298596  -  Run Bytes Received By Job
	(1) Normal termination (return value 2)
	The job attribute OnExitRemove expression 'NumJobCompletions > JobMaxRetries || ExitCode =?= 0' evaluated to FALSE
...
040 (8018100.364.000) 2026-06-21 16:49:44 Started transferring input files
	Transferring to host: <128.105.68.103:9618?addrs=128.105.68.103-9618+[2607-f388-2200-100-1270-fdff-fe74-930]-9618&alias=gpu2011.chtc.wisc.edu&noUDP&sock=slot2_1_3669582_3c1f_87469>
...
040 (8018100.364.000) 2026-06-21 16:49:59 Finished transferring input files
...
001 (8018100.364.000) 2026-06-21 16:49:59 Job executing on host: <128.105.68.103:9618?addrs=128.105.68.103-9618+[2607-f388-2200-100-1270-fdff-fe74-930]-9618&alias=gpu2011.chtc.wisc.edu&noUDP&sock=startd_12054_9eaf>
	SlotName: slot2_1@gpu2011.chtc.wisc.edu
	AvailableGPUs = { GPUs_MIG_00b83ffb_e443_56b0_81ae_fca0e86cdba2 }
	CondorScratchDir = "/var/lib/condor/execute/slot2/dir_3660114/scratch"
	Cpus = 1
	Disk = 16777216
	GPUs = 1
	GPUs_MIG_00b83ffb_e443_56b0_81ae_fca0e86cdba2 = [ Id = "MIG-00b83ffb-e443-56b0-81ae-fca0e86cdba2"; Capability = 8.0; DeviceName = "NVIDIA A100-SXM4-80GB MIG 3g.40gb"; DeviceUuid = "MIG-00b83ffb-e443-56b0-81ae-fca0e86cdba2"; ECCEnabled = true; NvidiaDriver = "570.195.03"; DriverVersion = 12.8; DevicePciBusId = "0000:81:00.0"; GlobalMemoryMb = 40100; MaxSupportedVersion = 12080 ]
	IoHeavy = 0
	Memory = 16384
...
040 (8018100.364.000) 2026-06-21 16:50:02 Started transferring output files
...
040 (8018100.364.000) 2026-06-21 16:50:02 Finished transferring output files
...
004 (8018100.364.000) 2026-06-21 16:50:03 Job was evicted.
	(0) Job terminated and was requeued
		Usr 0 00:00:01, Sys 0 00:00:01  -  Run Remote Usage
		Usr 0 00:00:00, Sys 0 00:00:00  -  Run Local Usage
	444  -  Run Bytes Sent By Job
	2784298596  -  Run Bytes Received By Job
	(1) Normal termination (return value 2)
	The job attribute OnExitRemove expression 'NumJobCompletions > JobMaxRetries || ExitCode =?= 0' evaluated to FALSE
...
040 (8018100.364.000) 2026-06-21 16:50:46 Started transferring input files
	Transferring to host: <10.1.1.135:39283?CCBID=128.105.82.148:9618%3faddrs%3d128.105.82.148-9618+[2607-f388-2200-9d-7ccb-bc08-2489-768a]-9618%26alias%3dospool-ccb.osg.chtc.io%26noUDP%26sock%3dcollector4#4337098%2067.58.49.91:9618%3faddrs%3d67.58.49.91-9618+[fdf0-17b3-c3ec-1f79-10-0-e-b69d]-9618%26alias%3dccb-2.ospool.osg-htc.org%26noUDP%26sock%3dcollector4#4327091&PrivNet=gpu05&addrs=10.1.1.135-39283&alias=gpu05&noUDP>
...
040 (8018100.364.000) 2026-06-21 16:51:05 Finished transferring input files
...
021 (8018100.364.000) 2026-06-21 16:51:06 Message from starter on slot1_3@glidein_3273215_630389268@gpu05:
	PREPARE_JOB (prepare-hook) succeeded (reported status 000): Using Singularity image openfe_1.11.1.sif
...
001 (8018100.364.000) 2026-06-21 16:51:06 Job executing on host: <10.1.1.135:45695?CCBID=128.105.82.148:9618%3faddrs%3d128.105.82.148-9618+[2607-f388-2200-9d-7ccb-bc08-2489-768a]-9618%26alias%3dospool-ccb.osg.chtc.io%26noUDP%26sock%3dcollector5#4288189%2067.58.49.91:9618%3faddrs%3d67.58.49.91-9618+[fdf0-17b3-c3ec-1f79-10-0-e-b69d]-9618%26alias%3dccb-2.ospool.osg-htc.org%26noUDP%26sock%3dcollector7#4283415&PrivNet=gpu05&addrs=10.1.1.135-45695&alias=gpu05&noUDP>
	SlotName: slot1_3@glidein_3273215_630389268@gpu05
	AvailableGPUs = { GPUs_GPU_1392eeaa }
	CondorScratchDir = "/tmp/glide_vhn3iB/execute/dir_3807705/scratch"
	Cpus = 1
	Disk = 16777216
	GPUs = 1
	GPUs_GPU_1392eeaa = [ Id = "GPU-1392eeaa"; ClockMhz = 1695.0; Capability = 8.6; CoresPerCU = 128; DeviceName = "NVIDIA RTX A5000"; DeviceUuid = "1392eeaa-11be-dc87-a414-72298ca812b6"; ECCEnabled = false; ComputeUnits = 64; NvidiaDriver = "595.71.05"; DriverVersion = 13.2; DevicePciBusId = "0000:81:00.0"; GlobalMemoryMb = 24361; MaxSupportedVersion = 13020 ]
	Memory = 16384
...
006 (8018100.364.000) 2026-06-21 16:51:09 Image size of job updated: 4346380
	92  -  MemoryUsage of job (MB)
	94144  -  ResidentSetSize of job (KB)
...
040 (8018100.364.000) 2026-06-21 16:51:10 Started transferring output files
...
040 (8018100.364.000) 2026-06-21 16:51:10 Finished transferring output files
...
004 (8018100.364.000) 2026-06-21 16:51:11 Job was evicted.
	(0) Job terminated and was requeued
		Usr 0 00:00:00, Sys 0 00:00:00  -  Run Remote Usage
		Usr 0 00:00:00, Sys 0 00:00:00  -  Run Local Usage
	573  -  Run Bytes Sent By Job
	2784298596  -  Run Bytes Received By Job
	(1) Normal termination (return value 2)
	The job attribute OnExitRemove expression 'NumJobCompletions > JobMaxRetries || ExitCode =?= 0' evaluated to FALSE
...
040 (8018100.364.000) 2026-06-21 16:52:58 Started transferring input files
	Transferring to host: <141.142.150.74:29575?CCBID=128.105.82.148:9618%3faddrs%3d128.105.82.148-9618+[2607-f388-2200-9d-7ccb-bc08-2489-768a]-9618%26alias%3dospool-ccb.osg.chtc.io%26noUDP%26sock%3dcollector1#4336296%2067.58.49.91:9618%3faddrs%3d67.58.49.91-9618+[fdf0-17b3-c3ec-1f79-10-0-e-b69d]-9618%26alias%3dccb-2.ospool.osg-htc.org%26noUDP%26sock%3dcollector9#4334044&PrivNet=rails04&addrs=141.142.150.74-29575+[fde1-53ba-e9a0-de11-2dba-91e3-dd48-5c8a]-29575&alias=rails04&noUDP>
...
040 (8018100.364.000) 2026-06-21 16:53:16 Finished transferring input files
...
021 (8018100.364.000) 2026-06-21 16:53:17 Message from starter on slot1_17@glidein_898266_181729977@rails04:
	PREPARE_JOB (prepare-hook) succeeded (reported status 000): Using Singularity image openfe_1.11.1.sif
...
001 (8018100.364.000) 2026-06-21 16:53:17 Job executing on host: <141.142.150.74:15253?CCBID=128.105.82.148:9618%3faddrs%3d128.105.82.148-9618+[2607-f388-2200-9d-7ccb-bc08-2489-768a]-9618%26alias%3dospool-ccb.osg.chtc.io%26noUDP%26sock%3dcollector3#4331785%2067.58.49.91:9618%3faddrs%3d67.58.49.91-9618+[fdf0-17b3-c3ec-1f79-10-0-e-b69d]-9618%26alias%3dccb-2.ospool.osg-htc.org%26noUDP%26sock%3dcollector7#4321586&PrivNet=rails04&addrs=141.142.150.74-15253+[fde1-53ba-e9a0-de11-2dba-91e3-dd48-5c8a]-15253&alias=rails04&noUDP>
	SlotName: slot1_17@glidein_898266_181729977@rails04
	AvailableGPUs = { GPUs_GPU_132bdba0 }
	CondorScratchDir = "/projects/bcxl/svcosguser/glide_D24smC/execute/dir_1708100/scratch"
	Cpus = 1
	Disk = 16777216
	GPUs = 1
	GPUs_GPU_132bdba0 = [ Id = "GPU-132bdba0"; ClockMhz = 1980.0; Capability = 9.0; CoresPerCU = 128; DeviceName = "NVIDIA H100 80GB HBM3"; DeviceUuid = "132bdba0-7c4e-70cd-0942-d84d37682116"; ECCEnabled = true; ComputeUnits = 132; NvidiaDriver = "590.48.01"; DriverVersion = 13.1; DevicePciBusId = "0000:9B:00.0"; GlobalMemoryMb = 81081; MaxSupportedVersion = 13010 ]
	Memory = 16384
...
040 (8018100.364.000) 2026-06-21 16:53:26 Started transferring output files
...
040 (8018100.364.000) 2026-06-21 16:53:26 Finished transferring output files
...
004 (8018100.364.000) 2026-06-21 16:53:26 Job was evicted.
	(0) Job terminated and was requeued
		Usr 0 00:00:00, Sys 0 00:00:00  -  Run Remote Usage
		Usr 0 00:00:00, Sys 0 00:00:00  -  Run Local Usage
	463  -  Run Bytes Sent By Job
	2784298596  -  Run Bytes Received By Job
	(1) Normal termination (return value 2)
	The job attribute OnExitRemove expression 'NumJobCompletions > JobMaxRetries || ExitCode =?= 0' evaluated to FALSE
...
040 (8018100.364.000) 2026-06-21 16:53:48 Started transferring input files
	Transferring to host: <128.105.76.47:9618?addrs=128.105.76.47-9618+[2607-f388-2200-100-527c-6fff-fe82-826a]-9618&alias=gpu4006.chtc.wisc.edu&noUDP&sock=slot2_8_2618986_4fbd_88805>
...
040 (8018100.364.000) 2026-06-21 16:53:56 Finished transferring input files
...
001 (8018100.364.000) 2026-06-21 16:53:56 Job executing on host: <128.105.76.47:9618?addrs=128.105.76.47-9618+[2607-f388-2200-100-527c-6fff-fe82-826a]-9618&alias=gpu4006.chtc.wisc.edu&noUDP&sock=startd_11220_90b3>
	SlotName: slot2_8@gpu4006.chtc.wisc.edu
	AvailableGPUs = { GPUs_GPU_cee1c5fe }
	CondorScratchDir = "/var/lib/condor/execute/slot2/dir_3035121/scratch"
	Cpus = 1
	Disk = 16777216
	GPUs = 1
	GPUs_GPU_cee1c5fe = [ Id = "GPU-cee1c5fe"; Capability = 8.9; DeviceName = "NVIDIA L40S"; DeviceUuid = "cee1c5fe-b00f-e234-a43f-220f24c5e1c9"; ECCEnabled = true; NvidiaDriver = "590.48.01"; DriverVersion = 13.1; DevicePciBusId = "0000:E1:00.0"; GlobalMemoryMb = 45460; MaxSupportedVersion = 13010 ]
	IoHeavy = 0
	Memory = 16384
...
040 (8018100.364.000) 2026-06-21 16:53:59 Started transferring output files
...
040 (8018100.364.000) 2026-06-21 16:53:59 Finished transferring output files
...
004 (8018100.364.000) 2026-06-21 16:53:59 Job was evicted.
	(0) Job terminated and was requeued
		Usr 0 00:00:01, Sys 0 00:00:00  -  Run Remote Usage
		Usr 0 00:00:00, Sys 0 00:00:00  -  Run Local Usage
	458  -  Run Bytes Sent By Job
	2784298596  -  Run Bytes Received By Job
	(1) Normal termination (return value 2)
	The job attribute OnExitRemove expression 'NumJobCompletions > JobMaxRetries || ExitCode =?= 0' evaluated to FALSE
...
040 (8018100.364.000) 2026-06-21 16:54:19 Started transferring input files
	Transferring to host: <128.105.68.102:9618?addrs=128.105.68.102-9618+[2607-f388-2200-100-1270-fdff-fe74-920]-9618&alias=gpu2010.chtc.wisc.edu&noUDP&sock=slot2_1_2570277_6a21_73509>
...
040 (8018100.364.000) 2026-06-21 16:54:34 Finished transferring input files
...
001 (8018100.364.000) 2026-06-21 16:54:34 Job executing on host: <128.105.68.102:9618?addrs=128.105.68.102-9618+[2607-f388-2200-100-1270-fdff-fe74-920]-9618&alias=gpu2010.chtc.wisc.edu&noUDP&sock=startd_12400_f274>
	SlotName: slot2_1@gpu2010.chtc.wisc.edu
	AvailableGPUs = { GPUs_GPU_ebb6cfb4 }
	CondorScratchDir = "/var/lib/condor/execute/slot2/dir_3065190/scratch"
	Cpus = 1
	Disk = 16777216
	GPUs = 1
	GPUs_GPU_ebb6cfb4 = [ Id = "GPU-ebb6cfb4"; Capability = 8.0; DeviceName = "NVIDIA A100-SXM4-80GB"; DeviceUuid = "ebb6cfb4-dd3e-9883-e9ad-6ddb1e1276f9"; ECCEnabled = true; NvidiaDriver = "570.195.03"; DriverVersion = 12.8; DevicePciBusId = "0000:01:00.0"; GlobalMemoryMb = 81154; MaxSupportedVersion = 12080 ]
	IoHeavy = 0
	Memory = 16384
...
040 (8018100.364.000) 2026-06-21 16:54:37 Started transferring output files
...
040 (8018100.364.000) 2026-06-21 16:54:37 Finished transferring output files
...
005 (8018100.364.000) 2026-06-21 16:54:38 Job terminated.
	(1) Normal termination (return value 2)
		Usr 0 00:00:01, Sys 0 00:00:00  -  Run Remote Usage
		Usr 0 00:00:00, Sys 0 00:00:00  -  Run Local Usage
		Usr 0 00:00:09, Sys 0 00:00:01  -  Total Remote Usage
		Usr 0 00:00:00, Sys 0 00:00:00  -  Total Local Usage
	444  -  Run Bytes Sent By Job
	2784298596  -  Run Bytes Received By Job
	5202  -  Total Bytes Sent By Job
	30627284556  -  Total Bytes Received By Job
	Partitionable Resources :    Usage  Request Allocated Assigned
	   Cpus                 :        0        1         1 
	   Disk (KB)            :  2719079 16777216  16777216 
	   GPUs                 :        0        1         1 "GPU-ebb6cfb4"
	   IoHeavy              :                           0 
	   Memory (MB)          :       98    16384     16384 
	   TimeExecute (s)      :        3                    
	   TimeSlotBusy (s)     :       18                    
...
