000 (8180963.364.000) 2026-06-24 12:19:47 Job submitted from host: <128.105.68.112:9618?addrs=128.105.68.112-9618+[2607-f388-2200-100-eaeb-d3ff-fea3-4202]-9618&alias=ap2001.chtc.wisc.edu&noUDP&sock=schedd_4071840_2329>
...
040 (8180963.364.000) 2026-06-25 01:55:45 Started transferring input files
	Transferring to host: <128.104.100.53:9618?addrs=128.104.100.53-9618+[2607-f388-107c-501-7ec2-55ff-fe99-a2b0]-9618&alias=jcaicedogpu0001.chtc.wisc.edu&noUDP&sock=backfill1_5_12775_e4a1_19864>
...
040 (8180963.364.000) 2026-06-25 01:55:55 Finished transferring input files
...
001 (8180963.364.000) 2026-06-25 01:55:55 Job executing on host: <128.104.100.53:9618?addrs=128.104.100.53-9618+[2607-f388-107c-501-7ec2-55ff-fe99-a2b0]-9618&alias=jcaicedogpu0001.chtc.wisc.edu&noUDP&sock=startd_11292_f384>
	SlotName: backfill1_5@jcaicedogpu0001.chtc.wisc.edu
	AvailableGPUs = { GPUs_GPU_0d3e8e3e }
	CondorScratchDir = "/var/lib/condor/execute/slot1/dir_3427887/scratch"
	Cpus = 1
	Disk = 16777216
	GPUs = 1
	GPUs_GPU_0d3e8e3e = [ Id = "GPU-0d3e8e3e"; Capability = 8.9; DeviceName = "NVIDIA L40"; DeviceUuid = "0d3e8e3e-cd91-f42e-62d6-29e967f0eec8"; ECCEnabled = true; NvidiaDriver = "570.195.03"; DriverVersion = 12.8; DevicePciBusId = "0000:57:00.0"; GlobalMemoryMb = 45468; MaxSupportedVersion = 12080 ]
	IoHeavy = 0
	Memory = 16384
...
006 (8180963.364.000) 2026-06-25 01:56:03 Image size of job updated: 403088
	394  -  MemoryUsage of job (MB)
	403088  -  ResidentSetSize of job (KB)
...
006 (8180963.364.000) 2026-06-25 02:01:03 Image size of job updated: 4193132
	4095  -  MemoryUsage of job (MB)
	4193132  -  ResidentSetSize of job (KB)
...
006 (8180963.364.000) 2026-06-25 02:06:04 Image size of job updated: 4306196
	4095  -  MemoryUsage of job (MB)
	4193132  -  ResidentSetSize of job (KB)
...
006 (8180963.364.000) 2026-06-25 02:11:04 Image size of job updated: 4968828
	4754  -  MemoryUsage of job (MB)
	4867568  -  ResidentSetSize of job (KB)
...
006 (8180963.364.000) 2026-06-25 02:16:05 Image size of job updated: 5011880
	4754  -  MemoryUsage of job (MB)
	4867568  -  ResidentSetSize of job (KB)
...
006 (8180963.364.000) 2026-06-25 02:21:06 Image size of job updated: 5555156
	5425  -  MemoryUsage of job (MB)
	5555156  -  ResidentSetSize of job (KB)
...
006 (8180963.364.000) 2026-06-25 02:26:06 Image size of job updated: 5743080
	5425  -  MemoryUsage of job (MB)
	5555156  -  ResidentSetSize of job (KB)
...
006 (8180963.364.000) 2026-06-25 02:31:07 Image size of job updated: 6195716
	6051  -  MemoryUsage of job (MB)
	6195716  -  ResidentSetSize of job (KB)
...
006 (8180963.364.000) 2026-06-25 02:32:54 Image size of job updated: 6378080
	6051  -  MemoryUsage of job (MB)
	6195716  -  ResidentSetSize of job (KB)
...
040 (8180963.364.000) 2026-06-25 02:32:54 Started transferring output files
...
040 (8180963.364.000) 2026-06-25 02:32:54 Finished transferring output files
...
004 (8180963.364.000) 2026-06-25 02:32:55 Job was evicted.
	(0) Job terminated and was requeued
		Usr 0 01:03:43, Sys 0 00:01:52  -  Run Remote Usage
		Usr 0 00:00:00, Sys 0 00:00:00  -  Run Local Usage
	112423  -  Run Bytes Sent By Job
	2784298500  -  Run Bytes Received By Job
	(1) Normal termination (return value 1)
	The job attribute OnExitRemove expression 'NumJobCompletions > JobMaxRetries || ExitCode =?= 0' evaluated to FALSE
...
040 (8180963.364.000) 2026-06-25 02:33:04 Started transferring input files
	Transferring to host: <128.105.76.49:9618?addrs=128.105.76.49-9618+[2607-f388-2200-100-925a-8ff-fe34-145a]-9618&alias=dbrundagegpu5000.chtc.wisc.edu&noUDP&sock=backfill1_2_11993_e741_7214>
...
040 (8180963.364.000) 2026-06-25 02:35:39 Finished transferring input files
...
001 (8180963.364.000) 2026-06-25 02:35:39 Job executing on host: <128.105.76.49:9618?addrs=128.105.76.49-9618+[2607-f388-2200-100-925a-8ff-fe34-145a]-9618&alias=dbrundagegpu5000.chtc.wisc.edu&noUDP&sock=startd_11574_613a>
	SlotName: backfill1_2@dbrundagegpu5000.chtc.wisc.edu
	AvailableGPUs = { GPUs_GPU_4492b770 }
	CondorScratchDir = "/var/lib/condor/execute/slot1/dir_1561087/scratch"
	Cpus = 1
	Disk = 16777216
	GPUs = 1
	GPUs_GPU_4492b770 = [ Id = "GPU-4492b770"; Capability = 8.9; DeviceName = "NVIDIA L40S"; DeviceUuid = "4492b770-c65d-cba3-201b-daa72edfb5b7"; ECCEnabled = true; NvidiaDriver = "590.48.01"; DriverVersion = 13.1; DevicePciBusId = "0000:C1:00.0"; GlobalMemoryMb = 45460; MaxSupportedVersion = 13010 ]
	IoHeavy = 0
	Memory = 16384
...
040 (8180963.364.000) 2026-06-25 03:02:15 Started transferring output files
...
040 (8180963.364.000) 2026-06-25 03:02:15 Finished transferring output files
...
004 (8180963.364.000) 2026-06-25 03:02:16 Job was evicted.
	(0) Job terminated and was requeued
		Usr 0 00:42:15, Sys 0 00:05:16  -  Run Remote Usage
		Usr 0 00:00:00, Sys 0 00:00:00  -  Run Local Usage
	112427  -  Run Bytes Sent By Job
	2722579972  -  Run Bytes Received By Job
	(1) Normal termination (return value 1)
	The job attribute OnExitRemove expression 'NumJobCompletions > JobMaxRetries || ExitCode =?= 0' evaluated to FALSE
...
040 (8180963.364.000) 2026-06-25 03:02:29 Started transferring input files
	Transferring to host: <128.105.69.3:9618?addrs=128.105.69.3-9618+[2607-f388-2200-100-7ec2-55ff-fe46-28f2]-9618&alias=gpu4002.chtc.wisc.edu&noUDP&sock=slot1_6_12744_0cff_14515>
...
040 (8180963.364.000) 2026-06-25 03:35:45 Finished transferring input files
...
001 (8180963.364.000) 2026-06-25 03:35:45 Job executing on host: <128.105.69.3:9618?addrs=128.105.69.3-9618+[2607-f388-2200-100-7ec2-55ff-fe46-28f2]-9618&alias=gpu4002.chtc.wisc.edu&noUDP&sock=startd_11312_ab69>
	SlotName: slot1_6@gpu4002.chtc.wisc.edu
	AvailableGPUs = { GPUs_GPU_617fac56 }
	CondorScratchDir = "/var/lib/condor/execute/slot1/dir_996779/scratch"
	Cpus = 1
	Disk = 16777216
	GPUs = 1
	GPUs_GPU_617fac56 = [ Id = "GPU-617fac56"; Capability = 8.9; DeviceName = "NVIDIA L40"; DeviceUuid = "617fac56-266a-f041-a6ff-1b77abf2220f"; ECCEnabled = true; NvidiaDriver = "570.195.03"; DriverVersion = 12.8; DevicePciBusId = "0000:57:00.0"; GlobalMemoryMb = 45468; MaxSupportedVersion = 12080 ]
	IoHeavy = 0
	Memory = 16384
...
040 (8180963.364.000) 2026-06-25 03:39:28 Started transferring output files
...
040 (8180963.364.000) 2026-06-25 03:39:29 Finished transferring output files
...
004 (8180963.364.000) 2026-06-25 03:39:29 Job was evicted.
	(0) Job terminated and was requeued
		Usr 0 00:03:37, Sys 0 00:00:04  -  Run Remote Usage
		Usr 0 00:00:00, Sys 0 00:00:00  -  Run Local Usage
	94581  -  Run Bytes Sent By Job
	2784298500  -  Run Bytes Received By Job
	(1) Normal termination (return value 1)
	The job attribute OnExitRemove expression 'NumJobCompletions > JobMaxRetries || ExitCode =?= 0' evaluated to FALSE
...
040 (8180963.364.000) 2026-06-25 03:39:46 Started transferring input files
	Transferring to host: <128.104.100.17:9618?addrs=128.104.100.17-9618+[2607-f388-107c-501-527c-6fff-fe66-e9bc]-9618&alias=jcaicedogpu0002.chtc.wisc.edu&noUDP&sock=backfill1_3_2855957_d182_103331>
...
040 (8180963.364.000) 2026-06-25 03:39:57 Finished transferring input files
...
001 (8180963.364.000) 2026-06-25 03:39:57 Job executing on host: <128.104.100.17:9618?addrs=128.104.100.17-9618+[2607-f388-107c-501-527c-6fff-fe66-e9bc]-9618&alias=jcaicedogpu0002.chtc.wisc.edu&noUDP&sock=startd_11788_2a7e>
	SlotName: backfill1_3@jcaicedogpu0002.chtc.wisc.edu
	AvailableGPUs = { GPUs_GPU_53faf926 }
	CondorScratchDir = "/var/lib/condor/execute/slot1/dir_576539/scratch"
	Cpus = 1
	Disk = 16777216
	GPUs = 1
	GPUs_GPU_53faf926 = [ Id = "GPU-53faf926"; Capability = 8.9; DeviceName = "NVIDIA L40S"; DeviceUuid = "53faf926-e094-2979-3a41-f6f98400e1ad"; ECCEnabled = true; NvidiaDriver = "570.195.03"; DriverVersion = 12.8; DevicePciBusId = "0000:CF:00.0"; GlobalMemoryMb = 45468; MaxSupportedVersion = 12080 ]
	IoHeavy = 0
	Memory = 16384
...
040 (8180963.364.000) 2026-06-25 04:10:10 Started transferring output files
...
040 (8180963.364.000) 2026-06-25 04:10:10 Finished transferring output files
...
004 (8180963.364.000) 2026-06-25 04:10:11 Job was evicted.
	(0) Job terminated and was requeued
		Usr 0 00:39:46, Sys 0 00:01:38  -  Run Remote Usage
		Usr 0 00:00:00, Sys 0 00:00:00  -  Run Local Usage
	112411  -  Run Bytes Sent By Job
	2784298500  -  Run Bytes Received By Job
	(1) Normal termination (return value 1)
	The job attribute OnExitRemove expression 'NumJobCompletions > JobMaxRetries || ExitCode =?= 0' evaluated to FALSE
...
040 (8180963.364.000) 2026-06-25 04:10:24 Started transferring input files
	Transferring to host: <128.104.103.48:9618?addrs=128.104.103.48-9618+[2607-f388-107c-501-ae1f-6bff-fe2c-2f00]-9618&alias=vetsigian0001.chtc.wisc.edu&noUDP&sock=slot2_3_10681_7b0b_20619>
...
040 (8180963.364.000) 2026-06-25 04:13:06 Finished transferring input files
...
001 (8180963.364.000) 2026-06-25 04:13:06 Job executing on host: <128.104.103.48:9618?addrs=128.104.103.48-9618+[2607-f388-107c-501-ae1f-6bff-fe2c-2f00]-9618&alias=vetsigian0001.chtc.wisc.edu&noUDP&sock=startd_9913_126b>
	SlotName: slot2_3@vetsigian0001.chtc.wisc.edu
	AvailableGPUs = { GPUs_GPU_a2d98c30 }
	CondorScratchDir = "/var/lib/condor/execute/slot2/dir_1108852/scratch"
	Cpus = 1
	Disk = 16777216
	GPUs = 1
	GPUs_GPU_a2d98c30 = [ Id = "GPU-a2d98c30"; Capability = 7.5; DeviceName = "NVIDIA GeForce RTX 2080 Ti"; DeviceUuid = "a2d98c30-a687-6d65-26dc-3e29e88308b6"; ECCEnabled = false; NvidiaDriver = "550.54.14"; DriverVersion = 12.4; DevicePciBusId = "0000:3D:00.0"; GlobalMemoryMb = 11004; MaxSupportedVersion = 12040 ]
	IoHeavy = 0
	Memory = 16384
...
040 (8180963.364.000) 2026-06-25 05:00:23 Started transferring output files
...
040 (8180963.364.000) 2026-06-25 05:00:23 Finished transferring output files
...
004 (8180963.364.000) 2026-06-25 05:00:24 Job was evicted.
	(0) Job terminated and was requeued
		Usr 0 01:12:13, Sys 0 00:02:07  -  Run Remote Usage
		Usr 0 00:00:00, Sys 0 00:00:00  -  Run Local Usage
	112404  -  Run Bytes Sent By Job
	2750268932  -  Run Bytes Received By Job
	(1) Normal termination (return value 1)
	The job attribute OnExitRemove expression 'NumJobCompletions > JobMaxRetries || ExitCode =?= 0' evaluated to FALSE
...
040 (8180963.364.000) 2026-06-25 05:01:12 Started transferring input files
	Transferring to host: <128.105.76.51:9618?addrs=128.105.76.51-9618+[2607-f388-2200-100-925a-8ff-fe34-15b6]-9618&alias=zliu-chtcgpu5000.chtc.wisc.edu&noUDP&sock=backfill1_2_98764_ec29_48161>
...
040 (8180963.364.000) 2026-06-25 05:07:48 Finished transferring input files
...
001 (8180963.364.000) 2026-06-25 05:07:48 Job executing on host: <128.105.76.51:9618?addrs=128.105.76.51-9618+[2607-f388-2200-100-925a-8ff-fe34-15b6]-9618&alias=zliu-chtcgpu5000.chtc.wisc.edu&noUDP&sock=startd_98388_901b>
	SlotName: backfill1_2@zliu-chtcgpu5000.chtc.wisc.edu
	AvailableGPUs = { GPUs_GPU_46b845fc }
	CondorScratchDir = "/var/lib/condor/execute/slot1/dir_1216171/scratch"
	Cpus = 1
	Disk = 16777216
	GPUs = 1
	GPUs_GPU_46b845fc = [ Id = "GPU-46b845fc"; Capability = 8.9; DeviceName = "NVIDIA L40S"; DeviceUuid = "46b845fc-86ec-72a5-6d18-c5b0a245e729"; ECCEnabled = true; NvidiaDriver = "590.48.01"; DriverVersion = 13.1; DevicePciBusId = "0000:E1:00.0"; GlobalMemoryMb = 45460; MaxSupportedVersion = 13010 ]
	IoHeavy = 0
	Memory = 16384
...
006 (8180963.364.000) 2026-06-25 05:28:00 Image size of job updated: 7643020
	7325  -  MemoryUsage of job (MB)
	7500000  -  ResidentSetSize of job (KB)
...
040 (8180963.364.000) 2026-06-25 05:33:34 Started transferring output files
...
040 (8180963.364.000) 2026-06-25 05:33:34 Finished transferring output files
...
004 (8180963.364.000) 2026-06-25 05:33:35 Job was evicted.
	(0) Job terminated and was requeued
		Usr 0 00:39:33, Sys 0 00:04:08  -  Run Remote Usage
		Usr 0 00:00:00, Sys 0 00:00:00  -  Run Local Usage
	112496  -  Run Bytes Sent By Job
	2399749636  -  Run Bytes Received By Job
	(1) Normal termination (return value 1)
	The job attribute OnExitRemove expression 'NumJobCompletions > JobMaxRetries || ExitCode =?= 0' evaluated to FALSE
...
040 (8180963.364.000) 2026-06-25 05:33:39 Started transferring input files
	Transferring to host: <128.104.103.52:9618?addrs=128.104.103.52-9618+[2607-f388-107c-501-b226-28ff-fe4e-3a04]-9618&alias=ahlquist0001.chtc.wisc.edu&noUDP&sock=backfill1_1_4028860_1671_95070>
...
040 (8180963.364.000) 2026-06-25 05:34:03 Finished transferring input files
...
001 (8180963.364.000) 2026-06-25 05:34:08 Job executing on host: <128.104.103.52:9618?addrs=128.104.103.52-9618+[2607-f388-107c-501-b226-28ff-fe4e-3a04]-9618&alias=ahlquist0001.chtc.wisc.edu&noUDP&sock=startd_10174_18a3>
	SlotName: backfill1_1@ahlquist0001.chtc.wisc.edu
	AvailableGPUs = { GPUs_GPU_829ef9f2 }
	CondorScratchDir = "/var/lib/condor/execute/slot1/dir_3649995/scratch"
	Cpus = 1
	Disk = 16777216
	GPUs = 1
	GPUs_GPU_829ef9f2 = [ Id = "GPU-829ef9f2"; Capability = 6.0; DeviceName = "Tesla P100-PCIE-16GB"; DeviceUuid = "829ef9f2-d45b-2dd8-c25b-61fa9b6ee85b"; ECCEnabled = true; NvidiaDriver = "550.54.14"; DriverVersion = 12.4; DevicePciBusId = "0000:D8:00.0"; GlobalMemoryMb = 16269; MaxSupportedVersion = 12040 ]
	IoHeavy = 0
	Memory = 16384
...
040 (8180963.364.000) 2026-06-25 06:31:09 Started transferring output files
...
040 (8180963.364.000) 2026-06-25 06:31:09 Finished transferring output files
...
004 (8180963.364.000) 2026-06-25 06:31:10 Job was evicted.
	(0) Job terminated and was requeued
		Usr 0 01:28:00, Sys 0 00:01:48  -  Run Remote Usage
		Usr 0 00:00:00, Sys 0 00:00:00  -  Run Local Usage
	112398  -  Run Bytes Sent By Job
	2784298500  -  Run Bytes Received By Job
	(1) Normal termination (return value 1)
	The job attribute OnExitRemove expression 'NumJobCompletions > JobMaxRetries || ExitCode =?= 0' evaluated to FALSE
...
040 (8180963.364.000) 2026-06-25 06:31:29 Started transferring input files
	Transferring to host: <128.104.103.48:9618?addrs=128.104.103.48-9618+[2607-f388-107c-501-ae1f-6bff-fe2c-2f00]-9618&alias=vetsigian0001.chtc.wisc.edu&noUDP&sock=slot2_6_10681_7b0b_20893>
...
040 (8180963.364.000) 2026-06-25 06:31:56 Finished transferring input files
...
001 (8180963.364.000) 2026-06-25 06:31:56 Job executing on host: <128.104.103.48:9618?addrs=128.104.103.48-9618+[2607-f388-107c-501-ae1f-6bff-fe2c-2f00]-9618&alias=vetsigian0001.chtc.wisc.edu&noUDP&sock=startd_9913_126b>
	SlotName: slot2_6@vetsigian0001.chtc.wisc.edu
	AvailableGPUs = { GPUs_GPU_3ebfc45d }
	CondorScratchDir = "/var/lib/condor/execute/slot2/dir_1332593/scratch"
	Cpus = 1
	Disk = 16777216
	GPUs = 1
	GPUs_GPU_3ebfc45d = [ Id = "GPU-3ebfc45d"; Capability = 7.5; DeviceName = "NVIDIA GeForce RTX 2080 Ti"; DeviceUuid = "3ebfc45d-6ddf-8adb-378a-d31377acded0"; ECCEnabled = false; NvidiaDriver = "550.54.14"; DriverVersion = 12.4; DevicePciBusId = "0000:89:00.0"; GlobalMemoryMb = 11004; MaxSupportedVersion = 12040 ]
	IoHeavy = 0
	Memory = 16384
...
040 (8180963.364.000) 2026-06-25 07:18:38 Started transferring output files
...
040 (8180963.364.000) 2026-06-25 07:18:38 Finished transferring output files
...
004 (8180963.364.000) 2026-06-25 07:18:38 Job was evicted.
	(0) Job terminated and was requeued
		Usr 0 01:11:53, Sys 0 00:02:22  -  Run Remote Usage
		Usr 0 00:00:00, Sys 0 00:00:00  -  Run Local Usage
	112404  -  Run Bytes Sent By Job
	2784298500  -  Run Bytes Received By Job
	(1) Normal termination (return value 1)
	The job attribute OnExitRemove expression 'NumJobCompletions > JobMaxRetries || ExitCode =?= 0' evaluated to FALSE
...
040 (8180963.364.000) 2026-06-25 07:18:43 Started transferring input files
	Transferring to host: <128.104.103.48:9618?addrs=128.104.103.48-9618+[2607-f388-107c-501-ae1f-6bff-fe2c-2f00]-9618&alias=vetsigian0001.chtc.wisc.edu&noUDP&sock=slot2_6_10681_7b0b_20997>
...
040 (8180963.364.000) 2026-06-25 07:32:30 Finished transferring input files
...
040 (8180963.364.000) 2026-06-25 07:41:46 Started transferring input files
	Transferring to host: <128.104.103.48:9618?addrs=128.104.103.48-9618+[2607-f388-107c-501-ae1f-6bff-fe2c-2f00]-9618&alias=vetsigian0001.chtc.wisc.edu&noUDP&sock=slot2_6_10681_7b0b_20997>
...
040 (8180963.364.000) 2026-06-25 07:51:30 Finished transferring input files
...
001 (8180963.364.000) 2026-06-25 07:51:30 Job executing on host: <128.104.103.48:9618?addrs=128.104.103.48-9618+[2607-f388-107c-501-ae1f-6bff-fe2c-2f00]-9618&alias=vetsigian0001.chtc.wisc.edu&noUDP&sock=startd_9913_126b>
	SlotName: slot2_6@vetsigian0001.chtc.wisc.edu
	AvailableGPUs = { GPUs_GPU_3ebfc45d }
	CondorScratchDir = "/var/lib/condor/execute/slot2/dir_1400604/scratch"
	Cpus = 1
	Disk = 16777216
	GPUs = 1
	GPUs_GPU_3ebfc45d = [ Id = "GPU-3ebfc45d"; Capability = 7.5; DeviceName = "NVIDIA GeForce RTX 2080 Ti"; DeviceUuid = "3ebfc45d-6ddf-8adb-378a-d31377acded0"; ECCEnabled = false; NvidiaDriver = "550.54.14"; DriverVersion = 12.4; DevicePciBusId = "0000:89:00.0"; GlobalMemoryMb = 11004; MaxSupportedVersion = 12040 ]
	IoHeavy = 0
	Memory = 16384
...
023 (8180963.364.000) 2026-06-25 08:06:52 Job reconnected to slot2_6@vetsigian0001.chtc.wisc.edu
    startd address: <128.104.103.48:9618?addrs=128.104.103.48-9618+[2607-f388-107c-501-ae1f-6bff-fe2c-2f00]-9618&alias=vetsigian0001.chtc.wisc.edu&noUDP&sock=startd_9913_126b>
    starter address: <128.104.103.48:9618?addrs=128.104.103.48-9618+[2607-f388-107c-501-ae1f-6bff-fe2c-2f00]-9618&alias=vetsigian0001.chtc.wisc.edu&noUDP&sock=slot2_6_10681_7b0b_20997>
...
004 (8180963.364.000) 2026-06-25 08:38:37 Job was evicted.
	(0) Job terminated and was requeued
		Usr 0 01:10:45, Sys 0 00:02:08  -  Run Remote Usage
		Usr 0 00:00:00, Sys 0 00:00:00  -  Run Local Usage
	112403  -  Run Bytes Sent By Job
	0  -  Run Bytes Received By Job
	(1) Normal termination (return value 1)
	The job attribute OnExitRemove expression 'NumJobCompletions > JobMaxRetries || ExitCode =?= 0' evaluated to FALSE
...
040 (8180963.364.000) 2026-06-25 08:38:48 Started transferring input files
	Transferring to host: <128.104.103.48:9618?addrs=128.104.103.48-9618+[2607-f388-107c-501-ae1f-6bff-fe2c-2f00]-9618&alias=vetsigian0001.chtc.wisc.edu&noUDP&sock=slot2_6_10681_7b0b_21162>
...
040 (8180963.364.000) 2026-06-25 08:49:39 Finished transferring input files
...
001 (8180963.364.000) 2026-06-25 08:49:39 Job executing on host: <128.104.103.48:9618?addrs=128.104.103.48-9618+[2607-f388-107c-501-ae1f-6bff-fe2c-2f00]-9618&alias=vetsigian0001.chtc.wisc.edu&noUDP&sock=startd_9913_126b>
	SlotName: slot2_6@vetsigian0001.chtc.wisc.edu
	AvailableGPUs = { GPUs_GPU_3ebfc45d }
	CondorScratchDir = "/var/lib/condor/execute/slot2/dir_1496458/scratch"
	Cpus = 1
	Disk = 16777216
	GPUs = 1
	GPUs_GPU_3ebfc45d = [ Id = "GPU-3ebfc45d"; Capability = 7.5; DeviceName = "NVIDIA GeForce RTX 2080 Ti"; DeviceUuid = "3ebfc45d-6ddf-8adb-378a-d31377acded0"; ECCEnabled = false; NvidiaDriver = "550.54.14"; DriverVersion = 12.4; DevicePciBusId = "0000:89:00.0"; GlobalMemoryMb = 11004; MaxSupportedVersion = 12040 ]
	IoHeavy = 0
	Memory = 16384
...
040 (8180963.364.000) 2026-06-25 09:37:41 Started transferring output files
...
040 (8180963.364.000) 2026-06-25 09:37:41 Finished transferring output files
...
004 (8180963.364.000) 2026-06-25 09:37:42 Job was evicted.
	(0) Job terminated and was requeued
		Usr 0 01:06:40, Sys 0 00:02:07  -  Run Remote Usage
		Usr 0 00:00:00, Sys 0 00:00:00  -  Run Local Usage
	112398  -  Run Bytes Sent By Job
	2784298500  -  Run Bytes Received By Job
	(1) Normal termination (return value 1)
	The job attribute OnExitRemove expression 'NumJobCompletions > JobMaxRetries || ExitCode =?= 0' evaluated to FALSE
...
040 (8180963.364.000) 2026-06-25 09:37:51 Started transferring input files
	Transferring to host: <128.104.100.17:9618?addrs=128.104.100.17-9618+[2607-f388-107c-501-527c-6fff-fe66-e9bc]-9618&alias=jcaicedogpu0002.chtc.wisc.edu&noUDP&sock=backfill1_4_2855957_d182_104271>
...
040 (8180963.364.000) 2026-06-25 09:48:08 Finished transferring input files
...
001 (8180963.364.000) 2026-06-25 09:48:08 Job executing on host: <128.104.100.17:9618?addrs=128.104.100.17-9618+[2607-f388-107c-501-527c-6fff-fe66-e9bc]-9618&alias=jcaicedogpu0002.chtc.wisc.edu&noUDP&sock=startd_11788_2a7e>
	SlotName: backfill1_4@jcaicedogpu0002.chtc.wisc.edu
	AvailableGPUs = { GPUs_GPU_8f76f793 }
	CondorScratchDir = "/var/lib/condor/execute/slot1/dir_1130088/scratch"
	Cpus = 1
	Disk = 16777216
	GPUs = 1
	GPUs_GPU_8f76f793 = [ Id = "GPU-8f76f793"; Capability = 8.9; DeviceName = "NVIDIA L40S"; DeviceUuid = "8f76f793-fe24-bbe0-a0d4-3da8c1a9cb72"; ECCEnabled = true; NvidiaDriver = "570.195.03"; DriverVersion = 12.8; DevicePciBusId = "0000:99:00.0"; GlobalMemoryMb = 45468; MaxSupportedVersion = 12080 ]
	IoHeavy = 0
	Memory = 16384
...
040 (8180963.364.000) 2026-06-25 10:17:39 Started transferring output files
...
040 (8180963.364.000) 2026-06-25 10:17:39 Finished transferring output files
...
005 (8180963.364.000) 2026-06-25 10:17:40 Job terminated.
	(1) Normal termination (return value 1)
		Usr 0 00:41:32, Sys 0 00:01:33  -  Run Remote Usage
		Usr 0 00:00:00, Sys 0 00:00:00  -  Run Local Usage
		Usr 0 09:59:57, Sys 0 00:25:03  -  Total Remote Usage
		Usr 0 00:00:00, Sys 0 00:00:00  -  Total Local Usage
	112412  -  Run Bytes Sent By Job
	2784298500  -  Run Bytes Received By Job
	1218757  -  Total Bytes Sent By Job
	27854860850  -  Total Bytes Received By Job
	Partitionable Resources :      Usage  Request Allocated Assigned
	   Cpus                 :       1.00        1         1 
	   Disk (KB)            : 3176267    16777216  16777216 
	   GPUs                 :       0.11        1         1 "GPU-8f76f793"
	   GpusMemory (MB)      :    8293                       
	   IoHeavy              :                             0 
	   Memory (MB)          :    7325       16384     16384 
	   TimeExecute (s)      :    1771                       
	   TimeSlotBusy (s)     :    2388                       
...
