000 (8017966.347.000) 2026-06-20 22:07:54 Job submitted from host: <128.105.68.112:9618?addrs=128.105.68.112-9618+[2607-f388-2200-100-eaeb-d3ff-fea3-4202]-9618&alias=ap2001.chtc.wisc.edu&noUDP&sock=schedd_4071840_2329>
...
040 (8017966.347.000) 2026-06-21 01:33:34 Started transferring input files
	Transferring to host: <128.105.68.124:9618?addrs=128.105.68.124-9618+[2607-f388-2200-100-7ec2-55ff-fe99-a508]-9618&alias=dsigpu4001.chtc.wisc.edu&noUDP&sock=slot2_10_205874_9b6d_80881>
...
040 (8017966.347.000) 2026-06-21 01:33:44 Finished transferring input files
...
001 (8017966.347.000) 2026-06-21 01:33:44 Job executing on host: <128.105.68.124:9618?addrs=128.105.68.124-9618+[2607-f388-2200-100-7ec2-55ff-fe99-a508]-9618&alias=dsigpu4001.chtc.wisc.edu&noUDP&sock=startd_10787_9031>
	SlotName: slot2_10@dsigpu4001.chtc.wisc.edu
	AvailableGPUs = { GPUs_GPU_a6884cc7 }
	CondorScratchDir = "/var/lib/condor/execute/slot2/dir_2323169/scratch"
	Cpus = 1
	Disk = 16777216
	GPUs = 1
	GPUs_GPU_a6884cc7 = [ Id = "GPU-a6884cc7"; Capability = 8.9; DeviceName = "NVIDIA L40"; DeviceUuid = "a6884cc7-3a99-c3dc-73ba-2983dd2049bd"; ECCEnabled = true; NvidiaDriver = "570.195.03"; DriverVersion = 12.8; DevicePciBusId = "0000:D6:00.0"; GlobalMemoryMb = 45468; MaxSupportedVersion = 12080 ]
	IoHeavy = 0
	Memory = 16384
...
006 (8017966.347.000) 2026-06-21 01:33:53 Image size of job updated: 367164
	359  -  MemoryUsage of job (MB)
	367164  -  ResidentSetSize of job (KB)
...
006 (8017966.347.000) 2026-06-21 01:38:53 Image size of job updated: 964904
	941  -  MemoryUsage of job (MB)
	963280  -  ResidentSetSize of job (KB)
...
006 (8017966.347.000) 2026-06-21 01:43:54 Image size of job updated: 964904
	942  -  MemoryUsage of job (MB)
	964024  -  ResidentSetSize of job (KB)
...
006 (8017966.347.000) 2026-06-21 01:48:55 Image size of job updated: 968068
	946  -  MemoryUsage of job (MB)
	968068  -  ResidentSetSize of job (KB)
...
006 (8017966.347.000) 2026-06-21 01:53:55 Image size of job updated: 973740
	951  -  MemoryUsage of job (MB)
	973740  -  ResidentSetSize of job (KB)
...
006 (8017966.347.000) 2026-06-21 01:58:56 Image size of job updated: 977880
	955  -  MemoryUsage of job (MB)
	977880  -  ResidentSetSize of job (KB)
...
006 (8017966.347.000) 2026-06-21 02:03:56 Image size of job updated: 984592
	962  -  MemoryUsage of job (MB)
	984592  -  ResidentSetSize of job (KB)
...
006 (8017966.347.000) 2026-06-21 02:08:56 Image size of job updated: 988520
	966  -  MemoryUsage of job (MB)
	988520  -  ResidentSetSize of job (KB)
...
006 (8017966.347.000) 2026-06-21 02:13:57 Image size of job updated: 994468
	972  -  MemoryUsage of job (MB)
	994468  -  ResidentSetSize of job (KB)
...
006 (8017966.347.000) 2026-06-21 02:18:57 Image size of job updated: 997672
	975  -  MemoryUsage of job (MB)
	997672  -  ResidentSetSize of job (KB)
...
040 (8017966.347.000) 2026-06-21 02:24:34 Started transferring output files
...
040 (8017966.347.000) 2026-06-21 02:24:34 Finished transferring output files
...
005 (8017966.347.000) 2026-06-21 02:24:35 Job terminated.
	(1) Normal termination (return value 0)
		Usr 0 00:51:35, Sys 0 00:16:05  -  Run Remote Usage
		Usr 0 00:00:00, Sys 0 00:00:00  -  Run Local Usage
		Usr 0 00:51:35, Sys 0 00:16:05  -  Total Remote Usage
		Usr 0 00:00:00, Sys 0 00:00:00  -  Total Local Usage
	2645088  -  Run Bytes Sent By Job
	2781713040  -  Run Bytes Received By Job
	2645088  -  Total Bytes Sent By Job
	2781713040  -  Total Bytes Received By Job
	Partitionable Resources :      Usage  Request Allocated Assigned
	   Cpus                 :       1.35        1         1 
	   Disk (KB)            : 2729220    16777216  16777216 
	   GPUs                 :                   1         1 "GPU-a6884cc7"
	   GpusMemory (MB)      :    6772                       
	   IoHeavy              :                             0 
	   Memory (MB)          :     975       16384     16384 
	   TimeExecute (s)      :    3050                       
	   TimeSlotBusy (s)     :    3061                       
...
