000 (8018100.166.000) 2026-06-21 13:37:20 Job submitted from host: <128.105.68.112:9618?addrs=128.105.68.112-9618+[2607-f388-2200-100-eaeb-d3ff-fea3-4202]-9618&alias=ap2001.chtc.wisc.edu&noUDP&sock=schedd_4071840_2329>
...
040 (8018100.166.000) 2026-06-21 14:51:17 Started transferring input files
	Transferring to host: <128.105.68.166:9618?addrs=128.105.68.166-9618+[2607-f388-2200-100-b62e-99ff-feb7-2e2d]-9618&alias=gpulab2001.chtc.wisc.edu&noUDP&sock=slot2_3_11113_dd1d_53814>
...
040 (8018100.166.000) 2026-06-21 14:51:43 Finished transferring input files
...
001 (8018100.166.000) 2026-06-21 14:51:43 Job executing on host: <128.105.68.166:9618?addrs=128.105.68.166-9618+[2607-f388-2200-100-b62e-99ff-feb7-2e2d]-9618&alias=gpulab2001.chtc.wisc.edu&noUDP&sock=startd_10083_ad84>
	SlotName: slot2_3@gpulab2001.chtc.wisc.edu
	AvailableGPUs = { GPUs_GPU_d298c6e0 }
	CondorScratchDir = "/var/lib/condor/execute/slot2/dir_1246102/scratch"
	Cpus = 1
	Disk = 16777216
	GPUs = 1
	GPUs_GPU_d298c6e0 = [ Id = "GPU-d298c6e0"; Capability = 7.5; DeviceName = "NVIDIA GeForce RTX 2080 Ti"; DeviceUuid = "d298c6e0-f149-30ca-b7d6-2d5f7637ee2c"; ECCEnabled = false; NvidiaDriver = "570.195.03"; DriverVersion = 12.8; DevicePciBusId = "0000:B1:00.0"; GlobalMemoryMb = 10823; MaxSupportedVersion = 12080 ]
	IoHeavy = 0
	Memory = 16384
...
006 (8018100.166.000) 2026-06-21 14:51:47 Image size of job updated: 100
	0  -  MemoryUsage of job (MB)
	0  -  ResidentSetSize of job (KB)
...
040 (8018100.166.000) 2026-06-21 14:51:47 Started transferring output files
...
040 (8018100.166.000) 2026-06-21 14:51:47 Finished transferring output files
...
004 (8018100.166.000) 2026-06-21 14:51:47 Job was evicted.
	(0) Job terminated and was requeued
		Usr 0 00:00:02, Sys 0 00:00:00  -  Run Remote Usage
		Usr 0 00:00:00, Sys 0 00:00:00  -  Run Local Usage
	447  -  Run Bytes Sent By Job
	2782485769  -  Run Bytes Received By Job
	(1) Normal termination (return value 2)
	The job attribute OnExitRemove expression 'NumJobCompletions > JobMaxRetries || ExitCode =?= 0' evaluated to FALSE
...
040 (8018100.166.000) 2026-06-21 14:53:49 Started transferring input files
	Transferring to host: <128.105.69.60:9618?addrs=128.105.69.60-9618+[2607-f388-2200-100-527c-6fff-fe66-e7e2]-9618&alias=blengerichgpu4000.chtc.wisc.edu&noUDP&sock=backfill1_4_1843674_de95_96349>
...
040 (8018100.166.000) 2026-06-21 14:53:58 Finished transferring input files
...
001 (8018100.166.000) 2026-06-21 14:53:58 Job executing on host: <128.105.69.60:9618?addrs=128.105.69.60-9618+[2607-f388-2200-100-527c-6fff-fe66-e7e2]-9618&alias=blengerichgpu4000.chtc.wisc.edu&noUDP&sock=startd_11585_ecc4>
	SlotName: backfill1_4@blengerichgpu4000.chtc.wisc.edu
	AvailableGPUs = { GPUs_GPU_1f046ddd }
	CondorScratchDir = "/var/lib/condor/execute/slot1/dir_3885989/scratch"
	Cpus = 1
	Disk = 16777216
	GPUs = 1
	GPUs_GPU_1f046ddd = [ Id = "GPU-1f046ddd"; Capability = 8.9; DeviceName = "NVIDIA L40S"; DeviceUuid = "1f046ddd-270c-0b13-d4a7-5cc1ecf75ac6"; ECCEnabled = true; NvidiaDriver = "570.195.03"; DriverVersion = 12.8; DevicePciBusId = "0000:99:00.0"; GlobalMemoryMb = 45468; MaxSupportedVersion = 12080 ]
	IoHeavy = 0
	Memory = 16384
...
006 (8018100.166.000) 2026-06-21 14:54:01 Image size of job updated: 120
	0  -  MemoryUsage of job (MB)
	0  -  ResidentSetSize of job (KB)
...
040 (8018100.166.000) 2026-06-21 14:54:01 Started transferring output files
...
040 (8018100.166.000) 2026-06-21 14:54:01 Finished transferring output files
...
004 (8018100.166.000) 2026-06-21 14:54:01 Job was evicted.
	(0) Job terminated and was requeued
		Usr 0 00:00:01, Sys 0 00:00:00  -  Run Remote Usage
		Usr 0 00:00:00, Sys 0 00:00:00  -  Run Local Usage
	454  -  Run Bytes Sent By Job
	2782485769  -  Run Bytes Received By Job
	(1) Normal termination (return value 2)
	The job attribute OnExitRemove expression 'NumJobCompletions > JobMaxRetries || ExitCode =?= 0' evaluated to FALSE
...
040 (8018100.166.000) 2026-06-21 14:55:56 Started transferring input files
	Transferring to host: <128.104.100.53:9618?addrs=128.104.100.53-9618+[2607-f388-107c-501-7ec2-55ff-fe99-a2b0]-9618&alias=jcaicedogpu0001.chtc.wisc.edu&noUDP&sock=backfill1_8_12775_e4a1_9448>
...
040 (8018100.166.000) 2026-06-21 14:56:06 Finished transferring input files
...
001 (8018100.166.000) 2026-06-21 14:56:06 Job executing on host: <128.104.100.53:9618?addrs=128.104.100.53-9618+[2607-f388-107c-501-7ec2-55ff-fe99-a2b0]-9618&alias=jcaicedogpu0001.chtc.wisc.edu&noUDP&sock=startd_11292_f384>
	SlotName: backfill1_8@jcaicedogpu0001.chtc.wisc.edu
	AvailableGPUs = { GPUs_GPU_22787dff }
	CondorScratchDir = "/var/lib/condor/execute/slot1/dir_3879994/scratch"
	Cpus = 1
	Disk = 16777216
	GPUs = 1
	GPUs_GPU_22787dff = [ Id = "GPU-22787dff"; Capability = 8.9; DeviceName = "NVIDIA L40"; DeviceUuid = "22787dff-a2f4-227a-bc3c-c6178e7bb020"; ECCEnabled = true; NvidiaDriver = "570.195.03"; DriverVersion = 12.8; DevicePciBusId = "0000:52:00.0"; GlobalMemoryMb = 45468; MaxSupportedVersion = 12080 ]
	IoHeavy = 0
	Memory = 16384
...
006 (8018100.166.000) 2026-06-21 14:56:09 Image size of job updated: 196
	0  -  MemoryUsage of job (MB)
	0  -  ResidentSetSize of job (KB)
...
040 (8018100.166.000) 2026-06-21 14:56:09 Started transferring output files
...
040 (8018100.166.000) 2026-06-21 14:56:09 Finished transferring output files
...
004 (8018100.166.000) 2026-06-21 14:56:10 Job was evicted.
	(0) Job terminated and was requeued
		Usr 0 00:00:02, Sys 0 00:00:00  -  Run Remote Usage
		Usr 0 00:00:00, Sys 0 00:00:00  -  Run Local Usage
	452  -  Run Bytes Sent By Job
	2782485769  -  Run Bytes Received By Job
	(1) Normal termination (return value 2)
	The job attribute OnExitRemove expression 'NumJobCompletions > JobMaxRetries || ExitCode =?= 0' evaluated to FALSE
...
040 (8018100.166.000) 2026-06-21 14:58:16 Started transferring input files
	Transferring to host: <128.104.100.117:9618?addrs=128.104.100.117-9618+[2607-f388-107c-501-8ae9-a4ff-fe02-e150]-9618&alias=jcaicedogpu0003.chtc.wisc.edu&noUDP&sock=backfill1_3_1586877_26eb_101014>
...
040 (8018100.166.000) 2026-06-21 14:58:27 Finished transferring input files
...
001 (8018100.166.000) 2026-06-21 14:58:27 Job executing on host: <128.104.100.117:9618?addrs=128.104.100.117-9618+[2607-f388-107c-501-8ae9-a4ff-fe02-e150]-9618&alias=jcaicedogpu0003.chtc.wisc.edu&noUDP&sock=startd_10874_3cee>
	SlotName: backfill1_3@jcaicedogpu0003.chtc.wisc.edu
	AvailableGPUs = { GPUs_GPU_b09fa1d1 }
	CondorScratchDir = "/var/lib/condor/execute/slot1/dir_3108641/scratch"
	Cpus = 1
	Disk = 16777216
	GPUs = 1
	GPUs_GPU_b09fa1d1 = [ Id = "GPU-b09fa1d1"; Capability = 8.9; DeviceName = "NVIDIA L40S"; DeviceUuid = "b09fa1d1-39bb-4cce-22c0-f7add6d83f34"; ECCEnabled = true; NvidiaDriver = "570.195.03"; DriverVersion = 12.8; DevicePciBusId = "0000:81:00.0"; GlobalMemoryMb = 45468; MaxSupportedVersion = 12080 ]
	IoHeavy = 0
	Memory = 16384
...
006 (8018100.166.000) 2026-06-21 14:58:30 Image size of job updated: 860
	0  -  MemoryUsage of job (MB)
	0  -  ResidentSetSize of job (KB)
...
040 (8018100.166.000) 2026-06-21 14:58:30 Started transferring output files
...
040 (8018100.166.000) 2026-06-21 14:58:30 Finished transferring output files
...
004 (8018100.166.000) 2026-06-21 14:58:30 Job was evicted.
	(0) Job terminated and was requeued
		Usr 0 00:00:01, Sys 0 00:00:00  -  Run Remote Usage
		Usr 0 00:00:00, Sys 0 00:00:00  -  Run Local Usage
	452  -  Run Bytes Sent By Job
	2782485769  -  Run Bytes Received By Job
	(1) Normal termination (return value 2)
	The job attribute OnExitRemove expression 'NumJobCompletions > JobMaxRetries || ExitCode =?= 0' evaluated to FALSE
...
040 (8018100.166.000) 2026-06-21 15:00:38 Started transferring input files
	Transferring to host: <128.104.100.53:9618?addrs=128.104.100.53-9618+[2607-f388-107c-501-7ec2-55ff-fe99-a2b0]-9618&alias=jcaicedogpu0001.chtc.wisc.edu&noUDP&sock=backfill1_1_12775_e4a1_9467>
...
040 (8018100.166.000) 2026-06-21 15:00:48 Finished transferring input files
...
001 (8018100.166.000) 2026-06-21 15:00:48 Job executing on host: <128.104.100.53:9618?addrs=128.104.100.53-9618+[2607-f388-107c-501-7ec2-55ff-fe99-a2b0]-9618&alias=jcaicedogpu0001.chtc.wisc.edu&noUDP&sock=startd_11292_f384>
	SlotName: backfill1_1@jcaicedogpu0001.chtc.wisc.edu
	AvailableGPUs = { GPUs_GPU_dbe7385b }
	CondorScratchDir = "/var/lib/condor/execute/slot1/dir_3882983/scratch"
	Cpus = 1
	Disk = 16777216
	GPUs = 1
	GPUs_GPU_dbe7385b = [ Id = "GPU-dbe7385b"; Capability = 8.9; DeviceName = "NVIDIA L40"; DeviceUuid = "dbe7385b-7975-52cd-4145-ef37df536db0"; ECCEnabled = true; NvidiaDriver = "570.195.03"; DriverVersion = 12.8; DevicePciBusId = "0000:D5:00.0"; GlobalMemoryMb = 45468; MaxSupportedVersion = 12080 ]
	IoHeavy = 0
	Memory = 16384
...
040 (8018100.166.000) 2026-06-21 15:00:51 Started transferring output files
...
040 (8018100.166.000) 2026-06-21 15:00:51 Finished transferring output files
...
004 (8018100.166.000) 2026-06-21 15:00:52 Job was evicted.
	(0) Job terminated and was requeued
		Usr 0 00:00:02, Sys 0 00:00:00  -  Run Remote Usage
		Usr 0 00:00:00, Sys 0 00:00:00  -  Run Local Usage
	452  -  Run Bytes Sent By Job
	2782485769  -  Run Bytes Received By Job
	(1) Normal termination (return value 2)
	The job attribute OnExitRemove expression 'NumJobCompletions > JobMaxRetries || ExitCode =?= 0' evaluated to FALSE
...
040 (8018100.166.000) 2026-06-21 15:02:33 Started transferring input files
	Transferring to host: <128.104.103.47:9618?addrs=128.104.103.47-9618+[2607-f388-107c-501-a236-9fff-fe3c-f3a0]-9618&alias=ahlquist0000.chtc.wisc.edu&noUDP&sock=backfill1_6_9919_952c_8260>
...
040 (8018100.166.000) 2026-06-21 15:06:38 Finished transferring input files
...
001 (8018100.166.000) 2026-06-21 15:06:38 Job executing on host: <128.104.103.47:9618?addrs=128.104.103.47-9618+[2607-f388-107c-501-a236-9fff-fe3c-f3a0]-9618&alias=ahlquist0000.chtc.wisc.edu&noUDP&sock=startd_9052_7f60>
	SlotName: backfill1_6@ahlquist0000.chtc.wisc.edu
	AvailableGPUs = { GPUs_GPU_52cb6c07 }
	CondorScratchDir = "/var/lib/condor/execute/slot1/dir_1414077/scratch"
	Cpus = 1
	Disk = 16777216
	GPUs = 1
	GPUs_GPU_52cb6c07 = [ Id = "GPU-52cb6c07"; Capability = 7.5; DeviceName = "NVIDIA GeForce RTX 2080 Ti"; DeviceUuid = "52cb6c07-524a-d874-baca-9d811f9f540b"; ECCEnabled = false; NvidiaDriver = "550.54.14"; DriverVersion = 12.4; DevicePciBusId = "0000:3D:00.0"; GlobalMemoryMb = 11004; MaxSupportedVersion = 12040 ]
	IoHeavy = 0
	Memory = 16384
...
040 (8018100.166.000) 2026-06-21 15:06:42 Started transferring output files
...
040 (8018100.166.000) 2026-06-21 15:06:42 Finished transferring output files
...
004 (8018100.166.000) 2026-06-21 15:06:44 Job was evicted.
	(0) Job terminated and was requeued
		Usr 0 00:00:03, Sys 0 00:00:00  -  Run Remote Usage
		Usr 0 00:00:00, Sys 0 00:00:00  -  Run Local Usage
	449  -  Run Bytes Sent By Job
	2782485769  -  Run Bytes Received By Job
	(1) Normal termination (return value 2)
	The job attribute OnExitRemove expression 'NumJobCompletions > JobMaxRetries || ExitCode =?= 0' evaluated to FALSE
...
040 (8018100.166.000) 2026-06-21 15:07:12 Started transferring input files
	Transferring to host: <128.104.103.104:9618?addrs=128.104.103.104-9618+[2607-f388-107c-501-ae1f-6bff-fe40-ce2e]-9618&alias=gitter0000.chtc.wisc.edu&noUDP&sock=backfill1_3_8979_4486_8713>
...
040 (8018100.166.000) 2026-06-21 15:08:16 Finished transferring input files
...
022 (8018100.166.000) 2026-06-21 15:08:16 Job disconnected, attempting to reconnect
    Socket between submit and execute hosts closed unexpectedly
    Trying to reconnect to backfill1_3@gitter0000.chtc.wisc.edu <128.104.103.104:9618?addrs=128.104.103.104-9618+[2607-f388-107c-501-ae1f-6bff-fe40-ce2e]-9618&alias=gitter0000.chtc.wisc.edu&noUDP&sock=startd_8665_0c39>
...
024 (8018100.166.000) 2026-06-21 15:08:17 Job reconnection failed
    Job not found at execution machine
    Can not reconnect to backfill1_3@gitter0000.chtc.wisc.edu, rescheduling job
...
004 (8018100.166.000) 2026-06-21 15:08:17 Job was evicted. Code 1008 Subcode 0
	(0) CPU times
		Usr 0 00:00:00, Sys 0 00:00:00  -  Run Remote Usage
		Usr 0 00:00:00, Sys 0 00:00:00  -  Run Local Usage
	0  -  Run Bytes Sent By Job
	0  -  Run Bytes Received By Job
	Reason: Job not found at execution machine
	Partitionable Resources :      Usage  Request Allocated Assigned
	   Cpus                 :       0.23        1         1 
	   Disk (KB)            : 1638655    16777216  16777216 
	   GPUs                 :       0           1         1 "GPU-272cc33a"
	   GpusMemory (MB)      :     103                       
	   IoHeavy              :                             0 
	   Memory (MB)          :       0       16384     16384 
	   TimeExecute (s)      :       4                       
	   TimeSlotBusy (s)     :     266                       
...
040 (8018100.166.000) 2026-06-21 15:08:22 Started transferring input files
	Transferring to host: <128.105.68.168:9618?addrs=128.105.68.168-9618+[2607-f388-2200-100-b62e-99ff-feb7-2dcb]-9618&alias=gpulab2003.chtc.wisc.edu&noUDP&sock=slot2_4_11172_6f3f_7798>
...
040 (8018100.166.000) 2026-06-21 15:08:38 Finished transferring input files
...
001 (8018100.166.000) 2026-06-21 15:08:38 Job executing on host: <128.105.68.168:9618?addrs=128.105.68.168-9618+[2607-f388-2200-100-b62e-99ff-feb7-2dcb]-9618&alias=gpulab2003.chtc.wisc.edu&noUDP&sock=startd_10155_1056>
	SlotName: slot2_4@gpulab2003.chtc.wisc.edu
	AvailableGPUs = { GPUs_GPU_61902b82 }
	CondorScratchDir = "/var/lib/condor/execute/slot2/dir_1357097/scratch"
	Cpus = 1
	Disk = 16777216
	GPUs = 1
	GPUs_GPU_61902b82 = [ Id = "GPU-61902b82"; Capability = 7.5; DeviceName = "NVIDIA GeForce RTX 2080 Ti"; DeviceUuid = "61902b82-cedb-e4be-d010-bca8829ec79b"; ECCEnabled = false; NvidiaDriver = "570.195.03"; DriverVersion = 12.8; DevicePciBusId = "0000:B2:00.0"; GlobalMemoryMb = 10823; MaxSupportedVersion = 12080 ]
	IoHeavy = 0
	Memory = 16384
...
006 (8018100.166.000) 2026-06-21 15:08:42 Image size of job updated: 13452
	13  -  MemoryUsage of job (MB)
	12304  -  ResidentSetSize of job (KB)
...
040 (8018100.166.000) 2026-06-21 15:08:42 Started transferring output files
...
040 (8018100.166.000) 2026-06-21 15:08:42 Finished transferring output files
...
004 (8018100.166.000) 2026-06-21 15:08:42 Job was evicted.
	(0) Job terminated and was requeued
		Usr 0 00:00:02, Sys 0 00:00:00  -  Run Remote Usage
		Usr 0 00:00:00, Sys 0 00:00:00  -  Run Local Usage
	437  -  Run Bytes Sent By Job
	2782485769  -  Run Bytes Received By Job
	(1) Normal termination (return value 2)
	The job attribute OnExitRemove expression 'NumJobCompletions > JobMaxRetries || ExitCode =?= 0' evaluated to FALSE
...
040 (8018100.166.000) 2026-06-21 15:09:16 Started transferring input files
	Transferring to host: <128.104.103.104:9618?addrs=128.104.103.104-9618+[2607-f388-107c-501-ae1f-6bff-fe40-ce2e]-9618&alias=gitter0000.chtc.wisc.edu&noUDP&sock=backfill1_2_8979_4486_8717>
...
040 (8018100.166.000) 2026-06-21 15:09:54 Finished transferring input files
...
001 (8018100.166.000) 2026-06-21 15:09:54 Job executing on host: <128.104.103.104:9618?addrs=128.104.103.104-9618+[2607-f388-107c-501-ae1f-6bff-fe40-ce2e]-9618&alias=gitter0000.chtc.wisc.edu&noUDP&sock=startd_8665_0c39>
	SlotName: backfill1_2@gitter0000.chtc.wisc.edu
	AvailableGPUs = { GPUs_GPU_ef72567f }
	CondorScratchDir = "/var/lib/condor/execute/slot1/dir_3922525/scratch"
	Cpus = 1
	Disk = 16777216
	GPUs = 1
	GPUs_GPU_ef72567f = [ Id = "GPU-ef72567f"; Capability = 6.1; DeviceName = "NVIDIA GeForce GTX 1080 Ti"; DeviceUuid = "ef72567f-a470-7f68-32a7-eb3e859e8d5a"; ECCEnabled = false; NvidiaDriver = "570.195.03"; DriverVersion = 12.8; DevicePciBusId = "0000:86:00.0"; GlobalMemoryMb = 11165; MaxSupportedVersion = 12080 ]
	IoHeavy = 0
	Memory = 16384
...
040 (8018100.166.000) 2026-06-21 15:09:58 Started transferring output files
...
040 (8018100.166.000) 2026-06-21 15:09:58 Finished transferring output files
...
004 (8018100.166.000) 2026-06-21 15:09:59 Job was evicted.
	(0) Job terminated and was requeued
		Usr 0 00:00:03, Sys 0 00:00:00  -  Run Remote Usage
		Usr 0 00:00:00, Sys 0 00:00:00  -  Run Local Usage
	447  -  Run Bytes Sent By Job
	2782485769  -  Run Bytes Received By Job
	(1) Normal termination (return value 2)
	The job attribute OnExitRemove expression 'NumJobCompletions > JobMaxRetries || ExitCode =?= 0' evaluated to FALSE
...
040 (8018100.166.000) 2026-06-21 15:10:16 Started transferring input files
	Transferring to host: <128.104.103.104:9618?addrs=128.104.103.104-9618+[2607-f388-107c-501-ae1f-6bff-fe40-ce2e]-9618&alias=gitter0000.chtc.wisc.edu&noUDP&sock=slot2_1_8979_4486_8719>
...
040 (8018100.166.000) 2026-06-21 15:10:56 Finished transferring input files
...
001 (8018100.166.000) 2026-06-21 15:10:56 Job executing on host: <128.104.103.104:9618?addrs=128.104.103.104-9618+[2607-f388-107c-501-ae1f-6bff-fe40-ce2e]-9618&alias=gitter0000.chtc.wisc.edu&noUDP&sock=startd_8665_0c39>
	SlotName: slot2_1@gitter0000.chtc.wisc.edu
	AvailableGPUs = { GPUs_GPU_272cc33a }
	CondorScratchDir = "/var/lib/condor/execute/slot2/dir_3923631/scratch"
	Cpus = 1
	Disk = 16777216
	GPUs = 1
	GPUs_GPU_272cc33a = [ Id = "GPU-272cc33a"; Capability = 6.1; DeviceName = "NVIDIA GeForce GTX 1080 Ti"; DeviceUuid = "272cc33a-aa36-c52e-632e-1d0ff0d0c75a"; ECCEnabled = false; NvidiaDriver = "570.195.03"; DriverVersion = 12.8; DevicePciBusId = "0000:3B:00.0"; GlobalMemoryMb = 11165; MaxSupportedVersion = 12080 ]
	IoHeavy = 0
	Memory = 16384
...
040 (8018100.166.000) 2026-06-21 15:11:01 Started transferring output files
...
040 (8018100.166.000) 2026-06-21 15:11:01 Finished transferring output files
...
004 (8018100.166.000) 2026-06-21 15:11:01 Job was evicted.
	(0) Job terminated and was requeued
		Usr 0 00:00:03, Sys 0 00:00:00  -  Run Remote Usage
		Usr 0 00:00:00, Sys 0 00:00:00  -  Run Local Usage
	447  -  Run Bytes Sent By Job
	2782485769  -  Run Bytes Received By Job
	(1) Normal termination (return value 2)
	The job attribute OnExitRemove expression 'NumJobCompletions > JobMaxRetries || ExitCode =?= 0' evaluated to FALSE
...
040 (8018100.166.000) 2026-06-21 15:11:39 Started transferring input files
	Transferring to host: <128.105.68.168:9618?addrs=128.105.68.168-9618+[2607-f388-2200-100-b62e-99ff-feb7-2dcb]-9618&alias=gpulab2003.chtc.wisc.edu&noUDP&sock=slot2_4_11172_6f3f_7805>
...
040 (8018100.166.000) 2026-06-21 15:11:55 Finished transferring input files
...
001 (8018100.166.000) 2026-06-21 15:11:55 Job executing on host: <128.105.68.168:9618?addrs=128.105.68.168-9618+[2607-f388-2200-100-b62e-99ff-feb7-2dcb]-9618&alias=gpulab2003.chtc.wisc.edu&noUDP&sock=startd_10155_1056>
	SlotName: slot2_4@gpulab2003.chtc.wisc.edu
	AvailableGPUs = { GPUs_GPU_61902b82 }
	CondorScratchDir = "/var/lib/condor/execute/slot2/dir_1360244/scratch"
	Cpus = 1
	Disk = 16777216
	GPUs = 1
	GPUs_GPU_61902b82 = [ Id = "GPU-61902b82"; Capability = 7.5; DeviceName = "NVIDIA GeForce RTX 2080 Ti"; DeviceUuid = "61902b82-cedb-e4be-d010-bca8829ec79b"; ECCEnabled = false; NvidiaDriver = "570.195.03"; DriverVersion = 12.8; DevicePciBusId = "0000:B2:00.0"; GlobalMemoryMb = 10823; MaxSupportedVersion = 12080 ]
	IoHeavy = 0
	Memory = 16384
...
040 (8018100.166.000) 2026-06-21 15:11:59 Started transferring output files
...
040 (8018100.166.000) 2026-06-21 15:11:59 Finished transferring output files
...
004 (8018100.166.000) 2026-06-21 15:12:00 Job was evicted.
	(0) Job terminated and was requeued
		Usr 0 00:00:03, Sys 0 00:00:00  -  Run Remote Usage
		Usr 0 00:00:00, Sys 0 00:00:00  -  Run Local Usage
	437  -  Run Bytes Sent By Job
	2782485769  -  Run Bytes Received By Job
	(1) Normal termination (return value 2)
	The job attribute OnExitRemove expression 'NumJobCompletions > JobMaxRetries || ExitCode =?= 0' evaluated to FALSE
...
040 (8018100.166.000) 2026-06-21 15:12:05 Started transferring input files
	Transferring to host: <128.105.68.168:9618?addrs=128.105.68.168-9618+[2607-f388-2200-100-b62e-99ff-feb7-2dcb]-9618&alias=gpulab2003.chtc.wisc.edu&noUDP&sock=slot2_4_11172_6f3f_7806>
...
040 (8018100.166.000) 2026-06-21 15:12:37 Finished transferring input files
...
001 (8018100.166.000) 2026-06-21 15:12:37 Job executing on host: <128.105.68.168:9618?addrs=128.105.68.168-9618+[2607-f388-2200-100-b62e-99ff-feb7-2dcb]-9618&alias=gpulab2003.chtc.wisc.edu&noUDP&sock=startd_10155_1056>
	SlotName: slot2_4@gpulab2003.chtc.wisc.edu
	AvailableGPUs = { GPUs_GPU_61902b82 }
	CondorScratchDir = "/var/lib/condor/execute/slot2/dir_1363138/scratch"
	Cpus = 1
	Disk = 16777216
	GPUs = 1
	GPUs_GPU_61902b82 = [ Id = "GPU-61902b82"; Capability = 7.5; DeviceName = "NVIDIA GeForce RTX 2080 Ti"; DeviceUuid = "61902b82-cedb-e4be-d010-bca8829ec79b"; ECCEnabled = false; NvidiaDriver = "570.195.03"; DriverVersion = 12.8; DevicePciBusId = "0000:B2:00.0"; GlobalMemoryMb = 10823; MaxSupportedVersion = 12080 ]
	IoHeavy = 0
	Memory = 16384
...
040 (8018100.166.000) 2026-06-21 15:12:41 Started transferring output files
...
040 (8018100.166.000) 2026-06-21 15:12:41 Finished transferring output files
...
005 (8018100.166.000) 2026-06-21 15:12:42 Job terminated.
	(1) Normal termination (return value 2)
		Usr 0 00:00:03, Sys 0 00:00:00  -  Run Remote Usage
		Usr 0 00:00:00, Sys 0 00:00:00  -  Run Local Usage
		Usr 0 00:00:25, Sys 0 00:00:00  -  Total Remote Usage
		Usr 0 00:00:00, Sys 0 00:00:00  -  Total Local Usage
	437  -  Run Bytes Sent By Job
	2782485769  -  Run Bytes Received By Job
	4911  -  Total Bytes Sent By Job
	30607343459  -  Total Bytes Received By Job
	Partitionable Resources :    Usage  Request Allocated Assigned
	   Cpus                 :        0        1         1 
	   Disk (KB)            :  2717308 16777216  16777216 
	   GPUs                 :        0        1         1 "GPU-61902b82"
	   IoHeavy              :                           0 
	   Memory (MB)          :       13    16384     16384 
	   TimeExecute (s)      :        4                    
	   TimeSlotBusy (s)     :       37                    
...
