000 (8017966.513.000) 2026-06-20 22:07:54 Job submitted from host: <128.105.68.112:9618?addrs=128.105.68.112-9618+[2607-f388-2200-100-eaeb-d3ff-fea3-4202]-9618&alias=ap2001.chtc.wisc.edu&noUDP&sock=schedd_4071840_2329>
...
040 (8017966.513.000) 2026-06-21 02:36:00 Started transferring input files
	Transferring to host: <128.105.68.119:9618?addrs=128.105.68.119-9618+[2607-f388-2200-100-7ec2-55ff-fe99-a294]-9618&alias=dsigpu4000.chtc.wisc.edu&noUDP&sock=slot2_10_1393177_faa6_83378>
...
040 (8017966.513.000) 2026-06-21 02:36:14 Finished transferring input files
...
001 (8017966.513.000) 2026-06-21 02:36:14 Job executing on host: <128.105.68.119:9618?addrs=128.105.68.119-9618+[2607-f388-2200-100-7ec2-55ff-fe99-a294]-9618&alias=dsigpu4000.chtc.wisc.edu&noUDP&sock=startd_10704_a1d4>
	SlotName: slot2_10@dsigpu4000.chtc.wisc.edu
	AvailableGPUs = { GPUs_GPU_8ff6dbcb }
	CondorScratchDir = "/var/lib/condor/execute/slot2/dir_3730109/scratch"
	Cpus = 1
	Disk = 16777216
	GPUs = 1
	GPUs_GPU_8ff6dbcb = [ Id = "GPU-8ff6dbcb"; Capability = 8.9; DeviceName = "NVIDIA L40"; DeviceUuid = "8ff6dbcb-638b-9325-2379-b28f74577760"; ECCEnabled = true; NvidiaDriver = "570.195.03"; DriverVersion = 12.8; DevicePciBusId = "0000:D6:00.0"; GlobalMemoryMb = 45468; MaxSupportedVersion = 12080 ]
	IoHeavy = 0
	Memory = 16384
...
006 (8017966.513.000) 2026-06-21 02:36:23 Image size of job updated: 420560
	411  -  MemoryUsage of job (MB)
	420560  -  ResidentSetSize of job (KB)
...
006 (8017966.513.000) 2026-06-21 02:41:24 Image size of job updated: 961608
	938  -  MemoryUsage of job (MB)
	959740  -  ResidentSetSize of job (KB)
...
006 (8017966.513.000) 2026-06-21 02:46:24 Image size of job updated: 964016
	942  -  MemoryUsage of job (MB)
	963960  -  ResidentSetSize of job (KB)
...
006 (8017966.513.000) 2026-06-21 02:51:25 Image size of job updated: 972436
	950  -  MemoryUsage of job (MB)
	972436  -  ResidentSetSize of job (KB)
...
006 (8017966.513.000) 2026-06-21 02:56:26 Image size of job updated: 979596
	957  -  MemoryUsage of job (MB)
	979596  -  ResidentSetSize of job (KB)
...
006 (8017966.513.000) 2026-06-21 03:01:26 Image size of job updated: 986944
	964  -  MemoryUsage of job (MB)
	986944  -  ResidentSetSize of job (KB)
...
006 (8017966.513.000) 2026-06-21 03:06:27 Image size of job updated: 992512
	970  -  MemoryUsage of job (MB)
	992512  -  ResidentSetSize of job (KB)
...
040 (8017966.513.000) 2026-06-21 03:13:31 Started transferring output files
...
040 (8017966.513.000) 2026-06-21 03:13:31 Finished transferring output files
...
005 (8017966.513.000) 2026-06-21 03:13:31 Job terminated.
	(1) Normal termination (return value 0)
		Usr 0 00:37:50, Sys 0 00:13:47  -  Run Remote Usage
		Usr 0 00:00:00, Sys 0 00:00:00  -  Run Local Usage
		Usr 0 00:37:50, Sys 0 00:13:47  -  Total Remote Usage
		Usr 0 00:00:00, Sys 0 00:00:00  -  Total Local Usage
	2575316  -  Run Bytes Sent By Job
	2782622190  -  Run Bytes Received By Job
	2575316  -  Total Bytes Sent By Job
	2782622190  -  Total Bytes Received By Job
	Partitionable Resources :      Usage  Request Allocated Assigned
	   Cpus                 :       1.00        1         1 
	   Disk (KB)            : 2729912    16777216  16777216 
	   GPUs                 :                   1         1 "GPU-8ff6dbcb"
	   GpusMemory (MB)      :    6772                       
	   IoHeavy              :                             0 
	   Memory (MB)          :     970       16384     16384 
	   TimeExecute (s)      :    2237                       
	   TimeSlotBusy (s)     :    2251                       
...
