000 (8017966.728.000) 2026-06-20 22:07:54 Job submitted from host: <128.105.68.112:9618?addrs=128.105.68.112-9618+[2607-f388-2200-100-eaeb-d3ff-fea3-4202]-9618&alias=ap2001.chtc.wisc.edu&noUDP&sock=schedd_4071840_2329>
...
040 (8017966.728.000) 2026-06-21 04:10:38 Started transferring input files
	Transferring to host: <128.105.69.34:9618?addrs=128.105.69.34-9618+[2607-f388-2200-100-527c-6fff-fe66-ea4a]-9618&alias=mkhodakgpu4000.chtc.wisc.edu&noUDP&sock=backfill1_8_2685916_8d1f_94991>
...
040 (8017966.728.000) 2026-06-21 04:10:51 Finished transferring input files
...
001 (8017966.728.000) 2026-06-21 04:10:51 Job executing on host: <128.105.69.34:9618?addrs=128.105.69.34-9618+[2607-f388-2200-100-527c-6fff-fe66-ea4a]-9618&alias=mkhodakgpu4000.chtc.wisc.edu&noUDP&sock=startd_11796_a740>
	SlotName: backfill1_8@mkhodakgpu4000.chtc.wisc.edu
	AvailableGPUs = { GPUs_GPU_30d65cc1 }
	CondorScratchDir = "/var/lib/condor/execute/slot1/dir_812963/scratch"
	Cpus = 1
	Disk = 16777216
	GPUs = 1
	GPUs_GPU_30d65cc1 = [ Id = "GPU-30d65cc1"; Capability = 8.9; DeviceName = "NVIDIA L40S"; DeviceUuid = "30d65cc1-b5bb-c60a-291a-2060670ff6af"; ECCEnabled = true; NvidiaDriver = "570.195.03"; DriverVersion = 12.8; DevicePciBusId = "0000:17:00.0"; GlobalMemoryMb = 45468; MaxSupportedVersion = 12080 ]
	IoHeavy = 0
	Memory = 16384
...
006 (8017966.728.000) 2026-06-21 04:11:00 Image size of job updated: 419576
	410  -  MemoryUsage of job (MB)
	419576  -  ResidentSetSize of job (KB)
...
006 (8017966.728.000) 2026-06-21 04:16:01 Image size of job updated: 963868
	940  -  MemoryUsage of job (MB)
	962044  -  ResidentSetSize of job (KB)
...
006 (8017966.728.000) 2026-06-21 04:21:01 Image size of job updated: 965532
	943  -  MemoryUsage of job (MB)
	965508  -  ResidentSetSize of job (KB)
...
006 (8017966.728.000) 2026-06-21 04:26:01 Image size of job updated: 972864
	951  -  MemoryUsage of job (MB)
	972864  -  ResidentSetSize of job (KB)
...
006 (8017966.728.000) 2026-06-21 04:31:02 Image size of job updated: 978436
	956  -  MemoryUsage of job (MB)
	978436  -  ResidentSetSize of job (KB)
...
006 (8017966.728.000) 2026-06-21 04:36:02 Image size of job updated: 987904
	965  -  MemoryUsage of job (MB)
	987904  -  ResidentSetSize of job (KB)
...
006 (8017966.728.000) 2026-06-21 04:41:03 Image size of job updated: 993916
	971  -  MemoryUsage of job (MB)
	993916  -  ResidentSetSize of job (KB)
...
006 (8017966.728.000) 2026-06-21 04:46:04 Image size of job updated: 999744
	971  -  MemoryUsage of job (MB)
	993916  -  ResidentSetSize of job (KB)
...
040 (8017966.728.000) 2026-06-21 04:48:08 Started transferring output files
...
040 (8017966.728.000) 2026-06-21 04:48:08 Finished transferring output files
...
005 (8017966.728.000) 2026-06-21 04:48:08 Job terminated.
	(1) Normal termination (return value 0)
		Usr 0 00:37:48, Sys 0 00:16:21  -  Run Remote Usage
		Usr 0 00:00:00, Sys 0 00:00:00  -  Run Local Usage
		Usr 0 00:37:48, Sys 0 00:16:21  -  Total Remote Usage
		Usr 0 00:00:00, Sys 0 00:00:00  -  Total Local Usage
	2680992  -  Run Bytes Sent By Job
	2781812315  -  Run Bytes Received By Job
	2680992  -  Total Bytes Sent By Job
	2781812315  -  Total Bytes Received By Job
	Partitionable Resources :      Usage  Request Allocated Assigned
	   Cpus                 :       1.49        1         1 
	   Disk (KB)            : 2728976    16777216  16777216 
	   GPUs                 :       0.88        1         1 "GPU-30d65cc1"
	   GpusMemory (MB)      :    6771                       
	   IoHeavy              :                             0 
	   Memory (MB)          :     971       16384     16384 
	   TimeExecute (s)      :    2237                       
	   TimeSlotBusy (s)     :    2250                       
...
