000 (8017966.358.000) 2026-06-20 22:07:54 Job submitted from host: <128.105.68.112:9618?addrs=128.105.68.112-9618+[2607-f388-2200-100-eaeb-d3ff-fea3-4202]-9618&alias=ap2001.chtc.wisc.edu&noUDP&sock=schedd_4071840_2329>
...
040 (8017966.358.000) 2026-06-21 01:35:16 Started transferring input files
	Transferring to host: <128.105.69.3:9618?addrs=128.105.69.3-9618+[2607-f388-2200-100-7ec2-55ff-fe46-28f2]-9618&alias=gpu4002.chtc.wisc.edu&noUDP&sock=slot1_2_12744_0cff_3721>
...
040 (8017966.358.000) 2026-06-21 01:35:28 Finished transferring input files
...
001 (8017966.358.000) 2026-06-21 01:35:28 Job executing on host: <128.105.69.3:9618?addrs=128.105.69.3-9618+[2607-f388-2200-100-7ec2-55ff-fe46-28f2]-9618&alias=gpu4002.chtc.wisc.edu&noUDP&sock=startd_11312_ab69>
	SlotName: slot1_2@gpu4002.chtc.wisc.edu
	AvailableGPUs = { GPUs_GPU_2e13e217 }
	CondorScratchDir = "/var/lib/condor/execute/slot1/dir_2827064/scratch"
	Cpus = 1
	Disk = 16777216
	GPUs = 1
	GPUs_GPU_2e13e217 = [ Id = "GPU-2e13e217"; Capability = 8.9; DeviceName = "NVIDIA L40"; DeviceUuid = "2e13e217-6059-f8d1-c6e6-c4cc399ca285"; ECCEnabled = true; NvidiaDriver = "570.195.03"; DriverVersion = 12.8; DevicePciBusId = "0000:53:00.0"; GlobalMemoryMb = 45468; MaxSupportedVersion = 12080 ]
	IoHeavy = 0
	Memory = 16384
...
006 (8017966.358.000) 2026-06-21 01:35:36 Image size of job updated: 393244
	385  -  MemoryUsage of job (MB)
	393244  -  ResidentSetSize of job (KB)
...
006 (8017966.358.000) 2026-06-21 01:37:54 Image size of job updated: 2112968
	385  -  MemoryUsage of job (MB)
	393248  -  ResidentSetSize of job (KB)
...
040 (8017966.358.000) 2026-06-21 01:37:54 Started transferring output files
...
040 (8017966.358.000) 2026-06-21 01:37:55 Finished transferring output files
...
004 (8017966.358.000) 2026-06-21 01:37:55 Job was evicted.
	(0) Job terminated and was requeued
		Usr 0 00:02:22, Sys 0 00:00:03  -  Run Remote Usage
		Usr 0 00:00:00, Sys 0 00:00:00  -  Run Local Usage
	6780499  -  Run Bytes Sent By Job
	2784212817  -  Run Bytes Received By Job
	(1) Normal termination (return value 1)
	The job attribute OnExitRemove expression 'NumJobCompletions > JobMaxRetries || ExitCode =?= 0' evaluated to FALSE
...
040 (8017966.358.000) 2026-06-21 01:38:12 Started transferring input files
	Transferring to host: <10.141.1.3:35687?CCBID=128.105.82.148:9618%3faddrs%3d128.105.82.148-9618+[2607-f388-2200-9d-7ccb-bc08-2489-768a]-9618%26alias%3dospool-ccb.osg.chtc.io%26noUDP%26sock%3dcollector9#4298256%2067.58.49.91:9618%3faddrs%3d67.58.49.91-9618+[fdf0-17b3-c3ec-1f79-10-0-e-b69d]-9618%26alias%3dccb-2.ospool.osg-htc.org%26noUDP%26sock%3dcollector7#4289599&PrivNet=gpu03&addrs=10.141.1.3-35687&alias=gpu03&noUDP>
...
040 (8017966.358.000) 2026-06-21 01:39:26 Finished transferring input files
...
021 (8017966.358.000) 2026-06-21 01:39:27 Message from starter on slot1_1@glidein_2882936_199762243@gpu03:
	PREPARE_JOB (prepare-hook) succeeded (reported status 000): Using Singularity image openfe_1.11.1.sif
...
001 (8017966.358.000) 2026-06-21 01:39:27 Job executing on host: <10.141.1.3:35181?CCBID=128.105.82.148:9618%3faddrs%3d128.105.82.148-9618+[2607-f388-2200-9d-7ccb-bc08-2489-768a]-9618%26alias%3dospool-ccb.osg.chtc.io%26noUDP%26sock%3dcollector5#4145852%2067.58.49.91:9618%3faddrs%3d67.58.49.91-9618+[fdf0-17b3-c3ec-1f79-10-0-e-b69d]-9618%26alias%3dccb-2.ospool.osg-htc.org%26noUDP%26sock%3dcollector5#4144520&PrivNet=gpu03&addrs=10.141.1.3-35181&alias=gpu03&noUDP>
	SlotName: slot1_1@glidein_2882936_199762243@gpu03
	AvailableGPUs = { GPUs_GPU_d254d1ef }
	CondorScratchDir = "/scratch/osg01/glide_npRxyf/execute/dir_83267/scratch"
	Cpus = 1
	Disk = 16777216
	GPUs = 1
	GPUs_GPU_d254d1ef = [ Id = "GPU-d254d1ef"; ClockMhz = 2520.0; Capability = 8.9; CoresPerCU = 128; DeviceName = "NVIDIA L40S"; DeviceUuid = "d254d1ef-fc9e-6777-b5a2-7eb12f466a9c"; ECCEnabled = true; ComputeUnits = 142; NvidiaDriver = "580.82.07"; DriverVersion = 13.0; DevicePciBusId = "0000:61:00.0"; GlobalMemoryMb = 45458; MaxSupportedVersion = 13000 ]
	Memory = 16384
...
040 (8017966.358.000) 2026-06-21 01:39:33 Started transferring output files
...
040 (8017966.358.000) 2026-06-21 01:39:33 Finished transferring output files
...
004 (8017966.358.000) 2026-06-21 01:39:34 Job was evicted.
	(0) Job terminated and was requeued
		Usr 0 00:00:00, Sys 0 00:00:00  -  Run Remote Usage
		Usr 0 00:00:00, Sys 0 00:00:00  -  Run Local Usage
	6775866  -  Run Bytes Sent By Job
	2790988174  -  Run Bytes Received By Job
	(1) Normal termination (return value 2)
	The job attribute OnExitRemove expression 'NumJobCompletions > JobMaxRetries || ExitCode =?= 0' evaluated to FALSE
...
040 (8017966.358.000) 2026-06-21 01:39:50 Started transferring input files
	Transferring to host: <128.105.68.168:9618?addrs=128.105.68.168-9618+[2607-f388-2200-100-b62e-99ff-feb7-2dcb]-9618&alias=gpulab2003.chtc.wisc.edu&noUDP&sock=slot2_1_11172_6f3f_4782>
...
040 (8017966.358.000) 2026-06-21 01:40:07 Finished transferring input files
...
001 (8017966.358.000) 2026-06-21 01:40:07 Job executing on host: <128.105.68.168:9618?addrs=128.105.68.168-9618+[2607-f388-2200-100-b62e-99ff-feb7-2dcb]-9618&alias=gpulab2003.chtc.wisc.edu&noUDP&sock=startd_10155_1056>
	SlotName: slot2_1@gpulab2003.chtc.wisc.edu
	AvailableGPUs = { GPUs_GPU_eb157808 }
	CondorScratchDir = "/var/lib/condor/execute/slot2/dir_4044358/scratch"
	Cpus = 1
	Disk = 16777216
	GPUs = 1
	GPUs_GPU_eb157808 = [ Id = "GPU-eb157808"; Capability = 7.5; DeviceName = "NVIDIA GeForce RTX 2080 Ti"; DeviceUuid = "eb157808-e649-bc5b-f914-65edf583a978"; ECCEnabled = false; NvidiaDriver = "570.195.03"; DriverVersion = 12.8; DevicePciBusId = "0000:3D:00.0"; GlobalMemoryMb = 10823; MaxSupportedVersion = 12080 ]
	IoHeavy = 0
	Memory = 16384
...
040 (8017966.358.000) 2026-06-21 01:40:12 Started transferring output files
...
040 (8017966.358.000) 2026-06-21 01:40:12 Finished transferring output files
...
004 (8017966.358.000) 2026-06-21 01:40:12 Job was evicted.
	(0) Job terminated and was requeued
		Usr 0 00:00:03, Sys 0 00:00:00  -  Run Remote Usage
		Usr 0 00:00:00, Sys 0 00:00:00  -  Run Local Usage
	6775862  -  Run Bytes Sent By Job
	2790988174  -  Run Bytes Received By Job
	(1) Normal termination (return value 2)
	The job attribute OnExitRemove expression 'NumJobCompletions > JobMaxRetries || ExitCode =?= 0' evaluated to FALSE
...
040 (8017966.358.000) 2026-06-21 01:40:23 Started transferring input files
	Transferring to host: <128.105.69.3:9618?addrs=128.105.69.3-9618+[2607-f388-2200-100-7ec2-55ff-fe46-28f2]-9618&alias=gpu4002.chtc.wisc.edu&noUDP&sock=slot1_5_12744_0cff_3748>
...
040 (8017966.358.000) 2026-06-21 01:40:35 Finished transferring input files
...
001 (8017966.358.000) 2026-06-21 01:40:35 Job executing on host: <128.105.69.3:9618?addrs=128.105.69.3-9618+[2607-f388-2200-100-7ec2-55ff-fe46-28f2]-9618&alias=gpu4002.chtc.wisc.edu&noUDP&sock=startd_11312_ab69>
	SlotName: slot1_5@gpu4002.chtc.wisc.edu
	AvailableGPUs = { GPUs_GPU_24660f1c }
	CondorScratchDir = "/var/lib/condor/execute/slot1/dir_2832405/scratch"
	Cpus = 1
	Disk = 16777216
	GPUs = 1
	GPUs_GPU_24660f1c = [ Id = "GPU-24660f1c"; Capability = 8.9; DeviceName = "NVIDIA L40"; DeviceUuid = "24660f1c-9665-dc92-a0c9-04252e1a8138"; ECCEnabled = true; NvidiaDriver = "570.195.03"; DriverVersion = 12.8; DevicePciBusId = "0000:CE:00.0"; GlobalMemoryMb = 45468; MaxSupportedVersion = 12080 ]
	IoHeavy = 0
	Memory = 16384
...
040 (8017966.358.000) 2026-06-21 01:40:38 Started transferring output files
...
040 (8017966.358.000) 2026-06-21 01:40:38 Finished transferring output files
...
004 (8017966.358.000) 2026-06-21 01:40:39 Job was evicted.
	(0) Job terminated and was requeued
		Usr 0 00:00:02, Sys 0 00:00:00  -  Run Remote Usage
		Usr 0 00:00:00, Sys 0 00:00:00  -  Run Local Usage
	6775849  -  Run Bytes Sent By Job
	2790988174  -  Run Bytes Received By Job
	(1) Normal termination (return value 2)
	The job attribute OnExitRemove expression 'NumJobCompletions > JobMaxRetries || ExitCode =?= 0' evaluated to FALSE
...
040 (8017966.358.000) 2026-06-21 01:40:47 Started transferring input files
	Transferring to host: <128.105.69.3:9618?addrs=128.105.69.3-9618+[2607-f388-2200-100-7ec2-55ff-fe46-28f2]-9618&alias=gpu4002.chtc.wisc.edu&noUDP&sock=slot1_5_12744_0cff_3750>
...
040 (8017966.358.000) 2026-06-21 01:40:58 Finished transferring input files
...
001 (8017966.358.000) 2026-06-21 01:40:58 Job executing on host: <128.105.69.3:9618?addrs=128.105.69.3-9618+[2607-f388-2200-100-7ec2-55ff-fe46-28f2]-9618&alias=gpu4002.chtc.wisc.edu&noUDP&sock=startd_11312_ab69>
	SlotName: slot1_5@gpu4002.chtc.wisc.edu
	AvailableGPUs = { GPUs_GPU_24660f1c }
	CondorScratchDir = "/var/lib/condor/execute/slot1/dir_2832834/scratch"
	Cpus = 1
	Disk = 16777216
	GPUs = 1
	GPUs_GPU_24660f1c = [ Id = "GPU-24660f1c"; Capability = 8.9; DeviceName = "NVIDIA L40"; DeviceUuid = "24660f1c-9665-dc92-a0c9-04252e1a8138"; ECCEnabled = true; NvidiaDriver = "570.195.03"; DriverVersion = 12.8; DevicePciBusId = "0000:CE:00.0"; GlobalMemoryMb = 45468; MaxSupportedVersion = 12080 ]
	IoHeavy = 0
	Memory = 16384
...
040 (8017966.358.000) 2026-06-21 01:41:01 Started transferring output files
...
040 (8017966.358.000) 2026-06-21 01:41:01 Finished transferring output files
...
004 (8017966.358.000) 2026-06-21 01:41:01 Job was evicted.
	(0) Job terminated and was requeued
		Usr 0 00:00:02, Sys 0 00:00:00  -  Run Remote Usage
		Usr 0 00:00:00, Sys 0 00:00:00  -  Run Local Usage
	6775849  -  Run Bytes Sent By Job
	2790988174  -  Run Bytes Received By Job
	(1) Normal termination (return value 2)
	The job attribute OnExitRemove expression 'NumJobCompletions > JobMaxRetries || ExitCode =?= 0' evaluated to FALSE
...
040 (8017966.358.000) 2026-06-21 01:41:10 Started transferring input files
	Transferring to host: <128.105.69.3:9618?addrs=128.105.69.3-9618+[2607-f388-2200-100-7ec2-55ff-fe46-28f2]-9618&alias=gpu4002.chtc.wisc.edu&noUDP&sock=slot1_5_12744_0cff_3751>
...
040 (8017966.358.000) 2026-06-21 01:41:24 Finished transferring input files
...
001 (8017966.358.000) 2026-06-21 01:41:24 Job executing on host: <128.105.69.3:9618?addrs=128.105.69.3-9618+[2607-f388-2200-100-7ec2-55ff-fe46-28f2]-9618&alias=gpu4002.chtc.wisc.edu&noUDP&sock=startd_11312_ab69>
	SlotName: slot1_5@gpu4002.chtc.wisc.edu
	AvailableGPUs = { GPUs_GPU_24660f1c }
	CondorScratchDir = "/var/lib/condor/execute/slot1/dir_2833247/scratch"
	Cpus = 1
	Disk = 16777216
	GPUs = 1
	GPUs_GPU_24660f1c = [ Id = "GPU-24660f1c"; Capability = 8.9; DeviceName = "NVIDIA L40"; DeviceUuid = "24660f1c-9665-dc92-a0c9-04252e1a8138"; ECCEnabled = true; NvidiaDriver = "570.195.03"; DriverVersion = 12.8; DevicePciBusId = "0000:CE:00.0"; GlobalMemoryMb = 45468; MaxSupportedVersion = 12080 ]
	IoHeavy = 0
	Memory = 16384
...
040 (8017966.358.000) 2026-06-21 01:41:27 Started transferring output files
...
040 (8017966.358.000) 2026-06-21 01:41:27 Finished transferring output files
...
004 (8017966.358.000) 2026-06-21 01:41:28 Job was evicted.
	(0) Job terminated and was requeued
		Usr 0 00:00:02, Sys 0 00:00:00  -  Run Remote Usage
		Usr 0 00:00:00, Sys 0 00:00:00  -  Run Local Usage
	6775849  -  Run Bytes Sent By Job
	2790988174  -  Run Bytes Received By Job
	(1) Normal termination (return value 2)
	The job attribute OnExitRemove expression 'NumJobCompletions > JobMaxRetries || ExitCode =?= 0' evaluated to FALSE
...
040 (8017966.358.000) 2026-06-21 01:41:56 Started transferring input files
	Transferring to host: <128.105.69.34:9618?addrs=128.105.69.34-9618+[2607-f388-2200-100-527c-6fff-fe66-ea4a]-9618&alias=mkhodakgpu4000.chtc.wisc.edu&noUDP&sock=backfill1_8_2685916_8d1f_94724>
...
040 (8017966.358.000) 2026-06-21 01:42:05 Finished transferring input files
...
001 (8017966.358.000) 2026-06-21 01:42:05 Job executing on host: <128.105.69.34:9618?addrs=128.105.69.34-9618+[2607-f388-2200-100-527c-6fff-fe66-ea4a]-9618&alias=mkhodakgpu4000.chtc.wisc.edu&noUDP&sock=startd_11796_a740>
	SlotName: backfill1_8@mkhodakgpu4000.chtc.wisc.edu
	AvailableGPUs = { GPUs_GPU_30d65cc1 }
	CondorScratchDir = "/var/lib/condor/execute/slot1/dir_770023/scratch"
	Cpus = 1
	Disk = 16777216
	GPUs = 1
	GPUs_GPU_30d65cc1 = [ Id = "GPU-30d65cc1"; Capability = 8.9; DeviceName = "NVIDIA L40S"; DeviceUuid = "30d65cc1-b5bb-c60a-291a-2060670ff6af"; ECCEnabled = true; NvidiaDriver = "570.195.03"; DriverVersion = 12.8; DevicePciBusId = "0000:17:00.0"; GlobalMemoryMb = 45468; MaxSupportedVersion = 12080 ]
	IoHeavy = 0
	Memory = 16384
...
040 (8017966.358.000) 2026-06-21 01:42:08 Started transferring output files
...
040 (8017966.358.000) 2026-06-21 01:42:08 Finished transferring output files
...
004 (8017966.358.000) 2026-06-21 01:42:09 Job was evicted.
	(0) Job terminated and was requeued
		Usr 0 00:00:01, Sys 0 00:00:00  -  Run Remote Usage
		Usr 0 00:00:00, Sys 0 00:00:00  -  Run Local Usage
	6775866  -  Run Bytes Sent By Job
	2790988174  -  Run Bytes Received By Job
	(1) Normal termination (return value 2)
	The job attribute OnExitRemove expression 'NumJobCompletions > JobMaxRetries || ExitCode =?= 0' evaluated to FALSE
...
040 (8017966.358.000) 2026-06-21 01:42:22 Started transferring input files
	Transferring to host: <128.105.68.168:9618?addrs=128.105.68.168-9618+[2607-f388-2200-100-b62e-99ff-feb7-2dcb]-9618&alias=gpulab2003.chtc.wisc.edu&noUDP&sock=slot2_4_11172_6f3f_4794>
...
040 (8017966.358.000) 2026-06-21 01:42:39 Finished transferring input files
...
001 (8017966.358.000) 2026-06-21 01:42:39 Job executing on host: <128.105.68.168:9618?addrs=128.105.68.168-9618+[2607-f388-2200-100-b62e-99ff-feb7-2dcb]-9618&alias=gpulab2003.chtc.wisc.edu&noUDP&sock=startd_10155_1056>
	SlotName: slot2_4@gpulab2003.chtc.wisc.edu
	AvailableGPUs = { GPUs_GPU_61902b82 }
	CondorScratchDir = "/var/lib/condor/execute/slot2/dir_4051245/scratch"
	Cpus = 1
	Disk = 16777216
	GPUs = 1
	GPUs_GPU_61902b82 = [ Id = "GPU-61902b82"; Capability = 7.5; DeviceName = "NVIDIA GeForce RTX 2080 Ti"; DeviceUuid = "61902b82-cedb-e4be-d010-bca8829ec79b"; ECCEnabled = false; NvidiaDriver = "570.195.03"; DriverVersion = 12.8; DevicePciBusId = "0000:B2:00.0"; GlobalMemoryMb = 10823; MaxSupportedVersion = 12080 ]
	IoHeavy = 0
	Memory = 16384
...
040 (8017966.358.000) 2026-06-21 01:42:43 Started transferring output files
...
040 (8017966.358.000) 2026-06-21 01:42:43 Finished transferring output files
...
004 (8017966.358.000) 2026-06-21 01:42:44 Job was evicted.
	(0) Job terminated and was requeued
		Usr 0 00:00:03, Sys 0 00:00:00  -  Run Remote Usage
		Usr 0 00:00:00, Sys 0 00:00:00  -  Run Local Usage
	6775852  -  Run Bytes Sent By Job
	2790988174  -  Run Bytes Received By Job
	(1) Normal termination (return value 2)
	The job attribute OnExitRemove expression 'NumJobCompletions > JobMaxRetries || ExitCode =?= 0' evaluated to FALSE
...
040 (8017966.358.000) 2026-06-21 01:42:47 Started transferring input files
	Transferring to host: <128.105.69.3:9618?addrs=128.105.69.3-9618+[2607-f388-2200-100-7ec2-55ff-fe46-28f2]-9618&alias=gpu4002.chtc.wisc.edu&noUDP&sock=slot1_2_12744_0cff_3759>
...
040 (8017966.358.000) 2026-06-21 01:42:58 Finished transferring input files
...
001 (8017966.358.000) 2026-06-21 01:42:58 Job executing on host: <128.105.69.3:9618?addrs=128.105.69.3-9618+[2607-f388-2200-100-7ec2-55ff-fe46-28f2]-9618&alias=gpu4002.chtc.wisc.edu&noUDP&sock=startd_11312_ab69>
	SlotName: slot1_2@gpu4002.chtc.wisc.edu
	AvailableGPUs = { GPUs_GPU_2e13e217 }
	CondorScratchDir = "/var/lib/condor/execute/slot1/dir_2835190/scratch"
	Cpus = 1
	Disk = 16777216
	GPUs = 1
	GPUs_GPU_2e13e217 = [ Id = "GPU-2e13e217"; Capability = 8.9; DeviceName = "NVIDIA L40"; DeviceUuid = "2e13e217-6059-f8d1-c6e6-c4cc399ca285"; ECCEnabled = true; NvidiaDriver = "570.195.03"; DriverVersion = 12.8; DevicePciBusId = "0000:53:00.0"; GlobalMemoryMb = 45468; MaxSupportedVersion = 12080 ]
	IoHeavy = 0
	Memory = 16384
...
040 (8017966.358.000) 2026-06-21 01:43:01 Started transferring output files
...
040 (8017966.358.000) 2026-06-21 01:43:01 Finished transferring output files
...
004 (8017966.358.000) 2026-06-21 01:43:01 Job was evicted.
	(0) Job terminated and was requeued
		Usr 0 00:00:02, Sys 0 00:00:00  -  Run Remote Usage
		Usr 0 00:00:00, Sys 0 00:00:00  -  Run Local Usage
	6775849  -  Run Bytes Sent By Job
	2790988174  -  Run Bytes Received By Job
	(1) Normal termination (return value 2)
	The job attribute OnExitRemove expression 'NumJobCompletions > JobMaxRetries || ExitCode =?= 0' evaluated to FALSE
...
040 (8017966.358.000) 2026-06-21 01:43:27 Started transferring input files
	Transferring to host: <128.105.68.168:9618?addrs=128.105.68.168-9618+[2607-f388-2200-100-b62e-99ff-feb7-2dcb]-9618&alias=gpulab2003.chtc.wisc.edu&noUDP&sock=slot2_3_11172_6f3f_4803>
...
040 (8017966.358.000) 2026-06-21 01:44:26 Finished transferring input files
...
001 (8017966.358.000) 2026-06-21 01:44:26 Job executing on host: <128.105.68.168:9618?addrs=128.105.68.168-9618+[2607-f388-2200-100-b62e-99ff-feb7-2dcb]-9618&alias=gpulab2003.chtc.wisc.edu&noUDP&sock=startd_10155_1056>
	SlotName: slot2_3@gpulab2003.chtc.wisc.edu
	AvailableGPUs = { GPUs_GPU_67659b45 }
	CondorScratchDir = "/var/lib/condor/execute/slot2/dir_4052904/scratch"
	Cpus = 1
	Disk = 16777216
	GPUs = 1
	GPUs_GPU_67659b45 = [ Id = "GPU-67659b45"; Capability = 7.5; DeviceName = "NVIDIA GeForce RTX 2080 Ti"; DeviceUuid = "67659b45-3a57-03f4-4d85-759f040ffd80"; ECCEnabled = false; NvidiaDriver = "570.195.03"; DriverVersion = 12.8; DevicePciBusId = "0000:B1:00.0"; GlobalMemoryMb = 10823; MaxSupportedVersion = 12080 ]
	IoHeavy = 0
	Memory = 16384
...
040 (8017966.358.000) 2026-06-21 01:44:30 Started transferring output files
...
040 (8017966.358.000) 2026-06-21 01:44:30 Finished transferring output files
...
004 (8017966.358.000) 2026-06-21 01:44:31 Job was evicted.
	(0) Job terminated and was requeued
		Usr 0 00:00:03, Sys 0 00:00:00  -  Run Remote Usage
		Usr 0 00:00:00, Sys 0 00:00:00  -  Run Local Usage
	6775862  -  Run Bytes Sent By Job
	2790988174  -  Run Bytes Received By Job
	(1) Normal termination (return value 2)
	The job attribute OnExitRemove expression 'NumJobCompletions > JobMaxRetries || ExitCode =?= 0' evaluated to FALSE
...
040 (8017966.358.000) 2026-06-21 01:44:38 Started transferring input files
	Transferring to host: <128.105.69.3:9618?addrs=128.105.69.3-9618+[2607-f388-2200-100-7ec2-55ff-fe46-28f2]-9618&alias=gpu4002.chtc.wisc.edu&noUDP&sock=slot1_2_12744_0cff_3767>
...
040 (8017966.358.000) 2026-06-21 01:44:49 Finished transferring input files
...
001 (8017966.358.000) 2026-06-21 01:44:49 Job executing on host: <128.105.69.3:9618?addrs=128.105.69.3-9618+[2607-f388-2200-100-7ec2-55ff-fe46-28f2]-9618&alias=gpu4002.chtc.wisc.edu&noUDP&sock=startd_11312_ab69>
	SlotName: slot1_2@gpu4002.chtc.wisc.edu
	AvailableGPUs = { GPUs_GPU_2e13e217 }
	CondorScratchDir = "/var/lib/condor/execute/slot1/dir_2878742/scratch"
	Cpus = 1
	Disk = 16777216
	GPUs = 1
	GPUs_GPU_2e13e217 = [ Id = "GPU-2e13e217"; Capability = 8.9; DeviceName = "NVIDIA L40"; DeviceUuid = "2e13e217-6059-f8d1-c6e6-c4cc399ca285"; ECCEnabled = true; NvidiaDriver = "570.195.03"; DriverVersion = 12.8; DevicePciBusId = "0000:53:00.0"; GlobalMemoryMb = 45468; MaxSupportedVersion = 12080 ]
	IoHeavy = 0
	Memory = 16384
...
040 (8017966.358.000) 2026-06-21 01:44:52 Started transferring output files
...
040 (8017966.358.000) 2026-06-21 01:44:52 Finished transferring output files
...
005 (8017966.358.000) 2026-06-21 01:44:53 Job terminated.
	(1) Normal termination (return value 2)
		Usr 0 00:00:02, Sys 0 00:00:00  -  Run Remote Usage
		Usr 0 00:00:00, Sys 0 00:00:00  -  Run Local Usage
		Usr 0 00:02:42, Sys 0 00:00:03  -  Total Remote Usage
		Usr 0 00:00:00, Sys 0 00:00:00  -  Total Local Usage
	6775849  -  Run Bytes Sent By Job
	2790988174  -  Run Bytes Received By Job
	74539052  -  Total Bytes Sent By Job
	30694094557  -  Total Bytes Received By Job
	Partitionable Resources :      Usage  Request Allocated Assigned
	   Cpus                 :       0.52        1         1 
	   Disk (KB)            : 2725611    16777216  16777216 
	   GPUs                 :                   1         1 "GPU-2e13e217"
	   IoHeavy              :                             0 
	   Memory (MB)          :     391       16384     16384 
	   TimeExecute (s)      :       3                       
	   TimeSlotBusy (s)     :      14                       
...
