000 (8017966.113.000) 2026-06-20 22:07:54 Job submitted from host: <128.105.68.112:9618?addrs=128.105.68.112-9618+[2607-f388-2200-100-eaeb-d3ff-fea3-4202]-9618&alias=ap2001.chtc.wisc.edu&noUDP&sock=schedd_4071840_2329>
...
040 (8017966.113.000) 2026-06-20 23:16:33 Started transferring input files
	Transferring to host: <128.105.76.51:9618?addrs=128.105.76.51-9618+[2607-f388-2200-100-925a-8ff-fe34-15b6]-9618&alias=zliu-chtcgpu5000.chtc.wisc.edu&noUDP&sock=backfill1_5_98764_ec29_36662>
...
040 (8017966.113.000) 2026-06-20 23:16:44 Finished transferring input files
...
001 (8017966.113.000) 2026-06-20 23:16:44 Job executing on host: <128.105.76.51:9618?addrs=128.105.76.51-9618+[2607-f388-2200-100-925a-8ff-fe34-15b6]-9618&alias=zliu-chtcgpu5000.chtc.wisc.edu&noUDP&sock=startd_98388_901b>
	SlotName: backfill1_5@zliu-chtcgpu5000.chtc.wisc.edu
	AvailableGPUs = { GPUs_GPU_83640fe1 }
	CondorScratchDir = "/var/lib/condor/execute/slot1/dir_3087341/scratch"
	Cpus = 1
	Disk = 16777216
	GPUs = 1
	GPUs_GPU_83640fe1 = [ Id = "GPU-83640fe1"; Capability = 8.9; DeviceName = "NVIDIA L40S"; DeviceUuid = "83640fe1-a45a-82c3-bd44-f2d045e9521d"; ECCEnabled = true; NvidiaDriver = "590.48.01"; DriverVersion = 13.1; DevicePciBusId = "0000:41:00.0"; GlobalMemoryMb = 45460; MaxSupportedVersion = 13010 ]
	IoHeavy = 0
	Memory = 16384
...
006 (8017966.113.000) 2026-06-20 23:16:53 Image size of job updated: 500512
	489  -  MemoryUsage of job (MB)
	500512  -  ResidentSetSize of job (KB)
...
006 (8017966.113.000) 2026-06-20 23:21:54 Image size of job updated: 2435480
	2378  -  MemoryUsage of job (MB)
	2434456  -  ResidentSetSize of job (KB)
...
006 (8017966.113.000) 2026-06-20 23:26:55 Image size of job updated: 2435480
	2378  -  MemoryUsage of job (MB)
	2434492  -  ResidentSetSize of job (KB)
...
006 (8017966.113.000) 2026-06-20 23:46:57 Image size of job updated: 2444916
	2388  -  MemoryUsage of job (MB)
	2444916  -  ResidentSetSize of job (KB)
...
006 (8017966.113.000) 2026-06-20 23:51:58 Image size of job updated: 2448668
	2392  -  MemoryUsage of job (MB)
	2448668  -  ResidentSetSize of job (KB)
...
006 (8017966.113.000) 2026-06-20 23:56:58 Image size of job updated: 2449976
	2393  -  MemoryUsage of job (MB)
	2449976  -  ResidentSetSize of job (KB)
...
006 (8017966.113.000) 2026-06-21 00:01:59 Image size of job updated: 2450720
	2394  -  MemoryUsage of job (MB)
	2450720  -  ResidentSetSize of job (KB)
...
006 (8017966.113.000) 2026-06-21 00:12:00 Image size of job updated: 2450732
	2394  -  MemoryUsage of job (MB)
	2450732  -  ResidentSetSize of job (KB)
...
006 (8017966.113.000) 2026-06-21 00:17:00 Image size of job updated: 2457432
	2400  -  MemoryUsage of job (MB)
	2457432  -  ResidentSetSize of job (KB)
...
006 (8017966.113.000) 2026-06-21 00:27:01 Image size of job updated: 2457440
	2400  -  MemoryUsage of job (MB)
	2457440  -  ResidentSetSize of job (KB)
...
006 (8017966.113.000) 2026-06-21 00:42:02 Image size of job updated: 2457444
	2400  -  MemoryUsage of job (MB)
	2457444  -  ResidentSetSize of job (KB)
...
006 (8017966.113.000) 2026-06-21 00:47:03 Image size of job updated: 2457608
	2401  -  MemoryUsage of job (MB)
	2457608  -  ResidentSetSize of job (KB)
...
006 (8017966.113.000) 2026-06-21 00:52:04 Image size of job updated: 2458048
	2401  -  MemoryUsage of job (MB)
	2458048  -  ResidentSetSize of job (KB)
...
006 (8017966.113.000) 2026-06-21 00:57:04 Image size of job updated: 2458132
	2401  -  MemoryUsage of job (MB)
	2458132  -  ResidentSetSize of job (KB)
...
006 (8017966.113.000) 2026-06-21 01:02:05 Image size of job updated: 2458216
	2401  -  MemoryUsage of job (MB)
	2458216  -  ResidentSetSize of job (KB)
...
040 (8017966.113.000) 2026-06-21 02:00:54 Started transferring output files
...
040 (8017966.113.000) 2026-06-21 02:00:54 Finished transferring output files
...
005 (8017966.113.000) 2026-06-21 02:00:55 Job terminated.
	(1) Normal termination (return value 0)
		Usr 0 02:51:16, Sys 0 03:13:48  -  Run Remote Usage
		Usr 0 00:00:00, Sys 0 00:00:00  -  Run Local Usage
		Usr 0 02:51:16, Sys 0 03:13:48  -  Total Remote Usage
		Usr 0 00:00:00, Sys 0 00:00:00  -  Total Local Usage
	11402211  -  Run Bytes Sent By Job
	2782683198  -  Run Bytes Received By Job
	11402211  -  Total Bytes Sent By Job
	2782683198  -  Total Bytes Received By Job
	Partitionable Resources :      Usage  Request Allocated Assigned
	   Cpus                 :       0.99        1         1 
	   Disk (KB)            : 2836256    16777216  16777216 
	   GPUs                 :       0.86        1         1 "GPU-83640fe1"
	   GpusMemory (MB)      :    7480                       
	   IoHeavy              :                             0 
	   Memory (MB)          :    2401       16384     16384 
	   TimeExecute (s)      :    9850                       
	   TimeSlotBusy (s)     :    9861                       
...
