000 (8017966.769.000) 2026-06-20 22:07:54 Job submitted from host: <128.105.68.112:9618?addrs=128.105.68.112-9618+[2607-f388-2200-100-eaeb-d3ff-fea3-4202]-9618&alias=ap2001.chtc.wisc.edu&noUDP&sock=schedd_4071840_2329>
...
040 (8017966.769.000) 2026-06-21 04:24:00 Started transferring input files
	Transferring to host: <10.130.203.229:41379?CCBID=128.105.82.148:9618%3faddrs%3d128.105.82.148-9618+[2607-f388-2200-9d-7ccb-bc08-2489-768a]-9618%26alias%3dospool-ccb.osg.chtc.io%26noUDP%26sock%3dcollector3#4309069%2067.58.49.91:9618%3faddrs%3d67.58.49.91-9618+[fdf0-17b3-c3ec-1f79-10-0-e-b69d]-9618%26alias%3dccb-2.ospool.osg-htc.org%26noUDP%26sock%3dcollector9#4303700&PrivNet=spark-agpu225.chtc.wisc.edu&addrs=10.130.203.229-41379&alias=spark-agpu225.chtc.wisc.edu&noUDP>
...
040 (8017966.769.000) 2026-06-21 04:24:17 Finished transferring input files
...
021 (8017966.769.000) 2026-06-21 04:24:18 Message from starter on slot1_1@glidein_21051_536508567@spark-agpu225.chtc.wisc.edu:
	PREPARE_JOB (prepare-hook) succeeded (reported status 000): Using Singularity image openfe_1.11.1.sif
...
001 (8017966.769.000) 2026-06-21 04:24:18 Job executing on host: <10.130.203.229:42507?CCBID=128.105.82.148:9618%3faddrs%3d128.105.82.148-9618+[2607-f388-2200-9d-7ccb-bc08-2489-768a]-9618%26alias%3dospool-ccb.osg.chtc.io%26noUDP%26sock%3dcollector9#4154351%2067.58.49.91:9618%3faddrs%3d67.58.49.91-9618+[fdf0-17b3-c3ec-1f79-10-0-e-b69d]-9618%26alias%3dccb-2.ospool.osg-htc.org%26noUDP%26sock%3dcollector5#4147823&PrivNet=spark-agpu225.chtc.wisc.edu&addrs=10.130.203.229-42507&alias=spark-agpu225.chtc.wisc.edu&noUDP>
	SlotName: slot1_1@glidein_21051_536508567@spark-agpu225.chtc.wisc.edu
	AvailableGPUs = { GPUs_GPU_68821ed8 }
	CondorScratchDir = "/var/lib/condor/execute/osg01/glide_sP6yGA/execute/dir_2937500/scratch"
	Cpus = 1
	Disk = 16777216
	GPUs = 1
	GPUs_GPU_68821ed8 = [ Id = "GPU-68821ed8"; ClockMhz = 1410.0; Capability = 8.0; CoresPerCU = 64; DeviceName = "NVIDIA A100-SXM4-80GB"; DeviceUuid = "68821ed8-ae9f-40f6-51f1-252dbdccadcd"; ECCEnabled = true; ComputeUnits = 108; NvidiaDriver = "560.35.03"; DriverVersion = 12.6; DevicePciBusId = "0000:C1:00.0"; GlobalMemoryMb = 81156; MaxSupportedVersion = 12060 ]
	Memory = 16384
...
006 (8017966.769.000) 2026-06-21 04:24:27 Image size of job updated: 9513400
	437  -  MemoryUsage of job (MB)
	446924  -  ResidentSetSize of job (KB)
...
006 (8017966.769.000) 2026-06-21 04:29:28 Image size of job updated: 32737944
	2494  -  MemoryUsage of job (MB)
	2553536  -  ResidentSetSize of job (KB)
...
006 (8017966.769.000) 2026-06-21 04:34:29 Image size of job updated: 32741292
	2496  -  MemoryUsage of job (MB)
	2555072  -  ResidentSetSize of job (KB)
...
006 (8017966.769.000) 2026-06-21 04:39:29 Image size of job updated: 32745444
	2503  -  MemoryUsage of job (MB)
	2562240  -  ResidentSetSize of job (KB)
...
006 (8017966.769.000) 2026-06-21 04:44:30 Image size of job updated: 32748680
	2506  -  MemoryUsage of job (MB)
	2565824  -  ResidentSetSize of job (KB)
...
006 (8017966.769.000) 2026-06-21 04:49:30 Image size of job updated: 32754052
	2512  -  MemoryUsage of job (MB)
	2571456  -  ResidentSetSize of job (KB)
...
006 (8017966.769.000) 2026-06-21 04:54:31 Image size of job updated: 32758544
	2516  -  MemoryUsage of job (MB)
	2576064  -  ResidentSetSize of job (KB)
...
006 (8017966.769.000) 2026-06-21 04:59:31 Image size of job updated: 32766248
	2523  -  MemoryUsage of job (MB)
	2583232  -  ResidentSetSize of job (KB)
...
006 (8017966.769.000) 2026-06-21 05:04:31 Image size of job updated: 32768184
	2525  -  MemoryUsage of job (MB)
	2585416  -  ResidentSetSize of job (KB)
...
006 (8017966.769.000) 2026-06-21 05:09:32 Image size of job updated: 32771576
	2529  -  MemoryUsage of job (MB)
	2589220  -  ResidentSetSize of job (KB)
...
006 (8017966.769.000) 2026-06-21 05:14:32 Image size of job updated: 32775424
	2529  -  MemoryUsage of job (MB)
	2589220  -  ResidentSetSize of job (KB)
...
040 (8017966.769.000) 2026-06-21 05:23:47 Started transferring output files
...
040 (8017966.769.000) 2026-06-21 05:23:47 Finished transferring output files
...
005 (8017966.769.000) 2026-06-21 05:23:48 Job terminated.
	(1) Normal termination (return value 0)
		Usr 0 00:56:54, Sys 0 00:04:01  -  Run Remote Usage
		Usr 0 00:00:00, Sys 0 00:00:00  -  Run Local Usage
		Usr 0 00:56:54, Sys 0 00:04:01  -  Total Remote Usage
		Usr 0 00:00:00, Sys 0 00:00:00  -  Total Local Usage
	1130582  -  Run Bytes Sent By Job
	2781877853  -  Run Bytes Received By Job
	1130582  -  Total Bytes Sent By Job
	2781877853  -  Total Bytes Received By Job
	Partitionable Resources :      Usage  Request Allocated Assigned
	   Cpus                 :       0.99        1         1 
	   Disk (KB)            : 2727985    16777216  16777216 
	   GPUs                 :       0.73        1         1 "GPU-68821ed8"
	   GpusMemory (MB)      :    6806                       
	   Memory (MB)          :    2529       16384     16384 
	   TimeExecute (s)      :    3569                       
	   TimeSlotBusy (s)     :    3588                       
...
