000 (8180963.007.000) 2026-06-24 12:19:47 Job submitted from host: <128.105.68.112:9618?addrs=128.105.68.112-9618+[2607-f388-2200-100-eaeb-d3ff-fea3-4202]-9618&alias=ap2001.chtc.wisc.edu&noUDP&sock=schedd_4071840_2329>
...
040 (8180963.007.000) 2026-06-24 12:20:28 Started transferring input files
	Transferring to host: <128.105.68.166:9618?addrs=128.105.68.166-9618+[2607-f388-2200-100-b62e-99ff-feb7-2e2d]-9618&alias=gpulab2001.chtc.wisc.edu&noUDP&sock=slot2_3_11113_dd1d_61858>
...
040 (8180963.007.000) 2026-06-24 12:46:04 Finished transferring input files
...
001 (8180963.007.000) 2026-06-24 12:46:04 Job executing on host: <128.105.68.166:9618?addrs=128.105.68.166-9618+[2607-f388-2200-100-b62e-99ff-feb7-2e2d]-9618&alias=gpulab2001.chtc.wisc.edu&noUDP&sock=startd_10083_ad84>
	SlotName: slot2_3@gpulab2001.chtc.wisc.edu
	AvailableGPUs = { GPUs_GPU_d298c6e0 }
	CondorScratchDir = "/var/lib/condor/execute/slot2/dir_3818/scratch"
	Cpus = 1
	Disk = 16777216
	GPUs = 1
	GPUs_GPU_d298c6e0 = [ Id = "GPU-d298c6e0"; Capability = 7.5; DeviceName = "NVIDIA GeForce RTX 2080 Ti"; DeviceUuid = "d298c6e0-f149-30ca-b7d6-2d5f7637ee2c"; ECCEnabled = false; NvidiaDriver = "570.195.03"; DriverVersion = 12.8; DevicePciBusId = "0000:B1:00.0"; GlobalMemoryMb = 10823; MaxSupportedVersion = 12080 ]
	IoHeavy = 0
	Memory = 16384
...
006 (8180963.007.000) 2026-06-24 12:46:13 Image size of job updated: 336220
	329  -  MemoryUsage of job (MB)
	336220  -  ResidentSetSize of job (KB)
...
006 (8180963.007.000) 2026-06-24 12:51:14 Image size of job updated: 3384640
	3306  -  MemoryUsage of job (MB)
	3384640  -  ResidentSetSize of job (KB)
...
006 (8180963.007.000) 2026-06-24 13:01:14 Image size of job updated: 4365528
	4264  -  MemoryUsage of job (MB)
	4365528  -  ResidentSetSize of job (KB)
...
006 (8180963.007.000) 2026-06-24 13:06:15 Image size of job updated: 4819420
	4552  -  MemoryUsage of job (MB)
	4660400  -  ResidentSetSize of job (KB)
...
006 (8180963.007.000) 2026-06-24 13:11:15 Image size of job updated: 4819420
	4588  -  MemoryUsage of job (MB)
	4697800  -  ResidentSetSize of job (KB)
...
006 (8180963.007.000) 2026-06-24 13:16:15 Image size of job updated: 5025572
	4908  -  MemoryUsage of job (MB)
	5025572  -  ResidentSetSize of job (KB)
...
006 (8180963.007.000) 2026-06-24 13:21:16 Image size of job updated: 5443656
	5150  -  MemoryUsage of job (MB)
	5273600  -  ResidentSetSize of job (KB)
...
006 (8180963.007.000) 2026-06-24 13:26:16 Image size of job updated: 5443656
	5178  -  MemoryUsage of job (MB)
	5301444  -  ResidentSetSize of job (KB)
...
006 (8180963.007.000) 2026-06-24 13:31:17 Image size of job updated: 5516000
	5387  -  MemoryUsage of job (MB)
	5516000  -  ResidentSetSize of job (KB)
...
006 (8180963.007.000) 2026-06-24 13:35:14 Image size of job updated: 6081692
	5387  -  MemoryUsage of job (MB)
	5516000  -  ResidentSetSize of job (KB)
...
040 (8180963.007.000) 2026-06-24 13:35:14 Started transferring output files
...
040 (8180963.007.000) 2026-06-24 13:35:14 Finished transferring output files
...
004 (8180963.007.000) 2026-06-24 13:35:15 Job was evicted.
	(0) Job terminated and was requeued
		Usr 0 01:00:10, Sys 0 00:01:25  -  Run Remote Usage
		Usr 0 00:00:00, Sys 0 00:00:00  -  Run Local Usage
	105097  -  Run Bytes Sent By Job
	2784059212  -  Run Bytes Received By Job
	(1) Normal termination (return value 1)
	The job attribute OnExitRemove expression 'NumJobCompletions > JobMaxRetries || ExitCode =?= 0' evaluated to FALSE
...
040 (8180963.007.000) 2026-06-24 13:36:03 Started transferring input files
	Transferring to host: <128.105.68.166:9618?addrs=128.105.68.166-9618+[2607-f388-2200-100-b62e-99ff-feb7-2e2d]-9618&alias=gpulab2001.chtc.wisc.edu&noUDP&sock=slot2_3_11113_dd1d_62011>
...
040 (8180963.007.000) 2026-06-24 13:44:00 Finished transferring input files
...
001 (8180963.007.000) 2026-06-24 13:44:00 Job executing on host: <128.105.68.166:9618?addrs=128.105.68.166-9618+[2607-f388-2200-100-b62e-99ff-feb7-2e2d]-9618&alias=gpulab2001.chtc.wisc.edu&noUDP&sock=startd_10083_ad84>
	SlotName: slot2_3@gpulab2001.chtc.wisc.edu
	AvailableGPUs = { GPUs_GPU_d298c6e0 }
	CondorScratchDir = "/var/lib/condor/execute/slot2/dir_58914/scratch"
	Cpus = 1
	Disk = 16777216
	GPUs = 1
	GPUs_GPU_d298c6e0 = [ Id = "GPU-d298c6e0"; Capability = 7.5; DeviceName = "NVIDIA GeForce RTX 2080 Ti"; DeviceUuid = "d298c6e0-f149-30ca-b7d6-2d5f7637ee2c"; ECCEnabled = false; NvidiaDriver = "570.195.03"; DriverVersion = 12.8; DevicePciBusId = "0000:B1:00.0"; GlobalMemoryMb = 10823; MaxSupportedVersion = 12080 ]
	IoHeavy = 0
	Memory = 16384
...
040 (8180963.007.000) 2026-06-24 14:49:35 Started transferring output files
...
040 (8180963.007.000) 2026-06-24 14:49:35 Finished transferring output files
...
004 (8180963.007.000) 2026-06-24 14:49:36 Job was evicted.
	(0) Job terminated and was requeued
		Usr 0 01:35:11, Sys 0 00:02:24  -  Run Remote Usage
		Usr 0 00:00:00, Sys 0 00:00:00  -  Run Local Usage
	105098  -  Run Bytes Sent By Job
	2719096652  -  Run Bytes Received By Job
	(1) Normal termination (return value 1)
	The job attribute OnExitRemove expression 'NumJobCompletions > JobMaxRetries || ExitCode =?= 0' evaluated to FALSE
...
040 (8180963.007.000) 2026-06-24 14:49:52 Started transferring input files
	Transferring to host: <128.105.68.166:9618?addrs=128.105.68.166-9618+[2607-f388-2200-100-b62e-99ff-feb7-2e2d]-9618&alias=gpulab2001.chtc.wisc.edu&noUDP&sock=slot2_3_11113_dd1d_62144>
...
040 (8180963.007.000) 2026-06-24 14:56:19 Finished transferring input files
...
001 (8180963.007.000) 2026-06-24 14:56:19 Job executing on host: <128.105.68.166:9618?addrs=128.105.68.166-9618+[2607-f388-2200-100-b62e-99ff-feb7-2e2d]-9618&alias=gpulab2001.chtc.wisc.edu&noUDP&sock=startd_10083_ad84>
	SlotName: slot2_3@gpulab2001.chtc.wisc.edu
	AvailableGPUs = { GPUs_GPU_d298c6e0 }
	CondorScratchDir = "/var/lib/condor/execute/slot2/dir_123913/scratch"
	Cpus = 1
	Disk = 16777216
	GPUs = 1
	GPUs_GPU_d298c6e0 = [ Id = "GPU-d298c6e0"; Capability = 7.5; DeviceName = "NVIDIA GeForce RTX 2080 Ti"; DeviceUuid = "d298c6e0-f149-30ca-b7d6-2d5f7637ee2c"; ECCEnabled = false; NvidiaDriver = "570.195.03"; DriverVersion = 12.8; DevicePciBusId = "0000:B1:00.0"; GlobalMemoryMb = 10823; MaxSupportedVersion = 12080 ]
	IoHeavy = 0
	Memory = 16384
...
040 (8180963.007.000) 2026-06-24 15:46:54 Started transferring output files
...
040 (8180963.007.000) 2026-06-24 15:46:54 Finished transferring output files
...
004 (8180963.007.000) 2026-06-24 15:46:54 Job was evicted.
	(0) Job terminated and was requeued
		Usr 0 01:12:21, Sys 0 00:02:03  -  Run Remote Usage
		Usr 0 00:00:00, Sys 0 00:00:00  -  Run Local Usage
	105099  -  Run Bytes Sent By Job
	2784059212  -  Run Bytes Received By Job
	(1) Normal termination (return value 1)
	The job attribute OnExitRemove expression 'NumJobCompletions > JobMaxRetries || ExitCode =?= 0' evaluated to FALSE
...
040 (8180963.007.000) 2026-06-24 15:47:39 Started transferring input files
	Transferring to host: <128.105.68.166:9618?addrs=128.105.68.166-9618+[2607-f388-2200-100-b62e-99ff-feb7-2e2d]-9618&alias=gpulab2001.chtc.wisc.edu&noUDP&sock=slot2_3_11113_dd1d_62255>
...
040 (8180963.007.000) 2026-06-24 16:08:45 Finished transferring input files
...
001 (8180963.007.000) 2026-06-24 16:08:45 Job executing on host: <128.105.68.166:9618?addrs=128.105.68.166-9618+[2607-f388-2200-100-b62e-99ff-feb7-2e2d]-9618&alias=gpulab2001.chtc.wisc.edu&noUDP&sock=startd_10083_ad84>
	SlotName: slot2_3@gpulab2001.chtc.wisc.edu
	AvailableGPUs = { GPUs_GPU_d298c6e0 }
	CondorScratchDir = "/var/lib/condor/execute/slot2/dir_185573/scratch"
	Cpus = 1
	Disk = 16777216
	GPUs = 1
	GPUs_GPU_d298c6e0 = [ Id = "GPU-d298c6e0"; Capability = 7.5; DeviceName = "NVIDIA GeForce RTX 2080 Ti"; DeviceUuid = "d298c6e0-f149-30ca-b7d6-2d5f7637ee2c"; ECCEnabled = false; NvidiaDriver = "570.195.03"; DriverVersion = 12.8; DevicePciBusId = "0000:B1:00.0"; GlobalMemoryMb = 10823; MaxSupportedVersion = 12080 ]
	IoHeavy = 0
	Memory = 16384
...
040 (8180963.007.000) 2026-06-24 17:05:56 Started transferring output files
...
040 (8180963.007.000) 2026-06-24 17:05:56 Finished transferring output files
...
004 (8180963.007.000) 2026-06-24 17:05:57 Job was evicted.
	(0) Job terminated and was requeued
		Usr 0 01:29:34, Sys 0 00:02:09  -  Run Remote Usage
		Usr 0 00:00:00, Sys 0 00:00:00  -  Run Local Usage
	105099  -  Run Bytes Sent By Job
	1479909196  -  Run Bytes Received By Job
	(1) Normal termination (return value 1)
	The job attribute OnExitRemove expression 'NumJobCompletions > JobMaxRetries || ExitCode =?= 0' evaluated to FALSE
...
040 (8180963.007.000) 2026-06-24 17:06:26 Started transferring input files
	Transferring to host: <128.105.68.166:9618?addrs=128.105.68.166-9618+[2607-f388-2200-100-b62e-99ff-feb7-2e2d]-9618&alias=gpulab2001.chtc.wisc.edu&noUDP&sock=slot2_3_11113_dd1d_62402>
...
040 (8180963.007.000) 2026-06-24 17:11:37 Finished transferring input files
...
001 (8180963.007.000) 2026-06-24 17:11:37 Job executing on host: <128.105.68.166:9618?addrs=128.105.68.166-9618+[2607-f388-2200-100-b62e-99ff-feb7-2e2d]-9618&alias=gpulab2001.chtc.wisc.edu&noUDP&sock=startd_10083_ad84>
	SlotName: slot2_3@gpulab2001.chtc.wisc.edu
	AvailableGPUs = { GPUs_GPU_d298c6e0 }
	CondorScratchDir = "/var/lib/condor/execute/slot2/dir_249627/scratch"
	Cpus = 1
	Disk = 16777216
	GPUs = 1
	GPUs_GPU_d298c6e0 = [ Id = "GPU-d298c6e0"; Capability = 7.5; DeviceName = "NVIDIA GeForce RTX 2080 Ti"; DeviceUuid = "d298c6e0-f149-30ca-b7d6-2d5f7637ee2c"; ECCEnabled = false; NvidiaDriver = "570.195.03"; DriverVersion = 12.8; DevicePciBusId = "0000:B1:00.0"; GlobalMemoryMb = 10823; MaxSupportedVersion = 12080 ]
	IoHeavy = 0
	Memory = 16384
...
040 (8180963.007.000) 2026-06-24 18:02:24 Started transferring output files
...
040 (8180963.007.000) 2026-06-24 18:02:24 Finished transferring output files
...
004 (8180963.007.000) 2026-06-24 18:02:25 Job was evicted.
	(0) Job terminated and was requeued
		Usr 0 01:05:00, Sys 0 00:01:56  -  Run Remote Usage
		Usr 0 00:00:00, Sys 0 00:00:00  -  Run Local Usage
	105099  -  Run Bytes Sent By Job
	2784059212  -  Run Bytes Received By Job
	(1) Normal termination (return value 1)
	The job attribute OnExitRemove expression 'NumJobCompletions > JobMaxRetries || ExitCode =?= 0' evaluated to FALSE
...
040 (8180963.007.000) 2026-06-24 18:02:33 Started transferring input files
	Transferring to host: <128.105.68.116:9618?addrs=128.105.68.116-9618+[2607-f388-2200-100-7ec2-55ff-fe99-a36a]-9618&alias=gpu4001.chtc.wisc.edu&noUDP&sock=slot2_3_10972_8437_13831>
...
040 (8180963.007.000) 2026-06-24 18:31:54 Finished transferring input files
...
001 (8180963.007.000) 2026-06-24 18:31:54 Job executing on host: <128.105.68.116:9618?addrs=128.105.68.116-9618+[2607-f388-2200-100-7ec2-55ff-fe99-a36a]-9618&alias=gpu4001.chtc.wisc.edu&noUDP&sock=startd_10701_930c>
	SlotName: slot2_3@gpu4001.chtc.wisc.edu
	AvailableGPUs = { GPUs_GPU_df6838ac }
	CondorScratchDir = "/var/lib/condor/execute/slot2/dir_1678296/scratch"
	Cpus = 1
	Disk = 16777216
	GPUs = 1
	GPUs_GPU_df6838ac = [ Id = "GPU-df6838ac"; Capability = 8.9; DeviceName = "NVIDIA L40"; DeviceUuid = "df6838ac-0da1-d183-3fb6-0e9b9cbc4f8d"; ECCEnabled = true; NvidiaDriver = "570.195.03"; DriverVersion = 12.8; DevicePciBusId = "0000:56:00.0"; GlobalMemoryMb = 45468; MaxSupportedVersion = 12080 ]
	IoHeavy = 0
	Memory = 16384
...
040 (8180963.007.000) 2026-06-24 19:13:12 Started transferring output files
...
040 (8180963.007.000) 2026-06-24 19:13:12 Finished transferring output files
...
004 (8180963.007.000) 2026-06-24 19:13:12 Job was evicted.
	(0) Job terminated and was requeued
		Usr 0 01:06:02, Sys 0 00:02:00  -  Run Remote Usage
		Usr 0 00:00:00, Sys 0 00:00:00  -  Run Local Usage
	105092  -  Run Bytes Sent By Job
	2784059212  -  Run Bytes Received By Job
	(1) Normal termination (return value 1)
	The job attribute OnExitRemove expression 'NumJobCompletions > JobMaxRetries || ExitCode =?= 0' evaluated to FALSE
...
040 (8180963.007.000) 2026-06-24 19:13:18 Started transferring input files
	Transferring to host: <128.105.68.116:9618?addrs=128.105.68.116-9618+[2607-f388-2200-100-7ec2-55ff-fe99-a36a]-9618&alias=gpu4001.chtc.wisc.edu&noUDP&sock=slot2_3_10972_8437_13959>
...
040 (8180963.007.000) 2026-06-24 19:16:03 Finished transferring input files
...
001 (8180963.007.000) 2026-06-24 19:16:03 Job executing on host: <128.105.68.116:9618?addrs=128.105.68.116-9618+[2607-f388-2200-100-7ec2-55ff-fe99-a36a]-9618&alias=gpu4001.chtc.wisc.edu&noUDP&sock=startd_10701_930c>
	SlotName: slot2_3@gpu4001.chtc.wisc.edu
	AvailableGPUs = { GPUs_GPU_df6838ac }
	CondorScratchDir = "/var/lib/condor/execute/slot2/dir_1800335/scratch"
	Cpus = 1
	Disk = 16777216
	GPUs = 1
	GPUs_GPU_df6838ac = [ Id = "GPU-df6838ac"; Capability = 8.9; DeviceName = "NVIDIA L40"; DeviceUuid = "df6838ac-0da1-d183-3fb6-0e9b9cbc4f8d"; ECCEnabled = true; NvidiaDriver = "570.195.03"; DriverVersion = 12.8; DevicePciBusId = "0000:56:00.0"; GlobalMemoryMb = 45468; MaxSupportedVersion = 12080 ]
	IoHeavy = 0
	Memory = 16384
...
040 (8180963.007.000) 2026-06-24 19:52:22 Started transferring output files
...
040 (8180963.007.000) 2026-06-24 19:52:22 Finished transferring output files
...
004 (8180963.007.000) 2026-06-24 19:52:23 Job was evicted.
	(0) Job terminated and was requeued
		Usr 0 00:58:36, Sys 0 00:01:57  -  Run Remote Usage
		Usr 0 00:00:00, Sys 0 00:00:00  -  Run Local Usage
	105097  -  Run Bytes Sent By Job
	2784059212  -  Run Bytes Received By Job
	(1) Normal termination (return value 1)
	The job attribute OnExitRemove expression 'NumJobCompletions > JobMaxRetries || ExitCode =?= 0' evaluated to FALSE
...
040 (8180963.007.000) 2026-06-24 19:52:28 Started transferring input files
	Transferring to host: <128.105.68.116:9618?addrs=128.105.68.116-9618+[2607-f388-2200-100-7ec2-55ff-fe99-a36a]-9618&alias=gpu4001.chtc.wisc.edu&noUDP&sock=slot2_3_10972_8437_14032>
...
040 (8180963.007.000) 2026-06-24 20:02:15 Finished transferring input files
...
001 (8180963.007.000) 2026-06-24 20:02:15 Job executing on host: <128.105.68.116:9618?addrs=128.105.68.116-9618+[2607-f388-2200-100-7ec2-55ff-fe99-a36a]-9618&alias=gpu4001.chtc.wisc.edu&noUDP&sock=startd_10701_930c>
	SlotName: slot2_3@gpu4001.chtc.wisc.edu
	AvailableGPUs = { GPUs_GPU_df6838ac }
	CondorScratchDir = "/var/lib/condor/execute/slot2/dir_1867463/scratch"
	Cpus = 1
	Disk = 16777216
	GPUs = 1
	GPUs_GPU_df6838ac = [ Id = "GPU-df6838ac"; Capability = 8.9; DeviceName = "NVIDIA L40"; DeviceUuid = "df6838ac-0da1-d183-3fb6-0e9b9cbc4f8d"; ECCEnabled = true; NvidiaDriver = "570.195.03"; DriverVersion = 12.8; DevicePciBusId = "0000:56:00.0"; GlobalMemoryMb = 45468; MaxSupportedVersion = 12080 ]
	IoHeavy = 0
	Memory = 16384
...
040 (8180963.007.000) 2026-06-24 20:36:46 Started transferring output files
...
040 (8180963.007.000) 2026-06-24 20:36:46 Finished transferring output files
...
004 (8180963.007.000) 2026-06-24 20:36:47 Job was evicted.
	(0) Job terminated and was requeued
		Usr 0 00:45:39, Sys 0 00:01:23  -  Run Remote Usage
		Usr 0 00:00:00, Sys 0 00:00:00  -  Run Local Usage
	105097  -  Run Bytes Sent By Job
	2784059212  -  Run Bytes Received By Job
	(1) Normal termination (return value 1)
	The job attribute OnExitRemove expression 'NumJobCompletions > JobMaxRetries || ExitCode =?= 0' evaluated to FALSE
...
040 (8180963.007.000) 2026-06-24 20:37:17 Started transferring input files
	Transferring to host: <128.105.69.47:9618?addrs=128.105.69.47-9618+[2607-f388-2200-100-527c-6fff-fe66-eac6]-9618&alias=amuraligpu4000.chtc.wisc.edu&noUDP&sock=backfill1_2_1332502_f3e3_102126>
...
040 (8180963.007.000) 2026-06-24 20:37:37 Finished transferring input files
...
001 (8180963.007.000) 2026-06-24 20:37:37 Job executing on host: <128.105.69.47:9618?addrs=128.105.69.47-9618+[2607-f388-2200-100-527c-6fff-fe66-eac6]-9618&alias=amuraligpu4000.chtc.wisc.edu&noUDP&sock=startd_11579_cf33>
	SlotName: backfill1_2@amuraligpu4000.chtc.wisc.edu
	AvailableGPUs = { GPUs_GPU_d8206374 }
	CondorScratchDir = "/var/lib/condor/execute/slot1/dir_2180061/scratch"
	Cpus = 1
	Disk = 16777216
	GPUs = 1
	GPUs_GPU_d8206374 = [ Id = "GPU-d8206374"; Capability = 8.9; DeviceName = "NVIDIA L40S"; DeviceUuid = "d8206374-af5d-873a-5dca-ed6a50f62dc2"; ECCEnabled = true; NvidiaDriver = "570.195.03"; DriverVersion = 12.8; DevicePciBusId = "0000:50:00.0"; GlobalMemoryMb = 45468; MaxSupportedVersion = 12080 ]
	IoHeavy = 0
	Memory = 16384
...
040 (8180963.007.000) 2026-06-24 21:10:38 Started transferring output files
...
040 (8180963.007.000) 2026-06-24 21:10:38 Finished transferring output files
...
004 (8180963.007.000) 2026-06-24 21:10:39 Job was evicted.
	(0) Job terminated and was requeued
		Usr 0 00:55:25, Sys 0 00:02:30  -  Run Remote Usage
		Usr 0 00:00:00, Sys 0 00:00:00  -  Run Local Usage
	105128  -  Run Bytes Sent By Job
	2784059212  -  Run Bytes Received By Job
	(1) Normal termination (return value 1)
	The job attribute OnExitRemove expression 'NumJobCompletions > JobMaxRetries || ExitCode =?= 0' evaluated to FALSE
...
040 (8180963.007.000) 2026-06-24 21:11:12 Started transferring input files
	Transferring to host: <141.142.150.81:17155?CCBID=128.105.82.148:9618%3faddrs%3d128.105.82.148-9618+[2607-f388-2200-9d-7ccb-bc08-2489-7689]-9618%26alias%3dospool-ccb.osg.chtc.io%26noUDP%26sock%3dcollector2#4768308%2067.58.49.91:9618%3faddrs%3d67.58.49.91-9618+[fdf0-17b3-c3ec-1f79-10-0-d-2091]-9618%26alias%3dccb-2.ospool.osg-htc.org%26noUDP%26sock%3dcollector10#4762748&PrivNet=rails11&addrs=141.142.150.81-17155&alias=rails11&noUDP>
...
040 (8180963.007.000) 2026-06-24 21:11:31 Finished transferring input files
...
021 (8180963.007.000) 2026-06-24 21:11:33 Message from starter on slot1_1@glidein_4047920_448272981@rails11:
	PREPARE_JOB (prepare-hook) succeeded (reported status 000): Using Singularity image openfe_1.11.1.sif
...
001 (8180963.007.000) 2026-06-24 21:11:33 Job executing on host: <141.142.150.81:9759?CCBID=128.105.82.148:9618%3faddrs%3d128.105.82.148-9618+[2607-f388-2200-9d-7ccb-bc08-2489-7689]-9618%26alias%3dospool-ccb.osg.chtc.io%26noUDP%26sock%3dcollector2#4717772%2067.58.49.91:9618%3faddrs%3d67.58.49.91-9618+[fdf0-17b3-c3ec-1f79-10-0-d-2091]-9618%26alias%3dccb-2.ospool.osg-htc.org%26noUDP%26sock%3dcollector8#4715351&PrivNet=rails11&addrs=141.142.150.81-9759&alias=rails11&noUDP>
	SlotName: slot1_1@glidein_4047920_448272981@rails11
	AvailableGPUs = { GPUs_GPU_70d6879e }
	CondorScratchDir = "/projects/bcxl/svcosguser/glide_UraObe/execute/dir_907374/scratch"
	Cpus = 1
	Disk = 16777216
	GPUs = 1
	GPUs_GPU_70d6879e = [ Id = "GPU-70d6879e"; ClockMhz = 1410.0; Capability = 8.0; CoresPerCU = 64; DeviceName = "NVIDIA A100 80GB PCIe"; DeviceUuid = "70d6879e-bd7c-978f-51e5-b4981827acb1"; ECCEnabled = true; ComputeUnits = 108; NvidiaDriver = "590.48.01"; DriverVersion = 13.1; DevicePciBusId = "0000:21:00.0"; GlobalMemoryMb = 81153; MaxSupportedVersion = 13010 ]
	Memory = 16384
...
006 (8180963.007.000) 2026-06-24 21:16:44 Image size of job updated: 37089696
	7325  -  MemoryUsage of job (MB)
	7500000  -  ResidentSetSize of job (KB)
...
006 (8180963.007.000) 2026-06-24 21:21:44 Image size of job updated: 39267568
	7325  -  MemoryUsage of job (MB)
	7500000  -  ResidentSetSize of job (KB)
...
006 (8180963.007.000) 2026-06-24 21:26:45 Image size of job updated: 39491288
	7325  -  MemoryUsage of job (MB)
	7500000  -  ResidentSetSize of job (KB)
...
006 (8180963.007.000) 2026-06-24 21:31:45 Image size of job updated: 41131964
	7325  -  MemoryUsage of job (MB)
	7500000  -  ResidentSetSize of job (KB)
...
006 (8180963.007.000) 2026-06-24 21:36:46 Image size of job updated: 46398092
	7325  -  MemoryUsage of job (MB)
	7500000  -  ResidentSetSize of job (KB)
...
006 (8180963.007.000) 2026-06-24 21:41:46 Image size of job updated: 46400244
	7325  -  MemoryUsage of job (MB)
	7500000  -  ResidentSetSize of job (KB)
...
006 (8180963.007.000) 2026-06-24 21:46:47 Image size of job updated: 49442728
	7325  -  MemoryUsage of job (MB)
	7500000  -  ResidentSetSize of job (KB)
...
004 (8180963.007.000) 2026-06-24 21:47:37 Job was evicted. Code 1013 Subcode 0
	(0) CPU times
		Usr 0 00:46:44, Sys 0 00:01:52  -  Run Remote Usage
		Usr 0 00:00:00, Sys 0 00:00:00  -  Run Local Usage
	0  -  Run Bytes Sent By Job
	2784059212  -  Run Bytes Received By Job
	Reason: Startd was shutdown
	Partitionable Resources :      Usage  Request Allocated Assigned
	   Cpus                 :       0.99        1         1 
	   Disk (KB)            : 2854848    16777216  16777216 
	   GPUs                 :       0.06        1         1 "GPU-70d6879e"
	   GpusMemory (MB)      :    8265                       
	   Memory (MB)          :    7325       16384     16384 
	   TimeExecute (s)      :    2156                       
	   TimeSlotBusy (s)     :    2179                       
...
040 (8180963.007.000) 2026-06-24 21:48:40 Started transferring input files
	Transferring to host: <10.226.104.214:40455?CCBID=128.105.82.148:9618%3faddrs%3d128.105.82.148-9618+[2607-f388-2200-9d-7ccb-bc08-2489-7689]-9618%26alias%3dospool-ccb.osg.chtc.io%26noUDP%26sock%3dcollector9#4774700%2067.58.49.91:9618%3faddrs%3d67.58.49.91-9618+[fdf0-17b3-c3ec-1f79-10-0-d-2091]-9618%26alias%3dccb-2.ospool.osg-htc.org%26noUDP%26sock%3dcollector3#4765226&PrivNet=gpu014.rci.montana.edu&addrs=10.226.104.214-40455&alias=gpu014.rci.montana.edu&noUDP>
...
040 (8180963.007.000) 2026-06-24 21:50:30 Finished transferring input files
...
021 (8180963.007.000) 2026-06-24 21:50:35 Message from starter on slot1_1@glidein_1227523_123560864@gpu014.rci.montana.edu:
	PREPARE_JOB (prepare-hook) succeeded (reported status 000): Using Singularity image openfe_1.11.1.sif
...
001 (8180963.007.000) 2026-06-24 21:50:35 Job executing on host: <10.226.104.214:42211?CCBID=128.105.82.148:9618%3faddrs%3d128.105.82.148-9618+[2607-f388-2200-9d-7ccb-bc08-2489-7689]-9618%26alias%3dospool-ccb.osg.chtc.io%26noUDP%26sock%3dcollector1#4712352%2067.58.49.91:9618%3faddrs%3d67.58.49.91-9618+[fdf0-17b3-c3ec-1f79-10-0-d-2091]-9618%26alias%3dccb-2.ospool.osg-htc.org%26noUDP%26sock%3dcollector1#4706089&PrivNet=gpu014.rci.montana.edu&addrs=10.226.104.214-42211&alias=gpu014.rci.montana.edu&noUDP>
	SlotName: slot1_1@glidein_1227523_123560864@gpu014.rci.montana.edu
	AvailableGPUs = { GPUs_GPU_2b1809fd }
	CondorScratchDir = "/tmp/jobs/4123185/glide_aVsRHp/execute/dir_3465843/scratch"
	Cpus = 1
	Disk = 16777216
	GPUs = 1
	GPUs_GPU_2b1809fd = [ Id = "GPU-2b1809fd"; ClockMhz = 1410.0; Capability = 8.0; CoresPerCU = 64; DeviceName = "NVIDIA A100-SXM4-40GB"; DeviceUuid = "2b1809fd-9531-3f58-591b-edbf3e558ca2"; ECCEnabled = true; ComputeUnits = 108; NvidiaDriver = "595.71.05"; DriverVersion = 13.2; DevicePciBusId = "0000:81:00.0"; GlobalMemoryMb = 40441; MaxSupportedVersion = 13020 ]
	Memory = 16384
...
006 (8180963.007.000) 2026-06-24 22:45:54 Image size of job updated: 50000000
	7770  -  MemoryUsage of job (MB)
	7955556  -  ResidentSetSize of job (KB)
...
040 (8180963.007.000) 2026-06-24 22:48:22 Started transferring output files
...
040 (8180963.007.000) 2026-06-24 22:48:22 Finished transferring output files
...
004 (8180963.007.000) 2026-06-24 22:48:23 Job was evicted.
	(0) Job terminated and was requeued
		Usr 0 01:01:13, Sys 0 00:01:37  -  Run Remote Usage
		Usr 0 00:00:00, Sys 0 00:00:00  -  Run Local Usage
	97925  -  Run Bytes Sent By Job
	2784059212  -  Run Bytes Received By Job
	(1) Normal termination (return value 1)
	The job attribute OnExitRemove expression 'NumJobCompletions > JobMaxRetries || ExitCode =?= 0' evaluated to FALSE
...
040 (8180963.007.000) 2026-06-24 22:48:35 Started transferring input files
	Transferring to host: <128.105.76.52:9618?addrs=128.105.76.52-9618+[2607-f388-2200-100-b65c-b5ff-fe81-e53e]-9618&alias=dbrundage-chtcgpu5000.chtc.wisc.edu&noUDP&sock=backfill1_4_11313_c825_24518>
...
040 (8180963.007.000) 2026-06-24 22:48:47 Finished transferring input files
...
001 (8180963.007.000) 2026-06-24 22:48:47 Job executing on host: <128.105.76.52:9618?addrs=128.105.76.52-9618+[2607-f388-2200-100-b65c-b5ff-fe81-e53e]-9618&alias=dbrundage-chtcgpu5000.chtc.wisc.edu&noUDP&sock=startd_10956_7bb2>
	SlotName: backfill1_4@dbrundage-chtcgpu5000.chtc.wisc.edu
	AvailableGPUs = { GPUs_GPU_89711c58 }
	CondorScratchDir = "/var/lib/condor/execute/slot1/dir_3252749/scratch"
	Cpus = 1
	Disk = 16777216
	GPUs = 1
	GPUs_GPU_89711c58 = [ Id = "GPU-89711c58"; Capability = 9.0; DeviceName = "NVIDIA H200"; DeviceUuid = "89711c58-2491-4da3-66bc-205872c162a4"; ECCEnabled = true; NvidiaDriver = "590.48.01"; DriverVersion = 13.1; DevicePciBusId = "0000:3B:00.0"; GlobalMemoryMb = 143158; MaxSupportedVersion = 13010 ]
	IoHeavy = 0
	Memory = 16384
...
040 (8180963.007.000) 2026-06-24 23:21:02 Started transferring output files
...
040 (8180963.007.000) 2026-06-24 23:21:02 Finished transferring output files
...
005 (8180963.007.000) 2026-06-24 23:21:02 Job terminated.
	(1) Normal termination (return value 1)
		Usr 0 00:57:50, Sys 0 00:04:27  -  Run Remote Usage
		Usr 0 00:00:00, Sys 0 00:00:00  -  Run Local Usage
		Usr 0 12:53:45, Sys 0 00:25:43  -  Total Remote Usage
		Usr 0 00:00:00, Sys 0 00:00:00  -  Total Local Usage
	105233  -  Run Bytes Sent By Job
	2784059212  -  Run Bytes Received By Job
	1149064  -  Total Bytes Sent By Job
	32039597968  -  Total Bytes Received By Job
	Partitionable Resources :      Usage  Request Allocated Assigned
	   Cpus                 :       1.00        1         1 
	   Disk (KB)            : 3169948    16777216  16777216 
	   GPUs                 :       0.15        1         1 "GPU-89711c58"
	   GpusMemory (MB)      :    9509                       
	   IoHeavy              :                             0 
	   Memory (MB)          :    9766       16384     16384 
	   TimeExecute (s)      :    1935                       
	   TimeSlotBusy (s)     :    1947                       
...
