000 (8017966.072.000) 2026-06-20 22:07:54 Job submitted from host: <128.105.68.112:9618?addrs=128.105.68.112-9618+[2607-f388-2200-100-eaeb-d3ff-fea3-4202]-9618&alias=ap2001.chtc.wisc.edu&noUDP&sock=schedd_4071840_2329>
...
040 (8017966.072.000) 2026-06-20 22:58:24 Started transferring input files
	Transferring to host: <10.226.104.214:42091?CCBID=128.105.82.148:9618%3faddrs%3d128.105.82.148-9618+[2607-f388-2200-9d-7ccb-bc08-2489-768a]-9618%26alias%3dospool-ccb.osg.chtc.io%26noUDP%26sock%3dcollector6#4289453%2067.58.49.91:9618%3faddrs%3d67.58.49.91-9618+[fdf0-17b3-c3ec-1f79-10-0-e-b69d]-9618%26alias%3dccb-2.ospool.osg-htc.org%26noUDP%26sock%3dcollector6#4282737&PrivNet=gpu014.rci.montana.edu&addrs=10.226.104.214-42091&alias=gpu014.rci.montana.edu&noUDP>
...
040 (8017966.072.000) 2026-06-20 23:00:43 Finished transferring input files
...
021 (8017966.072.000) 2026-06-20 23:00:44 Message from starter on slot1_1@glidein_3033527_525812661@gpu014.rci.montana.edu:
	PREPARE_JOB (prepare-hook) succeeded (reported status 000): Using Singularity image openfe_1.11.1.sif
...
001 (8017966.072.000) 2026-06-20 23:00:44 Job executing on host: <10.226.104.214:42909?CCBID=128.105.82.148:9618%3faddrs%3d128.105.82.148-9618+[2607-f388-2200-9d-7ccb-bc08-2489-768a]-9618%26alias%3dospool-ccb.osg.chtc.io%26noUDP%26sock%3dcollector4#4178707%2067.58.49.91:9618%3faddrs%3d67.58.49.91-9618+[fdf0-17b3-c3ec-1f79-10-0-e-b69d]-9618%26alias%3dccb-2.ospool.osg-htc.org%26noUDP%26sock%3dcollector8#4174991&PrivNet=gpu014.rci.montana.edu&addrs=10.226.104.214-42909&alias=gpu014.rci.montana.edu&noUDP>
	SlotName: slot1_1@glidein_3033527_525812661@gpu014.rci.montana.edu
	AvailableGPUs = { GPUs_GPU_7f7e6323 }
	CondorScratchDir = "/tmp/jobs/4082228/glide_tKDcCp/execute/dir_2340257/scratch"
	Cpus = 1
	Disk = 16777216
	GPUs = 1
	GPUs_GPU_7f7e6323 = [ Id = "GPU-7f7e6323"; ClockMhz = 1410.0; Capability = 8.0; CoresPerCU = 64; DeviceName = "NVIDIA A100-SXM4-40GB"; DeviceUuid = "7f7e6323-8156-b33d-2f9c-2850ce01a4d8"; ECCEnabled = true; ComputeUnits = 108; NvidiaDriver = "595.71.05"; DriverVersion = 13.2; DevicePciBusId = "0000:01:00.0"; GlobalMemoryMb = 40441; MaxSupportedVersion = 13020 ]
	Memory = 16384
...
006 (8017966.072.000) 2026-06-20 23:00:53 Image size of job updated: 9255052
	283  -  MemoryUsage of job (MB)
	289488  -  ResidentSetSize of job (KB)
...
006 (8017966.072.000) 2026-06-20 23:05:54 Image size of job updated: 37439696
	4204  -  MemoryUsage of job (MB)
	4304412  -  ResidentSetSize of job (KB)
...
006 (8017966.072.000) 2026-06-20 23:10:54 Image size of job updated: 45813940
	6121  -  MemoryUsage of job (MB)
	6267612  -  ResidentSetSize of job (KB)
...
006 (8017966.072.000) 2026-06-20 23:15:54 Image size of job updated: 47804920
	6121  -  MemoryUsage of job (MB)
	6267612  -  ResidentSetSize of job (KB)
...
006 (8017966.072.000) 2026-06-20 23:25:56 Image size of job updated: 48398080
	7145  -  MemoryUsage of job (MB)
	7315544  -  ResidentSetSize of job (KB)
...
006 (8017966.072.000) 2026-06-20 23:39:35 Image size of job updated: 49070852
	7145  -  MemoryUsage of job (MB)
	7315544  -  ResidentSetSize of job (KB)
...
040 (8017966.072.000) 2026-06-20 23:39:35 Started transferring output files
...
040 (8017966.072.000) 2026-06-20 23:39:42 Finished transferring output files
...
004 (8017966.072.000) 2026-06-20 23:39:43 Job was evicted.
	(0) Job terminated and was requeued
		Usr 0 00:42:00, Sys 0 00:01:14  -  Run Remote Usage
		Usr 0 00:00:00, Sys 0 00:00:00  -  Run Local Usage
	472697707  -  Run Bytes Sent By Job
	2784044248  -  Run Bytes Received By Job
	(1) Normal termination (return value 1)
	The job attribute OnExitRemove expression 'NumJobCompletions > JobMaxRetries || ExitCode =?= 0' evaluated to FALSE
...
040 (8017966.072.000) 2026-06-20 23:39:49 Started transferring input files
	Transferring to host: <128.105.69.3:9618?addrs=128.105.69.3-9618+[2607-f388-2200-100-7ec2-55ff-fe46-28f2]-9618&alias=gpu4002.chtc.wisc.edu&noUDP&sock=slot1_2_12744_0cff_3342>
...
040 (8017966.072.000) 2026-06-20 23:40:02 Finished transferring input files
...
001 (8017966.072.000) 2026-06-20 23:40:02 Job executing on host: <128.105.69.3:9618?addrs=128.105.69.3-9618+[2607-f388-2200-100-7ec2-55ff-fe46-28f2]-9618&alias=gpu4002.chtc.wisc.edu&noUDP&sock=startd_11312_ab69>
	SlotName: slot1_2@gpu4002.chtc.wisc.edu
	AvailableGPUs = { GPUs_GPU_2e13e217 }
	CondorScratchDir = "/var/lib/condor/execute/slot1/dir_2745653/scratch"
	Cpus = 1
	Disk = 16777216
	GPUs = 1
	GPUs_GPU_2e13e217 = [ Id = "GPU-2e13e217"; Capability = 8.9; DeviceName = "NVIDIA L40"; DeviceUuid = "2e13e217-6059-f8d1-c6e6-c4cc399ca285"; ECCEnabled = true; NvidiaDriver = "570.195.03"; DriverVersion = 12.8; DevicePciBusId = "0000:53:00.0"; GlobalMemoryMb = 45468; MaxSupportedVersion = 12080 ]
	IoHeavy = 0
	Memory = 16384
...
040 (8017966.072.000) 2026-06-20 23:40:05 Started transferring output files
...
040 (8017966.072.000) 2026-06-20 23:40:06 Finished transferring output files
...
004 (8017966.072.000) 2026-06-20 23:40:06 Job was evicted.
	(0) Job terminated and was requeued
		Usr 0 00:00:02, Sys 0 00:00:00  -  Run Remote Usage
		Usr 0 00:00:00, Sys 0 00:00:00  -  Run Local Usage
	472685209  -  Run Bytes Sent By Job
	3256728979  -  Run Bytes Received By Job
	(1) Normal termination (return value 2)
	The job attribute OnExitRemove expression 'NumJobCompletions > JobMaxRetries || ExitCode =?= 0' evaluated to FALSE
...
040 (8017966.072.000) 2026-06-20 23:40:12 Started transferring input files
	Transferring to host: <128.105.69.3:9618?addrs=128.105.69.3-9618+[2607-f388-2200-100-7ec2-55ff-fe46-28f2]-9618&alias=gpu4002.chtc.wisc.edu&noUDP&sock=slot1_2_12744_0cff_3343>
...
040 (8017966.072.000) 2026-06-20 23:40:23 Finished transferring input files
...
001 (8017966.072.000) 2026-06-20 23:40:23 Job executing on host: <128.105.69.3:9618?addrs=128.105.69.3-9618+[2607-f388-2200-100-7ec2-55ff-fe46-28f2]-9618&alias=gpu4002.chtc.wisc.edu&noUDP&sock=startd_11312_ab69>
	SlotName: slot1_2@gpu4002.chtc.wisc.edu
	AvailableGPUs = { GPUs_GPU_2e13e217 }
	CondorScratchDir = "/var/lib/condor/execute/slot1/dir_2745951/scratch"
	Cpus = 1
	Disk = 16777216
	GPUs = 1
	GPUs_GPU_2e13e217 = [ Id = "GPU-2e13e217"; Capability = 8.9; DeviceName = "NVIDIA L40"; DeviceUuid = "2e13e217-6059-f8d1-c6e6-c4cc399ca285"; ECCEnabled = true; NvidiaDriver = "570.195.03"; DriverVersion = 12.8; DevicePciBusId = "0000:53:00.0"; GlobalMemoryMb = 45468; MaxSupportedVersion = 12080 ]
	IoHeavy = 0
	Memory = 16384
...
040 (8017966.072.000) 2026-06-20 23:40:26 Started transferring output files
...
040 (8017966.072.000) 2026-06-20 23:40:27 Finished transferring output files
...
004 (8017966.072.000) 2026-06-20 23:40:27 Job was evicted.
	(0) Job terminated and was requeued
		Usr 0 00:00:02, Sys 0 00:00:00  -  Run Remote Usage
		Usr 0 00:00:00, Sys 0 00:00:00  -  Run Local Usage
	472685209  -  Run Bytes Sent By Job
	3256728979  -  Run Bytes Received By Job
	(1) Normal termination (return value 2)
	The job attribute OnExitRemove expression 'NumJobCompletions > JobMaxRetries || ExitCode =?= 0' evaluated to FALSE
...
040 (8017966.072.000) 2026-06-20 23:40:33 Started transferring input files
	Transferring to host: <128.105.69.3:9618?addrs=128.105.69.3-9618+[2607-f388-2200-100-7ec2-55ff-fe46-28f2]-9618&alias=gpu4002.chtc.wisc.edu&noUDP&sock=slot1_2_12744_0cff_3344>
...
040 (8017966.072.000) 2026-06-20 23:40:47 Finished transferring input files
...
001 (8017966.072.000) 2026-06-20 23:40:47 Job executing on host: <128.105.69.3:9618?addrs=128.105.69.3-9618+[2607-f388-2200-100-7ec2-55ff-fe46-28f2]-9618&alias=gpu4002.chtc.wisc.edu&noUDP&sock=startd_11312_ab69>
	SlotName: slot1_2@gpu4002.chtc.wisc.edu
	AvailableGPUs = { GPUs_GPU_2e13e217 }
	CondorScratchDir = "/var/lib/condor/execute/slot1/dir_2746169/scratch"
	Cpus = 1
	Disk = 16777216
	GPUs = 1
	GPUs_GPU_2e13e217 = [ Id = "GPU-2e13e217"; Capability = 8.9; DeviceName = "NVIDIA L40"; DeviceUuid = "2e13e217-6059-f8d1-c6e6-c4cc399ca285"; ECCEnabled = true; NvidiaDriver = "570.195.03"; DriverVersion = 12.8; DevicePciBusId = "0000:53:00.0"; GlobalMemoryMb = 45468; MaxSupportedVersion = 12080 ]
	IoHeavy = 0
	Memory = 16384
...
040 (8017966.072.000) 2026-06-20 23:40:50 Started transferring output files
...
040 (8017966.072.000) 2026-06-20 23:40:51 Finished transferring output files
...
004 (8017966.072.000) 2026-06-20 23:40:52 Job was evicted.
	(0) Job terminated and was requeued
		Usr 0 00:00:02, Sys 0 00:00:00  -  Run Remote Usage
		Usr 0 00:00:00, Sys 0 00:00:00  -  Run Local Usage
	472685209  -  Run Bytes Sent By Job
	3256728979  -  Run Bytes Received By Job
	(1) Normal termination (return value 2)
	The job attribute OnExitRemove expression 'NumJobCompletions > JobMaxRetries || ExitCode =?= 0' evaluated to FALSE
...
040 (8017966.072.000) 2026-06-20 23:41:02 Started transferring input files
	Transferring to host: <128.105.69.3:9618?addrs=128.105.69.3-9618+[2607-f388-2200-100-7ec2-55ff-fe46-28f2]-9618&alias=gpu4002.chtc.wisc.edu&noUDP&sock=slot1_2_12744_0cff_3345>
...
040 (8017966.072.000) 2026-06-20 23:41:16 Finished transferring input files
...
001 (8017966.072.000) 2026-06-20 23:41:16 Job executing on host: <128.105.69.3:9618?addrs=128.105.69.3-9618+[2607-f388-2200-100-7ec2-55ff-fe46-28f2]-9618&alias=gpu4002.chtc.wisc.edu&noUDP&sock=startd_11312_ab69>
	SlotName: slot1_2@gpu4002.chtc.wisc.edu
	AvailableGPUs = { GPUs_GPU_2e13e217 }
	CondorScratchDir = "/var/lib/condor/execute/slot1/dir_2746445/scratch"
	Cpus = 1
	Disk = 16777216
	GPUs = 1
	GPUs_GPU_2e13e217 = [ Id = "GPU-2e13e217"; Capability = 8.9; DeviceName = "NVIDIA L40"; DeviceUuid = "2e13e217-6059-f8d1-c6e6-c4cc399ca285"; ECCEnabled = true; NvidiaDriver = "570.195.03"; DriverVersion = 12.8; DevicePciBusId = "0000:53:00.0"; GlobalMemoryMb = 45468; MaxSupportedVersion = 12080 ]
	IoHeavy = 0
	Memory = 16384
...
040 (8017966.072.000) 2026-06-20 23:41:19 Started transferring output files
...
040 (8017966.072.000) 2026-06-20 23:41:20 Finished transferring output files
...
004 (8017966.072.000) 2026-06-20 23:41:21 Job was evicted.
	(0) Job terminated and was requeued
		Usr 0 00:00:02, Sys 0 00:00:00  -  Run Remote Usage
		Usr 0 00:00:00, Sys 0 00:00:00  -  Run Local Usage
	472685209  -  Run Bytes Sent By Job
	3256728979  -  Run Bytes Received By Job
	(1) Normal termination (return value 2)
	The job attribute OnExitRemove expression 'NumJobCompletions > JobMaxRetries || ExitCode =?= 0' evaluated to FALSE
...
040 (8017966.072.000) 2026-06-20 23:41:24 Started transferring input files
	Transferring to host: <128.105.69.3:9618?addrs=128.105.69.3-9618+[2607-f388-2200-100-7ec2-55ff-fe46-28f2]-9618&alias=gpu4002.chtc.wisc.edu&noUDP&sock=slot1_2_12744_0cff_3346>
...
040 (8017966.072.000) 2026-06-20 23:41:37 Finished transferring input files
...
001 (8017966.072.000) 2026-06-20 23:41:37 Job executing on host: <128.105.69.3:9618?addrs=128.105.69.3-9618+[2607-f388-2200-100-7ec2-55ff-fe46-28f2]-9618&alias=gpu4002.chtc.wisc.edu&noUDP&sock=startd_11312_ab69>
	SlotName: slot1_2@gpu4002.chtc.wisc.edu
	AvailableGPUs = { GPUs_GPU_2e13e217 }
	CondorScratchDir = "/var/lib/condor/execute/slot1/dir_2746656/scratch"
	Cpus = 1
	Disk = 16777216
	GPUs = 1
	GPUs_GPU_2e13e217 = [ Id = "GPU-2e13e217"; Capability = 8.9; DeviceName = "NVIDIA L40"; DeviceUuid = "2e13e217-6059-f8d1-c6e6-c4cc399ca285"; ECCEnabled = true; NvidiaDriver = "570.195.03"; DriverVersion = 12.8; DevicePciBusId = "0000:53:00.0"; GlobalMemoryMb = 45468; MaxSupportedVersion = 12080 ]
	IoHeavy = 0
	Memory = 16384
...
040 (8017966.072.000) 2026-06-20 23:41:41 Started transferring output files
...
040 (8017966.072.000) 2026-06-20 23:41:42 Finished transferring output files
...
004 (8017966.072.000) 2026-06-20 23:41:42 Job was evicted.
	(0) Job terminated and was requeued
		Usr 0 00:00:02, Sys 0 00:00:00  -  Run Remote Usage
		Usr 0 00:00:00, Sys 0 00:00:00  -  Run Local Usage
	472685209  -  Run Bytes Sent By Job
	3256728979  -  Run Bytes Received By Job
	(1) Normal termination (return value 2)
	The job attribute OnExitRemove expression 'NumJobCompletions > JobMaxRetries || ExitCode =?= 0' evaluated to FALSE
...
040 (8017966.072.000) 2026-06-20 23:41:56 Started transferring input files
	Transferring to host: <128.105.69.3:9618?addrs=128.105.69.3-9618+[2607-f388-2200-100-7ec2-55ff-fe46-28f2]-9618&alias=gpu4002.chtc.wisc.edu&noUDP&sock=slot1_2_12744_0cff_3347>
...
040 (8017966.072.000) 2026-06-20 23:42:08 Finished transferring input files
...
001 (8017966.072.000) 2026-06-20 23:42:08 Job executing on host: <128.105.69.3:9618?addrs=128.105.69.3-9618+[2607-f388-2200-100-7ec2-55ff-fe46-28f2]-9618&alias=gpu4002.chtc.wisc.edu&noUDP&sock=startd_11312_ab69>
	SlotName: slot1_2@gpu4002.chtc.wisc.edu
	AvailableGPUs = { GPUs_GPU_2e13e217 }
	CondorScratchDir = "/var/lib/condor/execute/slot1/dir_2746929/scratch"
	Cpus = 1
	Disk = 16777216
	GPUs = 1
	GPUs_GPU_2e13e217 = [ Id = "GPU-2e13e217"; Capability = 8.9; DeviceName = "NVIDIA L40"; DeviceUuid = "2e13e217-6059-f8d1-c6e6-c4cc399ca285"; ECCEnabled = true; NvidiaDriver = "570.195.03"; DriverVersion = 12.8; DevicePciBusId = "0000:53:00.0"; GlobalMemoryMb = 45468; MaxSupportedVersion = 12080 ]
	IoHeavy = 0
	Memory = 16384
...
040 (8017966.072.000) 2026-06-20 23:42:11 Started transferring output files
...
040 (8017966.072.000) 2026-06-20 23:42:12 Finished transferring output files
...
004 (8017966.072.000) 2026-06-20 23:42:13 Job was evicted.
	(0) Job terminated and was requeued
		Usr 0 00:00:02, Sys 0 00:00:00  -  Run Remote Usage
		Usr 0 00:00:00, Sys 0 00:00:00  -  Run Local Usage
	472685209  -  Run Bytes Sent By Job
	3256728979  -  Run Bytes Received By Job
	(1) Normal termination (return value 2)
	The job attribute OnExitRemove expression 'NumJobCompletions > JobMaxRetries || ExitCode =?= 0' evaluated to FALSE
...
040 (8017966.072.000) 2026-06-20 23:42:18 Started transferring input files
	Transferring to host: <128.105.69.3:9618?addrs=128.105.69.3-9618+[2607-f388-2200-100-7ec2-55ff-fe46-28f2]-9618&alias=gpu4002.chtc.wisc.edu&noUDP&sock=slot1_2_12744_0cff_3348>
...
040 (8017966.072.000) 2026-06-20 23:42:30 Finished transferring input files
...
001 (8017966.072.000) 2026-06-20 23:42:30 Job executing on host: <128.105.69.3:9618?addrs=128.105.69.3-9618+[2607-f388-2200-100-7ec2-55ff-fe46-28f2]-9618&alias=gpu4002.chtc.wisc.edu&noUDP&sock=startd_11312_ab69>
	SlotName: slot1_2@gpu4002.chtc.wisc.edu
	AvailableGPUs = { GPUs_GPU_2e13e217 }
	CondorScratchDir = "/var/lib/condor/execute/slot1/dir_2747137/scratch"
	Cpus = 1
	Disk = 16777216
	GPUs = 1
	GPUs_GPU_2e13e217 = [ Id = "GPU-2e13e217"; Capability = 8.9; DeviceName = "NVIDIA L40"; DeviceUuid = "2e13e217-6059-f8d1-c6e6-c4cc399ca285"; ECCEnabled = true; NvidiaDriver = "570.195.03"; DriverVersion = 12.8; DevicePciBusId = "0000:53:00.0"; GlobalMemoryMb = 45468; MaxSupportedVersion = 12080 ]
	IoHeavy = 0
	Memory = 16384
...
040 (8017966.072.000) 2026-06-20 23:42:33 Started transferring output files
...
040 (8017966.072.000) 2026-06-20 23:42:34 Finished transferring output files
...
004 (8017966.072.000) 2026-06-20 23:42:35 Job was evicted.
	(0) Job terminated and was requeued
		Usr 0 00:00:02, Sys 0 00:00:00  -  Run Remote Usage
		Usr 0 00:00:00, Sys 0 00:00:00  -  Run Local Usage
	472685209  -  Run Bytes Sent By Job
	3256728979  -  Run Bytes Received By Job
	(1) Normal termination (return value 2)
	The job attribute OnExitRemove expression 'NumJobCompletions > JobMaxRetries || ExitCode =?= 0' evaluated to FALSE
...
040 (8017966.072.000) 2026-06-20 23:42:35 Started transferring input files
	Transferring to host: <128.105.68.16:9618?addrs=128.105.68.16-9618+[2607-f388-2200-100-3eec-efff-fe0c-5412]-9618&alias=coba2000.chtc.wisc.edu&noUDP&sock=backfill1_3_1747599_5733_76573>
...
040 (8017966.072.000) 2026-06-20 23:42:52 Finished transferring input files
...
001 (8017966.072.000) 2026-06-20 23:42:52 Job executing on host: <128.105.68.16:9618?addrs=128.105.68.16-9618+[2607-f388-2200-100-3eec-efff-fe0c-5412]-9618&alias=coba2000.chtc.wisc.edu&noUDP&sock=startd_11607_03da>
	SlotName: backfill1_3@coba2000.chtc.wisc.edu
	AvailableGPUs = { GPUs_GPU_ee7237b4 }
	CondorScratchDir = "/var/lib/condor/execute/slot1/dir_1467539/scratch"
	Cpus = 1
	Disk = 16777216
	GPUs = 1
	GPUs_GPU_ee7237b4 = [ Id = "GPU-ee7237b4"; Capability = 8.0; DeviceName = "NVIDIA A100-SXM4-40GB"; DeviceUuid = "ee7237b4-7e82-64c1-4693-db39b705ecfa"; ECCEnabled = true; NvidiaDriver = "570.195.03"; DriverVersion = 12.8; DevicePciBusId = "0000:41:00.0"; GlobalMemoryMb = 40442; MaxSupportedVersion = 12080 ]
	IoHeavy = 0
	Memory = 16384
...
040 (8017966.072.000) 2026-06-20 23:42:56 Started transferring output files
...
040 (8017966.072.000) 2026-06-20 23:42:57 Finished transferring output files
...
004 (8017966.072.000) 2026-06-20 23:42:58 Job was evicted.
	(0) Job terminated and was requeued
		Usr 0 00:00:02, Sys 0 00:00:00  -  Run Remote Usage
		Usr 0 00:00:00, Sys 0 00:00:00  -  Run Local Usage
	472685220  -  Run Bytes Sent By Job
	3256728979  -  Run Bytes Received By Job
	(1) Normal termination (return value 2)
	The job attribute OnExitRemove expression 'NumJobCompletions > JobMaxRetries || ExitCode =?= 0' evaluated to FALSE
...
040 (8017966.072.000) 2026-06-20 23:42:59 Started transferring input files
	Transferring to host: <128.105.68.103:9618?addrs=128.105.68.103-9618+[2607-f388-2200-100-1270-fdff-fe74-930]-9618&alias=gpu2011.chtc.wisc.edu&noUDP&sock=slot2_2_3669582_3c1f_85289>
...
040 (8017966.072.000) 2026-06-20 23:43:22 Finished transferring input files
...
001 (8017966.072.000) 2026-06-20 23:43:22 Job executing on host: <128.105.68.103:9618?addrs=128.105.68.103-9618+[2607-f388-2200-100-1270-fdff-fe74-930]-9618&alias=gpu2011.chtc.wisc.edu&noUDP&sock=startd_12054_9eaf>
	SlotName: slot2_2@gpu2011.chtc.wisc.edu
	AvailableGPUs = { GPUs_MIG_25b92ee8_5c00_5bbc_a674_ac7ab456da1e }
	CondorScratchDir = "/var/lib/condor/execute/slot2/dir_2826091/scratch"
	Cpus = 1
	Disk = 16777216
	GPUs = 1
	GPUs_MIG_25b92ee8_5c00_5bbc_a674_ac7ab456da1e = [ Id = "MIG-25b92ee8-5c00-5bbc-a674-ac7ab456da1e"; Capability = 8.0; DeviceName = "NVIDIA A100-SXM4-80GB MIG 3g.40gb"; DeviceUuid = "MIG-25b92ee8-5c00-5bbc-a674-ac7ab456da1e"; ECCEnabled = true; NvidiaDriver = "570.195.03"; DriverVersion = 12.8; DevicePciBusId = "0000:81:00.0"; GlobalMemoryMb = 40100; MaxSupportedVersion = 12080 ]
	IoHeavy = 0
	Memory = 16384
...
040 (8017966.072.000) 2026-06-20 23:43:25 Started transferring output files
...
040 (8017966.072.000) 2026-06-20 23:43:27 Finished transferring output files
...
004 (8017966.072.000) 2026-06-20 23:43:28 Job was evicted.
	(0) Job terminated and was requeued
		Usr 0 00:00:02, Sys 0 00:00:01  -  Run Remote Usage
		Usr 0 00:00:00, Sys 0 00:00:00  -  Run Local Usage
	472685219  -  Run Bytes Sent By Job
	3256728979  -  Run Bytes Received By Job
	(1) Normal termination (return value 2)
	The job attribute OnExitRemove expression 'NumJobCompletions > JobMaxRetries || ExitCode =?= 0' evaluated to FALSE
...
040 (8017966.072.000) 2026-06-20 23:43:36 Started transferring input files
	Transferring to host: <128.105.68.103:9618?addrs=128.105.68.103-9618+[2607-f388-2200-100-1270-fdff-fe74-930]-9618&alias=gpu2011.chtc.wisc.edu&noUDP&sock=slot2_2_3669582_3c1f_85290>
...
040 (8017966.072.000) 2026-06-20 23:43:51 Finished transferring input files
...
001 (8017966.072.000) 2026-06-20 23:43:51 Job executing on host: <128.105.68.103:9618?addrs=128.105.68.103-9618+[2607-f388-2200-100-1270-fdff-fe74-930]-9618&alias=gpu2011.chtc.wisc.edu&noUDP&sock=startd_12054_9eaf>
	SlotName: slot2_2@gpu2011.chtc.wisc.edu
	AvailableGPUs = { GPUs_MIG_25b92ee8_5c00_5bbc_a674_ac7ab456da1e }
	CondorScratchDir = "/var/lib/condor/execute/slot2/dir_2828159/scratch"
	Cpus = 1
	Disk = 16777216
	GPUs = 1
	GPUs_MIG_25b92ee8_5c00_5bbc_a674_ac7ab456da1e = [ Id = "MIG-25b92ee8-5c00-5bbc-a674-ac7ab456da1e"; Capability = 8.0; DeviceName = "NVIDIA A100-SXM4-80GB MIG 3g.40gb"; DeviceUuid = "MIG-25b92ee8-5c00-5bbc-a674-ac7ab456da1e"; ECCEnabled = true; NvidiaDriver = "570.195.03"; DriverVersion = 12.8; DevicePciBusId = "0000:81:00.0"; GlobalMemoryMb = 40100; MaxSupportedVersion = 12080 ]
	IoHeavy = 0
	Memory = 16384
...
040 (8017966.072.000) 2026-06-20 23:43:55 Started transferring output files
...
040 (8017966.072.000) 2026-06-20 23:43:56 Finished transferring output files
...
005 (8017966.072.000) 2026-06-20 23:43:57 Job terminated.
	(1) Normal termination (return value 2)
		Usr 0 00:00:02, Sys 0 00:00:01  -  Run Remote Usage
		Usr 0 00:00:00, Sys 0 00:00:00  -  Run Local Usage
		Usr 0 00:42:20, Sys 0 00:01:16  -  Total Remote Usage
		Usr 0 00:00:00, Sys 0 00:00:00  -  Total Local Usage
	472685219  -  Run Bytes Sent By Job
	3256728979  -  Run Bytes Received By Job
	5199549828  -  Total Bytes Sent By Job
	35351334038  -  Total Bytes Received By Job
	Partitionable Resources :      Usage  Request Allocated Assigned
	   Cpus                 :       0           1         1 
	   Disk (KB)            : 3180437    16777216  16777216 
	   GPUs                 :       0.16        1         1 "MIG-25b92ee8-5c00-5bbc-a674-ac7ab456da1e"
	   IoHeavy              :                             0 
	   Memory (MB)          :    7325       16384     16384 
	   TimeExecute (s)      :       4                       
	   TimeSlotBusy (s)     :      20                       
...
