000 (8018100.371.000) 2026-06-21 13:37:20 Job submitted from host: <128.105.68.112:9618?addrs=128.105.68.112-9618+[2607-f388-2200-100-eaeb-d3ff-fea3-4202]-9618&alias=ap2001.chtc.wisc.edu&noUDP&sock=schedd_4071840_2329>
...
040 (8018100.371.000) 2026-06-21 16:46:13 Started transferring input files
	Transferring to host: <128.105.69.54:9618?addrs=128.105.69.54-9618+[2607-f388-2200-100-e29d-73ff-fe7b-5346]-9618&alias=hsharma-chtcgpu4000.chtc.wisc.edu&noUDP&sock=backfill1_2_1387198_3b93_78291>
...
040 (8018100.371.000) 2026-06-21 16:46:22 Finished transferring input files
...
001 (8018100.371.000) 2026-06-21 16:46:22 Job executing on host: <128.105.69.54:9618?addrs=128.105.69.54-9618+[2607-f388-2200-100-e29d-73ff-fe7b-5346]-9618&alias=hsharma-chtcgpu4000.chtc.wisc.edu&noUDP&sock=startd_17987_2a14>
	SlotName: backfill1_2@hsharma-chtcgpu4000.chtc.wisc.edu
	AvailableGPUs = { GPUs_GPU_a1f101cf }
	CondorScratchDir = "/var/lib/condor/execute/slot1/dir_2479622/scratch"
	Cpus = 1
	Disk = 16777216
	GPUs = 1
	GPUs_GPU_a1f101cf = [ Id = "GPU-a1f101cf"; Capability = 9.0; DeviceName = "NVIDIA H200"; DeviceUuid = "a1f101cf-1587-7f90-69b8-7d8f3b6c4959"; ECCEnabled = true; NvidiaDriver = "570.195.03"; DriverVersion = 12.8; DevicePciBusId = "0000:19:00.0"; GlobalMemoryMb = 143166; MaxSupportedVersion = 12080 ]
	IoHeavy = 0
	Memory = 16384
...
006 (8018100.371.000) 2026-06-21 16:46:26 Image size of job updated: 192
	0  -  MemoryUsage of job (MB)
	0  -  ResidentSetSize of job (KB)
...
040 (8018100.371.000) 2026-06-21 16:46:26 Started transferring output files
...
040 (8018100.371.000) 2026-06-21 16:46:26 Finished transferring output files
...
004 (8018100.371.000) 2026-06-21 16:46:26 Job was evicted.
	(0) Job terminated and was requeued
		Usr 0 00:00:02, Sys 0 00:00:00  -  Run Remote Usage
		Usr 0 00:00:00, Sys 0 00:00:00  -  Run Local Usage
	454  -  Run Bytes Sent By Job
	2784143972  -  Run Bytes Received By Job
	(1) Normal termination (return value 2)
	The job attribute OnExitRemove expression 'NumJobCompletions > JobMaxRetries || ExitCode =?= 0' evaluated to FALSE
...
040 (8018100.371.000) 2026-06-21 16:48:34 Started transferring input files
	Transferring to host: <128.105.69.47:9618?addrs=128.105.69.47-9618+[2607-f388-2200-100-527c-6fff-fe66-eac6]-9618&alias=amuraligpu4000.chtc.wisc.edu&noUDP&sock=backfill1_2_1332502_f3e3_93439>
...
040 (8018100.371.000) 2026-06-21 16:48:45 Finished transferring input files
...
001 (8018100.371.000) 2026-06-21 16:48:45 Job executing on host: <128.105.69.47:9618?addrs=128.105.69.47-9618+[2607-f388-2200-100-527c-6fff-fe66-eac6]-9618&alias=amuraligpu4000.chtc.wisc.edu&noUDP&sock=startd_11579_cf33>
	SlotName: backfill1_2@amuraligpu4000.chtc.wisc.edu
	AvailableGPUs = { GPUs_GPU_6948d6bd }
	CondorScratchDir = "/var/lib/condor/execute/slot1/dir_2347803/scratch"
	Cpus = 1
	Disk = 16777216
	GPUs = 1
	GPUs_GPU_6948d6bd = [ Id = "GPU-6948d6bd"; Capability = 8.9; DeviceName = "NVIDIA L40S"; DeviceUuid = "6948d6bd-a539-0ea1-ad02-0983e4e927a6"; ECCEnabled = true; NvidiaDriver = "570.195.03"; DriverVersion = 12.8; DevicePciBusId = "0000:BD:00.0"; GlobalMemoryMb = 45468; MaxSupportedVersion = 12080 ]
	IoHeavy = 0
	Memory = 16384
...
040 (8018100.371.000) 2026-06-21 16:48:48 Started transferring output files
...
040 (8018100.371.000) 2026-06-21 16:48:48 Finished transferring output files
...
004 (8018100.371.000) 2026-06-21 16:48:48 Job was evicted.
	(0) Job terminated and was requeued
		Usr 0 00:00:01, Sys 0 00:00:00  -  Run Remote Usage
		Usr 0 00:00:00, Sys 0 00:00:00  -  Run Local Usage
	449  -  Run Bytes Sent By Job
	2784143972  -  Run Bytes Received By Job
	(1) Normal termination (return value 2)
	The job attribute OnExitRemove expression 'NumJobCompletions > JobMaxRetries || ExitCode =?= 0' evaluated to FALSE
...
040 (8018100.371.000) 2026-06-21 16:49:13 Started transferring input files
	Transferring to host: <10.1.1.136:36627?CCBID=128.105.82.148:9618%3faddrs%3d128.105.82.148-9618+[2607-f388-2200-9d-7ccb-bc08-2489-768a]-9618%26alias%3dospool-ccb.osg.chtc.io%26noUDP%26sock%3dcollector10#4333812%2067.58.49.91:9618%3faddrs%3d67.58.49.91-9618+[fdf0-17b3-c3ec-1f79-10-0-e-b69d]-9618%26alias%3dccb-2.ospool.osg-htc.org%26noUDP%26sock%3dcollector2#4333043&PrivNet=gpu06&addrs=10.1.1.136-36627&alias=gpu06&noUDP>
...
040 (8018100.371.000) 2026-06-21 16:49:28 Finished transferring input files
...
021 (8018100.371.000) 2026-06-21 16:49:29 Message from starter on slot1_2@glidein_3023238_341986697@gpu06:
	PREPARE_JOB (prepare-hook) succeeded (reported status 000): Using Singularity image openfe_1.11.1.sif
...
001 (8018100.371.000) 2026-06-21 16:49:29 Job executing on host: <10.1.1.136:40079?CCBID=128.105.82.148:9618%3faddrs%3d128.105.82.148-9618+[2607-f388-2200-9d-7ccb-bc08-2489-768a]-9618%26alias%3dospool-ccb.osg.chtc.io%26noUDP%26sock%3dcollector5#4326175%2067.58.49.91:9618%3faddrs%3d67.58.49.91-9618+[fdf0-17b3-c3ec-1f79-10-0-e-b69d]-9618%26alias%3dccb-2.ospool.osg-htc.org%26noUDP%26sock%3dcollector1#4322239&PrivNet=gpu06&addrs=10.1.1.136-40079&alias=gpu06&noUDP>
	SlotName: slot1_2@glidein_3023238_341986697@gpu06
	AvailableGPUs = { GPUs_GPU_6fe725ee }
	CondorScratchDir = "/tmp/glide_ZwrExG/execute/dir_3248425/scratch"
	Cpus = 1
	Disk = 16777216
	GPUs = 1
	GPUs_GPU_6fe725ee = [ Id = "GPU-6fe725ee"; ClockMhz = 1695.0; Capability = 8.6; CoresPerCU = 128; DeviceName = "NVIDIA RTX A5000"; DeviceUuid = "6fe725ee-8851-6031-8013-3c523180aedf"; ECCEnabled = false; ComputeUnits = 64; NvidiaDriver = "595.71.05"; DriverVersion = 13.2; DevicePciBusId = "0000:41:00.0"; GlobalMemoryMb = 24361; MaxSupportedVersion = 13020 ]
	Memory = 16384
...
006 (8018100.371.000) 2026-06-21 16:49:34 Image size of job updated: 200
	6  -  MemoryUsage of job (MB)
	5404  -  ResidentSetSize of job (KB)
...
040 (8018100.371.000) 2026-06-21 16:49:34 Started transferring output files
...
040 (8018100.371.000) 2026-06-21 16:49:34 Finished transferring output files
...
004 (8018100.371.000) 2026-06-21 16:49:35 Job was evicted.
	(0) Job terminated and was requeued
		Usr 0 00:00:00, Sys 0 00:00:00  -  Run Remote Usage
		Usr 0 00:00:00, Sys 0 00:00:00  -  Run Local Usage
	571  -  Run Bytes Sent By Job
	2784143972  -  Run Bytes Received By Job
	(1) Normal termination (return value 2)
	The job attribute OnExitRemove expression 'NumJobCompletions > JobMaxRetries || ExitCode =?= 0' evaluated to FALSE
...
040 (8018100.371.000) 2026-06-21 16:50:46 Started transferring input files
	Transferring to host: <10.1.1.136:39641?CCBID=128.105.82.148:9618%3faddrs%3d128.105.82.148-9618+[2607-f388-2200-9d-7ccb-bc08-2489-768a]-9618%26alias%3dospool-ccb.osg.chtc.io%26noUDP%26sock%3dcollector3#4339319%2067.58.49.91:9618%3faddrs%3d67.58.49.91-9618+[fdf0-17b3-c3ec-1f79-10-0-e-b69d]-9618%26alias%3dccb-2.ospool.osg-htc.org%26noUDP%26sock%3dcollector9#4333817&PrivNet=gpu06&addrs=10.1.1.136-39641&alias=gpu06&noUDP>
...
040 (8018100.371.000) 2026-06-21 16:51:01 Finished transferring input files
...
021 (8018100.371.000) 2026-06-21 16:51:01 Message from starter on slot1_2@glidein_3023238_341986697@gpu06:
	PREPARE_JOB (prepare-hook) succeeded (reported status 000): Using Singularity image openfe_1.11.1.sif
...
001 (8018100.371.000) 2026-06-21 16:51:01 Job executing on host: <10.1.1.136:40079?CCBID=128.105.82.148:9618%3faddrs%3d128.105.82.148-9618+[2607-f388-2200-9d-7ccb-bc08-2489-768a]-9618%26alias%3dospool-ccb.osg.chtc.io%26noUDP%26sock%3dcollector5#4326175%2067.58.49.91:9618%3faddrs%3d67.58.49.91-9618+[fdf0-17b3-c3ec-1f79-10-0-e-b69d]-9618%26alias%3dccb-2.ospool.osg-htc.org%26noUDP%26sock%3dcollector1#4322239&PrivNet=gpu06&addrs=10.1.1.136-40079&alias=gpu06&noUDP>
	SlotName: slot1_2@glidein_3023238_341986697@gpu06
	AvailableGPUs = { GPUs_GPU_6fe725ee }
	CondorScratchDir = "/tmp/glide_ZwrExG/execute/dir_3249704/scratch"
	Cpus = 1
	Disk = 16777216
	GPUs = 1
	GPUs_GPU_6fe725ee = [ Id = "GPU-6fe725ee"; ClockMhz = 1695.0; Capability = 8.6; CoresPerCU = 128; DeviceName = "NVIDIA RTX A5000"; DeviceUuid = "6fe725ee-8851-6031-8013-3c523180aedf"; ECCEnabled = false; ComputeUnits = 64; NvidiaDriver = "595.71.05"; DriverVersion = 13.2; DevicePciBusId = "0000:41:00.0"; GlobalMemoryMb = 24361; MaxSupportedVersion = 13020 ]
	Memory = 16384
...
040 (8018100.371.000) 2026-06-21 16:51:06 Started transferring output files
...
040 (8018100.371.000) 2026-06-21 16:51:06 Finished transferring output files
...
004 (8018100.371.000) 2026-06-21 16:51:07 Job was evicted.
	(0) Job terminated and was requeued
		Usr 0 00:00:00, Sys 0 00:00:00  -  Run Remote Usage
		Usr 0 00:00:00, Sys 0 00:00:00  -  Run Local Usage
	571  -  Run Bytes Sent By Job
	2784143972  -  Run Bytes Received By Job
	(1) Normal termination (return value 2)
	The job attribute OnExitRemove expression 'NumJobCompletions > JobMaxRetries || ExitCode =?= 0' evaluated to FALSE
...
040 (8018100.371.000) 2026-06-21 16:52:58 Started transferring input files
	Transferring to host: <198.86.180.16:44523?CCBID=128.105.82.148:9618%3faddrs%3d128.105.82.148-9618+[2607-f388-2200-9d-7ccb-bc08-2489-768a]-9618%26alias%3dospool-ccb.osg.chtc.io%26noUDP%26sock%3dcollector10#4334198%2067.58.49.91:9618%3faddrs%3d67.58.49.91-9618+[fdf0-17b3-c3ec-1f79-10-0-e-b69d]-9618%26alias%3dccb-2.ospool.osg-htc.org%26noUDP%26sock%3dcollector10#4330875&PrivNet=compute-gpu-03&addrs=198.86.180.16-44523&alias=compute-gpu-03&noUDP>
...
040 (8018100.371.000) 2026-06-21 16:53:13 Finished transferring input files
...
021 (8018100.371.000) 2026-06-21 16:53:13 Message from starter on slot1_1@glidein_2544371_161795655@compute-gpu-03:
	PREPARE_JOB (prepare-hook) succeeded (reported status 000): Using Singularity image openfe_1.11.1.sif
...
001 (8018100.371.000) 2026-06-21 16:53:13 Job executing on host: <198.86.180.16:40885?CCBID=128.105.82.148:9618%3faddrs%3d128.105.82.148-9618+[2607-f388-2200-9d-7ccb-bc08-2489-768a]-9618%26alias%3dospool-ccb.osg.chtc.io%26noUDP%26sock%3dcollector6#4334002%2067.58.49.91:9618%3faddrs%3d67.58.49.91-9618+[fdf0-17b3-c3ec-1f79-10-0-e-b69d]-9618%26alias%3dccb-2.ospool.osg-htc.org%26noUDP%26sock%3dcollector10#4325804&PrivNet=compute-gpu-03&addrs=198.86.180.16-40885&alias=compute-gpu-03&noUDP>
	SlotName: slot1_1@glidein_2544371_161795655@compute-gpu-03
	AvailableGPUs = { GPUs_GPU_80b526fc }
	CondorScratchDir = "/scratch/glide_rrcW9y/execute/dir_2854930/scratch"
	Cpus = 1
	Disk = 16777216
	GPUs = 1
	GPUs_GPU_80b526fc = [ Id = "GPU-80b526fc"; ClockMhz = 1980.0; Capability = 9.0; CoresPerCU = 128; DeviceName = "NVIDIA H200"; DeviceUuid = "80b526fc-7c34-5a44-a0bb-474a04089f56"; ECCEnabled = true; ComputeUnits = 132; NvidiaDriver = "580.126.20"; DriverVersion = 13.0; DevicePciBusId = "0000:4B:00.0"; GlobalMemoryMb = 143156; MaxSupportedVersion = 13000 ]
	Memory = 16384
...
040 (8018100.371.000) 2026-06-21 16:53:17 Started transferring output files
...
040 (8018100.371.000) 2026-06-21 16:53:17 Finished transferring output files
...
004 (8018100.371.000) 2026-06-21 16:53:18 Job was evicted.
	(0) Job terminated and was requeued
		Usr 0 00:00:00, Sys 0 00:00:00  -  Run Remote Usage
		Usr 0 00:00:00, Sys 0 00:00:00  -  Run Local Usage
	460  -  Run Bytes Sent By Job
	2784143972  -  Run Bytes Received By Job
	(1) Normal termination (return value 2)
	The job attribute OnExitRemove expression 'NumJobCompletions > JobMaxRetries || ExitCode =?= 0' evaluated to FALSE
...
040 (8018100.371.000) 2026-06-21 16:53:21 Started transferring input files
	Transferring to host: <128.104.103.104:9618?addrs=128.104.103.104-9618+[2607-f388-107c-501-ae1f-6bff-fe40-ce2e]-9618&alias=gitter0000.chtc.wisc.edu&noUDP&sock=slot2_3_8979_4486_9089>
...
040 (8018100.371.000) 2026-06-21 16:54:05 Finished transferring input files
...
001 (8018100.371.000) 2026-06-21 16:54:05 Job executing on host: <128.104.103.104:9618?addrs=128.104.103.104-9618+[2607-f388-107c-501-ae1f-6bff-fe40-ce2e]-9618&alias=gitter0000.chtc.wisc.edu&noUDP&sock=startd_8665_0c39>
	SlotName: slot2_3@gitter0000.chtc.wisc.edu
	AvailableGPUs = { GPUs_GPU_ef72567f }
	CondorScratchDir = "/var/lib/condor/execute/slot2/dir_4021483/scratch"
	Cpus = 1
	Disk = 16777216
	GPUs = 1
	GPUs_GPU_ef72567f = [ Id = "GPU-ef72567f"; Capability = 6.1; DeviceName = "NVIDIA GeForce GTX 1080 Ti"; DeviceUuid = "ef72567f-a470-7f68-32a7-eb3e859e8d5a"; ECCEnabled = false; NvidiaDriver = "570.195.03"; DriverVersion = 12.8; DevicePciBusId = "0000:86:00.0"; GlobalMemoryMb = 11165; MaxSupportedVersion = 12080 ]
	IoHeavy = 0
	Memory = 16384
...
040 (8018100.371.000) 2026-06-21 16:54:10 Started transferring output files
...
040 (8018100.371.000) 2026-06-21 16:54:10 Finished transferring output files
...
004 (8018100.371.000) 2026-06-21 16:54:11 Job was evicted.
	(0) Job terminated and was requeued
		Usr 0 00:00:03, Sys 0 00:00:00  -  Run Remote Usage
		Usr 0 00:00:00, Sys 0 00:00:00  -  Run Local Usage
	445  -  Run Bytes Sent By Job
	2784143972  -  Run Bytes Received By Job
	(1) Normal termination (return value 2)
	The job attribute OnExitRemove expression 'NumJobCompletions > JobMaxRetries || ExitCode =?= 0' evaluated to FALSE
...
040 (8018100.371.000) 2026-06-21 16:54:40 Started transferring input files
	Transferring to host: <128.105.69.63:9618?addrs=128.105.69.63-9618+[2607-f388-2200-100-5aa2-e1ff-febe-455e]-9618&alias=gpu4003.chtc.wisc.edu&noUDP&sock=slot2_7_1549376_4e16_77847>
...
040 (8018100.371.000) 2026-06-21 16:54:49 Finished transferring input files
...
001 (8018100.371.000) 2026-06-21 16:54:49 Job executing on host: <128.105.69.63:9618?addrs=128.105.69.63-9618+[2607-f388-2200-100-5aa2-e1ff-febe-455e]-9618&alias=gpu4003.chtc.wisc.edu&noUDP&sock=startd_3051222_14a9>
	SlotName: slot2_7@gpu4003.chtc.wisc.edu
	AvailableGPUs = { GPUs_GPU_f8d23f80 }
	CondorScratchDir = "/var/lib/condor/execute/slot2/dir_1462299/scratch"
	Cpus = 1
	Disk = 16777216
	GPUs = 1
	GPUs_GPU_f8d23f80 = [ Id = "GPU-f8d23f80"; Capability = 9.0; DeviceName = "NVIDIA H100 80GB HBM3"; DeviceUuid = "f8d23f80-7656-1494-e6f1-22a66463300e"; ECCEnabled = true; NvidiaDriver = "570.195.03"; DriverVersion = 12.8; DevicePciBusId = "0000:AB:00.0"; GlobalMemoryMb = 81089; MaxSupportedVersion = 12080 ]
	IoHeavy = 0
	Memory = 16384
...
006 (8018100.371.000) 2026-06-21 16:54:52 Image size of job updated: 760
	8  -  MemoryUsage of job (MB)
	7500  -  ResidentSetSize of job (KB)
...
040 (8018100.371.000) 2026-06-21 16:54:52 Started transferring output files
...
040 (8018100.371.000) 2026-06-21 16:54:52 Finished transferring output files
...
004 (8018100.371.000) 2026-06-21 16:54:52 Job was evicted.
	(0) Job terminated and was requeued
		Usr 0 00:00:02, Sys 0 00:00:00  -  Run Remote Usage
		Usr 0 00:00:00, Sys 0 00:00:00  -  Run Local Usage
	442  -  Run Bytes Sent By Job
	2784143972  -  Run Bytes Received By Job
	(1) Normal termination (return value 2)
	The job attribute OnExitRemove expression 'NumJobCompletions > JobMaxRetries || ExitCode =?= 0' evaluated to FALSE
...
040 (8018100.371.000) 2026-06-21 16:54:59 Started transferring input files
	Transferring to host: <128.105.69.63:9618?addrs=128.105.69.63-9618+[2607-f388-2200-100-5aa2-e1ff-febe-455e]-9618&alias=gpu4003.chtc.wisc.edu&noUDP&sock=slot2_7_1549376_4e16_77848>
...
040 (8018100.371.000) 2026-06-21 16:55:32 Finished transferring input files
...
001 (8018100.371.000) 2026-06-21 16:55:33 Job executing on host: <128.105.69.63:9618?addrs=128.105.69.63-9618+[2607-f388-2200-100-5aa2-e1ff-febe-455e]-9618&alias=gpu4003.chtc.wisc.edu&noUDP&sock=startd_3051222_14a9>
	SlotName: slot2_7@gpu4003.chtc.wisc.edu
	AvailableGPUs = { GPUs_GPU_f8d23f80 }
	CondorScratchDir = "/var/lib/condor/execute/slot2/dir_1462864/scratch"
	Cpus = 1
	Disk = 16777216
	GPUs = 1
	GPUs_GPU_f8d23f80 = [ Id = "GPU-f8d23f80"; Capability = 9.0; DeviceName = "NVIDIA H100 80GB HBM3"; DeviceUuid = "f8d23f80-7656-1494-e6f1-22a66463300e"; ECCEnabled = true; NvidiaDriver = "570.195.03"; DriverVersion = 12.8; DevicePciBusId = "0000:AB:00.0"; GlobalMemoryMb = 81089; MaxSupportedVersion = 12080 ]
	IoHeavy = 0
	Memory = 16384
...
040 (8018100.371.000) 2026-06-21 16:55:36 Started transferring output files
...
040 (8018100.371.000) 2026-06-21 16:55:36 Finished transferring output files
...
004 (8018100.371.000) 2026-06-21 16:55:36 Job was evicted.
	(0) Job terminated and was requeued
		Usr 0 00:00:02, Sys 0 00:00:00  -  Run Remote Usage
		Usr 0 00:00:00, Sys 0 00:00:00  -  Run Local Usage
	442  -  Run Bytes Sent By Job
	2784143972  -  Run Bytes Received By Job
	(1) Normal termination (return value 2)
	The job attribute OnExitRemove expression 'NumJobCompletions > JobMaxRetries || ExitCode =?= 0' evaluated to FALSE
...
040 (8018100.371.000) 2026-06-21 16:55:44 Started transferring input files
	Transferring to host: <128.105.68.166:9618?addrs=128.105.68.166-9618+[2607-f388-2200-100-b62e-99ff-feb7-2e2d]-9618&alias=gpulab2001.chtc.wisc.edu&noUDP&sock=slot2_1_11113_dd1d_54187>
...
040 (8018100.371.000) 2026-06-21 16:56:05 Finished transferring input files
...
001 (8018100.371.000) 2026-06-21 16:56:05 Job executing on host: <128.105.68.166:9618?addrs=128.105.68.166-9618+[2607-f388-2200-100-b62e-99ff-feb7-2e2d]-9618&alias=gpulab2001.chtc.wisc.edu&noUDP&sock=startd_10083_ad84>
	SlotName: slot2_1@gpulab2001.chtc.wisc.edu
	AvailableGPUs = { GPUs_GPU_cc91074a }
	CondorScratchDir = "/var/lib/condor/execute/slot2/dir_1313287/scratch"
	Cpus = 1
	Disk = 16777216
	GPUs = 1
	GPUs_GPU_cc91074a = [ Id = "GPU-cc91074a"; Capability = 7.5; DeviceName = "NVIDIA GeForce RTX 2080 Ti"; DeviceUuid = "cc91074a-1992-11a1-fc4e-7c84f58de8e0"; ECCEnabled = false; NvidiaDriver = "570.195.03"; DriverVersion = 12.8; DevicePciBusId = "0000:3D:00.0"; GlobalMemoryMb = 10823; MaxSupportedVersion = 12080 ]
	IoHeavy = 0
	Memory = 16384
...
040 (8018100.371.000) 2026-06-21 16:56:09 Started transferring output files
...
040 (8018100.371.000) 2026-06-21 16:56:09 Finished transferring output files
...
004 (8018100.371.000) 2026-06-21 16:56:09 Job was evicted.
	(0) Job terminated and was requeued
		Usr 0 00:00:02, Sys 0 00:00:00  -  Run Remote Usage
		Usr 0 00:00:00, Sys 0 00:00:00  -  Run Local Usage
	445  -  Run Bytes Sent By Job
	2784143972  -  Run Bytes Received By Job
	(1) Normal termination (return value 2)
	The job attribute OnExitRemove expression 'NumJobCompletions > JobMaxRetries || ExitCode =?= 0' evaluated to FALSE
...
040 (8018100.371.000) 2026-06-21 16:56:18 Started transferring input files
	Transferring to host: <128.105.76.47:9618?addrs=128.105.76.47-9618+[2607-f388-2200-100-527c-6fff-fe82-826a]-9618&alias=gpu4006.chtc.wisc.edu&noUDP&sock=slot2_1_2618986_4fbd_88842>
...
040 (8018100.371.000) 2026-06-21 16:56:25 Finished transferring input files
...
001 (8018100.371.000) 2026-06-21 16:56:26 Job executing on host: <128.105.76.47:9618?addrs=128.105.76.47-9618+[2607-f388-2200-100-527c-6fff-fe82-826a]-9618&alias=gpu4006.chtc.wisc.edu&noUDP&sock=startd_11220_90b3>
	SlotName: slot2_1@gpu4006.chtc.wisc.edu
	AvailableGPUs = { GPUs_GPU_66dc2611 }
	CondorScratchDir = "/var/lib/condor/execute/slot2/dir_3050259/scratch"
	Cpus = 1
	Disk = 16777216
	GPUs = 1
	GPUs_GPU_66dc2611 = [ Id = "GPU-66dc2611"; Capability = 8.9; DeviceName = "NVIDIA L40S"; DeviceUuid = "66dc2611-e8d4-150f-8e9c-de925917bc63"; ECCEnabled = true; NvidiaDriver = "590.48.01"; DriverVersion = 13.1; DevicePciBusId = "0000:01:00.0"; GlobalMemoryMb = 45460; MaxSupportedVersion = 13010 ]
	IoHeavy = 0
	Memory = 16384
...
040 (8018100.371.000) 2026-06-21 16:56:28 Started transferring output files
...
040 (8018100.371.000) 2026-06-21 16:56:28 Finished transferring output files
...
004 (8018100.371.000) 2026-06-21 16:56:28 Job was evicted.
	(0) Job terminated and was requeued
		Usr 0 00:00:01, Sys 0 00:00:00  -  Run Remote Usage
		Usr 0 00:00:00, Sys 0 00:00:00  -  Run Local Usage
	456  -  Run Bytes Sent By Job
	2784143972  -  Run Bytes Received By Job
	(1) Normal termination (return value 2)
	The job attribute OnExitRemove expression 'NumJobCompletions > JobMaxRetries || ExitCode =?= 0' evaluated to FALSE
...
040 (8018100.371.000) 2026-06-21 16:56:34 Started transferring input files
	Transferring to host: <128.104.103.48:9618?addrs=128.104.103.48-9618+[2607-f388-107c-501-ae1f-6bff-fe2c-2f00]-9618&alias=vetsigian0001.chtc.wisc.edu&noUDP&sock=slot2_3_10681_7b0b_9820>
...
040 (8018100.371.000) 2026-06-21 16:58:27 Finished transferring input files
...
001 (8018100.371.000) 2026-06-21 16:58:27 Job executing on host: <128.104.103.48:9618?addrs=128.104.103.48-9618+[2607-f388-107c-501-ae1f-6bff-fe2c-2f00]-9618&alias=vetsigian0001.chtc.wisc.edu&noUDP&sock=startd_9913_126b>
	SlotName: slot2_3@vetsigian0001.chtc.wisc.edu
	AvailableGPUs = { GPUs_GPU_a2d98c30 }
	CondorScratchDir = "/var/lib/condor/execute/slot2/dir_3999922/scratch"
	Cpus = 1
	Disk = 16777216
	GPUs = 1
	GPUs_GPU_a2d98c30 = [ Id = "GPU-a2d98c30"; Capability = 7.5; DeviceName = "NVIDIA GeForce RTX 2080 Ti"; DeviceUuid = "a2d98c30-a687-6d65-26dc-3e29e88308b6"; ECCEnabled = false; NvidiaDriver = "550.54.14"; DriverVersion = 12.4; DevicePciBusId = "0000:3D:00.0"; GlobalMemoryMb = 11004; MaxSupportedVersion = 12040 ]
	IoHeavy = 0
	Memory = 16384
...
040 (8018100.371.000) 2026-06-21 16:58:32 Started transferring output files
...
040 (8018100.371.000) 2026-06-21 16:58:32 Finished transferring output files
...
005 (8018100.371.000) 2026-06-21 16:58:33 Job terminated.
	(1) Normal termination (return value 2)
		Usr 0 00:00:02, Sys 0 00:00:00  -  Run Remote Usage
		Usr 0 00:00:00, Sys 0 00:00:00  -  Run Local Usage
		Usr 0 00:00:15, Sys 0 00:00:00  -  Total Remote Usage
		Usr 0 00:00:00, Sys 0 00:00:00  -  Total Local Usage
	448  -  Run Bytes Sent By Job
	2784143972  -  Run Bytes Received By Job
	5183  -  Total Bytes Sent By Job
	30625583692  -  Total Bytes Received By Job
	Partitionable Resources :      Usage  Request Allocated Assigned
	   Cpus                 :       0.15        1         1 
	   Disk (KB)            : 2718928    16777216  16777216 
	   GPUs                 :       0           1         1 "GPU-a2d98c30"
	   GpusMemory (MB)      :     264                       
	   IoHeavy              :                             0 
	   Memory (MB)          :       8       16384     16384 
	   TimeExecute (s)      :       5                       
	   TimeSlotBusy (s)     :     118                       
...
