000 (8180963.262.000) 2026-06-24 12:19:47 Job submitted from host: <128.105.68.112:9618?addrs=128.105.68.112-9618+[2607-f388-2200-100-eaeb-d3ff-fea3-4202]-9618&alias=ap2001.chtc.wisc.edu&noUDP&sock=schedd_4071840_2329>
...
040 (8180963.262.000) 2026-06-24 19:47:24 Started transferring input files
	Transferring to host: <128.104.103.52:9618?addrs=128.104.103.52-9618+[2607-f388-107c-501-b226-28ff-fe4e-3a04]-9618&alias=ahlquist0001.chtc.wisc.edu&noUDP&sock=backfill1_2_4028860_1671_93935>
...
040 (8180963.262.000) 2026-06-24 19:47:40 Finished transferring input files
...
001 (8180963.262.000) 2026-06-24 19:47:40 Job executing on host: <128.104.103.52:9618?addrs=128.104.103.52-9618+[2607-f388-107c-501-b226-28ff-fe4e-3a04]-9618&alias=ahlquist0001.chtc.wisc.edu&noUDP&sock=startd_10174_18a3>
	SlotName: backfill1_2@ahlquist0001.chtc.wisc.edu
	AvailableGPUs = { GPUs_GPU_3fd099f9 }
	CondorScratchDir = "/var/lib/condor/execute/slot1/dir_3418800/scratch"
	Cpus = 1
	Disk = 16777216
	GPUs = 1
	GPUs_GPU_3fd099f9 = [ Id = "GPU-3fd099f9"; Capability = 6.0; DeviceName = "Tesla P100-PCIE-16GB"; DeviceUuid = "3fd099f9-880b-8eb1-b089-0465d220d583"; ECCEnabled = true; NvidiaDriver = "550.54.14"; DriverVersion = 12.4; DevicePciBusId = "0000:3B:00.0"; GlobalMemoryMb = 16269; MaxSupportedVersion = 12040 ]
	IoHeavy = 0
	Memory = 16384
...
006 (8180963.262.000) 2026-06-24 19:47:50 Image size of job updated: 145992
	143  -  MemoryUsage of job (MB)
	145992  -  ResidentSetSize of job (KB)
...
006 (8180963.262.000) 2026-06-24 19:48:14 Image size of job updated: 514172
	143  -  MemoryUsage of job (MB)
	146044  -  ResidentSetSize of job (KB)
...
040 (8180963.262.000) 2026-06-24 19:48:14 Started transferring output files
...
040 (8180963.262.000) 2026-06-24 19:48:14 Finished transferring output files
...
004 (8180963.262.000) 2026-06-24 19:48:15 Job was evicted.
	(0) Job terminated and was requeued
		Usr 0 00:00:28, Sys 0 00:00:05  -  Run Remote Usage
		Usr 0 00:00:00, Sys 0 00:00:00  -  Run Local Usage
	15705  -  Run Bytes Sent By Job
	2781871014  -  Run Bytes Received By Job
	(1) Normal termination (return value 1)
	The job attribute OnExitRemove expression 'NumJobCompletions > JobMaxRetries || ExitCode =?= 0' evaluated to FALSE
...
040 (8180963.262.000) 2026-06-24 19:49:59 Started transferring input files
	Transferring to host: <10.32.89.41:35501?CCBID=128.105.82.148:9618%3faddrs%3d128.105.82.148-9618+[2607-f388-2200-9d-7ccb-bc08-2489-7689]-9618%26alias%3dospool-ccb.osg.chtc.io%26noUDP%26sock%3dcollector5#4754103%2067.58.49.91:9618%3faddrs%3d67.58.49.91-9618+[fdf0-17b3-c3ec-1f79-10-0-d-2091]-9618%26alias%3dccb-2.ospool.osg-htc.org%26noUDP%26sock%3dcollector1#4751787&PrivNet=qa-rtx6k-034.crc.nd.edu&addrs=10.32.89.41-35501&alias=qa-rtx6k-034.crc.nd.edu&noUDP>
...
040 (8180963.262.000) 2026-06-24 19:50:15 Finished transferring input files
...
021 (8180963.262.000) 2026-06-24 19:50:16 Message from starter on slot1_1@glidein_2048177_19994292@qa-rtx6k-034.crc.nd.edu:
	PREPARE_JOB (prepare-hook) succeeded (reported status 000): Using Singularity image openfe_1.11.1.sif
...
001 (8180963.262.000) 2026-06-24 19:50:16 Job executing on host: <10.32.89.41:40869?CCBID=128.105.82.148:9618%3faddrs%3d128.105.82.148-9618+[2607-f388-2200-9d-7ccb-bc08-2489-7689]-9618%26alias%3dospool-ccb.osg.chtc.io%26noUDP%26sock%3dcollector10#4738197%2067.58.49.91:9618%3faddrs%3d67.58.49.91-9618+[fdf0-17b3-c3ec-1f79-10-0-d-2091]-9618%26alias%3dccb-2.ospool.osg-htc.org%26noUDP%26sock%3dcollector6#4735767&PrivNet=qa-rtx6k-034.crc.nd.edu&addrs=10.32.89.41-40869&alias=qa-rtx6k-034.crc.nd.edu&noUDP>
	SlotName: slot1_1@glidein_2048177_19994292@qa-rtx6k-034.crc.nd.edu
	AvailableGPUs = { GPUs_GPU_148964ca }
	CondorScratchDir = "/var/condor/execute/dir_2048175/glide_D23HKH/execute/dir_2234752/scratch"
	Cpus = 1
	Disk = 16777216
	GPUs = 1
	GPUs_GPU_148964ca = [ Id = "GPU-148964ca"; ClockMhz = 1620.0; Capability = 7.5; CoresPerCU = 64; DeviceName = "Quadro RTX 6000"; DeviceUuid = "148964ca-50c5-e5a5-b177-af2a65f2593f"; ECCEnabled = true; ComputeUnits = 72; NvidiaDriver = "595.71.05"; DriverVersion = 13.2; DevicePciBusId = "0000:86:00.0"; GlobalMemoryMb = 22684; MaxSupportedVersion = 13020 ]
	Memory = 16384
...
006 (8180963.262.000) 2026-06-24 19:50:25 Image size of job updated: 4339872
	147  -  MemoryUsage of job (MB)
	150000  -  ResidentSetSize of job (KB)
...
006 (8180963.262.000) 2026-06-24 19:50:45 Image size of job updated: 10264264
	623  -  MemoryUsage of job (MB)
	637080  -  ResidentSetSize of job (KB)
...
040 (8180963.262.000) 2026-06-24 19:50:46 Started transferring output files
...
040 (8180963.262.000) 2026-06-24 19:50:46 Finished transferring output files
...
004 (8180963.262.000) 2026-06-24 19:50:46 Job was evicted.
	(0) Job terminated and was requeued
		Usr 0 00:00:13, Sys 0 00:00:02  -  Run Remote Usage
		Usr 0 00:00:00, Sys 0 00:00:00  -  Run Local Usage
	10342  -  Run Bytes Sent By Job
	2781871014  -  Run Bytes Received By Job
	(1) Normal termination (return value 1)
	The job attribute OnExitRemove expression 'NumJobCompletions > JobMaxRetries || ExitCode =?= 0' evaluated to FALSE
...
040 (8180963.262.000) 2026-06-24 19:52:55 Started transferring input files
	Transferring to host: <10.1.1.136:39911?CCBID=128.105.82.148:9618%3faddrs%3d128.105.82.148-9618+[2607-f388-2200-9d-7ccb-bc08-2489-7689]-9618%26alias%3dospool-ccb.osg.chtc.io%26noUDP%26sock%3dcollector4#4759749%2067.58.49.91:9618%3faddrs%3d67.58.49.91-9618+[fdf0-17b3-c3ec-1f79-10-0-d-2091]-9618%26alias%3dccb-2.ospool.osg-htc.org%26noUDP%26sock%3dcollector4#4749640&PrivNet=gpu06&addrs=10.1.1.136-39911&alias=gpu06&noUDP>
...
040 (8180963.262.000) 2026-06-24 19:55:00 Finished transferring input files
...
021 (8180963.262.000) 2026-06-24 19:55:00 Message from starter on slot1_1@glidein_2268772_873989612@gpu06:
	PREPARE_JOB (prepare-hook) succeeded (reported status 000): Using Singularity image openfe_1.11.1.sif
...
001 (8180963.262.000) 2026-06-24 19:55:00 Job executing on host: <10.1.1.136:34271?CCBID=128.105.82.148:9618%3faddrs%3d128.105.82.148-9618+[2607-f388-2200-9d-7ccb-bc08-2489-7689]-9618%26alias%3dospool-ccb.osg.chtc.io%26noUDP%26sock%3dcollector7#4711159%2067.58.49.91:9618%3faddrs%3d67.58.49.91-9618+[fdf0-17b3-c3ec-1f79-10-0-d-2091]-9618%26alias%3dccb-2.ospool.osg-htc.org%26noUDP%26sock%3dcollector1#4706715&PrivNet=gpu06&addrs=10.1.1.136-34271&alias=gpu06&noUDP>
	SlotName: slot1_1@glidein_2268772_873989612@gpu06
	AvailableGPUs = { GPUs_GPU_fa61c53e }
	CondorScratchDir = "/tmp/glide_ZxpUSc/execute/dir_2799466/scratch"
	Cpus = 1
	Disk = 16777216
	GPUs = 1
	GPUs_GPU_fa61c53e = [ Id = "GPU-fa61c53e"; ClockMhz = 1695.0; Capability = 8.6; CoresPerCU = 128; DeviceName = "NVIDIA RTX A5000"; DeviceUuid = "fa61c53e-3506-9117-ac65-053dd1571005"; ECCEnabled = false; ComputeUnits = 64; NvidiaDriver = "595.71.05"; DriverVersion = 13.2; DevicePciBusId = "0000:01:00.0"; GlobalMemoryMb = 24361; MaxSupportedVersion = 13020 ]
	Memory = 16384
...
006 (8180963.262.000) 2026-06-24 19:55:26 Image size of job updated: 12500000
	745  -  MemoryUsage of job (MB)
	762456  -  ResidentSetSize of job (KB)
...
040 (8180963.262.000) 2026-06-24 19:55:27 Started transferring output files
...
040 (8180963.262.000) 2026-06-24 19:55:27 Finished transferring output files
...
004 (8180963.262.000) 2026-06-24 19:55:28 Job was evicted.
	(0) Job terminated and was requeued
		Usr 0 00:00:10, Sys 0 00:00:02  -  Run Remote Usage
		Usr 0 00:00:00, Sys 0 00:00:00  -  Run Local Usage
	10407  -  Run Bytes Sent By Job
	2781871014  -  Run Bytes Received By Job
	(1) Normal termination (return value 1)
	The job attribute OnExitRemove expression 'NumJobCompletions > JobMaxRetries || ExitCode =?= 0' evaluated to FALSE
...
040 (8180963.262.000) 2026-06-24 19:55:56 Started transferring input files
	Transferring to host: <10.1.1.138:43779?CCBID=128.105.82.148:9618%3faddrs%3d128.105.82.148-9618+[2607-f388-2200-9d-7ccb-bc08-2489-7689]-9618%26alias%3dospool-ccb.osg.chtc.io%26noUDP%26sock%3dcollector7#4756666%2067.58.49.91:9618%3faddrs%3d67.58.49.91-9618+[fdf0-17b3-c3ec-1f79-10-0-d-2091]-9618%26alias%3dccb-2.ospool.osg-htc.org%26noUDP%26sock%3dcollector7#4752225&PrivNet=gpu08&addrs=10.1.1.138-43779&alias=gpu08&noUDP>
...
040 (8180963.262.000) 2026-06-24 19:57:57 Finished transferring input files
...
021 (8180963.262.000) 2026-06-24 19:57:58 Message from starter on slot1_5@glidein_431261_919144743@gpu08:
	PREPARE_JOB (prepare-hook) succeeded (reported status 000): Using Singularity image openfe_1.11.1.sif
...
001 (8180963.262.000) 2026-06-24 19:57:58 Job executing on host: <10.1.1.138:39939?CCBID=128.105.82.148:9618%3faddrs%3d128.105.82.148-9618+[2607-f388-2200-9d-7ccb-bc08-2489-7689]-9618%26alias%3dospool-ccb.osg.chtc.io%26noUDP%26sock%3dcollector7#4701775%2067.58.49.91:9618%3faddrs%3d67.58.49.91-9618+[fdf0-17b3-c3ec-1f79-10-0-d-2091]-9618%26alias%3dccb-2.ospool.osg-htc.org%26noUDP%26sock%3dcollector1#4697411&PrivNet=gpu08&addrs=10.1.1.138-39939&alias=gpu08&noUDP>
	SlotName: slot1_5@glidein_431261_919144743@gpu08
	AvailableGPUs = { GPUs_GPU_bc3e04d8 }
	CondorScratchDir = "/tmp/glide_cSIcqM/execute/dir_1176343/scratch"
	Cpus = 1
	Disk = 16777216
	GPUs = 1
	GPUs_GPU_bc3e04d8 = [ Id = "GPU-bc3e04d8"; ClockMhz = 1695.0; Capability = 8.6; CoresPerCU = 128; DeviceName = "NVIDIA RTX A5000"; DeviceUuid = "bc3e04d8-e333-57b6-b022-927473e6dec5"; ECCEnabled = false; ComputeUnits = 64; NvidiaDriver = "610.43.02"; DriverVersion = 13.3; DevicePciBusId = "0000:81:00.0"; GlobalMemoryMb = 24361; MaxSupportedVersion = 13030 ]
	Memory = 16384
...
040 (8180963.262.000) 2026-06-24 19:58:26 Started transferring output files
...
040 (8180963.262.000) 2026-06-24 19:58:26 Finished transferring output files
...
004 (8180963.262.000) 2026-06-24 19:58:27 Job was evicted.
	(0) Job terminated and was requeued
		Usr 0 00:00:11, Sys 0 00:00:03  -  Run Remote Usage
		Usr 0 00:00:00, Sys 0 00:00:00  -  Run Local Usage
	10407  -  Run Bytes Sent By Job
	2781871014  -  Run Bytes Received By Job
	(1) Normal termination (return value 1)
	The job attribute OnExitRemove expression 'NumJobCompletions > JobMaxRetries || ExitCode =?= 0' evaluated to FALSE
...
040 (8180963.262.000) 2026-06-24 19:59:41 Started transferring input files
	Transferring to host: <128.105.68.166:9618?addrs=128.105.68.166-9618+[2607-f388-2200-100-b62e-99ff-feb7-2e2d]-9618&alias=gpulab2001.chtc.wisc.edu&noUDP&sock=slot2_4_11113_dd1d_62717>
...
040 (8180963.262.000) 2026-06-24 20:09:08 Finished transferring input files
...
001 (8180963.262.000) 2026-06-24 20:09:08 Job executing on host: <128.105.68.166:9618?addrs=128.105.68.166-9618+[2607-f388-2200-100-b62e-99ff-feb7-2e2d]-9618&alias=gpulab2001.chtc.wisc.edu&noUDP&sock=startd_10083_ad84>
	SlotName: slot2_4@gpulab2001.chtc.wisc.edu
	AvailableGPUs = { GPUs_GPU_25d74433 }
	CondorScratchDir = "/var/lib/condor/execute/slot2/dir_369959/scratch"
	Cpus = 1
	Disk = 16777216
	GPUs = 1
	GPUs_GPU_25d74433 = [ Id = "GPU-25d74433"; Capability = 7.5; DeviceName = "NVIDIA GeForce RTX 2080 Ti"; DeviceUuid = "25d74433-a70b-cc8a-6c48-33ca78f943b5"; ECCEnabled = false; NvidiaDriver = "570.195.03"; DriverVersion = 12.8; DevicePciBusId = "0000:B2:00.0"; GlobalMemoryMb = 10823; MaxSupportedVersion = 12080 ]
	IoHeavy = 0
	Memory = 16384
...
040 (8180963.262.000) 2026-06-24 20:09:31 Started transferring output files
...
040 (8180963.262.000) 2026-06-24 20:09:31 Finished transferring output files
...
004 (8180963.262.000) 2026-06-24 20:09:31 Job was evicted.
	(0) Job terminated and was requeued
		Usr 0 00:00:19, Sys 0 00:00:02  -  Run Remote Usage
		Usr 0 00:00:00, Sys 0 00:00:00  -  Run Local Usage
	15696  -  Run Bytes Sent By Job
	2781871014  -  Run Bytes Received By Job
	(1) Normal termination (return value 1)
	The job attribute OnExitRemove expression 'NumJobCompletions > JobMaxRetries || ExitCode =?= 0' evaluated to FALSE
...
040 (8180963.262.000) 2026-06-24 20:09:58 Started transferring input files
	Transferring to host: <128.105.68.166:9618?addrs=128.105.68.166-9618+[2607-f388-2200-100-b62e-99ff-feb7-2e2d]-9618&alias=gpulab2001.chtc.wisc.edu&noUDP&sock=slot2_4_11113_dd1d_62735>
...
040 (8180963.262.000) 2026-06-24 20:42:28 Finished transferring input files
...
001 (8180963.262.000) 2026-06-24 20:42:28 Job executing on host: <128.105.68.166:9618?addrs=128.105.68.166-9618+[2607-f388-2200-100-b62e-99ff-feb7-2e2d]-9618&alias=gpulab2001.chtc.wisc.edu&noUDP&sock=startd_10083_ad84>
	SlotName: slot2_4@gpulab2001.chtc.wisc.edu
	AvailableGPUs = { GPUs_GPU_25d74433 }
	CondorScratchDir = "/var/lib/condor/execute/slot2/dir_380003/scratch"
	Cpus = 1
	Disk = 16777216
	GPUs = 1
	GPUs_GPU_25d74433 = [ Id = "GPU-25d74433"; Capability = 7.5; DeviceName = "NVIDIA GeForce RTX 2080 Ti"; DeviceUuid = "25d74433-a70b-cc8a-6c48-33ca78f943b5"; ECCEnabled = false; NvidiaDriver = "570.195.03"; DriverVersion = 12.8; DevicePciBusId = "0000:B2:00.0"; GlobalMemoryMb = 10823; MaxSupportedVersion = 12080 ]
	IoHeavy = 0
	Memory = 16384
...
040 (8180963.262.000) 2026-06-24 20:42:49 Started transferring output files
...
040 (8180963.262.000) 2026-06-24 20:42:49 Finished transferring output files
...
004 (8180963.262.000) 2026-06-24 20:42:50 Job was evicted.
	(0) Job terminated and was requeued
		Usr 0 00:00:18, Sys 0 00:00:02  -  Run Remote Usage
		Usr 0 00:00:00, Sys 0 00:00:00  -  Run Local Usage
	15699  -  Run Bytes Sent By Job
	2781871014  -  Run Bytes Received By Job
	(1) Normal termination (return value 1)
	The job attribute OnExitRemove expression 'NumJobCompletions > JobMaxRetries || ExitCode =?= 0' evaluated to FALSE
...
040 (8180963.262.000) 2026-06-24 22:02:09 Started transferring input files
	Transferring to host: <128.105.69.60:9618?addrs=128.105.69.60-9618+[2607-f388-2200-100-527c-6fff-fe66-e7e2]-9618&alias=blengerichgpu4000.chtc.wisc.edu&noUDP&sock=backfill1_5_1843674_de95_105373>
...
040 (8180963.262.000) 2026-06-24 22:04:40 Finished transferring input files
...
001 (8180963.262.000) 2026-06-24 22:04:40 Job executing on host: <128.105.69.60:9618?addrs=128.105.69.60-9618+[2607-f388-2200-100-527c-6fff-fe66-e7e2]-9618&alias=blengerichgpu4000.chtc.wisc.edu&noUDP&sock=startd_11585_ecc4>
	SlotName: backfill1_5@blengerichgpu4000.chtc.wisc.edu
	AvailableGPUs = { GPUs_GPU_aba9f117 }
	CondorScratchDir = "/var/lib/condor/execute/slot1/dir_3736231/scratch"
	Cpus = 1
	Disk = 16777216
	GPUs = 1
	GPUs_GPU_aba9f117 = [ Id = "GPU-aba9f117"; Capability = 8.9; DeviceName = "NVIDIA L40S"; DeviceUuid = "aba9f117-f41d-a8b4-01b7-d31c0515b86c"; ECCEnabled = true; NvidiaDriver = "570.195.03"; DriverVersion = 12.8; DevicePciBusId = "0000:63:00.0"; GlobalMemoryMb = 45468; MaxSupportedVersion = 12080 ]
	IoHeavy = 0
	Memory = 16384
...
040 (8180963.262.000) 2026-06-24 22:04:54 Started transferring output files
...
040 (8180963.262.000) 2026-06-24 22:04:54 Finished transferring output files
...
004 (8180963.262.000) 2026-06-24 22:04:55 Job was evicted.
	(0) Job terminated and was requeued
		Usr 0 00:00:10, Sys 0 00:00:01  -  Run Remote Usage
		Usr 0 00:00:00, Sys 0 00:00:00  -  Run Local Usage
	15731  -  Run Bytes Sent By Job
	2685664166  -  Run Bytes Received By Job
	(1) Normal termination (return value 1)
	The job attribute OnExitRemove expression 'NumJobCompletions > JobMaxRetries || ExitCode =?= 0' evaluated to FALSE
...
040 (8180963.262.000) 2026-06-24 22:05:17 Started transferring input files
	Transferring to host: <10.226.104.214:38449?CCBID=128.105.82.148:9618%3faddrs%3d128.105.82.148-9618+[2607-f388-2200-9d-7ccb-bc08-2489-7689]-9618%26alias%3dospool-ccb.osg.chtc.io%26noUDP%26sock%3dcollector9#4776896%2067.58.49.91:9618%3faddrs%3d67.58.49.91-9618+[fdf0-17b3-c3ec-1f79-10-0-d-2091]-9618%26alias%3dccb-2.ospool.osg-htc.org%26noUDP%26sock%3dcollector3#4767270&PrivNet=gpu014.rci.montana.edu&addrs=10.226.104.214-38449&alias=gpu014.rci.montana.edu&noUDP>
...
040 (8180963.262.000) 2026-06-24 22:09:26 Finished transferring input files
...
021 (8180963.262.000) 2026-06-24 22:09:27 Message from starter on slot1_1@glidein_1208228_517958145@gpu014.rci.montana.edu:
	PREPARE_JOB (prepare-hook) succeeded (reported status 000): Using Singularity image openfe_1.11.1.sif
...
001 (8180963.262.000) 2026-06-24 22:09:27 Job executing on host: <10.226.104.214:33849?CCBID=128.105.82.148:9618%3faddrs%3d128.105.82.148-9618+[2607-f388-2200-9d-7ccb-bc08-2489-7689]-9618%26alias%3dospool-ccb.osg.chtc.io%26noUDP%26sock%3dcollector4#4713024%2067.58.49.91:9618%3faddrs%3d67.58.49.91-9618+[fdf0-17b3-c3ec-1f79-10-0-d-2091]-9618%26alias%3dccb-2.ospool.osg-htc.org%26noUDP%26sock%3dcollector8#4709435&PrivNet=gpu014.rci.montana.edu&addrs=10.226.104.214-33849&alias=gpu014.rci.montana.edu&noUDP>
	SlotName: slot1_1@glidein_1208228_517958145@gpu014.rci.montana.edu
	AvailableGPUs = { GPUs_GPU_7f7e6323 }
	CondorScratchDir = "/tmp/jobs/4122196/glide_9X97zg/execute/dir_3519404/scratch"
	Cpus = 1
	Disk = 16777216
	GPUs = 1
	GPUs_GPU_7f7e6323 = [ Id = "GPU-7f7e6323"; ClockMhz = 1410.0; Capability = 8.0; CoresPerCU = 64; DeviceName = "NVIDIA A100-SXM4-40GB"; DeviceUuid = "7f7e6323-8156-b33d-2f9c-2850ce01a4d8"; ECCEnabled = true; ComputeUnits = 108; NvidiaDriver = "595.71.05"; DriverVersion = 13.2; DevicePciBusId = "0000:01:00.0"; GlobalMemoryMb = 40441; MaxSupportedVersion = 13020 ]
	Memory = 16384
...
040 (8180963.262.000) 2026-06-24 22:09:55 Started transferring output files
...
040 (8180963.262.000) 2026-06-24 22:09:55 Finished transferring output files
...
004 (8180963.262.000) 2026-06-24 22:09:56 Job was evicted.
	(0) Job terminated and was requeued
		Usr 0 00:00:06, Sys 0 00:00:01  -  Run Remote Usage
		Usr 0 00:00:00, Sys 0 00:00:00  -  Run Local Usage
	10293  -  Run Bytes Sent By Job
	2781871014  -  Run Bytes Received By Job
	(1) Normal termination (return value 1)
	The job attribute OnExitRemove expression 'NumJobCompletions > JobMaxRetries || ExitCode =?= 0' evaluated to FALSE
...
040 (8180963.262.000) 2026-06-24 22:10:46 Started transferring input files
	Transferring to host: <128.104.100.53:9618?addrs=128.104.100.53-9618+[2607-f388-107c-501-7ec2-55ff-fe99-a2b0]-9618&alias=jcaicedogpu0001.chtc.wisc.edu&noUDP&sock=backfill1_8_12775_e4a1_19342>
...
040 (8180963.262.000) 2026-06-24 22:11:53 Finished transferring input files
...
001 (8180963.262.000) 2026-06-24 22:11:53 Job executing on host: <128.104.100.53:9618?addrs=128.104.100.53-9618+[2607-f388-107c-501-7ec2-55ff-fe99-a2b0]-9618&alias=jcaicedogpu0001.chtc.wisc.edu&noUDP&sock=startd_11292_f384>
	SlotName: backfill1_8@jcaicedogpu0001.chtc.wisc.edu
	AvailableGPUs = { GPUs_GPU_22787dff }
	CondorScratchDir = "/var/lib/condor/execute/slot1/dir_3200675/scratch"
	Cpus = 1
	Disk = 16777216
	GPUs = 1
	GPUs_GPU_22787dff = [ Id = "GPU-22787dff"; Capability = 8.9; DeviceName = "NVIDIA L40"; DeviceUuid = "22787dff-a2f4-227a-bc3c-c6178e7bb020"; ECCEnabled = true; NvidiaDriver = "570.195.03"; DriverVersion = 12.8; DevicePciBusId = "0000:52:00.0"; GlobalMemoryMb = 45468; MaxSupportedVersion = 12080 ]
	IoHeavy = 0
	Memory = 16384
...
040 (8180963.262.000) 2026-06-24 22:12:09 Started transferring output files
...
040 (8180963.262.000) 2026-06-24 22:12:09 Finished transferring output files
...
004 (8180963.262.000) 2026-06-24 22:12:09 Job was evicted.
	(0) Job terminated and was requeued
		Usr 0 00:00:13, Sys 0 00:00:01  -  Run Remote Usage
		Usr 0 00:00:00, Sys 0 00:00:00  -  Run Local Usage
	15735  -  Run Bytes Sent By Job
	2781871014  -  Run Bytes Received By Job
	(1) Normal termination (return value 1)
	The job attribute OnExitRemove expression 'NumJobCompletions > JobMaxRetries || ExitCode =?= 0' evaluated to FALSE
...
040 (8180963.262.000) 2026-06-24 22:13:47 Started transferring input files
	Transferring to host: <128.104.100.52:9618?addrs=128.104.100.52-9618+[2607-f388-107c-501-7ec2-55ff-fe99-a48c]-9618&alias=jcaicedogpu0000.chtc.wisc.edu&noUDP&sock=backfill1_2_12267_f60c_19208>
...
040 (8180963.262.000) 2026-06-24 22:13:57 Finished transferring input files
...
001 (8180963.262.000) 2026-06-24 22:13:57 Job executing on host: <128.104.100.52:9618?addrs=128.104.100.52-9618+[2607-f388-107c-501-7ec2-55ff-fe99-a48c]-9618&alias=jcaicedogpu0000.chtc.wisc.edu&noUDP&sock=startd_10725_0952>
	SlotName: backfill1_2@jcaicedogpu0000.chtc.wisc.edu
	AvailableGPUs = { GPUs_GPU_fdd5eb1a }
	CondorScratchDir = "/var/lib/condor/execute/slot1/dir_3758298/scratch"
	Cpus = 1
	Disk = 16777216
	GPUs = 1
	GPUs_GPU_fdd5eb1a = [ Id = "GPU-fdd5eb1a"; Capability = 8.9; DeviceName = "NVIDIA L40"; DeviceUuid = "fdd5eb1a-cef7-367b-4af7-070a94604eec"; ECCEnabled = true; NvidiaDriver = "570.195.03"; DriverVersion = 12.8; DevicePciBusId = "0000:D5:00.0"; GlobalMemoryMb = 45468; MaxSupportedVersion = 12080 ]
	IoHeavy = 0
	Memory = 16384
...
040 (8180963.262.000) 2026-06-24 22:14:14 Started transferring output files
...
040 (8180963.262.000) 2026-06-24 22:14:14 Finished transferring output files
...
004 (8180963.262.000) 2026-06-24 22:14:14 Job was evicted.
	(0) Job terminated and was requeued
		Usr 0 00:00:13, Sys 0 00:00:01  -  Run Remote Usage
		Usr 0 00:00:00, Sys 0 00:00:00  -  Run Local Usage
	15726  -  Run Bytes Sent By Job
	2781871014  -  Run Bytes Received By Job
	(1) Normal termination (return value 1)
	The job attribute OnExitRemove expression 'NumJobCompletions > JobMaxRetries || ExitCode =?= 0' evaluated to FALSE
...
040 (8180963.262.000) 2026-06-24 22:15:34 Started transferring input files
	Transferring to host: <128.105.68.124:9618?addrs=128.105.68.124-9618+[2607-f388-2200-100-7ec2-55ff-fe99-a508]-9618&alias=dsigpu4001.chtc.wisc.edu&noUDP&sock=slot2_2_205874_9b6d_91056>
...
040 (8180963.262.000) 2026-06-24 22:16:34 Finished transferring input files
...
001 (8180963.262.000) 2026-06-24 22:16:34 Job executing on host: <128.105.68.124:9618?addrs=128.105.68.124-9618+[2607-f388-2200-100-7ec2-55ff-fe99-a508]-9618&alias=dsigpu4001.chtc.wisc.edu&noUDP&sock=startd_10787_9031>
	SlotName: slot2_2@dsigpu4001.chtc.wisc.edu
	AvailableGPUs = { GPUs_GPU_33841322 }
	CondorScratchDir = "/var/lib/condor/execute/slot2/dir_3686660/scratch"
	Cpus = 1
	Disk = 16777216
	GPUs = 1
	GPUs_GPU_33841322 = [ Id = "GPU-33841322"; Capability = 8.9; DeviceName = "NVIDIA L40"; DeviceUuid = "33841322-8890-d851-735c-22f0f2459d03"; ECCEnabled = true; NvidiaDriver = "570.195.03"; DriverVersion = 12.8; DevicePciBusId = "0000:52:00.0"; GlobalMemoryMb = 45468; MaxSupportedVersion = 12080 ]
	IoHeavy = 0
	Memory = 16384
...
040 (8180963.262.000) 2026-06-24 22:16:51 Started transferring output files
...
040 (8180963.262.000) 2026-06-24 22:16:51 Finished transferring output files
...
005 (8180963.262.000) 2026-06-24 22:16:51 Job terminated.
	(1) Normal termination (return value 1)
		Usr 0 00:00:13, Sys 0 00:00:02  -  Run Remote Usage
		Usr 0 00:00:00, Sys 0 00:00:00  -  Run Local Usage
		Usr 0 00:02:34, Sys 0 00:00:22  -  Total Remote Usage
		Usr 0 00:00:00, Sys 0 00:00:00  -  Total Local Usage
	15706  -  Run Bytes Sent By Job
	2781871014  -  Run Bytes Received By Job
	151447  -  Total Bytes Sent By Job
	30504374306  -  Total Bytes Received By Job
	Partitionable Resources :    Usage  Request Allocated Assigned
	   Cpus                 :        0        1         1 
	   Disk (KB)            :  2718586 16777216  16777216 
	   GPUs                 :        0        1         1 "GPU-33841322"
	   IoHeavy              :                           0 
	   Memory (MB)          :      977    16384     16384 
	   TimeExecute (s)      :       17                    
	   TimeSlotBusy (s)     :       77                    
...
