000 (8017966.130.000) 2026-06-20 22:07:54 Job submitted from host: <128.105.68.112:9618?addrs=128.105.68.112-9618+[2607-f388-2200-100-eaeb-d3ff-fea3-4202]-9618&alias=ap2001.chtc.wisc.edu&noUDP&sock=schedd_4071840_2329>
...
040 (8017966.130.000) 2026-06-20 23:24:42 Started transferring input files
	Transferring to host: <10.32.89.47:34761?CCBID=128.105.82.148:9618%3faddrs%3d128.105.82.148-9618+[2607-f388-2200-9d-7ccb-bc08-2489-768a]-9618%26alias%3dospool-ccb.osg.chtc.io%26noUDP%26sock%3dcollector5#4286414%2067.58.49.91:9618%3faddrs%3d67.58.49.91-9618+[fdf0-17b3-c3ec-1f79-10-0-e-b69d]-9618%26alias%3dccb-2.ospool.osg-htc.org%26noUDP%26sock%3dcollector9#4286548&PrivNet=qa-rtx6k-037.crc.nd.edu&addrs=10.32.89.47-34761&alias=qa-rtx6k-037.crc.nd.edu&noUDP>
...
040 (8017966.130.000) 2026-06-20 23:24:55 Finished transferring input files
...
021 (8017966.130.000) 2026-06-20 23:24:56 Message from starter on slot1_1@glidein_3531754_189373277@qa-rtx6k-037.crc.nd.edu:
	PREPARE_JOB (prepare-hook) succeeded (reported status 000): Using Singularity image openfe_1.11.1.sif
...
001 (8017966.130.000) 2026-06-20 23:24:56 Job executing on host: <10.32.89.47:46565?CCBID=128.105.82.148:9618%3faddrs%3d128.105.82.148-9618+[2607-f388-2200-9d-7ccb-bc08-2489-768a]-9618%26alias%3dospool-ccb.osg.chtc.io%26noUDP%26sock%3dcollector7#4286440%2067.58.49.91:9618%3faddrs%3d67.58.49.91-9618+[fdf0-17b3-c3ec-1f79-10-0-e-b69d]-9618%26alias%3dccb-2.ospool.osg-htc.org%26noUDP%26sock%3dcollector5#4284445&PrivNet=qa-rtx6k-037.crc.nd.edu&addrs=10.32.89.47-46565&alias=qa-rtx6k-037.crc.nd.edu&noUDP>
	SlotName: slot1_1@glidein_3531754_189373277@qa-rtx6k-037.crc.nd.edu
	AvailableGPUs = { GPUs_GPU_34ba2915 }
	CondorScratchDir = "/var/condor/execute/dir_3531752/glide_owY0Lr/execute/dir_3560071/scratch"
	Cpus = 1
	Disk = 16777216
	GPUs = 1
	GPUs_GPU_34ba2915 = [ Id = "GPU-34ba2915"; ClockMhz = 1620.0; Capability = 7.5; CoresPerCU = 64; DeviceName = "Quadro RTX 6000"; DeviceUuid = "34ba2915-23e3-6007-215a-9878ca8a8ed1"; ECCEnabled = true; ComputeUnits = 72; NvidiaDriver = "595.71.05"; DriverVersion = 13.2; DevicePciBusId = "0000:06:00.0"; GlobalMemoryMb = 22684; MaxSupportedVersion = 13020 ]
	Memory = 16384
...
006 (8017966.130.000) 2026-06-20 23:25:05 Image size of job updated: 4
	6  -  MemoryUsage of job (MB)
	5696  -  ResidentSetSize of job (KB)
...
006 (8017966.130.000) 2026-06-20 23:30:06 Image size of job updated: 24420760
	2658  -  MemoryUsage of job (MB)
	2721356  -  ResidentSetSize of job (KB)
...
006 (8017966.130.000) 2026-06-20 23:35:06 Image size of job updated: 26082188
	3170  -  MemoryUsage of job (MB)
	3245700  -  ResidentSetSize of job (KB)
...
006 (8017966.130.000) 2026-06-20 23:45:07 Image size of job updated: 26082188
	3173  -  MemoryUsage of job (MB)
	3248388  -  ResidentSetSize of job (KB)
...
006 (8017966.130.000) 2026-06-20 23:50:09 Image size of job updated: 26082188
	3173  -  MemoryUsage of job (MB)
	3248580  -  ResidentSetSize of job (KB)
...
006 (8017966.130.000) 2026-06-20 23:55:09 Image size of job updated: 26082188
	3174  -  MemoryUsage of job (MB)
	3249156  -  ResidentSetSize of job (KB)
...
006 (8017966.130.000) 2026-06-21 00:00:10 Image size of job updated: 26082188
	3175  -  MemoryUsage of job (MB)
	3251076  -  ResidentSetSize of job (KB)
...
006 (8017966.130.000) 2026-06-21 00:05:10 Image size of job updated: 26090380
	3184  -  MemoryUsage of job (MB)
	3259492  -  ResidentSetSize of job (KB)
...
006 (8017966.130.000) 2026-06-21 00:15:12 Image size of job updated: 26090380
	3187  -  MemoryUsage of job (MB)
	3262948  -  ResidentSetSize of job (KB)
...
006 (8017966.130.000) 2026-06-21 00:20:12 Image size of job updated: 26090380
	3187  -  MemoryUsage of job (MB)
	3263140  -  ResidentSetSize of job (KB)
...
006 (8017966.130.000) 2026-06-21 00:30:12 Image size of job updated: 26090380
	3188  -  MemoryUsage of job (MB)
	3263524  -  ResidentSetSize of job (KB)
...
006 (8017966.130.000) 2026-06-21 00:40:13 Image size of job updated: 26098556
	3196  -  MemoryUsage of job (MB)
	3271704  -  ResidentSetSize of job (KB)
...
006 (8017966.130.000) 2026-06-21 00:50:14 Image size of job updated: 26098556
	3196  -  MemoryUsage of job (MB)
	3271896  -  ResidentSetSize of job (KB)
...
006 (8017966.130.000) 2026-06-21 00:55:15 Image size of job updated: 26098556
	3196  -  MemoryUsage of job (MB)
	3272280  -  ResidentSetSize of job (KB)
...
006 (8017966.130.000) 2026-06-21 01:10:16 Image size of job updated: 26106728
	3204  -  MemoryUsage of job (MB)
	3280500  -  ResidentSetSize of job (KB)
...
006 (8017966.130.000) 2026-06-21 01:45:22 Image size of job updated: 26114904
	3212  -  MemoryUsage of job (MB)
	3288672  -  ResidentSetSize of job (KB)
...
006 (8017966.130.000) 2026-06-21 02:15:25 Image size of job updated: 26123080
	3220  -  MemoryUsage of job (MB)
	3296980  -  ResidentSetSize of job (KB)
...
006 (8017966.130.000) 2026-06-21 02:25:26 Image size of job updated: 26123080
	3220  -  MemoryUsage of job (MB)
	3297172  -  ResidentSetSize of job (KB)
...
040 (8017966.130.000) 2026-06-21 02:47:40 Started transferring output files
...
040 (8017966.130.000) 2026-06-21 02:47:40 Finished transferring output files
...
005 (8017966.130.000) 2026-06-21 02:47:40 Job terminated.
	(1) Normal termination (return value 0)
		Usr 0 03:28:41, Sys 0 00:06:51  -  Run Remote Usage
		Usr 0 00:00:00, Sys 0 00:00:00  -  Run Local Usage
		Usr 0 03:28:41, Sys 0 00:06:51  -  Total Remote Usage
		Usr 0 00:00:00, Sys 0 00:00:00  -  Total Local Usage
	9573678  -  Run Bytes Sent By Job
	2782713975  -  Run Bytes Received By Job
	9573678  -  Total Bytes Sent By Job
	2782713975  -  Total Bytes Received By Job
	Partitionable Resources :      Usage  Request Allocated Assigned
	   Cpus                 :       1.00        1         1 
	   Disk (KB)            : 2798551    16777216  16777216 
	   GPUs                 :       0.82        1         1 "GPU-34ba2915"
	   GpusMemory (MB)      :    3251                       
	   Memory (MB)          :    3220       16384     16384 
	   TimeExecute (s)      :   12164                       
	   TimeSlotBusy (s)     :   12179                       
...
