000 (8017966.013.000) 2026-06-20 22:07:54 Job submitted from host: <128.105.68.112:9618?addrs=128.105.68.112-9618+[2607-f388-2200-100-eaeb-d3ff-fea3-4202]-9618&alias=ap2001.chtc.wisc.edu&noUDP&sock=schedd_4071840_2329>
...
040 (8017966.013.000) 2026-06-20 22:11:49 Started transferring input files
	Transferring to host: <128.105.68.100:9618?addrs=128.105.68.100-9618+[2607-f388-2200-100-ac0-ebff-fe99-9a48]-9618&alias=gpu2008.chtc.wisc.edu&noUDP&sock=slot2_2_160879_8f27_81293>
...
040 (8017966.013.000) 2026-06-20 22:12:02 Finished transferring input files
...
001 (8017966.013.000) 2026-06-20 22:12:02 Job executing on host: <128.105.68.100:9618?addrs=128.105.68.100-9618+[2607-f388-2200-100-ac0-ebff-fe99-9a48]-9618&alias=gpu2008.chtc.wisc.edu&noUDP&sock=startd_12349_f71f>
	SlotName: slot2_2@gpu2008.chtc.wisc.edu
	AvailableGPUs = { GPUs_GPU_1f9fc54e_ce03_79a8_c2ab_4144eb36f0ba }
	CondorScratchDir = "/var/lib/condor/execute/slot2/dir_401119/scratch"
	Cpus = 1
	Disk = 16777216
	GPUs = 1
	GPUs_GPU_1f9fc54e_ce03_79a8_c2ab_4144eb36f0ba = [ Id = "GPU-1f9fc54e-ce03-79a8-c2ab-4144eb36f0ba"; Capability = 8.0; DeviceName = "NVIDIA A100-SXM4-80GB"; DeviceUuid = "1f9fc54e-ce03-79a8-c2ab-4144eb36f0ba"; ECCEnabled = true; NvidiaDriver = "570.195.03"; DriverVersion = 12.8; DevicePciBusId = "0000:41:00.0"; GlobalMemoryMb = 81154; MaxSupportedVersion = 12080 ]
	Memory = 16384
...
006 (8017966.013.000) 2026-06-20 22:12:11 Image size of job updated: 425304
	416  -  MemoryUsage of job (MB)
	425304  -  ResidentSetSize of job (KB)
...
006 (8017966.013.000) 2026-06-20 22:17:12 Image size of job updated: 2360340
	2304  -  MemoryUsage of job (MB)
	2358868  -  ResidentSetSize of job (KB)
...
006 (8017966.013.000) 2026-06-20 22:22:12 Image size of job updated: 2360340
	2304  -  MemoryUsage of job (MB)
	2359016  -  ResidentSetSize of job (KB)
...
006 (8017966.013.000) 2026-06-20 22:32:13 Image size of job updated: 2360340
	2304  -  MemoryUsage of job (MB)
	2359020  -  ResidentSetSize of job (KB)
...
006 (8017966.013.000) 2026-06-20 23:12:18 Image size of job updated: 2364488
	2310  -  MemoryUsage of job (MB)
	2364488  -  ResidentSetSize of job (KB)
...
006 (8017966.013.000) 2026-06-20 23:17:19 Image size of job updated: 2364508
	2310  -  MemoryUsage of job (MB)
	2364508  -  ResidentSetSize of job (KB)
...
006 (8017966.013.000) 2026-06-20 23:22:19 Image size of job updated: 2364516
	2310  -  MemoryUsage of job (MB)
	2364516  -  ResidentSetSize of job (KB)
...
006 (8017966.013.000) 2026-06-21 00:07:24 Image size of job updated: 2365784
	2311  -  MemoryUsage of job (MB)
	2365784  -  ResidentSetSize of job (KB)
...
006 (8017966.013.000) 2026-06-21 00:32:26 Image size of job updated: 2365788
	2311  -  MemoryUsage of job (MB)
	2365788  -  ResidentSetSize of job (KB)
...
006 (8017966.013.000) 2026-06-21 00:37:27 Image size of job updated: 2365800
	2311  -  MemoryUsage of job (MB)
	2365800  -  ResidentSetSize of job (KB)
...
006 (8017966.013.000) 2026-06-21 01:02:29 Image size of job updated: 2366112
	2311  -  MemoryUsage of job (MB)
	2366112  -  ResidentSetSize of job (KB)
...
006 (8017966.013.000) 2026-06-21 02:12:35 Image size of job updated: 2366116
	2311  -  MemoryUsage of job (MB)
	2366116  -  ResidentSetSize of job (KB)
...
006 (8017966.013.000) 2026-06-21 02:57:39 Image size of job updated: 2366120
	2311  -  MemoryUsage of job (MB)
	2366120  -  ResidentSetSize of job (KB)
...
040 (8017966.013.000) 2026-06-21 03:51:58 Started transferring output files
...
040 (8017966.013.000) 2026-06-21 03:51:58 Finished transferring output files
...
005 (8017966.013.000) 2026-06-21 03:51:59 Job terminated.
	(1) Normal termination (return value 0)
		Usr 0 05:58:12, Sys 0 02:45:24  -  Run Remote Usage
		Usr 0 00:00:00, Sys 0 00:00:00  -  Run Local Usage
		Usr 0 05:58:12, Sys 0 02:45:24  -  Total Remote Usage
		Usr 0 00:00:00, Sys 0 00:00:00  -  Total Local Usage
	11944505  -  Run Bytes Sent By Job
	2782623626  -  Run Bytes Received By Job
	11944505  -  Total Bytes Sent By Job
	2782623626  -  Total Bytes Received By Job
	Partitionable Resources :      Usage  Request Allocated Assigned
	   Cpus                 :       0.99        1         1 
	   Disk (KB)            : 2826619    16777216  16777216 
	   GPUs                 :       0.88        1         1 "GPU-1f9fc54e-ce03-79a8-c2ab-4144eb36f0ba"
	   GpusMemory (MB)      :    7586                       
	   Memory (MB)          :    2311       16384     16384 
	   TimeExecute (s)      :   20396                       
	   TimeSlotBusy (s)     :   20409                       
...
