000 (8017966.885.000) 2026-06-20 22:07:54 Job submitted from host: <128.105.68.112:9618?addrs=128.105.68.112-9618+[2607-f388-2200-100-eaeb-d3ff-fea3-4202]-9618&alias=ap2001.chtc.wisc.edu&noUDP&sock=schedd_4071840_2329>
...
040 (8017966.885.000) 2026-06-21 05:16:10 Started transferring input files
	Transferring to host: <128.104.100.17:9618?addrs=128.104.100.17-9618+[2607-f388-107c-501-527c-6fff-fe66-e9bc]-9618&alias=jcaicedogpu0002.chtc.wisc.edu&noUDP&sock=backfill1_5_2855957_d182_89171>
...
040 (8017966.885.000) 2026-06-21 05:16:20 Finished transferring input files
...
001 (8017966.885.000) 2026-06-21 05:16:20 Job executing on host: <128.104.100.17:9618?addrs=128.104.100.17-9618+[2607-f388-107c-501-527c-6fff-fe66-e9bc]-9618&alias=jcaicedogpu0002.chtc.wisc.edu&noUDP&sock=startd_11788_2a7e>
	SlotName: backfill1_5@jcaicedogpu0002.chtc.wisc.edu
	AvailableGPUs = { GPUs_GPU_08a5b939 }
	CondorScratchDir = "/var/lib/condor/execute/slot1/dir_1994722/scratch"
	Cpus = 1
	Disk = 16777216
	GPUs = 1
	GPUs_GPU_08a5b939 = [ Id = "GPU-08a5b939"; Capability = 8.9; DeviceName = "NVIDIA L40S"; DeviceUuid = "08a5b939-655e-40a7-6b01-cda6523b41b0"; ECCEnabled = true; NvidiaDriver = "570.195.03"; DriverVersion = 12.8; DevicePciBusId = "0000:63:00.0"; GlobalMemoryMb = 45468; MaxSupportedVersion = 12080 ]
	IoHeavy = 0
	Memory = 16384
...
006 (8017966.885.000) 2026-06-21 05:16:29 Image size of job updated: 423512
	414  -  MemoryUsage of job (MB)
	423512  -  ResidentSetSize of job (KB)
...
006 (8017966.885.000) 2026-06-21 05:21:30 Image size of job updated: 1967976
	1922  -  MemoryUsage of job (MB)
	1967976  -  ResidentSetSize of job (KB)
...
006 (8017966.885.000) 2026-06-21 05:24:19 Image size of job updated: 2200644
	1922  -  MemoryUsage of job (MB)
	1967976  -  ResidentSetSize of job (KB)
...
040 (8017966.885.000) 2026-06-21 05:24:19 Started transferring output files
...
040 (8017966.885.000) 2026-06-21 05:24:19 Finished transferring output files
...
004 (8017966.885.000) 2026-06-21 05:24:19 Job was evicted.
	(0) Job terminated and was requeued
		Usr 0 00:11:47, Sys 0 00:01:20  -  Run Remote Usage
		Usr 0 00:00:00, Sys 0 00:00:00  -  Run Local Usage
	121987240  -  Run Bytes Sent By Job
	2782686063  -  Run Bytes Received By Job
	(1) Normal termination (return value 1)
	The job attribute OnExitRemove expression 'NumJobCompletions > JobMaxRetries || ExitCode =?= 0' evaluated to FALSE
...
040 (8017966.885.000) 2026-06-21 05:26:16 Started transferring input files
	Transferring to host: <128.105.68.168:9618?addrs=128.105.68.168-9618+[2607-f388-2200-100-b62e-99ff-feb7-2dcb]-9618&alias=gpulab2003.chtc.wisc.edu&noUDP&sock=slot2_4_11172_6f3f_5720>
...
040 (8017966.885.000) 2026-06-21 05:26:34 Finished transferring input files
...
001 (8017966.885.000) 2026-06-21 05:26:34 Job executing on host: <128.105.68.168:9618?addrs=128.105.68.168-9618+[2607-f388-2200-100-b62e-99ff-feb7-2dcb]-9618&alias=gpulab2003.chtc.wisc.edu&noUDP&sock=startd_10155_1056>
	SlotName: slot2_4@gpulab2003.chtc.wisc.edu
	AvailableGPUs = { GPUs_GPU_61902b82 }
	CondorScratchDir = "/var/lib/condor/execute/slot2/dir_277112/scratch"
	Cpus = 1
	Disk = 16777216
	GPUs = 1
	GPUs_GPU_61902b82 = [ Id = "GPU-61902b82"; Capability = 7.5; DeviceName = "NVIDIA GeForce RTX 2080 Ti"; DeviceUuid = "61902b82-cedb-e4be-d010-bca8829ec79b"; ECCEnabled = false; NvidiaDriver = "570.195.03"; DriverVersion = 12.8; DevicePciBusId = "0000:B2:00.0"; GlobalMemoryMb = 10823; MaxSupportedVersion = 12080 ]
	IoHeavy = 0
	Memory = 16384
...
040 (8017966.885.000) 2026-06-21 05:26:38 Started transferring output files
...
040 (8017966.885.000) 2026-06-21 05:26:38 Finished transferring output files
...
004 (8017966.885.000) 2026-06-21 05:26:39 Job was evicted.
	(0) Job terminated and was requeued
		Usr 0 00:00:03, Sys 0 00:00:00  -  Run Remote Usage
		Usr 0 00:00:00, Sys 0 00:00:00  -  Run Local Usage
	121967471  -  Run Bytes Sent By Job
	2904653051  -  Run Bytes Received By Job
	(1) Normal termination (return value 2)
	The job attribute OnExitRemove expression 'NumJobCompletions > JobMaxRetries || ExitCode =?= 0' evaluated to FALSE
...
040 (8017966.885.000) 2026-06-21 05:27:20 Started transferring input files
	Transferring to host: <10.1.1.135:38277?CCBID=128.105.82.148:9618%3faddrs%3d128.105.82.148-9618+[2607-f388-2200-9d-7ccb-bc08-2489-768a]-9618%26alias%3dospool-ccb.osg.chtc.io%26noUDP%26sock%3dcollector4#4309309%2067.58.49.91:9618%3faddrs%3d67.58.49.91-9618+[fdf0-17b3-c3ec-1f79-10-0-e-b69d]-9618%26alias%3dccb-2.ospool.osg-htc.org%26noUDP%26sock%3dcollector6#4303572&PrivNet=gpu05&addrs=10.1.1.135-38277&alias=gpu05&noUDP>
...
040 (8017966.885.000) 2026-06-21 05:27:37 Finished transferring input files
...
021 (8017966.885.000) 2026-06-21 05:27:37 Message from starter on slot1_2@glidein_3273215_630389268@gpu05:
	PREPARE_JOB (prepare-hook) succeeded (reported status 000): Using Singularity image openfe_1.11.1.sif
...
001 (8017966.885.000) 2026-06-21 05:27:37 Job executing on host: <10.1.1.135:45695?CCBID=128.105.82.148:9618%3faddrs%3d128.105.82.148-9618+[2607-f388-2200-9d-7ccb-bc08-2489-768a]-9618%26alias%3dospool-ccb.osg.chtc.io%26noUDP%26sock%3dcollector5#4288189%2067.58.49.91:9618%3faddrs%3d67.58.49.91-9618+[fdf0-17b3-c3ec-1f79-10-0-e-b69d]-9618%26alias%3dccb-2.ospool.osg-htc.org%26noUDP%26sock%3dcollector7#4283415&PrivNet=gpu05&addrs=10.1.1.135-45695&alias=gpu05&noUDP>
	SlotName: slot1_2@glidein_3273215_630389268@gpu05
	AvailableGPUs = { GPUs_GPU_f46d71c8 }
	CondorScratchDir = "/tmp/glide_vhn3iB/execute/dir_3484382/scratch"
	Cpus = 1
	Disk = 16777216
	GPUs = 1
	GPUs_GPU_f46d71c8 = [ Id = "GPU-f46d71c8"; ClockMhz = 1695.0; Capability = 8.6; CoresPerCU = 128; DeviceName = "NVIDIA RTX A5000"; DeviceUuid = "f46d71c8-704f-6ad6-626c-a08684a02750"; ECCEnabled = false; ComputeUnits = 64; NvidiaDriver = "595.71.05"; DriverVersion = 13.2; DevicePciBusId = "0000:41:00.0"; GlobalMemoryMb = 24361; MaxSupportedVersion = 13020 ]
	Memory = 16384
...
040 (8017966.885.000) 2026-06-21 05:27:41 Started transferring output files
...
040 (8017966.885.000) 2026-06-21 05:27:44 Finished transferring output files
...
004 (8017966.885.000) 2026-06-21 05:27:45 Job was evicted.
	(0) Job terminated and was requeued
		Usr 0 00:00:00, Sys 0 00:00:00  -  Run Remote Usage
		Usr 0 00:00:00, Sys 0 00:00:00  -  Run Local Usage
	121967607  -  Run Bytes Sent By Job
	2904653051  -  Run Bytes Received By Job
	(1) Normal termination (return value 2)
	The job attribute OnExitRemove expression 'NumJobCompletions > JobMaxRetries || ExitCode =?= 0' evaluated to FALSE
...
040 (8017966.885.000) 2026-06-21 05:27:50 Started transferring input files
	Transferring to host: <128.105.68.168:9618?addrs=128.105.68.168-9618+[2607-f388-2200-100-b62e-99ff-feb7-2dcb]-9618&alias=gpulab2003.chtc.wisc.edu&noUDP&sock=slot2_4_11172_6f3f_5723>
...
040 (8017966.885.000) 2026-06-21 05:28:09 Finished transferring input files
...
001 (8017966.885.000) 2026-06-21 05:28:09 Job executing on host: <128.105.68.168:9618?addrs=128.105.68.168-9618+[2607-f388-2200-100-b62e-99ff-feb7-2dcb]-9618&alias=gpulab2003.chtc.wisc.edu&noUDP&sock=startd_10155_1056>
	SlotName: slot2_4@gpulab2003.chtc.wisc.edu
	AvailableGPUs = { GPUs_GPU_61902b82 }
	CondorScratchDir = "/var/lib/condor/execute/slot2/dir_278258/scratch"
	Cpus = 1
	Disk = 16777216
	GPUs = 1
	GPUs_GPU_61902b82 = [ Id = "GPU-61902b82"; Capability = 7.5; DeviceName = "NVIDIA GeForce RTX 2080 Ti"; DeviceUuid = "61902b82-cedb-e4be-d010-bca8829ec79b"; ECCEnabled = false; NvidiaDriver = "570.195.03"; DriverVersion = 12.8; DevicePciBusId = "0000:B2:00.0"; GlobalMemoryMb = 10823; MaxSupportedVersion = 12080 ]
	IoHeavy = 0
	Memory = 16384
...
040 (8017966.885.000) 2026-06-21 05:28:13 Started transferring output files
...
040 (8017966.885.000) 2026-06-21 05:28:14 Finished transferring output files
...
004 (8017966.885.000) 2026-06-21 05:28:14 Job was evicted.
	(0) Job terminated and was requeued
		Usr 0 00:00:02, Sys 0 00:00:00  -  Run Remote Usage
		Usr 0 00:00:00, Sys 0 00:00:00  -  Run Local Usage
	121967471  -  Run Bytes Sent By Job
	2904653051  -  Run Bytes Received By Job
	(1) Normal termination (return value 2)
	The job attribute OnExitRemove expression 'NumJobCompletions > JobMaxRetries || ExitCode =?= 0' evaluated to FALSE
...
040 (8017966.885.000) 2026-06-21 05:29:00 Started transferring input files
	Transferring to host: <10.226.104.219:35965?CCBID=128.105.82.148:9618%3faddrs%3d128.105.82.148-9618+[2607-f388-2200-9d-7ccb-bc08-2489-768a]-9618%26alias%3dospool-ccb.osg.chtc.io%26noUDP%26sock%3dcollector5#4305586%2067.58.49.91:9618%3faddrs%3d67.58.49.91-9618+[fdf0-17b3-c3ec-1f79-10-0-e-b69d]-9618%26alias%3dccb-2.ospool.osg-htc.org%26noUDP%26sock%3dcollector7#4301032&PrivNet=gpu019.rci.montana.edu&addrs=10.226.104.219-35965&alias=gpu019.rci.montana.edu&noUDP>
...
040 (8017966.885.000) 2026-06-21 05:30:41 Finished transferring input files
...
021 (8017966.885.000) 2026-06-21 05:30:43 Message from starter on slot1_1@glidein_44325_252695070@gpu019.rci.montana.edu:
	PREPARE_JOB (prepare-hook) succeeded (reported status 000): Using Singularity image openfe_1.11.1.sif
...
001 (8017966.885.000) 2026-06-21 05:30:43 Job executing on host: <10.226.104.219:37929?CCBID=128.105.82.148:9618%3faddrs%3d128.105.82.148-9618+[2607-f388-2200-9d-7ccb-bc08-2489-768a]-9618%26alias%3dospool-ccb.osg.chtc.io%26noUDP%26sock%3dcollector4#4266774%2067.58.49.91:9618%3faddrs%3d67.58.49.91-9618+[fdf0-17b3-c3ec-1f79-10-0-e-b69d]-9618%26alias%3dccb-2.ospool.osg-htc.org%26noUDP%26sock%3dcollector8#4263365&PrivNet=gpu019.rci.montana.edu&addrs=10.226.104.219-37929&alias=gpu019.rci.montana.edu&noUDP>
	SlotName: slot1_1@glidein_44325_252695070@gpu019.rci.montana.edu
	AvailableGPUs = { GPUs_GPU_a02c745c }
	CondorScratchDir = "/tmp/jobs/4093250/glide_WSiIWo/execute/dir_2126404/scratch"
	Cpus = 1
	Disk = 16777216
	GPUs = 1
	GPUs_GPU_a02c745c = [ Id = "GPU-a02c745c"; ClockMhz = 1980.0; Capability = 9.0; CoresPerCU = 128; DeviceName = "NVIDIA H100 80GB HBM3"; DeviceUuid = "a02c745c-ebbe-2350-884d-bc75402184a0"; ECCEnabled = true; ComputeUnits = 132; NvidiaDriver = "595.71.05"; DriverVersion = 13.2; DevicePciBusId = "0000:5F:00.0"; GlobalMemoryMb = 81081; MaxSupportedVersion = 13020 ]
	Memory = 16384
...
006 (8017966.885.000) 2026-06-21 05:30:47 Image size of job updated: 4101068
	1954  -  MemoryUsage of job (MB)
	2000000  -  ResidentSetSize of job (KB)
...
040 (8017966.885.000) 2026-06-21 05:30:47 Started transferring output files
...
040 (8017966.885.000) 2026-06-21 05:30:54 Finished transferring output files
...
004 (8017966.885.000) 2026-06-21 05:30:55 Job was evicted.
	(0) Job terminated and was requeued
		Usr 0 00:00:00, Sys 0 00:00:00  -  Run Remote Usage
		Usr 0 00:00:00, Sys 0 00:00:00  -  Run Local Usage
	121967496  -  Run Bytes Sent By Job
	2904653051  -  Run Bytes Received By Job
	(1) Normal termination (return value 2)
	The job attribute OnExitRemove expression 'NumJobCompletions > JobMaxRetries || ExitCode =?= 0' evaluated to FALSE
...
040 (8017966.885.000) 2026-06-21 05:30:57 Started transferring input files
	Transferring to host: <128.105.68.168:9618?addrs=128.105.68.168-9618+[2607-f388-2200-100-b62e-99ff-feb7-2dcb]-9618&alias=gpulab2003.chtc.wisc.edu&noUDP&sock=slot2_4_11172_6f3f_5741>
...
040 (8017966.885.000) 2026-06-21 05:31:17 Finished transferring input files
...
001 (8017966.885.000) 2026-06-21 05:31:17 Job executing on host: <128.105.68.168:9618?addrs=128.105.68.168-9618+[2607-f388-2200-100-b62e-99ff-feb7-2dcb]-9618&alias=gpulab2003.chtc.wisc.edu&noUDP&sock=startd_10155_1056>
	SlotName: slot2_4@gpulab2003.chtc.wisc.edu
	AvailableGPUs = { GPUs_GPU_61902b82 }
	CondorScratchDir = "/var/lib/condor/execute/slot2/dir_282840/scratch"
	Cpus = 1
	Disk = 16777216
	GPUs = 1
	GPUs_GPU_61902b82 = [ Id = "GPU-61902b82"; Capability = 7.5; DeviceName = "NVIDIA GeForce RTX 2080 Ti"; DeviceUuid = "61902b82-cedb-e4be-d010-bca8829ec79b"; ECCEnabled = false; NvidiaDriver = "570.195.03"; DriverVersion = 12.8; DevicePciBusId = "0000:B2:00.0"; GlobalMemoryMb = 10823; MaxSupportedVersion = 12080 ]
	IoHeavy = 0
	Memory = 16384
...
040 (8017966.885.000) 2026-06-21 05:31:21 Started transferring output files
...
040 (8017966.885.000) 2026-06-21 05:31:22 Finished transferring output files
...
004 (8017966.885.000) 2026-06-21 05:31:22 Job was evicted.
	(0) Job terminated and was requeued
		Usr 0 00:00:03, Sys 0 00:00:00  -  Run Remote Usage
		Usr 0 00:00:00, Sys 0 00:00:00  -  Run Local Usage
	121967471  -  Run Bytes Sent By Job
	2904653051  -  Run Bytes Received By Job
	(1) Normal termination (return value 2)
	The job attribute OnExitRemove expression 'NumJobCompletions > JobMaxRetries || ExitCode =?= 0' evaluated to FALSE
...
040 (8017966.885.000) 2026-06-21 05:31:31 Started transferring input files
	Transferring to host: <128.104.100.53:9618?addrs=128.104.100.53-9618+[2607-f388-107c-501-7ec2-55ff-fe99-a2b0]-9618&alias=jcaicedogpu0001.chtc.wisc.edu&noUDP&sock=backfill1_8_12775_e4a1_8252>
...
040 (8017966.885.000) 2026-06-21 05:31:50 Finished transferring input files
...
001 (8017966.885.000) 2026-06-21 05:31:50 Job executing on host: <128.104.100.53:9618?addrs=128.104.100.53-9618+[2607-f388-107c-501-7ec2-55ff-fe99-a2b0]-9618&alias=jcaicedogpu0001.chtc.wisc.edu&noUDP&sock=startd_11292_f384>
	SlotName: backfill1_8@jcaicedogpu0001.chtc.wisc.edu
	AvailableGPUs = { GPUs_GPU_22787dff }
	CondorScratchDir = "/var/lib/condor/execute/slot1/dir_3635296/scratch"
	Cpus = 1
	Disk = 16777216
	GPUs = 1
	GPUs_GPU_22787dff = [ Id = "GPU-22787dff"; Capability = 8.9; DeviceName = "NVIDIA L40"; DeviceUuid = "22787dff-a2f4-227a-bc3c-c6178e7bb020"; ECCEnabled = true; NvidiaDriver = "570.195.03"; DriverVersion = 12.8; DevicePciBusId = "0000:52:00.0"; GlobalMemoryMb = 45468; MaxSupportedVersion = 12080 ]
	IoHeavy = 0
	Memory = 16384
...
040 (8017966.885.000) 2026-06-21 05:31:52 Started transferring output files
...
040 (8017966.885.000) 2026-06-21 05:31:53 Finished transferring output files
...
004 (8017966.885.000) 2026-06-21 05:31:53 Job was evicted.
	(0) Job terminated and was requeued
		Usr 0 00:00:02, Sys 0 00:00:00  -  Run Remote Usage
		Usr 0 00:00:00, Sys 0 00:00:00  -  Run Local Usage
	121967486  -  Run Bytes Sent By Job
	2904653051  -  Run Bytes Received By Job
	(1) Normal termination (return value 2)
	The job attribute OnExitRemove expression 'NumJobCompletions > JobMaxRetries || ExitCode =?= 0' evaluated to FALSE
...
040 (8017966.885.000) 2026-06-21 05:32:24 Started transferring input files
	Transferring to host: <10.226.104.214:33549?CCBID=128.105.82.148:9618%3faddrs%3d128.105.82.148-9618+[2607-f388-2200-9d-7ccb-bc08-2489-768a]-9618%26alias%3dospool-ccb.osg.chtc.io%26noUDP%26sock%3dcollector8#4310461%2067.58.49.91:9618%3faddrs%3d67.58.49.91-9618+[fdf0-17b3-c3ec-1f79-10-0-e-b69d]-9618%26alias%3dccb-2.ospool.osg-htc.org%26noUDP%26sock%3dcollector4#4299253&PrivNet=gpu014.rci.montana.edu&addrs=10.226.104.214-33549&alias=gpu014.rci.montana.edu&noUDP>
...
040 (8017966.885.000) 2026-06-21 05:33:49 Finished transferring input files
...
021 (8017966.885.000) 2026-06-21 05:33:49 Message from starter on slot1_1@glidein_3033527_525812661@gpu014.rci.montana.edu:
	PREPARE_JOB (prepare-hook) succeeded (reported status 000): Using Singularity image openfe_1.11.1.sif
...
001 (8017966.885.000) 2026-06-21 05:33:49 Job executing on host: <10.226.104.214:42909?CCBID=128.105.82.148:9618%3faddrs%3d128.105.82.148-9618+[2607-f388-2200-9d-7ccb-bc08-2489-768a]-9618%26alias%3dospool-ccb.osg.chtc.io%26noUDP%26sock%3dcollector4#4178707%2067.58.49.91:9618%3faddrs%3d67.58.49.91-9618+[fdf0-17b3-c3ec-1f79-10-0-e-b69d]-9618%26alias%3dccb-2.ospool.osg-htc.org%26noUDP%26sock%3dcollector8#4174991&PrivNet=gpu014.rci.montana.edu&addrs=10.226.104.214-42909&alias=gpu014.rci.montana.edu&noUDP>
	SlotName: slot1_1@glidein_3033527_525812661@gpu014.rci.montana.edu
	AvailableGPUs = { GPUs_GPU_7f7e6323 }
	CondorScratchDir = "/tmp/jobs/4082228/glide_tKDcCp/execute/dir_2948314/scratch"
	Cpus = 1
	Disk = 16777216
	GPUs = 1
	GPUs_GPU_7f7e6323 = [ Id = "GPU-7f7e6323"; ClockMhz = 1410.0; Capability = 8.0; CoresPerCU = 64; DeviceName = "NVIDIA A100-SXM4-40GB"; DeviceUuid = "7f7e6323-8156-b33d-2f9c-2850ce01a4d8"; ECCEnabled = true; ComputeUnits = 108; NvidiaDriver = "595.71.05"; DriverVersion = 13.2; DevicePciBusId = "0000:01:00.0"; GlobalMemoryMb = 40441; MaxSupportedVersion = 13020 ]
	Memory = 16384
...
040 (8017966.885.000) 2026-06-21 05:33:55 Started transferring output files
...
040 (8017966.885.000) 2026-06-21 05:34:01 Finished transferring output files
...
004 (8017966.885.000) 2026-06-21 05:34:02 Job was evicted.
	(0) Job terminated and was requeued
		Usr 0 00:00:00, Sys 0 00:00:00  -  Run Remote Usage
		Usr 0 00:00:00, Sys 0 00:00:00  -  Run Local Usage
	121967496  -  Run Bytes Sent By Job
	2904653051  -  Run Bytes Received By Job
	(1) Normal termination (return value 2)
	The job attribute OnExitRemove expression 'NumJobCompletions > JobMaxRetries || ExitCode =?= 0' evaluated to FALSE
...
040 (8017966.885.000) 2026-06-21 05:35:16 Started transferring input files
	Transferring to host: <128.105.68.168:44829?CCBID=128.105.82.148:9618%3faddrs%3d128.105.82.148-9618+[2607-f388-2200-9d-7ccb-bc08-2489-768a]-9618%26alias%3dospool-ccb.osg.chtc.io%26noUDP%26sock%3dcollector10#4306609%2067.58.49.91:9618%3faddrs%3d67.58.49.91-9618+[fdf0-17b3-c3ec-1f79-10-0-e-b69d]-9618%26alias%3dccb-2.ospool.osg-htc.org%26noUDP%26sock%3dcollector8#4305984&PrivNet=gpulab2003.chtc.wisc.edu&addrs=128.105.68.168-44829+[2607-f388-2200-100-b62e-99ff-feb7-2dcb]-44829&alias=gpulab2003.chtc.wisc.edu&noUDP>
...
040 (8017966.885.000) 2026-06-21 05:35:47 Finished transferring input files
...
021 (8017966.885.000) 2026-06-21 05:35:48 Message from starter on slot1_1@glidein_42042_400663250@gpulab2003.chtc.wisc.edu:
	PREPARE_JOB (prepare-hook) succeeded (reported status 000): Using Singularity image openfe_1.11.1.sif
...
001 (8017966.885.000) 2026-06-21 05:35:48 Job executing on host: <128.105.68.168:38799?CCBID=128.105.82.148:9618%3faddrs%3d128.105.82.148-9618+[2607-f388-2200-9d-7ccb-bc08-2489-768a]-9618%26alias%3dospool-ccb.osg.chtc.io%26noUDP%26sock%3dcollector1#4179769%2067.58.49.91:9618%3faddrs%3d67.58.49.91-9618+[fdf0-17b3-c3ec-1f79-10-0-e-b69d]-9618%26alias%3dccb-2.ospool.osg-htc.org%26noUDP%26sock%3dcollector9#4177312&PrivNet=gpulab2003.chtc.wisc.edu&addrs=128.105.68.168-38799+[2607-f388-2200-100-b62e-99ff-feb7-2dcb]-38799&alias=gpulab2003.chtc.wisc.edu&noUDP>
	SlotName: slot1_1@glidein_42042_400663250@gpulab2003.chtc.wisc.edu
	AvailableGPUs = { GPUs_GPU_df09b4ae }
	CondorScratchDir = "/var/lib/condor/execute/slot1/dir_42040/scratch/glide_5fkg4a/execute/dir_287917/scratch"
	Cpus = 1
	Disk = 16777216
	GPUs = 1
	GPUs_GPU_df09b4ae = [ Id = "GPU-df09b4ae"; ClockMhz = 1545.0; Capability = 7.5; CoresPerCU = 64; DeviceName = "NVIDIA GeForce RTX 2080 Ti"; DeviceUuid = "df09b4ae-3796-2b26-7d7a-4bb88110b63f"; ECCEnabled = false; ComputeUnits = 68; NvidiaDriver = "570.195.03"; DriverVersion = 12.8; DevicePciBusId = "0000:DB:00.0"; GlobalMemoryMb = 10823; MaxSupportedVersion = 12080 ]
	Memory = 16384
...
040 (8017966.885.000) 2026-06-21 05:35:52 Started transferring output files
...
040 (8017966.885.000) 2026-06-21 05:35:52 Finished transferring output files
...
004 (8017966.885.000) 2026-06-21 05:35:53 Job was evicted.
	(0) Job terminated and was requeued
		Usr 0 00:00:00, Sys 0 00:00:00  -  Run Remote Usage
		Usr 0 00:00:00, Sys 0 00:00:00  -  Run Local Usage
	121967506  -  Run Bytes Sent By Job
	2904653051  -  Run Bytes Received By Job
	(1) Normal termination (return value 2)
	The job attribute OnExitRemove expression 'NumJobCompletions > JobMaxRetries || ExitCode =?= 0' evaluated to FALSE
...
040 (8017966.885.000) 2026-06-21 05:36:00 Started transferring input files
	Transferring to host: <128.105.68.117:9618?addrs=128.105.68.117-9618+[2607-f388-2200-100-7ec2-55ff-fe9a-b4fa]-9618&alias=gpu4000.chtc.wisc.edu&noUDP&sock=slot2_1_1956795_d8ee_83008>
...
040 (8017966.885.000) 2026-06-21 05:36:16 Finished transferring input files
...
001 (8017966.885.000) 2026-06-21 05:36:16 Job executing on host: <128.105.68.117:9618?addrs=128.105.68.117-9618+[2607-f388-2200-100-7ec2-55ff-fe9a-b4fa]-9618&alias=gpu4000.chtc.wisc.edu&noUDP&sock=startd_674379_7ae3>
	SlotName: slot2_1@gpu4000.chtc.wisc.edu
	AvailableGPUs = { GPUs_GPU_72ec1e89 }
	CondorScratchDir = "/var/lib/condor/execute/slot2/dir_133688/scratch"
	Cpus = 1
	Disk = 16777216
	GPUs = 1
	GPUs_GPU_72ec1e89 = [ Id = "GPU-72ec1e89"; Capability = 8.9; DeviceName = "NVIDIA L40"; DeviceUuid = "72ec1e89-a9fe-478a-f1e6-b8bb1a4b8f5a"; ECCEnabled = true; NvidiaDriver = "570.195.03"; DriverVersion = 12.8; DevicePciBusId = "0000:4F:00.0"; GlobalMemoryMb = 45468; MaxSupportedVersion = 12080 ]
	IoHeavy = 0
	Memory = 16384
...
040 (8017966.885.000) 2026-06-21 05:36:19 Started transferring output files
...
040 (8017966.885.000) 2026-06-21 05:36:19 Finished transferring output files
...
004 (8017966.885.000) 2026-06-21 05:36:20 Job was evicted.
	(0) Job terminated and was requeued
		Usr 0 00:00:02, Sys 0 00:00:00  -  Run Remote Usage
		Usr 0 00:00:00, Sys 0 00:00:00  -  Run Local Usage
	121967478  -  Run Bytes Sent By Job
	2904653051  -  Run Bytes Received By Job
	(1) Normal termination (return value 2)
	The job attribute OnExitRemove expression 'NumJobCompletions > JobMaxRetries || ExitCode =?= 0' evaluated to FALSE
...
040 (8017966.885.000) 2026-06-21 05:38:34 Started transferring input files
	Transferring to host: <128.105.68.166:9618?addrs=128.105.68.166-9618+[2607-f388-2200-100-b62e-99ff-feb7-2e2d]-9618&alias=gpulab2001.chtc.wisc.edu&noUDP&sock=slot2_2_11113_dd1d_52726>
...
040 (8017966.885.000) 2026-06-21 05:38:53 Finished transferring input files
...
001 (8017966.885.000) 2026-06-21 05:38:53 Job executing on host: <128.105.68.166:9618?addrs=128.105.68.166-9618+[2607-f388-2200-100-b62e-99ff-feb7-2e2d]-9618&alias=gpulab2001.chtc.wisc.edu&noUDP&sock=startd_10083_ad84>
	SlotName: slot2_2@gpulab2001.chtc.wisc.edu
	AvailableGPUs = { GPUs_GPU_5498e439 }
	CondorScratchDir = "/var/lib/condor/execute/slot2/dir_956016/scratch"
	Cpus = 1
	Disk = 16777216
	GPUs = 1
	GPUs_GPU_5498e439 = [ Id = "GPU-5498e439"; Capability = 7.5; DeviceName = "NVIDIA GeForce RTX 2080 Ti"; DeviceUuid = "5498e439-bec3-fa72-ed65-a45d5f53e1b5"; ECCEnabled = false; NvidiaDriver = "570.195.03"; DriverVersion = 12.8; DevicePciBusId = "0000:3E:00.0"; GlobalMemoryMb = 10823; MaxSupportedVersion = 12080 ]
	IoHeavy = 0
	Memory = 16384
...
040 (8017966.885.000) 2026-06-21 05:38:57 Started transferring output files
...
040 (8017966.885.000) 2026-06-21 05:38:57 Finished transferring output files
...
005 (8017966.885.000) 2026-06-21 05:38:57 Job terminated.
	(1) Normal termination (return value 2)
		Usr 0 00:00:02, Sys 0 00:00:00  -  Run Remote Usage
		Usr 0 00:00:00, Sys 0 00:00:00  -  Run Local Usage
		Usr 0 00:12:01, Sys 0 00:01:20  -  Total Remote Usage
		Usr 0 00:00:00, Sys 0 00:00:00  -  Total Local Usage
	121967481  -  Run Bytes Sent By Job
	2904653051  -  Run Bytes Received By Job
	1341662203  -  Total Bytes Sent By Job
	31829216573  -  Total Bytes Received By Job
	Partitionable Resources :    Usage  Request Allocated Assigned
	   Cpus                 :        0        1         1 
	   Disk (KB)            :  2836612 16777216  16777216 
	   GPUs                 :        0        1         1 "GPU-5498e439"
	   IoHeavy              :                           0 
	   Memory (MB)          :     1954    16384     16384 
	   TimeExecute (s)      :        4                    
	   TimeSlotBusy (s)     :       23                    
...
