000 (8321903.062.000) 2026-06-26 09:00:08 Job submitted from host: <128.105.68.112:9618?addrs=128.105.68.112-9618+[2607-f388-2200-100-eaeb-d3ff-fea3-4202]-9618&alias=ap2001.chtc.wisc.edu&noUDP&sock=schedd_4071840_2329>
...
040 (8321903.062.000) 2026-06-26 10:28:25 Started transferring input files
	Transferring to host: <128.105.69.63:9618?addrs=128.105.69.63-9618+[2607-f388-2200-100-5aa2-e1ff-febe-455e]-9618&alias=gpu4003.chtc.wisc.edu&noUDP&sock=slot2_6_1549376_4e16_91120>
...
040 (8321903.062.000) 2026-06-26 10:28:44 Finished transferring input files
...
001 (8321903.062.000) 2026-06-26 10:28:45 Job executing on host: <128.105.69.63:9618?addrs=128.105.69.63-9618+[2607-f388-2200-100-5aa2-e1ff-febe-455e]-9618&alias=gpu4003.chtc.wisc.edu&noUDP&sock=startd_3051222_14a9>
	SlotName: slot2_6@gpu4003.chtc.wisc.edu
	AvailableGPUs = { GPUs_GPU_f8d23f80 }
	CondorScratchDir = "/var/lib/condor/execute/slot2/dir_4052046/scratch"
	Cpus = 1
	Disk = 16777216
	GPUs = 1
	GPUs_GPU_f8d23f80 = [ Id = "GPU-f8d23f80"; Capability = 9.0; DeviceName = "NVIDIA H100 80GB HBM3"; DeviceUuid = "f8d23f80-7656-1494-e6f1-22a66463300e"; ECCEnabled = true; NvidiaDriver = "570.195.03"; DriverVersion = 12.8; DevicePciBusId = "0000:AB:00.0"; GlobalMemoryMb = 81089; MaxSupportedVersion = 12080 ]
	IoHeavy = 0
	Memory = 16384
...
006 (8321903.062.000) 2026-06-26 10:28:53 Image size of job updated: 442220
	432  -  MemoryUsage of job (MB)
	442220  -  ResidentSetSize of job (KB)
...
006 (8321903.062.000) 2026-06-26 10:33:53 Image size of job updated: 5781876
	4752  -  MemoryUsage of job (MB)
	4865332  -  ResidentSetSize of job (KB)
...
006 (8321903.062.000) 2026-06-26 10:38:54 Image size of job updated: 6350584
	6202  -  MemoryUsage of job (MB)
	6350564  -  ResidentSetSize of job (KB)
...
006 (8321903.062.000) 2026-06-26 10:43:54 Image size of job updated: 6547828
	6202  -  MemoryUsage of job (MB)
	6350564  -  ResidentSetSize of job (KB)
...
006 (8321903.062.000) 2026-06-26 10:53:56 Image size of job updated: 6937492
	6775  -  MemoryUsage of job (MB)
	6937492  -  ResidentSetSize of job (KB)
...
006 (8321903.062.000) 2026-06-26 10:58:56 Image size of job updated: 7315072
	7144  -  MemoryUsage of job (MB)
	7315072  -  ResidentSetSize of job (KB)
...
040 (8321903.062.000) 2026-06-26 11:16:38 Started transferring output files
...
040 (8321903.062.000) 2026-06-26 11:16:38 Finished transferring output files
...
004 (8321903.062.000) 2026-06-26 11:16:38 Job was evicted.
	(0) Job terminated and was requeued
		Usr 0 01:16:37, Sys 0 00:06:31  -  Run Remote Usage
		Usr 0 00:00:00, Sys 0 00:00:00  -  Run Local Usage
	107460  -  Run Bytes Sent By Job
	2783923959  -  Run Bytes Received By Job
	(1) Normal termination (return value 1)
	The job attribute OnExitRemove expression 'NumJobCompletions > JobMaxRetries || ExitCode =?= 0' evaluated to FALSE
...
040 (8321903.062.000) 2026-06-26 11:17:55 Started transferring input files
	Transferring to host: <128.104.103.104:9618?addrs=128.104.103.104-9618+[2607-f388-107c-501-ae1f-6bff-fe40-ce2e]-9618&alias=gitter0000.chtc.wisc.edu&noUDP&sock=slot2_1_129117_5b5c_1573>
...
040 (8321903.062.000) 2026-06-26 11:19:02 Finished transferring input files
...
001 (8321903.062.000) 2026-06-26 11:19:02 Job executing on host: <128.104.103.104:9618?addrs=128.104.103.104-9618+[2607-f388-107c-501-ae1f-6bff-fe40-ce2e]-9618&alias=gitter0000.chtc.wisc.edu&noUDP&sock=startd_8665_0c39>
	SlotName: slot2_1@gitter0000.chtc.wisc.edu
	AvailableGPUs = { GPUs_GPU_272cc33a }
	CondorScratchDir = "/var/lib/condor/execute/slot2/dir_1052647/scratch"
	Cpus = 1
	Disk = 16777216
	GPUs = 1
	GPUs_GPU_272cc33a = [ Id = "GPU-272cc33a"; Capability = 6.1; DeviceName = "NVIDIA GeForce GTX 1080 Ti"; DeviceUuid = "272cc33a-aa36-c52e-632e-1d0ff0d0c75a"; ECCEnabled = false; NvidiaDriver = "570.195.03"; DriverVersion = 12.8; DevicePciBusId = "0000:3B:00.0"; GlobalMemoryMb = 11165; MaxSupportedVersion = 12080 ]
	IoHeavy = 0
	Memory = 16384
...
023 (8321903.062.000) 2026-06-26 12:07:35 Job reconnected to slot2_1@gitter0000.chtc.wisc.edu
    startd address: <128.104.103.104:9618?addrs=128.104.103.104-9618+[2607-f388-107c-501-ae1f-6bff-fe40-ce2e]-9618&alias=gitter0000.chtc.wisc.edu&noUDP&sock=startd_8665_0c39>
    starter address: <128.104.103.104:9618?addrs=128.104.103.104-9618+[2607-f388-107c-501-ae1f-6bff-fe40-ce2e]-9618&alias=gitter0000.chtc.wisc.edu&noUDP&sock=slot2_1_129117_5b5c_1573>
...
004 (8321903.062.000) 2026-06-26 12:33:09 Job was evicted.
	(0) Job terminated and was requeued
		Usr 0 01:30:07, Sys 0 00:01:39  -  Run Remote Usage
		Usr 0 00:00:00, Sys 0 00:00:00  -  Run Local Usage
	107481  -  Run Bytes Sent By Job
	0  -  Run Bytes Received By Job
	(1) Normal termination (return value 1)
	The job attribute OnExitRemove expression 'NumJobCompletions > JobMaxRetries || ExitCode =?= 0' evaluated to FALSE
...
040 (8321903.062.000) 2026-06-26 12:33:34 Started transferring input files
	Transferring to host: <10.1.1.139:40557?CCBID=128.105.82.148:9618%3faddrs%3d128.105.82.148-9618+[2607-f388-2200-9d-7ccb-bc08-2489-7689]-9618%26alias%3dospool-ccb.osg.chtc.io%26noUDP%26sock%3dcollector5#5045323%2067.58.49.91:9618%3faddrs%3d67.58.49.91-9618+[fdf0-17b3-c3ec-1f79-10-0-5-5b18]-9618%26alias%3dccb-2.ospool.osg-htc.org%26noUDP%26sock%3dcollector7#5042230&PrivNet=gpu09&addrs=10.1.1.139-40557&alias=gpu09&noUDP>
...
040 (8321903.062.000) 2026-06-26 12:34:11 Finished transferring input files
...
021 (8321903.062.000) 2026-06-26 12:34:12 Message from starter on slot1_4@glidein_1751986_523020708@gpu09:
	PREPARE_JOB (prepare-hook) succeeded (reported status 000): Using Singularity image openfe_1.11.1.sif
...
001 (8321903.062.000) 2026-06-26 12:34:12 Job executing on host: <10.1.1.139:34767?CCBID=128.105.82.148:9618%3faddrs%3d128.105.82.148-9618+[2607-f388-2200-9d-7ccb-bc08-2489-7689]-9618%26alias%3dospool-ccb.osg.chtc.io%26noUDP%26sock%3dcollector2#4913893%2067.58.49.91:9618%3faddrs%3d67.58.49.91-9618+[fdf0-17b3-c3ec-1f79-10-0-5-5b18]-9618%26alias%3dccb-2.ospool.osg-htc.org%26noUDP%26sock%3dcollector4#4905558&PrivNet=gpu09&addrs=10.1.1.139-34767&alias=gpu09&noUDP>
	SlotName: slot1_4@glidein_1751986_523020708@gpu09
	AvailableGPUs = { GPUs_GPU_4827281e }
	CondorScratchDir = "/tmp/glide_ov0V0R/execute/dir_2510448/scratch"
	Cpus = 1
	Disk = 16777216
	GPUs = 1
	GPUs_GPU_4827281e = [ Id = "GPU-4827281e"; ClockMhz = 1695.0; Capability = 8.6; CoresPerCU = 128; DeviceName = "NVIDIA RTX A5000"; DeviceUuid = "4827281e-d305-a5ac-bd29-2aac21f49ea6"; ECCEnabled = false; ComputeUnits = 64; NvidiaDriver = "595.71.05"; DriverVersion = 13.2; DevicePciBusId = "0000:C1:00.0"; GlobalMemoryMb = 24361; MaxSupportedVersion = 13020 ]
	Memory = 16384
...
006 (8321903.062.000) 2026-06-26 12:39:20 Image size of job updated: 27758276
	7325  -  MemoryUsage of job (MB)
	7500000  -  ResidentSetSize of job (KB)
...
006 (8321903.062.000) 2026-06-26 12:44:20 Image size of job updated: 31849784
	7325  -  MemoryUsage of job (MB)
	7500000  -  ResidentSetSize of job (KB)
...
006 (8321903.062.000) 2026-06-26 12:49:21 Image size of job updated: 36749160
	7325  -  MemoryUsage of job (MB)
	7500000  -  ResidentSetSize of job (KB)
...
006 (8321903.062.000) 2026-06-26 12:54:21 Image size of job updated: 39013832
	7325  -  MemoryUsage of job (MB)
	7500000  -  ResidentSetSize of job (KB)
...
006 (8321903.062.000) 2026-06-26 13:09:23 Image size of job updated: 39848632
	7325  -  MemoryUsage of job (MB)
	7500000  -  ResidentSetSize of job (KB)
...
006 (8321903.062.000) 2026-06-26 13:19:24 Image size of job updated: 40391988
	7835  -  MemoryUsage of job (MB)
	8022440  -  ResidentSetSize of job (KB)
...
006 (8321903.062.000) 2026-06-26 13:20:52 Image size of job updated: 40538344
	7835  -  MemoryUsage of job (MB)
	8022440  -  ResidentSetSize of job (KB)
...
040 (8321903.062.000) 2026-06-26 13:20:53 Started transferring output files
...
040 (8321903.062.000) 2026-06-26 13:20:53 Finished transferring output files
...
004 (8321903.062.000) 2026-06-26 13:20:54 Job was evicted.
	(0) Job terminated and was requeued
		Usr 0 00:52:22, Sys 0 00:00:33  -  Run Remote Usage
		Usr 0 00:00:00, Sys 0 00:00:00  -  Run Local Usage
	100259  -  Run Bytes Sent By Job
	2783923959  -  Run Bytes Received By Job
	(1) Normal termination (return value 1)
	The job attribute OnExitRemove expression 'NumJobCompletions > JobMaxRetries || ExitCode =?= 0' evaluated to FALSE
...
040 (8321903.062.000) 2026-06-26 13:20:56 Started transferring input files
	Transferring to host: <128.104.100.117:9618?addrs=128.104.100.117-9618+[2607-f388-107c-501-8ae9-a4ff-fe02-e150]-9618&alias=jcaicedogpu0003.chtc.wisc.edu&noUDP&sock=backfill1_6_1577952_aea0_135>
...
040 (8321903.062.000) 2026-06-26 13:21:09 Finished transferring input files
...
001 (8321903.062.000) 2026-06-26 13:21:09 Job executing on host: <128.104.100.117:9618?addrs=128.104.100.117-9618+[2607-f388-107c-501-8ae9-a4ff-fe02-e150]-9618&alias=jcaicedogpu0003.chtc.wisc.edu&noUDP&sock=startd_10874_3cee>
	SlotName: backfill1_6@jcaicedogpu0003.chtc.wisc.edu
	AvailableGPUs = { GPUs_GPU_f577c034 }
	CondorScratchDir = "/var/lib/condor/execute/slot1/dir_1731106/scratch"
	Cpus = 1
	Disk = 16777216
	GPUs = 1
	GPUs_GPU_f577c034 = [ Id = "GPU-f577c034"; Capability = 8.9; DeviceName = "NVIDIA L40S"; DeviceUuid = "f577c034-8bd1-f1b7-ffec-c5a5f820bb55"; ECCEnabled = true; NvidiaDriver = "570.195.03"; DriverVersion = 12.8; DevicePciBusId = "0000:41:00.0"; GlobalMemoryMb = 45468; MaxSupportedVersion = 12080 ]
	IoHeavy = 0
	Memory = 16384
...
040 (8321903.062.000) 2026-06-26 13:47:38 Started transferring output files
...
040 (8321903.062.000) 2026-06-26 13:47:38 Finished transferring output files
...
004 (8321903.062.000) 2026-06-26 13:47:39 Job was evicted.
	(0) Job terminated and was requeued
		Usr 0 00:30:21, Sys 0 00:01:27  -  Run Remote Usage
		Usr 0 00:00:00, Sys 0 00:00:00  -  Run Local Usage
	107491  -  Run Bytes Sent By Job
	2783923959  -  Run Bytes Received By Job
	(1) Normal termination (return value 1)
	The job attribute OnExitRemove expression 'NumJobCompletions > JobMaxRetries || ExitCode =?= 0' evaluated to FALSE
...
040 (8321903.062.000) 2026-06-26 13:49:30 Started transferring input files
	Transferring to host: <10.1.1.138:36617?CCBID=128.105.82.148:9618%3faddrs%3d128.105.82.148-9618+[2607-f388-2200-9d-7ccb-bc08-2489-7689]-9618%26alias%3dospool-ccb.osg.chtc.io%26noUDP%26sock%3dcollector8#5062621%2067.58.49.91:9618%3faddrs%3d67.58.49.91-9618+[fdf0-17b3-c3ec-1f79-10-0-5-5b18]-9618%26alias%3dccb-2.ospool.osg-htc.org%26noUDP%26sock%3dcollector8#5055828&PrivNet=gpu08&addrs=10.1.1.138-36617&alias=gpu08&noUDP>
...
040 (8321903.062.000) 2026-06-26 13:50:21 Finished transferring input files
...
021 (8321903.062.000) 2026-06-26 13:50:22 Message from starter on slot1_2@glidein_2337870_491908820@gpu08:
	PREPARE_JOB (prepare-hook) succeeded (reported status 000): Using Singularity image openfe_1.11.1.sif
...
001 (8321903.062.000) 2026-06-26 13:50:22 Job executing on host: <10.1.1.138:46689?CCBID=128.105.82.148:9618%3faddrs%3d128.105.82.148-9618+[2607-f388-2200-9d-7ccb-bc08-2489-7689]-9618%26alias%3dospool-ccb.osg.chtc.io%26noUDP%26sock%3dcollector8#5026819%2067.58.49.91:9618%3faddrs%3d67.58.49.91-9618+[fdf0-17b3-c3ec-1f79-10-0-5-5b18]-9618%26alias%3dccb-2.ospool.osg-htc.org%26noUDP%26sock%3dcollector6#5019710&PrivNet=gpu08&addrs=10.1.1.138-46689&alias=gpu08&noUDP>
	SlotName: slot1_2@glidein_2337870_491908820@gpu08
	AvailableGPUs = { GPUs_GPU_e6c729b0 }
	CondorScratchDir = "/tmp/glide_pzOVmy/execute/dir_2595950/scratch"
	Cpus = 1
	Disk = 16777216
	GPUs = 1
	GPUs_GPU_e6c729b0 = [ Id = "GPU-e6c729b0"; ClockMhz = 1695.0; Capability = 8.6; CoresPerCU = 128; DeviceName = "NVIDIA RTX A5000"; DeviceUuid = "e6c729b0-9b5b-51d1-736b-fafcb9793beb"; ECCEnabled = false; ComputeUnits = 64; NvidiaDriver = "610.43.02"; DriverVersion = 13.3; DevicePciBusId = "0000:41:00.0"; GlobalMemoryMb = 24361; MaxSupportedVersion = 13030 ]
	Memory = 16384
...
040 (8321903.062.000) 2026-06-26 15:28:15 Started transferring output files
...
040 (8321903.062.000) 2026-06-26 15:28:15 Finished transferring output files
...
004 (8321903.062.000) 2026-06-26 15:28:17 Job was evicted.
	(0) Job terminated and was requeued
		Usr 0 01:52:08, Sys 0 00:00:55  -  Run Remote Usage
		Usr 0 00:00:00, Sys 0 00:00:00  -  Run Local Usage
	100259  -  Run Bytes Sent By Job
	2783923959  -  Run Bytes Received By Job
	(1) Normal termination (return value 1)
	The job attribute OnExitRemove expression 'NumJobCompletions > JobMaxRetries || ExitCode =?= 0' evaluated to FALSE
...
040 (8321903.062.000) 2026-06-26 15:29:34 Started transferring input files
	Transferring to host: <10.1.1.138:42475?CCBID=128.105.82.148:9618%3faddrs%3d128.105.82.148-9618+[2607-f388-2200-9d-7ccb-bc08-2489-7689]-9618%26alias%3dospool-ccb.osg.chtc.io%26noUDP%26sock%3dcollector3#5081350%2067.58.49.91:9618%3faddrs%3d67.58.49.91-9618+[fdf0-17b3-c3ec-1f79-10-0-5-5b18]-9618%26alias%3dccb-2.ospool.osg-htc.org%26noUDP%26sock%3dcollector1#5069591&PrivNet=gpu08&addrs=10.1.1.138-42475&alias=gpu08&noUDP>
...
040 (8321903.062.000) 2026-06-26 15:29:55 Finished transferring input files
...
021 (8321903.062.000) 2026-06-26 15:29:56 Message from starter on slot1_2@glidein_2337870_491908820@gpu08:
	PREPARE_JOB (prepare-hook) succeeded (reported status 000): Using Singularity image openfe_1.11.1.sif
...
001 (8321903.062.000) 2026-06-26 15:29:56 Job executing on host: <10.1.1.138:46689?CCBID=128.105.82.148:9618%3faddrs%3d128.105.82.148-9618+[2607-f388-2200-9d-7ccb-bc08-2489-7689]-9618%26alias%3dospool-ccb.osg.chtc.io%26noUDP%26sock%3dcollector8#5026819%2067.58.49.91:9618%3faddrs%3d67.58.49.91-9618+[fdf0-17b3-c3ec-1f79-10-0-5-5b18]-9618%26alias%3dccb-2.ospool.osg-htc.org%26noUDP%26sock%3dcollector6#5019710&PrivNet=gpu08&addrs=10.1.1.138-46689&alias=gpu08&noUDP>
	SlotName: slot1_2@glidein_2337870_491908820@gpu08
	AvailableGPUs = { GPUs_GPU_e6c729b0 }
	CondorScratchDir = "/tmp/glide_pzOVmy/execute/dir_2683600/scratch"
	Cpus = 1
	Disk = 16777216
	GPUs = 1
	GPUs_GPU_e6c729b0 = [ Id = "GPU-e6c729b0"; ClockMhz = 1695.0; Capability = 8.6; CoresPerCU = 128; DeviceName = "NVIDIA RTX A5000"; DeviceUuid = "e6c729b0-9b5b-51d1-736b-fafcb9793beb"; ECCEnabled = false; ComputeUnits = 64; NvidiaDriver = "610.43.02"; DriverVersion = 13.3; DevicePciBusId = "0000:41:00.0"; GlobalMemoryMb = 24361; MaxSupportedVersion = 13030 ]
	Memory = 16384
...
040 (8321903.062.000) 2026-06-26 16:42:22 Started transferring output files
...
040 (8321903.062.000) 2026-06-26 16:42:22 Finished transferring output files
...
004 (8321903.062.000) 2026-06-26 16:42:23 Job was evicted.
	(0) Job terminated and was requeued
		Usr 0 01:16:24, Sys 0 00:00:37  -  Run Remote Usage
		Usr 0 00:00:00, Sys 0 00:00:00  -  Run Local Usage
	100259  -  Run Bytes Sent By Job
	2783923959  -  Run Bytes Received By Job
	(1) Normal termination (return value 1)
	The job attribute OnExitRemove expression 'NumJobCompletions > JobMaxRetries || ExitCode =?= 0' evaluated to FALSE
...
040 (8321903.062.000) 2026-06-26 16:42:48 Started transferring input files
	Transferring to host: <128.105.68.117:9618?addrs=128.105.68.117-9618+[2607-f388-2200-100-7ec2-55ff-fe9a-b4fa]-9618&alias=gpu4000.chtc.wisc.edu&noUDP&sock=slot2_6_2233479_c161_1493>
...
040 (8321903.062.000) 2026-06-26 16:43:01 Finished transferring input files
...
001 (8321903.062.000) 2026-06-26 16:43:01 Job executing on host: <128.105.68.117:9618?addrs=128.105.68.117-9618+[2607-f388-2200-100-7ec2-55ff-fe9a-b4fa]-9618&alias=gpu4000.chtc.wisc.edu&noUDP&sock=startd_674379_7ae3>
	SlotName: slot2_6@gpu4000.chtc.wisc.edu
	AvailableGPUs = { GPUs_GPU_446491ee }
	CondorScratchDir = "/var/lib/condor/execute/slot2/dir_1229160/scratch"
	Cpus = 1
	Disk = 16777216
	GPUs = 1
	GPUs_GPU_446491ee = [ Id = "GPU-446491ee"; Capability = 8.9; DeviceName = "NVIDIA L40"; DeviceUuid = "446491ee-8bae-af13-9de2-63ba0ff9b62e"; ECCEnabled = true; NvidiaDriver = "570.195.03"; DriverVersion = 12.8; DevicePciBusId = "0000:CE:00.0"; GlobalMemoryMb = 45468; MaxSupportedVersion = 12080 ]
	IoHeavy = 0
	Memory = 16384
...
040 (8321903.062.000) 2026-06-26 17:22:18 Started transferring output files
...
040 (8321903.062.000) 2026-06-26 17:22:18 Finished transferring output files
...
004 (8321903.062.000) 2026-06-26 17:22:18 Job was evicted.
	(0) Job terminated and was requeued
		Usr 0 00:50:10, Sys 0 00:01:40  -  Run Remote Usage
		Usr 0 00:00:00, Sys 0 00:00:00  -  Run Local Usage
	107461  -  Run Bytes Sent By Job
	2783923959  -  Run Bytes Received By Job
	(1) Normal termination (return value 1)
	The job attribute OnExitRemove expression 'NumJobCompletions > JobMaxRetries || ExitCode =?= 0' evaluated to FALSE
...
040 (8321903.062.000) 2026-06-26 17:22:39 Started transferring input files
	Transferring to host: <128.105.68.117:9618?addrs=128.105.68.117-9618+[2607-f388-2200-100-7ec2-55ff-fe9a-b4fa]-9618&alias=gpu4000.chtc.wisc.edu&noUDP&sock=slot2_6_2233479_c161_1611>
...
040 (8321903.062.000) 2026-06-26 17:22:52 Finished transferring input files
...
001 (8321903.062.000) 2026-06-26 17:22:52 Job executing on host: <128.105.68.117:9618?addrs=128.105.68.117-9618+[2607-f388-2200-100-7ec2-55ff-fe9a-b4fa]-9618&alias=gpu4000.chtc.wisc.edu&noUDP&sock=startd_674379_7ae3>
	SlotName: slot2_6@gpu4000.chtc.wisc.edu
	AvailableGPUs = { GPUs_GPU_446491ee }
	CondorScratchDir = "/var/lib/condor/execute/slot2/dir_1323109/scratch"
	Cpus = 1
	Disk = 16777216
	GPUs = 1
	GPUs_GPU_446491ee = [ Id = "GPU-446491ee"; Capability = 8.9; DeviceName = "NVIDIA L40"; DeviceUuid = "446491ee-8bae-af13-9de2-63ba0ff9b62e"; ECCEnabled = true; NvidiaDriver = "570.195.03"; DriverVersion = 12.8; DevicePciBusId = "0000:CE:00.0"; GlobalMemoryMb = 45468; MaxSupportedVersion = 12080 ]
	IoHeavy = 0
	Memory = 16384
...
040 (8321903.062.000) 2026-06-26 18:00:37 Started transferring output files
...
040 (8321903.062.000) 2026-06-26 18:00:37 Finished transferring output files
...
004 (8321903.062.000) 2026-06-26 18:00:37 Job was evicted.
	(0) Job terminated and was requeued
		Usr 0 00:50:39, Sys 0 00:01:38  -  Run Remote Usage
		Usr 0 00:00:00, Sys 0 00:00:00  -  Run Local Usage
	107462  -  Run Bytes Sent By Job
	2783923959  -  Run Bytes Received By Job
	(1) Normal termination (return value 1)
	The job attribute OnExitRemove expression 'NumJobCompletions > JobMaxRetries || ExitCode =?= 0' evaluated to FALSE
...
040 (8321903.062.000) 2026-06-26 18:00:57 Started transferring input files
	Transferring to host: <128.104.103.104:9618?addrs=128.104.103.104-9618+[2607-f388-107c-501-ae1f-6bff-fe40-ce2e]-9618&alias=gitter0000.chtc.wisc.edu&noUDP&sock=slot2_2_129117_5b5c_2322>
...
040 (8321903.062.000) 2026-06-26 18:01:31 Finished transferring input files
...
001 (8321903.062.000) 2026-06-26 18:01:31 Job executing on host: <128.104.103.104:9618?addrs=128.104.103.104-9618+[2607-f388-107c-501-ae1f-6bff-fe40-ce2e]-9618&alias=gitter0000.chtc.wisc.edu&noUDP&sock=startd_8665_0c39>
	SlotName: slot2_2@gitter0000.chtc.wisc.edu
	AvailableGPUs = { GPUs_GPU_af91605c }
	CondorScratchDir = "/var/lib/condor/execute/slot2/dir_1895652/scratch"
	Cpus = 1
	Disk = 16777216
	GPUs = 1
	GPUs_GPU_af91605c = [ Id = "GPU-af91605c"; Capability = 6.1; DeviceName = "NVIDIA GeForce GTX 1080 Ti"; DeviceUuid = "af91605c-1ae8-2336-ce6b-a06264e7ec50"; ECCEnabled = false; NvidiaDriver = "570.195.03"; DriverVersion = 12.8; DevicePciBusId = "0000:5E:00.0"; GlobalMemoryMb = 11165; MaxSupportedVersion = 12080 ]
	IoHeavy = 0
	Memory = 16384
...
040 (8321903.062.000) 2026-06-26 19:13:37 Started transferring output files
...
040 (8321903.062.000) 2026-06-26 19:13:37 Finished transferring output files
...
004 (8321903.062.000) 2026-06-26 19:13:38 Job was evicted.
	(0) Job terminated and was requeued
		Usr 0 01:21:25, Sys 0 00:01:34  -  Run Remote Usage
		Usr 0 00:00:00, Sys 0 00:00:00  -  Run Local Usage
	107483  -  Run Bytes Sent By Job
	2783923959  -  Run Bytes Received By Job
	(1) Normal termination (return value 1)
	The job attribute OnExitRemove expression 'NumJobCompletions > JobMaxRetries || ExitCode =?= 0' evaluated to FALSE
...
040 (8321903.062.000) 2026-06-26 19:14:46 Started transferring input files
	Transferring to host: <128.105.68.5:9618?addrs=128.105.68.5-9618+[2607-f388-2200-100-eaeb-d3ff-fe53-f4a0]-9618&alias=gpulab2005.chtc.wisc.edu&noUDP&sock=slot2_4_2487031_13a7_90899>
...
040 (8321903.062.000) 2026-06-26 19:15:03 Finished transferring input files
...
001 (8321903.062.000) 2026-06-26 19:15:03 Job executing on host: <128.105.68.5:9618?addrs=128.105.68.5-9618+[2607-f388-2200-100-eaeb-d3ff-fe53-f4a0]-9618&alias=gpulab2005.chtc.wisc.edu&noUDP&sock=startd_12121_9388>
	SlotName: slot2_4@gpulab2005.chtc.wisc.edu
	AvailableGPUs = { GPUs_GPU_fb408d80 }
	CondorScratchDir = "/var/lib/condor/execute/slot2/dir_3304265/scratch"
	Cpus = 1
	Disk = 16777216
	GPUs = 1
	GPUs_GPU_fb408d80 = [ Id = "GPU-fb408d80"; Capability = 8.0; DeviceName = "NVIDIA A100-SXM4-40GB"; DeviceUuid = "fb408d80-a280-f774-c4b8-7390fd55f4c0"; ECCEnabled = true; NvidiaDriver = "570.195.03"; DriverVersion = 12.8; DevicePciBusId = "0000:C1:00.0"; GlobalMemoryMb = 40442; MaxSupportedVersion = 12080 ]
	IoHeavy = 0
	Memory = 16384
...
040 (8321903.062.000) 2026-06-26 19:58:57 Started transferring output files
...
040 (8321903.062.000) 2026-06-26 19:58:57 Finished transferring output files
...
004 (8321903.062.000) 2026-06-26 19:58:58 Job was evicted.
	(0) Job terminated and was requeued
		Usr 0 00:55:22, Sys 0 00:02:56  -  Run Remote Usage
		Usr 0 00:00:00, Sys 0 00:00:00  -  Run Local Usage
	107471  -  Run Bytes Sent By Job
	2783923959  -  Run Bytes Received By Job
	(1) Normal termination (return value 1)
	The job attribute OnExitRemove expression 'NumJobCompletions > JobMaxRetries || ExitCode =?= 0' evaluated to FALSE
...
040 (8321903.062.000) 2026-06-26 19:59:16 Started transferring input files
	Transferring to host: <198.86.180.16:33553?CCBID=128.105.82.148:9618%3faddrs%3d128.105.82.148-9618+[2607-f388-2200-9d-7ccb-bc08-2489-7689]-9618%26alias%3dospool-ccb.osg.chtc.io%26noUDP%26sock%3dcollector9#5124781%2067.58.49.91:9618%3faddrs%3d67.58.49.91-9618+[fdf0-17b3-c3ec-1f79-10-0-5-5b18]-9618%26alias%3dccb-2.ospool.osg-htc.org%26noUDP%26sock%3dcollector7#5115042&PrivNet=compute-gpu-03&addrs=198.86.180.16-33553&alias=compute-gpu-03&noUDP>
...
040 (8321903.062.000) 2026-06-26 19:59:34 Finished transferring input files
...
021 (8321903.062.000) 2026-06-26 19:59:35 Message from starter on slot1_1@glidein_4100939_733340160@compute-gpu-03:
	PREPARE_JOB (prepare-hook) succeeded (reported status 000): Using Singularity image openfe_1.11.1.sif
...
001 (8321903.062.000) 2026-06-26 19:59:35 Job executing on host: <198.86.180.16:41395?CCBID=128.105.82.148:9618%3faddrs%3d128.105.82.148-9618+[2607-f388-2200-9d-7ccb-bc08-2489-7689]-9618%26alias%3dospool-ccb.osg.chtc.io%26noUDP%26sock%3dcollector3#5108401%2067.58.49.91:9618%3faddrs%3d67.58.49.91-9618+[fdf0-17b3-c3ec-1f79-10-0-5-5b18]-9618%26alias%3dccb-2.ospool.osg-htc.org%26noUDP%26sock%3dcollector7#5096361&PrivNet=compute-gpu-03&addrs=198.86.180.16-41395&alias=compute-gpu-03&noUDP>
	SlotName: slot1_1@glidein_4100939_733340160@compute-gpu-03
	AvailableGPUs = { GPUs_GPU_3419c6b0 }
	CondorScratchDir = "/scratch/glide_CiHj4u/execute/dir_308663/scratch"
	Cpus = 1
	Disk = 16777216
	GPUs = 1
	GPUs_GPU_3419c6b0 = [ Id = "GPU-3419c6b0"; ClockMhz = 1980.0; Capability = 9.0; CoresPerCU = 128; DeviceName = "NVIDIA H200"; DeviceUuid = "3419c6b0-e42e-5548-9dca-732e8f4c4a0b"; ECCEnabled = true; ComputeUnits = 132; NvidiaDriver = "580.126.20"; DriverVersion = 13.0; DevicePciBusId = "0000:18:00.0"; GlobalMemoryMb = 143156; MaxSupportedVersion = 13000 ]
	Memory = 16384
...
006 (8321903.062.000) 2026-06-26 20:04:45 Image size of job updated: 64104184
	9766  -  MemoryUsage of job (MB)
	10000000  -  ResidentSetSize of job (KB)
...
006 (8321903.062.000) 2026-06-26 20:09:45 Image size of job updated: 64673000
	9766  -  MemoryUsage of job (MB)
	10000000  -  ResidentSetSize of job (KB)
...
006 (8321903.062.000) 2026-06-26 20:14:46 Image size of job updated: 67579996
	9766  -  MemoryUsage of job (MB)
	10000000  -  ResidentSetSize of job (KB)
...
006 (8321903.062.000) 2026-06-26 20:19:46 Image size of job updated: 76039728
	9766  -  MemoryUsage of job (MB)
	10000000  -  ResidentSetSize of job (KB)
...
006 (8321903.062.000) 2026-06-26 20:34:47 Image size of job updated: 76786956
	9766  -  MemoryUsage of job (MB)
	10000000  -  ResidentSetSize of job (KB)
...
006 (8321903.062.000) 2026-06-26 20:39:47 Image size of job updated: 76962436
	9766  -  MemoryUsage of job (MB)
	10000000  -  ResidentSetSize of job (KB)
...
006 (8321903.062.000) 2026-06-26 20:52:33 Image size of job updated: 77551428
	9766  -  MemoryUsage of job (MB)
	10000000  -  ResidentSetSize of job (KB)
...
040 (8321903.062.000) 2026-06-26 20:52:34 Started transferring output files
...
040 (8321903.062.000) 2026-06-26 20:52:34 Finished transferring output files
...
005 (8321903.062.000) 2026-06-26 20:52:34 Job terminated.
	(1) Normal termination (return value 1)
		Usr 0 00:59:18, Sys 0 00:01:15  -  Run Remote Usage
		Usr 0 00:00:00, Sys 0 00:00:00  -  Run Local Usage
		Usr 0 13:08:05, Sys 0 00:21:43  -  Total Remote Usage
		Usr 0 00:00:00, Sys 0 00:00:00  -  Total Local Usage
	100153  -  Run Bytes Sent By Job
	2783923959  -  Run Bytes Received By Job
	1153239  -  Total Bytes Sent By Job
	30623163549  -  Total Bytes Received By Job
	Partitionable Resources :      Usage  Request Allocated Assigned
	   Cpus                 :       1.00        1         1 
	   Disk (KB)            : 3200120    16777216  16777216 
	   GPUs                 :       0.11        1         1 "GPU-3419c6b0"
	   GpusMemory (MB)      :    9607                       
	   Memory (MB)          :    9766       16384     16384 
	   TimeExecute (s)      :    3178                       
	   TimeSlotBusy (s)     :    3199                       
...
