000 (8018100.076.000) 2026-06-21 13:37:20 Job submitted from host: <128.105.68.112:9618?addrs=128.105.68.112-9618+[2607-f388-2200-100-eaeb-d3ff-fea3-4202]-9618&alias=ap2001.chtc.wisc.edu&noUDP&sock=schedd_4071840_2329>
...
040 (8018100.076.000) 2026-06-21 14:08:45 Started transferring input files
	Transferring to host: <10.1.1.131:37059?CCBID=128.105.82.148:9618%3faddrs%3d128.105.82.148-9618+[2607-f388-2200-9d-7ccb-bc08-2489-768a]-9618%26alias%3dospool-ccb.osg.chtc.io%26noUDP%26sock%3dcollector5#4326418%2067.58.49.91:9618%3faddrs%3d67.58.49.91-9618+[fdf0-17b3-c3ec-1f79-10-0-e-b69d]-9618%26alias%3dccb-2.ospool.osg-htc.org%26noUDP%26sock%3dcollector1#4322461&PrivNet=gpu01&addrs=10.1.1.131-37059&alias=gpu01&noUDP>
...
040 (8018100.076.000) 2026-06-21 14:09:02 Finished transferring input files
...
021 (8018100.076.000) 2026-06-21 14:09:03 Message from starter on slot1_1@glidein_2647050_104374788@gpu01:
	PREPARE_JOB (prepare-hook) succeeded (reported status 000): Using Singularity image openfe_1.11.1.sif
...
001 (8018100.076.000) 2026-06-21 14:09:03 Job executing on host: <10.1.1.131:41341?CCBID=128.105.82.148:9618%3faddrs%3d128.105.82.148-9618+[2607-f388-2200-9d-7ccb-bc08-2489-768a]-9618%26alias%3dospool-ccb.osg.chtc.io%26noUDP%26sock%3dcollector6#4331254%2067.58.49.91:9618%3faddrs%3d67.58.49.91-9618+[fdf0-17b3-c3ec-1f79-10-0-e-b69d]-9618%26alias%3dccb-2.ospool.osg-htc.org%26noUDP%26sock%3dcollector2#4325785&PrivNet=gpu01&addrs=10.1.1.131-41341&alias=gpu01&noUDP>
	SlotName: slot1_1@glidein_2647050_104374788@gpu01
	AvailableGPUs = { GPUs_GPU_23ecf0d7 }
	CondorScratchDir = "/tmp/glide_CcP9XM/execute/dir_2672375/scratch"
	Cpus = 1
	Disk = 16777216
	GPUs = 1
	GPUs_GPU_23ecf0d7 = [ Id = "GPU-23ecf0d7"; ClockMhz = 1740.0; Capability = 8.6; CoresPerCU = 128; DeviceName = "NVIDIA A40"; DeviceUuid = "23ecf0d7-cfa9-de5a-f254-f54e1a8da719"; ECCEnabled = true; ComputeUnits = 84; NvidiaDriver = "595.71.05"; DriverVersion = 13.2; DevicePciBusId = "0000:01:00.0"; GlobalMemoryMb = 45739; MaxSupportedVersion = 13020 ]
	Memory = 16384
...
006 (8018100.076.000) 2026-06-21 14:09:06 Image size of job updated: 4382024
	75  -  MemoryUsage of job (MB)
	76480  -  ResidentSetSize of job (KB)
...
040 (8018100.076.000) 2026-06-21 14:09:06 Started transferring output files
...
040 (8018100.076.000) 2026-06-21 14:09:06 Finished transferring output files
...
004 (8018100.076.000) 2026-06-21 14:09:07 Job was evicted.
	(0) Job terminated and was requeued
		Usr 0 00:00:01, Sys 0 00:00:00  -  Run Remote Usage
		Usr 0 00:00:00, Sys 0 00:00:00  -  Run Local Usage
	549  -  Run Bytes Sent By Job
	2781897396  -  Run Bytes Received By Job
	(1) Normal termination (return value 2)
	The job attribute OnExitRemove expression 'NumJobCompletions > JobMaxRetries || ExitCode =?= 0' evaluated to FALSE
...
040 (8018100.076.000) 2026-06-21 14:12:38 Started transferring input files
	Transferring to host: <128.104.103.104:9618?addrs=128.104.103.104-9618+[2607-f388-107c-501-ae1f-6bff-fe40-ce2e]-9618&alias=gitter0000.chtc.wisc.edu&noUDP&sock=backfill1_1_8979_4486_8521>
...
040 (8018100.076.000) 2026-06-21 14:13:40 Finished transferring input files
...
022 (8018100.076.000) 2026-06-21 14:13:40 Job disconnected, attempting to reconnect
    Socket between submit and execute hosts closed unexpectedly
    Trying to reconnect to backfill1_1@gitter0000.chtc.wisc.edu <128.104.103.104:9618?addrs=128.104.103.104-9618+[2607-f388-107c-501-ae1f-6bff-fe40-ce2e]-9618&alias=gitter0000.chtc.wisc.edu&noUDP&sock=startd_8665_0c39>
...
024 (8018100.076.000) 2026-06-21 14:13:44 Job reconnection failed
    Job not found at execution machine
    Can not reconnect to backfill1_1@gitter0000.chtc.wisc.edu, rescheduling job
...
004 (8018100.076.000) 2026-06-21 14:13:44 Job was evicted. Code 1008 Subcode 0
	(0) CPU times
		Usr 0 00:00:00, Sys 0 00:00:00  -  Run Remote Usage
		Usr 0 00:00:00, Sys 0 00:00:00  -  Run Local Usage
	0  -  Run Bytes Sent By Job
	0  -  Run Bytes Received By Job
	Reason: Job not found at execution machine
	Partitionable Resources :    Usage  Request Allocated Assigned
	   Cpus                 :        0        1         1 
	   Disk (KB)            :  1786401 16777216  16777216 
	   GPUs                 :                 1         1 "GPU-eb8665c4"
	   IoHeavy              :                           0 
	   Memory (MB)          :       98    16384     16384 
	   TimeExecute (s)      :        3                    
	   TimeSlotBusy (s)     :       22                    
...
040 (8018100.076.000) 2026-06-21 14:15:13 Started transferring input files
	Transferring to host: <128.104.100.53:9618?addrs=128.104.100.53-9618+[2607-f388-107c-501-7ec2-55ff-fe99-a2b0]-9618&alias=jcaicedogpu0001.chtc.wisc.edu&noUDP&sock=backfill1_8_12775_e4a1_9329>
...
040 (8018100.076.000) 2026-06-21 14:15:26 Finished transferring input files
...
001 (8018100.076.000) 2026-06-21 14:15:26 Job executing on host: <128.104.100.53:9618?addrs=128.104.100.53-9618+[2607-f388-107c-501-7ec2-55ff-fe99-a2b0]-9618&alias=jcaicedogpu0001.chtc.wisc.edu&noUDP&sock=startd_11292_f384>
	SlotName: backfill1_8@jcaicedogpu0001.chtc.wisc.edu
	AvailableGPUs = { GPUs_GPU_22787dff }
	CondorScratchDir = "/var/lib/condor/execute/slot1/dir_3865091/scratch"
	Cpus = 1
	Disk = 16777216
	GPUs = 1
	GPUs_GPU_22787dff = [ Id = "GPU-22787dff"; Capability = 8.9; DeviceName = "NVIDIA L40"; DeviceUuid = "22787dff-a2f4-227a-bc3c-c6178e7bb020"; ECCEnabled = true; NvidiaDriver = "570.195.03"; DriverVersion = 12.8; DevicePciBusId = "0000:52:00.0"; GlobalMemoryMb = 45468; MaxSupportedVersion = 12080 ]
	IoHeavy = 0
	Memory = 16384
...
040 (8018100.076.000) 2026-06-21 14:15:29 Started transferring output files
...
040 (8018100.076.000) 2026-06-21 14:15:29 Finished transferring output files
...
004 (8018100.076.000) 2026-06-21 14:15:29 Job was evicted.
	(0) Job terminated and was requeued
		Usr 0 00:00:02, Sys 0 00:00:00  -  Run Remote Usage
		Usr 0 00:00:00, Sys 0 00:00:00  -  Run Local Usage
	452  -  Run Bytes Sent By Job
	2781897396  -  Run Bytes Received By Job
	(1) Normal termination (return value 2)
	The job attribute OnExitRemove expression 'NumJobCompletions > JobMaxRetries || ExitCode =?= 0' evaluated to FALSE
...
040 (8018100.076.000) 2026-06-21 14:16:16 Started transferring input files
	Transferring to host: <128.105.68.166:9618?addrs=128.105.68.166-9618+[2607-f388-2200-100-b62e-99ff-feb7-2e2d]-9618&alias=gpulab2001.chtc.wisc.edu&noUDP&sock=slot2_3_11113_dd1d_53711>
...
040 (8018100.076.000) 2026-06-21 14:16:44 Finished transferring input files
...
001 (8018100.076.000) 2026-06-21 14:16:44 Job executing on host: <128.105.68.166:9618?addrs=128.105.68.166-9618+[2607-f388-2200-100-b62e-99ff-feb7-2e2d]-9618&alias=gpulab2001.chtc.wisc.edu&noUDP&sock=startd_10083_ad84>
	SlotName: slot2_3@gpulab2001.chtc.wisc.edu
	AvailableGPUs = { GPUs_GPU_d298c6e0 }
	CondorScratchDir = "/var/lib/condor/execute/slot2/dir_1183398/scratch"
	Cpus = 1
	Disk = 16777216
	GPUs = 1
	GPUs_GPU_d298c6e0 = [ Id = "GPU-d298c6e0"; Capability = 7.5; DeviceName = "NVIDIA GeForce RTX 2080 Ti"; DeviceUuid = "d298c6e0-f149-30ca-b7d6-2d5f7637ee2c"; ECCEnabled = false; NvidiaDriver = "570.195.03"; DriverVersion = 12.8; DevicePciBusId = "0000:B1:00.0"; GlobalMemoryMb = 10823; MaxSupportedVersion = 12080 ]
	IoHeavy = 0
	Memory = 16384
...
040 (8018100.076.000) 2026-06-21 14:16:48 Started transferring output files
...
040 (8018100.076.000) 2026-06-21 14:16:48 Finished transferring output files
...
004 (8018100.076.000) 2026-06-21 14:16:48 Job was evicted.
	(0) Job terminated and was requeued
		Usr 0 00:00:02, Sys 0 00:00:00  -  Run Remote Usage
		Usr 0 00:00:00, Sys 0 00:00:00  -  Run Local Usage
	447  -  Run Bytes Sent By Job
	2781897396  -  Run Bytes Received By Job
	(1) Normal termination (return value 2)
	The job attribute OnExitRemove expression 'NumJobCompletions > JobMaxRetries || ExitCode =?= 0' evaluated to FALSE
...
040 (8018100.076.000) 2026-06-21 14:17:58 Started transferring input files
	Transferring to host: <10.1.1.135:33497?CCBID=128.105.82.148:9618%3faddrs%3d128.105.82.148-9618+[2607-f388-2200-9d-7ccb-bc08-2489-768a]-9618%26alias%3dospool-ccb.osg.chtc.io%26noUDP%26sock%3dcollector9#4330529%2067.58.49.91:9618%3faddrs%3d67.58.49.91-9618+[fdf0-17b3-c3ec-1f79-10-0-e-b69d]-9618%26alias%3dccb-2.ospool.osg-htc.org%26noUDP%26sock%3dcollector3#4320893&PrivNet=gpu05&addrs=10.1.1.135-33497&alias=gpu05&noUDP>
...
040 (8018100.076.000) 2026-06-21 14:18:15 Finished transferring input files
...
021 (8018100.076.000) 2026-06-21 14:18:15 Message from starter on slot1_3@glidein_3273215_630389268@gpu05:
	PREPARE_JOB (prepare-hook) succeeded (reported status 000): Using Singularity image openfe_1.11.1.sif
...
001 (8018100.076.000) 2026-06-21 14:18:15 Job executing on host: <10.1.1.135:45695?CCBID=128.105.82.148:9618%3faddrs%3d128.105.82.148-9618+[2607-f388-2200-9d-7ccb-bc08-2489-768a]-9618%26alias%3dospool-ccb.osg.chtc.io%26noUDP%26sock%3dcollector5#4288189%2067.58.49.91:9618%3faddrs%3d67.58.49.91-9618+[fdf0-17b3-c3ec-1f79-10-0-e-b69d]-9618%26alias%3dccb-2.ospool.osg-htc.org%26noUDP%26sock%3dcollector7#4283415&PrivNet=gpu05&addrs=10.1.1.135-45695&alias=gpu05&noUDP>
	SlotName: slot1_3@glidein_3273215_630389268@gpu05
	AvailableGPUs = { GPUs_GPU_1392eeaa }
	CondorScratchDir = "/tmp/glide_vhn3iB/execute/dir_3700848/scratch"
	Cpus = 1
	Disk = 16777216
	GPUs = 1
	GPUs_GPU_1392eeaa = [ Id = "GPU-1392eeaa"; ClockMhz = 1695.0; Capability = 8.6; CoresPerCU = 128; DeviceName = "NVIDIA RTX A5000"; DeviceUuid = "1392eeaa-11be-dc87-a414-72298ca812b6"; ECCEnabled = false; ComputeUnits = 64; NvidiaDriver = "595.71.05"; DriverVersion = 13.2; DevicePciBusId = "0000:81:00.0"; GlobalMemoryMb = 24361; MaxSupportedVersion = 13020 ]
	Memory = 16384
...
006 (8018100.076.000) 2026-06-21 14:18:19 Image size of job updated: 4500000
	100  -  MemoryUsage of job (MB)
	101664  -  ResidentSetSize of job (KB)
...
040 (8018100.076.000) 2026-06-21 14:18:19 Started transferring output files
...
040 (8018100.076.000) 2026-06-21 14:18:19 Finished transferring output files
...
004 (8018100.076.000) 2026-06-21 14:18:20 Job was evicted.
	(0) Job terminated and was requeued
		Usr 0 00:00:00, Sys 0 00:00:00  -  Run Remote Usage
		Usr 0 00:00:00, Sys 0 00:00:00  -  Run Local Usage
	573  -  Run Bytes Sent By Job
	2781897396  -  Run Bytes Received By Job
	(1) Normal termination (return value 2)
	The job attribute OnExitRemove expression 'NumJobCompletions > JobMaxRetries || ExitCode =?= 0' evaluated to FALSE
...
040 (8018100.076.000) 2026-06-21 14:18:35 Started transferring input files
	Transferring to host: <128.105.68.5:9618?addrs=128.105.68.5-9618+[2607-f388-2200-100-eaeb-d3ff-fe53-f4a0]-9618&alias=gpulab2005.chtc.wisc.edu&noUDP&sock=slot2_4_2487031_13a7_76998>
...
040 (8018100.076.000) 2026-06-21 14:18:52 Finished transferring input files
...
001 (8018100.076.000) 2026-06-21 14:18:52 Job executing on host: <128.105.68.5:9618?addrs=128.105.68.5-9618+[2607-f388-2200-100-eaeb-d3ff-fe53-f4a0]-9618&alias=gpulab2005.chtc.wisc.edu&noUDP&sock=startd_12121_9388>
	SlotName: slot2_4@gpulab2005.chtc.wisc.edu
	AvailableGPUs = { GPUs_GPU_fb408d80 }
	CondorScratchDir = "/var/lib/condor/execute/slot2/dir_3966546/scratch"
	Cpus = 1
	Disk = 16777216
	GPUs = 1
	GPUs_GPU_fb408d80 = [ Id = "GPU-fb408d80"; Capability = 8.0; DeviceName = "NVIDIA A100-SXM4-40GB"; DeviceUuid = "fb408d80-a280-f774-c4b8-7390fd55f4c0"; ECCEnabled = true; NvidiaDriver = "570.195.03"; DriverVersion = 12.8; DevicePciBusId = "0000:C1:00.0"; GlobalMemoryMb = 40442; MaxSupportedVersion = 12080 ]
	IoHeavy = 0
	Memory = 16384
...
040 (8018100.076.000) 2026-06-21 14:18:56 Started transferring output files
...
040 (8018100.076.000) 2026-06-21 14:18:56 Finished transferring output files
...
004 (8018100.076.000) 2026-06-21 14:18:56 Job was evicted.
	(0) Job terminated and was requeued
		Usr 0 00:00:02, Sys 0 00:00:00  -  Run Remote Usage
		Usr 0 00:00:00, Sys 0 00:00:00  -  Run Local Usage
	447  -  Run Bytes Sent By Job
	2781897396  -  Run Bytes Received By Job
	(1) Normal termination (return value 2)
	The job attribute OnExitRemove expression 'NumJobCompletions > JobMaxRetries || ExitCode =?= 0' evaluated to FALSE
...
040 (8018100.076.000) 2026-06-21 14:19:25 Started transferring input files
	Transferring to host: <10.226.104.219:37089?CCBID=128.105.82.148:9618%3faddrs%3d128.105.82.148-9618+[2607-f388-2200-9d-7ccb-bc08-2489-768a]-9618%26alias%3dospool-ccb.osg.chtc.io%26noUDP%26sock%3dcollector6#4331761%2067.58.49.91:9618%3faddrs%3d67.58.49.91-9618+[fdf0-17b3-c3ec-1f79-10-0-e-b69d]-9618%26alias%3dccb-2.ospool.osg-htc.org%26noUDP%26sock%3dcollector10#4323742&PrivNet=gpu019.rci.montana.edu&addrs=10.226.104.219-37089&alias=gpu019.rci.montana.edu&noUDP>
...
040 (8018100.076.000) 2026-06-21 14:20:42 Finished transferring input files
...
021 (8018100.076.000) 2026-06-21 14:20:43 Message from starter on slot1_1@glidein_101317_353355080@gpu019.rci.montana.edu:
	PREPARE_JOB (prepare-hook) succeeded (reported status 000): Using Singularity image openfe_1.11.1.sif
...
001 (8018100.076.000) 2026-06-21 14:20:43 Job executing on host: <10.226.104.219:41903?CCBID=128.105.82.148:9618%3faddrs%3d128.105.82.148-9618+[2607-f388-2200-9d-7ccb-bc08-2489-768a]-9618%26alias%3dospool-ccb.osg.chtc.io%26noUDP%26sock%3dcollector4#4267546%2067.58.49.91:9618%3faddrs%3d67.58.49.91-9618+[fdf0-17b3-c3ec-1f79-10-0-e-b69d]-9618%26alias%3dccb-2.ospool.osg-htc.org%26noUDP%26sock%3dcollector4#4257387&PrivNet=gpu019.rci.montana.edu&addrs=10.226.104.219-41903&alias=gpu019.rci.montana.edu&noUDP>
	SlotName: slot1_1@glidein_101317_353355080@gpu019.rci.montana.edu
	AvailableGPUs = { GPUs_GPU_003e2ddb }
	CondorScratchDir = "/tmp/jobs/4093257/glide_O0WDuK/execute/dir_2842509/scratch"
	Cpus = 1
	Disk = 16777216
	GPUs = 1
	GPUs_GPU_003e2ddb = [ Id = "GPU-003e2ddb"; ClockMhz = 1980.0; Capability = 9.0; CoresPerCU = 128; DeviceName = "NVIDIA H100 80GB HBM3"; DeviceUuid = "003e2ddb-7109-4852-a67d-8760c2e08dff"; ECCEnabled = true; ComputeUnits = 132; NvidiaDriver = "595.71.05"; DriverVersion = 13.2; DevicePciBusId = "0000:DB:00.0"; GlobalMemoryMb = 81081; MaxSupportedVersion = 13020 ]
	Memory = 16384
...
040 (8018100.076.000) 2026-06-21 14:20:47 Started transferring output files
...
040 (8018100.076.000) 2026-06-21 14:20:47 Finished transferring output files
...
004 (8018100.076.000) 2026-06-21 14:20:47 Job was evicted.
	(0) Job terminated and was requeued
		Usr 0 00:00:00, Sys 0 00:00:00  -  Run Remote Usage
		Usr 0 00:00:00, Sys 0 00:00:00  -  Run Local Usage
	462  -  Run Bytes Sent By Job
	2781897396  -  Run Bytes Received By Job
	(1) Normal termination (return value 2)
	The job attribute OnExitRemove expression 'NumJobCompletions > JobMaxRetries || ExitCode =?= 0' evaluated to FALSE
...
040 (8018100.076.000) 2026-06-21 14:20:58 Started transferring input files
	Transferring to host: <10.226.104.221:42879?CCBID=128.105.82.148:9618%3faddrs%3d128.105.82.148-9618+[2607-f388-2200-9d-7ccb-bc08-2489-768a]-9618%26alias%3dospool-ccb.osg.chtc.io%26noUDP%26sock%3dcollector8#4331229%2067.58.49.91:9618%3faddrs%3d67.58.49.91-9618+[fdf0-17b3-c3ec-1f79-10-0-e-b69d]-9618%26alias%3dccb-2.ospool.osg-htc.org%26noUDP%26sock%3dcollector6#4324575&PrivNet=gpu021.rci.montana.edu&addrs=10.226.104.221-42879&alias=gpu021.rci.montana.edu&noUDP>
...
040 (8018100.076.000) 2026-06-21 14:22:21 Finished transferring input files
...
021 (8018100.076.000) 2026-06-21 14:22:24 Message from starter on slot1_2@glidein_32138_434170212@gpu021.rci.montana.edu:
	PREPARE_JOB (prepare-hook) succeeded (reported status 000): Using Singularity image openfe_1.11.1.sif
...
001 (8018100.076.000) 2026-06-21 14:22:24 Job executing on host: <10.226.104.221:41879?CCBID=128.105.82.148:9618%3faddrs%3d128.105.82.148-9618+[2607-f388-2200-9d-7ccb-bc08-2489-768a]-9618%26alias%3dospool-ccb.osg.chtc.io%26noUDP%26sock%3dcollector2#4257207%2067.58.49.91:9618%3faddrs%3d67.58.49.91-9618+[fdf0-17b3-c3ec-1f79-10-0-e-b69d]-9618%26alias%3dccb-2.ospool.osg-htc.org%26noUDP%26sock%3dcollector8#4255162&PrivNet=gpu021.rci.montana.edu&addrs=10.226.104.221-41879&alias=gpu021.rci.montana.edu&noUDP>
	SlotName: slot1_2@glidein_32138_434170212@gpu021.rci.montana.edu
	AvailableGPUs = { GPUs_GPU_dff97527 }
	CondorScratchDir = "/tmp/jobs/4093136/glide_E7ub2W/execute/dir_2068806/scratch"
	Cpus = 1
	Disk = 16777216
	GPUs = 1
	GPUs_GPU_dff97527 = [ Id = "GPU-dff97527"; ClockMhz = 1980.0; Capability = 9.0; CoresPerCU = 128; DeviceName = "NVIDIA H100 80GB HBM3"; DeviceUuid = "dff97527-806a-5b67-f1b3-81f9bd945eba"; ECCEnabled = true; ComputeUnits = 132; NvidiaDriver = "595.71.05"; DriverVersion = 13.2; DevicePciBusId = "0000:CB:00.0"; GlobalMemoryMb = 81081; MaxSupportedVersion = 13020 ]
	Memory = 16384
...
040 (8018100.076.000) 2026-06-21 14:22:29 Started transferring output files
...
040 (8018100.076.000) 2026-06-21 14:22:29 Finished transferring output files
...
004 (8018100.076.000) 2026-06-21 14:22:29 Job was evicted.
	(0) Job terminated and was requeued
		Usr 0 00:00:00, Sys 0 00:00:00  -  Run Remote Usage
		Usr 0 00:00:00, Sys 0 00:00:00  -  Run Local Usage
	462  -  Run Bytes Sent By Job
	2781897396  -  Run Bytes Received By Job
	(1) Normal termination (return value 2)
	The job attribute OnExitRemove expression 'NumJobCompletions > JobMaxRetries || ExitCode =?= 0' evaluated to FALSE
...
040 (8018100.076.000) 2026-06-21 14:22:38 Started transferring input files
	Transferring to host: <128.104.103.47:9618?addrs=128.104.103.47-9618+[2607-f388-107c-501-a236-9fff-fe3c-f3a0]-9618&alias=ahlquist0000.chtc.wisc.edu&noUDP&sock=backfill1_1_9919_952c_8149>
...
040 (8018100.076.000) 2026-06-21 14:25:39 Finished transferring input files
...
001 (8018100.076.000) 2026-06-21 14:25:39 Job executing on host: <128.104.103.47:9618?addrs=128.104.103.47-9618+[2607-f388-107c-501-a236-9fff-fe3c-f3a0]-9618&alias=ahlquist0000.chtc.wisc.edu&noUDP&sock=startd_9052_7f60>
	SlotName: backfill1_1@ahlquist0000.chtc.wisc.edu
	AvailableGPUs = { GPUs_GPU_9cbc9d87 }
	CondorScratchDir = "/var/lib/condor/execute/slot1/dir_1393700/scratch"
	Cpus = 1
	Disk = 16777216
	GPUs = 1
	GPUs_GPU_9cbc9d87 = [ Id = "GPU-9cbc9d87"; Capability = 7.5; DeviceName = "NVIDIA GeForce RTX 2080 Ti"; DeviceUuid = "9cbc9d87-b661-a66f-8f7d-0236235ad50e"; ECCEnabled = false; NvidiaDriver = "550.54.14"; DriverVersion = 12.4; DevicePciBusId = "0000:B2:00.0"; GlobalMemoryMb = 11004; MaxSupportedVersion = 12040 ]
	IoHeavy = 0
	Memory = 16384
...
040 (8018100.076.000) 2026-06-21 14:25:46 Started transferring output files
...
040 (8018100.076.000) 2026-06-21 14:25:46 Finished transferring output files
...
004 (8018100.076.000) 2026-06-21 14:25:51 Job was evicted.
	(0) Job terminated and was requeued
		Usr 0 00:00:03, Sys 0 00:00:00  -  Run Remote Usage
		Usr 0 00:00:00, Sys 0 00:00:00  -  Run Local Usage
	449  -  Run Bytes Sent By Job
	2781897396  -  Run Bytes Received By Job
	(1) Normal termination (return value 2)
	The job attribute OnExitRemove expression 'NumJobCompletions > JobMaxRetries || ExitCode =?= 0' evaluated to FALSE
...
040 (8018100.076.000) 2026-06-21 14:26:11 Started transferring input files
	Transferring to host: <128.105.68.5:9618?addrs=128.105.68.5-9618+[2607-f388-2200-100-eaeb-d3ff-fe53-f4a0]-9618&alias=gpulab2005.chtc.wisc.edu&noUDP&sock=slot2_4_2487031_13a7_77034>
...
040 (8018100.076.000) 2026-06-21 14:26:24 Finished transferring input files
...
001 (8018100.076.000) 2026-06-21 14:26:24 Job executing on host: <128.105.68.5:9618?addrs=128.105.68.5-9618+[2607-f388-2200-100-eaeb-d3ff-fe53-f4a0]-9618&alias=gpulab2005.chtc.wisc.edu&noUDP&sock=startd_12121_9388>
	SlotName: slot2_4@gpulab2005.chtc.wisc.edu
	AvailableGPUs = { GPUs_GPU_fb408d80 }
	CondorScratchDir = "/var/lib/condor/execute/slot2/dir_3973105/scratch"
	Cpus = 1
	Disk = 16777216
	GPUs = 1
	GPUs_GPU_fb408d80 = [ Id = "GPU-fb408d80"; Capability = 8.0; DeviceName = "NVIDIA A100-SXM4-40GB"; DeviceUuid = "fb408d80-a280-f774-c4b8-7390fd55f4c0"; ECCEnabled = true; NvidiaDriver = "570.195.03"; DriverVersion = 12.8; DevicePciBusId = "0000:C1:00.0"; GlobalMemoryMb = 40442; MaxSupportedVersion = 12080 ]
	IoHeavy = 0
	Memory = 16384
...
040 (8018100.076.000) 2026-06-21 14:26:28 Started transferring output files
...
040 (8018100.076.000) 2026-06-21 14:26:28 Finished transferring output files
...
004 (8018100.076.000) 2026-06-21 14:26:28 Job was evicted.
	(0) Job terminated and was requeued
		Usr 0 00:00:02, Sys 0 00:00:00  -  Run Remote Usage
		Usr 0 00:00:00, Sys 0 00:00:00  -  Run Local Usage
	447  -  Run Bytes Sent By Job
	2781897396  -  Run Bytes Received By Job
	(1) Normal termination (return value 2)
	The job attribute OnExitRemove expression 'NumJobCompletions > JobMaxRetries || ExitCode =?= 0' evaluated to FALSE
...
040 (8018100.076.000) 2026-06-21 14:26:32 Started transferring input files
	Transferring to host: <128.105.68.5:9618?addrs=128.105.68.5-9618+[2607-f388-2200-100-eaeb-d3ff-fe53-f4a0]-9618&alias=gpulab2005.chtc.wisc.edu&noUDP&sock=slot2_4_2487031_13a7_77035>
...
040 (8018100.076.000) 2026-06-21 14:26:46 Finished transferring input files
...
001 (8018100.076.000) 2026-06-21 14:26:46 Job executing on host: <128.105.68.5:9618?addrs=128.105.68.5-9618+[2607-f388-2200-100-eaeb-d3ff-fe53-f4a0]-9618&alias=gpulab2005.chtc.wisc.edu&noUDP&sock=startd_12121_9388>
	SlotName: slot2_4@gpulab2005.chtc.wisc.edu
	AvailableGPUs = { GPUs_GPU_fb408d80 }
	CondorScratchDir = "/var/lib/condor/execute/slot2/dir_3973352/scratch"
	Cpus = 1
	Disk = 16777216
	GPUs = 1
	GPUs_GPU_fb408d80 = [ Id = "GPU-fb408d80"; Capability = 8.0; DeviceName = "NVIDIA A100-SXM4-40GB"; DeviceUuid = "fb408d80-a280-f774-c4b8-7390fd55f4c0"; ECCEnabled = true; NvidiaDriver = "570.195.03"; DriverVersion = 12.8; DevicePciBusId = "0000:C1:00.0"; GlobalMemoryMb = 40442; MaxSupportedVersion = 12080 ]
	IoHeavy = 0
	Memory = 16384
...
040 (8018100.076.000) 2026-06-21 14:26:49 Started transferring output files
...
040 (8018100.076.000) 2026-06-21 14:26:49 Finished transferring output files
...
004 (8018100.076.000) 2026-06-21 14:26:50 Job was evicted.
	(0) Job terminated and was requeued
		Usr 0 00:00:02, Sys 0 00:00:00  -  Run Remote Usage
		Usr 0 00:00:00, Sys 0 00:00:00  -  Run Local Usage
	447  -  Run Bytes Sent By Job
	2781897396  -  Run Bytes Received By Job
	(1) Normal termination (return value 2)
	The job attribute OnExitRemove expression 'NumJobCompletions > JobMaxRetries || ExitCode =?= 0' evaluated to FALSE
...
040 (8018100.076.000) 2026-06-21 14:26:53 Started transferring input files
	Transferring to host: <128.105.76.47:9618?addrs=128.105.76.47-9618+[2607-f388-2200-100-527c-6fff-fe82-826a]-9618&alias=gpu4006.chtc.wisc.edu&noUDP&sock=slot2_7_2618986_4fbd_88315>
...
040 (8018100.076.000) 2026-06-21 14:27:05 Finished transferring input files
...
001 (8018100.076.000) 2026-06-21 14:27:05 Job executing on host: <128.105.76.47:9618?addrs=128.105.76.47-9618+[2607-f388-2200-100-527c-6fff-fe82-826a]-9618&alias=gpu4006.chtc.wisc.edu&noUDP&sock=startd_11220_90b3>
	SlotName: slot2_7@gpu4006.chtc.wisc.edu
	AvailableGPUs = { GPUs_GPU_4f6495bb }
	CondorScratchDir = "/var/lib/condor/execute/slot2/dir_2946670/scratch"
	Cpus = 1
	Disk = 16777216
	GPUs = 1
	GPUs_GPU_4f6495bb = [ Id = "GPU-4f6495bb"; Capability = 8.9; DeviceName = "NVIDIA L40S"; DeviceUuid = "4f6495bb-57f6-02aa-3446-f13a32ec9035"; ECCEnabled = true; NvidiaDriver = "590.48.01"; DriverVersion = 13.1; DevicePciBusId = "0000:C1:00.0"; GlobalMemoryMb = 45460; MaxSupportedVersion = 13010 ]
	IoHeavy = 0
	Memory = 16384
...
040 (8018100.076.000) 2026-06-21 14:27:07 Started transferring output files
...
040 (8018100.076.000) 2026-06-21 14:27:07 Finished transferring output files
...
005 (8018100.076.000) 2026-06-21 14:27:08 Job terminated.
	(1) Normal termination (return value 2)
		Usr 0 00:00:01, Sys 0 00:00:00  -  Run Remote Usage
		Usr 0 00:00:00, Sys 0 00:00:00  -  Run Local Usage
		Usr 0 00:00:15, Sys 0 00:00:00  -  Total Remote Usage
		Usr 0 00:00:00, Sys 0 00:00:00  -  Total Local Usage
	458  -  Run Bytes Sent By Job
	2781897396  -  Run Bytes Received By Job
	5193  -  Total Bytes Sent By Job
	30600871356  -  Total Bytes Received By Job
	Partitionable Resources :    Usage  Request Allocated Assigned
	   Cpus                 :        0        1         1 
	   Disk (KB)            :  2716824 16777216  16777216 
	   GPUs                 :        0        1         1 "GPU-4f6495bb"
	   IoHeavy              :                           0 
	   Memory (MB)          :      123    16384     16384 
	   TimeExecute (s)      :        2                    
	   TimeSlotBusy (s)     :       14                    
...
