000 (8017966.699.000) 2026-06-20 22:07:54 Job submitted from host: <128.105.68.112:9618?addrs=128.105.68.112-9618+[2607-f388-2200-100-eaeb-d3ff-fea3-4202]-9618&alias=ap2001.chtc.wisc.edu&noUDP&sock=schedd_4071840_2329>
...
040 (8017966.699.000) 2026-06-21 04:00:41 Started transferring input files
	Transferring to host: <172.17.0.4:35113?CCBID=128.105.82.148:9618%3faddrs%3d128.105.82.148-9618+[2607-f388-2200-9d-7ccb-bc08-2489-768a]-9618%26alias%3dospool-ccb.osg.chtc.io%26noUDP%26sock%3dcollector6#4098462%2067.58.49.91:9618%3faddrs%3d67.58.49.91-9618+[fdf0-17b3-c3ec-1f79-10-0-e-b69d]-9618%26alias%3dccb-2.ospool.osg-htc.org%26noUDP%26sock%3dcollector6#4092513&PrivNet=Colgate-CCARE-EP.3dd51df4d4e0&addrs=172.17.0.4-35113&alias=Colgate-CCARE-EP.3dd51df4d4e0&noUDP&sock=slot1_5_4286_9fe7_7048>
...
040 (8017966.699.000) 2026-06-21 04:01:37 Finished transferring input files
...
021 (8017966.699.000) 2026-06-21 04:01:38 Message from starter on slot1_5@Colgate-CCARE-EP.3dd51df4d4e0:
	PREPARE_JOB (prepare-hook) succeeded (reported status 000): Using Singularity image openfe_1.11.1.sif
...
001 (8017966.699.000) 2026-06-21 04:01:38 Job executing on host: <172.17.0.4:35113?CCBID=128.105.82.148:9618%3faddrs%3d128.105.82.148-9618+[2607-f388-2200-9d-7ccb-bc08-2489-768a]-9618%26alias%3dospool-ccb.osg.chtc.io%26noUDP%26sock%3dcollector6#4098462%2067.58.49.91:9618%3faddrs%3d67.58.49.91-9618+[fdf0-17b3-c3ec-1f79-10-0-e-b69d]-9618%26alias%3dccb-2.ospool.osg-htc.org%26noUDP%26sock%3dcollector6#4092513&PrivNet=Colgate-CCARE-EP.3dd51df4d4e0&addrs=172.17.0.4-35113&alias=Colgate-CCARE-EP.3dd51df4d4e0&noUDP&sock=startd_4279_9dd7>
	SlotName: slot1_5@Colgate-CCARE-EP.3dd51df4d4e0
	AvailableGPUs = { GPUs_GPU_c6074c74 }
	CondorScratchDir = "/pilot/osgvo-pilot-WPz1dj/execute/dir_3448477"
	Cpus = 1
	Disk = 16778446
	GPUs = 1
	GPUs_GPU_c6074c74 = [ Id = "GPU-c6074c74"; Capability = 9.0; DeviceName = "NVIDIA H100 80GB HBM3"; DeviceUuid = "c6074c74-3099-9317-e298-03f0c2ad482a"; ECCEnabled = true; NvidiaDriver = "560.35.03"; DriverVersion = 12.6; DevicePciBusId = "0000:CB:00.0"; GlobalMemoryMb = 81110; MaxSupportedVersion = 12060 ]
	Memory = 16384
...
006 (8017966.699.000) 2026-06-21 04:01:47 Image size of job updated: 2697284
	108  -  MemoryUsage of job (MB)
	109908  -  ResidentSetSize of job (KB)
...
006 (8017966.699.000) 2026-06-21 04:06:48 Image size of job updated: 36002944
	2468  -  MemoryUsage of job (MB)
	2526496  -  ResidentSetSize of job (KB)
...
006 (8017966.699.000) 2026-06-21 04:11:48 Image size of job updated: 36010220
	2468  -  MemoryUsage of job (MB)
	2526496  -  ResidentSetSize of job (KB)
...
006 (8017966.699.000) 2026-06-21 04:16:48 Image size of job updated: 36015120
	2471  -  MemoryUsage of job (MB)
	2529952  -  ResidentSetSize of job (KB)
...
006 (8017966.699.000) 2026-06-21 04:21:49 Image size of job updated: 36019476
	2477  -  MemoryUsage of job (MB)
	2535712  -  ResidentSetSize of job (KB)
...
006 (8017966.699.000) 2026-06-21 04:26:49 Image size of job updated: 36027920
	2485  -  MemoryUsage of job (MB)
	2544352  -  ResidentSetSize of job (KB)
...
006 (8017966.699.000) 2026-06-21 04:31:50 Image size of job updated: 36032316
	2489  -  MemoryUsage of job (MB)
	2548384  -  ResidentSetSize of job (KB)
...
006 (8017966.699.000) 2026-06-21 04:36:50 Image size of job updated: 36037684
	2494  -  MemoryUsage of job (MB)
	2553568  -  ResidentSetSize of job (KB)
...
006 (8017966.699.000) 2026-06-21 04:41:51 Image size of job updated: 36043176
	2498  -  MemoryUsage of job (MB)
	2557100  -  ResidentSetSize of job (KB)
...
040 (8017966.699.000) 2026-06-21 04:49:54 Started transferring output files
...
040 (8017966.699.000) 2026-06-21 04:49:54 Finished transferring output files
...
005 (8017966.699.000) 2026-06-21 04:50:32 Job terminated.
	(1) Normal termination (return value 0)
		Usr 0 00:48:12, Sys 0 00:09:16  -  Run Remote Usage
		Usr 0 00:00:00, Sys 0 00:00:00  -  Run Local Usage
		Usr 0 00:48:12, Sys 0 00:09:16  -  Total Remote Usage
		Usr 0 00:00:00, Sys 0 00:00:00  -  Total Local Usage
	1325977  -  Run Bytes Sent By Job
	2781872651  -  Run Bytes Received By Job
	1325977  -  Total Bytes Sent By Job
	2781872651  -  Total Bytes Received By Job
	Partitionable Resources :      Usage  Request Allocated Assigned
	   Cpus                 :       1.00        1         1 
	   Disk (KB)            : 2727888    16777216  16778446 
	   GPUs                 :       0.80        1         1 "GPU-c6074c74"
	   GpusMemory (MB)      :    7945                       
	   Memory (MB)          :    2498       16384     16384 
	   TimeExecute (s)      :    2895                       
	   TimeSlotBusy (s)     :    2953                       
...
