000 (8017966.644.000) 2026-06-20 22:07:54 Job submitted from host: <128.105.68.112:9618?addrs=128.105.68.112-9618+[2607-f388-2200-100-eaeb-d3ff-fea3-4202]-9618&alias=ap2001.chtc.wisc.edu&noUDP&sock=schedd_4071840_2329>
...
040 (8017966.644.000) 2026-06-21 03:32:19 Started transferring input files
	Transferring to host: <128.104.103.104:9618?addrs=128.104.103.104-9618+[2607-f388-107c-501-ae1f-6bff-fe40-ce2e]-9618&alias=gitter0000.chtc.wisc.edu&noUDP&sock=slot2_1_8979_4486_7325>
...
040 (8017966.644.000) 2026-06-21 03:32:46 Finished transferring input files
...
001 (8017966.644.000) 2026-06-21 03:32:46 Job executing on host: <128.104.103.104:9618?addrs=128.104.103.104-9618+[2607-f388-107c-501-ae1f-6bff-fe40-ce2e]-9618&alias=gitter0000.chtc.wisc.edu&noUDP&sock=startd_8665_0c39>
	SlotName: slot2_1@gitter0000.chtc.wisc.edu
	AvailableGPUs = { GPUs_GPU_272cc33a }
	CondorScratchDir = "/var/lib/condor/execute/slot2/dir_3657803/scratch"
	Cpus = 1
	Disk = 16777216
	GPUs = 1
	GPUs_GPU_272cc33a = [ Id = "GPU-272cc33a"; Capability = 6.1; DeviceName = "NVIDIA GeForce GTX 1080 Ti"; DeviceUuid = "272cc33a-aa36-c52e-632e-1d0ff0d0c75a"; ECCEnabled = false; NvidiaDriver = "570.195.03"; DriverVersion = 12.8; DevicePciBusId = "0000:3B:00.0"; GlobalMemoryMb = 11165; MaxSupportedVersion = 12080 ]
	IoHeavy = 0
	Memory = 16384
...
006 (8017966.644.000) 2026-06-21 03:32:54 Image size of job updated: 264316
	259  -  MemoryUsage of job (MB)
	264316  -  ResidentSetSize of job (KB)
...
006 (8017966.644.000) 2026-06-21 03:37:54 Image size of job updated: 1713380
	1674  -  MemoryUsage of job (MB)
	1713380  -  ResidentSetSize of job (KB)
...
006 (8017966.644.000) 2026-06-21 03:42:55 Image size of job updated: 1722284
	1682  -  MemoryUsage of job (MB)
	1722284  -  ResidentSetSize of job (KB)
...
006 (8017966.644.000) 2026-06-21 04:28:00 Image size of job updated: 1732116
	1692  -  MemoryUsage of job (MB)
	1732116  -  ResidentSetSize of job (KB)
...
006 (8017966.644.000) 2026-06-21 04:33:00 Image size of job updated: 1732120
	1692  -  MemoryUsage of job (MB)
	1732120  -  ResidentSetSize of job (KB)
...
006 (8017966.644.000) 2026-06-21 04:38:01 Image size of job updated: 1732160
	1692  -  MemoryUsage of job (MB)
	1732160  -  ResidentSetSize of job (KB)
...
006 (8017966.644.000) 2026-06-21 04:43:01 Image size of job updated: 1732180
	1692  -  MemoryUsage of job (MB)
	1732180  -  ResidentSetSize of job (KB)
...
006 (8017966.644.000) 2026-06-21 04:48:01 Image size of job updated: 1732204
	1692  -  MemoryUsage of job (MB)
	1732204  -  ResidentSetSize of job (KB)
...
006 (8017966.644.000) 2026-06-21 04:53:02 Image size of job updated: 1732212
	1692  -  MemoryUsage of job (MB)
	1732212  -  ResidentSetSize of job (KB)
...
006 (8017966.644.000) 2026-06-21 04:58:02 Image size of job updated: 1732216
	1692  -  MemoryUsage of job (MB)
	1732216  -  ResidentSetSize of job (KB)
...
006 (8017966.644.000) 2026-06-21 05:13:04 Image size of job updated: 1740080
	1700  -  MemoryUsage of job (MB)
	1740080  -  ResidentSetSize of job (KB)
...
006 (8017966.644.000) 2026-06-21 05:18:05 Image size of job updated: 1740084
	1700  -  MemoryUsage of job (MB)
	1740084  -  ResidentSetSize of job (KB)
...
006 (8017966.644.000) 2026-06-21 05:38:08 Image size of job updated: 1740088
	1700  -  MemoryUsage of job (MB)
	1740088  -  ResidentSetSize of job (KB)
...
006 (8017966.644.000) 2026-06-21 05:58:09 Image size of job updated: 1747952
	1707  -  MemoryUsage of job (MB)
	1747952  -  ResidentSetSize of job (KB)
...
006 (8017966.644.000) 2026-06-21 06:48:15 Image size of job updated: 1755816
	1715  -  MemoryUsage of job (MB)
	1755816  -  ResidentSetSize of job (KB)
...
006 (8017966.644.000) 2026-06-21 07:33:19 Image size of job updated: 1763680
	1723  -  MemoryUsage of job (MB)
	1763680  -  ResidentSetSize of job (KB)
...
040 (8017966.644.000) 2026-06-21 08:22:19 Started transferring output files
...
040 (8017966.644.000) 2026-06-21 08:22:19 Finished transferring output files
...
005 (8017966.644.000) 2026-06-21 08:22:19 Job terminated.
	(1) Normal termination (return value 0)
		Usr 0 04:50:52, Sys 0 00:03:33  -  Run Remote Usage
		Usr 0 00:00:00, Sys 0 00:00:00  -  Run Local Usage
		Usr 0 04:50:52, Sys 0 00:03:33  -  Total Remote Usage
		Usr 0 00:00:00, Sys 0 00:00:00  -  Total Local Usage
	11070915  -  Run Bytes Sent By Job
	2782612548  -  Run Bytes Received By Job
	11070915  -  Total Bytes Sent By Job
	2782612548  -  Total Bytes Received By Job
	Partitionable Resources :      Usage  Request Allocated Assigned
	   Cpus                 :       0.99        1         1 
	   Disk (KB)            : 2797454    16777216  16777216 
	   GPUs                 :       0.80        1         1 "GPU-272cc33a"
	   GpusMemory (MB)      :    2681                       
	   IoHeavy              :                             0 
	   Memory (MB)          :    1723       16384     16384 
	   TimeExecute (s)      :   17373                       
	   TimeSlotBusy (s)     :   17400                       
...
