000 (8180963.117.000) 2026-06-24 12:19:47 Job submitted from host: <128.105.68.112:9618?addrs=128.105.68.112-9618+[2607-f388-2200-100-eaeb-d3ff-fea3-4202]-9618&alias=ap2001.chtc.wisc.edu&noUDP&sock=schedd_4071840_2329>
...
040 (8180963.117.000) 2026-06-24 15:46:26 Started transferring input files
	Transferring to host: <128.104.100.52:9618?addrs=128.104.100.52-9618+[2607-f388-107c-501-7ec2-55ff-fe99-a48c]-9618&alias=jcaicedogpu0000.chtc.wisc.edu&noUDP&sock=backfill1_9_12267_f60c_18272>
...
040 (8180963.117.000) 2026-06-24 15:49:25 Finished transferring input files
...
001 (8180963.117.000) 2026-06-24 15:49:25 Job executing on host: <128.104.100.52:9618?addrs=128.104.100.52-9618+[2607-f388-107c-501-7ec2-55ff-fe99-a48c]-9618&alias=jcaicedogpu0000.chtc.wisc.edu&noUDP&sock=startd_10725_0952>
	SlotName: backfill1_9@jcaicedogpu0000.chtc.wisc.edu
	AvailableGPUs = { GPUs_GPU_3e5d88cd }
	CondorScratchDir = "/var/lib/condor/execute/slot1/dir_1892725/scratch"
	Cpus = 1
	Disk = 16777216
	GPUs = 1
	GPUs_GPU_3e5d88cd = [ Id = "GPU-3e5d88cd"; Capability = 8.9; DeviceName = "NVIDIA L40"; DeviceUuid = "3e5d88cd-2057-e395-d463-c469e6fdcb13"; ECCEnabled = true; NvidiaDriver = "570.195.03"; DriverVersion = 12.8; DevicePciBusId = "0000:52:00.0"; GlobalMemoryMb = 45468; MaxSupportedVersion = 12080 ]
	IoHeavy = 0
	Memory = 16384
...
006 (8180963.117.000) 2026-06-24 15:49:33 Image size of job updated: 360816
	353  -  MemoryUsage of job (MB)
	360816  -  ResidentSetSize of job (KB)
...
006 (8180963.117.000) 2026-06-24 15:54:33 Image size of job updated: 1790140
	1694  -  MemoryUsage of job (MB)
	1733928  -  ResidentSetSize of job (KB)
...
006 (8180963.117.000) 2026-06-24 15:59:34 Image size of job updated: 1984964
	1939  -  MemoryUsage of job (MB)
	1984836  -  ResidentSetSize of job (KB)
...
006 (8180963.117.000) 2026-06-24 16:04:34 Image size of job updated: 2059708
	1939  -  MemoryUsage of job (MB)
	1984836  -  ResidentSetSize of job (KB)
...
006 (8180963.117.000) 2026-06-24 16:05:44 Image size of job updated: 2076404
	1939  -  MemoryUsage of job (MB)
	1984836  -  ResidentSetSize of job (KB)
...
040 (8180963.117.000) 2026-06-24 16:05:44 Started transferring output files
...
040 (8180963.117.000) 2026-06-24 16:05:44 Finished transferring output files
...
004 (8180963.117.000) 2026-06-24 16:05:44 Job was evicted.
	(0) Job terminated and was requeued
		Usr 0 00:17:23, Sys 0 00:01:59  -  Run Remote Usage
		Usr 0 00:00:00, Sys 0 00:00:00  -  Run Local Usage
	123092  -  Run Bytes Sent By Job
	2699598978  -  Run Bytes Received By Job
	(1) Normal termination (return value 1)
	The job attribute OnExitRemove expression 'NumJobCompletions > JobMaxRetries || ExitCode =?= 0' evaluated to FALSE
...
040 (8180963.117.000) 2026-06-24 16:05:52 Started transferring input files
	Transferring to host: <128.105.76.46:9618?addrs=128.105.76.46-9618+[2607-f388-2200-100-e29d-73ff-fe7b-5316]-9618&alias=bhaskargpu4000.chtc.wisc.edu&noUDP&sock=backfill1_1_1789980_96ce_84936>
...
040 (8180963.117.000) 2026-06-24 16:06:05 Finished transferring input files
...
001 (8180963.117.000) 2026-06-24 16:06:05 Job executing on host: <128.105.76.46:9618?addrs=128.105.76.46-9618+[2607-f388-2200-100-e29d-73ff-fe7b-5316]-9618&alias=bhaskargpu4000.chtc.wisc.edu&noUDP&sock=startd_16031_82d5>
	SlotName: backfill1_1@bhaskargpu4000.chtc.wisc.edu
	AvailableGPUs = { GPUs_GPU_44c43bd0 }
	CondorScratchDir = "/var/lib/condor/execute/slot1/dir_3524310/scratch"
	Cpus = 1
	Disk = 16777216
	GPUs = 1
	GPUs_GPU_44c43bd0 = [ Id = "GPU-44c43bd0"; Capability = 9.0; DeviceName = "NVIDIA H200"; DeviceUuid = "44c43bd0-08cf-9f53-ac6d-f7d821848bd8"; ECCEnabled = true; NvidiaDriver = "570.195.03"; DriverVersion = 12.8; DevicePciBusId = "0000:DB:00.0"; GlobalMemoryMb = 143166; MaxSupportedVersion = 12080 ]
	IoHeavy = 0
	Memory = 16384
...
006 (8180963.117.000) 2026-06-24 16:16:15 Image size of job updated: 2250000
	1971  -  MemoryUsage of job (MB)
	2018032  -  ResidentSetSize of job (KB)
...
040 (8180963.117.000) 2026-06-24 16:19:52 Started transferring output files
...
040 (8180963.117.000) 2026-06-24 16:19:52 Finished transferring output files
...
004 (8180963.117.000) 2026-06-24 16:19:53 Job was evicted.
	(0) Job terminated and was requeued
		Usr 0 00:14:08, Sys 0 00:04:23  -  Run Remote Usage
		Usr 0 00:00:00, Sys 0 00:00:00  -  Run Local Usage
	114961  -  Run Bytes Sent By Job
	2782485634  -  Run Bytes Received By Job
	(1) Normal termination (return value 1)
	The job attribute OnExitRemove expression 'NumJobCompletions > JobMaxRetries || ExitCode =?= 0' evaluated to FALSE
...
040 (8180963.117.000) 2026-06-24 16:20:12 Started transferring input files
	Transferring to host: <128.105.76.52:9618?addrs=128.105.76.52-9618+[2607-f388-2200-100-b65c-b5ff-fe81-e53e]-9618&alias=dbrundage-chtcgpu5000.chtc.wisc.edu&noUDP&sock=backfill1_3_11313_c825_23760>
...
040 (8180963.117.000) 2026-06-24 16:20:23 Finished transferring input files
...
001 (8180963.117.000) 2026-06-24 16:20:23 Job executing on host: <128.105.76.52:9618?addrs=128.105.76.52-9618+[2607-f388-2200-100-b65c-b5ff-fe81-e53e]-9618&alias=dbrundage-chtcgpu5000.chtc.wisc.edu&noUDP&sock=startd_10956_7bb2>
	SlotName: backfill1_3@dbrundage-chtcgpu5000.chtc.wisc.edu
	AvailableGPUs = { GPUs_GPU_89711c58 }
	CondorScratchDir = "/var/lib/condor/execute/slot1/dir_2350661/scratch"
	Cpus = 1
	Disk = 16777216
	GPUs = 1
	GPUs_GPU_89711c58 = [ Id = "GPU-89711c58"; Capability = 9.0; DeviceName = "NVIDIA H200"; DeviceUuid = "89711c58-2491-4da3-66bc-205872c162a4"; ECCEnabled = true; NvidiaDriver = "590.48.01"; DriverVersion = 13.1; DevicePciBusId = "0000:3B:00.0"; GlobalMemoryMb = 143158; MaxSupportedVersion = 13010 ]
	IoHeavy = 0
	Memory = 16384
...
006 (8180963.117.000) 2026-06-24 16:30:33 Image size of job updated: 2289264
	2236  -  MemoryUsage of job (MB)
	2289252  -  ResidentSetSize of job (KB)
...
006 (8180963.117.000) 2026-06-24 16:35:34 Image size of job updated: 2302652
	2249  -  MemoryUsage of job (MB)
	2302652  -  ResidentSetSize of job (KB)
...
006 (8180963.117.000) 2026-06-24 16:38:10 Image size of job updated: 2483528
	2249  -  MemoryUsage of job (MB)
	2302652  -  ResidentSetSize of job (KB)
...
040 (8180963.117.000) 2026-06-24 16:38:10 Started transferring output files
...
040 (8180963.117.000) 2026-06-24 16:38:10 Finished transferring output files
...
004 (8180963.117.000) 2026-06-24 16:38:10 Job was evicted.
	(0) Job terminated and was requeued
		Usr 0 00:18:26, Sys 0 00:08:48  -  Run Remote Usage
		Usr 0 00:00:00, Sys 0 00:00:00  -  Run Local Usage
	138944  -  Run Bytes Sent By Job
	2782485634  -  Run Bytes Received By Job
	(1) Normal termination (return value 1)
	The job attribute OnExitRemove expression 'NumJobCompletions > JobMaxRetries || ExitCode =?= 0' evaluated to FALSE
...
040 (8180963.117.000) 2026-06-24 16:38:25 Started transferring input files
	Transferring to host: <10.196.31.20:42143?CCBID=128.105.82.148:9618%3faddrs%3d128.105.82.148-9618+[2607-f388-2200-9d-7ccb-bc08-2489-7689]-9618%26alias%3dospool-ccb.osg.chtc.io%26noUDP%26sock%3dcollector5#4730409%2067.58.49.91:9618%3faddrs%3d67.58.49.91-9618+[fdf0-17b3-c3ec-1f79-10-0-d-2091]-9618%26alias%3dccb-2.ospool.osg-htc.org%26noUDP%26sock%3dcollector9#4730445&PrivNet=epyc10&addrs=10.196.31.20-42143&alias=epyc10&noUDP>
...
040 (8180963.117.000) 2026-06-24 16:39:03 Finished transferring input files
...
021 (8180963.117.000) 2026-06-24 16:39:03 Message from starter on slot1_1@glidein_11175_420927450@epyc10:
	PREPARE_JOB (prepare-hook) succeeded (reported status 000): Using Singularity image openfe_1.11.1.sif
...
001 (8180963.117.000) 2026-06-24 16:39:03 Job executing on host: <10.196.31.20:32881?CCBID=128.105.82.148:9618%3faddrs%3d128.105.82.148-9618+[2607-f388-2200-9d-7ccb-bc08-2489-7689]-9618%26alias%3dospool-ccb.osg.chtc.io%26noUDP%26sock%3dcollector8#4726783%2067.58.49.91:9618%3faddrs%3d67.58.49.91-9618+[fdf0-17b3-c3ec-1f79-10-0-d-2091]-9618%26alias%3dccb-2.ospool.osg-htc.org%26noUDP%26sock%3dcollector2#4722786&PrivNet=epyc10&addrs=10.196.31.20-32881&alias=epyc10&noUDP>
	SlotName: slot1_1@glidein_11175_420927450@epyc10
	AvailableGPUs = { GPUs_GPU_f104d740 }
	CondorScratchDir = "/mnt/internal/osg01/glide_60PfO4/execute/dir_454667/scratch"
	Cpus = 1
	Disk = 16777216
	GPUs = 1
	GPUs_GPU_f104d740 = [ Id = "GPU-f104d740"; ClockMhz = 1410.0; Capability = 8.0; CoresPerCU = 64; DeviceName = "NVIDIA A100 80GB PCIe"; DeviceUuid = "f104d740-1f92-83e4-69ca-c1bc496e0509"; ECCEnabled = true; ComputeUnits = 108; NvidiaDriver = "595.71.05"; DriverVersion = 13.2; DevicePciBusId = "0000:01:00.0"; GlobalMemoryMb = 81153; MaxSupportedVersion = 13020 ]
	Memory = 16384
...
006 (8180963.117.000) 2026-06-24 16:39:12 Image size of job updated: 4166628
	2442  -  MemoryUsage of job (MB)
	2500000  -  ResidentSetSize of job (KB)
...
006 (8180963.117.000) 2026-06-24 16:44:12 Image size of job updated: 50973880
	3021  -  MemoryUsage of job (MB)
	3093380  -  ResidentSetSize of job (KB)
...
006 (8180963.117.000) 2026-06-24 16:49:13 Image size of job updated: 51107812
	3021  -  MemoryUsage of job (MB)
	3093380  -  ResidentSetSize of job (KB)
...
006 (8180963.117.000) 2026-06-24 16:53:06 Image size of job updated: 51243036
	3395  -  MemoryUsage of job (MB)
	3475972  -  ResidentSetSize of job (KB)
...
040 (8180963.117.000) 2026-06-24 16:53:07 Started transferring output files
...
040 (8180963.117.000) 2026-06-24 16:53:07 Finished transferring output files
...
004 (8180963.117.000) 2026-06-24 16:53:07 Job was evicted.
	(0) Job terminated and was requeued
		Usr 0 00:14:25, Sys 0 00:00:46  -  Run Remote Usage
		Usr 0 00:00:00, Sys 0 00:00:00  -  Run Local Usage
	61711  -  Run Bytes Sent By Job
	2782485634  -  Run Bytes Received By Job
	(1) Normal termination (return value 1)
	The job attribute OnExitRemove expression 'NumJobCompletions > JobMaxRetries || ExitCode =?= 0' evaluated to FALSE
...
040 (8180963.117.000) 2026-06-24 16:53:35 Started transferring input files
	Transferring to host: <128.105.69.34:9618?addrs=128.105.69.34-9618+[2607-f388-2200-100-527c-6fff-fe66-ea4a]-9618&alias=mkhodakgpu4000.chtc.wisc.edu&noUDP&sock=backfill1_1_2685916_8d1f_104573>
...
040 (8180963.117.000) 2026-06-24 16:58:22 Finished transferring input files
...
001 (8180963.117.000) 2026-06-24 16:58:22 Job executing on host: <128.105.69.34:9618?addrs=128.105.69.34-9618+[2607-f388-2200-100-527c-6fff-fe66-ea4a]-9618&alias=mkhodakgpu4000.chtc.wisc.edu&noUDP&sock=startd_11796_a740>
	SlotName: backfill1_1@mkhodakgpu4000.chtc.wisc.edu
	AvailableGPUs = { GPUs_GPU_c7d03fd0 }
	CondorScratchDir = "/var/lib/condor/execute/slot1/dir_3962549/scratch"
	Cpus = 1
	Disk = 16777216
	GPUs = 1
	GPUs_GPU_c7d03fd0 = [ Id = "GPU-c7d03fd0"; Capability = 8.9; DeviceName = "NVIDIA L40S"; DeviceUuid = "c7d03fd0-754e-9df9-8e35-2c63a7b5df74"; ECCEnabled = true; NvidiaDriver = "570.195.03"; DriverVersion = 12.8; DevicePciBusId = "0000:E1:00.0"; GlobalMemoryMb = 45468; MaxSupportedVersion = 12080 ]
	IoHeavy = 0
	Memory = 16384
...
040 (8180963.117.000) 2026-06-24 17:08:47 Started transferring output files
...
040 (8180963.117.000) 2026-06-24 17:08:47 Finished transferring output files
...
004 (8180963.117.000) 2026-06-24 17:08:47 Job was evicted.
	(0) Job terminated and was requeued
		Usr 0 00:13:15, Sys 0 00:01:56  -  Run Remote Usage
		Usr 0 00:00:00, Sys 0 00:00:00  -  Run Local Usage
	95640  -  Run Bytes Sent By Job
	2688605314  -  Run Bytes Received By Job
	(1) Normal termination (return value 1)
	The job attribute OnExitRemove expression 'NumJobCompletions > JobMaxRetries || ExitCode =?= 0' evaluated to FALSE
...
040 (8180963.117.000) 2026-06-24 17:09:07 Started transferring input files
	Transferring to host: <128.105.68.100:9618?addrs=128.105.68.100-9618+[2607-f388-2200-100-ac0-ebff-fe99-9a48]-9618&alias=gpu2008.chtc.wisc.edu&noUDP&sock=slot2_2_160879_8f27_91897>
...
040 (8180963.117.000) 2026-06-24 17:41:37 Finished transferring input files
...
001 (8180963.117.000) 2026-06-24 17:41:37 Job executing on host: <128.105.68.100:9618?addrs=128.105.68.100-9618+[2607-f388-2200-100-ac0-ebff-fe99-9a48]-9618&alias=gpu2008.chtc.wisc.edu&noUDP&sock=startd_12349_f71f>
	SlotName: slot2_2@gpu2008.chtc.wisc.edu
	AvailableGPUs = { GPUs_GPU_1f9fc54e_ce03_79a8_c2ab_4144eb36f0ba }
	CondorScratchDir = "/var/lib/condor/execute/slot2/dir_1238039/scratch"
	Cpus = 1
	Disk = 16777216
	GPUs = 1
	GPUs_GPU_1f9fc54e_ce03_79a8_c2ab_4144eb36f0ba = [ Id = "GPU-1f9fc54e-ce03-79a8-c2ab-4144eb36f0ba"; Capability = 8.0; DeviceName = "NVIDIA A100-SXM4-80GB"; DeviceUuid = "1f9fc54e-ce03-79a8-c2ab-4144eb36f0ba"; ECCEnabled = true; NvidiaDriver = "570.195.03"; DriverVersion = 12.8; DevicePciBusId = "0000:41:00.0"; GlobalMemoryMb = 81154; MaxSupportedVersion = 12080 ]
	Memory = 16384
...
040 (8180963.117.000) 2026-06-24 17:52:18 Started transferring output files
...
040 (8180963.117.000) 2026-06-24 17:52:18 Finished transferring output files
...
004 (8180963.117.000) 2026-06-24 17:52:19 Job was evicted.
	(0) Job terminated and was requeued
		Usr 0 00:14:59, Sys 0 00:05:11  -  Run Remote Usage
		Usr 0 00:00:00, Sys 0 00:00:00  -  Run Local Usage
	82431  -  Run Bytes Sent By Job
	226860162  -  Run Bytes Received By Job
	(1) Normal termination (return value 1)
	The job attribute OnExitRemove expression 'NumJobCompletions > JobMaxRetries || ExitCode =?= 0' evaluated to FALSE
...
040 (8180963.117.000) 2026-06-24 17:53:03 Started transferring input files
	Transferring to host: <128.104.100.52:9618?addrs=128.104.100.52-9618+[2607-f388-107c-501-7ec2-55ff-fe99-a48c]-9618&alias=jcaicedogpu0000.chtc.wisc.edu&noUDP&sock=backfill1_10_12267_f60c_18601>
...
040 (8180963.117.000) 2026-06-24 17:55:52 Finished transferring input files
...
001 (8180963.117.000) 2026-06-24 17:55:52 Job executing on host: <128.104.100.52:9618?addrs=128.104.100.52-9618+[2607-f388-107c-501-7ec2-55ff-fe99-a48c]-9618&alias=jcaicedogpu0000.chtc.wisc.edu&noUDP&sock=startd_10725_0952>
	SlotName: backfill1_10@jcaicedogpu0000.chtc.wisc.edu
	AvailableGPUs = { GPUs_GPU_622f6c39 }
	CondorScratchDir = "/var/lib/condor/execute/slot1/dir_2288491/scratch"
	Cpus = 1
	Disk = 16777216
	GPUs = 1
	GPUs_GPU_622f6c39 = [ Id = "GPU-622f6c39"; Capability = 8.9; DeviceName = "NVIDIA L40"; DeviceUuid = "622f6c39-17bc-1e6f-4c41-3355854171a4"; ECCEnabled = true; NvidiaDriver = "570.195.03"; DriverVersion = 12.8; DevicePciBusId = "0000:4F:00.0"; GlobalMemoryMb = 45468; MaxSupportedVersion = 12080 ]
	IoHeavy = 0
	Memory = 16384
...
040 (8180963.117.000) 2026-06-24 18:33:39 Started transferring output files
...
040 (8180963.117.000) 2026-06-24 18:33:39 Finished transferring output files
...
004 (8180963.117.000) 2026-06-24 18:33:40 Job was evicted.
	(0) Job terminated and was requeued
		Usr 0 00:38:32, Sys 0 00:06:14  -  Run Remote Usage
		Usr 0 00:00:00, Sys 0 00:00:00  -  Run Local Usage
	276872  -  Run Bytes Sent By Job
	2718571650  -  Run Bytes Received By Job
	(1) Normal termination (return value 1)
	The job attribute OnExitRemove expression 'NumJobCompletions > JobMaxRetries || ExitCode =?= 0' evaluated to FALSE
...
040 (8180963.117.000) 2026-06-24 18:34:13 Started transferring input files
	Transferring to host: <128.104.100.52:9618?addrs=128.104.100.52-9618+[2607-f388-107c-501-7ec2-55ff-fe99-a48c]-9618&alias=jcaicedogpu0000.chtc.wisc.edu&noUDP&sock=backfill1_10_12267_f60c_18689>
...
040 (8180963.117.000) 2026-06-24 18:34:26 Finished transferring input files
...
001 (8180963.117.000) 2026-06-24 18:34:26 Job executing on host: <128.104.100.52:9618?addrs=128.104.100.52-9618+[2607-f388-107c-501-7ec2-55ff-fe99-a48c]-9618&alias=jcaicedogpu0000.chtc.wisc.edu&noUDP&sock=startd_10725_0952>
	SlotName: backfill1_10@jcaicedogpu0000.chtc.wisc.edu
	AvailableGPUs = { GPUs_GPU_622f6c39 }
	CondorScratchDir = "/var/lib/condor/execute/slot1/dir_2385427/scratch"
	Cpus = 1
	Disk = 16777216
	GPUs = 1
	GPUs_GPU_622f6c39 = [ Id = "GPU-622f6c39"; Capability = 8.9; DeviceName = "NVIDIA L40"; DeviceUuid = "622f6c39-17bc-1e6f-4c41-3355854171a4"; ECCEnabled = true; NvidiaDriver = "570.195.03"; DriverVersion = 12.8; DevicePciBusId = "0000:4F:00.0"; GlobalMemoryMb = 45468; MaxSupportedVersion = 12080 ]
	IoHeavy = 0
	Memory = 16384
...
040 (8180963.117.000) 2026-06-24 19:01:44 Started transferring output files
...
040 (8180963.117.000) 2026-06-24 19:01:44 Finished transferring output files
...
004 (8180963.117.000) 2026-06-24 19:01:44 Job was evicted.
	(0) Job terminated and was requeued
		Usr 0 00:28:10, Sys 0 00:03:58  -  Run Remote Usage
		Usr 0 00:00:00, Sys 0 00:00:00  -  Run Local Usage
	199802  -  Run Bytes Sent By Job
	2782485634  -  Run Bytes Received By Job
	(1) Normal termination (return value 1)
	The job attribute OnExitRemove expression 'NumJobCompletions > JobMaxRetries || ExitCode =?= 0' evaluated to FALSE
...
040 (8180963.117.000) 2026-06-24 19:02:13 Started transferring input files
	Transferring to host: <128.105.69.60:9618?addrs=128.105.69.60-9618+[2607-f388-2200-100-527c-6fff-fe66-e7e2]-9618&alias=blengerichgpu4000.chtc.wisc.edu&noUDP&sock=backfill1_5_1843674_de95_105026>
...
040 (8180963.117.000) 2026-06-24 19:03:29 Finished transferring input files
...
001 (8180963.117.000) 2026-06-24 19:03:29 Job executing on host: <128.105.69.60:9618?addrs=128.105.69.60-9618+[2607-f388-2200-100-527c-6fff-fe66-e7e2]-9618&alias=blengerichgpu4000.chtc.wisc.edu&noUDP&sock=startd_11585_ecc4>
	SlotName: backfill1_5@blengerichgpu4000.chtc.wisc.edu
	AvailableGPUs = { GPUs_GPU_aba9f117 }
	CondorScratchDir = "/var/lib/condor/execute/slot1/dir_3406065/scratch"
	Cpus = 1
	Disk = 16777216
	GPUs = 1
	GPUs_GPU_aba9f117 = [ Id = "GPU-aba9f117"; Capability = 8.9; DeviceName = "NVIDIA L40S"; DeviceUuid = "aba9f117-f41d-a8b4-01b7-d31c0515b86c"; ECCEnabled = true; NvidiaDriver = "570.195.03"; DriverVersion = 12.8; DevicePciBusId = "0000:63:00.0"; GlobalMemoryMb = 45468; MaxSupportedVersion = 12080 ]
	IoHeavy = 0
	Memory = 16384
...
040 (8180963.117.000) 2026-06-24 19:13:06 Started transferring output files
...
040 (8180963.117.000) 2026-06-24 19:13:06 Finished transferring output files
...
004 (8180963.117.000) 2026-06-24 19:13:07 Job was evicted.
	(0) Job terminated and was requeued
		Usr 0 00:10:47, Sys 0 00:01:35  -  Run Remote Usage
		Usr 0 00:00:00, Sys 0 00:00:00  -  Run Local Usage
	92697  -  Run Bytes Sent By Job
	2782485634  -  Run Bytes Received By Job
	(1) Normal termination (return value 1)
	The job attribute OnExitRemove expression 'NumJobCompletions > JobMaxRetries || ExitCode =?= 0' evaluated to FALSE
...
040 (8180963.117.000) 2026-06-24 19:13:30 Started transferring input files
	Transferring to host: <10.226.104.221:32873?CCBID=128.105.82.148:9618%3faddrs%3d128.105.82.148-9618+[2607-f388-2200-9d-7ccb-bc08-2489-7689]-9618%26alias%3dospool-ccb.osg.chtc.io%26noUDP%26sock%3dcollector7#4751791%2067.58.49.91:9618%3faddrs%3d67.58.49.91-9618+[fdf0-17b3-c3ec-1f79-10-0-d-2091]-9618%26alias%3dccb-2.ospool.osg-htc.org%26noUDP%26sock%3dcollector3#4746396&PrivNet=gpu021.rci.montana.edu&addrs=10.226.104.221-32873&alias=gpu021.rci.montana.edu&noUDP>
...
040 (8180963.117.000) 2026-06-24 19:15:13 Finished transferring input files
...
021 (8180963.117.000) 2026-06-24 19:15:14 Message from starter on slot1_1@glidein_133583_395458400@gpu021.rci.montana.edu:
	PREPARE_JOB (prepare-hook) succeeded (reported status 000): Using Singularity image openfe_1.11.1.sif
...
001 (8180963.117.000) 2026-06-24 19:15:14 Job executing on host: <10.226.104.221:46569?CCBID=128.105.82.148:9618%3faddrs%3d128.105.82.148-9618+[2607-f388-2200-9d-7ccb-bc08-2489-7689]-9618%26alias%3dospool-ccb.osg.chtc.io%26noUDP%26sock%3dcollector10#4717235%2067.58.49.91:9618%3faddrs%3d67.58.49.91-9618+[fdf0-17b3-c3ec-1f79-10-0-d-2091]-9618%26alias%3dccb-2.ospool.osg-htc.org%26noUDP%26sock%3dcollector4#4710314&PrivNet=gpu021.rci.montana.edu&addrs=10.226.104.221-46569&alias=gpu021.rci.montana.edu&noUDP>
	SlotName: slot1_1@glidein_133583_395458400@gpu021.rci.montana.edu
	AvailableGPUs = { GPUs_GPU_224d9478 }
	CondorScratchDir = "/tmp/jobs/4126934/glide_xArfKs/execute/dir_1319519/scratch"
	Cpus = 1
	Disk = 16777216
	GPUs = 1
	GPUs_GPU_224d9478 = [ Id = "GPU-224d9478"; ClockMhz = 1980.0; Capability = 9.0; CoresPerCU = 128; DeviceName = "NVIDIA H100 80GB HBM3"; DeviceUuid = "224d9478-4171-f0e4-75e2-9d0f53ea136e"; ECCEnabled = true; ComputeUnits = 132; NvidiaDriver = "595.71.05"; DriverVersion = 13.2; DevicePciBusId = "0000:DB:00.0"; GlobalMemoryMb = 81081; MaxSupportedVersion = 13020 ]
	Memory = 16384
...
006 (8180963.117.000) 2026-06-24 19:20:23 Image size of job updated: 75000000
	3523  -  MemoryUsage of job (MB)
	3607520  -  ResidentSetSize of job (KB)
...
006 (8180963.117.000) 2026-06-24 19:30:24 Image size of job updated: 75000000
	3823  -  MemoryUsage of job (MB)
	3914168  -  ResidentSetSize of job (KB)
...
006 (8180963.117.000) 2026-06-24 19:34:55 Image size of job updated: 75000000
	4016  -  MemoryUsage of job (MB)
	4111364  -  ResidentSetSize of job (KB)
...
040 (8180963.117.000) 2026-06-24 19:34:55 Started transferring output files
...
040 (8180963.117.000) 2026-06-24 19:34:56 Finished transferring output files
...
004 (8180963.117.000) 2026-06-24 19:34:56 Job was evicted.
	(0) Job terminated and was requeued
		Usr 0 00:18:57, Sys 0 00:00:59  -  Run Remote Usage
		Usr 0 00:00:00, Sys 0 00:00:00  -  Run Local Usage
	69925  -  Run Bytes Sent By Job
	2782485634  -  Run Bytes Received By Job
	(1) Normal termination (return value 1)
	The job attribute OnExitRemove expression 'NumJobCompletions > JobMaxRetries || ExitCode =?= 0' evaluated to FALSE
...
040 (8180963.117.000) 2026-06-24 19:35:10 Started transferring input files
	Transferring to host: <128.105.68.116:9618?addrs=128.105.68.116-9618+[2607-f388-2200-100-7ec2-55ff-fe99-a36a]-9618&alias=gpu4001.chtc.wisc.edu&noUDP&sock=slot2_2_10972_8437_13996>
...
040 (8180963.117.000) 2026-06-24 19:59:26 Finished transferring input files
...
001 (8180963.117.000) 2026-06-24 19:59:26 Job executing on host: <128.105.68.116:9618?addrs=128.105.68.116-9618+[2607-f388-2200-100-7ec2-55ff-fe99-a36a]-9618&alias=gpu4001.chtc.wisc.edu&noUDP&sock=startd_10701_930c>
	SlotName: slot2_2@gpu4001.chtc.wisc.edu
	AvailableGPUs = { GPUs_GPU_e01dcbf0 }
	CondorScratchDir = "/var/lib/condor/execute/slot2/dir_1844903/scratch"
	Cpus = 1
	Disk = 16777216
	GPUs = 1
	GPUs_GPU_e01dcbf0 = [ Id = "GPU-e01dcbf0"; Capability = 8.9; DeviceName = "NVIDIA L40"; DeviceUuid = "e01dcbf0-3b2f-a996-a35a-0d3baf730264"; ECCEnabled = true; NvidiaDriver = "570.195.03"; DriverVersion = 12.8; DevicePciBusId = "0000:52:00.0"; GlobalMemoryMb = 45468; MaxSupportedVersion = 12080 ]
	IoHeavy = 0
	Memory = 16384
...
040 (8180963.117.000) 2026-06-24 20:09:21 Started transferring output files
...
040 (8180963.117.000) 2026-06-24 20:09:21 Finished transferring output files
...
005 (8180963.117.000) 2026-06-24 20:09:22 Job terminated.
	(1) Normal termination (return value 1)
		Usr 0 00:10:32, Sys 0 00:00:56  -  Run Remote Usage
		Usr 0 00:00:00, Sys 0 00:00:00  -  Run Local Usage
		Usr 0 03:19:34, Sys 0 00:36:45  -  Total Remote Usage
		Usr 0 00:00:00, Sys 0 00:00:00  -  Total Local Usage
	81863  -  Run Bytes Sent By Job
	2208373890  -  Run Bytes Received By Job
	1337938  -  Total Bytes Sent By Job
	27236923798  -  Total Bytes Received By Job
	Partitionable Resources :      Usage  Request Allocated Assigned
	   Cpus                 :       1.13        1         1 
	   Disk (KB)            : 2829052    16777216  16777216 
	   GPUs                 :       0.04        1         1 "GPU-e01dcbf0"
	   GpusMemory (MB)      :    7202                       
	   IoHeavy              :                             0 
	   Memory (MB)          :    4151       16384     16384 
	   TimeExecute (s)      :     595                       
	   TimeSlotBusy (s)     :    2051                       
...
