000 (8017966.940.000) 2026-06-20 22:07:54 Job submitted from host: <128.105.68.112:9618?addrs=128.105.68.112-9618+[2607-f388-2200-100-eaeb-d3ff-fea3-4202]-9618&alias=ap2001.chtc.wisc.edu&noUDP&sock=schedd_4071840_2329>
...
040 (8017966.940.000) 2026-06-21 05:40:57 Started transferring input files
	Transferring to host: <128.105.69.3:9618?addrs=128.105.69.3-9618+[2607-f388-2200-100-7ec2-55ff-fe46-28f2]-9618&alias=gpu4002.chtc.wisc.edu&noUDP&sock=slot1_5_12744_0cff_4598>
...
040 (8017966.940.000) 2026-06-21 05:41:08 Finished transferring input files
...
001 (8017966.940.000) 2026-06-21 05:41:08 Job executing on host: <128.105.69.3:9618?addrs=128.105.69.3-9618+[2607-f388-2200-100-7ec2-55ff-fe46-28f2]-9618&alias=gpu4002.chtc.wisc.edu&noUDP&sock=startd_11312_ab69>
	SlotName: slot1_5@gpu4002.chtc.wisc.edu
	AvailableGPUs = { GPUs_GPU_24660f1c }
	CondorScratchDir = "/var/lib/condor/execute/slot1/dir_3157275/scratch"
	Cpus = 1
	Disk = 16777216
	GPUs = 1
	GPUs_GPU_24660f1c = [ Id = "GPU-24660f1c"; Capability = 8.9; DeviceName = "NVIDIA L40"; DeviceUuid = "24660f1c-9665-dc92-a0c9-04252e1a8138"; ECCEnabled = true; NvidiaDriver = "570.195.03"; DriverVersion = 12.8; DevicePciBusId = "0000:CE:00.0"; GlobalMemoryMb = 45468; MaxSupportedVersion = 12080 ]
	IoHeavy = 0
	Memory = 16384
...
006 (8017966.940.000) 2026-06-21 05:41:17 Image size of job updated: 437308
	428  -  MemoryUsage of job (MB)
	437308  -  ResidentSetSize of job (KB)
...
006 (8017966.940.000) 2026-06-21 05:41:22 Image size of job updated: 482864
	428  -  MemoryUsage of job (MB)
	437308  -  ResidentSetSize of job (KB)
...
040 (8017966.940.000) 2026-06-21 05:41:22 Started transferring output files
...
040 (8017966.940.000) 2026-06-21 05:41:22 Finished transferring output files
...
004 (8017966.940.000) 2026-06-21 05:41:23 Job was evicted.
	(0) Job terminated and was requeued
		Usr 0 00:00:12, Sys 0 00:00:01  -  Run Remote Usage
		Usr 0 00:00:00, Sys 0 00:00:00  -  Run Local Usage
	709446  -  Run Bytes Sent By Job
	2781914178  -  Run Bytes Received By Job
	(1) Normal termination (return value 1)
	The job attribute OnExitRemove expression 'NumJobCompletions > JobMaxRetries || ExitCode =?= 0' evaluated to FALSE
...
040 (8017966.940.000) 2026-06-21 05:41:26 Started transferring input files
	Transferring to host: <128.105.68.168:9618?addrs=128.105.68.168-9618+[2607-f388-2200-100-b62e-99ff-feb7-2dcb]-9618&alias=gpulab2003.chtc.wisc.edu&noUDP&sock=slot2_4_11172_6f3f_5775>
...
040 (8017966.940.000) 2026-06-21 05:41:43 Finished transferring input files
...
001 (8017966.940.000) 2026-06-21 05:41:43 Job executing on host: <128.105.68.168:9618?addrs=128.105.68.168-9618+[2607-f388-2200-100-b62e-99ff-feb7-2dcb]-9618&alias=gpulab2003.chtc.wisc.edu&noUDP&sock=startd_10155_1056>
	SlotName: slot2_4@gpulab2003.chtc.wisc.edu
	AvailableGPUs = { GPUs_GPU_61902b82 }
	CondorScratchDir = "/var/lib/condor/execute/slot2/dir_297998/scratch"
	Cpus = 1
	Disk = 16777216
	GPUs = 1
	GPUs_GPU_61902b82 = [ Id = "GPU-61902b82"; Capability = 7.5; DeviceName = "NVIDIA GeForce RTX 2080 Ti"; DeviceUuid = "61902b82-cedb-e4be-d010-bca8829ec79b"; ECCEnabled = false; NvidiaDriver = "570.195.03"; DriverVersion = 12.8; DevicePciBusId = "0000:B2:00.0"; GlobalMemoryMb = 10823; MaxSupportedVersion = 12080 ]
	IoHeavy = 0
	Memory = 16384
...
040 (8017966.940.000) 2026-06-21 05:41:47 Started transferring output files
...
040 (8017966.940.000) 2026-06-21 05:41:47 Finished transferring output files
...
004 (8017966.940.000) 2026-06-21 05:41:48 Job was evicted.
	(0) Job terminated and was requeued
		Usr 0 00:00:03, Sys 0 00:00:00  -  Run Remote Usage
		Usr 0 00:00:00, Sys 0 00:00:00  -  Run Local Usage
	704501  -  Run Bytes Sent By Job
	2782618184  -  Run Bytes Received By Job
	(1) Normal termination (return value 2)
	The job attribute OnExitRemove expression 'NumJobCompletions > JobMaxRetries || ExitCode =?= 0' evaluated to FALSE
...
040 (8017966.940.000) 2026-06-21 05:41:57 Started transferring input files
	Transferring to host: <128.105.68.168:9618?addrs=128.105.68.168-9618+[2607-f388-2200-100-b62e-99ff-feb7-2dcb]-9618&alias=gpulab2003.chtc.wisc.edu&noUDP&sock=slot2_4_11172_6f3f_5776>
...
040 (8017966.940.000) 2026-06-21 05:42:13 Finished transferring input files
...
001 (8017966.940.000) 2026-06-21 05:42:13 Job executing on host: <128.105.68.168:9618?addrs=128.105.68.168-9618+[2607-f388-2200-100-b62e-99ff-feb7-2dcb]-9618&alias=gpulab2003.chtc.wisc.edu&noUDP&sock=startd_10155_1056>
	SlotName: slot2_4@gpulab2003.chtc.wisc.edu
	AvailableGPUs = { GPUs_GPU_61902b82 }
	CondorScratchDir = "/var/lib/condor/execute/slot2/dir_299121/scratch"
	Cpus = 1
	Disk = 16777216
	GPUs = 1
	GPUs_GPU_61902b82 = [ Id = "GPU-61902b82"; Capability = 7.5; DeviceName = "NVIDIA GeForce RTX 2080 Ti"; DeviceUuid = "61902b82-cedb-e4be-d010-bca8829ec79b"; ECCEnabled = false; NvidiaDriver = "570.195.03"; DriverVersion = 12.8; DevicePciBusId = "0000:B2:00.0"; GlobalMemoryMb = 10823; MaxSupportedVersion = 12080 ]
	IoHeavy = 0
	Memory = 16384
...
040 (8017966.940.000) 2026-06-21 05:42:18 Started transferring output files
...
040 (8017966.940.000) 2026-06-21 05:42:18 Finished transferring output files
...
004 (8017966.940.000) 2026-06-21 05:42:18 Job was evicted.
	(0) Job terminated and was requeued
		Usr 0 00:00:03, Sys 0 00:00:00  -  Run Remote Usage
		Usr 0 00:00:00, Sys 0 00:00:00  -  Run Local Usage
	704501  -  Run Bytes Sent By Job
	2782618184  -  Run Bytes Received By Job
	(1) Normal termination (return value 2)
	The job attribute OnExitRemove expression 'NumJobCompletions > JobMaxRetries || ExitCode =?= 0' evaluated to FALSE
...
040 (8017966.940.000) 2026-06-21 05:43:42 Started transferring input files
	Transferring to host: <128.105.68.129:9618?addrs=128.105.68.129-9618+[2607-f388-2200-100-7e8c-9ff-fee9-7284]-9618&alias=gchrysosgpu4000.chtc.wisc.edu&noUDP&sock=backfill1_1_11538_508e_4566>
...
040 (8017966.940.000) 2026-06-21 05:43:53 Finished transferring input files
...
001 (8017966.940.000) 2026-06-21 05:43:53 Job executing on host: <128.105.68.129:9618?addrs=128.105.68.129-9618+[2607-f388-2200-100-7e8c-9ff-fee9-7284]-9618&alias=gchrysosgpu4000.chtc.wisc.edu&noUDP&sock=startd_11234_2b06>
	SlotName: backfill1_1@gchrysosgpu4000.chtc.wisc.edu
	AvailableGPUs = { GPUs_GPU_adfd2ec0 }
	CondorScratchDir = "/var/lib/condor/execute/slot1/dir_2680565/scratch"
	Cpus = 1
	Disk = 16777216
	GPUs = 1
	GPUs_GPU_adfd2ec0 = [ Id = "GPU-adfd2ec0"; Capability = 8.9; DeviceName = "NVIDIA L40S"; DeviceUuid = "adfd2ec0-747a-b3c0-4a19-f00546698dcf"; ECCEnabled = true; NvidiaDriver = "570.195.03"; DriverVersion = 12.8; DevicePciBusId = "0000:C1:00.0"; GlobalMemoryMb = 45468; MaxSupportedVersion = 12080 ]
	IoHeavy = 0
	Memory = 16384
...
040 (8017966.940.000) 2026-06-21 05:43:56 Started transferring output files
...
040 (8017966.940.000) 2026-06-21 05:43:56 Finished transferring output files
...
004 (8017966.940.000) 2026-06-21 05:43:56 Job was evicted.
	(0) Job terminated and was requeued
		Usr 0 00:00:01, Sys 0 00:00:00  -  Run Remote Usage
		Usr 0 00:00:00, Sys 0 00:00:00  -  Run Local Usage
	704516  -  Run Bytes Sent By Job
	2782618184  -  Run Bytes Received By Job
	(1) Normal termination (return value 2)
	The job attribute OnExitRemove expression 'NumJobCompletions > JobMaxRetries || ExitCode =?= 0' evaluated to FALSE
...
040 (8017966.940.000) 2026-06-21 05:46:02 Started transferring input files
	Transferring to host: <10.1.1.139:43203?CCBID=128.105.82.148:9618%3faddrs%3d128.105.82.148-9618+[2607-f388-2200-9d-7ccb-bc08-2489-768a]-9618%26alias%3dospool-ccb.osg.chtc.io%26noUDP%26sock%3dcollector10#4306905%2067.58.49.91:9618%3faddrs%3d67.58.49.91-9618+[fdf0-17b3-c3ec-1f79-10-0-e-b69d]-9618%26alias%3dccb-2.ospool.osg-htc.org%26noUDP%26sock%3dcollector10#4303192&PrivNet=gpu09&addrs=10.1.1.139-43203&alias=gpu09&noUDP>
...
040 (8017966.940.000) 2026-06-21 05:46:17 Finished transferring input files
...
021 (8017966.940.000) 2026-06-21 05:46:18 Message from starter on slot1_4@glidein_3572203_1157457015@gpu09:
	PREPARE_JOB (prepare-hook) succeeded (reported status 000): Using Singularity image openfe_1.11.1.sif
...
001 (8017966.940.000) 2026-06-21 05:46:18 Job executing on host: <10.1.1.139:34171?CCBID=128.105.82.148:9618%3faddrs%3d128.105.82.148-9618+[2607-f388-2200-9d-7ccb-bc08-2489-768a]-9618%26alias%3dospool-ccb.osg.chtc.io%26noUDP%26sock%3dcollector8#4104748%2067.58.49.91:9618%3faddrs%3d67.58.49.91-9618+[fdf0-17b3-c3ec-1f79-10-0-e-b69d]-9618%26alias%3dccb-2.ospool.osg-htc.org%26noUDP%26sock%3dcollector10#4097396&PrivNet=gpu09&addrs=10.1.1.139-34171&alias=gpu09&noUDP>
	SlotName: slot1_4@glidein_3572203_1157457015@gpu09
	AvailableGPUs = { GPUs_GPU_4827281e }
	CondorScratchDir = "/tmp/glide_QcqRkg/execute/dir_844857/scratch"
	Cpus = 1
	Disk = 16777216
	GPUs = 1
	GPUs_GPU_4827281e = [ Id = "GPU-4827281e"; ClockMhz = 1695.0; Capability = 8.6; CoresPerCU = 128; DeviceName = "NVIDIA RTX A5000"; DeviceUuid = "4827281e-d305-a5ac-bd29-2aac21f49ea6"; ECCEnabled = false; ComputeUnits = 64; NvidiaDriver = "595.71.05"; DriverVersion = 13.2; DevicePciBusId = "0000:C1:00.0"; GlobalMemoryMb = 24361; MaxSupportedVersion = 13020 ]
	Memory = 16384
...
006 (8017966.940.000) 2026-06-21 05:46:22 Image size of job updated: 4314436
	440  -  MemoryUsage of job (MB)
	450000  -  ResidentSetSize of job (KB)
...
040 (8017966.940.000) 2026-06-21 05:46:22 Started transferring output files
...
040 (8017966.940.000) 2026-06-21 05:46:22 Finished transferring output files
...
004 (8017966.940.000) 2026-06-21 05:46:23 Job was evicted.
	(0) Job terminated and was requeued
		Usr 0 00:00:00, Sys 0 00:00:00  -  Run Remote Usage
		Usr 0 00:00:00, Sys 0 00:00:00  -  Run Local Usage
	704637  -  Run Bytes Sent By Job
	2782618184  -  Run Bytes Received By Job
	(1) Normal termination (return value 2)
	The job attribute OnExitRemove expression 'NumJobCompletions > JobMaxRetries || ExitCode =?= 0' evaluated to FALSE
...
040 (8017966.940.000) 2026-06-21 05:46:38 Started transferring input files
	Transferring to host: <128.104.103.47:9618?addrs=128.104.103.47-9618+[2607-f388-107c-501-a236-9fff-fe3c-f3a0]-9618&alias=ahlquist0000.chtc.wisc.edu&noUDP&sock=backfill1_1_9919_952c_7203>
...
040 (8017966.940.000) 2026-06-21 05:47:24 Finished transferring input files
...
001 (8017966.940.000) 2026-06-21 05:47:24 Job executing on host: <128.104.103.47:9618?addrs=128.104.103.47-9618+[2607-f388-107c-501-a236-9fff-fe3c-f3a0]-9618&alias=ahlquist0000.chtc.wisc.edu&noUDP&sock=startd_9052_7f60>
	SlotName: backfill1_1@ahlquist0000.chtc.wisc.edu
	AvailableGPUs = { GPUs_GPU_9cbc9d87 }
	CondorScratchDir = "/var/lib/condor/execute/slot1/dir_1242657/scratch"
	Cpus = 1
	Disk = 16777216
	GPUs = 1
	GPUs_GPU_9cbc9d87 = [ Id = "GPU-9cbc9d87"; Capability = 7.5; DeviceName = "NVIDIA GeForce RTX 2080 Ti"; DeviceUuid = "9cbc9d87-b661-a66f-8f7d-0236235ad50e"; ECCEnabled = false; NvidiaDriver = "550.54.14"; DriverVersion = 12.4; DevicePciBusId = "0000:B2:00.0"; GlobalMemoryMb = 11004; MaxSupportedVersion = 12040 ]
	IoHeavy = 0
	Memory = 16384
...
040 (8017966.940.000) 2026-06-21 05:47:29 Started transferring output files
...
040 (8017966.940.000) 2026-06-21 05:47:29 Finished transferring output files
...
004 (8017966.940.000) 2026-06-21 05:47:30 Job was evicted.
	(0) Job terminated and was requeued
		Usr 0 00:00:03, Sys 0 00:00:00  -  Run Remote Usage
		Usr 0 00:00:00, Sys 0 00:00:00  -  Run Local Usage
	704513  -  Run Bytes Sent By Job
	2782618184  -  Run Bytes Received By Job
	(1) Normal termination (return value 2)
	The job attribute OnExitRemove expression 'NumJobCompletions > JobMaxRetries || ExitCode =?= 0' evaluated to FALSE
...
040 (8017966.940.000) 2026-06-21 05:47:34 Started transferring input files
	Transferring to host: <128.105.68.117:9618?addrs=128.105.68.117-9618+[2607-f388-2200-100-7ec2-55ff-fe9a-b4fa]-9618&alias=gpu4000.chtc.wisc.edu&noUDP&sock=slot2_4_1956795_d8ee_83051>
...
040 (8017966.940.000) 2026-06-21 05:47:45 Finished transferring input files
...
001 (8017966.940.000) 2026-06-21 05:47:45 Job executing on host: <128.105.68.117:9618?addrs=128.105.68.117-9618+[2607-f388-2200-100-7ec2-55ff-fe9a-b4fa]-9618&alias=gpu4000.chtc.wisc.edu&noUDP&sock=startd_674379_7ae3>
	SlotName: slot2_4@gpu4000.chtc.wisc.edu
	AvailableGPUs = { GPUs_GPU_85b798bf }
	CondorScratchDir = "/var/lib/condor/execute/slot2/dir_150579/scratch"
	Cpus = 1
	Disk = 16777216
	GPUs = 1
	GPUs_GPU_85b798bf = [ Id = "GPU-85b798bf"; Capability = 8.9; DeviceName = "NVIDIA L40"; DeviceUuid = "85b798bf-b3ac-60c1-4903-0e00d9a2de78"; ECCEnabled = true; NvidiaDriver = "570.195.03"; DriverVersion = 12.8; DevicePciBusId = "0000:56:00.0"; GlobalMemoryMb = 45468; MaxSupportedVersion = 12080 ]
	IoHeavy = 0
	Memory = 16384
...
040 (8017966.940.000) 2026-06-21 05:47:49 Started transferring output files
...
040 (8017966.940.000) 2026-06-21 05:47:49 Finished transferring output files
...
004 (8017966.940.000) 2026-06-21 05:47:49 Job was evicted.
	(0) Job terminated and was requeued
		Usr 0 00:00:02, Sys 0 00:00:00  -  Run Remote Usage
		Usr 0 00:00:00, Sys 0 00:00:00  -  Run Local Usage
	704508  -  Run Bytes Sent By Job
	2782618184  -  Run Bytes Received By Job
	(1) Normal termination (return value 2)
	The job attribute OnExitRemove expression 'NumJobCompletions > JobMaxRetries || ExitCode =?= 0' evaluated to FALSE
...
040 (8017966.940.000) 2026-06-21 05:47:56 Started transferring input files
	Transferring to host: <128.104.100.117:9618?addrs=128.104.100.117-9618+[2607-f388-107c-501-8ae9-a4ff-fe02-e150]-9618&alias=jcaicedogpu0003.chtc.wisc.edu&noUDP&sock=backfill1_5_1586877_26eb_99867>
...
040 (8017966.940.000) 2026-06-21 05:48:07 Finished transferring input files
...
001 (8017966.940.000) 2026-06-21 05:48:07 Job executing on host: <128.104.100.117:9618?addrs=128.104.100.117-9618+[2607-f388-107c-501-8ae9-a4ff-fe02-e150]-9618&alias=jcaicedogpu0003.chtc.wisc.edu&noUDP&sock=startd_10874_3cee>
	SlotName: backfill1_5@jcaicedogpu0003.chtc.wisc.edu
	AvailableGPUs = { GPUs_GPU_f577c034 }
	CondorScratchDir = "/var/lib/condor/execute/slot1/dir_2839880/scratch"
	Cpus = 1
	Disk = 16777216
	GPUs = 1
	GPUs_GPU_f577c034 = [ Id = "GPU-f577c034"; Capability = 8.9; DeviceName = "NVIDIA L40S"; DeviceUuid = "f577c034-8bd1-f1b7-ffec-c5a5f820bb55"; ECCEnabled = true; NvidiaDriver = "570.195.03"; DriverVersion = 12.8; DevicePciBusId = "0000:41:00.0"; GlobalMemoryMb = 45468; MaxSupportedVersion = 12080 ]
	IoHeavy = 0
	Memory = 16384
...
040 (8017966.940.000) 2026-06-21 05:48:10 Started transferring output files
...
040 (8017966.940.000) 2026-06-21 05:48:10 Finished transferring output files
...
004 (8017966.940.000) 2026-06-21 05:48:11 Job was evicted.
	(0) Job terminated and was requeued
		Usr 0 00:00:01, Sys 0 00:00:00  -  Run Remote Usage
		Usr 0 00:00:00, Sys 0 00:00:00  -  Run Local Usage
	704516  -  Run Bytes Sent By Job
	2782618184  -  Run Bytes Received By Job
	(1) Normal termination (return value 2)
	The job attribute OnExitRemove expression 'NumJobCompletions > JobMaxRetries || ExitCode =?= 0' evaluated to FALSE
...
040 (8017966.940.000) 2026-06-21 05:48:29 Started transferring input files
	Transferring to host: <128.105.69.34:9618?addrs=128.105.69.34-9618+[2607-f388-2200-100-527c-6fff-fe66-ea4a]-9618&alias=mkhodakgpu4000.chtc.wisc.edu&noUDP&sock=backfill1_1_2685916_8d1f_95179>
...
040 (8017966.940.000) 2026-06-21 05:48:45 Finished transferring input files
...
001 (8017966.940.000) 2026-06-21 05:48:45 Job executing on host: <128.105.69.34:9618?addrs=128.105.69.34-9618+[2607-f388-2200-100-527c-6fff-fe66-ea4a]-9618&alias=mkhodakgpu4000.chtc.wisc.edu&noUDP&sock=startd_11796_a740>
	SlotName: backfill1_1@mkhodakgpu4000.chtc.wisc.edu
	AvailableGPUs = { GPUs_GPU_c7d03fd0 }
	CondorScratchDir = "/var/lib/condor/execute/slot1/dir_898290/scratch"
	Cpus = 1
	Disk = 16777216
	GPUs = 1
	GPUs_GPU_c7d03fd0 = [ Id = "GPU-c7d03fd0"; Capability = 8.9; DeviceName = "NVIDIA L40S"; DeviceUuid = "c7d03fd0-754e-9df9-8e35-2c63a7b5df74"; ECCEnabled = true; NvidiaDriver = "570.195.03"; DriverVersion = 12.8; DevicePciBusId = "0000:E1:00.0"; GlobalMemoryMb = 45468; MaxSupportedVersion = 12080 ]
	IoHeavy = 0
	Memory = 16384
...
040 (8017966.940.000) 2026-06-21 05:48:48 Started transferring output files
...
040 (8017966.940.000) 2026-06-21 05:48:48 Finished transferring output files
...
004 (8017966.940.000) 2026-06-21 05:48:48 Job was evicted.
	(0) Job terminated and was requeued
		Usr 0 00:00:01, Sys 0 00:00:00  -  Run Remote Usage
		Usr 0 00:00:00, Sys 0 00:00:00  -  Run Local Usage
	704515  -  Run Bytes Sent By Job
	2782618184  -  Run Bytes Received By Job
	(1) Normal termination (return value 2)
	The job attribute OnExitRemove expression 'NumJobCompletions > JobMaxRetries || ExitCode =?= 0' evaluated to FALSE
...
040 (8017966.940.000) 2026-06-21 05:48:53 Started transferring input files
	Transferring to host: <128.105.68.117:9618?addrs=128.105.68.117-9618+[2607-f388-2200-100-7ec2-55ff-fe9a-b4fa]-9618&alias=gpu4000.chtc.wisc.edu&noUDP&sock=slot2_4_1956795_d8ee_83054>
...
040 (8017966.940.000) 2026-06-21 05:49:26 Finished transferring input files
...
001 (8017966.940.000) 2026-06-21 05:49:26 Job executing on host: <128.105.68.117:9618?addrs=128.105.68.117-9618+[2607-f388-2200-100-7ec2-55ff-fe9a-b4fa]-9618&alias=gpu4000.chtc.wisc.edu&noUDP&sock=startd_674379_7ae3>
	SlotName: slot2_4@gpu4000.chtc.wisc.edu
	AvailableGPUs = { GPUs_GPU_85b798bf }
	CondorScratchDir = "/var/lib/condor/execute/slot2/dir_151438/scratch"
	Cpus = 1
	Disk = 16777216
	GPUs = 1
	GPUs_GPU_85b798bf = [ Id = "GPU-85b798bf"; Capability = 8.9; DeviceName = "NVIDIA L40"; DeviceUuid = "85b798bf-b3ac-60c1-4903-0e00d9a2de78"; ECCEnabled = true; NvidiaDriver = "570.195.03"; DriverVersion = 12.8; DevicePciBusId = "0000:56:00.0"; GlobalMemoryMb = 45468; MaxSupportedVersion = 12080 ]
	IoHeavy = 0
	Memory = 16384
...
040 (8017966.940.000) 2026-06-21 05:49:29 Started transferring output files
...
040 (8017966.940.000) 2026-06-21 05:49:29 Finished transferring output files
...
004 (8017966.940.000) 2026-06-21 05:49:30 Job was evicted.
	(0) Job terminated and was requeued
		Usr 0 00:00:02, Sys 0 00:00:00  -  Run Remote Usage
		Usr 0 00:00:00, Sys 0 00:00:00  -  Run Local Usage
	704508  -  Run Bytes Sent By Job
	2782618184  -  Run Bytes Received By Job
	(1) Normal termination (return value 2)
	The job attribute OnExitRemove expression 'NumJobCompletions > JobMaxRetries || ExitCode =?= 0' evaluated to FALSE
...
040 (8017966.940.000) 2026-06-21 05:49:37 Started transferring input files
	Transferring to host: <128.105.68.117:9618?addrs=128.105.68.117-9618+[2607-f388-2200-100-7ec2-55ff-fe9a-b4fa]-9618&alias=gpu4000.chtc.wisc.edu&noUDP&sock=slot2_4_1956795_d8ee_83055>
...
040 (8017966.940.000) 2026-06-21 05:49:49 Finished transferring input files
...
001 (8017966.940.000) 2026-06-21 05:49:49 Job executing on host: <128.105.68.117:9618?addrs=128.105.68.117-9618+[2607-f388-2200-100-7ec2-55ff-fe9a-b4fa]-9618&alias=gpu4000.chtc.wisc.edu&noUDP&sock=startd_674379_7ae3>
	SlotName: slot2_4@gpu4000.chtc.wisc.edu
	AvailableGPUs = { GPUs_GPU_85b798bf }
	CondorScratchDir = "/var/lib/condor/execute/slot2/dir_151746/scratch"
	Cpus = 1
	Disk = 16777216
	GPUs = 1
	GPUs_GPU_85b798bf = [ Id = "GPU-85b798bf"; Capability = 8.9; DeviceName = "NVIDIA L40"; DeviceUuid = "85b798bf-b3ac-60c1-4903-0e00d9a2de78"; ECCEnabled = true; NvidiaDriver = "570.195.03"; DriverVersion = 12.8; DevicePciBusId = "0000:56:00.0"; GlobalMemoryMb = 45468; MaxSupportedVersion = 12080 ]
	IoHeavy = 0
	Memory = 16384
...
040 (8017966.940.000) 2026-06-21 05:49:52 Started transferring output files
...
040 (8017966.940.000) 2026-06-21 05:49:52 Finished transferring output files
...
005 (8017966.940.000) 2026-06-21 05:49:52 Job terminated.
	(1) Normal termination (return value 2)
		Usr 0 00:00:02, Sys 0 00:00:00  -  Run Remote Usage
		Usr 0 00:00:00, Sys 0 00:00:00  -  Run Local Usage
		Usr 0 00:00:30, Sys 0 00:00:01  -  Total Remote Usage
		Usr 0 00:00:00, Sys 0 00:00:00  -  Total Local Usage
	704508  -  Run Bytes Sent By Job
	2782618184  -  Run Bytes Received By Job
	7754669  -  Total Bytes Sent By Job
	30608096018  -  Total Bytes Received By Job
	Partitionable Resources :      Usage  Request Allocated Assigned
	   Cpus                 :       0.30        1         1 
	   Disk (KB)            : 2717560    16777216  16777216 
	   GPUs                 :       0           1         1 "GPU-85b798bf"
	   GpusMemory (MB)      :     604                       
	   IoHeavy              :                             0 
	   Memory (MB)          :     440       16384     16384 
	   TimeExecute (s)      :       3                       
	   TimeSlotBusy (s)     :      15                       
...
