000 (8321903.186.000) 2026-06-26 09:00:08 Job submitted from host: <128.105.68.112:9618?addrs=128.105.68.112-9618+[2607-f388-2200-100-eaeb-d3ff-fea3-4202]-9618&alias=ap2001.chtc.wisc.edu&noUDP&sock=schedd_4071840_2329>
...
040 (8321903.186.000) 2026-06-26 13:34:01 Started transferring input files
	Transferring to host: <128.105.69.246:9618?addrs=128.105.69.246-9618+[2607-f388-2200-100-3eec-efff-fe1e-deb4]-9618&alias=mcdanielgpu4001.chtc.wisc.edu&noUDP&sock=backfill1_5_3077858_25a1_123>
...
040 (8321903.186.000) 2026-06-26 13:34:16 Finished transferring input files
...
001 (8321903.186.000) 2026-06-26 13:34:16 Job executing on host: <128.105.69.246:9618?addrs=128.105.69.246-9618+[2607-f388-2200-100-3eec-efff-fe1e-deb4]-9618&alias=mcdanielgpu4001.chtc.wisc.edu&noUDP&sock=startd_10897_039c>
	SlotName: backfill1_5@mcdanielgpu4001.chtc.wisc.edu
	AvailableGPUs = { GPUs_GPU_37a3c6e5 }
	CondorScratchDir = "/var/lib/condor/execute/slot1/dir_3167670/scratch"
	Cpus = 1
	Disk = 16777216
	GPUs = 1
	GPUs_GPU_37a3c6e5 = [ Id = "GPU-37a3c6e5"; Capability = 8.0; DeviceName = "NVIDIA A100-SXM4-40GB"; DeviceUuid = "37a3c6e5-23ec-e4e2-b4b8-6ee7c13220a0"; ECCEnabled = true; NvidiaDriver = "570.195.03"; DriverVersion = 12.8; DevicePciBusId = "0000:4D:00.0"; GlobalMemoryMb = 40442; MaxSupportedVersion = 12080 ]
	IoHeavy = 0
	Memory = 16384
...
006 (8321903.186.000) 2026-06-26 13:34:25 Image size of job updated: 349768
	342  -  MemoryUsage of job (MB)
	349768  -  ResidentSetSize of job (KB)
...
006 (8321903.186.000) 2026-06-26 13:39:26 Image size of job updated: 2482728
	2425  -  MemoryUsage of job (MB)
	2482728  -  ResidentSetSize of job (KB)
...
006 (8321903.186.000) 2026-06-26 13:44:26 Image size of job updated: 4633124
	3985  -  MemoryUsage of job (MB)
	4080248  -  ResidentSetSize of job (KB)
...
006 (8321903.186.000) 2026-06-26 13:49:27 Image size of job updated: 4842876
	4730  -  MemoryUsage of job (MB)
	4842876  -  ResidentSetSize of job (KB)
...
006 (8321903.186.000) 2026-06-26 13:54:28 Image size of job updated: 5486232
	5139  -  MemoryUsage of job (MB)
	5261928  -  ResidentSetSize of job (KB)
...
006 (8321903.186.000) 2026-06-26 14:04:29 Image size of job updated: 5562904
	5417  -  MemoryUsage of job (MB)
	5546928  -  ResidentSetSize of job (KB)
...
006 (8321903.186.000) 2026-06-26 14:09:29 Image size of job updated: 6210300
	5631  -  MemoryUsage of job (MB)
	5765636  -  ResidentSetSize of job (KB)
...
006 (8321903.186.000) 2026-06-26 14:14:30 Image size of job updated: 6210300
	5671  -  MemoryUsage of job (MB)
	5806440  -  ResidentSetSize of job (KB)
...
006 (8321903.186.000) 2026-06-26 14:19:30 Image size of job updated: 6497056
	6345  -  MemoryUsage of job (MB)
	6497056  -  ResidentSetSize of job (KB)
...
006 (8321903.186.000) 2026-06-26 14:23:21 Image size of job updated: 6862820
	6345  -  MemoryUsage of job (MB)
	6497056  -  ResidentSetSize of job (KB)
...
040 (8321903.186.000) 2026-06-26 14:23:21 Started transferring output files
...
040 (8321903.186.000) 2026-06-26 14:23:21 Finished transferring output files
...
004 (8321903.186.000) 2026-06-26 14:23:22 Job was evicted.
	(0) Job terminated and was requeued
		Usr 0 00:54:47, Sys 0 00:02:05  -  Run Remote Usage
		Usr 0 00:00:00, Sys 0 00:00:00  -  Run Local Usage
	109351  -  Run Bytes Sent By Job
	2784218194  -  Run Bytes Received By Job
	(1) Normal termination (return value 1)
	The job attribute OnExitRemove expression 'NumJobCompletions > JobMaxRetries || ExitCode =?= 0' evaluated to FALSE
...
040 (8321903.186.000) 2026-06-26 16:41:27 Started transferring input files
	Transferring to host: <128.104.100.117:9618?addrs=128.104.100.117-9618+[2607-f388-107c-501-8ae9-a4ff-fe02-e150]-9618&alias=jcaicedogpu0003.chtc.wisc.edu&noUDP&sock=backfill1_5_1577952_aea0_571>
...
040 (8321903.186.000) 2026-06-26 16:41:41 Finished transferring input files
...
001 (8321903.186.000) 2026-06-26 16:41:41 Job executing on host: <128.104.100.117:9618?addrs=128.104.100.117-9618+[2607-f388-107c-501-8ae9-a4ff-fe02-e150]-9618&alias=jcaicedogpu0003.chtc.wisc.edu&noUDP&sock=startd_10874_3cee>
	SlotName: backfill1_5@jcaicedogpu0003.chtc.wisc.edu
	AvailableGPUs = { GPUs_GPU_605fb122 }
	CondorScratchDir = "/var/lib/condor/execute/slot1/dir_2968540/scratch"
	Cpus = 1
	Disk = 16777216
	GPUs = 1
	GPUs_GPU_605fb122 = [ Id = "GPU-605fb122"; Capability = 8.9; DeviceName = "NVIDIA L40S"; DeviceUuid = "605fb122-3227-3fdc-8725-5274c59992a8"; ECCEnabled = true; NvidiaDriver = "570.195.03"; DriverVersion = 12.8; DevicePciBusId = "0000:61:00.0"; GlobalMemoryMb = 45468; MaxSupportedVersion = 12080 ]
	IoHeavy = 0
	Memory = 16384
...
040 (8321903.186.000) 2026-06-26 17:09:38 Started transferring output files
...
040 (8321903.186.000) 2026-06-26 17:09:38 Finished transferring output files
...
004 (8321903.186.000) 2026-06-26 17:09:38 Job was evicted.
	(0) Job terminated and was requeued
		Usr 0 00:30:41, Sys 0 00:01:37  -  Run Remote Usage
		Usr 0 00:00:00, Sys 0 00:00:00  -  Run Local Usage
	109347  -  Run Bytes Sent By Job
	2784218194  -  Run Bytes Received By Job
	(1) Normal termination (return value 1)
	The job attribute OnExitRemove expression 'NumJobCompletions > JobMaxRetries || ExitCode =?= 0' evaluated to FALSE
...
040 (8321903.186.000) 2026-06-26 19:13:12 Started transferring input files
	Transferring to host: <128.105.76.52:9618?addrs=128.105.76.52-9618+[2607-f388-2200-100-b65c-b5ff-fe81-e53e]-9618&alias=dbrundage-chtcgpu5000.chtc.wisc.edu&noUDP&sock=backfill1_2_830193_d239_108>
...
040 (8321903.186.000) 2026-06-26 19:13:26 Finished transferring input files
...
001 (8321903.186.000) 2026-06-26 19:13:26 Job executing on host: <128.105.76.52:9618?addrs=128.105.76.52-9618+[2607-f388-2200-100-b65c-b5ff-fe81-e53e]-9618&alias=dbrundage-chtcgpu5000.chtc.wisc.edu&noUDP&sock=startd_10956_7bb2>
	SlotName: backfill1_2@dbrundage-chtcgpu5000.chtc.wisc.edu
	AvailableGPUs = { GPUs_GPU_51d5c720 }
	CondorScratchDir = "/var/lib/condor/execute/slot1/dir_949807/scratch"
	Cpus = 1
	Disk = 16777216
	GPUs = 1
	GPUs_GPU_51d5c720 = [ Id = "GPU-51d5c720"; Capability = 9.0; DeviceName = "NVIDIA H200"; DeviceUuid = "51d5c720-5fa1-f041-4e6a-f687563a7cc3"; ECCEnabled = true; NvidiaDriver = "590.48.01"; DriverVersion = 13.1; DevicePciBusId = "0000:4C:00.0"; GlobalMemoryMb = 143158; MaxSupportedVersion = 13010 ]
	IoHeavy = 0
	Memory = 16384
...
006 (8321903.186.000) 2026-06-26 19:43:36 Image size of job updated: 8030252
	7325  -  MemoryUsage of job (MB)
	7500000  -  ResidentSetSize of job (KB)
...
040 (8321903.186.000) 2026-06-26 19:51:02 Started transferring output files
...
040 (8321903.186.000) 2026-06-26 19:51:02 Finished transferring output files
...
004 (8321903.186.000) 2026-06-26 19:51:03 Job was evicted.
	(0) Job terminated and was requeued
		Usr 0 00:41:16, Sys 0 00:02:02  -  Run Remote Usage
		Usr 0 00:00:00, Sys 0 00:00:00  -  Run Local Usage
	109454  -  Run Bytes Sent By Job
	2784218194  -  Run Bytes Received By Job
	(1) Normal termination (return value 1)
	The job attribute OnExitRemove expression 'NumJobCompletions > JobMaxRetries || ExitCode =?= 0' evaluated to FALSE
...
040 (8321903.186.000) 2026-06-26 19:55:03 Started transferring input files
	Transferring to host: <128.104.103.47:9618?addrs=128.104.103.47-9618+[2607-f388-107c-501-a236-9fff-fe3c-f3a0]-9618&alias=ahlquist0000.chtc.wisc.edu&noUDP&sock=backfill1_8_3757498_0297_3560>
...
040 (8321903.186.000) 2026-06-26 19:55:46 Finished transferring input files
...
001 (8321903.186.000) 2026-06-26 19:55:46 Job executing on host: <128.104.103.47:9618?addrs=128.104.103.47-9618+[2607-f388-107c-501-a236-9fff-fe3c-f3a0]-9618&alias=ahlquist0000.chtc.wisc.edu&noUDP&sock=startd_9052_7f60>
	SlotName: backfill1_8@ahlquist0000.chtc.wisc.edu
	AvailableGPUs = { GPUs_GPU_ebcd15a8 }
	CondorScratchDir = "/var/lib/condor/execute/slot1/dir_375244/scratch"
	Cpus = 1
	Disk = 16777216
	GPUs = 1
	GPUs_GPU_ebcd15a8 = [ Id = "GPU-ebcd15a8"; Capability = 7.5; DeviceName = "NVIDIA GeForce RTX 2080 Ti"; DeviceUuid = "ebcd15a8-c497-a993-09c7-d0b925ffb95a"; ECCEnabled = false; NvidiaDriver = "550.54.14"; DriverVersion = 12.4; DevicePciBusId = "0000:1A:00.0"; GlobalMemoryMb = 11004; MaxSupportedVersion = 12040 ]
	IoHeavy = 0
	Memory = 16384
...
040 (8321903.186.000) 2026-06-26 21:01:24 Started transferring output files
...
040 (8321903.186.000) 2026-06-26 21:01:24 Finished transferring output files
...
004 (8321903.186.000) 2026-06-26 21:01:25 Job was evicted.
	(0) Job terminated and was requeued
		Usr 0 01:10:16, Sys 0 00:01:48  -  Run Remote Usage
		Usr 0 00:00:00, Sys 0 00:00:00  -  Run Local Usage
	109339  -  Run Bytes Sent By Job
	2784218194  -  Run Bytes Received By Job
	(1) Normal termination (return value 1)
	The job attribute OnExitRemove expression 'NumJobCompletions > JobMaxRetries || ExitCode =?= 0' evaluated to FALSE
...
040 (8321903.186.000) 2026-06-26 21:01:29 Started transferring input files
	Transferring to host: <10.32.89.13:42691?CCBID=128.105.82.148:9618%3faddrs%3d128.105.82.148-9618+[2607-f388-2200-9d-7ccb-bc08-2489-7689]-9618%26alias%3dospool-ccb.osg.chtc.io%26noUDP%26sock%3dcollector9#5136599%2067.58.49.91:9618%3faddrs%3d67.58.49.91-9618+[fdf0-17b3-c3ec-1f79-10-0-5-5b18]-9618%26alias%3dccb-2.ospool.osg-htc.org%26noUDP%26sock%3dcollector3#5125857&PrivNet=qa-rtx6k-020.crc.nd.edu&addrs=10.32.89.13-42691&alias=qa-rtx6k-020.crc.nd.edu&noUDP>
...
040 (8321903.186.000) 2026-06-26 21:02:19 Finished transferring input files
...
021 (8321903.186.000) 2026-06-26 21:02:20 Message from starter on slot1_1@glidein_1002909_515689500@qa-rtx6k-020.crc.nd.edu:
	PREPARE_JOB (prepare-hook) succeeded (reported status 000): Using Singularity image openfe_1.11.1.sif
...
001 (8321903.186.000) 2026-06-26 21:02:20 Job executing on host: <10.32.89.13:41163?CCBID=128.105.82.148:9618%3faddrs%3d128.105.82.148-9618+[2607-f388-2200-9d-7ccb-bc08-2489-7689]-9618%26alias%3dospool-ccb.osg.chtc.io%26noUDP%26sock%3dcollector8#5127456%2067.58.49.91:9618%3faddrs%3d67.58.49.91-9618+[fdf0-17b3-c3ec-1f79-10-0-5-5b18]-9618%26alias%3dccb-2.ospool.osg-htc.org%26noUDP%26sock%3dcollector2#5123013&PrivNet=qa-rtx6k-020.crc.nd.edu&addrs=10.32.89.13-41163&alias=qa-rtx6k-020.crc.nd.edu&noUDP>
	SlotName: slot1_1@glidein_1002909_515689500@qa-rtx6k-020.crc.nd.edu
	AvailableGPUs = { GPUs_GPU_86462c4b }
	CondorScratchDir = "/var/condor/execute/dir_1002768/glide_wITx1q/execute/dir_1087099/scratch"
	Cpus = 1
	Disk = 16777216
	GPUs = 1
	GPUs_GPU_86462c4b = [ Id = "GPU-86462c4b"; ClockMhz = 1620.0; Capability = 7.5; CoresPerCU = 64; DeviceName = "Quadro RTX 6000"; DeviceUuid = "86462c4b-d467-685a-5105-6e3ed54a299d"; ECCEnabled = true; ComputeUnits = 72; NvidiaDriver = "595.71.05"; DriverVersion = 13.2; DevicePciBusId = "0000:86:00.0"; GlobalMemoryMb = 22684; MaxSupportedVersion = 13020 ]
	Memory = 16384
...
006 (8321903.186.000) 2026-06-26 21:07:30 Image size of job updated: 11518752
	7325  -  MemoryUsage of job (MB)
	7500000  -  ResidentSetSize of job (KB)
...
006 (8321903.186.000) 2026-06-26 21:09:33 Image size of job updated: 18129412
	7325  -  MemoryUsage of job (MB)
	7500000  -  ResidentSetSize of job (KB)
...
040 (8321903.186.000) 2026-06-26 21:09:33 Started transferring output files
...
040 (8321903.186.000) 2026-06-26 21:09:33 Finished transferring output files
...
004 (8321903.186.000) 2026-06-26 21:09:33 Job was evicted.
	(0) Job terminated and was requeued
		Usr 0 00:06:40, Sys 0 00:00:04  -  Run Remote Usage
		Usr 0 00:00:00, Sys 0 00:00:00  -  Run Local Usage
	89589  -  Run Bytes Sent By Job
	2784218194  -  Run Bytes Received By Job
	(1) Normal termination (return value 1)
	The job attribute OnExitRemove expression 'NumJobCompletions > JobMaxRetries || ExitCode =?= 0' evaluated to FALSE
...
040 (8321903.186.000) 2026-06-26 21:10:07 Started transferring input files
	Transferring to host: <128.105.68.5:9618?addrs=128.105.68.5-9618+[2607-f388-2200-100-eaeb-d3ff-fe53-f4a0]-9618&alias=gpulab2005.chtc.wisc.edu&noUDP&sock=slot2_4_2487031_13a7_91164>
...
040 (8321903.186.000) 2026-06-26 21:10:24 Finished transferring input files
...
001 (8321903.186.000) 2026-06-26 21:10:24 Job executing on host: <128.105.68.5:9618?addrs=128.105.68.5-9618+[2607-f388-2200-100-eaeb-d3ff-fe53-f4a0]-9618&alias=gpulab2005.chtc.wisc.edu&noUDP&sock=startd_12121_9388>
	SlotName: slot2_4@gpulab2005.chtc.wisc.edu
	AvailableGPUs = { GPUs_GPU_fb408d80 }
	CondorScratchDir = "/var/lib/condor/execute/slot2/dir_3455066/scratch"
	Cpus = 1
	Disk = 16777216
	GPUs = 1
	GPUs_GPU_fb408d80 = [ Id = "GPU-fb408d80"; Capability = 8.0; DeviceName = "NVIDIA A100-SXM4-40GB"; DeviceUuid = "fb408d80-a280-f774-c4b8-7390fd55f4c0"; ECCEnabled = true; NvidiaDriver = "570.195.03"; DriverVersion = 12.8; DevicePciBusId = "0000:C1:00.0"; GlobalMemoryMb = 40442; MaxSupportedVersion = 12080 ]
	IoHeavy = 0
	Memory = 16384
...
040 (8321903.186.000) 2026-06-26 21:55:46 Started transferring output files
...
040 (8321903.186.000) 2026-06-26 21:55:46 Finished transferring output files
...
004 (8321903.186.000) 2026-06-26 21:55:48 Job was evicted.
	(0) Job terminated and was requeued
		Usr 0 00:49:18, Sys 0 00:02:22  -  Run Remote Usage
		Usr 0 00:00:00, Sys 0 00:00:00  -  Run Local Usage
	109317  -  Run Bytes Sent By Job
	2784218194  -  Run Bytes Received By Job
	(1) Normal termination (return value 1)
	The job attribute OnExitRemove expression 'NumJobCompletions > JobMaxRetries || ExitCode =?= 0' evaluated to FALSE
...
040 (8321903.186.000) 2026-06-26 21:56:00 Started transferring input files
	Transferring to host: <128.105.76.53:9618?addrs=128.105.76.53-9618+[2607-f388-2200-100-b65c-b5ff-fe81-e536]-9618&alias=gpu5000.chtc.wisc.edu&noUDP&sock=slot2_2_2127321_d744_1755>
...
040 (8321903.186.000) 2026-06-26 21:56:11 Finished transferring input files
...
001 (8321903.186.000) 2026-06-26 21:56:11 Job executing on host: <128.105.76.53:9618?addrs=128.105.76.53-9618+[2607-f388-2200-100-b65c-b5ff-fe81-e536]-9618&alias=gpu5000.chtc.wisc.edu&noUDP&sock=startd_1438453_b0eb>
	SlotName: slot2_2@gpu5000.chtc.wisc.edu
	AvailableGPUs = { GPUs_GPU_9b145c79 }
	CondorScratchDir = "/var/lib/condor/execute/slot2/dir_3246642/scratch"
	Cpus = 1
	Disk = 16777216
	GPUs = 1
	GPUs_GPU_9b145c79 = [ Id = "GPU-9b145c79"; Capability = 9.0; DeviceName = "NVIDIA H200"; DeviceUuid = "9b145c79-e451-f767-912c-585d33b2f6a6"; ECCEnabled = true; NvidiaDriver = "590.48.01"; DriverVersion = 13.1; DevicePciBusId = "0000:3B:00.0"; GlobalMemoryMb = 143158; MaxSupportedVersion = 13010 ]
	IoHeavy = 0
	Memory = 16384
...
040 (8321903.186.000) 2026-06-26 22:32:18 Started transferring output files
...
040 (8321903.186.000) 2026-06-26 22:32:18 Finished transferring output files
...
004 (8321903.186.000) 2026-06-26 22:32:19 Job was evicted.
	(0) Job terminated and was requeued
		Usr 0 00:38:03, Sys 0 00:01:34  -  Run Remote Usage
		Usr 0 00:00:00, Sys 0 00:00:00  -  Run Local Usage
	109385  -  Run Bytes Sent By Job
	2784218194  -  Run Bytes Received By Job
	(1) Normal termination (return value 1)
	The job attribute OnExitRemove expression 'NumJobCompletions > JobMaxRetries || ExitCode =?= 0' evaluated to FALSE
...
040 (8321903.186.000) 2026-06-26 22:32:39 Started transferring input files
	Transferring to host: <128.105.68.97:9618?addrs=128.105.68.97-9618+[2607-f388-2200-100-ac0-ebff-fe99-a130]-9618&alias=gpu2005.chtc.wisc.edu&noUDP&sock=slot2_3_3520220_31a6_91213>
...
040 (8321903.186.000) 2026-06-26 22:32:54 Finished transferring input files
...
001 (8321903.186.000) 2026-06-26 22:32:54 Job executing on host: <128.105.68.97:9618?addrs=128.105.68.97-9618+[2607-f388-2200-100-ac0-ebff-fe99-a130]-9618&alias=gpu2005.chtc.wisc.edu&noUDP&sock=startd_13240_1e02>
	SlotName: slot2_3@gpu2005.chtc.wisc.edu
	AvailableGPUs = { GPUs_GPU_0d4d3af1 }
	CondorScratchDir = "/var/lib/condor/execute/slot2/dir_2394072/scratch"
	Cpus = 1
	Disk = 16777216
	GPUs = 1
	GPUs_GPU_0d4d3af1 = [ Id = "GPU-0d4d3af1"; Capability = 8.0; DeviceName = "NVIDIA A100-SXM4-80GB"; DeviceUuid = "0d4d3af1-99c4-a9cb-74fd-717e5d2ac405"; ECCEnabled = true; NvidiaDriver = "570.195.03"; DriverVersion = 12.8; DevicePciBusId = "0000:41:00.0"; GlobalMemoryMb = 81154; MaxSupportedVersion = 12080 ]
	IoHeavy = 0
	Memory = 16384
...
040 (8321903.186.000) 2026-06-26 23:12:18 Started transferring output files
...
040 (8321903.186.000) 2026-06-26 23:12:18 Finished transferring output files
...
004 (8321903.186.000) 2026-06-26 23:12:20 Job was evicted.
	(0) Job terminated and was requeued
		Usr 0 00:57:58, Sys 0 00:03:49  -  Run Remote Usage
		Usr 0 00:00:00, Sys 0 00:00:00  -  Run Local Usage
	109315  -  Run Bytes Sent By Job
	2784218194  -  Run Bytes Received By Job
	(1) Normal termination (return value 1)
	The job attribute OnExitRemove expression 'NumJobCompletions > JobMaxRetries || ExitCode =?= 0' evaluated to FALSE
...
040 (8321903.186.000) 2026-06-26 23:12:47 Started transferring input files
	Transferring to host: <128.105.68.97:9618?addrs=128.105.68.97-9618+[2607-f388-2200-100-ac0-ebff-fe99-a130]-9618&alias=gpu2005.chtc.wisc.edu&noUDP&sock=slot2_3_3520220_31a6_91290>
...
040 (8321903.186.000) 2026-06-26 23:13:01 Finished transferring input files
...
001 (8321903.186.000) 2026-06-26 23:13:01 Job executing on host: <128.105.68.97:9618?addrs=128.105.68.97-9618+[2607-f388-2200-100-ac0-ebff-fe99-a130]-9618&alias=gpu2005.chtc.wisc.edu&noUDP&sock=startd_13240_1e02>
	SlotName: slot2_3@gpu2005.chtc.wisc.edu
	AvailableGPUs = { GPUs_GPU_0d4d3af1 }
	CondorScratchDir = "/var/lib/condor/execute/slot2/dir_2438122/scratch"
	Cpus = 1
	Disk = 16777216
	GPUs = 1
	GPUs_GPU_0d4d3af1 = [ Id = "GPU-0d4d3af1"; Capability = 8.0; DeviceName = "NVIDIA A100-SXM4-80GB"; DeviceUuid = "0d4d3af1-99c4-a9cb-74fd-717e5d2ac405"; ECCEnabled = true; NvidiaDriver = "570.195.03"; DriverVersion = 12.8; DevicePciBusId = "0000:41:00.0"; GlobalMemoryMb = 81154; MaxSupportedVersion = 12080 ]
	IoHeavy = 0
	Memory = 16384
...
040 (8321903.186.000) 2026-06-26 23:53:08 Started transferring output files
...
040 (8321903.186.000) 2026-06-26 23:53:08 Finished transferring output files
...
004 (8321903.186.000) 2026-06-26 23:53:09 Job was evicted.
	(0) Job terminated and was requeued
		Usr 0 00:53:22, Sys 0 00:03:02  -  Run Remote Usage
		Usr 0 00:00:00, Sys 0 00:00:00  -  Run Local Usage
	109311  -  Run Bytes Sent By Job
	2784218194  -  Run Bytes Received By Job
	(1) Normal termination (return value 1)
	The job attribute OnExitRemove expression 'NumJobCompletions > JobMaxRetries || ExitCode =?= 0' evaluated to FALSE
...
040 (8321903.186.000) 2026-06-26 23:54:07 Started transferring input files
	Transferring to host: <128.105.68.97:9618?addrs=128.105.68.97-9618+[2607-f388-2200-100-ac0-ebff-fe99-a130]-9618&alias=gpu2005.chtc.wisc.edu&noUDP&sock=slot2_3_3520220_31a6_91366>
...
040 (8321903.186.000) 2026-06-26 23:54:33 Finished transferring input files
...
001 (8321903.186.000) 2026-06-26 23:54:33 Job executing on host: <128.105.68.97:9618?addrs=128.105.68.97-9618+[2607-f388-2200-100-ac0-ebff-fe99-a130]-9618&alias=gpu2005.chtc.wisc.edu&noUDP&sock=startd_13240_1e02>
	SlotName: slot2_3@gpu2005.chtc.wisc.edu
	AvailableGPUs = { GPUs_GPU_0d4d3af1 }
	CondorScratchDir = "/var/lib/condor/execute/slot2/dir_2478387/scratch"
	Cpus = 1
	Disk = 16777216
	GPUs = 1
	GPUs_GPU_0d4d3af1 = [ Id = "GPU-0d4d3af1"; Capability = 8.0; DeviceName = "NVIDIA A100-SXM4-80GB"; DeviceUuid = "0d4d3af1-99c4-a9cb-74fd-717e5d2ac405"; ECCEnabled = true; NvidiaDriver = "570.195.03"; DriverVersion = 12.8; DevicePciBusId = "0000:41:00.0"; GlobalMemoryMb = 81154; MaxSupportedVersion = 12080 ]
	IoHeavy = 0
	Memory = 16384
...
040 (8321903.186.000) 2026-06-27 00:35:27 Started transferring output files
...
040 (8321903.186.000) 2026-06-27 00:35:27 Finished transferring output files
...
004 (8321903.186.000) 2026-06-27 00:35:28 Job was evicted.
	(0) Job terminated and was requeued
		Usr 0 00:50:34, Sys 0 00:03:22  -  Run Remote Usage
		Usr 0 00:00:00, Sys 0 00:00:00  -  Run Local Usage
	109311  -  Run Bytes Sent By Job
	2784218194  -  Run Bytes Received By Job
	(1) Normal termination (return value 1)
	The job attribute OnExitRemove expression 'NumJobCompletions > JobMaxRetries || ExitCode =?= 0' evaluated to FALSE
...
040 (8321903.186.000) 2026-06-27 00:35:42 Started transferring input files
	Transferring to host: <128.105.76.47:9618?addrs=128.105.76.47-9618+[2607-f388-2200-100-527c-6fff-fe82-826a]-9618&alias=gpu4006.chtc.wisc.edu&noUDP&sock=slot2_3_93950_0626_3064>
...
040 (8321903.186.000) 2026-06-27 00:35:53 Finished transferring input files
...
001 (8321903.186.000) 2026-06-27 00:35:58 Job executing on host: <128.105.76.47:9618?addrs=128.105.76.47-9618+[2607-f388-2200-100-527c-6fff-fe82-826a]-9618&alias=gpu4006.chtc.wisc.edu&noUDP&sock=startd_11220_90b3>
	SlotName: slot2_3@gpu4006.chtc.wisc.edu
	AvailableGPUs = { GPUs_GPU_ebce8790 }
	CondorScratchDir = "/var/lib/condor/execute/slot2/dir_3486789/scratch"
	Cpus = 1
	Disk = 16777216
	GPUs = 1
	GPUs_GPU_ebce8790 = [ Id = "GPU-ebce8790"; Capability = 8.9; DeviceName = "NVIDIA L40S"; DeviceUuid = "ebce8790-e43f-ac1a-f7a9-2254127e04da"; ECCEnabled = true; NvidiaDriver = "590.48.01"; DriverVersion = 13.1; DevicePciBusId = "0000:41:00.0"; GlobalMemoryMb = 45460; MaxSupportedVersion = 13010 ]
	IoHeavy = 0
	Memory = 16384
...
040 (8321903.186.000) 2026-06-27 01:04:32 Started transferring output files
...
040 (8321903.186.000) 2026-06-27 01:04:32 Finished transferring output files
...
005 (8321903.186.000) 2026-06-27 01:04:33 Job terminated.
	(1) Normal termination (return value 1)
		Usr 0 00:30:20, Sys 0 00:01:42  -  Run Remote Usage
		Usr 0 00:00:00, Sys 0 00:00:00  -  Run Local Usage
		Usr 0 08:03:15, Sys 0 00:23:27  -  Total Remote Usage
		Usr 0 00:00:00, Sys 0 00:00:00  -  Total Local Usage
	109390  -  Run Bytes Sent By Job
	2784218194  -  Run Bytes Received By Job
	1183109  -  Total Bytes Sent By Job
	30626400134  -  Total Bytes Received By Job
	Partitionable Resources :      Usage  Request Allocated Assigned
	   Cpus                 :       1.00        1         1 
	   Disk (KB)            : 3239764    16777216  16777216 
	   GPUs                 :       0.17        1         1 "GPU-ebce8790"
	   GpusMemory (MB)      :    8423                       
	   IoHeavy              :                             0 
	   Memory (MB)          :    7325       16384     16384 
	   TimeExecute (s)      :    1713                       
	   TimeSlotBusy (s)     :    1731                       
...
