000 (8017966.625.000) 2026-06-20 22:07:54 Job submitted from host: <128.105.68.112:9618?addrs=128.105.68.112-9618+[2607-f388-2200-100-eaeb-d3ff-fea3-4202]-9618&alias=ap2001.chtc.wisc.edu&noUDP&sock=schedd_4071840_2329>
...
040 (8017966.625.000) 2026-06-21 03:23:49 Started transferring input files
	Transferring to host: <128.104.103.47:9618?addrs=128.104.103.47-9618+[2607-f388-107c-501-a236-9fff-fe3c-f3a0]-9618&alias=ahlquist0000.chtc.wisc.edu&noUDP&sock=backfill1_8_9919_952c_6935>
...
040 (8017966.625.000) 2026-06-21 03:24:30 Finished transferring input files
...
001 (8017966.625.000) 2026-06-21 03:24:30 Job executing on host: <128.104.103.47:9618?addrs=128.104.103.47-9618+[2607-f388-107c-501-a236-9fff-fe3c-f3a0]-9618&alias=ahlquist0000.chtc.wisc.edu&noUDP&sock=startd_9052_7f60>
	SlotName: backfill1_8@ahlquist0000.chtc.wisc.edu
	AvailableGPUs = { GPUs_GPU_ebcd15a8 }
	CondorScratchDir = "/var/lib/condor/execute/slot1/dir_1188419/scratch"
	Cpus = 1
	Disk = 16777216
	GPUs = 1
	GPUs_GPU_ebcd15a8 = [ Id = "GPU-ebcd15a8"; Capability = 7.5; DeviceName = "NVIDIA GeForce RTX 2080 Ti"; DeviceUuid = "ebcd15a8-c497-a993-09c7-d0b925ffb95a"; ECCEnabled = false; NvidiaDriver = "550.54.14"; DriverVersion = 12.4; DevicePciBusId = "0000:1A:00.0"; GlobalMemoryMb = 11004; MaxSupportedVersion = 12040 ]
	IoHeavy = 0
	Memory = 16384
...
006 (8017966.625.000) 2026-06-21 03:24:39 Image size of job updated: 251676
	246  -  MemoryUsage of job (MB)
	251676  -  ResidentSetSize of job (KB)
...
006 (8017966.625.000) 2026-06-21 03:29:40 Image size of job updated: 813456
	795  -  MemoryUsage of job (MB)
	813456  -  ResidentSetSize of job (KB)
...
006 (8017966.625.000) 2026-06-21 03:39:41 Image size of job updated: 815324
	797  -  MemoryUsage of job (MB)
	815324  -  ResidentSetSize of job (KB)
...
006 (8017966.625.000) 2026-06-21 03:44:42 Image size of job updated: 818968
	800  -  MemoryUsage of job (MB)
	818968  -  ResidentSetSize of job (KB)
...
006 (8017966.625.000) 2026-06-21 03:49:42 Image size of job updated: 822884
	804  -  MemoryUsage of job (MB)
	822884  -  ResidentSetSize of job (KB)
...
006 (8017966.625.000) 2026-06-21 03:54:43 Image size of job updated: 826404
	808  -  MemoryUsage of job (MB)
	826404  -  ResidentSetSize of job (KB)
...
006 (8017966.625.000) 2026-06-21 03:59:43 Image size of job updated: 828528
	810  -  MemoryUsage of job (MB)
	828528  -  ResidentSetSize of job (KB)
...
006 (8017966.625.000) 2026-06-21 04:04:44 Image size of job updated: 832144
	813  -  MemoryUsage of job (MB)
	832144  -  ResidentSetSize of job (KB)
...
006 (8017966.625.000) 2026-06-21 04:09:45 Image size of job updated: 836600
	817  -  MemoryUsage of job (MB)
	836600  -  ResidentSetSize of job (KB)
...
006 (8017966.625.000) 2026-06-21 04:14:46 Image size of job updated: 840220
	821  -  MemoryUsage of job (MB)
	840220  -  ResidentSetSize of job (KB)
...
006 (8017966.625.000) 2026-06-21 04:19:47 Image size of job updated: 843560
	824  -  MemoryUsage of job (MB)
	843532  -  ResidentSetSize of job (KB)
...
006 (8017966.625.000) 2026-06-21 04:24:47 Image size of job updated: 848608
	829  -  MemoryUsage of job (MB)
	848608  -  ResidentSetSize of job (KB)
...
006 (8017966.625.000) 2026-06-21 04:29:48 Image size of job updated: 851720
	832  -  MemoryUsage of job (MB)
	851720  -  ResidentSetSize of job (KB)
...
006 (8017966.625.000) 2026-06-21 04:34:48 Image size of job updated: 911180
	890  -  MemoryUsage of job (MB)
	911180  -  ResidentSetSize of job (KB)
...
006 (8017966.625.000) 2026-06-21 04:39:22 Image size of job updated: 952048
	890  -  MemoryUsage of job (MB)
	911180  -  ResidentSetSize of job (KB)
...
040 (8017966.625.000) 2026-06-21 04:39:22 Started transferring output files
...
040 (8017966.625.000) 2026-06-21 04:39:22 Finished transferring output files
...
005 (8017966.625.000) 2026-06-21 04:39:23 Job terminated.
	(1) Normal termination (return value 0)
		Usr 0 01:14:38, Sys 0 00:04:06  -  Run Remote Usage
		Usr 0 00:00:00, Sys 0 00:00:00  -  Run Local Usage
		Usr 0 01:14:38, Sys 0 00:04:06  -  Total Remote Usage
		Usr 0 00:00:00, Sys 0 00:00:00  -  Total Local Usage
	2677103  -  Run Bytes Sent By Job
	2781782524  -  Run Bytes Received By Job
	2677103  -  Total Bytes Sent By Job
	2781782524  -  Total Bytes Received By Job
	Partitionable Resources :      Usage  Request Allocated Assigned
	   Cpus                 :       0.99        1         1 
	   Disk (KB)            : 2729888    16777216  16777216 
	   GPUs                 :       0.82        1         1 "GPU-ebcd15a8"
	   GpusMemory (MB)      :    2552                       
	   IoHeavy              :                             0 
	   Memory (MB)          :     890       16384     16384 
	   TimeExecute (s)      :    4492                       
	   TimeSlotBusy (s)     :    4534                       
...
