000 (8017966.950.000) 2026-06-20 22:07:54 Job submitted from host: <128.105.68.112:9618?addrs=128.105.68.112-9618+[2607-f388-2200-100-eaeb-d3ff-fea3-4202]-9618&alias=ap2001.chtc.wisc.edu&noUDP&sock=schedd_4071840_2329>
...
040 (8017966.950.000) 2026-06-21 05:43:42 Started transferring input files
	Transferring to host: <128.105.68.16:9618?addrs=128.105.68.16-9618+[2607-f388-2200-100-3eec-efff-fe0c-5412]-9618&alias=coba2000.chtc.wisc.edu&noUDP&sock=backfill1_4_1747599_5733_77234>
...
040 (8017966.950.000) 2026-06-21 05:43:57 Finished transferring input files
...
001 (8017966.950.000) 2026-06-21 05:43:57 Job executing on host: <128.105.68.16:9618?addrs=128.105.68.16-9618+[2607-f388-2200-100-3eec-efff-fe0c-5412]-9618&alias=coba2000.chtc.wisc.edu&noUDP&sock=startd_11607_03da>
	SlotName: backfill1_4@coba2000.chtc.wisc.edu
	AvailableGPUs = { GPUs_GPU_887efb86 }
	CondorScratchDir = "/var/lib/condor/execute/slot1/dir_1710239/scratch"
	Cpus = 1
	Disk = 16777216
	GPUs = 1
	GPUs_GPU_887efb86 = [ Id = "GPU-887efb86"; Capability = 8.0; DeviceName = "NVIDIA A100-SXM4-40GB"; DeviceUuid = "887efb86-35ba-3928-8b22-8f98126311f7"; ECCEnabled = true; NvidiaDriver = "570.195.03"; DriverVersion = 12.8; DevicePciBusId = "0000:01:00.0"; GlobalMemoryMb = 40442; MaxSupportedVersion = 12080 ]
	IoHeavy = 0
	Memory = 16384
...
006 (8017966.950.000) 2026-06-21 05:44:06 Image size of job updated: 379152
	371  -  MemoryUsage of job (MB)
	379152  -  ResidentSetSize of job (KB)
...
006 (8017966.950.000) 2026-06-21 05:49:07 Image size of job updated: 1817256
	1774  -  MemoryUsage of job (MB)
	1816120  -  ResidentSetSize of job (KB)
...
006 (8017966.950.000) 2026-06-21 05:54:07 Image size of job updated: 1817256
	1774  -  MemoryUsage of job (MB)
	1816368  -  ResidentSetSize of job (KB)
...
006 (8017966.950.000) 2026-06-21 06:24:10 Image size of job updated: 1825916
	1784  -  MemoryUsage of job (MB)
	1825916  -  ResidentSetSize of job (KB)
...
006 (8017966.950.000) 2026-06-21 06:29:10 Image size of job updated: 1825932
	1784  -  MemoryUsage of job (MB)
	1825932  -  ResidentSetSize of job (KB)
...
006 (8017966.950.000) 2026-06-21 06:34:11 Image size of job updated: 1826348
	1784  -  MemoryUsage of job (MB)
	1826348  -  ResidentSetSize of job (KB)
...
006 (8017966.950.000) 2026-06-21 06:39:12 Image size of job updated: 1826388
	1784  -  MemoryUsage of job (MB)
	1826388  -  ResidentSetSize of job (KB)
...
006 (8017966.950.000) 2026-06-21 06:49:13 Image size of job updated: 1826392
	1784  -  MemoryUsage of job (MB)
	1826392  -  ResidentSetSize of job (KB)
...
006 (8017966.950.000) 2026-06-21 06:54:13 Image size of job updated: 1826400
	1784  -  MemoryUsage of job (MB)
	1826400  -  ResidentSetSize of job (KB)
...
006 (8017966.950.000) 2026-06-21 06:59:14 Image size of job updated: 1826412
	1784  -  MemoryUsage of job (MB)
	1826412  -  ResidentSetSize of job (KB)
...
006 (8017966.950.000) 2026-06-21 07:14:15 Image size of job updated: 1826416
	1784  -  MemoryUsage of job (MB)
	1826416  -  ResidentSetSize of job (KB)
...
006 (8017966.950.000) 2026-06-21 07:24:16 Image size of job updated: 1826420
	1784  -  MemoryUsage of job (MB)
	1826420  -  ResidentSetSize of job (KB)
...
006 (8017966.950.000) 2026-06-21 07:34:17 Image size of job updated: 1826424
	1784  -  MemoryUsage of job (MB)
	1826424  -  ResidentSetSize of job (KB)
...
006 (8017966.950.000) 2026-06-21 07:54:19 Image size of job updated: 1826428
	1784  -  MemoryUsage of job (MB)
	1826428  -  ResidentSetSize of job (KB)
...
006 (8017966.950.000) 2026-06-21 08:09:20 Image size of job updated: 1834436
	1792  -  MemoryUsage of job (MB)
	1834436  -  ResidentSetSize of job (KB)
...
006 (8017966.950.000) 2026-06-21 08:44:23 Image size of job updated: 1842440
	1800  -  MemoryUsage of job (MB)
	1842440  -  ResidentSetSize of job (KB)
...
040 (8017966.950.000) 2026-06-21 09:18:55 Started transferring output files
...
040 (8017966.950.000) 2026-06-21 09:18:55 Finished transferring output files
...
005 (8017966.950.000) 2026-06-21 09:18:56 Job terminated.
	(1) Normal termination (return value 0)
		Usr 0 03:38:24, Sys 0 00:57:40  -  Run Remote Usage
		Usr 0 00:00:00, Sys 0 00:00:00  -  Run Local Usage
		Usr 0 03:38:24, Sys 0 00:57:40  -  Total Remote Usage
		Usr 0 00:00:00, Sys 0 00:00:00  -  Total Local Usage
	11254610  -  Run Bytes Sent By Job
	2782656145  -  Run Bytes Received By Job
	11254610  -  Total Bytes Sent By Job
	2782656145  -  Total Bytes Received By Job
	Partitionable Resources :      Usage  Request Allocated Assigned
	   Cpus                 :       0.99        1         1 
	   Disk (KB)            : 2790096    16777216  16777216 
	   GPUs                 :       0.89        1         1 "GPU-887efb86"
	   GpusMemory (MB)      :    7064                       
	   IoHeavy              :                             0 
	   Memory (MB)          :    1800       16384     16384 
	   TimeExecute (s)      :   12898                       
	   TimeSlotBusy (s)     :   12913                       
...
