000 (8180963.122.000) 2026-06-24 12:19:47 Job submitted from host: <128.105.68.112:9618?addrs=128.105.68.112-9618+[2607-f388-2200-100-eaeb-d3ff-fea3-4202]-9618&alias=ap2001.chtc.wisc.edu&noUDP&sock=schedd_4071840_2329>
...
040 (8180963.122.000) 2026-06-24 15:55:31 Started transferring input files
	Transferring to host: <128.105.68.119:9618?addrs=128.105.68.119-9618+[2607-f388-2200-100-7ec2-55ff-fe99-a294]-9618&alias=dsigpu4000.chtc.wisc.edu&noUDP&sock=slot2_10_1393177_faa6_92648>
...
040 (8180963.122.000) 2026-06-24 15:56:50 Finished transferring input files
...
001 (8180963.122.000) 2026-06-24 15:56:50 Job executing on host: <128.105.68.119:9618?addrs=128.105.68.119-9618+[2607-f388-2200-100-7ec2-55ff-fe99-a294]-9618&alias=dsigpu4000.chtc.wisc.edu&noUDP&sock=startd_10704_a1d4>
	SlotName: slot2_10@dsigpu4000.chtc.wisc.edu
	AvailableGPUs = { GPUs_GPU_8ff6dbcb }
	CondorScratchDir = "/var/lib/condor/execute/slot2/dir_3415896/scratch"
	Cpus = 1
	Disk = 16777216
	GPUs = 1
	GPUs_GPU_8ff6dbcb = [ Id = "GPU-8ff6dbcb"; Capability = 8.9; DeviceName = "NVIDIA L40"; DeviceUuid = "8ff6dbcb-638b-9325-2379-b28f74577760"; ECCEnabled = true; NvidiaDriver = "570.195.03"; DriverVersion = 12.8; DevicePciBusId = "0000:D6:00.0"; GlobalMemoryMb = 45468; MaxSupportedVersion = 12080 ]
	IoHeavy = 0
	Memory = 16384
...
006 (8180963.122.000) 2026-06-24 15:56:59 Image size of job updated: 382612
	374  -  MemoryUsage of job (MB)
	382612  -  ResidentSetSize of job (KB)
...
006 (8180963.122.000) 2026-06-24 16:01:59 Image size of job updated: 3842792
	3221  -  MemoryUsage of job (MB)
	3297788  -  ResidentSetSize of job (KB)
...
006 (8180963.122.000) 2026-06-24 16:06:59 Image size of job updated: 4436072
	4333  -  MemoryUsage of job (MB)
	4436072  -  ResidentSetSize of job (KB)
...
006 (8180963.122.000) 2026-06-24 16:12:00 Image size of job updated: 4825840
	4333  -  MemoryUsage of job (MB)
	4436072  -  ResidentSetSize of job (KB)
...
006 (8180963.122.000) 2026-06-24 16:17:00 Image size of job updated: 4924564
	4810  -  MemoryUsage of job (MB)
	4924564  -  ResidentSetSize of job (KB)
...
006 (8180963.122.000) 2026-06-24 16:22:01 Image size of job updated: 5416288
	5112  -  MemoryUsage of job (MB)
	5234372  -  ResidentSetSize of job (KB)
...
006 (8180963.122.000) 2026-06-24 16:27:02 Image size of job updated: 5416288
	5261  -  MemoryUsage of job (MB)
	5386648  -  ResidentSetSize of job (KB)
...
006 (8180963.122.000) 2026-06-24 16:30:14 Image size of job updated: 5912372
	5261  -  MemoryUsage of job (MB)
	5386648  -  ResidentSetSize of job (KB)
...
040 (8180963.122.000) 2026-06-24 16:30:14 Started transferring output files
...
040 (8180963.122.000) 2026-06-24 16:30:14 Finished transferring output files
...
004 (8180963.122.000) 2026-06-24 16:30:15 Job was evicted.
	(0) Job terminated and was requeued
		Usr 0 00:37:19, Sys 0 00:01:04  -  Run Remote Usage
		Usr 0 00:00:00, Sys 0 00:00:00  -  Run Local Usage
	111380  -  Run Bytes Sent By Job
	2784159511  -  Run Bytes Received By Job
	(1) Normal termination (return value 1)
	The job attribute OnExitRemove expression 'NumJobCompletions > JobMaxRetries || ExitCode =?= 0' evaluated to FALSE
...
040 (8180963.122.000) 2026-06-24 16:30:54 Started transferring input files
	Transferring to host: <128.105.69.60:9618?addrs=128.105.69.60-9618+[2607-f388-2200-100-527c-6fff-fe66-e7e2]-9618&alias=blengerichgpu4000.chtc.wisc.edu&noUDP&sock=backfill1_2_1843674_de95_104723>
...
040 (8180963.122.000) 2026-06-24 16:33:18 Finished transferring input files
...
001 (8180963.122.000) 2026-06-24 16:33:18 Job executing on host: <128.105.69.60:9618?addrs=128.105.69.60-9618+[2607-f388-2200-100-527c-6fff-fe66-e7e2]-9618&alias=blengerichgpu4000.chtc.wisc.edu&noUDP&sock=startd_11585_ecc4>
	SlotName: backfill1_2@blengerichgpu4000.chtc.wisc.edu
	AvailableGPUs = { GPUs_GPU_db5665ff }
	CondorScratchDir = "/var/lib/condor/execute/slot1/dir_2518328/scratch"
	Cpus = 1
	Disk = 16777216
	GPUs = 1
	GPUs_GPU_db5665ff = [ Id = "GPU-db5665ff"; Capability = 8.9; DeviceName = "NVIDIA L40S"; DeviceUuid = "db5665ff-35ac-5e51-55be-e8c110b7cb1f"; ECCEnabled = true; NvidiaDriver = "570.195.03"; DriverVersion = 12.8; DevicePciBusId = "0000:CF:00.0"; GlobalMemoryMb = 45468; MaxSupportedVersion = 12080 ]
	IoHeavy = 0
	Memory = 16384
...
040 (8180963.122.000) 2026-06-24 16:59:03 Started transferring output files
...
040 (8180963.122.000) 2026-06-24 16:59:03 Finished transferring output files
...
004 (8180963.122.000) 2026-06-24 16:59:03 Job was evicted.
	(0) Job terminated and was requeued
		Usr 0 00:29:55, Sys 0 00:01:16  -  Run Remote Usage
		Usr 0 00:00:00, Sys 0 00:00:00  -  Run Local Usage
	111410  -  Run Bytes Sent By Job
	2784159511  -  Run Bytes Received By Job
	(1) Normal termination (return value 1)
	The job attribute OnExitRemove expression 'NumJobCompletions > JobMaxRetries || ExitCode =?= 0' evaluated to FALSE
...
040 (8180963.122.000) 2026-06-24 16:59:34 Started transferring input files
	Transferring to host: <128.105.68.5:9618?addrs=128.105.68.5-9618+[2607-f388-2200-100-eaeb-d3ff-fe53-f4a0]-9618&alias=gpulab2005.chtc.wisc.edu&noUDP&sock=slot2_4_2487031_13a7_85369>
...
040 (8180963.122.000) 2026-06-24 17:33:38 Finished transferring input files
...
001 (8180963.122.000) 2026-06-24 17:33:38 Job executing on host: <128.105.68.5:9618?addrs=128.105.68.5-9618+[2607-f388-2200-100-eaeb-d3ff-fe53-f4a0]-9618&alias=gpulab2005.chtc.wisc.edu&noUDP&sock=startd_12121_9388>
	SlotName: slot2_4@gpulab2005.chtc.wisc.edu
	AvailableGPUs = { GPUs_GPU_fb408d80 }
	CondorScratchDir = "/var/lib/condor/execute/slot2/dir_3020443/scratch"
	Cpus = 1
	Disk = 16777216
	GPUs = 1
	GPUs_GPU_fb408d80 = [ Id = "GPU-fb408d80"; Capability = 8.0; DeviceName = "NVIDIA A100-SXM4-40GB"; DeviceUuid = "fb408d80-a280-f774-c4b8-7390fd55f4c0"; ECCEnabled = true; NvidiaDriver = "570.195.03"; DriverVersion = 12.8; DevicePciBusId = "0000:C1:00.0"; GlobalMemoryMb = 40442; MaxSupportedVersion = 12080 ]
	IoHeavy = 0
	Memory = 16384
...
040 (8180963.122.000) 2026-06-24 18:11:33 Started transferring output files
...
040 (8180963.122.000) 2026-06-24 18:11:33 Finished transferring output files
...
004 (8180963.122.000) 2026-06-24 18:11:33 Job was evicted.
	(0) Job terminated and was requeued
		Usr 0 00:46:51, Sys 0 00:02:31  -  Run Remote Usage
		Usr 0 00:00:00, Sys 0 00:00:00  -  Run Local Usage
	111372  -  Run Bytes Sent By Job
	2732697367  -  Run Bytes Received By Job
	(1) Normal termination (return value 1)
	The job attribute OnExitRemove expression 'NumJobCompletions > JobMaxRetries || ExitCode =?= 0' evaluated to FALSE
...
040 (8180963.122.000) 2026-06-24 18:11:36 Started transferring input files
	Transferring to host: <128.105.68.5:9618?addrs=128.105.68.5-9618+[2607-f388-2200-100-eaeb-d3ff-fe53-f4a0]-9618&alias=gpulab2005.chtc.wisc.edu&noUDP&sock=slot2_4_2487031_13a7_85492>
...
040 (8180963.122.000) 2026-06-24 18:20:28 Finished transferring input files
...
001 (8180963.122.000) 2026-06-24 18:20:28 Job executing on host: <128.105.68.5:9618?addrs=128.105.68.5-9618+[2607-f388-2200-100-eaeb-d3ff-fe53-f4a0]-9618&alias=gpulab2005.chtc.wisc.edu&noUDP&sock=startd_12121_9388>
	SlotName: slot2_4@gpulab2005.chtc.wisc.edu
	AvailableGPUs = { GPUs_GPU_fb408d80 }
	CondorScratchDir = "/var/lib/condor/execute/slot2/dir_3054338/scratch"
	Cpus = 1
	Disk = 16777216
	GPUs = 1
	GPUs_GPU_fb408d80 = [ Id = "GPU-fb408d80"; Capability = 8.0; DeviceName = "NVIDIA A100-SXM4-40GB"; DeviceUuid = "fb408d80-a280-f774-c4b8-7390fd55f4c0"; ECCEnabled = true; NvidiaDriver = "570.195.03"; DriverVersion = 12.8; DevicePciBusId = "0000:C1:00.0"; GlobalMemoryMb = 40442; MaxSupportedVersion = 12080 ]
	IoHeavy = 0
	Memory = 16384
...
040 (8180963.122.000) 2026-06-24 19:02:04 Started transferring output files
...
040 (8180963.122.000) 2026-06-24 19:02:04 Finished transferring output files
...
004 (8180963.122.000) 2026-06-24 19:02:04 Job was evicted.
	(0) Job terminated and was requeued
		Usr 0 01:35:47, Sys 0 00:05:01  -  Run Remote Usage
		Usr 0 00:00:00, Sys 0 00:00:00  -  Run Local Usage
	111367  -  Run Bytes Sent By Job
	2784159511  -  Run Bytes Received By Job
	(1) Normal termination (return value 1)
	The job attribute OnExitRemove expression 'NumJobCompletions > JobMaxRetries || ExitCode =?= 0' evaluated to FALSE
...
040 (8180963.122.000) 2026-06-24 19:02:13 Started transferring input files
	Transferring to host: <128.105.69.34:9618?addrs=128.105.69.34-9618+[2607-f388-2200-100-527c-6fff-fe66-ea4a]-9618&alias=mkhodakgpu4000.chtc.wisc.edu&noUDP&sock=backfill1_3_2685916_8d1f_104819>
...
040 (8180963.122.000) 2026-06-24 19:06:30 Finished transferring input files
...
001 (8180963.122.000) 2026-06-24 19:06:30 Job executing on host: <128.105.69.34:9618?addrs=128.105.69.34-9618+[2607-f388-2200-100-527c-6fff-fe66-ea4a]-9618&alias=mkhodakgpu4000.chtc.wisc.edu&noUDP&sock=startd_11796_a740>
	SlotName: backfill1_3@mkhodakgpu4000.chtc.wisc.edu
	AvailableGPUs = { GPUs_GPU_9544cf0c }
	CondorScratchDir = "/var/lib/condor/execute/slot1/dir_4171681/scratch"
	Cpus = 1
	Disk = 16777216
	GPUs = 1
	GPUs_GPU_9544cf0c = [ Id = "GPU-9544cf0c"; Capability = 8.9; DeviceName = "NVIDIA L40S"; DeviceUuid = "9544cf0c-0c2f-bfa5-e747-a858dc0b005b"; ECCEnabled = true; NvidiaDriver = "570.195.03"; DriverVersion = 12.8; DevicePciBusId = "0000:BD:00.0"; GlobalMemoryMb = 45468; MaxSupportedVersion = 12080 ]
	IoHeavy = 0
	Memory = 16384
...
040 (8180963.122.000) 2026-06-24 19:33:33 Started transferring output files
...
040 (8180963.122.000) 2026-06-24 19:33:33 Finished transferring output files
...
004 (8180963.122.000) 2026-06-24 19:33:34 Job was evicted.
	(0) Job terminated and was requeued
		Usr 0 00:35:18, Sys 0 00:01:34  -  Run Remote Usage
		Usr 0 00:00:00, Sys 0 00:00:00  -  Run Local Usage
	111400  -  Run Bytes Sent By Job
	2784159511  -  Run Bytes Received By Job
	(1) Normal termination (return value 1)
	The job attribute OnExitRemove expression 'NumJobCompletions > JobMaxRetries || ExitCode =?= 0' evaluated to FALSE
...
040 (8180963.122.000) 2026-06-24 19:33:38 Started transferring input files
	Transferring to host: <128.105.68.117:9618?addrs=128.105.68.117-9618+[2607-f388-2200-100-7ec2-55ff-fe9a-b4fa]-9618&alias=gpu4000.chtc.wisc.edu&noUDP&sock=slot2_9_1956795_d8ee_93650>
...
040 (8180963.122.000) 2026-06-24 19:51:50 Finished transferring input files
...
040 (8180963.122.000) 2026-06-24 19:51:51 Started transferring output files
...
040 (8180963.122.000) 2026-06-24 19:51:51 Finished transferring output files
...
021 (8180963.122.000) 2026-06-24 19:51:51 Error from starter on slot2_9@gpu4000.chtc.wisc.edu:
	Failed to transfer files: FILETRANSFER:1:non-zero exit (11) from /usr/libexec/condor/stash_plugin. |Error: Pelican Client Error: Attempt #3: from osdf-uw-cache.svc.osg-htc.org:8443: Transfer.SlowTransfer Error: Error code 6002: cancelled transfer, too slow; detected speed=497.7 KB/s, total transferred=71.5 MB, total transfer time=2m10.501s, cache hit (2m10.5s elapsed, 18m10s since start); Attempt #2: from osdf-cache-01.gwave.ics.psu.edu:8443: Transfer.SlowTransfer Error: Error code 6002: cancelled transfer, too slow; detected speed=818.6 KB/s, total transferred=106.5 MB, total transfer time=2m10.001s (2m10s elapsed, 15m59.5s since start); Attempt #1: from unl-cache.nationalresearchplatform.org:8443: Transfer.SlowTransfer Error: Error code 6002: cancelled transfer, too slow; detected speed=1.0 MB/s, total transferred=1.0 GB, total transfer time=13m49.501s, cache hit (13m49.5s since start) (Version: 7.25.0) ( URL file = osdf:///chtc/staging/a/agitter/containers/openfe_1.11.1.sif )|
	Code 12 Subcode 2816
...
004 (8180963.122.000) 2026-06-24 19:51:51 Job was evicted. Code 13 Subcode 2816
	(0) CPU times
		Usr 0 00:00:00, Sys 0 00:00:00  -  Run Remote Usage
		Usr 0 00:00:00, Sys 0 00:00:00  -  Run Local Usage
	0  -  Run Bytes Sent By Job
	0  -  Run Bytes Received By Job
	Reason: Transfer input files failure at execution point slot2_9@gpu4000.chtc.wisc.edu using protocol osdf. Details: Pelican Client Error: Attempt #3: from osdf-uw-cache.svc.osg-htc.org:8443: Transfer.SlowTransfer Error: Error code 6002: cancelled transfer, too slow; detected speed=497.7 KB/s, total transferred=71.5 MB, total transfer time=2m10.501s, cache hit (2m10.5s elapsed, 18m10s since start); Attempt #2: from osdf-cache-01.gwave.ics.psu.edu:8443: Transfer.SlowTransfer Error: Error code 6002: cancelled transfer, too slow; detected speed=818.6 KB/s, total transferred=106.5 MB, total transfer time=2m10.001s (2m10s elapsed, 15m59.5s since start); Attempt #1: from unl-cache.nationalresearchplatform.org:8443: Transfer.SlowTransfer Error: Error code 6002: cancelled transfer, too slow; detected speed=1.0 MB/s, total transferred=1.0 GB, total transfer time=13m49.501s, cache hit (13m49.5s since start) (Version: 7.25.0) ( URL file = osdf:///chtc/staging/a/agitter/containers/openfe_1.11.1.sif )|
	Partitionable Resources :    Usage  Request Allocated Assigned
	   Cpus                 :     0.01        1         1 
	   Disk (KB)            :  3168    16777216  16777216 
	   GPUs                 :     0.00        1         1 "GPU-5d7c2345"
	   GpusMemory (MB)      :   609                       
	   IoHeavy              :                           0 
	   Memory (MB)          :  7325       16384     16384 
	   TimeExecute (s)      :  1623                       
	   TimeSlotBusy (s)     :  1880                       
...
040 (8180963.122.000) 2026-06-24 19:58:30 Started transferring input files
	Transferring to host: <10.1.1.136:36863?CCBID=128.105.82.148:9618%3faddrs%3d128.105.82.148-9618+[2607-f388-2200-9d-7ccb-bc08-2489-7689]-9618%26alias%3dospool-ccb.osg.chtc.io%26noUDP%26sock%3dcollector1#4759328%2067.58.49.91:9618%3faddrs%3d67.58.49.91-9618+[fdf0-17b3-c3ec-1f79-10-0-d-2091]-9618%26alias%3dccb-2.ospool.osg-htc.org%26noUDP%26sock%3dcollector3#4751591&PrivNet=gpu06&addrs=10.1.1.136-36863&alias=gpu06&noUDP>
...
040 (8180963.122.000) 2026-06-24 20:01:19 Finished transferring input files
...
021 (8180963.122.000) 2026-06-24 20:01:20 Message from starter on slot1_3@glidein_2268772_873989612@gpu06:
	PREPARE_JOB (prepare-hook) succeeded (reported status 000): Using Singularity image openfe_1.11.1.sif
...
001 (8180963.122.000) 2026-06-24 20:01:20 Job executing on host: <10.1.1.136:34271?CCBID=128.105.82.148:9618%3faddrs%3d128.105.82.148-9618+[2607-f388-2200-9d-7ccb-bc08-2489-7689]-9618%26alias%3dospool-ccb.osg.chtc.io%26noUDP%26sock%3dcollector7#4711159%2067.58.49.91:9618%3faddrs%3d67.58.49.91-9618+[fdf0-17b3-c3ec-1f79-10-0-d-2091]-9618%26alias%3dccb-2.ospool.osg-htc.org%26noUDP%26sock%3dcollector1#4706715&PrivNet=gpu06&addrs=10.1.1.136-34271&alias=gpu06&noUDP>
	SlotName: slot1_3@glidein_2268772_873989612@gpu06
	AvailableGPUs = { GPUs_GPU_7e9f42ff }
	CondorScratchDir = "/tmp/glide_ZxpUSc/execute/dir_2808523/scratch"
	Cpus = 1
	Disk = 16777216
	GPUs = 1
	GPUs_GPU_7e9f42ff = [ Id = "GPU-7e9f42ff"; ClockMhz = 1695.0; Capability = 8.6; CoresPerCU = 128; DeviceName = "NVIDIA RTX A5000"; DeviceUuid = "7e9f42ff-b4e6-f64d-eafd-07954dbdb567"; ECCEnabled = false; ComputeUnits = 64; NvidiaDriver = "595.71.05"; DriverVersion = 13.2; DevicePciBusId = "0000:81:00.0"; GlobalMemoryMb = 24361; MaxSupportedVersion = 13020 ]
	Memory = 16384
...
006 (8180963.122.000) 2026-06-24 20:06:30 Image size of job updated: 31711648
	7325  -  MemoryUsage of job (MB)
	7500000  -  ResidentSetSize of job (KB)
...
006 (8180963.122.000) 2026-06-24 20:11:30 Image size of job updated: 32741348
	7325  -  MemoryUsage of job (MB)
	7500000  -  ResidentSetSize of job (KB)
...
006 (8180963.122.000) 2026-06-24 20:16:30 Image size of job updated: 37145876
	7325  -  MemoryUsage of job (MB)
	7500000  -  ResidentSetSize of job (KB)
...
006 (8180963.122.000) 2026-06-24 20:21:31 Image size of job updated: 39377676
	7325  -  MemoryUsage of job (MB)
	7500000  -  ResidentSetSize of job (KB)
...
006 (8180963.122.000) 2026-06-24 20:31:32 Image size of job updated: 39985236
	7325  -  MemoryUsage of job (MB)
	7500000  -  ResidentSetSize of job (KB)
...
006 (8180963.122.000) 2026-06-24 20:36:33 Image size of job updated: 40122772
	7325  -  MemoryUsage of job (MB)
	7500000  -  ResidentSetSize of job (KB)
...
006 (8180963.122.000) 2026-06-24 20:46:11 Image size of job updated: 40665116
	7325  -  MemoryUsage of job (MB)
	7500000  -  ResidentSetSize of job (KB)
...
040 (8180963.122.000) 2026-06-24 20:46:11 Started transferring output files
...
040 (8180963.122.000) 2026-06-24 20:46:11 Finished transferring output files
...
004 (8180963.122.000) 2026-06-24 20:46:13 Job was evicted.
	(0) Job terminated and was requeued
		Usr 0 00:57:30, Sys 0 00:00:49  -  Run Remote Usage
		Usr 0 00:00:00, Sys 0 00:00:00  -  Run Local Usage
	104235  -  Run Bytes Sent By Job
	2784159511  -  Run Bytes Received By Job
	(1) Normal termination (return value 1)
	The job attribute OnExitRemove expression 'NumJobCompletions > JobMaxRetries || ExitCode =?= 0' evaluated to FALSE
...
040 (8180963.122.000) 2026-06-24 20:46:20 Started transferring input files
	Transferring to host: <128.104.103.48:9618?addrs=128.104.103.48-9618+[2607-f388-107c-501-ae1f-6bff-fe2c-2f00]-9618&alias=vetsigian0001.chtc.wisc.edu&noUDP&sock=slot2_2_10681_7b0b_19732>
...
040 (8180963.122.000) 2026-06-24 20:47:52 Finished transferring input files
...
001 (8180963.122.000) 2026-06-24 20:47:52 Job executing on host: <128.104.103.48:9618?addrs=128.104.103.48-9618+[2607-f388-107c-501-ae1f-6bff-fe2c-2f00]-9618&alias=vetsigian0001.chtc.wisc.edu&noUDP&sock=startd_9913_126b>
	SlotName: slot2_2@vetsigian0001.chtc.wisc.edu
	AvailableGPUs = { GPUs_GPU_c60845c2 }
	CondorScratchDir = "/var/lib/condor/execute/slot2/dir_429425/scratch"
	Cpus = 1
	Disk = 16777216
	GPUs = 1
	GPUs_GPU_c60845c2 = [ Id = "GPU-c60845c2"; Capability = 7.5; DeviceName = "NVIDIA GeForce RTX 2080 Ti"; DeviceUuid = "c60845c2-17b0-17df-2cc6-44f05353ae1e"; ECCEnabled = false; NvidiaDriver = "550.54.14"; DriverVersion = 12.4; DevicePciBusId = "0000:1B:00.0"; GlobalMemoryMb = 11004; MaxSupportedVersion = 12040 ]
	IoHeavy = 0
	Memory = 16384
...
040 (8180963.122.000) 2026-06-24 21:34:50 Started transferring output files
...
040 (8180963.122.000) 2026-06-24 21:34:50 Finished transferring output files
...
004 (8180963.122.000) 2026-06-24 21:34:51 Job was evicted.
	(0) Job terminated and was requeued
		Usr 0 01:15:35, Sys 0 00:02:23  -  Run Remote Usage
		Usr 0 00:00:00, Sys 0 00:00:00  -  Run Local Usage
	111387  -  Run Bytes Sent By Job
	2784159511  -  Run Bytes Received By Job
	(1) Normal termination (return value 1)
	The job attribute OnExitRemove expression 'NumJobCompletions > JobMaxRetries || ExitCode =?= 0' evaluated to FALSE
...
040 (8180963.122.000) 2026-06-24 21:34:54 Started transferring input files
	Transferring to host: <128.104.103.48:9618?addrs=128.104.103.48-9618+[2607-f388-107c-501-ae1f-6bff-fe2c-2f00]-9618&alias=vetsigian0001.chtc.wisc.edu&noUDP&sock=slot2_2_10681_7b0b_19831>
...
040 (8180963.122.000) 2026-06-24 21:35:28 Finished transferring input files
...
001 (8180963.122.000) 2026-06-24 21:35:28 Job executing on host: <128.104.103.48:9618?addrs=128.104.103.48-9618+[2607-f388-107c-501-ae1f-6bff-fe2c-2f00]-9618&alias=vetsigian0001.chtc.wisc.edu&noUDP&sock=startd_9913_126b>
	SlotName: slot2_2@vetsigian0001.chtc.wisc.edu
	AvailableGPUs = { GPUs_GPU_c60845c2 }
	CondorScratchDir = "/var/lib/condor/execute/slot2/dir_511320/scratch"
	Cpus = 1
	Disk = 16777216
	GPUs = 1
	GPUs_GPU_c60845c2 = [ Id = "GPU-c60845c2"; Capability = 7.5; DeviceName = "NVIDIA GeForce RTX 2080 Ti"; DeviceUuid = "c60845c2-17b0-17df-2cc6-44f05353ae1e"; ECCEnabled = false; NvidiaDriver = "550.54.14"; DriverVersion = 12.4; DevicePciBusId = "0000:1B:00.0"; GlobalMemoryMb = 11004; MaxSupportedVersion = 12040 ]
	IoHeavy = 0
	Memory = 16384
...
040 (8180963.122.000) 2026-06-24 22:19:58 Started transferring output files
...
040 (8180963.122.000) 2026-06-24 22:19:58 Finished transferring output files
...
004 (8180963.122.000) 2026-06-24 22:19:59 Job was evicted.
	(0) Job terminated and was requeued
		Usr 0 00:56:26, Sys 0 00:01:46  -  Run Remote Usage
		Usr 0 00:00:00, Sys 0 00:00:00  -  Run Local Usage
	111388  -  Run Bytes Sent By Job
	2784159511  -  Run Bytes Received By Job
	(1) Normal termination (return value 1)
	The job attribute OnExitRemove expression 'NumJobCompletions > JobMaxRetries || ExitCode =?= 0' evaluated to FALSE
...
040 (8180963.122.000) 2026-06-24 22:20:02 Started transferring input files
	Transferring to host: <128.104.103.48:9618?addrs=128.104.103.48-9618+[2607-f388-107c-501-ae1f-6bff-fe2c-2f00]-9618&alias=vetsigian0001.chtc.wisc.edu&noUDP&sock=slot2_2_10681_7b0b_19920>
...
040 (8180963.122.000) 2026-06-24 22:22:22 Finished transferring input files
...
001 (8180963.122.000) 2026-06-24 22:22:22 Job executing on host: <128.104.103.48:9618?addrs=128.104.103.48-9618+[2607-f388-107c-501-ae1f-6bff-fe2c-2f00]-9618&alias=vetsigian0001.chtc.wisc.edu&noUDP&sock=startd_9913_126b>
	SlotName: slot2_2@vetsigian0001.chtc.wisc.edu
	AvailableGPUs = { GPUs_GPU_c60845c2 }
	CondorScratchDir = "/var/lib/condor/execute/slot2/dir_587863/scratch"
	Cpus = 1
	Disk = 16777216
	GPUs = 1
	GPUs_GPU_c60845c2 = [ Id = "GPU-c60845c2"; Capability = 7.5; DeviceName = "NVIDIA GeForce RTX 2080 Ti"; DeviceUuid = "c60845c2-17b0-17df-2cc6-44f05353ae1e"; ECCEnabled = false; NvidiaDriver = "550.54.14"; DriverVersion = 12.4; DevicePciBusId = "0000:1B:00.0"; GlobalMemoryMb = 11004; MaxSupportedVersion = 12040 ]
	IoHeavy = 0
	Memory = 16384
...
040 (8180963.122.000) 2026-06-24 23:30:43 Started transferring output files
...
040 (8180963.122.000) 2026-06-24 23:30:43 Finished transferring output files
...
004 (8180963.122.000) 2026-06-24 23:30:43 Job was evicted.
	(0) Job terminated and was requeued
		Usr 0 01:21:06, Sys 0 00:02:15  -  Run Remote Usage
		Usr 0 00:00:00, Sys 0 00:00:00  -  Run Local Usage
	111388  -  Run Bytes Sent By Job
	2784159511  -  Run Bytes Received By Job
	(1) Normal termination (return value 1)
	The job attribute OnExitRemove expression 'NumJobCompletions > JobMaxRetries || ExitCode =?= 0' evaluated to FALSE
...
040 (8180963.122.000) 2026-06-24 23:30:45 Started transferring input files
	Transferring to host: <128.104.103.48:9618?addrs=128.104.103.48-9618+[2607-f388-107c-501-ae1f-6bff-fe2c-2f00]-9618&alias=vetsigian0001.chtc.wisc.edu&noUDP&sock=slot2_2_10681_7b0b_20047>
...
040 (8180963.122.000) 2026-06-24 23:31:19 Finished transferring input files
...
001 (8180963.122.000) 2026-06-24 23:31:19 Job executing on host: <128.104.103.48:9618?addrs=128.104.103.48-9618+[2607-f388-107c-501-ae1f-6bff-fe2c-2f00]-9618&alias=vetsigian0001.chtc.wisc.edu&noUDP&sock=startd_9913_126b>
	SlotName: slot2_2@vetsigian0001.chtc.wisc.edu
	AvailableGPUs = { GPUs_GPU_c60845c2 }
	CondorScratchDir = "/var/lib/condor/execute/slot2/dir_703279/scratch"
	Cpus = 1
	Disk = 16777216
	GPUs = 1
	GPUs_GPU_c60845c2 = [ Id = "GPU-c60845c2"; Capability = 7.5; DeviceName = "NVIDIA GeForce RTX 2080 Ti"; DeviceUuid = "c60845c2-17b0-17df-2cc6-44f05353ae1e"; ECCEnabled = false; NvidiaDriver = "550.54.14"; DriverVersion = 12.4; DevicePciBusId = "0000:1B:00.0"; GlobalMemoryMb = 11004; MaxSupportedVersion = 12040 ]
	IoHeavy = 0
	Memory = 16384
...
040 (8180963.122.000) 2026-06-25 00:14:27 Started transferring output files
...
040 (8180963.122.000) 2026-06-25 00:14:27 Finished transferring output files
...
004 (8180963.122.000) 2026-06-25 00:14:28 Job was evicted.
	(0) Job terminated and was requeued
		Usr 0 01:17:22, Sys 0 00:02:38  -  Run Remote Usage
		Usr 0 00:00:00, Sys 0 00:00:00  -  Run Local Usage
	111389  -  Run Bytes Sent By Job
	2784159511  -  Run Bytes Received By Job
	(1) Normal termination (return value 1)
	The job attribute OnExitRemove expression 'NumJobCompletions > JobMaxRetries || ExitCode =?= 0' evaluated to FALSE
...
040 (8180963.122.000) 2026-06-25 00:15:03 Started transferring input files
	Transferring to host: <128.104.100.17:9618?addrs=128.104.100.17-9618+[2607-f388-107c-501-527c-6fff-fe66-e9bc]-9618&alias=jcaicedogpu0002.chtc.wisc.edu&noUDP&sock=backfill1_4_2855957_d182_102860>
...
040 (8180963.122.000) 2026-06-25 00:15:23 Finished transferring input files
...
001 (8180963.122.000) 2026-06-25 00:15:23 Job executing on host: <128.104.100.17:9618?addrs=128.104.100.17-9618+[2607-f388-107c-501-527c-6fff-fe66-e9bc]-9618&alias=jcaicedogpu0002.chtc.wisc.edu&noUDP&sock=startd_11788_2a7e>
	SlotName: backfill1_4@jcaicedogpu0002.chtc.wisc.edu
	AvailableGPUs = { GPUs_GPU_8f76f793 }
	CondorScratchDir = "/var/lib/condor/execute/slot1/dir_4147652/scratch"
	Cpus = 1
	Disk = 16777216
	GPUs = 1
	GPUs_GPU_8f76f793 = [ Id = "GPU-8f76f793"; Capability = 8.9; DeviceName = "NVIDIA L40S"; DeviceUuid = "8f76f793-fe24-bbe0-a0d4-3da8c1a9cb72"; ECCEnabled = true; NvidiaDriver = "570.195.03"; DriverVersion = 12.8; DevicePciBusId = "0000:99:00.0"; GlobalMemoryMb = 45468; MaxSupportedVersion = 12080 ]
	IoHeavy = 0
	Memory = 16384
...
040 (8180963.122.000) 2026-06-25 00:45:22 Started transferring output files
...
040 (8180963.122.000) 2026-06-25 00:45:22 Finished transferring output files
...
005 (8180963.122.000) 2026-06-25 00:45:22 Job terminated.
	(1) Normal termination (return value 1)
		Usr 0 00:36:56, Sys 0 00:01:18  -  Run Remote Usage
		Usr 0 00:00:00, Sys 0 00:00:00  -  Run Local Usage
		Usr 0 10:30:05, Sys 0 00:22:35  -  Total Remote Usage
		Usr 0 00:00:00, Sys 0 00:00:00  -  Total Local Usage
	111405  -  Run Bytes Sent By Job
	2784159511  -  Run Bytes Received By Job
	1218121  -  Total Bytes Sent By Job
	30574292477  -  Total Bytes Received By Job
	Partitionable Resources :      Usage  Request Allocated Assigned
	   Cpus                 :       1.00        1         1 
	   Disk (KB)            : 3153914    16777216  16777216 
	   GPUs                 :       0.13        1         1 "GPU-8f76f793"
	   GpusMemory (MB)      :    8321                       
	   IoHeavy              :                             0 
	   Memory (MB)          :    7325       16384     16384 
	   TimeExecute (s)      :    1799                       
	   TimeSlotBusy (s)     :    1819                       
...
