000 (8180963.011.000) 2026-06-24 12:19:47 Job submitted from host: <128.105.68.112:9618?addrs=128.105.68.112-9618+[2607-f388-2200-100-eaeb-d3ff-fea3-4202]-9618&alias=ap2001.chtc.wisc.edu&noUDP&sock=schedd_4071840_2329>
...
040 (8180963.011.000) 2026-06-24 12:22:42 Started transferring input files
	Transferring to host: <128.104.100.17:9618?addrs=128.104.100.17-9618+[2607-f388-107c-501-527c-6fff-fe66-e9bc]-9618&alias=jcaicedogpu0002.chtc.wisc.edu&noUDP&sock=backfill1_1_2855957_d182_100445>
...
040 (8180963.011.000) 2026-06-24 12:22:46 Finished transferring input files
...
022 (8180963.011.000) 2026-06-24 12:22:46 Job disconnected, attempting to reconnect
    Socket between submit and execute hosts closed unexpectedly
    Trying to reconnect to backfill1_1@jcaicedogpu0002.chtc.wisc.edu <128.104.100.17:9618?addrs=128.104.100.17-9618+[2607-f388-107c-501-527c-6fff-fe66-e9bc]-9618&alias=jcaicedogpu0002.chtc.wisc.edu&noUDP&sock=startd_11788_2a7e>
...
024 (8180963.011.000) 2026-06-24 12:22:54 Job reconnection failed
    Job not found at execution machine
    Can not reconnect to backfill1_1@jcaicedogpu0002.chtc.wisc.edu, rescheduling job
...
004 (8180963.011.000) 2026-06-24 12:22:55 Job was evicted. Code 1008 Subcode 0
	(0) CPU times
		Usr 0 00:00:00, Sys 0 00:00:00  -  Run Remote Usage
		Usr 0 00:00:00, Sys 0 00:00:00  -  Run Local Usage
	0  -  Run Bytes Sent By Job
	0  -  Run Bytes Received By Job
	Reason: Job not found at execution machine
	Partitionable Resources :    Usage  Request Allocated Assigned
	   Cpus                 :        0        1         1 
	   Disk (KB)            :     1554 16777216  16777216 
	   GPUs                 :                 1         1 "GPU-036c0f18"
	   IoHeavy              :                           0 
	   Memory (MB)          :             16384     16384 
...
040 (8180963.011.000) 2026-06-24 12:23:17 Started transferring input files
	Transferring to host: <128.105.76.46:9618?addrs=128.105.76.46-9618+[2607-f388-2200-100-e29d-73ff-fe7b-5316]-9618&alias=bhaskargpu4000.chtc.wisc.edu&noUDP&sock=backfill1_1_1789980_96ce_84532>
...
040 (8180963.011.000) 2026-06-24 12:46:17 Finished transferring input files
...
001 (8180963.011.000) 2026-06-24 12:46:17 Job executing on host: <128.105.76.46:9618?addrs=128.105.76.46-9618+[2607-f388-2200-100-e29d-73ff-fe7b-5316]-9618&alias=bhaskargpu4000.chtc.wisc.edu&noUDP&sock=startd_16031_82d5>
	SlotName: backfill1_1@bhaskargpu4000.chtc.wisc.edu
	AvailableGPUs = { GPUs_GPU_44c43bd0 }
	CondorScratchDir = "/var/lib/condor/execute/slot1/dir_2936376/scratch"
	Cpus = 1
	Disk = 16777216
	GPUs = 1
	GPUs_GPU_44c43bd0 = [ Id = "GPU-44c43bd0"; Capability = 9.0; DeviceName = "NVIDIA H200"; DeviceUuid = "44c43bd0-08cf-9f53-ac6d-f7d821848bd8"; ECCEnabled = true; NvidiaDriver = "570.195.03"; DriverVersion = 12.8; DevicePciBusId = "0000:DB:00.0"; GlobalMemoryMb = 143166; MaxSupportedVersion = 12080 ]
	IoHeavy = 0
	Memory = 16384
...
006 (8180963.011.000) 2026-06-24 12:46:26 Image size of job updated: 423640
	414  -  MemoryUsage of job (MB)
	423640  -  ResidentSetSize of job (KB)
...
006 (8180963.011.000) 2026-06-24 12:51:26 Image size of job updated: 2033352
	1984  -  MemoryUsage of job (MB)
	2031356  -  ResidentSetSize of job (KB)
...
006 (8180963.011.000) 2026-06-24 12:56:27 Image size of job updated: 2033352
	1984  -  MemoryUsage of job (MB)
	2031616  -  ResidentSetSize of job (KB)
...
006 (8180963.011.000) 2026-06-24 13:21:29 Image size of job updated: 2045164
	1998  -  MemoryUsage of job (MB)
	2045164  -  ResidentSetSize of job (KB)
...
006 (8180963.011.000) 2026-06-24 13:31:30 Image size of job updated: 2046956
	1999  -  MemoryUsage of job (MB)
	2046956  -  ResidentSetSize of job (KB)
...
006 (8180963.011.000) 2026-06-24 13:36:31 Image size of job updated: 2046960
	1999  -  MemoryUsage of job (MB)
	2046960  -  ResidentSetSize of job (KB)
...
006 (8180963.011.000) 2026-06-24 14:11:33 Image size of job updated: 2046964
	1999  -  MemoryUsage of job (MB)
	2046964  -  ResidentSetSize of job (KB)
...
006 (8180963.011.000) 2026-06-24 14:21:34 Image size of job updated: 2046968
	1999  -  MemoryUsage of job (MB)
	2046968  -  ResidentSetSize of job (KB)
...
006 (8180963.011.000) 2026-06-24 14:31:36 Image size of job updated: 2046972
	1999  -  MemoryUsage of job (MB)
	2046972  -  ResidentSetSize of job (KB)
...
006 (8180963.011.000) 2026-06-24 14:56:38 Image size of job updated: 2047112
	2000  -  MemoryUsage of job (MB)
	2047112  -  ResidentSetSize of job (KB)
...
006 (8180963.011.000) 2026-06-24 15:46:43 Image size of job updated: 2047116
	2000  -  MemoryUsage of job (MB)
	2047116  -  ResidentSetSize of job (KB)
...
040 (8180963.011.000) 2026-06-24 15:55:50 Started transferring output files
...
040 (8180963.011.000) 2026-06-24 15:55:50 Finished transferring output files
...
005 (8180963.011.000) 2026-06-24 15:55:51 Job terminated.
	(1) Normal termination (return value 0)
		Usr 0 03:12:11, Sys 0 01:10:12  -  Run Remote Usage
		Usr 0 00:00:00, Sys 0 00:00:00  -  Run Local Usage
		Usr 0 03:12:11, Sys 0 01:10:12  -  Total Remote Usage
		Usr 0 00:00:00, Sys 0 00:00:00  -  Total Local Usage
	4767311  -  Run Bytes Sent By Job
	2782540768  -  Run Bytes Received By Job
	4767311  -  Total Bytes Sent By Job
	2782540768  -  Total Bytes Received By Job
	Partitionable Resources :      Usage  Request Allocated Assigned
	   Cpus                 :       1.00        1         1 
	   Disk (KB)            : 2810680    16777216  16777216 
	   GPUs                 :       0.79        1         1 "GPU-44c43bd0"
	   GpusMemory (MB)      :    8816                       
	   IoHeavy              :                             0 
	   Memory (MB)          :    2000       16384     16384 
	   TimeExecute (s)      :   11373                       
	   TimeSlotBusy (s)     :   12753                       
...
