000 (8018100.293.000) 2026-06-21 13:37:20 Job submitted from host: <128.105.68.112:9618?addrs=128.105.68.112-9618+[2607-f388-2200-100-eaeb-d3ff-fea3-4202]-9618&alias=ap2001.chtc.wisc.edu&noUDP&sock=schedd_4071840_2329>
...
040 (8018100.293.000) 2026-06-21 16:23:00 Started transferring input files
	Transferring to host: <128.105.69.47:9618?addrs=128.105.69.47-9618+[2607-f388-2200-100-527c-6fff-fe66-eac6]-9618&alias=amuraligpu4000.chtc.wisc.edu&noUDP&sock=backfill1_5_1332502_f3e3_93365>
...
040 (8018100.293.000) 2026-06-21 16:23:22 Finished transferring input files
...
001 (8018100.293.000) 2026-06-21 16:23:22 Job executing on host: <128.105.69.47:9618?addrs=128.105.69.47-9618+[2607-f388-2200-100-527c-6fff-fe66-eac6]-9618&alias=amuraligpu4000.chtc.wisc.edu&noUDP&sock=startd_11579_cf33>
	SlotName: backfill1_5@amuraligpu4000.chtc.wisc.edu
	AvailableGPUs = { GPUs_GPU_de7049b1 }
	CondorScratchDir = "/var/lib/condor/execute/slot1/dir_2336495/scratch"
	Cpus = 1
	Disk = 16777216
	GPUs = 1
	GPUs_GPU_de7049b1 = [ Id = "GPU-de7049b1"; Capability = 8.9; DeviceName = "NVIDIA L40S"; DeviceUuid = "de7049b1-38bb-621f-baaa-5d83765a9f52"; ECCEnabled = true; NvidiaDriver = "570.195.03"; DriverVersion = 12.8; DevicePciBusId = "0000:63:00.0"; GlobalMemoryMb = 45468; MaxSupportedVersion = 12080 ]
	IoHeavy = 0
	Memory = 16384
...
006 (8018100.293.000) 2026-06-21 16:23:25 Image size of job updated: 192
	0  -  MemoryUsage of job (MB)
	0  -  ResidentSetSize of job (KB)
...
040 (8018100.293.000) 2026-06-21 16:23:25 Started transferring output files
...
040 (8018100.293.000) 2026-06-21 16:23:25 Finished transferring output files
...
004 (8018100.293.000) 2026-06-21 16:23:26 Job was evicted.
	(0) Job terminated and was requeued
		Usr 0 00:00:01, Sys 0 00:00:00  -  Run Remote Usage
		Usr 0 00:00:00, Sys 0 00:00:00  -  Run Local Usage
	451  -  Run Bytes Sent By Job
	2782666850  -  Run Bytes Received By Job
	(1) Normal termination (return value 2)
	The job attribute OnExitRemove expression 'NumJobCompletions > JobMaxRetries || ExitCode =?= 0' evaluated to FALSE
...
040 (8018100.293.000) 2026-06-21 16:25:23 Started transferring input files
	Transferring to host: <128.104.100.52:9618?addrs=128.104.100.52-9618+[2607-f388-107c-501-7ec2-55ff-fe99-a48c]-9618&alias=jcaicedogpu0000.chtc.wisc.edu&noUDP&sock=backfill1_5_12267_f60c_9710>
...
040 (8018100.293.000) 2026-06-21 16:25:33 Finished transferring input files
...
001 (8018100.293.000) 2026-06-21 16:25:33 Job executing on host: <128.104.100.52:9618?addrs=128.104.100.52-9618+[2607-f388-107c-501-7ec2-55ff-fe99-a48c]-9618&alias=jcaicedogpu0000.chtc.wisc.edu&noUDP&sock=startd_10725_0952>
	SlotName: backfill1_5@jcaicedogpu0000.chtc.wisc.edu
	AvailableGPUs = { GPUs_GPU_961f052f }
	CondorScratchDir = "/var/lib/condor/execute/slot1/dir_3502254/scratch"
	Cpus = 1
	Disk = 16777216
	GPUs = 1
	GPUs_GPU_961f052f = [ Id = "GPU-961f052f"; Capability = 8.9; DeviceName = "NVIDIA L40"; DeviceUuid = "961f052f-3138-f8c4-62a4-4e7011f9fb90"; ECCEnabled = true; NvidiaDriver = "570.195.03"; DriverVersion = 12.8; DevicePciBusId = "0000:CE:00.0"; GlobalMemoryMb = 45468; MaxSupportedVersion = 12080 ]
	IoHeavy = 0
	Memory = 16384
...
006 (8018100.293.000) 2026-06-21 16:25:36 Image size of job updated: 204
	0  -  MemoryUsage of job (MB)
	0  -  ResidentSetSize of job (KB)
...
040 (8018100.293.000) 2026-06-21 16:25:36 Started transferring output files
...
040 (8018100.293.000) 2026-06-21 16:25:36 Finished transferring output files
...
004 (8018100.293.000) 2026-06-21 16:25:36 Job was evicted.
	(0) Job terminated and was requeued
		Usr 0 00:00:02, Sys 0 00:00:00  -  Run Remote Usage
		Usr 0 00:00:00, Sys 0 00:00:00  -  Run Local Usage
	452  -  Run Bytes Sent By Job
	2782666850  -  Run Bytes Received By Job
	(1) Normal termination (return value 2)
	The job attribute OnExitRemove expression 'NumJobCompletions > JobMaxRetries || ExitCode =?= 0' evaluated to FALSE
...
040 (8018100.293.000) 2026-06-21 16:27:22 Started transferring input files
	Transferring to host: <128.104.100.117:9618?addrs=128.104.100.117-9618+[2607-f388-107c-501-8ae9-a4ff-fe02-e150]-9618&alias=jcaicedogpu0003.chtc.wisc.edu&noUDP&sock=backfill1_1_1586877_26eb_101243>
...
040 (8018100.293.000) 2026-06-21 16:27:48 Finished transferring input files
...
001 (8018100.293.000) 2026-06-21 16:27:48 Job executing on host: <128.104.100.117:9618?addrs=128.104.100.117-9618+[2607-f388-107c-501-8ae9-a4ff-fe02-e150]-9618&alias=jcaicedogpu0003.chtc.wisc.edu&noUDP&sock=startd_10874_3cee>
	SlotName: backfill1_1@jcaicedogpu0003.chtc.wisc.edu
	AvailableGPUs = { GPUs_GPU_84aa5312 }
	CondorScratchDir = "/var/lib/condor/execute/slot1/dir_3191130/scratch"
	Cpus = 1
	Disk = 16777216
	GPUs = 1
	GPUs_GPU_84aa5312 = [ Id = "GPU-84aa5312"; Capability = 8.9; DeviceName = "NVIDIA L40S"; DeviceUuid = "84aa5312-d8a5-be03-8ab6-55b4d1f0d7b2"; ECCEnabled = true; NvidiaDriver = "570.195.03"; DriverVersion = 12.8; DevicePciBusId = "0000:E1:00.0"; GlobalMemoryMb = 45468; MaxSupportedVersion = 12080 ]
	IoHeavy = 0
	Memory = 16384
...
006 (8018100.293.000) 2026-06-21 16:27:51 Image size of job updated: 432
	0  -  MemoryUsage of job (MB)
	0  -  ResidentSetSize of job (KB)
...
040 (8018100.293.000) 2026-06-21 16:27:51 Started transferring output files
...
040 (8018100.293.000) 2026-06-21 16:27:51 Finished transferring output files
...
004 (8018100.293.000) 2026-06-21 16:27:52 Job was evicted.
	(0) Job terminated and was requeued
		Usr 0 00:00:01, Sys 0 00:00:00  -  Run Remote Usage
		Usr 0 00:00:00, Sys 0 00:00:00  -  Run Local Usage
	452  -  Run Bytes Sent By Job
	2782666850  -  Run Bytes Received By Job
	(1) Normal termination (return value 2)
	The job attribute OnExitRemove expression 'NumJobCompletions > JobMaxRetries || ExitCode =?= 0' evaluated to FALSE
...
040 (8018100.293.000) 2026-06-21 16:29:28 Started transferring input files
	Transferring to host: <128.105.69.54:9618?addrs=128.105.69.54-9618+[2607-f388-2200-100-e29d-73ff-fe7b-5346]-9618&alias=hsharma-chtcgpu4000.chtc.wisc.edu&noUDP&sock=backfill1_2_1387198_3b93_78261>
...
040 (8018100.293.000) 2026-06-21 16:29:39 Finished transferring input files
...
001 (8018100.293.000) 2026-06-21 16:29:39 Job executing on host: <128.105.69.54:9618?addrs=128.105.69.54-9618+[2607-f388-2200-100-e29d-73ff-fe7b-5346]-9618&alias=hsharma-chtcgpu4000.chtc.wisc.edu&noUDP&sock=startd_17987_2a14>
	SlotName: backfill1_2@hsharma-chtcgpu4000.chtc.wisc.edu
	AvailableGPUs = { GPUs_GPU_a1f101cf }
	CondorScratchDir = "/var/lib/condor/execute/slot1/dir_2471435/scratch"
	Cpus = 1
	Disk = 16777216
	GPUs = 1
	GPUs_GPU_a1f101cf = [ Id = "GPU-a1f101cf"; Capability = 9.0; DeviceName = "NVIDIA H200"; DeviceUuid = "a1f101cf-1587-7f90-69b8-7d8f3b6c4959"; ECCEnabled = true; NvidiaDriver = "570.195.03"; DriverVersion = 12.8; DevicePciBusId = "0000:19:00.0"; GlobalMemoryMb = 143166; MaxSupportedVersion = 12080 ]
	IoHeavy = 0
	Memory = 16384
...
040 (8018100.293.000) 2026-06-21 16:29:43 Started transferring output files
...
040 (8018100.293.000) 2026-06-21 16:29:43 Finished transferring output files
...
004 (8018100.293.000) 2026-06-21 16:29:43 Job was evicted.
	(0) Job terminated and was requeued
		Usr 0 00:00:02, Sys 0 00:00:00  -  Run Remote Usage
		Usr 0 00:00:00, Sys 0 00:00:00  -  Run Local Usage
	456  -  Run Bytes Sent By Job
	2782666850  -  Run Bytes Received By Job
	(1) Normal termination (return value 2)
	The job attribute OnExitRemove expression 'NumJobCompletions > JobMaxRetries || ExitCode =?= 0' evaluated to FALSE
...
040 (8018100.293.000) 2026-06-21 16:31:14 Started transferring input files
	Transferring to host: <128.105.76.47:9618?addrs=128.105.76.47-9618+[2607-f388-2200-100-527c-6fff-fe82-826a]-9618&alias=gpu4006.chtc.wisc.edu&noUDP&sock=slot2_6_2618986_4fbd_88598>
...
040 (8018100.293.000) 2026-06-21 16:31:28 Finished transferring input files
...
001 (8018100.293.000) 2026-06-21 16:31:28 Job executing on host: <128.105.76.47:9618?addrs=128.105.76.47-9618+[2607-f388-2200-100-527c-6fff-fe82-826a]-9618&alias=gpu4006.chtc.wisc.edu&noUDP&sock=startd_11220_90b3>
	SlotName: slot2_6@gpu4006.chtc.wisc.edu
	AvailableGPUs = { GPUs_GPU_a7db8880 }
	CondorScratchDir = "/var/lib/condor/execute/slot2/dir_2972000/scratch"
	Cpus = 1
	Disk = 16777216
	GPUs = 1
	GPUs_GPU_a7db8880 = [ Id = "GPU-a7db8880"; Capability = 8.9; DeviceName = "NVIDIA L40S"; DeviceUuid = "a7db8880-55ca-0490-a7d4-abafc6737be6"; ECCEnabled = true; NvidiaDriver = "590.48.01"; DriverVersion = 13.1; DevicePciBusId = "0000:A1:00.0"; GlobalMemoryMb = 45460; MaxSupportedVersion = 13010 ]
	IoHeavy = 0
	Memory = 16384
...
040 (8018100.293.000) 2026-06-21 16:31:30 Started transferring output files
...
040 (8018100.293.000) 2026-06-21 16:31:30 Finished transferring output files
...
004 (8018100.293.000) 2026-06-21 16:31:31 Job was evicted.
	(0) Job terminated and was requeued
		Usr 0 00:00:01, Sys 0 00:00:00  -  Run Remote Usage
		Usr 0 00:00:00, Sys 0 00:00:00  -  Run Local Usage
	458  -  Run Bytes Sent By Job
	2782666850  -  Run Bytes Received By Job
	(1) Normal termination (return value 2)
	The job attribute OnExitRemove expression 'NumJobCompletions > JobMaxRetries || ExitCode =?= 0' evaluated to FALSE
...
040 (8018100.293.000) 2026-06-21 16:31:50 Started transferring input files
	Transferring to host: <128.104.100.53:9618?addrs=128.104.100.53-9618+[2607-f388-107c-501-7ec2-55ff-fe99-a2b0]-9618&alias=jcaicedogpu0001.chtc.wisc.edu&noUDP&sock=backfill1_1_12775_e4a1_9693>
...
040 (8018100.293.000) 2026-06-21 16:32:10 Finished transferring input files
...
001 (8018100.293.000) 2026-06-21 16:32:10 Job executing on host: <128.104.100.53:9618?addrs=128.104.100.53-9618+[2607-f388-107c-501-7ec2-55ff-fe99-a2b0]-9618&alias=jcaicedogpu0001.chtc.wisc.edu&noUDP&sock=startd_11292_f384>
	SlotName: backfill1_1@jcaicedogpu0001.chtc.wisc.edu
	AvailableGPUs = { GPUs_GPU_dbe7385b }
	CondorScratchDir = "/var/lib/condor/execute/slot1/dir_3917130/scratch"
	Cpus = 1
	Disk = 16777216
	GPUs = 1
	GPUs_GPU_dbe7385b = [ Id = "GPU-dbe7385b"; Capability = 8.9; DeviceName = "NVIDIA L40"; DeviceUuid = "dbe7385b-7975-52cd-4145-ef37df536db0"; ECCEnabled = true; NvidiaDriver = "570.195.03"; DriverVersion = 12.8; DevicePciBusId = "0000:D5:00.0"; GlobalMemoryMb = 45468; MaxSupportedVersion = 12080 ]
	IoHeavy = 0
	Memory = 16384
...
040 (8018100.293.000) 2026-06-21 16:32:13 Started transferring output files
...
040 (8018100.293.000) 2026-06-21 16:32:13 Finished transferring output files
...
004 (8018100.293.000) 2026-06-21 16:32:13 Job was evicted.
	(0) Job terminated and was requeued
		Usr 0 00:00:02, Sys 0 00:00:00  -  Run Remote Usage
		Usr 0 00:00:00, Sys 0 00:00:00  -  Run Local Usage
	452  -  Run Bytes Sent By Job
	2782666850  -  Run Bytes Received By Job
	(1) Normal termination (return value 2)
	The job attribute OnExitRemove expression 'NumJobCompletions > JobMaxRetries || ExitCode =?= 0' evaluated to FALSE
...
040 (8018100.293.000) 2026-06-21 16:32:23 Started transferring input files
	Transferring to host: <128.105.69.63:9618?addrs=128.105.69.63-9618+[2607-f388-2200-100-5aa2-e1ff-febe-455e]-9618&alias=gpu4003.chtc.wisc.edu&noUDP&sock=slot2_8_1549376_4e16_77773>
...
040 (8018100.293.000) 2026-06-21 16:32:44 Finished transferring input files
...
001 (8018100.293.000) 2026-06-21 16:32:44 Job executing on host: <128.105.69.63:9618?addrs=128.105.69.63-9618+[2607-f388-2200-100-5aa2-e1ff-febe-455e]-9618&alias=gpu4003.chtc.wisc.edu&noUDP&sock=startd_3051222_14a9>
	SlotName: slot2_8@gpu4003.chtc.wisc.edu
	AvailableGPUs = { GPUs_GPU_d9edf92c }
	CondorScratchDir = "/var/lib/condor/execute/slot2/dir_1434075/scratch"
	Cpus = 1
	Disk = 16777216
	GPUs = 1
	GPUs_GPU_d9edf92c = [ Id = "GPU-d9edf92c"; Capability = 9.0; DeviceName = "NVIDIA H100 80GB HBM3"; DeviceUuid = "d9edf92c-50c2-1c6a-fcb3-fdfeff4a708a"; ECCEnabled = true; NvidiaDriver = "570.195.03"; DriverVersion = 12.8; DevicePciBusId = "0000:5D:00.0"; GlobalMemoryMb = 81089; MaxSupportedVersion = 12080 ]
	IoHeavy = 0
	Memory = 16384
...
006 (8018100.293.000) 2026-06-21 16:32:46 Image size of job updated: 1384
	0  -  MemoryUsage of job (MB)
	0  -  ResidentSetSize of job (KB)
...
040 (8018100.293.000) 2026-06-21 16:32:47 Started transferring output files
...
040 (8018100.293.000) 2026-06-21 16:32:47 Finished transferring output files
...
004 (8018100.293.000) 2026-06-21 16:32:47 Job was evicted.
	(0) Job terminated and was requeued
		Usr 0 00:00:01, Sys 0 00:00:00  -  Run Remote Usage
		Usr 0 00:00:00, Sys 0 00:00:00  -  Run Local Usage
	444  -  Run Bytes Sent By Job
	2782666850  -  Run Bytes Received By Job
	(1) Normal termination (return value 2)
	The job attribute OnExitRemove expression 'NumJobCompletions > JobMaxRetries || ExitCode =?= 0' evaluated to FALSE
...
040 (8018100.293.000) 2026-06-21 16:32:57 Started transferring input files
	Transferring to host: <128.105.68.168:9618?addrs=128.105.68.168-9618+[2607-f388-2200-100-b62e-99ff-feb7-2dcb]-9618&alias=gpulab2003.chtc.wisc.edu&noUDP&sock=slot2_4_11172_6f3f_8109>
...
040 (8018100.293.000) 2026-06-21 16:33:14 Finished transferring input files
...
001 (8018100.293.000) 2026-06-21 16:33:14 Job executing on host: <128.105.68.168:9618?addrs=128.105.68.168-9618+[2607-f388-2200-100-b62e-99ff-feb7-2dcb]-9618&alias=gpulab2003.chtc.wisc.edu&noUDP&sock=startd_10155_1056>
	SlotName: slot2_4@gpulab2003.chtc.wisc.edu
	AvailableGPUs = { GPUs_GPU_61902b82 }
	CondorScratchDir = "/var/lib/condor/execute/slot2/dir_1522920/scratch"
	Cpus = 1
	Disk = 16777216
	GPUs = 1
	GPUs_GPU_61902b82 = [ Id = "GPU-61902b82"; Capability = 7.5; DeviceName = "NVIDIA GeForce RTX 2080 Ti"; DeviceUuid = "61902b82-cedb-e4be-d010-bca8829ec79b"; ECCEnabled = false; NvidiaDriver = "570.195.03"; DriverVersion = 12.8; DevicePciBusId = "0000:B2:00.0"; GlobalMemoryMb = 10823; MaxSupportedVersion = 12080 ]
	IoHeavy = 0
	Memory = 16384
...
006 (8018100.293.000) 2026-06-21 16:33:18 Image size of job updated: 13316
	13  -  MemoryUsage of job (MB)
	12304  -  ResidentSetSize of job (KB)
...
040 (8018100.293.000) 2026-06-21 16:33:18 Started transferring output files
...
040 (8018100.293.000) 2026-06-21 16:33:18 Finished transferring output files
...
004 (8018100.293.000) 2026-06-21 16:33:19 Job was evicted.
	(0) Job terminated and was requeued
		Usr 0 00:00:03, Sys 0 00:00:00  -  Run Remote Usage
		Usr 0 00:00:00, Sys 0 00:00:00  -  Run Local Usage
	437  -  Run Bytes Sent By Job
	2782666850  -  Run Bytes Received By Job
	(1) Normal termination (return value 2)
	The job attribute OnExitRemove expression 'NumJobCompletions > JobMaxRetries || ExitCode =?= 0' evaluated to FALSE
...
040 (8018100.293.000) 2026-06-21 16:33:31 Started transferring input files
	Transferring to host: <128.105.68.103:9618?addrs=128.105.68.103-9618+[2607-f388-2200-100-1270-fdff-fe74-930]-9618&alias=gpu2011.chtc.wisc.edu&noUDP&sock=slot2_1_3669582_3c1f_87343>
...
040 (8018100.293.000) 2026-06-21 16:33:45 Finished transferring input files
...
001 (8018100.293.000) 2026-06-21 16:33:45 Job executing on host: <128.105.68.103:9618?addrs=128.105.68.103-9618+[2607-f388-2200-100-1270-fdff-fe74-930]-9618&alias=gpu2011.chtc.wisc.edu&noUDP&sock=startd_12054_9eaf>
	SlotName: slot2_1@gpu2011.chtc.wisc.edu
	AvailableGPUs = { GPUs_MIG_00b83ffb_e443_56b0_81ae_fca0e86cdba2 }
	CondorScratchDir = "/var/lib/condor/execute/slot2/dir_3605609/scratch"
	Cpus = 1
	Disk = 16777216
	GPUs = 1
	GPUs_MIG_00b83ffb_e443_56b0_81ae_fca0e86cdba2 = [ Id = "MIG-00b83ffb-e443-56b0-81ae-fca0e86cdba2"; Capability = 8.0; DeviceName = "NVIDIA A100-SXM4-80GB MIG 3g.40gb"; DeviceUuid = "MIG-00b83ffb-e443-56b0-81ae-fca0e86cdba2"; ECCEnabled = true; NvidiaDriver = "570.195.03"; DriverVersion = 12.8; DevicePciBusId = "0000:81:00.0"; GlobalMemoryMb = 40100; MaxSupportedVersion = 12080 ]
	IoHeavy = 0
	Memory = 16384
...
040 (8018100.293.000) 2026-06-21 16:33:48 Started transferring output files
...
040 (8018100.293.000) 2026-06-21 16:33:48 Finished transferring output files
...
004 (8018100.293.000) 2026-06-21 16:33:49 Job was evicted.
	(0) Job terminated and was requeued
		Usr 0 00:00:02, Sys 0 00:00:00  -  Run Remote Usage
		Usr 0 00:00:00, Sys 0 00:00:00  -  Run Local Usage
	444  -  Run Bytes Sent By Job
	2782666850  -  Run Bytes Received By Job
	(1) Normal termination (return value 2)
	The job attribute OnExitRemove expression 'NumJobCompletions > JobMaxRetries || ExitCode =?= 0' evaluated to FALSE
...
040 (8018100.293.000) 2026-06-21 16:33:57 Started transferring input files
	Transferring to host: <128.105.69.63:9618?addrs=128.105.69.63-9618+[2607-f388-2200-100-5aa2-e1ff-febe-455e]-9618&alias=gpu4003.chtc.wisc.edu&noUDP&sock=slot2_8_1549376_4e16_77781>
...
040 (8018100.293.000) 2026-06-21 16:34:08 Finished transferring input files
...
001 (8018100.293.000) 2026-06-21 16:34:08 Job executing on host: <128.105.69.63:9618?addrs=128.105.69.63-9618+[2607-f388-2200-100-5aa2-e1ff-febe-455e]-9618&alias=gpu4003.chtc.wisc.edu&noUDP&sock=startd_3051222_14a9>
	SlotName: slot2_8@gpu4003.chtc.wisc.edu
	AvailableGPUs = { GPUs_GPU_d9edf92c }
	CondorScratchDir = "/var/lib/condor/execute/slot2/dir_1436386/scratch"
	Cpus = 1
	Disk = 16777216
	GPUs = 1
	GPUs_GPU_d9edf92c = [ Id = "GPU-d9edf92c"; Capability = 9.0; DeviceName = "NVIDIA H100 80GB HBM3"; DeviceUuid = "d9edf92c-50c2-1c6a-fcb3-fdfeff4a708a"; ECCEnabled = true; NvidiaDriver = "570.195.03"; DriverVersion = 12.8; DevicePciBusId = "0000:5D:00.0"; GlobalMemoryMb = 81089; MaxSupportedVersion = 12080 ]
	IoHeavy = 0
	Memory = 16384
...
040 (8018100.293.000) 2026-06-21 16:34:11 Started transferring output files
...
040 (8018100.293.000) 2026-06-21 16:34:11 Finished transferring output files
...
004 (8018100.293.000) 2026-06-21 16:34:12 Job was evicted.
	(0) Job terminated and was requeued
		Usr 0 00:00:02, Sys 0 00:00:00  -  Run Remote Usage
		Usr 0 00:00:00, Sys 0 00:00:00  -  Run Local Usage
	444  -  Run Bytes Sent By Job
	2782666850  -  Run Bytes Received By Job
	(1) Normal termination (return value 2)
	The job attribute OnExitRemove expression 'NumJobCompletions > JobMaxRetries || ExitCode =?= 0' evaluated to FALSE
...
040 (8018100.293.000) 2026-06-21 16:34:17 Started transferring input files
	Transferring to host: <128.105.69.63:9618?addrs=128.105.69.63-9618+[2607-f388-2200-100-5aa2-e1ff-febe-455e]-9618&alias=gpu4003.chtc.wisc.edu&noUDP&sock=slot2_8_1549376_4e16_77782>
...
040 (8018100.293.000) 2026-06-21 16:34:32 Finished transferring input files
...
001 (8018100.293.000) 2026-06-21 16:34:32 Job executing on host: <128.105.69.63:9618?addrs=128.105.69.63-9618+[2607-f388-2200-100-5aa2-e1ff-febe-455e]-9618&alias=gpu4003.chtc.wisc.edu&noUDP&sock=startd_3051222_14a9>
	SlotName: slot2_8@gpu4003.chtc.wisc.edu
	AvailableGPUs = { GPUs_GPU_d9edf92c }
	CondorScratchDir = "/var/lib/condor/execute/slot2/dir_1436960/scratch"
	Cpus = 1
	Disk = 16777216
	GPUs = 1
	GPUs_GPU_d9edf92c = [ Id = "GPU-d9edf92c"; Capability = 9.0; DeviceName = "NVIDIA H100 80GB HBM3"; DeviceUuid = "d9edf92c-50c2-1c6a-fcb3-fdfeff4a708a"; ECCEnabled = true; NvidiaDriver = "570.195.03"; DriverVersion = 12.8; DevicePciBusId = "0000:5D:00.0"; GlobalMemoryMb = 81089; MaxSupportedVersion = 12080 ]
	IoHeavy = 0
	Memory = 16384
...
040 (8018100.293.000) 2026-06-21 16:34:35 Started transferring output files
...
040 (8018100.293.000) 2026-06-21 16:34:35 Finished transferring output files
...
005 (8018100.293.000) 2026-06-21 16:34:35 Job terminated.
	(1) Normal termination (return value 2)
		Usr 0 00:00:01, Sys 0 00:00:00  -  Run Remote Usage
		Usr 0 00:00:00, Sys 0 00:00:00  -  Run Local Usage
		Usr 0 00:00:18, Sys 0 00:00:00  -  Total Remote Usage
		Usr 0 00:00:00, Sys 0 00:00:00  -  Total Local Usage
	444  -  Run Bytes Sent By Job
	2782666850  -  Run Bytes Received By Job
	4934  -  Total Bytes Sent By Job
	30609335350  -  Total Bytes Received By Job
	Partitionable Resources :    Usage  Request Allocated Assigned
	   Cpus                 :        0        1         1 
	   Disk (KB)            :  2717485 16777216  16777216 
	   GPUs                 :                 1         1 "GPU-d9edf92c"
	   IoHeavy              :                           0 
	   Memory (MB)          :       13    16384     16384 
	   TimeExecute (s)      :        3                    
	   TimeSlotBusy (s)     :       18                    
...
