000 (8017966.796.000) 2026-06-20 22:07:54 Job submitted from host: <128.105.68.112:9618?addrs=128.105.68.112-9618+[2607-f388-2200-100-eaeb-d3ff-fea3-4202]-9618&alias=ap2001.chtc.wisc.edu&noUDP&sock=schedd_4071840_2329>
...
040 (8017966.796.000) 2026-06-21 04:38:04 Started transferring input files
	Transferring to host: <128.105.68.129:9618?addrs=128.105.68.129-9618+[2607-f388-2200-100-7e8c-9ff-fee9-7284]-9618&alias=gchrysosgpu4000.chtc.wisc.edu&noUDP&sock=backfill1_5_11538_508e_4430>
...
040 (8017966.796.000) 2026-06-21 04:39:09 Finished transferring input files
...
001 (8017966.796.000) 2026-06-21 04:39:09 Job executing on host: <128.105.68.129:9618?addrs=128.105.68.129-9618+[2607-f388-2200-100-7e8c-9ff-fee9-7284]-9618&alias=gchrysosgpu4000.chtc.wisc.edu&noUDP&sock=startd_11234_2b06>
	SlotName: backfill1_5@gchrysosgpu4000.chtc.wisc.edu
	AvailableGPUs = { GPUs_GPU_5752f850 }
	CondorScratchDir = "/var/lib/condor/execute/slot1/dir_2638037/scratch"
	Cpus = 1
	Disk = 16777216
	GPUs = 1
	GPUs_GPU_5752f850 = [ Id = "GPU-5752f850"; Capability = 8.9; DeviceName = "NVIDIA L40S"; DeviceUuid = "5752f850-c4e2-4c2a-9597-9a2fa4ae6a6e"; ECCEnabled = true; NvidiaDriver = "570.195.03"; DriverVersion = 12.8; DevicePciBusId = "0000:46:00.0"; GlobalMemoryMb = 45468; MaxSupportedVersion = 12080 ]
	IoHeavy = 0
	Memory = 16384
...
006 (8017966.796.000) 2026-06-21 04:39:18 Image size of job updated: 467232
	457  -  MemoryUsage of job (MB)
	467232  -  ResidentSetSize of job (KB)
...
006 (8017966.796.000) 2026-06-21 04:44:19 Image size of job updated: 953752
	930  -  MemoryUsage of job (MB)
	951792  -  ResidentSetSize of job (KB)
...
006 (8017966.796.000) 2026-06-21 04:49:19 Image size of job updated: 954864
	933  -  MemoryUsage of job (MB)
	954864  -  ResidentSetSize of job (KB)
...
006 (8017966.796.000) 2026-06-21 04:54:19 Image size of job updated: 962348
	940  -  MemoryUsage of job (MB)
	962348  -  ResidentSetSize of job (KB)
...
006 (8017966.796.000) 2026-06-21 04:59:20 Image size of job updated: 970828
	949  -  MemoryUsage of job (MB)
	970828  -  ResidentSetSize of job (KB)
...
006 (8017966.796.000) 2026-06-21 05:04:20 Image size of job updated: 977184
	955  -  MemoryUsage of job (MB)
	977184  -  ResidentSetSize of job (KB)
...
006 (8017966.796.000) 2026-06-21 05:09:21 Image size of job updated: 982944
	955  -  MemoryUsage of job (MB)
	977184  -  ResidentSetSize of job (KB)
...
006 (8017966.796.000) 2026-06-21 05:14:22 Image size of job updated: 987920
	955  -  MemoryUsage of job (MB)
	977184  -  ResidentSetSize of job (KB)
...
040 (8017966.796.000) 2026-06-21 05:16:06 Started transferring output files
...
040 (8017966.796.000) 2026-06-21 05:16:06 Finished transferring output files
...
005 (8017966.796.000) 2026-06-21 05:16:07 Job terminated.
	(1) Normal termination (return value 0)
		Usr 0 00:37:20, Sys 0 00:15:09  -  Run Remote Usage
		Usr 0 00:00:00, Sys 0 00:00:00  -  Run Local Usage
		Usr 0 00:37:20, Sys 0 00:15:09  -  Total Remote Usage
		Usr 0 00:00:00, Sys 0 00:00:00  -  Total Local Usage
	2690121  -  Run Bytes Sent By Job
	2781892600  -  Run Bytes Received By Job
	2690121  -  Total Bytes Sent By Job
	2781892600  -  Total Bytes Received By Job
	Partitionable Resources :      Usage  Request Allocated Assigned
	   Cpus                 :       1.29        1         1 
	   Disk (KB)            : 2729840    16777216  16777216 
	   GPUs                 :       0.87        1         1 "GPU-5752f850"
	   GpusMemory (MB)      :    6772                       
	   IoHeavy              :                             0 
	   Memory (MB)          :     955       16384     16384 
	   TimeExecute (s)      :    2217                       
	   TimeSlotBusy (s)     :    2282                       
...
