000 (8018100.340.000) 2026-06-21 13:37:20 Job submitted from host: <128.105.68.112:9618?addrs=128.105.68.112-9618+[2607-f388-2200-100-eaeb-d3ff-fea3-4202]-9618&alias=ap2001.chtc.wisc.edu&noUDP&sock=schedd_4071840_2329>
...
040 (8018100.340.000) 2026-06-21 16:36:39 Started transferring input files
	Transferring to host: <128.105.69.34:9618?addrs=128.105.69.34-9618+[2607-f388-2200-100-527c-6fff-fe66-ea4a]-9618&alias=mkhodakgpu4000.chtc.wisc.edu&noUDP&sock=backfill1_7_2685916_8d1f_96382>
...
040 (8018100.340.000) 2026-06-21 16:37:34 Finished transferring input files
...
001 (8018100.340.000) 2026-06-21 16:37:34 Job executing on host: <128.105.69.34:9618?addrs=128.105.69.34-9618+[2607-f388-2200-100-527c-6fff-fe66-ea4a]-9618&alias=mkhodakgpu4000.chtc.wisc.edu&noUDP&sock=startd_11796_a740>
	SlotName: backfill1_7@mkhodakgpu4000.chtc.wisc.edu
	AvailableGPUs = { GPUs_GPU_e6d43bc1 }
	CondorScratchDir = "/var/lib/condor/execute/slot1/dir_1157608/scratch"
	Cpus = 1
	Disk = 16777216
	GPUs = 1
	GPUs_GPU_e6d43bc1 = [ Id = "GPU-e6d43bc1"; Capability = 8.9; DeviceName = "NVIDIA L40S"; DeviceUuid = "e6d43bc1-19b3-7bec-a3d4-fe183aae2553"; ECCEnabled = true; NvidiaDriver = "570.195.03"; DriverVersion = 12.8; DevicePciBusId = "0000:3D:00.0"; GlobalMemoryMb = 45468; MaxSupportedVersion = 12080 ]
	IoHeavy = 0
	Memory = 16384
...
006 (8018100.340.000) 2026-06-21 16:37:37 Image size of job updated: 1128
	0  -  MemoryUsage of job (MB)
	0  -  ResidentSetSize of job (KB)
...
040 (8018100.340.000) 2026-06-21 16:37:37 Started transferring output files
...
040 (8018100.340.000) 2026-06-21 16:37:37 Finished transferring output files
...
004 (8018100.340.000) 2026-06-21 16:37:37 Job was evicted.
	(0) Job terminated and was requeued
		Usr 0 00:00:01, Sys 0 00:00:00  -  Run Remote Usage
		Usr 0 00:00:00, Sys 0 00:00:00  -  Run Local Usage
	451  -  Run Bytes Sent By Job
	2784393250  -  Run Bytes Received By Job
	(1) Normal termination (return value 2)
	The job attribute OnExitRemove expression 'NumJobCompletions > JobMaxRetries || ExitCode =?= 0' evaluated to FALSE
...
040 (8018100.340.000) 2026-06-21 16:38:52 Started transferring input files
	Transferring to host: <128.105.76.51:9618?addrs=128.105.76.51-9618+[2607-f388-2200-100-925a-8ff-fe34-15b6]-9618&alias=zliu-chtcgpu5000.chtc.wisc.edu&noUDP&sock=backfill1_1_98764_ec29_38668>
...
040 (8018100.340.000) 2026-06-21 16:39:04 Finished transferring input files
...
001 (8018100.340.000) 2026-06-21 16:39:04 Job executing on host: <128.105.76.51:9618?addrs=128.105.76.51-9618+[2607-f388-2200-100-925a-8ff-fe34-15b6]-9618&alias=zliu-chtcgpu5000.chtc.wisc.edu&noUDP&sock=startd_98388_901b>
	SlotName: backfill1_1@zliu-chtcgpu5000.chtc.wisc.edu
	AvailableGPUs = { GPUs_GPU_2289d528 }
	CondorScratchDir = "/var/lib/condor/execute/slot1/dir_3624205/scratch"
	Cpus = 1
	Disk = 16777216
	GPUs = 1
	GPUs_GPU_2289d528 = [ Id = "GPU-2289d528"; Capability = 8.9; DeviceName = "NVIDIA L40S"; DeviceUuid = "2289d528-ae79-70d4-5610-0af3bd4d62ed"; ECCEnabled = true; NvidiaDriver = "590.48.01"; DriverVersion = 13.1; DevicePciBusId = "0000:C1:00.0"; GlobalMemoryMb = 45460; MaxSupportedVersion = 13010 ]
	IoHeavy = 0
	Memory = 16384
...
040 (8018100.340.000) 2026-06-21 16:39:06 Started transferring output files
...
040 (8018100.340.000) 2026-06-21 16:39:06 Finished transferring output files
...
004 (8018100.340.000) 2026-06-21 16:39:07 Job was evicted.
	(0) Job terminated and was requeued
		Usr 0 00:00:01, Sys 0 00:00:00  -  Run Remote Usage
		Usr 0 00:00:00, Sys 0 00:00:00  -  Run Local Usage
	467  -  Run Bytes Sent By Job
	2784393250  -  Run Bytes Received By Job
	(1) Normal termination (return value 2)
	The job attribute OnExitRemove expression 'NumJobCompletions > JobMaxRetries || ExitCode =?= 0' evaluated to FALSE
...
040 (8018100.340.000) 2026-06-21 16:41:06 Started transferring input files
	Transferring to host: <128.105.68.103:9618?addrs=128.105.68.103-9618+[2607-f388-2200-100-1270-fdff-fe74-930]-9618&alias=gpu2011.chtc.wisc.edu&noUDP&sock=slot2_6_3669582_3c1f_87413>
...
040 (8018100.340.000) 2026-06-21 16:41:19 Finished transferring input files
...
001 (8018100.340.000) 2026-06-21 16:41:19 Job executing on host: <128.105.68.103:9618?addrs=128.105.68.103-9618+[2607-f388-2200-100-1270-fdff-fe74-930]-9618&alias=gpu2011.chtc.wisc.edu&noUDP&sock=startd_12054_9eaf>
	SlotName: slot2_6@gpu2011.chtc.wisc.edu
	AvailableGPUs = { GPUs_MIG_c228c0c4_74b2_548e_864a_467aab09c576 }
	CondorScratchDir = "/var/lib/condor/execute/slot2/dir_3634565/scratch"
	Cpus = 1
	Disk = 16777216
	GPUs = 1
	GPUs_MIG_c228c0c4_74b2_548e_864a_467aab09c576 = [ Id = "MIG-c228c0c4-74b2-548e-864a-467aab09c576"; Capability = 8.0; DeviceName = "NVIDIA A100-SXM4-80GB MIG 3g.40gb"; DeviceUuid = "MIG-c228c0c4-74b2-548e-864a-467aab09c576"; ECCEnabled = true; NvidiaDriver = "570.195.03"; DriverVersion = 12.8; DevicePciBusId = "0000:C1:00.0"; GlobalMemoryMb = 40100; MaxSupportedVersion = 12080 ]
	IoHeavy = 0
	Memory = 16384
...
040 (8018100.340.000) 2026-06-21 16:41:23 Started transferring output files
...
040 (8018100.340.000) 2026-06-21 16:41:23 Finished transferring output files
...
004 (8018100.340.000) 2026-06-21 16:41:24 Job was evicted.
	(0) Job terminated and was requeued
		Usr 0 00:00:02, Sys 0 00:00:00  -  Run Remote Usage
		Usr 0 00:00:00, Sys 0 00:00:00  -  Run Local Usage
	444  -  Run Bytes Sent By Job
	2784393250  -  Run Bytes Received By Job
	(1) Normal termination (return value 2)
	The job attribute OnExitRemove expression 'NumJobCompletions > JobMaxRetries || ExitCode =?= 0' evaluated to FALSE
...
040 (8018100.340.000) 2026-06-21 16:42:17 Started transferring input files
	Transferring to host: <128.105.76.47:9618?addrs=128.105.76.47-9618+[2607-f388-2200-100-527c-6fff-fe82-826a]-9618&alias=gpu4006.chtc.wisc.edu&noUDP&sock=slot2_2_2618986_4fbd_88677>
...
040 (8018100.340.000) 2026-06-21 16:42:25 Finished transferring input files
...
001 (8018100.340.000) 2026-06-21 16:42:25 Job executing on host: <128.105.76.47:9618?addrs=128.105.76.47-9618+[2607-f388-2200-100-527c-6fff-fe82-826a]-9618&alias=gpu4006.chtc.wisc.edu&noUDP&sock=startd_11220_90b3>
	SlotName: slot2_2@gpu4006.chtc.wisc.edu
	AvailableGPUs = { GPUs_GPU_5f4b1ce3 }
	CondorScratchDir = "/var/lib/condor/execute/slot2/dir_2991699/scratch"
	Cpus = 1
	Disk = 16777216
	GPUs = 1
	GPUs_GPU_5f4b1ce3 = [ Id = "GPU-5f4b1ce3"; Capability = 8.9; DeviceName = "NVIDIA L40S"; DeviceUuid = "5f4b1ce3-4b15-b946-0540-e2f21aaa5fe7"; ECCEnabled = true; NvidiaDriver = "590.48.01"; DriverVersion = 13.1; DevicePciBusId = "0000:21:00.0"; GlobalMemoryMb = 45460; MaxSupportedVersion = 13010 ]
	IoHeavy = 0
	Memory = 16384
...
040 (8018100.340.000) 2026-06-21 16:42:27 Started transferring output files
...
040 (8018100.340.000) 2026-06-21 16:42:27 Finished transferring output files
...
004 (8018100.340.000) 2026-06-21 16:42:28 Job was evicted.
	(0) Job terminated and was requeued
		Usr 0 00:00:01, Sys 0 00:00:00  -  Run Remote Usage
		Usr 0 00:00:00, Sys 0 00:00:00  -  Run Local Usage
	458  -  Run Bytes Sent By Job
	2784393250  -  Run Bytes Received By Job
	(1) Normal termination (return value 2)
	The job attribute OnExitRemove expression 'NumJobCompletions > JobMaxRetries || ExitCode =?= 0' evaluated to FALSE
...
040 (8018100.340.000) 2026-06-21 16:42:35 Started transferring input files
	Transferring to host: <141.142.150.74:24121?CCBID=128.105.82.148:9618%3faddrs%3d128.105.82.148-9618+[2607-f388-2200-9d-7ccb-bc08-2489-768a]-9618%26alias%3dospool-ccb.osg.chtc.io%26noUDP%26sock%3dcollector5#4332873%2067.58.49.91:9618%3faddrs%3d67.58.49.91-9618+[fdf0-17b3-c3ec-1f79-10-0-e-b69d]-9618%26alias%3dccb-2.ospool.osg-htc.org%26noUDP%26sock%3dcollector9#4333092&PrivNet=rails04&addrs=141.142.150.74-24121+[fde1-53ba-e9a0-de11-2dba-91e3-dd48-5c8a]-24121&alias=rails04&noUDP>
...
040 (8018100.340.000) 2026-06-21 16:42:54 Finished transferring input files
...
021 (8018100.340.000) 2026-06-21 16:42:55 Message from starter on slot1_1@glidein_1253803_166598726@rails04:
	PREPARE_JOB (prepare-hook) succeeded (reported status 000): Using Singularity image openfe_1.11.1.sif
...
001 (8018100.340.000) 2026-06-21 16:42:55 Job executing on host: <141.142.150.74:29371?CCBID=128.105.82.148:9618%3faddrs%3d128.105.82.148-9618+[2607-f388-2200-9d-7ccb-bc08-2489-768a]-9618%26alias%3dospool-ccb.osg.chtc.io%26noUDP%26sock%3dcollector5#4328832%2067.58.49.91:9618%3faddrs%3d67.58.49.91-9618+[fdf0-17b3-c3ec-1f79-10-0-e-b69d]-9618%26alias%3dccb-2.ospool.osg-htc.org%26noUDP%26sock%3dcollector1#4324868&PrivNet=rails04&addrs=141.142.150.74-29371+[fde1-53ba-e9a0-de11-2dba-91e3-dd48-5c8a]-29371&alias=rails04&noUDP>
	SlotName: slot1_1@glidein_1253803_166598726@rails04
	AvailableGPUs = { GPUs_GPU_6af5ac5f }
	CondorScratchDir = "/projects/bcxl/svcosguser/glide_jHGWuz/execute/dir_1670192/scratch"
	Cpus = 1
	Disk = 16777216
	GPUs = 1
	GPUs_GPU_6af5ac5f = [ Id = "GPU-6af5ac5f"; ClockMhz = 1980.0; Capability = 9.0; CoresPerCU = 128; DeviceName = "NVIDIA H100 80GB HBM3"; DeviceUuid = "6af5ac5f-07c9-30f5-eb4e-f067cf3a909a"; ECCEnabled = true; ComputeUnits = 132; NvidiaDriver = "590.48.01"; DriverVersion = 13.1; DevicePciBusId = "0000:19:00.0"; GlobalMemoryMb = 81081; MaxSupportedVersion = 13010 ]
	Memory = 16384
...
006 (8018100.340.000) 2026-06-21 16:43:04 Image size of job updated: 4049984
	130  -  MemoryUsage of job (MB)
	132968  -  ResidentSetSize of job (KB)
...
040 (8018100.340.000) 2026-06-21 16:43:04 Started transferring output files
...
040 (8018100.340.000) 2026-06-21 16:43:04 Finished transferring output files
...
004 (8018100.340.000) 2026-06-21 16:43:05 Job was evicted.
	(0) Job terminated and was requeued
		Usr 0 00:00:01, Sys 0 00:00:00  -  Run Remote Usage
		Usr 0 00:00:00, Sys 0 00:00:00  -  Run Local Usage
	463  -  Run Bytes Sent By Job
	2784393250  -  Run Bytes Received By Job
	(1) Normal termination (return value 2)
	The job attribute OnExitRemove expression 'NumJobCompletions > JobMaxRetries || ExitCode =?= 0' evaluated to FALSE
...
040 (8018100.340.000) 2026-06-21 16:43:37 Started transferring input files
	Transferring to host: <128.105.68.131:9618?addrs=128.105.68.131-9618+[2607-f388-2200-100-7ec2-55ff-fe99-a4a2]-9618&alias=xhuanggpu4001.chtc.wisc.edu&noUDP&sock=backfill1_4_770790_08a9_68128>
...
040 (8018100.340.000) 2026-06-21 16:43:50 Finished transferring input files
...
001 (8018100.340.000) 2026-06-21 16:43:50 Job executing on host: <128.105.68.131:9618?addrs=128.105.68.131-9618+[2607-f388-2200-100-7ec2-55ff-fe99-a4a2]-9618&alias=xhuanggpu4001.chtc.wisc.edu&noUDP&sock=startd_10764_c983>
	SlotName: backfill1_4@xhuanggpu4001.chtc.wisc.edu
	AvailableGPUs = { GPUs_GPU_d23dedac }
	CondorScratchDir = "/var/lib/condor/execute/slot1/dir_3296723/scratch"
	Cpus = 1
	Disk = 16777216
	GPUs = 1
	GPUs_GPU_d23dedac = [ Id = "GPU-d23dedac"; Capability = 8.9; DeviceName = "NVIDIA L40"; DeviceUuid = "d23dedac-dfdd-11b2-b714-b73a351baf37"; ECCEnabled = true; NvidiaDriver = "570.195.03"; DriverVersion = 12.8; DevicePciBusId = "0000:D5:00.0"; GlobalMemoryMb = 45468; MaxSupportedVersion = 12080 ]
	IoHeavy = 0
	Memory = 16384
...
040 (8018100.340.000) 2026-06-21 16:43:52 Started transferring output files
...
040 (8018100.340.000) 2026-06-21 16:43:52 Finished transferring output files
...
004 (8018100.340.000) 2026-06-21 16:43:53 Job was evicted.
	(0) Job terminated and was requeued
		Usr 0 00:00:02, Sys 0 00:00:00  -  Run Remote Usage
		Usr 0 00:00:00, Sys 0 00:00:00  -  Run Local Usage
	450  -  Run Bytes Sent By Job
	2784393250  -  Run Bytes Received By Job
	(1) Normal termination (return value 2)
	The job attribute OnExitRemove expression 'NumJobCompletions > JobMaxRetries || ExitCode =?= 0' evaluated to FALSE
...
040 (8018100.340.000) 2026-06-21 16:44:50 Started transferring input files
	Transferring to host: <128.105.68.168:33767?CCBID=128.105.82.148:9618%3faddrs%3d128.105.82.148-9618+[2607-f388-2200-9d-7ccb-bc08-2489-768a]-9618%26alias%3dospool-ccb.osg.chtc.io%26noUDP%26sock%3dcollector5#4333049%2067.58.49.91:9618%3faddrs%3d67.58.49.91-9618+[fdf0-17b3-c3ec-1f79-10-0-e-b69d]-9618%26alias%3dccb-2.ospool.osg-htc.org%26noUDP%26sock%3dcollector5#4331677&PrivNet=gpulab2003.chtc.wisc.edu&addrs=128.105.68.168-33767+[2607-f388-2200-100-b62e-99ff-feb7-2dcb]-33767&alias=gpulab2003.chtc.wisc.edu&noUDP>
...
040 (8018100.340.000) 2026-06-21 16:45:06 Finished transferring input files
...
021 (8018100.340.000) 2026-06-21 16:45:07 Message from starter on slot1_1@glidein_42042_400663250@gpulab2003.chtc.wisc.edu:
	PREPARE_JOB (prepare-hook) succeeded (reported status 000): Using Singularity image openfe_1.11.1.sif
...
001 (8018100.340.000) 2026-06-21 16:45:07 Job executing on host: <128.105.68.168:38799?CCBID=128.105.82.148:9618%3faddrs%3d128.105.82.148-9618+[2607-f388-2200-9d-7ccb-bc08-2489-768a]-9618%26alias%3dospool-ccb.osg.chtc.io%26noUDP%26sock%3dcollector1#4179769%2067.58.49.91:9618%3faddrs%3d67.58.49.91-9618+[fdf0-17b3-c3ec-1f79-10-0-e-b69d]-9618%26alias%3dccb-2.ospool.osg-htc.org%26noUDP%26sock%3dcollector9#4177312&PrivNet=gpulab2003.chtc.wisc.edu&addrs=128.105.68.168-38799+[2607-f388-2200-100-b62e-99ff-feb7-2dcb]-38799&alias=gpulab2003.chtc.wisc.edu&noUDP>
	SlotName: slot1_1@glidein_42042_400663250@gpulab2003.chtc.wisc.edu
	AvailableGPUs = { GPUs_GPU_df09b4ae }
	CondorScratchDir = "/var/lib/condor/execute/slot1/dir_42040/scratch/glide_5fkg4a/execute/dir_1538243/scratch"
	Cpus = 1
	Disk = 16777216
	GPUs = 1
	GPUs_GPU_df09b4ae = [ Id = "GPU-df09b4ae"; ClockMhz = 1545.0; Capability = 7.5; CoresPerCU = 64; DeviceName = "NVIDIA GeForce RTX 2080 Ti"; DeviceUuid = "df09b4ae-3796-2b26-7d7a-4bb88110b63f"; ECCEnabled = false; ComputeUnits = 68; NvidiaDriver = "570.195.03"; DriverVersion = 12.8; DevicePciBusId = "0000:DB:00.0"; GlobalMemoryMb = 10823; MaxSupportedVersion = 12080 ]
	Memory = 16384
...
006 (8018100.340.000) 2026-06-21 16:45:11 Image size of job updated: 4508400
	152  -  MemoryUsage of job (MB)
	155044  -  ResidentSetSize of job (KB)
...
040 (8018100.340.000) 2026-06-21 16:45:11 Started transferring output files
...
040 (8018100.340.000) 2026-06-21 16:45:11 Finished transferring output files
...
004 (8018100.340.000) 2026-06-21 16:45:12 Job was evicted.
	(0) Job terminated and was requeued
		Usr 0 00:00:00, Sys 0 00:00:00  -  Run Remote Usage
		Usr 0 00:00:00, Sys 0 00:00:00  -  Run Local Usage
	472  -  Run Bytes Sent By Job
	2784393250  -  Run Bytes Received By Job
	(1) Normal termination (return value 2)
	The job attribute OnExitRemove expression 'NumJobCompletions > JobMaxRetries || ExitCode =?= 0' evaluated to FALSE
...
040 (8018100.340.000) 2026-06-21 16:46:01 Started transferring input files
	Transferring to host: <128.105.68.102:9618?addrs=128.105.68.102-9618+[2607-f388-2200-100-1270-fdff-fe74-920]-9618&alias=gpu2010.chtc.wisc.edu&noUDP&sock=slot2_1_2570277_6a21_73477>
...
040 (8018100.340.000) 2026-06-21 16:46:14 Finished transferring input files
...
001 (8018100.340.000) 2026-06-21 16:46:14 Job executing on host: <128.105.68.102:9618?addrs=128.105.68.102-9618+[2607-f388-2200-100-1270-fdff-fe74-920]-9618&alias=gpu2010.chtc.wisc.edu&noUDP&sock=startd_12400_f274>
	SlotName: slot2_1@gpu2010.chtc.wisc.edu
	AvailableGPUs = { GPUs_GPU_ebb6cfb4 }
	CondorScratchDir = "/var/lib/condor/execute/slot2/dir_3052690/scratch"
	Cpus = 1
	Disk = 16777216
	GPUs = 1
	GPUs_GPU_ebb6cfb4 = [ Id = "GPU-ebb6cfb4"; Capability = 8.0; DeviceName = "NVIDIA A100-SXM4-80GB"; DeviceUuid = "ebb6cfb4-dd3e-9883-e9ad-6ddb1e1276f9"; ECCEnabled = true; NvidiaDriver = "570.195.03"; DriverVersion = 12.8; DevicePciBusId = "0000:01:00.0"; GlobalMemoryMb = 81154; MaxSupportedVersion = 12080 ]
	IoHeavy = 0
	Memory = 16384
...
040 (8018100.340.000) 2026-06-21 16:46:18 Started transferring output files
...
040 (8018100.340.000) 2026-06-21 16:46:18 Finished transferring output files
...
004 (8018100.340.000) 2026-06-21 16:46:18 Job was evicted.
	(0) Job terminated and was requeued
		Usr 0 00:00:02, Sys 0 00:00:01  -  Run Remote Usage
		Usr 0 00:00:00, Sys 0 00:00:00  -  Run Local Usage
	444  -  Run Bytes Sent By Job
	2784393250  -  Run Bytes Received By Job
	(1) Normal termination (return value 2)
	The job attribute OnExitRemove expression 'NumJobCompletions > JobMaxRetries || ExitCode =?= 0' evaluated to FALSE
...
040 (8018100.340.000) 2026-06-21 16:46:34 Started transferring input files
	Transferring to host: <10.226.104.219:37615?CCBID=128.105.82.148:9618%3faddrs%3d128.105.82.148-9618+[2607-f388-2200-9d-7ccb-bc08-2489-768a]-9618%26alias%3dospool-ccb.osg.chtc.io%26noUDP%26sock%3dcollector5#4333207%2067.58.49.91:9618%3faddrs%3d67.58.49.91-9618+[fdf0-17b3-c3ec-1f79-10-0-e-b69d]-9618%26alias%3dccb-2.ospool.osg-htc.org%26noUDP%26sock%3dcollector1#4329335&PrivNet=gpu019.rci.montana.edu&addrs=10.226.104.219-37615&alias=gpu019.rci.montana.edu&noUDP>
...
040 (8018100.340.000) 2026-06-21 16:48:05 Finished transferring input files
...
021 (8018100.340.000) 2026-06-21 16:48:05 Message from starter on slot1_1@glidein_44344_686287875@gpu019.rci.montana.edu:
	PREPARE_JOB (prepare-hook) succeeded (reported status 000): Using Singularity image openfe_1.11.1.sif
...
001 (8018100.340.000) 2026-06-21 16:48:05 Job executing on host: <10.226.104.219:46635?CCBID=128.105.82.148:9618%3faddrs%3d128.105.82.148-9618+[2607-f388-2200-9d-7ccb-bc08-2489-768a]-9618%26alias%3dospool-ccb.osg.chtc.io%26noUDP%26sock%3dcollector5#4263111%2067.58.49.91:9618%3faddrs%3d67.58.49.91-9618+[fdf0-17b3-c3ec-1f79-10-0-e-b69d]-9618%26alias%3dccb-2.ospool.osg-htc.org%26noUDP%26sock%3dcollector9#4263014&PrivNet=gpu019.rci.montana.edu&addrs=10.226.104.219-46635&alias=gpu019.rci.montana.edu&noUDP>
	SlotName: slot1_1@glidein_44344_686287875@gpu019.rci.montana.edu
	AvailableGPUs = { GPUs_GPU_ec62e759 }
	CondorScratchDir = "/tmp/jobs/4093251/glide_tNJTON/execute/dir_3087859/scratch"
	Cpus = 1
	Disk = 16777216
	GPUs = 1
	GPUs_GPU_ec62e759 = [ Id = "GPU-ec62e759"; ClockMhz = 1980.0; Capability = 9.0; CoresPerCU = 128; DeviceName = "NVIDIA H100 80GB HBM3"; DeviceUuid = "ec62e759-2dcd-9df3-4a0c-3116e70e7956"; ECCEnabled = true; ComputeUnits = 132; NvidiaDriver = "595.71.05"; DriverVersion = 13.2; DevicePciBusId = "0000:CB:00.0"; GlobalMemoryMb = 81081; MaxSupportedVersion = 13020 ]
	Memory = 16384
...
040 (8018100.340.000) 2026-06-21 16:48:09 Started transferring output files
...
040 (8018100.340.000) 2026-06-21 16:48:09 Finished transferring output files
...
004 (8018100.340.000) 2026-06-21 16:48:10 Job was evicted.
	(0) Job terminated and was requeued
		Usr 0 00:00:00, Sys 0 00:00:00  -  Run Remote Usage
		Usr 0 00:00:00, Sys 0 00:00:00  -  Run Local Usage
	462  -  Run Bytes Sent By Job
	2784393250  -  Run Bytes Received By Job
	(1) Normal termination (return value 2)
	The job attribute OnExitRemove expression 'NumJobCompletions > JobMaxRetries || ExitCode =?= 0' evaluated to FALSE
...
040 (8018100.340.000) 2026-06-21 16:48:25 Started transferring input files
	Transferring to host: <128.105.68.103:9618?addrs=128.105.68.103-9618+[2607-f388-2200-100-1270-fdff-fe74-930]-9618&alias=gpu2011.chtc.wisc.edu&noUDP&sock=slot2_1_3669582_3c1f_87456>
...
040 (8018100.340.000) 2026-06-21 16:48:45 Finished transferring input files
...
001 (8018100.340.000) 2026-06-21 16:48:45 Job executing on host: <128.105.68.103:9618?addrs=128.105.68.103-9618+[2607-f388-2200-100-1270-fdff-fe74-930]-9618&alias=gpu2011.chtc.wisc.edu&noUDP&sock=startd_12054_9eaf>
	SlotName: slot2_1@gpu2011.chtc.wisc.edu
	AvailableGPUs = { GPUs_MIG_00b83ffb_e443_56b0_81ae_fca0e86cdba2 }
	CondorScratchDir = "/var/lib/condor/execute/slot2/dir_3656180/scratch"
	Cpus = 1
	Disk = 16777216
	GPUs = 1
	GPUs_MIG_00b83ffb_e443_56b0_81ae_fca0e86cdba2 = [ Id = "MIG-00b83ffb-e443-56b0-81ae-fca0e86cdba2"; Capability = 8.0; DeviceName = "NVIDIA A100-SXM4-80GB MIG 3g.40gb"; DeviceUuid = "MIG-00b83ffb-e443-56b0-81ae-fca0e86cdba2"; ECCEnabled = true; NvidiaDriver = "570.195.03"; DriverVersion = 12.8; DevicePciBusId = "0000:81:00.0"; GlobalMemoryMb = 40100; MaxSupportedVersion = 12080 ]
	IoHeavy = 0
	Memory = 16384
...
040 (8018100.340.000) 2026-06-21 16:48:49 Started transferring output files
...
040 (8018100.340.000) 2026-06-21 16:48:49 Finished transferring output files
...
004 (8018100.340.000) 2026-06-21 16:48:49 Job was evicted.
	(0) Job terminated and was requeued
		Usr 0 00:00:02, Sys 0 00:00:00  -  Run Remote Usage
		Usr 0 00:00:00, Sys 0 00:00:00  -  Run Local Usage
	444  -  Run Bytes Sent By Job
	2784393250  -  Run Bytes Received By Job
	(1) Normal termination (return value 2)
	The job attribute OnExitRemove expression 'NumJobCompletions > JobMaxRetries || ExitCode =?= 0' evaluated to FALSE
...
040 (8018100.340.000) 2026-06-21 16:48:52 Started transferring input files
	Transferring to host: <128.105.76.47:9618?addrs=128.105.76.47-9618+[2607-f388-2200-100-527c-6fff-fe82-826a]-9618&alias=gpu4006.chtc.wisc.edu&noUDP&sock=slot2_6_2618986_4fbd_88753>
...
040 (8018100.340.000) 2026-06-21 16:49:00 Finished transferring input files
...
001 (8018100.340.000) 2026-06-21 16:49:00 Job executing on host: <128.105.76.47:9618?addrs=128.105.76.47-9618+[2607-f388-2200-100-527c-6fff-fe82-826a]-9618&alias=gpu4006.chtc.wisc.edu&noUDP&sock=startd_11220_90b3>
	SlotName: slot2_6@gpu4006.chtc.wisc.edu
	AvailableGPUs = { GPUs_GPU_a7db8880 }
	CondorScratchDir = "/var/lib/condor/execute/slot2/dir_3021622/scratch"
	Cpus = 1
	Disk = 16777216
	GPUs = 1
	GPUs_GPU_a7db8880 = [ Id = "GPU-a7db8880"; Capability = 8.9; DeviceName = "NVIDIA L40S"; DeviceUuid = "a7db8880-55ca-0490-a7d4-abafc6737be6"; ECCEnabled = true; NvidiaDriver = "590.48.01"; DriverVersion = 13.1; DevicePciBusId = "0000:A1:00.0"; GlobalMemoryMb = 45460; MaxSupportedVersion = 13010 ]
	IoHeavy = 0
	Memory = 16384
...
040 (8018100.340.000) 2026-06-21 16:49:02 Started transferring output files
...
040 (8018100.340.000) 2026-06-21 16:49:02 Finished transferring output files
...
005 (8018100.340.000) 2026-06-21 16:49:03 Job terminated.
	(1) Normal termination (return value 2)
		Usr 0 00:00:01, Sys 0 00:00:00  -  Run Remote Usage
		Usr 0 00:00:00, Sys 0 00:00:00  -  Run Local Usage
		Usr 0 00:00:13, Sys 0 00:00:01  -  Total Remote Usage
		Usr 0 00:00:00, Sys 0 00:00:00  -  Total Local Usage
	458  -  Run Bytes Sent By Job
	2784393250  -  Run Bytes Received By Job
	5013  -  Total Bytes Sent By Job
	30628325750  -  Total Bytes Received By Job
	Partitionable Resources :    Usage  Request Allocated Assigned
	   Cpus                 :        0        1         1 
	   Disk (KB)            :  2719260 16777216  16777216 
	   GPUs                 :                 1         1 "GPU-a7db8880"
	   IoHeavy              :                           0 
	   Memory (MB)          :      171    16384     16384 
	   TimeExecute (s)      :        2                    
	   TimeSlotBusy (s)     :       11                    
...
