000 (8017966.916.000) 2026-06-20 22:07:54 Job submitted from host: <128.105.68.112:9618?addrs=128.105.68.112-9618+[2607-f388-2200-100-eaeb-d3ff-fea3-4202]-9618&alias=ap2001.chtc.wisc.edu&noUDP&sock=schedd_4071840_2329>
...
040 (8017966.916.000) 2026-06-21 05:33:25 Started transferring input files
	Transferring to host: <128.104.100.118:9618?addrs=128.104.100.118-9618+[2607-f388-107c-501-26d-aeff-fe1f-6b20]-9618&alias=jcaicedogpu0004.chtc.wisc.edu&noUDP&sock=backfill1_7_4107613_b354_99837>
...
040 (8017966.916.000) 2026-06-21 05:33:58 Finished transferring input files
...
001 (8017966.916.000) 2026-06-21 05:33:58 Job executing on host: <128.104.100.118:9618?addrs=128.104.100.118-9618+[2607-f388-107c-501-26d-aeff-fe1f-6b20]-9618&alias=jcaicedogpu0004.chtc.wisc.edu&noUDP&sock=startd_10858_436a>
	SlotName: backfill1_7@jcaicedogpu0004.chtc.wisc.edu
	AvailableGPUs = { GPUs_GPU_4375b50c }
	CondorScratchDir = "/var/lib/condor/execute/slot1/dir_779346/scratch"
	Cpus = 1
	Disk = 16777216
	GPUs = 1
	GPUs_GPU_4375b50c = [ Id = "GPU-4375b50c"; Capability = 8.9; DeviceName = "NVIDIA L40S"; DeviceUuid = "4375b50c-f20d-8110-d328-b18bf470f29c"; ECCEnabled = true; NvidiaDriver = "570.195.03"; DriverVersion = 12.8; DevicePciBusId = "0000:C1:00.0"; GlobalMemoryMb = 45468; MaxSupportedVersion = 12080 ]
	IoHeavy = 0
	Memory = 16384
...
006 (8017966.916.000) 2026-06-21 05:34:07 Image size of job updated: 455376
	445  -  MemoryUsage of job (MB)
	455376  -  ResidentSetSize of job (KB)
...
006 (8017966.916.000) 2026-06-21 05:39:07 Image size of job updated: 4092088
	3825  -  MemoryUsage of job (MB)
	3916548  -  ResidentSetSize of job (KB)
...
006 (8017966.916.000) 2026-06-21 05:44:08 Image size of job updated: 5008128
	4579  -  MemoryUsage of job (MB)
	4688684  -  ResidentSetSize of job (KB)
...
006 (8017966.916.000) 2026-06-21 05:49:08 Image size of job updated: 5479400
	5351  -  MemoryUsage of job (MB)
	5479400  -  ResidentSetSize of job (KB)
...
006 (8017966.916.000) 2026-06-21 05:54:08 Image size of job updated: 5598904
	5351  -  MemoryUsage of job (MB)
	5479400  -  ResidentSetSize of job (KB)
...
006 (8017966.916.000) 2026-06-21 05:57:54 Image size of job updated: 6245072
	5351  -  MemoryUsage of job (MB)
	5479400  -  ResidentSetSize of job (KB)
...
040 (8017966.916.000) 2026-06-21 05:57:54 Started transferring output files
...
040 (8017966.916.000) 2026-06-21 05:57:56 Finished transferring output files
...
004 (8017966.916.000) 2026-06-21 05:57:56 Job was evicted.
	(0) Job terminated and was requeued
		Usr 0 00:26:23, Sys 0 00:01:26  -  Run Remote Usage
		Usr 0 00:00:00, Sys 0 00:00:00  -  Run Local Usage
	474661709  -  Run Bytes Sent By Job
	2784394946  -  Run Bytes Received By Job
	(1) Normal termination (return value 1)
	The job attribute OnExitRemove expression 'NumJobCompletions > JobMaxRetries || ExitCode =?= 0' evaluated to FALSE
...
040 (8017966.916.000) 2026-06-21 05:58:02 Started transferring input files
	Transferring to host: <128.105.68.23:9618?addrs=128.105.68.23-9618+[2607-f388-2200-100-3eec-efff-fe0c-50a0]-9618&alias=gpulab2004.chtc.wisc.edu&noUDP&sock=slot2_1_2216700_6e96_76643>
...
040 (8017966.916.000) 2026-06-21 05:58:19 Finished transferring input files
...
001 (8017966.916.000) 2026-06-21 05:58:19 Job executing on host: <128.105.68.23:9618?addrs=128.105.68.23-9618+[2607-f388-2200-100-3eec-efff-fe0c-50a0]-9618&alias=gpulab2004.chtc.wisc.edu&noUDP&sock=startd_10770_e715>
	SlotName: slot2_1@gpulab2004.chtc.wisc.edu
	AvailableGPUs = { GPUs_GPU_124d06a7 }
	CondorScratchDir = "/var/lib/condor/execute/slot2/dir_2336407/scratch"
	Cpus = 1
	Disk = 16777216
	GPUs = 1
	GPUs_GPU_124d06a7 = [ Id = "GPU-124d06a7"; Capability = 8.0; DeviceName = "NVIDIA A100-SXM4-40GB"; DeviceUuid = "124d06a7-6642-3962-9afa-c86c31b9a7e6"; ECCEnabled = true; NvidiaDriver = "570.195.03"; DriverVersion = 12.8; DevicePciBusId = "0000:01:00.0"; GlobalMemoryMb = 40442; MaxSupportedVersion = 12080 ]
	IoHeavy = 0
	Memory = 16384
...
040 (8017966.916.000) 2026-06-21 05:58:23 Started transferring output files
...
040 (8017966.916.000) 2026-06-21 05:58:24 Finished transferring output files
...
004 (8017966.916.000) 2026-06-21 05:58:25 Job was evicted.
	(0) Job terminated and was requeued
		Usr 0 00:00:02, Sys 0 00:00:00  -  Run Remote Usage
		Usr 0 00:00:00, Sys 0 00:00:00  -  Run Local Usage
	474641787  -  Run Bytes Sent By Job
	3259036240  -  Run Bytes Received By Job
	(1) Normal termination (return value 2)
	The job attribute OnExitRemove expression 'NumJobCompletions > JobMaxRetries || ExitCode =?= 0' evaluated to FALSE
...
040 (8017966.916.000) 2026-06-21 05:58:30 Started transferring input files
	Transferring to host: <128.105.68.117:9618?addrs=128.105.68.117-9618+[2607-f388-2200-100-7ec2-55ff-fe9a-b4fa]-9618&alias=gpu4000.chtc.wisc.edu&noUDP&sock=slot2_10_1956795_d8ee_83100>
...
040 (8017966.916.000) 2026-06-21 05:58:43 Finished transferring input files
...
001 (8017966.916.000) 2026-06-21 05:58:43 Job executing on host: <128.105.68.117:9618?addrs=128.105.68.117-9618+[2607-f388-2200-100-7ec2-55ff-fe9a-b4fa]-9618&alias=gpu4000.chtc.wisc.edu&noUDP&sock=startd_674379_7ae3>
	SlotName: slot2_10@gpu4000.chtc.wisc.edu
	AvailableGPUs = { GPUs_GPU_884cf7fc }
	CondorScratchDir = "/var/lib/condor/execute/slot2/dir_173431/scratch"
	Cpus = 1
	Disk = 16777216
	GPUs = 1
	GPUs_GPU_884cf7fc = [ Id = "GPU-884cf7fc"; Capability = 8.9; DeviceName = "NVIDIA L40"; DeviceUuid = "884cf7fc-eee7-e5a3-b686-b605e807854a"; ECCEnabled = true; NvidiaDriver = "570.195.03"; DriverVersion = 12.8; DevicePciBusId = "0000:D6:00.0"; GlobalMemoryMb = 45468; MaxSupportedVersion = 12080 ]
	IoHeavy = 0
	Memory = 16384
...
040 (8017966.916.000) 2026-06-21 05:58:47 Started transferring output files
...
040 (8017966.916.000) 2026-06-21 05:58:48 Finished transferring output files
...
004 (8017966.916.000) 2026-06-21 05:58:48 Job was evicted.
	(0) Job terminated and was requeued
		Usr 0 00:00:02, Sys 0 00:00:00  -  Run Remote Usage
		Usr 0 00:00:00, Sys 0 00:00:00  -  Run Local Usage
	474641784  -  Run Bytes Sent By Job
	3259036240  -  Run Bytes Received By Job
	(1) Normal termination (return value 2)
	The job attribute OnExitRemove expression 'NumJobCompletions > JobMaxRetries || ExitCode =?= 0' evaluated to FALSE
...
040 (8017966.916.000) 2026-06-21 05:58:56 Started transferring input files
	Transferring to host: <128.105.69.34:9618?addrs=128.105.69.34-9618+[2607-f388-2200-100-527c-6fff-fe66-ea4a]-9618&alias=mkhodakgpu4000.chtc.wisc.edu&noUDP&sock=backfill1_1_2685916_8d1f_95200>
...
040 (8017966.916.000) 2026-06-21 05:59:09 Finished transferring input files
...
001 (8017966.916.000) 2026-06-21 05:59:09 Job executing on host: <128.105.69.34:9618?addrs=128.105.69.34-9618+[2607-f388-2200-100-527c-6fff-fe66-ea4a]-9618&alias=mkhodakgpu4000.chtc.wisc.edu&noUDP&sock=startd_11796_a740>
	SlotName: backfill1_1@mkhodakgpu4000.chtc.wisc.edu
	AvailableGPUs = { GPUs_GPU_c7d03fd0 }
	CondorScratchDir = "/var/lib/condor/execute/slot1/dir_901040/scratch"
	Cpus = 1
	Disk = 16777216
	GPUs = 1
	GPUs_GPU_c7d03fd0 = [ Id = "GPU-c7d03fd0"; Capability = 8.9; DeviceName = "NVIDIA L40S"; DeviceUuid = "c7d03fd0-754e-9df9-8e35-2c63a7b5df74"; ECCEnabled = true; NvidiaDriver = "570.195.03"; DriverVersion = 12.8; DevicePciBusId = "0000:E1:00.0"; GlobalMemoryMb = 45468; MaxSupportedVersion = 12080 ]
	IoHeavy = 0
	Memory = 16384
...
040 (8017966.916.000) 2026-06-21 05:59:12 Started transferring output files
...
040 (8017966.916.000) 2026-06-21 05:59:13 Finished transferring output files
...
004 (8017966.916.000) 2026-06-21 05:59:13 Job was evicted.
	(0) Job terminated and was requeued
		Usr 0 00:00:01, Sys 0 00:00:00  -  Run Remote Usage
		Usr 0 00:00:00, Sys 0 00:00:00  -  Run Local Usage
	474641791  -  Run Bytes Sent By Job
	3259036240  -  Run Bytes Received By Job
	(1) Normal termination (return value 2)
	The job attribute OnExitRemove expression 'NumJobCompletions > JobMaxRetries || ExitCode =?= 0' evaluated to FALSE
...
040 (8017966.916.000) 2026-06-21 05:59:29 Started transferring input files
	Transferring to host: <128.105.69.3:9618?addrs=128.105.69.3-9618+[2607-f388-2200-100-7ec2-55ff-fe46-28f2]-9618&alias=gpu4002.chtc.wisc.edu&noUDP&sock=slot1_5_12744_0cff_4666>
...
040 (8017966.916.000) 2026-06-21 05:59:43 Finished transferring input files
...
001 (8017966.916.000) 2026-06-21 05:59:43 Job executing on host: <128.105.69.3:9618?addrs=128.105.69.3-9618+[2607-f388-2200-100-7ec2-55ff-fe46-28f2]-9618&alias=gpu4002.chtc.wisc.edu&noUDP&sock=startd_11312_ab69>
	SlotName: slot1_5@gpu4002.chtc.wisc.edu
	AvailableGPUs = { GPUs_GPU_24660f1c }
	CondorScratchDir = "/var/lib/condor/execute/slot1/dir_3229973/scratch"
	Cpus = 1
	Disk = 16777216
	GPUs = 1
	GPUs_GPU_24660f1c = [ Id = "GPU-24660f1c"; Capability = 8.9; DeviceName = "NVIDIA L40"; DeviceUuid = "24660f1c-9665-dc92-a0c9-04252e1a8138"; ECCEnabled = true; NvidiaDriver = "570.195.03"; DriverVersion = 12.8; DevicePciBusId = "0000:CE:00.0"; GlobalMemoryMb = 45468; MaxSupportedVersion = 12080 ]
	IoHeavy = 0
	Memory = 16384
...
040 (8017966.916.000) 2026-06-21 05:59:46 Started transferring output files
...
040 (8017966.916.000) 2026-06-21 05:59:47 Finished transferring output files
...
004 (8017966.916.000) 2026-06-21 05:59:48 Job was evicted.
	(0) Job terminated and was requeued
		Usr 0 00:00:02, Sys 0 00:00:00  -  Run Remote Usage
		Usr 0 00:00:00, Sys 0 00:00:00  -  Run Local Usage
	474641774  -  Run Bytes Sent By Job
	3259036240  -  Run Bytes Received By Job
	(1) Normal termination (return value 2)
	The job attribute OnExitRemove expression 'NumJobCompletions > JobMaxRetries || ExitCode =?= 0' evaluated to FALSE
...
040 (8017966.916.000) 2026-06-21 05:59:52 Started transferring input files
	Transferring to host: <128.105.68.117:9618?addrs=128.105.68.117-9618+[2607-f388-2200-100-7ec2-55ff-fe9a-b4fa]-9618&alias=gpu4000.chtc.wisc.edu&noUDP&sock=slot2_10_1956795_d8ee_83107>
...
040 (8017966.916.000) 2026-06-21 06:00:04 Finished transferring input files
...
001 (8017966.916.000) 2026-06-21 06:00:04 Job executing on host: <128.105.68.117:9618?addrs=128.105.68.117-9618+[2607-f388-2200-100-7ec2-55ff-fe9a-b4fa]-9618&alias=gpu4000.chtc.wisc.edu&noUDP&sock=startd_674379_7ae3>
	SlotName: slot2_10@gpu4000.chtc.wisc.edu
	AvailableGPUs = { GPUs_GPU_884cf7fc }
	CondorScratchDir = "/var/lib/condor/execute/slot2/dir_176479/scratch"
	Cpus = 1
	Disk = 16777216
	GPUs = 1
	GPUs_GPU_884cf7fc = [ Id = "GPU-884cf7fc"; Capability = 8.9; DeviceName = "NVIDIA L40"; DeviceUuid = "884cf7fc-eee7-e5a3-b686-b605e807854a"; ECCEnabled = true; NvidiaDriver = "570.195.03"; DriverVersion = 12.8; DevicePciBusId = "0000:D6:00.0"; GlobalMemoryMb = 45468; MaxSupportedVersion = 12080 ]
	IoHeavy = 0
	Memory = 16384
...
040 (8017966.916.000) 2026-06-21 06:00:08 Started transferring output files
...
040 (8017966.916.000) 2026-06-21 06:00:09 Finished transferring output files
...
004 (8017966.916.000) 2026-06-21 06:00:10 Job was evicted.
	(0) Job terminated and was requeued
		Usr 0 00:00:02, Sys 0 00:00:00  -  Run Remote Usage
		Usr 0 00:00:00, Sys 0 00:00:00  -  Run Local Usage
	474641784  -  Run Bytes Sent By Job
	3259036240  -  Run Bytes Received By Job
	(1) Normal termination (return value 2)
	The job attribute OnExitRemove expression 'NumJobCompletions > JobMaxRetries || ExitCode =?= 0' evaluated to FALSE
...
040 (8017966.916.000) 2026-06-21 06:00:17 Started transferring input files
	Transferring to host: <128.105.68.117:9618?addrs=128.105.68.117-9618+[2607-f388-2200-100-7ec2-55ff-fe9a-b4fa]-9618&alias=gpu4000.chtc.wisc.edu&noUDP&sock=slot2_10_1956795_d8ee_83109>
...
040 (8017966.916.000) 2026-06-21 06:00:28 Finished transferring input files
...
001 (8017966.916.000) 2026-06-21 06:00:28 Job executing on host: <128.105.68.117:9618?addrs=128.105.68.117-9618+[2607-f388-2200-100-7ec2-55ff-fe9a-b4fa]-9618&alias=gpu4000.chtc.wisc.edu&noUDP&sock=startd_674379_7ae3>
	SlotName: slot2_10@gpu4000.chtc.wisc.edu
	AvailableGPUs = { GPUs_GPU_884cf7fc }
	CondorScratchDir = "/var/lib/condor/execute/slot2/dir_177087/scratch"
	Cpus = 1
	Disk = 16777216
	GPUs = 1
	GPUs_GPU_884cf7fc = [ Id = "GPU-884cf7fc"; Capability = 8.9; DeviceName = "NVIDIA L40"; DeviceUuid = "884cf7fc-eee7-e5a3-b686-b605e807854a"; ECCEnabled = true; NvidiaDriver = "570.195.03"; DriverVersion = 12.8; DevicePciBusId = "0000:D6:00.0"; GlobalMemoryMb = 45468; MaxSupportedVersion = 12080 ]
	IoHeavy = 0
	Memory = 16384
...
040 (8017966.916.000) 2026-06-21 06:00:31 Started transferring output files
...
040 (8017966.916.000) 2026-06-21 06:00:33 Finished transferring output files
...
004 (8017966.916.000) 2026-06-21 06:00:33 Job was evicted.
	(0) Job terminated and was requeued
		Usr 0 00:00:02, Sys 0 00:00:00  -  Run Remote Usage
		Usr 0 00:00:00, Sys 0 00:00:00  -  Run Local Usage
	474641784  -  Run Bytes Sent By Job
	3259036240  -  Run Bytes Received By Job
	(1) Normal termination (return value 2)
	The job attribute OnExitRemove expression 'NumJobCompletions > JobMaxRetries || ExitCode =?= 0' evaluated to FALSE
...
040 (8017966.916.000) 2026-06-21 06:00:49 Started transferring input files
	Transferring to host: <128.105.68.117:9618?addrs=128.105.68.117-9618+[2607-f388-2200-100-7ec2-55ff-fe9a-b4fa]-9618&alias=gpu4000.chtc.wisc.edu&noUDP&sock=slot2_10_1956795_d8ee_83111>
...
040 (8017966.916.000) 2026-06-21 06:01:01 Finished transferring input files
...
001 (8017966.916.000) 2026-06-21 06:01:01 Job executing on host: <128.105.68.117:9618?addrs=128.105.68.117-9618+[2607-f388-2200-100-7ec2-55ff-fe9a-b4fa]-9618&alias=gpu4000.chtc.wisc.edu&noUDP&sock=startd_674379_7ae3>
	SlotName: slot2_10@gpu4000.chtc.wisc.edu
	AvailableGPUs = { GPUs_GPU_884cf7fc }
	CondorScratchDir = "/var/lib/condor/execute/slot2/dir_178009/scratch"
	Cpus = 1
	Disk = 16777216
	GPUs = 1
	GPUs_GPU_884cf7fc = [ Id = "GPU-884cf7fc"; Capability = 8.9; DeviceName = "NVIDIA L40"; DeviceUuid = "884cf7fc-eee7-e5a3-b686-b605e807854a"; ECCEnabled = true; NvidiaDriver = "570.195.03"; DriverVersion = 12.8; DevicePciBusId = "0000:D6:00.0"; GlobalMemoryMb = 45468; MaxSupportedVersion = 12080 ]
	IoHeavy = 0
	Memory = 16384
...
040 (8017966.916.000) 2026-06-21 06:01:04 Started transferring output files
...
040 (8017966.916.000) 2026-06-21 06:01:06 Finished transferring output files
...
004 (8017966.916.000) 2026-06-21 06:01:06 Job was evicted.
	(0) Job terminated and was requeued
		Usr 0 00:00:02, Sys 0 00:00:00  -  Run Remote Usage
		Usr 0 00:00:00, Sys 0 00:00:00  -  Run Local Usage
	474641784  -  Run Bytes Sent By Job
	3259036240  -  Run Bytes Received By Job
	(1) Normal termination (return value 2)
	The job attribute OnExitRemove expression 'NumJobCompletions > JobMaxRetries || ExitCode =?= 0' evaluated to FALSE
...
040 (8017966.916.000) 2026-06-21 06:01:12 Started transferring input files
	Transferring to host: <128.105.68.117:9618?addrs=128.105.68.117-9618+[2607-f388-2200-100-7ec2-55ff-fe9a-b4fa]-9618&alias=gpu4000.chtc.wisc.edu&noUDP&sock=slot2_7_1956795_d8ee_83112>
...
040 (8017966.916.000) 2026-06-21 06:01:24 Finished transferring input files
...
001 (8017966.916.000) 2026-06-21 06:01:24 Job executing on host: <128.105.68.117:9618?addrs=128.105.68.117-9618+[2607-f388-2200-100-7ec2-55ff-fe9a-b4fa]-9618&alias=gpu4000.chtc.wisc.edu&noUDP&sock=startd_674379_7ae3>
	SlotName: slot2_7@gpu4000.chtc.wisc.edu
	AvailableGPUs = { GPUs_GPU_865b3474 }
	CondorScratchDir = "/var/lib/condor/execute/slot2/dir_178501/scratch"
	Cpus = 1
	Disk = 16777216
	GPUs = 1
	GPUs_GPU_865b3474 = [ Id = "GPU-865b3474"; Capability = 8.9; DeviceName = "NVIDIA L40"; DeviceUuid = "865b3474-f121-b6b4-0ada-3ea18a1ac4dc"; ECCEnabled = true; NvidiaDriver = "570.195.03"; DriverVersion = 12.8; DevicePciBusId = "0000:D1:00.0"; GlobalMemoryMb = 45468; MaxSupportedVersion = 12080 ]
	IoHeavy = 0
	Memory = 16384
...
040 (8017966.916.000) 2026-06-21 06:01:27 Started transferring output files
...
040 (8017966.916.000) 2026-06-21 06:01:29 Finished transferring output files
...
004 (8017966.916.000) 2026-06-21 06:01:29 Job was evicted.
	(0) Job terminated and was requeued
		Usr 0 00:00:02, Sys 0 00:00:00  -  Run Remote Usage
		Usr 0 00:00:00, Sys 0 00:00:00  -  Run Local Usage
	474641784  -  Run Bytes Sent By Job
	3259036240  -  Run Bytes Received By Job
	(1) Normal termination (return value 2)
	The job attribute OnExitRemove expression 'NumJobCompletions > JobMaxRetries || ExitCode =?= 0' evaluated to FALSE
...
040 (8017966.916.000) 2026-06-21 06:01:37 Started transferring input files
	Transferring to host: <128.105.68.117:9618?addrs=128.105.68.117-9618+[2607-f388-2200-100-7ec2-55ff-fe9a-b4fa]-9618&alias=gpu4000.chtc.wisc.edu&noUDP&sock=slot2_7_1956795_d8ee_83114>
...
040 (8017966.916.000) 2026-06-21 06:01:49 Finished transferring input files
...
001 (8017966.916.000) 2026-06-21 06:01:49 Job executing on host: <128.105.68.117:9618?addrs=128.105.68.117-9618+[2607-f388-2200-100-7ec2-55ff-fe9a-b4fa]-9618&alias=gpu4000.chtc.wisc.edu&noUDP&sock=startd_674379_7ae3>
	SlotName: slot2_7@gpu4000.chtc.wisc.edu
	AvailableGPUs = { GPUs_GPU_865b3474 }
	CondorScratchDir = "/var/lib/condor/execute/slot2/dir_179205/scratch"
	Cpus = 1
	Disk = 16777216
	GPUs = 1
	GPUs_GPU_865b3474 = [ Id = "GPU-865b3474"; Capability = 8.9; DeviceName = "NVIDIA L40"; DeviceUuid = "865b3474-f121-b6b4-0ada-3ea18a1ac4dc"; ECCEnabled = true; NvidiaDriver = "570.195.03"; DriverVersion = 12.8; DevicePciBusId = "0000:D1:00.0"; GlobalMemoryMb = 45468; MaxSupportedVersion = 12080 ]
	IoHeavy = 0
	Memory = 16384
...
040 (8017966.916.000) 2026-06-21 06:01:53 Started transferring output files
...
040 (8017966.916.000) 2026-06-21 06:01:54 Finished transferring output files
...
004 (8017966.916.000) 2026-06-21 06:01:55 Job was evicted.
	(0) Job terminated and was requeued
		Usr 0 00:00:02, Sys 0 00:00:00  -  Run Remote Usage
		Usr 0 00:00:00, Sys 0 00:00:00  -  Run Local Usage
	474641784  -  Run Bytes Sent By Job
	3259036240  -  Run Bytes Received By Job
	(1) Normal termination (return value 2)
	The job attribute OnExitRemove expression 'NumJobCompletions > JobMaxRetries || ExitCode =?= 0' evaluated to FALSE
...
040 (8017966.916.000) 2026-06-21 06:02:01 Started transferring input files
	Transferring to host: <10.226.104.221:45651?CCBID=128.105.82.148:9618%3faddrs%3d128.105.82.148-9618+[2607-f388-2200-9d-7ccb-bc08-2489-768a]-9618%26alias%3dospool-ccb.osg.chtc.io%26noUDP%26sock%3dcollector10#4307497%2067.58.49.91:9618%3faddrs%3d67.58.49.91-9618+[fdf0-17b3-c3ec-1f79-10-0-e-b69d]-9618%26alias%3dccb-2.ospool.osg-htc.org%26noUDP%26sock%3dcollector6#4304755&PrivNet=gpu021.rci.montana.edu&addrs=10.226.104.221-45651&alias=gpu021.rci.montana.edu&noUDP>
...
040 (8017966.916.000) 2026-06-21 06:03:36 Finished transferring input files
...
021 (8017966.916.000) 2026-06-21 06:03:38 Message from starter on slot1_1@glidein_32138_434170212@gpu021.rci.montana.edu:
	PREPARE_JOB (prepare-hook) succeeded (reported status 000): Using Singularity image openfe_1.11.1.sif
...
001 (8017966.916.000) 2026-06-21 06:03:38 Job executing on host: <10.226.104.221:41879?CCBID=128.105.82.148:9618%3faddrs%3d128.105.82.148-9618+[2607-f388-2200-9d-7ccb-bc08-2489-768a]-9618%26alias%3dospool-ccb.osg.chtc.io%26noUDP%26sock%3dcollector2#4257207%2067.58.49.91:9618%3faddrs%3d67.58.49.91-9618+[fdf0-17b3-c3ec-1f79-10-0-e-b69d]-9618%26alias%3dccb-2.ospool.osg-htc.org%26noUDP%26sock%3dcollector8#4255162&PrivNet=gpu021.rci.montana.edu&addrs=10.226.104.221-41879&alias=gpu021.rci.montana.edu&noUDP>
	SlotName: slot1_1@glidein_32138_434170212@gpu021.rci.montana.edu
	AvailableGPUs = { GPUs_GPU_dff97527 }
	CondorScratchDir = "/tmp/jobs/4093136/glide_E7ub2W/execute/dir_1421342/scratch"
	Cpus = 1
	Disk = 16777216
	GPUs = 1
	GPUs_GPU_dff97527 = [ Id = "GPU-dff97527"; ClockMhz = 1980.0; Capability = 9.0; CoresPerCU = 128; DeviceName = "NVIDIA H100 80GB HBM3"; DeviceUuid = "dff97527-806a-5b67-f1b3-81f9bd945eba"; ECCEnabled = true; ComputeUnits = 132; NvidiaDriver = "595.71.05"; DriverVersion = 13.2; DevicePciBusId = "0000:CB:00.0"; GlobalMemoryMb = 81081; MaxSupportedVersion = 13020 ]
	Memory = 16384
...
040 (8017966.916.000) 2026-06-21 06:03:44 Started transferring output files
...
040 (8017966.916.000) 2026-06-21 06:04:04 Finished transferring output files
...
005 (8017966.916.000) 2026-06-21 06:04:04 Job terminated.
	(1) Normal termination (return value 2)
		Usr 0 00:00:00, Sys 0 00:00:00  -  Run Remote Usage
		Usr 0 00:00:00, Sys 0 00:00:00  -  Run Local Usage
		Usr 0 00:26:40, Sys 0 00:01:26  -  Total Remote Usage
		Usr 0 00:00:00, Sys 0 00:00:00  -  Total Local Usage
	474641802  -  Run Bytes Sent By Job
	3259036240  -  Run Bytes Received By Job
	5221079567  -  Total Bytes Sent By Job
	35374757346  -  Total Bytes Received By Job
	Partitionable Resources :      Usage  Request Allocated Assigned
	   Cpus                 :       0.15        1         1 
	   Disk (KB)            : 3182796    16777216  16777216 
	   GPUs                 :       0           1         1 "GPU-dff97527"
	   GpusMemory (MB)      :     482                       
	   Memory (MB)          :    7325       16384     16384 
	   TimeExecute (s)      :       6                       
	   TimeSlotBusy (s)     :     124                       
...
