000 (8018100.386.000) 2026-06-21 13:37:20 Job submitted from host: <128.105.68.112:9618?addrs=128.105.68.112-9618+[2607-f388-2200-100-eaeb-d3ff-fea3-4202]-9618&alias=ap2001.chtc.wisc.edu&noUDP&sock=schedd_4071840_2329>
...
040 (8018100.386.000) 2026-06-21 16:46:13 Started transferring input files
	Transferring to host: <128.105.69.72:9618?addrs=128.105.69.72-9618+[2607-f388-2200-100-bae9-24ff-fe36-96e0]-9618&alias=ssilwalgpu4000.chtc.wisc.edu&noUDP&sock=backfill1_2_2012046_2cd4_84333>
...
040 (8018100.386.000) 2026-06-21 16:46:22 Finished transferring input files
...
001 (8018100.386.000) 2026-06-21 16:46:22 Job executing on host: <128.105.69.72:9618?addrs=128.105.69.72-9618+[2607-f388-2200-100-bae9-24ff-fe36-96e0]-9618&alias=ssilwalgpu4000.chtc.wisc.edu&noUDP&sock=startd_10752_8e60>
	SlotName: backfill1_2@ssilwalgpu4000.chtc.wisc.edu
	AvailableGPUs = { GPUs_GPU_5cdb85f0 }
	CondorScratchDir = "/var/lib/condor/execute/slot1/dir_28440/scratch"
	Cpus = 1
	Disk = 16777216
	GPUs = 1
	GPUs_GPU_5cdb85f0 = [ Id = "GPU-5cdb85f0"; Capability = 9.0; DeviceName = "NVIDIA H200"; DeviceUuid = "5cdb85f0-5737-043f-3398-ed859ad2fafe"; ECCEnabled = true; NvidiaDriver = "570.195.03"; DriverVersion = 12.8; DevicePciBusId = "0000:9E:00.0"; GlobalMemoryMb = 143166; MaxSupportedVersion = 12080 ]
	IoHeavy = 0
	Memory = 16384
...
006 (8018100.386.000) 2026-06-21 16:46:25 Image size of job updated: 116
	0  -  MemoryUsage of job (MB)
	0  -  ResidentSetSize of job (KB)
...
040 (8018100.386.000) 2026-06-21 16:46:25 Started transferring output files
...
040 (8018100.386.000) 2026-06-21 16:46:25 Finished transferring output files
...
004 (8018100.386.000) 2026-06-21 16:46:26 Job was evicted.
	(0) Job terminated and was requeued
		Usr 0 00:00:01, Sys 0 00:00:00  -  Run Remote Usage
		Usr 0 00:00:00, Sys 0 00:00:00  -  Run Local Usage
	449  -  Run Bytes Sent By Job
	2784348117  -  Run Bytes Received By Job
	(1) Normal termination (return value 2)
	The job attribute OnExitRemove expression 'NumJobCompletions > JobMaxRetries || ExitCode =?= 0' evaluated to FALSE
...
040 (8018100.386.000) 2026-06-21 16:48:34 Started transferring input files
	Transferring to host: <128.104.100.117:9618?addrs=128.104.100.117-9618+[2607-f388-107c-501-8ae9-a4ff-fe02-e150]-9618&alias=jcaicedogpu0003.chtc.wisc.edu&noUDP&sock=backfill1_3_1586877_26eb_101308>
...
040 (8018100.386.000) 2026-06-21 16:48:45 Finished transferring input files
...
001 (8018100.386.000) 2026-06-21 16:48:45 Job executing on host: <128.104.100.117:9618?addrs=128.104.100.117-9618+[2607-f388-107c-501-8ae9-a4ff-fe02-e150]-9618&alias=jcaicedogpu0003.chtc.wisc.edu&noUDP&sock=startd_10874_3cee>
	SlotName: backfill1_3@jcaicedogpu0003.chtc.wisc.edu
	AvailableGPUs = { GPUs_GPU_141e67b0 }
	CondorScratchDir = "/var/lib/condor/execute/slot1/dir_3201457/scratch"
	Cpus = 1
	Disk = 16777216
	GPUs = 1
	GPUs_GPU_141e67b0 = [ Id = "GPU-141e67b0"; Capability = 8.9; DeviceName = "NVIDIA L40S"; DeviceUuid = "141e67b0-0a57-7e36-6083-0e666f2f6148"; ECCEnabled = true; NvidiaDriver = "570.195.03"; DriverVersion = 12.8; DevicePciBusId = "0000:C1:00.0"; GlobalMemoryMb = 45468; MaxSupportedVersion = 12080 ]
	IoHeavy = 0
	Memory = 16384
...
006 (8018100.386.000) 2026-06-21 16:48:48 Image size of job updated: 408
	0  -  MemoryUsage of job (MB)
	0  -  ResidentSetSize of job (KB)
...
040 (8018100.386.000) 2026-06-21 16:48:48 Started transferring output files
...
040 (8018100.386.000) 2026-06-21 16:48:48 Finished transferring output files
...
004 (8018100.386.000) 2026-06-21 16:48:48 Job was evicted.
	(0) Job terminated and was requeued
		Usr 0 00:00:01, Sys 0 00:00:00  -  Run Remote Usage
		Usr 0 00:00:00, Sys 0 00:00:00  -  Run Local Usage
	450  -  Run Bytes Sent By Job
	2784348117  -  Run Bytes Received By Job
	(1) Normal termination (return value 2)
	The job attribute OnExitRemove expression 'NumJobCompletions > JobMaxRetries || ExitCode =?= 0' evaluated to FALSE
...
040 (8018100.386.000) 2026-06-21 16:50:53 Started transferring input files
	Transferring to host: <128.105.68.129:9618?addrs=128.105.68.129-9618+[2607-f388-2200-100-7e8c-9ff-fee9-7284]-9618&alias=gchrysosgpu4000.chtc.wisc.edu&noUDP&sock=backfill1_1_11538_508e_5867>
...
040 (8018100.386.000) 2026-06-21 16:51:05 Finished transferring input files
...
001 (8018100.386.000) 2026-06-21 16:51:05 Job executing on host: <128.105.68.129:9618?addrs=128.105.68.129-9618+[2607-f388-2200-100-7e8c-9ff-fee9-7284]-9618&alias=gchrysosgpu4000.chtc.wisc.edu&noUDP&sock=startd_11234_2b06>
	SlotName: backfill1_1@gchrysosgpu4000.chtc.wisc.edu
	AvailableGPUs = { GPUs_GPU_adfd2ec0 }
	CondorScratchDir = "/var/lib/condor/execute/slot1/dir_3043177/scratch"
	Cpus = 1
	Disk = 16777216
	GPUs = 1
	GPUs_GPU_adfd2ec0 = [ Id = "GPU-adfd2ec0"; Capability = 8.9; DeviceName = "NVIDIA L40S"; DeviceUuid = "adfd2ec0-747a-b3c0-4a19-f00546698dcf"; ECCEnabled = true; NvidiaDriver = "570.195.03"; DriverVersion = 12.8; DevicePciBusId = "0000:C1:00.0"; GlobalMemoryMb = 45468; MaxSupportedVersion = 12080 ]
	IoHeavy = 0
	Memory = 16384
...
006 (8018100.386.000) 2026-06-21 16:51:08 Image size of job updated: 448
	0  -  MemoryUsage of job (MB)
	0  -  ResidentSetSize of job (KB)
...
040 (8018100.386.000) 2026-06-21 16:51:08 Started transferring output files
...
040 (8018100.386.000) 2026-06-21 16:51:08 Finished transferring output files
...
004 (8018100.386.000) 2026-06-21 16:51:08 Job was evicted.
	(0) Job terminated and was requeued
		Usr 0 00:00:01, Sys 0 00:00:00  -  Run Remote Usage
		Usr 0 00:00:00, Sys 0 00:00:00  -  Run Local Usage
	450  -  Run Bytes Sent By Job
	2784348117  -  Run Bytes Received By Job
	(1) Normal termination (return value 2)
	The job attribute OnExitRemove expression 'NumJobCompletions > JobMaxRetries || ExitCode =?= 0' evaluated to FALSE
...
040 (8018100.386.000) 2026-06-21 16:53:23 Started transferring input files
	Transferring to host: <128.105.68.131:9618?addrs=128.105.68.131-9618+[2607-f388-2200-100-7ec2-55ff-fe99-a4a2]-9618&alias=xhuanggpu4001.chtc.wisc.edu&noUDP&sock=backfill1_4_770790_08a9_68150>
...
040 (8018100.386.000) 2026-06-21 16:53:33 Finished transferring input files
...
001 (8018100.386.000) 2026-06-21 16:53:33 Job executing on host: <128.105.68.131:9618?addrs=128.105.68.131-9618+[2607-f388-2200-100-7ec2-55ff-fe99-a4a2]-9618&alias=xhuanggpu4001.chtc.wisc.edu&noUDP&sock=startd_10764_c983>
	SlotName: backfill1_4@xhuanggpu4001.chtc.wisc.edu
	AvailableGPUs = { GPUs_GPU_d23dedac }
	CondorScratchDir = "/var/lib/condor/execute/slot1/dir_3299873/scratch"
	Cpus = 1
	Disk = 16777216
	GPUs = 1
	GPUs_GPU_d23dedac = [ Id = "GPU-d23dedac"; Capability = 8.9; DeviceName = "NVIDIA L40"; DeviceUuid = "d23dedac-dfdd-11b2-b714-b73a351baf37"; ECCEnabled = true; NvidiaDriver = "570.195.03"; DriverVersion = 12.8; DevicePciBusId = "0000:D5:00.0"; GlobalMemoryMb = 45468; MaxSupportedVersion = 12080 ]
	IoHeavy = 0
	Memory = 16384
...
040 (8018100.386.000) 2026-06-21 16:53:36 Started transferring output files
...
040 (8018100.386.000) 2026-06-21 16:53:36 Finished transferring output files
...
004 (8018100.386.000) 2026-06-21 16:53:37 Job was evicted.
	(0) Job terminated and was requeued
		Usr 0 00:00:02, Sys 0 00:00:00  -  Run Remote Usage
		Usr 0 00:00:00, Sys 0 00:00:00  -  Run Local Usage
	448  -  Run Bytes Sent By Job
	2784348117  -  Run Bytes Received By Job
	(1) Normal termination (return value 2)
	The job attribute OnExitRemove expression 'NumJobCompletions > JobMaxRetries || ExitCode =?= 0' evaluated to FALSE
...
040 (8018100.386.000) 2026-06-21 16:55:44 Started transferring input files
	Transferring to host: <128.105.68.124:9618?addrs=128.105.68.124-9618+[2607-f388-2200-100-7ec2-55ff-fe99-a508]-9618&alias=dsigpu4001.chtc.wisc.edu&noUDP&sock=slot2_6_205874_9b6d_82599>
...
040 (8018100.386.000) 2026-06-21 16:55:54 Finished transferring input files
...
001 (8018100.386.000) 2026-06-21 16:55:54 Job executing on host: <128.105.68.124:9618?addrs=128.105.68.124-9618+[2607-f388-2200-100-7ec2-55ff-fe99-a508]-9618&alias=dsigpu4001.chtc.wisc.edu&noUDP&sock=startd_10787_9031>
	SlotName: slot2_6@dsigpu4001.chtc.wisc.edu
	AvailableGPUs = { GPUs_GPU_02b71a7d }
	CondorScratchDir = "/var/lib/condor/execute/slot2/dir_2889640/scratch"
	Cpus = 1
	Disk = 16777216
	GPUs = 1
	GPUs_GPU_02b71a7d = [ Id = "GPU-02b71a7d"; Capability = 8.9; DeviceName = "NVIDIA L40"; DeviceUuid = "02b71a7d-67c0-d32f-ba10-ce934d1d8a7c"; ECCEnabled = true; NvidiaDriver = "570.195.03"; DriverVersion = 12.8; DevicePciBusId = "0000:CE:00.0"; GlobalMemoryMb = 45468; MaxSupportedVersion = 12080 ]
	IoHeavy = 0
	Memory = 16384
...
006 (8018100.386.000) 2026-06-21 16:55:57 Image size of job updated: 1052
	0  -  MemoryUsage of job (MB)
	0  -  ResidentSetSize of job (KB)
...
040 (8018100.386.000) 2026-06-21 16:55:57 Started transferring output files
...
040 (8018100.386.000) 2026-06-21 16:55:57 Finished transferring output files
...
004 (8018100.386.000) 2026-06-21 16:55:58 Job was evicted.
	(0) Job terminated and was requeued
		Usr 0 00:00:02, Sys 0 00:00:00  -  Run Remote Usage
		Usr 0 00:00:00, Sys 0 00:00:00  -  Run Local Usage
	445  -  Run Bytes Sent By Job
	2784348117  -  Run Bytes Received By Job
	(1) Normal termination (return value 2)
	The job attribute OnExitRemove expression 'NumJobCompletions > JobMaxRetries || ExitCode =?= 0' evaluated to FALSE
...
040 (8018100.386.000) 2026-06-21 16:58:10 Started transferring input files
	Transferring to host: <128.105.68.87:9618?addrs=128.105.68.87-9618+[2607-f388-2200-100-7ec2-55ff-fe9a-b48e]-9618&alias=dsigpu4002.chtc.wisc.edu&noUDP&sock=slot2_8_3411988_f574_79633>
...
040 (8018100.386.000) 2026-06-21 16:58:20 Finished transferring input files
...
001 (8018100.386.000) 2026-06-21 16:58:20 Job executing on host: <128.105.68.87:9618?addrs=128.105.68.87-9618+[2607-f388-2200-100-7ec2-55ff-fe9a-b48e]-9618&alias=dsigpu4002.chtc.wisc.edu&noUDP&sock=startd_10795_0cf3>
	SlotName: slot2_8@dsigpu4002.chtc.wisc.edu
	AvailableGPUs = { GPUs_GPU_6ca2c1c4 }
	CondorScratchDir = "/var/lib/condor/execute/slot2/dir_759084/scratch"
	Cpus = 1
	Disk = 16777216
	GPUs = 1
	GPUs_GPU_6ca2c1c4 = [ Id = "GPU-6ca2c1c4"; Capability = 8.9; DeviceName = "NVIDIA L40"; DeviceUuid = "6ca2c1c4-3a68-12f2-93bf-42efef45955a"; ECCEnabled = true; NvidiaDriver = "570.195.03"; DriverVersion = 12.8; DevicePciBusId = "0000:D2:00.0"; GlobalMemoryMb = 45468; MaxSupportedVersion = 12080 ]
	IoHeavy = 0
	Memory = 16384
...
040 (8018100.386.000) 2026-06-21 16:58:24 Started transferring output files
...
040 (8018100.386.000) 2026-06-21 16:58:24 Finished transferring output files
...
004 (8018100.386.000) 2026-06-21 16:58:24 Job was evicted.
	(0) Job terminated and was requeued
		Usr 0 00:00:02, Sys 0 00:00:00  -  Run Remote Usage
		Usr 0 00:00:00, Sys 0 00:00:00  -  Run Local Usage
	445  -  Run Bytes Sent By Job
	2784348117  -  Run Bytes Received By Job
	(1) Normal termination (return value 2)
	The job attribute OnExitRemove expression 'NumJobCompletions > JobMaxRetries || ExitCode =?= 0' evaluated to FALSE
...
040 (8018100.386.000) 2026-06-21 17:00:10 Started transferring input files
	Transferring to host: <10.226.104.219:36239?CCBID=128.105.82.148:9618%3faddrs%3d128.105.82.148-9618+[2607-f388-2200-9d-7ccb-bc08-2489-768a]-9618%26alias%3dospool-ccb.osg.chtc.io%26noUDP%26sock%3dcollector3#4340248%2067.58.49.91:9618%3faddrs%3d67.58.49.91-9618+[fdf0-17b3-c3ec-1f79-10-0-e-b69d]-9618%26alias%3dccb-2.ospool.osg-htc.org%26noUDP%26sock%3dcollector9#4334719&PrivNet=gpu019.rci.montana.edu&addrs=10.226.104.219-36239&alias=gpu019.rci.montana.edu&noUDP>
...
040 (8018100.386.000) 2026-06-21 17:01:45 Finished transferring input files
...
021 (8018100.386.000) 2026-06-21 17:01:46 Message from starter on slot1_1@glidein_101317_353355080@gpu019.rci.montana.edu:
	PREPARE_JOB (prepare-hook) succeeded (reported status 000): Using Singularity image openfe_1.11.1.sif
...
001 (8018100.386.000) 2026-06-21 17:01:46 Job executing on host: <10.226.104.219:41903?CCBID=128.105.82.148:9618%3faddrs%3d128.105.82.148-9618+[2607-f388-2200-9d-7ccb-bc08-2489-768a]-9618%26alias%3dospool-ccb.osg.chtc.io%26noUDP%26sock%3dcollector4#4267546%2067.58.49.91:9618%3faddrs%3d67.58.49.91-9618+[fdf0-17b3-c3ec-1f79-10-0-e-b69d]-9618%26alias%3dccb-2.ospool.osg-htc.org%26noUDP%26sock%3dcollector4#4257387&PrivNet=gpu019.rci.montana.edu&addrs=10.226.104.219-41903&alias=gpu019.rci.montana.edu&noUDP>
	SlotName: slot1_1@glidein_101317_353355080@gpu019.rci.montana.edu
	AvailableGPUs = { GPUs_GPU_003e2ddb }
	CondorScratchDir = "/tmp/jobs/4093257/glide_O0WDuK/execute/dir_3107575/scratch"
	Cpus = 1
	Disk = 16777216
	GPUs = 1
	GPUs_GPU_003e2ddb = [ Id = "GPU-003e2ddb"; ClockMhz = 1980.0; Capability = 9.0; CoresPerCU = 128; DeviceName = "NVIDIA H100 80GB HBM3"; DeviceUuid = "003e2ddb-7109-4852-a67d-8760c2e08dff"; ECCEnabled = true; ComputeUnits = 132; NvidiaDriver = "595.71.05"; DriverVersion = 13.2; DevicePciBusId = "0000:DB:00.0"; GlobalMemoryMb = 81081; MaxSupportedVersion = 13020 ]
	Memory = 16384
...
006 (8018100.386.000) 2026-06-21 17:01:50 Image size of job updated: 1250
	4  -  MemoryUsage of job (MB)
	3356  -  ResidentSetSize of job (KB)
...
040 (8018100.386.000) 2026-06-21 17:01:50 Started transferring output files
...
040 (8018100.386.000) 2026-06-21 17:01:50 Finished transferring output files
...
004 (8018100.386.000) 2026-06-21 17:01:50 Job was evicted.
	(0) Job terminated and was requeued
		Usr 0 00:00:00, Sys 0 00:00:00  -  Run Remote Usage
		Usr 0 00:00:00, Sys 0 00:00:00  -  Run Local Usage
	460  -  Run Bytes Sent By Job
	2784348117  -  Run Bytes Received By Job
	(1) Normal termination (return value 2)
	The job attribute OnExitRemove expression 'NumJobCompletions > JobMaxRetries || ExitCode =?= 0' evaluated to FALSE
...
040 (8018100.386.000) 2026-06-21 17:02:02 Started transferring input files
	Transferring to host: <128.105.76.47:9618?addrs=128.105.76.47-9618+[2607-f388-2200-100-527c-6fff-fe82-826a]-9618&alias=gpu4006.chtc.wisc.edu&noUDP&sock=slot2_1_2618986_4fbd_88893>
...
040 (8018100.386.000) 2026-06-21 17:02:08 Finished transferring input files
...
001 (8018100.386.000) 2026-06-21 17:02:08 Job executing on host: <128.105.76.47:9618?addrs=128.105.76.47-9618+[2607-f388-2200-100-527c-6fff-fe82-826a]-9618&alias=gpu4006.chtc.wisc.edu&noUDP&sock=startd_11220_90b3>
	SlotName: slot2_1@gpu4006.chtc.wisc.edu
	AvailableGPUs = { GPUs_GPU_66dc2611 }
	CondorScratchDir = "/var/lib/condor/execute/slot2/dir_3067449/scratch"
	Cpus = 1
	Disk = 16777216
	GPUs = 1
	GPUs_GPU_66dc2611 = [ Id = "GPU-66dc2611"; Capability = 8.9; DeviceName = "NVIDIA L40S"; DeviceUuid = "66dc2611-e8d4-150f-8e9c-de925917bc63"; ECCEnabled = true; NvidiaDriver = "590.48.01"; DriverVersion = 13.1; DevicePciBusId = "0000:01:00.0"; GlobalMemoryMb = 45460; MaxSupportedVersion = 13010 ]
	IoHeavy = 0
	Memory = 16384
...
040 (8018100.386.000) 2026-06-21 17:02:10 Started transferring output files
...
040 (8018100.386.000) 2026-06-21 17:02:10 Finished transferring output files
...
004 (8018100.386.000) 2026-06-21 17:02:11 Job was evicted.
	(0) Job terminated and was requeued
		Usr 0 00:00:01, Sys 0 00:00:00  -  Run Remote Usage
		Usr 0 00:00:00, Sys 0 00:00:00  -  Run Local Usage
	456  -  Run Bytes Sent By Job
	2784348117  -  Run Bytes Received By Job
	(1) Normal termination (return value 2)
	The job attribute OnExitRemove expression 'NumJobCompletions > JobMaxRetries || ExitCode =?= 0' evaluated to FALSE
...
040 (8018100.386.000) 2026-06-21 17:02:24 Started transferring input files
	Transferring to host: <128.105.76.47:9618?addrs=128.105.76.47-9618+[2607-f388-2200-100-527c-6fff-fe82-826a]-9618&alias=gpu4006.chtc.wisc.edu&noUDP&sock=slot2_5_2618986_4fbd_88897>
...
040 (8018100.386.000) 2026-06-21 17:02:30 Finished transferring input files
...
001 (8018100.386.000) 2026-06-21 17:02:30 Job executing on host: <128.105.76.47:9618?addrs=128.105.76.47-9618+[2607-f388-2200-100-527c-6fff-fe82-826a]-9618&alias=gpu4006.chtc.wisc.edu&noUDP&sock=startd_11220_90b3>
	SlotName: slot2_5@gpu4006.chtc.wisc.edu
	AvailableGPUs = { GPUs_GPU_1cd9ff5a }
	CondorScratchDir = "/var/lib/condor/execute/slot2/dir_3068417/scratch"
	Cpus = 1
	Disk = 16777216
	GPUs = 1
	GPUs_GPU_1cd9ff5a = [ Id = "GPU-1cd9ff5a"; Capability = 8.9; DeviceName = "NVIDIA L40S"; DeviceUuid = "1cd9ff5a-a59d-e99d-595f-90985613bdb6"; ECCEnabled = true; NvidiaDriver = "590.48.01"; DriverVersion = 13.1; DevicePciBusId = "0000:81:00.0"; GlobalMemoryMb = 45460; MaxSupportedVersion = 13010 ]
	IoHeavy = 0
	Memory = 16384
...
040 (8018100.386.000) 2026-06-21 17:02:32 Started transferring output files
...
040 (8018100.386.000) 2026-06-21 17:02:32 Finished transferring output files
...
004 (8018100.386.000) 2026-06-21 17:02:33 Job was evicted.
	(0) Job terminated and was requeued
		Usr 0 00:00:01, Sys 0 00:00:00  -  Run Remote Usage
		Usr 0 00:00:00, Sys 0 00:00:00  -  Run Local Usage
	456  -  Run Bytes Sent By Job
	2784348117  -  Run Bytes Received By Job
	(1) Normal termination (return value 2)
	The job attribute OnExitRemove expression 'NumJobCompletions > JobMaxRetries || ExitCode =?= 0' evaluated to FALSE
...
040 (8018100.386.000) 2026-06-21 17:02:38 Started transferring input files
	Transferring to host: <128.105.76.47:9618?addrs=128.105.76.47-9618+[2607-f388-2200-100-527c-6fff-fe82-826a]-9618&alias=gpu4006.chtc.wisc.edu&noUDP&sock=slot2_1_2618986_4fbd_88899>
...
040 (8018100.386.000) 2026-06-21 17:02:43 Finished transferring input files
...
001 (8018100.386.000) 2026-06-21 17:02:43 Job executing on host: <128.105.76.47:9618?addrs=128.105.76.47-9618+[2607-f388-2200-100-527c-6fff-fe82-826a]-9618&alias=gpu4006.chtc.wisc.edu&noUDP&sock=startd_11220_90b3>
	SlotName: slot2_1@gpu4006.chtc.wisc.edu
	AvailableGPUs = { GPUs_GPU_66dc2611 }
	CondorScratchDir = "/var/lib/condor/execute/slot2/dir_3069039/scratch"
	Cpus = 1
	Disk = 16777216
	GPUs = 1
	GPUs_GPU_66dc2611 = [ Id = "GPU-66dc2611"; Capability = 8.9; DeviceName = "NVIDIA L40S"; DeviceUuid = "66dc2611-e8d4-150f-8e9c-de925917bc63"; ECCEnabled = true; NvidiaDriver = "590.48.01"; DriverVersion = 13.1; DevicePciBusId = "0000:01:00.0"; GlobalMemoryMb = 45460; MaxSupportedVersion = 13010 ]
	IoHeavy = 0
	Memory = 16384
...
040 (8018100.386.000) 2026-06-21 17:02:46 Started transferring output files
...
040 (8018100.386.000) 2026-06-21 17:02:46 Finished transferring output files
...
004 (8018100.386.000) 2026-06-21 17:02:46 Job was evicted.
	(0) Job terminated and was requeued
		Usr 0 00:00:01, Sys 0 00:00:00  -  Run Remote Usage
		Usr 0 00:00:00, Sys 0 00:00:00  -  Run Local Usage
	456  -  Run Bytes Sent By Job
	2784348117  -  Run Bytes Received By Job
	(1) Normal termination (return value 2)
	The job attribute OnExitRemove expression 'NumJobCompletions > JobMaxRetries || ExitCode =?= 0' evaluated to FALSE
...
040 (8018100.386.000) 2026-06-21 17:02:55 Started transferring input files
	Transferring to host: <128.105.76.47:9618?addrs=128.105.76.47-9618+[2607-f388-2200-100-527c-6fff-fe82-826a]-9618&alias=gpu4006.chtc.wisc.edu&noUDP&sock=slot2_5_2618986_4fbd_88902>
...
040 (8018100.386.000) 2026-06-21 17:03:07 Finished transferring input files
...
001 (8018100.386.000) 2026-06-21 17:03:07 Job executing on host: <128.105.76.47:9618?addrs=128.105.76.47-9618+[2607-f388-2200-100-527c-6fff-fe82-826a]-9618&alias=gpu4006.chtc.wisc.edu&noUDP&sock=startd_11220_90b3>
	SlotName: slot2_5@gpu4006.chtc.wisc.edu
	AvailableGPUs = { GPUs_GPU_1cd9ff5a }
	CondorScratchDir = "/var/lib/condor/execute/slot2/dir_3069726/scratch"
	Cpus = 1
	Disk = 16777216
	GPUs = 1
	GPUs_GPU_1cd9ff5a = [ Id = "GPU-1cd9ff5a"; Capability = 8.9; DeviceName = "NVIDIA L40S"; DeviceUuid = "1cd9ff5a-a59d-e99d-595f-90985613bdb6"; ECCEnabled = true; NvidiaDriver = "590.48.01"; DriverVersion = 13.1; DevicePciBusId = "0000:81:00.0"; GlobalMemoryMb = 45460; MaxSupportedVersion = 13010 ]
	IoHeavy = 0
	Memory = 16384
...
040 (8018100.386.000) 2026-06-21 17:03:09 Started transferring output files
...
040 (8018100.386.000) 2026-06-21 17:03:09 Finished transferring output files
...
005 (8018100.386.000) 2026-06-21 17:03:10 Job terminated.
	(1) Normal termination (return value 2)
		Usr 0 00:00:01, Sys 0 00:00:00  -  Run Remote Usage
		Usr 0 00:00:00, Sys 0 00:00:00  -  Run Local Usage
		Usr 0 00:00:13, Sys 0 00:00:00  -  Total Remote Usage
		Usr 0 00:00:00, Sys 0 00:00:00  -  Total Local Usage
	456  -  Run Bytes Sent By Job
	2784348117  -  Run Bytes Received By Job
	4971  -  Total Bytes Sent By Job
	30627829287  -  Total Bytes Received By Job
	Partitionable Resources :    Usage  Request Allocated Assigned
	   Cpus                 :        0        1         1 
	   Disk (KB)            :  2719216 16777216  16777216 
	   GPUs                 :        0        1         1 "GPU-1cd9ff5a"
	   IoHeavy              :                           0 
	   Memory (MB)          :        4    16384     16384 
	   TimeExecute (s)      :        2                    
	   TimeSlotBusy (s)     :       14                    
...
