000 (8017966.512.000) 2026-06-20 22:07:54 Job submitted from host: <128.105.68.112:9618?addrs=128.105.68.112-9618+[2607-f388-2200-100-eaeb-d3ff-fea3-4202]-9618&alias=ap2001.chtc.wisc.edu&noUDP&sock=schedd_4071840_2329>
...
040 (8017966.512.000) 2026-06-21 02:36:08 Started transferring input files
	Transferring to host: <128.105.69.3:9618?addrs=128.105.69.3-9618+[2607-f388-2200-100-7ec2-55ff-fe46-28f2]-9618&alias=gpu4002.chtc.wisc.edu&noUDP&sock=slot1_5_12744_0cff_4007>
...
040 (8017966.512.000) 2026-06-21 02:36:42 Finished transferring input files
...
001 (8017966.512.000) 2026-06-21 02:36:42 Job executing on host: <128.105.69.3:9618?addrs=128.105.69.3-9618+[2607-f388-2200-100-7ec2-55ff-fe46-28f2]-9618&alias=gpu4002.chtc.wisc.edu&noUDP&sock=startd_11312_ab69>
	SlotName: slot1_5@gpu4002.chtc.wisc.edu
	AvailableGPUs = { GPUs_GPU_24660f1c }
	CondorScratchDir = "/var/lib/condor/execute/slot1/dir_2952440/scratch"
	Cpus = 1
	Disk = 16777216
	GPUs = 1
	GPUs_GPU_24660f1c = [ Id = "GPU-24660f1c"; Capability = 8.9; DeviceName = "NVIDIA L40"; DeviceUuid = "24660f1c-9665-dc92-a0c9-04252e1a8138"; ECCEnabled = true; NvidiaDriver = "570.195.03"; DriverVersion = 12.8; DevicePciBusId = "0000:CE:00.0"; GlobalMemoryMb = 45468; MaxSupportedVersion = 12080 ]
	IoHeavy = 0
	Memory = 16384
...
006 (8017966.512.000) 2026-06-21 02:36:51 Image size of job updated: 427256
	418  -  MemoryUsage of job (MB)
	427256  -  ResidentSetSize of job (KB)
...
006 (8017966.512.000) 2026-06-21 02:38:40 Image size of job updated: 2443592
	418  -  MemoryUsage of job (MB)
	427276  -  ResidentSetSize of job (KB)
...
040 (8017966.512.000) 2026-06-21 02:38:40 Started transferring output files
...
040 (8017966.512.000) 2026-06-21 02:38:40 Finished transferring output files
...
004 (8017966.512.000) 2026-06-21 02:38:41 Job was evicted.
	(0) Job terminated and was requeued
		Usr 0 00:01:53, Sys 0 00:00:03  -  Run Remote Usage
		Usr 0 00:00:00, Sys 0 00:00:00  -  Run Local Usage
	7030761  -  Run Bytes Sent By Job
	2784120255  -  Run Bytes Received By Job
	(1) Normal termination (return value 1)
	The job attribute OnExitRemove expression 'NumJobCompletions > JobMaxRetries || ExitCode =?= 0' evaluated to FALSE
...
040 (8017966.512.000) 2026-06-21 02:39:21 Started transferring input files
	Transferring to host: <128.104.103.52:9618?addrs=128.104.103.52-9618+[2607-f388-107c-501-b226-28ff-fe4e-3a04]-9618&alias=ahlquist0001.chtc.wisc.edu&noUDP&sock=backfill1_1_4028860_1671_84338>
...
040 (8017966.512.000) 2026-06-21 02:39:42 Finished transferring input files
...
001 (8017966.512.000) 2026-06-21 02:39:42 Job executing on host: <128.104.103.52:9618?addrs=128.104.103.52-9618+[2607-f388-107c-501-b226-28ff-fe4e-3a04]-9618&alias=ahlquist0001.chtc.wisc.edu&noUDP&sock=startd_10174_18a3>
	SlotName: backfill1_1@ahlquist0001.chtc.wisc.edu
	AvailableGPUs = { GPUs_GPU_829ef9f2 }
	CondorScratchDir = "/var/lib/condor/execute/slot1/dir_1899415/scratch"
	Cpus = 1
	Disk = 16777216
	GPUs = 1
	GPUs_GPU_829ef9f2 = [ Id = "GPU-829ef9f2"; Capability = 6.0; DeviceName = "Tesla P100-PCIE-16GB"; DeviceUuid = "829ef9f2-d45b-2dd8-c25b-61fa9b6ee85b"; ECCEnabled = true; NvidiaDriver = "550.54.14"; DriverVersion = 12.4; DevicePciBusId = "0000:D8:00.0"; GlobalMemoryMb = 16269; MaxSupportedVersion = 12040 ]
	IoHeavy = 0
	Memory = 16384
...
040 (8017966.512.000) 2026-06-21 02:39:50 Started transferring output files
...
040 (8017966.512.000) 2026-06-21 02:39:50 Finished transferring output files
...
004 (8017966.512.000) 2026-06-21 02:39:51 Job was evicted.
	(0) Job terminated and was requeued
		Usr 0 00:00:05, Sys 0 00:00:01  -  Run Remote Usage
		Usr 0 00:00:00, Sys 0 00:00:00  -  Run Local Usage
	7025870  -  Run Bytes Sent By Job
	2791145618  -  Run Bytes Received By Job
	(1) Normal termination (return value 2)
	The job attribute OnExitRemove expression 'NumJobCompletions > JobMaxRetries || ExitCode =?= 0' evaluated to FALSE
...
040 (8017966.512.000) 2026-06-21 02:40:18 Started transferring input files
	Transferring to host: <128.105.76.47:9618?addrs=128.105.76.47-9618+[2607-f388-2200-100-527c-6fff-fe82-826a]-9618&alias=gpu4006.chtc.wisc.edu&noUDP&sock=slot2_2_2618986_4fbd_86788>
...
040 (8017966.512.000) 2026-06-21 02:40:26 Finished transferring input files
...
001 (8017966.512.000) 2026-06-21 02:40:26 Job executing on host: <128.105.76.47:9618?addrs=128.105.76.47-9618+[2607-f388-2200-100-527c-6fff-fe82-826a]-9618&alias=gpu4006.chtc.wisc.edu&noUDP&sock=startd_11220_90b3>
	SlotName: slot2_2@gpu4006.chtc.wisc.edu
	AvailableGPUs = { GPUs_GPU_5f4b1ce3 }
	CondorScratchDir = "/var/lib/condor/execute/slot2/dir_2656615/scratch"
	Cpus = 1
	Disk = 16777216
	GPUs = 1
	GPUs_GPU_5f4b1ce3 = [ Id = "GPU-5f4b1ce3"; Capability = 8.9; DeviceName = "NVIDIA L40S"; DeviceUuid = "5f4b1ce3-4b15-b946-0540-e2f21aaa5fe7"; ECCEnabled = true; NvidiaDriver = "590.48.01"; DriverVersion = 13.1; DevicePciBusId = "0000:21:00.0"; GlobalMemoryMb = 45460; MaxSupportedVersion = 13010 ]
	IoHeavy = 0
	Memory = 16384
...
040 (8017966.512.000) 2026-06-21 02:40:28 Started transferring output files
...
040 (8017966.512.000) 2026-06-21 02:40:28 Finished transferring output files
...
004 (8017966.512.000) 2026-06-21 02:40:29 Job was evicted.
	(0) Job terminated and was requeued
		Usr 0 00:00:01, Sys 0 00:00:00  -  Run Remote Usage
		Usr 0 00:00:00, Sys 0 00:00:00  -  Run Local Usage
	7025879  -  Run Bytes Sent By Job
	2791145618  -  Run Bytes Received By Job
	(1) Normal termination (return value 2)
	The job attribute OnExitRemove expression 'NumJobCompletions > JobMaxRetries || ExitCode =?= 0' evaluated to FALSE
...
040 (8017966.512.000) 2026-06-21 02:40:34 Started transferring input files
	Transferring to host: <128.105.76.47:9618?addrs=128.105.76.47-9618+[2607-f388-2200-100-527c-6fff-fe82-826a]-9618&alias=gpu4006.chtc.wisc.edu&noUDP&sock=slot2_2_2618986_4fbd_86789>
...
040 (8017966.512.000) 2026-06-21 02:41:04 Finished transferring input files
...
001 (8017966.512.000) 2026-06-21 02:41:04 Job executing on host: <128.105.76.47:9618?addrs=128.105.76.47-9618+[2607-f388-2200-100-527c-6fff-fe82-826a]-9618&alias=gpu4006.chtc.wisc.edu&noUDP&sock=startd_11220_90b3>
	SlotName: slot2_2@gpu4006.chtc.wisc.edu
	AvailableGPUs = { GPUs_GPU_5f4b1ce3 }
	CondorScratchDir = "/var/lib/condor/execute/slot2/dir_2656876/scratch"
	Cpus = 1
	Disk = 16777216
	GPUs = 1
	GPUs_GPU_5f4b1ce3 = [ Id = "GPU-5f4b1ce3"; Capability = 8.9; DeviceName = "NVIDIA L40S"; DeviceUuid = "5f4b1ce3-4b15-b946-0540-e2f21aaa5fe7"; ECCEnabled = true; NvidiaDriver = "590.48.01"; DriverVersion = 13.1; DevicePciBusId = "0000:21:00.0"; GlobalMemoryMb = 45460; MaxSupportedVersion = 13010 ]
	IoHeavy = 0
	Memory = 16384
...
040 (8017966.512.000) 2026-06-21 02:41:07 Started transferring output files
...
040 (8017966.512.000) 2026-06-21 02:41:07 Finished transferring output files
...
004 (8017966.512.000) 2026-06-21 02:41:07 Job was evicted.
	(0) Job terminated and was requeued
		Usr 0 00:00:01, Sys 0 00:00:00  -  Run Remote Usage
		Usr 0 00:00:00, Sys 0 00:00:00  -  Run Local Usage
	7025879  -  Run Bytes Sent By Job
	2791145618  -  Run Bytes Received By Job
	(1) Normal termination (return value 2)
	The job attribute OnExitRemove expression 'NumJobCompletions > JobMaxRetries || ExitCode =?= 0' evaluated to FALSE
...
040 (8017966.512.000) 2026-06-21 02:43:49 Started transferring input files
	Transferring to host: <128.105.68.101:9618?addrs=128.105.68.101-9618+[2607-f388-2200-100-1270-fdff-fe73-97d6]-9618&alias=gpu2009.chtc.wisc.edu&noUDP&sock=slot2_1_2748016_9e7c_74730>
...
040 (8017966.512.000) 2026-06-21 02:44:04 Finished transferring input files
...
001 (8017966.512.000) 2026-06-21 02:44:04 Job executing on host: <128.105.68.101:9618?addrs=128.105.68.101-9618+[2607-f388-2200-100-1270-fdff-fe73-97d6]-9618&alias=gpu2009.chtc.wisc.edu&noUDP&sock=startd_12432_e57c>
	SlotName: slot2_1@gpu2009.chtc.wisc.edu
	AvailableGPUs = { GPUs_GPU_763b3aa1 }
	CondorScratchDir = "/var/lib/condor/execute/slot2/dir_1607727/scratch"
	Cpus = 1
	Disk = 16777216
	GPUs = 1
	GPUs_GPU_763b3aa1 = [ Id = "GPU-763b3aa1"; Capability = 8.0; DeviceName = "NVIDIA A100-SXM4-80GB"; DeviceUuid = "763b3aa1-e893-7228-373b-d0af3538eedb"; ECCEnabled = true; NvidiaDriver = "570.195.03"; DriverVersion = 12.8; DevicePciBusId = "0000:01:00.0"; GlobalMemoryMb = 81154; MaxSupportedVersion = 12080 ]
	IoHeavy = 0
	Memory = 16384
...
040 (8017966.512.000) 2026-06-21 02:44:07 Started transferring output files
...
040 (8017966.512.000) 2026-06-21 02:44:07 Finished transferring output files
...
004 (8017966.512.000) 2026-06-21 02:44:08 Job was evicted.
	(0) Job terminated and was requeued
		Usr 0 00:00:02, Sys 0 00:00:00  -  Run Remote Usage
		Usr 0 00:00:00, Sys 0 00:00:00  -  Run Local Usage
	7025865  -  Run Bytes Sent By Job
	2791145618  -  Run Bytes Received By Job
	(1) Normal termination (return value 2)
	The job attribute OnExitRemove expression 'NumJobCompletions > JobMaxRetries || ExitCode =?= 0' evaluated to FALSE
...
040 (8017966.512.000) 2026-06-21 02:44:19 Started transferring input files
	Transferring to host: <128.105.76.47:9618?addrs=128.105.76.47-9618+[2607-f388-2200-100-527c-6fff-fe82-826a]-9618&alias=gpu4006.chtc.wisc.edu&noUDP&sock=slot2_2_2618986_4fbd_86803>
...
040 (8017966.512.000) 2026-06-21 02:44:26 Finished transferring input files
...
001 (8017966.512.000) 2026-06-21 02:44:26 Job executing on host: <128.105.76.47:9618?addrs=128.105.76.47-9618+[2607-f388-2200-100-527c-6fff-fe82-826a]-9618&alias=gpu4006.chtc.wisc.edu&noUDP&sock=startd_11220_90b3>
	SlotName: slot2_2@gpu4006.chtc.wisc.edu
	AvailableGPUs = { GPUs_GPU_5f4b1ce3 }
	CondorScratchDir = "/var/lib/condor/execute/slot2/dir_2662196/scratch"
	Cpus = 1
	Disk = 16777216
	GPUs = 1
	GPUs_GPU_5f4b1ce3 = [ Id = "GPU-5f4b1ce3"; Capability = 8.9; DeviceName = "NVIDIA L40S"; DeviceUuid = "5f4b1ce3-4b15-b946-0540-e2f21aaa5fe7"; ECCEnabled = true; NvidiaDriver = "590.48.01"; DriverVersion = 13.1; DevicePciBusId = "0000:21:00.0"; GlobalMemoryMb = 45460; MaxSupportedVersion = 13010 ]
	IoHeavy = 0
	Memory = 16384
...
040 (8017966.512.000) 2026-06-21 02:44:28 Started transferring output files
...
040 (8017966.512.000) 2026-06-21 02:44:28 Finished transferring output files
...
004 (8017966.512.000) 2026-06-21 02:44:29 Job was evicted.
	(0) Job terminated and was requeued
		Usr 0 00:00:01, Sys 0 00:00:00  -  Run Remote Usage
		Usr 0 00:00:00, Sys 0 00:00:00  -  Run Local Usage
	7025879  -  Run Bytes Sent By Job
	2791145618  -  Run Bytes Received By Job
	(1) Normal termination (return value 2)
	The job attribute OnExitRemove expression 'NumJobCompletions > JobMaxRetries || ExitCode =?= 0' evaluated to FALSE
...
040 (8017966.512.000) 2026-06-21 02:44:36 Started transferring input files
	Transferring to host: <128.105.76.47:9618?addrs=128.105.76.47-9618+[2607-f388-2200-100-527c-6fff-fe82-826a]-9618&alias=gpu4006.chtc.wisc.edu&noUDP&sock=slot2_2_2618986_4fbd_86804>
...
040 (8017966.512.000) 2026-06-21 02:44:48 Finished transferring input files
...
001 (8017966.512.000) 2026-06-21 02:44:48 Job executing on host: <128.105.76.47:9618?addrs=128.105.76.47-9618+[2607-f388-2200-100-527c-6fff-fe82-826a]-9618&alias=gpu4006.chtc.wisc.edu&noUDP&sock=startd_11220_90b3>
	SlotName: slot2_2@gpu4006.chtc.wisc.edu
	AvailableGPUs = { GPUs_GPU_5f4b1ce3 }
	CondorScratchDir = "/var/lib/condor/execute/slot2/dir_2664111/scratch"
	Cpus = 1
	Disk = 16777216
	GPUs = 1
	GPUs_GPU_5f4b1ce3 = [ Id = "GPU-5f4b1ce3"; Capability = 8.9; DeviceName = "NVIDIA L40S"; DeviceUuid = "5f4b1ce3-4b15-b946-0540-e2f21aaa5fe7"; ECCEnabled = true; NvidiaDriver = "590.48.01"; DriverVersion = 13.1; DevicePciBusId = "0000:21:00.0"; GlobalMemoryMb = 45460; MaxSupportedVersion = 13010 ]
	IoHeavy = 0
	Memory = 16384
...
040 (8017966.512.000) 2026-06-21 02:44:51 Started transferring output files
...
040 (8017966.512.000) 2026-06-21 02:44:51 Finished transferring output files
...
004 (8017966.512.000) 2026-06-21 02:44:51 Job was evicted.
	(0) Job terminated and was requeued
		Usr 0 00:00:01, Sys 0 00:00:00  -  Run Remote Usage
		Usr 0 00:00:00, Sys 0 00:00:00  -  Run Local Usage
	7025879  -  Run Bytes Sent By Job
	2791145618  -  Run Bytes Received By Job
	(1) Normal termination (return value 2)
	The job attribute OnExitRemove expression 'NumJobCompletions > JobMaxRetries || ExitCode =?= 0' evaluated to FALSE
...
040 (8017966.512.000) 2026-06-21 02:45:24 Started transferring input files
	Transferring to host: <128.105.68.101:9618?addrs=128.105.68.101-9618+[2607-f388-2200-100-1270-fdff-fe73-97d6]-9618&alias=gpu2009.chtc.wisc.edu&noUDP&sock=slot2_1_2748016_9e7c_74736>
...
040 (8017966.512.000) 2026-06-21 02:46:08 Finished transferring input files
...
001 (8017966.512.000) 2026-06-21 02:46:08 Job executing on host: <128.105.68.101:9618?addrs=128.105.68.101-9618+[2607-f388-2200-100-1270-fdff-fe73-97d6]-9618&alias=gpu2009.chtc.wisc.edu&noUDP&sock=startd_12432_e57c>
	SlotName: slot2_1@gpu2009.chtc.wisc.edu
	AvailableGPUs = { GPUs_GPU_763b3aa1 }
	CondorScratchDir = "/var/lib/condor/execute/slot2/dir_1609400/scratch"
	Cpus = 1
	Disk = 16777216
	GPUs = 1
	GPUs_GPU_763b3aa1 = [ Id = "GPU-763b3aa1"; Capability = 8.0; DeviceName = "NVIDIA A100-SXM4-80GB"; DeviceUuid = "763b3aa1-e893-7228-373b-d0af3538eedb"; ECCEnabled = true; NvidiaDriver = "570.195.03"; DriverVersion = 12.8; DevicePciBusId = "0000:01:00.0"; GlobalMemoryMb = 81154; MaxSupportedVersion = 12080 ]
	IoHeavy = 0
	Memory = 16384
...
040 (8017966.512.000) 2026-06-21 02:46:11 Started transferring output files
...
040 (8017966.512.000) 2026-06-21 02:46:11 Finished transferring output files
...
004 (8017966.512.000) 2026-06-21 02:46:12 Job was evicted.
	(0) Job terminated and was requeued
		Usr 0 00:00:02, Sys 0 00:00:01  -  Run Remote Usage
		Usr 0 00:00:00, Sys 0 00:00:00  -  Run Local Usage
	7025865  -  Run Bytes Sent By Job
	2791145618  -  Run Bytes Received By Job
	(1) Normal termination (return value 2)
	The job attribute OnExitRemove expression 'NumJobCompletions > JobMaxRetries || ExitCode =?= 0' evaluated to FALSE
...
040 (8017966.512.000) 2026-06-21 02:46:24 Started transferring input files
	Transferring to host: <128.104.103.52:9618?addrs=128.104.103.52-9618+[2607-f388-107c-501-b226-28ff-fe4e-3a04]-9618&alias=ahlquist0001.chtc.wisc.edu&noUDP&sock=backfill1_1_4028860_1671_84356>
...
040 (8017966.512.000) 2026-06-21 02:46:40 Finished transferring input files
...
001 (8017966.512.000) 2026-06-21 02:46:40 Job executing on host: <128.104.103.52:9618?addrs=128.104.103.52-9618+[2607-f388-107c-501-b226-28ff-fe4e-3a04]-9618&alias=ahlquist0001.chtc.wisc.edu&noUDP&sock=startd_10174_18a3>
	SlotName: backfill1_1@ahlquist0001.chtc.wisc.edu
	AvailableGPUs = { GPUs_GPU_829ef9f2 }
	CondorScratchDir = "/var/lib/condor/execute/slot1/dir_1901661/scratch"
	Cpus = 1
	Disk = 16777216
	GPUs = 1
	GPUs_GPU_829ef9f2 = [ Id = "GPU-829ef9f2"; Capability = 6.0; DeviceName = "Tesla P100-PCIE-16GB"; DeviceUuid = "829ef9f2-d45b-2dd8-c25b-61fa9b6ee85b"; ECCEnabled = true; NvidiaDriver = "550.54.14"; DriverVersion = 12.4; DevicePciBusId = "0000:D8:00.0"; GlobalMemoryMb = 16269; MaxSupportedVersion = 12040 ]
	IoHeavy = 0
	Memory = 16384
...
040 (8017966.512.000) 2026-06-21 02:46:48 Started transferring output files
...
040 (8017966.512.000) 2026-06-21 02:46:48 Finished transferring output files
...
004 (8017966.512.000) 2026-06-21 02:46:48 Job was evicted.
	(0) Job terminated and was requeued
		Usr 0 00:00:05, Sys 0 00:00:01  -  Run Remote Usage
		Usr 0 00:00:00, Sys 0 00:00:00  -  Run Local Usage
	7025870  -  Run Bytes Sent By Job
	2791145618  -  Run Bytes Received By Job
	(1) Normal termination (return value 2)
	The job attribute OnExitRemove expression 'NumJobCompletions > JobMaxRetries || ExitCode =?= 0' evaluated to FALSE
...
040 (8017966.512.000) 2026-06-21 02:46:55 Started transferring input files
	Transferring to host: <128.105.68.168:9618?addrs=128.105.68.168-9618+[2607-f388-2200-100-b62e-99ff-feb7-2dcb]-9618&alias=gpulab2003.chtc.wisc.edu&noUDP&sock=slot2_4_11172_6f3f_5056>
...
040 (8017966.512.000) 2026-06-21 02:47:12 Finished transferring input files
...
001 (8017966.512.000) 2026-06-21 02:47:12 Job executing on host: <128.105.68.168:9618?addrs=128.105.68.168-9618+[2607-f388-2200-100-b62e-99ff-feb7-2dcb]-9618&alias=gpulab2003.chtc.wisc.edu&noUDP&sock=startd_10155_1056>
	SlotName: slot2_4@gpulab2003.chtc.wisc.edu
	AvailableGPUs = { GPUs_GPU_61902b82 }
	CondorScratchDir = "/var/lib/condor/execute/slot2/dir_4138818/scratch"
	Cpus = 1
	Disk = 16777216
	GPUs = 1
	GPUs_GPU_61902b82 = [ Id = "GPU-61902b82"; Capability = 7.5; DeviceName = "NVIDIA GeForce RTX 2080 Ti"; DeviceUuid = "61902b82-cedb-e4be-d010-bca8829ec79b"; ECCEnabled = false; NvidiaDriver = "570.195.03"; DriverVersion = 12.8; DevicePciBusId = "0000:B2:00.0"; GlobalMemoryMb = 10823; MaxSupportedVersion = 12080 ]
	IoHeavy = 0
	Memory = 16384
...
040 (8017966.512.000) 2026-06-21 02:47:16 Started transferring output files
...
040 (8017966.512.000) 2026-06-21 02:47:16 Finished transferring output files
...
004 (8017966.512.000) 2026-06-21 02:47:16 Job was evicted.
	(0) Job terminated and was requeued
		Usr 0 00:00:03, Sys 0 00:00:00  -  Run Remote Usage
		Usr 0 00:00:00, Sys 0 00:00:00  -  Run Local Usage
	7025858  -  Run Bytes Sent By Job
	2791145618  -  Run Bytes Received By Job
	(1) Normal termination (return value 2)
	The job attribute OnExitRemove expression 'NumJobCompletions > JobMaxRetries || ExitCode =?= 0' evaluated to FALSE
...
040 (8017966.512.000) 2026-06-21 02:47:20 Started transferring input files
	Transferring to host: <128.105.68.168:9618?addrs=128.105.68.168-9618+[2607-f388-2200-100-b62e-99ff-feb7-2dcb]-9618&alias=gpulab2003.chtc.wisc.edu&noUDP&sock=slot2_4_11172_6f3f_5057>
...
040 (8017966.512.000) 2026-06-21 02:47:41 Finished transferring input files
...
001 (8017966.512.000) 2026-06-21 02:47:41 Job executing on host: <128.105.68.168:9618?addrs=128.105.68.168-9618+[2607-f388-2200-100-b62e-99ff-feb7-2dcb]-9618&alias=gpulab2003.chtc.wisc.edu&noUDP&sock=startd_10155_1056>
	SlotName: slot2_4@gpulab2003.chtc.wisc.edu
	AvailableGPUs = { GPUs_GPU_61902b82 }
	CondorScratchDir = "/var/lib/condor/execute/slot2/dir_4139083/scratch"
	Cpus = 1
	Disk = 16777216
	GPUs = 1
	GPUs_GPU_61902b82 = [ Id = "GPU-61902b82"; Capability = 7.5; DeviceName = "NVIDIA GeForce RTX 2080 Ti"; DeviceUuid = "61902b82-cedb-e4be-d010-bca8829ec79b"; ECCEnabled = false; NvidiaDriver = "570.195.03"; DriverVersion = 12.8; DevicePciBusId = "0000:B2:00.0"; GlobalMemoryMb = 10823; MaxSupportedVersion = 12080 ]
	IoHeavy = 0
	Memory = 16384
...
040 (8017966.512.000) 2026-06-21 02:47:45 Started transferring output files
...
040 (8017966.512.000) 2026-06-21 02:47:45 Finished transferring output files
...
005 (8017966.512.000) 2026-06-21 02:47:46 Job terminated.
	(1) Normal termination (return value 2)
		Usr 0 00:00:03, Sys 0 00:00:00  -  Run Remote Usage
		Usr 0 00:00:00, Sys 0 00:00:00  -  Run Local Usage
		Usr 0 00:02:17, Sys 0 00:00:06  -  Total Remote Usage
		Usr 0 00:00:00, Sys 0 00:00:00  -  Total Local Usage
	7025858  -  Run Bytes Sent By Job
	2791145618  -  Run Bytes Received By Job
	77289463  -  Total Bytes Sent By Job
	30695576435  -  Total Bytes Received By Job
	Partitionable Resources :    Usage  Request Allocated Assigned
	   Cpus                 :        0        1         1 
	   Disk (KB)            :  2725765 16777216  16777216 
	   GPUs                 :        0        1         1 "GPU-61902b82"
	   IoHeavy              :                           0 
	   Memory (MB)          :      440    16384     16384 
	   TimeExecute (s)      :        4                    
	   TimeSlotBusy (s)     :       25                    
...
