000 (8017966.607.000) 2026-06-20 22:07:54 Job submitted from host: <128.105.68.112:9618?addrs=128.105.68.112-9618+[2607-f388-2200-100-eaeb-d3ff-fea3-4202]-9618&alias=ap2001.chtc.wisc.edu&noUDP&sock=schedd_4071840_2329>
...
040 (8017966.607.000) 2026-06-21 03:17:18 Started transferring input files
	Transferring to host: <128.105.68.141:9618?addrs=128.105.68.141-9618+[2607-f388-2200-100-b226-28ff-fe24-f732]-9618&alias=gpu2001.chtc.wisc.edu&noUDP&sock=slot2_1_3454505_0815_75868>
...
040 (8017966.607.000) 2026-06-21 03:17:33 Finished transferring input files
...
001 (8017966.607.000) 2026-06-21 03:17:33 Job executing on host: <128.105.68.141:9618?addrs=128.105.68.141-9618+[2607-f388-2200-100-b226-28ff-fe24-f732]-9618&alias=gpu2001.chtc.wisc.edu&noUDP&sock=startd_10421_8487>
	SlotName: slot2_1@gpu2001.chtc.wisc.edu
	AvailableGPUs = { GPUs_GPU_ddc1c098 }
	CondorScratchDir = "/var/lib/condor/execute/slot2/dir_3308136/scratch"
	Cpus = 1
	Disk = 16777216
	GPUs = 1
	GPUs_GPU_ddc1c098 = [ Id = "GPU-ddc1c098"; Capability = 6.0; DeviceName = "Tesla P100-PCIE-16GB"; DeviceUuid = "ddc1c098-16dd-3c4e-0463-5888fb3af09c"; ECCEnabled = true; NvidiaDriver = "570.195.03"; DriverVersion = 12.8; DevicePciBusId = "0000:3B:00.0"; GlobalMemoryMb = 16269; MaxSupportedVersion = 12080 ]
	IoHeavy = 0
	Memory = 16384
...
006 (8017966.607.000) 2026-06-21 03:17:42 Image size of job updated: 154672
	152  -  MemoryUsage of job (MB)
	154672  -  ResidentSetSize of job (KB)
...
006 (8017966.607.000) 2026-06-21 03:22:43 Image size of job updated: 906508
	884  -  MemoryUsage of job (MB)
	905192  -  ResidentSetSize of job (KB)
...
006 (8017966.607.000) 2026-06-21 03:27:43 Image size of job updated: 906508
	885  -  MemoryUsage of job (MB)
	905252  -  ResidentSetSize of job (KB)
...
006 (8017966.607.000) 2026-06-21 03:32:44 Image size of job updated: 906508
	885  -  MemoryUsage of job (MB)
	906080  -  ResidentSetSize of job (KB)
...
006 (8017966.607.000) 2026-06-21 03:37:44 Image size of job updated: 908416
	888  -  MemoryUsage of job (MB)
	908416  -  ResidentSetSize of job (KB)
...
006 (8017966.607.000) 2026-06-21 03:42:45 Image size of job updated: 912180
	891  -  MemoryUsage of job (MB)
	912180  -  ResidentSetSize of job (KB)
...
006 (8017966.607.000) 2026-06-21 03:47:45 Image size of job updated: 915984
	895  -  MemoryUsage of job (MB)
	915984  -  ResidentSetSize of job (KB)
...
006 (8017966.607.000) 2026-06-21 03:52:46 Image size of job updated: 917448
	896  -  MemoryUsage of job (MB)
	917448  -  ResidentSetSize of job (KB)
...
006 (8017966.607.000) 2026-06-21 03:57:46 Image size of job updated: 922532
	901  -  MemoryUsage of job (MB)
	922532  -  ResidentSetSize of job (KB)
...
006 (8017966.607.000) 2026-06-21 04:02:47 Image size of job updated: 926904
	906  -  MemoryUsage of job (MB)
	926904  -  ResidentSetSize of job (KB)
...
006 (8017966.607.000) 2026-06-21 04:07:48 Image size of job updated: 929216
	906  -  MemoryUsage of job (MB)
	926904  -  ResidentSetSize of job (KB)
...
006 (8017966.607.000) 2026-06-21 04:12:48 Image size of job updated: 933096
	912  -  MemoryUsage of job (MB)
	933096  -  ResidentSetSize of job (KB)
...
006 (8017966.607.000) 2026-06-21 04:17:49 Image size of job updated: 936236
	915  -  MemoryUsage of job (MB)
	936236  -  ResidentSetSize of job (KB)
...
006 (8017966.607.000) 2026-06-21 04:22:49 Image size of job updated: 939420
	918  -  MemoryUsage of job (MB)
	939420  -  ResidentSetSize of job (KB)
...
040 (8017966.607.000) 2026-06-21 04:44:39 Started transferring output files
...
040 (8017966.607.000) 2026-06-21 04:44:39 Finished transferring output files
...
005 (8017966.607.000) 2026-06-21 04:44:40 Job terminated.
	(1) Normal termination (return value 0)
		Usr 0 01:28:54, Sys 0 00:09:14  -  Run Remote Usage
		Usr 0 00:00:00, Sys 0 00:00:00  -  Run Local Usage
		Usr 0 01:28:54, Sys 0 00:09:14  -  Total Remote Usage
		Usr 0 00:00:00, Sys 0 00:00:00  -  Total Local Usage
	2593976  -  Run Bytes Sent By Job
	2782719649  -  Run Bytes Received By Job
	2593976  -  Total Bytes Sent By Job
	2782719649  -  Total Bytes Received By Job
	Partitionable Resources :      Usage  Request Allocated Assigned
	   Cpus                 :       1.00        1         1 
	   Disk (KB)            : 2729889    16777216  16777216 
	   GPUs                 :                   1         1 "GPU-ddc1c098"
	   GpusMemory (MB)      :    3831                       
	   IoHeavy              :                             0 
	   Memory (MB)          :     918       16384     16384 
	   TimeExecute (s)      :    5226                       
	   TimeSlotBusy (s)     :    5241                       
...
