000 (8017966.323.000) 2026-06-20 22:07:54 Job submitted from host: <128.105.68.112:9618?addrs=128.105.68.112-9618+[2607-f388-2200-100-eaeb-d3ff-fea3-4202]-9618&alias=ap2001.chtc.wisc.edu&noUDP&sock=schedd_4071840_2329>
...
040 (8017966.323.000) 2026-06-21 01:16:02 Started transferring input files
	Transferring to host: <128.105.76.47:9618?addrs=128.105.76.47-9618+[2607-f388-2200-100-527c-6fff-fe82-826a]-9618&alias=gpu4006.chtc.wisc.edu&noUDP&sock=slot2_4_2618986_4fbd_86558>
...
040 (8017966.323.000) 2026-06-21 01:16:08 Finished transferring input files
...
001 (8017966.323.000) 2026-06-21 01:16:08 Job executing on host: <128.105.76.47:9618?addrs=128.105.76.47-9618+[2607-f388-2200-100-527c-6fff-fe82-826a]-9618&alias=gpu4006.chtc.wisc.edu&noUDP&sock=startd_11220_90b3>
	SlotName: slot2_4@gpu4006.chtc.wisc.edu
	AvailableGPUs = { GPUs_GPU_ebce8790 }
	CondorScratchDir = "/var/lib/condor/execute/slot2/dir_2571221/scratch"
	Cpus = 1
	Disk = 16777216
	GPUs = 1
	GPUs_GPU_ebce8790 = [ Id = "GPU-ebce8790"; Capability = 8.9; DeviceName = "NVIDIA L40S"; DeviceUuid = "ebce8790-e43f-ac1a-f7a9-2254127e04da"; ECCEnabled = true; NvidiaDriver = "590.48.01"; DriverVersion = 13.1; DevicePciBusId = "0000:41:00.0"; GlobalMemoryMb = 45460; MaxSupportedVersion = 13010 ]
	IoHeavy = 0
	Memory = 16384
...
006 (8017966.323.000) 2026-06-21 01:16:17 Image size of job updated: 490892
	480  -  MemoryUsage of job (MB)
	490892  -  ResidentSetSize of job (KB)
...
006 (8017966.323.000) 2026-06-21 01:21:17 Image size of job updated: 1009132
	985  -  MemoryUsage of job (MB)
	1007800  -  ResidentSetSize of job (KB)
...
006 (8017966.323.000) 2026-06-21 01:26:17 Image size of job updated: 1010872
	988  -  MemoryUsage of job (MB)
	1010872  -  ResidentSetSize of job (KB)
...
006 (8017966.323.000) 2026-06-21 01:31:18 Image size of job updated: 1018168
	995  -  MemoryUsage of job (MB)
	1018104  -  ResidentSetSize of job (KB)
...
006 (8017966.323.000) 2026-06-21 01:36:18 Image size of job updated: 1024032
	1001  -  MemoryUsage of job (MB)
	1024032  -  ResidentSetSize of job (KB)
...
006 (8017966.323.000) 2026-06-21 01:41:19 Image size of job updated: 1030560
	1007  -  MemoryUsage of job (MB)
	1030560  -  ResidentSetSize of job (KB)
...
006 (8017966.323.000) 2026-06-21 01:46:19 Image size of job updated: 1041048
	1017  -  MemoryUsage of job (MB)
	1041048  -  ResidentSetSize of job (KB)
...
006 (8017966.323.000) 2026-06-21 01:51:20 Image size of job updated: 1051432
	1027  -  MemoryUsage of job (MB)
	1051432  -  ResidentSetSize of job (KB)
...
006 (8017966.323.000) 2026-06-21 01:53:44 Image size of job updated: 1053108
	1027  -  MemoryUsage of job (MB)
	1051432  -  ResidentSetSize of job (KB)
...
040 (8017966.323.000) 2026-06-21 01:53:44 Started transferring output files
...
040 (8017966.323.000) 2026-06-21 01:53:44 Finished transferring output files
...
005 (8017966.323.000) 2026-06-21 01:53:44 Job terminated.
	(1) Normal termination (return value 0)
		Usr 0 00:38:08, Sys 0 01:56:13  -  Run Remote Usage
		Usr 0 00:00:00, Sys 0 00:00:00  -  Run Local Usage
		Usr 0 00:38:08, Sys 0 01:56:13  -  Total Remote Usage
		Usr 0 00:00:00, Sys 0 00:00:00  -  Total Local Usage
	2594859  -  Run Bytes Sent By Job
	2781812445  -  Run Bytes Received By Job
	2594859  -  Total Bytes Sent By Job
	2781812445  -  Total Bytes Received By Job
	Partitionable Resources :      Usage  Request Allocated Assigned
	   Cpus                 :       4.36        1         1 
	   Disk (KB)            : 2728872    16777216  16777216 
	   GPUs                 :       0.86        1         1 "GPU-ebce8790"
	   GpusMemory (MB)      :    6806                       
	   IoHeavy              :                             0 
	   Memory (MB)          :    1027       16384     16384 
	   TimeExecute (s)      :    2256                       
	   TimeSlotBusy (s)     :    2262                       
...
