000 (8017966.465.000) 2026-06-20 22:07:54 Job submitted from host: <128.105.68.112:9618?addrs=128.105.68.112-9618+[2607-f388-2200-100-eaeb-d3ff-fea3-4202]-9618&alias=ap2001.chtc.wisc.edu&noUDP&sock=schedd_4071840_2329>
...
040 (8017966.465.000) 2026-06-21 02:14:18 Started transferring input files
	Transferring to host: <10.1.1.133:42105?CCBID=128.105.82.148:9618%3faddrs%3d128.105.82.148-9618+[2607-f388-2200-9d-7ccb-bc08-2489-768a]-9618%26alias%3dospool-ccb.osg.chtc.io%26noUDP%26sock%3dcollector4#4300666%2067.58.49.91:9618%3faddrs%3d67.58.49.91-9618+[fdf0-17b3-c3ec-1f79-10-0-e-b69d]-9618%26alias%3dccb-2.ospool.osg-htc.org%26noUDP%26sock%3dcollector8#4297159&PrivNet=gpu03&addrs=10.1.1.133-42105&alias=gpu03&noUDP>
...
040 (8017966.465.000) 2026-06-21 02:14:46 Finished transferring input files
...
021 (8017966.465.000) 2026-06-21 02:14:46 Message from starter on slot1_2@glidein_3062367_187566720@gpu03:
	PREPARE_JOB (prepare-hook) succeeded (reported status 000): Using Singularity image openfe_1.11.1.sif
...
001 (8017966.465.000) 2026-06-21 02:14:46 Job executing on host: <10.1.1.133:36499?CCBID=128.105.82.148:9618%3faddrs%3d128.105.82.148-9618+[2607-f388-2200-9d-7ccb-bc08-2489-768a]-9618%26alias%3dospool-ccb.osg.chtc.io%26noUDP%26sock%3dcollector2#4290611%2067.58.49.91:9618%3faddrs%3d67.58.49.91-9618+[fdf0-17b3-c3ec-1f79-10-0-e-b69d]-9618%26alias%3dccb-2.ospool.osg-htc.org%26noUDP%26sock%3dcollector8#4288469&PrivNet=gpu03&addrs=10.1.1.133-36499&alias=gpu03&noUDP>
	SlotName: slot1_2@glidein_3062367_187566720@gpu03
	AvailableGPUs = { GPUs_GPU_950fc1bc }
	CondorScratchDir = "/tmp/glide_axJLUa/execute/dir_3179285/scratch"
	Cpus = 1
	Disk = 16777216
	GPUs = 1
	GPUs_GPU_950fc1bc = [ Id = "GPU-950fc1bc"; ClockMhz = 1740.0; Capability = 8.6; CoresPerCU = 128; DeviceName = "NVIDIA A40"; DeviceUuid = "950fc1bc-e698-da80-7f5a-cad89ced1e50"; ECCEnabled = true; ComputeUnits = 84; NvidiaDriver = "595.71.05"; DriverVersion = 13.2; DevicePciBusId = "0000:41:00.0"; GlobalMemoryMb = 45739; MaxSupportedVersion = 13020 ]
	Memory = 16384
...
006 (8017966.465.000) 2026-06-21 02:14:55 Image size of job updated: 9905640
	491  -  MemoryUsage of job (MB)
	502164  -  ResidentSetSize of job (KB)
...
006 (8017966.465.000) 2026-06-21 02:19:55 Image size of job updated: 27575232
	2307  -  MemoryUsage of job (MB)
	2361400  -  ResidentSetSize of job (KB)
...
006 (8017966.465.000) 2026-06-21 02:29:56 Image size of job updated: 27577980
	2311  -  MemoryUsage of job (MB)
	2365496  -  ResidentSetSize of job (KB)
...
006 (8017966.465.000) 2026-06-21 02:34:57 Image size of job updated: 27582024
	2314  -  MemoryUsage of job (MB)
	2369080  -  ResidentSetSize of job (KB)
...
006 (8017966.465.000) 2026-06-21 02:39:57 Image size of job updated: 27584728
	2318  -  MemoryUsage of job (MB)
	2373176  -  ResidentSetSize of job (KB)
...
006 (8017966.465.000) 2026-06-21 02:44:58 Image size of job updated: 27588160
	2322  -  MemoryUsage of job (MB)
	2376760  -  ResidentSetSize of job (KB)
...
006 (8017966.465.000) 2026-06-21 02:49:58 Image size of job updated: 27592096
	2326  -  MemoryUsage of job (MB)
	2380856  -  ResidentSetSize of job (KB)
...
006 (8017966.465.000) 2026-06-21 02:54:59 Image size of job updated: 27595936
	2335  -  MemoryUsage of job (MB)
	2390072  -  ResidentSetSize of job (KB)
...
006 (8017966.465.000) 2026-06-21 02:59:59 Image size of job updated: 27599500
	2376  -  MemoryUsage of job (MB)
	2432568  -  ResidentSetSize of job (KB)
...
006 (8017966.465.000) 2026-06-21 03:05:00 Image size of job updated: 27605576
	2395  -  MemoryUsage of job (MB)
	2451512  -  ResidentSetSize of job (KB)
...
006 (8017966.465.000) 2026-06-21 03:10:00 Image size of job updated: 27608624
	2397  -  MemoryUsage of job (MB)
	2454072  -  ResidentSetSize of job (KB)
...
006 (8017966.465.000) 2026-06-21 03:15:01 Image size of job updated: 27612976
	2402  -  MemoryUsage of job (MB)
	2458680  -  ResidentSetSize of job (KB)
...
040 (8017966.465.000) 2026-06-21 03:20:57 Started transferring output files
...
040 (8017966.465.000) 2026-06-21 03:20:57 Finished transferring output files
...
005 (8017966.465.000) 2026-06-21 03:20:58 Job terminated.
	(1) Normal termination (return value 0)
		Usr 0 01:05:24, Sys 0 00:07:28  -  Run Remote Usage
		Usr 0 00:00:00, Sys 0 00:00:00  -  Run Local Usage
		Usr 0 01:05:24, Sys 0 00:07:28  -  Total Remote Usage
		Usr 0 00:00:00, Sys 0 00:00:00  -  Total Local Usage
	1107076  -  Run Bytes Sent By Job
	2781860305  -  Run Bytes Received By Job
	1107076  -  Total Bytes Sent By Job
	2781860305  -  Total Bytes Received By Job
	Partitionable Resources :      Usage  Request Allocated Assigned
	   Cpus                 :       0.99        1         1 
	   Disk (KB)            : 2727942    16777216  16777216 
	   GPUs                 :       0.84        1         1 "GPU-950fc1bc"
	   GpusMemory (MB)      :    4178                       
	   Memory (MB)          :    2402       16384     16384 
	   TimeExecute (s)      :    3970                       
	   TimeSlotBusy (s)     :    4000                       
...
