000 (8017966.540.000) 2026-06-20 22:07:54 Job submitted from host: <128.105.68.112:9618?addrs=128.105.68.112-9618+[2607-f388-2200-100-eaeb-d3ff-fea3-4202]-9618&alias=ap2001.chtc.wisc.edu&noUDP&sock=schedd_4071840_2329>
...
040 (8017966.540.000) 2026-06-21 02:49:44 Started transferring input files
	Transferring to host: <128.105.69.72:9618?addrs=128.105.69.72-9618+[2607-f388-2200-100-bae9-24ff-fe36-96e0]-9618&alias=ssilwalgpu4000.chtc.wisc.edu&noUDP&sock=backfill1_4_2012046_2cd4_82777>
...
040 (8017966.540.000) 2026-06-21 02:49:55 Finished transferring input files
...
001 (8017966.540.000) 2026-06-21 02:49:55 Job executing on host: <128.105.69.72:9618?addrs=128.105.69.72-9618+[2607-f388-2200-100-bae9-24ff-fe36-96e0]-9618&alias=ssilwalgpu4000.chtc.wisc.edu&noUDP&sock=startd_10752_8e60>
	SlotName: backfill1_4@ssilwalgpu4000.chtc.wisc.edu
	AvailableGPUs = { GPUs_GPU_b5971c9a }
	CondorScratchDir = "/var/lib/condor/execute/slot1/dir_3466127/scratch"
	Cpus = 1
	Disk = 16777216
	GPUs = 1
	GPUs_GPU_b5971c9a = [ Id = "GPU-b5971c9a"; Capability = 9.0; DeviceName = "NVIDIA H200"; DeviceUuid = "b5971c9a-8acb-7ccb-552b-9d589c74f4b0"; ECCEnabled = true; NvidiaDriver = "570.195.03"; DriverVersion = 12.8; DevicePciBusId = "0000:1C:00.0"; GlobalMemoryMb = 143166; MaxSupportedVersion = 12080 ]
	IoHeavy = 0
	Memory = 16384
...
006 (8017966.540.000) 2026-06-21 02:50:04 Image size of job updated: 433208
	424  -  MemoryUsage of job (MB)
	433208  -  ResidentSetSize of job (KB)
...
006 (8017966.540.000) 2026-06-21 02:55:05 Image size of job updated: 975456
	952  -  MemoryUsage of job (MB)
	974124  -  ResidentSetSize of job (KB)
...
006 (8017966.540.000) 2026-06-21 03:00:05 Image size of job updated: 975700
	953  -  MemoryUsage of job (MB)
	975700  -  ResidentSetSize of job (KB)
...
006 (8017966.540.000) 2026-06-21 03:05:06 Image size of job updated: 982712
	960  -  MemoryUsage of job (MB)
	982712  -  ResidentSetSize of job (KB)
...
006 (8017966.540.000) 2026-06-21 03:10:06 Image size of job updated: 988360
	966  -  MemoryUsage of job (MB)
	988360  -  ResidentSetSize of job (KB)
...
006 (8017966.540.000) 2026-06-21 03:15:06 Image size of job updated: 993736
	971  -  MemoryUsage of job (MB)
	993736  -  ResidentSetSize of job (KB)
...
006 (8017966.540.000) 2026-06-21 03:20:07 Image size of job updated: 1000276
	977  -  MemoryUsage of job (MB)
	1000276  -  ResidentSetSize of job (KB)
...
006 (8017966.540.000) 2026-06-21 03:25:07 Image size of job updated: 1005400
	977  -  MemoryUsage of job (MB)
	1000276  -  ResidentSetSize of job (KB)
...
006 (8017966.540.000) 2026-06-21 03:30:08 Image size of job updated: 1009632
	977  -  MemoryUsage of job (MB)
	1000276  -  ResidentSetSize of job (KB)
...
040 (8017966.540.000) 2026-06-21 03:33:48 Started transferring output files
...
040 (8017966.540.000) 2026-06-21 03:33:48 Finished transferring output files
...
005 (8017966.540.000) 2026-06-21 03:33:48 Job terminated.
	(1) Normal termination (return value 0)
		Usr 0 00:44:41, Sys 0 00:18:47  -  Run Remote Usage
		Usr 0 00:00:00, Sys 0 00:00:00  -  Run Local Usage
		Usr 0 00:44:41, Sys 0 00:18:47  -  Total Remote Usage
		Usr 0 00:00:00, Sys 0 00:00:00  -  Total Local Usage
	2899633  -  Run Bytes Sent By Job
	2781828597  -  Run Bytes Received By Job
	2899633  -  Total Bytes Sent By Job
	2781828597  -  Total Bytes Received By Job
	Partitionable Resources :      Usage  Request Allocated Assigned
	   Cpus                 :       1.00        1         1 
	   Disk (KB)            : 2729665    16777216  16777216 
	   GPUs                 :       0.83        1         1 "GPU-b5971c9a"
	   GpusMemory (MB)      :    8102                       
	   IoHeavy              :                             0 
	   Memory (MB)          :     977       16384     16384 
	   TimeExecute (s)      :    2633                       
	   TimeSlotBusy (s)     :    2644                       
...
