000 (8017966.976.000) 2026-06-20 22:07:54 Job submitted from host: <128.105.68.112:9618?addrs=128.105.68.112-9618+[2607-f388-2200-100-eaeb-d3ff-fea3-4202]-9618&alias=ap2001.chtc.wisc.edu&noUDP&sock=schedd_4071840_2329>
...
040 (8017966.976.000) 2026-06-21 05:54:03 Started transferring input files
	Transferring to host: <128.105.68.117:9618?addrs=128.105.68.117-9618+[2607-f388-2200-100-7ec2-55ff-fe9a-b4fa]-9618&alias=gpu4000.chtc.wisc.edu&noUDP&sock=slot2_4_1956795_d8ee_83089>
...
040 (8017966.976.000) 2026-06-21 05:54:15 Finished transferring input files
...
001 (8017966.976.000) 2026-06-21 05:54:15 Job executing on host: <128.105.68.117:9618?addrs=128.105.68.117-9618+[2607-f388-2200-100-7ec2-55ff-fe9a-b4fa]-9618&alias=gpu4000.chtc.wisc.edu&noUDP&sock=startd_674379_7ae3>
	SlotName: slot2_4@gpu4000.chtc.wisc.edu
	AvailableGPUs = { GPUs_GPU_85b798bf }
	CondorScratchDir = "/var/lib/condor/execute/slot2/dir_166520/scratch"
	Cpus = 1
	Disk = 16777216
	GPUs = 1
	GPUs_GPU_85b798bf = [ Id = "GPU-85b798bf"; Capability = 8.9; DeviceName = "NVIDIA L40"; DeviceUuid = "85b798bf-b3ac-60c1-4903-0e00d9a2de78"; ECCEnabled = true; NvidiaDriver = "570.195.03"; DriverVersion = 12.8; DevicePciBusId = "0000:56:00.0"; GlobalMemoryMb = 45468; MaxSupportedVersion = 12080 ]
	IoHeavy = 0
	Memory = 16384
...
006 (8017966.976.000) 2026-06-21 05:54:24 Image size of job updated: 426248
	417  -  MemoryUsage of job (MB)
	426248  -  ResidentSetSize of job (KB)
...
006 (8017966.976.000) 2026-06-21 05:59:25 Image size of job updated: 4270908
	3648  -  MemoryUsage of job (MB)
	3734596  -  ResidentSetSize of job (KB)
...
006 (8017966.976.000) 2026-06-21 06:04:25 Image size of job updated: 4270908
	4121  -  MemoryUsage of job (MB)
	4219172  -  ResidentSetSize of job (KB)
...
006 (8017966.976.000) 2026-06-21 06:09:26 Image size of job updated: 5069312
	4799  -  MemoryUsage of job (MB)
	4913284  -  ResidentSetSize of job (KB)
...
006 (8017966.976.000) 2026-06-21 06:14:26 Image size of job updated: 5308020
	5184  -  MemoryUsage of job (MB)
	5308020  -  ResidentSetSize of job (KB)
...
006 (8017966.976.000) 2026-06-21 06:24:27 Image size of job updated: 5650980
	5452  -  MemoryUsage of job (MB)
	5582736  -  ResidentSetSize of job (KB)
...
006 (8017966.976.000) 2026-06-21 06:29:27 Image size of job updated: 5669464
	5452  -  MemoryUsage of job (MB)
	5582736  -  ResidentSetSize of job (KB)
...
006 (8017966.976.000) 2026-06-21 06:34:28 Image size of job updated: 6220420
	6075  -  MemoryUsage of job (MB)
	6220420  -  ResidentSetSize of job (KB)
...
006 (8017966.976.000) 2026-06-21 06:35:37 Image size of job updated: 6449220
	6075  -  MemoryUsage of job (MB)
	6220420  -  ResidentSetSize of job (KB)
...
040 (8017966.976.000) 2026-06-21 06:35:37 Started transferring output files
...
040 (8017966.976.000) 2026-06-21 06:35:38 Finished transferring output files
...
004 (8017966.976.000) 2026-06-21 06:35:39 Job was evicted.
	(0) Job terminated and was requeued
		Usr 0 01:03:30, Sys 0 00:02:43  -  Run Remote Usage
		Usr 0 00:00:00, Sys 0 00:00:00  -  Run Local Usage
	481284307  -  Run Bytes Sent By Job
	2784300219  -  Run Bytes Received By Job
	(1) Normal termination (return value 1)
	The job attribute OnExitRemove expression 'NumJobCompletions > JobMaxRetries || ExitCode =?= 0' evaluated to FALSE
...
040 (8017966.976.000) 2026-06-21 06:35:43 Started transferring input files
	Transferring to host: <128.105.68.168:9618?addrs=128.105.68.168-9618+[2607-f388-2200-100-b62e-99ff-feb7-2dcb]-9618&alias=gpulab2003.chtc.wisc.edu&noUDP&sock=slot2_4_11172_6f3f_5954>
...
040 (8017966.976.000) 2026-06-21 06:36:01 Finished transferring input files
...
001 (8017966.976.000) 2026-06-21 06:36:01 Job executing on host: <128.105.68.168:9618?addrs=128.105.68.168-9618+[2607-f388-2200-100-b62e-99ff-feb7-2dcb]-9618&alias=gpulab2003.chtc.wisc.edu&noUDP&sock=startd_10155_1056>
	SlotName: slot2_4@gpulab2003.chtc.wisc.edu
	AvailableGPUs = { GPUs_GPU_61902b82 }
	CondorScratchDir = "/var/lib/condor/execute/slot2/dir_365361/scratch"
	Cpus = 1
	Disk = 16777216
	GPUs = 1
	GPUs_GPU_61902b82 = [ Id = "GPU-61902b82"; Capability = 7.5; DeviceName = "NVIDIA GeForce RTX 2080 Ti"; DeviceUuid = "61902b82-cedb-e4be-d010-bca8829ec79b"; ECCEnabled = false; NvidiaDriver = "570.195.03"; DriverVersion = 12.8; DevicePciBusId = "0000:B2:00.0"; GlobalMemoryMb = 10823; MaxSupportedVersion = 12080 ]
	IoHeavy = 0
	Memory = 16384
...
040 (8017966.976.000) 2026-06-21 06:36:05 Started transferring output files
...
040 (8017966.976.000) 2026-06-21 06:36:07 Finished transferring output files
...
004 (8017966.976.000) 2026-06-21 06:36:07 Job was evicted.
	(0) Job terminated and was requeued
		Usr 0 00:00:02, Sys 0 00:00:00  -  Run Remote Usage
		Usr 0 00:00:00, Sys 0 00:00:00  -  Run Local Usage
	481264560  -  Run Bytes Sent By Job
	3265564296  -  Run Bytes Received By Job
	(1) Normal termination (return value 2)
	The job attribute OnExitRemove expression 'NumJobCompletions > JobMaxRetries || ExitCode =?= 0' evaluated to FALSE
...
040 (8017966.976.000) 2026-06-21 06:36:16 Started transferring input files
	Transferring to host: <128.105.68.168:9618?addrs=128.105.68.168-9618+[2607-f388-2200-100-b62e-99ff-feb7-2dcb]-9618&alias=gpulab2003.chtc.wisc.edu&noUDP&sock=slot2_4_11172_6f3f_5957>
...
040 (8017966.976.000) 2026-06-21 06:36:35 Finished transferring input files
...
001 (8017966.976.000) 2026-06-21 06:36:35 Job executing on host: <128.105.68.168:9618?addrs=128.105.68.168-9618+[2607-f388-2200-100-b62e-99ff-feb7-2dcb]-9618&alias=gpulab2003.chtc.wisc.edu&noUDP&sock=startd_10155_1056>
	SlotName: slot2_4@gpulab2003.chtc.wisc.edu
	AvailableGPUs = { GPUs_GPU_61902b82 }
	CondorScratchDir = "/var/lib/condor/execute/slot2/dir_366156/scratch"
	Cpus = 1
	Disk = 16777216
	GPUs = 1
	GPUs_GPU_61902b82 = [ Id = "GPU-61902b82"; Capability = 7.5; DeviceName = "NVIDIA GeForce RTX 2080 Ti"; DeviceUuid = "61902b82-cedb-e4be-d010-bca8829ec79b"; ECCEnabled = false; NvidiaDriver = "570.195.03"; DriverVersion = 12.8; DevicePciBusId = "0000:B2:00.0"; GlobalMemoryMb = 10823; MaxSupportedVersion = 12080 ]
	IoHeavy = 0
	Memory = 16384
...
040 (8017966.976.000) 2026-06-21 06:36:39 Started transferring output files
...
040 (8017966.976.000) 2026-06-21 06:36:40 Finished transferring output files
...
004 (8017966.976.000) 2026-06-21 06:36:41 Job was evicted.
	(0) Job terminated and was requeued
		Usr 0 00:00:03, Sys 0 00:00:00  -  Run Remote Usage
		Usr 0 00:00:00, Sys 0 00:00:00  -  Run Local Usage
	481264560  -  Run Bytes Sent By Job
	3265564296  -  Run Bytes Received By Job
	(1) Normal termination (return value 2)
	The job attribute OnExitRemove expression 'NumJobCompletions > JobMaxRetries || ExitCode =?= 0' evaluated to FALSE
...
040 (8017966.976.000) 2026-06-21 06:38:30 Started transferring input files
	Transferring to host: <128.105.68.129:9618?addrs=128.105.68.129-9618+[2607-f388-2200-100-7e8c-9ff-fee9-7284]-9618&alias=gchrysosgpu4000.chtc.wisc.edu&noUDP&sock=backfill1_7_11538_508e_4678>
...
040 (8017966.976.000) 2026-06-21 06:38:45 Finished transferring input files
...
001 (8017966.976.000) 2026-06-21 06:38:45 Job executing on host: <128.105.68.129:9618?addrs=128.105.68.129-9618+[2607-f388-2200-100-7e8c-9ff-fee9-7284]-9618&alias=gchrysosgpu4000.chtc.wisc.edu&noUDP&sock=startd_11234_2b06>
	SlotName: backfill1_7@gchrysosgpu4000.chtc.wisc.edu
	AvailableGPUs = { GPUs_GPU_27d52c01 }
	CondorScratchDir = "/var/lib/condor/execute/slot1/dir_2722878/scratch"
	Cpus = 1
	Disk = 16777216
	GPUs = 1
	GPUs_GPU_27d52c01 = [ Id = "GPU-27d52c01"; Capability = 8.9; DeviceName = "NVIDIA L40S"; DeviceUuid = "27d52c01-ed5a-c036-5c07-04b265a5df27"; ECCEnabled = true; NvidiaDriver = "570.195.03"; DriverVersion = 12.8; DevicePciBusId = "0000:21:00.0"; GlobalMemoryMb = 45468; MaxSupportedVersion = 12080 ]
	IoHeavy = 0
	Memory = 16384
...
040 (8017966.976.000) 2026-06-21 06:38:48 Started transferring output files
...
040 (8017966.976.000) 2026-06-21 06:38:49 Finished transferring output files
...
004 (8017966.976.000) 2026-06-21 06:38:50 Job was evicted.
	(0) Job terminated and was requeued
		Usr 0 00:00:01, Sys 0 00:00:00  -  Run Remote Usage
		Usr 0 00:00:00, Sys 0 00:00:00  -  Run Local Usage
	481264575  -  Run Bytes Sent By Job
	3265564296  -  Run Bytes Received By Job
	(1) Normal termination (return value 2)
	The job attribute OnExitRemove expression 'NumJobCompletions > JobMaxRetries || ExitCode =?= 0' evaluated to FALSE
...
040 (8017966.976.000) 2026-06-21 06:39:45 Started transferring input files
	Transferring to host: <128.105.68.129:9618?addrs=128.105.68.129-9618+[2607-f388-2200-100-7e8c-9ff-fee9-7284]-9618&alias=gchrysosgpu4000.chtc.wisc.edu&noUDP&sock=backfill1_6_11538_508e_4680>
...
040 (8017966.976.000) 2026-06-21 06:39:56 Finished transferring input files
...
001 (8017966.976.000) 2026-06-21 06:39:56 Job executing on host: <128.105.68.129:9618?addrs=128.105.68.129-9618+[2607-f388-2200-100-7e8c-9ff-fee9-7284]-9618&alias=gchrysosgpu4000.chtc.wisc.edu&noUDP&sock=startd_11234_2b06>
	SlotName: backfill1_6@gchrysosgpu4000.chtc.wisc.edu
	AvailableGPUs = { GPUs_GPU_1c9b170b }
	CondorScratchDir = "/var/lib/condor/execute/slot1/dir_2724254/scratch"
	Cpus = 1
	Disk = 16777216
	GPUs = 1
	GPUs_GPU_1c9b170b = [ Id = "GPU-1c9b170b"; Capability = 8.9; DeviceName = "NVIDIA L40S"; DeviceUuid = "1c9b170b-5af6-0b66-62c1-59fc18c96c7f"; ECCEnabled = true; NvidiaDriver = "570.195.03"; DriverVersion = 12.8; DevicePciBusId = "0000:45:00.0"; GlobalMemoryMb = 45468; MaxSupportedVersion = 12080 ]
	IoHeavy = 0
	Memory = 16384
...
040 (8017966.976.000) 2026-06-21 06:39:59 Started transferring output files
...
040 (8017966.976.000) 2026-06-21 06:40:00 Finished transferring output files
...
004 (8017966.976.000) 2026-06-21 06:40:00 Job was evicted.
	(0) Job terminated and was requeued
		Usr 0 00:00:02, Sys 0 00:00:00  -  Run Remote Usage
		Usr 0 00:00:00, Sys 0 00:00:00  -  Run Local Usage
	481264575  -  Run Bytes Sent By Job
	3265564296  -  Run Bytes Received By Job
	(1) Normal termination (return value 2)
	The job attribute OnExitRemove expression 'NumJobCompletions > JobMaxRetries || ExitCode =?= 0' evaluated to FALSE
...
040 (8017966.976.000) 2026-06-21 06:40:17 Started transferring input files
	Transferring to host: <10.141.1.1:35925?CCBID=128.105.82.148:9618%3faddrs%3d128.105.82.148-9618+[2607-f388-2200-9d-7ccb-bc08-2489-768a]-9618%26alias%3dospool-ccb.osg.chtc.io%26noUDP%26sock%3dcollector9#4312260%2067.58.49.91:9618%3faddrs%3d67.58.49.91-9618+[fdf0-17b3-c3ec-1f79-10-0-e-b69d]-9618%26alias%3dccb-2.ospool.osg-htc.org%26noUDP%26sock%3dcollector9#4308643&PrivNet=gpu01&addrs=10.141.1.1-35925&alias=gpu01&noUDP>
...
040 (8017966.976.000) 2026-06-21 06:41:22 Finished transferring input files
...
021 (8017966.976.000) 2026-06-21 06:41:23 Message from starter on slot1_2@glidein_1205863_123476832@gpu01:
	PREPARE_JOB (prepare-hook) succeeded (reported status 000): Using Singularity image openfe_1.11.1.sif
...
001 (8017966.976.000) 2026-06-21 06:41:23 Job executing on host: <10.141.1.1:39645?CCBID=128.105.82.148:9618%3faddrs%3d128.105.82.148-9618+[2607-f388-2200-9d-7ccb-bc08-2489-768a]-9618%26alias%3dospool-ccb.osg.chtc.io%26noUDP%26sock%3dcollector7#4108689%2067.58.49.91:9618%3faddrs%3d67.58.49.91-9618+[fdf0-17b3-c3ec-1f79-10-0-e-b69d]-9618%26alias%3dccb-2.ospool.osg-htc.org%26noUDP%26sock%3dcollector3#4103163&PrivNet=gpu01&addrs=10.141.1.1-39645&alias=gpu01&noUDP>
	SlotName: slot1_2@glidein_1205863_123476832@gpu01
	AvailableGPUs = { GPUs_GPU_a7d29a66 }
	CondorScratchDir = "/scratch/osg01/glide_1gKUfX/execute/dir_4029779/scratch"
	Cpus = 1
	Disk = 16777216
	GPUs = 1
	GPUs_GPU_a7d29a66 = [ Id = "GPU-a7d29a66"; ClockMhz = 2520.0; Capability = 8.9; CoresPerCU = 128; DeviceName = "NVIDIA L40S"; DeviceUuid = "a7d29a66-4e9f-955e-ea6b-fdb65d456fc0"; ECCEnabled = true; ComputeUnits = 142; NvidiaDriver = "580.82.07"; DriverVersion = 13.0; DevicePciBusId = "0000:E1:00.0"; GlobalMemoryMb = 45458; MaxSupportedVersion = 13000 ]
	Memory = 16384
...
040 (8017966.976.000) 2026-06-21 06:41:27 Started transferring output files
...
040 (8017966.976.000) 2026-06-21 06:41:35 Finished transferring output files
...
004 (8017966.976.000) 2026-06-21 06:41:36 Job was evicted.
	(0) Job terminated and was requeued
		Usr 0 00:00:00, Sys 0 00:00:00  -  Run Remote Usage
		Usr 0 00:00:00, Sys 0 00:00:00  -  Run Local Usage
	481264574  -  Run Bytes Sent By Job
	3265564296  -  Run Bytes Received By Job
	(1) Normal termination (return value 2)
	The job attribute OnExitRemove expression 'NumJobCompletions > JobMaxRetries || ExitCode =?= 0' evaluated to FALSE
...
040 (8017966.976.000) 2026-06-21 06:41:37 Started transferring input files
	Transferring to host: <128.105.68.168:9618?addrs=128.105.68.168-9618+[2607-f388-2200-100-b62e-99ff-feb7-2dcb]-9618&alias=gpulab2003.chtc.wisc.edu&noUDP&sock=slot2_4_11172_6f3f_5982>
...
040 (8017966.976.000) 2026-06-21 06:42:14 Finished transferring input files
...
001 (8017966.976.000) 2026-06-21 06:42:14 Job executing on host: <128.105.68.168:9618?addrs=128.105.68.168-9618+[2607-f388-2200-100-b62e-99ff-feb7-2dcb]-9618&alias=gpulab2003.chtc.wisc.edu&noUDP&sock=startd_10155_1056>
	SlotName: slot2_4@gpulab2003.chtc.wisc.edu
	AvailableGPUs = { GPUs_GPU_61902b82 }
	CondorScratchDir = "/var/lib/condor/execute/slot2/dir_378056/scratch"
	Cpus = 1
	Disk = 16777216
	GPUs = 1
	GPUs_GPU_61902b82 = [ Id = "GPU-61902b82"; Capability = 7.5; DeviceName = "NVIDIA GeForce RTX 2080 Ti"; DeviceUuid = "61902b82-cedb-e4be-d010-bca8829ec79b"; ECCEnabled = false; NvidiaDriver = "570.195.03"; DriverVersion = 12.8; DevicePciBusId = "0000:B2:00.0"; GlobalMemoryMb = 10823; MaxSupportedVersion = 12080 ]
	IoHeavy = 0
	Memory = 16384
...
040 (8017966.976.000) 2026-06-21 06:42:18 Started transferring output files
...
040 (8017966.976.000) 2026-06-21 06:42:20 Finished transferring output files
...
004 (8017966.976.000) 2026-06-21 06:42:20 Job was evicted.
	(0) Job terminated and was requeued
		Usr 0 00:00:02, Sys 0 00:00:00  -  Run Remote Usage
		Usr 0 00:00:00, Sys 0 00:00:00  -  Run Local Usage
	481264560  -  Run Bytes Sent By Job
	3265564296  -  Run Bytes Received By Job
	(1) Normal termination (return value 2)
	The job attribute OnExitRemove expression 'NumJobCompletions > JobMaxRetries || ExitCode =?= 0' evaluated to FALSE
...
040 (8017966.976.000) 2026-06-21 06:42:25 Started transferring input files
	Transferring to host: <128.105.68.168:9618?addrs=128.105.68.168-9618+[2607-f388-2200-100-b62e-99ff-feb7-2dcb]-9618&alias=gpulab2003.chtc.wisc.edu&noUDP&sock=slot2_2_11172_6f3f_5984>
...
040 (8017966.976.000) 2026-06-21 06:42:43 Finished transferring input files
...
001 (8017966.976.000) 2026-06-21 06:42:43 Job executing on host: <128.105.68.168:9618?addrs=128.105.68.168-9618+[2607-f388-2200-100-b62e-99ff-feb7-2dcb]-9618&alias=gpulab2003.chtc.wisc.edu&noUDP&sock=startd_10155_1056>
	SlotName: slot2_2@gpulab2003.chtc.wisc.edu
	AvailableGPUs = { GPUs_GPU_77c064bf }
	CondorScratchDir = "/var/lib/condor/execute/slot2/dir_378590/scratch"
	Cpus = 1
	Disk = 16777216
	GPUs = 1
	GPUs_GPU_77c064bf = [ Id = "GPU-77c064bf"; Capability = 7.5; DeviceName = "NVIDIA GeForce RTX 2080 Ti"; DeviceUuid = "77c064bf-9d21-8784-e84a-c6f665dc0cb1"; ECCEnabled = false; NvidiaDriver = "570.195.03"; DriverVersion = 12.8; DevicePciBusId = "0000:3E:00.0"; GlobalMemoryMb = 10823; MaxSupportedVersion = 12080 ]
	IoHeavy = 0
	Memory = 16384
...
040 (8017966.976.000) 2026-06-21 06:42:48 Started transferring output files
...
040 (8017966.976.000) 2026-06-21 06:42:49 Finished transferring output files
...
004 (8017966.976.000) 2026-06-21 06:42:50 Job was evicted.
	(0) Job terminated and was requeued
		Usr 0 00:00:03, Sys 0 00:00:00  -  Run Remote Usage
		Usr 0 00:00:00, Sys 0 00:00:00  -  Run Local Usage
	481264570  -  Run Bytes Sent By Job
	3265564296  -  Run Bytes Received By Job
	(1) Normal termination (return value 2)
	The job attribute OnExitRemove expression 'NumJobCompletions > JobMaxRetries || ExitCode =?= 0' evaluated to FALSE
...
040 (8017966.976.000) 2026-06-21 06:42:59 Started transferring input files
	Transferring to host: <128.105.68.168:9618?addrs=128.105.68.168-9618+[2607-f388-2200-100-b62e-99ff-feb7-2dcb]-9618&alias=gpulab2003.chtc.wisc.edu&noUDP&sock=slot2_2_11172_6f3f_5990>
...
040 (8017966.976.000) 2026-06-21 06:43:18 Finished transferring input files
...
001 (8017966.976.000) 2026-06-21 06:43:18 Job executing on host: <128.105.68.168:9618?addrs=128.105.68.168-9618+[2607-f388-2200-100-b62e-99ff-feb7-2dcb]-9618&alias=gpulab2003.chtc.wisc.edu&noUDP&sock=startd_10155_1056>
	SlotName: slot2_2@gpulab2003.chtc.wisc.edu
	AvailableGPUs = { GPUs_GPU_77c064bf }
	CondorScratchDir = "/var/lib/condor/execute/slot2/dir_379338/scratch"
	Cpus = 1
	Disk = 16777216
	GPUs = 1
	GPUs_GPU_77c064bf = [ Id = "GPU-77c064bf"; Capability = 7.5; DeviceName = "NVIDIA GeForce RTX 2080 Ti"; DeviceUuid = "77c064bf-9d21-8784-e84a-c6f665dc0cb1"; ECCEnabled = false; NvidiaDriver = "570.195.03"; DriverVersion = 12.8; DevicePciBusId = "0000:3E:00.0"; GlobalMemoryMb = 10823; MaxSupportedVersion = 12080 ]
	IoHeavy = 0
	Memory = 16384
...
040 (8017966.976.000) 2026-06-21 06:43:22 Started transferring output files
...
040 (8017966.976.000) 2026-06-21 06:43:23 Finished transferring output files
...
004 (8017966.976.000) 2026-06-21 06:43:24 Job was evicted.
	(0) Job terminated and was requeued
		Usr 0 00:00:03, Sys 0 00:00:00  -  Run Remote Usage
		Usr 0 00:00:00, Sys 0 00:00:00  -  Run Local Usage
	481264570  -  Run Bytes Sent By Job
	3265564296  -  Run Bytes Received By Job
	(1) Normal termination (return value 2)
	The job attribute OnExitRemove expression 'NumJobCompletions > JobMaxRetries || ExitCode =?= 0' evaluated to FALSE
...
040 (8017966.976.000) 2026-06-21 06:43:28 Started transferring input files
	Transferring to host: <128.105.68.168:9618?addrs=128.105.68.168-9618+[2607-f388-2200-100-b62e-99ff-feb7-2dcb]-9618&alias=gpulab2003.chtc.wisc.edu&noUDP&sock=slot2_2_11172_6f3f_5992>
...
040 (8017966.976.000) 2026-06-21 06:43:47 Finished transferring input files
...
001 (8017966.976.000) 2026-06-21 06:43:47 Job executing on host: <128.105.68.168:9618?addrs=128.105.68.168-9618+[2607-f388-2200-100-b62e-99ff-feb7-2dcb]-9618&alias=gpulab2003.chtc.wisc.edu&noUDP&sock=startd_10155_1056>
	SlotName: slot2_2@gpulab2003.chtc.wisc.edu
	AvailableGPUs = { GPUs_GPU_77c064bf }
	CondorScratchDir = "/var/lib/condor/execute/slot2/dir_380168/scratch"
	Cpus = 1
	Disk = 16777216
	GPUs = 1
	GPUs_GPU_77c064bf = [ Id = "GPU-77c064bf"; Capability = 7.5; DeviceName = "NVIDIA GeForce RTX 2080 Ti"; DeviceUuid = "77c064bf-9d21-8784-e84a-c6f665dc0cb1"; ECCEnabled = false; NvidiaDriver = "570.195.03"; DriverVersion = 12.8; DevicePciBusId = "0000:3E:00.0"; GlobalMemoryMb = 10823; MaxSupportedVersion = 12080 ]
	IoHeavy = 0
	Memory = 16384
...
040 (8017966.976.000) 2026-06-21 06:43:51 Started transferring output files
...
040 (8017966.976.000) 2026-06-21 06:43:53 Finished transferring output files
...
004 (8017966.976.000) 2026-06-21 06:43:53 Job was evicted.
	(0) Job terminated and was requeued
		Usr 0 00:00:03, Sys 0 00:00:00  -  Run Remote Usage
		Usr 0 00:00:00, Sys 0 00:00:00  -  Run Local Usage
	481264570  -  Run Bytes Sent By Job
	3265564296  -  Run Bytes Received By Job
	(1) Normal termination (return value 2)
	The job attribute OnExitRemove expression 'NumJobCompletions > JobMaxRetries || ExitCode =?= 0' evaluated to FALSE
...
040 (8017966.976.000) 2026-06-21 06:44:02 Started transferring input files
	Transferring to host: <128.105.68.168:9618?addrs=128.105.68.168-9618+[2607-f388-2200-100-b62e-99ff-feb7-2dcb]-9618&alias=gpulab2003.chtc.wisc.edu&noUDP&sock=slot2_2_11172_6f3f_5994>
...
040 (8017966.976.000) 2026-06-21 06:44:20 Finished transferring input files
...
001 (8017966.976.000) 2026-06-21 06:44:20 Job executing on host: <128.105.68.168:9618?addrs=128.105.68.168-9618+[2607-f388-2200-100-b62e-99ff-feb7-2dcb]-9618&alias=gpulab2003.chtc.wisc.edu&noUDP&sock=startd_10155_1056>
	SlotName: slot2_2@gpulab2003.chtc.wisc.edu
	AvailableGPUs = { GPUs_GPU_77c064bf }
	CondorScratchDir = "/var/lib/condor/execute/slot2/dir_381663/scratch"
	Cpus = 1
	Disk = 16777216
	GPUs = 1
	GPUs_GPU_77c064bf = [ Id = "GPU-77c064bf"; Capability = 7.5; DeviceName = "NVIDIA GeForce RTX 2080 Ti"; DeviceUuid = "77c064bf-9d21-8784-e84a-c6f665dc0cb1"; ECCEnabled = false; NvidiaDriver = "570.195.03"; DriverVersion = 12.8; DevicePciBusId = "0000:3E:00.0"; GlobalMemoryMb = 10823; MaxSupportedVersion = 12080 ]
	IoHeavy = 0
	Memory = 16384
...
040 (8017966.976.000) 2026-06-21 06:44:24 Started transferring output files
...
040 (8017966.976.000) 2026-06-21 06:44:26 Finished transferring output files
...
005 (8017966.976.000) 2026-06-21 06:44:26 Job terminated.
	(1) Normal termination (return value 2)
		Usr 0 00:00:03, Sys 0 00:00:00  -  Run Remote Usage
		Usr 0 00:00:00, Sys 0 00:00:00  -  Run Local Usage
		Usr 0 01:03:52, Sys 0 00:02:43  -  Total Remote Usage
		Usr 0 00:00:00, Sys 0 00:00:00  -  Total Local Usage
	481264570  -  Run Bytes Sent By Job
	3265564296  -  Run Bytes Received By Job
	5293929991  -  Total Bytes Sent By Job
	35439943179  -  Total Bytes Received By Job
	Partitionable Resources :    Usage  Request Allocated Assigned
	   Cpus                 :        0        1         1 
	   Disk (KB)            :  3189065 16777216  16777216 
	   GPUs                 :        0        1         1 "GPU-77c064bf"
	   IoHeavy              :                           0 
	   Memory (MB)          :     7325    16384     16384 
	   TimeExecute (s)      :        4                    
	   TimeSlotBusy (s)     :       24                    
...
