000 (8017966.112.000) 2026-06-20 22:07:54 Job submitted from host: <128.105.68.112:9618?addrs=128.105.68.112-9618+[2607-f388-2200-100-eaeb-d3ff-fea3-4202]-9618&alias=ap2001.chtc.wisc.edu&noUDP&sock=schedd_4071840_2329>
...
040 (8017966.112.000) 2026-06-20 23:16:33 Started transferring input files
	Transferring to host: <128.105.76.52:9618?addrs=128.105.76.52-9618+[2607-f388-2200-100-b65c-b5ff-fe81-e53e]-9618&alias=dbrundage-chtcgpu5000.chtc.wisc.edu&noUDP&sock=backfill1_4_11313_c825_13228>
...
040 (8017966.112.000) 2026-06-20 23:16:51 Finished transferring input files
...
001 (8017966.112.000) 2026-06-20 23:16:51 Job executing on host: <128.105.76.52:9618?addrs=128.105.76.52-9618+[2607-f388-2200-100-b65c-b5ff-fe81-e53e]-9618&alias=dbrundage-chtcgpu5000.chtc.wisc.edu&noUDP&sock=startd_10956_7bb2>
	SlotName: backfill1_4@dbrundage-chtcgpu5000.chtc.wisc.edu
	AvailableGPUs = { GPUs_GPU_66f2ae81 }
	CondorScratchDir = "/var/lib/condor/execute/slot1/dir_4158317/scratch"
	Cpus = 1
	Disk = 16777216
	GPUs = 1
	GPUs_GPU_66f2ae81 = [ Id = "GPU-66f2ae81"; Capability = 9.0; DeviceName = "NVIDIA H200"; DeviceUuid = "66f2ae81-1879-0354-fa90-417e31e2883b"; ECCEnabled = true; NvidiaDriver = "590.48.01"; DriverVersion = 13.1; DevicePciBusId = "0000:19:00.0"; GlobalMemoryMb = 143158; MaxSupportedVersion = 13010 ]
	IoHeavy = 0
	Memory = 16384
...
006 (8017966.112.000) 2026-06-20 23:17:00 Image size of job updated: 499740
	489  -  MemoryUsage of job (MB)
	499740  -  ResidentSetSize of job (KB)
...
006 (8017966.112.000) 2026-06-20 23:22:01 Image size of job updated: 2231572
	2180  -  MemoryUsage of job (MB)
	2231572  -  ResidentSetSize of job (KB)
...
006 (8017966.112.000) 2026-06-20 23:27:02 Image size of job updated: 2425272
	2369  -  MemoryUsage of job (MB)
	2424952  -  ResidentSetSize of job (KB)
...
006 (8017966.112.000) 2026-06-20 23:52:04 Image size of job updated: 2444736
	2388  -  MemoryUsage of job (MB)
	2444736  -  ResidentSetSize of job (KB)
...
006 (8017966.112.000) 2026-06-20 23:57:04 Image size of job updated: 2444752
	2388  -  MemoryUsage of job (MB)
	2444752  -  ResidentSetSize of job (KB)
...
006 (8017966.112.000) 2026-06-21 00:52:09 Image size of job updated: 2446760
	2390  -  MemoryUsage of job (MB)
	2446760  -  ResidentSetSize of job (KB)
...
006 (8017966.112.000) 2026-06-21 00:57:10 Image size of job updated: 2446820
	2390  -  MemoryUsage of job (MB)
	2446820  -  ResidentSetSize of job (KB)
...
006 (8017966.112.000) 2026-06-21 01:02:10 Image size of job updated: 2446844
	2390  -  MemoryUsage of job (MB)
	2446844  -  ResidentSetSize of job (KB)
...
006 (8017966.112.000) 2026-06-21 01:07:11 Image size of job updated: 2446888
	2390  -  MemoryUsage of job (MB)
	2446888  -  ResidentSetSize of job (KB)
...
006 (8017966.112.000) 2026-06-21 01:12:11 Image size of job updated: 2447460
	2391  -  MemoryUsage of job (MB)
	2447460  -  ResidentSetSize of job (KB)
...
006 (8017966.112.000) 2026-06-21 01:17:11 Image size of job updated: 2447704
	2391  -  MemoryUsage of job (MB)
	2447704  -  ResidentSetSize of job (KB)
...
006 (8017966.112.000) 2026-06-21 01:42:14 Image size of job updated: 2451024
	2394  -  MemoryUsage of job (MB)
	2451024  -  ResidentSetSize of job (KB)
...
006 (8017966.112.000) 2026-06-21 01:47:14 Image size of job updated: 2452220
	2395  -  MemoryUsage of job (MB)
	2452220  -  ResidentSetSize of job (KB)
...
006 (8017966.112.000) 2026-06-21 01:52:15 Image size of job updated: 2452468
	2395  -  MemoryUsage of job (MB)
	2452468  -  ResidentSetSize of job (KB)
...
006 (8017966.112.000) 2026-06-21 02:02:16 Image size of job updated: 2455836
	2399  -  MemoryUsage of job (MB)
	2455836  -  ResidentSetSize of job (KB)
...
040 (8017966.112.000) 2026-06-21 02:21:02 Started transferring output files
...
040 (8017966.112.000) 2026-06-21 02:21:02 Finished transferring output files
...
005 (8017966.112.000) 2026-06-21 02:21:02 Job terminated.
	(1) Normal termination (return value 0)
		Usr 0 03:08:01, Sys 0 01:21:42  -  Run Remote Usage
		Usr 0 00:00:00, Sys 0 00:00:00  -  Run Local Usage
		Usr 0 03:08:01, Sys 0 01:21:42  -  Total Remote Usage
		Usr 0 00:00:00, Sys 0 00:00:00  -  Total Local Usage
	11403772  -  Run Bytes Sent By Job
	2782683527  -  Run Bytes Received By Job
	11403772  -  Total Bytes Sent By Job
	2782683527  -  Total Bytes Received By Job
	Partitionable Resources :      Usage  Request Allocated Assigned
	   Cpus                 :       1.47        1         1 
	   Disk (KB)            : 2835980    16777216  16777216 
	   GPUs                 :       0.88        1         1 "GPU-66f2ae81"
	   GpusMemory (MB)      :    8797                       
	   IoHeavy              :                             0 
	   Memory (MB)          :    2399       16384     16384 
	   TimeExecute (s)      :   11051                       
	   TimeSlotBusy (s)     :   11069                       
...
