000 (8017966.509.000) 2026-06-20 22:07:54 Job submitted from host: <128.105.68.112:9618?addrs=128.105.68.112-9618+[2607-f388-2200-100-eaeb-d3ff-fea3-4202]-9618&alias=ap2001.chtc.wisc.edu&noUDP&sock=schedd_4071840_2329>
...
040 (8017966.509.000) 2026-06-21 02:34:04 Started transferring input files
	Transferring to host: <10.1.1.137:45557?CCBID=128.105.82.148:9618%3faddrs%3d128.105.82.148-9618+[2607-f388-2200-9d-7ccb-bc08-2489-768a]-9618%26alias%3dospool-ccb.osg.chtc.io%26noUDP%26sock%3dcollector5#4298272%2067.58.49.91:9618%3faddrs%3d67.58.49.91-9618+[fdf0-17b3-c3ec-1f79-10-0-e-b69d]-9618%26alias%3dccb-2.ospool.osg-htc.org%26noUDP%26sock%3dcollector1#4294331&PrivNet=gpu07&addrs=10.1.1.137-45557&alias=gpu07&noUDP>
...
040 (8017966.509.000) 2026-06-21 02:34:22 Finished transferring input files
...
021 (8017966.509.000) 2026-06-21 02:34:22 Message from starter on slot1_1@glidein_795025_64906636@gpu07:
	PREPARE_JOB (prepare-hook) succeeded (reported status 000): Using Singularity image openfe_1.11.1.sif
...
001 (8017966.509.000) 2026-06-21 02:34:22 Job executing on host: <10.1.1.137:42311?CCBID=128.105.82.148:9618%3faddrs%3d128.105.82.148-9618+[2607-f388-2200-9d-7ccb-bc08-2489-768a]-9618%26alias%3dospool-ccb.osg.chtc.io%26noUDP%26sock%3dcollector9#4101337%2067.58.49.91:9618%3faddrs%3d67.58.49.91-9618+[fdf0-17b3-c3ec-1f79-10-0-e-b69d]-9618%26alias%3dccb-2.ospool.osg-htc.org%26noUDP%26sock%3dcollector7#4091584&PrivNet=gpu07&addrs=10.1.1.137-42311&alias=gpu07&noUDP>
	SlotName: slot1_1@glidein_795025_64906636@gpu07
	AvailableGPUs = { GPUs_GPU_d1542b1a }
	CondorScratchDir = "/tmp/glide_dYrt5m/execute/dir_2068251/scratch"
	Cpus = 1
	Disk = 16777216
	GPUs = 1
	GPUs_GPU_d1542b1a = [ Id = "GPU-d1542b1a"; ClockMhz = 1695.0; Capability = 8.6; CoresPerCU = 128; DeviceName = "NVIDIA RTX A5000"; DeviceUuid = "d1542b1a-c11c-e204-12a3-72f5c904e272"; ECCEnabled = false; ComputeUnits = 64; NvidiaDriver = "595.71.05"; DriverVersion = 13.2; DevicePciBusId = "0000:01:00.0"; GlobalMemoryMb = 24361; MaxSupportedVersion = 13020 ]
	Memory = 16384
...
006 (8017966.509.000) 2026-06-21 02:34:31 Image size of job updated: 4
	6  -  MemoryUsage of job (MB)
	5376  -  ResidentSetSize of job (KB)
...
006 (8017966.509.000) 2026-06-21 02:39:31 Image size of job updated: 22363292
	2329  -  MemoryUsage of job (MB)
	2384748  -  ResidentSetSize of job (KB)
...
006 (8017966.509.000) 2026-06-21 02:44:32 Image size of job updated: 22364216
	2330  -  MemoryUsage of job (MB)
	2385260  -  ResidentSetSize of job (KB)
...
006 (8017966.509.000) 2026-06-21 02:49:32 Image size of job updated: 22368640
	2337  -  MemoryUsage of job (MB)
	2392940  -  ResidentSetSize of job (KB)
...
006 (8017966.509.000) 2026-06-21 02:54:33 Image size of job updated: 22372688
	2342  -  MemoryUsage of job (MB)
	2397548  -  ResidentSetSize of job (KB)
...
006 (8017966.509.000) 2026-06-21 02:59:33 Image size of job updated: 22378644
	2346  -  MemoryUsage of job (MB)
	2402156  -  ResidentSetSize of job (KB)
...
006 (8017966.509.000) 2026-06-21 03:04:34 Image size of job updated: 22382832
	2350  -  MemoryUsage of job (MB)
	2405740  -  ResidentSetSize of job (KB)
...
006 (8017966.509.000) 2026-06-21 03:09:34 Image size of job updated: 22387656
	2357  -  MemoryUsage of job (MB)
	2413420  -  ResidentSetSize of job (KB)
...
006 (8017966.509.000) 2026-06-21 03:14:35 Image size of job updated: 22394204
	2390  -  MemoryUsage of job (MB)
	2446700  -  ResidentSetSize of job (KB)
...
006 (8017966.509.000) 2026-06-21 03:19:36 Image size of job updated: 22398528
	2418  -  MemoryUsage of job (MB)
	2475884  -  ResidentSetSize of job (KB)
...
006 (8017966.509.000) 2026-06-21 03:24:36 Image size of job updated: 22402268
	2418  -  MemoryUsage of job (MB)
	2475884  -  ResidentSetSize of job (KB)
...
040 (8017966.509.000) 2026-06-21 03:29:00 Started transferring output files
...
040 (8017966.509.000) 2026-06-21 03:29:00 Finished transferring output files
...
005 (8017966.509.000) 2026-06-21 03:29:01 Job terminated.
	(1) Normal termination (return value 0)
		Usr 0 00:53:48, Sys 0 00:06:33  -  Run Remote Usage
		Usr 0 00:00:00, Sys 0 00:00:00  -  Run Local Usage
		Usr 0 00:53:48, Sys 0 00:06:33  -  Total Remote Usage
		Usr 0 00:00:00, Sys 0 00:00:00  -  Total Local Usage
	1400605  -  Run Bytes Sent By Job
	2782624393  -  Run Bytes Received By Job
	1400605  -  Total Bytes Sent By Job
	2782624393  -  Total Bytes Received By Job
	Partitionable Resources :      Usage  Request Allocated Assigned
	   Cpus                 :       1.11        1         1 
	   Disk (KB)            : 2729651    16777216  16777216 
	   GPUs                 :       0.84        1         1 "GPU-d1542b1a"
	   GpusMemory (MB)      :    3235                       
	   Memory (MB)          :    2418       16384     16384 
	   TimeExecute (s)      :    3278                       
	   TimeSlotBusy (s)     :    3297                       
...
