000 (8018100.290.000) 2026-06-21 13:37:20 Job submitted from host: <128.105.68.112:9618?addrs=128.105.68.112-9618+[2607-f388-2200-100-eaeb-d3ff-fea3-4202]-9618&alias=ap2001.chtc.wisc.edu&noUDP&sock=schedd_4071840_2329>
...
040 (8018100.290.000) 2026-06-21 16:23:01 Started transferring input files
	Transferring to host: <128.104.100.118:9618?addrs=128.104.100.118-9618+[2607-f388-107c-501-26d-aeff-fe1f-6b20]-9618&alias=jcaicedogpu0004.chtc.wisc.edu&noUDP&sock=backfill1_8_4107613_b354_101235>
...
040 (8018100.290.000) 2026-06-21 16:23:16 Finished transferring input files
...
001 (8018100.290.000) 2026-06-21 16:23:16 Job executing on host: <128.104.100.118:9618?addrs=128.104.100.118-9618+[2607-f388-107c-501-26d-aeff-fe1f-6b20]-9618&alias=jcaicedogpu0004.chtc.wisc.edu&noUDP&sock=startd_10858_436a>
	SlotName: backfill1_8@jcaicedogpu0004.chtc.wisc.edu
	AvailableGPUs = { GPUs_GPU_fa14651d }
	CondorScratchDir = "/var/lib/condor/execute/slot1/dir_1196622/scratch"
	Cpus = 1
	Disk = 16777216
	GPUs = 1
	GPUs_GPU_fa14651d = [ Id = "GPU-fa14651d"; Capability = 8.9; DeviceName = "NVIDIA L40S"; DeviceUuid = "fa14651d-25f0-e1cc-501d-97e0ea46e1dd"; ECCEnabled = true; NvidiaDriver = "570.195.03"; DriverVersion = 12.8; DevicePciBusId = "0000:01:00.0"; GlobalMemoryMb = 45468; MaxSupportedVersion = 12080 ]
	IoHeavy = 0
	Memory = 16384
...
006 (8018100.290.000) 2026-06-21 16:23:18 Image size of job updated: 372
	0  -  MemoryUsage of job (MB)
	0  -  ResidentSetSize of job (KB)
...
040 (8018100.290.000) 2026-06-21 16:23:18 Started transferring output files
...
040 (8018100.290.000) 2026-06-21 16:23:18 Finished transferring output files
...
004 (8018100.290.000) 2026-06-21 16:23:19 Job was evicted.
	(0) Job terminated and was requeued
		Usr 0 00:00:01, Sys 0 00:00:00  -  Run Remote Usage
		Usr 0 00:00:00, Sys 0 00:00:00  -  Run Local Usage
	448  -  Run Bytes Sent By Job
	2784183296  -  Run Bytes Received By Job
	(1) Normal termination (return value 2)
	The job attribute OnExitRemove expression 'NumJobCompletions > JobMaxRetries || ExitCode =?= 0' evaluated to FALSE
...
040 (8018100.290.000) 2026-06-21 16:25:23 Started transferring input files
	Transferring to host: <128.104.100.17:9618?addrs=128.104.100.17-9618+[2607-f388-107c-501-527c-6fff-fe66-e9bc]-9618&alias=jcaicedogpu0002.chtc.wisc.edu&noUDP&sock=backfill1_4_2855957_d182_90549>
...
040 (8018100.290.000) 2026-06-21 16:25:33 Finished transferring input files
...
001 (8018100.290.000) 2026-06-21 16:25:33 Job executing on host: <128.104.100.17:9618?addrs=128.104.100.17-9618+[2607-f388-107c-501-527c-6fff-fe66-e9bc]-9618&alias=jcaicedogpu0002.chtc.wisc.edu&noUDP&sock=startd_11788_2a7e>
	SlotName: backfill1_4@jcaicedogpu0002.chtc.wisc.edu
	AvailableGPUs = { GPUs_GPU_8f76f793 }
	CondorScratchDir = "/var/lib/condor/execute/slot1/dir_2292910/scratch"
	Cpus = 1
	Disk = 16777216
	GPUs = 1
	GPUs_GPU_8f76f793 = [ Id = "GPU-8f76f793"; Capability = 8.9; DeviceName = "NVIDIA L40S"; DeviceUuid = "8f76f793-fe24-bbe0-a0d4-3da8c1a9cb72"; ECCEnabled = true; NvidiaDriver = "570.195.03"; DriverVersion = 12.8; DevicePciBusId = "0000:99:00.0"; GlobalMemoryMb = 45468; MaxSupportedVersion = 12080 ]
	IoHeavy = 0
	Memory = 16384
...
040 (8018100.290.000) 2026-06-21 16:25:36 Started transferring output files
...
040 (8018100.290.000) 2026-06-21 16:25:36 Finished transferring output files
...
004 (8018100.290.000) 2026-06-21 16:25:36 Job was evicted.
	(0) Job terminated and was requeued
		Usr 0 00:00:01, Sys 0 00:00:00  -  Run Remote Usage
		Usr 0 00:00:00, Sys 0 00:00:00  -  Run Local Usage
	448  -  Run Bytes Sent By Job
	2784183296  -  Run Bytes Received By Job
	(1) Normal termination (return value 2)
	The job attribute OnExitRemove expression 'NumJobCompletions > JobMaxRetries || ExitCode =?= 0' evaluated to FALSE
...
040 (8018100.290.000) 2026-06-21 16:27:22 Started transferring input files
	Transferring to host: <128.104.100.52:9618?addrs=128.104.100.52-9618+[2607-f388-107c-501-7ec2-55ff-fe99-a48c]-9618&alias=jcaicedogpu0000.chtc.wisc.edu&noUDP&sock=backfill1_3_12267_f60c_9725>
...
040 (8018100.290.000) 2026-06-21 16:27:48 Finished transferring input files
...
001 (8018100.290.000) 2026-06-21 16:27:48 Job executing on host: <128.104.100.52:9618?addrs=128.104.100.52-9618+[2607-f388-107c-501-7ec2-55ff-fe99-a48c]-9618&alias=jcaicedogpu0000.chtc.wisc.edu&noUDP&sock=startd_10725_0952>
	SlotName: backfill1_3@jcaicedogpu0000.chtc.wisc.edu
	AvailableGPUs = { GPUs_GPU_ecd073d0 }
	CondorScratchDir = "/var/lib/condor/execute/slot1/dir_3503997/scratch"
	Cpus = 1
	Disk = 16777216
	GPUs = 1
	GPUs_GPU_ecd073d0 = [ Id = "GPU-ecd073d0"; Capability = 8.9; DeviceName = "NVIDIA L40"; DeviceUuid = "ecd073d0-2efd-ed82-9e85-e5b0a45b9254"; ECCEnabled = true; NvidiaDriver = "570.195.03"; DriverVersion = 12.8; DevicePciBusId = "0000:D2:00.0"; GlobalMemoryMb = 45468; MaxSupportedVersion = 12080 ]
	IoHeavy = 0
	Memory = 16384
...
040 (8018100.290.000) 2026-06-21 16:27:51 Started transferring output files
...
040 (8018100.290.000) 2026-06-21 16:27:51 Finished transferring output files
...
004 (8018100.290.000) 2026-06-21 16:27:51 Job was evicted.
	(0) Job terminated and was requeued
		Usr 0 00:00:02, Sys 0 00:00:00  -  Run Remote Usage
		Usr 0 00:00:00, Sys 0 00:00:00  -  Run Local Usage
	448  -  Run Bytes Sent By Job
	2784183296  -  Run Bytes Received By Job
	(1) Normal termination (return value 2)
	The job attribute OnExitRemove expression 'NumJobCompletions > JobMaxRetries || ExitCode =?= 0' evaluated to FALSE
...
040 (8018100.290.000) 2026-06-21 16:29:28 Started transferring input files
	Transferring to host: <128.105.68.16:9618?addrs=128.105.68.16-9618+[2607-f388-2200-100-3eec-efff-fe0c-5412]-9618&alias=coba2000.chtc.wisc.edu&noUDP&sock=backfill1_3_1747599_5733_78407>
...
040 (8018100.290.000) 2026-06-21 16:29:54 Finished transferring input files
...
001 (8018100.290.000) 2026-06-21 16:29:54 Job executing on host: <128.105.68.16:9618?addrs=128.105.68.16-9618+[2607-f388-2200-100-3eec-efff-fe0c-5412]-9618&alias=coba2000.chtc.wisc.edu&noUDP&sock=startd_11607_03da>
	SlotName: backfill1_3@coba2000.chtc.wisc.edu
	AvailableGPUs = { GPUs_GPU_ee7237b4 }
	CondorScratchDir = "/var/lib/condor/execute/slot1/dir_2011908/scratch"
	Cpus = 1
	Disk = 16777216
	GPUs = 1
	GPUs_GPU_ee7237b4 = [ Id = "GPU-ee7237b4"; Capability = 8.0; DeviceName = "NVIDIA A100-SXM4-40GB"; DeviceUuid = "ee7237b4-7e82-64c1-4693-db39b705ecfa"; ECCEnabled = true; NvidiaDriver = "570.195.03"; DriverVersion = 12.8; DevicePciBusId = "0000:41:00.0"; GlobalMemoryMb = 40442; MaxSupportedVersion = 12080 ]
	IoHeavy = 0
	Memory = 16384
...
006 (8018100.290.000) 2026-06-21 16:29:58 Image size of job updated: 904
	0  -  MemoryUsage of job (MB)
	0  -  ResidentSetSize of job (KB)
...
040 (8018100.290.000) 2026-06-21 16:29:58 Started transferring output files
...
040 (8018100.290.000) 2026-06-21 16:29:58 Finished transferring output files
...
004 (8018100.290.000) 2026-06-21 16:29:59 Job was evicted.
	(0) Job terminated and was requeued
		Usr 0 00:00:02, Sys 0 00:00:01  -  Run Remote Usage
		Usr 0 00:00:00, Sys 0 00:00:00  -  Run Local Usage
	441  -  Run Bytes Sent By Job
	2784183296  -  Run Bytes Received By Job
	(1) Normal termination (return value 2)
	The job attribute OnExitRemove expression 'NumJobCompletions > JobMaxRetries || ExitCode =?= 0' evaluated to FALSE
...
040 (8018100.290.000) 2026-06-21 16:31:06 Started transferring input files
	Transferring to host: <10.1.1.134:34715?CCBID=128.105.82.148:9618%3faddrs%3d128.105.82.148-9618+[2607-f388-2200-9d-7ccb-bc08-2489-768a]-9618%26alias%3dospool-ccb.osg.chtc.io%26noUDP%26sock%3dcollector7#4332645%2067.58.49.91:9618%3faddrs%3d67.58.49.91-9618+[fdf0-17b3-c3ec-1f79-10-0-e-b69d]-9618%26alias%3dccb-2.ospool.osg-htc.org%26noUDP%26sock%3dcollector9#4332180&PrivNet=gpu04&addrs=10.1.1.134-34715&alias=gpu04&noUDP>
...
040 (8018100.290.000) 2026-06-21 16:31:22 Finished transferring input files
...
021 (8018100.290.000) 2026-06-21 16:31:22 Message from starter on slot1_1@glidein_334580_138485523@gpu04:
	PREPARE_JOB (prepare-hook) succeeded (reported status 000): Using Singularity image openfe_1.11.1.sif
...
001 (8018100.290.000) 2026-06-21 16:31:22 Job executing on host: <10.1.1.134:32961?CCBID=128.105.82.148:9618%3faddrs%3d128.105.82.148-9618+[2607-f388-2200-9d-7ccb-bc08-2489-768a]-9618%26alias%3dospool-ccb.osg.chtc.io%26noUDP%26sock%3dcollector10#4303522%2067.58.49.91:9618%3faddrs%3d67.58.49.91-9618+[fdf0-17b3-c3ec-1f79-10-0-e-b69d]-9618%26alias%3dccb-2.ospool.osg-htc.org%26noUDP%26sock%3dcollector4#4296214&PrivNet=gpu04&addrs=10.1.1.134-32961&alias=gpu04&noUDP>
	SlotName: slot1_1@glidein_334580_138485523@gpu04
	AvailableGPUs = { GPUs_GPU_f2f616f0 }
	CondorScratchDir = "/tmp/glide_s79osY/execute/dir_653447/scratch"
	Cpus = 1
	Disk = 16777216
	GPUs = 1
	GPUs_GPU_f2f616f0 = [ Id = "GPU-f2f616f0"; ClockMhz = 1740.0; Capability = 8.6; CoresPerCU = 128; DeviceName = "NVIDIA A40"; DeviceUuid = "f2f616f0-ccba-c9ae-e061-d24d67b79f97"; ECCEnabled = true; ComputeUnits = 84; NvidiaDriver = "595.71.05"; DriverVersion = 13.2; DevicePciBusId = "0000:01:00.0"; GlobalMemoryMb = 45739; MaxSupportedVersion = 13020 ]
	Memory = 16384
...
006 (8018100.290.000) 2026-06-21 16:31:26 Image size of job updated: 1000
	6  -  MemoryUsage of job (MB)
	5508  -  ResidentSetSize of job (KB)
...
040 (8018100.290.000) 2026-06-21 16:31:27 Started transferring output files
...
040 (8018100.290.000) 2026-06-21 16:31:27 Finished transferring output files
...
004 (8018100.290.000) 2026-06-21 16:31:28 Job was evicted.
	(0) Job terminated and was requeued
		Usr 0 00:00:00, Sys 0 00:00:00  -  Run Remote Usage
		Usr 0 00:00:00, Sys 0 00:00:00  -  Run Local Usage
	545  -  Run Bytes Sent By Job
	2784183296  -  Run Bytes Received By Job
	(1) Normal termination (return value 2)
	The job attribute OnExitRemove expression 'NumJobCompletions > JobMaxRetries || ExitCode =?= 0' evaluated to FALSE
...
040 (8018100.290.000) 2026-06-21 16:31:50 Started transferring input files
	Transferring to host: <128.104.103.104:9618?addrs=128.104.103.104-9618+[2607-f388-107c-501-ae1f-6bff-fe40-ce2e]-9618&alias=gitter0000.chtc.wisc.edu&noUDP&sock=slot2_1_8979_4486_9022>
...
040 (8018100.290.000) 2026-06-21 16:33:10 Finished transferring input files
...
001 (8018100.290.000) 2026-06-21 16:33:10 Job executing on host: <128.104.103.104:9618?addrs=128.104.103.104-9618+[2607-f388-107c-501-ae1f-6bff-fe40-ce2e]-9618&alias=gitter0000.chtc.wisc.edu&noUDP&sock=startd_8665_0c39>
	SlotName: slot2_1@gitter0000.chtc.wisc.edu
	AvailableGPUs = { GPUs_GPU_272cc33a }
	CondorScratchDir = "/var/lib/condor/execute/slot2/dir_4012212/scratch"
	Cpus = 1
	Disk = 16777216
	GPUs = 1
	GPUs_GPU_272cc33a = [ Id = "GPU-272cc33a"; Capability = 6.1; DeviceName = "NVIDIA GeForce GTX 1080 Ti"; DeviceUuid = "272cc33a-aa36-c52e-632e-1d0ff0d0c75a"; ECCEnabled = false; NvidiaDriver = "570.195.03"; DriverVersion = 12.8; DevicePciBusId = "0000:3B:00.0"; GlobalMemoryMb = 11165; MaxSupportedVersion = 12080 ]
	IoHeavy = 0
	Memory = 16384
...
040 (8018100.290.000) 2026-06-21 16:33:15 Started transferring output files
...
040 (8018100.290.000) 2026-06-21 16:33:15 Finished transferring output files
...
004 (8018100.290.000) 2026-06-21 16:33:15 Job was evicted.
	(0) Job terminated and was requeued
		Usr 0 00:00:03, Sys 0 00:00:00  -  Run Remote Usage
		Usr 0 00:00:00, Sys 0 00:00:00  -  Run Local Usage
	443  -  Run Bytes Sent By Job
	2784183296  -  Run Bytes Received By Job
	(1) Normal termination (return value 2)
	The job attribute OnExitRemove expression 'NumJobCompletions > JobMaxRetries || ExitCode =?= 0' evaluated to FALSE
...
040 (8018100.290.000) 2026-06-21 16:33:23 Started transferring input files
	Transferring to host: <128.105.68.168:9618?addrs=128.105.68.168-9618+[2607-f388-2200-100-b62e-99ff-feb7-2dcb]-9618&alias=gpulab2003.chtc.wisc.edu&noUDP&sock=slot2_4_11172_6f3f_8110>
...
040 (8018100.290.000) 2026-06-21 16:33:38 Finished transferring input files
...
001 (8018100.290.000) 2026-06-21 16:33:38 Job executing on host: <128.105.68.168:9618?addrs=128.105.68.168-9618+[2607-f388-2200-100-b62e-99ff-feb7-2dcb]-9618&alias=gpulab2003.chtc.wisc.edu&noUDP&sock=startd_10155_1056>
	SlotName: slot2_4@gpulab2003.chtc.wisc.edu
	AvailableGPUs = { GPUs_GPU_61902b82 }
	CondorScratchDir = "/var/lib/condor/execute/slot2/dir_1523220/scratch"
	Cpus = 1
	Disk = 16777216
	GPUs = 1
	GPUs_GPU_61902b82 = [ Id = "GPU-61902b82"; Capability = 7.5; DeviceName = "NVIDIA GeForce RTX 2080 Ti"; DeviceUuid = "61902b82-cedb-e4be-d010-bca8829ec79b"; ECCEnabled = false; NvidiaDriver = "570.195.03"; DriverVersion = 12.8; DevicePciBusId = "0000:B2:00.0"; GlobalMemoryMb = 10823; MaxSupportedVersion = 12080 ]
	IoHeavy = 0
	Memory = 16384
...
006 (8018100.290.000) 2026-06-21 16:33:43 Image size of job updated: 12400
	13  -  MemoryUsage of job (MB)
	12304  -  ResidentSetSize of job (KB)
...
040 (8018100.290.000) 2026-06-21 16:33:43 Started transferring output files
...
040 (8018100.290.000) 2026-06-21 16:33:43 Finished transferring output files
...
004 (8018100.290.000) 2026-06-21 16:33:43 Job was evicted.
	(0) Job terminated and was requeued
		Usr 0 00:00:03, Sys 0 00:00:00  -  Run Remote Usage
		Usr 0 00:00:00, Sys 0 00:00:00  -  Run Local Usage
	433  -  Run Bytes Sent By Job
	2784183296  -  Run Bytes Received By Job
	(1) Normal termination (return value 2)
	The job attribute OnExitRemove expression 'NumJobCompletions > JobMaxRetries || ExitCode =?= 0' evaluated to FALSE
...
040 (8018100.290.000) 2026-06-21 16:33:51 Started transferring input files
	Transferring to host: <128.105.68.168:9618?addrs=128.105.68.168-9618+[2607-f388-2200-100-b62e-99ff-feb7-2dcb]-9618&alias=gpulab2003.chtc.wisc.edu&noUDP&sock=slot2_4_11172_6f3f_8111>
...
040 (8018100.290.000) 2026-06-21 16:34:08 Finished transferring input files
...
001 (8018100.290.000) 2026-06-21 16:34:08 Job executing on host: <128.105.68.168:9618?addrs=128.105.68.168-9618+[2607-f388-2200-100-b62e-99ff-feb7-2dcb]-9618&alias=gpulab2003.chtc.wisc.edu&noUDP&sock=startd_10155_1056>
	SlotName: slot2_4@gpulab2003.chtc.wisc.edu
	AvailableGPUs = { GPUs_GPU_61902b82 }
	CondorScratchDir = "/var/lib/condor/execute/slot2/dir_1523644/scratch"
	Cpus = 1
	Disk = 16777216
	GPUs = 1
	GPUs_GPU_61902b82 = [ Id = "GPU-61902b82"; Capability = 7.5; DeviceName = "NVIDIA GeForce RTX 2080 Ti"; DeviceUuid = "61902b82-cedb-e4be-d010-bca8829ec79b"; ECCEnabled = false; NvidiaDriver = "570.195.03"; DriverVersion = 12.8; DevicePciBusId = "0000:B2:00.0"; GlobalMemoryMb = 10823; MaxSupportedVersion = 12080 ]
	IoHeavy = 0
	Memory = 16384
...
006 (8018100.290.000) 2026-06-21 16:34:12 Image size of job updated: 12680
	13  -  MemoryUsage of job (MB)
	12500  -  ResidentSetSize of job (KB)
...
040 (8018100.290.000) 2026-06-21 16:34:12 Started transferring output files
...
040 (8018100.290.000) 2026-06-21 16:34:12 Finished transferring output files
...
004 (8018100.290.000) 2026-06-21 16:34:13 Job was evicted.
	(0) Job terminated and was requeued
		Usr 0 00:00:03, Sys 0 00:00:00  -  Run Remote Usage
		Usr 0 00:00:00, Sys 0 00:00:00  -  Run Local Usage
	433  -  Run Bytes Sent By Job
	2784183296  -  Run Bytes Received By Job
	(1) Normal termination (return value 2)
	The job attribute OnExitRemove expression 'NumJobCompletions > JobMaxRetries || ExitCode =?= 0' evaluated to FALSE
...
040 (8018100.290.000) 2026-06-21 16:34:17 Started transferring input files
	Transferring to host: <128.105.68.102:9618?addrs=128.105.68.102-9618+[2607-f388-2200-100-1270-fdff-fe74-920]-9618&alias=gpu2010.chtc.wisc.edu&noUDP&sock=slot2_1_2570277_6a21_73433>
...
040 (8018100.290.000) 2026-06-21 16:34:32 Finished transferring input files
...
001 (8018100.290.000) 2026-06-21 16:34:32 Job executing on host: <128.105.68.102:9618?addrs=128.105.68.102-9618+[2607-f388-2200-100-1270-fdff-fe74-920]-9618&alias=gpu2010.chtc.wisc.edu&noUDP&sock=startd_12400_f274>
	SlotName: slot2_1@gpu2010.chtc.wisc.edu
	AvailableGPUs = { GPUs_GPU_ebb6cfb4 }
	CondorScratchDir = "/var/lib/condor/execute/slot2/dir_3040245/scratch"
	Cpus = 1
	Disk = 16777216
	GPUs = 1
	GPUs_GPU_ebb6cfb4 = [ Id = "GPU-ebb6cfb4"; Capability = 8.0; DeviceName = "NVIDIA A100-SXM4-80GB"; DeviceUuid = "ebb6cfb4-dd3e-9883-e9ad-6ddb1e1276f9"; ECCEnabled = true; NvidiaDriver = "570.195.03"; DriverVersion = 12.8; DevicePciBusId = "0000:01:00.0"; GlobalMemoryMb = 81154; MaxSupportedVersion = 12080 ]
	IoHeavy = 0
	Memory = 16384
...
040 (8018100.290.000) 2026-06-21 16:34:35 Started transferring output files
...
040 (8018100.290.000) 2026-06-21 16:34:35 Finished transferring output files
...
004 (8018100.290.000) 2026-06-21 16:34:36 Job was evicted.
	(0) Job terminated and was requeued
		Usr 0 00:00:02, Sys 0 00:00:00  -  Run Remote Usage
		Usr 0 00:00:00, Sys 0 00:00:00  -  Run Local Usage
	440  -  Run Bytes Sent By Job
	2784183296  -  Run Bytes Received By Job
	(1) Normal termination (return value 2)
	The job attribute OnExitRemove expression 'NumJobCompletions > JobMaxRetries || ExitCode =?= 0' evaluated to FALSE
...
040 (8018100.290.000) 2026-06-21 16:34:45 Started transferring input files
	Transferring to host: <128.105.68.102:9618?addrs=128.105.68.102-9618+[2607-f388-2200-100-1270-fdff-fe74-920]-9618&alias=gpu2010.chtc.wisc.edu&noUDP&sock=slot2_1_2570277_6a21_73434>
...
040 (8018100.290.000) 2026-06-21 16:36:57 Finished transferring input files
...
001 (8018100.290.000) 2026-06-21 16:36:57 Job executing on host: <128.105.68.102:9618?addrs=128.105.68.102-9618+[2607-f388-2200-100-1270-fdff-fe74-920]-9618&alias=gpu2010.chtc.wisc.edu&noUDP&sock=startd_12400_f274>
	SlotName: slot2_1@gpu2010.chtc.wisc.edu
	AvailableGPUs = { GPUs_GPU_ebb6cfb4 }
	CondorScratchDir = "/var/lib/condor/execute/slot2/dir_3040769/scratch"
	Cpus = 1
	Disk = 16777216
	GPUs = 1
	GPUs_GPU_ebb6cfb4 = [ Id = "GPU-ebb6cfb4"; Capability = 8.0; DeviceName = "NVIDIA A100-SXM4-80GB"; DeviceUuid = "ebb6cfb4-dd3e-9883-e9ad-6ddb1e1276f9"; ECCEnabled = true; NvidiaDriver = "570.195.03"; DriverVersion = 12.8; DevicePciBusId = "0000:01:00.0"; GlobalMemoryMb = 81154; MaxSupportedVersion = 12080 ]
	IoHeavy = 0
	Memory = 16384
...
040 (8018100.290.000) 2026-06-21 16:37:01 Started transferring output files
...
040 (8018100.290.000) 2026-06-21 16:37:01 Finished transferring output files
...
004 (8018100.290.000) 2026-06-21 16:37:01 Job was evicted.
	(0) Job terminated and was requeued
		Usr 0 00:00:01, Sys 0 00:00:01  -  Run Remote Usage
		Usr 0 00:00:00, Sys 0 00:00:00  -  Run Local Usage
	440  -  Run Bytes Sent By Job
	2784183296  -  Run Bytes Received By Job
	(1) Normal termination (return value 2)
	The job attribute OnExitRemove expression 'NumJobCompletions > JobMaxRetries || ExitCode =?= 0' evaluated to FALSE
...
040 (8018100.290.000) 2026-06-21 16:37:13 Started transferring input files
	Transferring to host: <128.104.103.48:9618?addrs=128.104.103.48-9618+[2607-f388-107c-501-ae1f-6bff-fe2c-2f00]-9618&alias=vetsigian0001.chtc.wisc.edu&noUDP&sock=slot2_7_10681_7b0b_9760>
...
040 (8018100.290.000) 2026-06-21 16:38:53 Finished transferring input files
...
001 (8018100.290.000) 2026-06-21 16:38:53 Job executing on host: <128.104.103.48:9618?addrs=128.104.103.48-9618+[2607-f388-107c-501-ae1f-6bff-fe2c-2f00]-9618&alias=vetsigian0001.chtc.wisc.edu&noUDP&sock=startd_9913_126b>
	SlotName: slot2_7@vetsigian0001.chtc.wisc.edu
	AvailableGPUs = { GPUs_GPU_db165ab8 }
	CondorScratchDir = "/var/lib/condor/execute/slot2/dir_3982664/scratch"
	Cpus = 1
	Disk = 16777216
	GPUs = 1
	GPUs_GPU_db165ab8 = [ Id = "GPU-db165ab8"; Capability = 7.5; DeviceName = "NVIDIA GeForce RTX 2080 Ti"; DeviceUuid = "db165ab8-2772-3c9a-89e1-dbb9944f94eb"; ECCEnabled = false; NvidiaDriver = "550.54.14"; DriverVersion = 12.4; DevicePciBusId = "0000:B1:00.0"; GlobalMemoryMb = 11004; MaxSupportedVersion = 12040 ]
	IoHeavy = 0
	Memory = 16384
...
040 (8018100.290.000) 2026-06-21 16:38:58 Started transferring output files
...
040 (8018100.290.000) 2026-06-21 16:38:58 Finished transferring output files
...
005 (8018100.290.000) 2026-06-21 16:38:58 Job terminated.
	(1) Normal termination (return value 2)
		Usr 0 00:00:03, Sys 0 00:00:00  -  Run Remote Usage
		Usr 0 00:00:00, Sys 0 00:00:00  -  Run Local Usage
		Usr 0 00:00:21, Sys 0 00:00:02  -  Total Remote Usage
		Usr 0 00:00:00, Sys 0 00:00:00  -  Total Local Usage
	446  -  Run Bytes Sent By Job
	2784183296  -  Run Bytes Received By Job
	4965  -  Total Bytes Sent By Job
	30626016256  -  Total Bytes Received By Job
	Partitionable Resources :      Usage  Request Allocated Assigned
	   Cpus                 :       0.23        1         1 
	   Disk (KB)            : 2718966    16777216  16777216 
	   GPUs                 :                   1         1 "GPU-db165ab8"
	   IoHeavy              :                             0 
	   Memory (MB)          :      13       16384     16384 
	   TimeExecute (s)      :       5                       
	   TimeSlotBusy (s)     :     105                       
...
