000 (8017966.359.000) 2026-06-20 22:07:54 Job submitted from host: <128.105.68.112:9618?addrs=128.105.68.112-9618+[2607-f388-2200-100-eaeb-d3ff-fea3-4202]-9618&alias=ap2001.chtc.wisc.edu&noUDP&sock=schedd_4071840_2329>
...
040 (8017966.359.000) 2026-06-21 01:36:41 Started transferring input files
	Transferring to host: <172.17.0.4:35113?CCBID=128.105.82.148:9618%3faddrs%3d128.105.82.148-9618+[2607-f388-2200-9d-7ccb-bc08-2489-768a]-9618%26alias%3dospool-ccb.osg.chtc.io%26noUDP%26sock%3dcollector6#4098462%2067.58.49.91:9618%3faddrs%3d67.58.49.91-9618+[fdf0-17b3-c3ec-1f79-10-0-e-b69d]-9618%26alias%3dccb-2.ospool.osg-htc.org%26noUDP%26sock%3dcollector6#4092513&PrivNet=Colgate-CCARE-EP.3dd51df4d4e0&addrs=172.17.0.4-35113&alias=Colgate-CCARE-EP.3dd51df4d4e0&noUDP&sock=slot1_3_4286_9fe7_6594>
...
040 (8017966.359.000) 2026-06-21 01:37:32 Finished transferring input files
...
021 (8017966.359.000) 2026-06-21 01:37:32 Message from starter on slot1_3@Colgate-CCARE-EP.3dd51df4d4e0:
	PREPARE_JOB (prepare-hook) succeeded (reported status 000): Using Singularity image openfe_1.11.1.sif
...
001 (8017966.359.000) 2026-06-21 01:37:32 Job executing on host: <172.17.0.4:35113?CCBID=128.105.82.148:9618%3faddrs%3d128.105.82.148-9618+[2607-f388-2200-9d-7ccb-bc08-2489-768a]-9618%26alias%3dospool-ccb.osg.chtc.io%26noUDP%26sock%3dcollector6#4098462%2067.58.49.91:9618%3faddrs%3d67.58.49.91-9618+[fdf0-17b3-c3ec-1f79-10-0-e-b69d]-9618%26alias%3dccb-2.ospool.osg-htc.org%26noUDP%26sock%3dcollector6#4092513&PrivNet=Colgate-CCARE-EP.3dd51df4d4e0&addrs=172.17.0.4-35113&alias=Colgate-CCARE-EP.3dd51df4d4e0&noUDP&sock=startd_4279_9dd7>
	SlotName: slot1_3@Colgate-CCARE-EP.3dd51df4d4e0
	AvailableGPUs = { GPUs_GPU_c6074c74 }
	CondorScratchDir = "/pilot/osgvo-pilot-WPz1dj/execute/dir_3375623"
	Cpus = 1
	Disk = 16778446
	GPUs = 1
	GPUs_GPU_c6074c74 = [ Id = "GPU-c6074c74"; Capability = 9.0; DeviceName = "NVIDIA H100 80GB HBM3"; DeviceUuid = "c6074c74-3099-9317-e298-03f0c2ad482a"; ECCEnabled = true; NvidiaDriver = "560.35.03"; DriverVersion = 12.6; DevicePciBusId = "0000:CB:00.0"; GlobalMemoryMb = 81110; MaxSupportedVersion = 12060 ]
	Memory = 16384
...
006 (8017966.359.000) 2026-06-21 01:37:41 Image size of job updated: 2699580
	160  -  MemoryUsage of job (MB)
	163736  -  ResidentSetSize of job (KB)
...
006 (8017966.359.000) 2026-06-21 01:42:41 Image size of job updated: 36523776
	2468  -  MemoryUsage of job (MB)
	2526476  -  ResidentSetSize of job (KB)
...
006 (8017966.359.000) 2026-06-21 01:47:41 Image size of job updated: 36530868
	2472  -  MemoryUsage of job (MB)
	2531084  -  ResidentSetSize of job (KB)
...
006 (8017966.359.000) 2026-06-21 01:52:42 Image size of job updated: 36540460
	2477  -  MemoryUsage of job (MB)
	2536268  -  ResidentSetSize of job (KB)
...
006 (8017966.359.000) 2026-06-21 01:57:42 Image size of job updated: 36544904
	2482  -  MemoryUsage of job (MB)
	2541452  -  ResidentSetSize of job (KB)
...
006 (8017966.359.000) 2026-06-21 02:02:42 Image size of job updated: 36550584
	2488  -  MemoryUsage of job (MB)
	2547212  -  ResidentSetSize of job (KB)
...
006 (8017966.359.000) 2026-06-21 02:07:43 Image size of job updated: 36556128
	2493  -  MemoryUsage of job (MB)
	2552396  -  ResidentSetSize of job (KB)
...
006 (8017966.359.000) 2026-06-21 02:12:43 Image size of job updated: 36561672
	2498  -  MemoryUsage of job (MB)
	2557580  -  ResidentSetSize of job (KB)
...
006 (8017966.359.000) 2026-06-21 02:17:44 Image size of job updated: 36566940
	2498  -  MemoryUsage of job (MB)
	2557580  -  ResidentSetSize of job (KB)
...
040 (8017966.359.000) 2026-06-21 02:22:08 Started transferring output files
...
040 (8017966.359.000) 2026-06-21 02:22:08 Finished transferring output files
...
005 (8017966.359.000) 2026-06-21 02:22:09 Job terminated.
	(1) Normal termination (return value 0)
		Usr 0 00:44:33, Sys 0 00:09:46  -  Run Remote Usage
		Usr 0 00:00:00, Sys 0 00:00:00  -  Run Local Usage
		Usr 0 00:44:33, Sys 0 00:09:46  -  Total Remote Usage
		Usr 0 00:00:00, Sys 0 00:00:00  -  Total Local Usage
	1052136  -  Run Bytes Sent By Job
	2782666128  -  Run Bytes Received By Job
	1052136  -  Total Bytes Sent By Job
	2782666128  -  Total Bytes Received By Job
	Partitionable Resources :      Usage  Request Allocated Assigned
	   Cpus                 :       1.00        1         1 
	   Disk (KB)            : 2727926    16777216  16778446 
	   GPUs                 :       0.82        1         1 "GPU-c6074c74"
	   GpusMemory (MB)      :    7945                       
	   Memory (MB)          :    2498       16384     16384 
	   TimeExecute (s)      :    2676                       
	   TimeSlotBusy (s)     :    2727                       
...
