000 (8017966.261.000) 2026-06-20 22:07:54 Job submitted from host: <128.105.68.112:9618?addrs=128.105.68.112-9618+[2607-f388-2200-100-eaeb-d3ff-fea3-4202]-9618&alias=ap2001.chtc.wisc.edu&noUDP&sock=schedd_4071840_2329>
...
040 (8017966.261.000) 2026-06-21 00:45:13 Started transferring input files
	Transferring to host: <128.105.68.97:9618?addrs=128.105.68.97-9618+[2607-f388-2200-100-ac0-ebff-fe99-a130]-9618&alias=gpu2005.chtc.wisc.edu&noUDP&sock=slot2_4_3520220_31a6_75382>
...
040 (8017966.261.000) 2026-06-21 00:45:26 Finished transferring input files
...
001 (8017966.261.000) 2026-06-21 00:45:26 Job executing on host: <128.105.68.97:9618?addrs=128.105.68.97-9618+[2607-f388-2200-100-ac0-ebff-fe99-a130]-9618&alias=gpu2005.chtc.wisc.edu&noUDP&sock=startd_13240_1e02>
	SlotName: slot2_4@gpu2005.chtc.wisc.edu
	AvailableGPUs = { GPUs_GPU_5ce66687 }
	CondorScratchDir = "/var/lib/condor/execute/slot2/dir_222546/scratch"
	Cpus = 1
	Disk = 16777216
	GPUs = 1
	GPUs_GPU_5ce66687 = [ Id = "GPU-5ce66687"; Capability = 8.0; DeviceName = "NVIDIA A100-SXM4-80GB"; DeviceUuid = "5ce66687-4f41-8399-b7ac-3295282816bb"; ECCEnabled = true; NvidiaDriver = "570.195.03"; DriverVersion = 12.8; DevicePciBusId = "0000:C1:00.0"; GlobalMemoryMb = 81154; MaxSupportedVersion = 12080 ]
	IoHeavy = 0
	Memory = 16384
...
006 (8017966.261.000) 2026-06-21 00:45:35 Image size of job updated: 400100
	391  -  MemoryUsage of job (MB)
	400100  -  ResidentSetSize of job (KB)
...
006 (8017966.261.000) 2026-06-21 00:50:36 Image size of job updated: 982552
	959  -  MemoryUsage of job (MB)
	981324  -  ResidentSetSize of job (KB)
...
006 (8017966.261.000) 2026-06-21 00:55:36 Image size of job updated: 982552
	960  -  MemoryUsage of job (MB)
	982116  -  ResidentSetSize of job (KB)
...
006 (8017966.261.000) 2026-06-21 01:00:37 Image size of job updated: 986616
	964  -  MemoryUsage of job (MB)
	986616  -  ResidentSetSize of job (KB)
...
006 (8017966.261.000) 2026-06-21 01:05:37 Image size of job updated: 992308
	970  -  MemoryUsage of job (MB)
	992308  -  ResidentSetSize of job (KB)
...
006 (8017966.261.000) 2026-06-21 01:10:38 Image size of job updated: 996136
	973  -  MemoryUsage of job (MB)
	996136  -  ResidentSetSize of job (KB)
...
006 (8017966.261.000) 2026-06-21 01:15:38 Image size of job updated: 1001640
	979  -  MemoryUsage of job (MB)
	1001640  -  ResidentSetSize of job (KB)
...
006 (8017966.261.000) 2026-06-21 01:20:39 Image size of job updated: 1007012
	984  -  MemoryUsage of job (MB)
	1007012  -  ResidentSetSize of job (KB)
...
006 (8017966.261.000) 2026-06-21 01:25:39 Image size of job updated: 1012196
	989  -  MemoryUsage of job (MB)
	1012196  -  ResidentSetSize of job (KB)
...
006 (8017966.261.000) 2026-06-21 01:30:40 Image size of job updated: 1017640
	994  -  MemoryUsage of job (MB)
	1017640  -  ResidentSetSize of job (KB)
...
040 (8017966.261.000) 2026-06-21 01:36:02 Started transferring output files
...
040 (8017966.261.000) 2026-06-21 01:36:02 Finished transferring output files
...
005 (8017966.261.000) 2026-06-21 01:36:03 Job terminated.
	(1) Normal termination (return value 0)
		Usr 0 00:51:23, Sys 0 00:59:29  -  Run Remote Usage
		Usr 0 00:00:00, Sys 0 00:00:00  -  Run Local Usage
		Usr 0 00:51:23, Sys 0 00:59:29  -  Total Remote Usage
		Usr 0 00:00:00, Sys 0 00:00:00  -  Total Local Usage
	2841293  -  Run Bytes Sent By Job
	2782717435  -  Run Bytes Received By Job
	2841293  -  Total Bytes Sent By Job
	2782717435  -  Total Bytes Received By Job
	Partitionable Resources :      Usage  Request Allocated Assigned
	   Cpus                 :       0.99        1         1 
	   Disk (KB)            : 2730796    16777216  16777216 
	   GPUs                 :       0.85        1         1 "GPU-5ce66687"
	   GpusMemory (MB)      :    6780                       
	   IoHeavy              :                             0 
	   Memory (MB)          :     994       16384     16384 
	   TimeExecute (s)      :    3036                       
	   TimeSlotBusy (s)     :    3049                       
...
