000 (8017966.804.000) 2026-06-20 22:07:54 Job submitted from host: <128.105.68.112:9618?addrs=128.105.68.112-9618+[2607-f388-2200-100-eaeb-d3ff-fea3-4202]-9618&alias=ap2001.chtc.wisc.edu&noUDP&sock=schedd_4071840_2329>
...
040 (8017966.804.000) 2026-06-21 04:40:25 Started transferring input files
	Transferring to host: <128.105.68.131:9618?addrs=128.105.68.131-9618+[2607-f388-2200-100-7ec2-55ff-fe99-a4a2]-9618&alias=xhuanggpu4001.chtc.wisc.edu&noUDP&sock=backfill1_6_770790_08a9_66826>
...
040 (8017966.804.000) 2026-06-21 04:40:35 Finished transferring input files
...
001 (8017966.804.000) 2026-06-21 04:40:35 Job executing on host: <128.105.68.131:9618?addrs=128.105.68.131-9618+[2607-f388-2200-100-7ec2-55ff-fe99-a4a2]-9618&alias=xhuanggpu4001.chtc.wisc.edu&noUDP&sock=startd_10764_c983>
	SlotName: backfill1_6@xhuanggpu4001.chtc.wisc.edu
	AvailableGPUs = { GPUs_GPU_90561461 }
	CondorScratchDir = "/var/lib/condor/execute/slot1/dir_2946474/scratch"
	Cpus = 1
	Disk = 16777216
	GPUs = 1
	GPUs_GPU_90561461 = [ Id = "GPU-90561461"; Capability = 8.9; DeviceName = "NVIDIA L40"; DeviceUuid = "90561461-cada-4039-24a9-ffec078fe549"; ECCEnabled = true; NvidiaDriver = "570.195.03"; DriverVersion = 12.8; DevicePciBusId = "0000:D1:00.0"; GlobalMemoryMb = 45468; MaxSupportedVersion = 12080 ]
	IoHeavy = 0
	Memory = 16384
...
006 (8017966.804.000) 2026-06-21 04:40:44 Image size of job updated: 403112
	394  -  MemoryUsage of job (MB)
	403112  -  ResidentSetSize of job (KB)
...
006 (8017966.804.000) 2026-06-21 04:45:44 Image size of job updated: 951024
	928  -  MemoryUsage of job (MB)
	949284  -  ResidentSetSize of job (KB)
...
006 (8017966.804.000) 2026-06-21 04:50:45 Image size of job updated: 953172
	931  -  MemoryUsage of job (MB)
	953172  -  ResidentSetSize of job (KB)
...
006 (8017966.804.000) 2026-06-21 04:55:46 Image size of job updated: 960544
	939  -  MemoryUsage of job (MB)
	960544  -  ResidentSetSize of job (KB)
...
006 (8017966.804.000) 2026-06-21 05:00:46 Image size of job updated: 966084
	944  -  MemoryUsage of job (MB)
	966084  -  ResidentSetSize of job (KB)
...
006 (8017966.804.000) 2026-06-21 05:05:47 Image size of job updated: 973528
	951  -  MemoryUsage of job (MB)
	973528  -  ResidentSetSize of job (KB)
...
006 (8017966.804.000) 2026-06-21 05:10:47 Image size of job updated: 979124
	957  -  MemoryUsage of job (MB)
	979124  -  ResidentSetSize of job (KB)
...
006 (8017966.804.000) 2026-06-21 05:15:47 Image size of job updated: 984380
	957  -  MemoryUsage of job (MB)
	979124  -  ResidentSetSize of job (KB)
...
040 (8017966.804.000) 2026-06-21 05:18:21 Started transferring output files
...
040 (8017966.804.000) 2026-06-21 05:18:21 Finished transferring output files
...
005 (8017966.804.000) 2026-06-21 05:18:21 Job terminated.
	(1) Normal termination (return value 0)
		Usr 0 00:38:20, Sys 0 00:15:39  -  Run Remote Usage
		Usr 0 00:00:00, Sys 0 00:00:00  -  Run Local Usage
		Usr 0 00:38:20, Sys 0 00:15:39  -  Total Remote Usage
		Usr 0 00:00:00, Sys 0 00:00:00  -  Total Local Usage
	2479724  -  Run Bytes Sent By Job
	2782633474  -  Run Bytes Received By Job
	2479724  -  Total Bytes Sent By Job
	2782633474  -  Total Bytes Received By Job
	Partitionable Resources :      Usage  Request Allocated Assigned
	   Cpus                 :       1.00        1         1 
	   Disk (KB)            : 2729736    16777216  16777216 
	   GPUs                 :       0.88        1         1 "GPU-90561461"
	   GpusMemory (MB)      :    6773                       
	   IoHeavy              :                             0 
	   Memory (MB)          :     957       16384     16384 
	   TimeExecute (s)      :    2266                       
	   TimeSlotBusy (s)     :    2276                       
...
