000 (8017966.797.000) 2026-06-20 22:07:54 Job submitted from host: <128.105.68.112:9618?addrs=128.105.68.112-9618+[2607-f388-2200-100-eaeb-d3ff-fea3-4202]-9618&alias=ap2001.chtc.wisc.edu&noUDP&sock=schedd_4071840_2329>
...
040 (8017966.797.000) 2026-06-21 04:39:25 Started transferring input files
	Transferring to host: <128.105.69.3:9618?addrs=128.105.69.3-9618+[2607-f388-2200-100-7ec2-55ff-fe46-28f2]-9618&alias=gpu4002.chtc.wisc.edu&noUDP&sock=slot1_5_12744_0cff_4410>
...
040 (8017966.797.000) 2026-06-21 04:39:35 Finished transferring input files
...
001 (8017966.797.000) 2026-06-21 04:39:35 Job executing on host: <128.105.69.3:9618?addrs=128.105.69.3-9618+[2607-f388-2200-100-7ec2-55ff-fe46-28f2]-9618&alias=gpu4002.chtc.wisc.edu&noUDP&sock=startd_11312_ab69>
	SlotName: slot1_5@gpu4002.chtc.wisc.edu
	AvailableGPUs = { GPUs_GPU_24660f1c }
	CondorScratchDir = "/var/lib/condor/execute/slot1/dir_3083871/scratch"
	Cpus = 1
	Disk = 16777216
	GPUs = 1
	GPUs_GPU_24660f1c = [ Id = "GPU-24660f1c"; Capability = 8.9; DeviceName = "NVIDIA L40"; DeviceUuid = "24660f1c-9665-dc92-a0c9-04252e1a8138"; ECCEnabled = true; NvidiaDriver = "570.195.03"; DriverVersion = 12.8; DevicePciBusId = "0000:CE:00.0"; GlobalMemoryMb = 45468; MaxSupportedVersion = 12080 ]
	IoHeavy = 0
	Memory = 16384
...
006 (8017966.797.000) 2026-06-21 04:39:44 Image size of job updated: 392636
	384  -  MemoryUsage of job (MB)
	392636  -  ResidentSetSize of job (KB)
...
006 (8017966.797.000) 2026-06-21 04:39:49 Image size of job updated: 483544
	384  -  MemoryUsage of job (MB)
	392724  -  ResidentSetSize of job (KB)
...
040 (8017966.797.000) 2026-06-21 04:39:49 Started transferring output files
...
040 (8017966.797.000) 2026-06-21 04:39:49 Finished transferring output files
...
004 (8017966.797.000) 2026-06-21 04:39:50 Job was evicted.
	(0) Job terminated and was requeued
		Usr 0 00:00:12, Sys 0 00:00:01  -  Run Remote Usage
		Usr 0 00:00:00, Sys 0 00:00:00  -  Run Local Usage
	747103  -  Run Bytes Sent By Job
	2781893409  -  Run Bytes Received By Job
	(1) Normal termination (return value 1)
	The job attribute OnExitRemove expression 'NumJobCompletions > JobMaxRetries || ExitCode =?= 0' evaluated to FALSE
...
040 (8017966.797.000) 2026-06-21 04:40:08 Started transferring input files
	Transferring to host: <128.105.68.101:9618?addrs=128.105.68.101-9618+[2607-f388-2200-100-1270-fdff-fe73-97d6]-9618&alias=gpu2009.chtc.wisc.edu&noUDP&sock=slot2_1_2748016_9e7c_74979>
...
040 (8017966.797.000) 2026-06-21 04:40:23 Finished transferring input files
...
001 (8017966.797.000) 2026-06-21 04:40:23 Job executing on host: <128.105.68.101:9618?addrs=128.105.68.101-9618+[2607-f388-2200-100-1270-fdff-fe73-97d6]-9618&alias=gpu2009.chtc.wisc.edu&noUDP&sock=startd_12432_e57c>
	SlotName: slot2_1@gpu2009.chtc.wisc.edu
	AvailableGPUs = { GPUs_GPU_763b3aa1 }
	CondorScratchDir = "/var/lib/condor/execute/slot2/dir_1745129/scratch"
	Cpus = 1
	Disk = 16777216
	GPUs = 1
	GPUs_GPU_763b3aa1 = [ Id = "GPU-763b3aa1"; Capability = 8.0; DeviceName = "NVIDIA A100-SXM4-80GB"; DeviceUuid = "763b3aa1-e893-7228-373b-d0af3538eedb"; ECCEnabled = true; NvidiaDriver = "570.195.03"; DriverVersion = 12.8; DevicePciBusId = "0000:01:00.0"; GlobalMemoryMb = 81154; MaxSupportedVersion = 12080 ]
	IoHeavy = 0
	Memory = 16384
...
040 (8017966.797.000) 2026-06-21 04:40:26 Started transferring output files
...
040 (8017966.797.000) 2026-06-21 04:40:26 Finished transferring output files
...
004 (8017966.797.000) 2026-06-21 04:40:27 Job was evicted.
	(0) Job terminated and was requeued
		Usr 0 00:00:02, Sys 0 00:00:01  -  Run Remote Usage
		Usr 0 00:00:00, Sys 0 00:00:00  -  Run Local Usage
	742379  -  Run Bytes Sent By Job
	2782635288  -  Run Bytes Received By Job
	(1) Normal termination (return value 2)
	The job attribute OnExitRemove expression 'NumJobCompletions > JobMaxRetries || ExitCode =?= 0' evaluated to FALSE
...
040 (8017966.797.000) 2026-06-21 04:40:36 Started transferring input files
	Transferring to host: <128.105.76.52:9618?addrs=128.105.76.52-9618+[2607-f388-2200-100-b65c-b5ff-fe81-e53e]-9618&alias=dbrundage-chtcgpu5000.chtc.wisc.edu&noUDP&sock=backfill1_1_11313_c825_13827>
...
040 (8017966.797.000) 2026-06-21 04:40:48 Finished transferring input files
...
001 (8017966.797.000) 2026-06-21 04:40:48 Job executing on host: <128.105.76.52:9618?addrs=128.105.76.52-9618+[2607-f388-2200-100-b65c-b5ff-fe81-e53e]-9618&alias=dbrundage-chtcgpu5000.chtc.wisc.edu&noUDP&sock=startd_10956_7bb2>
	SlotName: backfill1_1@dbrundage-chtcgpu5000.chtc.wisc.edu
	AvailableGPUs = { GPUs_GPU_89711c58 }
	CondorScratchDir = "/var/lib/condor/execute/slot1/dir_249206/scratch"
	Cpus = 1
	Disk = 16777216
	GPUs = 1
	GPUs_GPU_89711c58 = [ Id = "GPU-89711c58"; Capability = 9.0; DeviceName = "NVIDIA H200"; DeviceUuid = "89711c58-2491-4da3-66bc-205872c162a4"; ECCEnabled = true; NvidiaDriver = "590.48.01"; DriverVersion = 13.1; DevicePciBusId = "0000:3B:00.0"; GlobalMemoryMb = 143158; MaxSupportedVersion = 13010 ]
	IoHeavy = 0
	Memory = 16384
...
040 (8017966.797.000) 2026-06-21 04:40:52 Started transferring output files
...
040 (8017966.797.000) 2026-06-21 04:40:52 Finished transferring output files
...
004 (8017966.797.000) 2026-06-21 04:40:52 Job was evicted.
	(0) Job terminated and was requeued
		Usr 0 00:00:01, Sys 0 00:00:00  -  Run Remote Usage
		Usr 0 00:00:00, Sys 0 00:00:00  -  Run Local Usage
	742407  -  Run Bytes Sent By Job
	2782635288  -  Run Bytes Received By Job
	(1) Normal termination (return value 2)
	The job attribute OnExitRemove expression 'NumJobCompletions > JobMaxRetries || ExitCode =?= 0' evaluated to FALSE
...
040 (8017966.797.000) 2026-06-21 04:43:00 Started transferring input files
	Transferring to host: <141.142.150.75:28199?CCBID=128.105.82.148:9618%3faddrs%3d128.105.82.148-9618+[2607-f388-2200-9d-7ccb-bc08-2489-768a]-9618%26alias%3dospool-ccb.osg.chtc.io%26noUDP%26sock%3dcollector6#4309137%2067.58.49.91:9618%3faddrs%3d67.58.49.91-9618+[fdf0-17b3-c3ec-1f79-10-0-e-b69d]-9618%26alias%3dccb-2.ospool.osg-htc.org%26noUDP%26sock%3dcollector4#4297697&PrivNet=rails05&addrs=141.142.150.75-28199+[fde1-53ba-e9a0-de11-3135-9cf5-3311-5cc2]-28199&alias=rails05&noUDP>
...
040 (8017966.797.000) 2026-06-21 04:43:15 Finished transferring input files
...
021 (8017966.797.000) 2026-06-21 04:43:16 Message from starter on slot1_1@glidein_2626835_365211279@rails05:
	PREPARE_JOB (prepare-hook) succeeded (reported status 000): Using Singularity image openfe_1.11.1.sif
...
001 (8017966.797.000) 2026-06-21 04:43:16 Job executing on host: <141.142.150.75:11803?CCBID=128.105.82.148:9618%3faddrs%3d128.105.82.148-9618+[2607-f388-2200-9d-7ccb-bc08-2489-768a]-9618%26alias%3dospool-ccb.osg.chtc.io%26noUDP%26sock%3dcollector3#4294406%2067.58.49.91:9618%3faddrs%3d67.58.49.91-9618+[fdf0-17b3-c3ec-1f79-10-0-e-b69d]-9618%26alias%3dccb-2.ospool.osg-htc.org%26noUDP%26sock%3dcollector3#4283188&PrivNet=rails05&addrs=141.142.150.75-11803+[fde1-53ba-e9a0-de11-3135-9cf5-3311-5cc2]-11803&alias=rails05&noUDP>
	SlotName: slot1_1@glidein_2626835_365211279@rails05
	AvailableGPUs = { GPUs_GPU_09ed6e61 }
	CondorScratchDir = "/projects/bcxl/svcosguser/glide_OfoC3Y/execute/dir_2867506/scratch"
	Cpus = 1
	Disk = 16777216
	GPUs = 1
	GPUs_GPU_09ed6e61 = [ Id = "GPU-09ed6e61"; ClockMhz = 1980.0; Capability = 9.0; CoresPerCU = 128; DeviceName = "NVIDIA H100 80GB HBM3"; DeviceUuid = "09ed6e61-5e7b-6593-d68f-1ece7eedc425"; ECCEnabled = true; ComputeUnits = 132; NvidiaDriver = "590.48.01"; DriverVersion = 13.1; DevicePciBusId = "0000:19:00.0"; GlobalMemoryMb = 81081; MaxSupportedVersion = 13010 ]
	Memory = 16384
...
040 (8017966.797.000) 2026-06-21 04:43:21 Started transferring output files
...
040 (8017966.797.000) 2026-06-21 04:43:21 Finished transferring output files
...
004 (8017966.797.000) 2026-06-21 04:43:21 Job was evicted.
	(0) Job terminated and was requeued
		Usr 0 00:00:00, Sys 0 00:00:00  -  Run Remote Usage
		Usr 0 00:00:00, Sys 0 00:00:00  -  Run Local Usage
	742398  -  Run Bytes Sent By Job
	2782635288  -  Run Bytes Received By Job
	(1) Normal termination (return value 2)
	The job attribute OnExitRemove expression 'NumJobCompletions > JobMaxRetries || ExitCode =?= 0' evaluated to FALSE
...
040 (8017966.797.000) 2026-06-21 04:43:39 Started transferring input files
	Transferring to host: <128.105.68.117:9618?addrs=128.105.68.117-9618+[2607-f388-2200-100-7ec2-55ff-fe9a-b4fa]-9618&alias=gpu4000.chtc.wisc.edu&noUDP&sock=slot2_7_1956795_d8ee_82769>
...
040 (8017966.797.000) 2026-06-21 04:43:51 Finished transferring input files
...
001 (8017966.797.000) 2026-06-21 04:43:51 Job executing on host: <128.105.68.117:9618?addrs=128.105.68.117-9618+[2607-f388-2200-100-7ec2-55ff-fe9a-b4fa]-9618&alias=gpu4000.chtc.wisc.edu&noUDP&sock=startd_674379_7ae3>
	SlotName: slot2_7@gpu4000.chtc.wisc.edu
	AvailableGPUs = { GPUs_GPU_865b3474 }
	CondorScratchDir = "/var/lib/condor/execute/slot2/dir_11143/scratch"
	Cpus = 1
	Disk = 16777216
	GPUs = 1
	GPUs_GPU_865b3474 = [ Id = "GPU-865b3474"; Capability = 8.9; DeviceName = "NVIDIA L40"; DeviceUuid = "865b3474-f121-b6b4-0ada-3ea18a1ac4dc"; ECCEnabled = true; NvidiaDriver = "570.195.03"; DriverVersion = 12.8; DevicePciBusId = "0000:D1:00.0"; GlobalMemoryMb = 45468; MaxSupportedVersion = 12080 ]
	IoHeavy = 0
	Memory = 16384
...
040 (8017966.797.000) 2026-06-21 04:43:54 Started transferring output files
...
040 (8017966.797.000) 2026-06-21 04:43:54 Finished transferring output files
...
004 (8017966.797.000) 2026-06-21 04:43:54 Job was evicted.
	(0) Job terminated and was requeued
		Usr 0 00:00:02, Sys 0 00:00:00  -  Run Remote Usage
		Usr 0 00:00:00, Sys 0 00:00:00  -  Run Local Usage
	742379  -  Run Bytes Sent By Job
	2782635288  -  Run Bytes Received By Job
	(1) Normal termination (return value 2)
	The job attribute OnExitRemove expression 'NumJobCompletions > JobMaxRetries || ExitCode =?= 0' evaluated to FALSE
...
040 (8017966.797.000) 2026-06-21 04:44:03 Started transferring input files
	Transferring to host: <128.105.68.168:9618?addrs=128.105.68.168-9618+[2607-f388-2200-100-b62e-99ff-feb7-2dcb]-9618&alias=gpulab2003.chtc.wisc.edu&noUDP&sock=slot2_5_11172_6f3f_5588>
...
040 (8017966.797.000) 2026-06-21 04:44:21 Finished transferring input files
...
001 (8017966.797.000) 2026-06-21 04:44:21 Job executing on host: <128.105.68.168:9618?addrs=128.105.68.168-9618+[2607-f388-2200-100-b62e-99ff-feb7-2dcb]-9618&alias=gpulab2003.chtc.wisc.edu&noUDP&sock=startd_10155_1056>
	SlotName: slot2_5@gpulab2003.chtc.wisc.edu
	AvailableGPUs = { GPUs_GPU_617aab32 }
	CondorScratchDir = "/var/lib/condor/execute/slot2/dir_227069/scratch"
	Cpus = 1
	Disk = 16777216
	GPUs = 1
	GPUs_GPU_617aab32 = [ Id = "GPU-617aab32"; Capability = 7.5; DeviceName = "NVIDIA GeForce RTX 2080 Ti"; DeviceUuid = "617aab32-5f65-443c-8910-fed1edb0e508"; ECCEnabled = false; NvidiaDriver = "570.195.03"; DriverVersion = 12.8; DevicePciBusId = "0000:DA:00.0"; GlobalMemoryMb = 10823; MaxSupportedVersion = 12080 ]
	IoHeavy = 0
	Memory = 16384
...
040 (8017966.797.000) 2026-06-21 04:44:25 Started transferring output files
...
040 (8017966.797.000) 2026-06-21 04:44:25 Finished transferring output files
...
004 (8017966.797.000) 2026-06-21 04:44:26 Job was evicted.
	(0) Job terminated and was requeued
		Usr 0 00:00:02, Sys 0 00:00:00  -  Run Remote Usage
		Usr 0 00:00:00, Sys 0 00:00:00  -  Run Local Usage
	742382  -  Run Bytes Sent By Job
	2782635288  -  Run Bytes Received By Job
	(1) Normal termination (return value 2)
	The job attribute OnExitRemove expression 'NumJobCompletions > JobMaxRetries || ExitCode =?= 0' evaluated to FALSE
...
040 (8017966.797.000) 2026-06-21 04:44:35 Started transferring input files
	Transferring to host: <128.105.68.168:9618?addrs=128.105.68.168-9618+[2607-f388-2200-100-b62e-99ff-feb7-2dcb]-9618&alias=gpulab2003.chtc.wisc.edu&noUDP&sock=slot2_5_11172_6f3f_5590>
...
040 (8017966.797.000) 2026-06-21 04:44:54 Finished transferring input files
...
001 (8017966.797.000) 2026-06-21 04:44:54 Job executing on host: <128.105.68.168:9618?addrs=128.105.68.168-9618+[2607-f388-2200-100-b62e-99ff-feb7-2dcb]-9618&alias=gpulab2003.chtc.wisc.edu&noUDP&sock=startd_10155_1056>
	SlotName: slot2_5@gpulab2003.chtc.wisc.edu
	AvailableGPUs = { GPUs_GPU_617aab32 }
	CondorScratchDir = "/var/lib/condor/execute/slot2/dir_227589/scratch"
	Cpus = 1
	Disk = 16777216
	GPUs = 1
	GPUs_GPU_617aab32 = [ Id = "GPU-617aab32"; Capability = 7.5; DeviceName = "NVIDIA GeForce RTX 2080 Ti"; DeviceUuid = "617aab32-5f65-443c-8910-fed1edb0e508"; ECCEnabled = false; NvidiaDriver = "570.195.03"; DriverVersion = 12.8; DevicePciBusId = "0000:DA:00.0"; GlobalMemoryMb = 10823; MaxSupportedVersion = 12080 ]
	IoHeavy = 0
	Memory = 16384
...
040 (8017966.797.000) 2026-06-21 04:44:58 Started transferring output files
...
040 (8017966.797.000) 2026-06-21 04:44:58 Finished transferring output files
...
004 (8017966.797.000) 2026-06-21 04:44:58 Job was evicted.
	(0) Job terminated and was requeued
		Usr 0 00:00:03, Sys 0 00:00:00  -  Run Remote Usage
		Usr 0 00:00:00, Sys 0 00:00:00  -  Run Local Usage
	742382  -  Run Bytes Sent By Job
	2782635288  -  Run Bytes Received By Job
	(1) Normal termination (return value 2)
	The job attribute OnExitRemove expression 'NumJobCompletions > JobMaxRetries || ExitCode =?= 0' evaluated to FALSE
...
040 (8017966.797.000) 2026-06-21 04:45:13 Started transferring input files
	Transferring to host: <128.104.100.117:9618?addrs=128.104.100.117-9618+[2607-f388-107c-501-8ae9-a4ff-fe02-e150]-9618&alias=jcaicedogpu0003.chtc.wisc.edu&noUDP&sock=backfill1_6_1586877_26eb_99738>
...
040 (8017966.797.000) 2026-06-21 04:45:25 Finished transferring input files
...
001 (8017966.797.000) 2026-06-21 04:45:25 Job executing on host: <128.104.100.117:9618?addrs=128.104.100.117-9618+[2607-f388-107c-501-8ae9-a4ff-fe02-e150]-9618&alias=jcaicedogpu0003.chtc.wisc.edu&noUDP&sock=startd_10874_3cee>
	SlotName: backfill1_6@jcaicedogpu0003.chtc.wisc.edu
	AvailableGPUs = { GPUs_GPU_84aa5312 }
	CondorScratchDir = "/var/lib/condor/execute/slot1/dir_2805924/scratch"
	Cpus = 1
	Disk = 16777216
	GPUs = 1
	GPUs_GPU_84aa5312 = [ Id = "GPU-84aa5312"; Capability = 8.9; DeviceName = "NVIDIA L40S"; DeviceUuid = "84aa5312-d8a5-be03-8ab6-55b4d1f0d7b2"; ECCEnabled = true; NvidiaDriver = "570.195.03"; DriverVersion = 12.8; DevicePciBusId = "0000:E1:00.0"; GlobalMemoryMb = 45468; MaxSupportedVersion = 12080 ]
	IoHeavy = 0
	Memory = 16384
...
040 (8017966.797.000) 2026-06-21 04:45:28 Started transferring output files
...
040 (8017966.797.000) 2026-06-21 04:45:28 Finished transferring output files
...
004 (8017966.797.000) 2026-06-21 04:45:28 Job was evicted.
	(0) Job terminated and was requeued
		Usr 0 00:00:01, Sys 0 00:00:00  -  Run Remote Usage
		Usr 0 00:00:00, Sys 0 00:00:00  -  Run Local Usage
	742387  -  Run Bytes Sent By Job
	2782635288  -  Run Bytes Received By Job
	(1) Normal termination (return value 2)
	The job attribute OnExitRemove expression 'NumJobCompletions > JobMaxRetries || ExitCode =?= 0' evaluated to FALSE
...
040 (8017966.797.000) 2026-06-21 04:45:38 Started transferring input files
	Transferring to host: <128.104.100.118:9618?addrs=128.104.100.118-9618+[2607-f388-107c-501-26d-aeff-fe1f-6b20]-9618&alias=jcaicedogpu0004.chtc.wisc.edu&noUDP&sock=backfill1_3_4107613_b354_99737>
...
040 (8017966.797.000) 2026-06-21 04:45:51 Finished transferring input files
...
001 (8017966.797.000) 2026-06-21 04:45:51 Job executing on host: <128.104.100.118:9618?addrs=128.104.100.118-9618+[2607-f388-107c-501-26d-aeff-fe1f-6b20]-9618&alias=jcaicedogpu0004.chtc.wisc.edu&noUDP&sock=startd_10858_436a>
	SlotName: backfill1_3@jcaicedogpu0004.chtc.wisc.edu
	AvailableGPUs = { GPUs_GPU_24c36952 }
	CondorScratchDir = "/var/lib/condor/execute/slot1/dir_751248/scratch"
	Cpus = 1
	Disk = 16777216
	GPUs = 1
	GPUs_GPU_24c36952 = [ Id = "GPU-24c36952"; Capability = 8.9; DeviceName = "NVIDIA L40S"; DeviceUuid = "24c36952-d8e0-2591-de95-0b1c1e26b79b"; ECCEnabled = true; NvidiaDriver = "570.195.03"; DriverVersion = 12.8; DevicePciBusId = "0000:41:00.0"; GlobalMemoryMb = 45468; MaxSupportedVersion = 12080 ]
	IoHeavy = 0
	Memory = 16384
...
040 (8017966.797.000) 2026-06-21 04:45:54 Started transferring output files
...
040 (8017966.797.000) 2026-06-21 04:45:54 Finished transferring output files
...
004 (8017966.797.000) 2026-06-21 04:45:55 Job was evicted.
	(0) Job terminated and was requeued
		Usr 0 00:00:01, Sys 0 00:00:00  -  Run Remote Usage
		Usr 0 00:00:00, Sys 0 00:00:00  -  Run Local Usage
	742387  -  Run Bytes Sent By Job
	2782635288  -  Run Bytes Received By Job
	(1) Normal termination (return value 2)
	The job attribute OnExitRemove expression 'NumJobCompletions > JobMaxRetries || ExitCode =?= 0' evaluated to FALSE
...
040 (8017966.797.000) 2026-06-21 04:46:18 Started transferring input files
	Transferring to host: <141.142.150.75:14059?CCBID=128.105.82.148:9618%3faddrs%3d128.105.82.148-9618+[2607-f388-2200-9d-7ccb-bc08-2489-768a]-9618%26alias%3dospool-ccb.osg.chtc.io%26noUDP%26sock%3dcollector1#4306876%2067.58.49.91:9618%3faddrs%3d67.58.49.91-9618+[fdf0-17b3-c3ec-1f79-10-0-e-b69d]-9618%26alias%3dccb-2.ospool.osg-htc.org%26noUDP%26sock%3dcollector9#4304411&PrivNet=rails05&addrs=141.142.150.75-14059+[fde1-53ba-e9a0-de11-3135-9cf5-3311-5cc2]-14059&alias=rails05&noUDP>
...
040 (8017966.797.000) 2026-06-21 04:46:31 Finished transferring input files
...
021 (8017966.797.000) 2026-06-21 04:46:32 Message from starter on slot1_1@glidein_2626835_365211279@rails05:
	PREPARE_JOB (prepare-hook) succeeded (reported status 000): Using Singularity image openfe_1.11.1.sif
...
001 (8017966.797.000) 2026-06-21 04:46:32 Job executing on host: <141.142.150.75:11803?CCBID=128.105.82.148:9618%3faddrs%3d128.105.82.148-9618+[2607-f388-2200-9d-7ccb-bc08-2489-768a]-9618%26alias%3dospool-ccb.osg.chtc.io%26noUDP%26sock%3dcollector3#4294406%2067.58.49.91:9618%3faddrs%3d67.58.49.91-9618+[fdf0-17b3-c3ec-1f79-10-0-e-b69d]-9618%26alias%3dccb-2.ospool.osg-htc.org%26noUDP%26sock%3dcollector3#4283188&PrivNet=rails05&addrs=141.142.150.75-11803+[fde1-53ba-e9a0-de11-3135-9cf5-3311-5cc2]-11803&alias=rails05&noUDP>
	SlotName: slot1_1@glidein_2626835_365211279@rails05
	AvailableGPUs = { GPUs_GPU_09ed6e61 }
	CondorScratchDir = "/projects/bcxl/svcosguser/glide_OfoC3Y/execute/dir_2870147/scratch"
	Cpus = 1
	Disk = 16777216
	GPUs = 1
	GPUs_GPU_09ed6e61 = [ Id = "GPU-09ed6e61"; ClockMhz = 1980.0; Capability = 9.0; CoresPerCU = 128; DeviceName = "NVIDIA H100 80GB HBM3"; DeviceUuid = "09ed6e61-5e7b-6593-d68f-1ece7eedc425"; ECCEnabled = true; ComputeUnits = 132; NvidiaDriver = "590.48.01"; DriverVersion = 13.1; DevicePciBusId = "0000:19:00.0"; GlobalMemoryMb = 81081; MaxSupportedVersion = 13010 ]
	Memory = 16384
...
040 (8017966.797.000) 2026-06-21 04:46:38 Started transferring output files
...
040 (8017966.797.000) 2026-06-21 04:46:38 Finished transferring output files
...
004 (8017966.797.000) 2026-06-21 04:46:39 Job was evicted.
	(0) Job terminated and was requeued
		Usr 0 00:00:00, Sys 0 00:00:00  -  Run Remote Usage
		Usr 0 00:00:00, Sys 0 00:00:00  -  Run Local Usage
	742398  -  Run Bytes Sent By Job
	2782635288  -  Run Bytes Received By Job
	(1) Normal termination (return value 2)
	The job attribute OnExitRemove expression 'NumJobCompletions > JobMaxRetries || ExitCode =?= 0' evaluated to FALSE
...
040 (8017966.797.000) 2026-06-21 04:46:43 Started transferring input files
	Transferring to host: <128.105.68.87:9618?addrs=128.105.68.87-9618+[2607-f388-2200-100-7ec2-55ff-fe9a-b48e]-9618&alias=dsigpu4002.chtc.wisc.edu&noUDP&sock=slot2_2_3411988_f574_78313>
...
040 (8017966.797.000) 2026-06-21 04:46:55 Finished transferring input files
...
001 (8017966.797.000) 2026-06-21 04:46:55 Job executing on host: <128.105.68.87:9618?addrs=128.105.68.87-9618+[2607-f388-2200-100-7ec2-55ff-fe9a-b48e]-9618&alias=dsigpu4002.chtc.wisc.edu&noUDP&sock=startd_10795_0cf3>
	SlotName: slot2_2@dsigpu4002.chtc.wisc.edu
	AvailableGPUs = { GPUs_GPU_00ce5156 }
	CondorScratchDir = "/var/lib/condor/execute/slot2/dir_360187/scratch"
	Cpus = 1
	Disk = 16777216
	GPUs = 1
	GPUs_GPU_00ce5156 = [ Id = "GPU-00ce5156"; Capability = 8.9; DeviceName = "NVIDIA L40"; DeviceUuid = "00ce5156-6c1c-d9e4-6d22-e1f02050971e"; ECCEnabled = true; NvidiaDriver = "570.195.03"; DriverVersion = 12.8; DevicePciBusId = "0000:52:00.0"; GlobalMemoryMb = 45468; MaxSupportedVersion = 12080 ]
	IoHeavy = 0
	Memory = 16384
...
040 (8017966.797.000) 2026-06-21 04:46:58 Started transferring output files
...
040 (8017966.797.000) 2026-06-21 04:46:58 Finished transferring output files
...
005 (8017966.797.000) 2026-06-21 04:46:59 Job terminated.
	(1) Normal termination (return value 2)
		Usr 0 00:00:02, Sys 0 00:00:00  -  Run Remote Usage
		Usr 0 00:00:00, Sys 0 00:00:00  -  Run Local Usage
		Usr 0 00:00:26, Sys 0 00:00:02  -  Total Remote Usage
		Usr 0 00:00:00, Sys 0 00:00:00  -  Total Local Usage
	742382  -  Run Bytes Sent By Job
	2782635288  -  Run Bytes Received By Job
	8170984  -  Total Bytes Sent By Job
	30608246289  -  Total Bytes Received By Job
	Partitionable Resources :    Usage  Request Allocated Assigned
	   Cpus                 :        0        1         1 
	   Disk (KB)            :  2717455 16777216  16777216 
	   GPUs                 :        0        1         1 "GPU-00ce5156"
	   IoHeavy              :                           0 
	   Memory (MB)          :      391    16384     16384 
	   TimeExecute (s)      :        3                    
	   TimeSlotBusy (s)     :       15                    
...
