000 (8017966.1019.000) 2026-06-20 22:07:54 Job submitted from host: <128.105.68.112:9618?addrs=128.105.68.112-9618+[2607-f388-2200-100-eaeb-d3ff-fea3-4202]-9618&alias=ap2001.chtc.wisc.edu&noUDP&sock=schedd_4071840_2329>
...
040 (8017966.1019.000) 2026-06-21 06:15:54 Started transferring input files
	Transferring to host: <128.104.100.118:9618?addrs=128.104.100.118-9618+[2607-f388-107c-501-26d-aeff-fe1f-6b20]-9618&alias=jcaicedogpu0004.chtc.wisc.edu&noUDP&sock=backfill1_2_4107613_b354_99941>
...
040 (8017966.1019.000) 2026-06-21 06:16:04 Finished transferring input files
...
001 (8017966.1019.000) 2026-06-21 06:16:04 Job executing on host: <128.104.100.118:9618?addrs=128.104.100.118-9618+[2607-f388-107c-501-26d-aeff-fe1f-6b20]-9618&alias=jcaicedogpu0004.chtc.wisc.edu&noUDP&sock=startd_10858_436a>
	SlotName: backfill1_2@jcaicedogpu0004.chtc.wisc.edu
	AvailableGPUs = { GPUs_GPU_fa14651d }
	CondorScratchDir = "/var/lib/condor/execute/slot1/dir_844747/scratch"
	Cpus = 1
	Disk = 16777216
	GPUs = 1
	GPUs_GPU_fa14651d = [ Id = "GPU-fa14651d"; Capability = 8.9; DeviceName = "NVIDIA L40S"; DeviceUuid = "fa14651d-25f0-e1cc-501d-97e0ea46e1dd"; ECCEnabled = true; NvidiaDriver = "570.195.03"; DriverVersion = 12.8; DevicePciBusId = "0000:01:00.0"; GlobalMemoryMb = 45468; MaxSupportedVersion = 12080 ]
	IoHeavy = 0
	Memory = 16384
...
006 (8017966.1019.000) 2026-06-21 06:16:13 Image size of job updated: 490764
	480  -  MemoryUsage of job (MB)
	490764  -  ResidentSetSize of job (KB)
...
006 (8017966.1019.000) 2026-06-21 06:21:14 Image size of job updated: 966700
	943  -  MemoryUsage of job (MB)
	964688  -  ResidentSetSize of job (KB)
...
006 (8017966.1019.000) 2026-06-21 06:31:15 Image size of job updated: 968476
	946  -  MemoryUsage of job (MB)
	968476  -  ResidentSetSize of job (KB)
...
006 (8017966.1019.000) 2026-06-21 06:36:15 Image size of job updated: 974072
	952  -  MemoryUsage of job (MB)
	974072  -  ResidentSetSize of job (KB)
...
006 (8017966.1019.000) 2026-06-21 06:41:16 Image size of job updated: 978264
	956  -  MemoryUsage of job (MB)
	978264  -  ResidentSetSize of job (KB)
...
006 (8017966.1019.000) 2026-06-21 06:46:17 Image size of job updated: 984460
	962  -  MemoryUsage of job (MB)
	984460  -  ResidentSetSize of job (KB)
...
006 (8017966.1019.000) 2026-06-21 06:51:17 Image size of job updated: 988716
	966  -  MemoryUsage of job (MB)
	988716  -  ResidentSetSize of job (KB)
...
006 (8017966.1019.000) 2026-06-21 06:56:18 Image size of job updated: 994804
	972  -  MemoryUsage of job (MB)
	994804  -  ResidentSetSize of job (KB)
...
006 (8017966.1019.000) 2026-06-21 07:01:18 Image size of job updated: 999156
	976  -  MemoryUsage of job (MB)
	999156  -  ResidentSetSize of job (KB)
...
040 (8017966.1019.000) 2026-06-21 07:05:25 Started transferring output files
...
040 (8017966.1019.000) 2026-06-21 07:05:25 Finished transferring output files
...
005 (8017966.1019.000) 2026-06-21 07:05:25 Job terminated.
	(1) Normal termination (return value 0)
		Usr 0 00:49:24, Sys 0 00:26:09  -  Run Remote Usage
		Usr 0 00:00:00, Sys 0 00:00:00  -  Run Local Usage
		Usr 0 00:49:24, Sys 0 00:26:09  -  Total Remote Usage
		Usr 0 00:00:00, Sys 0 00:00:00  -  Total Local Usage
	2971302  -  Run Bytes Sent By Job
	2781824790  -  Run Bytes Received By Job
	2971302  -  Total Bytes Sent By Job
	2781824790  -  Total Bytes Received By Job
	Partitionable Resources :      Usage  Request Allocated Assigned
	   Cpus                 :       1.00        1         1 
	   Disk (KB)            : 2728816    16777216  16777216 
	   GPUs                 :       0.87        1         1 "GPU-fa14651d"
	   GpusMemory (MB)      :    6772                       
	   IoHeavy              :                             0 
	   Memory (MB)          :     976       16384     16384 
	   TimeExecute (s)      :    2961                       
	   TimeSlotBusy (s)     :    2971                       
...
