000 (8017966.845.000) 2026-06-20 22:07:54 Job submitted from host: <128.105.68.112:9618?addrs=128.105.68.112-9618+[2607-f388-2200-100-eaeb-d3ff-fea3-4202]-9618&alias=ap2001.chtc.wisc.edu&noUDP&sock=schedd_4071840_2329>
...
040 (8017966.845.000) 2026-06-21 04:58:49 Started transferring input files
	Transferring to host: <128.105.68.124:9618?addrs=128.105.68.124-9618+[2607-f388-2200-100-7ec2-55ff-fe99-a508]-9618&alias=dsigpu4001.chtc.wisc.edu&noUDP&sock=slot2_10_205874_9b6d_81264>
...
040 (8017966.845.000) 2026-06-21 04:59:00 Finished transferring input files
...
001 (8017966.845.000) 2026-06-21 04:59:00 Job executing on host: <128.105.68.124:9618?addrs=128.105.68.124-9618+[2607-f388-2200-100-7ec2-55ff-fe99-a508]-9618&alias=dsigpu4001.chtc.wisc.edu&noUDP&sock=startd_10787_9031>
	SlotName: slot2_10@dsigpu4001.chtc.wisc.edu
	AvailableGPUs = { GPUs_GPU_a6884cc7 }
	CondorScratchDir = "/var/lib/condor/execute/slot2/dir_2484023/scratch"
	Cpus = 1
	Disk = 16777216
	GPUs = 1
	GPUs_GPU_a6884cc7 = [ Id = "GPU-a6884cc7"; Capability = 8.9; DeviceName = "NVIDIA L40"; DeviceUuid = "a6884cc7-3a99-c3dc-73ba-2983dd2049bd"; ECCEnabled = true; NvidiaDriver = "570.195.03"; DriverVersion = 12.8; DevicePciBusId = "0000:D6:00.0"; GlobalMemoryMb = 45468; MaxSupportedVersion = 12080 ]
	IoHeavy = 0
	Memory = 16384
...
006 (8017966.845.000) 2026-06-21 04:59:09 Image size of job updated: 404364
	395  -  MemoryUsage of job (MB)
	404364  -  ResidentSetSize of job (KB)
...
006 (8017966.845.000) 2026-06-21 05:04:10 Image size of job updated: 1654520
	1615  -  MemoryUsage of job (MB)
	1653108  -  ResidentSetSize of job (KB)
...
006 (8017966.845.000) 2026-06-21 05:09:10 Image size of job updated: 1654520
	1615  -  MemoryUsage of job (MB)
	1653344  -  ResidentSetSize of job (KB)
...
006 (8017966.845.000) 2026-06-21 05:24:11 Image size of job updated: 1655732
	1617  -  MemoryUsage of job (MB)
	1655732  -  ResidentSetSize of job (KB)
...
006 (8017966.845.000) 2026-06-21 05:29:12 Image size of job updated: 1655760
	1617  -  MemoryUsage of job (MB)
	1655732  -  ResidentSetSize of job (KB)
...
006 (8017966.845.000) 2026-06-21 05:44:14 Image size of job updated: 1655948
	1618  -  MemoryUsage of job (MB)
	1655948  -  ResidentSetSize of job (KB)
...
006 (8017966.845.000) 2026-06-21 05:49:14 Image size of job updated: 1655960
	1618  -  MemoryUsage of job (MB)
	1655960  -  ResidentSetSize of job (KB)
...
006 (8017966.845.000) 2026-06-21 05:54:15 Image size of job updated: 1655972
	1618  -  MemoryUsage of job (MB)
	1655972  -  ResidentSetSize of job (KB)
...
006 (8017966.845.000) 2026-06-21 05:59:15 Image size of job updated: 1655976
	1618  -  MemoryUsage of job (MB)
	1655976  -  ResidentSetSize of job (KB)
...
006 (8017966.845.000) 2026-06-21 06:04:16 Image size of job updated: 1655988
	1618  -  MemoryUsage of job (MB)
	1655988  -  ResidentSetSize of job (KB)
...
006 (8017966.845.000) 2026-06-21 06:19:18 Image size of job updated: 1655992
	1618  -  MemoryUsage of job (MB)
	1655992  -  ResidentSetSize of job (KB)
...
006 (8017966.845.000) 2026-06-21 06:29:18 Image size of job updated: 1655996
	1618  -  MemoryUsage of job (MB)
	1655996  -  ResidentSetSize of job (KB)
...
006 (8017966.845.000) 2026-06-21 06:44:20 Image size of job updated: 1663068
	1625  -  MemoryUsage of job (MB)
	1663068  -  ResidentSetSize of job (KB)
...
006 (8017966.845.000) 2026-06-21 07:04:22 Image size of job updated: 1666376
	1625  -  MemoryUsage of job (MB)
	1663068  -  ResidentSetSize of job (KB)
...
040 (8017966.845.000) 2026-06-21 07:05:25 Started transferring output files
...
040 (8017966.845.000) 2026-06-21 07:05:25 Finished transferring output files
...
005 (8017966.845.000) 2026-06-21 07:05:25 Job terminated.
	(1) Normal termination (return value 0)
		Usr 0 02:08:28, Sys 0 00:24:40  -  Run Remote Usage
		Usr 0 00:00:00, Sys 0 00:00:00  -  Run Local Usage
		Usr 0 02:08:28, Sys 0 00:24:40  -  Total Remote Usage
		Usr 0 00:00:00, Sys 0 00:00:00  -  Total Local Usage
	10088677  -  Run Bytes Sent By Job
	2782462083  -  Run Bytes Received By Job
	10088677  -  Total Bytes Sent By Job
	2782462083  -  Total Bytes Received By Job
	Partitionable Resources :      Usage  Request Allocated Assigned
	   Cpus                 :       1.00        1         1 
	   Disk (KB)            : 2787978    16777216  16777216 
	   GPUs                 :       0.84        1         1 "GPU-a6884cc7"
	   GpusMemory (MB)      :    7142                       
	   IoHeavy              :                             0 
	   Memory (MB)          :    1625       16384     16384 
	   TimeExecute (s)      :    7585                       
	   TimeSlotBusy (s)     :    7596                       
...
