000 (8017966.227.000) 2026-06-20 22:07:54 Job submitted from host: <128.105.68.112:9618?addrs=128.105.68.112-9618+[2607-f388-2200-100-eaeb-d3ff-fea3-4202]-9618&alias=ap2001.chtc.wisc.edu&noUDP&sock=schedd_4071840_2329>
...
040 (8017966.227.000) 2026-06-21 00:23:42 Started transferring input files
	Transferring to host: <10.226.104.214:36097?CCBID=128.105.82.148:9618%3faddrs%3d128.105.82.148-9618+[2607-f388-2200-9d-7ccb-bc08-2489-768a]-9618%26alias%3dospool-ccb.osg.chtc.io%26noUDP%26sock%3dcollector10#4290322%2067.58.49.91:9618%3faddrs%3d67.58.49.91-9618+[fdf0-17b3-c3ec-1f79-10-0-e-b69d]-9618%26alias%3dccb-2.ospool.osg-htc.org%26noUDP%26sock%3dcollector8#4289691&PrivNet=gpu014.rci.montana.edu&addrs=10.226.104.214-36097&alias=gpu014.rci.montana.edu&noUDP>
...
040 (8017966.227.000) 2026-06-21 00:26:29 Finished transferring input files
...
021 (8017966.227.000) 2026-06-21 00:26:30 Message from starter on slot1_1@glidein_3102860_730382322@gpu014.rci.montana.edu:
	PREPARE_JOB (prepare-hook) succeeded (reported status 000): Using Singularity image openfe_1.11.1.sif
...
001 (8017966.227.000) 2026-06-21 00:26:30 Job executing on host: <10.226.104.214:35173?CCBID=128.105.82.148:9618%3faddrs%3d128.105.82.148-9618+[2607-f388-2200-9d-7ccb-bc08-2489-768a]-9618%26alias%3dospool-ccb.osg.chtc.io%26noUDP%26sock%3dcollector8#4180869%2067.58.49.91:9618%3faddrs%3d67.58.49.91-9618+[fdf0-17b3-c3ec-1f79-10-0-e-b69d]-9618%26alias%3dccb-2.ospool.osg-htc.org%26noUDP%26sock%3dcollector10#4173808&PrivNet=gpu014.rci.montana.edu&addrs=10.226.104.214-35173&alias=gpu014.rci.montana.edu&noUDP>
	SlotName: slot1_1@glidein_3102860_730382322@gpu014.rci.montana.edu
	AvailableGPUs = { GPUs_GPU_412a6496 }
	CondorScratchDir = "/tmp/jobs/4082621/glide_UMaet3/execute/dir_2520414/scratch"
	Cpus = 1
	Disk = 16777216
	GPUs = 1
	GPUs_GPU_412a6496 = [ Id = "GPU-412a6496"; ClockMhz = 1410.0; Capability = 8.0; CoresPerCU = 64; DeviceName = "NVIDIA A100-SXM4-40GB"; DeviceUuid = "412a6496-e35a-c739-e543-a2d41f1e3539"; ECCEnabled = true; ComputeUnits = 108; NvidiaDriver = "595.71.05"; DriverVersion = 13.2; DevicePciBusId = "0000:C1:00.0"; GlobalMemoryMb = 40441; MaxSupportedVersion = 13020 ]
	Memory = 16384
...
006 (8017966.227.000) 2026-06-21 00:26:39 Image size of job updated: 9938076
	326  -  MemoryUsage of job (MB)
	333180  -  ResidentSetSize of job (KB)
...
006 (8017966.227.000) 2026-06-21 00:31:39 Image size of job updated: 39672936
	2609  -  MemoryUsage of job (MB)
	2671428  -  ResidentSetSize of job (KB)
...
006 (8017966.227.000) 2026-06-21 00:36:40 Image size of job updated: 39674596
	2610  -  MemoryUsage of job (MB)
	2672312  -  ResidentSetSize of job (KB)
...
006 (8017966.227.000) 2026-06-21 00:41:40 Image size of job updated: 39679632
	2618  -  MemoryUsage of job (MB)
	2680160  -  ResidentSetSize of job (KB)
...
006 (8017966.227.000) 2026-06-21 00:46:41 Image size of job updated: 39682884
	2622  -  MemoryUsage of job (MB)
	2684008  -  ResidentSetSize of job (KB)
...
006 (8017966.227.000) 2026-06-21 00:51:42 Image size of job updated: 39687932
	2627  -  MemoryUsage of job (MB)
	2690024  -  ResidentSetSize of job (KB)
...
006 (8017966.227.000) 2026-06-21 00:56:42 Image size of job updated: 39691496
	2631  -  MemoryUsage of job (MB)
	2693640  -  ResidentSetSize of job (KB)
...
006 (8017966.227.000) 2026-06-21 01:01:43 Image size of job updated: 39697172
	2636  -  MemoryUsage of job (MB)
	2699248  -  ResidentSetSize of job (KB)
...
006 (8017966.227.000) 2026-06-21 01:06:44 Image size of job updated: 39702600
	2642  -  MemoryUsage of job (MB)
	2704672  -  ResidentSetSize of job (KB)
...
006 (8017966.227.000) 2026-06-21 01:11:45 Image size of job updated: 39708664
	2648  -  MemoryUsage of job (MB)
	2710736  -  ResidentSetSize of job (KB)
...
006 (8017966.227.000) 2026-06-21 01:16:45 Image size of job updated: 39711768
	2648  -  MemoryUsage of job (MB)
	2710736  -  ResidentSetSize of job (KB)
...
040 (8017966.227.000) 2026-06-21 01:23:46 Started transferring output files
...
040 (8017966.227.000) 2026-06-21 01:23:46 Finished transferring output files
...
005 (8017966.227.000) 2026-06-21 01:23:47 Job terminated.
	(1) Normal termination (return value 0)
		Usr 0 00:55:59, Sys 0 00:06:39  -  Run Remote Usage
		Usr 0 00:00:00, Sys 0 00:00:00  -  Run Local Usage
		Usr 0 00:55:59, Sys 0 00:06:39  -  Total Remote Usage
		Usr 0 00:00:00, Sys 0 00:00:00  -  Total Local Usage
	1332228  -  Run Bytes Sent By Job
	2781910882  -  Run Bytes Received By Job
	1332228  -  Total Bytes Sent By Job
	2781910882  -  Total Bytes Received By Job
	Partitionable Resources :      Usage  Request Allocated Assigned
	   Cpus                 :       0.99        1         1 
	   Disk (KB)            : 2728258    16777216  16777216 
	   GPUs                 :       0.75        1         1 "GPU-412a6496"
	   GpusMemory (MB)      :    6588                       
	   Memory (MB)          :    2648       16384     16384 
	   TimeExecute (s)      :    3435                       
	   TimeSlotBusy (s)     :    3605                       
...
