000 (8180963.306.000) 2026-06-24 12:19:47 Job submitted from host: <128.105.68.112:9618?addrs=128.105.68.112-9618+[2607-f388-2200-100-eaeb-d3ff-fea3-4202]-9618&alias=ap2001.chtc.wisc.edu&noUDP&sock=schedd_4071840_2329>
...
040 (8180963.306.000) 2026-06-24 23:16:00 Started transferring input files
	Transferring to host: <141.142.150.74:8471?CCBID=128.105.82.148:9618%3faddrs%3d128.105.82.148-9618+[2607-f388-2200-9d-7ccb-bc08-2489-7689]-9618%26alias%3dospool-ccb.osg.chtc.io%26noUDP%26sock%3dcollector3#4785252%2067.58.49.91:9618%3faddrs%3d67.58.49.91-9618+[fdf0-17b3-c3ec-1f79-10-0-d-2091]-9618%26alias%3dccb-2.ospool.osg-htc.org%26noUDP%26sock%3dcollector5#4777748&PrivNet=rails04&addrs=141.142.150.74-8471+[fde1-53ba-e9a0-de11-2dba-91e3-dd48-5c8a]-8471&alias=rails04&noUDP>
...
040 (8180963.306.000) 2026-06-24 23:16:41 Finished transferring input files
...
021 (8180963.306.000) 2026-06-24 23:16:42 Message from starter on slot1_1@glidein_3771901_122210745@rails04:
	PREPARE_JOB (prepare-hook) succeeded (reported status 000): Using Singularity image openfe_1.11.1.sif
...
001 (8180963.306.000) 2026-06-24 23:16:42 Job executing on host: <141.142.150.74:9761?CCBID=128.105.82.148:9618%3faddrs%3d128.105.82.148-9618+[2607-f388-2200-9d-7ccb-bc08-2489-7689]-9618%26alias%3dospool-ccb.osg.chtc.io%26noUDP%26sock%3dcollector8#4770390%2067.58.49.91:9618%3faddrs%3d67.58.49.91-9618+[fdf0-17b3-c3ec-1f79-10-0-d-2091]-9618%26alias%3dccb-2.ospool.osg-htc.org%26noUDP%26sock%3dcollector4#4759213&PrivNet=rails04&addrs=141.142.150.74-9761+[fde1-53ba-e9a0-de11-2dba-91e3-dd48-5c8a]-9761&alias=rails04&noUDP>
	SlotName: slot1_1@glidein_3771901_122210745@rails04
	AvailableGPUs = { GPUs_GPU_b9d5efe9 }
	CondorScratchDir = "/projects/bcxl/svcosguser/glide_1M5bAq/execute/dir_426412/scratch"
	Cpus = 1
	Disk = 16777216
	GPUs = 1
	GPUs_GPU_b9d5efe9 = [ Id = "GPU-b9d5efe9"; ClockMhz = 1980.0; Capability = 9.0; CoresPerCU = 128; DeviceName = "NVIDIA H100 80GB HBM3"; DeviceUuid = "b9d5efe9-8120-9b74-286a-eb62c49e759c"; ECCEnabled = true; ComputeUnits = 132; NvidiaDriver = "590.48.01"; DriverVersion = 13.1; DevicePciBusId = "0000:3B:00.0"; GlobalMemoryMb = 81081; MaxSupportedVersion = 13010 ]
	Memory = 16384
...
006 (8180963.306.000) 2026-06-24 23:16:52 Image size of job updated: 2
	6  -  MemoryUsage of job (MB)
	5744  -  ResidentSetSize of job (KB)
...
006 (8180963.306.000) 2026-06-24 23:21:53 Image size of job updated: 74836560
	2422  -  MemoryUsage of job (MB)
	2479884  -  ResidentSetSize of job (KB)
...
006 (8180963.306.000) 2026-06-24 23:26:54 Image size of job updated: 74837000
	2423  -  MemoryUsage of job (MB)
	2480144  -  ResidentSetSize of job (KB)
...
006 (8180963.306.000) 2026-06-24 23:31:54 Image size of job updated: 74845632
	2430  -  MemoryUsage of job (MB)
	2488044  -  ResidentSetSize of job (KB)
...
006 (8180963.306.000) 2026-06-24 23:36:55 Image size of job updated: 74850408
	2436  -  MemoryUsage of job (MB)
	2494180  -  ResidentSetSize of job (KB)
...
006 (8180963.306.000) 2026-06-24 23:41:56 Image size of job updated: 74853980
	2440  -  MemoryUsage of job (MB)
	2498004  -  ResidentSetSize of job (KB)
...
006 (8180963.306.000) 2026-06-24 23:47:17 Image size of job updated: 74859260
	2445  -  MemoryUsage of job (MB)
	2503352  -  ResidentSetSize of job (KB)
...
006 (8180963.306.000) 2026-06-24 23:51:56 Image size of job updated: 74865796
	2451  -  MemoryUsage of job (MB)
	2509820  -  ResidentSetSize of job (KB)
...
006 (8180963.306.000) 2026-06-24 23:56:56 Image size of job updated: 74870692
	2456  -  MemoryUsage of job (MB)
	2514716  -  ResidentSetSize of job (KB)
...
006 (8180963.306.000) 2026-06-25 00:01:57 Image size of job updated: 74876304
	2462  -  MemoryUsage of job (MB)
	2520336  -  ResidentSetSize of job (KB)
...
040 (8180963.306.000) 2026-06-25 00:15:42 Started transferring output files
...
040 (8180963.306.000) 2026-06-25 00:15:42 Finished transferring output files
...
005 (8180963.306.000) 2026-06-25 00:15:45 Job terminated.
	(1) Normal termination (return value 0)
		Usr 0 00:56:22, Sys 0 00:11:51  -  Run Remote Usage
		Usr 0 00:00:00, Sys 0 00:00:00  -  Run Local Usage
		Usr 0 00:56:22, Sys 0 00:11:51  -  Total Remote Usage
		Usr 0 00:00:00, Sys 0 00:00:00  -  Total Local Usage
	167950  -  Run Bytes Sent By Job
	2782585916  -  Run Bytes Received By Job
	167950  -  Total Bytes Sent By Job
	2782585916  -  Total Bytes Received By Job
	Partitionable Resources :      Usage  Request Allocated Assigned
	   Cpus                 :       0.99        1         1 
	   Disk (KB)            : 2729125    16777216  16777216 
	   GPUs                 :       0.67        1         1 "GPU-b9d5efe9"
	   GpusMemory (MB)      :    7994                       
	   Memory (MB)          :    2462       16384     16384 
	   TimeExecute (s)      :    3539                       
	   TimeSlotBusy (s)     :    3583                       
...
