000 (8017966.839.000) 2026-06-20 22:07:54 Job submitted from host: <128.105.68.112:9618?addrs=128.105.68.112-9618+[2607-f388-2200-100-eaeb-d3ff-fea3-4202]-9618&alias=ap2001.chtc.wisc.edu&noUDP&sock=schedd_4071840_2329>
...
040 (8017966.839.000) 2026-06-21 04:57:20 Started transferring input files
	Transferring to host: <128.105.68.168:9618?addrs=128.105.68.168-9618+[2607-f388-2200-100-b62e-99ff-feb7-2dcb]-9618&alias=gpulab2003.chtc.wisc.edu&noUDP&sock=slot2_4_11172_6f3f_5627>
...
040 (8017966.839.000) 2026-06-21 04:57:52 Finished transferring input files
...
001 (8017966.839.000) 2026-06-21 04:57:52 Job executing on host: <128.105.68.168:9618?addrs=128.105.68.168-9618+[2607-f388-2200-100-b62e-99ff-feb7-2dcb]-9618&alias=gpulab2003.chtc.wisc.edu&noUDP&sock=startd_10155_1056>
	SlotName: slot2_4@gpulab2003.chtc.wisc.edu
	AvailableGPUs = { GPUs_GPU_61902b82 }
	CondorScratchDir = "/var/lib/condor/execute/slot2/dir_241876/scratch"
	Cpus = 1
	Disk = 16777216
	GPUs = 1
	GPUs_GPU_61902b82 = [ Id = "GPU-61902b82"; Capability = 7.5; DeviceName = "NVIDIA GeForce RTX 2080 Ti"; DeviceUuid = "61902b82-cedb-e4be-d010-bca8829ec79b"; ECCEnabled = false; NvidiaDriver = "570.195.03"; DriverVersion = 12.8; DevicePciBusId = "0000:B2:00.0"; GlobalMemoryMb = 10823; MaxSupportedVersion = 12080 ]
	IoHeavy = 0
	Memory = 16384
...
006 (8017966.839.000) 2026-06-21 04:58:01 Image size of job updated: 634572
	620  -  MemoryUsage of job (MB)
	634572  -  ResidentSetSize of job (KB)
...
006 (8017966.839.000) 2026-06-21 04:58:12 Image size of job updated: 816772
	620  -  MemoryUsage of job (MB)
	634616  -  ResidentSetSize of job (KB)
...
040 (8017966.839.000) 2026-06-21 04:58:13 Started transferring output files
...
040 (8017966.839.000) 2026-06-21 04:58:13 Finished transferring output files
...
004 (8017966.839.000) 2026-06-21 04:58:13 Job was evicted.
	(0) Job terminated and was requeued
		Usr 0 00:00:17, Sys 0 00:00:02  -  Run Remote Usage
		Usr 0 00:00:00, Sys 0 00:00:00  -  Run Local Usage
	632445  -  Run Bytes Sent By Job
	2782587708  -  Run Bytes Received By Job
	(1) Normal termination (return value 1)
	The job attribute OnExitRemove expression 'NumJobCompletions > JobMaxRetries || ExitCode =?= 0' evaluated to FALSE
...
040 (8017966.839.000) 2026-06-21 04:58:42 Started transferring input files
	Transferring to host: <128.105.68.117:9618?addrs=128.105.68.117-9618+[2607-f388-2200-100-7ec2-55ff-fe9a-b4fa]-9618&alias=gpu4000.chtc.wisc.edu&noUDP&sock=slot2_6_1956795_d8ee_82846>
...
040 (8017966.839.000) 2026-06-21 04:58:54 Finished transferring input files
...
001 (8017966.839.000) 2026-06-21 04:58:54 Job executing on host: <128.105.68.117:9618?addrs=128.105.68.117-9618+[2607-f388-2200-100-7ec2-55ff-fe9a-b4fa]-9618&alias=gpu4000.chtc.wisc.edu&noUDP&sock=startd_674379_7ae3>
	SlotName: slot2_6@gpu4000.chtc.wisc.edu
	AvailableGPUs = { GPUs_GPU_446491ee }
	CondorScratchDir = "/var/lib/condor/execute/slot2/dir_51801/scratch"
	Cpus = 1
	Disk = 16777216
	GPUs = 1
	GPUs_GPU_446491ee = [ Id = "GPU-446491ee"; Capability = 8.9; DeviceName = "NVIDIA L40"; DeviceUuid = "446491ee-8bae-af13-9de2-63ba0ff9b62e"; ECCEnabled = true; NvidiaDriver = "570.195.03"; DriverVersion = 12.8; DevicePciBusId = "0000:CE:00.0"; GlobalMemoryMb = 45468; MaxSupportedVersion = 12080 ]
	IoHeavy = 0
	Memory = 16384
...
040 (8017966.839.000) 2026-06-21 04:58:57 Started transferring output files
...
040 (8017966.839.000) 2026-06-21 04:58:57 Finished transferring output files
...
004 (8017966.839.000) 2026-06-21 04:58:58 Job was evicted.
	(0) Job terminated and was requeued
		Usr 0 00:00:02, Sys 0 00:00:00  -  Run Remote Usage
		Usr 0 00:00:00, Sys 0 00:00:00  -  Run Local Usage
	627757  -  Run Bytes Sent By Job
	2783214963  -  Run Bytes Received By Job
	(1) Normal termination (return value 2)
	The job attribute OnExitRemove expression 'NumJobCompletions > JobMaxRetries || ExitCode =?= 0' evaluated to FALSE
...
040 (8017966.839.000) 2026-06-21 05:00:00 Started transferring input files
	Transferring to host: <128.105.68.117:9618?addrs=128.105.68.117-9618+[2607-f388-2200-100-7ec2-55ff-fe9a-b4fa]-9618&alias=gpu4000.chtc.wisc.edu&noUDP&sock=slot2_7_1956795_d8ee_82854>
...
040 (8017966.839.000) 2026-06-21 05:00:11 Finished transferring input files
...
001 (8017966.839.000) 2026-06-21 05:00:11 Job executing on host: <128.105.68.117:9618?addrs=128.105.68.117-9618+[2607-f388-2200-100-7ec2-55ff-fe9a-b4fa]-9618&alias=gpu4000.chtc.wisc.edu&noUDP&sock=startd_674379_7ae3>
	SlotName: slot2_7@gpu4000.chtc.wisc.edu
	AvailableGPUs = { GPUs_GPU_865b3474 }
	CondorScratchDir = "/var/lib/condor/execute/slot2/dir_54687/scratch"
	Cpus = 1
	Disk = 16777216
	GPUs = 1
	GPUs_GPU_865b3474 = [ Id = "GPU-865b3474"; Capability = 8.9; DeviceName = "NVIDIA L40"; DeviceUuid = "865b3474-f121-b6b4-0ada-3ea18a1ac4dc"; ECCEnabled = true; NvidiaDriver = "570.195.03"; DriverVersion = 12.8; DevicePciBusId = "0000:D1:00.0"; GlobalMemoryMb = 45468; MaxSupportedVersion = 12080 ]
	IoHeavy = 0
	Memory = 16384
...
040 (8017966.839.000) 2026-06-21 05:00:14 Started transferring output files
...
040 (8017966.839.000) 2026-06-21 05:00:14 Finished transferring output files
...
004 (8017966.839.000) 2026-06-21 05:00:15 Job was evicted.
	(0) Job terminated and was requeued
		Usr 0 00:00:02, Sys 0 00:00:00  -  Run Remote Usage
		Usr 0 00:00:00, Sys 0 00:00:00  -  Run Local Usage
	627757  -  Run Bytes Sent By Job
	2783214963  -  Run Bytes Received By Job
	(1) Normal termination (return value 2)
	The job attribute OnExitRemove expression 'NumJobCompletions > JobMaxRetries || ExitCode =?= 0' evaluated to FALSE
...
040 (8017966.839.000) 2026-06-21 05:00:34 Started transferring input files
	Transferring to host: <128.104.100.118:9618?addrs=128.104.100.118-9618+[2607-f388-107c-501-26d-aeff-fe1f-6b20]-9618&alias=jcaicedogpu0004.chtc.wisc.edu&noUDP&sock=backfill1_5_4107613_b354_99762>
...
040 (8017966.839.000) 2026-06-21 05:00:45 Finished transferring input files
...
001 (8017966.839.000) 2026-06-21 05:00:45 Job executing on host: <128.104.100.118:9618?addrs=128.104.100.118-9618+[2607-f388-107c-501-26d-aeff-fe1f-6b20]-9618&alias=jcaicedogpu0004.chtc.wisc.edu&noUDP&sock=startd_10858_436a>
	SlotName: backfill1_5@jcaicedogpu0004.chtc.wisc.edu
	AvailableGPUs = { GPUs_GPU_6702eb38 }
	CondorScratchDir = "/var/lib/condor/execute/slot1/dir_758949/scratch"
	Cpus = 1
	Disk = 16777216
	GPUs = 1
	GPUs_GPU_6702eb38 = [ Id = "GPU-6702eb38"; Capability = 8.9; DeviceName = "NVIDIA L40S"; DeviceUuid = "6702eb38-d5c5-b84d-59e9-92f0161aca95"; ECCEnabled = true; NvidiaDriver = "570.195.03"; DriverVersion = 12.8; DevicePciBusId = "0000:A1:00.0"; GlobalMemoryMb = 45468; MaxSupportedVersion = 12080 ]
	IoHeavy = 0
	Memory = 16384
...
040 (8017966.839.000) 2026-06-21 05:00:48 Started transferring output files
...
040 (8017966.839.000) 2026-06-21 05:00:48 Finished transferring output files
...
004 (8017966.839.000) 2026-06-21 05:00:48 Job was evicted.
	(0) Job terminated and was requeued
		Usr 0 00:00:01, Sys 0 00:00:00  -  Run Remote Usage
		Usr 0 00:00:00, Sys 0 00:00:00  -  Run Local Usage
	627765  -  Run Bytes Sent By Job
	2783214963  -  Run Bytes Received By Job
	(1) Normal termination (return value 2)
	The job attribute OnExitRemove expression 'NumJobCompletions > JobMaxRetries || ExitCode =?= 0' evaluated to FALSE
...
040 (8017966.839.000) 2026-06-21 05:01:02 Started transferring input files
	Transferring to host: <128.105.68.107:9618?addrs=128.105.68.107-9618+[2607-f388-2200-100-3eec-efff-fed2-169e]-9618&alias=xhuanggpu4000.chtc.wisc.edu&noUDP&sock=backfill1_4_10850_8e72_78179>
...
040 (8017966.839.000) 2026-06-21 05:01:14 Finished transferring input files
...
001 (8017966.839.000) 2026-06-21 05:01:14 Job executing on host: <128.105.68.107:9618?addrs=128.105.68.107-9618+[2607-f388-2200-100-3eec-efff-fed2-169e]-9618&alias=xhuanggpu4000.chtc.wisc.edu&noUDP&sock=startd_10579_e47e>
	SlotName: backfill1_4@xhuanggpu4000.chtc.wisc.edu
	AvailableGPUs = { GPUs_GPU_65329686 }
	CondorScratchDir = "/var/lib/condor/execute/slot1/dir_1304478/scratch"
	Cpus = 1
	Disk = 16777216
	GPUs = 1
	GPUs_GPU_65329686 = [ Id = "GPU-65329686"; Capability = 8.6; DeviceName = "NVIDIA A40"; DeviceUuid = "65329686-4aca-d993-0ed0-00cc78baf103"; ECCEnabled = true; NvidiaDriver = "590.48.01"; DriverVersion = 13.1; DevicePciBusId = "0000:81:00.0"; GlobalMemoryMb = 45490; MaxSupportedVersion = 13010 ]
	IoHeavy = 0
	Memory = 16384
...
040 (8017966.839.000) 2026-06-21 05:01:16 Started transferring output files
...
040 (8017966.839.000) 2026-06-21 05:01:16 Finished transferring output files
...
004 (8017966.839.000) 2026-06-21 05:01:17 Job was evicted.
	(0) Job terminated and was requeued
		Usr 0 00:00:01, Sys 0 00:00:00  -  Run Remote Usage
		Usr 0 00:00:00, Sys 0 00:00:00  -  Run Local Usage
	627777  -  Run Bytes Sent By Job
	2783214963  -  Run Bytes Received By Job
	(1) Normal termination (return value 2)
	The job attribute OnExitRemove expression 'NumJobCompletions > JobMaxRetries || ExitCode =?= 0' evaluated to FALSE
...
040 (8017966.839.000) 2026-06-21 05:01:24 Started transferring input files
	Transferring to host: <128.105.68.141:9618?addrs=128.105.68.141-9618+[2607-f388-2200-100-b226-28ff-fe24-f732]-9618&alias=gpu2001.chtc.wisc.edu&noUDP&sock=slot2_1_3454505_0815_76051>
...
040 (8017966.839.000) 2026-06-21 05:01:38 Finished transferring input files
...
001 (8017966.839.000) 2026-06-21 05:01:38 Job executing on host: <128.105.68.141:9618?addrs=128.105.68.141-9618+[2607-f388-2200-100-b226-28ff-fe24-f732]-9618&alias=gpu2001.chtc.wisc.edu&noUDP&sock=startd_10421_8487>
	SlotName: slot2_1@gpu2001.chtc.wisc.edu
	AvailableGPUs = { GPUs_GPU_ddc1c098 }
	CondorScratchDir = "/var/lib/condor/execute/slot2/dir_3382902/scratch"
	Cpus = 1
	Disk = 16777216
	GPUs = 1
	GPUs_GPU_ddc1c098 = [ Id = "GPU-ddc1c098"; Capability = 6.0; DeviceName = "Tesla P100-PCIE-16GB"; DeviceUuid = "ddc1c098-16dd-3c4e-0463-5888fb3af09c"; ECCEnabled = true; NvidiaDriver = "570.195.03"; DriverVersion = 12.8; DevicePciBusId = "0000:3B:00.0"; GlobalMemoryMb = 16269; MaxSupportedVersion = 12080 ]
	IoHeavy = 0
	Memory = 16384
...
040 (8017966.839.000) 2026-06-21 05:01:46 Started transferring output files
...
040 (8017966.839.000) 2026-06-21 05:01:46 Finished transferring output files
...
004 (8017966.839.000) 2026-06-21 05:01:46 Job was evicted.
	(0) Job terminated and was requeued
		Usr 0 00:00:05, Sys 0 00:00:01  -  Run Remote Usage
		Usr 0 00:00:00, Sys 0 00:00:00  -  Run Local Usage
	627757  -  Run Bytes Sent By Job
	2783214963  -  Run Bytes Received By Job
	(1) Normal termination (return value 2)
	The job attribute OnExitRemove expression 'NumJobCompletions > JobMaxRetries || ExitCode =?= 0' evaluated to FALSE
...
040 (8017966.839.000) 2026-06-21 05:01:52 Started transferring input files
	Transferring to host: <128.105.68.117:9618?addrs=128.105.68.117-9618+[2607-f388-2200-100-7ec2-55ff-fe9a-b4fa]-9618&alias=gpu4000.chtc.wisc.edu&noUDP&sock=slot2_6_1956795_d8ee_82865>
...
040 (8017966.839.000) 2026-06-21 05:02:04 Finished transferring input files
...
001 (8017966.839.000) 2026-06-21 05:02:04 Job executing on host: <128.105.68.117:9618?addrs=128.105.68.117-9618+[2607-f388-2200-100-7ec2-55ff-fe9a-b4fa]-9618&alias=gpu4000.chtc.wisc.edu&noUDP&sock=startd_674379_7ae3>
	SlotName: slot2_6@gpu4000.chtc.wisc.edu
	AvailableGPUs = { GPUs_GPU_446491ee }
	CondorScratchDir = "/var/lib/condor/execute/slot2/dir_59371/scratch"
	Cpus = 1
	Disk = 16777216
	GPUs = 1
	GPUs_GPU_446491ee = [ Id = "GPU-446491ee"; Capability = 8.9; DeviceName = "NVIDIA L40"; DeviceUuid = "446491ee-8bae-af13-9de2-63ba0ff9b62e"; ECCEnabled = true; NvidiaDriver = "570.195.03"; DriverVersion = 12.8; DevicePciBusId = "0000:CE:00.0"; GlobalMemoryMb = 45468; MaxSupportedVersion = 12080 ]
	IoHeavy = 0
	Memory = 16384
...
040 (8017966.839.000) 2026-06-21 05:02:07 Started transferring output files
...
040 (8017966.839.000) 2026-06-21 05:02:07 Finished transferring output files
...
004 (8017966.839.000) 2026-06-21 05:02:08 Job was evicted.
	(0) Job terminated and was requeued
		Usr 0 00:00:02, Sys 0 00:00:00  -  Run Remote Usage
		Usr 0 00:00:00, Sys 0 00:00:00  -  Run Local Usage
	627757  -  Run Bytes Sent By Job
	2783214963  -  Run Bytes Received By Job
	(1) Normal termination (return value 2)
	The job attribute OnExitRemove expression 'NumJobCompletions > JobMaxRetries || ExitCode =?= 0' evaluated to FALSE
...
040 (8017966.839.000) 2026-06-21 05:02:22 Started transferring input files
	Transferring to host: <128.105.68.168:9618?addrs=128.105.68.168-9618+[2607-f388-2200-100-b62e-99ff-feb7-2dcb]-9618&alias=gpulab2003.chtc.wisc.edu&noUDP&sock=slot2_4_11172_6f3f_5649>
...
040 (8017966.839.000) 2026-06-21 05:02:38 Finished transferring input files
...
001 (8017966.839.000) 2026-06-21 05:02:38 Job executing on host: <128.105.68.168:9618?addrs=128.105.68.168-9618+[2607-f388-2200-100-b62e-99ff-feb7-2dcb]-9618&alias=gpulab2003.chtc.wisc.edu&noUDP&sock=startd_10155_1056>
	SlotName: slot2_4@gpulab2003.chtc.wisc.edu
	AvailableGPUs = { GPUs_GPU_61902b82 }
	CondorScratchDir = "/var/lib/condor/execute/slot2/dir_248339/scratch"
	Cpus = 1
	Disk = 16777216
	GPUs = 1
	GPUs_GPU_61902b82 = [ Id = "GPU-61902b82"; Capability = 7.5; DeviceName = "NVIDIA GeForce RTX 2080 Ti"; DeviceUuid = "61902b82-cedb-e4be-d010-bca8829ec79b"; ECCEnabled = false; NvidiaDriver = "570.195.03"; DriverVersion = 12.8; DevicePciBusId = "0000:B2:00.0"; GlobalMemoryMb = 10823; MaxSupportedVersion = 12080 ]
	IoHeavy = 0
	Memory = 16384
...
040 (8017966.839.000) 2026-06-21 05:02:43 Started transferring output files
...
040 (8017966.839.000) 2026-06-21 05:02:43 Finished transferring output files
...
004 (8017966.839.000) 2026-06-21 05:02:43 Job was evicted.
	(0) Job terminated and was requeued
		Usr 0 00:00:03, Sys 0 00:00:00  -  Run Remote Usage
		Usr 0 00:00:00, Sys 0 00:00:00  -  Run Local Usage
	627750  -  Run Bytes Sent By Job
	2783214963  -  Run Bytes Received By Job
	(1) Normal termination (return value 2)
	The job attribute OnExitRemove expression 'NumJobCompletions > JobMaxRetries || ExitCode =?= 0' evaluated to FALSE
...
040 (8017966.839.000) 2026-06-21 05:02:50 Started transferring input files
	Transferring to host: <128.105.68.168:9618?addrs=128.105.68.168-9618+[2607-f388-2200-100-b62e-99ff-feb7-2dcb]-9618&alias=gpulab2003.chtc.wisc.edu&noUDP&sock=slot2_4_11172_6f3f_5650>
...
040 (8017966.839.000) 2026-06-21 05:03:06 Finished transferring input files
...
001 (8017966.839.000) 2026-06-21 05:03:06 Job executing on host: <128.105.68.168:9618?addrs=128.105.68.168-9618+[2607-f388-2200-100-b62e-99ff-feb7-2dcb]-9618&alias=gpulab2003.chtc.wisc.edu&noUDP&sock=startd_10155_1056>
	SlotName: slot2_4@gpulab2003.chtc.wisc.edu
	AvailableGPUs = { GPUs_GPU_61902b82 }
	CondorScratchDir = "/var/lib/condor/execute/slot2/dir_248762/scratch"
	Cpus = 1
	Disk = 16777216
	GPUs = 1
	GPUs_GPU_61902b82 = [ Id = "GPU-61902b82"; Capability = 7.5; DeviceName = "NVIDIA GeForce RTX 2080 Ti"; DeviceUuid = "61902b82-cedb-e4be-d010-bca8829ec79b"; ECCEnabled = false; NvidiaDriver = "570.195.03"; DriverVersion = 12.8; DevicePciBusId = "0000:B2:00.0"; GlobalMemoryMb = 10823; MaxSupportedVersion = 12080 ]
	IoHeavy = 0
	Memory = 16384
...
040 (8017966.839.000) 2026-06-21 05:03:10 Started transferring output files
...
040 (8017966.839.000) 2026-06-21 05:03:10 Finished transferring output files
...
004 (8017966.839.000) 2026-06-21 05:03:11 Job was evicted.
	(0) Job terminated and was requeued
		Usr 0 00:00:03, Sys 0 00:00:00  -  Run Remote Usage
		Usr 0 00:00:00, Sys 0 00:00:00  -  Run Local Usage
	627750  -  Run Bytes Sent By Job
	2783214963  -  Run Bytes Received By Job
	(1) Normal termination (return value 2)
	The job attribute OnExitRemove expression 'NumJobCompletions > JobMaxRetries || ExitCode =?= 0' evaluated to FALSE
...
040 (8017966.839.000) 2026-06-21 05:03:20 Started transferring input files
	Transferring to host: <128.105.69.3:9618?addrs=128.105.69.3-9618+[2607-f388-2200-100-7ec2-55ff-fe46-28f2]-9618&alias=gpu4002.chtc.wisc.edu&noUDP&sock=slot1_5_12744_0cff_4483>
...
040 (8017966.839.000) 2026-06-21 05:03:31 Finished transferring input files
...
001 (8017966.839.000) 2026-06-21 05:03:31 Job executing on host: <128.105.69.3:9618?addrs=128.105.69.3-9618+[2607-f388-2200-100-7ec2-55ff-fe46-28f2]-9618&alias=gpu4002.chtc.wisc.edu&noUDP&sock=startd_11312_ab69>
	SlotName: slot1_5@gpu4002.chtc.wisc.edu
	AvailableGPUs = { GPUs_GPU_24660f1c }
	CondorScratchDir = "/var/lib/condor/execute/slot1/dir_3105501/scratch"
	Cpus = 1
	Disk = 16777216
	GPUs = 1
	GPUs_GPU_24660f1c = [ Id = "GPU-24660f1c"; Capability = 8.9; DeviceName = "NVIDIA L40"; DeviceUuid = "24660f1c-9665-dc92-a0c9-04252e1a8138"; ECCEnabled = true; NvidiaDriver = "570.195.03"; DriverVersion = 12.8; DevicePciBusId = "0000:CE:00.0"; GlobalMemoryMb = 45468; MaxSupportedVersion = 12080 ]
	IoHeavy = 0
	Memory = 16384
...
040 (8017966.839.000) 2026-06-21 05:03:34 Started transferring output files
...
040 (8017966.839.000) 2026-06-21 05:03:34 Finished transferring output files
...
004 (8017966.839.000) 2026-06-21 05:03:35 Job was evicted.
	(0) Job terminated and was requeued
		Usr 0 00:00:02, Sys 0 00:00:00  -  Run Remote Usage
		Usr 0 00:00:00, Sys 0 00:00:00  -  Run Local Usage
	627747  -  Run Bytes Sent By Job
	2783214963  -  Run Bytes Received By Job
	(1) Normal termination (return value 2)
	The job attribute OnExitRemove expression 'NumJobCompletions > JobMaxRetries || ExitCode =?= 0' evaluated to FALSE
...
040 (8017966.839.000) 2026-06-21 05:03:36 Started transferring input files
	Transferring to host: <128.105.68.117:9618?addrs=128.105.68.117-9618+[2607-f388-2200-100-7ec2-55ff-fe9a-b4fa]-9618&alias=gpu4000.chtc.wisc.edu&noUDP&sock=slot2_10_1956795_d8ee_82889>
...
040 (8017966.839.000) 2026-06-21 05:03:48 Finished transferring input files
...
001 (8017966.839.000) 2026-06-21 05:03:48 Job executing on host: <128.105.68.117:9618?addrs=128.105.68.117-9618+[2607-f388-2200-100-7ec2-55ff-fe9a-b4fa]-9618&alias=gpu4000.chtc.wisc.edu&noUDP&sock=startd_674379_7ae3>
	SlotName: slot2_10@gpu4000.chtc.wisc.edu
	AvailableGPUs = { GPUs_GPU_884cf7fc }
	CondorScratchDir = "/var/lib/condor/execute/slot2/dir_64290/scratch"
	Cpus = 1
	Disk = 16777216
	GPUs = 1
	GPUs_GPU_884cf7fc = [ Id = "GPU-884cf7fc"; Capability = 8.9; DeviceName = "NVIDIA L40"; DeviceUuid = "884cf7fc-eee7-e5a3-b686-b605e807854a"; ECCEnabled = true; NvidiaDriver = "570.195.03"; DriverVersion = 12.8; DevicePciBusId = "0000:D6:00.0"; GlobalMemoryMb = 45468; MaxSupportedVersion = 12080 ]
	IoHeavy = 0
	Memory = 16384
...
040 (8017966.839.000) 2026-06-21 05:03:51 Started transferring output files
...
040 (8017966.839.000) 2026-06-21 05:03:51 Finished transferring output files
...
005 (8017966.839.000) 2026-06-21 05:03:51 Job terminated.
	(1) Normal termination (return value 2)
		Usr 0 00:00:02, Sys 0 00:00:00  -  Run Remote Usage
		Usr 0 00:00:00, Sys 0 00:00:00  -  Run Local Usage
		Usr 0 00:00:40, Sys 0 00:00:03  -  Total Remote Usage
		Usr 0 00:00:00, Sys 0 00:00:00  -  Total Local Usage
	627757  -  Run Bytes Sent By Job
	2783214963  -  Run Bytes Received By Job
	6910019  -  Total Bytes Sent By Job
	30614737338  -  Total Bytes Received By Job
	Partitionable Resources :    Usage  Request Allocated Assigned
	   Cpus                 :        0        1         1 
	   Disk (KB)            :  2718144 16777216  16777216 
	   GPUs                 :        0        1         1 "GPU-884cf7fc"
	   IoHeavy              :                           0 
	   Memory (MB)          :      733    16384     16384 
	   TimeExecute (s)      :        3                    
	   TimeSlotBusy (s)     :       15                    
...
