INFO:openfe.utils.system_probe.log:SYSTEM CONFIG DETAILS:
INFO:openfe.utils.system_probe.log.hostname:hostname: 'jcaicedogpu0001'
INFO:openfe.utils.system_probe.log.gpu:CUDA-based GPU not found
INFO:openfe.utils.system_probe.log:Memory used: 97.8G (19.4%)
INFO:openfe.utils.system_probe.log:quickrun_scratch/scratch_HybridTopologySetupUnit-310bebb63e354cf7a913b80457c0d9f6_attempt_0: 10% full (867.5G free)
INFO:gufekey.openfe.protocols.openmm_rfe.hybridtop_units.HybridTopologySetupUnit:Starting system setup unit
INFO:gufekey.openfe.protocols.openmm_rfe.hybridtop_units.HybridTopologySetupUnit:Parameterizing systems
INFO:openmmforcefields.generators.template_generators:Requested to generate parameters for residue <Residue 273 (UNK) of chain 1>
INFO:openmmforcefields.generators.template_generators:Generating a residue template for [H][C]1=[N][N]([C]([H])([H])[H])[C]([H])=[C]1[c]1[n][c]([H])[c]([H])[c]([H])[c]1[N]([H])[C](=[O])[N]([H])[C]1([c]2[c]([F])[c]([H])[c]([H])[c]([H])[c]2[F])[C]([H])([H])[C]([H])([H])[C]1([H])[H] using openff-2.2.1
INFO:openmmforcefields.generators.template_generators:Requested to generate parameters for residue <Residue 10007 (UNK) of chain 4>
INFO:openmmforcefields.generators.template_generators:Generating a residue template for [H][c]1[n][c]([N]([C](=[O])[C]([H])([H])[H])[C]([H])([H])[H])[c]([H])[c]([H])[c]1[N]([H])[C](=[O])[N]([H])[C]1([c]2[c]([F])[c]([H])[c]([H])[c]([H])[c]2[F])[C]([H])([H])[C]([H])([H])[C]1([H])[H] using openff-2.2.1
INFO:openfe.protocols.openmm_rfe._rfe_utils.relative:Creating hybrid system
INFO:openfe.protocols.openmm_rfe._rfe_utils.relative:Setting force field terms
INFO:openfe.protocols.openmm_rfe._rfe_utils.relative:Adding forces
INFO:openfe.protocols.openmm_rfe._rfe_utils.relative:No CMAPTorsionForce found. Skipping adding force.
INFO:openfe.utils.system_probe.log:SYSTEM CONFIG DETAILS:
INFO:openfe.utils.system_probe.log.hostname:hostname: 'jcaicedogpu0001'
INFO:openfe.utils.system_probe.log.gpu:CUDA-based GPU not found
INFO:openfe.utils.system_probe.log:Memory used: 98.5G (19.6%)
INFO:openfe.utils.system_probe.log:quickrun_scratch/scratch_HybridTopologySetupUnit-310bebb63e354cf7a913b80457c0d9f6_attempt_1: 10% full (867.5G free)
INFO:gufekey.openfe.protocols.openmm_rfe.hybridtop_units.HybridTopologySetupUnit:Starting system setup unit
INFO:gufekey.openfe.protocols.openmm_rfe.hybridtop_units.HybridTopologySetupUnit:Parameterizing systems
INFO:openmmforcefields.generators.template_generators:Requested to generate parameters for residue <Residue 273 (UNK) of chain 1>
INFO:openmmforcefields.generators.template_generators:Generating a residue template for [H][C]1=[N][N]([C]([H])([H])[H])[C]([H])=[C]1[c]1[n][c]([H])[c]([H])[c]([H])[c]1[N]([H])[C](=[O])[N]([H])[C]1([c]2[c]([F])[c]([H])[c]([H])[c]([H])[c]2[F])[C]([H])([H])[C]([H])([H])[C]1([H])[H] using openff-2.2.1
INFO:openmmforcefields.generators.template_generators:Requested to generate parameters for residue <Residue 10007 (UNK) of chain 4>
INFO:openmmforcefields.generators.template_generators:Generating a residue template for [H][c]1[n][c]([N]([C](=[O])[C]([H])([H])[H])[C]([H])([H])[H])[c]([H])[c]([H])[c]1[N]([H])[C](=[O])[N]([H])[C]1([c]2[c]([F])[c]([H])[c]([H])[c]([H])[c]2[F])[C]([H])([H])[C]([H])([H])[C]1([H])[H] using openff-2.2.1
INFO:openfe.protocols.openmm_rfe._rfe_utils.relative:Creating hybrid system
INFO:openfe.protocols.openmm_rfe._rfe_utils.relative:Setting force field terms
INFO:openfe.protocols.openmm_rfe._rfe_utils.relative:Adding forces
INFO:openfe.protocols.openmm_rfe._rfe_utils.relative:No CMAPTorsionForce found. Skipping adding force.
INFO:openfe.utils.system_probe.log:SYSTEM CONFIG DETAILS:
INFO:openfe.utils.system_probe.log.hostname:hostname: 'jcaicedogpu0001'
INFO:openfe.utils.system_probe.log.gpu:CUDA-based GPU not found
INFO:openfe.utils.system_probe.log:Memory used: 98.8G (19.6%)
INFO:openfe.utils.system_probe.log:quickrun_scratch/scratch_HybridTopologySetupUnit-310bebb63e354cf7a913b80457c0d9f6_attempt_2: 10% full (867.5G free)
INFO:gufekey.openfe.protocols.openmm_rfe.hybridtop_units.HybridTopologySetupUnit:Starting system setup unit
INFO:gufekey.openfe.protocols.openmm_rfe.hybridtop_units.HybridTopologySetupUnit:Parameterizing systems
INFO:openmmforcefields.generators.template_generators:Requested to generate parameters for residue <Residue 273 (UNK) of chain 1>
INFO:openmmforcefields.generators.template_generators:Generating a residue template for [H][C]1=[N][N]([C]([H])([H])[H])[C]([H])=[C]1[c]1[n][c]([H])[c]([H])[c]([H])[c]1[N]([H])[C](=[O])[N]([H])[C]1([c]2[c]([F])[c]([H])[c]([H])[c]([H])[c]2[F])[C]([H])([H])[C]([H])([H])[C]1([H])[H] using openff-2.2.1
INFO:openmmforcefields.generators.template_generators:Requested to generate parameters for residue <Residue 10007 (UNK) of chain 4>
INFO:openmmforcefields.generators.template_generators:Generating a residue template for [H][c]1[n][c]([N]([C](=[O])[C]([H])([H])[H])[C]([H])([H])[H])[c]([H])[c]([H])[c]1[N]([H])[C](=[O])[N]([H])[C]1([c]2[c]([F])[c]([H])[c]([H])[c]([H])[c]2[F])[C]([H])([H])[C]([H])([H])[C]1([H])[H] using openff-2.2.1
INFO:openfe.protocols.openmm_rfe._rfe_utils.relative:Creating hybrid system
INFO:openfe.protocols.openmm_rfe._rfe_utils.relative:Setting force field terms
INFO:openfe.protocols.openmm_rfe._rfe_utils.relative:Adding forces
INFO:openfe.protocols.openmm_rfe._rfe_utils.relative:No CMAPTorsionForce found. Skipping adding force.
Error: The protocol unit 'HybridTopology Setup: OADMET-0006447 to OADMET-0006212 repeat 0 generation 0' failed with the error message:
IndexError: list index out of range

Details provided in output.
