000 (8017966.800.000) 2026-06-20 22:07:54 Job submitted from host: <128.105.68.112:9618?addrs=128.105.68.112-9618+[2607-f388-2200-100-eaeb-d3ff-fea3-4202]-9618&alias=ap2001.chtc.wisc.edu&noUDP&sock=schedd_4071840_2329>
...
040 (8017966.800.000) 2026-06-21 04:40:25 Started transferring input files
	Transferring to host: <128.105.68.131:9618?addrs=128.105.68.131-9618+[2607-f388-2200-100-7ec2-55ff-fe99-a4a2]-9618&alias=xhuanggpu4001.chtc.wisc.edu&noUDP&sock=backfill1_4_770790_08a9_66825>
...
040 (8017966.800.000) 2026-06-21 04:40:35 Finished transferring input files
...
001 (8017966.800.000) 2026-06-21 04:40:35 Job executing on host: <128.105.68.131:9618?addrs=128.105.68.131-9618+[2607-f388-2200-100-7ec2-55ff-fe99-a4a2]-9618&alias=xhuanggpu4001.chtc.wisc.edu&noUDP&sock=startd_10764_c983>
	SlotName: backfill1_4@xhuanggpu4001.chtc.wisc.edu
	AvailableGPUs = { GPUs_GPU_d23dedac }
	CondorScratchDir = "/var/lib/condor/execute/slot1/dir_2946473/scratch"
	Cpus = 1
	Disk = 16777216
	GPUs = 1
	GPUs_GPU_d23dedac = [ Id = "GPU-d23dedac"; Capability = 8.9; DeviceName = "NVIDIA L40"; DeviceUuid = "d23dedac-dfdd-11b2-b714-b73a351baf37"; ECCEnabled = true; NvidiaDriver = "570.195.03"; DriverVersion = 12.8; DevicePciBusId = "0000:D5:00.0"; GlobalMemoryMb = 45468; MaxSupportedVersion = 12080 ]
	IoHeavy = 0
	Memory = 16384
...
006 (8017966.800.000) 2026-06-21 04:40:44 Image size of job updated: 451168
	441  -  MemoryUsage of job (MB)
	451168  -  ResidentSetSize of job (KB)
...
006 (8017966.800.000) 2026-06-21 04:45:45 Image size of job updated: 945856
	923  -  MemoryUsage of job (MB)
	944172  -  ResidentSetSize of job (KB)
...
006 (8017966.800.000) 2026-06-21 04:50:45 Image size of job updated: 947388
	926  -  MemoryUsage of job (MB)
	947388  -  ResidentSetSize of job (KB)
...
006 (8017966.800.000) 2026-06-21 04:55:45 Image size of job updated: 954720
	933  -  MemoryUsage of job (MB)
	954720  -  ResidentSetSize of job (KB)
...
006 (8017966.800.000) 2026-06-21 05:00:46 Image size of job updated: 961792
	940  -  MemoryUsage of job (MB)
	961792  -  ResidentSetSize of job (KB)
...
006 (8017966.800.000) 2026-06-21 05:05:46 Image size of job updated: 969760
	948  -  MemoryUsage of job (MB)
	969760  -  ResidentSetSize of job (KB)
...
006 (8017966.800.000) 2026-06-21 05:10:47 Image size of job updated: 975148
	953  -  MemoryUsage of job (MB)
	975148  -  ResidentSetSize of job (KB)
...
006 (8017966.800.000) 2026-06-21 05:15:47 Image size of job updated: 977776
	953  -  MemoryUsage of job (MB)
	975148  -  ResidentSetSize of job (KB)
...
040 (8017966.800.000) 2026-06-21 05:17:33 Started transferring output files
...
040 (8017966.800.000) 2026-06-21 05:17:33 Finished transferring output files
...
005 (8017966.800.000) 2026-06-21 05:17:33 Job terminated.
	(1) Normal termination (return value 0)
		Usr 0 00:37:21, Sys 0 00:12:51  -  Run Remote Usage
		Usr 0 00:00:00, Sys 0 00:00:00  -  Run Local Usage
		Usr 0 00:37:21, Sys 0 00:12:51  -  Total Remote Usage
		Usr 0 00:00:00, Sys 0 00:00:00  -  Total Local Usage
	2612514  -  Run Bytes Sent By Job
	2782633876  -  Run Bytes Received By Job
	2612514  -  Total Bytes Sent By Job
	2782633876  -  Total Bytes Received By Job
	Partitionable Resources :      Usage  Request Allocated Assigned
	   Cpus                 :       1.00        1         1 
	   Disk (KB)            : 2730088    16777216  16777216 
	   GPUs                 :       0.86        1         1 "GPU-d23dedac"
	   GpusMemory (MB)      :    6770                       
	   IoHeavy              :                             0 
	   Memory (MB)          :     953       16384     16384 
	   TimeExecute (s)      :    2218                       
	   TimeSlotBusy (s)     :    2228                       
...
