000 (8017966.235.000) 2026-06-20 22:07:54 Job submitted from host: <128.105.68.112:9618?addrs=128.105.68.112-9618+[2607-f388-2200-100-eaeb-d3ff-fea3-4202]-9618&alias=ap2001.chtc.wisc.edu&noUDP&sock=schedd_4071840_2329>
...
040 (8017966.235.000) 2026-06-21 00:28:59 Started transferring input files
	Transferring to host: <128.105.68.131:9618?addrs=128.105.68.131-9618+[2607-f388-2200-100-7ec2-55ff-fe99-a4a2]-9618&alias=xhuanggpu4001.chtc.wisc.edu&noUDP&sock=backfill1_7_770790_08a9_66378>
...
040 (8017966.235.000) 2026-06-21 00:29:10 Finished transferring input files
...
001 (8017966.235.000) 2026-06-21 00:29:10 Job executing on host: <128.105.68.131:9618?addrs=128.105.68.131-9618+[2607-f388-2200-100-7ec2-55ff-fe99-a4a2]-9618&alias=xhuanggpu4001.chtc.wisc.edu&noUDP&sock=startd_10764_c983>
	SlotName: backfill1_7@xhuanggpu4001.chtc.wisc.edu
	AvailableGPUs = { GPUs_GPU_84e70dd2 }
	CondorScratchDir = "/var/lib/condor/execute/slot1/dir_2824095/scratch"
	Cpus = 1
	Disk = 16777216
	GPUs = 1
	GPUs_GPU_84e70dd2 = [ Id = "GPU-84e70dd2"; Capability = 8.9; DeviceName = "NVIDIA L40"; DeviceUuid = "84e70dd2-a3e3-55fa-e76c-fb677b618f52"; ECCEnabled = true; NvidiaDriver = "570.195.03"; DriverVersion = 12.8; DevicePciBusId = "0000:57:00.0"; GlobalMemoryMb = 45468; MaxSupportedVersion = 12080 ]
	IoHeavy = 0
	Memory = 16384
...
006 (8017966.235.000) 2026-06-21 00:29:18 Image size of job updated: 402064
	393  -  MemoryUsage of job (MB)
	402064  -  ResidentSetSize of job (KB)
...
006 (8017966.235.000) 2026-06-21 00:34:18 Image size of job updated: 968728
	945  -  MemoryUsage of job (MB)
	967208  -  ResidentSetSize of job (KB)
...
006 (8017966.235.000) 2026-06-21 00:39:19 Image size of job updated: 968728
	946  -  MemoryUsage of job (MB)
	968276  -  ResidentSetSize of job (KB)
...
006 (8017966.235.000) 2026-06-21 00:44:19 Image size of job updated: 973540
	951  -  MemoryUsage of job (MB)
	973540  -  ResidentSetSize of job (KB)
...
006 (8017966.235.000) 2026-06-21 00:49:20 Image size of job updated: 978880
	956  -  MemoryUsage of job (MB)
	978880  -  ResidentSetSize of job (KB)
...
006 (8017966.235.000) 2026-06-21 00:54:21 Image size of job updated: 986420
	964  -  MemoryUsage of job (MB)
	986420  -  ResidentSetSize of job (KB)
...
006 (8017966.235.000) 2026-06-21 00:59:21 Image size of job updated: 991708
	969  -  MemoryUsage of job (MB)
	991708  -  ResidentSetSize of job (KB)
...
006 (8017966.235.000) 2026-06-21 01:04:22 Image size of job updated: 996952
	974  -  MemoryUsage of job (MB)
	996952  -  ResidentSetSize of job (KB)
...
006 (8017966.235.000) 2026-06-21 01:09:22 Image size of job updated: 1000556
	974  -  MemoryUsage of job (MB)
	996952  -  ResidentSetSize of job (KB)
...
040 (8017966.235.000) 2026-06-21 01:13:24 Started transferring output files
...
040 (8017966.235.000) 2026-06-21 01:13:24 Finished transferring output files
...
005 (8017966.235.000) 2026-06-21 01:13:25 Job terminated.
	(1) Normal termination (return value 0)
		Usr 0 00:44:45, Sys 0 00:14:29  -  Run Remote Usage
		Usr 0 00:00:00, Sys 0 00:00:00  -  Run Local Usage
		Usr 0 00:44:45, Sys 0 00:14:29  -  Total Remote Usage
		Usr 0 00:00:00, Sys 0 00:00:00  -  Total Local Usage
	2965605  -  Run Bytes Sent By Job
	2781913999  -  Run Bytes Received By Job
	2965605  -  Total Bytes Sent By Job
	2781913999  -  Total Bytes Received By Job
	Partitionable Resources :      Usage  Request Allocated Assigned
	   Cpus                 :       1.00        1         1 
	   Disk (KB)            : 2729532    16777216  16777216 
	   GPUs                 :       0.85        1         1 "GPU-84e70dd2"
	   GpusMemory (MB)      :    6772                       
	   IoHeavy              :                             0 
	   Memory (MB)          :     974       16384     16384 
	   TimeExecute (s)      :    2654                       
	   TimeSlotBusy (s)     :    2665                       
...
