000 (8017966.259.000) 2026-06-20 22:07:54 Job submitted from host: <128.105.68.112:9618?addrs=128.105.68.112-9618+[2607-f388-2200-100-eaeb-d3ff-fea3-4202]-9618&alias=ap2001.chtc.wisc.edu&noUDP&sock=schedd_4071840_2329>
...
040 (8017966.259.000) 2026-06-21 00:43:44 Started transferring input files
	Transferring to host: <128.105.68.168:9618?addrs=128.105.68.168-9618+[2607-f388-2200-100-b62e-99ff-feb7-2dcb]-9618&alias=gpulab2003.chtc.wisc.edu&noUDP&sock=slot2_3_11172_6f3f_4588>
...
040 (8017966.259.000) 2026-06-21 00:44:00 Finished transferring input files
...
001 (8017966.259.000) 2026-06-21 00:44:00 Job executing on host: <128.105.68.168:9618?addrs=128.105.68.168-9618+[2607-f388-2200-100-b62e-99ff-feb7-2dcb]-9618&alias=gpulab2003.chtc.wisc.edu&noUDP&sock=startd_10155_1056>
	SlotName: slot2_3@gpulab2003.chtc.wisc.edu
	AvailableGPUs = { GPUs_GPU_67659b45 }
	CondorScratchDir = "/var/lib/condor/execute/slot2/dir_3981322/scratch"
	Cpus = 1
	Disk = 16777216
	GPUs = 1
	GPUs_GPU_67659b45 = [ Id = "GPU-67659b45"; Capability = 7.5; DeviceName = "NVIDIA GeForce RTX 2080 Ti"; DeviceUuid = "67659b45-3a57-03f4-4d85-759f040ffd80"; ECCEnabled = false; NvidiaDriver = "570.195.03"; DriverVersion = 12.8; DevicePciBusId = "0000:B1:00.0"; GlobalMemoryMb = 10823; MaxSupportedVersion = 12080 ]
	IoHeavy = 0
	Memory = 16384
...
006 (8017966.259.000) 2026-06-21 00:44:09 Image size of job updated: 268392
	263  -  MemoryUsage of job (MB)
	268392  -  ResidentSetSize of job (KB)
...
006 (8017966.259.000) 2026-06-21 00:49:09 Image size of job updated: 998996
	974  -  MemoryUsage of job (MB)
	996896  -  ResidentSetSize of job (KB)
...
006 (8017966.259.000) 2026-06-21 00:54:11 Image size of job updated: 998996
	975  -  MemoryUsage of job (MB)
	997568  -  ResidentSetSize of job (KB)
...
006 (8017966.259.000) 2026-06-21 00:59:11 Image size of job updated: 999508
	977  -  MemoryUsage of job (MB)
	999508  -  ResidentSetSize of job (KB)
...
006 (8017966.259.000) 2026-06-21 01:04:11 Image size of job updated: 1005212
	982  -  MemoryUsage of job (MB)
	1005212  -  ResidentSetSize of job (KB)
...
006 (8017966.259.000) 2026-06-21 01:09:12 Image size of job updated: 1008704
	986  -  MemoryUsage of job (MB)
	1008704  -  ResidentSetSize of job (KB)
...
006 (8017966.259.000) 2026-06-21 01:14:12 Image size of job updated: 1014752
	991  -  MemoryUsage of job (MB)
	1014752  -  ResidentSetSize of job (KB)
...
006 (8017966.259.000) 2026-06-21 01:19:12 Image size of job updated: 1020200
	997  -  MemoryUsage of job (MB)
	1020200  -  ResidentSetSize of job (KB)
...
006 (8017966.259.000) 2026-06-21 01:24:13 Image size of job updated: 1024224
	1001  -  MemoryUsage of job (MB)
	1024224  -  ResidentSetSize of job (KB)
...
006 (8017966.259.000) 2026-06-21 01:29:13 Image size of job updated: 1027536
	1001  -  MemoryUsage of job (MB)
	1024224  -  ResidentSetSize of job (KB)
...
006 (8017966.259.000) 2026-06-21 01:34:14 Image size of job updated: 1031320
	1005  -  MemoryUsage of job (MB)
	1028416  -  ResidentSetSize of job (KB)
...
040 (8017966.259.000) 2026-06-21 01:40:54 Started transferring output files
...
040 (8017966.259.000) 2026-06-21 01:40:54 Finished transferring output files
...
005 (8017966.259.000) 2026-06-21 01:40:54 Job terminated.
	(1) Normal termination (return value 0)
		Usr 0 00:57:05, Sys 0 00:08:34  -  Run Remote Usage
		Usr 0 00:00:00, Sys 0 00:00:00  -  Run Local Usage
		Usr 0 00:57:05, Sys 0 00:08:34  -  Total Remote Usage
		Usr 0 00:00:00, Sys 0 00:00:00  -  Total Local Usage
	2966621  -  Run Bytes Sent By Job
	2782718614  -  Run Bytes Received By Job
	2966621  -  Total Bytes Sent By Job
	2782718614  -  Total Bytes Received By Job
	Partitionable Resources :      Usage  Request Allocated Assigned
	   Cpus                 :       0.99        1         1 
	   Disk (KB)            : 2730831    16777216  16777216 
	   GPUs                 :                   1         1 "GPU-67659b45"
	   IoHeavy              :                             0 
	   Memory (MB)          :    1005       16384     16384 
	   TimeExecute (s)      :    3413                       
	   TimeSlotBusy (s)     :    3430                       
...
