000 (8017966.932.000) 2026-06-20 22:07:54 Job submitted from host: <128.105.68.112:9618?addrs=128.105.68.112-9618+[2607-f388-2200-100-eaeb-d3ff-fea3-4202]-9618&alias=ap2001.chtc.wisc.edu&noUDP&sock=schedd_4071840_2329>
...
040 (8017966.932.000) 2026-06-21 05:38:52 Started transferring input files
	Transferring to host: <10.130.203.229:33865?CCBID=128.105.82.148:9618%3faddrs%3d128.105.82.148-9618+[2607-f388-2200-9d-7ccb-bc08-2489-768a]-9618%26alias%3dospool-ccb.osg.chtc.io%26noUDP%26sock%3dcollector6#4310822%2067.58.49.91:9618%3faddrs%3d67.58.49.91-9618+[fdf0-17b3-c3ec-1f79-10-0-e-b69d]-9618%26alias%3dccb-2.ospool.osg-htc.org%26noUDP%26sock%3dcollector10#4303008&PrivNet=spark-agpu225.chtc.wisc.edu&addrs=10.130.203.229-33865&alias=spark-agpu225.chtc.wisc.edu&noUDP>
...
040 (8017966.932.000) 2026-06-21 05:39:08 Finished transferring input files
...
021 (8017966.932.000) 2026-06-21 05:39:09 Message from starter on slot1_1@glidein_21051_536508567@spark-agpu225.chtc.wisc.edu:
	PREPARE_JOB (prepare-hook) succeeded (reported status 000): Using Singularity image openfe_1.11.1.sif
...
001 (8017966.932.000) 2026-06-21 05:39:09 Job executing on host: <10.130.203.229:42507?CCBID=128.105.82.148:9618%3faddrs%3d128.105.82.148-9618+[2607-f388-2200-9d-7ccb-bc08-2489-768a]-9618%26alias%3dospool-ccb.osg.chtc.io%26noUDP%26sock%3dcollector9#4154351%2067.58.49.91:9618%3faddrs%3d67.58.49.91-9618+[fdf0-17b3-c3ec-1f79-10-0-e-b69d]-9618%26alias%3dccb-2.ospool.osg-htc.org%26noUDP%26sock%3dcollector5#4147823&PrivNet=spark-agpu225.chtc.wisc.edu&addrs=10.130.203.229-42507&alias=spark-agpu225.chtc.wisc.edu&noUDP>
	SlotName: slot1_1@glidein_21051_536508567@spark-agpu225.chtc.wisc.edu
	AvailableGPUs = { GPUs_GPU_68821ed8 }
	CondorScratchDir = "/var/lib/condor/execute/osg01/glide_sP6yGA/execute/dir_2991262/scratch"
	Cpus = 1
	Disk = 16777216
	GPUs = 1
	GPUs_GPU_68821ed8 = [ Id = "GPU-68821ed8"; ClockMhz = 1410.0; Capability = 8.0; CoresPerCU = 64; DeviceName = "NVIDIA A100-SXM4-80GB"; DeviceUuid = "68821ed8-ae9f-40f6-51f1-252dbdccadcd"; ECCEnabled = true; ComputeUnits = 108; NvidiaDriver = "560.35.03"; DriverVersion = 12.6; DevicePciBusId = "0000:C1:00.0"; GlobalMemoryMb = 81156; MaxSupportedVersion = 12060 ]
	Memory = 16384
...
006 (8017966.932.000) 2026-06-21 05:39:18 Image size of job updated: 9756608
	599  -  MemoryUsage of job (MB)
	612696  -  ResidentSetSize of job (KB)
...
006 (8017966.932.000) 2026-06-21 05:44:19 Image size of job updated: 35682628
	3349  -  MemoryUsage of job (MB)
	3428816  -  ResidentSetSize of job (KB)
...
006 (8017966.932.000) 2026-06-21 05:49:19 Image size of job updated: 35715396
	3349  -  MemoryUsage of job (MB)
	3428816  -  ResidentSetSize of job (KB)
...
006 (8017966.932.000) 2026-06-21 05:54:20 Image size of job updated: 35780932
	3349  -  MemoryUsage of job (MB)
	3428816  -  ResidentSetSize of job (KB)
...
006 (8017966.932.000) 2026-06-21 06:19:23 Image size of job updated: 35797304
	3364  -  MemoryUsage of job (MB)
	3444676  -  ResidentSetSize of job (KB)
...
006 (8017966.932.000) 2026-06-21 06:29:24 Image size of job updated: 35797304
	3367  -  MemoryUsage of job (MB)
	3447748  -  ResidentSetSize of job (KB)
...
006 (8017966.932.000) 2026-06-21 06:59:26 Image size of job updated: 35801392
	3371  -  MemoryUsage of job (MB)
	3451844  -  ResidentSetSize of job (KB)
...
006 (8017966.932.000) 2026-06-21 07:39:31 Image size of job updated: 35813656
	3383  -  MemoryUsage of job (MB)
	3464132  -  ResidentSetSize of job (KB)
...
006 (8017966.932.000) 2026-06-21 08:19:35 Image size of job updated: 35825920
	3395  -  MemoryUsage of job (MB)
	3475908  -  ResidentSetSize of job (KB)
...
006 (8017966.932.000) 2026-06-21 08:59:40 Image size of job updated: 35834100
	3403  -  MemoryUsage of job (MB)
	3484100  -  ResidentSetSize of job (KB)
...
040 (8017966.932.000) 2026-06-21 09:40:06 Started transferring output files
...
040 (8017966.932.000) 2026-06-21 09:40:06 Finished transferring output files
...
005 (8017966.932.000) 2026-06-21 09:40:07 Job terminated.
	(1) Normal termination (return value 0)
		Usr 0 03:53:21, Sys 0 00:10:32  -  Run Remote Usage
		Usr 0 00:00:00, Sys 0 00:00:00  -  Run Local Usage
		Usr 0 03:53:21, Sys 0 00:10:32  -  Total Remote Usage
		Usr 0 00:00:00, Sys 0 00:00:00  -  Total Local Usage
	9873558  -  Run Bytes Sent By Job
	2782662721  -  Run Bytes Received By Job
	9873558  -  Total Bytes Sent By Job
	2782662721  -  Total Bytes Received By Job
	Partitionable Resources :      Usage  Request Allocated Assigned
	   Cpus                 :       1.05        1         1 
	   Disk (KB)            : 2798794    16777216  16777216 
	   GPUs                 :       0.86        1         1 "GPU-68821ed8"
	   GpusMemory (MB)      :    7346                       
	   Memory (MB)          :    3403       16384     16384 
	   TimeExecute (s)      :   14457                       
	   TimeSlotBusy (s)     :   14474                       
...
