000 (8017966.264.000) 2026-06-20 22:07:54 Job submitted from host: <128.105.68.112:9618?addrs=128.105.68.112-9618+[2607-f388-2200-100-eaeb-d3ff-fea3-4202]-9618&alias=ap2001.chtc.wisc.edu&noUDP&sock=schedd_4071840_2329>
...
040 (8017966.264.000) 2026-06-21 00:45:23 Started transferring input files
	Transferring to host: <128.105.76.52:9618?addrs=128.105.76.52-9618+[2607-f388-2200-100-b65c-b5ff-fe81-e53e]-9618&alias=dbrundage-chtcgpu5000.chtc.wisc.edu&noUDP&sock=backfill1_3_11313_c825_13396>
...
040 (8017966.264.000) 2026-06-21 00:45:35 Finished transferring input files
...
001 (8017966.264.000) 2026-06-21 00:45:35 Job executing on host: <128.105.76.52:9618?addrs=128.105.76.52-9618+[2607-f388-2200-100-b65c-b5ff-fe81-e53e]-9618&alias=dbrundage-chtcgpu5000.chtc.wisc.edu&noUDP&sock=startd_10956_7bb2>
	SlotName: backfill1_3@dbrundage-chtcgpu5000.chtc.wisc.edu
	AvailableGPUs = { GPUs_GPU_51d5c720 }
	CondorScratchDir = "/var/lib/condor/execute/slot1/dir_117723/scratch"
	Cpus = 1
	Disk = 16777216
	GPUs = 1
	GPUs_GPU_51d5c720 = [ Id = "GPU-51d5c720"; Capability = 9.0; DeviceName = "NVIDIA H200"; DeviceUuid = "51d5c720-5fa1-f041-4e6a-f687563a7cc3"; ECCEnabled = true; NvidiaDriver = "590.48.01"; DriverVersion = 13.1; DevicePciBusId = "0000:4C:00.0"; GlobalMemoryMb = 143158; MaxSupportedVersion = 13010 ]
	IoHeavy = 0
	Memory = 16384
...
006 (8017966.264.000) 2026-06-21 00:45:44 Image size of job updated: 497736
	487  -  MemoryUsage of job (MB)
	497736  -  ResidentSetSize of job (KB)
...
006 (8017966.264.000) 2026-06-21 00:50:45 Image size of job updated: 2031368
	1983  -  MemoryUsage of job (MB)
	2030024  -  ResidentSetSize of job (KB)
...
006 (8017966.264.000) 2026-06-21 01:15:47 Image size of job updated: 2039232
	1992  -  MemoryUsage of job (MB)
	2039232  -  ResidentSetSize of job (KB)
...
006 (8017966.264.000) 2026-06-21 01:20:47 Image size of job updated: 2039268
	1992  -  MemoryUsage of job (MB)
	2039232  -  ResidentSetSize of job (KB)
...
006 (8017966.264.000) 2026-06-21 01:40:49 Image size of job updated: 2055040
	2007  -  MemoryUsage of job (MB)
	2055040  -  ResidentSetSize of job (KB)
...
006 (8017966.264.000) 2026-06-21 01:45:49 Image size of job updated: 2055048
	2007  -  MemoryUsage of job (MB)
	2055048  -  ResidentSetSize of job (KB)
...
006 (8017966.264.000) 2026-06-21 02:05:51 Image size of job updated: 2067292
	2019  -  MemoryUsage of job (MB)
	2067292  -  ResidentSetSize of job (KB)
...
006 (8017966.264.000) 2026-06-21 02:30:53 Image size of job updated: 2079536
	2031  -  MemoryUsage of job (MB)
	2079536  -  ResidentSetSize of job (KB)
...
006 (8017966.264.000) 2026-06-21 02:45:55 Image size of job updated: 2079540
	2031  -  MemoryUsage of job (MB)
	2079540  -  ResidentSetSize of job (KB)
...
006 (8017966.264.000) 2026-06-21 03:00:57 Image size of job updated: 2087700
	2039  -  MemoryUsage of job (MB)
	2087700  -  ResidentSetSize of job (KB)
...
006 (8017966.264.000) 2026-06-21 03:20:58 Image size of job updated: 2087704
	2039  -  MemoryUsage of job (MB)
	2087704  -  ResidentSetSize of job (KB)
...
040 (8017966.264.000) 2026-06-21 03:24:58 Started transferring output files
...
040 (8017966.264.000) 2026-06-21 03:24:58 Finished transferring output files
...
005 (8017966.264.000) 2026-06-21 03:24:59 Job terminated.
	(1) Normal termination (return value 0)
		Usr 0 02:42:24, Sys 0 01:07:04  -  Run Remote Usage
		Usr 0 00:00:00, Sys 0 00:00:00  -  Run Local Usage
		Usr 0 02:42:24, Sys 0 01:07:04  -  Total Remote Usage
		Usr 0 00:00:00, Sys 0 00:00:00  -  Total Local Usage
	10913860  -  Run Bytes Sent By Job
	2782519093  -  Run Bytes Received By Job
	10913860  -  Total Bytes Sent By Job
	2782519093  -  Total Bytes Received By Job
	Partitionable Resources :      Usage  Request Allocated Assigned
	   Cpus                 :       1.44        1         1 
	   Disk (KB)            : 2791036    16777216  16777216 
	   GPUs                 :       0.88        1         1 "GPU-51d5c720"
	   GpusMemory (MB)      :    8669                       
	   IoHeavy              :                             0 
	   Memory (MB)          :    2039       16384     16384 
	   TimeExecute (s)      :    9563                       
	   TimeSlotBusy (s)     :    9575                       
...
