000 (8018100.314.000) 2026-06-21 13:37:20 Job submitted from host: <128.105.68.112:9618?addrs=128.105.68.112-9618+[2607-f388-2200-100-eaeb-d3ff-fea3-4202]-9618&alias=ap2001.chtc.wisc.edu&noUDP&sock=schedd_4071840_2329>
...
040 (8018100.314.000) 2026-06-21 16:23:01 Started transferring input files
	Transferring to host: <128.105.76.51:9618?addrs=128.105.76.51-9618+[2607-f388-2200-100-925a-8ff-fe34-15b6]-9618&alias=zliu-chtcgpu5000.chtc.wisc.edu&noUDP&sock=backfill1_2_98764_ec29_38613>
...
040 (8018100.314.000) 2026-06-21 16:23:20 Finished transferring input files
...
001 (8018100.314.000) 2026-06-21 16:23:20 Job executing on host: <128.105.76.51:9618?addrs=128.105.76.51-9618+[2607-f388-2200-100-925a-8ff-fe34-15b6]-9618&alias=zliu-chtcgpu5000.chtc.wisc.edu&noUDP&sock=startd_98388_901b>
	SlotName: backfill1_2@zliu-chtcgpu5000.chtc.wisc.edu
	AvailableGPUs = { GPUs_GPU_f282a2af }
	CondorScratchDir = "/var/lib/condor/execute/slot1/dir_3616711/scratch"
	Cpus = 1
	Disk = 16777216
	GPUs = 1
	GPUs_GPU_f282a2af = [ Id = "GPU-f282a2af"; Capability = 8.9; DeviceName = "NVIDIA L40S"; DeviceUuid = "f282a2af-1c3f-1bc8-7ad4-fcd2362438d9"; ECCEnabled = true; NvidiaDriver = "590.48.01"; DriverVersion = 13.1; DevicePciBusId = "0000:81:00.0"; GlobalMemoryMb = 45460; MaxSupportedVersion = 13010 ]
	IoHeavy = 0
	Memory = 16384
...
006 (8018100.314.000) 2026-06-21 16:23:22 Image size of job updated: 92
	0  -  MemoryUsage of job (MB)
	0  -  ResidentSetSize of job (KB)
...
040 (8018100.314.000) 2026-06-21 16:23:22 Started transferring output files
...
040 (8018100.314.000) 2026-06-21 16:23:22 Finished transferring output files
...
004 (8018100.314.000) 2026-06-21 16:23:23 Job was evicted.
	(0) Job terminated and was requeued
		Usr 0 00:00:01, Sys 0 00:00:00  -  Run Remote Usage
		Usr 0 00:00:00, Sys 0 00:00:00  -  Run Local Usage
	467  -  Run Bytes Sent By Job
	2784232713  -  Run Bytes Received By Job
	(1) Normal termination (return value 2)
	The job attribute OnExitRemove expression 'NumJobCompletions > JobMaxRetries || ExitCode =?= 0' evaluated to FALSE
...
040 (8018100.314.000) 2026-06-21 16:25:24 Started transferring input files
	Transferring to host: <128.105.76.51:9618?addrs=128.105.76.51-9618+[2607-f388-2200-100-925a-8ff-fe34-15b6]-9618&alias=zliu-chtcgpu5000.chtc.wisc.edu&noUDP&sock=backfill1_3_98764_ec29_38623>
...
040 (8018100.314.000) 2026-06-21 16:25:42 Finished transferring input files
...
001 (8018100.314.000) 2026-06-21 16:25:42 Job executing on host: <128.105.76.51:9618?addrs=128.105.76.51-9618+[2607-f388-2200-100-925a-8ff-fe34-15b6]-9618&alias=zliu-chtcgpu5000.chtc.wisc.edu&noUDP&sock=startd_98388_901b>
	SlotName: backfill1_3@zliu-chtcgpu5000.chtc.wisc.edu
	AvailableGPUs = { GPUs_GPU_ad6fd700 }
	CondorScratchDir = "/var/lib/condor/execute/slot1/dir_3618185/scratch"
	Cpus = 1
	Disk = 16777216
	GPUs = 1
	GPUs_GPU_ad6fd700 = [ Id = "GPU-ad6fd700"; Capability = 8.9; DeviceName = "NVIDIA L40S"; DeviceUuid = "ad6fd700-031e-f4f7-18cc-4d9383583651"; ECCEnabled = true; NvidiaDriver = "590.48.01"; DriverVersion = 13.1; DevicePciBusId = "0000:61:00.0"; GlobalMemoryMb = 45460; MaxSupportedVersion = 13010 ]
	IoHeavy = 0
	Memory = 16384
...
040 (8018100.314.000) 2026-06-21 16:25:44 Started transferring output files
...
040 (8018100.314.000) 2026-06-21 16:25:44 Finished transferring output files
...
004 (8018100.314.000) 2026-06-21 16:25:45 Job was evicted.
	(0) Job terminated and was requeued
		Usr 0 00:00:01, Sys 0 00:00:00  -  Run Remote Usage
		Usr 0 00:00:00, Sys 0 00:00:00  -  Run Local Usage
	467  -  Run Bytes Sent By Job
	2784232713  -  Run Bytes Received By Job
	(1) Normal termination (return value 2)
	The job attribute OnExitRemove expression 'NumJobCompletions > JobMaxRetries || ExitCode =?= 0' evaluated to FALSE
...
040 (8018100.314.000) 2026-06-21 16:27:22 Started transferring input files
	Transferring to host: <128.105.69.47:9618?addrs=128.105.69.47-9618+[2607-f388-2200-100-527c-6fff-fe66-eac6]-9618&alias=amuraligpu4000.chtc.wisc.edu&noUDP&sock=backfill1_6_1332502_f3e3_93380>
...
040 (8018100.314.000) 2026-06-21 16:27:32 Finished transferring input files
...
001 (8018100.314.000) 2026-06-21 16:27:32 Job executing on host: <128.105.69.47:9618?addrs=128.105.69.47-9618+[2607-f388-2200-100-527c-6fff-fe66-eac6]-9618&alias=amuraligpu4000.chtc.wisc.edu&noUDP&sock=startd_11579_cf33>
	SlotName: backfill1_6@amuraligpu4000.chtc.wisc.edu
	AvailableGPUs = { GPUs_GPU_d8206374 }
	CondorScratchDir = "/var/lib/condor/execute/slot1/dir_2338710/scratch"
	Cpus = 1
	Disk = 16777216
	GPUs = 1
	GPUs_GPU_d8206374 = [ Id = "GPU-d8206374"; Capability = 8.9; DeviceName = "NVIDIA L40S"; DeviceUuid = "d8206374-af5d-873a-5dca-ed6a50f62dc2"; ECCEnabled = true; NvidiaDriver = "570.195.03"; DriverVersion = 12.8; DevicePciBusId = "0000:50:00.0"; GlobalMemoryMb = 45468; MaxSupportedVersion = 12080 ]
	IoHeavy = 0
	Memory = 16384
...
006 (8018100.314.000) 2026-06-21 16:27:35 Image size of job updated: 196
	0  -  MemoryUsage of job (MB)
	0  -  ResidentSetSize of job (KB)
...
040 (8018100.314.000) 2026-06-21 16:27:35 Started transferring output files
...
040 (8018100.314.000) 2026-06-21 16:27:35 Finished transferring output files
...
004 (8018100.314.000) 2026-06-21 16:27:36 Job was evicted.
	(0) Job terminated and was requeued
		Usr 0 00:00:01, Sys 0 00:00:00  -  Run Remote Usage
		Usr 0 00:00:00, Sys 0 00:00:00  -  Run Local Usage
	451  -  Run Bytes Sent By Job
	2784232713  -  Run Bytes Received By Job
	(1) Normal termination (return value 2)
	The job attribute OnExitRemove expression 'NumJobCompletions > JobMaxRetries || ExitCode =?= 0' evaluated to FALSE
...
040 (8018100.314.000) 2026-06-21 16:29:28 Started transferring input files
	Transferring to host: <128.104.100.117:9618?addrs=128.104.100.117-9618+[2607-f388-107c-501-8ae9-a4ff-fe02-e150]-9618&alias=jcaicedogpu0003.chtc.wisc.edu&noUDP&sock=backfill1_8_1586877_26eb_101263>
...
040 (8018100.314.000) 2026-06-21 16:29:39 Finished transferring input files
...
001 (8018100.314.000) 2026-06-21 16:29:39 Job executing on host: <128.104.100.117:9618?addrs=128.104.100.117-9618+[2607-f388-107c-501-8ae9-a4ff-fe02-e150]-9618&alias=jcaicedogpu0003.chtc.wisc.edu&noUDP&sock=startd_10874_3cee>
	SlotName: backfill1_8@jcaicedogpu0003.chtc.wisc.edu
	AvailableGPUs = { GPUs_GPU_c23ee0d5 }
	CondorScratchDir = "/var/lib/condor/execute/slot1/dir_3194172/scratch"
	Cpus = 1
	Disk = 16777216
	GPUs = 1
	GPUs_GPU_c23ee0d5 = [ Id = "GPU-c23ee0d5"; Capability = 8.9; DeviceName = "NVIDIA L40S"; DeviceUuid = "c23ee0d5-5148-e866-01bc-ea65221e4428"; ECCEnabled = true; NvidiaDriver = "570.195.03"; DriverVersion = 12.8; DevicePciBusId = "0000:21:00.0"; GlobalMemoryMb = 45468; MaxSupportedVersion = 12080 ]
	IoHeavy = 0
	Memory = 16384
...
040 (8018100.314.000) 2026-06-21 16:29:42 Started transferring output files
...
040 (8018100.314.000) 2026-06-21 16:29:42 Finished transferring output files
...
004 (8018100.314.000) 2026-06-21 16:29:42 Job was evicted.
	(0) Job terminated and was requeued
		Usr 0 00:00:01, Sys 0 00:00:00  -  Run Remote Usage
		Usr 0 00:00:00, Sys 0 00:00:00  -  Run Local Usage
	452  -  Run Bytes Sent By Job
	2784232713  -  Run Bytes Received By Job
	(1) Normal termination (return value 2)
	The job attribute OnExitRemove expression 'NumJobCompletions > JobMaxRetries || ExitCode =?= 0' evaluated to FALSE
...
040 (8018100.314.000) 2026-06-21 16:31:50 Started transferring input files
	Transferring to host: <128.105.68.166:9618?addrs=128.105.68.166-9618+[2607-f388-2200-100-b62e-99ff-feb7-2e2d]-9618&alias=gpulab2001.chtc.wisc.edu&noUDP&sock=slot2_2_11113_dd1d_54106>
...
040 (8018100.314.000) 2026-06-21 16:32:10 Finished transferring input files
...
001 (8018100.314.000) 2026-06-21 16:32:10 Job executing on host: <128.105.68.166:9618?addrs=128.105.68.166-9618+[2607-f388-2200-100-b62e-99ff-feb7-2e2d]-9618&alias=gpulab2001.chtc.wisc.edu&noUDP&sock=startd_10083_ad84>
	SlotName: slot2_2@gpulab2001.chtc.wisc.edu
	AvailableGPUs = { GPUs_GPU_5498e439 }
	CondorScratchDir = "/var/lib/condor/execute/slot2/dir_1298652/scratch"
	Cpus = 1
	Disk = 16777216
	GPUs = 1
	GPUs_GPU_5498e439 = [ Id = "GPU-5498e439"; Capability = 7.5; DeviceName = "NVIDIA GeForce RTX 2080 Ti"; DeviceUuid = "5498e439-bec3-fa72-ed65-a45d5f53e1b5"; ECCEnabled = false; NvidiaDriver = "570.195.03"; DriverVersion = 12.8; DevicePciBusId = "0000:3E:00.0"; GlobalMemoryMb = 10823; MaxSupportedVersion = 12080 ]
	IoHeavy = 0
	Memory = 16384
...
040 (8018100.314.000) 2026-06-21 16:32:14 Started transferring output files
...
040 (8018100.314.000) 2026-06-21 16:32:14 Finished transferring output files
...
004 (8018100.314.000) 2026-06-21 16:32:15 Job was evicted.
	(0) Job terminated and was requeued
		Usr 0 00:00:02, Sys 0 00:00:00  -  Run Remote Usage
		Usr 0 00:00:00, Sys 0 00:00:00  -  Run Local Usage
	447  -  Run Bytes Sent By Job
	2784232713  -  Run Bytes Received By Job
	(1) Normal termination (return value 2)
	The job attribute OnExitRemove expression 'NumJobCompletions > JobMaxRetries || ExitCode =?= 0' evaluated to FALSE
...
040 (8018100.314.000) 2026-06-21 16:34:08 Started transferring input files
	Transferring to host: <128.105.69.47:9618?addrs=128.105.69.47-9618+[2607-f388-2200-100-527c-6fff-fe66-eac6]-9618&alias=amuraligpu4000.chtc.wisc.edu&noUDP&sock=backfill1_5_1332502_f3e3_93404>
...
040 (8018100.314.000) 2026-06-21 16:34:18 Finished transferring input files
...
001 (8018100.314.000) 2026-06-21 16:34:18 Job executing on host: <128.105.69.47:9618?addrs=128.105.69.47-9618+[2607-f388-2200-100-527c-6fff-fe66-eac6]-9618&alias=amuraligpu4000.chtc.wisc.edu&noUDP&sock=startd_11579_cf33>
	SlotName: backfill1_5@amuraligpu4000.chtc.wisc.edu
	AvailableGPUs = { GPUs_GPU_de7049b1 }
	CondorScratchDir = "/var/lib/condor/execute/slot1/dir_2343070/scratch"
	Cpus = 1
	Disk = 16777216
	GPUs = 1
	GPUs_GPU_de7049b1 = [ Id = "GPU-de7049b1"; Capability = 8.9; DeviceName = "NVIDIA L40S"; DeviceUuid = "de7049b1-38bb-621f-baaa-5d83765a9f52"; ECCEnabled = true; NvidiaDriver = "570.195.03"; DriverVersion = 12.8; DevicePciBusId = "0000:63:00.0"; GlobalMemoryMb = 45468; MaxSupportedVersion = 12080 ]
	IoHeavy = 0
	Memory = 16384
...
040 (8018100.314.000) 2026-06-21 16:34:21 Started transferring output files
...
040 (8018100.314.000) 2026-06-21 16:34:21 Finished transferring output files
...
004 (8018100.314.000) 2026-06-21 16:34:21 Job was evicted.
	(0) Job terminated and was requeued
		Usr 0 00:00:01, Sys 0 00:00:00  -  Run Remote Usage
		Usr 0 00:00:00, Sys 0 00:00:00  -  Run Local Usage
	451  -  Run Bytes Sent By Job
	2784232713  -  Run Bytes Received By Job
	(1) Normal termination (return value 2)
	The job attribute OnExitRemove expression 'NumJobCompletions > JobMaxRetries || ExitCode =?= 0' evaluated to FALSE
...
040 (8018100.314.000) 2026-06-21 16:36:39 Started transferring input files
	Transferring to host: <128.104.100.118:9618?addrs=128.104.100.118-9618+[2607-f388-107c-501-26d-aeff-fe1f-6b20]-9618&alias=jcaicedogpu0004.chtc.wisc.edu&noUDP&sock=backfill1_1_4107613_b354_101279>
...
040 (8018100.314.000) 2026-06-21 16:36:50 Finished transferring input files
...
001 (8018100.314.000) 2026-06-21 16:36:50 Job executing on host: <128.104.100.118:9618?addrs=128.104.100.118-9618+[2607-f388-107c-501-26d-aeff-fe1f-6b20]-9618&alias=jcaicedogpu0004.chtc.wisc.edu&noUDP&sock=startd_10858_436a>
	SlotName: backfill1_1@jcaicedogpu0004.chtc.wisc.edu
	AvailableGPUs = { GPUs_GPU_247deb3d }
	CondorScratchDir = "/var/lib/condor/execute/slot1/dir_1203817/scratch"
	Cpus = 1
	Disk = 16777216
	GPUs = 1
	GPUs_GPU_247deb3d = [ Id = "GPU-247deb3d"; Capability = 8.9; DeviceName = "NVIDIA L40S"; DeviceUuid = "247deb3d-27f7-30d7-bfa9-8c3f623116c2"; ECCEnabled = true; NvidiaDriver = "570.195.03"; DriverVersion = 12.8; DevicePciBusId = "0000:E1:00.0"; GlobalMemoryMb = 45468; MaxSupportedVersion = 12080 ]
	IoHeavy = 0
	Memory = 16384
...
040 (8018100.314.000) 2026-06-21 16:36:53 Started transferring output files
...
040 (8018100.314.000) 2026-06-21 16:36:53 Finished transferring output files
...
004 (8018100.314.000) 2026-06-21 16:36:54 Job was evicted.
	(0) Job terminated and was requeued
		Usr 0 00:00:01, Sys 0 00:00:00  -  Run Remote Usage
		Usr 0 00:00:00, Sys 0 00:00:00  -  Run Local Usage
	452  -  Run Bytes Sent By Job
	2784232713  -  Run Bytes Received By Job
	(1) Normal termination (return value 2)
	The job attribute OnExitRemove expression 'NumJobCompletions > JobMaxRetries || ExitCode =?= 0' evaluated to FALSE
...
040 (8018100.314.000) 2026-06-21 16:38:07 Started transferring input files
	Transferring to host: <128.105.69.63:9618?addrs=128.105.69.63-9618+[2607-f388-2200-100-5aa2-e1ff-febe-455e]-9618&alias=gpu4003.chtc.wisc.edu&noUDP&sock=slot2_5_1549376_4e16_77788>
...
040 (8018100.314.000) 2026-06-21 16:38:21 Finished transferring input files
...
001 (8018100.314.000) 2026-06-21 16:38:21 Job executing on host: <128.105.69.63:9618?addrs=128.105.69.63-9618+[2607-f388-2200-100-5aa2-e1ff-febe-455e]-9618&alias=gpu4003.chtc.wisc.edu&noUDP&sock=startd_3051222_14a9>
	SlotName: slot2_5@gpu4003.chtc.wisc.edu
	AvailableGPUs = { GPUs_GPU_39410294 }
	CondorScratchDir = "/var/lib/condor/execute/slot2/dir_1440367/scratch"
	Cpus = 1
	Disk = 16777216
	GPUs = 1
	GPUs_GPU_39410294 = [ Id = "GPU-39410294"; Capability = 9.0; DeviceName = "NVIDIA H100 80GB HBM3"; DeviceUuid = "39410294-4267-2c41-ff41-468049d87bef"; ECCEnabled = true; NvidiaDriver = "570.195.03"; DriverVersion = 12.8; DevicePciBusId = "0000:9A:00.0"; GlobalMemoryMb = 81089; MaxSupportedVersion = 12080 ]
	IoHeavy = 0
	Memory = 16384
...
040 (8018100.314.000) 2026-06-21 16:38:24 Started transferring output files
...
040 (8018100.314.000) 2026-06-21 16:38:24 Finished transferring output files
...
004 (8018100.314.000) 2026-06-21 16:38:24 Job was evicted.
	(0) Job terminated and was requeued
		Usr 0 00:00:01, Sys 0 00:00:00  -  Run Remote Usage
		Usr 0 00:00:00, Sys 0 00:00:00  -  Run Local Usage
	444  -  Run Bytes Sent By Job
	2784232713  -  Run Bytes Received By Job
	(1) Normal termination (return value 2)
	The job attribute OnExitRemove expression 'NumJobCompletions > JobMaxRetries || ExitCode =?= 0' evaluated to FALSE
...
040 (8018100.314.000) 2026-06-21 16:38:33 Started transferring input files
	Transferring to host: <128.105.76.47:9618?addrs=128.105.76.47-9618+[2607-f388-2200-100-527c-6fff-fe82-826a]-9618&alias=gpu4006.chtc.wisc.edu&noUDP&sock=slot2_2_2618986_4fbd_88643>
...
040 (8018100.314.000) 2026-06-21 16:38:41 Finished transferring input files
...
001 (8018100.314.000) 2026-06-21 16:38:41 Job executing on host: <128.105.76.47:9618?addrs=128.105.76.47-9618+[2607-f388-2200-100-527c-6fff-fe82-826a]-9618&alias=gpu4006.chtc.wisc.edu&noUDP&sock=startd_11220_90b3>
	SlotName: slot2_2@gpu4006.chtc.wisc.edu
	AvailableGPUs = { GPUs_GPU_5f4b1ce3 }
	CondorScratchDir = "/var/lib/condor/execute/slot2/dir_2979655/scratch"
	Cpus = 1
	Disk = 16777216
	GPUs = 1
	GPUs_GPU_5f4b1ce3 = [ Id = "GPU-5f4b1ce3"; Capability = 8.9; DeviceName = "NVIDIA L40S"; DeviceUuid = "5f4b1ce3-4b15-b946-0540-e2f21aaa5fe7"; ECCEnabled = true; NvidiaDriver = "590.48.01"; DriverVersion = 13.1; DevicePciBusId = "0000:21:00.0"; GlobalMemoryMb = 45460; MaxSupportedVersion = 13010 ]
	IoHeavy = 0
	Memory = 16384
...
040 (8018100.314.000) 2026-06-21 16:38:43 Started transferring output files
...
040 (8018100.314.000) 2026-06-21 16:38:43 Finished transferring output files
...
004 (8018100.314.000) 2026-06-21 16:38:44 Job was evicted.
	(0) Job terminated and was requeued
		Usr 0 00:00:01, Sys 0 00:00:00  -  Run Remote Usage
		Usr 0 00:00:00, Sys 0 00:00:00  -  Run Local Usage
	458  -  Run Bytes Sent By Job
	2784232713  -  Run Bytes Received By Job
	(1) Normal termination (return value 2)
	The job attribute OnExitRemove expression 'NumJobCompletions > JobMaxRetries || ExitCode =?= 0' evaluated to FALSE
...
040 (8018100.314.000) 2026-06-21 16:38:51 Started transferring input files
	Transferring to host: <128.104.103.104:9618?addrs=128.104.103.104-9618+[2607-f388-107c-501-ae1f-6bff-fe40-ce2e]-9618&alias=gitter0000.chtc.wisc.edu&noUDP&sock=slot2_1_8979_4486_9036>
...
040 (8018100.314.000) 2026-06-21 16:39:28 Finished transferring input files
...
001 (8018100.314.000) 2026-06-21 16:39:28 Job executing on host: <128.104.103.104:9618?addrs=128.104.103.104-9618+[2607-f388-107c-501-ae1f-6bff-fe40-ce2e]-9618&alias=gitter0000.chtc.wisc.edu&noUDP&sock=startd_8665_0c39>
	SlotName: slot2_1@gitter0000.chtc.wisc.edu
	AvailableGPUs = { GPUs_GPU_272cc33a }
	CondorScratchDir = "/var/lib/condor/execute/slot2/dir_4014175/scratch"
	Cpus = 1
	Disk = 16777216
	GPUs = 1
	GPUs_GPU_272cc33a = [ Id = "GPU-272cc33a"; Capability = 6.1; DeviceName = "NVIDIA GeForce GTX 1080 Ti"; DeviceUuid = "272cc33a-aa36-c52e-632e-1d0ff0d0c75a"; ECCEnabled = false; NvidiaDriver = "570.195.03"; DriverVersion = 12.8; DevicePciBusId = "0000:3B:00.0"; GlobalMemoryMb = 11165; MaxSupportedVersion = 12080 ]
	IoHeavy = 0
	Memory = 16384
...
040 (8018100.314.000) 2026-06-21 16:39:33 Started transferring output files
...
040 (8018100.314.000) 2026-06-21 16:39:33 Finished transferring output files
...
004 (8018100.314.000) 2026-06-21 16:39:33 Job was evicted.
	(0) Job terminated and was requeued
		Usr 0 00:00:03, Sys 0 00:00:00  -  Run Remote Usage
		Usr 0 00:00:00, Sys 0 00:00:00  -  Run Local Usage
	447  -  Run Bytes Sent By Job
	2784232713  -  Run Bytes Received By Job
	(1) Normal termination (return value 2)
	The job attribute OnExitRemove expression 'NumJobCompletions > JobMaxRetries || ExitCode =?= 0' evaluated to FALSE
...
040 (8018100.314.000) 2026-06-21 16:39:41 Started transferring input files
	Transferring to host: <141.142.150.74:29603?CCBID=128.105.82.148:9618%3faddrs%3d128.105.82.148-9618+[2607-f388-2200-9d-7ccb-bc08-2489-768a]-9618%26alias%3dospool-ccb.osg.chtc.io%26noUDP%26sock%3dcollector8#4337119%2067.58.49.91:9618%3faddrs%3d67.58.49.91-9618+[fdf0-17b3-c3ec-1f79-10-0-e-b69d]-9618%26alias%3dccb-2.ospool.osg-htc.org%26noUDP%26sock%3dcollector10#4329685&PrivNet=rails04&addrs=141.142.150.74-29603+[fde1-53ba-e9a0-de11-2dba-91e3-dd48-5c8a]-29603&alias=rails04&noUDP>
...
040 (8018100.314.000) 2026-06-21 16:39:58 Finished transferring input files
...
021 (8018100.314.000) 2026-06-21 16:39:59 Message from starter on slot1_1@glidein_1108935_532437213@rails04:
	PREPARE_JOB (prepare-hook) succeeded (reported status 000): Using Singularity image openfe_1.11.1.sif
...
001 (8018100.314.000) 2026-06-21 16:39:59 Job executing on host: <141.142.150.74:13319?CCBID=128.105.82.148:9618%3faddrs%3d128.105.82.148-9618+[2607-f388-2200-9d-7ccb-bc08-2489-768a]-9618%26alias%3dospool-ccb.osg.chtc.io%26noUDP%26sock%3dcollector1#4330116%2067.58.49.91:9618%3faddrs%3d67.58.49.91-9618+[fdf0-17b3-c3ec-1f79-10-0-e-b69d]-9618%26alias%3dccb-2.ospool.osg-htc.org%26noUDP%26sock%3dcollector9#4327824&PrivNet=rails04&addrs=141.142.150.74-13319+[fde1-53ba-e9a0-de11-2dba-91e3-dd48-5c8a]-13319&alias=rails04&noUDP>
	SlotName: slot1_1@glidein_1108935_532437213@rails04
	AvailableGPUs = { GPUs_GPU_33fd4bf8 }
	CondorScratchDir = "/projects/bcxl/svcosguser/glide_Q3LOdw/execute/dir_1658337/scratch"
	Cpus = 1
	Disk = 16777216
	GPUs = 1
	GPUs_GPU_33fd4bf8 = [ Id = "GPU-33fd4bf8"; ClockMhz = 1980.0; Capability = 9.0; CoresPerCU = 128; DeviceName = "NVIDIA H100 80GB HBM3"; DeviceUuid = "33fd4bf8-c4dd-94e9-5ccc-bdead8915efe"; ECCEnabled = true; ComputeUnits = 132; NvidiaDriver = "590.48.01"; DriverVersion = 13.1; DevicePciBusId = "0000:BB:00.0"; GlobalMemoryMb = 81081; MaxSupportedVersion = 13010 ]
	Memory = 16384
...
006 (8018100.314.000) 2026-06-21 16:40:07 Image size of job updated: 200
	6  -  MemoryUsage of job (MB)
	5824  -  ResidentSetSize of job (KB)
...
040 (8018100.314.000) 2026-06-21 16:40:08 Started transferring output files
...
040 (8018100.314.000) 2026-06-21 16:40:08 Finished transferring output files
...
005 (8018100.314.000) 2026-06-21 16:40:08 Job terminated.
	(1) Normal termination (return value 2)
		Usr 0 00:00:00, Sys 0 00:00:00  -  Run Remote Usage
		Usr 0 00:00:00, Sys 0 00:00:00  -  Run Local Usage
		Usr 0 00:00:13, Sys 0 00:00:00  -  Total Remote Usage
		Usr 0 00:00:00, Sys 0 00:00:00  -  Total Local Usage
	463  -  Run Bytes Sent By Job
	2784232713  -  Run Bytes Received By Job
	4999  -  Total Bytes Sent By Job
	30626559843  -  Total Bytes Received By Job
	Partitionable Resources :    Usage  Request Allocated Assigned
	   Cpus                 :        0        1         1 
	   Disk (KB)            :  2719123 16777216  16777216 
	   GPUs                 :        0        1         1 "GPU-33fd4bf8"
	   Memory (MB)          :        6    16384     16384 
	   TimeExecute (s)      :        8                    
	   TimeSlotBusy (s)     :       28                    
...
