000 (8017966.665.000) 2026-06-20 22:07:54 Job submitted from host: <128.105.68.112:9618?addrs=128.105.68.112-9618+[2607-f388-2200-100-eaeb-d3ff-fea3-4202]-9618&alias=ap2001.chtc.wisc.edu&noUDP&sock=schedd_4071840_2329>
...
040 (8017966.665.000) 2026-06-21 03:48:09 Started transferring input files
	Transferring to host: <128.105.69.60:9618?addrs=128.105.69.60-9618+[2607-f388-2200-100-527c-6fff-fe66-e7e2]-9618&alias=blengerichgpu4000.chtc.wisc.edu&noUDP&sock=backfill1_1_1843674_de95_95078>
...
040 (8017966.665.000) 2026-06-21 03:48:19 Finished transferring input files
...
001 (8017966.665.000) 2026-06-21 03:48:19 Job executing on host: <128.105.69.60:9618?addrs=128.105.69.60-9618+[2607-f388-2200-100-527c-6fff-fe66-e7e2]-9618&alias=blengerichgpu4000.chtc.wisc.edu&noUDP&sock=startd_11585_ecc4>
	SlotName: backfill1_1@blengerichgpu4000.chtc.wisc.edu
	AvailableGPUs = { GPUs_GPU_38082b59 }
	CondorScratchDir = "/var/lib/condor/execute/slot1/dir_3535158/scratch"
	Cpus = 1
	Disk = 16777216
	GPUs = 1
	GPUs_GPU_38082b59 = [ Id = "GPU-38082b59"; Capability = 8.9; DeviceName = "NVIDIA L40S"; DeviceUuid = "38082b59-1834-f198-2686-31feb9eecc5b"; ECCEnabled = true; NvidiaDriver = "570.195.03"; DriverVersion = 12.8; DevicePciBusId = "0000:E1:00.0"; GlobalMemoryMb = 45468; MaxSupportedVersion = 12080 ]
	IoHeavy = 0
	Memory = 16384
...
006 (8017966.665.000) 2026-06-21 03:48:28 Image size of job updated: 393876
	385  -  MemoryUsage of job (MB)
	393876  -  ResidentSetSize of job (KB)
...
006 (8017966.665.000) 2026-06-21 03:53:28 Image size of job updated: 954184
	930  -  MemoryUsage of job (MB)
	952252  -  ResidentSetSize of job (KB)
...
006 (8017966.665.000) 2026-06-21 03:58:29 Image size of job updated: 954904
	933  -  MemoryUsage of job (MB)
	954904  -  ResidentSetSize of job (KB)
...
006 (8017966.665.000) 2026-06-21 04:03:30 Image size of job updated: 964908
	943  -  MemoryUsage of job (MB)
	964908  -  ResidentSetSize of job (KB)
...
006 (8017966.665.000) 2026-06-21 04:08:30 Image size of job updated: 967944
	946  -  MemoryUsage of job (MB)
	967944  -  ResidentSetSize of job (KB)
...
006 (8017966.665.000) 2026-06-21 04:13:31 Image size of job updated: 977032
	955  -  MemoryUsage of job (MB)
	977032  -  ResidentSetSize of job (KB)
...
006 (8017966.665.000) 2026-06-21 04:18:31 Image size of job updated: 981088
	955  -  MemoryUsage of job (MB)
	977032  -  ResidentSetSize of job (KB)
...
006 (8017966.665.000) 2026-06-21 04:23:31 Image size of job updated: 985860
	955  -  MemoryUsage of job (MB)
	977032  -  ResidentSetSize of job (KB)
...
040 (8017966.665.000) 2026-06-21 04:25:39 Started transferring output files
...
040 (8017966.665.000) 2026-06-21 04:25:39 Finished transferring output files
...
005 (8017966.665.000) 2026-06-21 04:25:40 Job terminated.
	(1) Normal termination (return value 0)
		Usr 0 00:37:53, Sys 0 00:16:54  -  Run Remote Usage
		Usr 0 00:00:00, Sys 0 00:00:00  -  Run Local Usage
		Usr 0 00:37:53, Sys 0 00:16:54  -  Total Remote Usage
		Usr 0 00:00:00, Sys 0 00:00:00  -  Total Local Usage
	2380506  -  Run Bytes Sent By Job
	2781846698  -  Run Bytes Received By Job
	2380506  -  Total Bytes Sent By Job
	2781846698  -  Total Bytes Received By Job
	Partitionable Resources :      Usage  Request Allocated Assigned
	   Cpus                 :       1.00        1         1 
	   Disk (KB)            : 2728819    16777216  16777216 
	   GPUs                 :       0.85        1         1 "GPU-38082b59"
	   GpusMemory (MB)      :    6784                       
	   IoHeavy              :                             0 
	   Memory (MB)          :     955       16384     16384 
	   TimeExecute (s)      :    2240                       
	   TimeSlotBusy (s)     :    2250                       
...
