000 (8017966.784.000) 2026-06-20 22:07:54 Job submitted from host: <128.105.68.112:9618?addrs=128.105.68.112-9618+[2607-f388-2200-100-eaeb-d3ff-fea3-4202]-9618&alias=ap2001.chtc.wisc.edu&noUDP&sock=schedd_4071840_2329>
...
040 (8017966.784.000) 2026-06-21 04:29:31 Started transferring input files
	Transferring to host: <128.105.68.100:9618?addrs=128.105.68.100-9618+[2607-f388-2200-100-ac0-ebff-fe99-9a48]-9618&alias=gpu2008.chtc.wisc.edu&noUDP&sock=slot2_4_160879_8f27_81970>
...
040 (8017966.784.000) 2026-06-21 04:29:44 Finished transferring input files
...
001 (8017966.784.000) 2026-06-21 04:29:44 Job executing on host: <128.105.68.100:9618?addrs=128.105.68.100-9618+[2607-f388-2200-100-ac0-ebff-fe99-9a48]-9618&alias=gpu2008.chtc.wisc.edu&noUDP&sock=startd_12349_f71f>
	SlotName: slot2_4@gpu2008.chtc.wisc.edu
	AvailableGPUs = { GPUs_GPU_7067f38b_b4c2_5568_ec82_f698473ddd07 }
	CondorScratchDir = "/var/lib/condor/execute/slot2/dir_658474/scratch"
	Cpus = 1
	Disk = 16777216
	GPUs = 1
	GPUs_GPU_7067f38b_b4c2_5568_ec82_f698473ddd07 = [ Id = "GPU-7067f38b-b4c2-5568-ec82-f698473ddd07"; Capability = 8.0; DeviceName = "NVIDIA A100-SXM4-80GB"; DeviceUuid = "7067f38b-b4c2-5568-ec82-f698473ddd07"; ECCEnabled = true; NvidiaDriver = "570.195.03"; DriverVersion = 12.8; DevicePciBusId = "0000:C1:00.0"; GlobalMemoryMb = 81154; MaxSupportedVersion = 12080 ]
	Memory = 16384
...
006 (8017966.784.000) 2026-06-21 04:29:53 Image size of job updated: 387512
	379  -  MemoryUsage of job (MB)
	387512  -  ResidentSetSize of job (KB)
...
006 (8017966.784.000) 2026-06-21 04:34:53 Image size of job updated: 1829836
	1786  -  MemoryUsage of job (MB)
	1828372  -  ResidentSetSize of job (KB)
...
006 (8017966.784.000) 2026-06-21 04:39:54 Image size of job updated: 1829836
	1786  -  MemoryUsage of job (MB)
	1828648  -  ResidentSetSize of job (KB)
...
006 (8017966.784.000) 2026-06-21 05:09:57 Image size of job updated: 1838108
	1796  -  MemoryUsage of job (MB)
	1838108  -  ResidentSetSize of job (KB)
...
006 (8017966.784.000) 2026-06-21 05:14:57 Image size of job updated: 1838248
	1796  -  MemoryUsage of job (MB)
	1838248  -  ResidentSetSize of job (KB)
...
006 (8017966.784.000) 2026-06-21 05:24:58 Image size of job updated: 1838276
	1796  -  MemoryUsage of job (MB)
	1838276  -  ResidentSetSize of job (KB)
...
006 (8017966.784.000) 2026-06-21 05:39:59 Image size of job updated: 1838280
	1796  -  MemoryUsage of job (MB)
	1838280  -  ResidentSetSize of job (KB)
...
006 (8017966.784.000) 2026-06-21 05:45:00 Image size of job updated: 1838480
	1796  -  MemoryUsage of job (MB)
	1838480  -  ResidentSetSize of job (KB)
...
006 (8017966.784.000) 2026-06-21 05:50:00 Image size of job updated: 1838488
	1796  -  MemoryUsage of job (MB)
	1838488  -  ResidentSetSize of job (KB)
...
006 (8017966.784.000) 2026-06-21 06:00:01 Image size of job updated: 1838492
	1796  -  MemoryUsage of job (MB)
	1838492  -  ResidentSetSize of job (KB)
...
006 (8017966.784.000) 2026-06-21 06:20:03 Image size of job updated: 1842468
	1800  -  MemoryUsage of job (MB)
	1842468  -  ResidentSetSize of job (KB)
...
006 (8017966.784.000) 2026-06-21 06:55:07 Image size of job updated: 1850416
	1808  -  MemoryUsage of job (MB)
	1850416  -  ResidentSetSize of job (KB)
...
006 (8017966.784.000) 2026-06-21 07:10:08 Image size of job updated: 1850836
	1808  -  MemoryUsage of job (MB)
	1850836  -  ResidentSetSize of job (KB)
...
006 (8017966.784.000) 2026-06-21 07:30:10 Image size of job updated: 1854808
	1812  -  MemoryUsage of job (MB)
	1854808  -  ResidentSetSize of job (KB)
...
040 (8017966.784.000) 2026-06-21 08:04:08 Started transferring output files
...
040 (8017966.784.000) 2026-06-21 08:04:08 Finished transferring output files
...
005 (8017966.784.000) 2026-06-21 08:04:09 Job terminated.
	(1) Normal termination (return value 0)
		Usr 0 03:51:11, Sys 0 02:37:14  -  Run Remote Usage
		Usr 0 00:00:00, Sys 0 00:00:00  -  Run Local Usage
		Usr 0 03:51:11, Sys 0 02:37:14  -  Total Remote Usage
		Usr 0 00:00:00, Sys 0 00:00:00  -  Total Local Usage
	11055196  -  Run Bytes Sent By Job
	2782637397  -  Run Bytes Received By Job
	11055196  -  Total Bytes Sent By Job
	2782637397  -  Total Bytes Received By Job
	Partitionable Resources :      Usage  Request Allocated Assigned
	   Cpus                 :       1.80        1         1 
	   Disk (KB)            : 2790544    16777216  16777216 
	   GPUs                 :                   1         1 "GPU-7067f38b-b4c2-5568-ec82-f698473ddd07"
	   GpusMemory (MB)      :    7238                       
	   Memory (MB)          :    1812       16384     16384 
	   TimeExecute (s)      :   12864                       
	   TimeSlotBusy (s)     :   12878                       
...
