INFO:openfe.utils.system_probe.log:SYSTEM CONFIG DETAILS:
INFO:openfe.utils.system_probe.log.hostname:hostname: 'dsigpu4000'
INFO:openfe.utils.system_probe.log.gpu:CUDA-based GPU not found
INFO:openfe.utils.system_probe.log:Memory used: 84.2G (16.7%)
INFO:openfe.utils.system_probe.log:quickrun_scratch/scratch_HybridTopologySetupUnit-e606e35ba48545f78807d992623fd738_attempt_0: 1% full (11.1T free)
INFO:gufekey.openfe.protocols.openmm_rfe.hybridtop_units.HybridTopologySetupUnit:Starting system setup unit
INFO:gufekey.openfe.protocols.openmm_rfe.hybridtop_units.HybridTopologySetupUnit:Parameterizing systems
INFO:openmmforcefields.generators.template_generators:Requested to generate parameters for residue <Residue 0 (UNK) of chain 0>
INFO:openmmforcefields.generators.template_generators:Generating a residue template for [H][c]1[c]([H])[c]([N]([H])[S](=[O])(=[O])[C]2=[C]([C]([H])([H])[H])[N]([H])[N]=[C]2[C]([H])([H])[H])[c]([H])[c]([C]([F])([F])[F])[c]1[H] using openff-2.2.1
INFO:openmmforcefields.generators.template_generators:Requested to generate parameters for residue <Residue 578 (UNK) of chain 3>
INFO:openmmforcefields.generators.template_generators:Generating a residue template for [H][O][C](=[O])[c]1[c]([H])[c]([H])[c]([S](=[O])(=[O])[N]([H])[c]2[c]([H])[c]([H])[c]([H])[c]([C]([F])([F])[F])[c]2[H])[c]([H])[c]1[H] using openff-2.2.1
INFO:openfe.protocols.openmm_rfe._rfe_utils.relative:Creating hybrid system
INFO:openfe.protocols.openmm_rfe._rfe_utils.relative:Setting force field terms
INFO:openfe.protocols.openmm_rfe._rfe_utils.relative:Adding forces
INFO:openfe.protocols.openmm_rfe._rfe_utils.relative:No CMAPTorsionForce found. Skipping adding force.
INFO:openfe.utils.system_probe.log:SYSTEM CONFIG DETAILS:
INFO:openfe.utils.system_probe.log.hostname:hostname: 'dsigpu4000'
INFO:openfe.utils.system_probe.log.gpu:CUDA-based GPU not found
INFO:openfe.utils.system_probe.log:Memory used: 83.7G (16.6%)
INFO:openfe.utils.system_probe.log:quickrun_scratch/scratch_HybridTopologySetupUnit-e606e35ba48545f78807d992623fd738_attempt_1: 1% full (11.1T free)
INFO:gufekey.openfe.protocols.openmm_rfe.hybridtop_units.HybridTopologySetupUnit:Starting system setup unit
INFO:gufekey.openfe.protocols.openmm_rfe.hybridtop_units.HybridTopologySetupUnit:Parameterizing systems
INFO:openmmforcefields.generators.template_generators:Requested to generate parameters for residue <Residue 0 (UNK) of chain 0>
INFO:openmmforcefields.generators.template_generators:Generating a residue template for [H][c]1[c]([H])[c]([N]([H])[S](=[O])(=[O])[C]2=[C]([C]([H])([H])[H])[N]([H])[N]=[C]2[C]([H])([H])[H])[c]([H])[c]([C]([F])([F])[F])[c]1[H] using openff-2.2.1
INFO:openmmforcefields.generators.template_generators:Requested to generate parameters for residue <Residue 578 (UNK) of chain 3>
INFO:openmmforcefields.generators.template_generators:Generating a residue template for [H][O][C](=[O])[c]1[c]([H])[c]([H])[c]([S](=[O])(=[O])[N]([H])[c]2[c]([H])[c]([H])[c]([H])[c]([C]([F])([F])[F])[c]2[H])[c]([H])[c]1[H] using openff-2.2.1
INFO:openfe.protocols.openmm_rfe._rfe_utils.relative:Creating hybrid system
INFO:openfe.protocols.openmm_rfe._rfe_utils.relative:Setting force field terms
INFO:openfe.protocols.openmm_rfe._rfe_utils.relative:Adding forces
INFO:openfe.protocols.openmm_rfe._rfe_utils.relative:No CMAPTorsionForce found. Skipping adding force.
INFO:openfe.utils.system_probe.log:SYSTEM CONFIG DETAILS:
INFO:openfe.utils.system_probe.log.hostname:hostname: 'dsigpu4000'
INFO:openfe.utils.system_probe.log.gpu:CUDA-based GPU not found
INFO:openfe.utils.system_probe.log:Memory used: 83.5G (16.6%)
INFO:openfe.utils.system_probe.log:quickrun_scratch/scratch_HybridTopologySetupUnit-e606e35ba48545f78807d992623fd738_attempt_2: 1% full (11.1T free)
INFO:gufekey.openfe.protocols.openmm_rfe.hybridtop_units.HybridTopologySetupUnit:Starting system setup unit
INFO:gufekey.openfe.protocols.openmm_rfe.hybridtop_units.HybridTopologySetupUnit:Parameterizing systems
INFO:openmmforcefields.generators.template_generators:Requested to generate parameters for residue <Residue 0 (UNK) of chain 0>
INFO:openmmforcefields.generators.template_generators:Generating a residue template for [H][c]1[c]([H])[c]([N]([H])[S](=[O])(=[O])[C]2=[C]([C]([H])([H])[H])[N]([H])[N]=[C]2[C]([H])([H])[H])[c]([H])[c]([C]([F])([F])[F])[c]1[H] using openff-2.2.1
INFO:openmmforcefields.generators.template_generators:Requested to generate parameters for residue <Residue 578 (UNK) of chain 3>
INFO:openmmforcefields.generators.template_generators:Generating a residue template for [H][O][C](=[O])[c]1[c]([H])[c]([H])[c]([S](=[O])(=[O])[N]([H])[c]2[c]([H])[c]([H])[c]([H])[c]([C]([F])([F])[F])[c]2[H])[c]([H])[c]1[H] using openff-2.2.1
INFO:openfe.protocols.openmm_rfe._rfe_utils.relative:Creating hybrid system
INFO:openfe.protocols.openmm_rfe._rfe_utils.relative:Setting force field terms
INFO:openfe.protocols.openmm_rfe._rfe_utils.relative:Adding forces
INFO:openfe.protocols.openmm_rfe._rfe_utils.relative:No CMAPTorsionForce found. Skipping adding force.
Error: The protocol unit 'HybridTopology Setup: OCNT-2314792 to OADMET-0006285 repeat 0 generation 0' failed with the error message:
IndexError: list index out of range

Details provided in output.
