000 (8017966.1038.000) 2026-06-20 22:07:54 Job submitted from host: <128.105.68.112:9618?addrs=128.105.68.112-9618+[2607-f388-2200-100-eaeb-d3ff-fea3-4202]-9618&alias=ap2001.chtc.wisc.edu&noUDP&sock=schedd_4071840_2329>
...
040 (8017966.1038.000) 2026-06-21 06:21:57 Started transferring input files
	Transferring to host: <128.104.100.118:9618?addrs=128.104.100.118-9618+[2607-f388-107c-501-26d-aeff-fe1f-6b20]-9618&alias=jcaicedogpu0004.chtc.wisc.edu&noUDP&sock=backfill1_5_4107613_b354_99949>
...
040 (8017966.1038.000) 2026-06-21 06:22:07 Finished transferring input files
...
001 (8017966.1038.000) 2026-06-21 06:22:07 Job executing on host: <128.104.100.118:9618?addrs=128.104.100.118-9618+[2607-f388-107c-501-26d-aeff-fe1f-6b20]-9618&alias=jcaicedogpu0004.chtc.wisc.edu&noUDP&sock=startd_10858_436a>
	SlotName: backfill1_5@jcaicedogpu0004.chtc.wisc.edu
	AvailableGPUs = { GPUs_GPU_84e64351 }
	CondorScratchDir = "/var/lib/condor/execute/slot1/dir_852174/scratch"
	Cpus = 1
	Disk = 16777216
	GPUs = 1
	GPUs_GPU_84e64351 = [ Id = "GPU-84e64351"; Capability = 8.9; DeviceName = "NVIDIA L40S"; DeviceUuid = "84e64351-a36d-14de-ceef-df51bed95cb0"; ECCEnabled = true; NvidiaDriver = "570.195.03"; DriverVersion = 12.8; DevicePciBusId = "0000:61:00.0"; GlobalMemoryMb = 45468; MaxSupportedVersion = 12080 ]
	IoHeavy = 0
	Memory = 16384
...
006 (8017966.1038.000) 2026-06-21 06:22:16 Image size of job updated: 436220
	426  -  MemoryUsage of job (MB)
	436220  -  ResidentSetSize of job (KB)
...
006 (8017966.1038.000) 2026-06-21 06:27:16 Image size of job updated: 962368
	938  -  MemoryUsage of job (MB)
	960412  -  ResidentSetSize of job (KB)
...
006 (8017966.1038.000) 2026-06-21 06:32:17 Image size of job updated: 962368
	940  -  MemoryUsage of job (MB)
	961804  -  ResidentSetSize of job (KB)
...
006 (8017966.1038.000) 2026-06-21 06:37:17 Image size of job updated: 968084
	946  -  MemoryUsage of job (MB)
	968084  -  ResidentSetSize of job (KB)
...
006 (8017966.1038.000) 2026-06-21 06:42:17 Image size of job updated: 971196
	949  -  MemoryUsage of job (MB)
	971196  -  ResidentSetSize of job (KB)
...
006 (8017966.1038.000) 2026-06-21 06:47:18 Image size of job updated: 980764
	958  -  MemoryUsage of job (MB)
	980764  -  ResidentSetSize of job (KB)
...
006 (8017966.1038.000) 2026-06-21 06:52:18 Image size of job updated: 985692
	963  -  MemoryUsage of job (MB)
	985692  -  ResidentSetSize of job (KB)
...
006 (8017966.1038.000) 2026-06-21 06:57:19 Image size of job updated: 986404
	964  -  MemoryUsage of job (MB)
	986404  -  ResidentSetSize of job (KB)
...
006 (8017966.1038.000) 2026-06-21 07:02:19 Image size of job updated: 989736
	967  -  MemoryUsage of job (MB)
	989736  -  ResidentSetSize of job (KB)
...
006 (8017966.1038.000) 2026-06-21 07:07:19 Image size of job updated: 992796
	967  -  MemoryUsage of job (MB)
	989736  -  ResidentSetSize of job (KB)
...
040 (8017966.1038.000) 2026-06-21 07:08:52 Started transferring output files
...
040 (8017966.1038.000) 2026-06-21 07:08:52 Finished transferring output files
...
005 (8017966.1038.000) 2026-06-21 07:08:53 Job terminated.
	(1) Normal termination (return value 0)
		Usr 0 00:47:10, Sys 0 00:28:47  -  Run Remote Usage
		Usr 0 00:00:00, Sys 0 00:00:00  -  Run Local Usage
		Usr 0 00:47:10, Sys 0 00:28:47  -  Total Remote Usage
		Usr 0 00:00:00, Sys 0 00:00:00  -  Total Local Usage
	2607303  -  Run Bytes Sent By Job
	2782748647  -  Run Bytes Received By Job
	2607303  -  Total Bytes Sent By Job
	2782748647  -  Total Bytes Received By Job
	Partitionable Resources :      Usage  Request Allocated Assigned
	   Cpus                 :       1.69        1         1 
	   Disk (KB)            : 2730119    16777216  16777216 
	   GPUs                 :       0.90        1         1 "GPU-84e64351"
	   GpusMemory (MB)      :    6772                       
	   IoHeavy              :                             0 
	   Memory (MB)          :     967       16384     16384 
	   TimeExecute (s)      :    2805                       
	   TimeSlotBusy (s)     :    2815                       
...
