000 (8017966.275.000) 2026-06-20 22:07:54 Job submitted from host: <128.105.68.112:9618?addrs=128.105.68.112-9618+[2607-f388-2200-100-eaeb-d3ff-fea3-4202]-9618&alias=ap2001.chtc.wisc.edu&noUDP&sock=schedd_4071840_2329>
...
040 (8017966.275.000) 2026-06-21 00:56:50 Started transferring input files
	Transferring to host: <128.105.76.51:9618?addrs=128.105.76.51-9618+[2607-f388-2200-100-925a-8ff-fe34-15b6]-9618&alias=zliu-chtcgpu5000.chtc.wisc.edu&noUDP&sock=backfill1_6_98764_ec29_36854>
...
040 (8017966.275.000) 2026-06-21 00:57:02 Finished transferring input files
...
001 (8017966.275.000) 2026-06-21 00:57:02 Job executing on host: <128.105.76.51:9618?addrs=128.105.76.51-9618+[2607-f388-2200-100-925a-8ff-fe34-15b6]-9618&alias=zliu-chtcgpu5000.chtc.wisc.edu&noUDP&sock=startd_98388_901b>
	SlotName: backfill1_6@zliu-chtcgpu5000.chtc.wisc.edu
	AvailableGPUs = { GPUs_GPU_b461f91e }
	CondorScratchDir = "/var/lib/condor/execute/slot1/dir_3183757/scratch"
	Cpus = 1
	Disk = 16777216
	GPUs = 1
	GPUs_GPU_b461f91e = [ Id = "GPU-b461f91e"; Capability = 8.9; DeviceName = "NVIDIA L40S"; DeviceUuid = "b461f91e-76c3-db55-2514-d420e82252f3"; ECCEnabled = true; NvidiaDriver = "590.48.01"; DriverVersion = 13.1; DevicePciBusId = "0000:01:00.0"; GlobalMemoryMb = 45460; MaxSupportedVersion = 13010 ]
	IoHeavy = 0
	Memory = 16384
...
006 (8017966.275.000) 2026-06-21 00:57:11 Image size of job updated: 493844
	483  -  MemoryUsage of job (MB)
	493844  -  ResidentSetSize of job (KB)
...
006 (8017966.275.000) 2026-06-21 01:02:11 Image size of job updated: 1005268
	981  -  MemoryUsage of job (MB)
	1004112  -  ResidentSetSize of job (KB)
...
006 (8017966.275.000) 2026-06-21 01:07:12 Image size of job updated: 1007776
	985  -  MemoryUsage of job (MB)
	1007776  -  ResidentSetSize of job (KB)
...
006 (8017966.275.000) 2026-06-21 01:12:13 Image size of job updated: 1015028
	992  -  MemoryUsage of job (MB)
	1015028  -  ResidentSetSize of job (KB)
...
006 (8017966.275.000) 2026-06-21 01:17:13 Image size of job updated: 1021664
	998  -  MemoryUsage of job (MB)
	1021664  -  ResidentSetSize of job (KB)
...
006 (8017966.275.000) 2026-06-21 01:22:14 Image size of job updated: 1027632
	1004  -  MemoryUsage of job (MB)
	1027632  -  ResidentSetSize of job (KB)
...
006 (8017966.275.000) 2026-06-21 01:27:14 Image size of job updated: 1037400
	1014  -  MemoryUsage of job (MB)
	1037400  -  ResidentSetSize of job (KB)
...
006 (8017966.275.000) 2026-06-21 01:32:15 Image size of job updated: 1042472
	1019  -  MemoryUsage of job (MB)
	1042472  -  ResidentSetSize of job (KB)
...
040 (8017966.275.000) 2026-06-21 01:34:45 Started transferring output files
...
040 (8017966.275.000) 2026-06-21 01:34:45 Finished transferring output files
...
005 (8017966.275.000) 2026-06-21 01:34:46 Job terminated.
	(1) Normal termination (return value 0)
		Usr 0 00:38:05, Sys 0 01:47:02  -  Run Remote Usage
		Usr 0 00:00:00, Sys 0 00:00:00  -  Run Local Usage
		Usr 0 00:38:05, Sys 0 01:47:02  -  Total Remote Usage
		Usr 0 00:00:00, Sys 0 00:00:00  -  Total Local Usage
	2614446  -  Run Bytes Sent By Job
	2782710923  -  Run Bytes Received By Job
	2614446  -  Total Bytes Sent By Job
	2782710923  -  Total Bytes Received By Job
	Partitionable Resources :      Usage  Request Allocated Assigned
	   Cpus                 :       0.99        1         1 
	   Disk (KB)            : 2729812    16777216  16777216 
	   GPUs                 :       0.82        1         1 "GPU-b461f91e"
	   GpusMemory (MB)      :    6806                       
	   IoHeavy              :                             0 
	   Memory (MB)          :    1019       16384     16384 
	   TimeExecute (s)      :    2263                       
	   TimeSlotBusy (s)     :    2275                       
...
