000 (8017966.875.000) 2026-06-20 22:07:54 Job submitted from host: <128.105.68.112:9618?addrs=128.105.68.112-9618+[2607-f388-2200-100-eaeb-d3ff-fea3-4202]-9618&alias=ap2001.chtc.wisc.edu&noUDP&sock=schedd_4071840_2329>
...
040 (8017966.875.000) 2026-06-21 05:11:15 Started transferring input files
	Transferring to host: <10.32.89.21:36021?CCBID=128.105.82.148:9618%3faddrs%3d128.105.82.148-9618+[2607-f388-2200-9d-7ccb-bc08-2489-768a]-9618%26alias%3dospool-ccb.osg.chtc.io%26noUDP%26sock%3dcollector8#4309714%2067.58.49.91:9618%3faddrs%3d67.58.49.91-9618+[fdf0-17b3-c3ec-1f79-10-0-e-b69d]-9618%26alias%3dccb-2.ospool.osg-htc.org%26noUDP%26sock%3dcollector6#4303051&PrivNet=qa-rtx6k-024.crc.nd.edu&addrs=10.32.89.21-36021&alias=qa-rtx6k-024.crc.nd.edu&noUDP>
...
040 (8017966.875.000) 2026-06-21 05:11:51 Finished transferring input files
...
021 (8017966.875.000) 2026-06-21 05:11:52 Message from starter on slot1_1@glidein_243219_277352497@qa-rtx6k-024.crc.nd.edu:
	PREPARE_JOB (prepare-hook) succeeded (reported status 000): Using Singularity image openfe_1.11.1.sif
...
001 (8017966.875.000) 2026-06-21 05:11:52 Job executing on host: <10.32.89.21:42237?CCBID=128.105.82.148:9618%3faddrs%3d128.105.82.148-9618+[2607-f388-2200-9d-7ccb-bc08-2489-768a]-9618%26alias%3dospool-ccb.osg.chtc.io%26noUDP%26sock%3dcollector8#4289122%2067.58.49.91:9618%3faddrs%3d67.58.49.91-9618+[fdf0-17b3-c3ec-1f79-10-0-e-b69d]-9618%26alias%3dccb-2.ospool.osg-htc.org%26noUDP%26sock%3dcollector4#4278232&PrivNet=qa-rtx6k-024.crc.nd.edu&addrs=10.32.89.21-42237&alias=qa-rtx6k-024.crc.nd.edu&noUDP>
	SlotName: slot1_1@glidein_243219_277352497@qa-rtx6k-024.crc.nd.edu
	AvailableGPUs = { GPUs_GPU_c97ab239 }
	CondorScratchDir = "/var/condor/execute/dir_243217/glide_fUCZmz/execute/dir_677865/scratch"
	Cpus = 1
	Disk = 16777216
	GPUs = 1
	GPUs_GPU_c97ab239 = [ Id = "GPU-c97ab239"; ClockMhz = 1620.0; Capability = 7.5; CoresPerCU = 64; DeviceName = "Quadro RTX 6000"; DeviceUuid = "c97ab239-65ed-cb55-ca74-7a5e06dd310d"; ECCEnabled = true; ComputeUnits = 72; NvidiaDriver = "595.71.05"; DriverVersion = 13.2; DevicePciBusId = "0000:06:00.0"; GlobalMemoryMb = 22684; MaxSupportedVersion = 13020 ]
	Memory = 16384
...
006 (8017966.875.000) 2026-06-21 05:12:01 Image size of job updated: 58304
	6  -  MemoryUsage of job (MB)
	5692  -  ResidentSetSize of job (KB)
...
006 (8017966.875.000) 2026-06-21 05:17:01 Image size of job updated: 24672316
	2301  -  MemoryUsage of job (MB)
	2355224  -  ResidentSetSize of job (KB)
...
006 (8017966.875.000) 2026-06-21 05:27:02 Image size of job updated: 24674224
	2306  -  MemoryUsage of job (MB)
	2360580  -  ResidentSetSize of job (KB)
...
006 (8017966.875.000) 2026-06-21 05:32:03 Image size of job updated: 24682080
	2333  -  MemoryUsage of job (MB)
	2388632  -  ResidentSetSize of job (KB)
...
006 (8017966.875.000) 2026-06-21 05:37:03 Image size of job updated: 24684672
	2336  -  MemoryUsage of job (MB)
	2391896  -  ResidentSetSize of job (KB)
...
006 (8017966.875.000) 2026-06-21 05:42:04 Image size of job updated: 24687688
	2340  -  MemoryUsage of job (MB)
	2395928  -  ResidentSetSize of job (KB)
...
006 (8017966.875.000) 2026-06-21 05:47:06 Image size of job updated: 24689140
	2342  -  MemoryUsage of job (MB)
	2397848  -  ResidentSetSize of job (KB)
...
006 (8017966.875.000) 2026-06-21 05:52:06 Image size of job updated: 24692968
	2346  -  MemoryUsage of job (MB)
	2401688  -  ResidentSetSize of job (KB)
...
006 (8017966.875.000) 2026-06-21 05:57:07 Image size of job updated: 24697132
	2350  -  MemoryUsage of job (MB)
	2405720  -  ResidentSetSize of job (KB)
...
006 (8017966.875.000) 2026-06-21 06:02:07 Image size of job updated: 24700412
	2353  -  MemoryUsage of job (MB)
	2409176  -  ResidentSetSize of job (KB)
...
006 (8017966.875.000) 2026-06-21 06:07:08 Image size of job updated: 24706068
	2359  -  MemoryUsage of job (MB)
	2414744  -  ResidentSetSize of job (KB)
...
006 (8017966.875.000) 2026-06-21 06:12:08 Image size of job updated: 24706732
	2359  -  MemoryUsage of job (MB)
	2415320  -  ResidentSetSize of job (KB)
...
006 (8017966.875.000) 2026-06-21 06:17:09 Image size of job updated: 24711616
	2364  -  MemoryUsage of job (MB)
	2420432  -  ResidentSetSize of job (KB)
...
040 (8017966.875.000) 2026-06-21 06:25:10 Started transferring output files
...
040 (8017966.875.000) 2026-06-21 06:25:10 Finished transferring output files
...
005 (8017966.875.000) 2026-06-21 06:25:10 Job terminated.
	(1) Normal termination (return value 0)
		Usr 0 01:13:19, Sys 0 00:03:18  -  Run Remote Usage
		Usr 0 00:00:00, Sys 0 00:00:00  -  Run Local Usage
		Usr 0 01:13:19, Sys 0 00:03:18  -  Total Remote Usage
		Usr 0 00:00:00, Sys 0 00:00:00  -  Total Local Usage
	1289831  -  Run Bytes Sent By Job
	2781857245  -  Run Bytes Received By Job
	1289831  -  Total Bytes Sent By Job
	2781857245  -  Total Bytes Received By Job
	Partitionable Resources :      Usage  Request Allocated Assigned
	   Cpus                 :       1.00        1         1 
	   Disk (KB)            : 2728187    16777216  16777216 
	   GPUs                 :       0.91        1         1 "GPU-c97ab239"
	   GpusMemory (MB)      :    2787                       
	   Memory (MB)          :    2364       16384     16384 
	   TimeExecute (s)      :    4398                       
	   TimeSlotBusy (s)     :    4436                       
...
