000 (8017966.927.000) 2026-06-20 22:07:54 Job submitted from host: <128.105.68.112:9618?addrs=128.105.68.112-9618+[2607-f388-2200-100-eaeb-d3ff-fea3-4202]-9618&alias=ap2001.chtc.wisc.edu&noUDP&sock=schedd_4071840_2329>
...
040 (8017966.927.000) 2026-06-21 05:36:02 Started transferring input files
	Transferring to host: <128.104.100.52:9618?addrs=128.104.100.52-9618+[2607-f388-107c-501-7ec2-55ff-fe99-a48c]-9618&alias=jcaicedogpu0000.chtc.wisc.edu&noUDP&sock=backfill1_7_12267_f60c_8352>
...
040 (8017966.927.000) 2026-06-21 05:36:32 Finished transferring input files
...
001 (8017966.927.000) 2026-06-21 05:36:32 Job executing on host: <128.104.100.52:9618?addrs=128.104.100.52-9618+[2607-f388-107c-501-7ec2-55ff-fe99-a48c]-9618&alias=jcaicedogpu0000.chtc.wisc.edu&noUDP&sock=startd_10725_0952>
	SlotName: backfill1_7@jcaicedogpu0000.chtc.wisc.edu
	AvailableGPUs = { GPUs_GPU_0a287bea }
	CondorScratchDir = "/var/lib/condor/execute/slot1/dir_3243206/scratch"
	Cpus = 1
	Disk = 16777216
	GPUs = 1
	GPUs_GPU_0a287bea = [ Id = "GPU-0a287bea"; Capability = 8.9; DeviceName = "NVIDIA L40"; DeviceUuid = "0a287bea-445d-5580-6326-29b4c887c311"; ECCEnabled = true; NvidiaDriver = "570.195.03"; DriverVersion = 12.8; DevicePciBusId = "0000:56:00.0"; GlobalMemoryMb = 45468; MaxSupportedVersion = 12080 ]
	IoHeavy = 0
	Memory = 16384
...
006 (8017966.927.000) 2026-06-21 05:36:41 Image size of job updated: 451188
	441  -  MemoryUsage of job (MB)
	451188  -  ResidentSetSize of job (KB)
...
006 (8017966.927.000) 2026-06-21 05:41:42 Image size of job updated: 961964
	939  -  MemoryUsage of job (MB)
	960528  -  ResidentSetSize of job (KB)
...
006 (8017966.927.000) 2026-06-21 05:46:42 Image size of job updated: 963528
	941  -  MemoryUsage of job (MB)
	963528  -  ResidentSetSize of job (KB)
...
006 (8017966.927.000) 2026-06-21 05:51:42 Image size of job updated: 970884
	949  -  MemoryUsage of job (MB)
	970884  -  ResidentSetSize of job (KB)
...
006 (8017966.927.000) 2026-06-21 05:56:43 Image size of job updated: 976500
	954  -  MemoryUsage of job (MB)
	976500  -  ResidentSetSize of job (KB)
...
006 (8017966.927.000) 2026-06-21 06:01:43 Image size of job updated: 982180
	960  -  MemoryUsage of job (MB)
	982180  -  ResidentSetSize of job (KB)
...
006 (8017966.927.000) 2026-06-21 06:06:44 Image size of job updated: 991368
	969  -  MemoryUsage of job (MB)
	991368  -  ResidentSetSize of job (KB)
...
006 (8017966.927.000) 2026-06-21 06:11:45 Image size of job updated: 994916
	972  -  MemoryUsage of job (MB)
	994916  -  ResidentSetSize of job (KB)
...
040 (8017966.927.000) 2026-06-21 06:14:22 Started transferring output files
...
040 (8017966.927.000) 2026-06-21 06:14:22 Finished transferring output files
...
005 (8017966.927.000) 2026-06-21 06:14:23 Job terminated.
	(1) Normal termination (return value 0)
		Usr 0 00:38:15, Sys 0 00:15:34  -  Run Remote Usage
		Usr 0 00:00:00, Sys 0 00:00:00  -  Run Local Usage
		Usr 0 00:38:15, Sys 0 00:15:34  -  Total Remote Usage
		Usr 0 00:00:00, Sys 0 00:00:00  -  Total Local Usage
	2875472  -  Run Bytes Sent By Job
	2781775089  -  Run Bytes Received By Job
	2875472  -  Total Bytes Sent By Job
	2781775089  -  Total Bytes Received By Job
	Partitionable Resources :      Usage  Request Allocated Assigned
	   Cpus                 :       1.48        1         1 
	   Disk (KB)            : 2728927    16777216  16777216 
	   GPUs                 :       0.88        1         1 "GPU-0a287bea"
	   GpusMemory (MB)      :    6773                       
	   IoHeavy              :                             0 
	   Memory (MB)          :     972       16384     16384 
	   TimeExecute (s)      :    2270                       
	   TimeSlotBusy (s)     :    2301                       
...
