000 (8017966.263.000) 2026-06-20 22:07:54 Job submitted from host: <128.105.68.112:9618?addrs=128.105.68.112-9618+[2607-f388-2200-100-eaeb-d3ff-fea3-4202]-9618&alias=ap2001.chtc.wisc.edu&noUDP&sock=schedd_4071840_2329>
...
040 (8017966.263.000) 2026-06-21 00:45:23 Started transferring input files
	Transferring to host: <128.105.76.38:9618?addrs=128.105.76.38-9618+[2607-f388-2200-100-e29d-73ff-fe7b-534e]-9618&alias=mrudolphgpu4000.chtc.wisc.edu&noUDP&sock=backfill1_3_2520286_3b90_81145>
...
040 (8017966.263.000) 2026-06-21 00:45:35 Finished transferring input files
...
001 (8017966.263.000) 2026-06-21 00:45:35 Job executing on host: <128.105.76.38:9618?addrs=128.105.76.38-9618+[2607-f388-2200-100-e29d-73ff-fe7b-534e]-9618&alias=mrudolphgpu4000.chtc.wisc.edu&noUDP&sock=startd_17841_0541>
	SlotName: backfill1_3@mrudolphgpu4000.chtc.wisc.edu
	AvailableGPUs = { GPUs_GPU_9f5b761a }
	CondorScratchDir = "/var/lib/condor/execute/slot1/dir_4131369/scratch"
	Cpus = 1
	Disk = 16777216
	GPUs = 1
	GPUs_GPU_9f5b761a = [ Id = "GPU-9f5b761a"; Capability = 9.0; DeviceName = "NVIDIA H200"; DeviceUuid = "9f5b761a-0de5-574f-cae1-055469ac223e"; ECCEnabled = true; NvidiaDriver = "570.195.03"; DriverVersion = 12.8; DevicePciBusId = "0000:CB:00.0"; GlobalMemoryMb = 143166; MaxSupportedVersion = 12080 ]
	IoHeavy = 0
	Memory = 16384
...
006 (8017966.263.000) 2026-06-21 00:45:44 Image size of job updated: 455572
	445  -  MemoryUsage of job (MB)
	455572  -  ResidentSetSize of job (KB)
...
006 (8017966.263.000) 2026-06-21 00:50:45 Image size of job updated: 972236
	948  -  MemoryUsage of job (MB)
	969992  -  ResidentSetSize of job (KB)
...
006 (8017966.263.000) 2026-06-21 00:55:45 Image size of job updated: 973080
	951  -  MemoryUsage of job (MB)
	973080  -  ResidentSetSize of job (KB)
...
006 (8017966.263.000) 2026-06-21 01:00:46 Image size of job updated: 978608
	956  -  MemoryUsage of job (MB)
	978556  -  ResidentSetSize of job (KB)
...
006 (8017966.263.000) 2026-06-21 01:05:46 Image size of job updated: 984344
	962  -  MemoryUsage of job (MB)
	984344  -  ResidentSetSize of job (KB)
...
006 (8017966.263.000) 2026-06-21 01:10:46 Image size of job updated: 989700
	967  -  MemoryUsage of job (MB)
	989700  -  ResidentSetSize of job (KB)
...
006 (8017966.263.000) 2026-06-21 01:15:47 Image size of job updated: 995668
	973  -  MemoryUsage of job (MB)
	995668  -  ResidentSetSize of job (KB)
...
006 (8017966.263.000) 2026-06-21 01:20:47 Image size of job updated: 1003764
	981  -  MemoryUsage of job (MB)
	1003764  -  ResidentSetSize of job (KB)
...
040 (8017966.263.000) 2026-06-21 01:26:48 Started transferring output files
...
040 (8017966.263.000) 2026-06-21 01:26:48 Finished transferring output files
...
005 (8017966.263.000) 2026-06-21 01:26:49 Job terminated.
	(1) Normal termination (return value 0)
		Usr 0 00:41:32, Sys 0 00:52:45  -  Run Remote Usage
		Usr 0 00:00:00, Sys 0 00:00:00  -  Run Local Usage
		Usr 0 00:41:32, Sys 0 00:52:45  -  Total Remote Usage
		Usr 0 00:00:00, Sys 0 00:00:00  -  Total Local Usage
	2623702  -  Run Bytes Sent By Job
	2781798920  -  Run Bytes Received By Job
	2623702  -  Total Bytes Sent By Job
	2781798920  -  Total Bytes Received By Job
	Partitionable Resources :      Usage  Request Allocated Assigned
	   Cpus                 :       2.76        1         1 
	   Disk (KB)            : 2729556    16777216  16777216 
	   GPUs                 :       0.88        1         1 "GPU-9f5b761a"
	   GpusMemory (MB)      :    8092                       
	   IoHeavy              :                             0 
	   Memory (MB)          :     981       16384     16384 
	   TimeExecute (s)      :    2473                       
	   TimeSlotBusy (s)     :    2485                       
...
