000 (8017966.103.000) 2026-06-20 22:07:54 Job submitted from host: <128.105.68.112:9618?addrs=128.105.68.112-9618+[2607-f388-2200-100-eaeb-d3ff-fea3-4202]-9618&alias=ap2001.chtc.wisc.edu&noUDP&sock=schedd_4071840_2329>
...
040 (8017966.103.000) 2026-06-20 23:11:34 Started transferring input files
	Transferring to host: <10.196.31.14:34517?CCBID=128.105.82.148:9618%3faddrs%3d128.105.82.148-9618+[2607-f388-2200-9d-7ccb-bc08-2489-768a]-9618%26alias%3dospool-ccb.osg.chtc.io%26noUDP%26sock%3dcollector6#4290103%2067.58.49.91:9618%3faddrs%3d67.58.49.91-9618+[fdf0-17b3-c3ec-1f79-10-0-e-b69d]-9618%26alias%3dccb-2.ospool.osg-htc.org%26noUDP%26sock%3dcollector6#4283456&PrivNet=epyc04&addrs=10.196.31.14-34517&alias=epyc04&noUDP>
...
040 (8017966.103.000) 2026-06-20 23:12:30 Finished transferring input files
...
021 (8017966.103.000) 2026-06-20 23:12:32 Message from starter on slot1_19@glidein_2445812_695748014@epyc04:
	PREPARE_JOB (prepare-hook) succeeded (reported status 000): Using Singularity image openfe_1.11.1.sif
...
001 (8017966.103.000) 2026-06-20 23:12:32 Job executing on host: <10.196.31.14:41979?CCBID=128.105.82.148:9618%3faddrs%3d128.105.82.148-9618+[2607-f388-2200-9d-7ccb-bc08-2489-768a]-9618%26alias%3dospool-ccb.osg.chtc.io%26noUDP%26sock%3dcollector3#4101556%2067.58.49.91:9618%3faddrs%3d67.58.49.91-9618+[fdf0-17b3-c3ec-1f79-10-0-e-b69d]-9618%26alias%3dccb-2.ospool.osg-htc.org%26noUDP%26sock%3dcollector5#4094372&PrivNet=epyc04&addrs=10.196.31.14-41979&alias=epyc04&noUDP>
	SlotName: slot1_19@glidein_2445812_695748014@epyc04
	AvailableGPUs = { GPUs_GPU_a0ddaaf5 }
	CondorScratchDir = "/mnt/internal/osg01/glide_EpsNZ7/execute/dir_2081541/scratch"
	Cpus = 1
	Disk = 16777216
	GPUs = 1
	GPUs_GPU_a0ddaaf5 = [ Id = "GPU-a0ddaaf5"; ClockMhz = 1410.0; Capability = 8.0; CoresPerCU = 64; DeviceName = "NVIDIA A100 80GB PCIe"; DeviceUuid = "a0ddaaf5-9a7f-5b32-0588-8355a28d2bd7"; ECCEnabled = true; ComputeUnits = 108; NvidiaDriver = "595.71.05"; DriverVersion = 13.2; DevicePciBusId = "0000:A1:00.0"; GlobalMemoryMb = 81153; MaxSupportedVersion = 13020 ]
	Memory = 16384
...
006 (8017966.103.000) 2026-06-20 23:12:41 Image size of job updated: 4
	6  -  MemoryUsage of job (MB)
	5360  -  ResidentSetSize of job (KB)
...
006 (8017966.103.000) 2026-06-20 23:17:41 Image size of job updated: 38305104
	2314  -  MemoryUsage of job (MB)
	2368840  -  ResidentSetSize of job (KB)
...
006 (8017966.103.000) 2026-06-20 23:27:42 Image size of job updated: 38309116
	2318  -  MemoryUsage of job (MB)
	2372936  -  ResidentSetSize of job (KB)
...
006 (8017966.103.000) 2026-06-20 23:32:43 Image size of job updated: 38312688
	2322  -  MemoryUsage of job (MB)
	2377032  -  ResidentSetSize of job (KB)
...
006 (8017966.103.000) 2026-06-20 23:37:43 Image size of job updated: 38315328
	2324  -  MemoryUsage of job (MB)
	2379080  -  ResidentSetSize of job (KB)
...
006 (8017966.103.000) 2026-06-20 23:42:44 Image size of job updated: 38319888
	2328  -  MemoryUsage of job (MB)
	2383176  -  ResidentSetSize of job (KB)
...
006 (8017966.103.000) 2026-06-20 23:47:44 Image size of job updated: 38323632
	2332  -  MemoryUsage of job (MB)
	2387272  -  ResidentSetSize of job (KB)
...
006 (8017966.103.000) 2026-06-20 23:52:45 Image size of job updated: 38327564
	2336  -  MemoryUsage of job (MB)
	2391368  -  ResidentSetSize of job (KB)
...
006 (8017966.103.000) 2026-06-20 23:57:45 Image size of job updated: 38332588
	2340  -  MemoryUsage of job (MB)
	2395464  -  ResidentSetSize of job (KB)
...
006 (8017966.103.000) 2026-06-21 00:02:46 Image size of job updated: 38337824
	2345  -  MemoryUsage of job (MB)
	2400584  -  ResidentSetSize of job (KB)
...
006 (8017966.103.000) 2026-06-21 00:07:46 Image size of job updated: 38340852
	2347  -  MemoryUsage of job (MB)
	2402632  -  ResidentSetSize of job (KB)
...
006 (8017966.103.000) 2026-06-21 00:12:47 Image size of job updated: 38342312
	2347  -  MemoryUsage of job (MB)
	2402632  -  ResidentSetSize of job (KB)
...
040 (8017966.103.000) 2026-06-21 00:16:23 Started transferring output files
...
040 (8017966.103.000) 2026-06-21 00:16:23 Finished transferring output files
...
005 (8017966.103.000) 2026-06-21 00:16:24 Job terminated.
	(1) Normal termination (return value 0)
		Usr 0 01:02:17, Sys 0 00:10:02  -  Run Remote Usage
		Usr 0 00:00:00, Sys 0 00:00:00  -  Run Local Usage
		Usr 0 01:02:17, Sys 0 00:10:02  -  Total Remote Usage
		Usr 0 00:00:00, Sys 0 00:00:00  -  Total Local Usage
	987115  -  Run Bytes Sent By Job
	2782740096  -  Run Bytes Received By Job
	987115  -  Total Bytes Sent By Job
	2782740096  -  Total Bytes Received By Job
	Partitionable Resources :      Usage  Request Allocated Assigned
	   Cpus                 :       0.99        1         1 
	   Disk (KB)            : 2728678    16777216  16777216 
	   GPUs                 :       0.84        1         1 "GPU-a0ddaaf5"
	   GpusMemory (MB)      :    6829                       
	   Memory (MB)          :    2347       16384     16384 
	   TimeExecute (s)      :    3831                       
	   TimeSlotBusy (s)     :    3890                       
...
