000 (8017966.1022.000) 2026-06-20 22:07:54 Job submitted from host: <128.105.68.112:9618?addrs=128.105.68.112-9618+[2607-f388-2200-100-eaeb-d3ff-fea3-4202]-9618&alias=ap2001.chtc.wisc.edu&noUDP&sock=schedd_4071840_2329>
...
040 (8017966.1022.000) 2026-06-21 06:16:30 Started transferring input files
	Transferring to host: <128.105.76.51:9618?addrs=128.105.76.51-9618+[2607-f388-2200-100-925a-8ff-fe34-15b6]-9618&alias=zliu-chtcgpu5000.chtc.wisc.edu&noUDP&sock=backfill1_4_98764_ec29_37465>
...
040 (8017966.1022.000) 2026-06-21 06:16:41 Finished transferring input files
...
001 (8017966.1022.000) 2026-06-21 06:16:41 Job executing on host: <128.105.76.51:9618?addrs=128.105.76.51-9618+[2607-f388-2200-100-925a-8ff-fe34-15b6]-9618&alias=zliu-chtcgpu5000.chtc.wisc.edu&noUDP&sock=startd_98388_901b>
	SlotName: backfill1_4@zliu-chtcgpu5000.chtc.wisc.edu
	AvailableGPUs = { GPUs_GPU_ad6fd700 }
	CondorScratchDir = "/var/lib/condor/execute/slot1/dir_3456432/scratch"
	Cpus = 1
	Disk = 16777216
	GPUs = 1
	GPUs_GPU_ad6fd700 = [ Id = "GPU-ad6fd700"; Capability = 8.9; DeviceName = "NVIDIA L40S"; DeviceUuid = "ad6fd700-031e-f4f7-18cc-4d9383583651"; ECCEnabled = true; NvidiaDriver = "590.48.01"; DriverVersion = 13.1; DevicePciBusId = "0000:61:00.0"; GlobalMemoryMb = 45460; MaxSupportedVersion = 13010 ]
	IoHeavy = 0
	Memory = 16384
...
006 (8017966.1022.000) 2026-06-21 06:16:50 Image size of job updated: 498668
	487  -  MemoryUsage of job (MB)
	498668  -  ResidentSetSize of job (KB)
...
006 (8017966.1022.000) 2026-06-21 06:21:51 Image size of job updated: 1023016
	998  -  MemoryUsage of job (MB)
	1021800  -  ResidentSetSize of job (KB)
...
006 (8017966.1022.000) 2026-06-21 06:26:51 Image size of job updated: 1023436
	1000  -  MemoryUsage of job (MB)
	1023436  -  ResidentSetSize of job (KB)
...
006 (8017966.1022.000) 2026-06-21 06:31:52 Image size of job updated: 1041484
	1018  -  MemoryUsage of job (MB)
	1041484  -  ResidentSetSize of job (KB)
...
006 (8017966.1022.000) 2026-06-21 06:36:52 Image size of job updated: 1046848
	1023  -  MemoryUsage of job (MB)
	1046848  -  ResidentSetSize of job (KB)
...
006 (8017966.1022.000) 2026-06-21 06:41:53 Image size of job updated: 1052496
	1028  -  MemoryUsage of job (MB)
	1052496  -  ResidentSetSize of job (KB)
...
006 (8017966.1022.000) 2026-06-21 06:46:54 Image size of job updated: 1056128
	1032  -  MemoryUsage of job (MB)
	1056128  -  ResidentSetSize of job (KB)
...
006 (8017966.1022.000) 2026-06-21 06:51:54 Image size of job updated: 1061728
	1037  -  MemoryUsage of job (MB)
	1061728  -  ResidentSetSize of job (KB)
...
006 (8017966.1022.000) 2026-06-21 06:56:55 Image size of job updated: 1067708
	1043  -  MemoryUsage of job (MB)
	1067708  -  ResidentSetSize of job (KB)
...
006 (8017966.1022.000) 2026-06-21 07:01:55 Image size of job updated: 1073244
	1049  -  MemoryUsage of job (MB)
	1073244  -  ResidentSetSize of job (KB)
...
006 (8017966.1022.000) 2026-06-21 07:06:56 Image size of job updated: 1075984
	1049  -  MemoryUsage of job (MB)
	1073244  -  ResidentSetSize of job (KB)
...
040 (8017966.1022.000) 2026-06-21 07:14:33 Started transferring output files
...
040 (8017966.1022.000) 2026-06-21 07:14:33 Finished transferring output files
...
005 (8017966.1022.000) 2026-06-21 07:14:34 Job terminated.
	(1) Normal termination (return value 0)
		Usr 0 00:58:25, Sys 0 02:04:42  -  Run Remote Usage
		Usr 0 00:00:00, Sys 0 00:00:00  -  Run Local Usage
		Usr 0 00:58:25, Sys 0 02:04:42  -  Total Remote Usage
		Usr 0 00:00:00, Sys 0 00:00:00  -  Total Local Usage
	2713237  -  Run Bytes Sent By Job
	2781821894  -  Run Bytes Received By Job
	2713237  -  Total Bytes Sent By Job
	2781821894  -  Total Bytes Received By Job
	Partitionable Resources :      Usage  Request Allocated Assigned
	   Cpus                 :       0.99        1         1 
	   Disk (KB)            : 2729916    16777216  16777216 
	   GPUs                 :       0.75        1         1 "GPU-ad6fd700"
	   GpusMemory (MB)      :    6808                       
	   IoHeavy              :                             0 
	   Memory (MB)          :    1049       16384     16384 
	   TimeExecute (s)      :    3472                       
	   TimeSlotBusy (s)     :    3484                       
...
