000 (8180963.330.000) 2026-06-24 12:19:47 Job submitted from host: <128.105.68.112:9618?addrs=128.105.68.112-9618+[2607-f388-2200-100-eaeb-d3ff-fea3-4202]-9618&alias=ap2001.chtc.wisc.edu&noUDP&sock=schedd_4071840_2329>
...
040 (8180963.330.000) 2026-06-25 00:13:40 Started transferring input files
	Transferring to host: <128.104.100.52:9618?addrs=128.104.100.52-9618+[2607-f388-107c-501-7ec2-55ff-fe99-a48c]-9618&alias=jcaicedogpu0000.chtc.wisc.edu&noUDP&sock=backfill1_6_12267_f60c_19495>
...
040 (8180963.330.000) 2026-06-25 00:16:02 Finished transferring input files
...
001 (8180963.330.000) 2026-06-25 00:16:02 Job executing on host: <128.104.100.52:9618?addrs=128.104.100.52-9618+[2607-f388-107c-501-7ec2-55ff-fe99-a48c]-9618&alias=jcaicedogpu0000.chtc.wisc.edu&noUDP&sock=startd_10725_0952>
	SlotName: backfill1_6@jcaicedogpu0000.chtc.wisc.edu
	AvailableGPUs = { GPUs_GPU_29f7db6c }
	CondorScratchDir = "/var/lib/condor/execute/slot1/dir_4189257/scratch"
	Cpus = 1
	Disk = 16777216
	GPUs = 1
	GPUs_GPU_29f7db6c = [ Id = "GPU-29f7db6c"; Capability = 8.9; DeviceName = "NVIDIA L40"; DeviceUuid = "29f7db6c-70b1-c03e-ec02-15769179123a"; ECCEnabled = true; NvidiaDriver = "570.195.03"; DriverVersion = 12.8; DevicePciBusId = "0000:57:00.0"; GlobalMemoryMb = 45468; MaxSupportedVersion = 12080 ]
	IoHeavy = 0
	Memory = 16384
...
006 (8180963.330.000) 2026-06-25 00:16:11 Image size of job updated: 403940
	395  -  MemoryUsage of job (MB)
	403940  -  ResidentSetSize of job (KB)
...
006 (8180963.330.000) 2026-06-25 00:16:19 Image size of job updated: 512596
	395  -  MemoryUsage of job (MB)
	404048  -  ResidentSetSize of job (KB)
...
040 (8180963.330.000) 2026-06-25 00:16:19 Started transferring output files
...
040 (8180963.330.000) 2026-06-25 00:16:19 Finished transferring output files
...
004 (8180963.330.000) 2026-06-25 00:16:19 Job was evicted.
	(0) Job terminated and was requeued
		Usr 0 00:00:14, Sys 0 00:00:01  -  Run Remote Usage
		Usr 0 00:00:00, Sys 0 00:00:00  -  Run Local Usage
	15663  -  Run Bytes Sent By Job
	2709441265  -  Run Bytes Received By Job
	(1) Normal termination (return value 1)
	The job attribute OnExitRemove expression 'NumJobCompletions > JobMaxRetries || ExitCode =?= 0' evaluated to FALSE
...
040 (8180963.330.000) 2026-06-25 00:17:50 Started transferring input files
	Transferring to host: <141.142.150.74:20383?CCBID=128.105.82.148:9618%3faddrs%3d128.105.82.148-9618+[2607-f388-2200-9d-7ccb-bc08-2489-7689]-9618%26alias%3dospool-ccb.osg.chtc.io%26noUDP%26sock%3dcollector9#4790391%2067.58.49.91:9618%3faddrs%3d67.58.49.91-9618+[fdf0-17b3-c3ec-1f79-10-0-d-2091]-9618%26alias%3dccb-2.ospool.osg-htc.org%26noUDP%26sock%3dcollector1#4781993&PrivNet=rails04&addrs=141.142.150.74-20383+[fde1-53ba-e9a0-de11-2dba-91e3-dd48-5c8a]-20383&alias=rails04&noUDP>
...
040 (8180963.330.000) 2026-06-25 00:18:10 Finished transferring input files
...
021 (8180963.330.000) 2026-06-25 00:18:12 Message from starter on slot1_1@glidein_3526677_718733946@rails04:
	PREPARE_JOB (prepare-hook) succeeded (reported status 000): Using Singularity image openfe_1.11.1.sif
...
001 (8180963.330.000) 2026-06-25 00:18:12 Job executing on host: <141.142.150.74:1513?CCBID=128.105.82.148:9618%3faddrs%3d128.105.82.148-9618+[2607-f388-2200-9d-7ccb-bc08-2489-7689]-9618%26alias%3dospool-ccb.osg.chtc.io%26noUDP%26sock%3dcollector3#4767811%2067.58.49.91:9618%3faddrs%3d67.58.49.91-9618+[fdf0-17b3-c3ec-1f79-10-0-d-2091]-9618%26alias%3dccb-2.ospool.osg-htc.org%26noUDP%26sock%3dcollector9#4760037&PrivNet=rails04&addrs=141.142.150.74-1513+[fde1-53ba-e9a0-de11-2dba-91e3-dd48-5c8a]-1513&alias=rails04&noUDP>
	SlotName: slot1_1@glidein_3526677_718733946@rails04
	AvailableGPUs = { GPUs_GPU_90c7ae82 }
	CondorScratchDir = "/projects/bcxl/svcosguser/glide_fgfoSw/execute/dir_919627/scratch"
	Cpus = 1
	Disk = 16777216
	GPUs = 1
	GPUs_GPU_90c7ae82 = [ Id = "GPU-90c7ae82"; ClockMhz = 1980.0; Capability = 9.0; CoresPerCU = 128; DeviceName = "NVIDIA H100 80GB HBM3"; DeviceUuid = "90c7ae82-9103-c748-6c92-d8849b68f1db"; ECCEnabled = true; ComputeUnits = 132; NvidiaDriver = "590.48.01"; DriverVersion = 13.1; DevicePciBusId = "0000:DB:00.0"; GlobalMemoryMb = 81081; MaxSupportedVersion = 13010 ]
	Memory = 16384
...
006 (8180963.330.000) 2026-06-25 00:18:43 Image size of job updated: 18271656
	476  -  MemoryUsage of job (MB)
	487420  -  ResidentSetSize of job (KB)
...
040 (8180963.330.000) 2026-06-25 00:18:44 Started transferring output files
...
040 (8180963.330.000) 2026-06-25 00:18:44 Finished transferring output files
...
004 (8180963.330.000) 2026-06-25 00:18:45 Job was evicted.
	(0) Job terminated and was requeued
		Usr 0 00:00:04, Sys 0 00:00:00  -  Run Remote Usage
		Usr 0 00:00:00, Sys 0 00:00:00  -  Run Local Usage
	10297  -  Run Bytes Sent By Job
	2781924081  -  Run Bytes Received By Job
	(1) Normal termination (return value 1)
	The job attribute OnExitRemove expression 'NumJobCompletions > JobMaxRetries || ExitCode =?= 0' evaluated to FALSE
...
040 (8180963.330.000) 2026-06-25 00:22:17 Started transferring input files
	Transferring to host: <198.86.180.15:45811?CCBID=128.105.82.148:9618%3faddrs%3d128.105.82.148-9618+[2607-f388-2200-9d-7ccb-bc08-2489-7689]-9618%26alias%3dospool-ccb.osg.chtc.io%26noUDP%26sock%3dcollector6#4792566%2067.58.49.91:9618%3faddrs%3d67.58.49.91-9618+[fdf0-17b3-c3ec-1f79-10-0-d-2091]-9618%26alias%3dccb-2.ospool.osg-htc.org%26noUDP%26sock%3dcollector2#4787702&PrivNet=compute-gpu-04&addrs=198.86.180.15-45811&alias=compute-gpu-04&noUDP>
...
040 (8180963.330.000) 2026-06-25 00:22:32 Finished transferring input files
...
021 (8180963.330.000) 2026-06-25 00:22:32 Message from starter on slot1_1@glidein_1481447_416005184@compute-gpu-04:
	PREPARE_JOB (prepare-hook) succeeded (reported status 000): Using Singularity image openfe_1.11.1.sif
...
001 (8180963.330.000) 2026-06-25 00:22:32 Job executing on host: <198.86.180.15:44793?CCBID=128.105.82.148:9618%3faddrs%3d128.105.82.148-9618+[2607-f388-2200-9d-7ccb-bc08-2489-7689]-9618%26alias%3dospool-ccb.osg.chtc.io%26noUDP%26sock%3dcollector7#4759569%2067.58.49.91:9618%3faddrs%3d67.58.49.91-9618+[fdf0-17b3-c3ec-1f79-10-0-d-2091]-9618%26alias%3dccb-2.ospool.osg-htc.org%26noUDP%26sock%3dcollector7#4755140&PrivNet=compute-gpu-04&addrs=198.86.180.15-44793&alias=compute-gpu-04&noUDP>
	SlotName: slot1_1@glidein_1481447_416005184@compute-gpu-04
	AvailableGPUs = { GPUs_GPU_5ae90b93 }
	CondorScratchDir = "/scratch/glide_cTQ0pT/execute/dir_2021665/scratch"
	Cpus = 1
	Disk = 16777216
	GPUs = 1
	GPUs_GPU_5ae90b93 = [ Id = "GPU-5ae90b93"; ClockMhz = 1980.0; Capability = 9.0; CoresPerCU = 128; DeviceName = "NVIDIA H200"; DeviceUuid = "5ae90b93-a3c0-a283-a527-563c7056fa34"; ECCEnabled = true; ComputeUnits = 132; NvidiaDriver = "580.126.20"; DriverVersion = 13.0; DevicePciBusId = "0000:CA:00.0"; GlobalMemoryMb = 143156; MaxSupportedVersion = 13000 ]
	Memory = 16384
...
040 (8180963.330.000) 2026-06-25 00:22:49 Started transferring output files
...
040 (8180963.330.000) 2026-06-25 00:22:49 Finished transferring output files
...
004 (8180963.330.000) 2026-06-25 00:22:50 Job was evicted.
	(0) Job terminated and was requeued
		Usr 0 00:00:04, Sys 0 00:00:00  -  Run Remote Usage
		Usr 0 00:00:00, Sys 0 00:00:00  -  Run Local Usage
	10296  -  Run Bytes Sent By Job
	2781924081  -  Run Bytes Received By Job
	(1) Normal termination (return value 1)
	The job attribute OnExitRemove expression 'NumJobCompletions > JobMaxRetries || ExitCode =?= 0' evaluated to FALSE
...
040 (8180963.330.000) 2026-06-25 00:23:48 Started transferring input files
	Transferring to host: <198.86.180.15:34673?CCBID=128.105.82.148:9618%3faddrs%3d128.105.82.148-9618+[2607-f388-2200-9d-7ccb-bc08-2489-7689]-9618%26alias%3dospool-ccb.osg.chtc.io%26noUDP%26sock%3dcollector5#4785043%2067.58.49.91:9618%3faddrs%3d67.58.49.91-9618+[fdf0-17b3-c3ec-1f79-10-0-d-2091]-9618%26alias%3dccb-2.ospool.osg-htc.org%26noUDP%26sock%3dcollector1#4782960&PrivNet=compute-gpu-04&addrs=198.86.180.15-34673&alias=compute-gpu-04&noUDP>
...
040 (8180963.330.000) 2026-06-25 00:37:55 Finished transferring input files
...
021 (8180963.330.000) 2026-06-25 00:37:55 Message from starter on slot1_1@glidein_1481447_416005184@compute-gpu-04:
	PREPARE_JOB (prepare-hook) succeeded (reported status 000): Using Singularity image openfe_1.11.1.sif
...
001 (8180963.330.000) 2026-06-25 00:37:55 Job executing on host: <198.86.180.15:44793?CCBID=128.105.82.148:9618%3faddrs%3d128.105.82.148-9618+[2607-f388-2200-9d-7ccb-bc08-2489-7689]-9618%26alias%3dospool-ccb.osg.chtc.io%26noUDP%26sock%3dcollector7#4759569%2067.58.49.91:9618%3faddrs%3d67.58.49.91-9618+[fdf0-17b3-c3ec-1f79-10-0-d-2091]-9618%26alias%3dccb-2.ospool.osg-htc.org%26noUDP%26sock%3dcollector7#4755140&PrivNet=compute-gpu-04&addrs=198.86.180.15-44793&alias=compute-gpu-04&noUDP>
	SlotName: slot1_1@glidein_1481447_416005184@compute-gpu-04
	AvailableGPUs = { GPUs_GPU_5ae90b93 }
	CondorScratchDir = "/scratch/glide_cTQ0pT/execute/dir_2023632/scratch"
	Cpus = 1
	Disk = 16777216
	GPUs = 1
	GPUs_GPU_5ae90b93 = [ Id = "GPU-5ae90b93"; ClockMhz = 1980.0; Capability = 9.0; CoresPerCU = 128; DeviceName = "NVIDIA H200"; DeviceUuid = "5ae90b93-a3c0-a283-a527-563c7056fa34"; ECCEnabled = true; ComputeUnits = 132; NvidiaDriver = "580.126.20"; DriverVersion = 13.0; DevicePciBusId = "0000:CA:00.0"; GlobalMemoryMb = 143156; MaxSupportedVersion = 13000 ]
	Memory = 16384
...
006 (8180963.330.000) 2026-06-25 00:38:12 Image size of job updated: 20000000
	742  -  MemoryUsage of job (MB)
	758808  -  ResidentSetSize of job (KB)
...
040 (8180963.330.000) 2026-06-25 00:38:12 Started transferring output files
...
040 (8180963.330.000) 2026-06-25 00:38:12 Finished transferring output files
...
004 (8180963.330.000) 2026-06-25 00:38:13 Job was evicted.
	(0) Job terminated and was requeued
		Usr 0 00:00:12, Sys 0 00:00:01  -  Run Remote Usage
		Usr 0 00:00:00, Sys 0 00:00:00  -  Run Local Usage
	10293  -  Run Bytes Sent By Job
	2781924081  -  Run Bytes Received By Job
	(1) Normal termination (return value 1)
	The job attribute OnExitRemove expression 'NumJobCompletions > JobMaxRetries || ExitCode =?= 0' evaluated to FALSE
...
040 (8180963.330.000) 2026-06-25 00:47:52 Started transferring input files
	Transferring to host: <128.105.68.124:9618?addrs=128.105.68.124-9618+[2607-f388-2200-100-7ec2-55ff-fe99-a508]-9618&alias=dsigpu4001.chtc.wisc.edu&noUDP&sock=slot2_7_205874_9b6d_91349>
...
040 (8180963.330.000) 2026-06-25 00:51:12 Finished transferring input files
...
001 (8180963.330.000) 2026-06-25 00:51:12 Job executing on host: <128.105.68.124:9618?addrs=128.105.68.124-9618+[2607-f388-2200-100-7ec2-55ff-fe99-a508]-9618&alias=dsigpu4001.chtc.wisc.edu&noUDP&sock=startd_10787_9031>
	SlotName: slot2_7@dsigpu4001.chtc.wisc.edu
	AvailableGPUs = { GPUs_GPU_d689d0d7 }
	CondorScratchDir = "/var/lib/condor/execute/slot2/dir_4012260/scratch"
	Cpus = 1
	Disk = 16777216
	GPUs = 1
	GPUs_GPU_d689d0d7 = [ Id = "GPU-d689d0d7"; Capability = 8.9; DeviceName = "NVIDIA L40"; DeviceUuid = "d689d0d7-9d79-d776-a9ff-6b010700a985"; ECCEnabled = true; NvidiaDriver = "570.195.03"; DriverVersion = 12.8; DevicePciBusId = "0000:D1:00.0"; GlobalMemoryMb = 45468; MaxSupportedVersion = 12080 ]
	IoHeavy = 0
	Memory = 16384
...
040 (8180963.330.000) 2026-06-25 00:51:28 Started transferring output files
...
040 (8180963.330.000) 2026-06-25 00:51:28 Finished transferring output files
...
004 (8180963.330.000) 2026-06-25 00:51:29 Job was evicted.
	(0) Job terminated and was requeued
		Usr 0 00:00:13, Sys 0 00:00:02  -  Run Remote Usage
		Usr 0 00:00:00, Sys 0 00:00:00  -  Run Local Usage
	15640  -  Run Bytes Sent By Job
	2781924081  -  Run Bytes Received By Job
	(1) Normal termination (return value 1)
	The job attribute OnExitRemove expression 'NumJobCompletions > JobMaxRetries || ExitCode =?= 0' evaluated to FALSE
...
040 (8180963.330.000) 2026-06-25 00:53:32 Started transferring input files
	Transferring to host: <128.104.100.17:9618?addrs=128.104.100.17-9618+[2607-f388-107c-501-527c-6fff-fe66-e9bc]-9618&alias=jcaicedogpu0002.chtc.wisc.edu&noUDP&sock=backfill1_2_2855957_d182_102953>
...
040 (8180963.330.000) 2026-06-25 00:55:33 Finished transferring input files
...
001 (8180963.330.000) 2026-06-25 00:55:33 Job executing on host: <128.104.100.17:9618?addrs=128.104.100.17-9618+[2607-f388-107c-501-527c-6fff-fe66-e9bc]-9618&alias=jcaicedogpu0002.chtc.wisc.edu&noUDP&sock=startd_11788_2a7e>
	SlotName: backfill1_2@jcaicedogpu0002.chtc.wisc.edu
	AvailableGPUs = { GPUs_GPU_4bcd09a1 }
	CondorScratchDir = "/var/lib/condor/execute/slot1/dir_35544/scratch"
	Cpus = 1
	Disk = 16777216
	GPUs = 1
	GPUs_GPU_4bcd09a1 = [ Id = "GPU-4bcd09a1"; Capability = 8.9; DeviceName = "NVIDIA L40S"; DeviceUuid = "4bcd09a1-587a-5449-f708-040c59c93c87"; ECCEnabled = true; NvidiaDriver = "570.195.03"; DriverVersion = 12.8; DevicePciBusId = "0000:BD:00.0"; GlobalMemoryMb = 45468; MaxSupportedVersion = 12080 ]
	IoHeavy = 0
	Memory = 16384
...
040 (8180963.330.000) 2026-06-25 00:55:50 Started transferring output files
...
040 (8180963.330.000) 2026-06-25 00:55:50 Finished transferring output files
...
004 (8180963.330.000) 2026-06-25 00:55:50 Job was evicted.
	(0) Job terminated and was requeued
		Usr 0 00:00:12, Sys 0 00:00:02  -  Run Remote Usage
		Usr 0 00:00:00, Sys 0 00:00:00  -  Run Local Usage
	15657  -  Run Bytes Sent By Job
	2781924081  -  Run Bytes Received By Job
	(1) Normal termination (return value 1)
	The job attribute OnExitRemove expression 'NumJobCompletions > JobMaxRetries || ExitCode =?= 0' evaluated to FALSE
...
040 (8180963.330.000) 2026-06-25 00:56:36 Started transferring input files
	Transferring to host: <128.104.100.17:9618?addrs=128.104.100.17-9618+[2607-f388-107c-501-527c-6fff-fe66-e9bc]-9618&alias=jcaicedogpu0002.chtc.wisc.edu&noUDP&sock=backfill1_2_2855957_d182_102955>
...
040 (8180963.330.000) 2026-06-25 00:56:57 Finished transferring input files
...
001 (8180963.330.000) 2026-06-25 00:56:57 Job executing on host: <128.104.100.17:9618?addrs=128.104.100.17-9618+[2607-f388-107c-501-527c-6fff-fe66-e9bc]-9618&alias=jcaicedogpu0002.chtc.wisc.edu&noUDP&sock=startd_11788_2a7e>
	SlotName: backfill1_2@jcaicedogpu0002.chtc.wisc.edu
	AvailableGPUs = { GPUs_GPU_4bcd09a1 }
	CondorScratchDir = "/var/lib/condor/execute/slot1/dir_42933/scratch"
	Cpus = 1
	Disk = 16777216
	GPUs = 1
	GPUs_GPU_4bcd09a1 = [ Id = "GPU-4bcd09a1"; Capability = 8.9; DeviceName = "NVIDIA L40S"; DeviceUuid = "4bcd09a1-587a-5449-f708-040c59c93c87"; ECCEnabled = true; NvidiaDriver = "570.195.03"; DriverVersion = 12.8; DevicePciBusId = "0000:BD:00.0"; GlobalMemoryMb = 45468; MaxSupportedVersion = 12080 ]
	IoHeavy = 0
	Memory = 16384
...
040 (8180963.330.000) 2026-06-25 00:57:14 Started transferring output files
...
040 (8180963.330.000) 2026-06-25 00:57:14 Finished transferring output files
...
004 (8180963.330.000) 2026-06-25 00:57:14 Job was evicted.
	(0) Job terminated and was requeued
		Usr 0 00:00:12, Sys 0 00:00:02  -  Run Remote Usage
		Usr 0 00:00:00, Sys 0 00:00:00  -  Run Local Usage
	15658  -  Run Bytes Sent By Job
	2781924081  -  Run Bytes Received By Job
	(1) Normal termination (return value 1)
	The job attribute OnExitRemove expression 'NumJobCompletions > JobMaxRetries || ExitCode =?= 0' evaluated to FALSE
...
040 (8180963.330.000) 2026-06-25 00:58:25 Started transferring input files
	Transferring to host: <128.104.100.53:9618?addrs=128.104.100.53-9618+[2607-f388-107c-501-7ec2-55ff-fe99-a2b0]-9618&alias=jcaicedogpu0001.chtc.wisc.edu&noUDP&sock=backfill1_8_12775_e4a1_19720>
...
040 (8180963.330.000) 2026-06-25 00:58:40 Finished transferring input files
...
001 (8180963.330.000) 2026-06-25 00:58:40 Job executing on host: <128.104.100.53:9618?addrs=128.104.100.53-9618+[2607-f388-107c-501-7ec2-55ff-fe99-a2b0]-9618&alias=jcaicedogpu0001.chtc.wisc.edu&noUDP&sock=startd_11292_f384>
	SlotName: backfill1_8@jcaicedogpu0001.chtc.wisc.edu
	AvailableGPUs = { GPUs_GPU_22787dff }
	CondorScratchDir = "/var/lib/condor/execute/slot1/dir_3349847/scratch"
	Cpus = 1
	Disk = 16777216
	GPUs = 1
	GPUs_GPU_22787dff = [ Id = "GPU-22787dff"; Capability = 8.9; DeviceName = "NVIDIA L40"; DeviceUuid = "22787dff-a2f4-227a-bc3c-c6178e7bb020"; ECCEnabled = true; NvidiaDriver = "570.195.03"; DriverVersion = 12.8; DevicePciBusId = "0000:52:00.0"; GlobalMemoryMb = 45468; MaxSupportedVersion = 12080 ]
	IoHeavy = 0
	Memory = 16384
...
040 (8180963.330.000) 2026-06-25 00:58:55 Started transferring output files
...
040 (8180963.330.000) 2026-06-25 00:58:55 Finished transferring output files
...
004 (8180963.330.000) 2026-06-25 00:58:56 Job was evicted.
	(0) Job terminated and was requeued
		Usr 0 00:00:13, Sys 0 00:00:01  -  Run Remote Usage
		Usr 0 00:00:00, Sys 0 00:00:00  -  Run Local Usage
	15669  -  Run Bytes Sent By Job
	2781924081  -  Run Bytes Received By Job
	(1) Normal termination (return value 1)
	The job attribute OnExitRemove expression 'NumJobCompletions > JobMaxRetries || ExitCode =?= 0' evaluated to FALSE
...
040 (8180963.330.000) 2026-06-25 01:00:57 Started transferring input files
	Transferring to host: <128.105.76.52:9618?addrs=128.105.76.52-9618+[2607-f388-2200-100-b65c-b5ff-fe81-e53e]-9618&alias=dbrundage-chtcgpu5000.chtc.wisc.edu&noUDP&sock=backfill1_2_11313_c825_24760>
...
040 (8180963.330.000) 2026-06-25 01:01:13 Finished transferring input files
...
001 (8180963.330.000) 2026-06-25 01:01:13 Job executing on host: <128.105.76.52:9618?addrs=128.105.76.52-9618+[2607-f388-2200-100-b65c-b5ff-fe81-e53e]-9618&alias=dbrundage-chtcgpu5000.chtc.wisc.edu&noUDP&sock=startd_10956_7bb2>
	SlotName: backfill1_2@dbrundage-chtcgpu5000.chtc.wisc.edu
	AvailableGPUs = { GPUs_GPU_66f2ae81 }
	CondorScratchDir = "/var/lib/condor/execute/slot1/dir_3598193/scratch"
	Cpus = 1
	Disk = 16777216
	GPUs = 1
	GPUs_GPU_66f2ae81 = [ Id = "GPU-66f2ae81"; Capability = 9.0; DeviceName = "NVIDIA H200"; DeviceUuid = "66f2ae81-1879-0354-fa90-417e31e2883b"; ECCEnabled = true; NvidiaDriver = "590.48.01"; DriverVersion = 13.1; DevicePciBusId = "0000:19:00.0"; GlobalMemoryMb = 143158; MaxSupportedVersion = 13010 ]
	IoHeavy = 0
	Memory = 16384
...
040 (8180963.330.000) 2026-06-25 01:01:26 Started transferring output files
...
040 (8180963.330.000) 2026-06-25 01:01:26 Finished transferring output files
...
004 (8180963.330.000) 2026-06-25 01:01:26 Job was evicted.
	(0) Job terminated and was requeued
		Usr 0 00:00:10, Sys 0 00:00:02  -  Run Remote Usage
		Usr 0 00:00:00, Sys 0 00:00:00  -  Run Local Usage
	15740  -  Run Bytes Sent By Job
	2781924081  -  Run Bytes Received By Job
	(1) Normal termination (return value 1)
	The job attribute OnExitRemove expression 'NumJobCompletions > JobMaxRetries || ExitCode =?= 0' evaluated to FALSE
...
040 (8180963.330.000) 2026-06-25 01:01:36 Started transferring input files
	Transferring to host: <128.105.76.52:9618?addrs=128.105.76.52-9618+[2607-f388-2200-100-b65c-b5ff-fe81-e53e]-9618&alias=dbrundage-chtcgpu5000.chtc.wisc.edu&noUDP&sock=backfill1_3_11313_c825_24762>
...
040 (8180963.330.000) 2026-06-25 01:02:00 Finished transferring input files
...
001 (8180963.330.000) 2026-06-25 01:02:01 Job executing on host: <128.105.76.52:9618?addrs=128.105.76.52-9618+[2607-f388-2200-100-b65c-b5ff-fe81-e53e]-9618&alias=dbrundage-chtcgpu5000.chtc.wisc.edu&noUDP&sock=startd_10956_7bb2>
	SlotName: backfill1_3@dbrundage-chtcgpu5000.chtc.wisc.edu
	AvailableGPUs = { GPUs_GPU_66f2ae81 }
	CondorScratchDir = "/var/lib/condor/execute/slot1/dir_3598673/scratch"
	Cpus = 1
	Disk = 16777216
	GPUs = 1
	GPUs_GPU_66f2ae81 = [ Id = "GPU-66f2ae81"; Capability = 9.0; DeviceName = "NVIDIA H200"; DeviceUuid = "66f2ae81-1879-0354-fa90-417e31e2883b"; ECCEnabled = true; NvidiaDriver = "590.48.01"; DriverVersion = 13.1; DevicePciBusId = "0000:19:00.0"; GlobalMemoryMb = 143158; MaxSupportedVersion = 13010 ]
	IoHeavy = 0
	Memory = 16384
...
040 (8180963.330.000) 2026-06-25 01:02:14 Started transferring output files
...
040 (8180963.330.000) 2026-06-25 01:02:15 Finished transferring output files
...
004 (8180963.330.000) 2026-06-25 01:02:15 Job was evicted.
	(0) Job terminated and was requeued
		Usr 0 00:00:11, Sys 0 00:00:02  -  Run Remote Usage
		Usr 0 00:00:00, Sys 0 00:00:00  -  Run Local Usage
	15743  -  Run Bytes Sent By Job
	2781924081  -  Run Bytes Received By Job
	(1) Normal termination (return value 1)
	The job attribute OnExitRemove expression 'NumJobCompletions > JobMaxRetries || ExitCode =?= 0' evaluated to FALSE
...
040 (8180963.330.000) 2026-06-25 01:02:51 Started transferring input files
	Transferring to host: <128.105.76.52:9618?addrs=128.105.76.52-9618+[2607-f388-2200-100-b65c-b5ff-fe81-e53e]-9618&alias=dbrundage-chtcgpu5000.chtc.wisc.edu&noUDP&sock=backfill1_3_11313_c825_24776>
...
040 (8180963.330.000) 2026-06-25 01:03:10 Finished transferring input files
...
001 (8180963.330.000) 2026-06-25 01:03:10 Job executing on host: <128.105.76.52:9618?addrs=128.105.76.52-9618+[2607-f388-2200-100-b65c-b5ff-fe81-e53e]-9618&alias=dbrundage-chtcgpu5000.chtc.wisc.edu&noUDP&sock=startd_10956_7bb2>
	SlotName: backfill1_3@dbrundage-chtcgpu5000.chtc.wisc.edu
	AvailableGPUs = { GPUs_GPU_66f2ae81 }
	CondorScratchDir = "/var/lib/condor/execute/slot1/dir_3599372/scratch"
	Cpus = 1
	Disk = 16777216
	GPUs = 1
	GPUs_GPU_66f2ae81 = [ Id = "GPU-66f2ae81"; Capability = 9.0; DeviceName = "NVIDIA H200"; DeviceUuid = "66f2ae81-1879-0354-fa90-417e31e2883b"; ECCEnabled = true; NvidiaDriver = "590.48.01"; DriverVersion = 13.1; DevicePciBusId = "0000:19:00.0"; GlobalMemoryMb = 143158; MaxSupportedVersion = 13010 ]
	IoHeavy = 0
	Memory = 16384
...
040 (8180963.330.000) 2026-06-25 01:03:22 Started transferring output files
...
040 (8180963.330.000) 2026-06-25 01:03:22 Finished transferring output files
...
005 (8180963.330.000) 2026-06-25 01:03:23 Job terminated.
	(1) Normal termination (return value 1)
		Usr 0 00:00:10, Sys 0 00:00:01  -  Run Remote Usage
		Usr 0 00:00:00, Sys 0 00:00:00  -  Run Local Usage
		Usr 0 00:01:55, Sys 0 00:00:14  -  Total Remote Usage
		Usr 0 00:00:00, Sys 0 00:00:00  -  Total Local Usage
	15743  -  Run Bytes Sent By Job
	2781924081  -  Run Bytes Received By Job
	156399  -  Total Bytes Sent By Job
	30528682075  -  Total Bytes Received By Job
	Partitionable Resources :    Usage  Request Allocated Assigned
	   Cpus                 :        0        1         1 
	   Disk (KB)            :  2718556 16777216  16777216 
	   GPUs                 :        0        1         1 "GPU-66f2ae81"
	   IoHeavy              :                           0 
	   Memory (MB)          :      977    16384     16384 
	   TimeExecute (s)      :       12                    
	   TimeSlotBusy (s)     :       32                    
...
