000 (8017966.234.000) 2026-06-20 22:07:54 Job submitted from host: <128.105.68.112:9618?addrs=128.105.68.112-9618+[2607-f388-2200-100-eaeb-d3ff-fea3-4202]-9618&alias=ap2001.chtc.wisc.edu&noUDP&sock=schedd_4071840_2329>
...
040 (8017966.234.000) 2026-06-21 00:28:13 Started transferring input files
	Transferring to host: <128.105.68.117:9618?addrs=128.105.68.117-9618+[2607-f388-2200-100-7ec2-55ff-fe9a-b4fa]-9618&alias=gpu4000.chtc.wisc.edu&noUDP&sock=slot2_4_1956795_d8ee_82208>
...
040 (8017966.234.000) 2026-06-21 00:28:23 Finished transferring input files
...
001 (8017966.234.000) 2026-06-21 00:28:23 Job executing on host: <128.105.68.117:9618?addrs=128.105.68.117-9618+[2607-f388-2200-100-7ec2-55ff-fe9a-b4fa]-9618&alias=gpu4000.chtc.wisc.edu&noUDP&sock=startd_674379_7ae3>
	SlotName: slot2_4@gpu4000.chtc.wisc.edu
	AvailableGPUs = { GPUs_GPU_85b798bf }
	CondorScratchDir = "/var/lib/condor/execute/slot2/dir_3943375/scratch"
	Cpus = 1
	Disk = 16777216
	GPUs = 1
	GPUs_GPU_85b798bf = [ Id = "GPU-85b798bf"; Capability = 8.9; DeviceName = "NVIDIA L40"; DeviceUuid = "85b798bf-b3ac-60c1-4903-0e00d9a2de78"; ECCEnabled = true; NvidiaDriver = "570.195.03"; DriverVersion = 12.8; DevicePciBusId = "0000:56:00.0"; GlobalMemoryMb = 45468; MaxSupportedVersion = 12080 ]
	IoHeavy = 0
	Memory = 16384
...
006 (8017966.234.000) 2026-06-21 00:28:32 Image size of job updated: 449240
	439  -  MemoryUsage of job (MB)
	449240  -  ResidentSetSize of job (KB)
...
006 (8017966.234.000) 2026-06-21 00:33:33 Image size of job updated: 968548
	945  -  MemoryUsage of job (MB)
	966700  -  ResidentSetSize of job (KB)
...
006 (8017966.234.000) 2026-06-21 00:38:33 Image size of job updated: 968548
	946  -  MemoryUsage of job (MB)
	968044  -  ResidentSetSize of job (KB)
...
006 (8017966.234.000) 2026-06-21 00:43:33 Image size of job updated: 973900
	952  -  MemoryUsage of job (MB)
	973900  -  ResidentSetSize of job (KB)
...
006 (8017966.234.000) 2026-06-21 00:48:34 Image size of job updated: 977464
	955  -  MemoryUsage of job (MB)
	977464  -  ResidentSetSize of job (KB)
...
006 (8017966.234.000) 2026-06-21 00:53:34 Image size of job updated: 983088
	961  -  MemoryUsage of job (MB)
	983088  -  ResidentSetSize of job (KB)
...
006 (8017966.234.000) 2026-06-21 00:58:35 Image size of job updated: 989192
	967  -  MemoryUsage of job (MB)
	989192  -  ResidentSetSize of job (KB)
...
006 (8017966.234.000) 2026-06-21 01:03:35 Image size of job updated: 996000
	973  -  MemoryUsage of job (MB)
	996000  -  ResidentSetSize of job (KB)
...
006 (8017966.234.000) 2026-06-21 01:08:35 Image size of job updated: 997608
	973  -  MemoryUsage of job (MB)
	996000  -  ResidentSetSize of job (KB)
...
006 (8017966.234.000) 2026-06-21 01:13:36 Image size of job updated: 1003204
	973  -  MemoryUsage of job (MB)
	996000  -  ResidentSetSize of job (KB)
...
040 (8017966.234.000) 2026-06-21 01:16:17 Started transferring output files
...
040 (8017966.234.000) 2026-06-21 01:16:17 Finished transferring output files
...
005 (8017966.234.000) 2026-06-21 01:16:18 Job terminated.
	(1) Normal termination (return value 0)
		Usr 0 00:48:24, Sys 0 00:15:07  -  Run Remote Usage
		Usr 0 00:00:00, Sys 0 00:00:00  -  Run Local Usage
		Usr 0 00:48:24, Sys 0 00:15:07  -  Total Remote Usage
		Usr 0 00:00:00, Sys 0 00:00:00  -  Total Local Usage
	2836165  -  Run Bytes Sent By Job
	2781912654  -  Run Bytes Received By Job
	2836165  -  Total Bytes Sent By Job
	2781912654  -  Total Bytes Received By Job
	Partitionable Resources :      Usage  Request Allocated Assigned
	   Cpus                 :       1.00        1         1 
	   Disk (KB)            : 2730096    16777216  16777216 
	   GPUs                 :       0.87        1         1 "GPU-85b798bf"
	   GpusMemory (MB)      :    6772                       
	   IoHeavy              :                             0 
	   Memory (MB)          :     973       16384     16384 
	   TimeExecute (s)      :    2874                       
	   TimeSlotBusy (s)     :    2884                       
...
