000 (8017966.925.000) 2026-06-20 22:07:54 Job submitted from host: <128.105.68.112:9618?addrs=128.105.68.112-9618+[2607-f388-2200-100-eaeb-d3ff-fea3-4202]-9618&alias=ap2001.chtc.wisc.edu&noUDP&sock=schedd_4071840_2329>
...
040 (8017966.925.000) 2026-06-21 05:36:02 Started transferring input files
	Transferring to host: <128.105.68.129:9618?addrs=128.105.68.129-9618+[2607-f388-2200-100-7e8c-9ff-fee9-7284]-9618&alias=gchrysosgpu4000.chtc.wisc.edu&noUDP&sock=backfill1_8_11538_508e_4547>
...
040 (8017966.925.000) 2026-06-21 05:36:12 Finished transferring input files
...
001 (8017966.925.000) 2026-06-21 05:36:12 Job executing on host: <128.105.68.129:9618?addrs=128.105.68.129-9618+[2607-f388-2200-100-7e8c-9ff-fee9-7284]-9618&alias=gchrysosgpu4000.chtc.wisc.edu&noUDP&sock=startd_11234_2b06>
	SlotName: backfill1_8@gchrysosgpu4000.chtc.wisc.edu
	AvailableGPUs = { GPUs_GPU_31893428 }
	CondorScratchDir = "/var/lib/condor/execute/slot1/dir_2669942/scratch"
	Cpus = 1
	Disk = 16777216
	GPUs = 1
	GPUs_GPU_31893428 = [ Id = "GPU-31893428"; Capability = 8.9; DeviceName = "NVIDIA L40S"; DeviceUuid = "31893428-0437-ecc3-f864-657bb02e1fb3"; ECCEnabled = true; NvidiaDriver = "570.195.03"; DriverVersion = 12.8; DevicePciBusId = "0000:20:00.0"; GlobalMemoryMb = 45468; MaxSupportedVersion = 12080 ]
	IoHeavy = 0
	Memory = 16384
...
006 (8017966.925.000) 2026-06-21 05:36:21 Image size of job updated: 418024
	409  -  MemoryUsage of job (MB)
	418024  -  ResidentSetSize of job (KB)
...
006 (8017966.925.000) 2026-06-21 05:41:21 Image size of job updated: 953200
	929  -  MemoryUsage of job (MB)
	951248  -  ResidentSetSize of job (KB)
...
006 (8017966.925.000) 2026-06-21 05:46:22 Image size of job updated: 954632
	933  -  MemoryUsage of job (MB)
	954632  -  ResidentSetSize of job (KB)
...
006 (8017966.925.000) 2026-06-21 05:51:23 Image size of job updated: 962020
	940  -  MemoryUsage of job (MB)
	962020  -  ResidentSetSize of job (KB)
...
006 (8017966.925.000) 2026-06-21 05:56:23 Image size of job updated: 967560
	945  -  MemoryUsage of job (MB)
	967560  -  ResidentSetSize of job (KB)
...
006 (8017966.925.000) 2026-06-21 06:01:24 Image size of job updated: 975512
	953  -  MemoryUsage of job (MB)
	975512  -  ResidentSetSize of job (KB)
...
006 (8017966.925.000) 2026-06-21 06:06:25 Image size of job updated: 982280
	960  -  MemoryUsage of job (MB)
	982280  -  ResidentSetSize of job (KB)
...
006 (8017966.925.000) 2026-06-21 06:11:25 Image size of job updated: 985228
	960  -  MemoryUsage of job (MB)
	982280  -  ResidentSetSize of job (KB)
...
040 (8017966.925.000) 2026-06-21 06:13:34 Started transferring output files
...
040 (8017966.925.000) 2026-06-21 06:13:34 Finished transferring output files
...
005 (8017966.925.000) 2026-06-21 06:13:35 Job terminated.
	(1) Normal termination (return value 0)
		Usr 0 00:37:43, Sys 0 00:14:32  -  Run Remote Usage
		Usr 0 00:00:00, Sys 0 00:00:00  -  Run Local Usage
		Usr 0 00:37:43, Sys 0 00:14:32  -  Total Remote Usage
		Usr 0 00:00:00, Sys 0 00:00:00  -  Total Local Usage
	2763765  -  Run Bytes Sent By Job
	2782799916  -  Run Bytes Received By Job
	2763765  -  Total Bytes Sent By Job
	2782799916  -  Total Bytes Received By Job
	Partitionable Resources :      Usage  Request Allocated Assigned
	   Cpus                 :       1.00        1         1 
	   Disk (KB)            : 2730660    16777216  16777216 
	   GPUs                 :       0.84        1         1 "GPU-31893428"
	   GpusMemory (MB)      :    6770                       
	   IoHeavy              :                             0 
	   Memory (MB)          :     960       16384     16384 
	   TimeExecute (s)      :    2242                       
	   TimeSlotBusy (s)     :    2252                       
...
