000 (8017966.918.000) 2026-06-20 22:07:54 Job submitted from host: <128.105.68.112:9618?addrs=128.105.68.112-9618+[2607-f388-2200-100-eaeb-d3ff-fea3-4202]-9618&alias=ap2001.chtc.wisc.edu&noUDP&sock=schedd_4071840_2329>
...
040 (8017966.918.000) 2026-06-21 05:33:47 Started transferring input files
	Transferring to host: <10.1.1.131:33119?CCBID=128.105.82.148:9618%3faddrs%3d128.105.82.148-9618+[2607-f388-2200-9d-7ccb-bc08-2489-768a]-9618%26alias%3dospool-ccb.osg.chtc.io%26noUDP%26sock%3dcollector2#4308027%2067.58.49.91:9618%3faddrs%3d67.58.49.91-9618+[fdf0-17b3-c3ec-1f79-10-0-e-b69d]-9618%26alias%3dccb-2.ospool.osg-htc.org%26noUDP%26sock%3dcollector4#4299280&PrivNet=gpu01&addrs=10.1.1.131-33119&alias=gpu01&noUDP>
...
040 (8017966.918.000) 2026-06-21 05:34:04 Finished transferring input files
...
021 (8017966.918.000) 2026-06-21 05:34:04 Message from starter on slot1_3@glidein_1545382_715862460@gpu01:
	PREPARE_JOB (prepare-hook) succeeded (reported status 000): Using Singularity image openfe_1.11.1.sif
...
001 (8017966.918.000) 2026-06-21 05:34:04 Job executing on host: <10.1.1.131:38905?CCBID=128.105.82.148:9618%3faddrs%3d128.105.82.148-9618+[2607-f388-2200-9d-7ccb-bc08-2489-768a]-9618%26alias%3dospool-ccb.osg.chtc.io%26noUDP%26sock%3dcollector8#4265399%2067.58.49.91:9618%3faddrs%3d67.58.49.91-9618+[fdf0-17b3-c3ec-1f79-10-0-e-b69d]-9618%26alias%3dccb-2.ospool.osg-htc.org%26noUDP%26sock%3dcollector6#4258755&PrivNet=gpu01&addrs=10.1.1.131-38905&alias=gpu01&noUDP>
	SlotName: slot1_3@glidein_1545382_715862460@gpu01
	AvailableGPUs = { GPUs_GPU_30c0665d }
	CondorScratchDir = "/tmp/glide_MFrAD2/execute/dir_2455690/scratch"
	Cpus = 1
	Disk = 16777216
	GPUs = 1
	GPUs_GPU_30c0665d = [ Id = "GPU-30c0665d"; ClockMhz = 1740.0; Capability = 8.6; CoresPerCU = 128; DeviceName = "NVIDIA A40"; DeviceUuid = "30c0665d-1160-c247-7d9f-25db14cde51f"; ECCEnabled = true; ComputeUnits = 84; NvidiaDriver = "595.71.05"; DriverVersion = 13.2; DevicePciBusId = "0000:81:00.0"; GlobalMemoryMb = 45739; MaxSupportedVersion = 13020 ]
	Memory = 16384
...
006 (8017966.918.000) 2026-06-21 05:34:13 Image size of job updated: 4
	6  -  MemoryUsage of job (MB)
	5376  -  ResidentSetSize of job (KB)
...
006 (8017966.918.000) 2026-06-21 05:39:13 Image size of job updated: 31639964
	3611  -  MemoryUsage of job (MB)
	3696672  -  ResidentSetSize of job (KB)
...
006 (8017966.918.000) 2026-06-21 05:44:14 Image size of job updated: 35888892
	5026  -  MemoryUsage of job (MB)
	5146096  -  ResidentSetSize of job (KB)
...
006 (8017966.918.000) 2026-06-21 05:49:14 Image size of job updated: 40113100
	5175  -  MemoryUsage of job (MB)
	5298336  -  ResidentSetSize of job (KB)
...
006 (8017966.918.000) 2026-06-21 05:54:15 Image size of job updated: 40113100
	5399  -  MemoryUsage of job (MB)
	5527592  -  ResidentSetSize of job (KB)
...
006 (8017966.918.000) 2026-06-21 05:59:15 Image size of job updated: 40113100
	6209  -  MemoryUsage of job (MB)
	6357436  -  ResidentSetSize of job (KB)
...
006 (8017966.918.000) 2026-06-21 06:04:16 Image size of job updated: 40674160
	6209  -  MemoryUsage of job (MB)
	6357436  -  ResidentSetSize of job (KB)
...
006 (8017966.918.000) 2026-06-21 06:14:17 Image size of job updated: 41307152
	7449  -  MemoryUsage of job (MB)
	7627596  -  ResidentSetSize of job (KB)
...
006 (8017966.918.000) 2026-06-21 06:15:34 Image size of job updated: 41307152
	7451  -  MemoryUsage of job (MB)
	7629132  -  ResidentSetSize of job (KB)
...
040 (8017966.918.000) 2026-06-21 06:15:34 Started transferring output files
...
040 (8017966.918.000) 2026-06-21 06:15:45 Finished transferring output files
...
004 (8017966.918.000) 2026-06-21 06:15:46 Job was evicted.
	(0) Job terminated and was requeued
		Usr 0 00:44:45, Sys 0 00:00:30  -  Run Remote Usage
		Usr 0 00:00:00, Sys 0 00:00:00  -  Run Local Usage
	474098142  -  Run Bytes Sent By Job
	2784396491  -  Run Bytes Received By Job
	(1) Normal termination (return value 1)
	The job attribute OnExitRemove expression 'NumJobCompletions > JobMaxRetries || ExitCode =?= 0' evaluated to FALSE
...
040 (8017966.918.000) 2026-06-21 06:15:50 Started transferring input files
	Transferring to host: <128.105.68.117:9618?addrs=128.105.68.117-9618+[2607-f388-2200-100-7ec2-55ff-fe9a-b4fa]-9618&alias=gpu4000.chtc.wisc.edu&noUDP&sock=slot2_6_1956795_d8ee_83186>
...
040 (8017966.918.000) 2026-06-21 06:16:04 Finished transferring input files
...
001 (8017966.918.000) 2026-06-21 06:16:04 Job executing on host: <128.105.68.117:9618?addrs=128.105.68.117-9618+[2607-f388-2200-100-7ec2-55ff-fe9a-b4fa]-9618&alias=gpu4000.chtc.wisc.edu&noUDP&sock=startd_674379_7ae3>
	SlotName: slot2_6@gpu4000.chtc.wisc.edu
	AvailableGPUs = { GPUs_GPU_446491ee }
	CondorScratchDir = "/var/lib/condor/execute/slot2/dir_209931/scratch"
	Cpus = 1
	Disk = 16777216
	GPUs = 1
	GPUs_GPU_446491ee = [ Id = "GPU-446491ee"; Capability = 8.9; DeviceName = "NVIDIA L40"; DeviceUuid = "446491ee-8bae-af13-9de2-63ba0ff9b62e"; ECCEnabled = true; NvidiaDriver = "570.195.03"; DriverVersion = 12.8; DevicePciBusId = "0000:CE:00.0"; GlobalMemoryMb = 45468; MaxSupportedVersion = 12080 ]
	IoHeavy = 0
	Memory = 16384
...
040 (8017966.918.000) 2026-06-21 06:16:07 Started transferring output files
...
040 (8017966.918.000) 2026-06-21 06:16:08 Finished transferring output files
...
004 (8017966.918.000) 2026-06-21 06:16:09 Job was evicted.
	(0) Job terminated and was requeued
		Usr 0 00:00:02, Sys 0 00:00:00  -  Run Remote Usage
		Usr 0 00:00:00, Sys 0 00:00:00  -  Run Local Usage
	474085354  -  Run Bytes Sent By Job
	3258481357  -  Run Bytes Received By Job
	(1) Normal termination (return value 2)
	The job attribute OnExitRemove expression 'NumJobCompletions > JobMaxRetries || ExitCode =?= 0' evaluated to FALSE
...
040 (8017966.918.000) 2026-06-21 06:16:22 Started transferring input files
	Transferring to host: <128.105.68.117:9618?addrs=128.105.68.117-9618+[2607-f388-2200-100-7ec2-55ff-fe9a-b4fa]-9618&alias=gpu4000.chtc.wisc.edu&noUDP&sock=slot2_6_1956795_d8ee_83187>
...
040 (8017966.918.000) 2026-06-21 06:16:34 Finished transferring input files
...
001 (8017966.918.000) 2026-06-21 06:16:34 Job executing on host: <128.105.68.117:9618?addrs=128.105.68.117-9618+[2607-f388-2200-100-7ec2-55ff-fe9a-b4fa]-9618&alias=gpu4000.chtc.wisc.edu&noUDP&sock=startd_674379_7ae3>
	SlotName: slot2_6@gpu4000.chtc.wisc.edu
	AvailableGPUs = { GPUs_GPU_446491ee }
	CondorScratchDir = "/var/lib/condor/execute/slot2/dir_210213/scratch"
	Cpus = 1
	Disk = 16777216
	GPUs = 1
	GPUs_GPU_446491ee = [ Id = "GPU-446491ee"; Capability = 8.9; DeviceName = "NVIDIA L40"; DeviceUuid = "446491ee-8bae-af13-9de2-63ba0ff9b62e"; ECCEnabled = true; NvidiaDriver = "570.195.03"; DriverVersion = 12.8; DevicePciBusId = "0000:CE:00.0"; GlobalMemoryMb = 45468; MaxSupportedVersion = 12080 ]
	IoHeavy = 0
	Memory = 16384
...
040 (8017966.918.000) 2026-06-21 06:16:37 Started transferring output files
...
040 (8017966.918.000) 2026-06-21 06:16:39 Finished transferring output files
...
004 (8017966.918.000) 2026-06-21 06:16:39 Job was evicted.
	(0) Job terminated and was requeued
		Usr 0 00:00:02, Sys 0 00:00:00  -  Run Remote Usage
		Usr 0 00:00:00, Sys 0 00:00:00  -  Run Local Usage
	474085354  -  Run Bytes Sent By Job
	3258481357  -  Run Bytes Received By Job
	(1) Normal termination (return value 2)
	The job attribute OnExitRemove expression 'NumJobCompletions > JobMaxRetries || ExitCode =?= 0' evaluated to FALSE
...
040 (8017966.918.000) 2026-06-21 06:16:56 Started transferring input files
	Transferring to host: <128.105.69.3:9618?addrs=128.105.69.3-9618+[2607-f388-2200-100-7ec2-55ff-fe46-28f2]-9618&alias=gpu4002.chtc.wisc.edu&noUDP&sock=slot1_5_12744_0cff_4711>
...
040 (8017966.918.000) 2026-06-21 06:17:14 Finished transferring input files
...
001 (8017966.918.000) 2026-06-21 06:17:14 Job executing on host: <128.105.69.3:9618?addrs=128.105.69.3-9618+[2607-f388-2200-100-7ec2-55ff-fe46-28f2]-9618&alias=gpu4002.chtc.wisc.edu&noUDP&sock=startd_11312_ab69>
	SlotName: slot1_5@gpu4002.chtc.wisc.edu
	AvailableGPUs = { GPUs_GPU_24660f1c }
	CondorScratchDir = "/var/lib/condor/execute/slot1/dir_3251559/scratch"
	Cpus = 1
	Disk = 16777216
	GPUs = 1
	GPUs_GPU_24660f1c = [ Id = "GPU-24660f1c"; Capability = 8.9; DeviceName = "NVIDIA L40"; DeviceUuid = "24660f1c-9665-dc92-a0c9-04252e1a8138"; ECCEnabled = true; NvidiaDriver = "570.195.03"; DriverVersion = 12.8; DevicePciBusId = "0000:CE:00.0"; GlobalMemoryMb = 45468; MaxSupportedVersion = 12080 ]
	IoHeavy = 0
	Memory = 16384
...
040 (8017966.918.000) 2026-06-21 06:17:17 Started transferring output files
...
040 (8017966.918.000) 2026-06-21 06:17:18 Finished transferring output files
...
004 (8017966.918.000) 2026-06-21 06:17:19 Job was evicted.
	(0) Job terminated and was requeued
		Usr 0 00:00:02, Sys 0 00:00:00  -  Run Remote Usage
		Usr 0 00:00:00, Sys 0 00:00:00  -  Run Local Usage
	474085344  -  Run Bytes Sent By Job
	3258481357  -  Run Bytes Received By Job
	(1) Normal termination (return value 2)
	The job attribute OnExitRemove expression 'NumJobCompletions > JobMaxRetries || ExitCode =?= 0' evaluated to FALSE
...
040 (8017966.918.000) 2026-06-21 06:17:23 Started transferring input files
	Transferring to host: <128.105.69.3:9618?addrs=128.105.69.3-9618+[2607-f388-2200-100-7ec2-55ff-fe46-28f2]-9618&alias=gpu4002.chtc.wisc.edu&noUDP&sock=slot1_5_12744_0cff_4712>
...
040 (8017966.918.000) 2026-06-21 06:17:35 Finished transferring input files
...
001 (8017966.918.000) 2026-06-21 06:17:35 Job executing on host: <128.105.69.3:9618?addrs=128.105.69.3-9618+[2607-f388-2200-100-7ec2-55ff-fe46-28f2]-9618&alias=gpu4002.chtc.wisc.edu&noUDP&sock=startd_11312_ab69>
	SlotName: slot1_5@gpu4002.chtc.wisc.edu
	AvailableGPUs = { GPUs_GPU_24660f1c }
	CondorScratchDir = "/var/lib/condor/execute/slot1/dir_3251806/scratch"
	Cpus = 1
	Disk = 16777216
	GPUs = 1
	GPUs_GPU_24660f1c = [ Id = "GPU-24660f1c"; Capability = 8.9; DeviceName = "NVIDIA L40"; DeviceUuid = "24660f1c-9665-dc92-a0c9-04252e1a8138"; ECCEnabled = true; NvidiaDriver = "570.195.03"; DriverVersion = 12.8; DevicePciBusId = "0000:CE:00.0"; GlobalMemoryMb = 45468; MaxSupportedVersion = 12080 ]
	IoHeavy = 0
	Memory = 16384
...
040 (8017966.918.000) 2026-06-21 06:17:38 Started transferring output files
...
040 (8017966.918.000) 2026-06-21 06:17:40 Finished transferring output files
...
004 (8017966.918.000) 2026-06-21 06:17:40 Job was evicted.
	(0) Job terminated and was requeued
		Usr 0 00:00:02, Sys 0 00:00:00  -  Run Remote Usage
		Usr 0 00:00:00, Sys 0 00:00:00  -  Run Local Usage
	474085344  -  Run Bytes Sent By Job
	3258481357  -  Run Bytes Received By Job
	(1) Normal termination (return value 2)
	The job attribute OnExitRemove expression 'NumJobCompletions > JobMaxRetries || ExitCode =?= 0' evaluated to FALSE
...
040 (8017966.918.000) 2026-06-21 06:17:44 Started transferring input files
	Transferring to host: <128.105.69.3:9618?addrs=128.105.69.3-9618+[2607-f388-2200-100-7ec2-55ff-fe46-28f2]-9618&alias=gpu4002.chtc.wisc.edu&noUDP&sock=slot1_5_12744_0cff_4713>
...
040 (8017966.918.000) 2026-06-21 06:17:56 Finished transferring input files
...
001 (8017966.918.000) 2026-06-21 06:17:56 Job executing on host: <128.105.69.3:9618?addrs=128.105.69.3-9618+[2607-f388-2200-100-7ec2-55ff-fe46-28f2]-9618&alias=gpu4002.chtc.wisc.edu&noUDP&sock=startd_11312_ab69>
	SlotName: slot1_5@gpu4002.chtc.wisc.edu
	AvailableGPUs = { GPUs_GPU_24660f1c }
	CondorScratchDir = "/var/lib/condor/execute/slot1/dir_3252017/scratch"
	Cpus = 1
	Disk = 16777216
	GPUs = 1
	GPUs_GPU_24660f1c = [ Id = "GPU-24660f1c"; Capability = 8.9; DeviceName = "NVIDIA L40"; DeviceUuid = "24660f1c-9665-dc92-a0c9-04252e1a8138"; ECCEnabled = true; NvidiaDriver = "570.195.03"; DriverVersion = 12.8; DevicePciBusId = "0000:CE:00.0"; GlobalMemoryMb = 45468; MaxSupportedVersion = 12080 ]
	IoHeavy = 0
	Memory = 16384
...
040 (8017966.918.000) 2026-06-21 06:18:00 Started transferring output files
...
040 (8017966.918.000) 2026-06-21 06:18:01 Finished transferring output files
...
004 (8017966.918.000) 2026-06-21 06:18:02 Job was evicted.
	(0) Job terminated and was requeued
		Usr 0 00:00:02, Sys 0 00:00:00  -  Run Remote Usage
		Usr 0 00:00:00, Sys 0 00:00:00  -  Run Local Usage
	474085344  -  Run Bytes Sent By Job
	3258481357  -  Run Bytes Received By Job
	(1) Normal termination (return value 2)
	The job attribute OnExitRemove expression 'NumJobCompletions > JobMaxRetries || ExitCode =?= 0' evaluated to FALSE
...
040 (8017966.918.000) 2026-06-21 06:18:05 Started transferring input files
	Transferring to host: <128.105.68.168:9618?addrs=128.105.68.168-9618+[2607-f388-2200-100-b62e-99ff-feb7-2dcb]-9618&alias=gpulab2003.chtc.wisc.edu&noUDP&sock=slot2_4_11172_6f3f_5902>
...
040 (8017966.918.000) 2026-06-21 06:18:23 Finished transferring input files
...
001 (8017966.918.000) 2026-06-21 06:18:23 Job executing on host: <128.105.68.168:9618?addrs=128.105.68.168-9618+[2607-f388-2200-100-b62e-99ff-feb7-2dcb]-9618&alias=gpulab2003.chtc.wisc.edu&noUDP&sock=startd_10155_1056>
	SlotName: slot2_4@gpulab2003.chtc.wisc.edu
	AvailableGPUs = { GPUs_GPU_61902b82 }
	CondorScratchDir = "/var/lib/condor/execute/slot2/dir_341985/scratch"
	Cpus = 1
	Disk = 16777216
	GPUs = 1
	GPUs_GPU_61902b82 = [ Id = "GPU-61902b82"; Capability = 7.5; DeviceName = "NVIDIA GeForce RTX 2080 Ti"; DeviceUuid = "61902b82-cedb-e4be-d010-bca8829ec79b"; ECCEnabled = false; NvidiaDriver = "570.195.03"; DriverVersion = 12.8; DevicePciBusId = "0000:B2:00.0"; GlobalMemoryMb = 10823; MaxSupportedVersion = 12080 ]
	IoHeavy = 0
	Memory = 16384
...
040 (8017966.918.000) 2026-06-21 06:18:27 Started transferring output files
...
040 (8017966.918.000) 2026-06-21 06:18:28 Finished transferring output files
...
004 (8017966.918.000) 2026-06-21 06:18:29 Job was evicted.
	(0) Job terminated and was requeued
		Usr 0 00:00:03, Sys 0 00:00:00  -  Run Remote Usage
		Usr 0 00:00:00, Sys 0 00:00:00  -  Run Local Usage
	474085347  -  Run Bytes Sent By Job
	3258481357  -  Run Bytes Received By Job
	(1) Normal termination (return value 2)
	The job attribute OnExitRemove expression 'NumJobCompletions > JobMaxRetries || ExitCode =?= 0' evaluated to FALSE
...
040 (8017966.918.000) 2026-06-21 06:18:47 Started transferring input files
	Transferring to host: <128.104.103.48:9618?addrs=128.104.103.48-9618+[2607-f388-107c-501-ae1f-6bff-fe2c-2f00]-9618&alias=vetsigian0001.chtc.wisc.edu&noUDP&sock=slot2_2_10681_7b0b_8278>
...
040 (8017966.918.000) 2026-06-21 06:22:17 Finished transferring input files
...
001 (8017966.918.000) 2026-06-21 06:22:17 Job executing on host: <128.104.103.48:9618?addrs=128.104.103.48-9618+[2607-f388-107c-501-ae1f-6bff-fe2c-2f00]-9618&alias=vetsigian0001.chtc.wisc.edu&noUDP&sock=startd_9913_126b>
	SlotName: slot2_2@vetsigian0001.chtc.wisc.edu
	AvailableGPUs = { GPUs_GPU_c60845c2 }
	CondorScratchDir = "/var/lib/condor/execute/slot2/dir_3327661/scratch"
	Cpus = 1
	Disk = 16777216
	GPUs = 1
	GPUs_GPU_c60845c2 = [ Id = "GPU-c60845c2"; Capability = 7.5; DeviceName = "NVIDIA GeForce RTX 2080 Ti"; DeviceUuid = "c60845c2-17b0-17df-2cc6-44f05353ae1e"; ECCEnabled = false; NvidiaDriver = "550.54.14"; DriverVersion = 12.4; DevicePciBusId = "0000:1B:00.0"; GlobalMemoryMb = 11004; MaxSupportedVersion = 12040 ]
	IoHeavy = 0
	Memory = 16384
...
040 (8017966.918.000) 2026-06-21 06:22:23 Started transferring output files
...
040 (8017966.918.000) 2026-06-21 06:22:24 Finished transferring output files
...
004 (8017966.918.000) 2026-06-21 06:22:25 Job was evicted.
	(0) Job terminated and was requeued
		Usr 0 00:00:03, Sys 0 00:00:00  -  Run Remote Usage
		Usr 0 00:00:00, Sys 0 00:00:00  -  Run Local Usage
	474085360  -  Run Bytes Sent By Job
	3258481357  -  Run Bytes Received By Job
	(1) Normal termination (return value 2)
	The job attribute OnExitRemove expression 'NumJobCompletions > JobMaxRetries || ExitCode =?= 0' evaluated to FALSE
...
040 (8017966.918.000) 2026-06-21 06:22:36 Started transferring input files
	Transferring to host: <128.105.69.3:9618?addrs=128.105.69.3-9618+[2607-f388-2200-100-7ec2-55ff-fe46-28f2]-9618&alias=gpu4002.chtc.wisc.edu&noUDP&sock=slot1_5_12744_0cff_4732>
...
040 (8017966.918.000) 2026-06-21 06:22:48 Finished transferring input files
...
001 (8017966.918.000) 2026-06-21 06:22:48 Job executing on host: <128.105.69.3:9618?addrs=128.105.69.3-9618+[2607-f388-2200-100-7ec2-55ff-fe46-28f2]-9618&alias=gpu4002.chtc.wisc.edu&noUDP&sock=startd_11312_ab69>
	SlotName: slot1_5@gpu4002.chtc.wisc.edu
	AvailableGPUs = { GPUs_GPU_24660f1c }
	CondorScratchDir = "/var/lib/condor/execute/slot1/dir_3255681/scratch"
	Cpus = 1
	Disk = 16777216
	GPUs = 1
	GPUs_GPU_24660f1c = [ Id = "GPU-24660f1c"; Capability = 8.9; DeviceName = "NVIDIA L40"; DeviceUuid = "24660f1c-9665-dc92-a0c9-04252e1a8138"; ECCEnabled = true; NvidiaDriver = "570.195.03"; DriverVersion = 12.8; DevicePciBusId = "0000:CE:00.0"; GlobalMemoryMb = 45468; MaxSupportedVersion = 12080 ]
	IoHeavy = 0
	Memory = 16384
...
040 (8017966.918.000) 2026-06-21 06:22:52 Started transferring output files
...
040 (8017966.918.000) 2026-06-21 06:22:53 Finished transferring output files
...
004 (8017966.918.000) 2026-06-21 06:22:53 Job was evicted.
	(0) Job terminated and was requeued
		Usr 0 00:00:02, Sys 0 00:00:00  -  Run Remote Usage
		Usr 0 00:00:00, Sys 0 00:00:00  -  Run Local Usage
	474085344  -  Run Bytes Sent By Job
	3258481357  -  Run Bytes Received By Job
	(1) Normal termination (return value 2)
	The job attribute OnExitRemove expression 'NumJobCompletions > JobMaxRetries || ExitCode =?= 0' evaluated to FALSE
...
040 (8017966.918.000) 2026-06-21 06:22:58 Started transferring input files
	Transferring to host: <128.105.68.166:9618?addrs=128.105.68.166-9618+[2607-f388-2200-100-b62e-99ff-feb7-2e2d]-9618&alias=gpulab2001.chtc.wisc.edu&noUDP&sock=slot2_5_11113_dd1d_52803>
...
040 (8017966.918.000) 2026-06-21 06:23:14 Finished transferring input files
...
001 (8017966.918.000) 2026-06-21 06:23:14 Job executing on host: <128.105.68.166:9618?addrs=128.105.68.166-9618+[2607-f388-2200-100-b62e-99ff-feb7-2e2d]-9618&alias=gpulab2001.chtc.wisc.edu&noUDP&sock=startd_10083_ad84>
	SlotName: slot2_5@gpulab2001.chtc.wisc.edu
	AvailableGPUs = { GPUs_GPU_de7b89bb }
	CondorScratchDir = "/var/lib/condor/execute/slot2/dir_970986/scratch"
	Cpus = 1
	Disk = 16777216
	GPUs = 1
	GPUs_GPU_de7b89bb = [ Id = "GPU-de7b89bb"; Capability = 7.5; DeviceName = "NVIDIA GeForce RTX 2080 Ti"; DeviceUuid = "de7b89bb-11e2-d8b1-1b92-c9ab2f9f87e3"; ECCEnabled = false; NvidiaDriver = "570.195.03"; DriverVersion = 12.8; DevicePciBusId = "0000:DA:00.0"; GlobalMemoryMb = 10823; MaxSupportedVersion = 12080 ]
	IoHeavy = 0
	Memory = 16384
...
040 (8017966.918.000) 2026-06-21 06:23:18 Started transferring output files
...
040 (8017966.918.000) 2026-06-21 06:23:19 Finished transferring output files
...
004 (8017966.918.000) 2026-06-21 06:23:19 Job was evicted.
	(0) Job terminated and was requeued
		Usr 0 00:00:02, Sys 0 00:00:00  -  Run Remote Usage
		Usr 0 00:00:00, Sys 0 00:00:00  -  Run Local Usage
	474085357  -  Run Bytes Sent By Job
	3258481357  -  Run Bytes Received By Job
	(1) Normal termination (return value 2)
	The job attribute OnExitRemove expression 'NumJobCompletions > JobMaxRetries || ExitCode =?= 0' evaluated to FALSE
...
040 (8017966.918.000) 2026-06-21 06:23:34 Started transferring input files
	Transferring to host: <128.105.68.168:9618?addrs=128.105.68.168-9618+[2607-f388-2200-100-b62e-99ff-feb7-2dcb]-9618&alias=gpulab2003.chtc.wisc.edu&noUDP&sock=slot2_4_11172_6f3f_5916>
...
040 (8017966.918.000) 2026-06-21 06:23:52 Finished transferring input files
...
001 (8017966.918.000) 2026-06-21 06:23:52 Job executing on host: <128.105.68.168:9618?addrs=128.105.68.168-9618+[2607-f388-2200-100-b62e-99ff-feb7-2dcb]-9618&alias=gpulab2003.chtc.wisc.edu&noUDP&sock=startd_10155_1056>
	SlotName: slot2_4@gpulab2003.chtc.wisc.edu
	AvailableGPUs = { GPUs_GPU_61902b82 }
	CondorScratchDir = "/var/lib/condor/execute/slot2/dir_348572/scratch"
	Cpus = 1
	Disk = 16777216
	GPUs = 1
	GPUs_GPU_61902b82 = [ Id = "GPU-61902b82"; Capability = 7.5; DeviceName = "NVIDIA GeForce RTX 2080 Ti"; DeviceUuid = "61902b82-cedb-e4be-d010-bca8829ec79b"; ECCEnabled = false; NvidiaDriver = "570.195.03"; DriverVersion = 12.8; DevicePciBusId = "0000:B2:00.0"; GlobalMemoryMb = 10823; MaxSupportedVersion = 12080 ]
	IoHeavy = 0
	Memory = 16384
...
040 (8017966.918.000) 2026-06-21 06:23:57 Started transferring output files
...
040 (8017966.918.000) 2026-06-21 06:23:58 Finished transferring output files
...
005 (8017966.918.000) 2026-06-21 06:23:59 Job terminated.
	(1) Normal termination (return value 2)
		Usr 0 00:00:03, Sys 0 00:00:00  -  Run Remote Usage
		Usr 0 00:00:00, Sys 0 00:00:00  -  Run Local Usage
		Usr 0 00:45:08, Sys 0 00:00:30  -  Total Remote Usage
		Usr 0 00:00:00, Sys 0 00:00:00  -  Total Local Usage
	474085347  -  Run Bytes Sent By Job
	3258481357  -  Run Bytes Received By Job
	5214951637  -  Total Bytes Sent By Job
	35369210061  -  Total Bytes Received By Job
	Partitionable Resources :    Usage  Request Allocated Assigned
	   Cpus                 :        0        1         1 
	   Disk (KB)            :  3182148 16777216  16777216 
	   GPUs                 :        0        1         1 "GPU-61902b82"
	   IoHeavy              :                           0 
	   Memory (MB)          :     9766    16384     16384 
	   TimeExecute (s)      :        5                    
	   TimeSlotBusy (s)     :       24                    
...
