000 (8017966.554.000) 2026-06-20 22:07:54 Job submitted from host: <128.105.68.112:9618?addrs=128.105.68.112-9618+[2607-f388-2200-100-eaeb-d3ff-fea3-4202]-9618&alias=ap2001.chtc.wisc.edu&noUDP&sock=schedd_4071840_2329>
...
040 (8017966.554.000) 2026-06-21 02:53:08 Started transferring input files
	Transferring to host: <128.105.76.51:9618?addrs=128.105.76.51-9618+[2607-f388-2200-100-925a-8ff-fe34-15b6]-9618&alias=zliu-chtcgpu5000.chtc.wisc.edu&noUDP&sock=backfill1_2_98764_ec29_37083>
...
040 (8017966.554.000) 2026-06-21 02:53:18 Finished transferring input files
...
001 (8017966.554.000) 2026-06-21 02:53:18 Job executing on host: <128.105.76.51:9618?addrs=128.105.76.51-9618+[2607-f388-2200-100-925a-8ff-fe34-15b6]-9618&alias=zliu-chtcgpu5000.chtc.wisc.edu&noUDP&sock=startd_98388_901b>
	SlotName: backfill1_2@zliu-chtcgpu5000.chtc.wisc.edu
	AvailableGPUs = { GPUs_GPU_57c0fd58 }
	CondorScratchDir = "/var/lib/condor/execute/slot1/dir_3265038/scratch"
	Cpus = 1
	Disk = 16777216
	GPUs = 1
	GPUs_GPU_57c0fd58 = [ Id = "GPU-57c0fd58"; Capability = 8.9; DeviceName = "NVIDIA L40S"; DeviceUuid = "57c0fd58-86d9-a141-37fb-b93c6ea11f34"; ECCEnabled = true; NvidiaDriver = "590.48.01"; DriverVersion = 13.1; DevicePciBusId = "0000:A1:00.0"; GlobalMemoryMb = 45460; MaxSupportedVersion = 13010 ]
	IoHeavy = 0
	Memory = 16384
...
006 (8017966.554.000) 2026-06-21 02:53:27 Image size of job updated: 490996
	480  -  MemoryUsage of job (MB)
	490996  -  ResidentSetSize of job (KB)
...
006 (8017966.554.000) 2026-06-21 02:58:28 Image size of job updated: 5553668
	4767  -  MemoryUsage of job (MB)
	4881116  -  ResidentSetSize of job (KB)
...
006 (8017966.554.000) 2026-06-21 03:03:28 Image size of job updated: 6369208
	4767  -  MemoryUsage of job (MB)
	4881116  -  ResidentSetSize of job (KB)
...
006 (8017966.554.000) 2026-06-21 03:08:29 Image size of job updated: 6369208
	5489  -  MemoryUsage of job (MB)
	5620300  -  ResidentSetSize of job (KB)
...
006 (8017966.554.000) 2026-06-21 03:13:30 Image size of job updated: 6965744
	5523  -  MemoryUsage of job (MB)
	5654912  -  ResidentSetSize of job (KB)
...
040 (8017966.554.000) 2026-06-21 03:16:13 Started transferring output files
...
040 (8017966.554.000) 2026-06-21 03:16:14 Finished transferring output files
...
004 (8017966.554.000) 2026-06-21 03:16:15 Job was evicted.
	(0) Job terminated and was requeued
		Usr 0 00:28:25, Sys 0 00:02:31  -  Run Remote Usage
		Usr 0 00:00:00, Sys 0 00:00:00  -  Run Local Usage
	450815487  -  Run Bytes Sent By Job
	2784189734  -  Run Bytes Received By Job
	(1) Normal termination (return value 1)
	The job attribute OnExitRemove expression 'NumJobCompletions > JobMaxRetries || ExitCode =?= 0' evaluated to FALSE
...
040 (8017966.554.000) 2026-06-21 03:16:20 Started transferring input files
	Transferring to host: <128.105.68.168:9618?addrs=128.105.68.168-9618+[2607-f388-2200-100-b62e-99ff-feb7-2dcb]-9618&alias=gpulab2003.chtc.wisc.edu&noUDP&sock=slot2_1_11172_6f3f_5206>
...
040 (8017966.554.000) 2026-06-21 03:16:38 Finished transferring input files
...
001 (8017966.554.000) 2026-06-21 03:16:38 Job executing on host: <128.105.68.168:9618?addrs=128.105.68.168-9618+[2607-f388-2200-100-b62e-99ff-feb7-2dcb]-9618&alias=gpulab2003.chtc.wisc.edu&noUDP&sock=startd_10155_1056>
	SlotName: slot2_1@gpulab2003.chtc.wisc.edu
	AvailableGPUs = { GPUs_GPU_eb157808 }
	CondorScratchDir = "/var/lib/condor/execute/slot2/dir_61186/scratch"
	Cpus = 1
	Disk = 16777216
	GPUs = 1
	GPUs_GPU_eb157808 = [ Id = "GPU-eb157808"; Capability = 7.5; DeviceName = "NVIDIA GeForce RTX 2080 Ti"; DeviceUuid = "eb157808-e649-bc5b-f914-65edf583a978"; ECCEnabled = false; NvidiaDriver = "570.195.03"; DriverVersion = 12.8; DevicePciBusId = "0000:3D:00.0"; GlobalMemoryMb = 10823; MaxSupportedVersion = 12080 ]
	IoHeavy = 0
	Memory = 16384
...
040 (8017966.554.000) 2026-06-21 03:16:42 Started transferring output files
...
040 (8017966.554.000) 2026-06-21 03:16:43 Finished transferring output files
...
004 (8017966.554.000) 2026-06-21 03:16:44 Job was evicted.
	(0) Job terminated and was requeued
		Usr 0 00:00:02, Sys 0 00:00:00  -  Run Remote Usage
		Usr 0 00:00:00, Sys 0 00:00:00  -  Run Local Usage
	450795659  -  Run Bytes Sent By Job
	3234984902  -  Run Bytes Received By Job
	(1) Normal termination (return value 2)
	The job attribute OnExitRemove expression 'NumJobCompletions > JobMaxRetries || ExitCode =?= 0' evaluated to FALSE
...
040 (8017966.554.000) 2026-06-21 03:16:51 Started transferring input files
	Transferring to host: <128.105.76.47:9618?addrs=128.105.76.47-9618+[2607-f388-2200-100-527c-6fff-fe82-826a]-9618&alias=gpu4006.chtc.wisc.edu&noUDP&sock=slot2_1_2618986_4fbd_86890>
...
040 (8017966.554.000) 2026-06-21 03:16:58 Finished transferring input files
...
001 (8017966.554.000) 2026-06-21 03:16:58 Job executing on host: <128.105.76.47:9618?addrs=128.105.76.47-9618+[2607-f388-2200-100-527c-6fff-fe82-826a]-9618&alias=gpu4006.chtc.wisc.edu&noUDP&sock=startd_11220_90b3>
	SlotName: slot2_1@gpu4006.chtc.wisc.edu
	AvailableGPUs = { GPUs_GPU_66dc2611 }
	CondorScratchDir = "/var/lib/condor/execute/slot2/dir_2689548/scratch"
	Cpus = 1
	Disk = 16777216
	GPUs = 1
	GPUs_GPU_66dc2611 = [ Id = "GPU-66dc2611"; Capability = 8.9; DeviceName = "NVIDIA L40S"; DeviceUuid = "66dc2611-e8d4-150f-8e9c-de925917bc63"; ECCEnabled = true; NvidiaDriver = "590.48.01"; DriverVersion = 13.1; DevicePciBusId = "0000:01:00.0"; GlobalMemoryMb = 45460; MaxSupportedVersion = 13010 ]
	IoHeavy = 0
	Memory = 16384
...
040 (8017966.554.000) 2026-06-21 03:17:00 Started transferring output files
...
040 (8017966.554.000) 2026-06-21 03:17:02 Finished transferring output files
...
004 (8017966.554.000) 2026-06-21 03:17:02 Job was evicted.
	(0) Job terminated and was requeued
		Usr 0 00:00:01, Sys 0 00:00:00  -  Run Remote Usage
		Usr 0 00:00:00, Sys 0 00:00:00  -  Run Local Usage
	450795670  -  Run Bytes Sent By Job
	3234984902  -  Run Bytes Received By Job
	(1) Normal termination (return value 2)
	The job attribute OnExitRemove expression 'NumJobCompletions > JobMaxRetries || ExitCode =?= 0' evaluated to FALSE
...
040 (8017966.554.000) 2026-06-21 03:17:05 Started transferring input files
	Transferring to host: <128.105.76.47:9618?addrs=128.105.76.47-9618+[2607-f388-2200-100-527c-6fff-fe82-826a]-9618&alias=gpu4006.chtc.wisc.edu&noUDP&sock=slot2_1_2618986_4fbd_86891>
...
040 (8017966.554.000) 2026-06-21 03:17:25 Finished transferring input files
...
001 (8017966.554.000) 2026-06-21 03:17:25 Job executing on host: <128.105.76.47:9618?addrs=128.105.76.47-9618+[2607-f388-2200-100-527c-6fff-fe82-826a]-9618&alias=gpu4006.chtc.wisc.edu&noUDP&sock=startd_11220_90b3>
	SlotName: slot2_1@gpu4006.chtc.wisc.edu
	AvailableGPUs = { GPUs_GPU_66dc2611 }
	CondorScratchDir = "/var/lib/condor/execute/slot2/dir_2689805/scratch"
	Cpus = 1
	Disk = 16777216
	GPUs = 1
	GPUs_GPU_66dc2611 = [ Id = "GPU-66dc2611"; Capability = 8.9; DeviceName = "NVIDIA L40S"; DeviceUuid = "66dc2611-e8d4-150f-8e9c-de925917bc63"; ECCEnabled = true; NvidiaDriver = "590.48.01"; DriverVersion = 13.1; DevicePciBusId = "0000:01:00.0"; GlobalMemoryMb = 45460; MaxSupportedVersion = 13010 ]
	IoHeavy = 0
	Memory = 16384
...
040 (8017966.554.000) 2026-06-21 03:17:28 Started transferring output files
...
040 (8017966.554.000) 2026-06-21 03:17:29 Finished transferring output files
...
004 (8017966.554.000) 2026-06-21 03:17:30 Job was evicted.
	(0) Job terminated and was requeued
		Usr 0 00:00:01, Sys 0 00:00:00  -  Run Remote Usage
		Usr 0 00:00:00, Sys 0 00:00:00  -  Run Local Usage
	450795670  -  Run Bytes Sent By Job
	3234984902  -  Run Bytes Received By Job
	(1) Normal termination (return value 2)
	The job attribute OnExitRemove expression 'NumJobCompletions > JobMaxRetries || ExitCode =?= 0' evaluated to FALSE
...
040 (8017966.554.000) 2026-06-21 03:17:34 Started transferring input files
	Transferring to host: <128.105.69.63:9618?addrs=128.105.69.63-9618+[2607-f388-2200-100-5aa2-e1ff-febe-455e]-9618&alias=gpu4003.chtc.wisc.edu&noUDP&sock=slot2_5_1549376_4e16_76182>
...
040 (8017966.554.000) 2026-06-21 03:17:47 Finished transferring input files
...
001 (8017966.554.000) 2026-06-21 03:17:47 Job executing on host: <128.105.69.63:9618?addrs=128.105.69.63-9618+[2607-f388-2200-100-5aa2-e1ff-febe-455e]-9618&alias=gpu4003.chtc.wisc.edu&noUDP&sock=startd_3051222_14a9>
	SlotName: slot2_5@gpu4003.chtc.wisc.edu
	AvailableGPUs = { GPUs_GPU_39410294 }
	CondorScratchDir = "/var/lib/condor/execute/slot2/dir_510131/scratch"
	Cpus = 1
	Disk = 16777216
	GPUs = 1
	GPUs_GPU_39410294 = [ Id = "GPU-39410294"; Capability = 9.0; DeviceName = "NVIDIA H100 80GB HBM3"; DeviceUuid = "39410294-4267-2c41-ff41-468049d87bef"; ECCEnabled = true; NvidiaDriver = "570.195.03"; DriverVersion = 12.8; DevicePciBusId = "0000:9A:00.0"; GlobalMemoryMb = 81089; MaxSupportedVersion = 12080 ]
	IoHeavy = 0
	Memory = 16384
...
040 (8017966.554.000) 2026-06-21 03:17:50 Started transferring output files
...
040 (8017966.554.000) 2026-06-21 03:17:51 Finished transferring output files
...
004 (8017966.554.000) 2026-06-21 03:17:52 Job was evicted.
	(0) Job terminated and was requeued
		Usr 0 00:00:02, Sys 0 00:00:00  -  Run Remote Usage
		Usr 0 00:00:00, Sys 0 00:00:00  -  Run Local Usage
	450795656  -  Run Bytes Sent By Job
	3234984902  -  Run Bytes Received By Job
	(1) Normal termination (return value 2)
	The job attribute OnExitRemove expression 'NumJobCompletions > JobMaxRetries || ExitCode =?= 0' evaluated to FALSE
...
040 (8017966.554.000) 2026-06-21 03:17:56 Started transferring input files
	Transferring to host: <128.105.68.168:9618?addrs=128.105.68.168-9618+[2607-f388-2200-100-b62e-99ff-feb7-2dcb]-9618&alias=gpulab2003.chtc.wisc.edu&noUDP&sock=slot2_3_11172_6f3f_5229>
...
040 (8017966.554.000) 2026-06-21 03:18:14 Finished transferring input files
...
001 (8017966.554.000) 2026-06-21 03:18:14 Job executing on host: <128.105.68.168:9618?addrs=128.105.68.168-9618+[2607-f388-2200-100-b62e-99ff-feb7-2dcb]-9618&alias=gpulab2003.chtc.wisc.edu&noUDP&sock=startd_10155_1056>
	SlotName: slot2_3@gpulab2003.chtc.wisc.edu
	AvailableGPUs = { GPUs_GPU_67659b45 }
	CondorScratchDir = "/var/lib/condor/execute/slot2/dir_67028/scratch"
	Cpus = 1
	Disk = 16777216
	GPUs = 1
	GPUs_GPU_67659b45 = [ Id = "GPU-67659b45"; Capability = 7.5; DeviceName = "NVIDIA GeForce RTX 2080 Ti"; DeviceUuid = "67659b45-3a57-03f4-4d85-759f040ffd80"; ECCEnabled = false; NvidiaDriver = "570.195.03"; DriverVersion = 12.8; DevicePciBusId = "0000:B1:00.0"; GlobalMemoryMb = 10823; MaxSupportedVersion = 12080 ]
	IoHeavy = 0
	Memory = 16384
...
040 (8017966.554.000) 2026-06-21 03:18:18 Started transferring output files
...
040 (8017966.554.000) 2026-06-21 03:18:19 Finished transferring output files
...
004 (8017966.554.000) 2026-06-21 03:18:20 Job was evicted.
	(0) Job terminated and was requeued
		Usr 0 00:00:03, Sys 0 00:00:00  -  Run Remote Usage
		Usr 0 00:00:00, Sys 0 00:00:00  -  Run Local Usage
	450795659  -  Run Bytes Sent By Job
	3234984902  -  Run Bytes Received By Job
	(1) Normal termination (return value 2)
	The job attribute OnExitRemove expression 'NumJobCompletions > JobMaxRetries || ExitCode =?= 0' evaluated to FALSE
...
040 (8017966.554.000) 2026-06-21 03:18:31 Started transferring input files
	Transferring to host: <128.105.69.63:9618?addrs=128.105.69.63-9618+[2607-f388-2200-100-5aa2-e1ff-febe-455e]-9618&alias=gpu4003.chtc.wisc.edu&noUDP&sock=slot2_5_1549376_4e16_76193>
...
040 (8017966.554.000) 2026-06-21 03:18:43 Finished transferring input files
...
001 (8017966.554.000) 2026-06-21 03:18:43 Job executing on host: <128.105.69.63:9618?addrs=128.105.69.63-9618+[2607-f388-2200-100-5aa2-e1ff-febe-455e]-9618&alias=gpu4003.chtc.wisc.edu&noUDP&sock=startd_3051222_14a9>
	SlotName: slot2_5@gpu4003.chtc.wisc.edu
	AvailableGPUs = { GPUs_GPU_39410294 }
	CondorScratchDir = "/var/lib/condor/execute/slot2/dir_512553/scratch"
	Cpus = 1
	Disk = 16777216
	GPUs = 1
	GPUs_GPU_39410294 = [ Id = "GPU-39410294"; Capability = 9.0; DeviceName = "NVIDIA H100 80GB HBM3"; DeviceUuid = "39410294-4267-2c41-ff41-468049d87bef"; ECCEnabled = true; NvidiaDriver = "570.195.03"; DriverVersion = 12.8; DevicePciBusId = "0000:9A:00.0"; GlobalMemoryMb = 81089; MaxSupportedVersion = 12080 ]
	IoHeavy = 0
	Memory = 16384
...
040 (8017966.554.000) 2026-06-21 03:18:46 Started transferring output files
...
040 (8017966.554.000) 2026-06-21 03:18:47 Finished transferring output files
...
004 (8017966.554.000) 2026-06-21 03:18:48 Job was evicted.
	(0) Job terminated and was requeued
		Usr 0 00:00:02, Sys 0 00:00:00  -  Run Remote Usage
		Usr 0 00:00:00, Sys 0 00:00:00  -  Run Local Usage
	450795656  -  Run Bytes Sent By Job
	3234984902  -  Run Bytes Received By Job
	(1) Normal termination (return value 2)
	The job attribute OnExitRemove expression 'NumJobCompletions > JobMaxRetries || ExitCode =?= 0' evaluated to FALSE
...
040 (8017966.554.000) 2026-06-21 03:18:57 Started transferring input files
	Transferring to host: <128.105.68.168:9618?addrs=128.105.68.168-9618+[2607-f388-2200-100-b62e-99ff-feb7-2dcb]-9618&alias=gpulab2003.chtc.wisc.edu&noUDP&sock=slot2_4_11172_6f3f_5234>
...
040 (8017966.554.000) 2026-06-21 03:19:14 Finished transferring input files
...
001 (8017966.554.000) 2026-06-21 03:19:14 Job executing on host: <128.105.68.168:9618?addrs=128.105.68.168-9618+[2607-f388-2200-100-b62e-99ff-feb7-2dcb]-9618&alias=gpulab2003.chtc.wisc.edu&noUDP&sock=startd_10155_1056>
	SlotName: slot2_4@gpulab2003.chtc.wisc.edu
	AvailableGPUs = { GPUs_GPU_61902b82 }
	CondorScratchDir = "/var/lib/condor/execute/slot2/dir_69546/scratch"
	Cpus = 1
	Disk = 16777216
	GPUs = 1
	GPUs_GPU_61902b82 = [ Id = "GPU-61902b82"; Capability = 7.5; DeviceName = "NVIDIA GeForce RTX 2080 Ti"; DeviceUuid = "61902b82-cedb-e4be-d010-bca8829ec79b"; ECCEnabled = false; NvidiaDriver = "570.195.03"; DriverVersion = 12.8; DevicePciBusId = "0000:B2:00.0"; GlobalMemoryMb = 10823; MaxSupportedVersion = 12080 ]
	IoHeavy = 0
	Memory = 16384
...
040 (8017966.554.000) 2026-06-21 03:19:18 Started transferring output files
...
040 (8017966.554.000) 2026-06-21 03:19:19 Finished transferring output files
...
004 (8017966.554.000) 2026-06-21 03:19:20 Job was evicted.
	(0) Job terminated and was requeued
		Usr 0 00:00:02, Sys 0 00:00:00  -  Run Remote Usage
		Usr 0 00:00:00, Sys 0 00:00:00  -  Run Local Usage
	450795649  -  Run Bytes Sent By Job
	3234984902  -  Run Bytes Received By Job
	(1) Normal termination (return value 2)
	The job attribute OnExitRemove expression 'NumJobCompletions > JobMaxRetries || ExitCode =?= 0' evaluated to FALSE
...
040 (8017966.554.000) 2026-06-21 03:19:29 Started transferring input files
	Transferring to host: <128.105.68.129:9618?addrs=128.105.68.129-9618+[2607-f388-2200-100-7e8c-9ff-fee9-7284]-9618&alias=gchrysosgpu4000.chtc.wisc.edu&noUDP&sock=backfill1_1_11538_508e_4285>
...
040 (8017966.554.000) 2026-06-21 03:19:44 Finished transferring input files
...
001 (8017966.554.000) 2026-06-21 03:19:44 Job executing on host: <128.105.68.129:9618?addrs=128.105.68.129-9618+[2607-f388-2200-100-7e8c-9ff-fee9-7284]-9618&alias=gchrysosgpu4000.chtc.wisc.edu&noUDP&sock=startd_11234_2b06>
	SlotName: backfill1_1@gchrysosgpu4000.chtc.wisc.edu
	AvailableGPUs = { GPUs_GPU_adfd2ec0 }
	CondorScratchDir = "/var/lib/condor/execute/slot1/dir_2552728/scratch"
	Cpus = 1
	Disk = 16777216
	GPUs = 1
	GPUs_GPU_adfd2ec0 = [ Id = "GPU-adfd2ec0"; Capability = 8.9; DeviceName = "NVIDIA L40S"; DeviceUuid = "adfd2ec0-747a-b3c0-4a19-f00546698dcf"; ECCEnabled = true; NvidiaDriver = "570.195.03"; DriverVersion = 12.8; DevicePciBusId = "0000:C1:00.0"; GlobalMemoryMb = 45468; MaxSupportedVersion = 12080 ]
	IoHeavy = 0
	Memory = 16384
...
040 (8017966.554.000) 2026-06-21 03:19:47 Started transferring output files
...
040 (8017966.554.000) 2026-06-21 03:19:48 Finished transferring output files
...
004 (8017966.554.000) 2026-06-21 03:19:49 Job was evicted.
	(0) Job terminated and was requeued
		Usr 0 00:00:01, Sys 0 00:00:00  -  Run Remote Usage
		Usr 0 00:00:00, Sys 0 00:00:00  -  Run Local Usage
	450795664  -  Run Bytes Sent By Job
	3234984902  -  Run Bytes Received By Job
	(1) Normal termination (return value 2)
	The job attribute OnExitRemove expression 'NumJobCompletions > JobMaxRetries || ExitCode =?= 0' evaluated to FALSE
...
040 (8017966.554.000) 2026-06-21 03:19:53 Started transferring input files
	Transferring to host: <128.105.69.3:9618?addrs=128.105.69.3-9618+[2607-f388-2200-100-7ec2-55ff-fe46-28f2]-9618&alias=gpu4002.chtc.wisc.edu&noUDP&sock=slot1_5_12744_0cff_4153>
...
040 (8017966.554.000) 2026-06-21 03:20:11 Finished transferring input files
...
001 (8017966.554.000) 2026-06-21 03:20:11 Job executing on host: <128.105.69.3:9618?addrs=128.105.69.3-9618+[2607-f388-2200-100-7ec2-55ff-fe46-28f2]-9618&alias=gpu4002.chtc.wisc.edu&noUDP&sock=startd_11312_ab69>
	SlotName: slot1_5@gpu4002.chtc.wisc.edu
	AvailableGPUs = { GPUs_GPU_24660f1c }
	CondorScratchDir = "/var/lib/condor/execute/slot1/dir_3001132/scratch"
	Cpus = 1
	Disk = 16777216
	GPUs = 1
	GPUs_GPU_24660f1c = [ Id = "GPU-24660f1c"; Capability = 8.9; DeviceName = "NVIDIA L40"; DeviceUuid = "24660f1c-9665-dc92-a0c9-04252e1a8138"; ECCEnabled = true; NvidiaDriver = "570.195.03"; DriverVersion = 12.8; DevicePciBusId = "0000:CE:00.0"; GlobalMemoryMb = 45468; MaxSupportedVersion = 12080 ]
	IoHeavy = 0
	Memory = 16384
...
040 (8017966.554.000) 2026-06-21 03:20:15 Started transferring output files
...
040 (8017966.554.000) 2026-06-21 03:20:16 Finished transferring output files
...
004 (8017966.554.000) 2026-06-21 03:20:16 Job was evicted.
	(0) Job terminated and was requeued
		Usr 0 00:00:02, Sys 0 00:00:00  -  Run Remote Usage
		Usr 0 00:00:00, Sys 0 00:00:00  -  Run Local Usage
	450795646  -  Run Bytes Sent By Job
	3234984902  -  Run Bytes Received By Job
	(1) Normal termination (return value 2)
	The job attribute OnExitRemove expression 'NumJobCompletions > JobMaxRetries || ExitCode =?= 0' evaluated to FALSE
...
040 (8017966.554.000) 2026-06-21 03:20:22 Started transferring input files
	Transferring to host: <128.105.69.3:9618?addrs=128.105.69.3-9618+[2607-f388-2200-100-7ec2-55ff-fe46-28f2]-9618&alias=gpu4002.chtc.wisc.edu&noUDP&sock=slot1_5_12744_0cff_4154>
...
040 (8017966.554.000) 2026-06-21 03:20:33 Finished transferring input files
...
001 (8017966.554.000) 2026-06-21 03:20:33 Job executing on host: <128.105.69.3:9618?addrs=128.105.69.3-9618+[2607-f388-2200-100-7ec2-55ff-fe46-28f2]-9618&alias=gpu4002.chtc.wisc.edu&noUDP&sock=startd_11312_ab69>
	SlotName: slot1_5@gpu4002.chtc.wisc.edu
	AvailableGPUs = { GPUs_GPU_24660f1c }
	CondorScratchDir = "/var/lib/condor/execute/slot1/dir_3001435/scratch"
	Cpus = 1
	Disk = 16777216
	GPUs = 1
	GPUs_GPU_24660f1c = [ Id = "GPU-24660f1c"; Capability = 8.9; DeviceName = "NVIDIA L40"; DeviceUuid = "24660f1c-9665-dc92-a0c9-04252e1a8138"; ECCEnabled = true; NvidiaDriver = "570.195.03"; DriverVersion = 12.8; DevicePciBusId = "0000:CE:00.0"; GlobalMemoryMb = 45468; MaxSupportedVersion = 12080 ]
	IoHeavy = 0
	Memory = 16384
...
040 (8017966.554.000) 2026-06-21 03:20:36 Started transferring output files
...
040 (8017966.554.000) 2026-06-21 03:20:38 Finished transferring output files
...
005 (8017966.554.000) 2026-06-21 03:20:38 Job terminated.
	(1) Normal termination (return value 2)
		Usr 0 00:00:02, Sys 0 00:00:00  -  Run Remote Usage
		Usr 0 00:00:00, Sys 0 00:00:00  -  Run Local Usage
		Usr 0 00:28:43, Sys 0 00:02:31  -  Total Remote Usage
		Usr 0 00:00:00, Sys 0 00:00:00  -  Total Local Usage
	450795646  -  Run Bytes Sent By Job
	3234984902  -  Run Bytes Received By Job
	4958772062  -  Total Bytes Sent By Job
	35134038754  -  Total Bytes Received By Job
	Partitionable Resources :      Usage  Request Allocated Assigned
	   Cpus                 :       0.92        1         1 
	   Disk (KB)            : 3159202    16777216  16777216 
	   GPUs                 :       0           1         1 "GPU-24660f1c"
	   IoHeavy              :                             0 
	   Memory (MB)          :    7325       16384     16384 
	   TimeExecute (s)      :       3                       
	   TimeSlotBusy (s)     :      16                       
...
