000 (8017966.543.000) 2026-06-20 22:07:54 Job submitted from host: <128.105.68.112:9618?addrs=128.105.68.112-9618+[2607-f388-2200-100-eaeb-d3ff-fea3-4202]-9618&alias=ap2001.chtc.wisc.edu&noUDP&sock=schedd_4071840_2329>
...
040 (8017966.543.000) 2026-06-21 02:50:03 Started transferring input files
	Transferring to host: <128.105.69.60:9618?addrs=128.105.69.60-9618+[2607-f388-2200-100-527c-6fff-fe66-e7e2]-9618&alias=blengerichgpu4000.chtc.wisc.edu&noUDP&sock=backfill1_4_1843674_de95_94963>
...
040 (8017966.543.000) 2026-06-21 02:50:13 Finished transferring input files
...
001 (8017966.543.000) 2026-06-21 02:50:13 Job executing on host: <128.105.69.60:9618?addrs=128.105.69.60-9618+[2607-f388-2200-100-527c-6fff-fe66-e7e2]-9618&alias=blengerichgpu4000.chtc.wisc.edu&noUDP&sock=startd_11585_ecc4>
	SlotName: backfill1_4@blengerichgpu4000.chtc.wisc.edu
	AvailableGPUs = { GPUs_GPU_535fb437 }
	CondorScratchDir = "/var/lib/condor/execute/slot1/dir_3456161/scratch"
	Cpus = 1
	Disk = 16777216
	GPUs = 1
	GPUs_GPU_535fb437 = [ Id = "GPU-535fb437"; Capability = 8.9; DeviceName = "NVIDIA L40S"; DeviceUuid = "535fb437-9f44-5e44-20eb-367f2a82fd2a"; ECCEnabled = true; NvidiaDriver = "570.195.03"; DriverVersion = 12.8; DevicePciBusId = "0000:BD:00.0"; GlobalMemoryMb = 45468; MaxSupportedVersion = 12080 ]
	IoHeavy = 0
	Memory = 16384
...
006 (8017966.543.000) 2026-06-21 02:50:22 Image size of job updated: 399340
	390  -  MemoryUsage of job (MB)
	399340  -  ResidentSetSize of job (KB)
...
006 (8017966.543.000) 2026-06-21 02:55:22 Image size of job updated: 970848
	947  -  MemoryUsage of job (MB)
	969356  -  ResidentSetSize of job (KB)
...
006 (8017966.543.000) 2026-06-21 03:00:23 Image size of job updated: 970848
	948  -  MemoryUsage of job (MB)
	970204  -  ResidentSetSize of job (KB)
...
006 (8017966.543.000) 2026-06-21 03:05:24 Image size of job updated: 974312
	952  -  MemoryUsage of job (MB)
	974248  -  ResidentSetSize of job (KB)
...
006 (8017966.543.000) 2026-06-21 03:10:24 Image size of job updated: 979980
	958  -  MemoryUsage of job (MB)
	979980  -  ResidentSetSize of job (KB)
...
006 (8017966.543.000) 2026-06-21 03:15:25 Image size of job updated: 984344
	962  -  MemoryUsage of job (MB)
	984344  -  ResidentSetSize of job (KB)
...
006 (8017966.543.000) 2026-06-21 03:20:26 Image size of job updated: 989832
	967  -  MemoryUsage of job (MB)
	989832  -  ResidentSetSize of job (KB)
...
006 (8017966.543.000) 2026-06-21 03:25:26 Image size of job updated: 995468
	973  -  MemoryUsage of job (MB)
	995468  -  ResidentSetSize of job (KB)
...
006 (8017966.543.000) 2026-06-21 03:30:27 Image size of job updated: 998236
	973  -  MemoryUsage of job (MB)
	995468  -  ResidentSetSize of job (KB)
...
006 (8017966.543.000) 2026-06-21 03:35:27 Image size of job updated: 1004292
	981  -  MemoryUsage of job (MB)
	1004292  -  ResidentSetSize of job (KB)
...
040 (8017966.543.000) 2026-06-21 03:40:44 Started transferring output files
...
040 (8017966.543.000) 2026-06-21 03:40:44 Finished transferring output files
...
005 (8017966.543.000) 2026-06-21 03:40:44 Job terminated.
	(1) Normal termination (return value 0)
		Usr 0 00:51:04, Sys 0 00:18:42  -  Run Remote Usage
		Usr 0 00:00:00, Sys 0 00:00:00  -  Run Local Usage
		Usr 0 00:51:04, Sys 0 00:18:42  -  Total Remote Usage
		Usr 0 00:00:00, Sys 0 00:00:00  -  Total Local Usage
	2931988  -  Run Bytes Sent By Job
	2781828948  -  Run Bytes Received By Job
	2931988  -  Total Bytes Sent By Job
	2781828948  -  Total Bytes Received By Job
	Partitionable Resources :      Usage  Request Allocated Assigned
	   Cpus                 :       1.41        1         1 
	   Disk (KB)            : 2729762    16777216  16777216 
	   GPUs                 :       0.92        1         1 "GPU-535fb437"
	   GpusMemory (MB)      :    6782                       
	   IoHeavy              :                             0 
	   Memory (MB)          :     981       16384     16384 
	   TimeExecute (s)      :    3031                       
	   TimeSlotBusy (s)     :    3041                       
...
