000 (8180963.069.000) 2026-06-24 12:19:47 Job submitted from host: <128.105.68.112:9618?addrs=128.105.68.112-9618+[2607-f388-2200-100-eaeb-d3ff-fea3-4202]-9618&alias=ap2001.chtc.wisc.edu&noUDP&sock=schedd_4071840_2329>
...
040 (8180963.069.000) 2026-06-24 13:55:11 Started transferring input files
	Transferring to host: <128.104.100.117:9618?addrs=128.104.100.117-9618+[2607-f388-107c-501-8ae9-a4ff-fe02-e150]-9618&alias=jcaicedogpu0003.chtc.wisc.edu&noUDP&sock=backfill1_6_1586877_26eb_111092>
...
040 (8180963.069.000) 2026-06-24 13:55:14 Finished transferring input files
...
022 (8180963.069.000) 2026-06-24 13:55:14 Job disconnected, attempting to reconnect
    Socket between submit and execute hosts closed unexpectedly
    Trying to reconnect to backfill1_6@jcaicedogpu0003.chtc.wisc.edu <128.104.100.117:9618?addrs=128.104.100.117-9618+[2607-f388-107c-501-8ae9-a4ff-fe02-e150]-9618&alias=jcaicedogpu0003.chtc.wisc.edu&noUDP&sock=startd_10874_3cee>
...
024 (8180963.069.000) 2026-06-24 13:55:23 Job reconnection failed
    Job not found at execution machine
    Can not reconnect to backfill1_6@jcaicedogpu0003.chtc.wisc.edu, rescheduling job
...
004 (8180963.069.000) 2026-06-24 13:55:23 Job was evicted. Code 1008 Subcode 0
	(0) CPU times
		Usr 0 00:00:00, Sys 0 00:00:00  -  Run Remote Usage
		Usr 0 00:00:00, Sys 0 00:00:00  -  Run Local Usage
	0  -  Run Bytes Sent By Job
	0  -  Run Bytes Received By Job
	Reason: Job not found at execution machine
	Partitionable Resources :     Usage  Request Allocated Assigned
	   Cpus                 :      0.01        1         1 
	   Disk (KB)            : 608516    16777216  16777216 
	   GPUs                 :                  1         1 "GPU-f577c034"
	   IoHeavy              :                            0 
	   Memory (MB)          :              16384     16384 
...
040 (8180963.069.000) 2026-06-24 14:05:30 Started transferring input files
	Transferring to host: <128.104.100.17:9618?addrs=128.104.100.17-9618+[2607-f388-107c-501-527c-6fff-fe66-e9bc]-9618&alias=jcaicedogpu0002.chtc.wisc.edu&noUDP&sock=backfill1_8_2855957_d182_101150>
...
040 (8180963.069.000) 2026-06-24 14:05:42 Finished transferring input files
...
001 (8180963.069.000) 2026-06-24 14:05:42 Job executing on host: <128.104.100.17:9618?addrs=128.104.100.17-9618+[2607-f388-107c-501-527c-6fff-fe66-e9bc]-9618&alias=jcaicedogpu0002.chtc.wisc.edu&noUDP&sock=startd_11788_2a7e>
	SlotName: backfill1_8@jcaicedogpu0002.chtc.wisc.edu
	AvailableGPUs = { GPUs_GPU_555b5363 }
	CondorScratchDir = "/var/lib/condor/execute/slot1/dir_1574702/scratch"
	Cpus = 1
	Disk = 16777216
	GPUs = 1
	GPUs_GPU_555b5363 = [ Id = "GPU-555b5363"; Capability = 8.9; DeviceName = "NVIDIA L40S"; DeviceUuid = "555b5363-2206-6699-9cc2-7a11eb770803"; ECCEnabled = true; NvidiaDriver = "570.195.03"; DriverVersion = 12.8; DevicePciBusId = "0000:17:00.0"; GlobalMemoryMb = 45468; MaxSupportedVersion = 12080 ]
	IoHeavy = 0
	Memory = 16384
...
006 (8180963.069.000) 2026-06-24 14:05:51 Image size of job updated: 373064
	365  -  MemoryUsage of job (MB)
	373064  -  ResidentSetSize of job (KB)
...
006 (8180963.069.000) 2026-06-24 14:10:51 Image size of job updated: 4175468
	3548  -  MemoryUsage of job (MB)
	3632936  -  ResidentSetSize of job (KB)
...
006 (8180963.069.000) 2026-06-24 14:15:52 Image size of job updated: 4999000
	4882  -  MemoryUsage of job (MB)
	4999000  -  ResidentSetSize of job (KB)
...
006 (8180963.069.000) 2026-06-24 14:20:53 Image size of job updated: 5224932
	4882  -  MemoryUsage of job (MB)
	4999000  -  ResidentSetSize of job (KB)
...
006 (8180963.069.000) 2026-06-24 14:25:53 Image size of job updated: 5691900
	5559  -  MemoryUsage of job (MB)
	5691900  -  ResidentSetSize of job (KB)
...
006 (8180963.069.000) 2026-06-24 14:30:54 Image size of job updated: 5912496
	5559  -  MemoryUsage of job (MB)
	5691900  -  ResidentSetSize of job (KB)
...
006 (8180963.069.000) 2026-06-24 14:35:55 Image size of job updated: 6357264
	6209  -  MemoryUsage of job (MB)
	6357264  -  ResidentSetSize of job (KB)
...
006 (8180963.069.000) 2026-06-24 14:36:32 Image size of job updated: 6450592
	6209  -  MemoryUsage of job (MB)
	6357264  -  ResidentSetSize of job (KB)
...
040 (8180963.069.000) 2026-06-24 14:36:32 Started transferring output files
...
040 (8180963.069.000) 2026-06-24 14:36:32 Finished transferring output files
...
004 (8180963.069.000) 2026-06-24 14:36:33 Job was evicted.
	(0) Job terminated and was requeued
		Usr 0 00:34:21, Sys 0 00:01:10  -  Run Remote Usage
		Usr 0 00:00:00, Sys 0 00:00:00  -  Run Local Usage
	110327  -  Run Bytes Sent By Job
	2784360918  -  Run Bytes Received By Job
	(1) Normal termination (return value 1)
	The job attribute OnExitRemove expression 'NumJobCompletions > JobMaxRetries || ExitCode =?= 0' evaluated to FALSE
...
040 (8180963.069.000) 2026-06-24 14:37:00 Started transferring input files
	Transferring to host: <128.104.100.17:9618?addrs=128.104.100.17-9618+[2607-f388-107c-501-527c-6fff-fe66-e9bc]-9618&alias=jcaicedogpu0002.chtc.wisc.edu&noUDP&sock=backfill1_8_2855957_d182_101221>
...
040 (8180963.069.000) 2026-06-24 14:37:19 Finished transferring input files
...
001 (8180963.069.000) 2026-06-24 14:37:19 Job executing on host: <128.104.100.17:9618?addrs=128.104.100.17-9618+[2607-f388-107c-501-527c-6fff-fe66-e9bc]-9618&alias=jcaicedogpu0002.chtc.wisc.edu&noUDP&sock=startd_11788_2a7e>
	SlotName: backfill1_8@jcaicedogpu0002.chtc.wisc.edu
	AvailableGPUs = { GPUs_GPU_555b5363 }
	CondorScratchDir = "/var/lib/condor/execute/slot1/dir_1654265/scratch"
	Cpus = 1
	Disk = 16777216
	GPUs = 1
	GPUs_GPU_555b5363 = [ Id = "GPU-555b5363"; Capability = 8.9; DeviceName = "NVIDIA L40S"; DeviceUuid = "555b5363-2206-6699-9cc2-7a11eb770803"; ECCEnabled = true; NvidiaDriver = "570.195.03"; DriverVersion = 12.8; DevicePciBusId = "0000:17:00.0"; GlobalMemoryMb = 45468; MaxSupportedVersion = 12080 ]
	IoHeavy = 0
	Memory = 16384
...
040 (8180963.069.000) 2026-06-24 15:08:20 Started transferring output files
...
040 (8180963.069.000) 2026-06-24 15:08:20 Finished transferring output files
...
004 (8180963.069.000) 2026-06-24 15:08:20 Job was evicted.
	(0) Job terminated and was requeued
		Usr 0 00:40:15, Sys 0 00:01:33  -  Run Remote Usage
		Usr 0 00:00:00, Sys 0 00:00:00  -  Run Local Usage
	110327  -  Run Bytes Sent By Job
	2784360918  -  Run Bytes Received By Job
	(1) Normal termination (return value 1)
	The job attribute OnExitRemove expression 'NumJobCompletions > JobMaxRetries || ExitCode =?= 0' evaluated to FALSE
...
040 (8180963.069.000) 2026-06-24 15:09:33 Started transferring input files
	Transferring to host: <128.104.100.17:9618?addrs=128.104.100.17-9618+[2607-f388-107c-501-527c-6fff-fe66-e9bc]-9618&alias=jcaicedogpu0002.chtc.wisc.edu&noUDP&sock=backfill1_7_2855957_d182_101342>
...
040 (8180963.069.000) 2026-06-24 15:30:59 Finished transferring input files
...
001 (8180963.069.000) 2026-06-24 15:30:59 Job executing on host: <128.104.100.17:9618?addrs=128.104.100.17-9618+[2607-f388-107c-501-527c-6fff-fe66-e9bc]-9618&alias=jcaicedogpu0002.chtc.wisc.edu&noUDP&sock=startd_11788_2a7e>
	SlotName: backfill1_7@jcaicedogpu0002.chtc.wisc.edu
	AvailableGPUs = { GPUs_GPU_4397e9de }
	CondorScratchDir = "/var/lib/condor/execute/slot1/dir_1788954/scratch"
	Cpus = 1
	Disk = 16777216
	GPUs = 1
	GPUs_GPU_4397e9de = [ Id = "GPU-4397e9de"; Capability = 8.9; DeviceName = "NVIDIA L40S"; DeviceUuid = "4397e9de-77b1-68bf-2da8-dcaf5ea744d9"; ECCEnabled = true; NvidiaDriver = "570.195.03"; DriverVersion = 12.8; DevicePciBusId = "0000:3D:00.0"; GlobalMemoryMb = 45468; MaxSupportedVersion = 12080 ]
	IoHeavy = 0
	Memory = 16384
...
040 (8180963.069.000) 2026-06-24 16:01:45 Started transferring output files
...
040 (8180963.069.000) 2026-06-24 16:01:45 Finished transferring output files
...
004 (8180963.069.000) 2026-06-24 16:01:45 Job was evicted.
	(0) Job terminated and was requeued
		Usr 0 00:35:06, Sys 0 00:01:37  -  Run Remote Usage
		Usr 0 00:00:00, Sys 0 00:00:00  -  Run Local Usage
	110333  -  Run Bytes Sent By Job
	2784360918  -  Run Bytes Received By Job
	(1) Normal termination (return value 1)
	The job attribute OnExitRemove expression 'NumJobCompletions > JobMaxRetries || ExitCode =?= 0' evaluated to FALSE
...
040 (8180963.069.000) 2026-06-24 16:02:32 Started transferring input files
	Transferring to host: <10.226.104.221:41583?CCBID=128.105.82.148:9618%3faddrs%3d128.105.82.148-9618+[2607-f388-2200-9d-7ccb-bc08-2489-7689]-9618%26alias%3dospool-ccb.osg.chtc.io%26noUDP%26sock%3dcollector2#4729521%2067.58.49.91:9618%3faddrs%3d67.58.49.91-9618+[fdf0-17b3-c3ec-1f79-10-0-d-2091]-9618%26alias%3dccb-2.ospool.osg-htc.org%26noUDP%26sock%3dcollector2#4727604&PrivNet=gpu021.rci.montana.edu&addrs=10.226.104.221-41583&alias=gpu021.rci.montana.edu&noUDP>
...
040 (8180963.069.000) 2026-06-24 16:05:05 Finished transferring input files
...
021 (8180963.069.000) 2026-06-24 16:05:06 Message from starter on slot1_1@glidein_133583_395458400@gpu021.rci.montana.edu:
	PREPARE_JOB (prepare-hook) succeeded (reported status 000): Using Singularity image openfe_1.11.1.sif
...
001 (8180963.069.000) 2026-06-24 16:05:06 Job executing on host: <10.226.104.221:46569?CCBID=128.105.82.148:9618%3faddrs%3d128.105.82.148-9618+[2607-f388-2200-9d-7ccb-bc08-2489-7689]-9618%26alias%3dospool-ccb.osg.chtc.io%26noUDP%26sock%3dcollector10#4717235%2067.58.49.91:9618%3faddrs%3d67.58.49.91-9618+[fdf0-17b3-c3ec-1f79-10-0-d-2091]-9618%26alias%3dccb-2.ospool.osg-htc.org%26noUDP%26sock%3dcollector4#4710314&PrivNet=gpu021.rci.montana.edu&addrs=10.226.104.221-46569&alias=gpu021.rci.montana.edu&noUDP>
	SlotName: slot1_1@glidein_133583_395458400@gpu021.rci.montana.edu
	AvailableGPUs = { GPUs_GPU_224d9478 }
	CondorScratchDir = "/tmp/jobs/4126934/glide_xArfKs/execute/dir_543045/scratch"
	Cpus = 1
	Disk = 16777216
	GPUs = 1
	GPUs_GPU_224d9478 = [ Id = "GPU-224d9478"; ClockMhz = 1980.0; Capability = 9.0; CoresPerCU = 128; DeviceName = "NVIDIA H100 80GB HBM3"; DeviceUuid = "224d9478-4171-f0e4-75e2-9d0f53ea136e"; ECCEnabled = true; ComputeUnits = 132; NvidiaDriver = "595.71.05"; DriverVersion = 13.2; DevicePciBusId = "0000:DB:00.0"; GlobalMemoryMb = 81081; MaxSupportedVersion = 13020 ]
	Memory = 16384
...
006 (8180963.069.000) 2026-06-24 16:10:16 Image size of job updated: 56032136
	7325  -  MemoryUsage of job (MB)
	7500000  -  ResidentSetSize of job (KB)
...
006 (8180963.069.000) 2026-06-24 16:15:16 Image size of job updated: 60105692
	7325  -  MemoryUsage of job (MB)
	7500000  -  ResidentSetSize of job (KB)
...
006 (8180963.069.000) 2026-06-24 16:20:17 Image size of job updated: 67333992
	7325  -  MemoryUsage of job (MB)
	7500000  -  ResidentSetSize of job (KB)
...
006 (8180963.069.000) 2026-06-24 16:25:17 Image size of job updated: 67501672
	7325  -  MemoryUsage of job (MB)
	7500000  -  ResidentSetSize of job (KB)
...
006 (8180963.069.000) 2026-06-24 16:35:18 Image size of job updated: 68006540
	7325  -  MemoryUsage of job (MB)
	7500000  -  ResidentSetSize of job (KB)
...
006 (8180963.069.000) 2026-06-24 16:45:19 Image size of job updated: 68006540
	7921  -  MemoryUsage of job (MB)
	8110716  -  ResidentSetSize of job (KB)
...
006 (8180963.069.000) 2026-06-24 16:48:10 Image size of job updated: 68837960
	8443  -  MemoryUsage of job (MB)
	8645212  -  ResidentSetSize of job (KB)
...
040 (8180963.069.000) 2026-06-24 16:48:10 Started transferring output files
...
040 (8180963.069.000) 2026-06-24 16:48:11 Finished transferring output files
...
004 (8180963.069.000) 2026-06-24 16:48:11 Job was evicted.
	(0) Job terminated and was requeued
		Usr 0 00:44:11, Sys 0 00:00:53  -  Run Remote Usage
		Usr 0 00:00:00, Sys 0 00:00:00  -  Run Local Usage
	103138  -  Run Bytes Sent By Job
	2784360918  -  Run Bytes Received By Job
	(1) Normal termination (return value 1)
	The job attribute OnExitRemove expression 'NumJobCompletions > JobMaxRetries || ExitCode =?= 0' evaluated to FALSE
...
040 (8180963.069.000) 2026-06-24 16:48:59 Started transferring input files
	Transferring to host: <128.104.103.104:9618?addrs=128.104.103.104-9618+[2607-f388-107c-501-ae1f-6bff-fe40-ce2e]-9618&alias=gitter0000.chtc.wisc.edu&noUDP&sock=slot2_3_8979_4486_17090>
...
040 (8180963.069.000) 2026-06-24 16:49:33 Finished transferring input files
...
001 (8180963.069.000) 2026-06-24 16:49:33 Job executing on host: <128.104.103.104:9618?addrs=128.104.103.104-9618+[2607-f388-107c-501-ae1f-6bff-fe40-ce2e]-9618&alias=gitter0000.chtc.wisc.edu&noUDP&sock=startd_8665_0c39>
	SlotName: slot2_3@gitter0000.chtc.wisc.edu
	AvailableGPUs = { GPUs_GPU_ef72567f }
	CondorScratchDir = "/var/lib/condor/execute/slot2/dir_2470264/scratch"
	Cpus = 1
	Disk = 16777216
	GPUs = 1
	GPUs_GPU_ef72567f = [ Id = "GPU-ef72567f"; Capability = 6.1; DeviceName = "NVIDIA GeForce GTX 1080 Ti"; DeviceUuid = "ef72567f-a470-7f68-32a7-eb3e859e8d5a"; ECCEnabled = false; NvidiaDriver = "570.195.03"; DriverVersion = 12.8; DevicePciBusId = "0000:86:00.0"; GlobalMemoryMb = 11165; MaxSupportedVersion = 12080 ]
	IoHeavy = 0
	Memory = 16384
...
040 (8180963.069.000) 2026-06-24 17:45:36 Started transferring output files
...
040 (8180963.069.000) 2026-06-24 17:45:36 Finished transferring output files
...
004 (8180963.069.000) 2026-06-24 17:45:36 Job was evicted.
	(0) Job terminated and was requeued
		Usr 0 01:06:12, Sys 0 00:01:28  -  Run Remote Usage
		Usr 0 00:00:00, Sys 0 00:00:00  -  Run Local Usage
	110312  -  Run Bytes Sent By Job
	2784360918  -  Run Bytes Received By Job
	(1) Normal termination (return value 1)
	The job attribute OnExitRemove expression 'NumJobCompletions > JobMaxRetries || ExitCode =?= 0' evaluated to FALSE
...
040 (8180963.069.000) 2026-06-24 17:45:47 Started transferring input files
	Transferring to host: <128.105.68.129:9618?addrs=128.105.68.129-9618+[2607-f388-2200-100-7e8c-9ff-fee9-7284]-9618&alias=gchrysosgpu4000.chtc.wisc.edu&noUDP&sock=backfill1_4_11538_508e_14177>
...
040 (8180963.069.000) 2026-06-24 17:48:11 Finished transferring input files
...
001 (8180963.069.000) 2026-06-24 17:48:11 Job executing on host: <128.105.68.129:9618?addrs=128.105.68.129-9618+[2607-f388-2200-100-7e8c-9ff-fee9-7284]-9618&alias=gchrysosgpu4000.chtc.wisc.edu&noUDP&sock=startd_11234_2b06>
	SlotName: backfill1_4@gchrysosgpu4000.chtc.wisc.edu
	AvailableGPUs = { GPUs_GPU_a7eb415d }
	CondorScratchDir = "/var/lib/condor/execute/slot1/dir_1907001/scratch"
	Cpus = 1
	Disk = 16777216
	GPUs = 1
	GPUs_GPU_a7eb415d = [ Id = "GPU-a7eb415d"; Capability = 8.9; DeviceName = "NVIDIA L40S"; DeviceUuid = "a7eb415d-ad80-a7f5-4da4-f4abf56d5f33"; ECCEnabled = true; NvidiaDriver = "570.195.03"; DriverVersion = 12.8; DevicePciBusId = "0000:AD:00.0"; GlobalMemoryMb = 45468; MaxSupportedVersion = 12080 ]
	IoHeavy = 0
	Memory = 16384
...
040 (8180963.069.000) 2026-06-24 18:18:28 Started transferring output files
...
040 (8180963.069.000) 2026-06-24 18:18:28 Finished transferring output files
...
004 (8180963.069.000) 2026-06-24 18:18:28 Job was evicted.
	(0) Job terminated and was requeued
		Usr 0 00:43:55, Sys 0 00:01:53  -  Run Remote Usage
		Usr 0 00:00:00, Sys 0 00:00:00  -  Run Local Usage
	110337  -  Run Bytes Sent By Job
	2708421078  -  Run Bytes Received By Job
	(1) Normal termination (return value 1)
	The job attribute OnExitRemove expression 'NumJobCompletions > JobMaxRetries || ExitCode =?= 0' evaluated to FALSE
...
040 (8180963.069.000) 2026-06-24 18:18:45 Started transferring input files
	Transferring to host: <128.105.68.129:9618?addrs=128.105.68.129-9618+[2607-f388-2200-100-7e8c-9ff-fee9-7284]-9618&alias=gchrysosgpu4000.chtc.wisc.edu&noUDP&sock=backfill1_4_11538_508e_14248>
...
040 (8180963.069.000) 2026-06-24 18:18:58 Finished transferring input files
...
001 (8180963.069.000) 2026-06-24 18:18:58 Job executing on host: <128.105.68.129:9618?addrs=128.105.68.129-9618+[2607-f388-2200-100-7e8c-9ff-fee9-7284]-9618&alias=gchrysosgpu4000.chtc.wisc.edu&noUDP&sock=startd_11234_2b06>
	SlotName: backfill1_4@gchrysosgpu4000.chtc.wisc.edu
	AvailableGPUs = { GPUs_GPU_a7eb415d }
	CondorScratchDir = "/var/lib/condor/execute/slot1/dir_1942404/scratch"
	Cpus = 1
	Disk = 16777216
	GPUs = 1
	GPUs_GPU_a7eb415d = [ Id = "GPU-a7eb415d"; Capability = 8.9; DeviceName = "NVIDIA L40S"; DeviceUuid = "a7eb415d-ad80-a7f5-4da4-f4abf56d5f33"; ECCEnabled = true; NvidiaDriver = "570.195.03"; DriverVersion = 12.8; DevicePciBusId = "0000:AD:00.0"; GlobalMemoryMb = 45468; MaxSupportedVersion = 12080 ]
	IoHeavy = 0
	Memory = 16384
...
040 (8180963.069.000) 2026-06-24 18:48:57 Started transferring output files
...
040 (8180963.069.000) 2026-06-24 18:48:57 Finished transferring output files
...
004 (8180963.069.000) 2026-06-24 18:48:58 Job was evicted.
	(0) Job terminated and was requeued
		Usr 0 00:35:21, Sys 0 00:01:21  -  Run Remote Usage
		Usr 0 00:00:00, Sys 0 00:00:00  -  Run Local Usage
	110338  -  Run Bytes Sent By Job
	2784360918  -  Run Bytes Received By Job
	(1) Normal termination (return value 1)
	The job attribute OnExitRemove expression 'NumJobCompletions > JobMaxRetries || ExitCode =?= 0' evaluated to FALSE
...
040 (8180963.069.000) 2026-06-24 18:49:59 Started transferring input files
	Transferring to host: <128.105.69.60:9618?addrs=128.105.69.60-9618+[2607-f388-2200-100-527c-6fff-fe66-e7e2]-9618&alias=blengerichgpu4000.chtc.wisc.edu&noUDP&sock=backfill1_6_1843674_de95_104996>
...
040 (8180963.069.000) 2026-06-24 18:52:27 Finished transferring input files
...
001 (8180963.069.000) 2026-06-24 18:52:27 Job executing on host: <128.105.69.60:9618?addrs=128.105.69.60-9618+[2607-f388-2200-100-527c-6fff-fe66-e7e2]-9618&alias=blengerichgpu4000.chtc.wisc.edu&noUDP&sock=startd_11585_ecc4>
	SlotName: backfill1_6@blengerichgpu4000.chtc.wisc.edu
	AvailableGPUs = { GPUs_GPU_56c8300e }
	CondorScratchDir = "/var/lib/condor/execute/slot1/dir_3376173/scratch"
	Cpus = 1
	Disk = 16777216
	GPUs = 1
	GPUs_GPU_56c8300e = [ Id = "GPU-56c8300e"; Capability = 8.9; DeviceName = "NVIDIA L40S"; DeviceUuid = "56c8300e-2783-65ce-0535-6f3c9f590082"; ECCEnabled = true; NvidiaDriver = "570.195.03"; DriverVersion = 12.8; DevicePciBusId = "0000:50:00.0"; GlobalMemoryMb = 45468; MaxSupportedVersion = 12080 ]
	IoHeavy = 0
	Memory = 16384
...
040 (8180963.069.000) 2026-06-24 19:22:37 Started transferring output files
...
040 (8180963.069.000) 2026-06-24 19:22:37 Finished transferring output files
...
004 (8180963.069.000) 2026-06-24 19:22:38 Job was evicted.
	(0) Job terminated and was requeued
		Usr 0 00:42:08, Sys 0 00:02:05  -  Run Remote Usage
		Usr 0 00:00:00, Sys 0 00:00:00  -  Run Local Usage
	110340  -  Run Bytes Sent By Job
	2722429398  -  Run Bytes Received By Job
	(1) Normal termination (return value 1)
	The job attribute OnExitRemove expression 'NumJobCompletions > JobMaxRetries || ExitCode =?= 0' evaluated to FALSE
...
040 (8180963.069.000) 2026-06-24 19:22:49 Started transferring input files
	Transferring to host: <128.105.68.103:9618?addrs=128.105.68.103-9618+[2607-f388-2200-100-1270-fdff-fe74-930]-9618&alias=gpu2011.chtc.wisc.edu&noUDP&sock=slot2_6_3669582_3c1f_95758>
...
040 (8180963.069.000) 2026-06-24 19:57:47 Finished transferring input files
...
001 (8180963.069.000) 2026-06-24 19:57:47 Job executing on host: <128.105.68.103:9618?addrs=128.105.68.103-9618+[2607-f388-2200-100-1270-fdff-fe74-930]-9618&alias=gpu2011.chtc.wisc.edu&noUDP&sock=startd_12054_9eaf>
	SlotName: slot2_6@gpu2011.chtc.wisc.edu
	AvailableGPUs = { GPUs_MIG_c228c0c4_74b2_548e_864a_467aab09c576 }
	CondorScratchDir = "/var/lib/condor/execute/slot2/dir_3819539/scratch"
	Cpus = 1
	Disk = 16777216
	GPUs = 1
	GPUs_MIG_c228c0c4_74b2_548e_864a_467aab09c576 = [ Id = "MIG-c228c0c4-74b2-548e-864a-467aab09c576"; Capability = 8.0; DeviceName = "NVIDIA A100-SXM4-80GB MIG 3g.40gb"; DeviceUuid = "MIG-c228c0c4-74b2-548e-864a-467aab09c576"; ECCEnabled = true; NvidiaDriver = "570.195.03"; DriverVersion = 12.8; DevicePciBusId = "0000:C1:00.0"; GlobalMemoryMb = 40100; MaxSupportedVersion = 12080 ]
	IoHeavy = 0
	Memory = 16384
...
040 (8180963.069.000) 2026-06-24 20:34:19 Started transferring output files
...
040 (8180963.069.000) 2026-06-24 20:34:19 Finished transferring output files
...
004 (8180963.069.000) 2026-06-24 20:34:20 Job was evicted.
	(0) Job terminated and was requeued
		Usr 0 00:46:54, Sys 0 00:03:19  -  Run Remote Usage
		Usr 0 00:00:00, Sys 0 00:00:00  -  Run Local Usage
	110286  -  Run Bytes Sent By Job
	1920580054  -  Run Bytes Received By Job
	(1) Normal termination (return value 1)
	The job attribute OnExitRemove expression 'NumJobCompletions > JobMaxRetries || ExitCode =?= 0' evaluated to FALSE
...
040 (8180963.069.000) 2026-06-24 20:34:57 Started transferring input files
	Transferring to host: <128.104.103.48:9618?addrs=128.104.103.48-9618+[2607-f388-107c-501-ae1f-6bff-fe2c-2f00]-9618&alias=vetsigian0001.chtc.wisc.edu&noUDP&sock=slot2_4_10681_7b0b_19707>
...
040 (8180963.069.000) 2026-06-24 20:36:43 Finished transferring input files
...
001 (8180963.069.000) 2026-06-24 20:36:43 Job executing on host: <128.104.103.48:9618?addrs=128.104.103.48-9618+[2607-f388-107c-501-ae1f-6bff-fe2c-2f00]-9618&alias=vetsigian0001.chtc.wisc.edu&noUDP&sock=startd_9913_126b>
	SlotName: slot2_4@vetsigian0001.chtc.wisc.edu
	AvailableGPUs = { GPUs_GPU_0c640e20 }
	CondorScratchDir = "/var/lib/condor/execute/slot2/dir_414694/scratch"
	Cpus = 1
	Disk = 16777216
	GPUs = 1
	GPUs_GPU_0c640e20 = [ Id = "GPU-0c640e20"; Capability = 7.5; DeviceName = "NVIDIA GeForce RTX 2080 Ti"; DeviceUuid = "0c640e20-b6ea-dd63-b391-be95cfa04742"; ECCEnabled = false; NvidiaDriver = "550.54.14"; DriverVersion = 12.4; DevicePciBusId = "0000:3E:00.0"; GlobalMemoryMb = 11004; MaxSupportedVersion = 12040 ]
	IoHeavy = 0
	Memory = 16384
...
040 (8180963.069.000) 2026-06-24 21:25:46 Started transferring output files
...
040 (8180963.069.000) 2026-06-24 21:25:46 Finished transferring output files
...
004 (8180963.069.000) 2026-06-24 21:25:46 Job was evicted.
	(0) Job terminated and was requeued
		Usr 0 01:09:15, Sys 0 00:02:28  -  Run Remote Usage
		Usr 0 00:00:00, Sys 0 00:00:00  -  Run Local Usage
	110316  -  Run Bytes Sent By Job
	2784360918  -  Run Bytes Received By Job
	(1) Normal termination (return value 1)
	The job attribute OnExitRemove expression 'NumJobCompletions > JobMaxRetries || ExitCode =?= 0' evaluated to FALSE
...
040 (8180963.069.000) 2026-06-24 21:25:56 Started transferring input files
	Transferring to host: <128.104.103.48:9618?addrs=128.104.103.48-9618+[2607-f388-107c-501-ae1f-6bff-fe2c-2f00]-9618&alias=vetsigian0001.chtc.wisc.edu&noUDP&sock=slot2_4_10681_7b0b_19812>
...
040 (8180963.069.000) 2026-06-24 21:26:33 Finished transferring input files
...
001 (8180963.069.000) 2026-06-24 21:26:33 Job executing on host: <128.104.103.48:9618?addrs=128.104.103.48-9618+[2607-f388-107c-501-ae1f-6bff-fe2c-2f00]-9618&alias=vetsigian0001.chtc.wisc.edu&noUDP&sock=startd_9913_126b>
	SlotName: slot2_4@vetsigian0001.chtc.wisc.edu
	AvailableGPUs = { GPUs_GPU_0c640e20 }
	CondorScratchDir = "/var/lib/condor/execute/slot2/dir_494581/scratch"
	Cpus = 1
	Disk = 16777216
	GPUs = 1
	GPUs_GPU_0c640e20 = [ Id = "GPU-0c640e20"; Capability = 7.5; DeviceName = "NVIDIA GeForce RTX 2080 Ti"; DeviceUuid = "0c640e20-b6ea-dd63-b391-be95cfa04742"; ECCEnabled = false; NvidiaDriver = "550.54.14"; DriverVersion = 12.4; DevicePciBusId = "0000:3E:00.0"; GlobalMemoryMb = 11004; MaxSupportedVersion = 12040 ]
	IoHeavy = 0
	Memory = 16384
...
040 (8180963.069.000) 2026-06-24 22:13:19 Started transferring output files
...
040 (8180963.069.000) 2026-06-24 22:13:19 Finished transferring output files
...
005 (8180963.069.000) 2026-06-24 22:13:20 Job terminated.
	(1) Normal termination (return value 1)
		Usr 0 00:54:20, Sys 0 00:01:48  -  Run Remote Usage
		Usr 0 00:00:00, Sys 0 00:00:00  -  Run Local Usage
		Usr 0 08:31:58, Sys 0 00:19:35  -  Total Remote Usage
		Usr 0 00:00:00, Sys 0 00:00:00  -  Total Local Usage
	110319  -  Run Bytes Sent By Job
	2784360918  -  Run Bytes Received By Job
	1206373  -  Total Bytes Sent By Job
	29626317874  -  Total Bytes Received By Job
	Partitionable Resources :      Usage  Request Allocated Assigned
	   Cpus                 :       1.00        1         1 
	   Disk (KB)            : 3212269    16777216  16777216 
	   GPUs                 :       0.13        1         1 "GPU-0c640e20"
	   GpusMemory (MB)      :    4232                       
	   IoHeavy              :                             0 
	   Memory (MB)          :    9766       16384     16384 
	   TimeExecute (s)      :    2806                       
	   TimeSlotBusy (s)     :    2843                       
...
