000 (8017966.205.000) 2026-06-20 22:07:54 Job submitted from host: <128.105.68.112:9618?addrs=128.105.68.112-9618+[2607-f388-2200-100-eaeb-d3ff-fea3-4202]-9618&alias=ap2001.chtc.wisc.edu&noUDP&sock=schedd_4071840_2329>
...
040 (8017966.205.000) 2026-06-21 00:13:05 Started transferring input files
	Transferring to host: <10.1.1.135:42747?CCBID=128.105.82.148:9618%3faddrs%3d128.105.82.148-9618+[2607-f388-2200-9d-7ccb-bc08-2489-768a]-9618%26alias%3dospool-ccb.osg.chtc.io%26noUDP%26sock%3dcollector8#4293461%2067.58.49.91:9618%3faddrs%3d67.58.49.91-9618+[fdf0-17b3-c3ec-1f79-10-0-e-b69d]-9618%26alias%3dccb-2.ospool.osg-htc.org%26noUDP%26sock%3dcollector4#4282499&PrivNet=gpu05&addrs=10.1.1.135-42747&alias=gpu05&noUDP>
...
040 (8017966.205.000) 2026-06-21 00:13:29 Finished transferring input files
...
021 (8017966.205.000) 2026-06-21 00:13:29 Message from starter on slot1_4@glidein_3273215_630389268@gpu05:
	PREPARE_JOB (prepare-hook) succeeded (reported status 000): Using Singularity image openfe_1.11.1.sif
...
001 (8017966.205.000) 2026-06-21 00:13:29 Job executing on host: <10.1.1.135:45695?CCBID=128.105.82.148:9618%3faddrs%3d128.105.82.148-9618+[2607-f388-2200-9d-7ccb-bc08-2489-768a]-9618%26alias%3dospool-ccb.osg.chtc.io%26noUDP%26sock%3dcollector5#4288189%2067.58.49.91:9618%3faddrs%3d67.58.49.91-9618+[fdf0-17b3-c3ec-1f79-10-0-e-b69d]-9618%26alias%3dccb-2.ospool.osg-htc.org%26noUDP%26sock%3dcollector7#4283415&PrivNet=gpu05&addrs=10.1.1.135-45695&alias=gpu05&noUDP>
	SlotName: slot1_4@glidein_3273215_630389268@gpu05
	AvailableGPUs = { GPUs_GPU_b52e9d6c }
	CondorScratchDir = "/tmp/glide_vhn3iB/execute/dir_3309442/scratch"
	Cpus = 1
	Disk = 16777216
	GPUs = 1
	GPUs_GPU_b52e9d6c = [ Id = "GPU-b52e9d6c"; ClockMhz = 1695.0; Capability = 8.6; CoresPerCU = 128; DeviceName = "NVIDIA RTX A5000"; DeviceUuid = "b52e9d6c-52a9-9891-0c26-067b8b83b8d2"; ECCEnabled = false; ComputeUnits = 64; NvidiaDriver = "595.71.05"; DriverVersion = 13.2; DevicePciBusId = "0000:C1:00.0"; GlobalMemoryMb = 24361; MaxSupportedVersion = 13020 ]
	Memory = 16384
...
006 (8017966.205.000) 2026-06-21 00:13:38 Image size of job updated: 4560980
	187  -  MemoryUsage of job (MB)
	190852  -  ResidentSetSize of job (KB)
...
006 (8017966.205.000) 2026-06-21 00:18:38 Image size of job updated: 31343880
	2307  -  MemoryUsage of job (MB)
	2362048  -  ResidentSetSize of job (KB)
...
006 (8017966.205.000) 2026-06-21 00:23:39 Image size of job updated: 31346644
	2313  -  MemoryUsage of job (MB)
	2367680  -  ResidentSetSize of job (KB)
...
006 (8017966.205.000) 2026-06-21 00:28:39 Image size of job updated: 31351512
	2319  -  MemoryUsage of job (MB)
	2373824  -  ResidentSetSize of job (KB)
...
006 (8017966.205.000) 2026-06-21 00:33:40 Image size of job updated: 31354500
	2322  -  MemoryUsage of job (MB)
	2376896  -  ResidentSetSize of job (KB)
...
006 (8017966.205.000) 2026-06-21 00:38:40 Image size of job updated: 31360016
	2327  -  MemoryUsage of job (MB)
	2382528  -  ResidentSetSize of job (KB)
...
006 (8017966.205.000) 2026-06-21 00:43:41 Image size of job updated: 31365300
	2333  -  MemoryUsage of job (MB)
	2388160  -  ResidentSetSize of job (KB)
...
006 (8017966.205.000) 2026-06-21 00:48:41 Image size of job updated: 31371052
	2337  -  MemoryUsage of job (MB)
	2392768  -  ResidentSetSize of job (KB)
...
006 (8017966.205.000) 2026-06-21 00:53:42 Image size of job updated: 31377672
	2344  -  MemoryUsage of job (MB)
	2399424  -  ResidentSetSize of job (KB)
...
006 (8017966.205.000) 2026-06-21 00:58:42 Image size of job updated: 31379640
	2344  -  MemoryUsage of job (MB)
	2399424  -  ResidentSetSize of job (KB)
...
040 (8017966.205.000) 2026-06-21 00:59:09 Started transferring output files
...
040 (8017966.205.000) 2026-06-21 00:59:10 Finished transferring output files
...
005 (8017966.205.000) 2026-06-21 00:59:10 Job terminated.
	(1) Normal termination (return value 0)
		Usr 0 00:44:34, Sys 0 00:07:36  -  Run Remote Usage
		Usr 0 00:00:00, Sys 0 00:00:00  -  Run Local Usage
		Usr 0 00:44:34, Sys 0 00:07:36  -  Total Remote Usage
		Usr 0 00:00:00, Sys 0 00:00:00  -  Total Local Usage
	1368991  -  Run Bytes Sent By Job
	2781900169  -  Run Bytes Received By Job
	1368991  -  Total Bytes Sent By Job
	2781900169  -  Total Bytes Received By Job
	Partitionable Resources :      Usage  Request Allocated Assigned
	   Cpus                 :       1.16        1         1 
	   Disk (KB)            : 2727921    16777216  16777216 
	   GPUs                 :       0.87        1         1 "GPU-b52e9d6c"
	   GpusMemory (MB)      :    3235                       
	   Memory (MB)          :    2344       16384     16384 
	   TimeExecute (s)      :    2740                       
	   TimeSlotBusy (s)     :    2766                       
...
