000 (8017966.683.000) 2026-06-20 22:07:54 Job submitted from host: <128.105.68.112:9618?addrs=128.105.68.112-9618+[2607-f388-2200-100-eaeb-d3ff-fea3-4202]-9618&alias=ap2001.chtc.wisc.edu&noUDP&sock=schedd_4071840_2329>
...
040 (8017966.683.000) 2026-06-21 03:57:44 Started transferring input files
	Transferring to host: <128.104.100.52:9618?addrs=128.104.100.52-9618+[2607-f388-107c-501-7ec2-55ff-fe99-a48c]-9618&alias=jcaicedogpu0000.chtc.wisc.edu&noUDP&sock=backfill1_8_12267_f60c_8155>
...
040 (8017966.683.000) 2026-06-21 03:57:56 Finished transferring input files
...
001 (8017966.683.000) 2026-06-21 03:57:56 Job executing on host: <128.104.100.52:9618?addrs=128.104.100.52-9618+[2607-f388-107c-501-7ec2-55ff-fe99-a48c]-9618&alias=jcaicedogpu0000.chtc.wisc.edu&noUDP&sock=startd_10725_0952>
	SlotName: backfill1_8@jcaicedogpu0000.chtc.wisc.edu
	AvailableGPUs = { GPUs_GPU_0c03ad29 }
	CondorScratchDir = "/var/lib/condor/execute/slot1/dir_3153844/scratch"
	Cpus = 1
	Disk = 16777216
	GPUs = 1
	GPUs_GPU_0c03ad29 = [ Id = "GPU-0c03ad29"; Capability = 8.9; DeviceName = "NVIDIA L40"; DeviceUuid = "0c03ad29-613e-407b-2db9-ce469ed3fbba"; ECCEnabled = true; NvidiaDriver = "570.195.03"; DriverVersion = 12.8; DevicePciBusId = "0000:53:00.0"; GlobalMemoryMb = 45468; MaxSupportedVersion = 12080 ]
	IoHeavy = 0
	Memory = 16384
...
006 (8017966.683.000) 2026-06-21 03:58:05 Image size of job updated: 440488
	431  -  MemoryUsage of job (MB)
	440488  -  ResidentSetSize of job (KB)
...
006 (8017966.683.000) 2026-06-21 04:03:06 Image size of job updated: 956344
	933  -  MemoryUsage of job (MB)
	954904  -  ResidentSetSize of job (KB)
...
006 (8017966.683.000) 2026-06-21 04:08:06 Image size of job updated: 958428
	936  -  MemoryUsage of job (MB)
	958428  -  ResidentSetSize of job (KB)
...
006 (8017966.683.000) 2026-06-21 04:13:06 Image size of job updated: 965744
	944  -  MemoryUsage of job (MB)
	965744  -  ResidentSetSize of job (KB)
...
006 (8017966.683.000) 2026-06-21 04:18:07 Image size of job updated: 971724
	949  -  MemoryUsage of job (MB)
	971724  -  ResidentSetSize of job (KB)
...
006 (8017966.683.000) 2026-06-21 04:23:07 Image size of job updated: 976964
	951  -  MemoryUsage of job (MB)
	972944  -  ResidentSetSize of job (KB)
...
006 (8017966.683.000) 2026-06-21 04:28:08 Image size of job updated: 985832
	963  -  MemoryUsage of job (MB)
	985832  -  ResidentSetSize of job (KB)
...
006 (8017966.683.000) 2026-06-21 04:33:09 Image size of job updated: 991352
	963  -  MemoryUsage of job (MB)
	985832  -  ResidentSetSize of job (KB)
...
040 (8017966.683.000) 2026-06-21 04:37:39 Started transferring output files
...
040 (8017966.683.000) 2026-06-21 04:37:39 Finished transferring output files
...
005 (8017966.683.000) 2026-06-21 04:37:39 Job terminated.
	(1) Normal termination (return value 0)
		Usr 0 00:40:10, Sys 0 00:13:45  -  Run Remote Usage
		Usr 0 00:00:00, Sys 0 00:00:00  -  Run Local Usage
		Usr 0 00:40:10, Sys 0 00:13:45  -  Total Remote Usage
		Usr 0 00:00:00, Sys 0 00:00:00  -  Total Local Usage
	2523670  -  Run Bytes Sent By Job
	2781862395  -  Run Bytes Received By Job
	2523670  -  Total Bytes Sent By Job
	2781862395  -  Total Bytes Received By Job
	Partitionable Resources :      Usage  Request Allocated Assigned
	   Cpus                 :       1.00        1         1 
	   Disk (KB)            : 2729009    16777216  16777216 
	   GPUs                 :       0.80        1         1 "GPU-0c03ad29"
	   GpusMemory (MB)      :    6771                       
	   IoHeavy              :                             0 
	   Memory (MB)          :     963       16384     16384 
	   TimeExecute (s)      :    2383                       
	   TimeSlotBusy (s)     :    2395                       
...
