000 (8321903.102.000) 2026-06-26 09:00:08 Job submitted from host: <128.105.68.112:9618?addrs=128.105.68.112-9618+[2607-f388-2200-100-eaeb-d3ff-fea3-4202]-9618&alias=ap2001.chtc.wisc.edu&noUDP&sock=schedd_4071840_2329>
...
040 (8321903.102.000) 2026-06-26 11:56:57 Started transferring input files
	Transferring to host: <128.104.100.118:9618?addrs=128.104.100.118-9618+[2607-f388-107c-501-26d-aeff-fe1f-6b20]-9618&alias=jcaicedogpu0004.chtc.wisc.edu&noUDP&sock=backfill1_6_4107613_b354_116243>
...
040 (8321903.102.000) 2026-06-26 11:57:14 Finished transferring input files
...
001 (8321903.102.000) 2026-06-26 11:57:14 Job executing on host: <128.104.100.118:9618?addrs=128.104.100.118-9618+[2607-f388-107c-501-26d-aeff-fe1f-6b20]-9618&alias=jcaicedogpu0004.chtc.wisc.edu&noUDP&sock=startd_10858_436a>
	SlotName: backfill1_6@jcaicedogpu0004.chtc.wisc.edu
	AvailableGPUs = { GPUs_GPU_15ef4041 }
	CondorScratchDir = "/var/lib/condor/execute/slot1/dir_3508260/scratch"
	Cpus = 1
	Disk = 16777216
	GPUs = 1
	GPUs_GPU_15ef4041 = [ Id = "GPU-15ef4041"; Capability = 8.9; DeviceName = "NVIDIA L40S"; DeviceUuid = "15ef4041-a338-d8b1-af1c-286c00948d22"; ECCEnabled = true; NvidiaDriver = "570.195.03"; DriverVersion = 12.8; DevicePciBusId = "0000:21:00.0"; GlobalMemoryMb = 45468; MaxSupportedVersion = 12080 ]
	IoHeavy = 0
	Memory = 16384
...
006 (8321903.102.000) 2026-06-26 11:57:23 Image size of job updated: 457260
	447  -  MemoryUsage of job (MB)
	457260  -  ResidentSetSize of job (KB)
...
006 (8321903.102.000) 2026-06-26 12:02:23 Image size of job updated: 4403904
	3790  -  MemoryUsage of job (MB)
	3880052  -  ResidentSetSize of job (KB)
...
023 (8321903.102.000) 2026-06-26 12:07:35 Job reconnected to backfill1_6@jcaicedogpu0004.chtc.wisc.edu
    startd address: <128.104.100.118:9618?addrs=128.104.100.118-9618+[2607-f388-107c-501-26d-aeff-fe1f-6b20]-9618&alias=jcaicedogpu0004.chtc.wisc.edu&noUDP&sock=startd_10858_436a>
    starter address: <128.104.100.118:9618?addrs=128.104.100.118-9618+[2607-f388-107c-501-26d-aeff-fe1f-6b20]-9618&alias=jcaicedogpu0004.chtc.wisc.edu&noUDP&sock=backfill1_6_4107613_b354_116243>
...
006 (8321903.102.000) 2026-06-26 12:12:24 Image size of job updated: 5663452
	5531  -  MemoryUsage of job (MB)
	5663452  -  ResidentSetSize of job (KB)
...
006 (8321903.102.000) 2026-06-26 12:17:24 Image size of job updated: 6017184
	5609  -  MemoryUsage of job (MB)
	5743556  -  ResidentSetSize of job (KB)
...
006 (8321903.102.000) 2026-06-26 12:22:25 Image size of job updated: 6547680
	6395  -  MemoryUsage of job (MB)
	6547680  -  ResidentSetSize of job (KB)
...
006 (8321903.102.000) 2026-06-26 12:22:44 Image size of job updated: 6735740
	6395  -  MemoryUsage of job (MB)
	6547680  -  ResidentSetSize of job (KB)
...
004 (8321903.102.000) 2026-06-26 12:22:44 Job was evicted.
	(0) Job terminated and was requeued
		Usr 0 00:27:03, Sys 0 00:01:19  -  Run Remote Usage
		Usr 0 00:00:00, Sys 0 00:00:00  -  Run Local Usage
	109949  -  Run Bytes Sent By Job
	0  -  Run Bytes Received By Job
	(1) Normal termination (return value 1)
	The job attribute OnExitRemove expression 'NumJobCompletions > JobMaxRetries || ExitCode =?= 0' evaluated to FALSE
...
040 (8321903.102.000) 2026-06-26 12:27:02 Started transferring input files
	Transferring to host: <128.104.100.118:9618?addrs=128.104.100.118-9618+[2607-f388-107c-501-26d-aeff-fe1f-6b20]-9618&alias=jcaicedogpu0004.chtc.wisc.edu&noUDP&sock=backfill1_6_4107613_b354_116304>
...
040 (8321903.102.000) 2026-06-26 12:27:21 Finished transferring input files
...
001 (8321903.102.000) 2026-06-26 12:27:21 Job executing on host: <128.104.100.118:9618?addrs=128.104.100.118-9618+[2607-f388-107c-501-26d-aeff-fe1f-6b20]-9618&alias=jcaicedogpu0004.chtc.wisc.edu&noUDP&sock=startd_10858_436a>
	SlotName: backfill1_6@jcaicedogpu0004.chtc.wisc.edu
	AvailableGPUs = { GPUs_GPU_15ef4041 }
	CondorScratchDir = "/var/lib/condor/execute/slot1/dir_3525276/scratch"
	Cpus = 1
	Disk = 16777216
	GPUs = 1
	GPUs_GPU_15ef4041 = [ Id = "GPU-15ef4041"; Capability = 8.9; DeviceName = "NVIDIA L40S"; DeviceUuid = "15ef4041-a338-d8b1-af1c-286c00948d22"; ECCEnabled = true; NvidiaDriver = "570.195.03"; DriverVersion = 12.8; DevicePciBusId = "0000:21:00.0"; GlobalMemoryMb = 45468; MaxSupportedVersion = 12080 ]
	IoHeavy = 0
	Memory = 16384
...
004 (8321903.102.000) 2026-06-26 12:42:03 Job was evicted. Code 1013 Subcode 0
	(0) CPU times
		Usr 0 00:15:12, Sys 0 00:00:37  -  Run Remote Usage
		Usr 0 00:00:00, Sys 0 00:00:00  -  Run Local Usage
	0  -  Run Bytes Sent By Job
	2784029682  -  Run Bytes Received By Job
	Reason: Startd was shutdown
	Partitionable Resources :      Usage  Request Allocated Assigned
	   Cpus                 :       1.00        1         1 
	   Disk (KB)            : 2904529    16777216  16777216 
	   GPUs                 :       0.14        1         1 "GPU-15ef4041"
	   GpusMemory (MB)      :    8247                       
	   IoHeavy              :                             0 
	   Memory (MB)          :    7325       16384     16384 
	   TimeExecute (s)      :     882                       
	   TimeSlotBusy (s)     :     901                       
...
040 (8321903.102.000) 2026-06-26 12:44:48 Started transferring input files
	Transferring to host: <128.104.103.47:9618?addrs=128.104.103.47-9618+[2607-f388-107c-501-a236-9fff-fe3c-f3a0]-9618&alias=ahlquist0000.chtc.wisc.edu&noUDP&sock=backfill1_3_3757498_0297_2776>
...
040 (8321903.102.000) 2026-06-26 12:45:25 Finished transferring input files
...
001 (8321903.102.000) 2026-06-26 12:45:26 Job executing on host: <128.104.103.47:9618?addrs=128.104.103.47-9618+[2607-f388-107c-501-a236-9fff-fe3c-f3a0]-9618&alias=ahlquist0000.chtc.wisc.edu&noUDP&sock=startd_9052_7f60>
	SlotName: backfill1_3@ahlquist0000.chtc.wisc.edu
	AvailableGPUs = { GPUs_GPU_af4232f4 }
	CondorScratchDir = "/var/lib/condor/execute/slot1/dir_170326/scratch"
	Cpus = 1
	Disk = 16777216
	GPUs = 1
	GPUs_GPU_af4232f4 = [ Id = "GPU-af4232f4"; Capability = 7.5; DeviceName = "NVIDIA GeForce RTX 2080 Ti"; DeviceUuid = "af4232f4-7cd3-97bf-f6fc-b4e18385568a"; ECCEnabled = false; NvidiaDriver = "550.54.14"; DriverVersion = 12.4; DevicePciBusId = "0000:89:00.0"; GlobalMemoryMb = 11004; MaxSupportedVersion = 12040 ]
	IoHeavy = 0
	Memory = 16384
...
040 (8321903.102.000) 2026-06-26 13:48:38 Started transferring output files
...
040 (8321903.102.000) 2026-06-26 13:48:38 Finished transferring output files
...
004 (8321903.102.000) 2026-06-26 13:48:39 Job was evicted.
	(0) Job terminated and was requeued
		Usr 0 01:04:21, Sys 0 00:01:45  -  Run Remote Usage
		Usr 0 00:00:00, Sys 0 00:00:00  -  Run Local Usage
	109948  -  Run Bytes Sent By Job
	2784029682  -  Run Bytes Received By Job
	(1) Normal termination (return value 1)
	The job attribute OnExitRemove expression 'NumJobCompletions > JobMaxRetries || ExitCode =?= 0' evaluated to FALSE
...
040 (8321903.102.000) 2026-06-26 13:50:47 Started transferring input files
	Transferring to host: <10.130.203.229:43109?CCBID=128.105.82.148:9618%3faddrs%3d128.105.82.148-9618+[2607-f388-2200-9d-7ccb-bc08-2489-7689]-9618%26alias%3dospool-ccb.osg.chtc.io%26noUDP%26sock%3dcollector2#5059403%2067.58.49.91:9618%3faddrs%3d67.58.49.91-9618+[fdf0-17b3-c3ec-1f79-10-0-5-5b18]-9618%26alias%3dccb-2.ospool.osg-htc.org%26noUDP%26sock%3dcollector2#5058420&PrivNet=spark-agpu225.chtc.wisc.edu&addrs=10.130.203.229-43109&alias=spark-agpu225.chtc.wisc.edu&noUDP>
...
040 (8321903.102.000) 2026-06-26 13:51:07 Finished transferring input files
...
021 (8321903.102.000) 2026-06-26 13:51:07 Message from starter on slot1_1@glidein_2852363_352240952@spark-agpu225.chtc.wisc.edu:
	PREPARE_JOB (prepare-hook) succeeded (reported status 000): Using Singularity image openfe_1.11.1.sif
...
001 (8321903.102.000) 2026-06-26 13:51:07 Job executing on host: <10.130.203.229:45295?CCBID=128.105.82.148:9618%3faddrs%3d128.105.82.148-9618+[2607-f388-2200-9d-7ccb-bc08-2489-7689]-9618%26alias%3dospool-ccb.osg.chtc.io%26noUDP%26sock%3dcollector7#4810486%2067.58.49.91:9618%3faddrs%3d67.58.49.91-9618+[fdf0-17b3-c3ec-1f79-10-0-5-5b18]-9618%26alias%3dccb-2.ospool.osg-htc.org%26noUDP%26sock%3dcollector9#4808989&PrivNet=spark-agpu225.chtc.wisc.edu&addrs=10.130.203.229-45295&alias=spark-agpu225.chtc.wisc.edu&noUDP>
	SlotName: slot1_1@glidein_2852363_352240952@spark-agpu225.chtc.wisc.edu
	AvailableGPUs = { GPUs_GPU_68821ed8 }
	CondorScratchDir = "/var/lib/condor/execute/osg01/glide_rjkZqD/execute/dir_685725/scratch"
	Cpus = 1
	Disk = 16777216
	GPUs = 1
	GPUs_GPU_68821ed8 = [ Id = "GPU-68821ed8"; ClockMhz = 1410.0; Capability = 8.0; CoresPerCU = 64; DeviceName = "NVIDIA A100-SXM4-80GB"; DeviceUuid = "68821ed8-ae9f-40f6-51f1-252dbdccadcd"; ECCEnabled = true; ComputeUnits = 108; NvidiaDriver = "560.35.03"; DriverVersion = 12.6; DevicePciBusId = "0000:C1:00.0"; GlobalMemoryMb = 81156; MaxSupportedVersion = 12060 ]
	Memory = 16384
...
006 (8321903.102.000) 2026-06-26 13:56:16 Image size of job updated: 29188340
	7325  -  MemoryUsage of job (MB)
	7500000  -  ResidentSetSize of job (KB)
...
006 (8321903.102.000) 2026-06-26 14:01:16 Image size of job updated: 35432316
	7325  -  MemoryUsage of job (MB)
	7500000  -  ResidentSetSize of job (KB)
...
006 (8321903.102.000) 2026-06-26 14:06:17 Image size of job updated: 39069408
	7325  -  MemoryUsage of job (MB)
	7500000  -  ResidentSetSize of job (KB)
...
006 (8321903.102.000) 2026-06-26 14:16:18 Image size of job updated: 39738264
	7352  -  MemoryUsage of job (MB)
	7528232  -  ResidentSetSize of job (KB)
...
006 (8321903.102.000) 2026-06-26 14:26:19 Image size of job updated: 40437728
	8094  -  MemoryUsage of job (MB)
	8287540  -  ResidentSetSize of job (KB)
...
040 (8321903.102.000) 2026-06-26 14:28:59 Started transferring output files
...
040 (8321903.102.000) 2026-06-26 14:28:59 Finished transferring output files
...
004 (8321903.102.000) 2026-06-26 14:28:59 Job was evicted.
	(0) Job terminated and was requeued
		Usr 0 00:42:22, Sys 0 00:01:10  -  Run Remote Usage
		Usr 0 00:00:00, Sys 0 00:00:00  -  Run Local Usage
	102753  -  Run Bytes Sent By Job
	2784029682  -  Run Bytes Received By Job
	(1) Normal termination (return value 1)
	The job attribute OnExitRemove expression 'NumJobCompletions > JobMaxRetries || ExitCode =?= 0' evaluated to FALSE
...
040 (8321903.102.000) 2026-06-26 14:30:52 Started transferring input files
	Transferring to host: <128.104.100.17:9618?addrs=128.104.100.17-9618+[2607-f388-107c-501-527c-6fff-fe66-e9bc]-9618&alias=jcaicedogpu0002.chtc.wisc.edu&noUDP&sock=backfill1_4_3195584_c394_276>
...
040 (8321903.102.000) 2026-06-26 14:31:04 Finished transferring input files
...
001 (8321903.102.000) 2026-06-26 14:31:04 Job executing on host: <128.104.100.17:9618?addrs=128.104.100.17-9618+[2607-f388-107c-501-527c-6fff-fe66-e9bc]-9618&alias=jcaicedogpu0002.chtc.wisc.edu&noUDP&sock=startd_11788_2a7e>
	SlotName: backfill1_4@jcaicedogpu0002.chtc.wisc.edu
	AvailableGPUs = { GPUs_GPU_8f76f793 }
	CondorScratchDir = "/var/lib/condor/execute/slot1/dir_4014990/scratch"
	Cpus = 1
	Disk = 16777216
	GPUs = 1
	GPUs_GPU_8f76f793 = [ Id = "GPU-8f76f793"; Capability = 8.9; DeviceName = "NVIDIA L40S"; DeviceUuid = "8f76f793-fe24-bbe0-a0d4-3da8c1a9cb72"; ECCEnabled = true; NvidiaDriver = "570.195.03"; DriverVersion = 12.8; DevicePciBusId = "0000:99:00.0"; GlobalMemoryMb = 45468; MaxSupportedVersion = 12080 ]
	IoHeavy = 0
	Memory = 16384
...
040 (8321903.102.000) 2026-06-26 15:00:50 Started transferring output files
...
040 (8321903.102.000) 2026-06-26 15:00:50 Finished transferring output files
...
004 (8321903.102.000) 2026-06-26 15:00:50 Job was evicted.
	(0) Job terminated and was requeued
		Usr 0 00:37:56, Sys 0 00:01:14  -  Run Remote Usage
		Usr 0 00:00:00, Sys 0 00:00:00  -  Run Local Usage
	109958  -  Run Bytes Sent By Job
	2784029682  -  Run Bytes Received By Job
	(1) Normal termination (return value 1)
	The job attribute OnExitRemove expression 'NumJobCompletions > JobMaxRetries || ExitCode =?= 0' evaluated to FALSE
...
040 (8321903.102.000) 2026-06-26 15:05:14 Started transferring input files
	Transferring to host: <128.105.76.46:9618?addrs=128.105.76.46-9618+[2607-f388-2200-100-e29d-73ff-fe7b-5316]-9618&alias=bhaskargpu4000.chtc.wisc.edu&noUDP&sock=backfill1_2_18480_94e9_547>
...
040 (8321903.102.000) 2026-06-26 15:05:31 Finished transferring input files
...
001 (8321903.102.000) 2026-06-26 15:05:31 Job executing on host: <128.105.76.46:9618?addrs=128.105.76.46-9618+[2607-f388-2200-100-e29d-73ff-fe7b-5316]-9618&alias=bhaskargpu4000.chtc.wisc.edu&noUDP&sock=startd_17896_bef6>
	SlotName: backfill1_2@bhaskargpu4000.chtc.wisc.edu
	AvailableGPUs = { GPUs_GPU_bee6bd7c }
	CondorScratchDir = "/var/lib/condor/execute/slot1/dir_501425/scratch"
	Cpus = 1
	Disk = 16777216
	GPUs = 1
	GPUs_GPU_bee6bd7c = [ Id = "GPU-bee6bd7c"; Capability = 9.0; DeviceName = "NVIDIA H200"; DeviceUuid = "bee6bd7c-a970-67bb-25a5-205d6a595502"; ECCEnabled = true; NvidiaDriver = "570.195.03"; DriverVersion = 12.8; DevicePciBusId = "0000:CB:00.0"; GlobalMemoryMb = 143166; MaxSupportedVersion = 12080 ]
	IoHeavy = 0
	Memory = 16384
...
040 (8321903.102.000) 2026-06-26 15:42:53 Started transferring output files
...
040 (8321903.102.000) 2026-06-26 15:42:53 Finished transferring output files
...
004 (8321903.102.000) 2026-06-26 15:42:53 Job was evicted.
	(0) Job terminated and was requeued
		Usr 0 01:12:31, Sys 0 00:09:16  -  Run Remote Usage
		Usr 0 00:00:00, Sys 0 00:00:00  -  Run Local Usage
	109962  -  Run Bytes Sent By Job
	2784029682  -  Run Bytes Received By Job
	(1) Normal termination (return value 1)
	The job attribute OnExitRemove expression 'NumJobCompletions > JobMaxRetries || ExitCode =?= 0' evaluated to FALSE
...
040 (8321903.102.000) 2026-06-26 15:44:01 Started transferring input files
	Transferring to host: <128.104.100.117:9618?addrs=128.104.100.117-9618+[2607-f388-107c-501-8ae9-a4ff-fe02-e150]-9618&alias=jcaicedogpu0003.chtc.wisc.edu&noUDP&sock=backfill1_5_1577952_aea0_448>
...
040 (8321903.102.000) 2026-06-26 15:44:21 Finished transferring input files
...
001 (8321903.102.000) 2026-06-26 15:44:21 Job executing on host: <128.104.100.117:9618?addrs=128.104.100.117-9618+[2607-f388-107c-501-8ae9-a4ff-fe02-e150]-9618&alias=jcaicedogpu0003.chtc.wisc.edu&noUDP&sock=startd_10874_3cee>
	SlotName: backfill1_5@jcaicedogpu0003.chtc.wisc.edu
	AvailableGPUs = { GPUs_GPU_605fb122 }
	CondorScratchDir = "/var/lib/condor/execute/slot1/dir_2600802/scratch"
	Cpus = 1
	Disk = 16777216
	GPUs = 1
	GPUs_GPU_605fb122 = [ Id = "GPU-605fb122"; Capability = 8.9; DeviceName = "NVIDIA L40S"; DeviceUuid = "605fb122-3227-3fdc-8725-5274c59992a8"; ECCEnabled = true; NvidiaDriver = "570.195.03"; DriverVersion = 12.8; DevicePciBusId = "0000:61:00.0"; GlobalMemoryMb = 45468; MaxSupportedVersion = 12080 ]
	IoHeavy = 0
	Memory = 16384
...
040 (8321903.102.000) 2026-06-26 16:11:01 Started transferring output files
...
040 (8321903.102.000) 2026-06-26 16:11:01 Finished transferring output files
...
004 (8321903.102.000) 2026-06-26 16:11:02 Job was evicted.
	(0) Job terminated and was requeued
		Usr 0 00:31:54, Sys 0 00:01:34  -  Run Remote Usage
		Usr 0 00:00:00, Sys 0 00:00:00  -  Run Local Usage
	109954  -  Run Bytes Sent By Job
	2784029682  -  Run Bytes Received By Job
	(1) Normal termination (return value 1)
	The job attribute OnExitRemove expression 'NumJobCompletions > JobMaxRetries || ExitCode =?= 0' evaluated to FALSE
...
040 (8321903.102.000) 2026-06-26 16:11:33 Started transferring input files
	Transferring to host: <128.104.100.117:9618?addrs=128.104.100.117-9618+[2607-f388-107c-501-8ae9-a4ff-fe02-e150]-9618&alias=jcaicedogpu0003.chtc.wisc.edu&noUDP&sock=backfill1_6_1577952_aea0_505>
...
040 (8321903.102.000) 2026-06-26 16:11:48 Finished transferring input files
...
001 (8321903.102.000) 2026-06-26 16:11:48 Job executing on host: <128.104.100.117:9618?addrs=128.104.100.117-9618+[2607-f388-107c-501-8ae9-a4ff-fe02-e150]-9618&alias=jcaicedogpu0003.chtc.wisc.edu&noUDP&sock=startd_10874_3cee>
	SlotName: backfill1_6@jcaicedogpu0003.chtc.wisc.edu
	AvailableGPUs = { GPUs_GPU_f577c034 }
	CondorScratchDir = "/var/lib/condor/execute/slot1/dir_2873146/scratch"
	Cpus = 1
	Disk = 16777216
	GPUs = 1
	GPUs_GPU_f577c034 = [ Id = "GPU-f577c034"; Capability = 8.9; DeviceName = "NVIDIA L40S"; DeviceUuid = "f577c034-8bd1-f1b7-ffec-c5a5f820bb55"; ECCEnabled = true; NvidiaDriver = "570.195.03"; DriverVersion = 12.8; DevicePciBusId = "0000:41:00.0"; GlobalMemoryMb = 45468; MaxSupportedVersion = 12080 ]
	IoHeavy = 0
	Memory = 16384
...
040 (8321903.102.000) 2026-06-26 16:38:01 Started transferring output files
...
040 (8321903.102.000) 2026-06-26 16:38:01 Finished transferring output files
...
004 (8321903.102.000) 2026-06-26 16:38:02 Job was evicted.
	(0) Job terminated and was requeued
		Usr 0 00:32:32, Sys 0 00:01:43  -  Run Remote Usage
		Usr 0 00:00:00, Sys 0 00:00:00  -  Run Local Usage
	109949  -  Run Bytes Sent By Job
	2784029682  -  Run Bytes Received By Job
	(1) Normal termination (return value 1)
	The job attribute OnExitRemove expression 'NumJobCompletions > JobMaxRetries || ExitCode =?= 0' evaluated to FALSE
...
040 (8321903.102.000) 2026-06-26 16:38:43 Started transferring input files
	Transferring to host: <128.105.68.65:9618?addrs=128.105.68.65-9618+[2607-f388-2200-100-ae1f-6bff-fea1-b242]-9618&alias=dmorgan2000.chtc.wisc.edu&noUDP&sock=backfill1_2_2608038_7480_89847>
...
040 (8321903.102.000) 2026-06-26 16:38:57 Finished transferring input files
...
001 (8321903.102.000) 2026-06-26 16:38:57 Job executing on host: <128.105.68.65:9618?addrs=128.105.68.65-9618+[2607-f388-2200-100-ae1f-6bff-fea1-b242]-9618&alias=dmorgan2000.chtc.wisc.edu&noUDP&sock=startd_9514_6421>
	SlotName: backfill1_2@dmorgan2000.chtc.wisc.edu
	AvailableGPUs = { GPUs_GPU_f8664066 }
	CondorScratchDir = "/var/lib/condor/execute/slot1/dir_128863/scratch"
	Cpus = 1
	Disk = 16777216
	GPUs = 1
	GPUs_GPU_f8664066 = [ Id = "GPU-f8664066"; Capability = 7.5; DeviceName = "NVIDIA GeForce RTX 2080 Ti"; DeviceUuid = "f8664066-95d1-e7cf-76cf-2a699078643c"; ECCEnabled = false; NvidiaDriver = "570.195.03"; DriverVersion = 12.8; DevicePciBusId = "0000:5E:00.0"; GlobalMemoryMb = 10823; MaxSupportedVersion = 12080 ]
	IoHeavy = 0
	Memory = 16384
...
040 (8321903.102.000) 2026-06-26 17:31:31 Started transferring output files
...
040 (8321903.102.000) 2026-06-26 17:31:31 Finished transferring output files
...
004 (8321903.102.000) 2026-06-26 17:31:31 Job was evicted.
	(0) Job terminated and was requeued
		Usr 0 00:58:01, Sys 0 00:01:26  -  Run Remote Usage
		Usr 0 00:00:00, Sys 0 00:00:00  -  Run Local Usage
	109941  -  Run Bytes Sent By Job
	2784029682  -  Run Bytes Received By Job
	(1) Normal termination (return value 1)
	The job attribute OnExitRemove expression 'NumJobCompletions > JobMaxRetries || ExitCode =?= 0' evaluated to FALSE
...
040 (8321903.102.000) 2026-06-26 17:33:15 Started transferring input files
	Transferring to host: <128.104.100.17:9618?addrs=128.104.100.17-9618+[2607-f388-107c-501-527c-6fff-fe66-e9bc]-9618&alias=jcaicedogpu0002.chtc.wisc.edu&noUDP&sock=backfill1_1_3195584_c394_659>
...
040 (8321903.102.000) 2026-06-26 17:33:26 Finished transferring input files
...
001 (8321903.102.000) 2026-06-26 17:33:26 Job executing on host: <128.104.100.17:9618?addrs=128.104.100.17-9618+[2607-f388-107c-501-527c-6fff-fe66-e9bc]-9618&alias=jcaicedogpu0002.chtc.wisc.edu&noUDP&sock=startd_11788_2a7e>
	SlotName: backfill1_1@jcaicedogpu0002.chtc.wisc.edu
	AvailableGPUs = { GPUs_GPU_036c0f18 }
	CondorScratchDir = "/var/lib/condor/execute/slot1/dir_4173096/scratch"
	Cpus = 1
	Disk = 16777216
	GPUs = 1
	GPUs_GPU_036c0f18 = [ Id = "GPU-036c0f18"; Capability = 8.9; DeviceName = "NVIDIA L40S"; DeviceUuid = "036c0f18-c3a4-6e4c-ee97-311f6f4fa009"; ECCEnabled = true; NvidiaDriver = "570.195.03"; DriverVersion = 12.8; DevicePciBusId = "0000:E1:00.0"; GlobalMemoryMb = 45468; MaxSupportedVersion = 12080 ]
	IoHeavy = 0
	Memory = 16384
...
040 (8321903.102.000) 2026-06-26 18:04:55 Started transferring output files
...
040 (8321903.102.000) 2026-06-26 18:04:55 Finished transferring output files
...
004 (8321903.102.000) 2026-06-26 18:04:55 Job was evicted.
	(0) Job terminated and was requeued
		Usr 0 00:34:14, Sys 0 00:01:13  -  Run Remote Usage
		Usr 0 00:00:00, Sys 0 00:00:00  -  Run Local Usage
	109961  -  Run Bytes Sent By Job
	2784029682  -  Run Bytes Received By Job
	(1) Normal termination (return value 1)
	The job attribute OnExitRemove expression 'NumJobCompletions > JobMaxRetries || ExitCode =?= 0' evaluated to FALSE
...
040 (8321903.102.000) 2026-06-26 18:09:13 Started transferring input files
	Transferring to host: <128.104.100.17:9618?addrs=128.104.100.17-9618+[2607-f388-107c-501-527c-6fff-fe66-e9bc]-9618&alias=jcaicedogpu0002.chtc.wisc.edu&noUDP&sock=backfill1_8_3195584_c394_730>
...
040 (8321903.102.000) 2026-06-26 18:09:26 Finished transferring input files
...
001 (8321903.102.000) 2026-06-26 18:09:26 Job executing on host: <128.104.100.17:9618?addrs=128.104.100.17-9618+[2607-f388-107c-501-527c-6fff-fe66-e9bc]-9618&alias=jcaicedogpu0002.chtc.wisc.edu&noUDP&sock=startd_11788_2a7e>
	SlotName: backfill1_8@jcaicedogpu0002.chtc.wisc.edu
	AvailableGPUs = { GPUs_GPU_555b5363 }
	CondorScratchDir = "/var/lib/condor/execute/slot1/dir_103562/scratch"
	Cpus = 1
	Disk = 16777216
	GPUs = 1
	GPUs_GPU_555b5363 = [ Id = "GPU-555b5363"; Capability = 8.9; DeviceName = "NVIDIA L40S"; DeviceUuid = "555b5363-2206-6699-9cc2-7a11eb770803"; ECCEnabled = true; NvidiaDriver = "570.195.03"; DriverVersion = 12.8; DevicePciBusId = "0000:17:00.0"; GlobalMemoryMb = 45468; MaxSupportedVersion = 12080 ]
	IoHeavy = 0
	Memory = 16384
...
040 (8321903.102.000) 2026-06-26 18:40:25 Started transferring output files
...
040 (8321903.102.000) 2026-06-26 18:40:25 Finished transferring output files
...
004 (8321903.102.000) 2026-06-26 18:40:25 Job was evicted.
	(0) Job terminated and was requeued
		Usr 0 00:33:32, Sys 0 00:01:19  -  Run Remote Usage
		Usr 0 00:00:00, Sys 0 00:00:00  -  Run Local Usage
	109961  -  Run Bytes Sent By Job
	2784029682  -  Run Bytes Received By Job
	(1) Normal termination (return value 1)
	The job attribute OnExitRemove expression 'NumJobCompletions > JobMaxRetries || ExitCode =?= 0' evaluated to FALSE
...
040 (8321903.102.000) 2026-06-26 18:41:19 Started transferring input files
	Transferring to host: <128.104.100.17:9618?addrs=128.104.100.17-9618+[2607-f388-107c-501-527c-6fff-fe66-e9bc]-9618&alias=jcaicedogpu0002.chtc.wisc.edu&noUDP&sock=backfill1_2_3195584_c394_796>
...
040 (8321903.102.000) 2026-06-26 18:41:38 Finished transferring input files
...
001 (8321903.102.000) 2026-06-26 18:41:38 Job executing on host: <128.104.100.17:9618?addrs=128.104.100.17-9618+[2607-f388-107c-501-527c-6fff-fe66-e9bc]-9618&alias=jcaicedogpu0002.chtc.wisc.edu&noUDP&sock=startd_11788_2a7e>
	SlotName: backfill1_2@jcaicedogpu0002.chtc.wisc.edu
	AvailableGPUs = { GPUs_GPU_53faf926 }
	CondorScratchDir = "/var/lib/condor/execute/slot1/dir_196278/scratch"
	Cpus = 1
	Disk = 16777216
	GPUs = 1
	GPUs_GPU_53faf926 = [ Id = "GPU-53faf926"; Capability = 8.9; DeviceName = "NVIDIA L40S"; DeviceUuid = "53faf926-e094-2979-3a41-f6f98400e1ad"; ECCEnabled = true; NvidiaDriver = "570.195.03"; DriverVersion = 12.8; DevicePciBusId = "0000:CF:00.0"; GlobalMemoryMb = 45468; MaxSupportedVersion = 12080 ]
	IoHeavy = 0
	Memory = 16384
...
040 (8321903.102.000) 2026-06-26 19:13:16 Started transferring output files
...
040 (8321903.102.000) 2026-06-26 19:13:16 Finished transferring output files
...
005 (8321903.102.000) 2026-06-26 19:13:17 Job terminated.
	(1) Normal termination (return value 1)
		Usr 0 00:33:23, Sys 0 00:01:20  -  Run Remote Usage
		Usr 0 00:00:00, Sys 0 00:00:00  -  Run Local Usage
		Usr 0 08:03:01, Sys 0 00:23:56  -  Total Remote Usage
		Usr 0 00:00:00, Sys 0 00:00:00  -  Total Local Usage
	109961  -  Run Bytes Sent By Job
	2784029682  -  Run Bytes Received By Job
	1202297  -  Total Bytes Sent By Job
	33408356184  -  Total Bytes Received By Job
	Partitionable Resources :      Usage  Request Allocated Assigned
	   Cpus                 :       1.00        1         1 
	   Disk (KB)            : 3179937    16777216  16777216 
	   GPUs                 :       0.17        1         1 "GPU-53faf926"
	   GpusMemory (MB)      :    8293                       
	   IoHeavy              :                             0 
	   Memory (MB)          :    9766       16384     16384 
	   TimeExecute (s)      :    1898                       
	   TimeSlotBusy (s)     :    1917                       
...
