000 (8180963.228.000) 2026-06-24 12:19:47 Job submitted from host: <128.105.68.112:9618?addrs=128.105.68.112-9618+[2607-f388-2200-100-eaeb-d3ff-fea3-4202]-9618&alias=ap2001.chtc.wisc.edu&noUDP&sock=schedd_4071840_2329>
...
040 (8180963.228.000) 2026-06-24 18:08:07 Started transferring input files
	Transferring to host: <128.105.68.87:9618?addrs=128.105.68.87-9618+[2607-f388-2200-100-7ec2-55ff-fe9a-b48e]-9618&alias=dsigpu4002.chtc.wisc.edu&noUDP&sock=slot2_4_3411988_f574_87625>
...
040 (8180963.228.000) 2026-06-24 18:21:37 Finished transferring input files
...
001 (8180963.228.000) 2026-06-24 18:21:37 Job executing on host: <128.105.68.87:9618?addrs=128.105.68.87-9618+[2607-f388-2200-100-7ec2-55ff-fe9a-b48e]-9618&alias=dsigpu4002.chtc.wisc.edu&noUDP&sock=startd_10795_0cf3>
	SlotName: slot2_4@dsigpu4002.chtc.wisc.edu
	AvailableGPUs = { GPUs_GPU_ed5a0460 }
	CondorScratchDir = "/var/lib/condor/execute/slot2/dir_4144652/scratch"
	Cpus = 1
	Disk = 16777216
	GPUs = 1
	GPUs_GPU_ed5a0460 = [ Id = "GPU-ed5a0460"; Capability = 8.9; DeviceName = "NVIDIA L40"; DeviceUuid = "ed5a0460-a1cd-317f-bdd4-79b64ba26eae"; ECCEnabled = true; NvidiaDriver = "570.195.03"; DriverVersion = 12.8; DevicePciBusId = "0000:56:00.0"; GlobalMemoryMb = 45468; MaxSupportedVersion = 12080 ]
	IoHeavy = 0
	Memory = 16384
...
006 (8180963.228.000) 2026-06-24 18:21:45 Image size of job updated: 382996
	375  -  MemoryUsage of job (MB)
	382996  -  ResidentSetSize of job (KB)
...
006 (8180963.228.000) 2026-06-24 18:26:45 Image size of job updated: 1661508
	1621  -  MemoryUsage of job (MB)
	1659748  -  ResidentSetSize of job (KB)
...
006 (8180963.228.000) 2026-06-24 18:31:46 Image size of job updated: 1661508
	1622  -  MemoryUsage of job (MB)
	1659988  -  ResidentSetSize of job (KB)
...
006 (8180963.228.000) 2026-06-24 18:46:48 Image size of job updated: 1663368
	1625  -  MemoryUsage of job (MB)
	1663368  -  ResidentSetSize of job (KB)
...
006 (8180963.228.000) 2026-06-24 18:51:48 Image size of job updated: 1663564
	1625  -  MemoryUsage of job (MB)
	1663564  -  ResidentSetSize of job (KB)
...
006 (8180963.228.000) 2026-06-24 18:56:49 Image size of job updated: 1663608
	1625  -  MemoryUsage of job (MB)
	1663608  -  ResidentSetSize of job (KB)
...
006 (8180963.228.000) 2026-06-24 19:01:49 Image size of job updated: 1663620
	1625  -  MemoryUsage of job (MB)
	1663620  -  ResidentSetSize of job (KB)
...
006 (8180963.228.000) 2026-06-24 19:06:49 Image size of job updated: 1663648
	1625  -  MemoryUsage of job (MB)
	1663648  -  ResidentSetSize of job (KB)
...
006 (8180963.228.000) 2026-06-24 19:11:50 Image size of job updated: 1663752
	1625  -  MemoryUsage of job (MB)
	1663752  -  ResidentSetSize of job (KB)
...
006 (8180963.228.000) 2026-06-24 19:21:51 Image size of job updated: 1663768
	1625  -  MemoryUsage of job (MB)
	1663768  -  ResidentSetSize of job (KB)
...
006 (8180963.228.000) 2026-06-24 19:26:51 Image size of job updated: 1663776
	1625  -  MemoryUsage of job (MB)
	1663776  -  ResidentSetSize of job (KB)
...
006 (8180963.228.000) 2026-06-24 19:56:54 Image size of job updated: 1663816
	1625  -  MemoryUsage of job (MB)
	1663816  -  ResidentSetSize of job (KB)
...
006 (8180963.228.000) 2026-06-24 20:21:57 Image size of job updated: 1670428
	1632  -  MemoryUsage of job (MB)
	1670428  -  ResidentSetSize of job (KB)
...
040 (8180963.228.000) 2026-06-24 20:42:22 Started transferring output files
...
040 (8180963.228.000) 2026-06-24 20:42:22 Finished transferring output files
...
005 (8180963.228.000) 2026-06-24 20:42:22 Job terminated.
	(1) Normal termination (return value 0)
		Usr 0 02:22:44, Sys 0 00:19:44  -  Run Remote Usage
		Usr 0 00:00:00, Sys 0 00:00:00  -  Run Local Usage
		Usr 0 02:22:44, Sys 0 00:19:44  -  Total Remote Usage
		Usr 0 00:00:00, Sys 0 00:00:00  -  Total Local Usage
	4417769  -  Run Bytes Sent By Job
	2714361604  -  Run Bytes Received By Job
	4417769  -  Total Bytes Sent By Job
	2714361604  -  Total Bytes Received By Job
	Partitionable Resources :      Usage  Request Allocated Assigned
	   Cpus                 :       1.00        1         1 
	   Disk (KB)            : 2789188    16777216  16777216 
	   GPUs                 :       0.67        1         1 "GPU-ed5a0460"
	   GpusMemory (MB)      :    7208                       
	   IoHeavy              :                             0 
	   Memory (MB)          :    1632       16384     16384 
	   TimeExecute (s)      :    8445                       
	   TimeSlotBusy (s)     :    9255                       
...
