000 (8180963.170.000) 2026-06-24 12:19:47 Job submitted from host: <128.105.68.112:9618?addrs=128.105.68.112-9618+[2607-f388-2200-100-eaeb-d3ff-fea3-4202]-9618&alias=ap2001.chtc.wisc.edu&noUDP&sock=schedd_4071840_2329>
...
040 (8180963.170.000) 2026-06-24 16:52:36 Started transferring input files
	Transferring to host: <141.142.150.79:31457?CCBID=128.105.82.148:9618%3faddrs%3d128.105.82.148-9618+[2607-f388-2200-9d-7ccb-bc08-2489-7689]-9618%26alias%3dospool-ccb.osg.chtc.io%26noUDP%26sock%3dcollector10#4735398%2067.58.49.91:9618%3faddrs%3d67.58.49.91-9618+[fdf0-17b3-c3ec-1f79-10-0-d-2091]-9618%26alias%3dccb-2.ospool.osg-htc.org%26noUDP%26sock%3dcollector2#4735477&PrivNet=rails09&addrs=141.142.150.79-31457&alias=rails09&noUDP>
...
040 (8180963.170.000) 2026-06-24 19:10:35 Finished transferring input files
...
021 (8180963.170.000) 2026-06-24 19:10:36 Message from starter on slot1_1@glidein_2082234_363240770@rails09:
	PREPARE_JOB (prepare-hook) succeeded (reported status 000): Using Singularity image openfe_1.11.1.sif
...
001 (8180963.170.000) 2026-06-24 19:10:36 Job executing on host: <141.142.150.79:11407?CCBID=128.105.82.148:9618%3faddrs%3d128.105.82.148-9618+[2607-f388-2200-9d-7ccb-bc08-2489-7689]-9618%26alias%3dospool-ccb.osg.chtc.io%26noUDP%26sock%3dcollector5#4717323%2067.58.49.91:9618%3faddrs%3d67.58.49.91-9618+[fdf0-17b3-c3ec-1f79-10-0-d-2091]-9618%26alias%3dccb-2.ospool.osg-htc.org%26noUDP%26sock%3dcollector1#4714871&PrivNet=rails09&addrs=141.142.150.79-11407&alias=rails09&noUDP>
	SlotName: slot1_1@glidein_2082234_363240770@rails09
	AvailableGPUs = { GPUs_GPU_1e158836 }
	CondorScratchDir = "/projects/bcxl/svcosguser/glide_e4Fr8u/execute/dir_2288962/scratch"
	Cpus = 1
	Disk = 16777216
	GPUs = 1
	GPUs_GPU_1e158836 = [ Id = "GPU-1e158836"; ClockMhz = 1410.0; Capability = 8.0; CoresPerCU = 64; DeviceName = "NVIDIA A100 80GB PCIe"; DeviceUuid = "1e158836-c20f-ec1f-7a8b-7152884705a5"; ECCEnabled = true; ComputeUnits = 108; NvidiaDriver = "590.48.01"; DriverVersion = 13.1; DevicePciBusId = "0000:21:00.0"; GlobalMemoryMb = 81153; MaxSupportedVersion = 13010 ]
	Memory = 16384
...
006 (8180963.170.000) 2026-06-24 19:10:46 Image size of job updated: 4059532
	77  -  MemoryUsage of job (MB)
	77916  -  ResidentSetSize of job (KB)
...
006 (8180963.170.000) 2026-06-24 19:15:47 Image size of job updated: 46444732
	2361  -  MemoryUsage of job (MB)
	2416928  -  ResidentSetSize of job (KB)
...
006 (8180963.170.000) 2026-06-24 19:25:48 Image size of job updated: 46447612
	2366  -  MemoryUsage of job (MB)
	2421956  -  ResidentSetSize of job (KB)
...
006 (8180963.170.000) 2026-06-24 19:30:49 Image size of job updated: 46450428
	2369  -  MemoryUsage of job (MB)
	2425412  -  ResidentSetSize of job (KB)
...
006 (8180963.170.000) 2026-06-24 19:35:49 Image size of job updated: 46453724
	2373  -  MemoryUsage of job (MB)
	2429228  -  ResidentSetSize of job (KB)
...
006 (8180963.170.000) 2026-06-24 19:40:50 Image size of job updated: 46456660
	2377  -  MemoryUsage of job (MB)
	2433168  -  ResidentSetSize of job (KB)
...
006 (8180963.170.000) 2026-06-24 19:45:50 Image size of job updated: 46462340
	2382  -  MemoryUsage of job (MB)
	2438888  -  ResidentSetSize of job (KB)
...
006 (8180963.170.000) 2026-06-24 19:50:50 Image size of job updated: 46466168
	2386  -  MemoryUsage of job (MB)
	2442692  -  ResidentSetSize of job (KB)
...
006 (8180963.170.000) 2026-06-24 19:55:51 Image size of job updated: 46469732
	2389  -  MemoryUsage of job (MB)
	2446228  -  ResidentSetSize of job (KB)
...
006 (8180963.170.000) 2026-06-24 20:00:51 Image size of job updated: 46473560
	2393  -  MemoryUsage of job (MB)
	2450088  -  ResidentSetSize of job (KB)
...
006 (8180963.170.000) 2026-06-24 20:05:51 Image size of job updated: 46477124
	2397  -  MemoryUsage of job (MB)
	2453608  -  ResidentSetSize of job (KB)
...
006 (8180963.170.000) 2026-06-24 20:10:52 Image size of job updated: 46478840
	2397  -  MemoryUsage of job (MB)
	2453608  -  ResidentSetSize of job (KB)
...
040 (8180963.170.000) 2026-06-24 20:15:42 Started transferring output files
...
040 (8180963.170.000) 2026-06-24 20:15:42 Finished transferring output files
...
005 (8180963.170.000) 2026-06-24 20:15:43 Job terminated.
	(1) Normal termination (return value 0)
		Usr 0 01:03:51, Sys 0 00:13:31  -  Run Remote Usage
		Usr 0 00:00:00, Sys 0 00:00:00  -  Run Local Usage
		Usr 0 01:03:51, Sys 0 00:13:31  -  Total Remote Usage
		Usr 0 00:00:00, Sys 0 00:00:00  -  Total Local Usage
	165876  -  Run Bytes Sent By Job
	2781820556  -  Run Bytes Received By Job
	165876  -  Total Bytes Sent By Job
	2781820556  -  Total Bytes Received By Job
	Partitionable Resources :      Usage  Request Allocated Assigned
	   Cpus                 :       0.99        1         1 
	   Disk (KB)            : 2728293    16777216  16777216 
	   GPUs                 :       0.27        1         1 "GPU-1e158836"
	   GpusMemory (MB)      :    6801                       
	   Memory (MB)          :    2397       16384     16384 
	   TimeExecute (s)      :    3906                       
	   TimeSlotBusy (s)     :   12187                       
...
