000 (8017966.071.000) 2026-06-20 22:07:54 Job submitted from host: <128.105.68.112:9618?addrs=128.105.68.112-9618+[2607-f388-2200-100-eaeb-d3ff-fea3-4202]-9618&alias=ap2001.chtc.wisc.edu&noUDP&sock=schedd_4071840_2329>
...
040 (8017966.071.000) 2026-06-20 22:58:24 Started transferring input files
	Transferring to host: <10.1.1.133:44045?CCBID=128.105.82.148:9618%3faddrs%3d128.105.82.148-9618+[2607-f388-2200-9d-7ccb-bc08-2489-768a]-9618%26alias%3dospool-ccb.osg.chtc.io%26noUDP%26sock%3dcollector7#4285511%2067.58.49.91:9618%3faddrs%3d67.58.49.91-9618+[fdf0-17b3-c3ec-1f79-10-0-e-b69d]-9618%26alias%3dccb-2.ospool.osg-htc.org%26noUDP%26sock%3dcollector3#4279234&PrivNet=gpu03&addrs=10.1.1.133-44045&alias=gpu03&noUDP>
...
040 (8017966.071.000) 2026-06-20 22:58:40 Finished transferring input files
...
021 (8017966.071.000) 2026-06-20 22:58:41 Message from starter on slot1_2@glidein_1986698_171308536@gpu03:
	PREPARE_JOB (prepare-hook) succeeded (reported status 000): Using Singularity image openfe_1.11.1.sif
...
001 (8017966.071.000) 2026-06-20 22:58:41 Job executing on host: <10.1.1.133:39537?CCBID=128.105.82.148:9618%3faddrs%3d128.105.82.148-9618+[2607-f388-2200-9d-7ccb-bc08-2489-768a]-9618%26alias%3dospool-ccb.osg.chtc.io%26noUDP%26sock%3dcollector1#4191219%2067.58.49.91:9618%3faddrs%3d67.58.49.91-9618+[fdf0-17b3-c3ec-1f79-10-0-e-b69d]-9618%26alias%3dccb-2.ospool.osg-htc.org%26noUDP%26sock%3dcollector7#4183482&PrivNet=gpu03&addrs=10.1.1.133-39537&alias=gpu03&noUDP>
	SlotName: slot1_2@glidein_1986698_171308536@gpu03
	AvailableGPUs = { GPUs_GPU_950fc1bc }
	CondorScratchDir = "/tmp/glide_Wvlyub/execute/dir_3036752/scratch"
	Cpus = 1
	Disk = 16777216
	GPUs = 1
	GPUs_GPU_950fc1bc = [ Id = "GPU-950fc1bc"; ClockMhz = 1740.0; Capability = 8.6; CoresPerCU = 128; DeviceName = "NVIDIA A40"; DeviceUuid = "950fc1bc-e698-da80-7f5a-cad89ced1e50"; ECCEnabled = true; ComputeUnits = 84; NvidiaDriver = "595.71.05"; DriverVersion = 13.2; DevicePciBusId = "0000:41:00.0"; GlobalMemoryMb = 45739; MaxSupportedVersion = 13020 ]
	Memory = 16384
...
006 (8017966.071.000) 2026-06-20 22:58:50 Image size of job updated: 4223748
	103  -  MemoryUsage of job (MB)
	105388  -  ResidentSetSize of job (KB)
...
006 (8017966.071.000) 2026-06-20 23:03:51 Image size of job updated: 24001760
	2317  -  MemoryUsage of job (MB)
	2371984  -  ResidentSetSize of job (KB)
...
006 (8017966.071.000) 2026-06-20 23:08:51 Image size of job updated: 24002872
	2317  -  MemoryUsage of job (MB)
	2371984  -  ResidentSetSize of job (KB)
...
006 (8017966.071.000) 2026-06-20 23:13:52 Image size of job updated: 24006520
	2321  -  MemoryUsage of job (MB)
	2376024  -  ResidentSetSize of job (KB)
...
006 (8017966.071.000) 2026-06-20 23:18:52 Image size of job updated: 24010632
	2326  -  MemoryUsage of job (MB)
	2381144  -  ResidentSetSize of job (KB)
...
006 (8017966.071.000) 2026-06-20 23:23:53 Image size of job updated: 24013856
	2329  -  MemoryUsage of job (MB)
	2384728  -  ResidentSetSize of job (KB)
...
006 (8017966.071.000) 2026-06-20 23:28:54 Image size of job updated: 24017420
	2333  -  MemoryUsage of job (MB)
	2388312  -  ResidentSetSize of job (KB)
...
006 (8017966.071.000) 2026-06-20 23:33:54 Image size of job updated: 24024972
	2344  -  MemoryUsage of job (MB)
	2399576  -  ResidentSetSize of job (KB)
...
006 (8017966.071.000) 2026-06-20 23:38:55 Image size of job updated: 24027792
	2370  -  MemoryUsage of job (MB)
	2426200  -  ResidentSetSize of job (KB)
...
006 (8017966.071.000) 2026-06-20 23:43:55 Image size of job updated: 24034532
	2400  -  MemoryUsage of job (MB)
	2457432  -  ResidentSetSize of job (KB)
...
006 (8017966.071.000) 2026-06-20 23:48:56 Image size of job updated: 24038392
	2404  -  MemoryUsage of job (MB)
	2461528  -  ResidentSetSize of job (KB)
...
022 (8017966.071.000) 2026-06-20 23:53:38 Job disconnected, attempting to reconnect
    Socket between submit and execute hosts closed unexpectedly
    Trying to reconnect to slot1_2@glidein_1986698_171308536@gpu03 <10.1.1.133:39537?CCBID=128.105.82.148:9618%3faddrs%3d128.105.82.148-9618+[2607-f388-2200-9d-7ccb-bc08-2489-768a]-9618%26alias%3dospool-ccb.osg.chtc.io%26noUDP%26sock%3dcollector1#4191219%2067.58.49.91:9618%3faddrs%3d67.58.49.91-9618+[fdf0-17b3-c3ec-1f79-10-0-e-b69d]-9618%26alias%3dccb-2.ospool.osg-htc.org%26noUDP%26sock%3dcollector7#4183482&PrivNet=gpu03&addrs=10.1.1.133-39537&alias=gpu03&noUDP>
...
024 (8017966.071.000) 2026-06-21 00:33:25 Job reconnection failed
    Job disconnected too long: JobLeaseDuration (2400 seconds) expired
    Can not reconnect to slot1_2@glidein_1986698_171308536@gpu03, rescheduling job
...
004 (8017966.071.000) 2026-06-21 00:33:35 Job was evicted. Code 1008 Subcode 0
	(0) CPU times
		Usr 0 00:49:14, Sys 0 00:05:36  -  Run Remote Usage
		Usr 0 00:00:00, Sys 0 00:00:00  -  Run Local Usage
	0  -  Run Bytes Sent By Job
	2782615074  -  Run Bytes Received By Job
	Reason: Job disconnected too long: JobLeaseDuration (2400 seconds) expired
	Partitionable Resources :      Usage  Request Allocated Assigned
	   Cpus                 :       1.10        1         1 
	   Disk (KB)            : 2728167    16777216  16777216 
	   GPUs                 :       0.88        1         1 "GPU-950fc1bc"
	   GpusMemory (MB)      :    4178                       
	   Memory (MB)          :    2404       16384     16384 
...
040 (8017966.071.000) 2026-06-21 00:33:46 Started transferring input files
	Transferring to host: <128.105.68.168:9618?addrs=128.105.68.168-9618+[2607-f388-2200-100-b62e-99ff-feb7-2dcb]-9618&alias=gpulab2003.chtc.wisc.edu&noUDP&sock=slot2_4_11172_6f3f_4550>
...
040 (8017966.071.000) 2026-06-21 00:34:02 Finished transferring input files
...
001 (8017966.071.000) 2026-06-21 00:34:02 Job executing on host: <128.105.68.168:9618?addrs=128.105.68.168-9618+[2607-f388-2200-100-b62e-99ff-feb7-2dcb]-9618&alias=gpulab2003.chtc.wisc.edu&noUDP&sock=startd_10155_1056>
	SlotName: slot2_4@gpulab2003.chtc.wisc.edu
	AvailableGPUs = { GPUs_GPU_61902b82 }
	CondorScratchDir = "/var/lib/condor/execute/slot2/dir_3967308/scratch"
	Cpus = 1
	Disk = 16777216
	GPUs = 1
	GPUs_GPU_61902b82 = [ Id = "GPU-61902b82"; Capability = 7.5; DeviceName = "NVIDIA GeForce RTX 2080 Ti"; DeviceUuid = "61902b82-cedb-e4be-d010-bca8829ec79b"; ECCEnabled = false; NvidiaDriver = "570.195.03"; DriverVersion = 12.8; DevicePciBusId = "0000:B2:00.0"; GlobalMemoryMb = 10823; MaxSupportedVersion = 12080 ]
	IoHeavy = 0
	Memory = 16384
...
040 (8017966.071.000) 2026-06-21 00:34:22 Started transferring output files
...
040 (8017966.071.000) 2026-06-21 00:34:22 Finished transferring output files
...
004 (8017966.071.000) 2026-06-21 00:34:23 Job was evicted.
	(0) Job terminated and was requeued
		Usr 0 00:00:17, Sys 0 00:00:02  -  Run Remote Usage
		Usr 0 00:00:00, Sys 0 00:00:00  -  Run Local Usage
	587850  -  Run Bytes Sent By Job
	2782615074  -  Run Bytes Received By Job
	(1) Normal termination (return value 1)
	The job attribute OnExitRemove expression 'NumJobCompletions > JobMaxRetries || ExitCode =?= 0' evaluated to FALSE
...
040 (8017966.071.000) 2026-06-21 00:34:27 Started transferring input files
	Transferring to host: <128.105.68.168:9618?addrs=128.105.68.168-9618+[2607-f388-2200-100-b62e-99ff-feb7-2dcb]-9618&alias=gpulab2003.chtc.wisc.edu&noUDP&sock=slot2_4_11172_6f3f_4551>
...
040 (8017966.071.000) 2026-06-21 00:34:44 Finished transferring input files
...
001 (8017966.071.000) 2026-06-21 00:34:44 Job executing on host: <128.105.68.168:9618?addrs=128.105.68.168-9618+[2607-f388-2200-100-b62e-99ff-feb7-2dcb]-9618&alias=gpulab2003.chtc.wisc.edu&noUDP&sock=startd_10155_1056>
	SlotName: slot2_4@gpulab2003.chtc.wisc.edu
	AvailableGPUs = { GPUs_GPU_61902b82 }
	CondorScratchDir = "/var/lib/condor/execute/slot2/dir_3967786/scratch"
	Cpus = 1
	Disk = 16777216
	GPUs = 1
	GPUs_GPU_61902b82 = [ Id = "GPU-61902b82"; Capability = 7.5; DeviceName = "NVIDIA GeForce RTX 2080 Ti"; DeviceUuid = "61902b82-cedb-e4be-d010-bca8829ec79b"; ECCEnabled = false; NvidiaDriver = "570.195.03"; DriverVersion = 12.8; DevicePciBusId = "0000:B2:00.0"; GlobalMemoryMb = 10823; MaxSupportedVersion = 12080 ]
	IoHeavy = 0
	Memory = 16384
...
040 (8017966.071.000) 2026-06-21 00:34:48 Started transferring output files
...
040 (8017966.071.000) 2026-06-21 00:34:48 Finished transferring output files
...
004 (8017966.071.000) 2026-06-21 00:34:49 Job was evicted.
	(0) Job terminated and was requeued
		Usr 0 00:00:03, Sys 0 00:00:00  -  Run Remote Usage
		Usr 0 00:00:00, Sys 0 00:00:00  -  Run Local Usage
	583173  -  Run Bytes Sent By Job
	2783197754  -  Run Bytes Received By Job
	(1) Normal termination (return value 2)
	The job attribute OnExitRemove expression 'NumJobCompletions > JobMaxRetries || ExitCode =?= 0' evaluated to FALSE
...
040 (8017966.071.000) 2026-06-21 00:34:51 Started transferring input files
	Transferring to host: <141.142.150.74:9539?CCBID=128.105.82.148:9618%3faddrs%3d128.105.82.148-9618+[2607-f388-2200-9d-7ccb-bc08-2489-768a]-9618%26alias%3dospool-ccb.osg.chtc.io%26noUDP%26sock%3dcollector8#4294624%2067.58.49.91:9618%3faddrs%3d67.58.49.91-9618+[fdf0-17b3-c3ec-1f79-10-0-e-b69d]-9618%26alias%3dccb-2.ospool.osg-htc.org%26noUDP%26sock%3dcollector2#4289833&PrivNet=rails04&addrs=141.142.150.74-9539+[fde1-53ba-e9a0-de11-2dba-91e3-dd48-5c8a]-9539&alias=rails04&noUDP>
...
040 (8017966.071.000) 2026-06-21 00:35:04 Finished transferring input files
...
021 (8017966.071.000) 2026-06-21 00:35:04 Message from starter on slot1_1@glidein_2501949_116701680@rails04:
	PREPARE_JOB (prepare-hook) succeeded (reported status 000): Using Singularity image openfe_1.11.1.sif
...
001 (8017966.071.000) 2026-06-21 00:35:04 Job executing on host: <141.142.150.74:20501?CCBID=128.105.82.148:9618%3faddrs%3d128.105.82.148-9618+[2607-f388-2200-9d-7ccb-bc08-2489-768a]-9618%26alias%3dospool-ccb.osg.chtc.io%26noUDP%26sock%3dcollector10#4285489%2067.58.49.91:9618%3faddrs%3d67.58.49.91-9618+[fdf0-17b3-c3ec-1f79-10-0-e-b69d]-9618%26alias%3dccb-2.ospool.osg-htc.org%26noUDP%26sock%3dcollector4#4278247&PrivNet=rails04&addrs=141.142.150.74-20501+[fde1-53ba-e9a0-de11-2dba-91e3-dd48-5c8a]-20501&alias=rails04&noUDP>
	SlotName: slot1_1@glidein_2501949_116701680@rails04
	AvailableGPUs = { GPUs_GPU_6af5ac5f }
	CondorScratchDir = "/projects/bcxl/svcosguser/glide_1sjnQu/execute/dir_2683241/scratch"
	Cpus = 1
	Disk = 16777216
	GPUs = 1
	GPUs_GPU_6af5ac5f = [ Id = "GPU-6af5ac5f"; ClockMhz = 1980.0; Capability = 9.0; CoresPerCU = 128; DeviceName = "NVIDIA H100 80GB HBM3"; DeviceUuid = "6af5ac5f-07c9-30f5-eb4e-f067cf3a909a"; ECCEnabled = true; ComputeUnits = 132; NvidiaDriver = "590.48.01"; DriverVersion = 13.1; DevicePciBusId = "0000:19:00.0"; GlobalMemoryMb = 81081; MaxSupportedVersion = 13010 ]
	Memory = 16384
...
040 (8017966.071.000) 2026-06-21 00:35:10 Started transferring output files
...
040 (8017966.071.000) 2026-06-21 00:35:10 Finished transferring output files
...
004 (8017966.071.000) 2026-06-21 00:35:10 Job was evicted.
	(0) Job terminated and was requeued
		Usr 0 00:00:00, Sys 0 00:00:00  -  Run Remote Usage
		Usr 0 00:00:00, Sys 0 00:00:00  -  Run Local Usage
	583199  -  Run Bytes Sent By Job
	2783197754  -  Run Bytes Received By Job
	(1) Normal termination (return value 2)
	The job attribute OnExitRemove expression 'NumJobCompletions > JobMaxRetries || ExitCode =?= 0' evaluated to FALSE
...
040 (8017966.071.000) 2026-06-21 00:35:17 Started transferring input files
	Transferring to host: <128.105.76.51:9618?addrs=128.105.76.51-9618+[2607-f388-2200-100-925a-8ff-fe34-15b6]-9618&alias=zliu-chtcgpu5000.chtc.wisc.edu&noUDP&sock=backfill1_4_98764_ec29_36812>
...
040 (8017966.071.000) 2026-06-21 00:35:28 Finished transferring input files
...
001 (8017966.071.000) 2026-06-21 00:35:28 Job executing on host: <128.105.76.51:9618?addrs=128.105.76.51-9618+[2607-f388-2200-100-925a-8ff-fe34-15b6]-9618&alias=zliu-chtcgpu5000.chtc.wisc.edu&noUDP&sock=startd_98388_901b>
	SlotName: backfill1_4@zliu-chtcgpu5000.chtc.wisc.edu
	AvailableGPUs = { GPUs_GPU_ad6fd700 }
	CondorScratchDir = "/var/lib/condor/execute/slot1/dir_3155181/scratch"
	Cpus = 1
	Disk = 16777216
	GPUs = 1
	GPUs_GPU_ad6fd700 = [ Id = "GPU-ad6fd700"; Capability = 8.9; DeviceName = "NVIDIA L40S"; DeviceUuid = "ad6fd700-031e-f4f7-18cc-4d9383583651"; ECCEnabled = true; NvidiaDriver = "590.48.01"; DriverVersion = 13.1; DevicePciBusId = "0000:61:00.0"; GlobalMemoryMb = 45460; MaxSupportedVersion = 13010 ]
	IoHeavy = 0
	Memory = 16384
...
040 (8017966.071.000) 2026-06-21 00:35:30 Started transferring output files
...
040 (8017966.071.000) 2026-06-21 00:35:30 Finished transferring output files
...
004 (8017966.071.000) 2026-06-21 00:35:31 Job was evicted.
	(0) Job terminated and was requeued
		Usr 0 00:00:01, Sys 0 00:00:00  -  Run Remote Usage
		Usr 0 00:00:00, Sys 0 00:00:00  -  Run Local Usage
	583203  -  Run Bytes Sent By Job
	2783197754  -  Run Bytes Received By Job
	(1) Normal termination (return value 2)
	The job attribute OnExitRemove expression 'NumJobCompletions > JobMaxRetries || ExitCode =?= 0' evaluated to FALSE
...
040 (8017966.071.000) 2026-06-21 00:35:38 Started transferring input files
	Transferring to host: <128.105.69.3:9618?addrs=128.105.69.3-9618+[2607-f388-2200-100-7ec2-55ff-fe46-28f2]-9618&alias=gpu4002.chtc.wisc.edu&noUDP&sock=slot1_2_12744_0cff_3539>
...
040 (8017966.071.000) 2026-06-21 00:35:49 Finished transferring input files
...
001 (8017966.071.000) 2026-06-21 00:35:49 Job executing on host: <128.105.69.3:9618?addrs=128.105.69.3-9618+[2607-f388-2200-100-7ec2-55ff-fe46-28f2]-9618&alias=gpu4002.chtc.wisc.edu&noUDP&sock=startd_11312_ab69>
	SlotName: slot1_2@gpu4002.chtc.wisc.edu
	AvailableGPUs = { GPUs_GPU_2e13e217 }
	CondorScratchDir = "/var/lib/condor/execute/slot1/dir_2789324/scratch"
	Cpus = 1
	Disk = 16777216
	GPUs = 1
	GPUs_GPU_2e13e217 = [ Id = "GPU-2e13e217"; Capability = 8.9; DeviceName = "NVIDIA L40"; DeviceUuid = "2e13e217-6059-f8d1-c6e6-c4cc399ca285"; ECCEnabled = true; NvidiaDriver = "570.195.03"; DriverVersion = 12.8; DevicePciBusId = "0000:53:00.0"; GlobalMemoryMb = 45468; MaxSupportedVersion = 12080 ]
	IoHeavy = 0
	Memory = 16384
...
040 (8017966.071.000) 2026-06-21 00:35:52 Started transferring output files
...
040 (8017966.071.000) 2026-06-21 00:35:52 Finished transferring output files
...
004 (8017966.071.000) 2026-06-21 00:35:53 Job was evicted.
	(0) Job terminated and was requeued
		Usr 0 00:00:02, Sys 0 00:00:00  -  Run Remote Usage
		Usr 0 00:00:00, Sys 0 00:00:00  -  Run Local Usage
	583170  -  Run Bytes Sent By Job
	2783197754  -  Run Bytes Received By Job
	(1) Normal termination (return value 2)
	The job attribute OnExitRemove expression 'NumJobCompletions > JobMaxRetries || ExitCode =?= 0' evaluated to FALSE
...
040 (8017966.071.000) 2026-06-21 00:35:55 Started transferring input files
	Transferring to host: <10.1.1.137:36887?CCBID=128.105.82.148:9618%3faddrs%3d128.105.82.148-9618+[2607-f388-2200-9d-7ccb-bc08-2489-768a]-9618%26alias%3dospool-ccb.osg.chtc.io%26noUDP%26sock%3dcollector4#4294038%2067.58.49.91:9618%3faddrs%3d67.58.49.91-9618+[fdf0-17b3-c3ec-1f79-10-0-e-b69d]-9618%26alias%3dccb-2.ospool.osg-htc.org%26noUDP%26sock%3dcollector8#4290404&PrivNet=gpu07&addrs=10.1.1.137-36887&alias=gpu07&noUDP>
...
040 (8017966.071.000) 2026-06-21 00:37:55 Finished transferring input files
...
021 (8017966.071.000) 2026-06-21 00:37:55 Message from starter on slot1_3@glidein_795025_64906636@gpu07:
	PREPARE_JOB (prepare-hook) succeeded (reported status 000): Using Singularity image openfe_1.11.1.sif
...
001 (8017966.071.000) 2026-06-21 00:37:55 Job executing on host: <10.1.1.137:42311?CCBID=128.105.82.148:9618%3faddrs%3d128.105.82.148-9618+[2607-f388-2200-9d-7ccb-bc08-2489-768a]-9618%26alias%3dospool-ccb.osg.chtc.io%26noUDP%26sock%3dcollector9#4101337%2067.58.49.91:9618%3faddrs%3d67.58.49.91-9618+[fdf0-17b3-c3ec-1f79-10-0-e-b69d]-9618%26alias%3dccb-2.ospool.osg-htc.org%26noUDP%26sock%3dcollector7#4091584&PrivNet=gpu07&addrs=10.1.1.137-42311&alias=gpu07&noUDP>
	SlotName: slot1_3@glidein_795025_64906636@gpu07
	AvailableGPUs = { GPUs_GPU_3262ed8b }
	CondorScratchDir = "/tmp/glide_dYrt5m/execute/dir_2005906/scratch"
	Cpus = 1
	Disk = 16777216
	GPUs = 1
	GPUs_GPU_3262ed8b = [ Id = "GPU-3262ed8b"; ClockMhz = 1695.0; Capability = 8.6; CoresPerCU = 128; DeviceName = "NVIDIA RTX A5000"; DeviceUuid = "3262ed8b-c3db-1c4b-8cf0-063e10168f88"; ECCEnabled = false; ComputeUnits = 64; NvidiaDriver = "595.71.05"; DriverVersion = 13.2; DevicePciBusId = "0000:81:00.0"; GlobalMemoryMb = 24361; MaxSupportedVersion = 13020 ]
	Memory = 16384
...
040 (8017966.071.000) 2026-06-21 00:37:59 Started transferring output files
...
040 (8017966.071.000) 2026-06-21 00:38:00 Finished transferring output files
...
004 (8017966.071.000) 2026-06-21 00:38:01 Job was evicted.
	(0) Job terminated and was requeued
		Usr 0 00:00:00, Sys 0 00:00:00  -  Run Remote Usage
		Usr 0 00:00:00, Sys 0 00:00:00  -  Run Local Usage
	583309  -  Run Bytes Sent By Job
	2665757242  -  Run Bytes Received By Job
	(1) Normal termination (return value 2)
	The job attribute OnExitRemove expression 'NumJobCompletions > JobMaxRetries || ExitCode =?= 0' evaluated to FALSE
...
040 (8017966.071.000) 2026-06-21 00:38:21 Started transferring input files
	Transferring to host: <128.105.76.51:9618?addrs=128.105.76.51-9618+[2607-f388-2200-100-925a-8ff-fe34-15b6]-9618&alias=zliu-chtcgpu5000.chtc.wisc.edu&noUDP&sock=backfill1_4_98764_ec29_36823>
...
040 (8017966.071.000) 2026-06-21 00:38:31 Finished transferring input files
...
001 (8017966.071.000) 2026-06-21 00:38:31 Job executing on host: <128.105.76.51:9618?addrs=128.105.76.51-9618+[2607-f388-2200-100-925a-8ff-fe34-15b6]-9618&alias=zliu-chtcgpu5000.chtc.wisc.edu&noUDP&sock=startd_98388_901b>
	SlotName: backfill1_4@zliu-chtcgpu5000.chtc.wisc.edu
	AvailableGPUs = { GPUs_GPU_ad6fd700 }
	CondorScratchDir = "/var/lib/condor/execute/slot1/dir_3155743/scratch"
	Cpus = 1
	Disk = 16777216
	GPUs = 1
	GPUs_GPU_ad6fd700 = [ Id = "GPU-ad6fd700"; Capability = 8.9; DeviceName = "NVIDIA L40S"; DeviceUuid = "ad6fd700-031e-f4f7-18cc-4d9383583651"; ECCEnabled = true; NvidiaDriver = "590.48.01"; DriverVersion = 13.1; DevicePciBusId = "0000:61:00.0"; GlobalMemoryMb = 45460; MaxSupportedVersion = 13010 ]
	IoHeavy = 0
	Memory = 16384
...
040 (8017966.071.000) 2026-06-21 00:38:33 Started transferring output files
...
040 (8017966.071.000) 2026-06-21 00:38:33 Finished transferring output files
...
004 (8017966.071.000) 2026-06-21 00:38:34 Job was evicted.
	(0) Job terminated and was requeued
		Usr 0 00:00:01, Sys 0 00:00:00  -  Run Remote Usage
		Usr 0 00:00:00, Sys 0 00:00:00  -  Run Local Usage
	583203  -  Run Bytes Sent By Job
	2783197754  -  Run Bytes Received By Job
	(1) Normal termination (return value 2)
	The job attribute OnExitRemove expression 'NumJobCompletions > JobMaxRetries || ExitCode =?= 0' evaluated to FALSE
...
040 (8017966.071.000) 2026-06-21 00:38:43 Started transferring input files
	Transferring to host: <128.105.69.3:9618?addrs=128.105.69.3-9618+[2607-f388-2200-100-7ec2-55ff-fe46-28f2]-9618&alias=gpu4002.chtc.wisc.edu&noUDP&sock=slot1_2_12744_0cff_3542>
...
040 (8017966.071.000) 2026-06-21 00:38:54 Finished transferring input files
...
001 (8017966.071.000) 2026-06-21 00:38:54 Job executing on host: <128.105.69.3:9618?addrs=128.105.69.3-9618+[2607-f388-2200-100-7ec2-55ff-fe46-28f2]-9618&alias=gpu4002.chtc.wisc.edu&noUDP&sock=startd_11312_ab69>
	SlotName: slot1_2@gpu4002.chtc.wisc.edu
	AvailableGPUs = { GPUs_GPU_2e13e217 }
	CondorScratchDir = "/var/lib/condor/execute/slot1/dir_2790470/scratch"
	Cpus = 1
	Disk = 16777216
	GPUs = 1
	GPUs_GPU_2e13e217 = [ Id = "GPU-2e13e217"; Capability = 8.9; DeviceName = "NVIDIA L40"; DeviceUuid = "2e13e217-6059-f8d1-c6e6-c4cc399ca285"; ECCEnabled = true; NvidiaDriver = "570.195.03"; DriverVersion = 12.8; DevicePciBusId = "0000:53:00.0"; GlobalMemoryMb = 45468; MaxSupportedVersion = 12080 ]
	IoHeavy = 0
	Memory = 16384
...
040 (8017966.071.000) 2026-06-21 00:38:57 Started transferring output files
...
040 (8017966.071.000) 2026-06-21 00:38:57 Finished transferring output files
...
004 (8017966.071.000) 2026-06-21 00:38:57 Job was evicted.
	(0) Job terminated and was requeued
		Usr 0 00:00:02, Sys 0 00:00:00  -  Run Remote Usage
		Usr 0 00:00:00, Sys 0 00:00:00  -  Run Local Usage
	583170  -  Run Bytes Sent By Job
	2783197754  -  Run Bytes Received By Job
	(1) Normal termination (return value 2)
	The job attribute OnExitRemove expression 'NumJobCompletions > JobMaxRetries || ExitCode =?= 0' evaluated to FALSE
...
040 (8017966.071.000) 2026-06-21 00:39:02 Started transferring input files
	Transferring to host: <128.105.69.3:9618?addrs=128.105.69.3-9618+[2607-f388-2200-100-7ec2-55ff-fe46-28f2]-9618&alias=gpu4002.chtc.wisc.edu&noUDP&sock=slot1_2_12744_0cff_3554>
...
040 (8017966.071.000) 2026-06-21 00:39:13 Finished transferring input files
...
001 (8017966.071.000) 2026-06-21 00:39:13 Job executing on host: <128.105.69.3:9618?addrs=128.105.69.3-9618+[2607-f388-2200-100-7ec2-55ff-fe46-28f2]-9618&alias=gpu4002.chtc.wisc.edu&noUDP&sock=startd_11312_ab69>
	SlotName: slot1_2@gpu4002.chtc.wisc.edu
	AvailableGPUs = { GPUs_GPU_2e13e217 }
	CondorScratchDir = "/var/lib/condor/execute/slot1/dir_2791995/scratch"
	Cpus = 1
	Disk = 16777216
	GPUs = 1
	GPUs_GPU_2e13e217 = [ Id = "GPU-2e13e217"; Capability = 8.9; DeviceName = "NVIDIA L40"; DeviceUuid = "2e13e217-6059-f8d1-c6e6-c4cc399ca285"; ECCEnabled = true; NvidiaDriver = "570.195.03"; DriverVersion = 12.8; DevicePciBusId = "0000:53:00.0"; GlobalMemoryMb = 45468; MaxSupportedVersion = 12080 ]
	IoHeavy = 0
	Memory = 16384
...
040 (8017966.071.000) 2026-06-21 00:39:16 Started transferring output files
...
040 (8017966.071.000) 2026-06-21 00:39:16 Finished transferring output files
...
004 (8017966.071.000) 2026-06-21 00:39:17 Job was evicted.
	(0) Job terminated and was requeued
		Usr 0 00:00:02, Sys 0 00:00:00  -  Run Remote Usage
		Usr 0 00:00:00, Sys 0 00:00:00  -  Run Local Usage
	583170  -  Run Bytes Sent By Job
	2783197754  -  Run Bytes Received By Job
	(1) Normal termination (return value 2)
	The job attribute OnExitRemove expression 'NumJobCompletions > JobMaxRetries || ExitCode =?= 0' evaluated to FALSE
...
040 (8017966.071.000) 2026-06-21 00:39:22 Started transferring input files
	Transferring to host: <128.105.69.3:9618?addrs=128.105.69.3-9618+[2607-f388-2200-100-7ec2-55ff-fe46-28f2]-9618&alias=gpu4002.chtc.wisc.edu&noUDP&sock=slot1_2_12744_0cff_3555>
...
040 (8017966.071.000) 2026-06-21 00:39:33 Finished transferring input files
...
001 (8017966.071.000) 2026-06-21 00:39:33 Job executing on host: <128.105.69.3:9618?addrs=128.105.69.3-9618+[2607-f388-2200-100-7ec2-55ff-fe46-28f2]-9618&alias=gpu4002.chtc.wisc.edu&noUDP&sock=startd_11312_ab69>
	SlotName: slot1_2@gpu4002.chtc.wisc.edu
	AvailableGPUs = { GPUs_GPU_2e13e217 }
	CondorScratchDir = "/var/lib/condor/execute/slot1/dir_2792237/scratch"
	Cpus = 1
	Disk = 16777216
	GPUs = 1
	GPUs_GPU_2e13e217 = [ Id = "GPU-2e13e217"; Capability = 8.9; DeviceName = "NVIDIA L40"; DeviceUuid = "2e13e217-6059-f8d1-c6e6-c4cc399ca285"; ECCEnabled = true; NvidiaDriver = "570.195.03"; DriverVersion = 12.8; DevicePciBusId = "0000:53:00.0"; GlobalMemoryMb = 45468; MaxSupportedVersion = 12080 ]
	IoHeavy = 0
	Memory = 16384
...
040 (8017966.071.000) 2026-06-21 00:39:37 Started transferring output files
...
040 (8017966.071.000) 2026-06-21 00:39:37 Finished transferring output files
...
004 (8017966.071.000) 2026-06-21 00:39:37 Job was evicted.
	(0) Job terminated and was requeued
		Usr 0 00:00:02, Sys 0 00:00:00  -  Run Remote Usage
		Usr 0 00:00:00, Sys 0 00:00:00  -  Run Local Usage
	583170  -  Run Bytes Sent By Job
	2783197754  -  Run Bytes Received By Job
	(1) Normal termination (return value 2)
	The job attribute OnExitRemove expression 'NumJobCompletions > JobMaxRetries || ExitCode =?= 0' evaluated to FALSE
...
040 (8017966.071.000) 2026-06-21 00:39:37 Started transferring input files
	Transferring to host: <128.105.68.168:9618?addrs=128.105.68.168-9618+[2607-f388-2200-100-b62e-99ff-feb7-2dcb]-9618&alias=gpulab2003.chtc.wisc.edu&noUDP&sock=slot2_4_11172_6f3f_4575>
...
040 (8017966.071.000) 2026-06-21 00:39:55 Finished transferring input files
...
001 (8017966.071.000) 2026-06-21 00:39:55 Job executing on host: <128.105.68.168:9618?addrs=128.105.68.168-9618+[2607-f388-2200-100-b62e-99ff-feb7-2dcb]-9618&alias=gpulab2003.chtc.wisc.edu&noUDP&sock=startd_10155_1056>
	SlotName: slot2_4@gpulab2003.chtc.wisc.edu
	AvailableGPUs = { GPUs_GPU_61902b82 }
	CondorScratchDir = "/var/lib/condor/execute/slot2/dir_3974721/scratch"
	Cpus = 1
	Disk = 16777216
	GPUs = 1
	GPUs_GPU_61902b82 = [ Id = "GPU-61902b82"; Capability = 7.5; DeviceName = "NVIDIA GeForce RTX 2080 Ti"; DeviceUuid = "61902b82-cedb-e4be-d010-bca8829ec79b"; ECCEnabled = false; NvidiaDriver = "570.195.03"; DriverVersion = 12.8; DevicePciBusId = "0000:B2:00.0"; GlobalMemoryMb = 10823; MaxSupportedVersion = 12080 ]
	IoHeavy = 0
	Memory = 16384
...
040 (8017966.071.000) 2026-06-21 00:39:59 Started transferring output files
...
040 (8017966.071.000) 2026-06-21 00:39:59 Finished transferring output files
...
005 (8017966.071.000) 2026-06-21 00:40:00 Job terminated.
	(1) Normal termination (return value 2)
		Usr 0 00:00:03, Sys 0 00:00:00  -  Run Remote Usage
		Usr 0 00:00:00, Sys 0 00:00:00  -  Run Local Usage
		Usr 0 00:49:47, Sys 0 00:05:38  -  Total Remote Usage
		Usr 0 00:00:00, Sys 0 00:00:00  -  Total Local Usage
	583173  -  Run Bytes Sent By Job
	2783197754  -  Run Bytes Received By Job
	6419790  -  Total Bytes Sent By Job
	33279767176  -  Total Bytes Received By Job
	Partitionable Resources :      Usage  Request Allocated Assigned
	   Cpus                 :       0           1         1 
	   Disk (KB)            : 2718004    16777216  16777216 
	   GPUs                 :       0.00        1         1 "GPU-61902b82"
	   IoHeavy              :                             0 
	   Memory (MB)          :    2442       16384     16384 
	   TimeExecute (s)      :       4                       
	   TimeSlotBusy (s)     :      22                       
...
