000 (8017966.779.000) 2026-06-20 22:07:54 Job submitted from host: <128.105.68.112:9618?addrs=128.105.68.112-9618+[2607-f388-2200-100-eaeb-d3ff-fea3-4202]-9618&alias=ap2001.chtc.wisc.edu&noUDP&sock=schedd_4071840_2329>
...
040 (8017966.779.000) 2026-06-21 04:30:07 Started transferring input files
	Transferring to host: <128.105.69.47:9618?addrs=128.105.69.47-9618+[2607-f388-2200-100-527c-6fff-fe66-eac6]-9618&alias=amuraligpu4000.chtc.wisc.edu&noUDP&sock=backfill1_6_1332502_f3e3_92005>
...
040 (8017966.779.000) 2026-06-21 04:30:17 Finished transferring input files
...
001 (8017966.779.000) 2026-06-21 04:30:17 Job executing on host: <128.105.69.47:9618?addrs=128.105.69.47-9618+[2607-f388-2200-100-527c-6fff-fe66-eac6]-9618&alias=amuraligpu4000.chtc.wisc.edu&noUDP&sock=startd_11579_cf33>
	SlotName: backfill1_6@amuraligpu4000.chtc.wisc.edu
	AvailableGPUs = { GPUs_GPU_de7049b1 }
	CondorScratchDir = "/var/lib/condor/execute/slot1/dir_1894681/scratch"
	Cpus = 1
	Disk = 16777216
	GPUs = 1
	GPUs_GPU_de7049b1 = [ Id = "GPU-de7049b1"; Capability = 8.9; DeviceName = "NVIDIA L40S"; DeviceUuid = "de7049b1-38bb-621f-baaa-5d83765a9f52"; ECCEnabled = true; NvidiaDriver = "570.195.03"; DriverVersion = 12.8; DevicePciBusId = "0000:63:00.0"; GlobalMemoryMb = 45468; MaxSupportedVersion = 12080 ]
	IoHeavy = 0
	Memory = 16384
...
006 (8017966.779.000) 2026-06-21 04:30:26 Image size of job updated: 418616
	409  -  MemoryUsage of job (MB)
	418616  -  ResidentSetSize of job (KB)
...
006 (8017966.779.000) 2026-06-21 04:35:27 Image size of job updated: 953588
	930  -  MemoryUsage of job (MB)
	951448  -  ResidentSetSize of job (KB)
...
006 (8017966.779.000) 2026-06-21 04:40:28 Image size of job updated: 954384
	933  -  MemoryUsage of job (MB)
	954384  -  ResidentSetSize of job (KB)
...
006 (8017966.779.000) 2026-06-21 04:45:28 Image size of job updated: 963252
	941  -  MemoryUsage of job (MB)
	963252  -  ResidentSetSize of job (KB)
...
006 (8017966.779.000) 2026-06-21 04:50:29 Image size of job updated: 969692
	947  -  MemoryUsage of job (MB)
	969692  -  ResidentSetSize of job (KB)
...
006 (8017966.779.000) 2026-06-21 04:55:29 Image size of job updated: 976064
	954  -  MemoryUsage of job (MB)
	976064  -  ResidentSetSize of job (KB)
...
006 (8017966.779.000) 2026-06-21 05:00:29 Image size of job updated: 980304
	958  -  MemoryUsage of job (MB)
	980056  -  ResidentSetSize of job (KB)
...
006 (8017966.779.000) 2026-06-21 05:05:30 Image size of job updated: 983260
	958  -  MemoryUsage of job (MB)
	980056  -  ResidentSetSize of job (KB)
...
040 (8017966.779.000) 2026-06-21 05:07:43 Started transferring output files
...
040 (8017966.779.000) 2026-06-21 05:07:43 Finished transferring output files
...
005 (8017966.779.000) 2026-06-21 05:07:43 Job terminated.
	(1) Normal termination (return value 0)
		Usr 0 00:38:02, Sys 0 00:15:45  -  Run Remote Usage
		Usr 0 00:00:00, Sys 0 00:00:00  -  Run Local Usage
		Usr 0 00:38:02, Sys 0 00:15:45  -  Total Remote Usage
		Usr 0 00:00:00, Sys 0 00:00:00  -  Total Local Usage
	2651761  -  Run Bytes Sent By Job
	2781878450  -  Run Bytes Received By Job
	2651761  -  Total Bytes Sent By Job
	2781878450  -  Total Bytes Received By Job
	Partitionable Resources :      Usage  Request Allocated Assigned
	   Cpus                 :       1.52        1         1 
	   Disk (KB)            : 2729111    16777216  16777216 
	   GPUs                 :       0.88        1         1 "GPU-de7049b1"
	   GpusMemory (MB)      :    6770                       
	   IoHeavy              :                             0 
	   Memory (MB)          :     958       16384     16384 
	   TimeExecute (s)      :    2246                       
	   TimeSlotBusy (s)     :    2256                       
...
