000 (8017966.322.000) 2026-06-20 22:07:54 Job submitted from host: <128.105.68.112:9618?addrs=128.105.68.112-9618+[2607-f388-2200-100-eaeb-d3ff-fea3-4202]-9618&alias=ap2001.chtc.wisc.edu&noUDP&sock=schedd_4071840_2329>
...
040 (8017966.322.000) 2026-06-21 01:15:53 Started transferring input files
	Transferring to host: <141.142.150.74:31093?CCBID=128.105.82.148:9618%3faddrs%3d128.105.82.148-9618+[2607-f388-2200-9d-7ccb-bc08-2489-768a]-9618%26alias%3dospool-ccb.osg.chtc.io%26noUDP%26sock%3dcollector7#4293433%2067.58.49.91:9618%3faddrs%3d67.58.49.91-9618+[fdf0-17b3-c3ec-1f79-10-0-e-b69d]-9618%26alias%3dccb-2.ospool.osg-htc.org%26noUDP%26sock%3dcollector5#4291377&PrivNet=rails04&addrs=141.142.150.74-31093+[fde1-53ba-e9a0-de11-2dba-91e3-dd48-5c8a]-31093&alias=rails04&noUDP>
...
040 (8017966.322.000) 2026-06-21 01:16:06 Finished transferring input files
...
021 (8017966.322.000) 2026-06-21 01:16:06 Message from starter on slot1_1@glidein_2501949_116701680@rails04:
	PREPARE_JOB (prepare-hook) succeeded (reported status 000): Using Singularity image openfe_1.11.1.sif
...
001 (8017966.322.000) 2026-06-21 01:16:06 Job executing on host: <141.142.150.74:20501?CCBID=128.105.82.148:9618%3faddrs%3d128.105.82.148-9618+[2607-f388-2200-9d-7ccb-bc08-2489-768a]-9618%26alias%3dospool-ccb.osg.chtc.io%26noUDP%26sock%3dcollector10#4285489%2067.58.49.91:9618%3faddrs%3d67.58.49.91-9618+[fdf0-17b3-c3ec-1f79-10-0-e-b69d]-9618%26alias%3dccb-2.ospool.osg-htc.org%26noUDP%26sock%3dcollector4#4278247&PrivNet=rails04&addrs=141.142.150.74-20501+[fde1-53ba-e9a0-de11-2dba-91e3-dd48-5c8a]-20501&alias=rails04&noUDP>
	SlotName: slot1_1@glidein_2501949_116701680@rails04
	AvailableGPUs = { GPUs_GPU_6af5ac5f }
	CondorScratchDir = "/projects/bcxl/svcosguser/glide_1sjnQu/execute/dir_2762075/scratch"
	Cpus = 1
	Disk = 16777216
	GPUs = 1
	GPUs_GPU_6af5ac5f = [ Id = "GPU-6af5ac5f"; ClockMhz = 1980.0; Capability = 9.0; CoresPerCU = 128; DeviceName = "NVIDIA H100 80GB HBM3"; DeviceUuid = "6af5ac5f-07c9-30f5-eb4e-f067cf3a909a"; ECCEnabled = true; ComputeUnits = 132; NvidiaDriver = "590.48.01"; DriverVersion = 13.1; DevicePciBusId = "0000:19:00.0"; GlobalMemoryMb = 81081; MaxSupportedVersion = 13010 ]
	Memory = 16384
...
006 (8017966.322.000) 2026-06-21 01:16:15 Image size of job updated: 17829384
	291  -  MemoryUsage of job (MB)
	297420  -  ResidentSetSize of job (KB)
...
006 (8017966.322.000) 2026-06-21 01:21:16 Image size of job updated: 78277592
	3410  -  MemoryUsage of job (MB)
	3490844  -  ResidentSetSize of job (KB)
...
006 (8017966.322.000) 2026-06-21 01:26:16 Image size of job updated: 78343128
	3410  -  MemoryUsage of job (MB)
	3490844  -  ResidentSetSize of job (KB)
...
006 (8017966.322.000) 2026-06-21 01:46:18 Image size of job updated: 78351296
	3419  -  MemoryUsage of job (MB)
	3500348  -  ResidentSetSize of job (KB)
...
006 (8017966.322.000) 2026-06-21 01:51:19 Image size of job updated: 78351296
	3419  -  MemoryUsage of job (MB)
	3500368  -  ResidentSetSize of job (KB)
...
006 (8017966.322.000) 2026-06-21 01:56:19 Image size of job updated: 78351296
	3422  -  MemoryUsage of job (MB)
	3504072  -  ResidentSetSize of job (KB)
...
006 (8017966.322.000) 2026-06-21 02:01:20 Image size of job updated: 78351296
	3422  -  MemoryUsage of job (MB)
	3504088  -  ResidentSetSize of job (KB)
...
006 (8017966.322.000) 2026-06-21 02:06:21 Image size of job updated: 78351296
	3422  -  MemoryUsage of job (MB)
	3504112  -  ResidentSetSize of job (KB)
...
006 (8017966.322.000) 2026-06-21 02:11:21 Image size of job updated: 78351296
	3422  -  MemoryUsage of job (MB)
	3504120  -  ResidentSetSize of job (KB)
...
006 (8017966.322.000) 2026-06-21 02:16:22 Image size of job updated: 78359468
	3430  -  MemoryUsage of job (MB)
	3512296  -  ResidentSetSize of job (KB)
...
006 (8017966.322.000) 2026-06-21 02:26:23 Image size of job updated: 78359468
	3430  -  MemoryUsage of job (MB)
	3512300  -  ResidentSetSize of job (KB)
...
006 (8017966.322.000) 2026-06-21 02:41:25 Image size of job updated: 78367636
	3439  -  MemoryUsage of job (MB)
	3520772  -  ResidentSetSize of job (KB)
...
006 (8017966.322.000) 2026-06-21 03:11:27 Image size of job updated: 78375808
	3447  -  MemoryUsage of job (MB)
	3528944  -  ResidentSetSize of job (KB)
...
006 (8017966.322.000) 2026-06-21 03:36:30 Image size of job updated: 78383980
	3455  -  MemoryUsage of job (MB)
	3537112  -  ResidentSetSize of job (KB)
...
040 (8017966.322.000) 2026-06-21 04:04:11 Started transferring output files
...
040 (8017966.322.000) 2026-06-21 04:04:17 Finished transferring output files
...
005 (8017966.322.000) 2026-06-21 04:04:18 Job terminated.
	(1) Normal termination (return value 0)
		Usr 0 02:48:19, Sys 0 00:27:44  -  Run Remote Usage
		Usr 0 00:00:00, Sys 0 00:00:00  -  Run Local Usage
		Usr 0 02:48:19, Sys 0 00:27:44  -  Total Remote Usage
		Usr 0 00:00:00, Sys 0 00:00:00  -  Total Local Usage
	9622204  -  Run Bytes Sent By Job
	2782561717  -  Run Bytes Received By Job
	9622204  -  Total Bytes Sent By Job
	2782561717  -  Total Bytes Received By Job
	Partitionable Resources :      Usage  Request Allocated Assigned
	   Cpus                 :       0.96        1         1 
	   Disk (KB)            : 2790381    16777216  16777216 
	   GPUs                 :       0.85        1         1 "GPU-6af5ac5f"
	   GpusMemory (MB)      :    8534                       
	   Memory (MB)          :    3455       16384     16384 
	   TimeExecute (s)      :   10085                       
	   TimeSlotBusy (s)     :   10104                       
...
