000 (8017966.934.000) 2026-06-20 22:07:54 Job submitted from host: <128.105.68.112:9618?addrs=128.105.68.112-9618+[2607-f388-2200-100-eaeb-d3ff-fea3-4202]-9618&alias=ap2001.chtc.wisc.edu&noUDP&sock=schedd_4071840_2329>
...
040 (8017966.934.000) 2026-06-21 05:38:54 Started transferring input files
	Transferring to host: <10.226.104.219:38691?CCBID=128.105.82.148:9618%3faddrs%3d128.105.82.148-9618+[2607-f388-2200-9d-7ccb-bc08-2489-768a]-9618%26alias%3dospool-ccb.osg.chtc.io%26noUDP%26sock%3dcollector6#4310823%2067.58.49.91:9618%3faddrs%3d67.58.49.91-9618+[fdf0-17b3-c3ec-1f79-10-0-e-b69d]-9618%26alias%3dccb-2.ospool.osg-htc.org%26noUDP%26sock%3dcollector10#4303009&PrivNet=gpu019.rci.montana.edu&addrs=10.226.104.219-38691&alias=gpu019.rci.montana.edu&noUDP>
...
040 (8017966.934.000) 2026-06-21 05:42:17 Finished transferring input files
...
021 (8017966.934.000) 2026-06-21 05:42:18 Message from starter on slot1_1@glidein_44325_252695070@gpu019.rci.montana.edu:
	PREPARE_JOB (prepare-hook) succeeded (reported status 000): Using Singularity image openfe_1.11.1.sif
...
001 (8017966.934.000) 2026-06-21 05:42:18 Job executing on host: <10.226.104.219:37929?CCBID=128.105.82.148:9618%3faddrs%3d128.105.82.148-9618+[2607-f388-2200-9d-7ccb-bc08-2489-768a]-9618%26alias%3dospool-ccb.osg.chtc.io%26noUDP%26sock%3dcollector4#4266774%2067.58.49.91:9618%3faddrs%3d67.58.49.91-9618+[fdf0-17b3-c3ec-1f79-10-0-e-b69d]-9618%26alias%3dccb-2.ospool.osg-htc.org%26noUDP%26sock%3dcollector8#4263365&PrivNet=gpu019.rci.montana.edu&addrs=10.226.104.219-37929&alias=gpu019.rci.montana.edu&noUDP>
	SlotName: slot1_1@glidein_44325_252695070@gpu019.rci.montana.edu
	AvailableGPUs = { GPUs_GPU_a02c745c }
	CondorScratchDir = "/tmp/jobs/4093250/glide_WSiIWo/execute/dir_2146922/scratch"
	Cpus = 1
	Disk = 16777216
	GPUs = 1
	GPUs_GPU_a02c745c = [ Id = "GPU-a02c745c"; ClockMhz = 1980.0; Capability = 9.0; CoresPerCU = 128; DeviceName = "NVIDIA H100 80GB HBM3"; DeviceUuid = "a02c745c-ebbe-2350-884d-bc75402184a0"; ECCEnabled = true; ComputeUnits = 132; NvidiaDriver = "595.71.05"; DriverVersion = 13.2; DevicePciBusId = "0000:5F:00.0"; GlobalMemoryMb = 81081; MaxSupportedVersion = 13020 ]
	Memory = 16384
...
006 (8017966.934.000) 2026-06-21 05:42:26 Image size of job updated: 4209664
	173  -  MemoryUsage of job (MB)
	177144  -  ResidentSetSize of job (KB)
...
006 (8017966.934.000) 2026-06-21 05:47:26 Image size of job updated: 45101424
	2586  -  MemoryUsage of job (MB)
	2647460  -  ResidentSetSize of job (KB)
...
006 (8017966.934.000) 2026-06-21 05:52:26 Image size of job updated: 45107764
	2592  -  MemoryUsage of job (MB)
	2653968  -  ResidentSetSize of job (KB)
...
006 (8017966.934.000) 2026-06-21 05:57:27 Image size of job updated: 45117260
	2598  -  MemoryUsage of job (MB)
	2660296  -  ResidentSetSize of job (KB)
...
006 (8017966.934.000) 2026-06-21 06:02:28 Image size of job updated: 45122760
	2604  -  MemoryUsage of job (MB)
	2666460  -  ResidentSetSize of job (KB)
...
006 (8017966.934.000) 2026-06-21 06:07:28 Image size of job updated: 45128468
	2610  -  MemoryUsage of job (MB)
	2672172  -  ResidentSetSize of job (KB)
...
006 (8017966.934.000) 2026-06-21 06:12:29 Image size of job updated: 45137384
	2619  -  MemoryUsage of job (MB)
	2681108  -  ResidentSetSize of job (KB)
...
006 (8017966.934.000) 2026-06-21 06:17:30 Image size of job updated: 45144376
	2626  -  MemoryUsage of job (MB)
	2688104  -  ResidentSetSize of job (KB)
...
006 (8017966.934.000) 2026-06-21 06:22:30 Image size of job updated: 45150324
	2631  -  MemoryUsage of job (MB)
	2694052  -  ResidentSetSize of job (KB)
...
040 (8017966.934.000) 2026-06-21 06:29:59 Started transferring output files
...
040 (8017966.934.000) 2026-06-21 06:30:00 Finished transferring output files
...
005 (8017966.934.000) 2026-06-21 06:30:00 Job terminated.
	(1) Normal termination (return value 0)
		Usr 0 00:45:13, Sys 0 00:01:55  -  Run Remote Usage
		Usr 0 00:00:00, Sys 0 00:00:00  -  Run Local Usage
		Usr 0 00:45:13, Sys 0 00:01:55  -  Total Remote Usage
		Usr 0 00:00:00, Sys 0 00:00:00  -  Total Local Usage
	1378127  -  Run Bytes Sent By Job
	2781913449  -  Run Bytes Received By Job
	1378127  -  Total Bytes Sent By Job
	2781913449  -  Total Bytes Received By Job
	Partitionable Resources :      Usage  Request Allocated Assigned
	   Cpus                 :       0.99        1         1 
	   Disk (KB)            : 2728265    16777216  16777216 
	   GPUs                 :       0.74        1         1 "GPU-a02c745c"
	   GpusMemory (MB)      :    8001                       
	   Memory (MB)          :    2631       16384     16384 
	   TimeExecute (s)      :    2861                       
	   TimeSlotBusy (s)     :    3068                       
...
