000 (8017966.834.000) 2026-06-20 22:07:54 Job submitted from host: <128.105.68.112:9618?addrs=128.105.68.112-9618+[2607-f388-2200-100-eaeb-d3ff-fea3-4202]-9618&alias=ap2001.chtc.wisc.edu&noUDP&sock=schedd_4071840_2329>
...
040 (8017966.834.000) 2026-06-21 04:53:35 Started transferring input files
	Transferring to host: <128.105.68.124:9618?addrs=128.105.68.124-9618+[2607-f388-2200-100-7ec2-55ff-fe99-a508]-9618&alias=dsigpu4001.chtc.wisc.edu&noUDP&sock=slot2_8_205874_9b6d_81249>
...
040 (8017966.834.000) 2026-06-21 04:53:46 Finished transferring input files
...
001 (8017966.834.000) 2026-06-21 04:53:46 Job executing on host: <128.105.68.124:9618?addrs=128.105.68.124-9618+[2607-f388-2200-100-7ec2-55ff-fe99-a508]-9618&alias=dsigpu4001.chtc.wisc.edu&noUDP&sock=startd_10787_9031>
	SlotName: slot2_8@dsigpu4001.chtc.wisc.edu
	AvailableGPUs = { GPUs_GPU_9fd2e54c }
	CondorScratchDir = "/var/lib/condor/execute/slot2/dir_2472201/scratch"
	Cpus = 1
	Disk = 16777216
	GPUs = 1
	GPUs_GPU_9fd2e54c = [ Id = "GPU-9fd2e54c"; Capability = 8.9; DeviceName = "NVIDIA L40"; DeviceUuid = "9fd2e54c-4fcd-964d-e066-bf92c6f8c683"; ECCEnabled = true; NvidiaDriver = "570.195.03"; DriverVersion = 12.8; DevicePciBusId = "0000:D2:00.0"; GlobalMemoryMb = 45468; MaxSupportedVersion = 12080 ]
	IoHeavy = 0
	Memory = 16384
...
006 (8017966.834.000) 2026-06-21 04:53:55 Image size of job updated: 374496
	366  -  MemoryUsage of job (MB)
	374496  -  ResidentSetSize of job (KB)
...
006 (8017966.834.000) 2026-06-21 04:58:55 Image size of job updated: 4390496
	3719  -  MemoryUsage of job (MB)
	3807388  -  ResidentSetSize of job (KB)
...
006 (8017966.834.000) 2026-06-21 05:03:56 Image size of job updated: 4481744
	4377  -  MemoryUsage of job (MB)
	4481744  -  ResidentSetSize of job (KB)
...
006 (8017966.834.000) 2026-06-21 05:08:57 Image size of job updated: 5060120
	4942  -  MemoryUsage of job (MB)
	5060120  -  ResidentSetSize of job (KB)
...
006 (8017966.834.000) 2026-06-21 05:13:57 Image size of job updated: 5124148
	4942  -  MemoryUsage of job (MB)
	5060120  -  ResidentSetSize of job (KB)
...
006 (8017966.834.000) 2026-06-21 05:18:58 Image size of job updated: 5608176
	5471  -  MemoryUsage of job (MB)
	5601656  -  ResidentSetSize of job (KB)
...
006 (8017966.834.000) 2026-06-21 05:23:58 Image size of job updated: 5796248
	5471  -  MemoryUsage of job (MB)
	5601656  -  ResidentSetSize of job (KB)
...
006 (8017966.834.000) 2026-06-21 05:28:58 Image size of job updated: 6149240
	6006  -  MemoryUsage of job (MB)
	6149240  -  ResidentSetSize of job (KB)
...
040 (8017966.834.000) 2026-06-21 05:29:48 Started transferring output files
...
040 (8017966.834.000) 2026-06-21 05:29:50 Finished transferring output files
...
004 (8017966.834.000) 2026-06-21 05:29:50 Job was evicted.
	(0) Job terminated and was requeued
		Usr 0 00:51:27, Sys 0 00:01:53  -  Run Remote Usage
		Usr 0 00:00:00, Sys 0 00:00:00  -  Run Local Usage
	483386662  -  Run Bytes Sent By Job
	2784023121  -  Run Bytes Received By Job
	(1) Normal termination (return value 1)
	The job attribute OnExitRemove expression 'NumJobCompletions > JobMaxRetries || ExitCode =?= 0' evaluated to FALSE
...
040 (8017966.834.000) 2026-06-21 05:30:13 Started transferring input files
	Transferring to host: <128.105.68.168:9618?addrs=128.105.68.168-9618+[2607-f388-2200-100-b62e-99ff-feb7-2dcb]-9618&alias=gpulab2003.chtc.wisc.edu&noUDP&sock=slot2_4_11172_6f3f_5740>
...
040 (8017966.834.000) 2026-06-21 05:30:33 Finished transferring input files
...
001 (8017966.834.000) 2026-06-21 05:30:33 Job executing on host: <128.105.68.168:9618?addrs=128.105.68.168-9618+[2607-f388-2200-100-b62e-99ff-feb7-2dcb]-9618&alias=gpulab2003.chtc.wisc.edu&noUDP&sock=startd_10155_1056>
	SlotName: slot2_4@gpulab2003.chtc.wisc.edu
	AvailableGPUs = { GPUs_GPU_61902b82 }
	CondorScratchDir = "/var/lib/condor/execute/slot2/dir_282406/scratch"
	Cpus = 1
	Disk = 16777216
	GPUs = 1
	GPUs_GPU_61902b82 = [ Id = "GPU-61902b82"; Capability = 7.5; DeviceName = "NVIDIA GeForce RTX 2080 Ti"; DeviceUuid = "61902b82-cedb-e4be-d010-bca8829ec79b"; ECCEnabled = false; NvidiaDriver = "570.195.03"; DriverVersion = 12.8; DevicePciBusId = "0000:B2:00.0"; GlobalMemoryMb = 10823; MaxSupportedVersion = 12080 ]
	IoHeavy = 0
	Memory = 16384
...
040 (8017966.834.000) 2026-06-21 05:30:37 Started transferring output files
...
040 (8017966.834.000) 2026-06-21 05:30:38 Finished transferring output files
...
004 (8017966.834.000) 2026-06-21 05:30:39 Job was evicted.
	(0) Job terminated and was requeued
		Usr 0 00:00:02, Sys 0 00:00:00  -  Run Remote Usage
		Usr 0 00:00:00, Sys 0 00:00:00  -  Run Local Usage
	483366927  -  Run Bytes Sent By Job
	3267389565  -  Run Bytes Received By Job
	(1) Normal termination (return value 2)
	The job attribute OnExitRemove expression 'NumJobCompletions > JobMaxRetries || ExitCode =?= 0' evaluated to FALSE
...
040 (8017966.834.000) 2026-06-21 05:30:41 Started transferring input files
	Transferring to host: <128.105.68.166:9618?addrs=128.105.68.166-9618+[2607-f388-2200-100-b62e-99ff-feb7-2e2d]-9618&alias=gpulab2001.chtc.wisc.edu&noUDP&sock=slot2_3_11113_dd1d_52706>
...
040 (8017966.834.000) 2026-06-21 05:31:00 Finished transferring input files
...
001 (8017966.834.000) 2026-06-21 05:31:00 Job executing on host: <128.105.68.166:9618?addrs=128.105.68.166-9618+[2607-f388-2200-100-b62e-99ff-feb7-2e2d]-9618&alias=gpulab2001.chtc.wisc.edu&noUDP&sock=startd_10083_ad84>
	SlotName: slot2_3@gpulab2001.chtc.wisc.edu
	AvailableGPUs = { GPUs_GPU_d298c6e0 }
	CondorScratchDir = "/var/lib/condor/execute/slot2/dir_949739/scratch"
	Cpus = 1
	Disk = 16777216
	GPUs = 1
	GPUs_GPU_d298c6e0 = [ Id = "GPU-d298c6e0"; Capability = 7.5; DeviceName = "NVIDIA GeForce RTX 2080 Ti"; DeviceUuid = "d298c6e0-f149-30ca-b7d6-2d5f7637ee2c"; ECCEnabled = false; NvidiaDriver = "570.195.03"; DriverVersion = 12.8; DevicePciBusId = "0000:B1:00.0"; GlobalMemoryMb = 10823; MaxSupportedVersion = 12080 ]
	IoHeavy = 0
	Memory = 16384
...
040 (8017966.834.000) 2026-06-21 05:31:04 Started transferring output files
...
040 (8017966.834.000) 2026-06-21 05:31:05 Finished transferring output files
...
004 (8017966.834.000) 2026-06-21 05:31:06 Job was evicted.
	(0) Job terminated and was requeued
		Usr 0 00:00:02, Sys 0 00:00:00  -  Run Remote Usage
		Usr 0 00:00:00, Sys 0 00:00:00  -  Run Local Usage
	483366937  -  Run Bytes Sent By Job
	3267389565  -  Run Bytes Received By Job
	(1) Normal termination (return value 2)
	The job attribute OnExitRemove expression 'NumJobCompletions > JobMaxRetries || ExitCode =?= 0' evaluated to FALSE
...
040 (8017966.834.000) 2026-06-21 05:31:11 Started transferring input files
	Transferring to host: <128.104.103.52:9618?addrs=128.104.103.52-9618+[2607-f388-107c-501-b226-28ff-fe4e-3a04]-9618&alias=ahlquist0001.chtc.wisc.edu&noUDP&sock=backfill1_1_4028860_1671_84647>
...
040 (8017966.834.000) 2026-06-21 05:31:34 Finished transferring input files
...
001 (8017966.834.000) 2026-06-21 05:31:34 Job executing on host: <128.104.103.52:9618?addrs=128.104.103.52-9618+[2607-f388-107c-501-b226-28ff-fe4e-3a04]-9618&alias=ahlquist0001.chtc.wisc.edu&noUDP&sock=startd_10174_18a3>
	SlotName: backfill1_1@ahlquist0001.chtc.wisc.edu
	AvailableGPUs = { GPUs_GPU_829ef9f2 }
	CondorScratchDir = "/var/lib/condor/execute/slot1/dir_1940511/scratch"
	Cpus = 1
	Disk = 16777216
	GPUs = 1
	GPUs_GPU_829ef9f2 = [ Id = "GPU-829ef9f2"; Capability = 6.0; DeviceName = "Tesla P100-PCIE-16GB"; DeviceUuid = "829ef9f2-d45b-2dd8-c25b-61fa9b6ee85b"; ECCEnabled = true; NvidiaDriver = "550.54.14"; DriverVersion = 12.4; DevicePciBusId = "0000:D8:00.0"; GlobalMemoryMb = 16269; MaxSupportedVersion = 12040 ]
	IoHeavy = 0
	Memory = 16384
...
040 (8017966.834.000) 2026-06-21 05:31:42 Started transferring output files
...
040 (8017966.834.000) 2026-06-21 05:31:43 Finished transferring output files
...
004 (8017966.834.000) 2026-06-21 05:31:44 Job was evicted.
	(0) Job terminated and was requeued
		Usr 0 00:00:05, Sys 0 00:00:01  -  Run Remote Usage
		Usr 0 00:00:00, Sys 0 00:00:00  -  Run Local Usage
	483366939  -  Run Bytes Sent By Job
	3267389565  -  Run Bytes Received By Job
	(1) Normal termination (return value 2)
	The job attribute OnExitRemove expression 'NumJobCompletions > JobMaxRetries || ExitCode =?= 0' evaluated to FALSE
...
040 (8017966.834.000) 2026-06-21 05:32:03 Started transferring input files
	Transferring to host: <128.105.68.168:9618?addrs=128.105.68.168-9618+[2607-f388-2200-100-b62e-99ff-feb7-2dcb]-9618&alias=gpulab2003.chtc.wisc.edu&noUDP&sock=slot2_4_11172_6f3f_5743>
...
040 (8017966.834.000) 2026-06-21 05:32:23 Finished transferring input files
...
001 (8017966.834.000) 2026-06-21 05:32:23 Job executing on host: <128.105.68.168:9618?addrs=128.105.68.168-9618+[2607-f388-2200-100-b62e-99ff-feb7-2dcb]-9618&alias=gpulab2003.chtc.wisc.edu&noUDP&sock=startd_10155_1056>
	SlotName: slot2_4@gpulab2003.chtc.wisc.edu
	AvailableGPUs = { GPUs_GPU_61902b82 }
	CondorScratchDir = "/var/lib/condor/execute/slot2/dir_284204/scratch"
	Cpus = 1
	Disk = 16777216
	GPUs = 1
	GPUs_GPU_61902b82 = [ Id = "GPU-61902b82"; Capability = 7.5; DeviceName = "NVIDIA GeForce RTX 2080 Ti"; DeviceUuid = "61902b82-cedb-e4be-d010-bca8829ec79b"; ECCEnabled = false; NvidiaDriver = "570.195.03"; DriverVersion = 12.8; DevicePciBusId = "0000:B2:00.0"; GlobalMemoryMb = 10823; MaxSupportedVersion = 12080 ]
	IoHeavy = 0
	Memory = 16384
...
040 (8017966.834.000) 2026-06-21 05:32:27 Started transferring output files
...
040 (8017966.834.000) 2026-06-21 05:32:28 Finished transferring output files
...
004 (8017966.834.000) 2026-06-21 05:32:29 Job was evicted.
	(0) Job terminated and was requeued
		Usr 0 00:00:03, Sys 0 00:00:00  -  Run Remote Usage
		Usr 0 00:00:00, Sys 0 00:00:00  -  Run Local Usage
	483366927  -  Run Bytes Sent By Job
	3267389565  -  Run Bytes Received By Job
	(1) Normal termination (return value 2)
	The job attribute OnExitRemove expression 'NumJobCompletions > JobMaxRetries || ExitCode =?= 0' evaluated to FALSE
...
040 (8017966.834.000) 2026-06-21 05:32:34 Started transferring input files
	Transferring to host: <128.105.68.168:9618?addrs=128.105.68.168-9618+[2607-f388-2200-100-b62e-99ff-feb7-2dcb]-9618&alias=gpulab2003.chtc.wisc.edu&noUDP&sock=slot2_4_11172_6f3f_5744>
...
040 (8017966.834.000) 2026-06-21 05:32:52 Finished transferring input files
...
001 (8017966.834.000) 2026-06-21 05:32:52 Job executing on host: <128.105.68.168:9618?addrs=128.105.68.168-9618+[2607-f388-2200-100-b62e-99ff-feb7-2dcb]-9618&alias=gpulab2003.chtc.wisc.edu&noUDP&sock=startd_10155_1056>
	SlotName: slot2_4@gpulab2003.chtc.wisc.edu
	AvailableGPUs = { GPUs_GPU_61902b82 }
	CondorScratchDir = "/var/lib/condor/execute/slot2/dir_284494/scratch"
	Cpus = 1
	Disk = 16777216
	GPUs = 1
	GPUs_GPU_61902b82 = [ Id = "GPU-61902b82"; Capability = 7.5; DeviceName = "NVIDIA GeForce RTX 2080 Ti"; DeviceUuid = "61902b82-cedb-e4be-d010-bca8829ec79b"; ECCEnabled = false; NvidiaDriver = "570.195.03"; DriverVersion = 12.8; DevicePciBusId = "0000:B2:00.0"; GlobalMemoryMb = 10823; MaxSupportedVersion = 12080 ]
	IoHeavy = 0
	Memory = 16384
...
040 (8017966.834.000) 2026-06-21 05:32:56 Started transferring output files
...
040 (8017966.834.000) 2026-06-21 05:32:58 Finished transferring output files
...
004 (8017966.834.000) 2026-06-21 05:32:58 Job was evicted.
	(0) Job terminated and was requeued
		Usr 0 00:00:03, Sys 0 00:00:00  -  Run Remote Usage
		Usr 0 00:00:00, Sys 0 00:00:00  -  Run Local Usage
	483366927  -  Run Bytes Sent By Job
	3267389565  -  Run Bytes Received By Job
	(1) Normal termination (return value 2)
	The job attribute OnExitRemove expression 'NumJobCompletions > JobMaxRetries || ExitCode =?= 0' evaluated to FALSE
...
040 (8017966.834.000) 2026-06-21 05:33:25 Started transferring input files
	Transferring to host: <128.105.68.166:9618?addrs=128.105.68.166-9618+[2607-f388-2200-100-b62e-99ff-feb7-2e2d]-9618&alias=gpulab2001.chtc.wisc.edu&noUDP&sock=slot2_2_11113_dd1d_52707>
...
040 (8017966.834.000) 2026-06-21 05:33:42 Finished transferring input files
...
001 (8017966.834.000) 2026-06-21 05:33:42 Job executing on host: <128.105.68.166:9618?addrs=128.105.68.166-9618+[2607-f388-2200-100-b62e-99ff-feb7-2e2d]-9618&alias=gpulab2001.chtc.wisc.edu&noUDP&sock=startd_10083_ad84>
	SlotName: slot2_2@gpulab2001.chtc.wisc.edu
	AvailableGPUs = { GPUs_GPU_5498e439 }
	CondorScratchDir = "/var/lib/condor/execute/slot2/dir_950012/scratch"
	Cpus = 1
	Disk = 16777216
	GPUs = 1
	GPUs_GPU_5498e439 = [ Id = "GPU-5498e439"; Capability = 7.5; DeviceName = "NVIDIA GeForce RTX 2080 Ti"; DeviceUuid = "5498e439-bec3-fa72-ed65-a45d5f53e1b5"; ECCEnabled = false; NvidiaDriver = "570.195.03"; DriverVersion = 12.8; DevicePciBusId = "0000:3E:00.0"; GlobalMemoryMb = 10823; MaxSupportedVersion = 12080 ]
	IoHeavy = 0
	Memory = 16384
...
040 (8017966.834.000) 2026-06-21 05:33:46 Started transferring output files
...
040 (8017966.834.000) 2026-06-21 05:33:47 Finished transferring output files
...
004 (8017966.834.000) 2026-06-21 05:33:48 Job was evicted.
	(0) Job terminated and was requeued
		Usr 0 00:00:03, Sys 0 00:00:00  -  Run Remote Usage
		Usr 0 00:00:00, Sys 0 00:00:00  -  Run Local Usage
	483366937  -  Run Bytes Sent By Job
	3267389565  -  Run Bytes Received By Job
	(1) Normal termination (return value 2)
	The job attribute OnExitRemove expression 'NumJobCompletions > JobMaxRetries || ExitCode =?= 0' evaluated to FALSE
...
040 (8017966.834.000) 2026-06-21 05:35:18 Started transferring input files
	Transferring to host: <10.1.1.137:38285?CCBID=128.105.82.148:9618%3faddrs%3d128.105.82.148-9618+[2607-f388-2200-9d-7ccb-bc08-2489-768a]-9618%26alias%3dospool-ccb.osg.chtc.io%26noUDP%26sock%3dcollector8#4310549%2067.58.49.91:9618%3faddrs%3d67.58.49.91-9618+[fdf0-17b3-c3ec-1f79-10-0-e-b69d]-9618%26alias%3dccb-2.ospool.osg-htc.org%26noUDP%26sock%3dcollector8#4305987&PrivNet=gpu07&addrs=10.1.1.137-38285&alias=gpu07&noUDP>
...
040 (8017966.834.000) 2026-06-21 05:35:47 Finished transferring input files
...
021 (8017966.834.000) 2026-06-21 05:35:47 Message from starter on slot1_4@glidein_795025_64906636@gpu07:
	PREPARE_JOB (prepare-hook) succeeded (reported status 000): Using Singularity image openfe_1.11.1.sif
...
001 (8017966.834.000) 2026-06-21 05:35:47 Job executing on host: <10.1.1.137:42311?CCBID=128.105.82.148:9618%3faddrs%3d128.105.82.148-9618+[2607-f388-2200-9d-7ccb-bc08-2489-768a]-9618%26alias%3dospool-ccb.osg.chtc.io%26noUDP%26sock%3dcollector9#4101337%2067.58.49.91:9618%3faddrs%3d67.58.49.91-9618+[fdf0-17b3-c3ec-1f79-10-0-e-b69d]-9618%26alias%3dccb-2.ospool.osg-htc.org%26noUDP%26sock%3dcollector7#4091584&PrivNet=gpu07&addrs=10.1.1.137-42311&alias=gpu07&noUDP>
	SlotName: slot1_4@glidein_795025_64906636@gpu07
	AvailableGPUs = { GPUs_GPU_58b172da }
	CondorScratchDir = "/tmp/glide_dYrt5m/execute/dir_2168842/scratch"
	Cpus = 1
	Disk = 16777216
	GPUs = 1
	GPUs_GPU_58b172da = [ Id = "GPU-58b172da"; ClockMhz = 1695.0; Capability = 8.6; CoresPerCU = 128; DeviceName = "NVIDIA RTX A5000"; DeviceUuid = "58b172da-e6dd-72fa-18e2-4ff5c51a7159"; ECCEnabled = false; ComputeUnits = 64; NvidiaDriver = "595.71.05"; DriverVersion = 13.2; DevicePciBusId = "0000:C1:00.0"; GlobalMemoryMb = 24361; MaxSupportedVersion = 13020 ]
	Memory = 16384
...
040 (8017966.834.000) 2026-06-21 05:35:53 Started transferring output files
...
040 (8017966.834.000) 2026-06-21 05:36:04 Finished transferring output files
...
004 (8017966.834.000) 2026-06-21 05:36:06 Job was evicted.
	(0) Job terminated and was requeued
		Usr 0 00:00:01, Sys 0 00:00:00  -  Run Remote Usage
		Usr 0 00:00:00, Sys 0 00:00:00  -  Run Local Usage
	483367063  -  Run Bytes Sent By Job
	3267389565  -  Run Bytes Received By Job
	(1) Normal termination (return value 2)
	The job attribute OnExitRemove expression 'NumJobCompletions > JobMaxRetries || ExitCode =?= 0' evaluated to FALSE
...
040 (8017966.834.000) 2026-06-21 05:36:10 Started transferring input files
	Transferring to host: <128.104.103.48:9618?addrs=128.104.103.48-9618+[2607-f388-107c-501-ae1f-6bff-fe2c-2f00]-9618&alias=vetsigian0001.chtc.wisc.edu&noUDP&sock=slot2_6_10681_7b0b_8155>
...
040 (8017966.834.000) 2026-06-21 05:36:57 Finished transferring input files
...
001 (8017966.834.000) 2026-06-21 05:36:57 Job executing on host: <128.104.103.48:9618?addrs=128.104.103.48-9618+[2607-f388-107c-501-ae1f-6bff-fe2c-2f00]-9618&alias=vetsigian0001.chtc.wisc.edu&noUDP&sock=startd_9913_126b>
	SlotName: slot2_6@vetsigian0001.chtc.wisc.edu
	AvailableGPUs = { GPUs_GPU_3ebfc45d }
	CondorScratchDir = "/var/lib/condor/execute/slot2/dir_3261837/scratch"
	Cpus = 1
	Disk = 16777216
	GPUs = 1
	GPUs_GPU_3ebfc45d = [ Id = "GPU-3ebfc45d"; Capability = 7.5; DeviceName = "NVIDIA GeForce RTX 2080 Ti"; DeviceUuid = "3ebfc45d-6ddf-8adb-378a-d31377acded0"; ECCEnabled = false; NvidiaDriver = "550.54.14"; DriverVersion = 12.4; DevicePciBusId = "0000:89:00.0"; GlobalMemoryMb = 11004; MaxSupportedVersion = 12040 ]
	IoHeavy = 0
	Memory = 16384
...
040 (8017966.834.000) 2026-06-21 05:37:02 Started transferring output files
...
040 (8017966.834.000) 2026-06-21 05:37:03 Finished transferring output files
...
004 (8017966.834.000) 2026-06-21 05:37:04 Job was evicted.
	(0) Job terminated and was requeued
		Usr 0 00:00:03, Sys 0 00:00:00  -  Run Remote Usage
		Usr 0 00:00:00, Sys 0 00:00:00  -  Run Local Usage
	483366940  -  Run Bytes Sent By Job
	3267389565  -  Run Bytes Received By Job
	(1) Normal termination (return value 2)
	The job attribute OnExitRemove expression 'NumJobCompletions > JobMaxRetries || ExitCode =?= 0' evaluated to FALSE
...
040 (8017966.834.000) 2026-06-21 05:37:34 Started transferring input files
	Transferring to host: <128.105.68.117:9618?addrs=128.105.68.117-9618+[2607-f388-2200-100-7ec2-55ff-fe9a-b4fa]-9618&alias=gpu4000.chtc.wisc.edu&noUDP&sock=slot2_4_1956795_d8ee_83018>
...
040 (8017966.834.000) 2026-06-21 05:37:47 Finished transferring input files
...
001 (8017966.834.000) 2026-06-21 05:37:47 Job executing on host: <128.105.68.117:9618?addrs=128.105.68.117-9618+[2607-f388-2200-100-7ec2-55ff-fe9a-b4fa]-9618&alias=gpu4000.chtc.wisc.edu&noUDP&sock=startd_674379_7ae3>
	SlotName: slot2_4@gpu4000.chtc.wisc.edu
	AvailableGPUs = { GPUs_GPU_85b798bf }
	CondorScratchDir = "/var/lib/condor/execute/slot2/dir_137408/scratch"
	Cpus = 1
	Disk = 16777216
	GPUs = 1
	GPUs_GPU_85b798bf = [ Id = "GPU-85b798bf"; Capability = 8.9; DeviceName = "NVIDIA L40"; DeviceUuid = "85b798bf-b3ac-60c1-4903-0e00d9a2de78"; ECCEnabled = true; NvidiaDriver = "570.195.03"; DriverVersion = 12.8; DevicePciBusId = "0000:56:00.0"; GlobalMemoryMb = 45468; MaxSupportedVersion = 12080 ]
	IoHeavy = 0
	Memory = 16384
...
040 (8017966.834.000) 2026-06-21 05:37:51 Started transferring output files
...
040 (8017966.834.000) 2026-06-21 05:37:52 Finished transferring output files
...
004 (8017966.834.000) 2026-06-21 05:37:52 Job was evicted.
	(0) Job terminated and was requeued
		Usr 0 00:00:02, Sys 0 00:00:00  -  Run Remote Usage
		Usr 0 00:00:00, Sys 0 00:00:00  -  Run Local Usage
	483366934  -  Run Bytes Sent By Job
	3267389565  -  Run Bytes Received By Job
	(1) Normal termination (return value 2)
	The job attribute OnExitRemove expression 'NumJobCompletions > JobMaxRetries || ExitCode =?= 0' evaluated to FALSE
...
040 (8017966.834.000) 2026-06-21 05:38:15 Started transferring input files
	Transferring to host: <128.105.69.72:9618?addrs=128.105.69.72-9618+[2607-f388-2200-100-bae9-24ff-fe36-96e0]-9618&alias=ssilwalgpu4000.chtc.wisc.edu&noUDP&sock=backfill1_3_2012046_2cd4_83085>
...
040 (8017966.834.000) 2026-06-21 05:38:23 Finished transferring input files
...
001 (8017966.834.000) 2026-06-21 05:38:23 Job executing on host: <128.105.69.72:9618?addrs=128.105.69.72-9618+[2607-f388-2200-100-bae9-24ff-fe36-96e0]-9618&alias=ssilwalgpu4000.chtc.wisc.edu&noUDP&sock=startd_10752_8e60>
	SlotName: backfill1_3@ssilwalgpu4000.chtc.wisc.edu
	AvailableGPUs = { GPUs_GPU_9b91e22c }
	CondorScratchDir = "/var/lib/condor/execute/slot1/dir_3530784/scratch"
	Cpus = 1
	Disk = 16777216
	GPUs = 1
	GPUs_GPU_9b91e22c = [ Id = "GPU-9b91e22c"; Capability = 9.0; DeviceName = "NVIDIA H200"; DeviceUuid = "9b91e22c-a269-8d3b-4b76-29c6cac34367"; ECCEnabled = true; NvidiaDriver = "570.195.03"; DriverVersion = 12.8; DevicePciBusId = "0000:2F:00.0"; GlobalMemoryMb = 143166; MaxSupportedVersion = 12080 ]
	IoHeavy = 0
	Memory = 16384
...
040 (8017966.834.000) 2026-06-21 05:38:27 Started transferring output files
...
040 (8017966.834.000) 2026-06-21 05:38:28 Finished transferring output files
...
005 (8017966.834.000) 2026-06-21 05:38:28 Job terminated.
	(1) Normal termination (return value 2)
		Usr 0 00:00:01, Sys 0 00:00:00  -  Run Remote Usage
		Usr 0 00:00:00, Sys 0 00:00:00  -  Run Local Usage
		Usr 0 00:51:52, Sys 0 00:01:54  -  Total Remote Usage
		Usr 0 00:00:00, Sys 0 00:00:00  -  Total Local Usage
	483366941  -  Run Bytes Sent By Job
	3267389565  -  Run Bytes Received By Job
	5317056134  -  Total Bytes Sent By Job
	35457918771  -  Total Bytes Received By Job
	Partitionable Resources :    Usage  Request Allocated Assigned
	   Cpus                 :        0        1         1 
	   Disk (KB)            :  3190847 16777216  16777216 
	   GPUs                 :        0        1         1 "GPU-9b91e22c"
	   IoHeavy              :                           0 
	   Memory (MB)          :     7325    16384     16384 
	   TimeExecute (s)      :        3                    
	   TimeSlotBusy (s)     :       13                    
...
