000 (8321903.154.000) 2026-06-26 09:00:08 Job submitted from host: <128.105.68.112:9618?addrs=128.105.68.112-9618+[2607-f388-2200-100-eaeb-d3ff-fea3-4202]-9618&alias=ap2001.chtc.wisc.edu&noUDP&sock=schedd_4071840_2329>
...
040 (8321903.154.000) 2026-06-26 12:44:47 Started transferring input files
	Transferring to host: <128.105.68.16:9618?addrs=128.105.68.16-9618+[2607-f388-2200-100-3eec-efff-fe0c-5412]-9618&alias=coba2000.chtc.wisc.edu&noUDP&sock=backfill1_3_3519661_53ef_24>
...
040 (8321903.154.000) 2026-06-26 12:45:04 Finished transferring input files
...
001 (8321903.154.000) 2026-06-26 12:45:04 Job executing on host: <128.105.68.16:9618?addrs=128.105.68.16-9618+[2607-f388-2200-100-3eec-efff-fe0c-5412]-9618&alias=coba2000.chtc.wisc.edu&noUDP&sock=startd_11607_03da>
	SlotName: backfill1_3@coba2000.chtc.wisc.edu
	AvailableGPUs = { GPUs_GPU_ee7237b4 }
	CondorScratchDir = "/var/lib/condor/execute/slot1/dir_3521992/scratch"
	Cpus = 1
	Disk = 16777216
	GPUs = 1
	GPUs_GPU_ee7237b4 = [ Id = "GPU-ee7237b4"; Capability = 8.0; DeviceName = "NVIDIA A100-SXM4-40GB"; DeviceUuid = "ee7237b4-7e82-64c1-4693-db39b705ecfa"; ECCEnabled = true; NvidiaDriver = "570.195.03"; DriverVersion = 12.8; DevicePciBusId = "0000:41:00.0"; GlobalMemoryMb = 40442; MaxSupportedVersion = 12080 ]
	IoHeavy = 0
	Memory = 16384
...
006 (8321903.154.000) 2026-06-26 12:45:13 Image size of job updated: 400452
	392  -  MemoryUsage of job (MB)
	400452  -  ResidentSetSize of job (KB)
...
006 (8321903.154.000) 2026-06-26 12:50:14 Image size of job updated: 1485460
	1429  -  MemoryUsage of job (MB)
	1462648  -  ResidentSetSize of job (KB)
...
006 (8321903.154.000) 2026-06-26 12:55:14 Image size of job updated: 4437204
	3776  -  MemoryUsage of job (MB)
	3866304  -  ResidentSetSize of job (KB)
...
006 (8321903.154.000) 2026-06-26 13:00:15 Image size of job updated: 4507396
	4402  -  MemoryUsage of job (MB)
	4507396  -  ResidentSetSize of job (KB)
...
006 (8321903.154.000) 2026-06-26 13:05:15 Image size of job updated: 5284692
	5161  -  MemoryUsage of job (MB)
	5284692  -  ResidentSetSize of job (KB)
...
006 (8321903.154.000) 2026-06-26 13:10:15 Image size of job updated: 5487480
	5161  -  MemoryUsage of job (MB)
	5284692  -  ResidentSetSize of job (KB)
...
006 (8321903.154.000) 2026-06-26 13:15:16 Image size of job updated: 5632780
	5501  -  MemoryUsage of job (MB)
	5632780  -  ResidentSetSize of job (KB)
...
006 (8321903.154.000) 2026-06-26 13:20:16 Image size of job updated: 6297720
	5914  -  MemoryUsage of job (MB)
	6055136  -  ResidentSetSize of job (KB)
...
006 (8321903.154.000) 2026-06-26 13:30:17 Image size of job updated: 6556684
	6404  -  MemoryUsage of job (MB)
	6556684  -  ResidentSetSize of job (KB)
...
006 (8321903.154.000) 2026-06-26 13:33:54 Image size of job updated: 6866660
	6404  -  MemoryUsage of job (MB)
	6556684  -  ResidentSetSize of job (KB)
...
040 (8321903.154.000) 2026-06-26 13:33:54 Started transferring output files
...
040 (8321903.154.000) 2026-06-26 13:33:54 Finished transferring output files
...
004 (8321903.154.000) 2026-06-26 13:33:55 Job was evicted.
	(0) Job terminated and was requeued
		Usr 0 00:54:03, Sys 0 00:02:08  -  Run Remote Usage
		Usr 0 00:00:00, Sys 0 00:00:00  -  Run Local Usage
	113744  -  Run Bytes Sent By Job
	2784169395  -  Run Bytes Received By Job
	(1) Normal termination (return value 1)
	The job attribute OnExitRemove expression 'NumJobCompletions > JobMaxRetries || ExitCode =?= 0' evaluated to FALSE
...
040 (8321903.154.000) 2026-06-26 13:34:00 Started transferring input files
	Transferring to host: <128.104.100.117:9618?addrs=128.104.100.117-9618+[2607-f388-107c-501-8ae9-a4ff-fe02-e150]-9618&alias=jcaicedogpu0003.chtc.wisc.edu&noUDP&sock=backfill1_1_1577952_aea0_163>
...
040 (8321903.154.000) 2026-06-26 13:34:16 Finished transferring input files
...
001 (8321903.154.000) 2026-06-26 13:34:16 Job executing on host: <128.104.100.117:9618?addrs=128.104.100.117-9618+[2607-f388-107c-501-8ae9-a4ff-fe02-e150]-9618&alias=jcaicedogpu0003.chtc.wisc.edu&noUDP&sock=startd_10874_3cee>
	SlotName: backfill1_1@jcaicedogpu0003.chtc.wisc.edu
	AvailableGPUs = { GPUs_GPU_84aa5312 }
	CondorScratchDir = "/var/lib/condor/execute/slot1/dir_1764200/scratch"
	Cpus = 1
	Disk = 16777216
	GPUs = 1
	GPUs_GPU_84aa5312 = [ Id = "GPU-84aa5312"; Capability = 8.9; DeviceName = "NVIDIA L40S"; DeviceUuid = "84aa5312-d8a5-be03-8ab6-55b4d1f0d7b2"; ECCEnabled = true; NvidiaDriver = "570.195.03"; DriverVersion = 12.8; DevicePciBusId = "0000:E1:00.0"; GlobalMemoryMb = 45468; MaxSupportedVersion = 12080 ]
	IoHeavy = 0
	Memory = 16384
...
040 (8321903.154.000) 2026-06-26 14:04:43 Started transferring output files
...
040 (8321903.154.000) 2026-06-26 14:04:43 Finished transferring output files
...
004 (8321903.154.000) 2026-06-26 14:04:43 Job was evicted.
	(0) Job terminated and was requeued
		Usr 0 00:33:50, Sys 0 00:01:39  -  Run Remote Usage
		Usr 0 00:00:00, Sys 0 00:00:00  -  Run Local Usage
	113775  -  Run Bytes Sent By Job
	2784169395  -  Run Bytes Received By Job
	(1) Normal termination (return value 1)
	The job attribute OnExitRemove expression 'NumJobCompletions > JobMaxRetries || ExitCode =?= 0' evaluated to FALSE
...
040 (8321903.154.000) 2026-06-26 14:30:52 Started transferring input files
	Transferring to host: <128.104.100.118:9618?addrs=128.104.100.118-9618+[2607-f388-107c-501-26d-aeff-fe1f-6b20]-9618&alias=jcaicedogpu0004.chtc.wisc.edu&noUDP&sock=backfill1_7_3535649_51f9_230>
...
040 (8321903.154.000) 2026-06-26 14:31:04 Finished transferring input files
...
001 (8321903.154.000) 2026-06-26 14:31:04 Job executing on host: <128.104.100.118:9618?addrs=128.104.100.118-9618+[2607-f388-107c-501-26d-aeff-fe1f-6b20]-9618&alias=jcaicedogpu0004.chtc.wisc.edu&noUDP&sock=startd_10858_436a>
	SlotName: backfill1_7@jcaicedogpu0004.chtc.wisc.edu
	AvailableGPUs = { GPUs_GPU_15ef4041 }
	CondorScratchDir = "/var/lib/condor/execute/slot1/dir_3779681/scratch"
	Cpus = 1
	Disk = 16777216
	GPUs = 1
	GPUs_GPU_15ef4041 = [ Id = "GPU-15ef4041"; Capability = 8.9; DeviceName = "NVIDIA L40S"; DeviceUuid = "15ef4041-a338-d8b1-af1c-286c00948d22"; ECCEnabled = true; NvidiaDriver = "570.195.03"; DriverVersion = 12.8; DevicePciBusId = "0000:21:00.0"; GlobalMemoryMb = 45468; MaxSupportedVersion = 12080 ]
	IoHeavy = 0
	Memory = 16384
...
040 (8321903.154.000) 2026-06-26 15:01:09 Started transferring output files
...
040 (8321903.154.000) 2026-06-26 15:01:09 Finished transferring output files
...
004 (8321903.154.000) 2026-06-26 15:01:10 Job was evicted.
	(0) Job terminated and was requeued
		Usr 0 00:36:04, Sys 0 00:01:38  -  Run Remote Usage
		Usr 0 00:00:00, Sys 0 00:00:00  -  Run Local Usage
	113775  -  Run Bytes Sent By Job
	2784169395  -  Run Bytes Received By Job
	(1) Normal termination (return value 1)
	The job attribute OnExitRemove expression 'NumJobCompletions > JobMaxRetries || ExitCode =?= 0' evaluated to FALSE
...
040 (8321903.154.000) 2026-06-26 15:21:55 Started transferring input files
	Transferring to host: <128.105.76.46:9618?addrs=128.105.76.46-9618+[2607-f388-2200-100-e29d-73ff-fe7b-5316]-9618&alias=bhaskargpu4000.chtc.wisc.edu&noUDP&sock=backfill1_4_18480_94e9_579>
...
040 (8321903.154.000) 2026-06-26 15:22:08 Finished transferring input files
...
001 (8321903.154.000) 2026-06-26 15:22:08 Job executing on host: <128.105.76.46:9618?addrs=128.105.76.46-9618+[2607-f388-2200-100-e29d-73ff-fe7b-5316]-9618&alias=bhaskargpu4000.chtc.wisc.edu&noUDP&sock=startd_17896_bef6>
	SlotName: backfill1_4@bhaskargpu4000.chtc.wisc.edu
	AvailableGPUs = { GPUs_GPU_33aa2a42 }
	CondorScratchDir = "/var/lib/condor/execute/slot1/dir_537544/scratch"
	Cpus = 1
	Disk = 16777216
	GPUs = 1
	GPUs_GPU_33aa2a42 = [ Id = "GPU-33aa2a42"; Capability = 9.0; DeviceName = "NVIDIA H200"; DeviceUuid = "33aa2a42-bd2a-6304-6f7b-77e4ff98ad33"; ECCEnabled = true; NvidiaDriver = "570.195.03"; DriverVersion = 12.8; DevicePciBusId = "0000:4C:00.0"; GlobalMemoryMb = 143166; MaxSupportedVersion = 12080 ]
	IoHeavy = 0
	Memory = 16384
...
006 (8321903.154.000) 2026-06-26 15:52:19 Image size of job updated: 7983004
	7325  -  MemoryUsage of job (MB)
	7500000  -  ResidentSetSize of job (KB)
...
040 (8321903.154.000) 2026-06-26 16:00:31 Started transferring output files
...
040 (8321903.154.000) 2026-06-26 16:00:31 Finished transferring output files
...
004 (8321903.154.000) 2026-06-26 16:00:32 Job was evicted.
	(0) Job terminated and was requeued
		Usr 0 00:40:39, Sys 0 00:03:13  -  Run Remote Usage
		Usr 0 00:00:00, Sys 0 00:00:00  -  Run Local Usage
	113780  -  Run Bytes Sent By Job
	2784169395  -  Run Bytes Received By Job
	(1) Normal termination (return value 1)
	The job attribute OnExitRemove expression 'NumJobCompletions > JobMaxRetries || ExitCode =?= 0' evaluated to FALSE
...
040 (8321903.154.000) 2026-06-26 16:03:11 Started transferring input files
	Transferring to host: <128.105.76.46:9618?addrs=128.105.76.46-9618+[2607-f388-2200-100-e29d-73ff-fe7b-5316]-9618&alias=bhaskargpu4000.chtc.wisc.edu&noUDP&sock=backfill1_6_18480_94e9_658>
...
040 (8321903.154.000) 2026-06-26 16:03:23 Finished transferring input files
...
001 (8321903.154.000) 2026-06-26 16:03:23 Job executing on host: <128.105.76.46:9618?addrs=128.105.76.46-9618+[2607-f388-2200-100-e29d-73ff-fe7b-5316]-9618&alias=bhaskargpu4000.chtc.wisc.edu&noUDP&sock=startd_17896_bef6>
	SlotName: backfill1_6@bhaskargpu4000.chtc.wisc.edu
	AvailableGPUs = { GPUs_GPU_a6385676 }
	CondorScratchDir = "/var/lib/condor/execute/slot1/dir_1265666/scratch"
	Cpus = 1
	Disk = 16777216
	GPUs = 1
	GPUs_GPU_a6385676 = [ Id = "GPU-a6385676"; Capability = 9.0; DeviceName = "NVIDIA H200"; DeviceUuid = "a6385676-e469-d8bf-78bf-e936ea0e7758"; ECCEnabled = true; NvidiaDriver = "570.195.03"; DriverVersion = 12.8; DevicePciBusId = "0000:19:00.0"; GlobalMemoryMb = 143166; MaxSupportedVersion = 12080 ]
	IoHeavy = 0
	Memory = 16384
...
004 (8321903.154.000) 2026-06-26 16:09:42 Job was evicted. Code 1011 Subcode 0
	(0) CPU times
		Usr 0 00:08:36, Sys 0 00:01:18  -  Run Remote Usage
		Usr 0 00:00:00, Sys 0 00:00:00  -  Run Local Usage
	0  -  Run Bytes Sent By Job
	2784169395  -  Run Bytes Received By Job
	Reason: PREEMPT expression evaluated to True
	Partitionable Resources :      Usage  Request Allocated Assigned
	   Cpus                 :       1.01        1         1 
	   Disk (KB)            : 2732072    16777216  16777216 
	   GPUs                 :       0.01        1         1 "GPU-a6385676"
	   GpusMemory (MB)      :    1826                       
	   IoHeavy              :                             0 
	   Memory (MB)          :    7325       16384     16384 
	   TimeExecute (s)      :     379                       
	   TimeSlotBusy (s)     :     391                       
...
040 (8321903.154.000) 2026-06-26 16:17:01 Started transferring input files
	Transferring to host: <128.104.100.118:9618?addrs=128.104.100.118-9618+[2607-f388-107c-501-26d-aeff-fe1f-6b20]-9618&alias=jcaicedogpu0004.chtc.wisc.edu&noUDP&sock=backfill1_6_3535649_51f9_463>
...
040 (8321903.154.000) 2026-06-26 16:17:14 Finished transferring input files
...
001 (8321903.154.000) 2026-06-26 16:17:14 Job executing on host: <128.104.100.118:9618?addrs=128.104.100.118-9618+[2607-f388-107c-501-26d-aeff-fe1f-6b20]-9618&alias=jcaicedogpu0004.chtc.wisc.edu&noUDP&sock=startd_10858_436a>
	SlotName: backfill1_6@jcaicedogpu0004.chtc.wisc.edu
	AvailableGPUs = { GPUs_GPU_24c36952 }
	CondorScratchDir = "/var/lib/condor/execute/slot1/dir_584620/scratch"
	Cpus = 1
	Disk = 16777216
	GPUs = 1
	GPUs_GPU_24c36952 = [ Id = "GPU-24c36952"; Capability = 8.9; DeviceName = "NVIDIA L40S"; DeviceUuid = "24c36952-d8e0-2591-de95-0b1c1e26b79b"; ECCEnabled = true; NvidiaDriver = "570.195.03"; DriverVersion = 12.8; DevicePciBusId = "0000:41:00.0"; GlobalMemoryMb = 45468; MaxSupportedVersion = 12080 ]
	IoHeavy = 0
	Memory = 16384
...
040 (8321903.154.000) 2026-06-26 16:47:05 Started transferring output files
...
040 (8321903.154.000) 2026-06-26 16:47:05 Finished transferring output files
...
004 (8321903.154.000) 2026-06-26 16:47:06 Job was evicted.
	(0) Job terminated and was requeued
		Usr 0 00:32:37, Sys 0 00:01:17  -  Run Remote Usage
		Usr 0 00:00:00, Sys 0 00:00:00  -  Run Local Usage
	113774  -  Run Bytes Sent By Job
	2784169395  -  Run Bytes Received By Job
	(1) Normal termination (return value 1)
	The job attribute OnExitRemove expression 'NumJobCompletions > JobMaxRetries || ExitCode =?= 0' evaluated to FALSE
...
040 (8321903.154.000) 2026-06-26 16:57:48 Started transferring input files
	Transferring to host: <128.104.100.17:9618?addrs=128.104.100.17-9618+[2607-f388-107c-501-527c-6fff-fe66-e9bc]-9618&alias=jcaicedogpu0002.chtc.wisc.edu&noUDP&sock=backfill1_8_3195584_c394_580>
...
040 (8321903.154.000) 2026-06-26 16:57:59 Finished transferring input files
...
001 (8321903.154.000) 2026-06-26 16:57:59 Job executing on host: <128.104.100.17:9618?addrs=128.104.100.17-9618+[2607-f388-107c-501-527c-6fff-fe66-e9bc]-9618&alias=jcaicedogpu0002.chtc.wisc.edu&noUDP&sock=startd_11788_2a7e>
	SlotName: backfill1_8@jcaicedogpu0002.chtc.wisc.edu
	AvailableGPUs = { GPUs_GPU_555b5363 }
	CondorScratchDir = "/var/lib/condor/execute/slot1/dir_4088827/scratch"
	Cpus = 1
	Disk = 16777216
	GPUs = 1
	GPUs_GPU_555b5363 = [ Id = "GPU-555b5363"; Capability = 8.9; DeviceName = "NVIDIA L40S"; DeviceUuid = "555b5363-2206-6699-9cc2-7a11eb770803"; ECCEnabled = true; NvidiaDriver = "570.195.03"; DriverVersion = 12.8; DevicePciBusId = "0000:17:00.0"; GlobalMemoryMb = 45468; MaxSupportedVersion = 12080 ]
	IoHeavy = 0
	Memory = 16384
...
040 (8321903.154.000) 2026-06-26 17:31:30 Started transferring output files
...
040 (8321903.154.000) 2026-06-26 17:31:30 Finished transferring output files
...
004 (8321903.154.000) 2026-06-26 17:31:31 Job was evicted.
	(0) Job terminated and was requeued
		Usr 0 00:42:17, Sys 0 00:01:09  -  Run Remote Usage
		Usr 0 00:00:00, Sys 0 00:00:00  -  Run Local Usage
	113777  -  Run Bytes Sent By Job
	2784169395  -  Run Bytes Received By Job
	(1) Normal termination (return value 1)
	The job attribute OnExitRemove expression 'NumJobCompletions > JobMaxRetries || ExitCode =?= 0' evaluated to FALSE
...
040 (8321903.154.000) 2026-06-26 18:28:51 Started transferring input files
	Transferring to host: <128.105.76.52:9618?addrs=128.105.76.52-9618+[2607-f388-2200-100-b65c-b5ff-fe81-e53e]-9618&alias=dbrundage-chtcgpu5000.chtc.wisc.edu&noUDP&sock=backfill1_4_830193_d239_31>
...
040 (8321903.154.000) 2026-06-26 18:29:04 Finished transferring input files
...
001 (8321903.154.000) 2026-06-26 18:29:04 Job executing on host: <128.105.76.52:9618?addrs=128.105.76.52-9618+[2607-f388-2200-100-b65c-b5ff-fe81-e53e]-9618&alias=dbrundage-chtcgpu5000.chtc.wisc.edu&noUDP&sock=startd_10956_7bb2>
	SlotName: backfill1_4@dbrundage-chtcgpu5000.chtc.wisc.edu
	AvailableGPUs = { GPUs_GPU_66f2ae81 }
	CondorScratchDir = "/var/lib/condor/execute/slot1/dir_838610/scratch"
	Cpus = 1
	Disk = 16777216
	GPUs = 1
	GPUs_GPU_66f2ae81 = [ Id = "GPU-66f2ae81"; Capability = 9.0; DeviceName = "NVIDIA H200"; DeviceUuid = "66f2ae81-1879-0354-fa90-417e31e2883b"; ECCEnabled = true; NvidiaDriver = "590.48.01"; DriverVersion = 13.1; DevicePciBusId = "0000:19:00.0"; GlobalMemoryMb = 143158; MaxSupportedVersion = 13010 ]
	IoHeavy = 0
	Memory = 16384
...
040 (8321903.154.000) 2026-06-26 19:08:07 Started transferring output files
...
040 (8321903.154.000) 2026-06-26 19:08:07 Finished transferring output files
...
004 (8321903.154.000) 2026-06-26 19:08:08 Job was evicted.
	(0) Job terminated and was requeued
		Usr 0 00:49:27, Sys 0 00:02:45  -  Run Remote Usage
		Usr 0 00:00:00, Sys 0 00:00:00  -  Run Local Usage
	113877  -  Run Bytes Sent By Job
	2784169395  -  Run Bytes Received By Job
	(1) Normal termination (return value 1)
	The job attribute OnExitRemove expression 'NumJobCompletions > JobMaxRetries || ExitCode =?= 0' evaluated to FALSE
...
040 (8321903.154.000) 2026-06-26 19:08:32 Started transferring input files
	Transferring to host: <10.141.1.3:35521?CCBID=128.105.82.148:9618%3faddrs%3d128.105.82.148-9618+[2607-f388-2200-9d-7ccb-bc08-2489-7689]-9618%26alias%3dospool-ccb.osg.chtc.io%26noUDP%26sock%3dcollector3#5116620%2067.58.49.91:9618%3faddrs%3d67.58.49.91-9618+[fdf0-17b3-c3ec-1f79-10-0-5-5b18]-9618%26alias%3dccb-2.ospool.osg-htc.org%26noUDP%26sock%3dcollector5#5108454&PrivNet=gpu03&addrs=10.141.1.3-35521&alias=gpu03&noUDP>
...
040 (8321903.154.000) 2026-06-26 19:09:22 Finished transferring input files
...
021 (8321903.154.000) 2026-06-26 19:09:22 Message from starter on slot1_1@glidein_3276874_54705648@gpu03:
	PREPARE_JOB (prepare-hook) succeeded (reported status 000): Using Singularity image openfe_1.11.1.sif
...
001 (8321903.154.000) 2026-06-26 19:09:22 Job executing on host: <10.141.1.3:42589?CCBID=128.105.82.148:9618%3faddrs%3d128.105.82.148-9618+[2607-f388-2200-9d-7ccb-bc08-2489-7689]-9618%26alias%3dospool-ccb.osg.chtc.io%26noUDP%26sock%3dcollector10#4796714%2067.58.49.91:9618%3faddrs%3d67.58.49.91-9618+[fdf0-17b3-c3ec-1f79-10-0-5-5b18]-9618%26alias%3dccb-2.ospool.osg-htc.org%26noUDP%26sock%3dcollector10#4792920&PrivNet=gpu03&addrs=10.141.1.3-42589&alias=gpu03&noUDP>
	SlotName: slot1_1@glidein_3276874_54705648@gpu03
	AvailableGPUs = { GPUs_GPU_d254d1ef }
	CondorScratchDir = "/scratch/osg01/glide_LUtSiY/execute/dir_3034619/scratch"
	Cpus = 1
	Disk = 16777216
	GPUs = 1
	GPUs_GPU_d254d1ef = [ Id = "GPU-d254d1ef"; ClockMhz = 2520.0; Capability = 8.9; CoresPerCU = 128; DeviceName = "NVIDIA L40S"; DeviceUuid = "d254d1ef-fc9e-6777-b5a2-7eb12f466a9c"; ECCEnabled = true; ComputeUnits = 142; NvidiaDriver = "580.82.07"; DriverVersion = 13.0; DevicePciBusId = "0000:61:00.0"; GlobalMemoryMb = 45458; MaxSupportedVersion = 13000 ]
	Memory = 16384
...
006 (8321903.154.000) 2026-06-26 19:14:33 Image size of job updated: 11262112
	7325  -  MemoryUsage of job (MB)
	7500000  -  ResidentSetSize of job (KB)
...
006 (8321903.154.000) 2026-06-26 19:19:33 Image size of job updated: 29595624
	7325  -  MemoryUsage of job (MB)
	7500000  -  ResidentSetSize of job (KB)
...
006 (8321903.154.000) 2026-06-26 19:24:34 Image size of job updated: 31821364
	7325  -  MemoryUsage of job (MB)
	7500000  -  ResidentSetSize of job (KB)
...
006 (8321903.154.000) 2026-06-26 19:29:34 Image size of job updated: 38100820
	7325  -  MemoryUsage of job (MB)
	7500000  -  ResidentSetSize of job (KB)
...
006 (8321903.154.000) 2026-06-26 19:34:35 Image size of job updated: 40027708
	7325  -  MemoryUsage of job (MB)
	7500000  -  ResidentSetSize of job (KB)
...
006 (8321903.154.000) 2026-06-26 19:44:36 Image size of job updated: 40709196
	7325  -  MemoryUsage of job (MB)
	7500000  -  ResidentSetSize of job (KB)
...
006 (8321903.154.000) 2026-06-26 19:59:37 Image size of job updated: 41431532
	8037  -  MemoryUsage of job (MB)
	8229816  -  ResidentSetSize of job (KB)
...
040 (8321903.154.000) 2026-06-26 20:00:53 Started transferring output files
...
040 (8321903.154.000) 2026-06-26 20:00:53 Finished transferring output files
...
004 (8321903.154.000) 2026-06-26 20:00:54 Job was evicted.
	(0) Job terminated and was requeued
		Usr 0 00:56:57, Sys 0 00:00:55  -  Run Remote Usage
		Usr 0 00:00:00, Sys 0 00:00:00  -  Run Local Usage
	112165  -  Run Bytes Sent By Job
	2784169395  -  Run Bytes Received By Job
	(1) Normal termination (return value 1)
	The job attribute OnExitRemove expression 'NumJobCompletions > JobMaxRetries || ExitCode =?= 0' evaluated to FALSE
...
040 (8321903.154.000) 2026-06-26 20:01:52 Started transferring input files
	Transferring to host: <198.86.180.16:35935?CCBID=128.105.82.148:9618%3faddrs%3d128.105.82.148-9618+[2607-f388-2200-9d-7ccb-bc08-2489-7689]-9618%26alias%3dospool-ccb.osg.chtc.io%26noUDP%26sock%3dcollector10#5120050%2067.58.49.91:9618%3faddrs%3d67.58.49.91-9618+[fdf0-17b3-c3ec-1f79-10-0-5-5b18]-9618%26alias%3dccb-2.ospool.osg-htc.org%26noUDP%26sock%3dcollector4#5112494&PrivNet=compute-gpu-03&addrs=198.86.180.16-35935&alias=compute-gpu-03&noUDP>
...
040 (8321903.154.000) 2026-06-26 20:02:08 Finished transferring input files
...
021 (8321903.154.000) 2026-06-26 20:02:08 Message from starter on slot1_1@glidein_3764200_509369252@compute-gpu-03:
	PREPARE_JOB (prepare-hook) succeeded (reported status 000): Using Singularity image openfe_1.11.1.sif
...
001 (8321903.154.000) 2026-06-26 20:02:08 Job executing on host: <198.86.180.16:44279?CCBID=128.105.82.148:9618%3faddrs%3d128.105.82.148-9618+[2607-f388-2200-9d-7ccb-bc08-2489-7689]-9618%26alias%3dospool-ccb.osg.chtc.io%26noUDP%26sock%3dcollector8#5086361%2067.58.49.91:9618%3faddrs%3d67.58.49.91-9618+[fdf0-17b3-c3ec-1f79-10-0-5-5b18]-9618%26alias%3dccb-2.ospool.osg-htc.org%26noUDP%26sock%3dcollector4#5072909&PrivNet=compute-gpu-03&addrs=198.86.180.16-44279&alias=compute-gpu-03&noUDP>
	SlotName: slot1_1@glidein_3764200_509369252@compute-gpu-03
	AvailableGPUs = { GPUs_GPU_99578972 }
	CondorScratchDir = "/scratch/glide_6kQGBV/execute/dir_316410/scratch"
	Cpus = 1
	Disk = 16777216
	GPUs = 1
	GPUs_GPU_99578972 = [ Id = "GPU-99578972"; ClockMhz = 1980.0; Capability = 9.0; CoresPerCU = 128; DeviceName = "NVIDIA H200"; DeviceUuid = "99578972-26d5-3904-5de1-e2c00d1d5b9d"; ECCEnabled = true; ComputeUnits = 132; NvidiaDriver = "580.126.20"; DriverVersion = 13.0; DevicePciBusId = "0000:29:00.0"; GlobalMemoryMb = 143156; MaxSupportedVersion = 13000 ]
	Memory = 16384
...
006 (8321903.154.000) 2026-06-26 20:12:18 Image size of job updated: 65305436
	9766  -  MemoryUsage of job (MB)
	10000000  -  ResidentSetSize of job (KB)
...
006 (8321903.154.000) 2026-06-26 20:17:19 Image size of job updated: 65343068
	9766  -  MemoryUsage of job (MB)
	10000000  -  ResidentSetSize of job (KB)
...
006 (8321903.154.000) 2026-06-26 20:22:19 Image size of job updated: 72112044
	9766  -  MemoryUsage of job (MB)
	10000000  -  ResidentSetSize of job (KB)
...
006 (8321903.154.000) 2026-06-26 20:27:20 Image size of job updated: 76977244
	9766  -  MemoryUsage of job (MB)
	10000000  -  ResidentSetSize of job (KB)
...
006 (8321903.154.000) 2026-06-26 20:47:21 Image size of job updated: 77484420
	9766  -  MemoryUsage of job (MB)
	10000000  -  ResidentSetSize of job (KB)
...
006 (8321903.154.000) 2026-06-26 21:02:00 Image size of job updated: 78151792
	9766  -  MemoryUsage of job (MB)
	10000000  -  ResidentSetSize of job (KB)
...
040 (8321903.154.000) 2026-06-26 21:02:00 Started transferring output files
...
040 (8321903.154.000) 2026-06-26 21:02:00 Finished transferring output files
...
004 (8321903.154.000) 2026-06-26 21:02:02 Job was evicted.
	(0) Job terminated and was requeued
		Usr 0 01:02:55, Sys 0 00:01:19  -  Run Remote Usage
		Usr 0 00:00:00, Sys 0 00:00:00  -  Run Local Usage
	112205  -  Run Bytes Sent By Job
	2784169395  -  Run Bytes Received By Job
	(1) Normal termination (return value 1)
	The job attribute OnExitRemove expression 'NumJobCompletions > JobMaxRetries || ExitCode =?= 0' evaluated to FALSE
...
040 (8321903.154.000) 2026-06-26 21:02:47 Started transferring input files
	Transferring to host: <128.104.103.47:9618?addrs=128.104.103.47-9618+[2607-f388-107c-501-a236-9fff-fe3c-f3a0]-9618&alias=ahlquist0000.chtc.wisc.edu&noUDP&sock=backfill1_3_3757498_0297_3685>
...
040 (8321903.154.000) 2026-06-26 21:03:29 Finished transferring input files
...
001 (8321903.154.000) 2026-06-26 21:03:29 Job executing on host: <128.104.103.47:9618?addrs=128.104.103.47-9618+[2607-f388-107c-501-a236-9fff-fe3c-f3a0]-9618&alias=ahlquist0000.chtc.wisc.edu&noUDP&sock=startd_9052_7f60>
	SlotName: backfill1_3@ahlquist0000.chtc.wisc.edu
	AvailableGPUs = { GPUs_GPU_af4232f4 }
	CondorScratchDir = "/var/lib/condor/execute/slot1/dir_407617/scratch"
	Cpus = 1
	Disk = 16777216
	GPUs = 1
	GPUs_GPU_af4232f4 = [ Id = "GPU-af4232f4"; Capability = 7.5; DeviceName = "NVIDIA GeForce RTX 2080 Ti"; DeviceUuid = "af4232f4-7cd3-97bf-f6fc-b4e18385568a"; ECCEnabled = false; NvidiaDriver = "550.54.14"; DriverVersion = 12.4; DevicePciBusId = "0000:89:00.0"; GlobalMemoryMb = 11004; MaxSupportedVersion = 12040 ]
	IoHeavy = 0
	Memory = 16384
...
040 (8321903.154.000) 2026-06-26 22:10:31 Started transferring output files
...
040 (8321903.154.000) 2026-06-26 22:10:31 Finished transferring output files
...
004 (8321903.154.000) 2026-06-26 22:10:32 Job was evicted.
	(0) Job terminated and was requeued
		Usr 0 01:11:52, Sys 0 00:01:50  -  Run Remote Usage
		Usr 0 00:00:00, Sys 0 00:00:00  -  Run Local Usage
	113767  -  Run Bytes Sent By Job
	2784169395  -  Run Bytes Received By Job
	(1) Normal termination (return value 1)
	The job attribute OnExitRemove expression 'NumJobCompletions > JobMaxRetries || ExitCode =?= 0' evaluated to FALSE
...
040 (8321903.154.000) 2026-06-26 22:11:40 Started transferring input files
	Transferring to host: <10.141.1.3:36373?CCBID=128.105.82.148:9618%3faddrs%3d128.105.82.148-9618+[2607-f388-2200-9d-7ccb-bc08-2489-7689]-9618%26alias%3dospool-ccb.osg.chtc.io%26noUDP%26sock%3dcollector8#5149999%2067.58.49.91:9618%3faddrs%3d67.58.49.91-9618+[fdf0-17b3-c3ec-1f79-10-0-5-5b18]-9618%26alias%3dccb-2.ospool.osg-htc.org%26noUDP%26sock%3dcollector4#5136561&PrivNet=gpu03&addrs=10.141.1.3-36373&alias=gpu03&noUDP>
...
040 (8321903.154.000) 2026-06-26 22:12:49 Finished transferring input files
...
021 (8321903.154.000) 2026-06-26 22:12:50 Message from starter on slot1_1@glidein_3276874_54705648@gpu03:
	PREPARE_JOB (prepare-hook) succeeded (reported status 000): Using Singularity image openfe_1.11.1.sif
...
001 (8321903.154.000) 2026-06-26 22:12:50 Job executing on host: <10.141.1.3:42589?CCBID=128.105.82.148:9618%3faddrs%3d128.105.82.148-9618+[2607-f388-2200-9d-7ccb-bc08-2489-7689]-9618%26alias%3dospool-ccb.osg.chtc.io%26noUDP%26sock%3dcollector10#4796714%2067.58.49.91:9618%3faddrs%3d67.58.49.91-9618+[fdf0-17b3-c3ec-1f79-10-0-5-5b18]-9618%26alias%3dccb-2.ospool.osg-htc.org%26noUDP%26sock%3dcollector10#4792920&PrivNet=gpu03&addrs=10.141.1.3-42589&alias=gpu03&noUDP>
	SlotName: slot1_1@glidein_3276874_54705648@gpu03
	AvailableGPUs = { GPUs_GPU_d254d1ef }
	CondorScratchDir = "/scratch/osg01/glide_LUtSiY/execute/dir_3238322/scratch"
	Cpus = 1
	Disk = 16777216
	GPUs = 1
	GPUs_GPU_d254d1ef = [ Id = "GPU-d254d1ef"; ClockMhz = 2520.0; Capability = 8.9; CoresPerCU = 128; DeviceName = "NVIDIA L40S"; DeviceUuid = "d254d1ef-fc9e-6777-b5a2-7eb12f466a9c"; ECCEnabled = true; ComputeUnits = 142; NvidiaDriver = "580.82.07"; DriverVersion = 13.0; DevicePciBusId = "0000:61:00.0"; GlobalMemoryMb = 45458; MaxSupportedVersion = 13000 ]
	Memory = 16384
...
040 (8321903.154.000) 2026-06-26 23:07:04 Started transferring output files
...
040 (8321903.154.000) 2026-06-26 23:07:04 Finished transferring output files
...
005 (8321903.154.000) 2026-06-26 23:07:05 Job terminated.
	(1) Normal termination (return value 1)
		Usr 0 01:00:35, Sys 0 00:01:17  -  Run Remote Usage
		Usr 0 00:00:00, Sys 0 00:00:00  -  Run Local Usage
		Usr 0 09:09:52, Sys 0 00:20:28  -  Total Remote Usage
		Usr 0 00:00:00, Sys 0 00:00:00  -  Total Local Usage
	112165  -  Run Bytes Sent By Job
	2784169395  -  Run Bytes Received By Job
	1246804  -  Total Bytes Sent By Job
	33410032740  -  Total Bytes Received By Job
	Partitionable Resources :      Usage  Request Allocated Assigned
	   Cpus                 :       1.00        1         1 
	   Disk (KB)            : 3244554    16777216  16777216 
	   GPUs                 :       0.09        1         1 "GPU-d254d1ef"
	   GpusMemory (MB)      :    8425                       
	   Memory (MB)          :    9766       16384     16384 
	   TimeExecute (s)      :    3253                       
	   TimeSlotBusy (s)     :    3324                       
...
