000 (8180963.385.000) 2026-06-24 12:19:47 Job submitted from host: <128.105.68.112:9618?addrs=128.105.68.112-9618+[2607-f388-2200-100-eaeb-d3ff-fea3-4202]-9618&alias=ap2001.chtc.wisc.edu&noUDP&sock=schedd_4071840_2329>
...
040 (8180963.385.000) 2026-06-25 02:04:07 Started transferring input files
	Transferring to host: <10.226.104.214:44373?CCBID=128.105.82.148:9618%3faddrs%3d128.105.82.148-9618+[2607-f388-2200-9d-7ccb-bc08-2489-7689]-9618%26alias%3dospool-ccb.osg.chtc.io%26noUDP%26sock%3dcollector1#4801577%2067.58.49.91:9618%3faddrs%3d67.58.49.91-9618+[fdf0-17b3-c3ec-1f79-10-0-d-2091]-9618%26alias%3dccb-2.ospool.osg-htc.org%26noUDP%26sock%3dcollector3#4793603&PrivNet=gpu014.rci.montana.edu&addrs=10.226.104.214-44373&alias=gpu014.rci.montana.edu&noUDP>
...
040 (8180963.385.000) 2026-06-25 02:06:59 Finished transferring input files
...
021 (8180963.385.000) 2026-06-25 02:06:59 Message from starter on slot1_1@glidein_1208228_517958145@gpu014.rci.montana.edu:
	PREPARE_JOB (prepare-hook) succeeded (reported status 000): Using Singularity image openfe_1.11.1.sif
...
001 (8180963.385.000) 2026-06-25 02:06:59 Job executing on host: <10.226.104.214:33849?CCBID=128.105.82.148:9618%3faddrs%3d128.105.82.148-9618+[2607-f388-2200-9d-7ccb-bc08-2489-7689]-9618%26alias%3dospool-ccb.osg.chtc.io%26noUDP%26sock%3dcollector4#4713024%2067.58.49.91:9618%3faddrs%3d67.58.49.91-9618+[fdf0-17b3-c3ec-1f79-10-0-d-2091]-9618%26alias%3dccb-2.ospool.osg-htc.org%26noUDP%26sock%3dcollector8#4709435&PrivNet=gpu014.rci.montana.edu&addrs=10.226.104.214-33849&alias=gpu014.rci.montana.edu&noUDP>
	SlotName: slot1_1@glidein_1208228_517958145@gpu014.rci.montana.edu
	AvailableGPUs = { GPUs_GPU_7f7e6323 }
	CondorScratchDir = "/tmp/jobs/4122196/glide_9X97zg/execute/dir_4192511/scratch"
	Cpus = 1
	Disk = 16777216
	GPUs = 1
	GPUs_GPU_7f7e6323 = [ Id = "GPU-7f7e6323"; ClockMhz = 1410.0; Capability = 8.0; CoresPerCU = 64; DeviceName = "NVIDIA A100-SXM4-40GB"; DeviceUuid = "7f7e6323-8156-b33d-2f9c-2850ce01a4d8"; ECCEnabled = true; ComputeUnits = 108; NvidiaDriver = "595.71.05"; DriverVersion = 13.2; DevicePciBusId = "0000:01:00.0"; GlobalMemoryMb = 40441; MaxSupportedVersion = 13020 ]
	Memory = 16384
...
006 (8180963.385.000) 2026-06-25 02:07:08 Image size of job updated: 2
	4  -  MemoryUsage of job (MB)
	3332  -  ResidentSetSize of job (KB)
...
006 (8180963.385.000) 2026-06-25 02:12:08 Image size of job updated: 33507956
	4023  -  MemoryUsage of job (MB)
	4119252  -  ResidentSetSize of job (KB)
...
006 (8180963.385.000) 2026-06-25 02:17:09 Image size of job updated: 34300292
	4243  -  MemoryUsage of job (MB)
	4344264  -  ResidentSetSize of job (KB)
...
006 (8180963.385.000) 2026-06-25 02:22:09 Image size of job updated: 40778168
	5811  -  MemoryUsage of job (MB)
	5949444  -  ResidentSetSize of job (KB)
...
006 (8180963.385.000) 2026-06-25 02:27:10 Image size of job updated: 43870768
	5811  -  MemoryUsage of job (MB)
	5949444  -  ResidentSetSize of job (KB)
...
006 (8180963.385.000) 2026-06-25 02:37:11 Image size of job updated: 43870768
	6315  -  MemoryUsage of job (MB)
	6466288  -  ResidentSetSize of job (KB)
...
006 (8180963.385.000) 2026-06-25 02:42:12 Image size of job updated: 44568088
	6315  -  MemoryUsage of job (MB)
	6466288  -  ResidentSetSize of job (KB)
...
006 (8180963.385.000) 2026-06-25 02:47:13 Image size of job updated: 44568088
	6515  -  MemoryUsage of job (MB)
	6670944  -  ResidentSetSize of job (KB)
...
006 (8180963.385.000) 2026-06-25 02:52:13 Image size of job updated: 44568088
	7209  -  MemoryUsage of job (MB)
	7381620  -  ResidentSetSize of job (KB)
...
006 (8180963.385.000) 2026-06-25 02:56:51 Image size of job updated: 45397684
	7209  -  MemoryUsage of job (MB)
	7381620  -  ResidentSetSize of job (KB)
...
040 (8180963.385.000) 2026-06-25 02:56:51 Started transferring output files
...
040 (8180963.385.000) 2026-06-25 02:56:52 Finished transferring output files
...
004 (8180963.385.000) 2026-06-25 02:56:53 Job was evicted.
	(0) Job terminated and was requeued
		Usr 0 00:49:20, Sys 0 00:01:18  -  Run Remote Usage
		Usr 0 00:00:00, Sys 0 00:00:00  -  Run Local Usage
	104227  -  Run Bytes Sent By Job
	2784347997  -  Run Bytes Received By Job
	(1) Normal termination (return value 1)
	The job attribute OnExitRemove expression 'NumJobCompletions > JobMaxRetries || ExitCode =?= 0' evaluated to FALSE
...
040 (8180963.385.000) 2026-06-25 02:59:10 Started transferring input files
	Transferring to host: <10.1.1.133:46361?CCBID=128.105.82.148:9618%3faddrs%3d128.105.82.148-9618+[2607-f388-2200-9d-7ccb-bc08-2489-7689]-9618%26alias%3dospool-ccb.osg.chtc.io%26noUDP%26sock%3dcollector6#4810788%2067.58.49.91:9618%3faddrs%3d67.58.49.91-9618+[fdf0-17b3-c3ec-1f79-10-0-d-2091]-9618%26alias%3dccb-2.ospool.osg-htc.org%26noUDP%26sock%3dcollector2#4805785&PrivNet=gpu03&addrs=10.1.1.133-46361&alias=gpu03&noUDP>
...
040 (8180963.385.000) 2026-06-25 03:00:52 Finished transferring input files
...
021 (8180963.385.000) 2026-06-25 03:00:52 Message from starter on slot1_4@glidein_2156340_399372976@gpu03:
	PREPARE_JOB (prepare-hook) succeeded (reported status 000): Using Singularity image openfe_1.11.1.sif
...
001 (8180963.385.000) 2026-06-25 03:00:53 Job executing on host: <10.1.1.133:39245?CCBID=128.105.82.148:9618%3faddrs%3d128.105.82.148-9618+[2607-f388-2200-9d-7ccb-bc08-2489-7689]-9618%26alias%3dospool-ccb.osg.chtc.io%26noUDP%26sock%3dcollector5#4753032%2067.58.49.91:9618%3faddrs%3d67.58.49.91-9618+[fdf0-17b3-c3ec-1f79-10-0-d-2091]-9618%26alias%3dccb-2.ospool.osg-htc.org%26noUDP%26sock%3dcollector9#4753133&PrivNet=gpu03&addrs=10.1.1.133-39245&alias=gpu03&noUDP>
	SlotName: slot1_4@glidein_2156340_399372976@gpu03
	AvailableGPUs = { GPUs_GPU_a577ded9 }
	CondorScratchDir = "/tmp/glide_zxc1Tf/execute/dir_2666534/scratch"
	Cpus = 1
	Disk = 16777216
	GPUs = 1
	GPUs_GPU_a577ded9 = [ Id = "GPU-a577ded9"; ClockMhz = 1740.0; Capability = 8.6; CoresPerCU = 128; DeviceName = "NVIDIA A40"; DeviceUuid = "a577ded9-0266-6f44-c3a0-a852730750bb"; ECCEnabled = true; ComputeUnits = 84; NvidiaDriver = "595.71.05"; DriverVersion = 13.2; DevicePciBusId = "0000:C1:00.0"; GlobalMemoryMb = 45739; MaxSupportedVersion = 13020 ]
	Memory = 16384
...
006 (8180963.385.000) 2026-06-25 03:41:06 Image size of job updated: 47500000
	7470  -  MemoryUsage of job (MB)
	7648612  -  ResidentSetSize of job (KB)
...
006 (8180963.385.000) 2026-06-25 03:42:02 Image size of job updated: 47500000
	7574  -  MemoryUsage of job (MB)
	7754904  -  ResidentSetSize of job (KB)
...
040 (8180963.385.000) 2026-06-25 03:42:02 Started transferring output files
...
040 (8180963.385.000) 2026-06-25 03:42:02 Finished transferring output files
...
004 (8180963.385.000) 2026-06-25 03:42:04 Job was evicted.
	(0) Job terminated and was requeued
		Usr 0 00:47:09, Sys 0 00:00:34  -  Run Remote Usage
		Usr 0 00:00:00, Sys 0 00:00:00  -  Run Local Usage
	104314  -  Run Bytes Sent By Job
	2784347997  -  Run Bytes Received By Job
	(1) Normal termination (return value 1)
	The job attribute OnExitRemove expression 'NumJobCompletions > JobMaxRetries || ExitCode =?= 0' evaluated to FALSE
...
040 (8180963.385.000) 2026-06-25 03:42:37 Started transferring input files
	Transferring to host: <128.104.100.53:9618?addrs=128.104.100.53-9618+[2607-f388-107c-501-7ec2-55ff-fe99-a2b0]-9618&alias=jcaicedogpu0001.chtc.wisc.edu&noUDP&sock=backfill1_9_12775_e4a1_20080>
...
040 (8180963.385.000) 2026-06-25 03:42:59 Finished transferring input files
...
001 (8180963.385.000) 2026-06-25 03:42:59 Job executing on host: <128.104.100.53:9618?addrs=128.104.100.53-9618+[2607-f388-107c-501-7ec2-55ff-fe99-a2b0]-9618&alias=jcaicedogpu0001.chtc.wisc.edu&noUDP&sock=startd_11292_f384>
	SlotName: backfill1_9@jcaicedogpu0001.chtc.wisc.edu
	AvailableGPUs = { GPUs_GPU_1403780f }
	CondorScratchDir = "/var/lib/condor/execute/slot1/dir_3545091/scratch"
	Cpus = 1
	Disk = 16777216
	GPUs = 1
	GPUs_GPU_1403780f = [ Id = "GPU-1403780f"; Capability = 8.9; DeviceName = "NVIDIA L40"; DeviceUuid = "1403780f-f2a6-c5b7-5c0b-3f462c81c764"; ECCEnabled = true; NvidiaDriver = "570.195.03"; DriverVersion = 12.8; DevicePciBusId = "0000:4F:00.0"; GlobalMemoryMb = 45468; MaxSupportedVersion = 12080 ]
	IoHeavy = 0
	Memory = 16384
...
040 (8180963.385.000) 2026-06-25 04:17:45 Started transferring output files
...
040 (8180963.385.000) 2026-06-25 04:17:45 Finished transferring output files
...
004 (8180963.385.000) 2026-06-25 04:17:45 Job was evicted.
	(0) Job terminated and was requeued
		Usr 0 00:46:22, Sys 0 00:02:06  -  Run Remote Usage
		Usr 0 00:00:00, Sys 0 00:00:00  -  Run Local Usage
	111547  -  Run Bytes Sent By Job
	2784347997  -  Run Bytes Received By Job
	(1) Normal termination (return value 1)
	The job attribute OnExitRemove expression 'NumJobCompletions > JobMaxRetries || ExitCode =?= 0' evaluated to FALSE
...
040 (8180963.385.000) 2026-06-25 04:19:54 Started transferring input files
	Transferring to host: <198.86.180.16:38081?CCBID=128.105.82.148:9618%3faddrs%3d128.105.82.148-9618+[2607-f388-2200-9d-7ccb-bc08-2489-7689]-9618%26alias%3dospool-ccb.osg.chtc.io%26noUDP%26sock%3dcollector8#4815169%2067.58.49.91:9618%3faddrs%3d67.58.49.91-9618+[fdf0-17b3-c3ec-1f79-10-0-d-2091]-9618%26alias%3dccb-2.ospool.osg-htc.org%26noUDP%26sock%3dcollector10#4807243&PrivNet=compute-gpu-03&addrs=198.86.180.16-38081&alias=compute-gpu-03&noUDP>
...
040 (8180963.385.000) 2026-06-25 04:56:19 Finished transferring input files
...
021 (8180963.385.000) 2026-06-25 04:56:19 Message from starter on slot1_1@glidein_3487335_218291710@compute-gpu-03:
	PREPARE_JOB (prepare-hook) succeeded (reported status 000): Using Singularity image openfe_1.11.1.sif
...
001 (8180963.385.000) 2026-06-25 04:56:19 Job executing on host: <198.86.180.16:41601?CCBID=128.105.82.148:9618%3faddrs%3d128.105.82.148-9618+[2607-f388-2200-9d-7ccb-bc08-2489-7689]-9618%26alias%3dospool-ccb.osg.chtc.io%26noUDP%26sock%3dcollector7#4783729%2067.58.49.91:9618%3faddrs%3d67.58.49.91-9618+[fdf0-17b3-c3ec-1f79-10-0-d-2091]-9618%26alias%3dccb-2.ospool.osg-htc.org%26noUDP%26sock%3dcollector9#4781996&PrivNet=compute-gpu-03&addrs=198.86.180.16-41601&alias=compute-gpu-03&noUDP>
	SlotName: slot1_1@glidein_3487335_218291710@compute-gpu-03
	AvailableGPUs = { GPUs_GPU_169d2d98 }
	CondorScratchDir = "/scratch/glide_gTcvbW/execute/dir_253714/scratch"
	Cpus = 1
	Disk = 16777216
	GPUs = 1
	GPUs_GPU_169d2d98 = [ Id = "GPU-169d2d98"; ClockMhz = 1980.0; Capability = 9.0; CoresPerCU = 128; DeviceName = "NVIDIA H200"; DeviceUuid = "169d2d98-b8dc-f028-22b0-8748c5f55da9"; ECCEnabled = true; ComputeUnits = 132; NvidiaDriver = "580.126.20"; DriverVersion = 13.0; DevicePciBusId = "0000:AA:00.0"; GlobalMemoryMb = 143156; MaxSupportedVersion = 13000 ]
	Memory = 16384
...
006 (8180963.385.000) 2026-06-25 05:01:28 Image size of job updated: 64846068
	9766  -  MemoryUsage of job (MB)
	10000000  -  ResidentSetSize of job (KB)
...
006 (8180963.385.000) 2026-06-25 05:06:29 Image size of job updated: 66569648
	9766  -  MemoryUsage of job (MB)
	10000000  -  ResidentSetSize of job (KB)
...
006 (8180963.385.000) 2026-06-25 05:11:29 Image size of job updated: 76396840
	9766  -  MemoryUsage of job (MB)
	10000000  -  ResidentSetSize of job (KB)
...
006 (8180963.385.000) 2026-06-25 05:26:31 Image size of job updated: 77028544
	9766  -  MemoryUsage of job (MB)
	10000000  -  ResidentSetSize of job (KB)
...
006 (8180963.385.000) 2026-06-25 05:40:49 Image size of job updated: 77661532
	9766  -  MemoryUsage of job (MB)
	10000000  -  ResidentSetSize of job (KB)
...
040 (8180963.385.000) 2026-06-25 05:40:50 Started transferring output files
...
040 (8180963.385.000) 2026-06-25 05:40:50 Finished transferring output files
...
004 (8180963.385.000) 2026-06-25 05:40:51 Job was evicted.
	(0) Job terminated and was requeued
		Usr 0 00:44:47, Sys 0 00:00:54  -  Run Remote Usage
		Usr 0 00:00:00, Sys 0 00:00:00  -  Run Local Usage
	104227  -  Run Bytes Sent By Job
	2784347997  -  Run Bytes Received By Job
	(1) Normal termination (return value 1)
	The job attribute OnExitRemove expression 'NumJobCompletions > JobMaxRetries || ExitCode =?= 0' evaluated to FALSE
...
040 (8180963.385.000) 2026-06-25 05:42:04 Started transferring input files
	Transferring to host: <198.86.180.16:46495?CCBID=128.105.82.148:9618%3faddrs%3d128.105.82.148-9618+[2607-f388-2200-9d-7ccb-bc08-2489-7689]-9618%26alias%3dospool-ccb.osg.chtc.io%26noUDP%26sock%3dcollector7#4816697%2067.58.49.91:9618%3faddrs%3d67.58.49.91-9618+[fdf0-17b3-c3ec-1f79-10-0-d-2091]-9618%26alias%3dccb-2.ospool.osg-htc.org%26noUDP%26sock%3dcollector9#4815188&PrivNet=compute-gpu-03&addrs=198.86.180.16-46495&alias=compute-gpu-03&noUDP>
...
040 (8180963.385.000) 2026-06-25 05:42:19 Finished transferring input files
...
021 (8180963.385.000) 2026-06-25 05:42:19 Message from starter on slot1_1@glidein_2930034_278309844@compute-gpu-03:
	PREPARE_JOB (prepare-hook) succeeded (reported status 000): Using Singularity image openfe_1.11.1.sif
...
001 (8180963.385.000) 2026-06-25 05:42:19 Job executing on host: <198.86.180.16:45165?CCBID=128.105.82.148:9618%3faddrs%3d128.105.82.148-9618+[2607-f388-2200-9d-7ccb-bc08-2489-7689]-9618%26alias%3dospool-ccb.osg.chtc.io%26noUDP%26sock%3dcollector2#4759501%2067.58.49.91:9618%3faddrs%3d67.58.49.91-9618+[fdf0-17b3-c3ec-1f79-10-0-d-2091]-9618%26alias%3dccb-2.ospool.osg-htc.org%26noUDP%26sock%3dcollector4#4750608&PrivNet=compute-gpu-03&addrs=198.86.180.16-45165&alias=compute-gpu-03&noUDP>
	SlotName: slot1_1@glidein_2930034_278309844@compute-gpu-03
	AvailableGPUs = { GPUs_GPU_80b526fc }
	CondorScratchDir = "/scratch/glide_t9xkan/execute/dir_566088/scratch"
	Cpus = 1
	Disk = 16777216
	GPUs = 1
	GPUs_GPU_80b526fc = [ Id = "GPU-80b526fc"; ClockMhz = 1980.0; Capability = 9.0; CoresPerCU = 128; DeviceName = "NVIDIA H200"; DeviceUuid = "80b526fc-7c34-5a44-a0bb-474a04089f56"; ECCEnabled = true; ComputeUnits = 132; NvidiaDriver = "580.126.20"; DriverVersion = 13.0; DevicePciBusId = "0000:4B:00.0"; GlobalMemoryMb = 143156; MaxSupportedVersion = 13000 ]
	Memory = 16384
...
040 (8180963.385.000) 2026-06-25 06:22:47 Started transferring output files
...
040 (8180963.385.000) 2026-06-25 06:22:47 Finished transferring output files
...
004 (8180963.385.000) 2026-06-25 06:22:48 Job was evicted.
	(0) Job terminated and was requeued
		Usr 0 00:42:01, Sys 0 00:01:09  -  Run Remote Usage
		Usr 0 00:00:00, Sys 0 00:00:00  -  Run Local Usage
	104227  -  Run Bytes Sent By Job
	2784347997  -  Run Bytes Received By Job
	(1) Normal termination (return value 1)
	The job attribute OnExitRemove expression 'NumJobCompletions > JobMaxRetries || ExitCode =?= 0' evaluated to FALSE
...
040 (8180963.385.000) 2026-06-25 06:23:42 Started transferring input files
	Transferring to host: <128.105.68.119:9618?addrs=128.105.68.119-9618+[2607-f388-2200-100-7ec2-55ff-fe99-a294]-9618&alias=dsigpu4000.chtc.wisc.edu&noUDP&sock=slot2_8_1393177_faa6_94226>
...
040 (8180963.385.000) 2026-06-25 06:33:45 Finished transferring input files
...
001 (8180963.385.000) 2026-06-25 06:33:45 Job executing on host: <128.105.68.119:9618?addrs=128.105.68.119-9618+[2607-f388-2200-100-7ec2-55ff-fe99-a294]-9618&alias=dsigpu4000.chtc.wisc.edu&noUDP&sock=startd_10704_a1d4>
	SlotName: slot2_8@dsigpu4000.chtc.wisc.edu
	AvailableGPUs = { GPUs_GPU_7516c2e3 }
	CondorScratchDir = "/var/lib/condor/execute/slot2/dir_2363035/scratch"
	Cpus = 1
	Disk = 16777216
	GPUs = 1
	GPUs_GPU_7516c2e3 = [ Id = "GPU-7516c2e3"; Capability = 8.9; DeviceName = "NVIDIA L40"; DeviceUuid = "7516c2e3-3922-9d66-55f7-74432e1eeb34"; ECCEnabled = true; NvidiaDriver = "570.195.03"; DriverVersion = 12.8; DevicePciBusId = "0000:D2:00.0"; GlobalMemoryMb = 45468; MaxSupportedVersion = 12080 ]
	IoHeavy = 0
	Memory = 16384
...
040 (8180963.385.000) 2026-06-25 07:09:12 Started transferring output files
...
040 (8180963.385.000) 2026-06-25 07:09:12 Finished transferring output files
...
004 (8180963.385.000) 2026-06-25 07:09:13 Job was evicted.
	(0) Job terminated and was requeued
		Usr 0 00:39:49, Sys 0 00:01:26  -  Run Remote Usage
		Usr 0 00:00:00, Sys 0 00:00:00  -  Run Local Usage
	111509  -  Run Bytes Sent By Job
	1946503005  -  Run Bytes Received By Job
	(1) Normal termination (return value 1)
	The job attribute OnExitRemove expression 'NumJobCompletions > JobMaxRetries || ExitCode =?= 0' evaluated to FALSE
...
040 (8180963.385.000) 2026-06-25 07:09:19 Started transferring input files
	Transferring to host: <10.1.1.137:33995?CCBID=128.105.82.148:9618%3faddrs%3d128.105.82.148-9618+[2607-f388-2200-9d-7ccb-bc08-2489-7689]-9618%26alias%3dospool-ccb.osg.chtc.io%26noUDP%26sock%3dcollector9#4828077%2067.58.49.91:9618%3faddrs%3d67.58.49.91-9618+[fdf0-17b3-c3ec-1f79-10-0-d-2091]-9618%26alias%3dccb-2.ospool.osg-htc.org%26noUDP%26sock%3dcollector7#4819553&PrivNet=gpu07&addrs=10.1.1.137-33995&alias=gpu07&noUDP>
...
040 (8180963.385.000) 2026-06-25 07:11:32 Finished transferring input files
...
021 (8180963.385.000) 2026-06-25 07:11:32 Message from starter on slot1_2@glidein_1094730_137412094@gpu07:
	PREPARE_JOB (prepare-hook) succeeded (reported status 000): Using Singularity image openfe_1.11.1.sif
...
001 (8180963.385.000) 2026-06-25 07:11:32 Job executing on host: <10.1.1.137:35109?CCBID=128.105.82.148:9618%3faddrs%3d128.105.82.148-9618+[2607-f388-2200-9d-7ccb-bc08-2489-7689]-9618%26alias%3dospool-ccb.osg.chtc.io%26noUDP%26sock%3dcollector4#4742458%2067.58.49.91:9618%3faddrs%3d67.58.49.91-9618+[fdf0-17b3-c3ec-1f79-10-0-d-2091]-9618%26alias%3dccb-2.ospool.osg-htc.org%26noUDP%26sock%3dcollector4#4732207&PrivNet=gpu07&addrs=10.1.1.137-35109&alias=gpu07&noUDP>
	SlotName: slot1_2@glidein_1094730_137412094@gpu07
	AvailableGPUs = { GPUs_GPU_c08fb2a4 }
	CondorScratchDir = "/tmp/glide_iOKRpy/execute/dir_2074252/scratch"
	Cpus = 1
	Disk = 16777216
	GPUs = 1
	GPUs_GPU_c08fb2a4 = [ Id = "GPU-c08fb2a4"; ClockMhz = 1695.0; Capability = 8.6; CoresPerCU = 128; DeviceName = "NVIDIA RTX A5000"; DeviceUuid = "c08fb2a4-6c04-97d3-3ce9-b6a3b619936f"; ECCEnabled = false; ComputeUnits = 64; NvidiaDriver = "595.71.05"; DriverVersion = 13.2; DevicePciBusId = "0000:41:00.0"; GlobalMemoryMb = 24361; MaxSupportedVersion = 13020 ]
	Memory = 16384
...
040 (8180963.385.000) 2026-06-25 07:51:46 Started transferring output files
...
040 (8180963.385.000) 2026-06-25 07:51:46 Finished transferring output files
...
004 (8180963.385.000) 2026-06-25 07:51:47 Job was evicted.
	(0) Job terminated and was requeued
		Usr 0 00:41:17, Sys 0 00:00:26  -  Run Remote Usage
		Usr 0 00:00:00, Sys 0 00:00:00  -  Run Local Usage
	104338  -  Run Bytes Sent By Job
	2784347997  -  Run Bytes Received By Job
	(1) Normal termination (return value 1)
	The job attribute OnExitRemove expression 'NumJobCompletions > JobMaxRetries || ExitCode =?= 0' evaluated to FALSE
...
040 (8180963.385.000) 2026-06-25 07:53:00 Started transferring input files
	Transferring to host: <128.105.76.47:9618?addrs=128.105.76.47-9618+[2607-f388-2200-100-527c-6fff-fe82-826a]-9618&alias=gpu4006.chtc.wisc.edu&noUDP&sock=slot2_2_2618986_4fbd_98839>
...
023 (8180963.385.000) 2026-06-25 08:11:01 Job reconnected to slot2_2@gpu4006.chtc.wisc.edu
    startd address: <128.105.76.47:9618?addrs=128.105.76.47-9618+[2607-f388-2200-100-527c-6fff-fe82-826a]-9618&alias=gpu4006.chtc.wisc.edu&noUDP&sock=startd_11220_90b3>
    starter address: <128.105.76.47:9618?addrs=128.105.76.47-9618+[2607-f388-2200-100-527c-6fff-fe82-826a]-9618&alias=gpu4006.chtc.wisc.edu&noUDP&sock=slot2_2_2618986_4fbd_98839>
...
001 (8180963.385.000) 2026-06-25 08:13:55 Job executing on host: <128.105.76.47:9618?addrs=128.105.76.47-9618+[2607-f388-2200-100-527c-6fff-fe82-826a]-9618&alias=gpu4006.chtc.wisc.edu&noUDP&sock=startd_11220_90b3>
	SlotName: slot2_2@gpu4006.chtc.wisc.edu
	AvailableGPUs = { GPUs_GPU_5f4b1ce3 }
	CondorScratchDir = "/var/lib/condor/execute/slot2/dir_3047826/scratch"
	Cpus = 1
	Disk = 16777216
	GPUs = 1
	GPUs_GPU_5f4b1ce3 = [ Id = "GPU-5f4b1ce3"; Capability = 8.9; DeviceName = "NVIDIA L40S"; DeviceUuid = "5f4b1ce3-4b15-b946-0540-e2f21aaa5fe7"; ECCEnabled = true; NvidiaDriver = "590.48.01"; DriverVersion = 13.1; DevicePciBusId = "0000:21:00.0"; GlobalMemoryMb = 45460; MaxSupportedVersion = 13010 ]
	IoHeavy = 0
	Memory = 16384
...
004 (8180963.385.000) 2026-06-25 08:32:30 Job was evicted.
	(0) Job terminated and was requeued
		Usr 0 00:27:00, Sys 0 00:01:56  -  Run Remote Usage
		Usr 0 00:00:00, Sys 0 00:00:00  -  Run Local Usage
	111569  -  Run Bytes Sent By Job
	0  -  Run Bytes Received By Job
	(1) Normal termination (return value 1)
	The job attribute OnExitRemove expression 'NumJobCompletions > JobMaxRetries || ExitCode =?= 0' evaluated to FALSE
...
040 (8180963.385.000) 2026-06-25 08:34:43 Started transferring input files
	Transferring to host: <128.104.103.47:9618?addrs=128.104.103.47-9618+[2607-f388-107c-501-a236-9fff-fe3c-f3a0]-9618&alias=ahlquist0000.chtc.wisc.edu&noUDP&sock=backfill1_3_9919_952c_18774>
...
040 (8180963.385.000) 2026-06-25 08:41:59 Finished transferring input files
...
001 (8180963.385.000) 2026-06-25 08:41:59 Job executing on host: <128.104.103.47:9618?addrs=128.104.103.47-9618+[2607-f388-107c-501-a236-9fff-fe3c-f3a0]-9618&alias=ahlquist0000.chtc.wisc.edu&noUDP&sock=startd_9052_7f60>
	SlotName: backfill1_3@ahlquist0000.chtc.wisc.edu
	AvailableGPUs = { GPUs_GPU_af4232f4 }
	CondorScratchDir = "/var/lib/condor/execute/slot1/dir_3527000/scratch"
	Cpus = 1
	Disk = 16777216
	GPUs = 1
	GPUs_GPU_af4232f4 = [ Id = "GPU-af4232f4"; Capability = 7.5; DeviceName = "NVIDIA GeForce RTX 2080 Ti"; DeviceUuid = "af4232f4-7cd3-97bf-f6fc-b4e18385568a"; ECCEnabled = false; NvidiaDriver = "550.54.14"; DriverVersion = 12.4; DevicePciBusId = "0000:89:00.0"; GlobalMemoryMb = 11004; MaxSupportedVersion = 12040 ]
	IoHeavy = 0
	Memory = 16384
...
040 (8180963.385.000) 2026-06-25 09:42:16 Started transferring output files
...
040 (8180963.385.000) 2026-06-25 09:42:16 Finished transferring output files
...
004 (8180963.385.000) 2026-06-25 09:42:18 Job was evicted.
	(0) Job terminated and was requeued
		Usr 0 01:03:57, Sys 0 00:02:18  -  Run Remote Usage
		Usr 0 00:00:00, Sys 0 00:00:00  -  Run Local Usage
	111526  -  Run Bytes Sent By Job
	2698282845  -  Run Bytes Received By Job
	(1) Normal termination (return value 1)
	The job attribute OnExitRemove expression 'NumJobCompletions > JobMaxRetries || ExitCode =?= 0' evaluated to FALSE
...
040 (8180963.385.000) 2026-06-25 09:42:39 Started transferring input files
	Transferring to host: <128.105.68.166:9618?addrs=128.105.68.166-9618+[2607-f388-2200-100-b62e-99ff-feb7-2e2d]-9618&alias=gpulab2001.chtc.wisc.edu&noUDP&sock=slot2_1_11113_dd1d_64283>
...
040 (8180963.385.000) 2026-06-25 10:05:14 Finished transferring input files
...
001 (8180963.385.000) 2026-06-25 10:05:14 Job executing on host: <128.105.68.166:9618?addrs=128.105.68.166-9618+[2607-f388-2200-100-b62e-99ff-feb7-2e2d]-9618&alias=gpulab2001.chtc.wisc.edu&noUDP&sock=startd_10083_ad84>
	SlotName: slot2_1@gpulab2001.chtc.wisc.edu
	AvailableGPUs = { GPUs_GPU_cc91074a }
	CondorScratchDir = "/var/lib/condor/execute/slot2/dir_1854496/scratch"
	Cpus = 1
	Disk = 16777216
	GPUs = 1
	GPUs_GPU_cc91074a = [ Id = "GPU-cc91074a"; Capability = 7.5; DeviceName = "NVIDIA GeForce RTX 2080 Ti"; DeviceUuid = "cc91074a-1992-11a1-fc4e-7c84f58de8e0"; ECCEnabled = false; NvidiaDriver = "570.195.03"; DriverVersion = 12.8; DevicePciBusId = "0000:3D:00.0"; GlobalMemoryMb = 10823; MaxSupportedVersion = 12080 ]
	IoHeavy = 0
	Memory = 16384
...
040 (8180963.385.000) 2026-06-25 10:55:47 Started transferring output files
...
040 (8180963.385.000) 2026-06-25 10:55:47 Finished transferring output files
...
004 (8180963.385.000) 2026-06-25 10:55:47 Job was evicted.
	(0) Job terminated and was requeued
		Usr 0 00:55:30, Sys 0 00:01:35  -  Run Remote Usage
		Usr 0 00:00:00, Sys 0 00:00:00  -  Run Local Usage
	111506  -  Run Bytes Sent By Job
	2784347997  -  Run Bytes Received By Job
	(1) Normal termination (return value 1)
	The job attribute OnExitRemove expression 'NumJobCompletions > JobMaxRetries || ExitCode =?= 0' evaluated to FALSE
...
040 (8180963.385.000) 2026-06-25 10:56:37 Started transferring input files
	Transferring to host: <128.105.68.166:9618?addrs=128.105.68.166-9618+[2607-f388-2200-100-b62e-99ff-feb7-2e2d]-9618&alias=gpulab2001.chtc.wisc.edu&noUDP&sock=backfill1_3_11113_dd1d_64436>
...
040 (8180963.385.000) 2026-06-25 11:04:18 Finished transferring input files
...
001 (8180963.385.000) 2026-06-25 11:04:18 Job executing on host: <128.105.68.166:9618?addrs=128.105.68.166-9618+[2607-f388-2200-100-b62e-99ff-feb7-2e2d]-9618&alias=gpulab2001.chtc.wisc.edu&noUDP&sock=startd_10083_ad84>
	SlotName: backfill1_3@gpulab2001.chtc.wisc.edu
	AvailableGPUs = { GPUs_GPU_de7b89bb }
	CondorScratchDir = "/var/lib/condor/execute/slot1/dir_1970744/scratch"
	Cpus = 1
	Disk = 16777216
	GPUs = 1
	GPUs_GPU_de7b89bb = [ Id = "GPU-de7b89bb"; Capability = 7.5; DeviceName = "NVIDIA GeForce RTX 2080 Ti"; DeviceUuid = "de7b89bb-11e2-d8b1-1b92-c9ab2f9f87e3"; ECCEnabled = false; NvidiaDriver = "570.195.03"; DriverVersion = 12.8; DevicePciBusId = "0000:DA:00.0"; GlobalMemoryMb = 10823; MaxSupportedVersion = 12080 ]
	IoHeavy = 0
	Memory = 16384
...
040 (8180963.385.000) 2026-06-25 11:55:22 Started transferring output files
...
040 (8180963.385.000) 2026-06-25 11:55:22 Finished transferring output files
...
005 (8180963.385.000) 2026-06-25 11:55:22 Job terminated.
	(1) Normal termination (return value 1)
		Usr 0 00:54:24, Sys 0 00:01:17  -  Run Remote Usage
		Usr 0 00:00:00, Sys 0 00:00:00  -  Run Local Usage
		Usr 0 08:31:36, Sys 0 00:14:59  -  Total Remote Usage
		Usr 0 00:00:00, Sys 0 00:00:00  -  Total Local Usage
	111501  -  Run Bytes Sent By Job
	2784347997  -  Run Bytes Received By Job
	1190491  -  Total Bytes Sent By Job
	26919569826  -  Total Bytes Received By Job
	Partitionable Resources :      Usage  Request Allocated Assigned
	   Cpus                 :       1.00        1         1 
	   Disk (KB)            : 3183903    16777216  16777216 
	   GPUs                 :       0.09        1         1 "GPU-de7b89bb"
	   GpusMemory (MB)      :    4489                       
	   IoHeavy              :                             0 
	   Memory (MB)          :    9766       16384     16384 
	   TimeExecute (s)      :    3064                       
	   TimeSlotBusy (s)     :    3525                       
...
