000 (8017966.306.000) 2026-06-20 22:07:54 Job submitted from host: <128.105.68.112:9618?addrs=128.105.68.112-9618+[2607-f388-2200-100-eaeb-d3ff-fea3-4202]-9618&alias=ap2001.chtc.wisc.edu&noUDP&sock=schedd_4071840_2329>
...
040 (8017966.306.000) 2026-06-21 01:09:17 Started transferring input files
	Transferring to host: <10.32.89.13:42459?CCBID=128.105.82.148:9618%3faddrs%3d128.105.82.148-9618+[2607-f388-2200-9d-7ccb-bc08-2489-768a]-9618%26alias%3dospool-ccb.osg.chtc.io%26noUDP%26sock%3dcollector2#4294707%2067.58.49.91:9618%3faddrs%3d67.58.49.91-9618+[fdf0-17b3-c3ec-1f79-10-0-e-b69d]-9618%26alias%3dccb-2.ospool.osg-htc.org%26noUDP%26sock%3dcollector10#4289491&PrivNet=qa-rtx6k-020.crc.nd.edu&addrs=10.32.89.13-42459&alias=qa-rtx6k-020.crc.nd.edu&noUDP>
...
040 (8017966.306.000) 2026-06-21 01:09:41 Finished transferring input files
...
021 (8017966.306.000) 2026-06-21 01:09:42 Message from starter on slot1_1@glidein_544488_136834093@qa-rtx6k-020.crc.nd.edu:
	PREPARE_JOB (prepare-hook) succeeded (reported status 000): Using Singularity image openfe_1.11.1.sif
...
001 (8017966.306.000) 2026-06-21 01:09:42 Job executing on host: <10.32.89.13:39491?CCBID=128.105.82.148:9618%3faddrs%3d128.105.82.148-9618+[2607-f388-2200-9d-7ccb-bc08-2489-768a]-9618%26alias%3dospool-ccb.osg.chtc.io%26noUDP%26sock%3dcollector10#4285743%2067.58.49.91:9618%3faddrs%3d67.58.49.91-9618+[fdf0-17b3-c3ec-1f79-10-0-e-b69d]-9618%26alias%3dccb-2.ospool.osg-htc.org%26noUDP%26sock%3dcollector6#4282869&PrivNet=qa-rtx6k-020.crc.nd.edu&addrs=10.32.89.13-39491&alias=qa-rtx6k-020.crc.nd.edu&noUDP>
	SlotName: slot1_1@glidein_544488_136834093@qa-rtx6k-020.crc.nd.edu
	AvailableGPUs = { GPUs_GPU_86462c4b }
	CondorScratchDir = "/var/condor/execute/dir_544486/glide_JPMCfz/execute/dir_711593/scratch"
	Cpus = 1
	Disk = 16777216
	GPUs = 1
	GPUs_GPU_86462c4b = [ Id = "GPU-86462c4b"; ClockMhz = 1620.0; Capability = 7.5; CoresPerCU = 64; DeviceName = "Quadro RTX 6000"; DeviceUuid = "86462c4b-d467-685a-5105-6e3ed54a299d"; ECCEnabled = true; ComputeUnits = 72; NvidiaDriver = "595.71.05"; DriverVersion = 13.2; DevicePciBusId = "0000:86:00.0"; GlobalMemoryMb = 22684; MaxSupportedVersion = 13020 ]
	Memory = 16384
...
006 (8017966.306.000) 2026-06-21 01:09:51 Image size of job updated: 4595376
	175  -  MemoryUsage of job (MB)
	178236  -  ResidentSetSize of job (KB)
...
006 (8017966.306.000) 2026-06-21 01:10:57 Image size of job updated: 16119872
	1197  -  MemoryUsage of job (MB)
	1225456  -  ResidentSetSize of job (KB)
...
040 (8017966.306.000) 2026-06-21 01:10:58 Started transferring output files
...
040 (8017966.306.000) 2026-06-21 01:10:58 Finished transferring output files
...
004 (8017966.306.000) 2026-06-21 01:10:58 Job was evicted.
	(0) Job terminated and was requeued
		Usr 0 00:00:57, Sys 0 00:00:02  -  Run Remote Usage
		Usr 0 00:00:00, Sys 0 00:00:00  -  Run Local Usage
	2640217  -  Run Bytes Sent By Job
	2782571790  -  Run Bytes Received By Job
	(1) Normal termination (return value 1)
	The job attribute OnExitRemove expression 'NumJobCompletions > JobMaxRetries || ExitCode =?= 0' evaluated to FALSE
...
040 (8017966.306.000) 2026-06-21 01:11:41 Started transferring input files
	Transferring to host: <128.105.68.116:9618?addrs=128.105.68.116-9618+[2607-f388-2200-100-7ec2-55ff-fe99-a36a]-9618&alias=gpu4001.chtc.wisc.edu&noUDP&sock=slot2_4_10972_8437_3956>
...
040 (8017966.306.000) 2026-06-21 01:12:00 Finished transferring input files
...
001 (8017966.306.000) 2026-06-21 01:12:00 Job executing on host: <128.105.68.116:9618?addrs=128.105.68.116-9618+[2607-f388-2200-100-7ec2-55ff-fe99-a36a]-9618&alias=gpu4001.chtc.wisc.edu&noUDP&sock=startd_10701_930c>
	SlotName: slot2_4@gpu4001.chtc.wisc.edu
	AvailableGPUs = { GPUs_GPU_c41e89c5 }
	CondorScratchDir = "/var/lib/condor/execute/slot2/dir_1927642/scratch"
	Cpus = 1
	Disk = 16777216
	GPUs = 1
	GPUs_GPU_c41e89c5 = [ Id = "GPU-c41e89c5"; Capability = 8.9; DeviceName = "NVIDIA L40"; DeviceUuid = "c41e89c5-a828-686d-745f-cbc2b3c573d1"; ECCEnabled = true; NvidiaDriver = "570.195.03"; DriverVersion = 12.8; DevicePciBusId = "0000:57:00.0"; GlobalMemoryMb = 45468; MaxSupportedVersion = 12080 ]
	IoHeavy = 0
	Memory = 16384
...
040 (8017966.306.000) 2026-06-21 01:12:03 Started transferring output files
...
040 (8017966.306.000) 2026-06-21 01:12:03 Finished transferring output files
...
004 (8017966.306.000) 2026-06-21 01:12:03 Job was evicted.
	(0) Job terminated and was requeued
		Usr 0 00:00:02, Sys 0 00:00:00  -  Run Remote Usage
		Usr 0 00:00:00, Sys 0 00:00:00  -  Run Local Usage
	2639274  -  Run Bytes Sent By Job
	2785210564  -  Run Bytes Received By Job
	(1) Normal termination (return value 2)
	The job attribute OnExitRemove expression 'NumJobCompletions > JobMaxRetries || ExitCode =?= 0' evaluated to FALSE
...
040 (8017966.306.000) 2026-06-21 01:12:50 Started transferring input files
	Transferring to host: <128.105.76.47:9618?addrs=128.105.76.47-9618+[2607-f388-2200-100-527c-6fff-fe82-826a]-9618&alias=gpu4006.chtc.wisc.edu&noUDP&sock=slot2_2_2618986_4fbd_86538>
...
040 (8017966.306.000) 2026-06-21 01:13:00 Finished transferring input files
...
001 (8017966.306.000) 2026-06-21 01:13:00 Job executing on host: <128.105.76.47:9618?addrs=128.105.76.47-9618+[2607-f388-2200-100-527c-6fff-fe82-826a]-9618&alias=gpu4006.chtc.wisc.edu&noUDP&sock=startd_11220_90b3>
	SlotName: slot2_2@gpu4006.chtc.wisc.edu
	AvailableGPUs = { GPUs_GPU_5f4b1ce3 }
	CondorScratchDir = "/var/lib/condor/execute/slot2/dir_2559011/scratch"
	Cpus = 1
	Disk = 16777216
	GPUs = 1
	GPUs_GPU_5f4b1ce3 = [ Id = "GPU-5f4b1ce3"; Capability = 8.9; DeviceName = "NVIDIA L40S"; DeviceUuid = "5f4b1ce3-4b15-b946-0540-e2f21aaa5fe7"; ECCEnabled = true; NvidiaDriver = "590.48.01"; DriverVersion = 13.1; DevicePciBusId = "0000:21:00.0"; GlobalMemoryMb = 45460; MaxSupportedVersion = 13010 ]
	IoHeavy = 0
	Memory = 16384
...
040 (8017966.306.000) 2026-06-21 01:13:02 Started transferring output files
...
040 (8017966.306.000) 2026-06-21 01:13:02 Finished transferring output files
...
004 (8017966.306.000) 2026-06-21 01:13:03 Job was evicted.
	(0) Job terminated and was requeued
		Usr 0 00:00:01, Sys 0 00:00:00  -  Run Remote Usage
		Usr 0 00:00:00, Sys 0 00:00:00  -  Run Local Usage
	2639288  -  Run Bytes Sent By Job
	2785210564  -  Run Bytes Received By Job
	(1) Normal termination (return value 2)
	The job attribute OnExitRemove expression 'NumJobCompletions > JobMaxRetries || ExitCode =?= 0' evaluated to FALSE
...
040 (8017966.306.000) 2026-06-21 01:13:12 Started transferring input files
	Transferring to host: <128.105.69.3:9618?addrs=128.105.69.3-9618+[2607-f388-2200-100-7ec2-55ff-fe46-28f2]-9618&alias=gpu4002.chtc.wisc.edu&noUDP&sock=slot1_2_12744_0cff_3649>
...
040 (8017966.306.000) 2026-06-21 01:13:23 Finished transferring input files
...
001 (8017966.306.000) 2026-06-21 01:13:23 Job executing on host: <128.105.69.3:9618?addrs=128.105.69.3-9618+[2607-f388-2200-100-7ec2-55ff-fe46-28f2]-9618&alias=gpu4002.chtc.wisc.edu&noUDP&sock=startd_11312_ab69>
	SlotName: slot1_2@gpu4002.chtc.wisc.edu
	AvailableGPUs = { GPUs_GPU_2e13e217 }
	CondorScratchDir = "/var/lib/condor/execute/slot1/dir_2811790/scratch"
	Cpus = 1
	Disk = 16777216
	GPUs = 1
	GPUs_GPU_2e13e217 = [ Id = "GPU-2e13e217"; Capability = 8.9; DeviceName = "NVIDIA L40"; DeviceUuid = "2e13e217-6059-f8d1-c6e6-c4cc399ca285"; ECCEnabled = true; NvidiaDriver = "570.195.03"; DriverVersion = 12.8; DevicePciBusId = "0000:53:00.0"; GlobalMemoryMb = 45468; MaxSupportedVersion = 12080 ]
	IoHeavy = 0
	Memory = 16384
...
040 (8017966.306.000) 2026-06-21 01:13:27 Started transferring output files
...
040 (8017966.306.000) 2026-06-21 01:13:27 Finished transferring output files
...
004 (8017966.306.000) 2026-06-21 01:13:27 Job was evicted.
	(0) Job terminated and was requeued
		Usr 0 00:00:02, Sys 0 00:00:00  -  Run Remote Usage
		Usr 0 00:00:00, Sys 0 00:00:00  -  Run Local Usage
	2639264  -  Run Bytes Sent By Job
	2785210564  -  Run Bytes Received By Job
	(1) Normal termination (return value 2)
	The job attribute OnExitRemove expression 'NumJobCompletions > JobMaxRetries || ExitCode =?= 0' evaluated to FALSE
...
040 (8017966.306.000) 2026-06-21 01:13:37 Started transferring input files
	Transferring to host: <128.105.69.3:9618?addrs=128.105.69.3-9618+[2607-f388-2200-100-7ec2-55ff-fe46-28f2]-9618&alias=gpu4002.chtc.wisc.edu&noUDP&sock=slot1_2_12744_0cff_3650>
...
040 (8017966.306.000) 2026-06-21 01:13:48 Finished transferring input files
...
001 (8017966.306.000) 2026-06-21 01:13:48 Job executing on host: <128.105.69.3:9618?addrs=128.105.69.3-9618+[2607-f388-2200-100-7ec2-55ff-fe46-28f2]-9618&alias=gpu4002.chtc.wisc.edu&noUDP&sock=startd_11312_ab69>
	SlotName: slot1_2@gpu4002.chtc.wisc.edu
	AvailableGPUs = { GPUs_GPU_2e13e217 }
	CondorScratchDir = "/var/lib/condor/execute/slot1/dir_2812003/scratch"
	Cpus = 1
	Disk = 16777216
	GPUs = 1
	GPUs_GPU_2e13e217 = [ Id = "GPU-2e13e217"; Capability = 8.9; DeviceName = "NVIDIA L40"; DeviceUuid = "2e13e217-6059-f8d1-c6e6-c4cc399ca285"; ECCEnabled = true; NvidiaDriver = "570.195.03"; DriverVersion = 12.8; DevicePciBusId = "0000:53:00.0"; GlobalMemoryMb = 45468; MaxSupportedVersion = 12080 ]
	IoHeavy = 0
	Memory = 16384
...
040 (8017966.306.000) 2026-06-21 01:13:52 Started transferring output files
...
040 (8017966.306.000) 2026-06-21 01:13:52 Finished transferring output files
...
004 (8017966.306.000) 2026-06-21 01:13:52 Job was evicted.
	(0) Job terminated and was requeued
		Usr 0 00:00:02, Sys 0 00:00:00  -  Run Remote Usage
		Usr 0 00:00:00, Sys 0 00:00:00  -  Run Local Usage
	2639264  -  Run Bytes Sent By Job
	2785210564  -  Run Bytes Received By Job
	(1) Normal termination (return value 2)
	The job attribute OnExitRemove expression 'NumJobCompletions > JobMaxRetries || ExitCode =?= 0' evaluated to FALSE
...
040 (8017966.306.000) 2026-06-21 01:14:00 Started transferring input files
	Transferring to host: <128.104.103.48:9618?addrs=128.104.103.48-9618+[2607-f388-107c-501-ae1f-6bff-fe2c-2f00]-9618&alias=vetsigian0001.chtc.wisc.edu&noUDP&sock=slot2_7_10681_7b0b_7593>
...
040 (8017966.306.000) 2026-06-21 01:14:40 Finished transferring input files
...
001 (8017966.306.000) 2026-06-21 01:14:40 Job executing on host: <128.104.103.48:9618?addrs=128.104.103.48-9618+[2607-f388-107c-501-ae1f-6bff-fe2c-2f00]-9618&alias=vetsigian0001.chtc.wisc.edu&noUDP&sock=startd_9913_126b>
	SlotName: slot2_7@vetsigian0001.chtc.wisc.edu
	AvailableGPUs = { GPUs_GPU_db165ab8 }
	CondorScratchDir = "/var/lib/condor/execute/slot2/dir_2983119/scratch"
	Cpus = 1
	Disk = 16777216
	GPUs = 1
	GPUs_GPU_db165ab8 = [ Id = "GPU-db165ab8"; Capability = 7.5; DeviceName = "NVIDIA GeForce RTX 2080 Ti"; DeviceUuid = "db165ab8-2772-3c9a-89e1-dbb9944f94eb"; ECCEnabled = false; NvidiaDriver = "550.54.14"; DriverVersion = 12.4; DevicePciBusId = "0000:B1:00.0"; GlobalMemoryMb = 11004; MaxSupportedVersion = 12040 ]
	IoHeavy = 0
	Memory = 16384
...
040 (8017966.306.000) 2026-06-21 01:14:45 Started transferring output files
...
040 (8017966.306.000) 2026-06-21 01:14:45 Finished transferring output files
...
004 (8017966.306.000) 2026-06-21 01:14:46 Job was evicted.
	(0) Job terminated and was requeued
		Usr 0 00:00:03, Sys 0 00:00:00  -  Run Remote Usage
		Usr 0 00:00:00, Sys 0 00:00:00  -  Run Local Usage
	2639280  -  Run Bytes Sent By Job
	2785210564  -  Run Bytes Received By Job
	(1) Normal termination (return value 2)
	The job attribute OnExitRemove expression 'NumJobCompletions > JobMaxRetries || ExitCode =?= 0' evaluated to FALSE
...
040 (8017966.306.000) 2026-06-21 01:14:57 Started transferring input files
	Transferring to host: <128.105.68.116:9618?addrs=128.105.68.116-9618+[2607-f388-2200-100-7ec2-55ff-fe99-a36a]-9618&alias=gpu4001.chtc.wisc.edu&noUDP&sock=slot2_4_10972_8437_3965>
...
040 (8017966.306.000) 2026-06-21 01:15:08 Finished transferring input files
...
001 (8017966.306.000) 2026-06-21 01:15:08 Job executing on host: <128.105.68.116:9618?addrs=128.105.68.116-9618+[2607-f388-2200-100-7ec2-55ff-fe99-a36a]-9618&alias=gpu4001.chtc.wisc.edu&noUDP&sock=startd_10701_930c>
	SlotName: slot2_4@gpu4001.chtc.wisc.edu
	AvailableGPUs = { GPUs_GPU_c41e89c5 }
	CondorScratchDir = "/var/lib/condor/execute/slot2/dir_1929907/scratch"
	Cpus = 1
	Disk = 16777216
	GPUs = 1
	GPUs_GPU_c41e89c5 = [ Id = "GPU-c41e89c5"; Capability = 8.9; DeviceName = "NVIDIA L40"; DeviceUuid = "c41e89c5-a828-686d-745f-cbc2b3c573d1"; ECCEnabled = true; NvidiaDriver = "570.195.03"; DriverVersion = 12.8; DevicePciBusId = "0000:57:00.0"; GlobalMemoryMb = 45468; MaxSupportedVersion = 12080 ]
	IoHeavy = 0
	Memory = 16384
...
040 (8017966.306.000) 2026-06-21 01:15:11 Started transferring output files
...
040 (8017966.306.000) 2026-06-21 01:15:11 Finished transferring output files
...
004 (8017966.306.000) 2026-06-21 01:15:11 Job was evicted.
	(0) Job terminated and was requeued
		Usr 0 00:00:02, Sys 0 00:00:00  -  Run Remote Usage
		Usr 0 00:00:00, Sys 0 00:00:00  -  Run Local Usage
	2639274  -  Run Bytes Sent By Job
	2785210564  -  Run Bytes Received By Job
	(1) Normal termination (return value 2)
	The job attribute OnExitRemove expression 'NumJobCompletions > JobMaxRetries || ExitCode =?= 0' evaluated to FALSE
...
040 (8017966.306.000) 2026-06-21 01:15:16 Started transferring input files
	Transferring to host: <10.1.1.133:33981?CCBID=128.105.82.148:9618%3faddrs%3d128.105.82.148-9618+[2607-f388-2200-9d-7ccb-bc08-2489-768a]-9618%26alias%3dospool-ccb.osg.chtc.io%26noUDP%26sock%3dcollector8#4297309%2067.58.49.91:9618%3faddrs%3d67.58.49.91-9618+[fdf0-17b3-c3ec-1f79-10-0-e-b69d]-9618%26alias%3dccb-2.ospool.osg-htc.org%26noUDP%26sock%3dcollector4#4286281&PrivNet=gpu03&addrs=10.1.1.133-33981&alias=gpu03&noUDP>
...
040 (8017966.306.000) 2026-06-21 01:15:33 Finished transferring input files
...
021 (8017966.306.000) 2026-06-21 01:15:33 Message from starter on slot1_2@glidein_3062367_187566720@gpu03:
	PREPARE_JOB (prepare-hook) succeeded (reported status 000): Using Singularity image openfe_1.11.1.sif
...
001 (8017966.306.000) 2026-06-21 01:15:33 Job executing on host: <10.1.1.133:36499?CCBID=128.105.82.148:9618%3faddrs%3d128.105.82.148-9618+[2607-f388-2200-9d-7ccb-bc08-2489-768a]-9618%26alias%3dospool-ccb.osg.chtc.io%26noUDP%26sock%3dcollector2#4290611%2067.58.49.91:9618%3faddrs%3d67.58.49.91-9618+[fdf0-17b3-c3ec-1f79-10-0-e-b69d]-9618%26alias%3dccb-2.ospool.osg-htc.org%26noUDP%26sock%3dcollector8#4288469&PrivNet=gpu03&addrs=10.1.1.133-36499&alias=gpu03&noUDP>
	SlotName: slot1_2@glidein_3062367_187566720@gpu03
	AvailableGPUs = { GPUs_GPU_950fc1bc }
	CondorScratchDir = "/tmp/glide_axJLUa/execute/dir_3131733/scratch"
	Cpus = 1
	Disk = 16777216
	GPUs = 1
	GPUs_GPU_950fc1bc = [ Id = "GPU-950fc1bc"; ClockMhz = 1740.0; Capability = 8.6; CoresPerCU = 128; DeviceName = "NVIDIA A40"; DeviceUuid = "950fc1bc-e698-da80-7f5a-cad89ced1e50"; ECCEnabled = true; ComputeUnits = 84; NvidiaDriver = "595.71.05"; DriverVersion = 13.2; DevicePciBusId = "0000:41:00.0"; GlobalMemoryMb = 45739; MaxSupportedVersion = 13020 ]
	Memory = 16384
...
040 (8017966.306.000) 2026-06-21 01:15:37 Started transferring output files
...
040 (8017966.306.000) 2026-06-21 01:15:37 Finished transferring output files
...
004 (8017966.306.000) 2026-06-21 01:15:38 Job was evicted.
	(0) Job terminated and was requeued
		Usr 0 00:00:00, Sys 0 00:00:00  -  Run Remote Usage
		Usr 0 00:00:00, Sys 0 00:00:00  -  Run Local Usage
	2639379  -  Run Bytes Sent By Job
	2785210564  -  Run Bytes Received By Job
	(1) Normal termination (return value 2)
	The job attribute OnExitRemove expression 'NumJobCompletions > JobMaxRetries || ExitCode =?= 0' evaluated to FALSE
...
040 (8017966.306.000) 2026-06-21 01:15:42 Started transferring input files
	Transferring to host: <128.105.76.47:9618?addrs=128.105.76.47-9618+[2607-f388-2200-100-527c-6fff-fe82-826a]-9618&alias=gpu4006.chtc.wisc.edu&noUDP&sock=slot2_4_2618986_4fbd_86554>
...
040 (8017966.306.000) 2026-06-21 01:15:54 Finished transferring input files
...
001 (8017966.306.000) 2026-06-21 01:15:54 Job executing on host: <128.105.76.47:9618?addrs=128.105.76.47-9618+[2607-f388-2200-100-527c-6fff-fe82-826a]-9618&alias=gpu4006.chtc.wisc.edu&noUDP&sock=startd_11220_90b3>
	SlotName: slot2_4@gpu4006.chtc.wisc.edu
	AvailableGPUs = { GPUs_GPU_ebce8790 }
	CondorScratchDir = "/var/lib/condor/execute/slot2/dir_2570953/scratch"
	Cpus = 1
	Disk = 16777216
	GPUs = 1
	GPUs_GPU_ebce8790 = [ Id = "GPU-ebce8790"; Capability = 8.9; DeviceName = "NVIDIA L40S"; DeviceUuid = "ebce8790-e43f-ac1a-f7a9-2254127e04da"; ECCEnabled = true; NvidiaDriver = "590.48.01"; DriverVersion = 13.1; DevicePciBusId = "0000:41:00.0"; GlobalMemoryMb = 45460; MaxSupportedVersion = 13010 ]
	IoHeavy = 0
	Memory = 16384
...
040 (8017966.306.000) 2026-06-21 01:15:57 Started transferring output files
...
040 (8017966.306.000) 2026-06-21 01:15:57 Finished transferring output files
...
004 (8017966.306.000) 2026-06-21 01:15:57 Job was evicted.
	(0) Job terminated and was requeued
		Usr 0 00:00:01, Sys 0 00:00:00  -  Run Remote Usage
		Usr 0 00:00:00, Sys 0 00:00:00  -  Run Local Usage
	2639288  -  Run Bytes Sent By Job
	2785210564  -  Run Bytes Received By Job
	(1) Normal termination (return value 2)
	The job attribute OnExitRemove expression 'NumJobCompletions > JobMaxRetries || ExitCode =?= 0' evaluated to FALSE
...
040 (8017966.306.000) 2026-06-21 01:16:02 Started transferring input files
	Transferring to host: <128.105.68.116:9618?addrs=128.105.68.116-9618+[2607-f388-2200-100-7ec2-55ff-fe99-a36a]-9618&alias=gpu4001.chtc.wisc.edu&noUDP&sock=slot2_4_10972_8437_3981>
...
040 (8017966.306.000) 2026-06-21 01:16:12 Finished transferring input files
...
001 (8017966.306.000) 2026-06-21 01:16:12 Job executing on host: <128.105.68.116:9618?addrs=128.105.68.116-9618+[2607-f388-2200-100-7ec2-55ff-fe99-a36a]-9618&alias=gpu4001.chtc.wisc.edu&noUDP&sock=startd_10701_930c>
	SlotName: slot2_4@gpu4001.chtc.wisc.edu
	AvailableGPUs = { GPUs_GPU_c41e89c5 }
	CondorScratchDir = "/var/lib/condor/execute/slot2/dir_1932004/scratch"
	Cpus = 1
	Disk = 16777216
	GPUs = 1
	GPUs_GPU_c41e89c5 = [ Id = "GPU-c41e89c5"; Capability = 8.9; DeviceName = "NVIDIA L40"; DeviceUuid = "c41e89c5-a828-686d-745f-cbc2b3c573d1"; ECCEnabled = true; NvidiaDriver = "570.195.03"; DriverVersion = 12.8; DevicePciBusId = "0000:57:00.0"; GlobalMemoryMb = 45468; MaxSupportedVersion = 12080 ]
	IoHeavy = 0
	Memory = 16384
...
040 (8017966.306.000) 2026-06-21 01:16:15 Started transferring output files
...
040 (8017966.306.000) 2026-06-21 01:16:15 Finished transferring output files
...
004 (8017966.306.000) 2026-06-21 01:16:16 Job was evicted.
	(0) Job terminated and was requeued
		Usr 0 00:00:02, Sys 0 00:00:00  -  Run Remote Usage
		Usr 0 00:00:00, Sys 0 00:00:00  -  Run Local Usage
	2639274  -  Run Bytes Sent By Job
	2785210564  -  Run Bytes Received By Job
	(1) Normal termination (return value 2)
	The job attribute OnExitRemove expression 'NumJobCompletions > JobMaxRetries || ExitCode =?= 0' evaluated to FALSE
...
040 (8017966.306.000) 2026-06-21 01:16:18 Started transferring input files
	Transferring to host: <128.105.68.117:9618?addrs=128.105.68.117-9618+[2607-f388-2200-100-7ec2-55ff-fe9a-b4fa]-9618&alias=gpu4000.chtc.wisc.edu&noUDP&sock=slot2_4_1956795_d8ee_82296>
...
040 (8017966.306.000) 2026-06-21 01:16:29 Finished transferring input files
...
001 (8017966.306.000) 2026-06-21 01:16:29 Job executing on host: <128.105.68.117:9618?addrs=128.105.68.117-9618+[2607-f388-2200-100-7ec2-55ff-fe9a-b4fa]-9618&alias=gpu4000.chtc.wisc.edu&noUDP&sock=startd_674379_7ae3>
	SlotName: slot2_4@gpu4000.chtc.wisc.edu
	AvailableGPUs = { GPUs_GPU_85b798bf }
	CondorScratchDir = "/var/lib/condor/execute/slot2/dir_3991602/scratch"
	Cpus = 1
	Disk = 16777216
	GPUs = 1
	GPUs_GPU_85b798bf = [ Id = "GPU-85b798bf"; Capability = 8.9; DeviceName = "NVIDIA L40"; DeviceUuid = "85b798bf-b3ac-60c1-4903-0e00d9a2de78"; ECCEnabled = true; NvidiaDriver = "570.195.03"; DriverVersion = 12.8; DevicePciBusId = "0000:56:00.0"; GlobalMemoryMb = 45468; MaxSupportedVersion = 12080 ]
	IoHeavy = 0
	Memory = 16384
...
040 (8017966.306.000) 2026-06-21 01:16:32 Started transferring output files
...
040 (8017966.306.000) 2026-06-21 01:16:32 Finished transferring output files
...
005 (8017966.306.000) 2026-06-21 01:16:33 Job terminated.
	(1) Normal termination (return value 2)
		Usr 0 00:00:02, Sys 0 00:00:00  -  Run Remote Usage
		Usr 0 00:00:00, Sys 0 00:00:00  -  Run Local Usage
		Usr 0 00:01:14, Sys 0 00:00:02  -  Total Remote Usage
		Usr 0 00:00:00, Sys 0 00:00:00  -  Total Local Usage
	2639274  -  Run Bytes Sent By Job
	2785210564  -  Run Bytes Received By Job
	29033076  -  Total Bytes Sent By Job
	30634677430  -  Total Bytes Received By Job
	Partitionable Resources :    Usage  Request Allocated Assigned
	   Cpus                 :        0        1         1 
	   Disk (KB)            :  2720088 16777216  16777216 
	   GPUs                 :        0        1         1 "GPU-85b798bf"
	   IoHeavy              :                           0 
	   Memory (MB)          :     1221    16384     16384 
	   TimeExecute (s)      :        3                    
	   TimeSlotBusy (s)     :       14                    
...
