=== openfe quickrun production ===
Host: gpu2011
Transformation: rbfe_OADMET-0006431_complex_OADMET-0006375_complex.json
Start: Sun Jun 21 01:40:36 CDT 2026
nvidia-smi not available
openfe: openfe, version 1.11.1
Available platforms: ['Reference', 'CPU', 'CUDA', 'OpenCL']
CUDA platform confirmed available.
No quickrun_cache found - this is a FRESH run

Current directory: /var/lib/condor/execute/slot2/dir_2944767/scratch/
Using existing working directory: quickrun_output/
Loading transformation from: rbfe_OADMET-0006431_complex_OADMET-0006375_complex.json
When simulation is complete, results will be written to: quickrun_output/result.json

If this simulation is interrupted or fails, you may attempt to resume execution using:
openfe quickrun rbfe_OADMET-0006431_complex_OADMET-0006375_complex.json -o quickrun_output/result.json -d quickrun_output --resume

openfe quickrun was run with --resume, but no cached results found at quickrun_output/quickrun_cache/dag-cache-871d21af08f1cf7fc7b92ee10235d6ea.json. Starting new execution.
Planning simulations for this edge...

Starting the simulations for this edge...

Please cite the following:

        Friedrichs MS, Eastman P, Vaidyanathan V, Houston M, LeGrand S, Beberg AL, Ensign DL, Bruns CM, and Pande VS. Accelerating molecular dynamic simulations on graphics processing unit. J. Comput. Chem. 30:864, 2009. DOI: 10.1002/jcc.21209
        Eastman P and Pande VS. OpenMM: A hardware-independent framework for molecular simulations. Comput. Sci. Eng. 12:34, 2010. DOI: 10.1109/MCSE.2010.27
        Eastman P and Pande VS. Efficient nonbonded interactions for molecular dynamics on a graphics processing unit. J. Comput. Chem. 31:1268, 2010. DOI: 10.1002/jcc.21413
        Eastman P and Pande VS. Constant constraint matrix approximation: A robust, parallelizable constraint method for molecular simulations. J. Chem. Theor. Comput. 6:434, 2010. DOI: 10.1021/ct900463w
        Chodera JD and Shirts MR. Replica exchange and expanded ensemble simulations as Gibbs multistate: Simple improvements for enhanced mixing. J. Chem. Phys., 135:194110, 2011. DOI:10.1063/1.3660669
        
Done with all simulations! Analyzing the results....
Here is the result:
	dG = -50.90975439321961 kilocalorie_per_mole ± 0.0 kilocalorie_per_mole


	Duration: 4:36:11.358926


=== Completed successfully ===
Wall-clock: 16576 seconds (4h 36m)
End: Sun Jun 21 06:16:52 CDT 2026
Cleaning up large checkpoint/trajectory files...
68M	quickrun_output/
5.5M	quickrun_output/
