000 (8017966.026.000) 2026-06-20 22:07:54 Job submitted from host: <128.105.68.112:9618?addrs=128.105.68.112-9618+[2607-f388-2200-100-eaeb-d3ff-fea3-4202]-9618&alias=ap2001.chtc.wisc.edu&noUDP&sock=schedd_4071840_2329>
...
040 (8017966.026.000) 2026-06-20 22:14:50 Started transferring input files
	Transferring to host: <128.105.68.100:9618?addrs=128.105.68.100-9618+[2607-f388-2200-100-ac0-ebff-fe99-9a48]-9618&alias=gpu2008.chtc.wisc.edu&noUDP&sock=slot2_4_160879_8f27_81298>
...
040 (8017966.026.000) 2026-06-20 22:15:04 Finished transferring input files
...
001 (8017966.026.000) 2026-06-20 22:15:04 Job executing on host: <128.105.68.100:9618?addrs=128.105.68.100-9618+[2607-f388-2200-100-ac0-ebff-fe99-9a48]-9618&alias=gpu2008.chtc.wisc.edu&noUDP&sock=startd_12349_f71f>
	SlotName: slot2_4@gpu2008.chtc.wisc.edu
	AvailableGPUs = { GPUs_GPU_7067f38b_b4c2_5568_ec82_f698473ddd07 }
	CondorScratchDir = "/var/lib/condor/execute/slot2/dir_409756/scratch"
	Cpus = 1
	Disk = 16777216
	GPUs = 1
	GPUs_GPU_7067f38b_b4c2_5568_ec82_f698473ddd07 = [ Id = "GPU-7067f38b-b4c2-5568-ec82-f698473ddd07"; Capability = 8.0; DeviceName = "NVIDIA A100-SXM4-80GB"; DeviceUuid = "7067f38b-b4c2-5568-ec82-f698473ddd07"; ECCEnabled = true; NvidiaDriver = "570.195.03"; DriverVersion = 12.8; DevicePciBusId = "0000:C1:00.0"; GlobalMemoryMb = 81154; MaxSupportedVersion = 12080 ]
	Memory = 16384
...
006 (8017966.026.000) 2026-06-20 22:15:12 Image size of job updated: 403784
	395  -  MemoryUsage of job (MB)
	403784  -  ResidentSetSize of job (KB)
...
006 (8017966.026.000) 2026-06-20 22:20:12 Image size of job updated: 4926136
	4099  -  MemoryUsage of job (MB)
	4197244  -  ResidentSetSize of job (KB)
...
006 (8017966.026.000) 2026-06-20 22:25:13 Image size of job updated: 5000808
	4884  -  MemoryUsage of job (MB)
	5000808  -  ResidentSetSize of job (KB)
...
006 (8017966.026.000) 2026-06-20 22:30:13 Image size of job updated: 5717888
	4884  -  MemoryUsage of job (MB)
	5000808  -  ResidentSetSize of job (KB)
...
006 (8017966.026.000) 2026-06-20 22:35:14 Image size of job updated: 5717888
	5351  -  MemoryUsage of job (MB)
	5478532  -  ResidentSetSize of job (KB)
...
006 (8017966.026.000) 2026-06-20 22:40:14 Image size of job updated: 6402204
	5351  -  MemoryUsage of job (MB)
	5478532  -  ResidentSetSize of job (KB)
...
006 (8017966.026.000) 2026-06-20 22:45:15 Image size of job updated: 6402204
	5607  -  MemoryUsage of job (MB)
	5741416  -  ResidentSetSize of job (KB)
...
006 (8017966.026.000) 2026-06-20 22:49:51 Image size of job updated: 6554636
	5607  -  MemoryUsage of job (MB)
	5741416  -  ResidentSetSize of job (KB)
...
040 (8017966.026.000) 2026-06-20 22:49:51 Started transferring output files
...
040 (8017966.026.000) 2026-06-20 22:49:52 Finished transferring output files
...
004 (8017966.026.000) 2026-06-20 22:49:53 Job was evicted.
	(0) Job terminated and was requeued
		Usr 0 01:01:05, Sys 0 00:05:07  -  Run Remote Usage
		Usr 0 00:00:00, Sys 0 00:00:00  -  Run Local Usage
	495256150  -  Run Bytes Sent By Job
	2784131536  -  Run Bytes Received By Job
	(1) Normal termination (return value 1)
	The job attribute OnExitRemove expression 'NumJobCompletions > JobMaxRetries || ExitCode =?= 0' evaluated to FALSE
...
040 (8017966.026.000) 2026-06-20 22:50:06 Started transferring input files
	Transferring to host: <128.105.69.3:9618?addrs=128.105.69.3-9618+[2607-f388-2200-100-7ec2-55ff-fe46-28f2]-9618&alias=gpu4002.chtc.wisc.edu&noUDP&sock=slot1_2_12744_0cff_3170>
...
040 (8017966.026.000) 2026-06-20 22:50:19 Finished transferring input files
...
001 (8017966.026.000) 2026-06-20 22:50:19 Job executing on host: <128.105.69.3:9618?addrs=128.105.69.3-9618+[2607-f388-2200-100-7ec2-55ff-fe46-28f2]-9618&alias=gpu4002.chtc.wisc.edu&noUDP&sock=startd_11312_ab69>
	SlotName: slot1_2@gpu4002.chtc.wisc.edu
	AvailableGPUs = { GPUs_GPU_2e13e217 }
	CondorScratchDir = "/var/lib/condor/execute/slot1/dir_2709001/scratch"
	Cpus = 1
	Disk = 16777216
	GPUs = 1
	GPUs_GPU_2e13e217 = [ Id = "GPU-2e13e217"; Capability = 8.9; DeviceName = "NVIDIA L40"; DeviceUuid = "2e13e217-6059-f8d1-c6e6-c4cc399ca285"; ECCEnabled = true; NvidiaDriver = "570.195.03"; DriverVersion = 12.8; DevicePciBusId = "0000:53:00.0"; GlobalMemoryMb = 45468; MaxSupportedVersion = 12080 ]
	IoHeavy = 0
	Memory = 16384
...
040 (8017966.026.000) 2026-06-20 22:50:22 Started transferring output files
...
040 (8017966.026.000) 2026-06-20 22:50:23 Finished transferring output files
...
004 (8017966.026.000) 2026-06-20 22:50:24 Job was evicted.
	(0) Job terminated and was requeued
		Usr 0 00:00:02, Sys 0 00:00:00  -  Run Remote Usage
		Usr 0 00:00:00, Sys 0 00:00:00  -  Run Local Usage
	495236408  -  Run Bytes Sent By Job
	3279367466  -  Run Bytes Received By Job
	(1) Normal termination (return value 2)
	The job attribute OnExitRemove expression 'NumJobCompletions > JobMaxRetries || ExitCode =?= 0' evaluated to FALSE
...
040 (8017966.026.000) 2026-06-20 22:50:30 Started transferring input files
	Transferring to host: <128.105.69.3:9618?addrs=128.105.69.3-9618+[2607-f388-2200-100-7ec2-55ff-fe46-28f2]-9618&alias=gpu4002.chtc.wisc.edu&noUDP&sock=slot1_2_12744_0cff_3171>
...
040 (8017966.026.000) 2026-06-20 22:50:43 Finished transferring input files
...
001 (8017966.026.000) 2026-06-20 22:50:43 Job executing on host: <128.105.69.3:9618?addrs=128.105.69.3-9618+[2607-f388-2200-100-7ec2-55ff-fe46-28f2]-9618&alias=gpu4002.chtc.wisc.edu&noUDP&sock=startd_11312_ab69>
	SlotName: slot1_2@gpu4002.chtc.wisc.edu
	AvailableGPUs = { GPUs_GPU_2e13e217 }
	CondorScratchDir = "/var/lib/condor/execute/slot1/dir_2709251/scratch"
	Cpus = 1
	Disk = 16777216
	GPUs = 1
	GPUs_GPU_2e13e217 = [ Id = "GPU-2e13e217"; Capability = 8.9; DeviceName = "NVIDIA L40"; DeviceUuid = "2e13e217-6059-f8d1-c6e6-c4cc399ca285"; ECCEnabled = true; NvidiaDriver = "570.195.03"; DriverVersion = 12.8; DevicePciBusId = "0000:53:00.0"; GlobalMemoryMb = 45468; MaxSupportedVersion = 12080 ]
	IoHeavy = 0
	Memory = 16384
...
040 (8017966.026.000) 2026-06-20 22:50:47 Started transferring output files
...
040 (8017966.026.000) 2026-06-20 22:50:48 Finished transferring output files
...
004 (8017966.026.000) 2026-06-20 22:50:48 Job was evicted.
	(0) Job terminated and was requeued
		Usr 0 00:00:02, Sys 0 00:00:00  -  Run Remote Usage
		Usr 0 00:00:00, Sys 0 00:00:00  -  Run Local Usage
	495236408  -  Run Bytes Sent By Job
	3279367466  -  Run Bytes Received By Job
	(1) Normal termination (return value 2)
	The job attribute OnExitRemove expression 'NumJobCompletions > JobMaxRetries || ExitCode =?= 0' evaluated to FALSE
...
040 (8017966.026.000) 2026-06-20 22:50:52 Started transferring input files
	Transferring to host: <128.105.69.3:9618?addrs=128.105.69.3-9618+[2607-f388-2200-100-7ec2-55ff-fe46-28f2]-9618&alias=gpu4002.chtc.wisc.edu&noUDP&sock=slot1_2_12744_0cff_3172>
...
040 (8017966.026.000) 2026-06-20 22:51:05 Finished transferring input files
...
001 (8017966.026.000) 2026-06-20 22:51:05 Job executing on host: <128.105.69.3:9618?addrs=128.105.69.3-9618+[2607-f388-2200-100-7ec2-55ff-fe46-28f2]-9618&alias=gpu4002.chtc.wisc.edu&noUDP&sock=startd_11312_ab69>
	SlotName: slot1_2@gpu4002.chtc.wisc.edu
	AvailableGPUs = { GPUs_GPU_2e13e217 }
	CondorScratchDir = "/var/lib/condor/execute/slot1/dir_2709497/scratch"
	Cpus = 1
	Disk = 16777216
	GPUs = 1
	GPUs_GPU_2e13e217 = [ Id = "GPU-2e13e217"; Capability = 8.9; DeviceName = "NVIDIA L40"; DeviceUuid = "2e13e217-6059-f8d1-c6e6-c4cc399ca285"; ECCEnabled = true; NvidiaDriver = "570.195.03"; DriverVersion = 12.8; DevicePciBusId = "0000:53:00.0"; GlobalMemoryMb = 45468; MaxSupportedVersion = 12080 ]
	IoHeavy = 0
	Memory = 16384
...
040 (8017966.026.000) 2026-06-20 22:51:09 Started transferring output files
...
040 (8017966.026.000) 2026-06-20 22:51:10 Finished transferring output files
...
004 (8017966.026.000) 2026-06-20 22:51:11 Job was evicted.
	(0) Job terminated and was requeued
		Usr 0 00:00:02, Sys 0 00:00:00  -  Run Remote Usage
		Usr 0 00:00:00, Sys 0 00:00:00  -  Run Local Usage
	495236408  -  Run Bytes Sent By Job
	3279367466  -  Run Bytes Received By Job
	(1) Normal termination (return value 2)
	The job attribute OnExitRemove expression 'NumJobCompletions > JobMaxRetries || ExitCode =?= 0' evaluated to FALSE
...
040 (8017966.026.000) 2026-06-20 22:51:17 Started transferring input files
	Transferring to host: <128.105.69.3:9618?addrs=128.105.69.3-9618+[2607-f388-2200-100-7ec2-55ff-fe46-28f2]-9618&alias=gpu4002.chtc.wisc.edu&noUDP&sock=slot1_2_12744_0cff_3173>
...
040 (8017966.026.000) 2026-06-20 22:51:30 Finished transferring input files
...
001 (8017966.026.000) 2026-06-20 22:51:30 Job executing on host: <128.105.69.3:9618?addrs=128.105.69.3-9618+[2607-f388-2200-100-7ec2-55ff-fe46-28f2]-9618&alias=gpu4002.chtc.wisc.edu&noUDP&sock=startd_11312_ab69>
	SlotName: slot1_2@gpu4002.chtc.wisc.edu
	AvailableGPUs = { GPUs_GPU_2e13e217 }
	CondorScratchDir = "/var/lib/condor/execute/slot1/dir_2709708/scratch"
	Cpus = 1
	Disk = 16777216
	GPUs = 1
	GPUs_GPU_2e13e217 = [ Id = "GPU-2e13e217"; Capability = 8.9; DeviceName = "NVIDIA L40"; DeviceUuid = "2e13e217-6059-f8d1-c6e6-c4cc399ca285"; ECCEnabled = true; NvidiaDriver = "570.195.03"; DriverVersion = 12.8; DevicePciBusId = "0000:53:00.0"; GlobalMemoryMb = 45468; MaxSupportedVersion = 12080 ]
	IoHeavy = 0
	Memory = 16384
...
040 (8017966.026.000) 2026-06-20 22:51:33 Started transferring output files
...
040 (8017966.026.000) 2026-06-20 22:51:34 Finished transferring output files
...
004 (8017966.026.000) 2026-06-20 22:51:35 Job was evicted.
	(0) Job terminated and was requeued
		Usr 0 00:00:02, Sys 0 00:00:00  -  Run Remote Usage
		Usr 0 00:00:00, Sys 0 00:00:00  -  Run Local Usage
	495236408  -  Run Bytes Sent By Job
	3279367466  -  Run Bytes Received By Job
	(1) Normal termination (return value 2)
	The job attribute OnExitRemove expression 'NumJobCompletions > JobMaxRetries || ExitCode =?= 0' evaluated to FALSE
...
040 (8017966.026.000) 2026-06-20 22:51:41 Started transferring input files
	Transferring to host: <128.105.69.3:9618?addrs=128.105.69.3-9618+[2607-f388-2200-100-7ec2-55ff-fe46-28f2]-9618&alias=gpu4002.chtc.wisc.edu&noUDP&sock=slot1_2_12744_0cff_3174>
...
040 (8017966.026.000) 2026-06-20 22:51:55 Finished transferring input files
...
001 (8017966.026.000) 2026-06-20 22:51:55 Job executing on host: <128.105.69.3:9618?addrs=128.105.69.3-9618+[2607-f388-2200-100-7ec2-55ff-fe46-28f2]-9618&alias=gpu4002.chtc.wisc.edu&noUDP&sock=startd_11312_ab69>
	SlotName: slot1_2@gpu4002.chtc.wisc.edu
	AvailableGPUs = { GPUs_GPU_2e13e217 }
	CondorScratchDir = "/var/lib/condor/execute/slot1/dir_2709949/scratch"
	Cpus = 1
	Disk = 16777216
	GPUs = 1
	GPUs_GPU_2e13e217 = [ Id = "GPU-2e13e217"; Capability = 8.9; DeviceName = "NVIDIA L40"; DeviceUuid = "2e13e217-6059-f8d1-c6e6-c4cc399ca285"; ECCEnabled = true; NvidiaDriver = "570.195.03"; DriverVersion = 12.8; DevicePciBusId = "0000:53:00.0"; GlobalMemoryMb = 45468; MaxSupportedVersion = 12080 ]
	IoHeavy = 0
	Memory = 16384
...
040 (8017966.026.000) 2026-06-20 22:51:58 Started transferring output files
...
040 (8017966.026.000) 2026-06-20 22:51:59 Finished transferring output files
...
004 (8017966.026.000) 2026-06-20 22:52:00 Job was evicted.
	(0) Job terminated and was requeued
		Usr 0 00:00:02, Sys 0 00:00:00  -  Run Remote Usage
		Usr 0 00:00:00, Sys 0 00:00:00  -  Run Local Usage
	495236408  -  Run Bytes Sent By Job
	3279367466  -  Run Bytes Received By Job
	(1) Normal termination (return value 2)
	The job attribute OnExitRemove expression 'NumJobCompletions > JobMaxRetries || ExitCode =?= 0' evaluated to FALSE
...
040 (8017966.026.000) 2026-06-20 22:52:04 Started transferring input files
	Transferring to host: <128.105.69.3:9618?addrs=128.105.69.3-9618+[2607-f388-2200-100-7ec2-55ff-fe46-28f2]-9618&alias=gpu4002.chtc.wisc.edu&noUDP&sock=slot1_2_12744_0cff_3175>
...
040 (8017966.026.000) 2026-06-20 22:52:18 Finished transferring input files
...
001 (8017966.026.000) 2026-06-20 22:52:18 Job executing on host: <128.105.69.3:9618?addrs=128.105.69.3-9618+[2607-f388-2200-100-7ec2-55ff-fe46-28f2]-9618&alias=gpu4002.chtc.wisc.edu&noUDP&sock=startd_11312_ab69>
	SlotName: slot1_2@gpu4002.chtc.wisc.edu
	AvailableGPUs = { GPUs_GPU_2e13e217 }
	CondorScratchDir = "/var/lib/condor/execute/slot1/dir_2710198/scratch"
	Cpus = 1
	Disk = 16777216
	GPUs = 1
	GPUs_GPU_2e13e217 = [ Id = "GPU-2e13e217"; Capability = 8.9; DeviceName = "NVIDIA L40"; DeviceUuid = "2e13e217-6059-f8d1-c6e6-c4cc399ca285"; ECCEnabled = true; NvidiaDriver = "570.195.03"; DriverVersion = 12.8; DevicePciBusId = "0000:53:00.0"; GlobalMemoryMb = 45468; MaxSupportedVersion = 12080 ]
	IoHeavy = 0
	Memory = 16384
...
040 (8017966.026.000) 2026-06-20 22:52:21 Started transferring output files
...
040 (8017966.026.000) 2026-06-20 22:52:23 Finished transferring output files
...
004 (8017966.026.000) 2026-06-20 22:52:23 Job was evicted.
	(0) Job terminated and was requeued
		Usr 0 00:00:02, Sys 0 00:00:00  -  Run Remote Usage
		Usr 0 00:00:00, Sys 0 00:00:00  -  Run Local Usage
	495236408  -  Run Bytes Sent By Job
	3279367466  -  Run Bytes Received By Job
	(1) Normal termination (return value 2)
	The job attribute OnExitRemove expression 'NumJobCompletions > JobMaxRetries || ExitCode =?= 0' evaluated to FALSE
...
040 (8017966.026.000) 2026-06-20 22:52:28 Started transferring input files
	Transferring to host: <128.105.69.3:9618?addrs=128.105.69.3-9618+[2607-f388-2200-100-7ec2-55ff-fe46-28f2]-9618&alias=gpu4002.chtc.wisc.edu&noUDP&sock=slot1_2_12744_0cff_3176>
...
040 (8017966.026.000) 2026-06-20 22:52:41 Finished transferring input files
...
001 (8017966.026.000) 2026-06-20 22:52:41 Job executing on host: <128.105.69.3:9618?addrs=128.105.69.3-9618+[2607-f388-2200-100-7ec2-55ff-fe46-28f2]-9618&alias=gpu4002.chtc.wisc.edu&noUDP&sock=startd_11312_ab69>
	SlotName: slot1_2@gpu4002.chtc.wisc.edu
	AvailableGPUs = { GPUs_GPU_2e13e217 }
	CondorScratchDir = "/var/lib/condor/execute/slot1/dir_2710441/scratch"
	Cpus = 1
	Disk = 16777216
	GPUs = 1
	GPUs_GPU_2e13e217 = [ Id = "GPU-2e13e217"; Capability = 8.9; DeviceName = "NVIDIA L40"; DeviceUuid = "2e13e217-6059-f8d1-c6e6-c4cc399ca285"; ECCEnabled = true; NvidiaDriver = "570.195.03"; DriverVersion = 12.8; DevicePciBusId = "0000:53:00.0"; GlobalMemoryMb = 45468; MaxSupportedVersion = 12080 ]
	IoHeavy = 0
	Memory = 16384
...
040 (8017966.026.000) 2026-06-20 22:52:44 Started transferring output files
...
040 (8017966.026.000) 2026-06-20 22:52:45 Finished transferring output files
...
004 (8017966.026.000) 2026-06-20 22:52:46 Job was evicted.
	(0) Job terminated and was requeued
		Usr 0 00:00:02, Sys 0 00:00:00  -  Run Remote Usage
		Usr 0 00:00:00, Sys 0 00:00:00  -  Run Local Usage
	495236408  -  Run Bytes Sent By Job
	3279367466  -  Run Bytes Received By Job
	(1) Normal termination (return value 2)
	The job attribute OnExitRemove expression 'NumJobCompletions > JobMaxRetries || ExitCode =?= 0' evaluated to FALSE
...
040 (8017966.026.000) 2026-06-20 22:52:52 Started transferring input files
	Transferring to host: <128.105.69.3:9618?addrs=128.105.69.3-9618+[2607-f388-2200-100-7ec2-55ff-fe46-28f2]-9618&alias=gpu4002.chtc.wisc.edu&noUDP&sock=slot1_2_12744_0cff_3177>
...
040 (8017966.026.000) 2026-06-20 22:53:05 Finished transferring input files
...
001 (8017966.026.000) 2026-06-20 22:53:05 Job executing on host: <128.105.69.3:9618?addrs=128.105.69.3-9618+[2607-f388-2200-100-7ec2-55ff-fe46-28f2]-9618&alias=gpu4002.chtc.wisc.edu&noUDP&sock=startd_11312_ab69>
	SlotName: slot1_2@gpu4002.chtc.wisc.edu
	AvailableGPUs = { GPUs_GPU_2e13e217 }
	CondorScratchDir = "/var/lib/condor/execute/slot1/dir_2710684/scratch"
	Cpus = 1
	Disk = 16777216
	GPUs = 1
	GPUs_GPU_2e13e217 = [ Id = "GPU-2e13e217"; Capability = 8.9; DeviceName = "NVIDIA L40"; DeviceUuid = "2e13e217-6059-f8d1-c6e6-c4cc399ca285"; ECCEnabled = true; NvidiaDriver = "570.195.03"; DriverVersion = 12.8; DevicePciBusId = "0000:53:00.0"; GlobalMemoryMb = 45468; MaxSupportedVersion = 12080 ]
	IoHeavy = 0
	Memory = 16384
...
040 (8017966.026.000) 2026-06-20 22:53:09 Started transferring output files
...
040 (8017966.026.000) 2026-06-20 22:53:10 Finished transferring output files
...
004 (8017966.026.000) 2026-06-20 22:53:10 Job was evicted.
	(0) Job terminated and was requeued
		Usr 0 00:00:02, Sys 0 00:00:00  -  Run Remote Usage
		Usr 0 00:00:00, Sys 0 00:00:00  -  Run Local Usage
	495236408  -  Run Bytes Sent By Job
	3279367466  -  Run Bytes Received By Job
	(1) Normal termination (return value 2)
	The job attribute OnExitRemove expression 'NumJobCompletions > JobMaxRetries || ExitCode =?= 0' evaluated to FALSE
...
040 (8017966.026.000) 2026-06-20 22:53:15 Started transferring input files
	Transferring to host: <128.105.69.3:9618?addrs=128.105.69.3-9618+[2607-f388-2200-100-7ec2-55ff-fe46-28f2]-9618&alias=gpu4002.chtc.wisc.edu&noUDP&sock=slot1_2_12744_0cff_3178>
...
040 (8017966.026.000) 2026-06-20 22:53:28 Finished transferring input files
...
001 (8017966.026.000) 2026-06-20 22:53:28 Job executing on host: <128.105.69.3:9618?addrs=128.105.69.3-9618+[2607-f388-2200-100-7ec2-55ff-fe46-28f2]-9618&alias=gpu4002.chtc.wisc.edu&noUDP&sock=startd_11312_ab69>
	SlotName: slot1_2@gpu4002.chtc.wisc.edu
	AvailableGPUs = { GPUs_GPU_2e13e217 }
	CondorScratchDir = "/var/lib/condor/execute/slot1/dir_2710894/scratch"
	Cpus = 1
	Disk = 16777216
	GPUs = 1
	GPUs_GPU_2e13e217 = [ Id = "GPU-2e13e217"; Capability = 8.9; DeviceName = "NVIDIA L40"; DeviceUuid = "2e13e217-6059-f8d1-c6e6-c4cc399ca285"; ECCEnabled = true; NvidiaDriver = "570.195.03"; DriverVersion = 12.8; DevicePciBusId = "0000:53:00.0"; GlobalMemoryMb = 45468; MaxSupportedVersion = 12080 ]
	IoHeavy = 0
	Memory = 16384
...
040 (8017966.026.000) 2026-06-20 22:53:31 Started transferring output files
...
040 (8017966.026.000) 2026-06-20 22:53:32 Finished transferring output files
...
004 (8017966.026.000) 2026-06-20 22:53:33 Job was evicted.
	(0) Job terminated and was requeued
		Usr 0 00:00:02, Sys 0 00:00:00  -  Run Remote Usage
		Usr 0 00:00:00, Sys 0 00:00:00  -  Run Local Usage
	495236408  -  Run Bytes Sent By Job
	3279367466  -  Run Bytes Received By Job
	(1) Normal termination (return value 2)
	The job attribute OnExitRemove expression 'NumJobCompletions > JobMaxRetries || ExitCode =?= 0' evaluated to FALSE
...
040 (8017966.026.000) 2026-06-20 22:53:38 Started transferring input files
	Transferring to host: <10.226.104.214:42093?CCBID=128.105.82.148:9618%3faddrs%3d128.105.82.148-9618+[2607-f388-2200-9d-7ccb-bc08-2489-768a]-9618%26alias%3dospool-ccb.osg.chtc.io%26noUDP%26sock%3dcollector7#4285286%2067.58.49.91:9618%3faddrs%3d67.58.49.91-9618+[fdf0-17b3-c3ec-1f79-10-0-e-b69d]-9618%26alias%3dccb-2.ospool.osg-htc.org%26noUDP%26sock%3dcollector1#4280724&PrivNet=gpu014.rci.montana.edu&addrs=10.226.104.214-42093&alias=gpu014.rci.montana.edu&noUDP>
...
040 (8017966.026.000) 2026-06-20 22:55:44 Finished transferring input files
...
021 (8017966.026.000) 2026-06-20 22:55:45 Message from starter on slot1_1@glidein_3595514_207792858@gpu014.rci.montana.edu:
	PREPARE_JOB (prepare-hook) succeeded (reported status 000): Using Singularity image openfe_1.11.1.sif
...
001 (8017966.026.000) 2026-06-20 22:55:45 Job executing on host: <10.226.104.214:45701?CCBID=128.105.82.148:9618%3faddrs%3d128.105.82.148-9618+[2607-f388-2200-9d-7ccb-bc08-2489-768a]-9618%26alias%3dospool-ccb.osg.chtc.io%26noUDP%26sock%3dcollector8#4198418%2067.58.49.91:9618%3faddrs%3d67.58.49.91-9618+[fdf0-17b3-c3ec-1f79-10-0-e-b69d]-9618%26alias%3dccb-2.ospool.osg-htc.org%26noUDP%26sock%3dcollector10#4191215&PrivNet=gpu014.rci.montana.edu&addrs=10.226.104.214-45701&alias=gpu014.rci.montana.edu&noUDP>
	SlotName: slot1_1@glidein_3595514_207792858@gpu014.rci.montana.edu
	AvailableGPUs = { GPUs_GPU_fcc9153c }
	CondorScratchDir = "/tmp/jobs/4082802/glide_tZ90TP/execute/dir_2331584/scratch"
	Cpus = 1
	Disk = 16777216
	GPUs = 1
	GPUs_GPU_fcc9153c = [ Id = "GPU-fcc9153c"; ClockMhz = 1410.0; Capability = 8.0; CoresPerCU = 64; DeviceName = "NVIDIA A100-SXM4-40GB"; DeviceUuid = "fcc9153c-1c2b-425b-fbc1-5bce398e0c5a"; ECCEnabled = true; ComputeUnits = 108; NvidiaDriver = "595.71.05"; DriverVersion = 13.2; DevicePciBusId = "0000:41:00.0"; GlobalMemoryMb = 40441; MaxSupportedVersion = 13020 ]
	Memory = 16384
...
040 (8017966.026.000) 2026-06-20 22:55:50 Started transferring output files
...
040 (8017966.026.000) 2026-06-20 22:56:07 Finished transferring output files
...
005 (8017966.026.000) 2026-06-20 22:56:08 Job terminated.
	(1) Normal termination (return value 2)
		Usr 0 00:00:00, Sys 0 00:00:00  -  Run Remote Usage
		Usr 0 00:00:00, Sys 0 00:00:00  -  Run Local Usage
		Usr 0 01:01:23, Sys 0 00:05:07  -  Total Remote Usage
		Usr 0 00:00:00, Sys 0 00:00:00  -  Total Local Usage
	495236436  -  Run Bytes Sent By Job
	3279367466  -  Run Bytes Received By Job
	5447620258  -  Total Bytes Sent By Job
	35577806196  -  Total Bytes Received By Job
	Partitionable Resources :      Usage  Request Allocated Assigned
	   Cpus                 :       0.20        1         1 
	   Disk (KB)            : 3202647    16777216  16777216 
	   GPUs                 :       0           1         1 "GPU-fcc9153c"
	   GpusMemory (MB)      :     523                       
	   Memory (MB)          :    7325       16384     16384 
	   TimeExecute (s)      :       5                       
	   TimeSlotBusy (s)     :     150                       
...
