000 (8017966.040.000) 2026-06-20 22:07:54 Job submitted from host: <128.105.68.112:9618?addrs=128.105.68.112-9618+[2607-f388-2200-100-eaeb-d3ff-fea3-4202]-9618&alias=ap2001.chtc.wisc.edu&noUDP&sock=schedd_4071840_2329>
...
040 (8017966.040.000) 2026-06-20 22:29:38 Started transferring input files
	Transferring to host: <128.105.69.60:9618?addrs=128.105.69.60-9618+[2607-f388-2200-100-527c-6fff-fe66-e7e2]-9618&alias=blengerichgpu4000.chtc.wisc.edu&noUDP&sock=backfill1_5_1843674_de95_94435>
...
040 (8017966.040.000) 2026-06-20 22:29:49 Finished transferring input files
...
001 (8017966.040.000) 2026-06-20 22:29:49 Job executing on host: <128.105.69.60:9618?addrs=128.105.69.60-9618+[2607-f388-2200-100-527c-6fff-fe66-e7e2]-9618&alias=blengerichgpu4000.chtc.wisc.edu&noUDP&sock=startd_11585_ecc4>
	SlotName: backfill1_5@blengerichgpu4000.chtc.wisc.edu
	AvailableGPUs = { GPUs_GPU_aba9f117 }
	CondorScratchDir = "/var/lib/condor/execute/slot1/dir_3226388/scratch"
	Cpus = 1
	Disk = 16777216
	GPUs = 1
	GPUs_GPU_aba9f117 = [ Id = "GPU-aba9f117"; Capability = 8.9; DeviceName = "NVIDIA L40S"; DeviceUuid = "aba9f117-f41d-a8b4-01b7-d31c0515b86c"; ECCEnabled = true; NvidiaDriver = "570.195.03"; DriverVersion = 12.8; DevicePciBusId = "0000:63:00.0"; GlobalMemoryMb = 45468; MaxSupportedVersion = 12080 ]
	IoHeavy = 0
	Memory = 16384
...
006 (8017966.040.000) 2026-06-20 22:29:57 Image size of job updated: 394696
	386  -  MemoryUsage of job (MB)
	394696  -  ResidentSetSize of job (KB)
...
006 (8017966.040.000) 2026-06-20 22:34:57 Image size of job updated: 1900860
	1750  -  MemoryUsage of job (MB)
	1791392  -  ResidentSetSize of job (KB)
...
006 (8017966.040.000) 2026-06-20 22:39:58 Image size of job updated: 2108876
	2060  -  MemoryUsage of job (MB)
	2108748  -  ResidentSetSize of job (KB)
...
006 (8017966.040.000) 2026-06-20 22:59:59 Image size of job updated: 2118304
	2069  -  MemoryUsage of job (MB)
	2118304  -  ResidentSetSize of job (KB)
...
006 (8017966.040.000) 2026-06-20 23:04:59 Image size of job updated: 2118848
	2070  -  MemoryUsage of job (MB)
	2118848  -  ResidentSetSize of job (KB)
...
006 (8017966.040.000) 2026-06-20 23:10:00 Image size of job updated: 2118888
	2070  -  MemoryUsage of job (MB)
	2118888  -  ResidentSetSize of job (KB)
...
006 (8017966.040.000) 2026-06-20 23:15:00 Image size of job updated: 2118904
	2070  -  MemoryUsage of job (MB)
	2118904  -  ResidentSetSize of job (KB)
...
006 (8017966.040.000) 2026-06-20 23:20:01 Image size of job updated: 2118916
	2070  -  MemoryUsage of job (MB)
	2118916  -  ResidentSetSize of job (KB)
...
006 (8017966.040.000) 2026-06-20 23:25:02 Image size of job updated: 2134936
	2085  -  MemoryUsage of job (MB)
	2134936  -  ResidentSetSize of job (KB)
...
006 (8017966.040.000) 2026-06-20 23:30:02 Image size of job updated: 2134940
	2085  -  MemoryUsage of job (MB)
	2134940  -  ResidentSetSize of job (KB)
...
006 (8017966.040.000) 2026-06-20 23:35:03 Image size of job updated: 2134948
	2085  -  MemoryUsage of job (MB)
	2134948  -  ResidentSetSize of job (KB)
...
006 (8017966.040.000) 2026-06-20 23:40:04 Image size of job updated: 2134952
	2085  -  MemoryUsage of job (MB)
	2134952  -  ResidentSetSize of job (KB)
...
006 (8017966.040.000) 2026-06-20 23:45:04 Image size of job updated: 2142964
	2093  -  MemoryUsage of job (MB)
	2142964  -  ResidentSetSize of job (KB)
...
006 (8017966.040.000) 2026-06-21 00:10:06 Image size of job updated: 2150972
	2101  -  MemoryUsage of job (MB)
	2150972  -  ResidentSetSize of job (KB)
...
006 (8017966.040.000) 2026-06-21 00:30:08 Image size of job updated: 2158976
	2109  -  MemoryUsage of job (MB)
	2158976  -  ResidentSetSize of job (KB)
...
040 (8017966.040.000) 2026-06-21 00:53:25 Started transferring output files
...
040 (8017966.040.000) 2026-06-21 00:53:25 Finished transferring output files
...
005 (8017966.040.000) 2026-06-21 00:53:25 Job terminated.
	(1) Normal termination (return value 0)
		Usr 0 02:28:01, Sys 0 00:32:11  -  Run Remote Usage
		Usr 0 00:00:00, Sys 0 00:00:00  -  Run Local Usage
		Usr 0 02:28:01, Sys 0 00:32:11  -  Total Remote Usage
		Usr 0 00:00:00, Sys 0 00:00:00  -  Total Local Usage
	11296360  -  Run Bytes Sent By Job
	2782685954  -  Run Bytes Received By Job
	11296360  -  Total Bytes Sent By Job
	2782685954  -  Total Bytes Received By Job
	Partitionable Resources :      Usage  Request Allocated Assigned
	   Cpus                 :       1.00        1         1 
	   Disk (KB)            : 2863777    16777216  16777216 
	   GPUs                 :       0.86        1         1 "GPU-aba9f117"
	   GpusMemory (MB)      :    7257                       
	   IoHeavy              :                             0 
	   Memory (MB)          :    2109       16384     16384 
	   TimeExecute (s)      :    8616                       
	   TimeSlotBusy (s)     :    8627                       
...
