000 (8017966.1010.000) 2026-06-20 22:07:54 Job submitted from host: <128.105.68.112:9618?addrs=128.105.68.112-9618+[2607-f388-2200-100-eaeb-d3ff-fea3-4202]-9618&alias=ap2001.chtc.wisc.edu&noUDP&sock=schedd_4071840_2329>
...
040 (8017966.1010.000) 2026-06-21 06:09:27 Started transferring input files
	Transferring to host: <128.105.68.23:9618?addrs=128.105.68.23-9618+[2607-f388-2200-100-3eec-efff-fe0c-50a0]-9618&alias=gpulab2004.chtc.wisc.edu&noUDP&sock=slot2_1_2216700_6e96_76676>
...
040 (8017966.1010.000) 2026-06-21 06:10:18 Finished transferring input files
...
001 (8017966.1010.000) 2026-06-21 06:10:18 Job executing on host: <128.105.68.23:9618?addrs=128.105.68.23-9618+[2607-f388-2200-100-3eec-efff-fe0c-50a0]-9618&alias=gpulab2004.chtc.wisc.edu&noUDP&sock=startd_10770_e715>
	SlotName: slot2_1@gpulab2004.chtc.wisc.edu
	AvailableGPUs = { GPUs_GPU_124d06a7 }
	CondorScratchDir = "/var/lib/condor/execute/slot2/dir_2354566/scratch"
	Cpus = 1
	Disk = 16777216
	GPUs = 1
	GPUs_GPU_124d06a7 = [ Id = "GPU-124d06a7"; Capability = 8.0; DeviceName = "NVIDIA A100-SXM4-40GB"; DeviceUuid = "124d06a7-6642-3962-9afa-c86c31b9a7e6"; ECCEnabled = true; NvidiaDriver = "570.195.03"; DriverVersion = 12.8; DevicePciBusId = "0000:01:00.0"; GlobalMemoryMb = 40442; MaxSupportedVersion = 12080 ]
	IoHeavy = 0
	Memory = 16384
...
006 (8017966.1010.000) 2026-06-21 06:10:27 Image size of job updated: 340720
	333  -  MemoryUsage of job (MB)
	340720  -  ResidentSetSize of job (KB)
...
006 (8017966.1010.000) 2026-06-21 06:15:27 Image size of job updated: 1687676
	1647  -  MemoryUsage of job (MB)
	1685944  -  ResidentSetSize of job (KB)
...
006 (8017966.1010.000) 2026-06-21 06:20:28 Image size of job updated: 1687676
	1647  -  MemoryUsage of job (MB)
	1686212  -  ResidentSetSize of job (KB)
...
006 (8017966.1010.000) 2026-06-21 06:45:30 Image size of job updated: 1689444
	1650  -  MemoryUsage of job (MB)
	1689444  -  ResidentSetSize of job (KB)
...
006 (8017966.1010.000) 2026-06-21 06:50:30 Image size of job updated: 1689480
	1650  -  MemoryUsage of job (MB)
	1689480  -  ResidentSetSize of job (KB)
...
006 (8017966.1010.000) 2026-06-21 06:55:31 Image size of job updated: 1689496
	1650  -  MemoryUsage of job (MB)
	1689480  -  ResidentSetSize of job (KB)
...
006 (8017966.1010.000) 2026-06-21 07:20:33 Image size of job updated: 1689496
	1650  -  MemoryUsage of job (MB)
	1689488  -  ResidentSetSize of job (KB)
...
006 (8017966.1010.000) 2026-06-21 07:25:33 Image size of job updated: 1689496
	1650  -  MemoryUsage of job (MB)
	1689496  -  ResidentSetSize of job (KB)
...
006 (8017966.1010.000) 2026-06-21 07:40:35 Image size of job updated: 1689500
	1650  -  MemoryUsage of job (MB)
	1689500  -  ResidentSetSize of job (KB)
...
006 (8017966.1010.000) 2026-06-21 07:50:36 Image size of job updated: 1690204
	1651  -  MemoryUsage of job (MB)
	1690204  -  ResidentSetSize of job (KB)
...
006 (8017966.1010.000) 2026-06-21 08:15:38 Image size of job updated: 1690212
	1651  -  MemoryUsage of job (MB)
	1690212  -  ResidentSetSize of job (KB)
...
006 (8017966.1010.000) 2026-06-21 08:20:39 Image size of job updated: 1691320
	1652  -  MemoryUsage of job (MB)
	1691320  -  ResidentSetSize of job (KB)
...
006 (8017966.1010.000) 2026-06-21 08:30:40 Image size of job updated: 1691328
	1652  -  MemoryUsage of job (MB)
	1691328  -  ResidentSetSize of job (KB)
...
006 (8017966.1010.000) 2026-06-21 08:35:40 Image size of job updated: 1691688
	1653  -  MemoryUsage of job (MB)
	1691688  -  ResidentSetSize of job (KB)
...
006 (8017966.1010.000) 2026-06-21 08:50:42 Image size of job updated: 1698300
	1659  -  MemoryUsage of job (MB)
	1698300  -  ResidentSetSize of job (KB)
...
006 (8017966.1010.000) 2026-06-21 09:10:44 Image size of job updated: 1698592
	1659  -  MemoryUsage of job (MB)
	1698592  -  ResidentSetSize of job (KB)
...
040 (8017966.1010.000) 2026-06-21 09:25:30 Started transferring output files
...
040 (8017966.1010.000) 2026-06-21 09:25:30 Finished transferring output files
...
005 (8017966.1010.000) 2026-06-21 09:25:31 Job terminated.
	(1) Normal termination (return value 0)
		Usr 0 03:18:15, Sys 0 00:59:59  -  Run Remote Usage
		Usr 0 00:00:00, Sys 0 00:00:00  -  Run Local Usage
		Usr 0 03:18:15, Sys 0 00:59:59  -  Total Remote Usage
		Usr 0 00:00:00, Sys 0 00:00:00  -  Total Local Usage
	10272428  -  Run Bytes Sent By Job
	2782487244  -  Run Bytes Received By Job
	10272428  -  Total Bytes Sent By Job
	2782487244  -  Total Bytes Received By Job
	Partitionable Resources :      Usage  Request Allocated Assigned
	   Cpus                 :       0.99        1         1 
	   Disk (KB)            : 2782012    16777216  16777216 
	   GPUs                 :       0           1         1 "GPU-124d06a7"
	   GpusMemory (MB)      :    6922                       
	   IoHeavy              :                             0 
	   Memory (MB)          :    1659       16384     16384 
	   TimeExecute (s)      :   11712                       
	   TimeSlotBusy (s)     :   11763                       
...
