000 (8017966.052.000) 2026-06-20 22:07:54 Job submitted from host: <128.105.68.112:9618?addrs=128.105.68.112-9618+[2607-f388-2200-100-eaeb-d3ff-fea3-4202]-9618&alias=ap2001.chtc.wisc.edu&noUDP&sock=schedd_4071840_2329>
...
040 (8017966.052.000) 2026-06-20 22:37:58 Started transferring input files
	Transferring to host: <172.17.0.4:35113?CCBID=128.105.82.148:9618%3faddrs%3d128.105.82.148-9618+[2607-f388-2200-9d-7ccb-bc08-2489-768a]-9618%26alias%3dospool-ccb.osg.chtc.io%26noUDP%26sock%3dcollector6#4098462%2067.58.49.91:9618%3faddrs%3d67.58.49.91-9618+[fdf0-17b3-c3ec-1f79-10-0-e-b69d]-9618%26alias%3dccb-2.ospool.osg-htc.org%26noUDP%26sock%3dcollector6#4092513&PrivNet=Colgate-CCARE-EP.3dd51df4d4e0&addrs=172.17.0.4-35113&alias=Colgate-CCARE-EP.3dd51df4d4e0&noUDP&sock=slot1_3_4286_9fe7_5848>
...
040 (8017966.052.000) 2026-06-20 22:38:30 Finished transferring input files
...
021 (8017966.052.000) 2026-06-20 22:38:30 Message from starter on slot1_3@Colgate-CCARE-EP.3dd51df4d4e0:
	PREPARE_JOB (prepare-hook) succeeded (reported status 000): Using Singularity image openfe_1.11.1.sif
...
001 (8017966.052.000) 2026-06-20 22:38:30 Job executing on host: <172.17.0.4:35113?CCBID=128.105.82.148:9618%3faddrs%3d128.105.82.148-9618+[2607-f388-2200-9d-7ccb-bc08-2489-768a]-9618%26alias%3dospool-ccb.osg.chtc.io%26noUDP%26sock%3dcollector6#4098462%2067.58.49.91:9618%3faddrs%3d67.58.49.91-9618+[fdf0-17b3-c3ec-1f79-10-0-e-b69d]-9618%26alias%3dccb-2.ospool.osg-htc.org%26noUDP%26sock%3dcollector6#4092513&PrivNet=Colgate-CCARE-EP.3dd51df4d4e0&addrs=172.17.0.4-35113&alias=Colgate-CCARE-EP.3dd51df4d4e0&noUDP&sock=startd_4279_9dd7>
	SlotName: slot1_3@Colgate-CCARE-EP.3dd51df4d4e0
	AvailableGPUs = { GPUs_GPU_c6074c74 }
	CondorScratchDir = "/pilot/osgvo-pilot-WPz1dj/execute/dir_3290965"
	Cpus = 1
	Disk = 16778446
	GPUs = 1
	GPUs_GPU_c6074c74 = [ Id = "GPU-c6074c74"; Capability = 9.0; DeviceName = "NVIDIA H100 80GB HBM3"; DeviceUuid = "c6074c74-3099-9317-e298-03f0c2ad482a"; ECCEnabled = true; NvidiaDriver = "560.35.03"; DriverVersion = 12.6; DevicePciBusId = "0000:CB:00.0"; GlobalMemoryMb = 81110; MaxSupportedVersion = 12060 ]
	Memory = 16384
...
006 (8017966.052.000) 2026-06-20 22:38:39 Image size of job updated: 2774304
	111  -  MemoryUsage of job (MB)
	113292  -  ResidentSetSize of job (KB)
...
006 (8017966.052.000) 2026-06-20 22:43:39 Image size of job updated: 41453592
	3293  -  MemoryUsage of job (MB)
	3371816  -  ResidentSetSize of job (KB)
...
006 (8017966.052.000) 2026-06-20 22:48:40 Image size of job updated: 41519128
	3293  -  MemoryUsage of job (MB)
	3371816  -  ResidentSetSize of job (KB)
...
006 (8017966.052.000) 2026-06-20 23:13:42 Image size of job updated: 41535176
	3309  -  MemoryUsage of job (MB)
	3387472  -  ResidentSetSize of job (KB)
...
006 (8017966.052.000) 2026-06-20 23:18:43 Image size of job updated: 41535176
	3312  -  MemoryUsage of job (MB)
	3390928  -  ResidentSetSize of job (KB)
...
006 (8017966.052.000) 2026-06-21 00:03:46 Image size of job updated: 41535176
	3313  -  MemoryUsage of job (MB)
	3392080  -  ResidentSetSize of job (KB)
...
006 (8017966.052.000) 2026-06-21 00:08:46 Image size of job updated: 41539180
	3317  -  MemoryUsage of job (MB)
	3396112  -  ResidentSetSize of job (KB)
...
006 (8017966.052.000) 2026-06-21 00:38:48 Image size of job updated: 41551196
	3329  -  MemoryUsage of job (MB)
	3408136  -  ResidentSetSize of job (KB)
...
006 (8017966.052.000) 2026-06-21 01:03:50 Image size of job updated: 41559204
	3329  -  MemoryUsage of job (MB)
	3408136  -  ResidentSetSize of job (KB)
...
040 (8017966.052.000) 2026-06-21 01:34:33 Started transferring output files
...
040 (8017966.052.000) 2026-06-21 01:34:34 Finished transferring output files
...
005 (8017966.052.000) 2026-06-21 01:34:34 Job terminated.
	(1) Normal termination (return value 0)
		Usr 0 02:57:24, Sys 0 00:13:23  -  Run Remote Usage
		Usr 0 00:00:00, Sys 0 00:00:00  -  Run Local Usage
		Usr 0 02:57:24, Sys 0 00:13:23  -  Total Remote Usage
		Usr 0 00:00:00, Sys 0 00:00:00  -  Total Local Usage
	9838162  -  Run Bytes Sent By Job
	2782687740  -  Run Bytes Received By Job
	9838162  -  Total Bytes Sent By Job
	2782687740  -  Total Bytes Received By Job
	Partitionable Resources :      Usage  Request Allocated Assigned
	   Cpus                 :       1.00        1         1 
	   Disk (KB)            : 2797051    16777216  16778446 
	   GPUs                 :       0.03        1         1 "GPU-c6074c74"
	   GpusMemory (MB)      :    8481                       
	   Memory (MB)          :    3329       16384     16384 
	   TimeExecute (s)      :   10563                       
	   TimeSlotBusy (s)     :   10596                       
...
