000 (8180963.357.000) 2026-06-24 12:19:47 Job submitted from host: <128.105.68.112:9618?addrs=128.105.68.112-9618+[2607-f388-2200-100-eaeb-d3ff-fea3-4202]-9618&alias=ap2001.chtc.wisc.edu&noUDP&sock=schedd_4071840_2329>
...
040 (8180963.357.000) 2026-06-25 01:37:34 Started transferring input files
	Transferring to host: <128.105.76.49:9618?addrs=128.105.76.49-9618+[2607-f388-2200-100-925a-8ff-fe34-145a]-9618&alias=dbrundagegpu5000.chtc.wisc.edu&noUDP&sock=backfill1_2_11993_e741_7118>
...
040 (8180963.357.000) 2026-06-25 01:40:00 Finished transferring input files
...
001 (8180963.357.000) 2026-06-25 01:40:00 Job executing on host: <128.105.76.49:9618?addrs=128.105.76.49-9618+[2607-f388-2200-100-925a-8ff-fe34-145a]-9618&alias=dbrundagegpu5000.chtc.wisc.edu&noUDP&sock=startd_11574_613a>
	SlotName: backfill1_2@dbrundagegpu5000.chtc.wisc.edu
	AvailableGPUs = { GPUs_GPU_4492b770 }
	CondorScratchDir = "/var/lib/condor/execute/slot1/dir_1481191/scratch"
	Cpus = 1
	Disk = 16777216
	GPUs = 1
	GPUs_GPU_4492b770 = [ Id = "GPU-4492b770"; Capability = 8.9; DeviceName = "NVIDIA L40S"; DeviceUuid = "4492b770-c65d-cba3-201b-daa72edfb5b7"; ECCEnabled = true; NvidiaDriver = "590.48.01"; DriverVersion = 13.1; DevicePciBusId = "0000:C1:00.0"; GlobalMemoryMb = 45460; MaxSupportedVersion = 13010 ]
	IoHeavy = 0
	Memory = 16384
...
006 (8180963.357.000) 2026-06-25 01:40:09 Image size of job updated: 500428
	489  -  MemoryUsage of job (MB)
	500428  -  ResidentSetSize of job (KB)
...
006 (8180963.357.000) 2026-06-25 01:45:10 Image size of job updated: 1038720
	1014  -  MemoryUsage of job (MB)
	1037504  -  ResidentSetSize of job (KB)
...
006 (8180963.357.000) 2026-06-25 01:50:10 Image size of job updated: 1038720
	1014  -  MemoryUsage of job (MB)
	1037924  -  ResidentSetSize of job (KB)
...
006 (8180963.357.000) 2026-06-25 01:55:12 Image size of job updated: 1042252
	1018  -  MemoryUsage of job (MB)
	1042252  -  ResidentSetSize of job (KB)
...
006 (8180963.357.000) 2026-06-25 02:00:12 Image size of job updated: 1045872
	1022  -  MemoryUsage of job (MB)
	1045872  -  ResidentSetSize of job (KB)
...
006 (8180963.357.000) 2026-06-25 02:05:12 Image size of job updated: 1052696
	1029  -  MemoryUsage of job (MB)
	1052696  -  ResidentSetSize of job (KB)
...
006 (8180963.357.000) 2026-06-25 02:10:13 Image size of job updated: 1068100
	1044  -  MemoryUsage of job (MB)
	1068100  -  ResidentSetSize of job (KB)
...
006 (8180963.357.000) 2026-06-25 02:15:13 Image size of job updated: 1081280
	1056  -  MemoryUsage of job (MB)
	1081280  -  ResidentSetSize of job (KB)
...
006 (8180963.357.000) 2026-06-25 02:20:14 Image size of job updated: 1088088
	1063  -  MemoryUsage of job (MB)
	1088088  -  ResidentSetSize of job (KB)
...
006 (8180963.357.000) 2026-06-25 02:25:14 Image size of job updated: 1092088
	1067  -  MemoryUsage of job (MB)
	1092088  -  ResidentSetSize of job (KB)
...
006 (8180963.357.000) 2026-06-25 02:30:15 Image size of job updated: 1094916
	1067  -  MemoryUsage of job (MB)
	1092088  -  ResidentSetSize of job (KB)
...
040 (8180963.357.000) 2026-06-25 02:32:00 Started transferring output files
...
040 (8180963.357.000) 2026-06-25 02:32:00 Finished transferring output files
...
005 (8180963.357.000) 2026-06-25 02:32:01 Job terminated.
	(1) Normal termination (return value 0)
		Usr 0 00:51:30, Sys 0 02:13:51  -  Run Remote Usage
		Usr 0 00:00:00, Sys 0 00:00:00  -  Run Local Usage
		Usr 0 00:51:30, Sys 0 02:13:51  -  Total Remote Usage
		Usr 0 00:00:00, Sys 0 00:00:00  -  Total Local Usage
	1620985  -  Run Bytes Sent By Job
	2719874799  -  Run Bytes Received By Job
	1620985  -  Total Bytes Sent By Job
	2719874799  -  Total Bytes Received By Job
	Partitionable Resources :      Usage  Request Allocated Assigned
	   Cpus                 :       3.87        1         1 
	   Disk (KB)            : 2731864    16777216  16777216 
	   GPUs                 :       0.85        1         1 "GPU-4492b770"
	   GpusMemory (MB)      :    7496                       
	   IoHeavy              :                             0 
	   Memory (MB)          :    1067       16384     16384 
	   TimeExecute (s)      :    3120                       
	   TimeSlotBusy (s)     :    3267                       
...
