000 (8180963.227.000) 2026-06-24 12:19:47 Job submitted from host: <128.105.68.112:9618?addrs=128.105.68.112-9618+[2607-f388-2200-100-eaeb-d3ff-fea3-4202]-9618&alias=ap2001.chtc.wisc.edu&noUDP&sock=schedd_4071840_2329>
...
040 (8180963.227.000) 2026-06-24 18:04:11 Started transferring input files
	Transferring to host: <128.104.100.17:9618?addrs=128.104.100.17-9618+[2607-f388-107c-501-527c-6fff-fe66-e9bc]-9618&alias=jcaicedogpu0002.chtc.wisc.edu&noUDP&sock=backfill1_5_2855957_d182_101958>
...
040 (8180963.227.000) 2026-06-24 18:04:26 Finished transferring input files
...
001 (8180963.227.000) 2026-06-24 18:04:26 Job executing on host: <128.104.100.17:9618?addrs=128.104.100.17-9618+[2607-f388-107c-501-527c-6fff-fe66-e9bc]-9618&alias=jcaicedogpu0002.chtc.wisc.edu&noUDP&sock=startd_11788_2a7e>
	SlotName: backfill1_5@jcaicedogpu0002.chtc.wisc.edu
	AvailableGPUs = { GPUs_GPU_08a5b939 }
	CondorScratchDir = "/var/lib/condor/execute/slot1/dir_2492022/scratch"
	Cpus = 1
	Disk = 16777216
	GPUs = 1
	GPUs_GPU_08a5b939 = [ Id = "GPU-08a5b939"; Capability = 8.9; DeviceName = "NVIDIA L40S"; DeviceUuid = "08a5b939-655e-40a7-6b01-cda6523b41b0"; ECCEnabled = true; NvidiaDriver = "570.195.03"; DriverVersion = 12.8; DevicePciBusId = "0000:63:00.0"; GlobalMemoryMb = 45468; MaxSupportedVersion = 12080 ]
	IoHeavy = 0
	Memory = 16384
...
006 (8180963.227.000) 2026-06-24 18:04:35 Image size of job updated: 406228
	397  -  MemoryUsage of job (MB)
	406228  -  ResidentSetSize of job (KB)
...
006 (8180963.227.000) 2026-06-24 18:09:35 Image size of job updated: 1664140
	1624  -  MemoryUsage of job (MB)
	1662332  -  ResidentSetSize of job (KB)
...
006 (8180963.227.000) 2026-06-24 18:14:36 Image size of job updated: 1664140
	1624  -  MemoryUsage of job (MB)
	1662492  -  ResidentSetSize of job (KB)
...
006 (8180963.227.000) 2026-06-24 18:29:37 Image size of job updated: 1665940
	1627  -  MemoryUsage of job (MB)
	1665940  -  ResidentSetSize of job (KB)
...
006 (8180963.227.000) 2026-06-24 18:34:37 Image size of job updated: 1665964
	1627  -  MemoryUsage of job (MB)
	1665964  -  ResidentSetSize of job (KB)
...
006 (8180963.227.000) 2026-06-24 18:39:38 Image size of job updated: 1665968
	1627  -  MemoryUsage of job (MB)
	1665968  -  ResidentSetSize of job (KB)
...
006 (8180963.227.000) 2026-06-24 18:49:39 Image size of job updated: 1666004
	1627  -  MemoryUsage of job (MB)
	1666004  -  ResidentSetSize of job (KB)
...
006 (8180963.227.000) 2026-06-24 18:54:40 Image size of job updated: 1666008
	1627  -  MemoryUsage of job (MB)
	1666008  -  ResidentSetSize of job (KB)
...
006 (8180963.227.000) 2026-06-24 19:09:41 Image size of job updated: 1666016
	1627  -  MemoryUsage of job (MB)
	1666016  -  ResidentSetSize of job (KB)
...
006 (8180963.227.000) 2026-06-24 19:19:42 Image size of job updated: 1666020
	1627  -  MemoryUsage of job (MB)
	1666020  -  ResidentSetSize of job (KB)
...
006 (8180963.227.000) 2026-06-24 19:24:43 Image size of job updated: 1666024
	1627  -  MemoryUsage of job (MB)
	1666024  -  ResidentSetSize of job (KB)
...
006 (8180963.227.000) 2026-06-24 19:29:43 Image size of job updated: 1667428
	1629  -  MemoryUsage of job (MB)
	1667428  -  ResidentSetSize of job (KB)
...
006 (8180963.227.000) 2026-06-24 19:49:45 Image size of job updated: 1674040
	1635  -  MemoryUsage of job (MB)
	1674040  -  ResidentSetSize of job (KB)
...
040 (8180963.227.000) 2026-06-24 20:13:46 Started transferring output files
...
040 (8180963.227.000) 2026-06-24 20:13:46 Finished transferring output files
...
005 (8180963.227.000) 2026-06-24 20:13:47 Job terminated.
	(1) Normal termination (return value 0)
		Usr 0 02:11:12, Sys 0 00:28:02  -  Run Remote Usage
		Usr 0 00:00:00, Sys 0 00:00:00  -  Run Local Usage
		Usr 0 02:11:12, Sys 0 00:28:02  -  Total Remote Usage
		Usr 0 00:00:00, Sys 0 00:00:00  -  Total Local Usage
	4429987  -  Run Bytes Sent By Job
	2782486384  -  Run Bytes Received By Job
	4429987  -  Total Bytes Sent By Job
	2782486384  -  Total Bytes Received By Job
	Partitionable Resources :      Usage  Request Allocated Assigned
	   Cpus                 :       1.00        1         1 
	   Disk (KB)            : 2789476    16777216  16777216 
	   GPUs                 :       0.85        1         1 "GPU-08a5b939"
	   GpusMemory (MB)      :    7160                       
	   IoHeavy              :                             0 
	   Memory (MB)          :    1635       16384     16384 
	   TimeExecute (s)      :    7760                       
	   TimeSlotBusy (s)     :    7775                       
...
