000 (8180963.270.000) 2026-06-24 12:19:47 Job submitted from host: <128.105.68.112:9618?addrs=128.105.68.112-9618+[2607-f388-2200-100-eaeb-d3ff-fea3-4202]-9618&alias=ap2001.chtc.wisc.edu&noUDP&sock=schedd_4071840_2329>
...
040 (8180963.270.000) 2026-06-24 22:20:11 Started transferring input files
	Transferring to host: <128.104.103.104:9618?addrs=128.104.103.104-9618+[2607-f388-107c-501-ae1f-6bff-fe40-ce2e]-9618&alias=gitter0000.chtc.wisc.edu&noUDP&sock=slot2_4_8979_4486_17712>
...
040 (8180963.270.000) 2026-06-24 22:20:42 Finished transferring input files
...
001 (8180963.270.000) 2026-06-24 22:20:43 Job executing on host: <128.104.103.104:9618?addrs=128.104.103.104-9618+[2607-f388-107c-501-ae1f-6bff-fe40-ce2e]-9618&alias=gitter0000.chtc.wisc.edu&noUDP&sock=startd_8665_0c39>
	SlotName: slot2_4@gitter0000.chtc.wisc.edu
	AvailableGPUs = { GPUs_GPU_eb8665c4 }
	CondorScratchDir = "/var/lib/condor/execute/slot2/dir_3264437/scratch"
	Cpus = 1
	Disk = 16777216
	GPUs = 1
	GPUs_GPU_eb8665c4 = [ Id = "GPU-eb8665c4"; Capability = 6.1; DeviceName = "NVIDIA GeForce GTX 1080 Ti"; DeviceUuid = "eb8665c4-91be-2542-059c-afd7b593dbf0"; ECCEnabled = false; NvidiaDriver = "570.195.03"; DriverVersion = 12.8; DevicePciBusId = "0000:AF:00.0"; GlobalMemoryMb = 11165; MaxSupportedVersion = 12080 ]
	IoHeavy = 0
	Memory = 16384
...
006 (8180963.270.000) 2026-06-24 22:20:51 Image size of job updated: 258556
	253  -  MemoryUsage of job (MB)
	258556  -  ResidentSetSize of job (KB)
...
006 (8180963.270.000) 2026-06-24 22:22:30 Image size of job updated: 863944
	253  -  MemoryUsage of job (MB)
	259056  -  ResidentSetSize of job (KB)
...
040 (8180963.270.000) 2026-06-24 22:22:30 Started transferring output files
...
040 (8180963.270.000) 2026-06-24 22:22:30 Finished transferring output files
...
004 (8180963.270.000) 2026-06-24 22:22:30 Job was evicted.
	(0) Job terminated and was requeued
		Usr 0 00:01:33, Sys 0 00:00:13  -  Run Remote Usage
		Usr 0 00:00:00, Sys 0 00:00:00  -  Run Local Usage
	35994  -  Run Bytes Sent By Job
	2781817454  -  Run Bytes Received By Job
	(1) Normal termination (return value 1)
	The job attribute OnExitRemove expression 'NumJobCompletions > JobMaxRetries || ExitCode =?= 0' evaluated to FALSE
...
040 (8180963.270.000) 2026-06-24 22:22:53 Started transferring input files
	Transferring to host: <128.104.103.104:9618?addrs=128.104.103.104-9618+[2607-f388-107c-501-ae1f-6bff-fe40-ce2e]-9618&alias=gitter0000.chtc.wisc.edu&noUDP&sock=slot2_4_8979_4486_17727>
...
040 (8180963.270.000) 2026-06-24 22:23:51 Finished transferring input files
...
001 (8180963.270.000) 2026-06-24 22:23:51 Job executing on host: <128.104.103.104:9618?addrs=128.104.103.104-9618+[2607-f388-107c-501-ae1f-6bff-fe40-ce2e]-9618&alias=gitter0000.chtc.wisc.edu&noUDP&sock=startd_8665_0c39>
	SlotName: slot2_4@gitter0000.chtc.wisc.edu
	AvailableGPUs = { GPUs_GPU_eb8665c4 }
	CondorScratchDir = "/var/lib/condor/execute/slot2/dir_3268363/scratch"
	Cpus = 1
	Disk = 16777216
	GPUs = 1
	GPUs_GPU_eb8665c4 = [ Id = "GPU-eb8665c4"; Capability = 6.1; DeviceName = "NVIDIA GeForce GTX 1080 Ti"; DeviceUuid = "eb8665c4-91be-2542-059c-afd7b593dbf0"; ECCEnabled = false; NvidiaDriver = "570.195.03"; DriverVersion = 12.8; DevicePciBusId = "0000:AF:00.0"; GlobalMemoryMb = 11165; MaxSupportedVersion = 12080 ]
	IoHeavy = 0
	Memory = 16384
...
006 (8180963.270.000) 2026-06-24 22:24:00 Image size of job updated: 1000000
	289  -  MemoryUsage of job (MB)
	295256  -  ResidentSetSize of job (KB)
...
006 (8180963.270.000) 2026-06-24 22:25:33 Image size of job updated: 1000000
	289  -  MemoryUsage of job (MB)
	295304  -  ResidentSetSize of job (KB)
...
040 (8180963.270.000) 2026-06-24 22:25:33 Started transferring output files
...
040 (8180963.270.000) 2026-06-24 22:25:33 Finished transferring output files
...
004 (8180963.270.000) 2026-06-24 22:25:34 Job was evicted.
	(0) Job terminated and was requeued
		Usr 0 00:01:29, Sys 0 00:00:13  -  Run Remote Usage
		Usr 0 00:00:00, Sys 0 00:00:00  -  Run Local Usage
	35996  -  Run Bytes Sent By Job
	2781817454  -  Run Bytes Received By Job
	(1) Normal termination (return value 1)
	The job attribute OnExitRemove expression 'NumJobCompletions > JobMaxRetries || ExitCode =?= 0' evaluated to FALSE
...
040 (8180963.270.000) 2026-06-24 22:26:47 Started transferring input files
	Transferring to host: <10.1.1.134:45641?CCBID=128.105.82.148:9618%3faddrs%3d128.105.82.148-9618+[2607-f388-2200-9d-7ccb-bc08-2489-7689]-9618%26alias%3dospool-ccb.osg.chtc.io%26noUDP%26sock%3dcollector3#4781461%2067.58.49.91:9618%3faddrs%3d67.58.49.91-9618+[fdf0-17b3-c3ec-1f79-10-0-d-2091]-9618%26alias%3dccb-2.ospool.osg-htc.org%26noUDP%26sock%3dcollector5#4774076&PrivNet=gpu04&addrs=10.1.1.134-45641&alias=gpu04&noUDP>
...
040 (8180963.270.000) 2026-06-24 22:32:20 Finished transferring input files
...
021 (8180963.270.000) 2026-06-24 22:32:21 Message from starter on slot1_1@glidein_3687218_896340121@gpu04:
	PREPARE_JOB (prepare-hook) succeeded (reported status 000): Using Singularity image openfe_1.11.1.sif
...
001 (8180963.270.000) 2026-06-24 22:32:21 Job executing on host: <10.1.1.134:33865?CCBID=128.105.82.148:9618%3faddrs%3d128.105.82.148-9618+[2607-f388-2200-9d-7ccb-bc08-2489-7689]-9618%26alias%3dospool-ccb.osg.chtc.io%26noUDP%26sock%3dcollector3#4757245%2067.58.49.91:9618%3faddrs%3d67.58.49.91-9618+[fdf0-17b3-c3ec-1f79-10-0-d-2091]-9618%26alias%3dccb-2.ospool.osg-htc.org%26noUDP%26sock%3dcollector3#4745905&PrivNet=gpu04&addrs=10.1.1.134-33865&alias=gpu04&noUDP>
	SlotName: slot1_1@glidein_3687218_896340121@gpu04
	AvailableGPUs = { GPUs_GPU_f2f616f0 }
	CondorScratchDir = "/tmp/glide_ljkirU/execute/dir_3832600/scratch"
	Cpus = 1
	Disk = 16777216
	GPUs = 1
	GPUs_GPU_f2f616f0 = [ Id = "GPU-f2f616f0"; ClockMhz = 1740.0; Capability = 8.6; CoresPerCU = 128; DeviceName = "NVIDIA A40"; DeviceUuid = "f2f616f0-ccba-c9ae-e061-d24d67b79f97"; ECCEnabled = true; ComputeUnits = 84; NvidiaDriver = "595.71.05"; DriverVersion = 13.2; DevicePciBusId = "0000:01:00.0"; GlobalMemoryMb = 45739; MaxSupportedVersion = 13020 ]
	Memory = 16384
...
006 (8180963.270.000) 2026-06-24 22:33:52 Image size of job updated: 31305552
	2102  -  MemoryUsage of job (MB)
	2151632  -  ResidentSetSize of job (KB)
...
040 (8180963.270.000) 2026-06-24 22:33:53 Started transferring output files
...
040 (8180963.270.000) 2026-06-24 22:33:53 Finished transferring output files
...
004 (8180963.270.000) 2026-06-24 22:33:54 Job was evicted.
	(0) Job terminated and was requeued
		Usr 0 00:01:13, Sys 0 00:00:10  -  Run Remote Usage
		Usr 0 00:00:00, Sys 0 00:00:00  -  Run Local Usage
	28852  -  Run Bytes Sent By Job
	2781817454  -  Run Bytes Received By Job
	(1) Normal termination (return value 1)
	The job attribute OnExitRemove expression 'NumJobCompletions > JobMaxRetries || ExitCode =?= 0' evaluated to FALSE
...
040 (8180963.270.000) 2026-06-24 22:34:06 Started transferring input files
	Transferring to host: <128.105.76.52:9618?addrs=128.105.76.52-9618+[2607-f388-2200-100-b65c-b5ff-fe81-e53e]-9618&alias=dbrundage-chtcgpu5000.chtc.wisc.edu&noUDP&sock=backfill1_4_11313_c825_24481>
...
040 (8180963.270.000) 2026-06-24 22:34:40 Finished transferring input files
...
001 (8180963.270.000) 2026-06-24 22:34:40 Job executing on host: <128.105.76.52:9618?addrs=128.105.76.52-9618+[2607-f388-2200-100-b65c-b5ff-fe81-e53e]-9618&alias=dbrundage-chtcgpu5000.chtc.wisc.edu&noUDP&sock=startd_10956_7bb2>
	SlotName: backfill1_4@dbrundage-chtcgpu5000.chtc.wisc.edu
	AvailableGPUs = { GPUs_GPU_89711c58 }
	CondorScratchDir = "/var/lib/condor/execute/slot1/dir_3165013/scratch"
	Cpus = 1
	Disk = 16777216
	GPUs = 1
	GPUs_GPU_89711c58 = [ Id = "GPU-89711c58"; Capability = 9.0; DeviceName = "NVIDIA H200"; DeviceUuid = "89711c58-2491-4da3-66bc-205872c162a4"; ECCEnabled = true; NvidiaDriver = "590.48.01"; DriverVersion = 13.1; DevicePciBusId = "0000:3B:00.0"; GlobalMemoryMb = 143158; MaxSupportedVersion = 13010 ]
	IoHeavy = 0
	Memory = 16384
...
040 (8180963.270.000) 2026-06-24 22:35:57 Started transferring output files
...
040 (8180963.270.000) 2026-06-24 22:35:57 Finished transferring output files
...
004 (8180963.270.000) 2026-06-24 22:35:57 Job was evicted.
	(0) Job terminated and was requeued
		Usr 0 00:00:58, Sys 0 00:00:28  -  Run Remote Usage
		Usr 0 00:00:00, Sys 0 00:00:00  -  Run Local Usage
	36117  -  Run Bytes Sent By Job
	2781817454  -  Run Bytes Received By Job
	(1) Normal termination (return value 1)
	The job attribute OnExitRemove expression 'NumJobCompletions > JobMaxRetries || ExitCode =?= 0' evaluated to FALSE
...
040 (8180963.270.000) 2026-06-24 22:36:14 Started transferring input files
	Transferring to host: <10.32.89.45:46411?CCBID=128.105.82.148:9618%3faddrs%3d128.105.82.148-9618+[2607-f388-2200-9d-7ccb-bc08-2489-7689]-9618%26alias%3dospool-ccb.osg.chtc.io%26noUDP%26sock%3dcollector6#4781392%2067.58.49.91:9618%3faddrs%3d67.58.49.91-9618+[fdf0-17b3-c3ec-1f79-10-0-d-2091]-9618%26alias%3dccb-2.ospool.osg-htc.org%26noUDP%26sock%3dcollector4#4769013&PrivNet=qa-rtx6k-036.crc.nd.edu&addrs=10.32.89.45-46411&alias=qa-rtx6k-036.crc.nd.edu&noUDP>
...
040 (8180963.270.000) 2026-06-24 22:38:48 Finished transferring input files
...
021 (8180963.270.000) 2026-06-24 22:38:49 Message from starter on slot1_1@glidein_1372746_22069148@qa-rtx6k-036.crc.nd.edu:
	PREPARE_JOB (prepare-hook) succeeded (reported status 000): Using Singularity image openfe_1.11.1.sif
...
001 (8180963.270.000) 2026-06-24 22:38:49 Job executing on host: <10.32.89.45:45339?CCBID=128.105.82.148:9618%3faddrs%3d128.105.82.148-9618+[2607-f388-2200-9d-7ccb-bc08-2489-7689]-9618%26alias%3dospool-ccb.osg.chtc.io%26noUDP%26sock%3dcollector6#4723535%2067.58.49.91:9618%3faddrs%3d67.58.49.91-9618+[fdf0-17b3-c3ec-1f79-10-0-d-2091]-9618%26alias%3dccb-2.ospool.osg-htc.org%26noUDP%26sock%3dcollector6#4715995&PrivNet=qa-rtx6k-036.crc.nd.edu&addrs=10.32.89.45-45339&alias=qa-rtx6k-036.crc.nd.edu&noUDP>
	SlotName: slot1_1@glidein_1372746_22069148@qa-rtx6k-036.crc.nd.edu
	AvailableGPUs = { GPUs_GPU_820caa14 }
	CondorScratchDir = "/var/condor/execute/dir_1372744/glide_TFoPP1/execute/dir_1857150/scratch"
	Cpus = 1
	Disk = 16777216
	GPUs = 1
	GPUs_GPU_820caa14 = [ Id = "GPU-820caa14"; ClockMhz = 1620.0; Capability = 7.5; CoresPerCU = 64; DeviceName = "Quadro RTX 6000"; DeviceUuid = "820caa14-e2be-bc5f-e9f5-21d3f16e9b1e"; ECCEnabled = true; ComputeUnits = 72; NvidiaDriver = "595.71.05"; DriverVersion = 13.2; DevicePciBusId = "0000:06:00.0"; GlobalMemoryMb = 22684; MaxSupportedVersion = 13020 ]
	Memory = 16384
...
040 (8180963.270.000) 2026-06-24 22:40:28 Started transferring output files
...
040 (8180963.270.000) 2026-06-24 22:40:28 Finished transferring output files
...
004 (8180963.270.000) 2026-06-24 22:40:28 Job was evicted.
	(0) Job terminated and was requeued
		Usr 0 00:01:12, Sys 0 00:00:09  -  Run Remote Usage
		Usr 0 00:00:00, Sys 0 00:00:00  -  Run Local Usage
	28814  -  Run Bytes Sent By Job
	2781817454  -  Run Bytes Received By Job
	(1) Normal termination (return value 1)
	The job attribute OnExitRemove expression 'NumJobCompletions > JobMaxRetries || ExitCode =?= 0' evaluated to FALSE
...
040 (8180963.270.000) 2026-06-24 22:41:38 Started transferring input files
	Transferring to host: <128.105.76.52:9618?addrs=128.105.76.52-9618+[2607-f388-2200-100-b65c-b5ff-fe81-e53e]-9618&alias=dbrundage-chtcgpu5000.chtc.wisc.edu&noUDP&sock=backfill1_3_11313_c825_24490>
...
040 (8180963.270.000) 2026-06-24 22:41:50 Finished transferring input files
...
001 (8180963.270.000) 2026-06-24 22:41:50 Job executing on host: <128.105.76.52:9618?addrs=128.105.76.52-9618+[2607-f388-2200-100-b65c-b5ff-fe81-e53e]-9618&alias=dbrundage-chtcgpu5000.chtc.wisc.edu&noUDP&sock=startd_10956_7bb2>
	SlotName: backfill1_3@dbrundage-chtcgpu5000.chtc.wisc.edu
	AvailableGPUs = { GPUs_GPU_51d5c720 }
	CondorScratchDir = "/var/lib/condor/execute/slot1/dir_3211553/scratch"
	Cpus = 1
	Disk = 16777216
	GPUs = 1
	GPUs_GPU_51d5c720 = [ Id = "GPU-51d5c720"; Capability = 9.0; DeviceName = "NVIDIA H200"; DeviceUuid = "51d5c720-5fa1-f041-4e6a-f687563a7cc3"; ECCEnabled = true; NvidiaDriver = "590.48.01"; DriverVersion = 13.1; DevicePciBusId = "0000:4C:00.0"; GlobalMemoryMb = 143158; MaxSupportedVersion = 13010 ]
	IoHeavy = 0
	Memory = 16384
...
040 (8180963.270.000) 2026-06-24 22:43:07 Started transferring output files
...
040 (8180963.270.000) 2026-06-24 22:43:07 Finished transferring output files
...
004 (8180963.270.000) 2026-06-24 22:43:07 Job was evicted.
	(0) Job terminated and was requeued
		Usr 0 00:00:59, Sys 0 00:00:31  -  Run Remote Usage
		Usr 0 00:00:00, Sys 0 00:00:00  -  Run Local Usage
	36117  -  Run Bytes Sent By Job
	2781817454  -  Run Bytes Received By Job
	(1) Normal termination (return value 1)
	The job attribute OnExitRemove expression 'NumJobCompletions > JobMaxRetries || ExitCode =?= 0' evaluated to FALSE
...
040 (8180963.270.000) 2026-06-24 22:43:29 Started transferring input files
	Transferring to host: <128.105.76.52:9618?addrs=128.105.76.52-9618+[2607-f388-2200-100-b65c-b5ff-fe81-e53e]-9618&alias=dbrundage-chtcgpu5000.chtc.wisc.edu&noUDP&sock=backfill1_3_11313_c825_24508>
...
040 (8180963.270.000) 2026-06-24 22:43:42 Finished transferring input files
...
001 (8180963.270.000) 2026-06-24 22:43:42 Job executing on host: <128.105.76.52:9618?addrs=128.105.76.52-9618+[2607-f388-2200-100-b65c-b5ff-fe81-e53e]-9618&alias=dbrundage-chtcgpu5000.chtc.wisc.edu&noUDP&sock=startd_10956_7bb2>
	SlotName: backfill1_3@dbrundage-chtcgpu5000.chtc.wisc.edu
	AvailableGPUs = { GPUs_GPU_51d5c720 }
	CondorScratchDir = "/var/lib/condor/execute/slot1/dir_3230651/scratch"
	Cpus = 1
	Disk = 16777216
	GPUs = 1
	GPUs_GPU_51d5c720 = [ Id = "GPU-51d5c720"; Capability = 9.0; DeviceName = "NVIDIA H200"; DeviceUuid = "51d5c720-5fa1-f041-4e6a-f687563a7cc3"; ECCEnabled = true; NvidiaDriver = "590.48.01"; DriverVersion = 13.1; DevicePciBusId = "0000:4C:00.0"; GlobalMemoryMb = 143158; MaxSupportedVersion = 13010 ]
	IoHeavy = 0
	Memory = 16384
...
040 (8180963.270.000) 2026-06-24 22:44:58 Started transferring output files
...
040 (8180963.270.000) 2026-06-24 22:44:58 Finished transferring output files
...
004 (8180963.270.000) 2026-06-24 22:44:59 Job was evicted.
	(0) Job terminated and was requeued
		Usr 0 00:00:58, Sys 0 00:00:28  -  Run Remote Usage
		Usr 0 00:00:00, Sys 0 00:00:00  -  Run Local Usage
	36107  -  Run Bytes Sent By Job
	2781817454  -  Run Bytes Received By Job
	(1) Normal termination (return value 1)
	The job attribute OnExitRemove expression 'NumJobCompletions > JobMaxRetries || ExitCode =?= 0' evaluated to FALSE
...
040 (8180963.270.000) 2026-06-24 22:45:25 Started transferring input files
	Transferring to host: <128.105.68.129:9618?addrs=128.105.68.129-9618+[2607-f388-2200-100-7e8c-9ff-fee9-7284]-9618&alias=gchrysosgpu4000.chtc.wisc.edu&noUDP&sock=backfill1_4_11538_508e_14734>
...
040 (8180963.270.000) 2026-06-24 22:45:38 Finished transferring input files
...
001 (8180963.270.000) 2026-06-24 22:45:38 Job executing on host: <128.105.68.129:9618?addrs=128.105.68.129-9618+[2607-f388-2200-100-7e8c-9ff-fee9-7284]-9618&alias=gchrysosgpu4000.chtc.wisc.edu&noUDP&sock=startd_11234_2b06>
	SlotName: backfill1_4@gchrysosgpu4000.chtc.wisc.edu
	AvailableGPUs = { GPUs_GPU_a7eb415d }
	CondorScratchDir = "/var/lib/condor/execute/slot1/dir_2923789/scratch"
	Cpus = 1
	Disk = 16777216
	GPUs = 1
	GPUs_GPU_a7eb415d = [ Id = "GPU-a7eb415d"; Capability = 8.9; DeviceName = "NVIDIA L40S"; DeviceUuid = "a7eb415d-ad80-a7f5-4da4-f4abf56d5f33"; ECCEnabled = true; NvidiaDriver = "570.195.03"; DriverVersion = 12.8; DevicePciBusId = "0000:AD:00.0"; GlobalMemoryMb = 45468; MaxSupportedVersion = 12080 ]
	IoHeavy = 0
	Memory = 16384
...
040 (8180963.270.000) 2026-06-24 22:46:46 Started transferring output files
...
040 (8180963.270.000) 2026-06-24 22:46:46 Finished transferring output files
...
004 (8180963.270.000) 2026-06-24 22:46:47 Job was evicted.
	(0) Job terminated and was requeued
		Usr 0 00:00:54, Sys 0 00:00:16  -  Run Remote Usage
		Usr 0 00:00:00, Sys 0 00:00:00  -  Run Local Usage
	36021  -  Run Bytes Sent By Job
	2781817454  -  Run Bytes Received By Job
	(1) Normal termination (return value 1)
	The job attribute OnExitRemove expression 'NumJobCompletions > JobMaxRetries || ExitCode =?= 0' evaluated to FALSE
...
040 (8180963.270.000) 2026-06-24 22:47:19 Started transferring input files
	Transferring to host: <128.105.68.129:9618?addrs=128.105.68.129-9618+[2607-f388-2200-100-7e8c-9ff-fee9-7284]-9618&alias=gchrysosgpu4000.chtc.wisc.edu&noUDP&sock=backfill1_4_11538_508e_14735>
...
040 (8180963.270.000) 2026-06-24 22:49:40 Finished transferring input files
...
001 (8180963.270.000) 2026-06-24 22:49:40 Job executing on host: <128.105.68.129:9618?addrs=128.105.68.129-9618+[2607-f388-2200-100-7e8c-9ff-fee9-7284]-9618&alias=gchrysosgpu4000.chtc.wisc.edu&noUDP&sock=startd_11234_2b06>
	SlotName: backfill1_4@gchrysosgpu4000.chtc.wisc.edu
	AvailableGPUs = { GPUs_GPU_a7eb415d }
	CondorScratchDir = "/var/lib/condor/execute/slot1/dir_2933823/scratch"
	Cpus = 1
	Disk = 16777216
	GPUs = 1
	GPUs_GPU_a7eb415d = [ Id = "GPU-a7eb415d"; Capability = 8.9; DeviceName = "NVIDIA L40S"; DeviceUuid = "a7eb415d-ad80-a7f5-4da4-f4abf56d5f33"; ECCEnabled = true; NvidiaDriver = "570.195.03"; DriverVersion = 12.8; DevicePciBusId = "0000:AD:00.0"; GlobalMemoryMb = 45468; MaxSupportedVersion = 12080 ]
	IoHeavy = 0
	Memory = 16384
...
040 (8180963.270.000) 2026-06-24 22:50:46 Started transferring output files
...
040 (8180963.270.000) 2026-06-24 22:50:46 Finished transferring output files
...
004 (8180963.270.000) 2026-06-24 22:50:47 Job was evicted.
	(0) Job terminated and was requeued
		Usr 0 00:00:52, Sys 0 00:00:16  -  Run Remote Usage
		Usr 0 00:00:00, Sys 0 00:00:00  -  Run Local Usage
	36017  -  Run Bytes Sent By Job
	2712349294  -  Run Bytes Received By Job
	(1) Normal termination (return value 1)
	The job attribute OnExitRemove expression 'NumJobCompletions > JobMaxRetries || ExitCode =?= 0' evaluated to FALSE
...
040 (8180963.270.000) 2026-06-24 22:51:09 Started transferring input files
	Transferring to host: <128.105.69.47:9618?addrs=128.105.69.47-9618+[2607-f388-2200-100-527c-6fff-fe66-eac6]-9618&alias=amuraligpu4000.chtc.wisc.edu&noUDP&sock=backfill1_3_1332502_f3e3_102401>
...
040 (8180963.270.000) 2026-06-24 22:51:29 Finished transferring input files
...
001 (8180963.270.000) 2026-06-24 22:51:29 Job executing on host: <128.105.69.47:9618?addrs=128.105.69.47-9618+[2607-f388-2200-100-527c-6fff-fe66-eac6]-9618&alias=amuraligpu4000.chtc.wisc.edu&noUDP&sock=startd_11579_cf33>
	SlotName: backfill1_3@amuraligpu4000.chtc.wisc.edu
	AvailableGPUs = { GPUs_GPU_de7049b1 }
	CondorScratchDir = "/var/lib/condor/execute/slot1/dir_2489926/scratch"
	Cpus = 1
	Disk = 16777216
	GPUs = 1
	GPUs_GPU_de7049b1 = [ Id = "GPU-de7049b1"; Capability = 8.9; DeviceName = "NVIDIA L40S"; DeviceUuid = "de7049b1-38bb-621f-baaa-5d83765a9f52"; ECCEnabled = true; NvidiaDriver = "570.195.03"; DriverVersion = 12.8; DevicePciBusId = "0000:63:00.0"; GlobalMemoryMb = 45468; MaxSupportedVersion = 12080 ]
	IoHeavy = 0
	Memory = 16384
...
040 (8180963.270.000) 2026-06-24 22:52:36 Started transferring output files
...
040 (8180963.270.000) 2026-06-24 22:52:36 Finished transferring output files
...
004 (8180963.270.000) 2026-06-24 22:52:36 Job was evicted.
	(0) Job terminated and was requeued
		Usr 0 00:00:52, Sys 0 00:00:16  -  Run Remote Usage
		Usr 0 00:00:00, Sys 0 00:00:00  -  Run Local Usage
	36008  -  Run Bytes Sent By Job
	2781817454  -  Run Bytes Received By Job
	(1) Normal termination (return value 1)
	The job attribute OnExitRemove expression 'NumJobCompletions > JobMaxRetries || ExitCode =?= 0' evaluated to FALSE
...
040 (8180963.270.000) 2026-06-24 22:53:15 Started transferring input files
	Transferring to host: <10.226.104.219:34969?CCBID=128.105.82.148:9618%3faddrs%3d128.105.82.148-9618+[2607-f388-2200-9d-7ccb-bc08-2489-7689]-9618%26alias%3dospool-ccb.osg.chtc.io%26noUDP%26sock%3dcollector6#4782550%2067.58.49.91:9618%3faddrs%3d67.58.49.91-9618+[fdf0-17b3-c3ec-1f79-10-0-d-2091]-9618%26alias%3dccb-2.ospool.osg-htc.org%26noUDP%26sock%3dcollector6#4774915&PrivNet=gpu019.rci.montana.edu&addrs=10.226.104.219-34969&alias=gpu019.rci.montana.edu&noUDP>
...
040 (8180963.270.000) 2026-06-24 22:55:56 Finished transferring input files
...
022 (8180963.270.000) 2026-06-24 22:55:56 Job disconnected, attempting to reconnect
    Socket between submit and execute hosts closed unexpectedly
    Trying to reconnect to slot1_1@glidein_27138_310978629@gpu019.rci.montana.edu <10.226.104.219:38671?CCBID=128.105.82.148:9618%3faddrs%3d128.105.82.148-9618+[2607-f388-2200-9d-7ccb-bc08-2489-7689]-9618%26alias%3dospool-ccb.osg.chtc.io%26noUDP%26sock%3dcollector5#4711732%2067.58.49.91:9618%3faddrs%3d67.58.49.91-9618+[fdf0-17b3-c3ec-1f79-10-0-d-2091]-9618%26alias%3dccb-2.ospool.osg-htc.org%26noUDP%26sock%3dcollector9#4711655&PrivNet=gpu019.rci.montana.edu&addrs=10.226.104.219-38671&alias=gpu019.rci.montana.edu&noUDP>
...
024 (8180963.270.000) 2026-06-24 22:55:58 Job reconnection failed
    Job not found at execution machine
    Can not reconnect to slot1_1@glidein_27138_310978629@gpu019.rci.montana.edu, rescheduling job
...
004 (8180963.270.000) 2026-06-24 22:55:59 Job was evicted. Code 1008 Subcode 0
	(0) CPU times
		Usr 0 00:00:00, Sys 0 00:00:00  -  Run Remote Usage
		Usr 0 00:00:00, Sys 0 00:00:00  -  Run Local Usage
	0  -  Run Bytes Sent By Job
	0  -  Run Bytes Received By Job
	Reason: Job not found at execution machine
	Partitionable Resources :    Usage  Request Allocated Assigned
	   Cpus                 :        0        1         1 
	   Disk (KB)            :  1981193 16777216  16777216 
	   GPUs                 :        0        1         1 "GPU-c024a1e2"
	   Memory (MB)          :     2198    16384     16384 
	   TimeExecute (s)      :       67                    
	   TimeSlotBusy (s)     :       87                    
...
040 (8180963.270.000) 2026-06-24 22:56:48 Started transferring input files
	Transferring to host: <10.1.1.135:45341?CCBID=128.105.82.148:9618%3faddrs%3d128.105.82.148-9618+[2607-f388-2200-9d-7ccb-bc08-2489-7689]-9618%26alias%3dospool-ccb.osg.chtc.io%26noUDP%26sock%3dcollector7#4777122%2067.58.49.91:9618%3faddrs%3d67.58.49.91-9618+[fdf0-17b3-c3ec-1f79-10-0-d-2091]-9618%26alias%3dccb-2.ospool.osg-htc.org%26noUDP%26sock%3dcollector1#4773065&PrivNet=gpu05&addrs=10.1.1.135-45341&alias=gpu05&noUDP>
...
040 (8180963.270.000) 2026-06-24 22:58:46 Finished transferring input files
...
021 (8180963.270.000) 2026-06-24 22:58:46 Message from starter on slot1_3@glidein_2245716_114722816@gpu05:
	PREPARE_JOB (prepare-hook) succeeded (reported status 000): Using Singularity image openfe_1.11.1.sif
...
001 (8180963.270.000) 2026-06-24 22:58:46 Job executing on host: <10.1.1.135:39611?CCBID=128.105.82.148:9618%3faddrs%3d128.105.82.148-9618+[2607-f388-2200-9d-7ccb-bc08-2489-7689]-9618%26alias%3dospool-ccb.osg.chtc.io%26noUDP%26sock%3dcollector3#4750738%2067.58.49.91:9618%3faddrs%3d67.58.49.91-9618+[fdf0-17b3-c3ec-1f79-10-0-d-2091]-9618%26alias%3dccb-2.ospool.osg-htc.org%26noUDP%26sock%3dcollector7#4740157&PrivNet=gpu05&addrs=10.1.1.135-39611&alias=gpu05&noUDP>
	SlotName: slot1_3@glidein_2245716_114722816@gpu05
	AvailableGPUs = { GPUs_GPU_1392eeaa }
	CondorScratchDir = "/tmp/glide_BNfDsh/execute/dir_2485343/scratch"
	Cpus = 1
	Disk = 16777216
	GPUs = 1
	GPUs_GPU_1392eeaa = [ Id = "GPU-1392eeaa"; ClockMhz = 1695.0; Capability = 8.6; CoresPerCU = 128; DeviceName = "NVIDIA RTX A5000"; DeviceUuid = "1392eeaa-11be-dc87-a414-72298ca812b6"; ECCEnabled = false; ComputeUnits = 64; NvidiaDriver = "595.71.05"; DriverVersion = 13.2; DevicePciBusId = "0000:81:00.0"; GlobalMemoryMb = 24361; MaxSupportedVersion = 13020 ]
	Memory = 16384
...
040 (8180963.270.000) 2026-06-24 23:00:49 Started transferring output files
...
040 (8180963.270.000) 2026-06-24 23:00:49 Finished transferring output files
...
005 (8180963.270.000) 2026-06-24 23:00:51 Job terminated.
	(1) Normal termination (return value 1)
		Usr 0 00:01:41, Sys 0 00:00:15  -  Run Remote Usage
		Usr 0 00:00:00, Sys 0 00:00:00  -  Run Local Usage
		Usr 0 00:12:41, Sys 0 00:03:15  -  Total Remote Usage
		Usr 0 00:00:00, Sys 0 00:00:00  -  Total Local Usage
	28876  -  Run Bytes Sent By Job
	2781817454  -  Run Bytes Received By Job
	374919  -  Total Bytes Sent By Job
	30530523834  -  Total Bytes Received By Job
	Partitionable Resources :    Usage  Request Allocated Assigned
	   Cpus                 :        0        1         1 
	   Disk (KB)            :  2725572 16777216  16777216 
	   GPUs                 :        0        1         1 "GPU-1392eeaa"
	   Memory (MB)          :     2198    16384     16384 
	   TimeExecute (s)      :      123                    
	   TimeSlotBusy (s)     :      242                    
...
