000 (8180963.336.000) 2026-06-24 12:19:47 Job submitted from host: <128.105.68.112:9618?addrs=128.105.68.112-9618+[2607-f388-2200-100-eaeb-d3ff-fea3-4202]-9618&alias=ap2001.chtc.wisc.edu&noUDP&sock=schedd_4071840_2329>
...
040 (8180963.336.000) 2026-06-25 00:25:27 Started transferring input files
	Transferring to host: <128.105.68.166:9618?addrs=128.105.68.166-9618+[2607-f388-2200-100-b62e-99ff-feb7-2e2d]-9618&alias=gpulab2001.chtc.wisc.edu&noUDP&sock=slot2_4_11113_dd1d_63218>
...
040 (8180963.336.000) 2026-06-25 00:55:26 Finished transferring input files
...
001 (8180963.336.000) 2026-06-25 00:55:26 Job executing on host: <128.105.68.166:9618?addrs=128.105.68.166-9618+[2607-f388-2200-100-b62e-99ff-feb7-2e2d]-9618&alias=gpulab2001.chtc.wisc.edu&noUDP&sock=startd_10083_ad84>
	SlotName: slot2_4@gpulab2001.chtc.wisc.edu
	AvailableGPUs = { GPUs_GPU_25d74433 }
	CondorScratchDir = "/var/lib/condor/execute/slot2/dir_1244298/scratch"
	Cpus = 1
	Disk = 16777216
	GPUs = 1
	GPUs_GPU_25d74433 = [ Id = "GPU-25d74433"; Capability = 7.5; DeviceName = "NVIDIA GeForce RTX 2080 Ti"; DeviceUuid = "25d74433-a70b-cc8a-6c48-33ca78f943b5"; ECCEnabled = false; NvidiaDriver = "570.195.03"; DriverVersion = 12.8; DevicePciBusId = "0000:B2:00.0"; GlobalMemoryMb = 10823; MaxSupportedVersion = 12080 ]
	IoHeavy = 0
	Memory = 16384
...
006 (8180963.336.000) 2026-06-25 00:55:35 Image size of job updated: 284236
	278  -  MemoryUsage of job (MB)
	284236  -  ResidentSetSize of job (KB)
...
006 (8180963.336.000) 2026-06-25 01:00:35 Image size of job updated: 3581000
	3100  -  MemoryUsage of job (MB)
	3174160  -  ResidentSetSize of job (KB)
...
006 (8180963.336.000) 2026-06-25 01:05:36 Image size of job updated: 3581000
	3493  -  MemoryUsage of job (MB)
	3575988  -  ResidentSetSize of job (KB)
...
006 (8180963.336.000) 2026-06-25 01:10:37 Image size of job updated: 4525468
	4420  -  MemoryUsage of job (MB)
	4525468  -  ResidentSetSize of job (KB)
...
006 (8180963.336.000) 2026-06-25 01:15:37 Image size of job updated: 4998952
	4628  -  MemoryUsage of job (MB)
	4738208  -  ResidentSetSize of job (KB)
...
006 (8180963.336.000) 2026-06-25 01:25:38 Image size of job updated: 5066752
	4948  -  MemoryUsage of job (MB)
	5066752  -  ResidentSetSize of job (KB)
...
006 (8180963.336.000) 2026-06-25 01:30:38 Image size of job updated: 5613368
	5280  -  MemoryUsage of job (MB)
	5406120  -  ResidentSetSize of job (KB)
...
006 (8180963.336.000) 2026-06-25 01:40:39 Image size of job updated: 5613368
	5455  -  MemoryUsage of job (MB)
	5585264  -  ResidentSetSize of job (KB)
...
006 (8180963.336.000) 2026-06-25 01:45:39 Image size of job updated: 6292176
	5805  -  MemoryUsage of job (MB)
	5944020  -  ResidentSetSize of job (KB)
...
040 (8180963.336.000) 2026-06-25 01:45:42 Started transferring output files
...
040 (8180963.336.000) 2026-06-25 01:45:42 Finished transferring output files
...
004 (8180963.336.000) 2026-06-25 01:45:43 Job was evicted.
	(0) Job terminated and was requeued
		Usr 0 00:57:39, Sys 0 00:01:41  -  Run Remote Usage
		Usr 0 00:00:00, Sys 0 00:00:00  -  Run Local Usage
	110970  -  Run Bytes Sent By Job
	2784393304  -  Run Bytes Received By Job
	(1) Normal termination (return value 1)
	The job attribute OnExitRemove expression 'NumJobCompletions > JobMaxRetries || ExitCode =?= 0' evaluated to FALSE
...
040 (8180963.336.000) 2026-06-25 01:46:16 Started transferring input files
	Transferring to host: <128.105.69.60:9618?addrs=128.105.69.60-9618+[2607-f388-2200-100-527c-6fff-fe66-e7e2]-9618&alias=blengerichgpu4000.chtc.wisc.edu&noUDP&sock=backfill1_5_1843674_de95_105818>
...
040 (8180963.336.000) 2026-06-25 01:46:36 Finished transferring input files
...
001 (8180963.336.000) 2026-06-25 01:46:36 Job executing on host: <128.105.69.60:9618?addrs=128.105.69.60-9618+[2607-f388-2200-100-527c-6fff-fe66-e7e2]-9618&alias=blengerichgpu4000.chtc.wisc.edu&noUDP&sock=startd_11585_ecc4>
	SlotName: backfill1_5@blengerichgpu4000.chtc.wisc.edu
	AvailableGPUs = { GPUs_GPU_aba9f117 }
	CondorScratchDir = "/var/lib/condor/execute/slot1/dir_4072871/scratch"
	Cpus = 1
	Disk = 16777216
	GPUs = 1
	GPUs_GPU_aba9f117 = [ Id = "GPU-aba9f117"; Capability = 8.9; DeviceName = "NVIDIA L40S"; DeviceUuid = "aba9f117-f41d-a8b4-01b7-d31c0515b86c"; ECCEnabled = true; NvidiaDriver = "570.195.03"; DriverVersion = 12.8; DevicePciBusId = "0000:63:00.0"; GlobalMemoryMb = 45468; MaxSupportedVersion = 12080 ]
	IoHeavy = 0
	Memory = 16384
...
040 (8180963.336.000) 2026-06-25 02:13:53 Started transferring output files
...
040 (8180963.336.000) 2026-06-25 02:13:53 Finished transferring output files
...
004 (8180963.336.000) 2026-06-25 02:13:53 Job was evicted.
	(0) Job terminated and was requeued
		Usr 0 00:29:16, Sys 0 00:01:09  -  Run Remote Usage
		Usr 0 00:00:00, Sys 0 00:00:00  -  Run Local Usage
	111018  -  Run Bytes Sent By Job
	2784393304  -  Run Bytes Received By Job
	(1) Normal termination (return value 1)
	The job attribute OnExitRemove expression 'NumJobCompletions > JobMaxRetries || ExitCode =?= 0' evaluated to FALSE
...
040 (8180963.336.000) 2026-06-25 02:14:15 Started transferring input files
	Transferring to host: <128.104.103.47:9618?addrs=128.104.103.47-9618+[2607-f388-107c-501-a236-9fff-fe3c-f3a0]-9618&alias=ahlquist0000.chtc.wisc.edu&noUDP&sock=backfill1_1_9919_952c_17908>
...
040 (8180963.336.000) 2026-06-25 02:19:16 Finished transferring input files
...
001 (8180963.336.000) 2026-06-25 02:19:16 Job executing on host: <128.104.103.47:9618?addrs=128.104.103.47-9618+[2607-f388-107c-501-a236-9fff-fe3c-f3a0]-9618&alias=ahlquist0000.chtc.wisc.edu&noUDP&sock=startd_9052_7f60>
	SlotName: backfill1_1@ahlquist0000.chtc.wisc.edu
	AvailableGPUs = { GPUs_GPU_9cbc9d87 }
	CondorScratchDir = "/var/lib/condor/execute/slot1/dir_3186736/scratch"
	Cpus = 1
	Disk = 16777216
	GPUs = 1
	GPUs_GPU_9cbc9d87 = [ Id = "GPU-9cbc9d87"; Capability = 7.5; DeviceName = "NVIDIA GeForce RTX 2080 Ti"; DeviceUuid = "9cbc9d87-b661-a66f-8f7d-0236235ad50e"; ECCEnabled = false; NvidiaDriver = "550.54.14"; DriverVersion = 12.4; DevicePciBusId = "0000:B2:00.0"; GlobalMemoryMb = 11004; MaxSupportedVersion = 12040 ]
	IoHeavy = 0
	Memory = 16384
...
040 (8180963.336.000) 2026-06-25 03:15:55 Started transferring output files
...
040 (8180963.336.000) 2026-06-25 03:15:55 Finished transferring output files
...
004 (8180963.336.000) 2026-06-25 03:15:59 Job was evicted.
	(0) Job terminated and was requeued
		Usr 0 01:01:30, Sys 0 00:01:57  -  Run Remote Usage
		Usr 0 00:00:00, Sys 0 00:00:00  -  Run Local Usage
	110988  -  Run Bytes Sent By Job
	2724935768  -  Run Bytes Received By Job
	(1) Normal termination (return value 1)
	The job attribute OnExitRemove expression 'NumJobCompletions > JobMaxRetries || ExitCode =?= 0' evaluated to FALSE
...
040 (8180963.336.000) 2026-06-25 03:16:05 Started transferring input files
	Transferring to host: <128.105.68.65:9618?addrs=128.105.68.65-9618+[2607-f388-2200-100-ae1f-6bff-fea1-b242]-9618&alias=dmorgan2000.chtc.wisc.edu&noUDP&sock=backfill1_2_2608038_7480_85855>
...
040 (8180963.336.000) 2026-06-25 03:43:45 Finished transferring input files
...
001 (8180963.336.000) 2026-06-25 03:43:45 Job executing on host: <128.105.68.65:9618?addrs=128.105.68.65-9618+[2607-f388-2200-100-ae1f-6bff-fea1-b242]-9618&alias=dmorgan2000.chtc.wisc.edu&noUDP&sock=startd_9514_6421>
	SlotName: backfill1_2@dmorgan2000.chtc.wisc.edu
	AvailableGPUs = { GPUs_GPU_f8664066 }
	CondorScratchDir = "/var/lib/condor/execute/slot1/dir_1349872/scratch"
	Cpus = 1
	Disk = 16777216
	GPUs = 1
	GPUs_GPU_f8664066 = [ Id = "GPU-f8664066"; Capability = 7.5; DeviceName = "NVIDIA GeForce RTX 2080 Ti"; DeviceUuid = "f8664066-95d1-e7cf-76cf-2a699078643c"; ECCEnabled = false; NvidiaDriver = "570.195.03"; DriverVersion = 12.8; DevicePciBusId = "0000:5E:00.0"; GlobalMemoryMb = 10823; MaxSupportedVersion = 12080 ]
	IoHeavy = 0
	Memory = 16384
...
040 (8180963.336.000) 2026-06-25 04:30:20 Started transferring output files
...
040 (8180963.336.000) 2026-06-25 04:30:20 Finished transferring output files
...
004 (8180963.336.000) 2026-06-25 04:30:21 Job was evicted.
	(0) Job terminated and was requeued
		Usr 0 00:48:36, Sys 0 00:01:05  -  Run Remote Usage
		Usr 0 00:00:00, Sys 0 00:00:00  -  Run Local Usage
	110988  -  Run Bytes Sent By Job
	2784393304  -  Run Bytes Received By Job
	(1) Normal termination (return value 1)
	The job attribute OnExitRemove expression 'NumJobCompletions > JobMaxRetries || ExitCode =?= 0' evaluated to FALSE
...
040 (8180963.336.000) 2026-06-25 04:31:34 Started transferring input files
	Transferring to host: <10.1.1.138:44541?CCBID=128.105.82.148:9618%3faddrs%3d128.105.82.148-9618+[2607-f388-2200-9d-7ccb-bc08-2489-7689]-9618%26alias%3dospool-ccb.osg.chtc.io%26noUDP%26sock%3dcollector7#4811132%2067.58.49.91:9618%3faddrs%3d67.58.49.91-9618+[fdf0-17b3-c3ec-1f79-10-0-d-2091]-9618%26alias%3dccb-2.ospool.osg-htc.org%26noUDP%26sock%3dcollector5#4810188&PrivNet=gpu08&addrs=10.1.1.138-44541&alias=gpu08&noUDP>
...
040 (8180963.336.000) 2026-06-25 04:34:49 Finished transferring input files
...
021 (8180963.336.000) 2026-06-25 04:34:50 Message from starter on slot1_4@glidein_431261_919144743@gpu08:
	PREPARE_JOB (prepare-hook) succeeded (reported status 000): Using Singularity image openfe_1.11.1.sif
...
001 (8180963.336.000) 2026-06-25 04:34:50 Job executing on host: <10.1.1.138:39939?CCBID=128.105.82.148:9618%3faddrs%3d128.105.82.148-9618+[2607-f388-2200-9d-7ccb-bc08-2489-7689]-9618%26alias%3dospool-ccb.osg.chtc.io%26noUDP%26sock%3dcollector7#4701775%2067.58.49.91:9618%3faddrs%3d67.58.49.91-9618+[fdf0-17b3-c3ec-1f79-10-0-d-2091]-9618%26alias%3dccb-2.ospool.osg-htc.org%26noUDP%26sock%3dcollector1#4697411&PrivNet=gpu08&addrs=10.1.1.138-39939&alias=gpu08&noUDP>
	SlotName: slot1_4@glidein_431261_919144743@gpu08
	AvailableGPUs = { GPUs_GPU_bc3e04d8 }
	CondorScratchDir = "/tmp/glide_cSIcqM/execute/dir_1695583/scratch"
	Cpus = 1
	Disk = 16777216
	GPUs = 1
	GPUs_GPU_bc3e04d8 = [ Id = "GPU-bc3e04d8"; ClockMhz = 1695.0; Capability = 8.6; CoresPerCU = 128; DeviceName = "NVIDIA RTX A5000"; DeviceUuid = "bc3e04d8-e333-57b6-b022-927473e6dec5"; ECCEnabled = false; ComputeUnits = 64; NvidiaDriver = "610.43.02"; DriverVersion = 13.3; DevicePciBusId = "0000:81:00.0"; GlobalMemoryMb = 24361; MaxSupportedVersion = 13030 ]
	Memory = 16384
...
006 (8180963.336.000) 2026-06-25 04:39:59 Image size of job updated: 32141784
	7325  -  MemoryUsage of job (MB)
	7500000  -  ResidentSetSize of job (KB)
...
006 (8180963.336.000) 2026-06-25 04:45:00 Image size of job updated: 36324240
	7325  -  MemoryUsage of job (MB)
	7500000  -  ResidentSetSize of job (KB)
...
006 (8180963.336.000) 2026-06-25 04:50:00 Image size of job updated: 40298676
	7325  -  MemoryUsage of job (MB)
	7500000  -  ResidentSetSize of job (KB)
...
006 (8180963.336.000) 2026-06-25 05:05:02 Image size of job updated: 41000192
	7325  -  MemoryUsage of job (MB)
	7500000  -  ResidentSetSize of job (KB)
...
006 (8180963.336.000) 2026-06-25 05:14:52 Image size of job updated: 41563264
	7325  -  MemoryUsage of job (MB)
	7500000  -  ResidentSetSize of job (KB)
...
040 (8180963.336.000) 2026-06-25 05:14:52 Started transferring output files
...
040 (8180963.336.000) 2026-06-25 05:14:52 Finished transferring output files
...
004 (8180963.336.000) 2026-06-25 05:14:53 Job was evicted.
	(0) Job terminated and was requeued
		Usr 0 00:41:26, Sys 0 00:00:28  -  Run Remote Usage
		Usr 0 00:00:00, Sys 0 00:00:00  -  Run Local Usage
	103887  -  Run Bytes Sent By Job
	2784393304  -  Run Bytes Received By Job
	(1) Normal termination (return value 1)
	The job attribute OnExitRemove expression 'NumJobCompletions > JobMaxRetries || ExitCode =?= 0' evaluated to FALSE
...
040 (8180963.336.000) 2026-06-25 05:15:11 Started transferring input files
	Transferring to host: <128.104.100.17:9618?addrs=128.104.100.17-9618+[2607-f388-107c-501-527c-6fff-fe66-e9bc]-9618&alias=jcaicedogpu0002.chtc.wisc.edu&noUDP&sock=backfill1_2_2855957_d182_103582>
...
040 (8180963.336.000) 2026-06-25 05:20:15 Finished transferring input files
...
001 (8180963.336.000) 2026-06-25 05:20:15 Job executing on host: <128.104.100.17:9618?addrs=128.104.100.17-9618+[2607-f388-107c-501-527c-6fff-fe66-e9bc]-9618&alias=jcaicedogpu0002.chtc.wisc.edu&noUDP&sock=startd_11788_2a7e>
	SlotName: backfill1_2@jcaicedogpu0002.chtc.wisc.edu
	AvailableGPUs = { GPUs_GPU_4bcd09a1 }
	CondorScratchDir = "/var/lib/condor/execute/slot1/dir_707484/scratch"
	Cpus = 1
	Disk = 16777216
	GPUs = 1
	GPUs_GPU_4bcd09a1 = [ Id = "GPU-4bcd09a1"; Capability = 8.9; DeviceName = "NVIDIA L40S"; DeviceUuid = "4bcd09a1-587a-5449-f708-040c59c93c87"; ECCEnabled = true; NvidiaDriver = "570.195.03"; DriverVersion = 12.8; DevicePciBusId = "0000:BD:00.0"; GlobalMemoryMb = 45468; MaxSupportedVersion = 12080 ]
	IoHeavy = 0
	Memory = 16384
...
040 (8180963.336.000) 2026-06-25 05:48:18 Started transferring output files
...
040 (8180963.336.000) 2026-06-25 05:48:18 Finished transferring output files
...
004 (8180963.336.000) 2026-06-25 05:48:18 Job was evicted.
	(0) Job terminated and was requeued
		Usr 0 00:39:00, Sys 0 00:01:34  -  Run Remote Usage
		Usr 0 00:00:00, Sys 0 00:00:00  -  Run Local Usage
	111003  -  Run Bytes Sent By Job
	2415294552  -  Run Bytes Received By Job
	(1) Normal termination (return value 1)
	The job attribute OnExitRemove expression 'NumJobCompletions > JobMaxRetries || ExitCode =?= 0' evaluated to FALSE
...
040 (8180963.336.000) 2026-06-25 05:48:58 Started transferring input files
	Transferring to host: <128.104.103.104:9618?addrs=128.104.103.104-9618+[2607-f388-107c-501-ae1f-6bff-fe40-ce2e]-9618&alias=gitter0000.chtc.wisc.edu&noUDP&sock=slot2_4_8979_4486_18543>
...
040 (8180963.336.000) 2026-06-25 05:49:27 Finished transferring input files
...
001 (8180963.336.000) 2026-06-25 05:49:27 Job executing on host: <128.104.103.104:9618?addrs=128.104.103.104-9618+[2607-f388-107c-501-ae1f-6bff-fe40-ce2e]-9618&alias=gitter0000.chtc.wisc.edu&noUDP&sock=startd_8665_0c39>
	SlotName: slot2_4@gitter0000.chtc.wisc.edu
	AvailableGPUs = { GPUs_GPU_eb8665c4 }
	CondorScratchDir = "/var/lib/condor/execute/slot2/dir_3468705/scratch"
	Cpus = 1
	Disk = 16777216
	GPUs = 1
	GPUs_GPU_eb8665c4 = [ Id = "GPU-eb8665c4"; Capability = 6.1; DeviceName = "NVIDIA GeForce GTX 1080 Ti"; DeviceUuid = "eb8665c4-91be-2542-059c-afd7b593dbf0"; ECCEnabled = false; NvidiaDriver = "570.195.03"; DriverVersion = 12.8; DevicePciBusId = "0000:AF:00.0"; GlobalMemoryMb = 11165; MaxSupportedVersion = 12080 ]
	IoHeavy = 0
	Memory = 16384
...
040 (8180963.336.000) 2026-06-25 06:37:43 Started transferring output files
...
040 (8180963.336.000) 2026-06-25 06:37:43 Finished transferring output files
...
004 (8180963.336.000) 2026-06-25 06:37:43 Job was evicted.
	(0) Job terminated and was requeued
		Usr 0 00:49:51, Sys 0 00:01:04  -  Run Remote Usage
		Usr 0 00:00:00, Sys 0 00:00:00  -  Run Local Usage
	110985  -  Run Bytes Sent By Job
	2784393304  -  Run Bytes Received By Job
	(1) Normal termination (return value 1)
	The job attribute OnExitRemove expression 'NumJobCompletions > JobMaxRetries || ExitCode =?= 0' evaluated to FALSE
...
040 (8180963.336.000) 2026-06-25 06:39:10 Started transferring input files
	Transferring to host: <128.105.76.52:9618?addrs=128.105.76.52-9618+[2607-f388-2200-100-b65c-b5ff-fe81-e53e]-9618&alias=dbrundage-chtcgpu5000.chtc.wisc.edu&noUDP&sock=backfill1_3_11313_c825_25456>
...
040 (8180963.336.000) 2026-06-25 06:42:07 Finished transferring input files
...
001 (8180963.336.000) 2026-06-25 06:42:07 Job executing on host: <128.105.76.52:9618?addrs=128.105.76.52-9618+[2607-f388-2200-100-b65c-b5ff-fe81-e53e]-9618&alias=dbrundage-chtcgpu5000.chtc.wisc.edu&noUDP&sock=startd_10956_7bb2>
	SlotName: backfill1_3@dbrundage-chtcgpu5000.chtc.wisc.edu
	AvailableGPUs = { GPUs_GPU_89711c58 }
	CondorScratchDir = "/var/lib/condor/execute/slot1/dir_87759/scratch"
	Cpus = 1
	Disk = 16777216
	GPUs = 1
	GPUs_GPU_89711c58 = [ Id = "GPU-89711c58"; Capability = 9.0; DeviceName = "NVIDIA H200"; DeviceUuid = "89711c58-2491-4da3-66bc-205872c162a4"; ECCEnabled = true; NvidiaDriver = "590.48.01"; DriverVersion = 13.1; DevicePciBusId = "0000:3B:00.0"; GlobalMemoryMb = 143158; MaxSupportedVersion = 13010 ]
	IoHeavy = 0
	Memory = 16384
...
040 (8180963.336.000) 2026-06-25 07:14:15 Started transferring output files
...
040 (8180963.336.000) 2026-06-25 07:14:15 Finished transferring output files
...
004 (8180963.336.000) 2026-06-25 07:14:16 Job was evicted.
	(0) Job terminated and was requeued
		Usr 0 00:39:06, Sys 0 00:02:52  -  Run Remote Usage
		Usr 0 00:00:00, Sys 0 00:00:00  -  Run Local Usage
	111106  -  Run Bytes Sent By Job
	2613803096  -  Run Bytes Received By Job
	(1) Normal termination (return value 1)
	The job attribute OnExitRemove expression 'NumJobCompletions > JobMaxRetries || ExitCode =?= 0' evaluated to FALSE
...
040 (8180963.336.000) 2026-06-25 07:14:45 Started transferring input files
	Transferring to host: <128.105.76.47:9618?addrs=128.105.76.47-9618+[2607-f388-2200-100-527c-6fff-fe82-826a]-9618&alias=gpu4006.chtc.wisc.edu&noUDP&sock=slot2_5_2618986_4fbd_98756>
...
040 (8180963.336.000) 2026-06-25 07:18:30 Finished transferring input files
...
001 (8180963.336.000) 2026-06-25 07:18:30 Job executing on host: <128.105.76.47:9618?addrs=128.105.76.47-9618+[2607-f388-2200-100-527c-6fff-fe82-826a]-9618&alias=gpu4006.chtc.wisc.edu&noUDP&sock=startd_11220_90b3>
	SlotName: slot2_5@gpu4006.chtc.wisc.edu
	AvailableGPUs = { GPUs_GPU_1cd9ff5a }
	CondorScratchDir = "/var/lib/condor/execute/slot2/dir_2872241/scratch"
	Cpus = 1
	Disk = 16777216
	GPUs = 1
	GPUs_GPU_1cd9ff5a = [ Id = "GPU-1cd9ff5a"; Capability = 8.9; DeviceName = "NVIDIA L40S"; DeviceUuid = "1cd9ff5a-a59d-e99d-595f-90985613bdb6"; ECCEnabled = true; NvidiaDriver = "590.48.01"; DriverVersion = 13.1; DevicePciBusId = "0000:81:00.0"; GlobalMemoryMb = 45460; MaxSupportedVersion = 13010 ]
	IoHeavy = 0
	Memory = 16384
...
040 (8180963.336.000) 2026-06-25 07:43:03 Started transferring output files
...
040 (8180963.336.000) 2026-06-25 07:43:03 Finished transferring output files
...
004 (8180963.336.000) 2026-06-25 07:43:04 Job was evicted.
	(0) Job terminated and was requeued
		Usr 0 00:28:52, Sys 0 00:03:07  -  Run Remote Usage
		Usr 0 00:00:00, Sys 0 00:00:00  -  Run Local Usage
	111033  -  Run Bytes Sent By Job
	2588489816  -  Run Bytes Received By Job
	(1) Normal termination (return value 1)
	The job attribute OnExitRemove expression 'NumJobCompletions > JobMaxRetries || ExitCode =?= 0' evaluated to FALSE
...
040 (8180963.336.000) 2026-06-25 07:43:09 Started transferring input files
	Transferring to host: <128.105.76.47:9618?addrs=128.105.76.47-9618+[2607-f388-2200-100-527c-6fff-fe82-826a]-9618&alias=gpu4006.chtc.wisc.edu&noUDP&sock=slot2_5_2618986_4fbd_98820>
...
040 (8180963.336.000) 2026-06-25 07:51:29 Finished transferring input files
...
001 (8180963.336.000) 2026-06-25 07:51:29 Job executing on host: <128.105.76.47:9618?addrs=128.105.76.47-9618+[2607-f388-2200-100-527c-6fff-fe82-826a]-9618&alias=gpu4006.chtc.wisc.edu&noUDP&sock=startd_11220_90b3>
	SlotName: slot2_5@gpu4006.chtc.wisc.edu
	AvailableGPUs = { GPUs_GPU_1cd9ff5a }
	CondorScratchDir = "/var/lib/condor/execute/slot2/dir_3004027/scratch"
	Cpus = 1
	Disk = 16777216
	GPUs = 1
	GPUs_GPU_1cd9ff5a = [ Id = "GPU-1cd9ff5a"; Capability = 8.9; DeviceName = "NVIDIA L40S"; DeviceUuid = "1cd9ff5a-a59d-e99d-595f-90985613bdb6"; ECCEnabled = true; NvidiaDriver = "590.48.01"; DriverVersion = 13.1; DevicePciBusId = "0000:81:00.0"; GlobalMemoryMb = 45460; MaxSupportedVersion = 13010 ]
	IoHeavy = 0
	Memory = 16384
...
023 (8180963.336.000) 2026-06-25 08:06:52 Job reconnected to slot2_5@gpu4006.chtc.wisc.edu
    startd address: <128.105.76.47:9618?addrs=128.105.76.47-9618+[2607-f388-2200-100-527c-6fff-fe82-826a]-9618&alias=gpu4006.chtc.wisc.edu&noUDP&sock=startd_11220_90b3>
    starter address: <128.105.76.47:9618?addrs=128.105.76.47-9618+[2607-f388-2200-100-527c-6fff-fe82-826a]-9618&alias=gpu4006.chtc.wisc.edu&noUDP&sock=slot2_5_2618986_4fbd_98820>
...
004 (8180963.336.000) 2026-06-25 08:15:52 Job was evicted.
	(0) Job terminated and was requeued
		Usr 0 00:26:47, Sys 0 00:02:09  -  Run Remote Usage
		Usr 0 00:00:00, Sys 0 00:00:00  -  Run Local Usage
	111038  -  Run Bytes Sent By Job
	0  -  Run Bytes Received By Job
	(1) Normal termination (return value 1)
	The job attribute OnExitRemove expression 'NumJobCompletions > JobMaxRetries || ExitCode =?= 0' evaluated to FALSE
...
040 (8180963.336.000) 2026-06-25 08:16:17 Started transferring input files
	Transferring to host: <128.104.103.47:9618?addrs=128.104.103.47-9618+[2607-f388-107c-501-a236-9fff-fe3c-f3a0]-9618&alias=ahlquist0000.chtc.wisc.edu&noUDP&sock=backfill1_4_9919_952c_18733>
...
040 (8180963.336.000) 2026-06-25 08:27:22 Finished transferring input files
...
001 (8180963.336.000) 2026-06-25 08:27:22 Job executing on host: <128.104.103.47:9618?addrs=128.104.103.47-9618+[2607-f388-107c-501-a236-9fff-fe3c-f3a0]-9618&alias=ahlquist0000.chtc.wisc.edu&noUDP&sock=startd_9052_7f60>
	SlotName: backfill1_4@ahlquist0000.chtc.wisc.edu
	AvailableGPUs = { GPUs_GPU_2ea2da95 }
	CondorScratchDir = "/var/lib/condor/execute/slot1/dir_3511313/scratch"
	Cpus = 1
	Disk = 16777216
	GPUs = 1
	GPUs_GPU_2ea2da95 = [ Id = "GPU-2ea2da95"; Capability = 7.5; DeviceName = "NVIDIA GeForce RTX 2080 Ti"; DeviceUuid = "2ea2da95-3670-dafc-ee98-735ea58c084e"; ECCEnabled = false; NvidiaDriver = "550.54.14"; DriverVersion = 12.4; DevicePciBusId = "0000:88:00.0"; GlobalMemoryMb = 11004; MaxSupportedVersion = 12040 ]
	IoHeavy = 0
	Memory = 16384
...
040 (8180963.336.000) 2026-06-25 09:23:10 Started transferring output files
...
040 (8180963.336.000) 2026-06-25 09:23:10 Finished transferring output files
...
005 (8180963.336.000) 2026-06-25 09:23:11 Job terminated.
	(1) Normal termination (return value 1)
		Usr 0 00:58:43, Sys 0 00:01:55  -  Run Remote Usage
		Usr 0 00:00:00, Sys 0 00:00:00  -  Run Local Usage
		Usr 0 08:00:46, Sys 0 00:19:01  -  Total Remote Usage
		Usr 0 00:00:00, Sys 0 00:00:00  -  Total Local Usage
	110995  -  Run Bytes Sent By Job
	2784393304  -  Run Bytes Received By Job
	1214011  -  Total Bytes Sent By Job
	27858250696  -  Total Bytes Received By Job
	Partitionable Resources :      Usage  Request Allocated Assigned
	   Cpus                 :       1.00        1         1 
	   Disk (KB)            : 3184108    16777216  16777216 
	   GPUs                 :       0.08        1         1 "GPU-2ea2da95"
	   GpusMemory (MB)      :    4356                       
	   IoHeavy              :                             0 
	   Memory (MB)          :    7325       16384     16384 
	   TimeExecute (s)      :    3348                       
	   TimeSlotBusy (s)     :    4020                       
...
