000 (8180963.006.000) 2026-06-24 12:19:47 Job submitted from host: <128.105.68.112:9618?addrs=128.105.68.112-9618+[2607-f388-2200-100-eaeb-d3ff-fea3-4202]-9618&alias=ap2001.chtc.wisc.edu&noUDP&sock=schedd_4071840_2329>
...
040 (8180963.006.000) 2026-06-24 12:20:28 Started transferring input files
	Transferring to host: <128.105.68.166:9618?addrs=128.105.68.166-9618+[2607-f388-2200-100-b62e-99ff-feb7-2e2d]-9618&alias=gpulab2001.chtc.wisc.edu&noUDP&sock=slot2_2_11113_dd1d_61857>
...
040 (8180963.006.000) 2026-06-24 12:45:38 Finished transferring input files
...
001 (8180963.006.000) 2026-06-24 12:45:38 Job executing on host: <128.105.68.166:9618?addrs=128.105.68.166-9618+[2607-f388-2200-100-b62e-99ff-feb7-2e2d]-9618&alias=gpulab2001.chtc.wisc.edu&noUDP&sock=startd_10083_ad84>
	SlotName: slot2_2@gpulab2001.chtc.wisc.edu
	AvailableGPUs = { GPUs_GPU_5498e439 }
	CondorScratchDir = "/var/lib/condor/execute/slot2/dir_3817/scratch"
	Cpus = 1
	Disk = 16777216
	GPUs = 1
	GPUs_GPU_5498e439 = [ Id = "GPU-5498e439"; Capability = 7.5; DeviceName = "NVIDIA GeForce RTX 2080 Ti"; DeviceUuid = "5498e439-bec3-fa72-ed65-a45d5f53e1b5"; ECCEnabled = false; NvidiaDriver = "570.195.03"; DriverVersion = 12.8; DevicePciBusId = "0000:3E:00.0"; GlobalMemoryMb = 10823; MaxSupportedVersion = 12080 ]
	IoHeavy = 0
	Memory = 16384
...
006 (8180963.006.000) 2026-06-24 12:45:47 Image size of job updated: 337016
	330  -  MemoryUsage of job (MB)
	337016  -  ResidentSetSize of job (KB)
...
006 (8180963.006.000) 2026-06-24 12:45:59 Image size of job updated: 505564
	330  -  MemoryUsage of job (MB)
	337048  -  ResidentSetSize of job (KB)
...
040 (8180963.006.000) 2026-06-24 12:45:59 Started transferring output files
...
040 (8180963.006.000) 2026-06-24 12:45:59 Finished transferring output files
...
004 (8180963.006.000) 2026-06-24 12:45:59 Job was evicted.
	(0) Job terminated and was requeued
		Usr 0 00:00:18, Sys 0 00:00:02  -  Run Remote Usage
		Usr 0 00:00:00, Sys 0 00:00:00  -  Run Local Usage
	15437  -  Run Bytes Sent By Job
	2781805403  -  Run Bytes Received By Job
	(1) Normal termination (return value 1)
	The job attribute OnExitRemove expression 'NumJobCompletions > JobMaxRetries || ExitCode =?= 0' evaluated to FALSE
...
040 (8180963.006.000) 2026-06-24 12:46:37 Started transferring input files
	Transferring to host: <128.105.68.166:9618?addrs=128.105.68.166-9618+[2607-f388-2200-100-b62e-99ff-feb7-2e2d]-9618&alias=gpulab2001.chtc.wisc.edu&noUDP&sock=slot2_2_11113_dd1d_61916>
...
040 (8180963.006.000) 2026-06-24 12:47:42 Finished transferring input files
...
001 (8180963.006.000) 2026-06-24 12:47:42 Job executing on host: <128.105.68.166:9618?addrs=128.105.68.166-9618+[2607-f388-2200-100-b62e-99ff-feb7-2e2d]-9618&alias=gpulab2001.chtc.wisc.edu&noUDP&sock=startd_10083_ad84>
	SlotName: slot2_2@gpulab2001.chtc.wisc.edu
	AvailableGPUs = { GPUs_GPU_5498e439 }
	CondorScratchDir = "/var/lib/condor/execute/slot2/dir_17638/scratch"
	Cpus = 1
	Disk = 16777216
	GPUs = 1
	GPUs_GPU_5498e439 = [ Id = "GPU-5498e439"; Capability = 7.5; DeviceName = "NVIDIA GeForce RTX 2080 Ti"; DeviceUuid = "5498e439-bec3-fa72-ed65-a45d5f53e1b5"; ECCEnabled = false; NvidiaDriver = "570.195.03"; DriverVersion = 12.8; DevicePciBusId = "0000:3E:00.0"; GlobalMemoryMb = 10823; MaxSupportedVersion = 12080 ]
	IoHeavy = 0
	Memory = 16384
...
040 (8180963.006.000) 2026-06-24 12:48:03 Started transferring output files
...
040 (8180963.006.000) 2026-06-24 12:48:03 Finished transferring output files
...
004 (8180963.006.000) 2026-06-24 12:48:03 Job was evicted.
	(0) Job terminated and was requeued
		Usr 0 00:00:18, Sys 0 00:00:02  -  Run Remote Usage
		Usr 0 00:00:00, Sys 0 00:00:00  -  Run Local Usage
	15441  -  Run Bytes Sent By Job
	2781805403  -  Run Bytes Received By Job
	(1) Normal termination (return value 1)
	The job attribute OnExitRemove expression 'NumJobCompletions > JobMaxRetries || ExitCode =?= 0' evaluated to FALSE
...
040 (8180963.006.000) 2026-06-24 12:48:22 Started transferring input files
	Transferring to host: <128.105.68.166:9618?addrs=128.105.68.166-9618+[2607-f388-2200-100-b62e-99ff-feb7-2e2d]-9618&alias=gpulab2001.chtc.wisc.edu&noUDP&sock=slot2_2_11113_dd1d_61918>
...
040 (8180963.006.000) 2026-06-24 12:53:18 Finished transferring input files
...
001 (8180963.006.000) 2026-06-24 12:53:18 Job executing on host: <128.105.68.166:9618?addrs=128.105.68.166-9618+[2607-f388-2200-100-b62e-99ff-feb7-2e2d]-9618&alias=gpulab2001.chtc.wisc.edu&noUDP&sock=startd_10083_ad84>
	SlotName: slot2_2@gpulab2001.chtc.wisc.edu
	AvailableGPUs = { GPUs_GPU_5498e439 }
	CondorScratchDir = "/var/lib/condor/execute/slot2/dir_18038/scratch"
	Cpus = 1
	Disk = 16777216
	GPUs = 1
	GPUs_GPU_5498e439 = [ Id = "GPU-5498e439"; Capability = 7.5; DeviceName = "NVIDIA GeForce RTX 2080 Ti"; DeviceUuid = "5498e439-bec3-fa72-ed65-a45d5f53e1b5"; ECCEnabled = false; NvidiaDriver = "570.195.03"; DriverVersion = 12.8; DevicePciBusId = "0000:3E:00.0"; GlobalMemoryMb = 10823; MaxSupportedVersion = 12080 ]
	IoHeavy = 0
	Memory = 16384
...
040 (8180963.006.000) 2026-06-24 12:53:40 Started transferring output files
...
040 (8180963.006.000) 2026-06-24 12:53:40 Finished transferring output files
...
004 (8180963.006.000) 2026-06-24 12:53:41 Job was evicted.
	(0) Job terminated and was requeued
		Usr 0 00:00:19, Sys 0 00:00:02  -  Run Remote Usage
		Usr 0 00:00:00, Sys 0 00:00:00  -  Run Local Usage
	15441  -  Run Bytes Sent By Job
	2781805403  -  Run Bytes Received By Job
	(1) Normal termination (return value 1)
	The job attribute OnExitRemove expression 'NumJobCompletions > JobMaxRetries || ExitCode =?= 0' evaluated to FALSE
...
040 (8180963.006.000) 2026-06-24 12:54:23 Started transferring input files
	Transferring to host: <128.105.68.166:9618?addrs=128.105.68.166-9618+[2607-f388-2200-100-b62e-99ff-feb7-2e2d]-9618&alias=gpulab2001.chtc.wisc.edu&noUDP&sock=slot2_2_11113_dd1d_61923>
...
040 (8180963.006.000) 2026-06-24 13:00:39 Finished transferring input files
...
001 (8180963.006.000) 2026-06-24 13:00:39 Job executing on host: <128.105.68.166:9618?addrs=128.105.68.166-9618+[2607-f388-2200-100-b62e-99ff-feb7-2e2d]-9618&alias=gpulab2001.chtc.wisc.edu&noUDP&sock=startd_10083_ad84>
	SlotName: slot2_2@gpulab2001.chtc.wisc.edu
	AvailableGPUs = { GPUs_GPU_5498e439 }
	CondorScratchDir = "/var/lib/condor/execute/slot2/dir_24660/scratch"
	Cpus = 1
	Disk = 16777216
	GPUs = 1
	GPUs_GPU_5498e439 = [ Id = "GPU-5498e439"; Capability = 7.5; DeviceName = "NVIDIA GeForce RTX 2080 Ti"; DeviceUuid = "5498e439-bec3-fa72-ed65-a45d5f53e1b5"; ECCEnabled = false; NvidiaDriver = "570.195.03"; DriverVersion = 12.8; DevicePciBusId = "0000:3E:00.0"; GlobalMemoryMb = 10823; MaxSupportedVersion = 12080 ]
	IoHeavy = 0
	Memory = 16384
...
040 (8180963.006.000) 2026-06-24 13:01:00 Started transferring output files
...
040 (8180963.006.000) 2026-06-24 13:01:00 Finished transferring output files
...
004 (8180963.006.000) 2026-06-24 13:01:00 Job was evicted.
	(0) Job terminated and was requeued
		Usr 0 00:00:18, Sys 0 00:00:02  -  Run Remote Usage
		Usr 0 00:00:00, Sys 0 00:00:00  -  Run Local Usage
	15441  -  Run Bytes Sent By Job
	2781805403  -  Run Bytes Received By Job
	(1) Normal termination (return value 1)
	The job attribute OnExitRemove expression 'NumJobCompletions > JobMaxRetries || ExitCode =?= 0' evaluated to FALSE
...
040 (8180963.006.000) 2026-06-24 13:01:16 Started transferring input files
	Transferring to host: <128.105.68.166:9618?addrs=128.105.68.166-9618+[2607-f388-2200-100-b62e-99ff-feb7-2e2d]-9618&alias=gpulab2001.chtc.wisc.edu&noUDP&sock=slot2_2_11113_dd1d_61941>
...
040 (8180963.006.000) 2026-06-24 13:05:10 Finished transferring input files
...
001 (8180963.006.000) 2026-06-24 13:05:10 Job executing on host: <128.105.68.166:9618?addrs=128.105.68.166-9618+[2607-f388-2200-100-b62e-99ff-feb7-2e2d]-9618&alias=gpulab2001.chtc.wisc.edu&noUDP&sock=startd_10083_ad84>
	SlotName: slot2_2@gpulab2001.chtc.wisc.edu
	AvailableGPUs = { GPUs_GPU_5498e439 }
	CondorScratchDir = "/var/lib/condor/execute/slot2/dir_28805/scratch"
	Cpus = 1
	Disk = 16777216
	GPUs = 1
	GPUs_GPU_5498e439 = [ Id = "GPU-5498e439"; Capability = 7.5; DeviceName = "NVIDIA GeForce RTX 2080 Ti"; DeviceUuid = "5498e439-bec3-fa72-ed65-a45d5f53e1b5"; ECCEnabled = false; NvidiaDriver = "570.195.03"; DriverVersion = 12.8; DevicePciBusId = "0000:3E:00.0"; GlobalMemoryMb = 10823; MaxSupportedVersion = 12080 ]
	IoHeavy = 0
	Memory = 16384
...
040 (8180963.006.000) 2026-06-24 13:05:33 Started transferring output files
...
040 (8180963.006.000) 2026-06-24 13:05:33 Finished transferring output files
...
004 (8180963.006.000) 2026-06-24 13:05:33 Job was evicted.
	(0) Job terminated and was requeued
		Usr 0 00:00:19, Sys 0 00:00:02  -  Run Remote Usage
		Usr 0 00:00:00, Sys 0 00:00:00  -  Run Local Usage
	15441  -  Run Bytes Sent By Job
	2701753179  -  Run Bytes Received By Job
	(1) Normal termination (return value 1)
	The job attribute OnExitRemove expression 'NumJobCompletions > JobMaxRetries || ExitCode =?= 0' evaluated to FALSE
...
040 (8180963.006.000) 2026-06-24 13:05:37 Started transferring input files
	Transferring to host: <128.105.68.100:9618?addrs=128.105.68.100-9618+[2607-f388-2200-100-ac0-ebff-fe99-9a48]-9618&alias=gpu2008.chtc.wisc.edu&noUDP&sock=slot2_4_160879_8f27_91446>
...
040 (8180963.006.000) 2026-06-24 13:24:18 Finished transferring input files
...
001 (8180963.006.000) 2026-06-24 13:24:18 Job executing on host: <128.105.68.100:9618?addrs=128.105.68.100-9618+[2607-f388-2200-100-ac0-ebff-fe99-9a48]-9618&alias=gpu2008.chtc.wisc.edu&noUDP&sock=startd_12349_f71f>
	SlotName: slot2_4@gpu2008.chtc.wisc.edu
	AvailableGPUs = { GPUs_GPU_7067f38b_b4c2_5568_ec82_f698473ddd07 }
	CondorScratchDir = "/var/lib/condor/execute/slot2/dir_1030765/scratch"
	Cpus = 1
	Disk = 16777216
	GPUs = 1
	GPUs_GPU_7067f38b_b4c2_5568_ec82_f698473ddd07 = [ Id = "GPU-7067f38b-b4c2-5568-ec82-f698473ddd07"; Capability = 8.0; DeviceName = "NVIDIA A100-SXM4-80GB"; DeviceUuid = "7067f38b-b4c2-5568-ec82-f698473ddd07"; ECCEnabled = true; NvidiaDriver = "570.195.03"; DriverVersion = 12.8; DevicePciBusId = "0000:C1:00.0"; GlobalMemoryMb = 81154; MaxSupportedVersion = 12080 ]
	Memory = 16384
...
006 (8180963.006.000) 2026-06-24 13:24:27 Image size of job updated: 750000
	402  -  MemoryUsage of job (MB)
	411348  -  ResidentSetSize of job (KB)
...
006 (8180963.006.000) 2026-06-24 13:24:34 Image size of job updated: 750000
	402  -  MemoryUsage of job (MB)
	411552  -  ResidentSetSize of job (KB)
...
040 (8180963.006.000) 2026-06-24 13:24:34 Started transferring output files
...
040 (8180963.006.000) 2026-06-24 13:24:34 Finished transferring output files
...
004 (8180963.006.000) 2026-06-24 13:24:35 Job was evicted.
	(0) Job terminated and was requeued
		Usr 0 00:00:12, Sys 0 00:00:03  -  Run Remote Usage
		Usr 0 00:00:00, Sys 0 00:00:00  -  Run Local Usage
	15425  -  Run Bytes Sent By Job
	2623241051  -  Run Bytes Received By Job
	(1) Normal termination (return value 1)
	The job attribute OnExitRemove expression 'NumJobCompletions > JobMaxRetries || ExitCode =?= 0' evaluated to FALSE
...
040 (8180963.006.000) 2026-06-24 13:25:23 Started transferring input files
	Transferring to host: <128.105.68.100:9618?addrs=128.105.68.100-9618+[2607-f388-2200-100-ac0-ebff-fe99-9a48]-9618&alias=gpu2008.chtc.wisc.edu&noUDP&sock=slot2_4_160879_8f27_91481>
...
040 (8180963.006.000) 2026-06-24 13:33:17 Finished transferring input files
...
001 (8180963.006.000) 2026-06-24 13:33:17 Job executing on host: <128.105.68.100:9618?addrs=128.105.68.100-9618+[2607-f388-2200-100-ac0-ebff-fe99-9a48]-9618&alias=gpu2008.chtc.wisc.edu&noUDP&sock=startd_12349_f71f>
	SlotName: slot2_4@gpu2008.chtc.wisc.edu
	AvailableGPUs = { GPUs_GPU_7067f38b_b4c2_5568_ec82_f698473ddd07 }
	CondorScratchDir = "/var/lib/condor/execute/slot2/dir_1042880/scratch"
	Cpus = 1
	Disk = 16777216
	GPUs = 1
	GPUs_GPU_7067f38b_b4c2_5568_ec82_f698473ddd07 = [ Id = "GPU-7067f38b-b4c2-5568-ec82-f698473ddd07"; Capability = 8.0; DeviceName = "NVIDIA A100-SXM4-80GB"; DeviceUuid = "7067f38b-b4c2-5568-ec82-f698473ddd07"; ECCEnabled = true; NvidiaDriver = "570.195.03"; DriverVersion = 12.8; DevicePciBusId = "0000:C1:00.0"; GlobalMemoryMb = 81154; MaxSupportedVersion = 12080 ]
	Memory = 16384
...
040 (8180963.006.000) 2026-06-24 13:33:34 Started transferring output files
...
040 (8180963.006.000) 2026-06-24 13:33:34 Finished transferring output files
...
004 (8180963.006.000) 2026-06-24 13:33:35 Job was evicted.
	(0) Job terminated and was requeued
		Usr 0 00:00:13, Sys 0 00:00:03  -  Run Remote Usage
		Usr 0 00:00:00, Sys 0 00:00:00  -  Run Local Usage
	15428  -  Run Bytes Sent By Job
	2618227547  -  Run Bytes Received By Job
	(1) Normal termination (return value 1)
	The job attribute OnExitRemove expression 'NumJobCompletions > JobMaxRetries || ExitCode =?= 0' evaluated to FALSE
...
040 (8180963.006.000) 2026-06-24 13:34:09 Started transferring input files
	Transferring to host: <128.105.69.47:9618?addrs=128.105.69.47-9618+[2607-f388-2200-100-527c-6fff-fe66-eac6]-9618&alias=amuraligpu4000.chtc.wisc.edu&noUDP&sock=backfill1_2_1332502_f3e3_101340>
...
040 (8180963.006.000) 2026-06-24 13:36:56 Finished transferring input files
...
001 (8180963.006.000) 2026-06-24 13:36:56 Job executing on host: <128.105.69.47:9618?addrs=128.105.69.47-9618+[2607-f388-2200-100-527c-6fff-fe66-eac6]-9618&alias=amuraligpu4000.chtc.wisc.edu&noUDP&sock=startd_11579_cf33>
	SlotName: backfill1_2@amuraligpu4000.chtc.wisc.edu
	AvailableGPUs = { GPUs_GPU_427daf99 }
	CondorScratchDir = "/var/lib/condor/execute/slot1/dir_1051903/scratch"
	Cpus = 1
	Disk = 16777216
	GPUs = 1
	GPUs_GPU_427daf99 = [ Id = "GPU-427daf99"; Capability = 8.9; DeviceName = "NVIDIA L40S"; DeviceUuid = "427daf99-2eeb-2414-ff18-db20758df09d"; ECCEnabled = true; NvidiaDriver = "570.195.03"; DriverVersion = 12.8; DevicePciBusId = "0000:CF:00.0"; GlobalMemoryMb = 45468; MaxSupportedVersion = 12080 ]
	IoHeavy = 0
	Memory = 16384
...
040 (8180963.006.000) 2026-06-24 13:37:10 Started transferring output files
...
040 (8180963.006.000) 2026-06-24 13:37:10 Finished transferring output files
...
004 (8180963.006.000) 2026-06-24 13:37:10 Job was evicted.
	(0) Job terminated and was requeued
		Usr 0 00:00:10, Sys 0 00:00:01  -  Run Remote Usage
		Usr 0 00:00:00, Sys 0 00:00:00  -  Run Local Usage
	15462  -  Run Bytes Sent By Job
	2646096731  -  Run Bytes Received By Job
	(1) Normal termination (return value 1)
	The job attribute OnExitRemove expression 'NumJobCompletions > JobMaxRetries || ExitCode =?= 0' evaluated to FALSE
...
040 (8180963.006.000) 2026-06-24 13:37:46 Started transferring input files
	Transferring to host: <128.105.69.47:9618?addrs=128.105.69.47-9618+[2607-f388-2200-100-527c-6fff-fe66-eac6]-9618&alias=amuraligpu4000.chtc.wisc.edu&noUDP&sock=backfill1_2_1332502_f3e3_101345>
...
040 (8180963.006.000) 2026-06-24 13:45:23 Finished transferring input files
...
001 (8180963.006.000) 2026-06-24 13:45:23 Job executing on host: <128.105.69.47:9618?addrs=128.105.69.47-9618+[2607-f388-2200-100-527c-6fff-fe66-eac6]-9618&alias=amuraligpu4000.chtc.wisc.edu&noUDP&sock=startd_11579_cf33>
	SlotName: backfill1_2@amuraligpu4000.chtc.wisc.edu
	AvailableGPUs = { GPUs_GPU_427daf99 }
	CondorScratchDir = "/var/lib/condor/execute/slot1/dir_1052937/scratch"
	Cpus = 1
	Disk = 16777216
	GPUs = 1
	GPUs_GPU_427daf99 = [ Id = "GPU-427daf99"; Capability = 8.9; DeviceName = "NVIDIA L40S"; DeviceUuid = "427daf99-2eeb-2414-ff18-db20758df09d"; ECCEnabled = true; NvidiaDriver = "570.195.03"; DriverVersion = 12.8; DevicePciBusId = "0000:CF:00.0"; GlobalMemoryMb = 45468; MaxSupportedVersion = 12080 ]
	IoHeavy = 0
	Memory = 16384
...
040 (8180963.006.000) 2026-06-24 13:45:37 Started transferring output files
...
040 (8180963.006.000) 2026-06-24 13:45:37 Finished transferring output files
...
004 (8180963.006.000) 2026-06-24 13:45:38 Job was evicted.
	(0) Job terminated and was requeued
		Usr 0 00:00:10, Sys 0 00:00:01  -  Run Remote Usage
		Usr 0 00:00:00, Sys 0 00:00:00  -  Run Local Usage
	15462  -  Run Bytes Sent By Job
	2198240091  -  Run Bytes Received By Job
	(1) Normal termination (return value 1)
	The job attribute OnExitRemove expression 'NumJobCompletions > JobMaxRetries || ExitCode =?= 0' evaluated to FALSE
...
040 (8180963.006.000) 2026-06-24 13:46:23 Started transferring input files
	Transferring to host: <128.105.69.47:9618?addrs=128.105.69.47-9618+[2607-f388-2200-100-527c-6fff-fe66-eac6]-9618&alias=amuraligpu4000.chtc.wisc.edu&noUDP&sock=backfill1_2_1332502_f3e3_101367>
...
040 (8180963.006.000) 2026-06-24 13:49:55 Finished transferring input files
...
001 (8180963.006.000) 2026-06-24 13:49:55 Job executing on host: <128.105.69.47:9618?addrs=128.105.69.47-9618+[2607-f388-2200-100-527c-6fff-fe66-eac6]-9618&alias=amuraligpu4000.chtc.wisc.edu&noUDP&sock=startd_11579_cf33>
	SlotName: backfill1_2@amuraligpu4000.chtc.wisc.edu
	AvailableGPUs = { GPUs_GPU_427daf99 }
	CondorScratchDir = "/var/lib/condor/execute/slot1/dir_1056956/scratch"
	Cpus = 1
	Disk = 16777216
	GPUs = 1
	GPUs_GPU_427daf99 = [ Id = "GPU-427daf99"; Capability = 8.9; DeviceName = "NVIDIA L40S"; DeviceUuid = "427daf99-2eeb-2414-ff18-db20758df09d"; ECCEnabled = true; NvidiaDriver = "570.195.03"; DriverVersion = 12.8; DevicePciBusId = "0000:CF:00.0"; GlobalMemoryMb = 45468; MaxSupportedVersion = 12080 ]
	IoHeavy = 0
	Memory = 16384
...
040 (8180963.006.000) 2026-06-24 13:50:10 Started transferring output files
...
040 (8180963.006.000) 2026-06-24 13:50:10 Finished transferring output files
...
004 (8180963.006.000) 2026-06-24 13:50:11 Job was evicted.
	(0) Job terminated and was requeued
		Usr 0 00:00:10, Sys 0 00:00:02  -  Run Remote Usage
		Usr 0 00:00:00, Sys 0 00:00:00  -  Run Local Usage
	15462  -  Run Bytes Sent By Job
	2570025819  -  Run Bytes Received By Job
	(1) Normal termination (return value 1)
	The job attribute OnExitRemove expression 'NumJobCompletions > JobMaxRetries || ExitCode =?= 0' evaluated to FALSE
...
040 (8180963.006.000) 2026-06-24 13:50:47 Started transferring input files
	Transferring to host: <128.105.69.47:9618?addrs=128.105.69.47-9618+[2607-f388-2200-100-527c-6fff-fe66-eac6]-9618&alias=amuraligpu4000.chtc.wisc.edu&noUDP&sock=backfill1_2_1332502_f3e3_101372>
...
040 (8180963.006.000) 2026-06-24 14:08:02 Finished transferring input files
...
001 (8180963.006.000) 2026-06-24 14:08:02 Job executing on host: <128.105.69.47:9618?addrs=128.105.69.47-9618+[2607-f388-2200-100-527c-6fff-fe66-eac6]-9618&alias=amuraligpu4000.chtc.wisc.edu&noUDP&sock=startd_11579_cf33>
	SlotName: backfill1_2@amuraligpu4000.chtc.wisc.edu
	AvailableGPUs = { GPUs_GPU_427daf99 }
	CondorScratchDir = "/var/lib/condor/execute/slot1/dir_1058756/scratch"
	Cpus = 1
	Disk = 16777216
	GPUs = 1
	GPUs_GPU_427daf99 = [ Id = "GPU-427daf99"; Capability = 8.9; DeviceName = "NVIDIA L40S"; DeviceUuid = "427daf99-2eeb-2414-ff18-db20758df09d"; ECCEnabled = true; NvidiaDriver = "570.195.03"; DriverVersion = 12.8; DevicePciBusId = "0000:CF:00.0"; GlobalMemoryMb = 45468; MaxSupportedVersion = 12080 ]
	IoHeavy = 0
	Memory = 16384
...
006 (8180963.006.000) 2026-06-24 14:08:11 Image size of job updated: 750000
	441  -  MemoryUsage of job (MB)
	450988  -  ResidentSetSize of job (KB)
...
006 (8180963.006.000) 2026-06-24 14:08:16 Image size of job updated: 750000
	441  -  MemoryUsage of job (MB)
	451004  -  ResidentSetSize of job (KB)
...
040 (8180963.006.000) 2026-06-24 14:08:16 Started transferring output files
...
040 (8180963.006.000) 2026-06-24 14:08:16 Finished transferring output files
...
005 (8180963.006.000) 2026-06-24 14:08:17 Job terminated.
	(1) Normal termination (return value 1)
		Usr 0 00:00:10, Sys 0 00:00:01  -  Run Remote Usage
		Usr 0 00:00:00, Sys 0 00:00:00  -  Run Local Usage
		Usr 0 00:02:37, Sys 0 00:00:21  -  Total Remote Usage
		Usr 0 00:00:00, Sys 0 00:00:00  -  Total Local Usage
	15459  -  Run Bytes Sent By Job
	923646811  -  Run Bytes Received By Job
	169899  -  Total Bytes Sent By Job
	27408452841  -  Total Bytes Received By Job
	Partitionable Resources :      Usage  Request Allocated Assigned
	   Cpus                 :       0.02        1         1 
	   Disk (KB)            : 2717855    16777216  16777216 
	   GPUs                 :       0           1         1 "GPU-427daf99"
	   GpusMemory (MB)      :     605                       
	   IoHeavy              :                             0 
	   Memory (MB)          :     441       16384     16384 
	   TimeExecute (s)      :      14                       
	   TimeSlotBusy (s)     :    1049                       
...
