000 (8017966.897.000) 2026-06-20 22:07:54 Job submitted from host: <128.105.68.112:9618?addrs=128.105.68.112-9618+[2607-f388-2200-100-eaeb-d3ff-fea3-4202]-9618&alias=ap2001.chtc.wisc.edu&noUDP&sock=schedd_4071840_2329>
...
040 (8017966.897.000) 2026-06-21 05:23:57 Started transferring input files
	Transferring to host: <128.105.68.16:9618?addrs=128.105.68.16-9618+[2607-f388-2200-100-3eec-efff-fe0c-5412]-9618&alias=coba2000.chtc.wisc.edu&noUDP&sock=backfill1_2_1747599_5733_77196>
...
040 (8017966.897.000) 2026-06-21 05:24:19 Finished transferring input files
...
001 (8017966.897.000) 2026-06-21 05:24:19 Job executing on host: <128.105.68.16:9618?addrs=128.105.68.16-9618+[2607-f388-2200-100-3eec-efff-fe0c-5412]-9618&alias=coba2000.chtc.wisc.edu&noUDP&sock=startd_11607_03da>
	SlotName: backfill1_2@coba2000.chtc.wisc.edu
	AvailableGPUs = { GPUs_GPU_110a08e4 }
	CondorScratchDir = "/var/lib/condor/execute/slot1/dir_1703212/scratch"
	Cpus = 1
	Disk = 16777216
	GPUs = 1
	GPUs_GPU_110a08e4 = [ Id = "GPU-110a08e4"; Capability = 8.0; DeviceName = "NVIDIA A100-SXM4-40GB"; DeviceUuid = "110a08e4-1c0c-334c-f62b-ce1bf355d691"; ECCEnabled = true; NvidiaDriver = "570.195.03"; DriverVersion = 12.8; DevicePciBusId = "0000:81:00.0"; GlobalMemoryMb = 40442; MaxSupportedVersion = 12080 ]
	IoHeavy = 0
	Memory = 16384
...
006 (8017966.897.000) 2026-06-21 05:24:28 Image size of job updated: 381552
	373  -  MemoryUsage of job (MB)
	381552  -  ResidentSetSize of job (KB)
...
006 (8017966.897.000) 2026-06-21 05:29:29 Image size of job updated: 995112
	971  -  MemoryUsage of job (MB)
	993804  -  ResidentSetSize of job (KB)
...
006 (8017966.897.000) 2026-06-21 05:34:29 Image size of job updated: 995112
	971  -  MemoryUsage of job (MB)
	993976  -  ResidentSetSize of job (KB)
...
006 (8017966.897.000) 2026-06-21 05:39:30 Image size of job updated: 995668
	973  -  MemoryUsage of job (MB)
	995668  -  ResidentSetSize of job (KB)
...
006 (8017966.897.000) 2026-06-21 05:44:31 Image size of job updated: 998772
	976  -  MemoryUsage of job (MB)
	998772  -  ResidentSetSize of job (KB)
...
006 (8017966.897.000) 2026-06-21 05:49:31 Image size of job updated: 1002792
	980  -  MemoryUsage of job (MB)
	1002792  -  ResidentSetSize of job (KB)
...
006 (8017966.897.000) 2026-06-21 05:54:32 Image size of job updated: 1009340
	986  -  MemoryUsage of job (MB)
	1009340  -  ResidentSetSize of job (KB)
...
006 (8017966.897.000) 2026-06-21 05:59:32 Image size of job updated: 1014968
	992  -  MemoryUsage of job (MB)
	1014968  -  ResidentSetSize of job (KB)
...
006 (8017966.897.000) 2026-06-21 06:09:33 Image size of job updated: 1015600
	992  -  MemoryUsage of job (MB)
	1015600  -  ResidentSetSize of job (KB)
...
006 (8017966.897.000) 2026-06-21 06:14:33 Image size of job updated: 1022224
	999  -  MemoryUsage of job (MB)
	1022224  -  ResidentSetSize of job (KB)
...
006 (8017966.897.000) 2026-06-21 06:19:34 Image size of job updated: 1025484
	1002  -  MemoryUsage of job (MB)
	1025484  -  ResidentSetSize of job (KB)
...
006 (8017966.897.000) 2026-06-21 06:24:34 Image size of job updated: 1026988
	1002  -  MemoryUsage of job (MB)
	1025484  -  ResidentSetSize of job (KB)
...
040 (8017966.897.000) 2026-06-21 06:34:32 Started transferring output files
...
040 (8017966.897.000) 2026-06-21 06:34:32 Finished transferring output files
...
005 (8017966.897.000) 2026-06-21 06:34:33 Job terminated.
	(1) Normal termination (return value 0)
		Usr 0 01:10:19, Sys 0 00:32:40  -  Run Remote Usage
		Usr 0 00:00:00, Sys 0 00:00:00  -  Run Local Usage
		Usr 0 01:10:19, Sys 0 00:32:40  -  Total Remote Usage
		Usr 0 00:00:00, Sys 0 00:00:00  -  Total Local Usage
	2694984  -  Run Bytes Sent By Job
	2781927085  -  Run Bytes Received By Job
	2694984  -  Total Bytes Sent By Job
	2781927085  -  Total Bytes Received By Job
	Partitionable Resources :      Usage  Request Allocated Assigned
	   Cpus                 :       0.99        1         1 
	   Disk (KB)            : 2730101    16777216  16777216 
	   GPUs                 :       0.78        1         1 "GPU-110a08e4"
	   GpusMemory (MB)      :    6531                       
	   IoHeavy              :                             0 
	   Memory (MB)          :    1002       16384     16384 
	   TimeExecute (s)      :    4213                       
	   TimeSlotBusy (s)     :    4235                       
...
