000 (8180963.052.000) 2026-06-24 12:19:47 Job submitted from host: <128.105.68.112:9618?addrs=128.105.68.112-9618+[2607-f388-2200-100-eaeb-d3ff-fea3-4202]-9618&alias=ap2001.chtc.wisc.edu&noUDP&sock=schedd_4071840_2329>
...
040 (8180963.052.000) 2026-06-24 13:23:30 Started transferring input files
	Transferring to host: <128.104.100.117:9618?addrs=128.104.100.117-9618+[2607-f388-107c-501-8ae9-a4ff-fe02-e150]-9618&alias=jcaicedogpu0003.chtc.wisc.edu&noUDP&sock=backfill1_7_1586877_26eb_110898>
...
040 (8180963.052.000) 2026-06-24 13:23:34 Finished transferring input files
...
022 (8180963.052.000) 2026-06-24 13:23:34 Job disconnected, attempting to reconnect
    Socket between submit and execute hosts closed unexpectedly
    Trying to reconnect to backfill1_7@jcaicedogpu0003.chtc.wisc.edu <128.104.100.117:9618?addrs=128.104.100.117-9618+[2607-f388-107c-501-8ae9-a4ff-fe02-e150]-9618&alias=jcaicedogpu0003.chtc.wisc.edu&noUDP&sock=startd_10874_3cee>
...
024 (8180963.052.000) 2026-06-24 13:23:35 Job reconnection failed
    Job not found at execution machine
    Can not reconnect to backfill1_7@jcaicedogpu0003.chtc.wisc.edu, rescheduling job
...
004 (8180963.052.000) 2026-06-24 13:23:35 Job was evicted. Code 1008 Subcode 0
	(0) CPU times
		Usr 0 00:00:00, Sys 0 00:00:00  -  Run Remote Usage
		Usr 0 00:00:00, Sys 0 00:00:00  -  Run Local Usage
	0  -  Run Bytes Sent By Job
	0  -  Run Bytes Received By Job
	Reason: Job not found at execution machine
	Partitionable Resources :    Usage  Request Allocated Assigned
	   Cpus                 :     0.10        1         1 
	   Disk (KB)            :  5819    16777216  16777216 
	   GPUs                 :     0           1         1 "GPU-c23ee0d5"
	   IoHeavy              :                           0 
	   Memory (MB)          :             16384     16384 
...
040 (8180963.052.000) 2026-06-24 13:26:37 Started transferring input files
	Transferring to host: <128.104.100.17:9618?addrs=128.104.100.17-9618+[2607-f388-107c-501-527c-6fff-fe66-e9bc]-9618&alias=jcaicedogpu0002.chtc.wisc.edu&noUDP&sock=backfill1_5_2855957_d182_100881>
...
040 (8180963.052.000) 2026-06-24 13:26:40 Finished transferring input files
...
022 (8180963.052.000) 2026-06-24 13:26:40 Job disconnected, attempting to reconnect
    Socket between submit and execute hosts closed unexpectedly
    Trying to reconnect to backfill1_5@jcaicedogpu0002.chtc.wisc.edu <128.104.100.17:9618?addrs=128.104.100.17-9618+[2607-f388-107c-501-527c-6fff-fe66-e9bc]-9618&alias=jcaicedogpu0002.chtc.wisc.edu&noUDP&sock=startd_11788_2a7e>
...
024 (8180963.052.000) 2026-06-24 13:26:40 Job reconnection failed
    Job not found at execution machine
    Can not reconnect to backfill1_5@jcaicedogpu0002.chtc.wisc.edu, rescheduling job
...
004 (8180963.052.000) 2026-06-24 13:26:40 Job was evicted. Code 1008 Subcode 0
	(0) CPU times
		Usr 0 00:00:00, Sys 0 00:00:00  -  Run Remote Usage
		Usr 0 00:00:00, Sys 0 00:00:00  -  Run Local Usage
	0  -  Run Bytes Sent By Job
	0  -  Run Bytes Received By Job
	Reason: Job not found at execution machine
	Partitionable Resources :    Usage  Request Allocated Assigned
	   Cpus                 :     0.10        1         1 
	   Disk (KB)            : 12060    16777216  16777216 
	   GPUs                 :     0           1         1 "GPU-08a5b939"
	   IoHeavy              :                           0 
	   Memory (MB)          :             16384     16384 
...
040 (8180963.052.000) 2026-06-24 13:30:26 Started transferring input files
	Transferring to host: <128.104.100.17:9618?addrs=128.104.100.17-9618+[2607-f388-107c-501-527c-6fff-fe66-e9bc]-9618&alias=jcaicedogpu0002.chtc.wisc.edu&noUDP&sock=backfill1_5_2855957_d182_100902>
...
040 (8180963.052.000) 2026-06-24 13:30:29 Finished transferring input files
...
022 (8180963.052.000) 2026-06-24 13:30:29 Job disconnected, attempting to reconnect
    Socket between submit and execute hosts closed unexpectedly
    Trying to reconnect to backfill1_5@jcaicedogpu0002.chtc.wisc.edu <128.104.100.17:9618?addrs=128.104.100.17-9618+[2607-f388-107c-501-527c-6fff-fe66-e9bc]-9618&alias=jcaicedogpu0002.chtc.wisc.edu&noUDP&sock=startd_11788_2a7e>
...
024 (8180963.052.000) 2026-06-24 13:30:31 Job reconnection failed
    Job not found at execution machine
    Can not reconnect to backfill1_5@jcaicedogpu0002.chtc.wisc.edu, rescheduling job
...
004 (8180963.052.000) 2026-06-24 13:30:36 Job was evicted. Code 1008 Subcode 0
	(0) CPU times
		Usr 0 00:00:00, Sys 0 00:00:00  -  Run Remote Usage
		Usr 0 00:00:00, Sys 0 00:00:00  -  Run Local Usage
	0  -  Run Bytes Sent By Job
	0  -  Run Bytes Received By Job
	Reason: Job not found at execution machine
	Partitionable Resources :     Usage  Request Allocated Assigned
	   Cpus                 :      0.22        1         1 
	   Disk (KB)            : 223876    16777216  16777216 
	   GPUs                 :      0           1         1 "GPU-08a5b939"
	   IoHeavy              :                            0 
	   Memory (MB)          :              16384     16384 
...
040 (8180963.052.000) 2026-06-24 13:33:32 Started transferring input files
	Transferring to host: <128.104.100.17:9618?addrs=128.104.100.17-9618+[2607-f388-107c-501-527c-6fff-fe66-e9bc]-9618&alias=jcaicedogpu0002.chtc.wisc.edu&noUDP&sock=backfill1_4_2855957_d182_100931>
...
040 (8180963.052.000) 2026-06-24 13:33:38 Finished transferring input files
...
022 (8180963.052.000) 2026-06-24 13:33:38 Job disconnected, attempting to reconnect
    Socket between submit and execute hosts closed unexpectedly
    Trying to reconnect to backfill1_4@jcaicedogpu0002.chtc.wisc.edu <128.104.100.17:9618?addrs=128.104.100.17-9618+[2607-f388-107c-501-527c-6fff-fe66-e9bc]-9618&alias=jcaicedogpu0002.chtc.wisc.edu&noUDP&sock=startd_11788_2a7e>
...
024 (8180963.052.000) 2026-06-24 13:33:47 Job reconnection failed
    Job not found at execution machine
    Can not reconnect to backfill1_4@jcaicedogpu0002.chtc.wisc.edu, rescheduling job
...
004 (8180963.052.000) 2026-06-24 13:33:47 Job was evicted. Code 1008 Subcode 0
	(0) CPU times
		Usr 0 00:00:00, Sys 0 00:00:00  -  Run Remote Usage
		Usr 0 00:00:00, Sys 0 00:00:00  -  Run Local Usage
	0  -  Run Bytes Sent By Job
	0  -  Run Bytes Received By Job
	Reason: Job not found at execution machine
	Partitionable Resources :    Usage  Request Allocated Assigned
	   Cpus                 :        0        1         1 
	   Disk (KB)            :     7613 16777216  16777216 
	   GPUs                 :        0        1         1 "GPU-8f76f793"
	   IoHeavy              :                           0 
	   Memory (MB)          :             16384     16384 
...
040 (8180963.052.000) 2026-06-24 13:36:38 Started transferring input files
	Transferring to host: <128.104.100.17:9618?addrs=128.104.100.17-9618+[2607-f388-107c-501-527c-6fff-fe66-e9bc]-9618&alias=jcaicedogpu0002.chtc.wisc.edu&noUDP&sock=backfill1_4_2855957_d182_100947>
...
040 (8180963.052.000) 2026-06-24 13:38:56 Finished transferring input files
...
022 (8180963.052.000) 2026-06-24 13:38:56 Job disconnected, attempting to reconnect
    Socket between submit and execute hosts closed unexpectedly
    Trying to reconnect to backfill1_4@jcaicedogpu0002.chtc.wisc.edu <128.104.100.17:9618?addrs=128.104.100.17-9618+[2607-f388-107c-501-527c-6fff-fe66-e9bc]-9618&alias=jcaicedogpu0002.chtc.wisc.edu&noUDP&sock=startd_11788_2a7e>
...
024 (8180963.052.000) 2026-06-24 13:39:04 Job reconnection failed
    Job not found at execution machine
    Can not reconnect to backfill1_4@jcaicedogpu0002.chtc.wisc.edu, rescheduling job
...
004 (8180963.052.000) 2026-06-24 13:39:04 Job was evicted. Code 1008 Subcode 0
	(0) CPU times
		Usr 0 00:00:00, Sys 0 00:00:00  -  Run Remote Usage
		Usr 0 00:00:00, Sys 0 00:00:00  -  Run Local Usage
	0  -  Run Bytes Sent By Job
	0  -  Run Bytes Received By Job
	Reason: Job not found at execution machine
	Partitionable Resources :     Usage  Request Allocated Assigned
	   Cpus                 :      0.03        1         1 
	   Disk (KB)            : 140348    16777216  16777216 
	   GPUs                 :      0           1         1 "GPU-8f76f793"
	   IoHeavy              :                            0 
	   Memory (MB)          :              16384     16384 
...
040 (8180963.052.000) 2026-06-24 13:41:55 Started transferring input files
	Transferring to host: <128.104.100.17:9618?addrs=128.104.100.17-9618+[2607-f388-107c-501-527c-6fff-fe66-e9bc]-9618&alias=jcaicedogpu0002.chtc.wisc.edu&noUDP&sock=backfill1_4_2855957_d182_100971>
...
040 (8180963.052.000) 2026-06-24 13:42:00 Finished transferring input files
...
022 (8180963.052.000) 2026-06-24 13:42:00 Job disconnected, attempting to reconnect
    Socket between submit and execute hosts closed unexpectedly
    Trying to reconnect to backfill1_4@jcaicedogpu0002.chtc.wisc.edu <128.104.100.17:9618?addrs=128.104.100.17-9618+[2607-f388-107c-501-527c-6fff-fe66-e9bc]-9618&alias=jcaicedogpu0002.chtc.wisc.edu&noUDP&sock=startd_11788_2a7e>
...
024 (8180963.052.000) 2026-06-24 13:42:01 Job reconnection failed
    Job not found at execution machine
    Can not reconnect to backfill1_4@jcaicedogpu0002.chtc.wisc.edu, rescheduling job
...
004 (8180963.052.000) 2026-06-24 13:42:01 Job was evicted. Code 1008 Subcode 0
	(0) CPU times
		Usr 0 00:00:00, Sys 0 00:00:00  -  Run Remote Usage
		Usr 0 00:00:00, Sys 0 00:00:00  -  Run Local Usage
	0  -  Run Bytes Sent By Job
	0  -  Run Bytes Received By Job
	Reason: Job not found at execution machine
	Partitionable Resources :    Usage  Request Allocated Assigned
	   Cpus                 :        0        1         1 
	   Disk (KB)            :     7869 16777216  16777216 
	   GPUs                 :        0        1         1 "GPU-8f76f793"
	   IoHeavy              :                           0 
	   Memory (MB)          :             16384     16384 
...
040 (8180963.052.000) 2026-06-24 13:45:04 Started transferring input files
	Transferring to host: <128.104.100.17:9618?addrs=128.104.100.17-9618+[2607-f388-107c-501-527c-6fff-fe66-e9bc]-9618&alias=jcaicedogpu0002.chtc.wisc.edu&noUDP&sock=backfill1_3_2855957_d182_101000>
...
040 (8180963.052.000) 2026-06-24 13:45:10 Finished transferring input files
...
022 (8180963.052.000) 2026-06-24 13:45:10 Job disconnected, attempting to reconnect
    Socket between submit and execute hosts closed unexpectedly
    Trying to reconnect to backfill1_3@jcaicedogpu0002.chtc.wisc.edu <128.104.100.17:9618?addrs=128.104.100.17-9618+[2607-f388-107c-501-527c-6fff-fe66-e9bc]-9618&alias=jcaicedogpu0002.chtc.wisc.edu&noUDP&sock=startd_11788_2a7e>
...
024 (8180963.052.000) 2026-06-24 13:45:12 Job reconnection failed
    Job not found at execution machine
    Can not reconnect to backfill1_3@jcaicedogpu0002.chtc.wisc.edu, rescheduling job
...
004 (8180963.052.000) 2026-06-24 13:45:13 Job was evicted. Code 1008 Subcode 0
	(0) CPU times
		Usr 0 00:00:00, Sys 0 00:00:00  -  Run Remote Usage
		Usr 0 00:00:00, Sys 0 00:00:00  -  Run Local Usage
	0  -  Run Bytes Sent By Job
	0  -  Run Bytes Received By Job
	Reason: Job not found at execution machine
	Partitionable Resources :      Usage  Request Allocated Assigned
	   Cpus                 :       0.91        1         1 
	   Disk (KB)            : 1854012    16777216  16777216 
	   GPUs                 :       0           1         1 "GPU-4bcd09a1"
	   IoHeavy              :                             0 
	   Memory (MB)          :               16384     16384 
...
040 (8180963.052.000) 2026-06-24 13:48:17 Started transferring input files
	Transferring to host: <128.104.100.117:9618?addrs=128.104.100.117-9618+[2607-f388-107c-501-8ae9-a4ff-fe02-e150]-9618&alias=jcaicedogpu0003.chtc.wisc.edu&noUDP&sock=backfill1_3_1586877_26eb_111045>
...
040 (8180963.052.000) 2026-06-24 13:48:21 Finished transferring input files
...
022 (8180963.052.000) 2026-06-24 13:48:21 Job disconnected, attempting to reconnect
    Socket between submit and execute hosts closed unexpectedly
    Trying to reconnect to backfill1_3@jcaicedogpu0003.chtc.wisc.edu <128.104.100.117:9618?addrs=128.104.100.117-9618+[2607-f388-107c-501-8ae9-a4ff-fe02-e150]-9618&alias=jcaicedogpu0003.chtc.wisc.edu&noUDP&sock=startd_10874_3cee>
...
024 (8180963.052.000) 2026-06-24 13:48:30 Job reconnection failed
    Job not found at execution machine
    Can not reconnect to backfill1_3@jcaicedogpu0003.chtc.wisc.edu, rescheduling job
...
004 (8180963.052.000) 2026-06-24 13:48:30 Job was evicted. Code 1008 Subcode 0
	(0) CPU times
		Usr 0 00:00:00, Sys 0 00:00:00  -  Run Remote Usage
		Usr 0 00:00:00, Sys 0 00:00:00  -  Run Local Usage
	0  -  Run Bytes Sent By Job
	0  -  Run Bytes Received By Job
	Reason: Job not found at execution machine
	Partitionable Resources :     Usage  Request Allocated Assigned
	   Cpus                 :      0.88        1         1 
	   Disk (KB)            : 760924    16777216  16777216 
	   GPUs                 :      0           1         1 "GPU-190464c1"
	   IoHeavy              :                            0 
	   Memory (MB)          :              16384     16384 
...
040 (8180963.052.000) 2026-06-24 13:50:57 Started transferring input files
	Transferring to host: <10.226.104.219:36189?CCBID=128.105.82.148:9618%3faddrs%3d128.105.82.148-9618+[2607-f388-2200-9d-7ccb-bc08-2489-7689]-9618%26alias%3dospool-ccb.osg.chtc.io%26noUDP%26sock%3dcollector8#4719000%2067.58.49.91:9618%3faddrs%3d67.58.49.91-9618+[fdf0-17b3-c3ec-1f79-10-0-d-2091]-9618%26alias%3dccb-2.ospool.osg-htc.org%26noUDP%26sock%3dcollector6#4712509&PrivNet=gpu019.rci.montana.edu&addrs=10.226.104.219-36189&alias=gpu019.rci.montana.edu&noUDP>
...
040 (8180963.052.000) 2026-06-24 13:55:51 Finished transferring input files
...
021 (8180963.052.000) 2026-06-24 13:55:51 Message from starter on slot1_2@glidein_35334_186129984@gpu019.rci.montana.edu:
	PREPARE_JOB (prepare-hook) succeeded (reported status 000): Using Singularity image openfe_1.11.1.sif
...
001 (8180963.052.000) 2026-06-24 13:55:51 Job executing on host: <10.226.104.219:41623?CCBID=128.105.82.148:9618%3faddrs%3d128.105.82.148-9618+[2607-f388-2200-9d-7ccb-bc08-2489-7689]-9618%26alias%3dospool-ccb.osg.chtc.io%26noUDP%26sock%3dcollector10#4713692%2067.58.49.91:9618%3faddrs%3d67.58.49.91-9618+[fdf0-17b3-c3ec-1f79-10-0-d-2091]-9618%26alias%3dccb-2.ospool.osg-htc.org%26noUDP%26sock%3dcollector10#4710044&PrivNet=gpu019.rci.montana.edu&addrs=10.226.104.219-41623&alias=gpu019.rci.montana.edu&noUDP>
	SlotName: slot1_2@glidein_35334_186129984@gpu019.rci.montana.edu
	AvailableGPUs = { GPUs_GPU_ec62e759 }
	CondorScratchDir = "/tmp/jobs/4125051/glide_s090gR/execute/dir_98930/scratch"
	Cpus = 1
	Disk = 16777216
	GPUs = 1
	GPUs_GPU_ec62e759 = [ Id = "GPU-ec62e759"; ClockMhz = 1980.0; Capability = 9.0; CoresPerCU = 128; DeviceName = "NVIDIA H100 80GB HBM3"; DeviceUuid = "ec62e759-2dcd-9df3-4a0c-3116e70e7956"; ECCEnabled = true; ComputeUnits = 132; NvidiaDriver = "595.71.05"; DriverVersion = 13.2; DevicePciBusId = "0000:CB:00.0"; GlobalMemoryMb = 81081; MaxSupportedVersion = 13020 ]
	Memory = 16384
...
006 (8180963.052.000) 2026-06-24 13:56:00 Image size of job updated: 18641868
	739  -  MemoryUsage of job (MB)
	756192  -  ResidentSetSize of job (KB)
...
006 (8180963.052.000) 2026-06-24 14:01:01 Image size of job updated: 64379128
	3590  -  MemoryUsage of job (MB)
	3675488  -  ResidentSetSize of job (KB)
...
006 (8180963.052.000) 2026-06-24 14:06:01 Image size of job updated: 64444664
	3590  -  MemoryUsage of job (MB)
	3675488  -  ResidentSetSize of job (KB)
...
006 (8180963.052.000) 2026-06-24 14:26:03 Image size of job updated: 64452844
	3599  -  MemoryUsage of job (MB)
	3684856  -  ResidentSetSize of job (KB)
...
006 (8180963.052.000) 2026-06-24 14:31:04 Image size of job updated: 64452844
	3599  -  MemoryUsage of job (MB)
	3684884  -  ResidentSetSize of job (KB)
...
006 (8180963.052.000) 2026-06-24 14:36:05 Image size of job updated: 64452844
	3603  -  MemoryUsage of job (MB)
	3688708  -  ResidentSetSize of job (KB)
...
006 (8180963.052.000) 2026-06-24 14:41:05 Image size of job updated: 64452844
	3603  -  MemoryUsage of job (MB)
	3688748  -  ResidentSetSize of job (KB)
...
006 (8180963.052.000) 2026-06-24 14:51:06 Image size of job updated: 64452844
	3628  -  MemoryUsage of job (MB)
	3714584  -  ResidentSetSize of job (KB)
...
006 (8180963.052.000) 2026-06-24 14:56:07 Image size of job updated: 64469204
	3649  -  MemoryUsage of job (MB)
	3735792  -  ResidentSetSize of job (KB)
...
006 (8180963.052.000) 2026-06-24 15:01:07 Image size of job updated: 64469204
	3650  -  MemoryUsage of job (MB)
	3737356  -  ResidentSetSize of job (KB)
...
006 (8180963.052.000) 2026-06-24 15:06:08 Image size of job updated: 64469204
	3660  -  MemoryUsage of job (MB)
	3747520  -  ResidentSetSize of job (KB)
...
006 (8180963.052.000) 2026-06-24 15:11:08 Image size of job updated: 64469204
	3667  -  MemoryUsage of job (MB)
	3754736  -  ResidentSetSize of job (KB)
...
006 (8180963.052.000) 2026-06-24 15:21:09 Image size of job updated: 64469204
	3667  -  MemoryUsage of job (MB)
	3754740  -  ResidentSetSize of job (KB)
...
006 (8180963.052.000) 2026-06-24 15:26:10 Image size of job updated: 64481476
	3680  -  MemoryUsage of job (MB)
	3767364  -  ResidentSetSize of job (KB)
...
006 (8180963.052.000) 2026-06-24 15:56:12 Image size of job updated: 64493748
	3692  -  MemoryUsage of job (MB)
	3779636  -  ResidentSetSize of job (KB)
...
006 (8180963.052.000) 2026-06-24 16:21:15 Image size of job updated: 64501928
	3700  -  MemoryUsage of job (MB)
	3787816  -  ResidentSetSize of job (KB)
...
040 (8180963.052.000) 2026-06-24 16:52:42 Started transferring output files
...
040 (8180963.052.000) 2026-06-24 16:52:49 Finished transferring output files
...
005 (8180963.052.000) 2026-06-24 16:52:49 Job terminated.
	(1) Normal termination (return value 0)
		Usr 0 02:53:38, Sys 0 00:07:07  -  Run Remote Usage
		Usr 0 00:00:00, Sys 0 00:00:00  -  Run Local Usage
		Usr 0 02:53:38, Sys 0 00:07:07  -  Total Remote Usage
		Usr 0 00:00:00, Sys 0 00:00:00  -  Total Local Usage
	3338058  -  Run Bytes Sent By Job
	2782715018  -  Run Bytes Received By Job
	3338058  -  Total Bytes Sent By Job
	2782715018  -  Total Bytes Received By Job
	Partitionable Resources :      Usage  Request Allocated Assigned
	   Cpus                 :       1.00        1         1 
	   Disk (KB)            : 2800583    16777216  16777216 
	   GPUs                 :       0.85        1         1 "GPU-ec62e759"
	   GpusMemory (MB)      :    8563                       
	   Memory (MB)          :    3700       16384     16384 
	   TimeExecute (s)      :   10611                       
	   TimeSlotBusy (s)     :   10913                       
...
