000 (8180963.090.000) 2026-06-24 12:19:47 Job submitted from host: <128.105.68.112:9618?addrs=128.105.68.112-9618+[2607-f388-2200-100-eaeb-d3ff-fea3-4202]-9618&alias=ap2001.chtc.wisc.edu&noUDP&sock=schedd_4071840_2329>
...
040 (8180963.090.000) 2026-06-24 15:02:18 Started transferring input files
	Transferring to host: <128.105.76.49:9618?addrs=128.105.76.49-9618+[2607-f388-2200-100-925a-8ff-fe34-145a]-9618&alias=dbrundagegpu5000.chtc.wisc.edu&noUDP&sock=backfill1_6_11993_e741_5946>
...
040 (8180963.090.000) 2026-06-24 15:02:38 Finished transferring input files
...
001 (8180963.090.000) 2026-06-24 15:02:38 Job executing on host: <128.105.76.49:9618?addrs=128.105.76.49-9618+[2607-f388-2200-100-925a-8ff-fe34-145a]-9618&alias=dbrundagegpu5000.chtc.wisc.edu&noUDP&sock=startd_11574_613a>
	SlotName: backfill1_6@dbrundagegpu5000.chtc.wisc.edu
	AvailableGPUs = { GPUs_GPU_d326747e }
	CondorScratchDir = "/var/lib/condor/execute/slot1/dir_567436/scratch"
	Cpus = 1
	Disk = 16777216
	GPUs = 1
	GPUs_GPU_d326747e = [ Id = "GPU-d326747e"; Capability = 8.9; DeviceName = "NVIDIA L40S"; DeviceUuid = "d326747e-f400-3637-3a4a-1ceff71a6e7e"; ECCEnabled = true; NvidiaDriver = "590.48.01"; DriverVersion = 13.1; DevicePciBusId = "0000:41:00.0"; GlobalMemoryMb = 45460; MaxSupportedVersion = 13010 ]
	IoHeavy = 0
	Memory = 16384
...
006 (8180963.090.000) 2026-06-24 15:02:47 Image size of job updated: 491352
	480  -  MemoryUsage of job (MB)
	491352  -  ResidentSetSize of job (KB)
...
006 (8180963.090.000) 2026-06-24 15:07:47 Image size of job updated: 5576712
	4856  -  MemoryUsage of job (MB)
	4972236  -  ResidentSetSize of job (KB)
...
006 (8180963.090.000) 2026-06-24 15:12:49 Image size of job updated: 6426932
	4856  -  MemoryUsage of job (MB)
	4972236  -  ResidentSetSize of job (KB)
...
006 (8180963.090.000) 2026-06-24 15:17:49 Image size of job updated: 6426932
	5509  -  MemoryUsage of job (MB)
	5640328  -  ResidentSetSize of job (KB)
...
006 (8180963.090.000) 2026-06-24 15:22:49 Image size of job updated: 7082340
	5522  -  MemoryUsage of job (MB)
	5653912  -  ResidentSetSize of job (KB)
...
040 (8180963.090.000) 2026-06-24 15:25:24 Started transferring output files
...
040 (8180963.090.000) 2026-06-24 15:25:24 Finished transferring output files
...
004 (8180963.090.000) 2026-06-24 15:25:24 Job was evicted.
	(0) Job terminated and was requeued
		Usr 0 00:26:58, Sys 0 00:02:22  -  Run Remote Usage
		Usr 0 00:00:00, Sys 0 00:00:00  -  Run Local Usage
	110491  -  Run Bytes Sent By Job
	2784286668  -  Run Bytes Received By Job
	(1) Normal termination (return value 1)
	The job attribute OnExitRemove expression 'NumJobCompletions > JobMaxRetries || ExitCode =?= 0' evaluated to FALSE
...
040 (8180963.090.000) 2026-06-24 15:26:55 Started transferring input files
	Transferring to host: <128.105.76.49:9618?addrs=128.105.76.49-9618+[2607-f388-2200-100-925a-8ff-fe34-145a]-9618&alias=dbrundagegpu5000.chtc.wisc.edu&noUDP&sock=backfill1_6_11993_e741_5998>
...
040 (8180963.090.000) 2026-06-24 15:27:10 Finished transferring input files
...
001 (8180963.090.000) 2026-06-24 15:27:10 Job executing on host: <128.105.76.49:9618?addrs=128.105.76.49-9618+[2607-f388-2200-100-925a-8ff-fe34-145a]-9618&alias=dbrundagegpu5000.chtc.wisc.edu&noUDP&sock=startd_11574_613a>
	SlotName: backfill1_6@dbrundagegpu5000.chtc.wisc.edu
	AvailableGPUs = { GPUs_GPU_d326747e }
	CondorScratchDir = "/var/lib/condor/execute/slot1/dir_605588/scratch"
	Cpus = 1
	Disk = 16777216
	GPUs = 1
	GPUs_GPU_d326747e = [ Id = "GPU-d326747e"; Capability = 8.9; DeviceName = "NVIDIA L40S"; DeviceUuid = "d326747e-f400-3637-3a4a-1ceff71a6e7e"; ECCEnabled = true; NvidiaDriver = "590.48.01"; DriverVersion = 13.1; DevicePciBusId = "0000:41:00.0"; GlobalMemoryMb = 45460; MaxSupportedVersion = 13010 ]
	IoHeavy = 0
	Memory = 16384
...
040 (8180963.090.000) 2026-06-24 15:50:07 Started transferring output files
...
040 (8180963.090.000) 2026-06-24 15:50:07 Finished transferring output files
...
004 (8180963.090.000) 2026-06-24 15:50:08 Job was evicted.
	(0) Job terminated and was requeued
		Usr 0 00:34:31, Sys 0 00:04:16  -  Run Remote Usage
		Usr 0 00:00:00, Sys 0 00:00:00  -  Run Local Usage
	110491  -  Run Bytes Sent By Job
	2784286668  -  Run Bytes Received By Job
	(1) Normal termination (return value 1)
	The job attribute OnExitRemove expression 'NumJobCompletions > JobMaxRetries || ExitCode =?= 0' evaluated to FALSE
...
040 (8180963.090.000) 2026-06-24 15:50:39 Started transferring input files
	Transferring to host: <128.105.76.49:9618?addrs=128.105.76.49-9618+[2607-f388-2200-100-925a-8ff-fe34-145a]-9618&alias=dbrundagegpu5000.chtc.wisc.edu&noUDP&sock=backfill1_6_11993_e741_6037>
...
040 (8180963.090.000) 2026-06-24 15:51:06 Finished transferring input files
...
001 (8180963.090.000) 2026-06-24 15:51:06 Job executing on host: <128.105.76.49:9618?addrs=128.105.76.49-9618+[2607-f388-2200-100-925a-8ff-fe34-145a]-9618&alias=dbrundagegpu5000.chtc.wisc.edu&noUDP&sock=startd_11574_613a>
	SlotName: backfill1_6@dbrundagegpu5000.chtc.wisc.edu
	AvailableGPUs = { GPUs_GPU_d326747e }
	CondorScratchDir = "/var/lib/condor/execute/slot1/dir_631192/scratch"
	Cpus = 1
	Disk = 16777216
	GPUs = 1
	GPUs_GPU_d326747e = [ Id = "GPU-d326747e"; Capability = 8.9; DeviceName = "NVIDIA L40S"; DeviceUuid = "d326747e-f400-3637-3a4a-1ceff71a6e7e"; ECCEnabled = true; NvidiaDriver = "590.48.01"; DriverVersion = 13.1; DevicePciBusId = "0000:41:00.0"; GlobalMemoryMb = 45460; MaxSupportedVersion = 13010 ]
	IoHeavy = 0
	Memory = 16384
...
040 (8180963.090.000) 2026-06-24 16:14:17 Started transferring output files
...
040 (8180963.090.000) 2026-06-24 16:14:17 Finished transferring output files
...
004 (8180963.090.000) 2026-06-24 16:14:17 Job was evicted.
	(0) Job terminated and was requeued
		Usr 0 00:35:07, Sys 0 00:04:59  -  Run Remote Usage
		Usr 0 00:00:00, Sys 0 00:00:00  -  Run Local Usage
	110491  -  Run Bytes Sent By Job
	2784286668  -  Run Bytes Received By Job
	(1) Normal termination (return value 1)
	The job attribute OnExitRemove expression 'NumJobCompletions > JobMaxRetries || ExitCode =?= 0' evaluated to FALSE
...
040 (8180963.090.000) 2026-06-24 16:14:22 Started transferring input files
	Transferring to host: <10.226.104.214:34575?CCBID=128.105.82.148:9618%3faddrs%3d128.105.82.148-9618+[2607-f388-2200-9d-7ccb-bc08-2489-7689]-9618%26alias%3dospool-ccb.osg.chtc.io%26noUDP%26sock%3dcollector2#4730595%2067.58.49.91:9618%3faddrs%3d67.58.49.91-9618+[fdf0-17b3-c3ec-1f79-10-0-d-2091]-9618%26alias%3dccb-2.ospool.osg-htc.org%26noUDP%26sock%3dcollector4#4721728&PrivNet=gpu014.rci.montana.edu&addrs=10.226.104.214-34575&alias=gpu014.rci.montana.edu&noUDP>
...
040 (8180963.090.000) 2026-06-24 16:16:29 Finished transferring input files
...
021 (8180963.090.000) 2026-06-24 16:16:30 Message from starter on slot1_1@glidein_1182377_236967882@gpu014.rci.montana.edu:
	PREPARE_JOB (prepare-hook) succeeded (reported status 000): Using Singularity image openfe_1.11.1.sif
...
001 (8180963.090.000) 2026-06-24 16:16:30 Job executing on host: <10.226.104.214:33589?CCBID=128.105.82.148:9618%3faddrs%3d128.105.82.148-9618+[2607-f388-2200-9d-7ccb-bc08-2489-7689]-9618%26alias%3dospool-ccb.osg.chtc.io%26noUDP%26sock%3dcollector7#4709736%2067.58.49.91:9618%3faddrs%3d67.58.49.91-9618+[fdf0-17b3-c3ec-1f79-10-0-d-2091]-9618%26alias%3dccb-2.ospool.osg-htc.org%26noUDP%26sock%3dcollector9#4707855&PrivNet=gpu014.rci.montana.edu&addrs=10.226.104.214-33589&alias=gpu014.rci.montana.edu&noUDP>
	SlotName: slot1_1@glidein_1182377_236967882@gpu014.rci.montana.edu
	AvailableGPUs = { GPUs_GPU_412a6496 }
	CondorScratchDir = "/tmp/jobs/4122149/glide_pTCaDS/execute/dir_2338093/scratch"
	Cpus = 1
	Disk = 16777216
	GPUs = 1
	GPUs_GPU_412a6496 = [ Id = "GPU-412a6496"; ClockMhz = 1410.0; Capability = 8.0; CoresPerCU = 64; DeviceName = "NVIDIA A100-SXM4-40GB"; DeviceUuid = "412a6496-e35a-c739-e543-a2d41f1e3539"; ECCEnabled = true; ComputeUnits = 108; NvidiaDriver = "595.71.05"; DriverVersion = 13.2; DevicePciBusId = "0000:C1:00.0"; GlobalMemoryMb = 40441; MaxSupportedVersion = 13020 ]
	Memory = 16384
...
006 (8180963.090.000) 2026-06-24 16:21:40 Image size of job updated: 33445784
	7325  -  MemoryUsage of job (MB)
	7500000  -  ResidentSetSize of job (KB)
...
006 (8180963.090.000) 2026-06-24 16:26:40 Image size of job updated: 36165872
	7325  -  MemoryUsage of job (MB)
	7500000  -  ResidentSetSize of job (KB)
...
006 (8180963.090.000) 2026-06-24 16:31:41 Image size of job updated: 43495764
	7325  -  MemoryUsage of job (MB)
	7500000  -  ResidentSetSize of job (KB)
...
006 (8180963.090.000) 2026-06-24 16:46:42 Image size of job updated: 44291184
	7325  -  MemoryUsage of job (MB)
	7500000  -  ResidentSetSize of job (KB)
...
006 (8180963.090.000) 2026-06-24 17:01:43 Image size of job updated: 44891244
	7657  -  MemoryUsage of job (MB)
	7840636  -  ResidentSetSize of job (KB)
...
040 (8180963.090.000) 2026-06-24 17:04:12 Started transferring output files
...
040 (8180963.090.000) 2026-06-24 17:04:12 Finished transferring output files
...
004 (8180963.090.000) 2026-06-24 17:04:13 Job was evicted.
	(0) Job terminated and was requeued
		Usr 0 00:47:43, Sys 0 00:01:06  -  Run Remote Usage
		Usr 0 00:00:00, Sys 0 00:00:00  -  Run Local Usage
	103216  -  Run Bytes Sent By Job
	2784286668  -  Run Bytes Received By Job
	(1) Normal termination (return value 1)
	The job attribute OnExitRemove expression 'NumJobCompletions > JobMaxRetries || ExitCode =?= 0' evaluated to FALSE
...
040 (8180963.090.000) 2026-06-24 17:04:15 Started transferring input files
	Transferring to host: <128.105.68.103:9618?addrs=128.105.68.103-9618+[2607-f388-2200-100-1270-fdff-fe74-930]-9618&alias=gpu2011.chtc.wisc.edu&noUDP&sock=slot2_1_3669582_3c1f_95507>
...
040 (8180963.090.000) 2026-06-24 17:31:51 Finished transferring input files
...
001 (8180963.090.000) 2026-06-24 17:31:51 Job executing on host: <128.105.68.103:9618?addrs=128.105.68.103-9618+[2607-f388-2200-100-1270-fdff-fe74-930]-9618&alias=gpu2011.chtc.wisc.edu&noUDP&sock=startd_12054_9eaf>
	SlotName: slot2_1@gpu2011.chtc.wisc.edu
	AvailableGPUs = { GPUs_MIG_00b83ffb_e443_56b0_81ae_fca0e86cdba2 }
	CondorScratchDir = "/var/lib/condor/execute/slot2/dir_2995999/scratch"
	Cpus = 1
	Disk = 16777216
	GPUs = 1
	GPUs_MIG_00b83ffb_e443_56b0_81ae_fca0e86cdba2 = [ Id = "MIG-00b83ffb-e443-56b0-81ae-fca0e86cdba2"; Capability = 8.0; DeviceName = "NVIDIA A100-SXM4-80GB MIG 3g.40gb"; DeviceUuid = "MIG-00b83ffb-e443-56b0-81ae-fca0e86cdba2"; ECCEnabled = true; NvidiaDriver = "570.195.03"; DriverVersion = 12.8; DevicePciBusId = "0000:81:00.0"; GlobalMemoryMb = 40100; MaxSupportedVersion = 12080 ]
	IoHeavy = 0
	Memory = 16384
...
040 (8180963.090.000) 2026-06-24 18:04:16 Started transferring output files
...
040 (8180963.090.000) 2026-06-24 18:04:16 Finished transferring output files
...
004 (8180963.090.000) 2026-06-24 18:04:17 Job was evicted.
	(0) Job terminated and was requeued
		Usr 0 00:43:23, Sys 0 00:04:03  -  Run Remote Usage
		Usr 0 00:00:00, Sys 0 00:00:00  -  Run Local Usage
	110438  -  Run Bytes Sent By Job
	2784286668  -  Run Bytes Received By Job
	(1) Normal termination (return value 1)
	The job attribute OnExitRemove expression 'NumJobCompletions > JobMaxRetries || ExitCode =?= 0' evaluated to FALSE
...
040 (8180963.090.000) 2026-06-24 18:04:23 Started transferring input files
	Transferring to host: <128.105.68.103:9618?addrs=128.105.68.103-9618+[2607-f388-2200-100-1270-fdff-fe74-930]-9618&alias=gpu2011.chtc.wisc.edu&noUDP&sock=slot2_1_3669582_3c1f_95615>
...
040 (8180963.090.000) 2026-06-24 18:13:57 Finished transferring input files
...
001 (8180963.090.000) 2026-06-24 18:13:57 Job executing on host: <128.105.68.103:9618?addrs=128.105.68.103-9618+[2607-f388-2200-100-1270-fdff-fe74-930]-9618&alias=gpu2011.chtc.wisc.edu&noUDP&sock=startd_12054_9eaf>
	SlotName: slot2_1@gpu2011.chtc.wisc.edu
	AvailableGPUs = { GPUs_MIG_00b83ffb_e443_56b0_81ae_fca0e86cdba2 }
	CondorScratchDir = "/var/lib/condor/execute/slot2/dir_3054031/scratch"
	Cpus = 1
	Disk = 16777216
	GPUs = 1
	GPUs_MIG_00b83ffb_e443_56b0_81ae_fca0e86cdba2 = [ Id = "MIG-00b83ffb-e443-56b0-81ae-fca0e86cdba2"; Capability = 8.0; DeviceName = "NVIDIA A100-SXM4-80GB MIG 3g.40gb"; DeviceUuid = "MIG-00b83ffb-e443-56b0-81ae-fca0e86cdba2"; ECCEnabled = true; NvidiaDriver = "570.195.03"; DriverVersion = 12.8; DevicePciBusId = "0000:81:00.0"; GlobalMemoryMb = 40100; MaxSupportedVersion = 12080 ]
	IoHeavy = 0
	Memory = 16384
...
040 (8180963.090.000) 2026-06-24 18:46:37 Started transferring output files
...
040 (8180963.090.000) 2026-06-24 18:46:37 Finished transferring output files
...
004 (8180963.090.000) 2026-06-24 18:46:38 Job was evicted.
	(0) Job terminated and was requeued
		Usr 0 00:44:39, Sys 0 00:03:25  -  Run Remote Usage
		Usr 0 00:00:00, Sys 0 00:00:00  -  Run Local Usage
	110443  -  Run Bytes Sent By Job
	2784286668  -  Run Bytes Received By Job
	(1) Normal termination (return value 1)
	The job attribute OnExitRemove expression 'NumJobCompletions > JobMaxRetries || ExitCode =?= 0' evaluated to FALSE
...
040 (8180963.090.000) 2026-06-24 18:46:47 Started transferring input files
	Transferring to host: <128.105.68.103:9618?addrs=128.105.68.103-9618+[2607-f388-2200-100-1270-fdff-fe74-930]-9618&alias=gpu2011.chtc.wisc.edu&noUDP&sock=slot2_1_3669582_3c1f_95692>
...
040 (8180963.090.000) 2026-06-24 19:11:54 Finished transferring input files
...
001 (8180963.090.000) 2026-06-24 19:11:54 Job executing on host: <128.105.68.103:9618?addrs=128.105.68.103-9618+[2607-f388-2200-100-1270-fdff-fe74-930]-9618&alias=gpu2011.chtc.wisc.edu&noUDP&sock=startd_12054_9eaf>
	SlotName: slot2_1@gpu2011.chtc.wisc.edu
	AvailableGPUs = { GPUs_MIG_00b83ffb_e443_56b0_81ae_fca0e86cdba2 }
	CondorScratchDir = "/var/lib/condor/execute/slot2/dir_3519408/scratch"
	Cpus = 1
	Disk = 16777216
	GPUs = 1
	GPUs_MIG_00b83ffb_e443_56b0_81ae_fca0e86cdba2 = [ Id = "MIG-00b83ffb-e443-56b0-81ae-fca0e86cdba2"; Capability = 8.0; DeviceName = "NVIDIA A100-SXM4-80GB MIG 3g.40gb"; DeviceUuid = "MIG-00b83ffb-e443-56b0-81ae-fca0e86cdba2"; ECCEnabled = true; NvidiaDriver = "570.195.03"; DriverVersion = 12.8; DevicePciBusId = "0000:81:00.0"; GlobalMemoryMb = 40100; MaxSupportedVersion = 12080 ]
	IoHeavy = 0
	Memory = 16384
...
040 (8180963.090.000) 2026-06-24 19:44:33 Started transferring output files
...
040 (8180963.090.000) 2026-06-24 19:44:33 Finished transferring output files
...
004 (8180963.090.000) 2026-06-24 19:44:34 Job was evicted.
	(0) Job terminated and was requeued
		Usr 0 00:41:02, Sys 0 00:02:50  -  Run Remote Usage
		Usr 0 00:00:00, Sys 0 00:00:00  -  Run Local Usage
	110443  -  Run Bytes Sent By Job
	2346735564  -  Run Bytes Received By Job
	(1) Normal termination (return value 1)
	The job attribute OnExitRemove expression 'NumJobCompletions > JobMaxRetries || ExitCode =?= 0' evaluated to FALSE
...
040 (8180963.090.000) 2026-06-24 19:44:50 Started transferring input files
	Transferring to host: <128.104.100.52:9618?addrs=128.104.100.52-9618+[2607-f388-107c-501-7ec2-55ff-fe99-a48c]-9618&alias=jcaicedogpu0000.chtc.wisc.edu&noUDP&sock=backfill1_2_12267_f60c_18857>
...
040 (8180963.090.000) 2026-06-24 19:47:53 Finished transferring input files
...
001 (8180963.090.000) 2026-06-24 19:47:53 Job executing on host: <128.104.100.52:9618?addrs=128.104.100.52-9618+[2607-f388-107c-501-7ec2-55ff-fe99-a48c]-9618&alias=jcaicedogpu0000.chtc.wisc.edu&noUDP&sock=startd_10725_0952>
	SlotName: backfill1_2@jcaicedogpu0000.chtc.wisc.edu
	AvailableGPUs = { GPUs_GPU_fdd5eb1a }
	CondorScratchDir = "/var/lib/condor/execute/slot1/dir_2593359/scratch"
	Cpus = 1
	Disk = 16777216
	GPUs = 1
	GPUs_GPU_fdd5eb1a = [ Id = "GPU-fdd5eb1a"; Capability = 8.9; DeviceName = "NVIDIA L40"; DeviceUuid = "fdd5eb1a-cef7-367b-4af7-070a94604eec"; ECCEnabled = true; NvidiaDriver = "570.195.03"; DriverVersion = 12.8; DevicePciBusId = "0000:D5:00.0"; GlobalMemoryMb = 45468; MaxSupportedVersion = 12080 ]
	IoHeavy = 0
	Memory = 16384
...
040 (8180963.090.000) 2026-06-24 20:20:43 Started transferring output files
...
040 (8180963.090.000) 2026-06-24 20:20:43 Finished transferring output files
...
004 (8180963.090.000) 2026-06-24 20:20:43 Job was evicted.
	(0) Job terminated and was requeued
		Usr 0 00:36:14, Sys 0 00:01:07  -  Run Remote Usage
		Usr 0 00:00:00, Sys 0 00:00:00  -  Run Local Usage
	110485  -  Run Bytes Sent By Job
	2784286668  -  Run Bytes Received By Job
	(1) Normal termination (return value 1)
	The job attribute OnExitRemove expression 'NumJobCompletions > JobMaxRetries || ExitCode =?= 0' evaluated to FALSE
...
040 (8180963.090.000) 2026-06-24 20:20:57 Started transferring input files
	Transferring to host: <128.105.69.245:9618?addrs=128.105.69.245-9618+[2607-f388-2200-100-3eec-efff-fe0c-5174]-9618&alias=mcdanielgpu4000.chtc.wisc.edu&noUDP&sock=backfill1_3_1128702_6a83_93737>
...
040 (8180963.090.000) 2026-06-24 20:23:17 Finished transferring input files
...
001 (8180963.090.000) 2026-06-24 20:23:18 Job executing on host: <128.105.69.245:9618?addrs=128.105.69.245-9618+[2607-f388-2200-100-3eec-efff-fe0c-5174]-9618&alias=mcdanielgpu4000.chtc.wisc.edu&noUDP&sock=startd_11062_30bc>
	SlotName: backfill1_3@mcdanielgpu4000.chtc.wisc.edu
	AvailableGPUs = { GPUs_GPU_e93add70 }
	CondorScratchDir = "/var/lib/condor/execute/slot1/dir_199066/scratch"
	Cpus = 1
	Disk = 16777216
	GPUs = 1
	GPUs_GPU_e93add70 = [ Id = "GPU-e93add70"; Capability = 8.0; DeviceName = "NVIDIA A100-SXM4-40GB"; DeviceUuid = "e93add70-3792-ccb3-cc95-440eb454785a"; ECCEnabled = true; NvidiaDriver = "570.195.03"; DriverVersion = 12.8; DevicePciBusId = "0000:41:00.0"; GlobalMemoryMb = 40442; MaxSupportedVersion = 12080 ]
	IoHeavy = 0
	Memory = 16384
...
040 (8180963.090.000) 2026-06-24 21:03:02 Started transferring output files
...
040 (8180963.090.000) 2026-06-24 21:03:02 Finished transferring output files
...
004 (8180963.090.000) 2026-06-24 21:03:03 Job was evicted.
	(0) Job terminated and was requeued
		Usr 0 00:44:24, Sys 0 00:02:00  -  Run Remote Usage
		Usr 0 00:00:00, Sys 0 00:00:00  -  Run Local Usage
	110482  -  Run Bytes Sent By Job
	2784286668  -  Run Bytes Received By Job
	(1) Normal termination (return value 1)
	The job attribute OnExitRemove expression 'NumJobCompletions > JobMaxRetries || ExitCode =?= 0' evaluated to FALSE
...
040 (8180963.090.000) 2026-06-24 21:03:21 Started transferring input files
	Transferring to host: <128.105.69.245:9618?addrs=128.105.69.245-9618+[2607-f388-2200-100-3eec-efff-fe0c-5174]-9618&alias=mcdanielgpu4000.chtc.wisc.edu&noUDP&sock=backfill1_3_1128702_6a83_93822>
...
040 (8180963.090.000) 2026-06-24 21:11:31 Finished transferring input files
...
001 (8180963.090.000) 2026-06-24 21:11:31 Job executing on host: <128.105.69.245:9618?addrs=128.105.69.245-9618+[2607-f388-2200-100-3eec-efff-fe0c-5174]-9618&alias=mcdanielgpu4000.chtc.wisc.edu&noUDP&sock=startd_11062_30bc>
	SlotName: backfill1_3@mcdanielgpu4000.chtc.wisc.edu
	AvailableGPUs = { GPUs_GPU_e93add70 }
	CondorScratchDir = "/var/lib/condor/execute/slot1/dir_708125/scratch"
	Cpus = 1
	Disk = 16777216
	GPUs = 1
	GPUs_GPU_e93add70 = [ Id = "GPU-e93add70"; Capability = 8.0; DeviceName = "NVIDIA A100-SXM4-40GB"; DeviceUuid = "e93add70-3792-ccb3-cc95-440eb454785a"; ECCEnabled = true; NvidiaDriver = "570.195.03"; DriverVersion = 12.8; DevicePciBusId = "0000:41:00.0"; GlobalMemoryMb = 40442; MaxSupportedVersion = 12080 ]
	IoHeavy = 0
	Memory = 16384
...
040 (8180963.090.000) 2026-06-24 21:51:19 Started transferring output files
...
040 (8180963.090.000) 2026-06-24 21:51:19 Finished transferring output files
...
004 (8180963.090.000) 2026-06-24 21:51:20 Job was evicted.
	(0) Job terminated and was requeued
		Usr 0 00:50:32, Sys 0 00:02:28  -  Run Remote Usage
		Usr 0 00:00:00, Sys 0 00:00:00  -  Run Local Usage
	110477  -  Run Bytes Sent By Job
	2784286668  -  Run Bytes Received By Job
	(1) Normal termination (return value 1)
	The job attribute OnExitRemove expression 'NumJobCompletions > JobMaxRetries || ExitCode =?= 0' evaluated to FALSE
...
040 (8180963.090.000) 2026-06-24 21:51:42 Started transferring input files
	Transferring to host: <128.105.69.245:9618?addrs=128.105.69.245-9618+[2607-f388-2200-100-3eec-efff-fe0c-5174]-9618&alias=mcdanielgpu4000.chtc.wisc.edu&noUDP&sock=backfill1_3_1128702_6a83_93898>
...
040 (8180963.090.000) 2026-06-24 21:57:48 Finished transferring input files
...
001 (8180963.090.000) 2026-06-24 21:57:48 Job executing on host: <128.105.69.245:9618?addrs=128.105.69.245-9618+[2607-f388-2200-100-3eec-efff-fe0c-5174]-9618&alias=mcdanielgpu4000.chtc.wisc.edu&noUDP&sock=startd_11062_30bc>
	SlotName: backfill1_3@mcdanielgpu4000.chtc.wisc.edu
	AvailableGPUs = { GPUs_GPU_e93add70 }
	CondorScratchDir = "/var/lib/condor/execute/slot1/dir_732084/scratch"
	Cpus = 1
	Disk = 16777216
	GPUs = 1
	GPUs_GPU_e93add70 = [ Id = "GPU-e93add70"; Capability = 8.0; DeviceName = "NVIDIA A100-SXM4-40GB"; DeviceUuid = "e93add70-3792-ccb3-cc95-440eb454785a"; ECCEnabled = true; NvidiaDriver = "570.195.03"; DriverVersion = 12.8; DevicePciBusId = "0000:41:00.0"; GlobalMemoryMb = 40442; MaxSupportedVersion = 12080 ]
	IoHeavy = 0
	Memory = 16384
...
040 (8180963.090.000) 2026-06-24 22:38:01 Started transferring output files
...
040 (8180963.090.000) 2026-06-24 22:38:01 Finished transferring output files
...
005 (8180963.090.000) 2026-06-24 22:38:02 Job terminated.
	(1) Normal termination (return value 1)
		Usr 0 00:42:52, Sys 0 00:02:04  -  Run Remote Usage
		Usr 0 00:00:00, Sys 0 00:00:00  -  Run Local Usage
		Usr 0 07:27:25, Sys 0 00:30:40  -  Total Remote Usage
		Usr 0 00:00:00, Sys 0 00:00:00  -  Total Local Usage
	110482  -  Run Bytes Sent By Job
	2784286668  -  Run Bytes Received By Job
	1207939  -  Total Bytes Sent By Job
	30189602244  -  Total Bytes Received By Job
	Partitionable Resources :      Usage  Request Allocated Assigned
	   Cpus                 :       1.00        1         1 
	   Disk (KB)            : 3163014    16777216  16777216 
	   GPUs                 :       0.16        1         1 "GPU-e93add70"
	   GpusMemory (MB)      :    7949                       
	   IoHeavy              :                             0 
	   Memory (MB)          :    9766       16384     16384 
	   TimeExecute (s)      :    2413                       
	   TimeSlotBusy (s)     :    2779                       
...
