000 (8017966.120.000) 2026-06-20 22:07:54 Job submitted from host: <128.105.68.112:9618?addrs=128.105.68.112-9618+[2607-f388-2200-100-eaeb-d3ff-fea3-4202]-9618&alias=ap2001.chtc.wisc.edu&noUDP&sock=schedd_4071840_2329>
...
040 (8017966.120.000) 2026-06-20 23:19:47 Started transferring input files
	Transferring to host: <128.105.76.47:9618?addrs=128.105.76.47-9618+[2607-f388-2200-100-527c-6fff-fe82-826a]-9618&alias=gpu4006.chtc.wisc.edu&noUDP&sock=slot2_8_2618986_4fbd_86288>
...
040 (8017966.120.000) 2026-06-20 23:19:53 Finished transferring input files
...
001 (8017966.120.000) 2026-06-20 23:19:53 Job executing on host: <128.105.76.47:9618?addrs=128.105.76.47-9618+[2607-f388-2200-100-527c-6fff-fe82-826a]-9618&alias=gpu4006.chtc.wisc.edu&noUDP&sock=startd_11220_90b3>
	SlotName: slot2_8@gpu4006.chtc.wisc.edu
	AvailableGPUs = { GPUs_GPU_cee1c5fe }
	CondorScratchDir = "/var/lib/condor/execute/slot2/dir_2409529/scratch"
	Cpus = 1
	Disk = 16777216
	GPUs = 1
	GPUs_GPU_cee1c5fe = [ Id = "GPU-cee1c5fe"; Capability = 8.9; DeviceName = "NVIDIA L40S"; DeviceUuid = "cee1c5fe-b00f-e234-a43f-220f24c5e1c9"; ECCEnabled = true; NvidiaDriver = "590.48.01"; DriverVersion = 13.1; DevicePciBusId = "0000:E1:00.0"; GlobalMemoryMb = 45460; MaxSupportedVersion = 13010 ]
	IoHeavy = 0
	Memory = 16384
...
006 (8017966.120.000) 2026-06-20 23:20:02 Image size of job updated: 507288
	496  -  MemoryUsage of job (MB)
	507288  -  ResidentSetSize of job (KB)
...
006 (8017966.120.000) 2026-06-20 23:25:03 Image size of job updated: 2137244
	2086  -  MemoryUsage of job (MB)
	2135900  -  ResidentSetSize of job (KB)
...
006 (8017966.120.000) 2026-06-20 23:30:03 Image size of job updated: 2137244
	2086  -  MemoryUsage of job (MB)
	2136064  -  ResidentSetSize of job (KB)
...
006 (8017966.120.000) 2026-06-20 23:45:05 Image size of job updated: 2140196
	2091  -  MemoryUsage of job (MB)
	2140196  -  ResidentSetSize of job (KB)
...
006 (8017966.120.000) 2026-06-20 23:50:05 Image size of job updated: 2160556
	2110  -  MemoryUsage of job (MB)
	2160556  -  ResidentSetSize of job (KB)
...
006 (8017966.120.000) 2026-06-20 23:55:05 Image size of job updated: 2160584
	2110  -  MemoryUsage of job (MB)
	2160584  -  ResidentSetSize of job (KB)
...
006 (8017966.120.000) 2026-06-21 00:00:06 Image size of job updated: 2163080
	2113  -  MemoryUsage of job (MB)
	2163080  -  ResidentSetSize of job (KB)
...
006 (8017966.120.000) 2026-06-21 00:05:06 Image size of job updated: 2166812
	2117  -  MemoryUsage of job (MB)
	2166812  -  ResidentSetSize of job (KB)
...
006 (8017966.120.000) 2026-06-21 00:15:07 Image size of job updated: 2166816
	2117  -  MemoryUsage of job (MB)
	2166816  -  ResidentSetSize of job (KB)
...
006 (8017966.120.000) 2026-06-21 00:20:08 Image size of job updated: 2166844
	2117  -  MemoryUsage of job (MB)
	2166844  -  ResidentSetSize of job (KB)
...
006 (8017966.120.000) 2026-06-21 00:55:11 Image size of job updated: 2166848
	2117  -  MemoryUsage of job (MB)
	2166848  -  ResidentSetSize of job (KB)
...
006 (8017966.120.000) 2026-06-21 01:00:12 Image size of job updated: 2167432
	2117  -  MemoryUsage of job (MB)
	2167432  -  ResidentSetSize of job (KB)
...
006 (8017966.120.000) 2026-06-21 01:05:12 Image size of job updated: 2168588
	2118  -  MemoryUsage of job (MB)
	2168588  -  ResidentSetSize of job (KB)
...
006 (8017966.120.000) 2026-06-21 01:10:13 Image size of job updated: 2168768
	2118  -  MemoryUsage of job (MB)
	2168768  -  ResidentSetSize of job (KB)
...
006 (8017966.120.000) 2026-06-21 01:15:13 Image size of job updated: 2168836
	2119  -  MemoryUsage of job (MB)
	2168836  -  ResidentSetSize of job (KB)
...
006 (8017966.120.000) 2026-06-21 01:45:17 Image size of job updated: 2168840
	2119  -  MemoryUsage of job (MB)
	2168840  -  ResidentSetSize of job (KB)
...
040 (8017966.120.000) 2026-06-21 02:12:39 Started transferring output files
...
040 (8017966.120.000) 2026-06-21 02:12:39 Finished transferring output files
...
005 (8017966.120.000) 2026-06-21 02:12:39 Job terminated.
	(1) Normal termination (return value 0)
		Usr 0 02:54:58, Sys 0 03:01:00  -  Run Remote Usage
		Usr 0 00:00:00, Sys 0 00:00:00  -  Run Local Usage
		Usr 0 02:54:58, Sys 0 03:01:00  -  Total Remote Usage
		Usr 0 00:00:00, Sys 0 00:00:00  -  Total Local Usage
	11423849  -  Run Bytes Sent By Job
	2782681782  -  Run Bytes Received By Job
	11423849  -  Total Bytes Sent By Job
	2782681782  -  Total Bytes Received By Job
	Partitionable Resources :      Usage  Request Allocated Assigned
	   Cpus                 :       2.11        1         1 
	   Disk (KB)            : 2795216    16777216  16777216 
	   GPUs                 :       0.89        1         1 "GPU-cee1c5fe"
	   GpusMemory (MB)      :    7484                       
	   IoHeavy              :                             0 
	   Memory (MB)          :    2119       16384     16384 
	   TimeExecute (s)      :   10366                       
	   TimeSlotBusy (s)     :   10372                       
...
