000 (8017966.652.000) 2026-06-20 22:07:54 Job submitted from host: <128.105.68.112:9618?addrs=128.105.68.112-9618+[2607-f388-2200-100-eaeb-d3ff-fea3-4202]-9618&alias=ap2001.chtc.wisc.edu&noUDP&sock=schedd_4071840_2329>
...
040 (8017966.652.000) 2026-06-21 03:38:36 Started transferring input files
	Transferring to host: <128.105.68.16:9618?addrs=128.105.68.16-9618+[2607-f388-2200-100-3eec-efff-fe0c-5412]-9618&alias=coba2000.chtc.wisc.edu&noUDP&sock=backfill1_2_1747599_5733_76998>
...
040 (8017966.652.000) 2026-06-21 03:38:49 Finished transferring input files
...
001 (8017966.652.000) 2026-06-21 03:38:49 Job executing on host: <128.105.68.16:9618?addrs=128.105.68.16-9618+[2607-f388-2200-100-3eec-efff-fe0c-5412]-9618&alias=coba2000.chtc.wisc.edu&noUDP&sock=startd_11607_03da>
	SlotName: backfill1_2@coba2000.chtc.wisc.edu
	AvailableGPUs = { GPUs_GPU_110a08e4 }
	CondorScratchDir = "/var/lib/condor/execute/slot1/dir_1645905/scratch"
	Cpus = 1
	Disk = 16777216
	GPUs = 1
	GPUs_GPU_110a08e4 = [ Id = "GPU-110a08e4"; Capability = 8.0; DeviceName = "NVIDIA A100-SXM4-40GB"; DeviceUuid = "110a08e4-1c0c-334c-f62b-ce1bf355d691"; ECCEnabled = true; NvidiaDriver = "570.195.03"; DriverVersion = 12.8; DevicePciBusId = "0000:81:00.0"; GlobalMemoryMb = 40442; MaxSupportedVersion = 12080 ]
	IoHeavy = 0
	Memory = 16384
...
006 (8017966.652.000) 2026-06-21 03:38:58 Image size of job updated: 382484
	374  -  MemoryUsage of job (MB)
	382484  -  ResidentSetSize of job (KB)
...
006 (8017966.652.000) 2026-06-21 03:43:59 Image size of job updated: 963188
	939  -  MemoryUsage of job (MB)
	961224  -  ResidentSetSize of job (KB)
...
006 (8017966.652.000) 2026-06-21 03:48:59 Image size of job updated: 963188
	940  -  MemoryUsage of job (MB)
	961944  -  ResidentSetSize of job (KB)
...
006 (8017966.652.000) 2026-06-21 03:54:00 Image size of job updated: 966916
	945  -  MemoryUsage of job (MB)
	966916  -  ResidentSetSize of job (KB)
...
006 (8017966.652.000) 2026-06-21 03:59:00 Image size of job updated: 970800
	949  -  MemoryUsage of job (MB)
	970800  -  ResidentSetSize of job (KB)
...
006 (8017966.652.000) 2026-06-21 04:04:00 Image size of job updated: 974304
	952  -  MemoryUsage of job (MB)
	974304  -  ResidentSetSize of job (KB)
...
006 (8017966.652.000) 2026-06-21 04:09:01 Image size of job updated: 980164
	958  -  MemoryUsage of job (MB)
	980164  -  ResidentSetSize of job (KB)
...
006 (8017966.652.000) 2026-06-21 04:14:01 Image size of job updated: 984512
	962  -  MemoryUsage of job (MB)
	984512  -  ResidentSetSize of job (KB)
...
006 (8017966.652.000) 2026-06-21 04:19:02 Image size of job updated: 989072
	966  -  MemoryUsage of job (MB)
	989072  -  ResidentSetSize of job (KB)
...
006 (8017966.652.000) 2026-06-21 04:24:02 Image size of job updated: 991544
	966  -  MemoryUsage of job (MB)
	989072  -  ResidentSetSize of job (KB)
...
006 (8017966.652.000) 2026-06-21 04:29:03 Image size of job updated: 996500
	966  -  MemoryUsage of job (MB)
	989072  -  ResidentSetSize of job (KB)
...
040 (8017966.652.000) 2026-06-21 04:36:19 Started transferring output files
...
040 (8017966.652.000) 2026-06-21 04:36:19 Finished transferring output files
...
005 (8017966.652.000) 2026-06-21 04:36:20 Job terminated.
	(1) Normal termination (return value 0)
		Usr 0 00:56:54, Sys 0 00:31:38  -  Run Remote Usage
		Usr 0 00:00:00, Sys 0 00:00:00  -  Run Local Usage
		Usr 0 00:56:54, Sys 0 00:31:38  -  Total Remote Usage
		Usr 0 00:00:00, Sys 0 00:00:00  -  Total Local Usage
	2300134  -  Run Bytes Sent By Job
	2781729544  -  Run Bytes Received By Job
	2300134  -  Total Bytes Sent By Job
	2781729544  -  Total Bytes Received By Job
	Partitionable Resources :      Usage  Request Allocated Assigned
	   Cpus                 :       0.99        1         1 
	   Disk (KB)            : 2728666    16777216  16777216 
	   GPUs                 :       0.81        1         1 "GPU-110a08e4"
	   GpusMemory (MB)      :    6531                       
	   IoHeavy              :                             0 
	   Memory (MB)          :     966       16384     16384 
	   TimeExecute (s)      :    3450                       
	   TimeSlotBusy (s)     :    3463                       
...
