000 (8180963.167.000) 2026-06-24 12:19:47 Job submitted from host: <128.105.68.112:9618?addrs=128.105.68.112-9618+[2607-f388-2200-100-eaeb-d3ff-fea3-4202]-9618&alias=ap2001.chtc.wisc.edu&noUDP&sock=schedd_4071840_2329>
...
040 (8180963.167.000) 2026-06-24 16:17:46 Started transferring input files
	Transferring to host: <128.104.100.17:9618?addrs=128.104.100.17-9618+[2607-f388-107c-501-527c-6fff-fe66-e9bc]-9618&alias=jcaicedogpu0002.chtc.wisc.edu&noUDP&sock=backfill1_7_2855957_d182_101672>
...
040 (8180963.167.000) 2026-06-24 16:17:59 Finished transferring input files
...
001 (8180963.167.000) 2026-06-24 16:17:59 Job executing on host: <128.104.100.17:9618?addrs=128.104.100.17-9618+[2607-f388-107c-501-527c-6fff-fe66-e9bc]-9618&alias=jcaicedogpu0002.chtc.wisc.edu&noUDP&sock=startd_11788_2a7e>
	SlotName: backfill1_7@jcaicedogpu0002.chtc.wisc.edu
	AvailableGPUs = { GPUs_GPU_4397e9de }
	CondorScratchDir = "/var/lib/condor/execute/slot1/dir_2164381/scratch"
	Cpus = 1
	Disk = 16777216
	GPUs = 1
	GPUs_GPU_4397e9de = [ Id = "GPU-4397e9de"; Capability = 8.9; DeviceName = "NVIDIA L40S"; DeviceUuid = "4397e9de-77b1-68bf-2da8-dcaf5ea744d9"; ECCEnabled = true; NvidiaDriver = "570.195.03"; DriverVersion = 12.8; DevicePciBusId = "0000:3D:00.0"; GlobalMemoryMb = 45468; MaxSupportedVersion = 12080 ]
	IoHeavy = 0
	Memory = 16384
...
006 (8180963.167.000) 2026-06-24 16:18:08 Image size of job updated: 411868
	403  -  MemoryUsage of job (MB)
	411868  -  ResidentSetSize of job (KB)
...
006 (8180963.167.000) 2026-06-24 16:18:14 Image size of job updated: 458376
	403  -  MemoryUsage of job (MB)
	411868  -  ResidentSetSize of job (KB)
...
040 (8180963.167.000) 2026-06-24 16:18:14 Started transferring output files
...
040 (8180963.167.000) 2026-06-24 16:18:14 Finished transferring output files
...
004 (8180963.167.000) 2026-06-24 16:18:15 Job was evicted.
	(0) Job terminated and was requeued
		Usr 0 00:00:11, Sys 0 00:00:02  -  Run Remote Usage
		Usr 0 00:00:00, Sys 0 00:00:00  -  Run Local Usage
	15621  -  Run Bytes Sent By Job
	2781819943  -  Run Bytes Received By Job
	(1) Normal termination (return value 1)
	The job attribute OnExitRemove expression 'NumJobCompletions > JobMaxRetries || ExitCode =?= 0' evaluated to FALSE
...
040 (8180963.167.000) 2026-06-24 16:47:22 Started transferring input files
	Transferring to host: <10.196.31.21:46539?CCBID=128.105.82.148:9618%3faddrs%3d128.105.82.148-9618+[2607-f388-2200-9d-7ccb-bc08-2489-7689]-9618%26alias%3dospool-ccb.osg.chtc.io%26noUDP%26sock%3dcollector7#4734558%2067.58.49.91:9618%3faddrs%3d67.58.49.91-9618+[fdf0-17b3-c3ec-1f79-10-0-d-2091]-9618%26alias%3dccb-2.ospool.osg-htc.org%26noUDP%26sock%3dcollector1#4730293&PrivNet=epyc11&addrs=10.196.31.21-46539&alias=epyc11&noUDP>
...
040 (8180963.167.000) 2026-06-24 16:47:54 Finished transferring input files
...
021 (8180963.167.000) 2026-06-24 16:47:54 Message from starter on slot1_10@glidein_10897_876616200@epyc11:
	PREPARE_JOB (prepare-hook) succeeded (reported status 000): Using Singularity image openfe_1.11.1.sif
...
001 (8180963.167.000) 2026-06-24 16:47:55 Job executing on host: <10.196.31.21:45397?CCBID=128.105.82.148:9618%3faddrs%3d128.105.82.148-9618+[2607-f388-2200-9d-7ccb-bc08-2489-7689]-9618%26alias%3dospool-ccb.osg.chtc.io%26noUDP%26sock%3dcollector8#4726493%2067.58.49.91:9618%3faddrs%3d67.58.49.91-9618+[fdf0-17b3-c3ec-1f79-10-0-d-2091]-9618%26alias%3dccb-2.ospool.osg-htc.org%26noUDP%26sock%3dcollector2#4722516&PrivNet=epyc11&addrs=10.196.31.21-45397&alias=epyc11&noUDP>
	SlotName: slot1_10@glidein_10897_876616200@epyc11
	AvailableGPUs = { GPUs_GPU_7d5f5508 }
	CondorScratchDir = "/mnt/internal/osg01/glide_PjQmMb/execute/dir_206323/scratch"
	Cpus = 1
	Disk = 16777216
	GPUs = 1
	GPUs_GPU_7d5f5508 = [ Id = "GPU-7d5f5508"; ClockMhz = 1410.0; Capability = 8.0; CoresPerCU = 64; DeviceName = "NVIDIA A100 80GB PCIe"; DeviceUuid = "7d5f5508-530d-7d65-661e-326006c112bb"; ECCEnabled = true; ComputeUnits = 108; NvidiaDriver = "595.71.05"; DriverVersion = 13.2; DevicePciBusId = "0000:A1:00.0"; GlobalMemoryMb = 81153; MaxSupportedVersion = 13020 ]
	Memory = 16384
...
006 (8180963.167.000) 2026-06-24 16:48:04 Image size of job updated: 9401932
	416  -  MemoryUsage of job (MB)
	425000  -  ResidentSetSize of job (KB)
...
006 (8180963.167.000) 2026-06-24 16:48:23 Image size of job updated: 10375216
	761  -  MemoryUsage of job (MB)
	778668  -  ResidentSetSize of job (KB)
...
040 (8180963.167.000) 2026-06-24 16:48:24 Started transferring output files
...
040 (8180963.167.000) 2026-06-24 16:48:24 Finished transferring output files
...
004 (8180963.167.000) 2026-06-24 16:48:24 Job was evicted.
	(0) Job terminated and was requeued
		Usr 0 00:00:14, Sys 0 00:00:02  -  Run Remote Usage
		Usr 0 00:00:00, Sys 0 00:00:00  -  Run Local Usage
	10296  -  Run Bytes Sent By Job
	2781819943  -  Run Bytes Received By Job
	(1) Normal termination (return value 1)
	The job attribute OnExitRemove expression 'NumJobCompletions > JobMaxRetries || ExitCode =?= 0' evaluated to FALSE
...
040 (8180963.167.000) 2026-06-24 16:49:38 Started transferring input files
	Transferring to host: <128.105.68.87:9618?addrs=128.105.68.87-9618+[2607-f388-2200-100-7ec2-55ff-fe9a-b48e]-9618&alias=dsigpu4002.chtc.wisc.edu&noUDP&sock=slot2_5_3411988_f574_87471>
...
040 (8180963.167.000) 2026-06-24 16:51:06 Finished transferring input files
...
001 (8180963.167.000) 2026-06-24 16:51:06 Job executing on host: <128.105.68.87:9618?addrs=128.105.68.87-9618+[2607-f388-2200-100-7ec2-55ff-fe9a-b48e]-9618&alias=dsigpu4002.chtc.wisc.edu&noUDP&sock=startd_10795_0cf3>
	SlotName: slot2_5@dsigpu4002.chtc.wisc.edu
	AvailableGPUs = { GPUs_GPU_f49fbfb5 }
	CondorScratchDir = "/var/lib/condor/execute/slot2/dir_4049986/scratch"
	Cpus = 1
	Disk = 16777216
	GPUs = 1
	GPUs_GPU_f49fbfb5 = [ Id = "GPU-f49fbfb5"; Capability = 8.9; DeviceName = "NVIDIA L40"; DeviceUuid = "f49fbfb5-c2f9-9fc5-91d3-f549e268d1be"; ECCEnabled = true; NvidiaDriver = "570.195.03"; DriverVersion = 12.8; DevicePciBusId = "0000:57:00.0"; GlobalMemoryMb = 45468; MaxSupportedVersion = 12080 ]
	IoHeavy = 0
	Memory = 16384
...
040 (8180963.167.000) 2026-06-24 16:51:22 Started transferring output files
...
040 (8180963.167.000) 2026-06-24 16:51:22 Finished transferring output files
...
004 (8180963.167.000) 2026-06-24 16:51:22 Job was evicted.
	(0) Job terminated and was requeued
		Usr 0 00:00:13, Sys 0 00:00:02  -  Run Remote Usage
		Usr 0 00:00:00, Sys 0 00:00:00  -  Run Local Usage
	15601  -  Run Bytes Sent By Job
	2781819943  -  Run Bytes Received By Job
	(1) Normal termination (return value 1)
	The job attribute OnExitRemove expression 'NumJobCompletions > JobMaxRetries || ExitCode =?= 0' evaluated to FALSE
...
040 (8180963.167.000) 2026-06-24 16:51:40 Started transferring input files
	Transferring to host: <128.105.68.87:9618?addrs=128.105.68.87-9618+[2607-f388-2200-100-7ec2-55ff-fe9a-b48e]-9618&alias=dsigpu4002.chtc.wisc.edu&noUDP&sock=slot2_5_3411988_f574_87472>
...
040 (8180963.167.000) 2026-06-24 16:53:56 Finished transferring input files
...
001 (8180963.167.000) 2026-06-24 16:53:56 Job executing on host: <128.105.68.87:9618?addrs=128.105.68.87-9618+[2607-f388-2200-100-7ec2-55ff-fe9a-b48e]-9618&alias=dsigpu4002.chtc.wisc.edu&noUDP&sock=startd_10795_0cf3>
	SlotName: slot2_5@dsigpu4002.chtc.wisc.edu
	AvailableGPUs = { GPUs_GPU_f49fbfb5 }
	CondorScratchDir = "/var/lib/condor/execute/slot2/dir_4052248/scratch"
	Cpus = 1
	Disk = 16777216
	GPUs = 1
	GPUs_GPU_f49fbfb5 = [ Id = "GPU-f49fbfb5"; Capability = 8.9; DeviceName = "NVIDIA L40"; DeviceUuid = "f49fbfb5-c2f9-9fc5-91d3-f549e268d1be"; ECCEnabled = true; NvidiaDriver = "570.195.03"; DriverVersion = 12.8; DevicePciBusId = "0000:57:00.0"; GlobalMemoryMb = 45468; MaxSupportedVersion = 12080 ]
	IoHeavy = 0
	Memory = 16384
...
040 (8180963.167.000) 2026-06-24 16:54:13 Started transferring output files
...
040 (8180963.167.000) 2026-06-24 16:54:13 Finished transferring output files
...
004 (8180963.167.000) 2026-06-24 16:54:13 Job was evicted.
	(0) Job terminated and was requeued
		Usr 0 00:00:13, Sys 0 00:00:02  -  Run Remote Usage
		Usr 0 00:00:00, Sys 0 00:00:00  -  Run Local Usage
	15604  -  Run Bytes Sent By Job
	371242023  -  Run Bytes Received By Job
	(1) Normal termination (return value 1)
	The job attribute OnExitRemove expression 'NumJobCompletions > JobMaxRetries || ExitCode =?= 0' evaluated to FALSE
...
040 (8180963.167.000) 2026-06-24 16:58:45 Started transferring input files
	Transferring to host: <128.104.100.17:9618?addrs=128.104.100.17-9618+[2607-f388-107c-501-527c-6fff-fe66-e9bc]-9618&alias=jcaicedogpu0002.chtc.wisc.edu&noUDP&sock=backfill1_5_2855957_d182_101791>
...
040 (8180963.167.000) 2026-06-24 17:01:03 Finished transferring input files
...
001 (8180963.167.000) 2026-06-24 17:01:03 Job executing on host: <128.104.100.17:9618?addrs=128.104.100.17-9618+[2607-f388-107c-501-527c-6fff-fe66-e9bc]-9618&alias=jcaicedogpu0002.chtc.wisc.edu&noUDP&sock=startd_11788_2a7e>
	SlotName: backfill1_5@jcaicedogpu0002.chtc.wisc.edu
	AvailableGPUs = { GPUs_GPU_08a5b939 }
	CondorScratchDir = "/var/lib/condor/execute/slot1/dir_2306923/scratch"
	Cpus = 1
	Disk = 16777216
	GPUs = 1
	GPUs_GPU_08a5b939 = [ Id = "GPU-08a5b939"; Capability = 8.9; DeviceName = "NVIDIA L40S"; DeviceUuid = "08a5b939-655e-40a7-6b01-cda6523b41b0"; ECCEnabled = true; NvidiaDriver = "570.195.03"; DriverVersion = 12.8; DevicePciBusId = "0000:63:00.0"; GlobalMemoryMb = 45468; MaxSupportedVersion = 12080 ]
	IoHeavy = 0
	Memory = 16384
...
040 (8180963.167.000) 2026-06-24 17:01:18 Started transferring output files
...
040 (8180963.167.000) 2026-06-24 17:01:18 Finished transferring output files
...
004 (8180963.167.000) 2026-06-24 17:01:18 Job was evicted.
	(0) Job terminated and was requeued
		Usr 0 00:00:10, Sys 0 00:00:01  -  Run Remote Usage
		Usr 0 00:00:00, Sys 0 00:00:00  -  Run Local Usage
	15621  -  Run Bytes Sent By Job
	2781819943  -  Run Bytes Received By Job
	(1) Normal termination (return value 1)
	The job attribute OnExitRemove expression 'NumJobCompletions > JobMaxRetries || ExitCode =?= 0' evaluated to FALSE
...
040 (8180963.167.000) 2026-06-24 17:02:23 Started transferring input files
	Transferring to host: <128.104.100.17:9618?addrs=128.104.100.17-9618+[2607-f388-107c-501-527c-6fff-fe66-e9bc]-9618&alias=jcaicedogpu0002.chtc.wisc.edu&noUDP&sock=backfill1_7_2855957_d182_101807>
...
040 (8180963.167.000) 2026-06-24 17:02:33 Finished transferring input files
...
001 (8180963.167.000) 2026-06-24 17:02:34 Job executing on host: <128.104.100.17:9618?addrs=128.104.100.17-9618+[2607-f388-107c-501-527c-6fff-fe66-e9bc]-9618&alias=jcaicedogpu0002.chtc.wisc.edu&noUDP&sock=startd_11788_2a7e>
	SlotName: backfill1_7@jcaicedogpu0002.chtc.wisc.edu
	AvailableGPUs = { GPUs_GPU_4397e9de }
	CondorScratchDir = "/var/lib/condor/execute/slot1/dir_2313966/scratch"
	Cpus = 1
	Disk = 16777216
	GPUs = 1
	GPUs_GPU_4397e9de = [ Id = "GPU-4397e9de"; Capability = 8.9; DeviceName = "NVIDIA L40S"; DeviceUuid = "4397e9de-77b1-68bf-2da8-dcaf5ea744d9"; ECCEnabled = true; NvidiaDriver = "570.195.03"; DriverVersion = 12.8; DevicePciBusId = "0000:3D:00.0"; GlobalMemoryMb = 45468; MaxSupportedVersion = 12080 ]
	IoHeavy = 0
	Memory = 16384
...
040 (8180963.167.000) 2026-06-24 17:02:48 Started transferring output files
...
040 (8180963.167.000) 2026-06-24 17:02:48 Finished transferring output files
...
004 (8180963.167.000) 2026-06-24 17:02:49 Job was evicted.
	(0) Job terminated and was requeued
		Usr 0 00:00:11, Sys 0 00:00:01  -  Run Remote Usage
		Usr 0 00:00:00, Sys 0 00:00:00  -  Run Local Usage
	15618  -  Run Bytes Sent By Job
	2781819943  -  Run Bytes Received By Job
	(1) Normal termination (return value 1)
	The job attribute OnExitRemove expression 'NumJobCompletions > JobMaxRetries || ExitCode =?= 0' evaluated to FALSE
...
040 (8180963.167.000) 2026-06-24 17:03:14 Started transferring input files
	Transferring to host: <128.105.69.3:9618?addrs=128.105.69.3-9618+[2607-f388-2200-100-7ec2-55ff-fe46-28f2]-9618&alias=gpu4002.chtc.wisc.edu&noUDP&sock=slot1_1_12744_0cff_13195>
...
040 (8180963.167.000) 2026-06-24 17:20:42 Finished transferring input files
...
001 (8180963.167.000) 2026-06-24 17:20:42 Job executing on host: <128.105.69.3:9618?addrs=128.105.69.3-9618+[2607-f388-2200-100-7ec2-55ff-fe46-28f2]-9618&alias=gpu4002.chtc.wisc.edu&noUDP&sock=startd_11312_ab69>
	SlotName: slot1_1@gpu4002.chtc.wisc.edu
	AvailableGPUs = { GPUs_GPU_3cc0e7db }
	CondorScratchDir = "/var/lib/condor/execute/slot1/dir_4132068/scratch"
	Cpus = 1
	Disk = 16777216
	GPUs = 1
	GPUs_GPU_3cc0e7db = [ Id = "GPU-3cc0e7db"; Capability = 8.9; DeviceName = "NVIDIA L40"; DeviceUuid = "3cc0e7db-321f-14ff-eb36-26e6784d2898"; ECCEnabled = true; NvidiaDriver = "570.195.03"; DriverVersion = 12.8; DevicePciBusId = "0000:4F:00.0"; GlobalMemoryMb = 45468; MaxSupportedVersion = 12080 ]
	IoHeavy = 0
	Memory = 16384
...
040 (8180963.167.000) 2026-06-24 17:20:58 Started transferring output files
...
040 (8180963.167.000) 2026-06-24 17:20:58 Finished transferring output files
...
004 (8180963.167.000) 2026-06-24 17:20:58 Job was evicted.
	(0) Job terminated and was requeued
		Usr 0 00:00:13, Sys 0 00:00:02  -  Run Remote Usage
		Usr 0 00:00:00, Sys 0 00:00:00  -  Run Local Usage
	15582  -  Run Bytes Sent By Job
	2781819943  -  Run Bytes Received By Job
	(1) Normal termination (return value 1)
	The job attribute OnExitRemove expression 'NumJobCompletions > JobMaxRetries || ExitCode =?= 0' evaluated to FALSE
...
040 (8180963.167.000) 2026-06-24 17:21:39 Started transferring input files
	Transferring to host: <128.105.69.63:9618?addrs=128.105.69.63-9618+[2607-f388-2200-100-5aa2-e1ff-febe-455e]-9618&alias=gpu4003.chtc.wisc.edu&noUDP&sock=slot2_2_1549376_4e16_86465>
...
040 (8180963.167.000) 2026-06-24 17:23:10 Finished transferring input files
...
001 (8180963.167.000) 2026-06-24 17:23:10 Job executing on host: <128.105.69.63:9618?addrs=128.105.69.63-9618+[2607-f388-2200-100-5aa2-e1ff-febe-455e]-9618&alias=gpu4003.chtc.wisc.edu&noUDP&sock=startd_3051222_14a9>
	SlotName: slot2_2@gpu4003.chtc.wisc.edu
	AvailableGPUs = { GPUs_GPU_d9edf92c }
	CondorScratchDir = "/var/lib/condor/execute/slot2/dir_3590871/scratch"
	Cpus = 1
	Disk = 16777216
	GPUs = 1
	GPUs_GPU_d9edf92c = [ Id = "GPU-d9edf92c"; Capability = 9.0; DeviceName = "NVIDIA H100 80GB HBM3"; DeviceUuid = "d9edf92c-50c2-1c6a-fcb3-fdfeff4a708a"; ECCEnabled = true; NvidiaDriver = "570.195.03"; DriverVersion = 12.8; DevicePciBusId = "0000:5D:00.0"; GlobalMemoryMb = 81089; MaxSupportedVersion = 12080 ]
	IoHeavy = 0
	Memory = 16384
...
040 (8180963.167.000) 2026-06-24 17:23:24 Started transferring output files
...
040 (8180963.167.000) 2026-06-24 17:23:24 Finished transferring output files
...
004 (8180963.167.000) 2026-06-24 17:23:24 Job was evicted.
	(0) Job terminated and was requeued
		Usr 0 00:00:11, Sys 0 00:00:02  -  Run Remote Usage
		Usr 0 00:00:00, Sys 0 00:00:00  -  Run Local Usage
	15586  -  Run Bytes Sent By Job
	2781819943  -  Run Bytes Received By Job
	(1) Normal termination (return value 1)
	The job attribute OnExitRemove expression 'NumJobCompletions > JobMaxRetries || ExitCode =?= 0' evaluated to FALSE
...
040 (8180963.167.000) 2026-06-24 17:25:08 Started transferring input files
	Transferring to host: <128.104.100.52:9618?addrs=128.104.100.52-9618+[2607-f388-107c-501-7ec2-55ff-fe99-a48c]-9618&alias=jcaicedogpu0000.chtc.wisc.edu&noUDP&sock=backfill1_8_12267_f60c_18524>
...
040 (8180963.167.000) 2026-06-24 17:28:11 Finished transferring input files
...
001 (8180963.167.000) 2026-06-24 17:28:11 Job executing on host: <128.104.100.52:9618?addrs=128.104.100.52-9618+[2607-f388-107c-501-7ec2-55ff-fe99-a48c]-9618&alias=jcaicedogpu0000.chtc.wisc.edu&noUDP&sock=startd_10725_0952>
	SlotName: backfill1_8@jcaicedogpu0000.chtc.wisc.edu
	AvailableGPUs = { GPUs_GPU_0c03ad29 }
	CondorScratchDir = "/var/lib/condor/execute/slot1/dir_2198821/scratch"
	Cpus = 1
	Disk = 16777216
	GPUs = 1
	GPUs_GPU_0c03ad29 = [ Id = "GPU-0c03ad29"; Capability = 8.9; DeviceName = "NVIDIA L40"; DeviceUuid = "0c03ad29-613e-407b-2db9-ce469ed3fbba"; ECCEnabled = true; NvidiaDriver = "570.195.03"; DriverVersion = 12.8; DevicePciBusId = "0000:53:00.0"; GlobalMemoryMb = 45468; MaxSupportedVersion = 12080 ]
	IoHeavy = 0
	Memory = 16384
...
040 (8180963.167.000) 2026-06-24 17:28:27 Started transferring output files
...
040 (8180963.167.000) 2026-06-24 17:28:27 Finished transferring output files
...
004 (8180963.167.000) 2026-06-24 17:28:27 Job was evicted.
	(0) Job terminated and was requeued
		Usr 0 00:00:13, Sys 0 00:00:01  -  Run Remote Usage
		Usr 0 00:00:00, Sys 0 00:00:00  -  Run Local Usage
	15624  -  Run Bytes Sent By Job
	2781819943  -  Run Bytes Received By Job
	(1) Normal termination (return value 1)
	The job attribute OnExitRemove expression 'NumJobCompletions > JobMaxRetries || ExitCode =?= 0' evaluated to FALSE
...
040 (8180963.167.000) 2026-06-24 17:29:03 Started transferring input files
	Transferring to host: <141.142.150.76:21549?CCBID=128.105.82.148:9618%3faddrs%3d128.105.82.148-9618+[2607-f388-2200-9d-7ccb-bc08-2489-7689]-9618%26alias%3dospool-ccb.osg.chtc.io%26noUDP%26sock%3dcollector8#4742953%2067.58.49.91:9618%3faddrs%3d67.58.49.91-9618+[fdf0-17b3-c3ec-1f79-10-0-d-2091]-9618%26alias%3dccb-2.ospool.osg-htc.org%26noUDP%26sock%3dcollector10#4735572&PrivNet=rails06&addrs=141.142.150.76-21549&alias=rails06&noUDP>
...
040 (8180963.167.000) 2026-06-24 17:31:06 Finished transferring input files
...
021 (8180963.167.000) 2026-06-24 17:31:07 Message from starter on slot1_1@glidein_2777056_197444590@rails06:
	PREPARE_JOB (prepare-hook) succeeded (reported status 000): Using Singularity image openfe_1.11.1.sif
...
001 (8180963.167.000) 2026-06-24 17:31:07 Job executing on host: <141.142.150.76:21787?CCBID=128.105.82.148:9618%3faddrs%3d128.105.82.148-9618+[2607-f388-2200-9d-7ccb-bc08-2489-7689]-9618%26alias%3dospool-ccb.osg.chtc.io%26noUDP%26sock%3dcollector8#4742203%2067.58.49.91:9618%3faddrs%3d67.58.49.91-9618+[fdf0-17b3-c3ec-1f79-10-0-d-2091]-9618%26alias%3dccb-2.ospool.osg-htc.org%26noUDP%26sock%3dcollector4#4731319&PrivNet=rails06&addrs=141.142.150.76-21787&alias=rails06&noUDP>
	SlotName: slot1_1@glidein_2777056_197444590@rails06
	AvailableGPUs = { GPUs_GPU_3a1d0fd3 }
	CondorScratchDir = "/projects/bcxl/svcosguser/glide_vKISV8/execute/dir_2808717/scratch"
	Cpus = 1
	Disk = 16777216
	GPUs = 1
	GPUs_GPU_3a1d0fd3 = [ Id = "GPU-3a1d0fd3"; ClockMhz = 1980.0; Capability = 9.0; CoresPerCU = 128; DeviceName = "NVIDIA H100 80GB HBM3"; DeviceUuid = "3a1d0fd3-afb4-6bf3-a15d-6cbe65f6262f"; ECCEnabled = true; ComputeUnits = 132; NvidiaDriver = "590.48.01"; DriverVersion = 13.1; DevicePciBusId = "0000:5D:00.0"; GlobalMemoryMb = 81081; MaxSupportedVersion = 13010 ]
	Memory = 16384
...
006 (8180963.167.000) 2026-06-24 17:31:34 Image size of job updated: 18833208
	977  -  MemoryUsage of job (MB)
	1000000  -  ResidentSetSize of job (KB)
...
040 (8180963.167.000) 2026-06-24 17:31:35 Started transferring output files
...
040 (8180963.167.000) 2026-06-24 17:31:35 Finished transferring output files
...
004 (8180963.167.000) 2026-06-24 17:31:37 Job was evicted.
	(0) Job terminated and was requeued
		Usr 0 00:00:14, Sys 0 00:00:02  -  Run Remote Usage
		Usr 0 00:00:00, Sys 0 00:00:00  -  Run Local Usage
	10294  -  Run Bytes Sent By Job
	2781819943  -  Run Bytes Received By Job
	(1) Normal termination (return value 1)
	The job attribute OnExitRemove expression 'NumJobCompletions > JobMaxRetries || ExitCode =?= 0' evaluated to FALSE
...
040 (8180963.167.000) 2026-06-24 17:31:45 Started transferring input files
	Transferring to host: <128.105.69.60:9618?addrs=128.105.69.60-9618+[2607-f388-2200-100-527c-6fff-fe66-e7e2]-9618&alias=blengerichgpu4000.chtc.wisc.edu&noUDP&sock=backfill1_2_1843674_de95_104840>
...
040 (8180963.167.000) 2026-06-24 17:32:02 Finished transferring input files
...
001 (8180963.167.000) 2026-06-24 17:32:02 Job executing on host: <128.105.69.60:9618?addrs=128.105.69.60-9618+[2607-f388-2200-100-527c-6fff-fe66-e7e2]-9618&alias=blengerichgpu4000.chtc.wisc.edu&noUDP&sock=startd_11585_ecc4>
	SlotName: backfill1_2@blengerichgpu4000.chtc.wisc.edu
	AvailableGPUs = { GPUs_GPU_db5665ff }
	CondorScratchDir = "/var/lib/condor/execute/slot1/dir_2597811/scratch"
	Cpus = 1
	Disk = 16777216
	GPUs = 1
	GPUs_GPU_db5665ff = [ Id = "GPU-db5665ff"; Capability = 8.9; DeviceName = "NVIDIA L40S"; DeviceUuid = "db5665ff-35ac-5e51-55be-e8c110b7cb1f"; ECCEnabled = true; NvidiaDriver = "570.195.03"; DriverVersion = 12.8; DevicePciBusId = "0000:CF:00.0"; GlobalMemoryMb = 45468; MaxSupportedVersion = 12080 ]
	IoHeavy = 0
	Memory = 16384
...
040 (8180963.167.000) 2026-06-24 17:32:17 Started transferring output files
...
040 (8180963.167.000) 2026-06-24 17:32:17 Finished transferring output files
...
005 (8180963.167.000) 2026-06-24 17:32:18 Job terminated.
	(1) Normal termination (return value 1)
		Usr 0 00:00:11, Sys 0 00:00:02  -  Run Remote Usage
		Usr 0 00:00:00, Sys 0 00:00:00  -  Run Local Usage
		Usr 0 00:02:14, Sys 0 00:00:19  -  Total Remote Usage
		Usr 0 00:00:00, Sys 0 00:00:00  -  Total Local Usage
	15632  -  Run Bytes Sent By Job
	2781819943  -  Run Bytes Received By Job
	161079  -  Total Bytes Sent By Job
	28189441453  -  Total Bytes Received By Job
	Partitionable Resources :    Usage  Request Allocated Assigned
	   Cpus                 :        0        1         1 
	   Disk (KB)            :  2718196 16777216  16777216 
	   GPUs                 :        0        1         1 "GPU-db5665ff"
	   IoHeavy              :                           0 
	   Memory (MB)          :      977    16384     16384 
	   TimeExecute (s)      :       15                    
	   TimeSlotBusy (s)     :       32                    
...
