000 (8018100.167.000) 2026-06-21 13:37:20 Job submitted from host: <128.105.68.112:9618?addrs=128.105.68.112-9618+[2607-f388-2200-100-eaeb-d3ff-fea3-4202]-9618&alias=ap2001.chtc.wisc.edu&noUDP&sock=schedd_4071840_2329>
...
040 (8018100.167.000) 2026-06-21 14:51:17 Started transferring input files
	Transferring to host: <128.104.100.53:9618?addrs=128.104.100.53-9618+[2607-f388-107c-501-7ec2-55ff-fe99-a2b0]-9618&alias=jcaicedogpu0001.chtc.wisc.edu&noUDP&sock=backfill1_8_12775_e4a1_9437>
...
040 (8018100.167.000) 2026-06-21 14:51:28 Finished transferring input files
...
001 (8018100.167.000) 2026-06-21 14:51:28 Job executing on host: <128.104.100.53:9618?addrs=128.104.100.53-9618+[2607-f388-107c-501-7ec2-55ff-fe99-a2b0]-9618&alias=jcaicedogpu0001.chtc.wisc.edu&noUDP&sock=startd_11292_f384>
	SlotName: backfill1_8@jcaicedogpu0001.chtc.wisc.edu
	AvailableGPUs = { GPUs_GPU_22787dff }
	CondorScratchDir = "/var/lib/condor/execute/slot1/dir_3878512/scratch"
	Cpus = 1
	Disk = 16777216
	GPUs = 1
	GPUs_GPU_22787dff = [ Id = "GPU-22787dff"; Capability = 8.9; DeviceName = "NVIDIA L40"; DeviceUuid = "22787dff-a2f4-227a-bc3c-c6178e7bb020"; ECCEnabled = true; NvidiaDriver = "570.195.03"; DriverVersion = 12.8; DevicePciBusId = "0000:52:00.0"; GlobalMemoryMb = 45468; MaxSupportedVersion = 12080 ]
	IoHeavy = 0
	Memory = 16384
...
006 (8018100.167.000) 2026-06-21 14:51:31 Image size of job updated: 192
	0  -  MemoryUsage of job (MB)
	0  -  ResidentSetSize of job (KB)
...
040 (8018100.167.000) 2026-06-21 14:51:31 Started transferring output files
...
040 (8018100.167.000) 2026-06-21 14:51:31 Finished transferring output files
...
004 (8018100.167.000) 2026-06-21 14:51:32 Job was evicted.
	(0) Job terminated and was requeued
		Usr 0 00:00:02, Sys 0 00:00:00  -  Run Remote Usage
		Usr 0 00:00:00, Sys 0 00:00:00  -  Run Local Usage
	452  -  Run Bytes Sent By Job
	2781820039  -  Run Bytes Received By Job
	(1) Normal termination (return value 2)
	The job attribute OnExitRemove expression 'NumJobCompletions > JobMaxRetries || ExitCode =?= 0' evaluated to FALSE
...
040 (8018100.167.000) 2026-06-21 14:53:49 Started transferring input files
	Transferring to host: <128.105.69.60:9618?addrs=128.105.69.60-9618+[2607-f388-2200-100-527c-6fff-fe66-e7e2]-9618&alias=blengerichgpu4000.chtc.wisc.edu&noUDP&sock=backfill1_6_1843674_de95_96350>
...
040 (8018100.167.000) 2026-06-21 14:53:58 Finished transferring input files
...
001 (8018100.167.000) 2026-06-21 14:53:58 Job executing on host: <128.105.69.60:9618?addrs=128.105.69.60-9618+[2607-f388-2200-100-527c-6fff-fe66-e7e2]-9618&alias=blengerichgpu4000.chtc.wisc.edu&noUDP&sock=startd_11585_ecc4>
	SlotName: backfill1_6@blengerichgpu4000.chtc.wisc.edu
	AvailableGPUs = { GPUs_GPU_56c8300e }
	CondorScratchDir = "/var/lib/condor/execute/slot1/dir_3885990/scratch"
	Cpus = 1
	Disk = 16777216
	GPUs = 1
	GPUs_GPU_56c8300e = [ Id = "GPU-56c8300e"; Capability = 8.9; DeviceName = "NVIDIA L40S"; DeviceUuid = "56c8300e-2783-65ce-0535-6f3c9f590082"; ECCEnabled = true; NvidiaDriver = "570.195.03"; DriverVersion = 12.8; DevicePciBusId = "0000:50:00.0"; GlobalMemoryMb = 45468; MaxSupportedVersion = 12080 ]
	IoHeavy = 0
	Memory = 16384
...
040 (8018100.167.000) 2026-06-21 14:54:01 Started transferring output files
...
040 (8018100.167.000) 2026-06-21 14:54:01 Finished transferring output files
...
004 (8018100.167.000) 2026-06-21 14:54:01 Job was evicted.
	(0) Job terminated and was requeued
		Usr 0 00:00:01, Sys 0 00:00:00  -  Run Remote Usage
		Usr 0 00:00:00, Sys 0 00:00:00  -  Run Local Usage
	454  -  Run Bytes Sent By Job
	2781820039  -  Run Bytes Received By Job
	(1) Normal termination (return value 2)
	The job attribute OnExitRemove expression 'NumJobCompletions > JobMaxRetries || ExitCode =?= 0' evaluated to FALSE
...
040 (8018100.167.000) 2026-06-21 14:55:56 Started transferring input files
	Transferring to host: <128.104.100.118:9618?addrs=128.104.100.118-9618+[2607-f388-107c-501-26d-aeff-fe1f-6b20]-9618&alias=jcaicedogpu0004.chtc.wisc.edu&noUDP&sock=backfill1_8_4107613_b354_101024>
...
040 (8018100.167.000) 2026-06-21 14:56:27 Finished transferring input files
...
001 (8018100.167.000) 2026-06-21 14:56:27 Job executing on host: <128.104.100.118:9618?addrs=128.104.100.118-9618+[2607-f388-107c-501-26d-aeff-fe1f-6b20]-9618&alias=jcaicedogpu0004.chtc.wisc.edu&noUDP&sock=startd_10858_436a>
	SlotName: backfill1_8@jcaicedogpu0004.chtc.wisc.edu
	AvailableGPUs = { GPUs_GPU_fa14651d }
	CondorScratchDir = "/var/lib/condor/execute/slot1/dir_1114435/scratch"
	Cpus = 1
	Disk = 16777216
	GPUs = 1
	GPUs_GPU_fa14651d = [ Id = "GPU-fa14651d"; Capability = 8.9; DeviceName = "NVIDIA L40S"; DeviceUuid = "fa14651d-25f0-e1cc-501d-97e0ea46e1dd"; ECCEnabled = true; NvidiaDriver = "570.195.03"; DriverVersion = 12.8; DevicePciBusId = "0000:01:00.0"; GlobalMemoryMb = 45468; MaxSupportedVersion = 12080 ]
	IoHeavy = 0
	Memory = 16384
...
006 (8018100.167.000) 2026-06-21 14:56:30 Image size of job updated: 360
	0  -  MemoryUsage of job (MB)
	0  -  ResidentSetSize of job (KB)
...
040 (8018100.167.000) 2026-06-21 14:56:30 Started transferring output files
...
040 (8018100.167.000) 2026-06-21 14:56:30 Finished transferring output files
...
004 (8018100.167.000) 2026-06-21 14:56:30 Job was evicted.
	(0) Job terminated and was requeued
		Usr 0 00:00:01, Sys 0 00:00:00  -  Run Remote Usage
		Usr 0 00:00:00, Sys 0 00:00:00  -  Run Local Usage
	452  -  Run Bytes Sent By Job
	2781820039  -  Run Bytes Received By Job
	(1) Normal termination (return value 2)
	The job attribute OnExitRemove expression 'NumJobCompletions > JobMaxRetries || ExitCode =?= 0' evaluated to FALSE
...
040 (8018100.167.000) 2026-06-21 14:58:16 Started transferring input files
	Transferring to host: <128.104.100.118:9618?addrs=128.104.100.118-9618+[2607-f388-107c-501-26d-aeff-fe1f-6b20]-9618&alias=jcaicedogpu0004.chtc.wisc.edu&noUDP&sock=backfill1_5_4107613_b354_101026>
...
040 (8018100.167.000) 2026-06-21 14:58:27 Finished transferring input files
...
001 (8018100.167.000) 2026-06-21 14:58:27 Job executing on host: <128.104.100.118:9618?addrs=128.104.100.118-9618+[2607-f388-107c-501-26d-aeff-fe1f-6b20]-9618&alias=jcaicedogpu0004.chtc.wisc.edu&noUDP&sock=startd_10858_436a>
	SlotName: backfill1_5@jcaicedogpu0004.chtc.wisc.edu
	AvailableGPUs = { GPUs_GPU_15ef4041 }
	CondorScratchDir = "/var/lib/condor/execute/slot1/dir_1115287/scratch"
	Cpus = 1
	Disk = 16777216
	GPUs = 1
	GPUs_GPU_15ef4041 = [ Id = "GPU-15ef4041"; Capability = 8.9; DeviceName = "NVIDIA L40S"; DeviceUuid = "15ef4041-a338-d8b1-af1c-286c00948d22"; ECCEnabled = true; NvidiaDriver = "570.195.03"; DriverVersion = 12.8; DevicePciBusId = "0000:21:00.0"; GlobalMemoryMb = 45468; MaxSupportedVersion = 12080 ]
	IoHeavy = 0
	Memory = 16384
...
040 (8018100.167.000) 2026-06-21 14:58:29 Started transferring output files
...
040 (8018100.167.000) 2026-06-21 14:58:29 Finished transferring output files
...
004 (8018100.167.000) 2026-06-21 14:58:30 Job was evicted.
	(0) Job terminated and was requeued
		Usr 0 00:00:01, Sys 0 00:00:00  -  Run Remote Usage
		Usr 0 00:00:00, Sys 0 00:00:00  -  Run Local Usage
	452  -  Run Bytes Sent By Job
	2781820039  -  Run Bytes Received By Job
	(1) Normal termination (return value 2)
	The job attribute OnExitRemove expression 'NumJobCompletions > JobMaxRetries || ExitCode =?= 0' evaluated to FALSE
...
040 (8018100.167.000) 2026-06-21 15:00:38 Started transferring input files
	Transferring to host: <128.104.100.52:9618?addrs=128.104.100.52-9618+[2607-f388-107c-501-7ec2-55ff-fe99-a48c]-9618&alias=jcaicedogpu0000.chtc.wisc.edu&noUDP&sock=backfill1_3_12267_f60c_9509>
...
040 (8018100.167.000) 2026-06-21 15:00:48 Finished transferring input files
...
001 (8018100.167.000) 2026-06-21 15:00:48 Job executing on host: <128.104.100.52:9618?addrs=128.104.100.52-9618+[2607-f388-107c-501-7ec2-55ff-fe99-a48c]-9618&alias=jcaicedogpu0000.chtc.wisc.edu&noUDP&sock=startd_10725_0952>
	SlotName: backfill1_3@jcaicedogpu0000.chtc.wisc.edu
	AvailableGPUs = { GPUs_GPU_ecd073d0 }
	CondorScratchDir = "/var/lib/condor/execute/slot1/dir_3476754/scratch"
	Cpus = 1
	Disk = 16777216
	GPUs = 1
	GPUs_GPU_ecd073d0 = [ Id = "GPU-ecd073d0"; Capability = 8.9; DeviceName = "NVIDIA L40"; DeviceUuid = "ecd073d0-2efd-ed82-9e85-e5b0a45b9254"; ECCEnabled = true; NvidiaDriver = "570.195.03"; DriverVersion = 12.8; DevicePciBusId = "0000:D2:00.0"; GlobalMemoryMb = 45468; MaxSupportedVersion = 12080 ]
	IoHeavy = 0
	Memory = 16384
...
040 (8018100.167.000) 2026-06-21 15:00:51 Started transferring output files
...
040 (8018100.167.000) 2026-06-21 15:00:51 Finished transferring output files
...
004 (8018100.167.000) 2026-06-21 15:00:52 Job was evicted.
	(0) Job terminated and was requeued
		Usr 0 00:00:02, Sys 0 00:00:00  -  Run Remote Usage
		Usr 0 00:00:00, Sys 0 00:00:00  -  Run Local Usage
	452  -  Run Bytes Sent By Job
	2781820039  -  Run Bytes Received By Job
	(1) Normal termination (return value 2)
	The job attribute OnExitRemove expression 'NumJobCompletions > JobMaxRetries || ExitCode =?= 0' evaluated to FALSE
...
040 (8018100.167.000) 2026-06-21 15:02:37 Started transferring input files
	Transferring to host: <128.104.103.47:9618?addrs=128.104.103.47-9618+[2607-f388-107c-501-a236-9fff-fe3c-f3a0]-9618&alias=ahlquist0000.chtc.wisc.edu&noUDP&sock=backfill1_8_9919_952c_8261>
...
040 (8018100.167.000) 2026-06-21 15:04:56 Finished transferring input files
...
001 (8018100.167.000) 2026-06-21 15:04:56 Job executing on host: <128.104.103.47:9618?addrs=128.104.103.47-9618+[2607-f388-107c-501-a236-9fff-fe3c-f3a0]-9618&alias=ahlquist0000.chtc.wisc.edu&noUDP&sock=startd_9052_7f60>
	SlotName: backfill1_8@ahlquist0000.chtc.wisc.edu
	AvailableGPUs = { GPUs_GPU_ebcd15a8 }
	CondorScratchDir = "/var/lib/condor/execute/slot1/dir_1414078/scratch"
	Cpus = 1
	Disk = 16777216
	GPUs = 1
	GPUs_GPU_ebcd15a8 = [ Id = "GPU-ebcd15a8"; Capability = 7.5; DeviceName = "NVIDIA GeForce RTX 2080 Ti"; DeviceUuid = "ebcd15a8-c497-a993-09c7-d0b925ffb95a"; ECCEnabled = false; NvidiaDriver = "550.54.14"; DriverVersion = 12.4; DevicePciBusId = "0000:1A:00.0"; GlobalMemoryMb = 11004; MaxSupportedVersion = 12040 ]
	IoHeavy = 0
	Memory = 16384
...
006 (8018100.167.000) 2026-06-21 15:05:01 Image size of job updated: 44960
	0  -  MemoryUsage of job (MB)
	0  -  ResidentSetSize of job (KB)
...
040 (8018100.167.000) 2026-06-21 15:05:01 Started transferring output files
...
040 (8018100.167.000) 2026-06-21 15:05:01 Finished transferring output files
...
004 (8018100.167.000) 2026-06-21 15:05:04 Job was evicted.
	(0) Job terminated and was requeued
		Usr 0 00:00:03, Sys 0 00:00:00  -  Run Remote Usage
		Usr 0 00:00:00, Sys 0 00:00:00  -  Run Local Usage
	449  -  Run Bytes Sent By Job
	2781820039  -  Run Bytes Received By Job
	(1) Normal termination (return value 2)
	The job attribute OnExitRemove expression 'NumJobCompletions > JobMaxRetries || ExitCode =?= 0' evaluated to FALSE
...
040 (8018100.167.000) 2026-06-21 15:05:19 Started transferring input files
	Transferring to host: <141.142.150.74:5975?CCBID=128.105.82.148:9618%3faddrs%3d128.105.82.148-9618+[2607-f388-2200-9d-7ccb-bc08-2489-768a]-9618%26alias%3dospool-ccb.osg.chtc.io%26noUDP%26sock%3dcollector6#4333085%2067.58.49.91:9618%3faddrs%3d67.58.49.91-9618+[fdf0-17b3-c3ec-1f79-10-0-e-b69d]-9618%26alias%3dccb-2.ospool.osg-htc.org%26noUDP%26sock%3dcollector4#4321325&PrivNet=rails04&addrs=141.142.150.74-5975+[fde1-53ba-e9a0-de11-2dba-91e3-dd48-5c8a]-5975&alias=rails04&noUDP>
...
040 (8018100.167.000) 2026-06-21 15:05:33 Finished transferring input files
...
021 (8018100.167.000) 2026-06-21 15:05:33 Message from starter on slot1_1@glidein_4009283_617418400@rails04:
	PREPARE_JOB (prepare-hook) succeeded (reported status 000): Using Singularity image openfe_1.11.1.sif
...
001 (8018100.167.000) 2026-06-21 15:05:33 Job executing on host: <141.142.150.74:18427?CCBID=128.105.82.148:9618%3faddrs%3d128.105.82.148-9618+[2607-f388-2200-9d-7ccb-bc08-2489-768a]-9618%26alias%3dospool-ccb.osg.chtc.io%26noUDP%26sock%3dcollector6#4308102%2067.58.49.91:9618%3faddrs%3d67.58.49.91-9618+[fdf0-17b3-c3ec-1f79-10-0-e-b69d]-9618%26alias%3dccb-2.ospool.osg-htc.org%26noUDP%26sock%3dcollector10#4300356&PrivNet=rails04&addrs=141.142.150.74-18427+[fde1-53ba-e9a0-de11-2dba-91e3-dd48-5c8a]-18427&alias=rails04&noUDP>
	SlotName: slot1_1@glidein_4009283_617418400@rails04
	AvailableGPUs = { GPUs_GPU_dcfb5c44 }
	CondorScratchDir = "/projects/bcxl/svcosguser/glide_ywlOMX/execute/dir_1179181/scratch"
	Cpus = 1
	Disk = 16777216
	GPUs = 1
	GPUs_GPU_dcfb5c44 = [ Id = "GPU-dcfb5c44"; ClockMhz = 1980.0; Capability = 9.0; CoresPerCU = 128; DeviceName = "NVIDIA H100 80GB HBM3"; DeviceUuid = "dcfb5c44-0ae0-0c21-bbae-e6ea68652f2a"; ECCEnabled = true; ComputeUnits = 132; NvidiaDriver = "590.48.01"; DriverVersion = 13.1; DevicePciBusId = "0000:4C:00.0"; GlobalMemoryMb = 81081; MaxSupportedVersion = 13010 ]
	Memory = 16384
...
006 (8018100.167.000) 2026-06-21 15:05:38 Image size of job updated: 4437280
	168  -  MemoryUsage of job (MB)
	171212  -  ResidentSetSize of job (KB)
...
040 (8018100.167.000) 2026-06-21 15:05:38 Started transferring output files
...
040 (8018100.167.000) 2026-06-21 15:05:38 Finished transferring output files
...
004 (8018100.167.000) 2026-06-21 15:05:39 Job was evicted.
	(0) Job terminated and was requeued
		Usr 0 00:00:00, Sys 0 00:00:00  -  Run Remote Usage
		Usr 0 00:00:00, Sys 0 00:00:00  -  Run Local Usage
	463  -  Run Bytes Sent By Job
	2781820039  -  Run Bytes Received By Job
	(1) Normal termination (return value 2)
	The job attribute OnExitRemove expression 'NumJobCompletions > JobMaxRetries || ExitCode =?= 0' evaluated to FALSE
...
040 (8018100.167.000) 2026-06-21 15:05:43 Started transferring input files
	Transferring to host: <128.104.100.52:9618?addrs=128.104.100.52-9618+[2607-f388-107c-501-7ec2-55ff-fe99-a48c]-9618&alias=jcaicedogpu0000.chtc.wisc.edu&noUDP&sock=backfill1_8_12267_f60c_9519>
...
040 (8018100.167.000) 2026-06-21 15:05:54 Finished transferring input files
...
001 (8018100.167.000) 2026-06-21 15:05:54 Job executing on host: <128.104.100.52:9618?addrs=128.104.100.52-9618+[2607-f388-107c-501-7ec2-55ff-fe99-a48c]-9618&alias=jcaicedogpu0000.chtc.wisc.edu&noUDP&sock=startd_10725_0952>
	SlotName: backfill1_8@jcaicedogpu0000.chtc.wisc.edu
	AvailableGPUs = { GPUs_GPU_0c03ad29 }
	CondorScratchDir = "/var/lib/condor/execute/slot1/dir_3477837/scratch"
	Cpus = 1
	Disk = 16777216
	GPUs = 1
	GPUs_GPU_0c03ad29 = [ Id = "GPU-0c03ad29"; Capability = 8.9; DeviceName = "NVIDIA L40"; DeviceUuid = "0c03ad29-613e-407b-2db9-ce469ed3fbba"; ECCEnabled = true; NvidiaDriver = "570.195.03"; DriverVersion = 12.8; DevicePciBusId = "0000:53:00.0"; GlobalMemoryMb = 45468; MaxSupportedVersion = 12080 ]
	IoHeavy = 0
	Memory = 16384
...
040 (8018100.167.000) 2026-06-21 15:05:57 Started transferring output files
...
040 (8018100.167.000) 2026-06-21 15:05:57 Finished transferring output files
...
004 (8018100.167.000) 2026-06-21 15:05:57 Job was evicted.
	(0) Job terminated and was requeued
		Usr 0 00:00:02, Sys 0 00:00:00  -  Run Remote Usage
		Usr 0 00:00:00, Sys 0 00:00:00  -  Run Local Usage
	452  -  Run Bytes Sent By Job
	2781820039  -  Run Bytes Received By Job
	(1) Normal termination (return value 2)
	The job attribute OnExitRemove expression 'NumJobCompletions > JobMaxRetries || ExitCode =?= 0' evaluated to FALSE
...
040 (8018100.167.000) 2026-06-21 15:07:14 Started transferring input files
	Transferring to host: <128.104.103.47:9618?addrs=128.104.103.47-9618+[2607-f388-107c-501-a236-9fff-fe3c-f3a0]-9618&alias=ahlquist0000.chtc.wisc.edu&noUDP&sock=backfill1_5_9919_952c_8268>
...
040 (8018100.167.000) 2026-06-21 15:09:45 Finished transferring input files
...
001 (8018100.167.000) 2026-06-21 15:09:50 Job executing on host: <128.104.103.47:9618?addrs=128.104.103.47-9618+[2607-f388-107c-501-a236-9fff-fe3c-f3a0]-9618&alias=ahlquist0000.chtc.wisc.edu&noUDP&sock=startd_9052_7f60>
	SlotName: backfill1_5@ahlquist0000.chtc.wisc.edu
	AvailableGPUs = { GPUs_GPU_14b37369 }
	CondorScratchDir = "/var/lib/condor/execute/slot1/dir_1415777/scratch"
	Cpus = 1
	Disk = 16777216
	GPUs = 1
	GPUs_GPU_14b37369 = [ Id = "GPU-14b37369"; Capability = 7.5; DeviceName = "NVIDIA GeForce RTX 2080 Ti"; DeviceUuid = "14b37369-ea21-8e82-0087-181861785aad"; ECCEnabled = false; NvidiaDriver = "550.54.14"; DriverVersion = 12.4; DevicePciBusId = "0000:3E:00.0"; GlobalMemoryMb = 11004; MaxSupportedVersion = 12040 ]
	IoHeavy = 0
	Memory = 16384
...
040 (8018100.167.000) 2026-06-21 15:09:55 Started transferring output files
...
040 (8018100.167.000) 2026-06-21 15:09:55 Finished transferring output files
...
004 (8018100.167.000) 2026-06-21 15:10:00 Job was evicted.
	(0) Job terminated and was requeued
		Usr 0 00:00:03, Sys 0 00:00:00  -  Run Remote Usage
		Usr 0 00:00:00, Sys 0 00:00:00  -  Run Local Usage
	449  -  Run Bytes Sent By Job
	2781820039  -  Run Bytes Received By Job
	(1) Normal termination (return value 2)
	The job attribute OnExitRemove expression 'NumJobCompletions > JobMaxRetries || ExitCode =?= 0' evaluated to FALSE
...
040 (8018100.167.000) 2026-06-21 15:10:15 Started transferring input files
	Transferring to host: <128.104.100.53:9618?addrs=128.104.100.53-9618+[2607-f388-107c-501-7ec2-55ff-fe99-a2b0]-9618&alias=jcaicedogpu0001.chtc.wisc.edu&noUDP&sock=backfill1_6_12775_e4a1_9495>
...
040 (8018100.167.000) 2026-06-21 15:10:26 Finished transferring input files
...
001 (8018100.167.000) 2026-06-21 15:10:26 Job executing on host: <128.104.100.53:9618?addrs=128.104.100.53-9618+[2607-f388-107c-501-7ec2-55ff-fe99-a2b0]-9618&alias=jcaicedogpu0001.chtc.wisc.edu&noUDP&sock=startd_11292_f384>
	SlotName: backfill1_6@jcaicedogpu0001.chtc.wisc.edu
	AvailableGPUs = { GPUs_GPU_1eee8e3c }
	CondorScratchDir = "/var/lib/condor/execute/slot1/dir_3887197/scratch"
	Cpus = 1
	Disk = 16777216
	GPUs = 1
	GPUs_GPU_1eee8e3c = [ Id = "GPU-1eee8e3c"; Capability = 8.9; DeviceName = "NVIDIA L40"; DeviceUuid = "1eee8e3c-7620-3d62-625c-ef7c18ac8dc2"; ECCEnabled = true; NvidiaDriver = "570.195.03"; DriverVersion = 12.8; DevicePciBusId = "0000:56:00.0"; GlobalMemoryMb = 45468; MaxSupportedVersion = 12080 ]
	IoHeavy = 0
	Memory = 16384
...
040 (8018100.167.000) 2026-06-21 15:10:29 Started transferring output files
...
040 (8018100.167.000) 2026-06-21 15:10:29 Finished transferring output files
...
004 (8018100.167.000) 2026-06-21 15:10:30 Job was evicted.
	(0) Job terminated and was requeued
		Usr 0 00:00:02, Sys 0 00:00:00  -  Run Remote Usage
		Usr 0 00:00:00, Sys 0 00:00:00  -  Run Local Usage
	452  -  Run Bytes Sent By Job
	2781820039  -  Run Bytes Received By Job
	(1) Normal termination (return value 2)
	The job attribute OnExitRemove expression 'NumJobCompletions > JobMaxRetries || ExitCode =?= 0' evaluated to FALSE
...
040 (8018100.167.000) 2026-06-21 15:10:42 Started transferring input files
	Transferring to host: <10.226.104.219:42121?CCBID=128.105.82.148:9618%3faddrs%3d128.105.82.148-9618+[2607-f388-2200-9d-7ccb-bc08-2489-768a]-9618%26alias%3dospool-ccb.osg.chtc.io%26noUDP%26sock%3dcollector9#4332152%2067.58.49.91:9618%3faddrs%3d67.58.49.91-9618+[fdf0-17b3-c3ec-1f79-10-0-e-b69d]-9618%26alias%3dccb-2.ospool.osg-htc.org%26noUDP%26sock%3dcollector5#4326685&PrivNet=gpu019.rci.montana.edu&addrs=10.226.104.219-42121&alias=gpu019.rci.montana.edu&noUDP>
...
040 (8018100.167.000) 2026-06-21 15:12:44 Finished transferring input files
...
021 (8018100.167.000) 2026-06-21 15:12:45 Message from starter on slot1_1@glidein_23191_72509607@gpu019.rci.montana.edu:
	PREPARE_JOB (prepare-hook) succeeded (reported status 000): Using Singularity image openfe_1.11.1.sif
...
001 (8018100.167.000) 2026-06-21 15:12:45 Job executing on host: <10.226.104.219:41615?CCBID=128.105.82.148:9618%3faddrs%3d128.105.82.148-9618+[2607-f388-2200-9d-7ccb-bc08-2489-768a]-9618%26alias%3dospool-ccb.osg.chtc.io%26noUDP%26sock%3dcollector2#4264896%2067.58.49.91:9618%3faddrs%3d67.58.49.91-9618+[fdf0-17b3-c3ec-1f79-10-0-e-b69d]-9618%26alias%3dccb-2.ospool.osg-htc.org%26noUDP%26sock%3dcollector10#4259451&PrivNet=gpu019.rci.montana.edu&addrs=10.226.104.219-41615&alias=gpu019.rci.montana.edu&noUDP>
	SlotName: slot1_1@glidein_23191_72509607@gpu019.rci.montana.edu
	AvailableGPUs = { GPUs_GPU_c024a1e2 }
	CondorScratchDir = "/tmp/jobs/4093244/glide_m8jHdW/execute/dir_2928539/scratch"
	Cpus = 1
	Disk = 16777216
	GPUs = 1
	GPUs_GPU_c024a1e2 = [ Id = "GPU-c024a1e2"; ClockMhz = 1980.0; Capability = 9.0; CoresPerCU = 128; DeviceName = "NVIDIA H100 80GB HBM3"; DeviceUuid = "c024a1e2-3221-96c5-6819-7810c2eb5df0"; ECCEnabled = true; ComputeUnits = 132; NvidiaDriver = "595.71.05"; DriverVersion = 13.2; DevicePciBusId = "0000:4E:00.0"; GlobalMemoryMb = 81081; MaxSupportedVersion = 13020 ]
	Memory = 16384
...
040 (8018100.167.000) 2026-06-21 15:12:49 Started transferring output files
...
040 (8018100.167.000) 2026-06-21 15:12:49 Finished transferring output files
...
005 (8018100.167.000) 2026-06-21 15:12:49 Job terminated.
	(1) Normal termination (return value 2)
		Usr 0 00:00:00, Sys 0 00:00:00  -  Run Remote Usage
		Usr 0 00:00:00, Sys 0 00:00:00  -  Run Local Usage
		Usr 0 00:00:17, Sys 0 00:00:00  -  Total Remote Usage
		Usr 0 00:00:00, Sys 0 00:00:00  -  Total Local Usage
	462  -  Run Bytes Sent By Job
	2781820039  -  Run Bytes Received By Job
	4989  -  Total Bytes Sent By Job
	30600020429  -  Total Bytes Received By Job
	Partitionable Resources :    Usage  Request Allocated Assigned
	   Cpus                 :        0        1         1 
	   Disk (KB)            :  2716740 16777216  16777216 
	   GPUs                 :        0        1         1 "GPU-c024a1e2"
	   Memory (MB)          :      171    16384     16384 
	   TimeExecute (s)      :        3                    
	   TimeSlotBusy (s)     :      128                    
...
