000 (8017966.033.000) 2026-06-20 22:07:54 Job submitted from host: <128.105.68.112:9618?addrs=128.105.68.112-9618+[2607-f388-2200-100-eaeb-d3ff-fea3-4202]-9618&alias=ap2001.chtc.wisc.edu&noUDP&sock=schedd_4071840_2329>
...
040 (8017966.033.000) 2026-06-20 22:19:43 Started transferring input files
	Transferring to host: <128.105.68.16:9618?addrs=128.105.68.16-9618+[2607-f388-2200-100-3eec-efff-fe0c-5412]-9618&alias=coba2000.chtc.wisc.edu&noUDP&sock=backfill1_3_1747599_5733_76406>
...
040 (8017966.033.000) 2026-06-20 22:19:58 Finished transferring input files
...
001 (8017966.033.000) 2026-06-20 22:19:58 Job executing on host: <128.105.68.16:9618?addrs=128.105.68.16-9618+[2607-f388-2200-100-3eec-efff-fe0c-5412]-9618&alias=coba2000.chtc.wisc.edu&noUDP&sock=startd_11607_03da>
	SlotName: backfill1_3@coba2000.chtc.wisc.edu
	AvailableGPUs = { GPUs_GPU_ee7237b4 }
	CondorScratchDir = "/var/lib/condor/execute/slot1/dir_1386856/scratch"
	Cpus = 1
	Disk = 16777216
	GPUs = 1
	GPUs_GPU_ee7237b4 = [ Id = "GPU-ee7237b4"; Capability = 8.0; DeviceName = "NVIDIA A100-SXM4-40GB"; DeviceUuid = "ee7237b4-7e82-64c1-4693-db39b705ecfa"; ECCEnabled = true; NvidiaDriver = "570.195.03"; DriverVersion = 12.8; DevicePciBusId = "0000:41:00.0"; GlobalMemoryMb = 40442; MaxSupportedVersion = 12080 ]
	IoHeavy = 0
	Memory = 16384
...
006 (8017966.033.000) 2026-06-20 22:20:07 Image size of job updated: 400320
	391  -  MemoryUsage of job (MB)
	400320  -  ResidentSetSize of job (KB)
...
006 (8017966.033.000) 2026-06-20 22:25:08 Image size of job updated: 977876
	954  -  MemoryUsage of job (MB)
	976148  -  ResidentSetSize of job (KB)
...
006 (8017966.033.000) 2026-06-20 22:30:08 Image size of job updated: 977876
	954  -  MemoryUsage of job (MB)
	976480  -  ResidentSetSize of job (KB)
...
006 (8017966.033.000) 2026-06-20 22:35:09 Image size of job updated: 978480
	956  -  MemoryUsage of job (MB)
	978480  -  ResidentSetSize of job (KB)
...
006 (8017966.033.000) 2026-06-20 22:40:09 Image size of job updated: 981796
	959  -  MemoryUsage of job (MB)
	981796  -  ResidentSetSize of job (KB)
...
006 (8017966.033.000) 2026-06-20 22:45:10 Image size of job updated: 985728
	963  -  MemoryUsage of job (MB)
	985728  -  ResidentSetSize of job (KB)
...
006 (8017966.033.000) 2026-06-20 22:50:10 Image size of job updated: 990040
	967  -  MemoryUsage of job (MB)
	990040  -  ResidentSetSize of job (KB)
...
006 (8017966.033.000) 2026-06-20 22:55:10 Image size of job updated: 994112
	971  -  MemoryUsage of job (MB)
	994112  -  ResidentSetSize of job (KB)
...
006 (8017966.033.000) 2026-06-20 23:00:11 Image size of job updated: 999380
	971  -  MemoryUsage of job (MB)
	994112  -  ResidentSetSize of job (KB)
...
006 (8017966.033.000) 2026-06-20 23:05:11 Image size of job updated: 1002416
	979  -  MemoryUsage of job (MB)
	1002416  -  ResidentSetSize of job (KB)
...
006 (8017966.033.000) 2026-06-20 23:10:12 Image size of job updated: 1006336
	983  -  MemoryUsage of job (MB)
	1006336  -  ResidentSetSize of job (KB)
...
006 (8017966.033.000) 2026-06-20 23:15:12 Image size of job updated: 1007768
	983  -  MemoryUsage of job (MB)
	1006336  -  ResidentSetSize of job (KB)
...
006 (8017966.033.000) 2026-06-20 23:20:13 Image size of job updated: 1009632
	986  -  MemoryUsage of job (MB)
	1009632  -  ResidentSetSize of job (KB)
...
040 (8017966.033.000) 2026-06-20 23:25:52 Started transferring output files
...
040 (8017966.033.000) 2026-06-20 23:25:52 Finished transferring output files
...
005 (8017966.033.000) 2026-06-20 23:25:53 Job terminated.
	(1) Normal termination (return value 0)
		Usr 0 01:05:29, Sys 0 00:30:24  -  Run Remote Usage
		Usr 0 00:00:00, Sys 0 00:00:00  -  Run Local Usage
		Usr 0 01:05:29, Sys 0 00:30:24  -  Total Remote Usage
		Usr 0 00:00:00, Sys 0 00:00:00  -  Total Local Usage
	2500917  -  Run Bytes Sent By Job
	2782563011  -  Run Bytes Received By Job
	2500917  -  Total Bytes Sent By Job
	2782563011  -  Total Bytes Received By Job
	Partitionable Resources :      Usage  Request Allocated Assigned
	   Cpus                 :       0.99        1         1 
	   Disk (KB)            : 2729842    16777216  16777216 
	   GPUs                 :       0.87        1         1 "GPU-ee7237b4"
	   GpusMemory (MB)      :    6531                       
	   IoHeavy              :                             0 
	   Memory (MB)          :     986       16384     16384 
	   TimeExecute (s)      :    3954                       
	   TimeSlotBusy (s)     :    3969                       
...
