000 (8017966.889.000) 2026-06-20 22:07:54 Job submitted from host: <128.105.68.112:9618?addrs=128.105.68.112-9618+[2607-f388-2200-100-eaeb-d3ff-fea3-4202]-9618&alias=ap2001.chtc.wisc.edu&noUDP&sock=schedd_4071840_2329>
...
040 (8017966.889.000) 2026-06-21 05:21:13 Started transferring input files
	Transferring to host: <128.105.68.131:9618?addrs=128.105.68.131-9618+[2607-f388-2200-100-7ec2-55ff-fe99-a4a2]-9618&alias=xhuanggpu4001.chtc.wisc.edu&noUDP&sock=backfill1_6_770790_08a9_66898>
...
040 (8017966.889.000) 2026-06-21 05:21:24 Finished transferring input files
...
001 (8017966.889.000) 2026-06-21 05:21:24 Job executing on host: <128.105.68.131:9618?addrs=128.105.68.131-9618+[2607-f388-2200-100-7ec2-55ff-fe99-a4a2]-9618&alias=xhuanggpu4001.chtc.wisc.edu&noUDP&sock=startd_10764_c983>
	SlotName: backfill1_6@xhuanggpu4001.chtc.wisc.edu
	AvailableGPUs = { GPUs_GPU_90561461 }
	CondorScratchDir = "/var/lib/condor/execute/slot1/dir_2960461/scratch"
	Cpus = 1
	Disk = 16777216
	GPUs = 1
	GPUs_GPU_90561461 = [ Id = "GPU-90561461"; Capability = 8.9; DeviceName = "NVIDIA L40"; DeviceUuid = "90561461-cada-4039-24a9-ffec078fe549"; ECCEnabled = true; NvidiaDriver = "570.195.03"; DriverVersion = 12.8; DevicePciBusId = "0000:D1:00.0"; GlobalMemoryMb = 45468; MaxSupportedVersion = 12080 ]
	IoHeavy = 0
	Memory = 16384
...
006 (8017966.889.000) 2026-06-21 05:21:33 Image size of job updated: 447768
	438  -  MemoryUsage of job (MB)
	447768  -  ResidentSetSize of job (KB)
...
006 (8017966.889.000) 2026-06-21 05:26:34 Image size of job updated: 1905344
	1744  -  MemoryUsage of job (MB)
	1785704  -  ResidentSetSize of job (KB)
...
006 (8017966.889.000) 2026-06-21 05:31:35 Image size of job updated: 2070356
	1995  -  MemoryUsage of job (MB)
	2042356  -  ResidentSetSize of job (KB)
...
006 (8017966.889.000) 2026-06-21 05:36:20 Image size of job updated: 2282860
	1995  -  MemoryUsage of job (MB)
	2042356  -  ResidentSetSize of job (KB)
...
040 (8017966.889.000) 2026-06-21 05:36:20 Started transferring output files
...
040 (8017966.889.000) 2026-06-21 05:36:20 Finished transferring output files
...
004 (8017966.889.000) 2026-06-21 05:36:21 Job was evicted.
	(0) Job terminated and was requeued
		Usr 0 00:32:04, Sys 0 00:03:13  -  Run Remote Usage
		Usr 0 00:00:00, Sys 0 00:00:00  -  Run Local Usage
	114460995  -  Run Bytes Sent By Job
	2782686089  -  Run Bytes Received By Job
	(1) Normal termination (return value 1)
	The job attribute OnExitRemove expression 'NumJobCompletions > JobMaxRetries || ExitCode =?= 0' evaluated to FALSE
...
040 (8017966.889.000) 2026-06-21 05:38:34 Started transferring input files
	Transferring to host: <128.105.68.131:9618?addrs=128.105.68.131-9618+[2607-f388-2200-100-7ec2-55ff-fe99-a4a2]-9618&alias=xhuanggpu4001.chtc.wisc.edu&noUDP&sock=backfill1_6_770790_08a9_66941>
...
040 (8017966.889.000) 2026-06-21 05:38:44 Finished transferring input files
...
001 (8017966.889.000) 2026-06-21 05:38:44 Job executing on host: <128.105.68.131:9618?addrs=128.105.68.131-9618+[2607-f388-2200-100-7ec2-55ff-fe99-a4a2]-9618&alias=xhuanggpu4001.chtc.wisc.edu&noUDP&sock=startd_10764_c983>
	SlotName: backfill1_6@xhuanggpu4001.chtc.wisc.edu
	AvailableGPUs = { GPUs_GPU_90561461 }
	CondorScratchDir = "/var/lib/condor/execute/slot1/dir_2984098/scratch"
	Cpus = 1
	Disk = 16777216
	GPUs = 1
	GPUs_GPU_90561461 = [ Id = "GPU-90561461"; Capability = 8.9; DeviceName = "NVIDIA L40"; DeviceUuid = "90561461-cada-4039-24a9-ffec078fe549"; ECCEnabled = true; NvidiaDriver = "570.195.03"; DriverVersion = 12.8; DevicePciBusId = "0000:D1:00.0"; GlobalMemoryMb = 45468; MaxSupportedVersion = 12080 ]
	IoHeavy = 0
	Memory = 16384
...
040 (8017966.889.000) 2026-06-21 05:38:47 Started transferring output files
...
040 (8017966.889.000) 2026-06-21 05:38:47 Finished transferring output files
...
004 (8017966.889.000) 2026-06-21 05:38:48 Job was evicted.
	(0) Job terminated and was requeued
		Usr 0 00:00:02, Sys 0 00:00:00  -  Run Remote Usage
		Usr 0 00:00:00, Sys 0 00:00:00  -  Run Local Usage
	114441249  -  Run Bytes Sent By Job
	2897126842  -  Run Bytes Received By Job
	(1) Normal termination (return value 2)
	The job attribute OnExitRemove expression 'NumJobCompletions > JobMaxRetries || ExitCode =?= 0' evaluated to FALSE
...
040 (8017966.889.000) 2026-06-21 05:38:53 Started transferring input files
	Transferring to host: <10.1.1.137:35041?CCBID=128.105.82.148:9618%3faddrs%3d128.105.82.148-9618+[2607-f388-2200-9d-7ccb-bc08-2489-768a]-9618%26alias%3dospool-ccb.osg.chtc.io%26noUDP%26sock%3dcollector5#4305903%2067.58.49.91:9618%3faddrs%3d67.58.49.91-9618+[fdf0-17b3-c3ec-1f79-10-0-e-b69d]-9618%26alias%3dccb-2.ospool.osg-htc.org%26noUDP%26sock%3dcollector1#4301822&PrivNet=gpu07&addrs=10.1.1.137-35041&alias=gpu07&noUDP>
...
040 (8017966.889.000) 2026-06-21 05:39:23 Finished transferring input files
...
021 (8017966.889.000) 2026-06-21 05:39:24 Message from starter on slot1_4@glidein_795025_64906636@gpu07:
	PREPARE_JOB (prepare-hook) succeeded (reported status 000): Using Singularity image openfe_1.11.1.sif
...
001 (8017966.889.000) 2026-06-21 05:39:24 Job executing on host: <10.1.1.137:42311?CCBID=128.105.82.148:9618%3faddrs%3d128.105.82.148-9618+[2607-f388-2200-9d-7ccb-bc08-2489-768a]-9618%26alias%3dospool-ccb.osg.chtc.io%26noUDP%26sock%3dcollector9#4101337%2067.58.49.91:9618%3faddrs%3d67.58.49.91-9618+[fdf0-17b3-c3ec-1f79-10-0-e-b69d]-9618%26alias%3dccb-2.ospool.osg-htc.org%26noUDP%26sock%3dcollector7#4091584&PrivNet=gpu07&addrs=10.1.1.137-42311&alias=gpu07&noUDP>
	SlotName: slot1_4@glidein_795025_64906636@gpu07
	AvailableGPUs = { GPUs_GPU_58b172da }
	CondorScratchDir = "/tmp/glide_dYrt5m/execute/dir_2170716/scratch"
	Cpus = 1
	Disk = 16777216
	GPUs = 1
	GPUs_GPU_58b172da = [ Id = "GPU-58b172da"; ClockMhz = 1695.0; Capability = 8.6; CoresPerCU = 128; DeviceName = "NVIDIA RTX A5000"; DeviceUuid = "58b172da-e6dd-72fa-18e2-4ff5c51a7159"; ECCEnabled = false; ComputeUnits = 64; NvidiaDriver = "595.71.05"; DriverVersion = 13.2; DevicePciBusId = "0000:C1:00.0"; GlobalMemoryMb = 24361; MaxSupportedVersion = 13020 ]
	Memory = 16384
...
040 (8017966.889.000) 2026-06-21 05:39:29 Started transferring output files
...
040 (8017966.889.000) 2026-06-21 05:39:32 Finished transferring output files
...
004 (8017966.889.000) 2026-06-21 05:39:33 Job was evicted.
	(0) Job terminated and was requeued
		Usr 0 00:00:00, Sys 0 00:00:00  -  Run Remote Usage
		Usr 0 00:00:00, Sys 0 00:00:00  -  Run Local Usage
	114441372  -  Run Bytes Sent By Job
	2897126842  -  Run Bytes Received By Job
	(1) Normal termination (return value 2)
	The job attribute OnExitRemove expression 'NumJobCompletions > JobMaxRetries || ExitCode =?= 0' evaluated to FALSE
...
040 (8017966.889.000) 2026-06-21 05:40:08 Started transferring input files
	Transferring to host: <128.105.68.107:9618?addrs=128.105.68.107-9618+[2607-f388-2200-100-3eec-efff-fed2-169e]-9618&alias=xhuanggpu4000.chtc.wisc.edu&noUDP&sock=backfill1_3_10850_8e72_78253>
...
040 (8017966.889.000) 2026-06-21 05:40:21 Finished transferring input files
...
001 (8017966.889.000) 2026-06-21 05:40:22 Job executing on host: <128.105.68.107:9618?addrs=128.105.68.107-9618+[2607-f388-2200-100-3eec-efff-fed2-169e]-9618&alias=xhuanggpu4000.chtc.wisc.edu&noUDP&sock=startd_10579_e47e>
	SlotName: backfill1_3@xhuanggpu4000.chtc.wisc.edu
	AvailableGPUs = { GPUs_GPU_fe342474 }
	CondorScratchDir = "/var/lib/condor/execute/slot1/dir_1327040/scratch"
	Cpus = 1
	Disk = 16777216
	GPUs = 1
	GPUs_GPU_fe342474 = [ Id = "GPU-fe342474"; Capability = 8.6; DeviceName = "NVIDIA A40"; DeviceUuid = "fe342474-5521-2d8a-ca56-6c6212e82995"; ECCEnabled = true; NvidiaDriver = "590.48.01"; DriverVersion = 13.1; DevicePciBusId = "0000:61:00.0"; GlobalMemoryMb = 45490; MaxSupportedVersion = 13010 ]
	IoHeavy = 0
	Memory = 16384
...
040 (8017966.889.000) 2026-06-21 05:40:25 Started transferring output files
...
040 (8017966.889.000) 2026-06-21 05:40:25 Finished transferring output files
...
004 (8017966.889.000) 2026-06-21 05:40:26 Job was evicted.
	(0) Job terminated and was requeued
		Usr 0 00:00:01, Sys 0 00:00:00  -  Run Remote Usage
		Usr 0 00:00:00, Sys 0 00:00:00  -  Run Local Usage
	114441263  -  Run Bytes Sent By Job
	2897126842  -  Run Bytes Received By Job
	(1) Normal termination (return value 2)
	The job attribute OnExitRemove expression 'NumJobCompletions > JobMaxRetries || ExitCode =?= 0' evaluated to FALSE
...
040 (8017966.889.000) 2026-06-21 05:40:45 Started transferring input files
	Transferring to host: <128.104.100.118:9618?addrs=128.104.100.118-9618+[2607-f388-107c-501-26d-aeff-fe1f-6b20]-9618&alias=jcaicedogpu0004.chtc.wisc.edu&noUDP&sock=backfill1_5_4107613_b354_99856>
...
040 (8017966.889.000) 2026-06-21 05:41:02 Finished transferring input files
...
001 (8017966.889.000) 2026-06-21 05:41:02 Job executing on host: <128.104.100.118:9618?addrs=128.104.100.118-9618+[2607-f388-107c-501-26d-aeff-fe1f-6b20]-9618&alias=jcaicedogpu0004.chtc.wisc.edu&noUDP&sock=startd_10858_436a>
	SlotName: backfill1_5@jcaicedogpu0004.chtc.wisc.edu
	AvailableGPUs = { GPUs_GPU_6702eb38 }
	CondorScratchDir = "/var/lib/condor/execute/slot1/dir_787148/scratch"
	Cpus = 1
	Disk = 16777216
	GPUs = 1
	GPUs_GPU_6702eb38 = [ Id = "GPU-6702eb38"; Capability = 8.9; DeviceName = "NVIDIA L40S"; DeviceUuid = "6702eb38-d5c5-b84d-59e9-92f0161aca95"; ECCEnabled = true; NvidiaDriver = "570.195.03"; DriverVersion = 12.8; DevicePciBusId = "0000:A1:00.0"; GlobalMemoryMb = 45468; MaxSupportedVersion = 12080 ]
	IoHeavy = 0
	Memory = 16384
...
040 (8017966.889.000) 2026-06-21 05:41:04 Started transferring output files
...
040 (8017966.889.000) 2026-06-21 05:41:05 Finished transferring output files
...
004 (8017966.889.000) 2026-06-21 05:41:05 Job was evicted.
	(0) Job terminated and was requeued
		Usr 0 00:00:01, Sys 0 00:00:00  -  Run Remote Usage
		Usr 0 00:00:00, Sys 0 00:00:00  -  Run Local Usage
	114441251  -  Run Bytes Sent By Job
	2897126842  -  Run Bytes Received By Job
	(1) Normal termination (return value 2)
	The job attribute OnExitRemove expression 'NumJobCompletions > JobMaxRetries || ExitCode =?= 0' evaluated to FALSE
...
040 (8017966.889.000) 2026-06-21 05:41:13 Started transferring input files
	Transferring to host: <128.104.103.47:9618?addrs=128.104.103.47-9618+[2607-f388-107c-501-a236-9fff-fe3c-f3a0]-9618&alias=ahlquist0000.chtc.wisc.edu&noUDP&sock=backfill1_1_9919_952c_7198>
...
040 (8017966.889.000) 2026-06-21 05:41:55 Finished transferring input files
...
001 (8017966.889.000) 2026-06-21 05:41:55 Job executing on host: <128.104.103.47:9618?addrs=128.104.103.47-9618+[2607-f388-107c-501-a236-9fff-fe3c-f3a0]-9618&alias=ahlquist0000.chtc.wisc.edu&noUDP&sock=startd_9052_7f60>
	SlotName: backfill1_1@ahlquist0000.chtc.wisc.edu
	AvailableGPUs = { GPUs_GPU_9cbc9d87 }
	CondorScratchDir = "/var/lib/condor/execute/slot1/dir_1241904/scratch"
	Cpus = 1
	Disk = 16777216
	GPUs = 1
	GPUs_GPU_9cbc9d87 = [ Id = "GPU-9cbc9d87"; Capability = 7.5; DeviceName = "NVIDIA GeForce RTX 2080 Ti"; DeviceUuid = "9cbc9d87-b661-a66f-8f7d-0236235ad50e"; ECCEnabled = false; NvidiaDriver = "550.54.14"; DriverVersion = 12.4; DevicePciBusId = "0000:B2:00.0"; GlobalMemoryMb = 11004; MaxSupportedVersion = 12040 ]
	IoHeavy = 0
	Memory = 16384
...
040 (8017966.889.000) 2026-06-21 05:42:00 Started transferring output files
...
040 (8017966.889.000) 2026-06-21 05:42:00 Finished transferring output files
...
004 (8017966.889.000) 2026-06-21 05:42:01 Job was evicted.
	(0) Job terminated and was requeued
		Usr 0 00:00:03, Sys 0 00:00:00  -  Run Remote Usage
		Usr 0 00:00:00, Sys 0 00:00:00  -  Run Local Usage
	114441248  -  Run Bytes Sent By Job
	2897126842  -  Run Bytes Received By Job
	(1) Normal termination (return value 2)
	The job attribute OnExitRemove expression 'NumJobCompletions > JobMaxRetries || ExitCode =?= 0' evaluated to FALSE
...
040 (8017966.889.000) 2026-06-21 05:42:20 Started transferring input files
	Transferring to host: <128.105.68.116:9618?addrs=128.105.68.116-9618+[2607-f388-2200-100-7ec2-55ff-fe99-a36a]-9618&alias=gpu4001.chtc.wisc.edu&noUDP&sock=slot2_7_10972_8437_4478>
...
040 (8017966.889.000) 2026-06-21 05:42:31 Finished transferring input files
...
001 (8017966.889.000) 2026-06-21 05:42:31 Job executing on host: <128.105.68.116:9618?addrs=128.105.68.116-9618+[2607-f388-2200-100-7ec2-55ff-fe99-a36a]-9618&alias=gpu4001.chtc.wisc.edu&noUDP&sock=startd_10701_930c>
	SlotName: slot2_7@gpu4001.chtc.wisc.edu
	AvailableGPUs = { GPUs_GPU_41aed7ce }
	CondorScratchDir = "/var/lib/condor/execute/slot2/dir_2067210/scratch"
	Cpus = 1
	Disk = 16777216
	GPUs = 1
	GPUs_GPU_41aed7ce = [ Id = "GPU-41aed7ce"; Capability = 8.9; DeviceName = "NVIDIA L40"; DeviceUuid = "41aed7ce-ba3f-2f40-d1bf-7aff40dcb815"; ECCEnabled = true; NvidiaDriver = "570.195.03"; DriverVersion = 12.8; DevicePciBusId = "0000:D5:00.0"; GlobalMemoryMb = 45468; MaxSupportedVersion = 12080 ]
	IoHeavy = 0
	Memory = 16384
...
040 (8017966.889.000) 2026-06-21 05:42:34 Started transferring output files
...
040 (8017966.889.000) 2026-06-21 05:42:34 Finished transferring output files
...
004 (8017966.889.000) 2026-06-21 05:42:35 Job was evicted.
	(0) Job terminated and was requeued
		Usr 0 00:00:02, Sys 0 00:00:00  -  Run Remote Usage
		Usr 0 00:00:00, Sys 0 00:00:00  -  Run Local Usage
	114441243  -  Run Bytes Sent By Job
	2897126842  -  Run Bytes Received By Job
	(1) Normal termination (return value 2)
	The job attribute OnExitRemove expression 'NumJobCompletions > JobMaxRetries || ExitCode =?= 0' evaluated to FALSE
...
040 (8017966.889.000) 2026-06-21 05:43:19 Started transferring input files
	Transferring to host: <128.105.69.60:9618?addrs=128.105.69.60-9618+[2607-f388-2200-100-527c-6fff-fe66-e7e2]-9618&alias=blengerichgpu4000.chtc.wisc.edu&noUDP&sock=backfill1_2_1843674_de95_95284>
...
040 (8017966.889.000) 2026-06-21 05:43:32 Finished transferring input files
...
001 (8017966.889.000) 2026-06-21 05:43:32 Job executing on host: <128.105.69.60:9618?addrs=128.105.69.60-9618+[2607-f388-2200-100-527c-6fff-fe66-e7e2]-9618&alias=blengerichgpu4000.chtc.wisc.edu&noUDP&sock=startd_11585_ecc4>
	SlotName: backfill1_2@blengerichgpu4000.chtc.wisc.edu
	AvailableGPUs = { GPUs_GPU_db5665ff }
	CondorScratchDir = "/var/lib/condor/execute/slot1/dir_3585804/scratch"
	Cpus = 1
	Disk = 16777216
	GPUs = 1
	GPUs_GPU_db5665ff = [ Id = "GPU-db5665ff"; Capability = 8.9; DeviceName = "NVIDIA L40S"; DeviceUuid = "db5665ff-35ac-5e51-55be-e8c110b7cb1f"; ECCEnabled = true; NvidiaDriver = "570.195.03"; DriverVersion = 12.8; DevicePciBusId = "0000:CF:00.0"; GlobalMemoryMb = 45468; MaxSupportedVersion = 12080 ]
	IoHeavy = 0
	Memory = 16384
...
040 (8017966.889.000) 2026-06-21 05:43:35 Started transferring output files
...
040 (8017966.889.000) 2026-06-21 05:43:35 Finished transferring output files
...
004 (8017966.889.000) 2026-06-21 05:43:35 Job was evicted.
	(0) Job terminated and was requeued
		Usr 0 00:00:01, Sys 0 00:00:00  -  Run Remote Usage
		Usr 0 00:00:00, Sys 0 00:00:00  -  Run Local Usage
	114441253  -  Run Bytes Sent By Job
	2897126842  -  Run Bytes Received By Job
	(1) Normal termination (return value 2)
	The job attribute OnExitRemove expression 'NumJobCompletions > JobMaxRetries || ExitCode =?= 0' evaluated to FALSE
...
040 (8017966.889.000) 2026-06-21 05:43:40 Started transferring input files
	Transferring to host: <128.105.68.141:9618?addrs=128.105.68.141-9618+[2607-f388-2200-100-b226-28ff-fe24-f732]-9618&alias=gpu2001.chtc.wisc.edu&noUDP&sock=slot2_2_3454505_0815_76164>
...
040 (8017966.889.000) 2026-06-21 05:43:57 Finished transferring input files
...
001 (8017966.889.000) 2026-06-21 05:43:57 Job executing on host: <128.105.68.141:9618?addrs=128.105.68.141-9618+[2607-f388-2200-100-b226-28ff-fe24-f732]-9618&alias=gpu2001.chtc.wisc.edu&noUDP&sock=startd_10421_8487>
	SlotName: slot2_2@gpu2001.chtc.wisc.edu
	AvailableGPUs = { GPUs_GPU_9dc7c6d6 }
	CondorScratchDir = "/var/lib/condor/execute/slot2/dir_3402645/scratch"
	Cpus = 1
	Disk = 16777216
	GPUs = 1
	GPUs_GPU_9dc7c6d6 = [ Id = "GPU-9dc7c6d6"; Capability = 6.0; DeviceName = "Tesla P100-PCIE-16GB"; DeviceUuid = "9dc7c6d6-0f4d-1ade-20c1-6d83724b9a8b"; ECCEnabled = true; NvidiaDriver = "570.195.03"; DriverVersion = 12.8; DevicePciBusId = "0000:D8:00.0"; GlobalMemoryMb = 16269; MaxSupportedVersion = 12080 ]
	IoHeavy = 0
	Memory = 16384
...
040 (8017966.889.000) 2026-06-21 05:44:05 Started transferring output files
...
040 (8017966.889.000) 2026-06-21 05:44:05 Finished transferring output files
...
004 (8017966.889.000) 2026-06-21 05:44:05 Job was evicted.
	(0) Job terminated and was requeued
		Usr 0 00:00:05, Sys 0 00:00:01  -  Run Remote Usage
		Usr 0 00:00:00, Sys 0 00:00:00  -  Run Local Usage
	114441243  -  Run Bytes Sent By Job
	2897126842  -  Run Bytes Received By Job
	(1) Normal termination (return value 2)
	The job attribute OnExitRemove expression 'NumJobCompletions > JobMaxRetries || ExitCode =?= 0' evaluated to FALSE
...
040 (8017966.889.000) 2026-06-21 05:44:12 Started transferring input files
	Transferring to host: <128.105.68.168:9618?addrs=128.105.68.168-9618+[2607-f388-2200-100-b62e-99ff-feb7-2dcb]-9618&alias=gpulab2003.chtc.wisc.edu&noUDP&sock=slot2_5_11172_6f3f_5789>
...
040 (8017966.889.000) 2026-06-21 05:44:28 Finished transferring input files
...
001 (8017966.889.000) 2026-06-21 05:44:28 Job executing on host: <128.105.68.168:9618?addrs=128.105.68.168-9618+[2607-f388-2200-100-b62e-99ff-feb7-2dcb]-9618&alias=gpulab2003.chtc.wisc.edu&noUDP&sock=startd_10155_1056>
	SlotName: slot2_5@gpulab2003.chtc.wisc.edu
	AvailableGPUs = { GPUs_GPU_617aab32 }
	CondorScratchDir = "/var/lib/condor/execute/slot2/dir_304375/scratch"
	Cpus = 1
	Disk = 16777216
	GPUs = 1
	GPUs_GPU_617aab32 = [ Id = "GPU-617aab32"; Capability = 7.5; DeviceName = "NVIDIA GeForce RTX 2080 Ti"; DeviceUuid = "617aab32-5f65-443c-8910-fed1edb0e508"; ECCEnabled = false; NvidiaDriver = "570.195.03"; DriverVersion = 12.8; DevicePciBusId = "0000:DA:00.0"; GlobalMemoryMb = 10823; MaxSupportedVersion = 12080 ]
	IoHeavy = 0
	Memory = 16384
...
040 (8017966.889.000) 2026-06-21 05:44:33 Started transferring output files
...
040 (8017966.889.000) 2026-06-21 05:44:33 Finished transferring output files
...
004 (8017966.889.000) 2026-06-21 05:44:33 Job was evicted.
	(0) Job terminated and was requeued
		Usr 0 00:00:03, Sys 0 00:00:00  -  Run Remote Usage
		Usr 0 00:00:00, Sys 0 00:00:00  -  Run Local Usage
	114441246  -  Run Bytes Sent By Job
	2897126842  -  Run Bytes Received By Job
	(1) Normal termination (return value 2)
	The job attribute OnExitRemove expression 'NumJobCompletions > JobMaxRetries || ExitCode =?= 0' evaluated to FALSE
...
040 (8017966.889.000) 2026-06-21 05:45:16 Started transferring input files
	Transferring to host: <128.105.68.168:9618?addrs=128.105.68.168-9618+[2607-f388-2200-100-b62e-99ff-feb7-2dcb]-9618&alias=gpulab2003.chtc.wisc.edu&noUDP&sock=slot2_4_11172_6f3f_5792>
...
040 (8017966.889.000) 2026-06-21 05:45:33 Finished transferring input files
...
001 (8017966.889.000) 2026-06-21 05:45:33 Job executing on host: <128.105.68.168:9618?addrs=128.105.68.168-9618+[2607-f388-2200-100-b62e-99ff-feb7-2dcb]-9618&alias=gpulab2003.chtc.wisc.edu&noUDP&sock=startd_10155_1056>
	SlotName: slot2_4@gpulab2003.chtc.wisc.edu
	AvailableGPUs = { GPUs_GPU_61902b82 }
	CondorScratchDir = "/var/lib/condor/execute/slot2/dir_306038/scratch"
	Cpus = 1
	Disk = 16777216
	GPUs = 1
	GPUs_GPU_61902b82 = [ Id = "GPU-61902b82"; Capability = 7.5; DeviceName = "NVIDIA GeForce RTX 2080 Ti"; DeviceUuid = "61902b82-cedb-e4be-d010-bca8829ec79b"; ECCEnabled = false; NvidiaDriver = "570.195.03"; DriverVersion = 12.8; DevicePciBusId = "0000:B2:00.0"; GlobalMemoryMb = 10823; MaxSupportedVersion = 12080 ]
	IoHeavy = 0
	Memory = 16384
...
040 (8017966.889.000) 2026-06-21 05:45:38 Started transferring output files
...
040 (8017966.889.000) 2026-06-21 05:45:38 Finished transferring output files
...
005 (8017966.889.000) 2026-06-21 05:45:38 Job terminated.
	(1) Normal termination (return value 2)
		Usr 0 00:00:03, Sys 0 00:00:00  -  Run Remote Usage
		Usr 0 00:00:00, Sys 0 00:00:00  -  Run Local Usage
		Usr 0 00:32:25, Sys 0 00:03:14  -  Total Remote Usage
		Usr 0 00:00:00, Sys 0 00:00:00  -  Total Local Usage
	114441236  -  Run Bytes Sent By Job
	2897126842  -  Run Bytes Received By Job
	1258873599  -  Total Bytes Sent By Job
	31753954509  -  Total Bytes Received By Job
	Partitionable Resources :    Usage  Request Allocated Assigned
	   Cpus                 :        0        1         1 
	   Disk (KB)            :  2829263 16777216  16777216 
	   GPUs                 :        0        1         1 "GPU-61902b82"
	   IoHeavy              :                           0 
	   Memory (MB)          :     2198    16384     16384 
	   TimeExecute (s)      :        4                    
	   TimeSlotBusy (s)     :       22                    
...
