000 (8180963.177.000) 2026-06-24 12:19:47 Job submitted from host: <128.105.68.112:9618?addrs=128.105.68.112-9618+[2607-f388-2200-100-eaeb-d3ff-fea3-4202]-9618&alias=ap2001.chtc.wisc.edu&noUDP&sock=schedd_4071840_2329>
...
040 (8180963.177.000) 2026-06-24 17:02:27 Started transferring input files
	Transferring to host: <128.105.76.47:9618?addrs=128.105.76.47-9618+[2607-f388-2200-100-527c-6fff-fe82-826a]-9618&alias=gpu4006.chtc.wisc.edu&noUDP&sock=slot2_4_2618986_4fbd_97123>
...
040 (8180963.177.000) 2026-06-24 17:02:37 Finished transferring input files
...
001 (8180963.177.000) 2026-06-24 17:02:38 Job executing on host: <128.105.76.47:9618?addrs=128.105.76.47-9618+[2607-f388-2200-100-527c-6fff-fe82-826a]-9618&alias=gpu4006.chtc.wisc.edu&noUDP&sock=startd_11220_90b3>
	SlotName: slot2_4@gpu4006.chtc.wisc.edu
	AvailableGPUs = { GPUs_GPU_ebce8790 }
	CondorScratchDir = "/var/lib/condor/execute/slot2/dir_2972553/scratch"
	Cpus = 1
	Disk = 16777216
	GPUs = 1
	GPUs_GPU_ebce8790 = [ Id = "GPU-ebce8790"; Capability = 8.9; DeviceName = "NVIDIA L40S"; DeviceUuid = "ebce8790-e43f-ac1a-f7a9-2254127e04da"; ECCEnabled = true; NvidiaDriver = "590.48.01"; DriverVersion = 13.1; DevicePciBusId = "0000:41:00.0"; GlobalMemoryMb = 45460; MaxSupportedVersion = 13010 ]
	IoHeavy = 0
	Memory = 16384
...
006 (8180963.177.000) 2026-06-24 17:02:46 Image size of job updated: 504604
	493  -  MemoryUsage of job (MB)
	504604  -  ResidentSetSize of job (KB)
...
006 (8180963.177.000) 2026-06-24 17:07:46 Image size of job updated: 1007028
	982  -  MemoryUsage of job (MB)
	1005460  -  ResidentSetSize of job (KB)
...
006 (8180963.177.000) 2026-06-24 17:12:47 Image size of job updated: 1009564
	986  -  MemoryUsage of job (MB)
	1009564  -  ResidentSetSize of job (KB)
...
006 (8180963.177.000) 2026-06-24 17:17:47 Image size of job updated: 1016344
	993  -  MemoryUsage of job (MB)
	1016344  -  ResidentSetSize of job (KB)
...
006 (8180963.177.000) 2026-06-24 17:22:48 Image size of job updated: 1022380
	999  -  MemoryUsage of job (MB)
	1022380  -  ResidentSetSize of job (KB)
...
006 (8180963.177.000) 2026-06-24 17:27:49 Image size of job updated: 1029980
	1006  -  MemoryUsage of job (MB)
	1029980  -  ResidentSetSize of job (KB)
...
006 (8180963.177.000) 2026-06-24 17:32:49 Image size of job updated: 1039708
	1016  -  MemoryUsage of job (MB)
	1039708  -  ResidentSetSize of job (KB)
...
006 (8180963.177.000) 2026-06-24 17:37:50 Image size of job updated: 1044256
	1020  -  MemoryUsage of job (MB)
	1044256  -  ResidentSetSize of job (KB)
...
040 (8180963.177.000) 2026-06-24 17:40:26 Started transferring output files
...
040 (8180963.177.000) 2026-06-24 17:40:26 Finished transferring output files
...
005 (8180963.177.000) 2026-06-24 17:40:27 Job terminated.
	(1) Normal termination (return value 0)
		Usr 0 00:37:42, Sys 0 01:47:07  -  Run Remote Usage
		Usr 0 00:00:00, Sys 0 00:00:00  -  Run Local Usage
		Usr 0 00:37:42, Sys 0 01:47:07  -  Total Remote Usage
		Usr 0 00:00:00, Sys 0 00:00:00  -  Total Local Usage
	1598787  -  Run Bytes Sent By Job
	2782520688  -  Run Bytes Received By Job
	1598787  -  Total Bytes Sent By Job
	2782520688  -  Total Bytes Received By Job
	Partitionable Resources :      Usage  Request Allocated Assigned
	   Cpus                 :       0.99        1         1 
	   Disk (KB)            : 2730700    16777216  16777216 
	   GPUs                 :       0.84        1         1 "GPU-ebce8790"
	   GpusMemory (MB)      :    6808                       
	   IoHeavy              :                             0 
	   Memory (MB)          :    1020       16384     16384 
	   TimeExecute (s)      :    2268                       
	   TimeSlotBusy (s)     :    2279                       
...
