000 (8017966.365.000) 2026-06-20 22:07:54 Job submitted from host: <128.105.68.112:9618?addrs=128.105.68.112-9618+[2607-f388-2200-100-eaeb-d3ff-fea3-4202]-9618&alias=ap2001.chtc.wisc.edu&noUDP&sock=schedd_4071840_2329>
...
040 (8017966.365.000) 2026-06-21 01:40:17 Started transferring input files
	Transferring to host: <128.105.69.60:9618?addrs=128.105.69.60-9618+[2607-f388-2200-100-527c-6fff-fe66-e7e2]-9618&alias=blengerichgpu4000.chtc.wisc.edu&noUDP&sock=backfill1_5_1843674_de95_94823>
...
040 (8017966.365.000) 2026-06-21 01:40:35 Finished transferring input files
...
001 (8017966.365.000) 2026-06-21 01:40:35 Job executing on host: <128.105.69.60:9618?addrs=128.105.69.60-9618+[2607-f388-2200-100-527c-6fff-fe66-e7e2]-9618&alias=blengerichgpu4000.chtc.wisc.edu&noUDP&sock=startd_11585_ecc4>
	SlotName: backfill1_5@blengerichgpu4000.chtc.wisc.edu
	AvailableGPUs = { GPUs_GPU_aba9f117 }
	CondorScratchDir = "/var/lib/condor/execute/slot1/dir_3346933/scratch"
	Cpus = 1
	Disk = 16777216
	GPUs = 1
	GPUs_GPU_aba9f117 = [ Id = "GPU-aba9f117"; Capability = 8.9; DeviceName = "NVIDIA L40S"; DeviceUuid = "aba9f117-f41d-a8b4-01b7-d31c0515b86c"; ECCEnabled = true; NvidiaDriver = "570.195.03"; DriverVersion = 12.8; DevicePciBusId = "0000:63:00.0"; GlobalMemoryMb = 45468; MaxSupportedVersion = 12080 ]
	IoHeavy = 0
	Memory = 16384
...
006 (8017966.365.000) 2026-06-21 01:40:44 Image size of job updated: 426460
	417  -  MemoryUsage of job (MB)
	426460  -  ResidentSetSize of job (KB)
...
006 (8017966.365.000) 2026-06-21 01:45:45 Image size of job updated: 957992
	934  -  MemoryUsage of job (MB)
	956276  -  ResidentSetSize of job (KB)
...
006 (8017966.365.000) 2026-06-21 01:50:45 Image size of job updated: 959388
	937  -  MemoryUsage of job (MB)
	959388  -  ResidentSetSize of job (KB)
...
006 (8017966.365.000) 2026-06-21 01:55:46 Image size of job updated: 966676
	945  -  MemoryUsage of job (MB)
	966676  -  ResidentSetSize of job (KB)
...
006 (8017966.365.000) 2026-06-21 02:00:46 Image size of job updated: 973560
	951  -  MemoryUsage of job (MB)
	973560  -  ResidentSetSize of job (KB)
...
006 (8017966.365.000) 2026-06-21 02:05:46 Image size of job updated: 981012
	959  -  MemoryUsage of job (MB)
	981012  -  ResidentSetSize of job (KB)
...
006 (8017966.365.000) 2026-06-21 02:10:47 Image size of job updated: 986748
	959  -  MemoryUsage of job (MB)
	981012  -  ResidentSetSize of job (KB)
...
006 (8017966.365.000) 2026-06-21 02:15:47 Image size of job updated: 988732
	959  -  MemoryUsage of job (MB)
	981012  -  ResidentSetSize of job (KB)
...
040 (8017966.365.000) 2026-06-21 02:17:04 Started transferring output files
...
040 (8017966.365.000) 2026-06-21 02:17:04 Finished transferring output files
...
005 (8017966.365.000) 2026-06-21 02:17:04 Job terminated.
	(1) Normal termination (return value 0)
		Usr 0 00:37:08, Sys 0 00:17:27  -  Run Remote Usage
		Usr 0 00:00:00, Sys 0 00:00:00  -  Run Local Usage
		Usr 0 00:37:08, Sys 0 00:17:27  -  Total Remote Usage
		Usr 0 00:00:00, Sys 0 00:00:00  -  Total Local Usage
	2521416  -  Run Bytes Sent By Job
	2781813430  -  Run Bytes Received By Job
	2521416  -  Total Bytes Sent By Job
	2781813430  -  Total Bytes Received By Job
	Partitionable Resources :      Usage  Request Allocated Assigned
	   Cpus                 :       1.49        1         1 
	   Disk (KB)            : 2728878    16777216  16777216 
	   GPUs                 :       0.88        1         1 "GPU-aba9f117"
	   GpusMemory (MB)      :    6773                       
	   IoHeavy              :                             0 
	   Memory (MB)          :     959       16384     16384 
	   TimeExecute (s)      :    2189                       
	   TimeSlotBusy (s)     :    2207                       
...
