000 (8017966.451.000) 2026-06-20 22:07:54 Job submitted from host: <128.105.68.112:9618?addrs=128.105.68.112-9618+[2607-f388-2200-100-eaeb-d3ff-fea3-4202]-9618&alias=ap2001.chtc.wisc.edu&noUDP&sock=schedd_4071840_2329>
...
040 (8017966.451.000) 2026-06-21 02:12:40 Started transferring input files
	Transferring to host: <128.105.69.60:9618?addrs=128.105.69.60-9618+[2607-f388-2200-100-527c-6fff-fe66-e7e2]-9618&alias=blengerichgpu4000.chtc.wisc.edu&noUDP&sock=backfill1_1_1843674_de95_94883>
...
040 (8017966.451.000) 2026-06-21 02:12:50 Finished transferring input files
...
001 (8017966.451.000) 2026-06-21 02:12:50 Job executing on host: <128.105.69.60:9618?addrs=128.105.69.60-9618+[2607-f388-2200-100-527c-6fff-fe66-e7e2]-9618&alias=blengerichgpu4000.chtc.wisc.edu&noUDP&sock=startd_11585_ecc4>
	SlotName: backfill1_1@blengerichgpu4000.chtc.wisc.edu
	AvailableGPUs = { GPUs_GPU_38082b59 }
	CondorScratchDir = "/var/lib/condor/execute/slot1/dir_3423484/scratch"
	Cpus = 1
	Disk = 16777216
	GPUs = 1
	GPUs_GPU_38082b59 = [ Id = "GPU-38082b59"; Capability = 8.9; DeviceName = "NVIDIA L40S"; DeviceUuid = "38082b59-1834-f198-2686-31feb9eecc5b"; ECCEnabled = true; NvidiaDriver = "570.195.03"; DriverVersion = 12.8; DevicePciBusId = "0000:E1:00.0"; GlobalMemoryMb = 45468; MaxSupportedVersion = 12080 ]
	IoHeavy = 0
	Memory = 16384
...
006 (8017966.451.000) 2026-06-21 02:12:59 Image size of job updated: 416192
	407  -  MemoryUsage of job (MB)
	416192  -  ResidentSetSize of job (KB)
...
006 (8017966.451.000) 2026-06-21 02:17:59 Image size of job updated: 954820
	931  -  MemoryUsage of job (MB)
	952808  -  ResidentSetSize of job (KB)
...
006 (8017966.451.000) 2026-06-21 02:23:00 Image size of job updated: 957896
	936  -  MemoryUsage of job (MB)
	957896  -  ResidentSetSize of job (KB)
...
006 (8017966.451.000) 2026-06-21 02:28:01 Image size of job updated: 965208
	943  -  MemoryUsage of job (MB)
	965208  -  ResidentSetSize of job (KB)
...
006 (8017966.451.000) 2026-06-21 02:33:01 Image size of job updated: 970904
	949  -  MemoryUsage of job (MB)
	970904  -  ResidentSetSize of job (KB)
...
006 (8017966.451.000) 2026-06-21 02:38:02 Image size of job updated: 978632
	956  -  MemoryUsage of job (MB)
	978632  -  ResidentSetSize of job (KB)
...
006 (8017966.451.000) 2026-06-21 02:43:03 Image size of job updated: 986688
	964  -  MemoryUsage of job (MB)
	986688  -  ResidentSetSize of job (KB)
...
006 (8017966.451.000) 2026-06-21 02:47:23 Image size of job updated: 987456
	964  -  MemoryUsage of job (MB)
	986688  -  ResidentSetSize of job (KB)
...
040 (8017966.451.000) 2026-06-21 02:47:23 Started transferring output files
...
040 (8017966.451.000) 2026-06-21 02:47:23 Finished transferring output files
...
005 (8017966.451.000) 2026-06-21 02:47:23 Job terminated.
	(1) Normal termination (return value 0)
		Usr 0 00:35:08, Sys 0 00:16:57  -  Run Remote Usage
		Usr 0 00:00:00, Sys 0 00:00:00  -  Run Local Usage
		Usr 0 00:35:08, Sys 0 00:16:57  -  Total Remote Usage
		Usr 0 00:00:00, Sys 0 00:00:00  -  Total Local Usage
	2691377  -  Run Bytes Sent By Job
	2781860216  -  Run Bytes Received By Job
	2691377  -  Total Bytes Sent By Job
	2781860216  -  Total Bytes Received By Job
	Partitionable Resources :      Usage  Request Allocated Assigned
	   Cpus                 :       1.53        1         1 
	   Disk (KB)            : 2727993    16777216  16777216 
	   GPUs                 :       0.88        1         1 "GPU-38082b59"
	   GpusMemory (MB)      :    6782                       
	   IoHeavy              :                             0 
	   Memory (MB)          :     964       16384     16384 
	   TimeExecute (s)      :    2073                       
	   TimeSlotBusy (s)     :    2083                       
...
