000 (8018100.307.000) 2026-06-21 13:37:20 Job submitted from host: <128.105.68.112:9618?addrs=128.105.68.112-9618+[2607-f388-2200-100-eaeb-d3ff-fea3-4202]-9618&alias=ap2001.chtc.wisc.edu&noUDP&sock=schedd_4071840_2329>
...
040 (8018100.307.000) 2026-06-21 16:23:01 Started transferring input files
	Transferring to host: <128.105.69.60:9618?addrs=128.105.69.60-9618+[2607-f388-2200-100-527c-6fff-fe66-e7e2]-9618&alias=blengerichgpu4000.chtc.wisc.edu&noUDP&sock=backfill1_6_1843674_de95_96563>
...
040 (8018100.307.000) 2026-06-21 16:23:18 Finished transferring input files
...
001 (8018100.307.000) 2026-06-21 16:23:18 Job executing on host: <128.105.69.60:9618?addrs=128.105.69.60-9618+[2607-f388-2200-100-527c-6fff-fe66-e7e2]-9618&alias=blengerichgpu4000.chtc.wisc.edu&noUDP&sock=startd_11585_ecc4>
	SlotName: backfill1_6@blengerichgpu4000.chtc.wisc.edu
	AvailableGPUs = { GPUs_GPU_56c8300e }
	CondorScratchDir = "/var/lib/condor/execute/slot1/dir_3923933/scratch"
	Cpus = 1
	Disk = 16777216
	GPUs = 1
	GPUs_GPU_56c8300e = [ Id = "GPU-56c8300e"; Capability = 8.9; DeviceName = "NVIDIA L40S"; DeviceUuid = "56c8300e-2783-65ce-0535-6f3c9f590082"; ECCEnabled = true; NvidiaDriver = "570.195.03"; DriverVersion = 12.8; DevicePciBusId = "0000:50:00.0"; GlobalMemoryMb = 45468; MaxSupportedVersion = 12080 ]
	IoHeavy = 0
	Memory = 16384
...
006 (8018100.307.000) 2026-06-21 16:23:22 Image size of job updated: 136
	0  -  MemoryUsage of job (MB)
	0  -  ResidentSetSize of job (KB)
...
040 (8018100.307.000) 2026-06-21 16:23:22 Started transferring output files
...
040 (8018100.307.000) 2026-06-21 16:23:22 Finished transferring output files
...
004 (8018100.307.000) 2026-06-21 16:23:22 Job was evicted.
	(0) Job terminated and was requeued
		Usr 0 00:00:01, Sys 0 00:00:00  -  Run Remote Usage
		Usr 0 00:00:00, Sys 0 00:00:00  -  Run Local Usage
	454  -  Run Bytes Sent By Job
	2784020751  -  Run Bytes Received By Job
	(1) Normal termination (return value 2)
	The job attribute OnExitRemove expression 'NumJobCompletions > JobMaxRetries || ExitCode =?= 0' evaluated to FALSE
...
040 (8018100.307.000) 2026-06-21 16:25:23 Started transferring input files
	Transferring to host: <128.105.69.47:9618?addrs=128.105.69.47-9618+[2607-f388-2200-100-527c-6fff-fe66-eac6]-9618&alias=amuraligpu4000.chtc.wisc.edu&noUDP&sock=backfill1_7_1332502_f3e3_93372>
...
040 (8018100.307.000) 2026-06-21 16:25:33 Finished transferring input files
...
001 (8018100.307.000) 2026-06-21 16:25:33 Job executing on host: <128.105.69.47:9618?addrs=128.105.69.47-9618+[2607-f388-2200-100-527c-6fff-fe66-eac6]-9618&alias=amuraligpu4000.chtc.wisc.edu&noUDP&sock=startd_11579_cf33>
	SlotName: backfill1_7@amuraligpu4000.chtc.wisc.edu
	AvailableGPUs = { GPUs_GPU_f454660d }
	CondorScratchDir = "/var/lib/condor/execute/slot1/dir_2337657/scratch"
	Cpus = 1
	Disk = 16777216
	GPUs = 1
	GPUs_GPU_f454660d = [ Id = "GPU-f454660d"; Capability = 8.9; DeviceName = "NVIDIA L40S"; DeviceUuid = "f454660d-78a7-2f52-f4f3-f22945488b92"; ECCEnabled = true; NvidiaDriver = "570.195.03"; DriverVersion = 12.8; DevicePciBusId = "0000:3D:00.0"; GlobalMemoryMb = 45468; MaxSupportedVersion = 12080 ]
	IoHeavy = 0
	Memory = 16384
...
006 (8018100.307.000) 2026-06-21 16:25:36 Image size of job updated: 272
	0  -  MemoryUsage of job (MB)
	0  -  ResidentSetSize of job (KB)
...
040 (8018100.307.000) 2026-06-21 16:25:36 Started transferring output files
...
040 (8018100.307.000) 2026-06-21 16:25:36 Finished transferring output files
...
004 (8018100.307.000) 2026-06-21 16:25:36 Job was evicted.
	(0) Job terminated and was requeued
		Usr 0 00:00:01, Sys 0 00:00:00  -  Run Remote Usage
		Usr 0 00:00:00, Sys 0 00:00:00  -  Run Local Usage
	451  -  Run Bytes Sent By Job
	2784020751  -  Run Bytes Received By Job
	(1) Normal termination (return value 2)
	The job attribute OnExitRemove expression 'NumJobCompletions > JobMaxRetries || ExitCode =?= 0' evaluated to FALSE
...
040 (8018100.307.000) 2026-06-21 16:27:22 Started transferring input files
	Transferring to host: <128.105.69.60:9618?addrs=128.105.69.60-9618+[2607-f388-2200-100-527c-6fff-fe66-e7e2]-9618&alias=blengerichgpu4000.chtc.wisc.edu&noUDP&sock=backfill1_4_1843674_de95_96582>
...
040 (8018100.307.000) 2026-06-21 16:27:32 Finished transferring input files
...
001 (8018100.307.000) 2026-06-21 16:27:32 Job executing on host: <128.105.69.60:9618?addrs=128.105.69.60-9618+[2607-f388-2200-100-527c-6fff-fe66-e7e2]-9618&alias=blengerichgpu4000.chtc.wisc.edu&noUDP&sock=startd_11585_ecc4>
	SlotName: backfill1_4@blengerichgpu4000.chtc.wisc.edu
	AvailableGPUs = { GPUs_GPU_1f046ddd }
	CondorScratchDir = "/var/lib/condor/execute/slot1/dir_3927321/scratch"
	Cpus = 1
	Disk = 16777216
	GPUs = 1
	GPUs_GPU_1f046ddd = [ Id = "GPU-1f046ddd"; Capability = 8.9; DeviceName = "NVIDIA L40S"; DeviceUuid = "1f046ddd-270c-0b13-d4a7-5cc1ecf75ac6"; ECCEnabled = true; NvidiaDriver = "570.195.03"; DriverVersion = 12.8; DevicePciBusId = "0000:99:00.0"; GlobalMemoryMb = 45468; MaxSupportedVersion = 12080 ]
	IoHeavy = 0
	Memory = 16384
...
040 (8018100.307.000) 2026-06-21 16:27:35 Started transferring output files
...
040 (8018100.307.000) 2026-06-21 16:27:35 Finished transferring output files
...
004 (8018100.307.000) 2026-06-21 16:27:36 Job was evicted.
	(0) Job terminated and was requeued
		Usr 0 00:00:01, Sys 0 00:00:00  -  Run Remote Usage
		Usr 0 00:00:00, Sys 0 00:00:00  -  Run Local Usage
	454  -  Run Bytes Sent By Job
	2784020751  -  Run Bytes Received By Job
	(1) Normal termination (return value 2)
	The job attribute OnExitRemove expression 'NumJobCompletions > JobMaxRetries || ExitCode =?= 0' evaluated to FALSE
...
040 (8018100.307.000) 2026-06-21 16:29:28 Started transferring input files
	Transferring to host: <128.104.100.17:9618?addrs=128.104.100.17-9618+[2607-f388-107c-501-527c-6fff-fe66-e9bc]-9618&alias=jcaicedogpu0002.chtc.wisc.edu&noUDP&sock=backfill1_5_2855957_d182_90563>
...
040 (8018100.307.000) 2026-06-21 16:29:54 Finished transferring input files
...
001 (8018100.307.000) 2026-06-21 16:29:54 Job executing on host: <128.104.100.17:9618?addrs=128.104.100.17-9618+[2607-f388-107c-501-527c-6fff-fe66-e9bc]-9618&alias=jcaicedogpu0002.chtc.wisc.edu&noUDP&sock=startd_11788_2a7e>
	SlotName: backfill1_5@jcaicedogpu0002.chtc.wisc.edu
	AvailableGPUs = { GPUs_GPU_08a5b939 }
	CondorScratchDir = "/var/lib/condor/execute/slot1/dir_2294664/scratch"
	Cpus = 1
	Disk = 16777216
	GPUs = 1
	GPUs_GPU_08a5b939 = [ Id = "GPU-08a5b939"; Capability = 8.9; DeviceName = "NVIDIA L40S"; DeviceUuid = "08a5b939-655e-40a7-6b01-cda6523b41b0"; ECCEnabled = true; NvidiaDriver = "570.195.03"; DriverVersion = 12.8; DevicePciBusId = "0000:63:00.0"; GlobalMemoryMb = 45468; MaxSupportedVersion = 12080 ]
	IoHeavy = 0
	Memory = 16384
...
040 (8018100.307.000) 2026-06-21 16:29:58 Started transferring output files
...
040 (8018100.307.000) 2026-06-21 16:29:58 Finished transferring output files
...
004 (8018100.307.000) 2026-06-21 16:29:58 Job was evicted.
	(0) Job terminated and was requeued
		Usr 0 00:00:01, Sys 0 00:00:00  -  Run Remote Usage
		Usr 0 00:00:00, Sys 0 00:00:00  -  Run Local Usage
	452  -  Run Bytes Sent By Job
	2784020751  -  Run Bytes Received By Job
	(1) Normal termination (return value 2)
	The job attribute OnExitRemove expression 'NumJobCompletions > JobMaxRetries || ExitCode =?= 0' evaluated to FALSE
...
040 (8018100.307.000) 2026-06-21 16:31:50 Started transferring input files
	Transferring to host: <128.104.100.117:9618?addrs=128.104.100.117-9618+[2607-f388-107c-501-8ae9-a4ff-fe02-e150]-9618&alias=jcaicedogpu0003.chtc.wisc.edu&noUDP&sock=backfill1_1_1586877_26eb_101267>
...
040 (8018100.307.000) 2026-06-21 16:32:15 Finished transferring input files
...
001 (8018100.307.000) 2026-06-21 16:32:15 Job executing on host: <128.104.100.117:9618?addrs=128.104.100.117-9618+[2607-f388-107c-501-8ae9-a4ff-fe02-e150]-9618&alias=jcaicedogpu0003.chtc.wisc.edu&noUDP&sock=startd_10874_3cee>
	SlotName: backfill1_1@jcaicedogpu0003.chtc.wisc.edu
	AvailableGPUs = { GPUs_GPU_84aa5312 }
	CondorScratchDir = "/var/lib/condor/execute/slot1/dir_3195706/scratch"
	Cpus = 1
	Disk = 16777216
	GPUs = 1
	GPUs_GPU_84aa5312 = [ Id = "GPU-84aa5312"; Capability = 8.9; DeviceName = "NVIDIA L40S"; DeviceUuid = "84aa5312-d8a5-be03-8ab6-55b4d1f0d7b2"; ECCEnabled = true; NvidiaDriver = "570.195.03"; DriverVersion = 12.8; DevicePciBusId = "0000:E1:00.0"; GlobalMemoryMb = 45468; MaxSupportedVersion = 12080 ]
	IoHeavy = 0
	Memory = 16384
...
040 (8018100.307.000) 2026-06-21 16:32:18 Started transferring output files
...
040 (8018100.307.000) 2026-06-21 16:32:18 Finished transferring output files
...
004 (8018100.307.000) 2026-06-21 16:32:18 Job was evicted.
	(0) Job terminated and was requeued
		Usr 0 00:00:01, Sys 0 00:00:00  -  Run Remote Usage
		Usr 0 00:00:00, Sys 0 00:00:00  -  Run Local Usage
	452  -  Run Bytes Sent By Job
	2784020751  -  Run Bytes Received By Job
	(1) Normal termination (return value 2)
	The job attribute OnExitRemove expression 'NumJobCompletions > JobMaxRetries || ExitCode =?= 0' evaluated to FALSE
...
040 (8018100.307.000) 2026-06-21 16:34:08 Started transferring input files
	Transferring to host: <128.105.68.100:9618?addrs=128.105.68.100-9618+[2607-f388-2200-100-ac0-ebff-fe99-9a48]-9618&alias=gpu2008.chtc.wisc.edu&noUDP&sock=slot2_3_160879_8f27_83275>
...
040 (8018100.307.000) 2026-06-21 16:34:24 Finished transferring input files
...
001 (8018100.307.000) 2026-06-21 16:34:25 Job executing on host: <128.105.68.100:9618?addrs=128.105.68.100-9618+[2607-f388-2200-100-ac0-ebff-fe99-9a48]-9618&alias=gpu2008.chtc.wisc.edu&noUDP&sock=startd_12349_f71f>
	SlotName: slot2_3@gpu2008.chtc.wisc.edu
	AvailableGPUs = { GPUs_GPU_ff708371_0893_0d85_ae2b_0810d095e111 }
	CondorScratchDir = "/var/lib/condor/execute/slot2/dir_1092275/scratch"
	Cpus = 1
	Disk = 16777216
	GPUs = 1
	GPUs_GPU_ff708371_0893_0d85_ae2b_0810d095e111 = [ Id = "GPU-ff708371-0893-0d85-ae2b-0810d095e111"; Capability = 8.0; DeviceName = "NVIDIA A100-SXM4-80GB"; DeviceUuid = "ff708371-0893-0d85-ae2b-0810d095e111"; ECCEnabled = true; NvidiaDriver = "570.195.03"; DriverVersion = 12.8; DevicePciBusId = "0000:81:00.0"; GlobalMemoryMb = 81154; MaxSupportedVersion = 12080 ]
	Memory = 16384
...
006 (8018100.307.000) 2026-06-21 16:34:28 Image size of job updated: 3524
	0  -  MemoryUsage of job (MB)
	0  -  ResidentSetSize of job (KB)
...
040 (8018100.307.000) 2026-06-21 16:34:28 Started transferring output files
...
040 (8018100.307.000) 2026-06-21 16:34:28 Finished transferring output files
...
004 (8018100.307.000) 2026-06-21 16:34:29 Job was evicted.
	(0) Job terminated and was requeued
		Usr 0 00:00:02, Sys 0 00:00:00  -  Run Remote Usage
		Usr 0 00:00:00, Sys 0 00:00:00  -  Run Local Usage
	444  -  Run Bytes Sent By Job
	2784020751  -  Run Bytes Received By Job
	(1) Normal termination (return value 2)
	The job attribute OnExitRemove expression 'NumJobCompletions > JobMaxRetries || ExitCode =?= 0' evaluated to FALSE
...
040 (8018100.307.000) 2026-06-21 16:36:37 Started transferring input files
	Transferring to host: <128.105.69.63:9618?addrs=128.105.69.63-9618+[2607-f388-2200-100-5aa2-e1ff-febe-455e]-9618&alias=gpu4003.chtc.wisc.edu&noUDP&sock=slot2_8_1549376_4e16_77787>
...
040 (8018100.307.000) 2026-06-21 16:38:52 Finished transferring input files
...
001 (8018100.307.000) 2026-06-21 16:38:52 Job executing on host: <128.105.69.63:9618?addrs=128.105.69.63-9618+[2607-f388-2200-100-5aa2-e1ff-febe-455e]-9618&alias=gpu4003.chtc.wisc.edu&noUDP&sock=startd_3051222_14a9>
	SlotName: slot2_8@gpu4003.chtc.wisc.edu
	AvailableGPUs = { GPUs_GPU_d9edf92c }
	CondorScratchDir = "/var/lib/condor/execute/slot2/dir_1439955/scratch"
	Cpus = 1
	Disk = 16777216
	GPUs = 1
	GPUs_GPU_d9edf92c = [ Id = "GPU-d9edf92c"; Capability = 9.0; DeviceName = "NVIDIA H100 80GB HBM3"; DeviceUuid = "d9edf92c-50c2-1c6a-fcb3-fdfeff4a708a"; ECCEnabled = true; NvidiaDriver = "570.195.03"; DriverVersion = 12.8; DevicePciBusId = "0000:5D:00.0"; GlobalMemoryMb = 81089; MaxSupportedVersion = 12080 ]
	IoHeavy = 0
	Memory = 16384
...
040 (8018100.307.000) 2026-06-21 16:38:55 Started transferring output files
...
040 (8018100.307.000) 2026-06-21 16:38:55 Finished transferring output files
...
004 (8018100.307.000) 2026-06-21 16:38:55 Job was evicted.
	(0) Job terminated and was requeued
		Usr 0 00:00:02, Sys 0 00:00:00  -  Run Remote Usage
		Usr 0 00:00:00, Sys 0 00:00:00  -  Run Local Usage
	444  -  Run Bytes Sent By Job
	2784020751  -  Run Bytes Received By Job
	(1) Normal termination (return value 2)
	The job attribute OnExitRemove expression 'NumJobCompletions > JobMaxRetries || ExitCode =?= 0' evaluated to FALSE
...
040 (8018100.307.000) 2026-06-21 16:39:00 Started transferring input files
	Transferring to host: <128.105.69.63:9618?addrs=128.105.69.63-9618+[2607-f388-2200-100-5aa2-e1ff-febe-455e]-9618&alias=gpu4003.chtc.wisc.edu&noUDP&sock=slot2_8_1549376_4e16_77804>
...
040 (8018100.307.000) 2026-06-21 16:39:09 Finished transferring input files
...
001 (8018100.307.000) 2026-06-21 16:39:10 Job executing on host: <128.105.69.63:9618?addrs=128.105.69.63-9618+[2607-f388-2200-100-5aa2-e1ff-febe-455e]-9618&alias=gpu4003.chtc.wisc.edu&noUDP&sock=startd_3051222_14a9>
	SlotName: slot2_8@gpu4003.chtc.wisc.edu
	AvailableGPUs = { GPUs_GPU_d9edf92c }
	CondorScratchDir = "/var/lib/condor/execute/slot2/dir_1443847/scratch"
	Cpus = 1
	Disk = 16777216
	GPUs = 1
	GPUs_GPU_d9edf92c = [ Id = "GPU-d9edf92c"; Capability = 9.0; DeviceName = "NVIDIA H100 80GB HBM3"; DeviceUuid = "d9edf92c-50c2-1c6a-fcb3-fdfeff4a708a"; ECCEnabled = true; NvidiaDriver = "570.195.03"; DriverVersion = 12.8; DevicePciBusId = "0000:5D:00.0"; GlobalMemoryMb = 81089; MaxSupportedVersion = 12080 ]
	IoHeavy = 0
	Memory = 16384
...
040 (8018100.307.000) 2026-06-21 16:39:13 Started transferring output files
...
040 (8018100.307.000) 2026-06-21 16:39:13 Finished transferring output files
...
004 (8018100.307.000) 2026-06-21 16:39:13 Job was evicted.
	(0) Job terminated and was requeued
		Usr 0 00:00:02, Sys 0 00:00:00  -  Run Remote Usage
		Usr 0 00:00:00, Sys 0 00:00:00  -  Run Local Usage
	444  -  Run Bytes Sent By Job
	2784020751  -  Run Bytes Received By Job
	(1) Normal termination (return value 2)
	The job attribute OnExitRemove expression 'NumJobCompletions > JobMaxRetries || ExitCode =?= 0' evaluated to FALSE
...
040 (8018100.307.000) 2026-06-21 16:39:27 Started transferring input files
	Transferring to host: <128.105.68.103:9618?addrs=128.105.68.103-9618+[2607-f388-2200-100-1270-fdff-fe74-930]-9618&alias=gpu2011.chtc.wisc.edu&noUDP&sock=slot2_6_3669582_3c1f_87389>
...
040 (8018100.307.000) 2026-06-21 16:39:40 Finished transferring input files
...
001 (8018100.307.000) 2026-06-21 16:39:40 Job executing on host: <128.105.68.103:9618?addrs=128.105.68.103-9618+[2607-f388-2200-100-1270-fdff-fe74-930]-9618&alias=gpu2011.chtc.wisc.edu&noUDP&sock=startd_12054_9eaf>
	SlotName: slot2_6@gpu2011.chtc.wisc.edu
	AvailableGPUs = { GPUs_MIG_c228c0c4_74b2_548e_864a_467aab09c576 }
	CondorScratchDir = "/var/lib/condor/execute/slot2/dir_3627199/scratch"
	Cpus = 1
	Disk = 16777216
	GPUs = 1
	GPUs_MIG_c228c0c4_74b2_548e_864a_467aab09c576 = [ Id = "MIG-c228c0c4-74b2-548e-864a-467aab09c576"; Capability = 8.0; DeviceName = "NVIDIA A100-SXM4-80GB MIG 3g.40gb"; DeviceUuid = "MIG-c228c0c4-74b2-548e-864a-467aab09c576"; ECCEnabled = true; NvidiaDriver = "570.195.03"; DriverVersion = 12.8; DevicePciBusId = "0000:C1:00.0"; GlobalMemoryMb = 40100; MaxSupportedVersion = 12080 ]
	IoHeavy = 0
	Memory = 16384
...
040 (8018100.307.000) 2026-06-21 16:39:43 Started transferring output files
...
040 (8018100.307.000) 2026-06-21 16:39:43 Finished transferring output files
...
004 (8018100.307.000) 2026-06-21 16:39:44 Job was evicted.
	(0) Job terminated and was requeued
		Usr 0 00:00:02, Sys 0 00:00:00  -  Run Remote Usage
		Usr 0 00:00:00, Sys 0 00:00:00  -  Run Local Usage
	444  -  Run Bytes Sent By Job
	2784020751  -  Run Bytes Received By Job
	(1) Normal termination (return value 2)
	The job attribute OnExitRemove expression 'NumJobCompletions > JobMaxRetries || ExitCode =?= 0' evaluated to FALSE
...
040 (8018100.307.000) 2026-06-21 16:39:53 Started transferring input files
	Transferring to host: <128.105.68.103:9618?addrs=128.105.68.103-9618+[2607-f388-2200-100-1270-fdff-fe74-930]-9618&alias=gpu2011.chtc.wisc.edu&noUDP&sock=slot2_8_3669582_3c1f_87401>
...
040 (8018100.307.000) 2026-06-21 16:40:09 Finished transferring input files
...
001 (8018100.307.000) 2026-06-21 16:40:09 Job executing on host: <128.105.68.103:9618?addrs=128.105.68.103-9618+[2607-f388-2200-100-1270-fdff-fe74-930]-9618&alias=gpu2011.chtc.wisc.edu&noUDP&sock=startd_12054_9eaf>
	SlotName: slot2_8@gpu2011.chtc.wisc.edu
	AvailableGPUs = { GPUs_MIG_c5e1d4fb_0f82_5359_95a5_168b9fca8f6e }
	CondorScratchDir = "/var/lib/condor/execute/slot2/dir_3630814/scratch"
	Cpus = 1
	Disk = 16777216
	GPUs = 1
	GPUs_MIG_c5e1d4fb_0f82_5359_95a5_168b9fca8f6e = [ Id = "MIG-c5e1d4fb-0f82-5359-95a5-168b9fca8f6e"; Capability = 8.0; DeviceName = "NVIDIA A100-SXM4-80GB MIG 3g.40gb"; DeviceUuid = "MIG-c5e1d4fb-0f82-5359-95a5-168b9fca8f6e"; ECCEnabled = true; NvidiaDriver = "570.195.03"; DriverVersion = 12.8; DevicePciBusId = "0000:C1:00.0"; GlobalMemoryMb = 40100; MaxSupportedVersion = 12080 ]
	IoHeavy = 0
	Memory = 16384
...
040 (8018100.307.000) 2026-06-21 16:40:13 Started transferring output files
...
040 (8018100.307.000) 2026-06-21 16:40:13 Finished transferring output files
...
004 (8018100.307.000) 2026-06-21 16:40:13 Job was evicted.
	(0) Job terminated and was requeued
		Usr 0 00:00:02, Sys 0 00:00:01  -  Run Remote Usage
		Usr 0 00:00:00, Sys 0 00:00:00  -  Run Local Usage
	444  -  Run Bytes Sent By Job
	2784020751  -  Run Bytes Received By Job
	(1) Normal termination (return value 2)
	The job attribute OnExitRemove expression 'NumJobCompletions > JobMaxRetries || ExitCode =?= 0' evaluated to FALSE
...
040 (8018100.307.000) 2026-06-21 16:40:28 Started transferring input files
	Transferring to host: <128.105.68.103:9618?addrs=128.105.68.103-9618+[2607-f388-2200-100-1270-fdff-fe74-930]-9618&alias=gpu2011.chtc.wisc.edu&noUDP&sock=slot2_6_3669582_3c1f_87409>
...
040 (8018100.307.000) 2026-06-21 16:41:02 Finished transferring input files
...
001 (8018100.307.000) 2026-06-21 16:41:02 Job executing on host: <128.105.68.103:9618?addrs=128.105.68.103-9618+[2607-f388-2200-100-1270-fdff-fe74-930]-9618&alias=gpu2011.chtc.wisc.edu&noUDP&sock=startd_12054_9eaf>
	SlotName: slot2_6@gpu2011.chtc.wisc.edu
	AvailableGPUs = { GPUs_MIG_c228c0c4_74b2_548e_864a_467aab09c576 }
	CondorScratchDir = "/var/lib/condor/execute/slot2/dir_3632949/scratch"
	Cpus = 1
	Disk = 16777216
	GPUs = 1
	GPUs_MIG_c228c0c4_74b2_548e_864a_467aab09c576 = [ Id = "MIG-c228c0c4-74b2-548e-864a-467aab09c576"; Capability = 8.0; DeviceName = "NVIDIA A100-SXM4-80GB MIG 3g.40gb"; DeviceUuid = "MIG-c228c0c4-74b2-548e-864a-467aab09c576"; ECCEnabled = true; NvidiaDriver = "570.195.03"; DriverVersion = 12.8; DevicePciBusId = "0000:C1:00.0"; GlobalMemoryMb = 40100; MaxSupportedVersion = 12080 ]
	IoHeavy = 0
	Memory = 16384
...
040 (8018100.307.000) 2026-06-21 16:41:05 Started transferring output files
...
040 (8018100.307.000) 2026-06-21 16:41:05 Finished transferring output files
...
005 (8018100.307.000) 2026-06-21 16:41:06 Job terminated.
	(1) Normal termination (return value 2)
		Usr 0 00:00:01, Sys 0 00:00:01  -  Run Remote Usage
		Usr 0 00:00:00, Sys 0 00:00:00  -  Run Local Usage
		Usr 0 00:00:16, Sys 0 00:00:02  -  Total Remote Usage
		Usr 0 00:00:00, Sys 0 00:00:00  -  Total Local Usage
	444  -  Run Bytes Sent By Job
	2784020751  -  Run Bytes Received By Job
	4927  -  Total Bytes Sent By Job
	30624228261  -  Total Bytes Received By Job
	Partitionable Resources :    Usage  Request Allocated Assigned
	   Cpus                 :        0        1         1 
	   Disk (KB)            :  2718807 16777216  16777216 
	   GPUs                 :        0        1         1 "MIG-c228c0c4-74b2-548e-864a-467aab09c576"
	   IoHeavy              :                           0 
	   Memory (MB)          :        0    16384     16384 
	   TimeExecute (s)      :        3                    
	   TimeSlotBusy (s)     :       37                    
...
