000 (8321903.037.000) 2026-06-26 09:00:08 Job submitted from host: <128.105.68.112:9618?addrs=128.105.68.112-9618+[2607-f388-2200-100-eaeb-d3ff-fea3-4202]-9618&alias=ap2001.chtc.wisc.edu&noUDP&sock=schedd_4071840_2329>
...
040 (8321903.037.000) 2026-06-26 09:17:22 Started transferring input files
	Transferring to host: <128.104.100.117:9618?addrs=128.104.100.117-9618+[2607-f388-107c-501-8ae9-a4ff-fe02-e150]-9618&alias=jcaicedogpu0003.chtc.wisc.edu&noUDP&sock=backfill1_3_1586877_26eb_116521>
...
040 (8321903.037.000) 2026-06-26 09:17:33 Finished transferring input files
...
001 (8321903.037.000) 2026-06-26 09:17:33 Job executing on host: <128.104.100.117:9618?addrs=128.104.100.117-9618+[2607-f388-107c-501-8ae9-a4ff-fe02-e150]-9618&alias=jcaicedogpu0003.chtc.wisc.edu&noUDP&sock=startd_10874_3cee>
	SlotName: backfill1_3@jcaicedogpu0003.chtc.wisc.edu
	AvailableGPUs = { GPUs_GPU_190464c1 }
	CondorScratchDir = "/var/lib/condor/execute/slot1/dir_1467161/scratch"
	Cpus = 1
	Disk = 16777216
	GPUs = 1
	GPUs_GPU_190464c1 = [ Id = "GPU-190464c1"; Capability = 8.9; DeviceName = "NVIDIA L40S"; DeviceUuid = "190464c1-902e-e3e2-c470-d5a86ace379d"; ECCEnabled = true; NvidiaDriver = "570.195.03"; DriverVersion = 12.8; DevicePciBusId = "0000:A1:00.0"; GlobalMemoryMb = 45468; MaxSupportedVersion = 12080 ]
	IoHeavy = 0
	Memory = 16384
...
006 (8321903.037.000) 2026-06-26 09:17:42 Image size of job updated: 486236
	475  -  MemoryUsage of job (MB)
	486236  -  ResidentSetSize of job (KB)
...
006 (8321903.037.000) 2026-06-26 09:22:43 Image size of job updated: 981308
	957  -  MemoryUsage of job (MB)
	979604  -  ResidentSetSize of job (KB)
...
006 (8321903.037.000) 2026-06-26 09:27:43 Image size of job updated: 981380
	959  -  MemoryUsage of job (MB)
	981380  -  ResidentSetSize of job (KB)
...
006 (8321903.037.000) 2026-06-26 09:32:44 Image size of job updated: 988620
	966  -  MemoryUsage of job (MB)
	988620  -  ResidentSetSize of job (KB)
...
006 (8321903.037.000) 2026-06-26 09:37:44 Image size of job updated: 995444
	973  -  MemoryUsage of job (MB)
	995444  -  ResidentSetSize of job (KB)
...
006 (8321903.037.000) 2026-06-26 09:42:45 Image size of job updated: 1003484
	980  -  MemoryUsage of job (MB)
	1003484  -  ResidentSetSize of job (KB)
...
006 (8321903.037.000) 2026-06-26 09:47:46 Image size of job updated: 1009688
	987  -  MemoryUsage of job (MB)
	1009688  -  ResidentSetSize of job (KB)
...
006 (8321903.037.000) 2026-06-26 09:52:46 Image size of job updated: 1011148
	988  -  MemoryUsage of job (MB)
	1010844  -  ResidentSetSize of job (KB)
...
006 (8321903.037.000) 2026-06-26 09:57:10 Image size of job updated: 1012592
	988  -  MemoryUsage of job (MB)
	1010844  -  ResidentSetSize of job (KB)
...
040 (8321903.037.000) 2026-06-26 09:57:10 Started transferring output files
...
040 (8321903.037.000) 2026-06-26 09:57:10 Finished transferring output files
...
005 (8321903.037.000) 2026-06-26 09:57:10 Job terminated.
	(1) Normal termination (return value 0)
		Usr 0 00:39:50, Sys 0 00:32:07  -  Run Remote Usage
		Usr 0 00:00:00, Sys 0 00:00:00  -  Run Local Usage
		Usr 0 00:39:50, Sys 0 00:32:07  -  Total Remote Usage
		Usr 0 00:00:00, Sys 0 00:00:00  -  Total Local Usage
	1592540  -  Run Bytes Sent By Job
	2781021482  -  Run Bytes Received By Job
	1592540  -  Total Bytes Sent By Job
	2781021482  -  Total Bytes Received By Job
	Partitionable Resources :      Usage  Request Allocated Assigned
	   Cpus                 :       1.86        1         1 
	   Disk (KB)            : 2729578    16777216  16777216 
	   GPUs                 :       0.86        1         1 "GPU-190464c1"
	   GpusMemory (MB)      :    6775                       
	   IoHeavy              :                             0 
	   Memory (MB)          :     988       16384     16384 
	   TimeExecute (s)      :    2377                       
	   TimeSlotBusy (s)     :    2388                       
...
