000 (8180963.184.000) 2026-06-24 12:19:47 Job submitted from host: <128.105.68.112:9618?addrs=128.105.68.112-9618+[2607-f388-2200-100-eaeb-d3ff-fea3-4202]-9618&alias=ap2001.chtc.wisc.edu&noUDP&sock=schedd_4071840_2329>
...
040 (8180963.184.000) 2026-06-24 17:03:45 Started transferring input files
	Transferring to host: <128.105.76.51:9618?addrs=128.105.76.51-9618+[2607-f388-2200-100-925a-8ff-fe34-15b6]-9618&alias=zliu-chtcgpu5000.chtc.wisc.edu&noUDP&sock=backfill1_5_98764_ec29_46750>
...
040 (8180963.184.000) 2026-06-24 17:04:45 Finished transferring input files
...
001 (8180963.184.000) 2026-06-24 17:04:45 Job executing on host: <128.105.76.51:9618?addrs=128.105.76.51-9618+[2607-f388-2200-100-925a-8ff-fe34-15b6]-9618&alias=zliu-chtcgpu5000.chtc.wisc.edu&noUDP&sock=startd_98388_901b>
	SlotName: backfill1_5@zliu-chtcgpu5000.chtc.wisc.edu
	AvailableGPUs = { GPUs_GPU_f282a2af }
	CondorScratchDir = "/var/lib/condor/execute/slot1/dir_167675/scratch"
	Cpus = 1
	Disk = 16777216
	GPUs = 1
	GPUs_GPU_f282a2af = [ Id = "GPU-f282a2af"; Capability = 8.9; DeviceName = "NVIDIA L40S"; DeviceUuid = "f282a2af-1c3f-1bc8-7ad4-fcd2362438d9"; ECCEnabled = true; NvidiaDriver = "590.48.01"; DriverVersion = 13.1; DevicePciBusId = "0000:81:00.0"; GlobalMemoryMb = 45460; MaxSupportedVersion = 13010 ]
	IoHeavy = 0
	Memory = 16384
...
006 (8180963.184.000) 2026-06-24 17:04:53 Image size of job updated: 504636
	493  -  MemoryUsage of job (MB)
	504636  -  ResidentSetSize of job (KB)
...
006 (8180963.184.000) 2026-06-24 17:09:53 Image size of job updated: 1023732
	999  -  MemoryUsage of job (MB)
	1022516  -  ResidentSetSize of job (KB)
...
006 (8180963.184.000) 2026-06-24 17:14:54 Image size of job updated: 1025464
	1002  -  MemoryUsage of job (MB)
	1025464  -  ResidentSetSize of job (KB)
...
006 (8180963.184.000) 2026-06-24 17:19:54 Image size of job updated: 1030704
	1007  -  MemoryUsage of job (MB)
	1030704  -  ResidentSetSize of job (KB)
...
006 (8180963.184.000) 2026-06-24 17:24:55 Image size of job updated: 1041228
	1017  -  MemoryUsage of job (MB)
	1041228  -  ResidentSetSize of job (KB)
...
006 (8180963.184.000) 2026-06-24 17:29:55 Image size of job updated: 1053676
	1029  -  MemoryUsage of job (MB)
	1053676  -  ResidentSetSize of job (KB)
...
006 (8180963.184.000) 2026-06-24 17:34:56 Image size of job updated: 1072856
	1048  -  MemoryUsage of job (MB)
	1072856  -  ResidentSetSize of job (KB)
...
006 (8180963.184.000) 2026-06-24 17:39:57 Image size of job updated: 1079952
	1055  -  MemoryUsage of job (MB)
	1079952  -  ResidentSetSize of job (KB)
...
006 (8180963.184.000) 2026-06-24 17:44:11 Image size of job updated: 1082196
	1055  -  MemoryUsage of job (MB)
	1079952  -  ResidentSetSize of job (KB)
...
040 (8180963.184.000) 2026-06-24 17:44:11 Started transferring output files
...
040 (8180963.184.000) 2026-06-24 17:44:11 Finished transferring output files
...
005 (8180963.184.000) 2026-06-24 17:44:12 Job terminated.
	(1) Normal termination (return value 0)
		Usr 0 00:40:23, Sys 0 02:09:23  -  Run Remote Usage
		Usr 0 00:00:00, Sys 0 00:00:00  -  Run Local Usage
		Usr 0 00:40:23, Sys 0 02:09:23  -  Total Remote Usage
		Usr 0 00:00:00, Sys 0 00:00:00  -  Total Local Usage
	1631047  -  Run Bytes Sent By Job
	2781864440  -  Run Bytes Received By Job
	1631047  -  Total Bytes Sent By Job
	2781864440  -  Total Bytes Received By Job
	Partitionable Resources :      Usage  Request Allocated Assigned
	   Cpus                 :       4.74        1         1 
	   Disk (KB)            : 2730624    16777216  16777216 
	   GPUs                 :       0.83        1         1 "GPU-f282a2af"
	   GpusMemory (MB)      :    6816                       
	   IoHeavy              :                             0 
	   Memory (MB)          :    1055       16384     16384 
	   TimeExecute (s)      :    2366                       
	   TimeSlotBusy (s)     :    2426                       
...
