000 (8017966.661.000) 2026-06-20 22:07:54 Job submitted from host: <128.105.68.112:9618?addrs=128.105.68.112-9618+[2607-f388-2200-100-eaeb-d3ff-fea3-4202]-9618&alias=ap2001.chtc.wisc.edu&noUDP&sock=schedd_4071840_2329>
...
040 (8017966.661.000) 2026-06-21 03:45:00 Started transferring input files
	Transferring to host: <128.105.69.60:9618?addrs=128.105.69.60-9618+[2607-f388-2200-100-527c-6fff-fe66-e7e2]-9618&alias=blengerichgpu4000.chtc.wisc.edu&noUDP&sock=backfill1_8_1843674_de95_95077>
...
040 (8017966.661.000) 2026-06-21 03:45:12 Finished transferring input files
...
001 (8017966.661.000) 2026-06-21 03:45:12 Job executing on host: <128.105.69.60:9618?addrs=128.105.69.60-9618+[2607-f388-2200-100-527c-6fff-fe66-e7e2]-9618&alias=blengerichgpu4000.chtc.wisc.edu&noUDP&sock=startd_11585_ecc4>
	SlotName: backfill1_8@blengerichgpu4000.chtc.wisc.edu
	AvailableGPUs = { GPUs_GPU_ca48bd26 }
	CondorScratchDir = "/var/lib/condor/execute/slot1/dir_3525232/scratch"
	Cpus = 1
	Disk = 16777216
	GPUs = 1
	GPUs_GPU_ca48bd26 = [ Id = "GPU-ca48bd26"; Capability = 8.9; DeviceName = "NVIDIA L40S"; DeviceUuid = "ca48bd26-8050-1d72-65bb-be9bc1469039"; ECCEnabled = true; NvidiaDriver = "570.195.03"; DriverVersion = 12.8; DevicePciBusId = "0000:17:00.0"; GlobalMemoryMb = 45468; MaxSupportedVersion = 12080 ]
	IoHeavy = 0
	Memory = 16384
...
006 (8017966.661.000) 2026-06-21 03:45:21 Image size of job updated: 441220
	431  -  MemoryUsage of job (MB)
	441220  -  ResidentSetSize of job (KB)
...
006 (8017966.661.000) 2026-06-21 03:50:22 Image size of job updated: 1816944
	1765  -  MemoryUsage of job (MB)
	1806904  -  ResidentSetSize of job (KB)
...
006 (8017966.661.000) 2026-06-21 03:55:23 Image size of job updated: 1816944
	1765  -  MemoryUsage of job (MB)
	1807224  -  ResidentSetSize of job (KB)
...
006 (8017966.661.000) 2026-06-21 04:00:23 Image size of job updated: 1816944
	1765  -  MemoryUsage of job (MB)
	1807236  -  ResidentSetSize of job (KB)
...
006 (8017966.661.000) 2026-06-21 04:15:25 Image size of job updated: 1823560
	1781  -  MemoryUsage of job (MB)
	1823560  -  ResidentSetSize of job (KB)
...
006 (8017966.661.000) 2026-06-21 04:20:26 Image size of job updated: 1823740
	1781  -  MemoryUsage of job (MB)
	1823740  -  ResidentSetSize of job (KB)
...
006 (8017966.661.000) 2026-06-21 04:25:26 Image size of job updated: 1823744
	1781  -  MemoryUsage of job (MB)
	1823744  -  ResidentSetSize of job (KB)
...
006 (8017966.661.000) 2026-06-21 04:40:27 Image size of job updated: 1823748
	1782  -  MemoryUsage of job (MB)
	1823748  -  ResidentSetSize of job (KB)
...
006 (8017966.661.000) 2026-06-21 04:50:29 Image size of job updated: 1823752
	1782  -  MemoryUsage of job (MB)
	1823752  -  ResidentSetSize of job (KB)
...
006 (8017966.661.000) 2026-06-21 05:05:31 Image size of job updated: 1827944
	1786  -  MemoryUsage of job (MB)
	1827944  -  ResidentSetSize of job (KB)
...
006 (8017966.661.000) 2026-06-21 05:15:32 Image size of job updated: 1827948
	1786  -  MemoryUsage of job (MB)
	1827948  -  ResidentSetSize of job (KB)
...
006 (8017966.661.000) 2026-06-21 05:30:33 Image size of job updated: 1840168
	1798  -  MemoryUsage of job (MB)
	1840168  -  ResidentSetSize of job (KB)
...
006 (8017966.661.000) 2026-06-21 05:45:34 Image size of job updated: 1841472
	1799  -  MemoryUsage of job (MB)
	1841472  -  ResidentSetSize of job (KB)
...
006 (8017966.661.000) 2026-06-21 05:50:34 Image size of job updated: 1841480
	1799  -  MemoryUsage of job (MB)
	1841480  -  ResidentSetSize of job (KB)
...
006 (8017966.661.000) 2026-06-21 05:55:35 Image size of job updated: 1849628
	1807  -  MemoryUsage of job (MB)
	1849628  -  ResidentSetSize of job (KB)
...
040 (8017966.661.000) 2026-06-21 06:21:36 Started transferring output files
...
040 (8017966.661.000) 2026-06-21 06:21:36 Finished transferring output files
...
005 (8017966.661.000) 2026-06-21 06:21:37 Job terminated.
	(1) Normal termination (return value 0)
		Usr 0 02:38:06, Sys 0 00:26:32  -  Run Remote Usage
		Usr 0 00:00:00, Sys 0 00:00:00  -  Run Local Usage
		Usr 0 02:38:06, Sys 0 00:26:32  -  Total Remote Usage
		Usr 0 00:00:00, Sys 0 00:00:00  -  Total Local Usage
	10719756  -  Run Bytes Sent By Job
	2782584787  -  Run Bytes Received By Job
	10719756  -  Total Bytes Sent By Job
	2782584787  -  Total Bytes Received By Job
	Partitionable Resources :      Usage  Request Allocated Assigned
	   Cpus                 :       1.19        1         1 
	   Disk (KB)            : 2798664    16777216  16777216 
	   GPUs                 :       0.90        1         1 "GPU-ca48bd26"
	   GpusMemory (MB)      :    7281                       
	   IoHeavy              :                             0 
	   Memory (MB)          :    1807       16384     16384 
	   TimeExecute (s)      :    9384                       
	   TimeSlotBusy (s)     :    9396                       
...
