000 (8321903.014.000) 2026-06-26 09:00:08 Job submitted from host: <128.105.68.112:9618?addrs=128.105.68.112-9618+[2607-f388-2200-100-eaeb-d3ff-fea3-4202]-9618&alias=ap2001.chtc.wisc.edu&noUDP&sock=schedd_4071840_2329>
...
040 (8321903.014.000) 2026-06-26 09:05:33 Started transferring input files
	Transferring to host: <128.104.103.104:9618?addrs=128.104.103.104-9618+[2607-f388-107c-501-ae1f-6bff-fe40-ce2e]-9618&alias=gitter0000.chtc.wisc.edu&noUDP&sock=backfill1_2_129117_5b5c_1333>
...
040 (8321903.014.000) 2026-06-26 09:05:37 Finished transferring input files
...
022 (8321903.014.000) 2026-06-26 09:05:37 Job disconnected, attempting to reconnect
    Socket between submit and execute hosts closed unexpectedly
    Trying to reconnect to backfill1_2@gitter0000.chtc.wisc.edu <128.104.103.104:9618?addrs=128.104.103.104-9618+[2607-f388-107c-501-ae1f-6bff-fe40-ce2e]-9618&alias=gitter0000.chtc.wisc.edu&noUDP&sock=startd_8665_0c39>
...
024 (8321903.014.000) 2026-06-26 09:05:47 Job reconnection failed
    Job not found at execution machine
    Can not reconnect to backfill1_2@gitter0000.chtc.wisc.edu, rescheduling job
...
004 (8321903.014.000) 2026-06-26 09:05:47 Job was evicted. Code 1008 Subcode 0
	(0) CPU times
		Usr 0 00:00:00, Sys 0 00:00:00  -  Run Remote Usage
		Usr 0 00:00:00, Sys 0 00:00:00  -  Run Local Usage
	0  -  Run Bytes Sent By Job
	0  -  Run Bytes Received By Job
	Reason: Job not found at execution machine
	Partitionable Resources :     Usage  Request Allocated Assigned
	   Cpus                 :      0.48        1         1 
	   Disk (KB)            : 214261    16777216  16777216 
	   GPUs                 :      0           1         1 "GPU-ef72567f"
	   GpusMemory (MB)      :    103                       
	   IoHeavy              :                            0 
	   Memory (MB)          :              16384     16384 
...
040 (8321903.014.000) 2026-06-26 09:08:30 Started transferring input files
	Transferring to host: <128.105.68.65:9618?addrs=128.105.68.65-9618+[2607-f388-2200-100-ae1f-6bff-fea1-b242]-9618&alias=dmorgan2000.chtc.wisc.edu&noUDP&sock=backfill1_2_2608038_7480_89032>
...
040 (8321903.014.000) 2026-06-26 09:08:44 Finished transferring input files
...
001 (8321903.014.000) 2026-06-26 09:08:45 Job executing on host: <128.105.68.65:9618?addrs=128.105.68.65-9618+[2607-f388-2200-100-ae1f-6bff-fea1-b242]-9618&alias=dmorgan2000.chtc.wisc.edu&noUDP&sock=startd_9514_6421>
	SlotName: backfill1_2@dmorgan2000.chtc.wisc.edu
	AvailableGPUs = { GPUs_GPU_f8664066 }
	CondorScratchDir = "/var/lib/condor/execute/slot1/dir_3445737/scratch"
	Cpus = 1
	Disk = 16777216
	GPUs = 1
	GPUs_GPU_f8664066 = [ Id = "GPU-f8664066"; Capability = 7.5; DeviceName = "NVIDIA GeForce RTX 2080 Ti"; DeviceUuid = "f8664066-95d1-e7cf-76cf-2a699078643c"; ECCEnabled = false; NvidiaDriver = "570.195.03"; DriverVersion = 12.8; DevicePciBusId = "0000:5E:00.0"; GlobalMemoryMb = 10823; MaxSupportedVersion = 12080 ]
	IoHeavy = 0
	Memory = 16384
...
006 (8321903.014.000) 2026-06-26 09:08:54 Image size of job updated: 319148
	312  -  MemoryUsage of job (MB)
	319148  -  ResidentSetSize of job (KB)
...
006 (8321903.014.000) 2026-06-26 09:13:55 Image size of job updated: 1436836
	1394  -  MemoryUsage of job (MB)
	1426472  -  ResidentSetSize of job (KB)
...
006 (8321903.014.000) 2026-06-26 09:18:55 Image size of job updated: 3477340
	3069  -  MemoryUsage of job (MB)
	3141704  -  ResidentSetSize of job (KB)
...
006 (8321903.014.000) 2026-06-26 09:23:55 Image size of job updated: 4007020
	3914  -  MemoryUsage of job (MB)
	4007020  -  ResidentSetSize of job (KB)
...
006 (8321903.014.000) 2026-06-26 09:28:56 Image size of job updated: 5158264
	5038  -  MemoryUsage of job (MB)
	5158264  -  ResidentSetSize of job (KB)
...
006 (8321903.014.000) 2026-06-26 09:33:56 Image size of job updated: 5200388
	5038  -  MemoryUsage of job (MB)
	5158264  -  ResidentSetSize of job (KB)
...
006 (8321903.014.000) 2026-06-26 09:43:58 Image size of job updated: 5670120
	5538  -  MemoryUsage of job (MB)
	5670120  -  ResidentSetSize of job (KB)
...
006 (8321903.014.000) 2026-06-26 09:48:58 Image size of job updated: 6083152
	5633  -  MemoryUsage of job (MB)
	5767736  -  ResidentSetSize of job (KB)
...
006 (8321903.014.000) 2026-06-26 09:58:59 Image size of job updated: 6083152
	5851  -  MemoryUsage of job (MB)
	5991272  -  ResidentSetSize of job (KB)
...
006 (8321903.014.000) 2026-06-26 10:03:34 Image size of job updated: 6793180
	5851  -  MemoryUsage of job (MB)
	5991272  -  ResidentSetSize of job (KB)
...
040 (8321903.014.000) 2026-06-26 10:03:34 Started transferring output files
...
040 (8321903.014.000) 2026-06-26 10:03:34 Finished transferring output files
...
004 (8321903.014.000) 2026-06-26 10:03:34 Job was evicted.
	(0) Job terminated and was requeued
		Usr 0 01:14:56, Sys 0 00:01:48  -  Run Remote Usage
		Usr 0 00:00:00, Sys 0 00:00:00  -  Run Local Usage
	110153  -  Run Bytes Sent By Job
	2784117616  -  Run Bytes Received By Job
	(1) Normal termination (return value 1)
	The job attribute OnExitRemove expression 'NumJobCompletions > JobMaxRetries || ExitCode =?= 0' evaluated to FALSE
...
040 (8321903.014.000) 2026-06-26 10:05:38 Started transferring input files
	Transferring to host: <128.105.68.166:9618?addrs=128.105.68.166-9618+[2607-f388-2200-100-b62e-99ff-feb7-2e2d]-9618&alias=gpulab2001.chtc.wisc.edu&noUDP&sock=slot2_4_11113_dd1d_67107>
...
040 (8321903.014.000) 2026-06-26 10:05:57 Finished transferring input files
...
001 (8321903.014.000) 2026-06-26 10:05:58 Job executing on host: <128.105.68.166:9618?addrs=128.105.68.166-9618+[2607-f388-2200-100-b62e-99ff-feb7-2e2d]-9618&alias=gpulab2001.chtc.wisc.edu&noUDP&sock=startd_10083_ad84>
	SlotName: slot2_4@gpulab2001.chtc.wisc.edu
	AvailableGPUs = { GPUs_GPU_25d74433 }
	CondorScratchDir = "/var/lib/condor/execute/slot2/dir_3864947/scratch"
	Cpus = 1
	Disk = 16777216
	GPUs = 1
	GPUs_GPU_25d74433 = [ Id = "GPU-25d74433"; Capability = 7.5; DeviceName = "NVIDIA GeForce RTX 2080 Ti"; DeviceUuid = "25d74433-a70b-cc8a-6c48-33ca78f943b5"; ECCEnabled = false; NvidiaDriver = "570.195.03"; DriverVersion = 12.8; DevicePciBusId = "0000:B2:00.0"; GlobalMemoryMb = 10823; MaxSupportedVersion = 12080 ]
	IoHeavy = 0
	Memory = 16384
...
040 (8321903.014.000) 2026-06-26 11:06:09 Started transferring output files
...
040 (8321903.014.000) 2026-06-26 11:06:09 Finished transferring output files
...
004 (8321903.014.000) 2026-06-26 11:06:09 Job was evicted.
	(0) Job terminated and was requeued
		Usr 0 01:18:49, Sys 0 00:02:26  -  Run Remote Usage
		Usr 0 00:00:00, Sys 0 00:00:00  -  Run Local Usage
	110140  -  Run Bytes Sent By Job
	2784117616  -  Run Bytes Received By Job
	(1) Normal termination (return value 1)
	The job attribute OnExitRemove expression 'NumJobCompletions > JobMaxRetries || ExitCode =?= 0' evaluated to FALSE
...
040 (8321903.014.000) 2026-06-26 11:07:03 Started transferring input files
	Transferring to host: <10.226.104.214:44885?CCBID=128.105.82.148:9618%3faddrs%3d128.105.82.148-9618+[2607-f388-2200-9d-7ccb-bc08-2489-7689]-9618%26alias%3dospool-ccb.osg.chtc.io%26noUDP%26sock%3dcollector1#5036749%2067.58.49.91:9618%3faddrs%3d67.58.49.91-9618+[fdf0-17b3-c3ec-1f79-10-0-5-5b18]-9618%26alias%3dccb-2.ospool.osg-htc.org%26noUDP%26sock%3dcollector3#5028586&PrivNet=gpu014.rci.montana.edu&addrs=10.226.104.214-44885&alias=gpu014.rci.montana.edu&noUDP>
...
040 (8321903.014.000) 2026-06-26 11:07:52 Finished transferring input files
...
021 (8321903.014.000) 2026-06-26 11:07:54 Message from starter on slot1_1@glidein_1215428_244934193@gpu014.rci.montana.edu:
	PREPARE_JOB (prepare-hook) succeeded (reported status 000): Using Singularity image openfe_1.11.1.sif
...
001 (8321903.014.000) 2026-06-26 11:07:54 Job executing on host: <10.226.104.214:46173?CCBID=128.105.82.148:9618%3faddrs%3d128.105.82.148-9618+[2607-f388-2200-9d-7ccb-bc08-2489-7689]-9618%26alias%3dospool-ccb.osg.chtc.io%26noUDP%26sock%3dcollector7#4710086%2067.58.49.91:9618%3faddrs%3d67.58.49.91-9618+[fdf0-17b3-c3ec-1f79-10-0-5-5b18]-9618%26alias%3dccb-2.ospool.osg-htc.org%26noUDP%26sock%3dcollector3#4704466&PrivNet=gpu014.rci.montana.edu&addrs=10.226.104.214-46173&alias=gpu014.rci.montana.edu&noUDP>
	SlotName: slot1_1@glidein_1215428_244934193@gpu014.rci.montana.edu
	AvailableGPUs = { GPUs_GPU_fcc9153c }
	CondorScratchDir = "/tmp/jobs/4123049/glide_dFXC8j/execute/dir_502712/scratch"
	Cpus = 1
	Disk = 16777216
	GPUs = 1
	GPUs_GPU_fcc9153c = [ Id = "GPU-fcc9153c"; ClockMhz = 1410.0; Capability = 8.0; CoresPerCU = 64; DeviceName = "NVIDIA A100-SXM4-40GB"; DeviceUuid = "fcc9153c-1c2b-425b-fbc1-5bce398e0c5a"; ECCEnabled = true; ComputeUnits = 108; NvidiaDriver = "595.71.05"; DriverVersion = 13.2; DevicePciBusId = "0000:41:00.0"; GlobalMemoryMb = 40441; MaxSupportedVersion = 13020 ]
	Memory = 16384
...
006 (8321903.014.000) 2026-06-26 11:08:04 Image size of job updated: 9475872
	7325  -  MemoryUsage of job (MB)
	7500000  -  ResidentSetSize of job (KB)
...
006 (8321903.014.000) 2026-06-26 11:13:05 Image size of job updated: 11011072
	7325  -  MemoryUsage of job (MB)
	7500000  -  ResidentSetSize of job (KB)
...
006 (8321903.014.000) 2026-06-26 11:18:05 Image size of job updated: 34131892
	7325  -  MemoryUsage of job (MB)
	7500000  -  ResidentSetSize of job (KB)
...
006 (8321903.014.000) 2026-06-26 11:23:06 Image size of job updated: 34475244
	7325  -  MemoryUsage of job (MB)
	7500000  -  ResidentSetSize of job (KB)
...
006 (8321903.014.000) 2026-06-26 11:28:07 Image size of job updated: 39338184
	7325  -  MemoryUsage of job (MB)
	7500000  -  ResidentSetSize of job (KB)
...
006 (8321903.014.000) 2026-06-26 11:33:07 Image size of job updated: 44608560
	7325  -  MemoryUsage of job (MB)
	7500000  -  ResidentSetSize of job (KB)
...
006 (8321903.014.000) 2026-06-26 11:38:08 Image size of job updated: 44681960
	7325  -  MemoryUsage of job (MB)
	7500000  -  ResidentSetSize of job (KB)
...
006 (8321903.014.000) 2026-06-26 11:48:09 Image size of job updated: 44681960
	7338  -  MemoryUsage of job (MB)
	7513864  -  ResidentSetSize of job (KB)
...
006 (8321903.014.000) 2026-06-26 11:53:09 Image size of job updated: 45664856
	7370  -  MemoryUsage of job (MB)
	7546644  -  ResidentSetSize of job (KB)
...
023 (8321903.014.000) 2026-06-26 12:07:36 Job reconnected to slot1_1@glidein_1215428_244934193@gpu014.rci.montana.edu
    startd address: <10.226.104.214:46173?CCBID=128.105.82.148:9618%3faddrs%3d128.105.82.148-9618+[2607-f388-2200-9d-7ccb-bc08-2489-7689]-9618%26alias%3dospool-ccb.osg.chtc.io%26noUDP%26sock%3dcollector7#4710086%2067.58.49.91:9618%3faddrs%3d67.58.49.91-9618+[fdf0-17b3-c3ec-1f79-10-0-5-5b18]-9618%26alias%3dccb-2.ospool.osg-htc.org%26noUDP%26sock%3dcollector3#4704466&PrivNet=gpu014.rci.montana.edu&addrs=10.226.104.214-46173&alias=gpu014.rci.montana.edu&noUDP>
    starter address: <10.226.104.214:44885?CCBID=128.105.82.148:9618%3faddrs%3d128.105.82.148-9618+[2607-f388-2200-9d-7ccb-bc08-2489-7689]-9618%26alias%3dospool-ccb.osg.chtc.io%26noUDP%26sock%3dcollector1#5036749%2067.58.49.91:9618%3faddrs%3d67.58.49.91-9618+[fdf0-17b3-c3ec-1f79-10-0-5-5b18]-9618%26alias%3dccb-2.ospool.osg-htc.org%26noUDP%26sock%3dcollector3#5028586&PrivNet=gpu014.rci.montana.edu&addrs=10.226.104.214-44885&alias=gpu014.rci.montana.edu&noUDP>
...
006 (8321903.014.000) 2026-06-26 12:08:11 Image size of job updated: 45664856
	9766  -  MemoryUsage of job (MB)
	10000000  -  ResidentSetSize of job (KB)
...
006 (8321903.014.000) 2026-06-26 12:11:54 Image size of job updated: 46369016
	9766  -  MemoryUsage of job (MB)
	10000000  -  ResidentSetSize of job (KB)
...
004 (8321903.014.000) 2026-06-26 12:11:56 Job was evicted.
	(0) Job terminated and was requeued
		Usr 0 01:06:03, Sys 0 00:01:49  -  Run Remote Usage
		Usr 0 00:00:00, Sys 0 00:00:00  -  Run Local Usage
	108627  -  Run Bytes Sent By Job
	0  -  Run Bytes Received By Job
	(1) Normal termination (return value 1)
	The job attribute OnExitRemove expression 'NumJobCompletions > JobMaxRetries || ExitCode =?= 0' evaluated to FALSE
...
040 (8321903.014.000) 2026-06-26 12:12:02 Started transferring input files
	Transferring to host: <128.105.68.166:9618?addrs=128.105.68.166-9618+[2607-f388-2200-100-b62e-99ff-feb7-2e2d]-9618&alias=gpulab2001.chtc.wisc.edu&noUDP&sock=slot2_4_11113_dd1d_67338>
...
040 (8321903.014.000) 2026-06-26 12:12:22 Finished transferring input files
...
001 (8321903.014.000) 2026-06-26 12:12:22 Job executing on host: <128.105.68.166:9618?addrs=128.105.68.166-9618+[2607-f388-2200-100-b62e-99ff-feb7-2e2d]-9618&alias=gpulab2001.chtc.wisc.edu&noUDP&sock=startd_10083_ad84>
	SlotName: slot2_4@gpulab2001.chtc.wisc.edu
	AvailableGPUs = { GPUs_GPU_25d74433 }
	CondorScratchDir = "/var/lib/condor/execute/slot2/dir_4009641/scratch"
	Cpus = 1
	Disk = 16777216
	GPUs = 1
	GPUs_GPU_25d74433 = [ Id = "GPU-25d74433"; Capability = 7.5; DeviceName = "NVIDIA GeForce RTX 2080 Ti"; DeviceUuid = "25d74433-a70b-cc8a-6c48-33ca78f943b5"; ECCEnabled = false; NvidiaDriver = "570.195.03"; DriverVersion = 12.8; DevicePciBusId = "0000:B2:00.0"; GlobalMemoryMb = 10823; MaxSupportedVersion = 12080 ]
	IoHeavy = 0
	Memory = 16384
...
040 (8321903.014.000) 2026-06-26 13:11:59 Started transferring output files
...
040 (8321903.014.000) 2026-06-26 13:11:59 Finished transferring output files
...
004 (8321903.014.000) 2026-06-26 13:11:59 Job was evicted.
	(0) Job terminated and was requeued
		Usr 0 01:08:28, Sys 0 00:02:15  -  Run Remote Usage
		Usr 0 00:00:00, Sys 0 00:00:00  -  Run Local Usage
	110141  -  Run Bytes Sent By Job
	2784117616  -  Run Bytes Received By Job
	(1) Normal termination (return value 1)
	The job attribute OnExitRemove expression 'NumJobCompletions > JobMaxRetries || ExitCode =?= 0' evaluated to FALSE
...
040 (8321903.014.000) 2026-06-26 13:12:01 Started transferring input files
	Transferring to host: <128.104.100.17:9618?addrs=128.104.100.17-9618+[2607-f388-107c-501-527c-6fff-fe66-e9bc]-9618&alias=jcaicedogpu0002.chtc.wisc.edu&noUDP&sock=backfill1_1_3195584_c394_95>
...
040 (8321903.014.000) 2026-06-26 13:12:13 Finished transferring input files
...
001 (8321903.014.000) 2026-06-26 13:12:13 Job executing on host: <128.104.100.17:9618?addrs=128.104.100.17-9618+[2607-f388-107c-501-527c-6fff-fe66-e9bc]-9618&alias=jcaicedogpu0002.chtc.wisc.edu&noUDP&sock=startd_11788_2a7e>
	SlotName: backfill1_1@jcaicedogpu0002.chtc.wisc.edu
	AvailableGPUs = { GPUs_GPU_036c0f18 }
	CondorScratchDir = "/var/lib/condor/execute/slot1/dir_3254871/scratch"
	Cpus = 1
	Disk = 16777216
	GPUs = 1
	GPUs_GPU_036c0f18 = [ Id = "GPU-036c0f18"; Capability = 8.9; DeviceName = "NVIDIA L40S"; DeviceUuid = "036c0f18-c3a4-6e4c-ee97-311f6f4fa009"; ECCEnabled = true; NvidiaDriver = "570.195.03"; DriverVersion = 12.8; DevicePciBusId = "0000:E1:00.0"; GlobalMemoryMb = 45468; MaxSupportedVersion = 12080 ]
	IoHeavy = 0
	Memory = 16384
...
040 (8321903.014.000) 2026-06-26 13:44:42 Started transferring output files
...
040 (8321903.014.000) 2026-06-26 13:44:42 Finished transferring output files
...
004 (8321903.014.000) 2026-06-26 13:44:43 Job was evicted.
	(0) Job terminated and was requeued
		Usr 0 00:38:12, Sys 0 00:01:14  -  Run Remote Usage
		Usr 0 00:00:00, Sys 0 00:00:00  -  Run Local Usage
	110171  -  Run Bytes Sent By Job
	2784117616  -  Run Bytes Received By Job
	(1) Normal termination (return value 1)
	The job attribute OnExitRemove expression 'NumJobCompletions > JobMaxRetries || ExitCode =?= 0' evaluated to FALSE
...
040 (8321903.014.000) 2026-06-26 13:44:51 Started transferring input files
	Transferring to host: <128.105.76.46:9618?addrs=128.105.76.46-9618+[2607-f388-2200-100-e29d-73ff-fe7b-5316]-9618&alias=bhaskargpu4000.chtc.wisc.edu&noUDP&sock=backfill1_2_18480_94e9_393>
...
040 (8321903.014.000) 2026-06-26 13:45:04 Finished transferring input files
...
001 (8321903.014.000) 2026-06-26 13:45:04 Job executing on host: <128.105.76.46:9618?addrs=128.105.76.46-9618+[2607-f388-2200-100-e29d-73ff-fe7b-5316]-9618&alias=bhaskargpu4000.chtc.wisc.edu&noUDP&sock=startd_17896_bef6>
	SlotName: backfill1_2@bhaskargpu4000.chtc.wisc.edu
	AvailableGPUs = { GPUs_GPU_bee6bd7c }
	CondorScratchDir = "/var/lib/condor/execute/slot1/dir_398638/scratch"
	Cpus = 1
	Disk = 16777216
	GPUs = 1
	GPUs_GPU_bee6bd7c = [ Id = "GPU-bee6bd7c"; Capability = 9.0; DeviceName = "NVIDIA H200"; DeviceUuid = "bee6bd7c-a970-67bb-25a5-205d6a595502"; ECCEnabled = true; NvidiaDriver = "570.195.03"; DriverVersion = 12.8; DevicePciBusId = "0000:CB:00.0"; GlobalMemoryMb = 143166; MaxSupportedVersion = 12080 ]
	IoHeavy = 0
	Memory = 16384
...
040 (8321903.014.000) 2026-06-26 14:22:07 Started transferring output files
...
040 (8321903.014.000) 2026-06-26 14:22:07 Finished transferring output files
...
004 (8321903.014.000) 2026-06-26 14:22:08 Job was evicted.
	(0) Job terminated and was requeued
		Usr 0 00:45:51, Sys 0 00:03:18  -  Run Remote Usage
		Usr 0 00:00:00, Sys 0 00:00:00  -  Run Local Usage
	110168  -  Run Bytes Sent By Job
	2784117616  -  Run Bytes Received By Job
	(1) Normal termination (return value 1)
	The job attribute OnExitRemove expression 'NumJobCompletions > JobMaxRetries || ExitCode =?= 0' evaluated to FALSE
...
040 (8321903.014.000) 2026-06-26 14:22:13 Started transferring input files
	Transferring to host: <128.104.103.104:9618?addrs=128.104.103.104-9618+[2607-f388-107c-501-ae1f-6bff-fe40-ce2e]-9618&alias=gitter0000.chtc.wisc.edu&noUDP&sock=slot2_3_129117_5b5c_1910>
...
040 (8321903.014.000) 2026-06-26 14:22:44 Finished transferring input files
...
001 (8321903.014.000) 2026-06-26 14:22:44 Job executing on host: <128.104.103.104:9618?addrs=128.104.103.104-9618+[2607-f388-107c-501-ae1f-6bff-fe40-ce2e]-9618&alias=gitter0000.chtc.wisc.edu&noUDP&sock=startd_8665_0c39>
	SlotName: slot2_3@gitter0000.chtc.wisc.edu
	AvailableGPUs = { GPUs_GPU_ef72567f }
	CondorScratchDir = "/var/lib/condor/execute/slot2/dir_1775286/scratch"
	Cpus = 1
	Disk = 16777216
	GPUs = 1
	GPUs_GPU_ef72567f = [ Id = "GPU-ef72567f"; Capability = 6.1; DeviceName = "NVIDIA GeForce GTX 1080 Ti"; DeviceUuid = "ef72567f-a470-7f68-32a7-eb3e859e8d5a"; ECCEnabled = false; NvidiaDriver = "570.195.03"; DriverVersion = 12.8; DevicePciBusId = "0000:86:00.0"; GlobalMemoryMb = 11165; MaxSupportedVersion = 12080 ]
	IoHeavy = 0
	Memory = 16384
...
040 (8321903.014.000) 2026-06-26 15:23:30 Started transferring output files
...
040 (8321903.014.000) 2026-06-26 15:23:30 Finished transferring output files
...
004 (8321903.014.000) 2026-06-26 15:23:31 Job was evicted.
	(0) Job terminated and was requeued
		Usr 0 01:09:27, Sys 0 00:01:21  -  Run Remote Usage
		Usr 0 00:00:00, Sys 0 00:00:00  -  Run Local Usage
	110152  -  Run Bytes Sent By Job
	2784117616  -  Run Bytes Received By Job
	(1) Normal termination (return value 1)
	The job attribute OnExitRemove expression 'NumJobCompletions > JobMaxRetries || ExitCode =?= 0' evaluated to FALSE
...
040 (8321903.014.000) 2026-06-26 15:24:20 Started transferring input files
	Transferring to host: <10.1.1.139:40859?CCBID=128.105.82.148:9618%3faddrs%3d128.105.82.148-9618+[2607-f388-2200-9d-7ccb-bc08-2489-7689]-9618%26alias%3dospool-ccb.osg.chtc.io%26noUDP%26sock%3dcollector3#5080468%2067.58.49.91:9618%3faddrs%3d67.58.49.91-9618+[fdf0-17b3-c3ec-1f79-10-0-5-5b18]-9618%26alias%3dccb-2.ospool.osg-htc.org%26noUDP%26sock%3dcollector7#5068629&PrivNet=gpu09&addrs=10.1.1.139-40859&alias=gpu09&noUDP>
...
040 (8321903.014.000) 2026-06-26 15:24:36 Finished transferring input files
...
021 (8321903.014.000) 2026-06-26 15:24:36 Message from starter on slot1_1@glidein_1751986_523020708@gpu09:
	PREPARE_JOB (prepare-hook) succeeded (reported status 000): Using Singularity image openfe_1.11.1.sif
...
001 (8321903.014.000) 2026-06-26 15:24:36 Job executing on host: <10.1.1.139:34767?CCBID=128.105.82.148:9618%3faddrs%3d128.105.82.148-9618+[2607-f388-2200-9d-7ccb-bc08-2489-7689]-9618%26alias%3dospool-ccb.osg.chtc.io%26noUDP%26sock%3dcollector2#4913893%2067.58.49.91:9618%3faddrs%3d67.58.49.91-9618+[fdf0-17b3-c3ec-1f79-10-0-5-5b18]-9618%26alias%3dccb-2.ospool.osg-htc.org%26noUDP%26sock%3dcollector4#4905558&PrivNet=gpu09&addrs=10.1.1.139-34767&alias=gpu09&noUDP>
	SlotName: slot1_1@glidein_1751986_523020708@gpu09
	AvailableGPUs = { GPUs_GPU_c1a2e02a }
	CondorScratchDir = "/tmp/glide_ov0V0R/execute/dir_2710927/scratch"
	Cpus = 1
	Disk = 16777216
	GPUs = 1
	GPUs_GPU_c1a2e02a = [ Id = "GPU-c1a2e02a"; ClockMhz = 1695.0; Capability = 8.6; CoresPerCU = 128; DeviceName = "NVIDIA RTX A5000"; DeviceUuid = "c1a2e02a-787e-f742-3a36-1ed3714d9c25"; ECCEnabled = false; ComputeUnits = 64; NvidiaDriver = "595.71.05"; DriverVersion = 13.2; DevicePciBusId = "0000:01:00.0"; GlobalMemoryMb = 24361; MaxSupportedVersion = 13020 ]
	Memory = 16384
...
040 (8321903.014.000) 2026-06-26 16:13:06 Started transferring output files
...
040 (8321903.014.000) 2026-06-26 16:13:06 Finished transferring output files
...
004 (8321903.014.000) 2026-06-26 16:13:07 Job was evicted.
	(0) Job terminated and was requeued
		Usr 0 00:53:05, Sys 0 00:00:32  -  Run Remote Usage
		Usr 0 00:00:00, Sys 0 00:00:00  -  Run Local Usage
	109809  -  Run Bytes Sent By Job
	2784117616  -  Run Bytes Received By Job
	(1) Normal termination (return value 1)
	The job attribute OnExitRemove expression 'NumJobCompletions > JobMaxRetries || ExitCode =?= 0' evaluated to FALSE
...
040 (8321903.014.000) 2026-06-26 16:13:27 Started transferring input files
	Transferring to host: <128.105.68.102:9618?addrs=128.105.68.102-9618+[2607-f388-2200-100-1270-fdff-fe74-920]-9618&alias=gpu2010.chtc.wisc.edu&noUDP&sock=slot2_1_2570277_6a21_86446>
...
040 (8321903.014.000) 2026-06-26 16:13:42 Finished transferring input files
...
001 (8321903.014.000) 2026-06-26 16:13:42 Job executing on host: <128.105.68.102:9618?addrs=128.105.68.102-9618+[2607-f388-2200-100-1270-fdff-fe74-920]-9618&alias=gpu2010.chtc.wisc.edu&noUDP&sock=startd_12400_f274>
	SlotName: slot2_1@gpu2010.chtc.wisc.edu
	AvailableGPUs = { GPUs_GPU_ebb6cfb4 }
	CondorScratchDir = "/var/lib/condor/execute/slot2/dir_2533773/scratch"
	Cpus = 1
	Disk = 16777216
	GPUs = 1
	GPUs_GPU_ebb6cfb4 = [ Id = "GPU-ebb6cfb4"; Capability = 8.0; DeviceName = "NVIDIA A100-SXM4-80GB"; DeviceUuid = "ebb6cfb4-dd3e-9883-e9ad-6ddb1e1276f9"; ECCEnabled = true; NvidiaDriver = "570.195.03"; DriverVersion = 12.8; DevicePciBusId = "0000:01:00.0"; GlobalMemoryMb = 81154; MaxSupportedVersion = 12080 ]
	IoHeavy = 0
	Memory = 16384
...
040 (8321903.014.000) 2026-06-26 16:54:03 Started transferring output files
...
040 (8321903.014.000) 2026-06-26 16:54:03 Finished transferring output files
...
004 (8321903.014.000) 2026-06-26 16:54:04 Job was evicted.
	(0) Job terminated and was requeued
		Usr 0 01:26:36, Sys 0 00:05:33  -  Run Remote Usage
		Usr 0 00:00:00, Sys 0 00:00:00  -  Run Local Usage
	110129  -  Run Bytes Sent By Job
	2784117616  -  Run Bytes Received By Job
	(1) Normal termination (return value 1)
	The job attribute OnExitRemove expression 'NumJobCompletions > JobMaxRetries || ExitCode =?= 0' evaluated to FALSE
...
040 (8321903.014.000) 2026-06-26 16:54:33 Started transferring input files
	Transferring to host: <128.105.68.5:9618?addrs=128.105.68.5-9618+[2607-f388-2200-100-eaeb-d3ff-fe53-f4a0]-9618&alias=gpulab2005.chtc.wisc.edu&noUDP&sock=slot2_3_2487031_13a7_90590>
...
040 (8321903.014.000) 2026-06-26 16:54:50 Finished transferring input files
...
001 (8321903.014.000) 2026-06-26 16:54:50 Job executing on host: <128.105.68.5:9618?addrs=128.105.68.5-9618+[2607-f388-2200-100-eaeb-d3ff-fe53-f4a0]-9618&alias=gpulab2005.chtc.wisc.edu&noUDP&sock=startd_12121_9388>
	SlotName: slot2_3@gpulab2005.chtc.wisc.edu
	AvailableGPUs = { GPUs_GPU_4ba1a6a3 }
	CondorScratchDir = "/var/lib/condor/execute/slot2/dir_3085866/scratch"
	Cpus = 1
	Disk = 16777216
	GPUs = 1
	GPUs_GPU_4ba1a6a3 = [ Id = "GPU-4ba1a6a3"; Capability = 8.0; DeviceName = "NVIDIA A100-SXM4-40GB"; DeviceUuid = "4ba1a6a3-2dac-668c-cfcf-614b9053bcc9"; ECCEnabled = true; NvidiaDriver = "570.195.03"; DriverVersion = 12.8; DevicePciBusId = "0000:81:00.0"; GlobalMemoryMb = 40442; MaxSupportedVersion = 12080 ]
	IoHeavy = 0
	Memory = 16384
...
040 (8321903.014.000) 2026-06-26 17:41:33 Started transferring output files
...
040 (8321903.014.000) 2026-06-26 17:41:33 Finished transferring output files
...
004 (8321903.014.000) 2026-06-26 17:41:34 Job was evicted.
	(0) Job terminated and was requeued
		Usr 0 01:15:54, Sys 0 00:03:37  -  Run Remote Usage
		Usr 0 00:00:00, Sys 0 00:00:00  -  Run Local Usage
	110140  -  Run Bytes Sent By Job
	2784117616  -  Run Bytes Received By Job
	(1) Normal termination (return value 1)
	The job attribute OnExitRemove expression 'NumJobCompletions > JobMaxRetries || ExitCode =?= 0' evaluated to FALSE
...
040 (8321903.014.000) 2026-06-26 17:41:42 Started transferring input files
	Transferring to host: <128.105.68.5:9618?addrs=128.105.68.5-9618+[2607-f388-2200-100-eaeb-d3ff-fe53-f4a0]-9618&alias=gpulab2005.chtc.wisc.edu&noUDP&sock=slot2_3_2487031_13a7_90677>
...
040 (8321903.014.000) 2026-06-26 17:42:00 Finished transferring input files
...
001 (8321903.014.000) 2026-06-26 17:42:00 Job executing on host: <128.105.68.5:9618?addrs=128.105.68.5-9618+[2607-f388-2200-100-eaeb-d3ff-fe53-f4a0]-9618&alias=gpulab2005.chtc.wisc.edu&noUDP&sock=startd_12121_9388>
	SlotName: slot2_3@gpulab2005.chtc.wisc.edu
	AvailableGPUs = { GPUs_GPU_4ba1a6a3 }
	CondorScratchDir = "/var/lib/condor/execute/slot2/dir_3134914/scratch"
	Cpus = 1
	Disk = 16777216
	GPUs = 1
	GPUs_GPU_4ba1a6a3 = [ Id = "GPU-4ba1a6a3"; Capability = 8.0; DeviceName = "NVIDIA A100-SXM4-40GB"; DeviceUuid = "4ba1a6a3-2dac-668c-cfcf-614b9053bcc9"; ECCEnabled = true; NvidiaDriver = "570.195.03"; DriverVersion = 12.8; DevicePciBusId = "0000:81:00.0"; GlobalMemoryMb = 40442; MaxSupportedVersion = 12080 ]
	IoHeavy = 0
	Memory = 16384
...
040 (8321903.014.000) 2026-06-26 18:27:32 Started transferring output files
...
040 (8321903.014.000) 2026-06-26 18:27:33 Finished transferring output files
...
005 (8321903.014.000) 2026-06-26 18:27:33 Job terminated.
	(1) Normal termination (return value 1)
		Usr 0 00:54:51, Sys 0 00:02:38  -  Run Remote Usage
		Usr 0 00:00:00, Sys 0 00:00:00  -  Run Local Usage
		Usr 0 12:34:49, Sys 0 00:27:44  -  Total Remote Usage
		Usr 0 00:00:00, Sys 0 00:00:00  -  Total Local Usage
	110130  -  Run Bytes Sent By Job
	2784117616  -  Run Bytes Received By Job
	1209760  -  Total Bytes Sent By Job
	30625293776  -  Total Bytes Received By Job
	Partitionable Resources :      Usage  Request Allocated Assigned
	   Cpus                 :       1.00        1         1 
	   Disk (KB)            : 3199561    16777216  16777216 
	   GPUs                 :       0.20        1         1 "GPU-4ba1a6a3"
	   GpusMemory (MB)      :    8143                       
	   IoHeavy              :                             0 
	   Memory (MB)          :    9766       16384     16384 
	   TimeExecute (s)      :    2732                       
	   TimeSlotBusy (s)     :    2751                       
...
