000 (8017966.899.000) 2026-06-20 22:07:54 Job submitted from host: <128.105.68.112:9618?addrs=128.105.68.112-9618+[2607-f388-2200-100-eaeb-d3ff-fea3-4202]-9618&alias=ap2001.chtc.wisc.edu&noUDP&sock=schedd_4071840_2329>
...
040 (8017966.899.000) 2026-06-21 05:23:57 Started transferring input files
	Transferring to host: <128.105.76.38:9618?addrs=128.105.76.38-9618+[2607-f388-2200-100-e29d-73ff-fe7b-534e]-9618&alias=mrudolphgpu4000.chtc.wisc.edu&noUDP&sock=backfill1_8_2520286_3b90_81648>
...
040 (8017966.899.000) 2026-06-21 05:24:08 Finished transferring input files
...
001 (8017966.899.000) 2026-06-21 05:24:08 Job executing on host: <128.105.76.38:9618?addrs=128.105.76.38-9618+[2607-f388-2200-100-e29d-73ff-fe7b-534e]-9618&alias=mrudolphgpu4000.chtc.wisc.edu&noUDP&sock=startd_17841_0541>
	SlotName: backfill1_8@mrudolphgpu4000.chtc.wisc.edu
	AvailableGPUs = { GPUs_GPU_f2121a02 }
	CondorScratchDir = "/var/lib/condor/execute/slot1/dir_203163/scratch"
	Cpus = 1
	Disk = 16777216
	GPUs = 1
	GPUs_GPU_f2121a02 = [ Id = "GPU-f2121a02"; Capability = 9.0; DeviceName = "NVIDIA H200"; DeviceUuid = "f2121a02-90b6-8f74-bd16-ae4f1853c225"; ECCEnabled = true; NvidiaDriver = "570.195.03"; DriverVersion = 12.8; DevicePciBusId = "0000:19:00.0"; GlobalMemoryMb = 143166; MaxSupportedVersion = 12080 ]
	IoHeavy = 0
	Memory = 16384
...
006 (8017966.899.000) 2026-06-21 05:24:17 Image size of job updated: 409728
	401  -  MemoryUsage of job (MB)
	409728  -  ResidentSetSize of job (KB)
...
006 (8017966.899.000) 2026-06-21 05:29:17 Image size of job updated: 997928
	973  -  MemoryUsage of job (MB)
	995708  -  ResidentSetSize of job (KB)
...
006 (8017966.899.000) 2026-06-21 05:34:17 Image size of job updated: 997928
	975  -  MemoryUsage of job (MB)
	997524  -  ResidentSetSize of job (KB)
...
006 (8017966.899.000) 2026-06-21 05:39:18 Image size of job updated: 1003136
	980  -  MemoryUsage of job (MB)
	1003136  -  ResidentSetSize of job (KB)
...
006 (8017966.899.000) 2026-06-21 05:44:18 Image size of job updated: 1008980
	986  -  MemoryUsage of job (MB)
	1008980  -  ResidentSetSize of job (KB)
...
006 (8017966.899.000) 2026-06-21 05:49:19 Image size of job updated: 1015428
	992  -  MemoryUsage of job (MB)
	1015428  -  ResidentSetSize of job (KB)
...
006 (8017966.899.000) 2026-06-21 05:54:19 Image size of job updated: 1021436
	998  -  MemoryUsage of job (MB)
	1021436  -  ResidentSetSize of job (KB)
...
006 (8017966.899.000) 2026-06-21 05:59:19 Image size of job updated: 1027788
	1004  -  MemoryUsage of job (MB)
	1027788  -  ResidentSetSize of job (KB)
...
006 (8017966.899.000) 2026-06-21 06:04:20 Image size of job updated: 1030684
	1007  -  MemoryUsage of job (MB)
	1030684  -  ResidentSetSize of job (KB)
...
006 (8017966.899.000) 2026-06-21 06:09:20 Image size of job updated: 1031020
	1007  -  MemoryUsage of job (MB)
	1030684  -  ResidentSetSize of job (KB)
...
040 (8017966.899.000) 2026-06-21 06:09:20 Started transferring output files
...
040 (8017966.899.000) 2026-06-21 06:09:20 Finished transferring output files
...
005 (8017966.899.000) 2026-06-21 06:09:21 Job terminated.
	(1) Normal termination (return value 0)
		Usr 0 00:46:34, Sys 0 00:43:19  -  Run Remote Usage
		Usr 0 00:00:00, Sys 0 00:00:00  -  Run Local Usage
		Usr 0 00:46:34, Sys 0 00:43:19  -  Total Remote Usage
		Usr 0 00:00:00, Sys 0 00:00:00  -  Total Local Usage
	3043851  -  Run Bytes Sent By Job
	2781930797  -  Run Bytes Received By Job
	3043851  -  Total Bytes Sent By Job
	2781930797  -  Total Bytes Received By Job
	Partitionable Resources :      Usage  Request Allocated Assigned
	   Cpus                 :       1.00        1         1 
	   Disk (KB)            : 2731204    16777216  16777216 
	   GPUs                 :       0.84        1         1 "GPU-f2121a02"
	   GpusMemory (MB)      :    8094                       
	   IoHeavy              :                             0 
	   Memory (MB)          :    1007       16384     16384 
	   TimeExecute (s)      :    2712                       
	   TimeSlotBusy (s)     :    2723                       
...
