000 (8017966.491.000) 2026-06-20 22:07:54 Job submitted from host: <128.105.68.112:9618?addrs=128.105.68.112-9618+[2607-f388-2200-100-eaeb-d3ff-fea3-4202]-9618&alias=ap2001.chtc.wisc.edu&noUDP&sock=schedd_4071840_2329>
...
040 (8017966.491.000) 2026-06-21 02:25:55 Started transferring input files
	Transferring to host: <128.105.68.131:9618?addrs=128.105.68.131-9618+[2607-f388-2200-100-7ec2-55ff-fe99-a4a2]-9618&alias=xhuanggpu4001.chtc.wisc.edu&noUDP&sock=backfill1_7_770790_08a9_66589>
...
040 (8017966.491.000) 2026-06-21 02:26:04 Finished transferring input files
...
001 (8017966.491.000) 2026-06-21 02:26:04 Job executing on host: <128.105.68.131:9618?addrs=128.105.68.131-9618+[2607-f388-2200-100-7ec2-55ff-fe99-a4a2]-9618&alias=xhuanggpu4001.chtc.wisc.edu&noUDP&sock=startd_10764_c983>
	SlotName: backfill1_7@xhuanggpu4001.chtc.wisc.edu
	AvailableGPUs = { GPUs_GPU_84e70dd2 }
	CondorScratchDir = "/var/lib/condor/execute/slot1/dir_2861156/scratch"
	Cpus = 1
	Disk = 16777216
	GPUs = 1
	GPUs_GPU_84e70dd2 = [ Id = "GPU-84e70dd2"; Capability = 8.9; DeviceName = "NVIDIA L40"; DeviceUuid = "84e70dd2-a3e3-55fa-e76c-fb677b618f52"; ECCEnabled = true; NvidiaDriver = "570.195.03"; DriverVersion = 12.8; DevicePciBusId = "0000:57:00.0"; GlobalMemoryMb = 45468; MaxSupportedVersion = 12080 ]
	IoHeavy = 0
	Memory = 16384
...
006 (8017966.491.000) 2026-06-21 02:26:13 Image size of job updated: 452444
	442  -  MemoryUsage of job (MB)
	452444  -  ResidentSetSize of job (KB)
...
006 (8017966.491.000) 2026-06-21 02:31:14 Image size of job updated: 949988
	926  -  MemoryUsage of job (MB)
	948060  -  ResidentSetSize of job (KB)
...
006 (8017966.491.000) 2026-06-21 02:36:14 Image size of job updated: 949988
	928  -  MemoryUsage of job (MB)
	949564  -  ResidentSetSize of job (KB)
...
006 (8017966.491.000) 2026-06-21 02:41:15 Image size of job updated: 955068
	933  -  MemoryUsage of job (MB)
	955068  -  ResidentSetSize of job (KB)
...
006 (8017966.491.000) 2026-06-21 02:46:15 Image size of job updated: 960732
	939  -  MemoryUsage of job (MB)
	960732  -  ResidentSetSize of job (KB)
...
006 (8017966.491.000) 2026-06-21 02:51:15 Image size of job updated: 968264
	946  -  MemoryUsage of job (MB)
	968264  -  ResidentSetSize of job (KB)
...
006 (8017966.491.000) 2026-06-21 02:56:16 Image size of job updated: 974692
	952  -  MemoryUsage of job (MB)
	974692  -  ResidentSetSize of job (KB)
...
006 (8017966.491.000) 2026-06-21 03:01:16 Image size of job updated: 979052
	957  -  MemoryUsage of job (MB)
	979052  -  ResidentSetSize of job (KB)
...
006 (8017966.491.000) 2026-06-21 03:06:17 Image size of job updated: 982636
	957  -  MemoryUsage of job (MB)
	979912  -  ResidentSetSize of job (KB)
...
040 (8017966.491.000) 2026-06-21 03:11:01 Started transferring output files
...
040 (8017966.491.000) 2026-06-21 03:11:01 Finished transferring output files
...
005 (8017966.491.000) 2026-06-21 03:11:02 Job terminated.
	(1) Normal termination (return value 0)
		Usr 0 00:45:37, Sys 0 00:15:06  -  Run Remote Usage
		Usr 0 00:00:00, Sys 0 00:00:00  -  Run Local Usage
		Usr 0 00:45:37, Sys 0 00:15:06  -  Total Remote Usage
		Usr 0 00:00:00, Sys 0 00:00:00  -  Total Local Usage
	2711540  -  Run Bytes Sent By Job
	2781896360  -  Run Bytes Received By Job
	2711540  -  Total Bytes Sent By Job
	2781896360  -  Total Bytes Received By Job
	Partitionable Resources :      Usage  Request Allocated Assigned
	   Cpus                 :       1.38        1         1 
	   Disk (KB)            : 2728764    16777216  16777216 
	   GPUs                 :       0.90        1         1 "GPU-84e70dd2"
	   GpusMemory (MB)      :    6770                       
	   IoHeavy              :                             0 
	   Memory (MB)          :     957       16384     16384 
	   TimeExecute (s)      :    2697                       
	   TimeSlotBusy (s)     :    2706                       
...
