000 (8017966.631.000) 2026-06-20 22:07:54 Job submitted from host: <128.105.68.112:9618?addrs=128.105.68.112-9618+[2607-f388-2200-100-eaeb-d3ff-fea3-4202]-9618&alias=ap2001.chtc.wisc.edu&noUDP&sock=schedd_4071840_2329>
...
040 (8017966.631.000) 2026-06-21 03:24:51 Started transferring input files
	Transferring to host: <128.105.68.117:9618?addrs=128.105.68.117-9618+[2607-f388-2200-100-7ec2-55ff-fe9a-b4fa]-9618&alias=gpu4000.chtc.wisc.edu&noUDP&sock=slot2_6_1956795_d8ee_82571>
...
040 (8017966.631.000) 2026-06-21 03:25:03 Finished transferring input files
...
001 (8017966.631.000) 2026-06-21 03:25:03 Job executing on host: <128.105.68.117:9618?addrs=128.105.68.117-9618+[2607-f388-2200-100-7ec2-55ff-fe9a-b4fa]-9618&alias=gpu4000.chtc.wisc.edu&noUDP&sock=startd_674379_7ae3>
	SlotName: slot2_6@gpu4000.chtc.wisc.edu
	AvailableGPUs = { GPUs_GPU_446491ee }
	CondorScratchDir = "/var/lib/condor/execute/slot2/dir_4134824/scratch"
	Cpus = 1
	Disk = 16777216
	GPUs = 1
	GPUs_GPU_446491ee = [ Id = "GPU-446491ee"; Capability = 8.9; DeviceName = "NVIDIA L40"; DeviceUuid = "446491ee-8bae-af13-9de2-63ba0ff9b62e"; ECCEnabled = true; NvidiaDriver = "570.195.03"; DriverVersion = 12.8; DevicePciBusId = "0000:CE:00.0"; GlobalMemoryMb = 45468; MaxSupportedVersion = 12080 ]
	IoHeavy = 0
	Memory = 16384
...
006 (8017966.631.000) 2026-06-21 03:25:11 Image size of job updated: 398752
	390  -  MemoryUsage of job (MB)
	398752  -  ResidentSetSize of job (KB)
...
006 (8017966.631.000) 2026-06-21 03:30:11 Image size of job updated: 956288
	933  -  MemoryUsage of job (MB)
	954468  -  ResidentSetSize of job (KB)
...
006 (8017966.631.000) 2026-06-21 03:35:12 Image size of job updated: 958052
	936  -  MemoryUsage of job (MB)
	958052  -  ResidentSetSize of job (KB)
...
006 (8017966.631.000) 2026-06-21 03:40:12 Image size of job updated: 965216
	943  -  MemoryUsage of job (MB)
	965216  -  ResidentSetSize of job (KB)
...
006 (8017966.631.000) 2026-06-21 03:45:12 Image size of job updated: 970788
	949  -  MemoryUsage of job (MB)
	970788  -  ResidentSetSize of job (KB)
...
006 (8017966.631.000) 2026-06-21 03:50:13 Image size of job updated: 978192
	956  -  MemoryUsage of job (MB)
	978192  -  ResidentSetSize of job (KB)
...
006 (8017966.631.000) 2026-06-21 03:55:13 Image size of job updated: 984140
	962  -  MemoryUsage of job (MB)
	984140  -  ResidentSetSize of job (KB)
...
006 (8017966.631.000) 2026-06-21 04:00:14 Image size of job updated: 989044
	962  -  MemoryUsage of job (MB)
	984140  -  ResidentSetSize of job (KB)
...
040 (8017966.631.000) 2026-06-21 04:02:09 Started transferring output files
...
040 (8017966.631.000) 2026-06-21 04:02:09 Finished transferring output files
...
005 (8017966.631.000) 2026-06-21 04:02:10 Job terminated.
	(1) Normal termination (return value 0)
		Usr 0 00:37:35, Sys 0 00:13:34  -  Run Remote Usage
		Usr 0 00:00:00, Sys 0 00:00:00  -  Run Local Usage
		Usr 0 00:37:35, Sys 0 00:13:34  -  Total Remote Usage
		Usr 0 00:00:00, Sys 0 00:00:00  -  Total Local Usage
	2852845  -  Run Bytes Sent By Job
	2781741841  -  Run Bytes Received By Job
	2852845  -  Total Bytes Sent By Job
	2781741841  -  Total Bytes Received By Job
	Partitionable Resources :      Usage  Request Allocated Assigned
	   Cpus                 :       1.00        1         1 
	   Disk (KB)            : 2729456    16777216  16777216 
	   GPUs                 :       0.83        1         1 "GPU-446491ee"
	   GpusMemory (MB)      :    6770                       
	   IoHeavy              :                             0 
	   Memory (MB)          :     962       16384     16384 
	   TimeExecute (s)      :    2226                       
	   TimeSlotBusy (s)     :    2238                       
...
