000 (8017966.075.000) 2026-06-20 22:07:54 Job submitted from host: <128.105.68.112:9618?addrs=128.105.68.112-9618+[2607-f388-2200-100-eaeb-d3ff-fea3-4202]-9618&alias=ap2001.chtc.wisc.edu&noUDP&sock=schedd_4071840_2329>
...
040 (8017966.075.000) 2026-06-20 22:59:53 Started transferring input files
	Transferring to host: <141.142.150.78:14915?CCBID=128.105.82.148:9618%3faddrs%3d128.105.82.148-9618+[2607-f388-2200-9d-7ccb-bc08-2489-768a]-9618%26alias%3dospool-ccb.osg.chtc.io%26noUDP%26sock%3dcollector5#4285077%2067.58.49.91:9618%3faddrs%3d67.58.49.91-9618+[fdf0-17b3-c3ec-1f79-10-0-e-b69d]-9618%26alias%3dccb-2.ospool.osg-htc.org%26noUDP%26sock%3dcollector9#4285107&PrivNet=rails08&addrs=141.142.150.78-14915&alias=rails08&noUDP>
...
040 (8017966.075.000) 2026-06-20 23:00:07 Finished transferring input files
...
021 (8017966.075.000) 2026-06-20 23:00:07 Message from starter on slot1_1@glidein_2321456_83795348@rails08:
	PREPARE_JOB (prepare-hook) succeeded (reported status 000): Using Singularity image openfe_1.11.1.sif
...
001 (8017966.075.000) 2026-06-20 23:00:07 Job executing on host: <141.142.150.78:7389?CCBID=128.105.82.148:9618%3faddrs%3d128.105.82.148-9618+[2607-f388-2200-9d-7ccb-bc08-2489-768a]-9618%26alias%3dospool-ccb.osg.chtc.io%26noUDP%26sock%3dcollector2#4279596%2067.58.49.91:9618%3faddrs%3d67.58.49.91-9618+[fdf0-17b3-c3ec-1f79-10-0-e-b69d]-9618%26alias%3dccb-2.ospool.osg-htc.org%26noUDP%26sock%3dcollector4#4270678&PrivNet=rails08&addrs=141.142.150.78-7389&alias=rails08&noUDP>
	SlotName: slot1_1@glidein_2321456_83795348@rails08
	AvailableGPUs = { GPUs_GPU_dd1f2348 }
	CondorScratchDir = "/projects/bcxl/svcosguser/glide_D2emVB/execute/dir_2522243/scratch"
	Cpus = 1
	Disk = 16777216
	GPUs = 1
	GPUs_GPU_dd1f2348 = [ Id = "GPU-dd1f2348"; ClockMhz = 1410.0; Capability = 8.0; CoresPerCU = 64; DeviceName = "NVIDIA A100 80GB PCIe"; DeviceUuid = "dd1f2348-dfce-729a-0634-6cd5695d45b2"; ECCEnabled = true; ComputeUnits = 108; NvidiaDriver = "590.48.01"; DriverVersion = 13.1; DevicePciBusId = "0000:21:00.0"; GlobalMemoryMb = 81153; MaxSupportedVersion = 13010 ]
	Memory = 16384
...
006 (8017966.075.000) 2026-06-20 23:00:17 Image size of job updated: 4151584
	99  -  MemoryUsage of job (MB)
	101328  -  ResidentSetSize of job (KB)
...
006 (8017966.075.000) 2026-06-20 23:05:18 Image size of job updated: 43687960
	2375  -  MemoryUsage of job (MB)
	2431240  -  ResidentSetSize of job (KB)
...
006 (8017966.075.000) 2026-06-20 23:10:18 Image size of job updated: 43689732
	2376  -  MemoryUsage of job (MB)
	2432052  -  ResidentSetSize of job (KB)
...
006 (8017966.075.000) 2026-06-20 23:15:19 Image size of job updated: 43693768
	2384  -  MemoryUsage of job (MB)
	2440204  -  ResidentSetSize of job (KB)
...
006 (8017966.075.000) 2026-06-20 23:20:19 Image size of job updated: 43696632
	2387  -  MemoryUsage of job (MB)
	2444016  -  ResidentSetSize of job (KB)
...
006 (8017966.075.000) 2026-06-20 23:25:19 Image size of job updated: 43702072
	2393  -  MemoryUsage of job (MB)
	2450052  -  ResidentSetSize of job (KB)
...
004 (8017966.075.000) 2026-06-20 23:26:37 Job was evicted. Code 1013 Subcode 0
	(0) CPU times
		Usr 0 00:26:28, Sys 0 00:09:14  -  Run Remote Usage
		Usr 0 00:00:00, Sys 0 00:00:00  -  Run Local Usage
	0  -  Run Bytes Sent By Job
	2781831617  -  Run Bytes Received By Job
	Reason: Startd was shutdown
	Partitionable Resources :      Usage  Request Allocated Assigned
	   Cpus                 :       1.38        1         1 
	   Disk (KB)            : 2723461    16777216  16777216 
	   GPUs                 :       0.84        1         1 "GPU-dd1f2348"
	   GpusMemory (MB)      :    6801                       
	   Memory (MB)          :    2393       16384     16384 
	   TimeExecute (s)      :    1590                       
	   TimeSlotBusy (s)     :    1605                       
...
040 (8017966.075.000) 2026-06-20 23:26:47 Started transferring input files
	Transferring to host: <128.105.69.3:9618?addrs=128.105.69.3-9618+[2607-f388-2200-100-7ec2-55ff-fe46-28f2]-9618&alias=gpu4002.chtc.wisc.edu&noUDP&sock=slot1_2_12744_0cff_3297>
...
040 (8017966.075.000) 2026-06-20 23:28:40 Finished transferring input files
...
001 (8017966.075.000) 2026-06-20 23:28:40 Job executing on host: <128.105.69.3:9618?addrs=128.105.69.3-9618+[2607-f388-2200-100-7ec2-55ff-fe46-28f2]-9618&alias=gpu4002.chtc.wisc.edu&noUDP&sock=startd_11312_ab69>
	SlotName: slot1_2@gpu4002.chtc.wisc.edu
	AvailableGPUs = { GPUs_GPU_2e13e217 }
	CondorScratchDir = "/var/lib/condor/execute/slot1/dir_2736290/scratch"
	Cpus = 1
	Disk = 16777216
	GPUs = 1
	GPUs_GPU_2e13e217 = [ Id = "GPU-2e13e217"; Capability = 8.9; DeviceName = "NVIDIA L40"; DeviceUuid = "2e13e217-6059-f8d1-c6e6-c4cc399ca285"; ECCEnabled = true; NvidiaDriver = "570.195.03"; DriverVersion = 12.8; DevicePciBusId = "0000:53:00.0"; GlobalMemoryMb = 45468; MaxSupportedVersion = 12080 ]
	IoHeavy = 0
	Memory = 16384
...
040 (8017966.075.000) 2026-06-20 23:28:54 Started transferring output files
...
040 (8017966.075.000) 2026-06-20 23:28:54 Finished transferring output files
...
004 (8017966.075.000) 2026-06-20 23:28:55 Job was evicted.
	(0) Job terminated and was requeued
		Usr 0 00:00:11, Sys 0 00:00:01  -  Run Remote Usage
		Usr 0 00:00:00, Sys 0 00:00:00  -  Run Local Usage
	488195  -  Run Bytes Sent By Job
	2781831617  -  Run Bytes Received By Job
	(1) Normal termination (return value 1)
	The job attribute OnExitRemove expression 'NumJobCompletions > JobMaxRetries || ExitCode =?= 0' evaluated to FALSE
...
040 (8017966.075.000) 2026-06-20 23:29:05 Started transferring input files
	Transferring to host: <128.105.69.3:9618?addrs=128.105.69.3-9618+[2607-f388-2200-100-7ec2-55ff-fe46-28f2]-9618&alias=gpu4002.chtc.wisc.edu&noUDP&sock=slot1_2_12744_0cff_3309>
...
040 (8017966.075.000) 2026-06-20 23:29:17 Finished transferring input files
...
001 (8017966.075.000) 2026-06-20 23:29:17 Job executing on host: <128.105.69.3:9618?addrs=128.105.69.3-9618+[2607-f388-2200-100-7ec2-55ff-fe46-28f2]-9618&alias=gpu4002.chtc.wisc.edu&noUDP&sock=startd_11312_ab69>
	SlotName: slot1_2@gpu4002.chtc.wisc.edu
	AvailableGPUs = { GPUs_GPU_2e13e217 }
	CondorScratchDir = "/var/lib/condor/execute/slot1/dir_2738280/scratch"
	Cpus = 1
	Disk = 16777216
	GPUs = 1
	GPUs_GPU_2e13e217 = [ Id = "GPU-2e13e217"; Capability = 8.9; DeviceName = "NVIDIA L40"; DeviceUuid = "2e13e217-6059-f8d1-c6e6-c4cc399ca285"; ECCEnabled = true; NvidiaDriver = "570.195.03"; DriverVersion = 12.8; DevicePciBusId = "0000:53:00.0"; GlobalMemoryMb = 45468; MaxSupportedVersion = 12080 ]
	IoHeavy = 0
	Memory = 16384
...
040 (8017966.075.000) 2026-06-20 23:29:20 Started transferring output files
...
040 (8017966.075.000) 2026-06-20 23:29:20 Finished transferring output files
...
004 (8017966.075.000) 2026-06-20 23:29:20 Job was evicted.
	(0) Job terminated and was requeued
		Usr 0 00:00:02, Sys 0 00:00:00  -  Run Remote Usage
		Usr 0 00:00:00, Sys 0 00:00:00  -  Run Local Usage
	483547  -  Run Bytes Sent By Job
	2782314672  -  Run Bytes Received By Job
	(1) Normal termination (return value 2)
	The job attribute OnExitRemove expression 'NumJobCompletions > JobMaxRetries || ExitCode =?= 0' evaluated to FALSE
...
040 (8017966.075.000) 2026-06-20 23:30:55 Started transferring input files
	Transferring to host: <10.226.104.219:37393?CCBID=128.105.82.148:9618%3faddrs%3d128.105.82.148-9618+[2607-f388-2200-9d-7ccb-bc08-2489-768a]-9618%26alias%3dospool-ccb.osg.chtc.io%26noUDP%26sock%3dcollector7#4287374%2067.58.49.91:9618%3faddrs%3d67.58.49.91-9618+[fdf0-17b3-c3ec-1f79-10-0-e-b69d]-9618%26alias%3dccb-2.ospool.osg-htc.org%26noUDP%26sock%3dcollector5#4285328&PrivNet=gpu019.rci.montana.edu&addrs=10.226.104.219-37393&alias=gpu019.rci.montana.edu&noUDP>
...
040 (8017966.075.000) 2026-06-20 23:32:37 Finished transferring input files
...
021 (8017966.075.000) 2026-06-20 23:32:43 Message from starter on slot1_1@glidein_101317_353355080@gpu019.rci.montana.edu:
	PREPARE_JOB (prepare-hook) succeeded (reported status 000): Using Singularity image openfe_1.11.1.sif
...
001 (8017966.075.000) 2026-06-20 23:32:43 Job executing on host: <10.226.104.219:41903?CCBID=128.105.82.148:9618%3faddrs%3d128.105.82.148-9618+[2607-f388-2200-9d-7ccb-bc08-2489-768a]-9618%26alias%3dospool-ccb.osg.chtc.io%26noUDP%26sock%3dcollector4#4267546%2067.58.49.91:9618%3faddrs%3d67.58.49.91-9618+[fdf0-17b3-c3ec-1f79-10-0-e-b69d]-9618%26alias%3dccb-2.ospool.osg-htc.org%26noUDP%26sock%3dcollector4#4257387&PrivNet=gpu019.rci.montana.edu&addrs=10.226.104.219-41903&alias=gpu019.rci.montana.edu&noUDP>
	SlotName: slot1_1@glidein_101317_353355080@gpu019.rci.montana.edu
	AvailableGPUs = { GPUs_GPU_003e2ddb }
	CondorScratchDir = "/tmp/jobs/4093257/glide_O0WDuK/execute/dir_1392560/scratch"
	Cpus = 1
	Disk = 16777216
	GPUs = 1
	GPUs_GPU_003e2ddb = [ Id = "GPU-003e2ddb"; ClockMhz = 1980.0; Capability = 9.0; CoresPerCU = 128; DeviceName = "NVIDIA H100 80GB HBM3"; DeviceUuid = "003e2ddb-7109-4852-a67d-8760c2e08dff"; ECCEnabled = true; ComputeUnits = 132; NvidiaDriver = "595.71.05"; DriverVersion = 13.2; DevicePciBusId = "0000:DB:00.0"; GlobalMemoryMb = 81081; MaxSupportedVersion = 13020 ]
	Memory = 16384
...
040 (8017966.075.000) 2026-06-20 23:32:52 Started transferring output files
...
040 (8017966.075.000) 2026-06-20 23:32:52 Finished transferring output files
...
004 (8017966.075.000) 2026-06-20 23:32:53 Job was evicted.
	(0) Job terminated and was requeued
		Usr 0 00:00:00, Sys 0 00:00:00  -  Run Remote Usage
		Usr 0 00:00:00, Sys 0 00:00:00  -  Run Local Usage
	483575  -  Run Bytes Sent By Job
	2782314672  -  Run Bytes Received By Job
	(1) Normal termination (return value 2)
	The job attribute OnExitRemove expression 'NumJobCompletions > JobMaxRetries || ExitCode =?= 0' evaluated to FALSE
...
040 (8017966.075.000) 2026-06-20 23:33:05 Started transferring input files
	Transferring to host: <128.105.68.103:9618?addrs=128.105.68.103-9618+[2607-f388-2200-100-1270-fdff-fe74-930]-9618&alias=gpu2011.chtc.wisc.edu&noUDP&sock=slot2_2_3669582_3c1f_85242>
...
040 (8017966.075.000) 2026-06-20 23:33:19 Finished transferring input files
...
001 (8017966.075.000) 2026-06-20 23:33:19 Job executing on host: <128.105.68.103:9618?addrs=128.105.68.103-9618+[2607-f388-2200-100-1270-fdff-fe74-930]-9618&alias=gpu2011.chtc.wisc.edu&noUDP&sock=startd_12054_9eaf>
	SlotName: slot2_2@gpu2011.chtc.wisc.edu
	AvailableGPUs = { GPUs_MIG_25b92ee8_5c00_5bbc_a674_ac7ab456da1e }
	CondorScratchDir = "/var/lib/condor/execute/slot2/dir_2804965/scratch"
	Cpus = 1
	Disk = 16777216
	GPUs = 1
	GPUs_MIG_25b92ee8_5c00_5bbc_a674_ac7ab456da1e = [ Id = "MIG-25b92ee8-5c00-5bbc-a674-ac7ab456da1e"; Capability = 8.0; DeviceName = "NVIDIA A100-SXM4-80GB MIG 3g.40gb"; DeviceUuid = "MIG-25b92ee8-5c00-5bbc-a674-ac7ab456da1e"; ECCEnabled = true; NvidiaDriver = "570.195.03"; DriverVersion = 12.8; DevicePciBusId = "0000:81:00.0"; GlobalMemoryMb = 40100; MaxSupportedVersion = 12080 ]
	IoHeavy = 0
	Memory = 16384
...
040 (8017966.075.000) 2026-06-20 23:33:23 Started transferring output files
...
040 (8017966.075.000) 2026-06-20 23:33:23 Finished transferring output files
...
004 (8017966.075.000) 2026-06-20 23:33:23 Job was evicted.
	(0) Job terminated and was requeued
		Usr 0 00:00:01, Sys 0 00:00:01  -  Run Remote Usage
		Usr 0 00:00:00, Sys 0 00:00:00  -  Run Local Usage
	483557  -  Run Bytes Sent By Job
	2782314672  -  Run Bytes Received By Job
	(1) Normal termination (return value 2)
	The job attribute OnExitRemove expression 'NumJobCompletions > JobMaxRetries || ExitCode =?= 0' evaluated to FALSE
...
040 (8017966.075.000) 2026-06-20 23:33:30 Started transferring input files
	Transferring to host: <128.105.68.103:9618?addrs=128.105.68.103-9618+[2607-f388-2200-100-1270-fdff-fe74-930]-9618&alias=gpu2011.chtc.wisc.edu&noUDP&sock=slot2_2_3669582_3c1f_85243>
...
040 (8017966.075.000) 2026-06-20 23:33:45 Finished transferring input files
...
001 (8017966.075.000) 2026-06-20 23:33:45 Job executing on host: <128.105.68.103:9618?addrs=128.105.68.103-9618+[2607-f388-2200-100-1270-fdff-fe74-930]-9618&alias=gpu2011.chtc.wisc.edu&noUDP&sock=startd_12054_9eaf>
	SlotName: slot2_2@gpu2011.chtc.wisc.edu
	AvailableGPUs = { GPUs_MIG_25b92ee8_5c00_5bbc_a674_ac7ab456da1e }
	CondorScratchDir = "/var/lib/condor/execute/slot2/dir_2805473/scratch"
	Cpus = 1
	Disk = 16777216
	GPUs = 1
	GPUs_MIG_25b92ee8_5c00_5bbc_a674_ac7ab456da1e = [ Id = "MIG-25b92ee8-5c00-5bbc-a674-ac7ab456da1e"; Capability = 8.0; DeviceName = "NVIDIA A100-SXM4-80GB MIG 3g.40gb"; DeviceUuid = "MIG-25b92ee8-5c00-5bbc-a674-ac7ab456da1e"; ECCEnabled = true; NvidiaDriver = "570.195.03"; DriverVersion = 12.8; DevicePciBusId = "0000:81:00.0"; GlobalMemoryMb = 40100; MaxSupportedVersion = 12080 ]
	IoHeavy = 0
	Memory = 16384
...
040 (8017966.075.000) 2026-06-20 23:33:49 Started transferring output files
...
040 (8017966.075.000) 2026-06-20 23:33:49 Finished transferring output files
...
004 (8017966.075.000) 2026-06-20 23:33:49 Job was evicted.
	(0) Job terminated and was requeued
		Usr 0 00:00:01, Sys 0 00:00:01  -  Run Remote Usage
		Usr 0 00:00:00, Sys 0 00:00:00  -  Run Local Usage
	483557  -  Run Bytes Sent By Job
	2782314672  -  Run Bytes Received By Job
	(1) Normal termination (return value 2)
	The job attribute OnExitRemove expression 'NumJobCompletions > JobMaxRetries || ExitCode =?= 0' evaluated to FALSE
...
040 (8017966.075.000) 2026-06-20 23:33:56 Started transferring input files
	Transferring to host: <128.105.68.103:9618?addrs=128.105.68.103-9618+[2607-f388-2200-100-1270-fdff-fe74-930]-9618&alias=gpu2011.chtc.wisc.edu&noUDP&sock=slot2_2_3669582_3c1f_85244>
...
040 (8017966.075.000) 2026-06-20 23:34:12 Finished transferring input files
...
001 (8017966.075.000) 2026-06-20 23:34:12 Job executing on host: <128.105.68.103:9618?addrs=128.105.68.103-9618+[2607-f388-2200-100-1270-fdff-fe74-930]-9618&alias=gpu2011.chtc.wisc.edu&noUDP&sock=startd_12054_9eaf>
	SlotName: slot2_2@gpu2011.chtc.wisc.edu
	AvailableGPUs = { GPUs_MIG_25b92ee8_5c00_5bbc_a674_ac7ab456da1e }
	CondorScratchDir = "/var/lib/condor/execute/slot2/dir_2806003/scratch"
	Cpus = 1
	Disk = 16777216
	GPUs = 1
	GPUs_MIG_25b92ee8_5c00_5bbc_a674_ac7ab456da1e = [ Id = "MIG-25b92ee8-5c00-5bbc-a674-ac7ab456da1e"; Capability = 8.0; DeviceName = "NVIDIA A100-SXM4-80GB MIG 3g.40gb"; DeviceUuid = "MIG-25b92ee8-5c00-5bbc-a674-ac7ab456da1e"; ECCEnabled = true; NvidiaDriver = "570.195.03"; DriverVersion = 12.8; DevicePciBusId = "0000:81:00.0"; GlobalMemoryMb = 40100; MaxSupportedVersion = 12080 ]
	IoHeavy = 0
	Memory = 16384
...
040 (8017966.075.000) 2026-06-20 23:34:15 Started transferring output files
...
040 (8017966.075.000) 2026-06-20 23:34:15 Finished transferring output files
...
004 (8017966.075.000) 2026-06-20 23:34:15 Job was evicted.
	(0) Job terminated and was requeued
		Usr 0 00:00:01, Sys 0 00:00:01  -  Run Remote Usage
		Usr 0 00:00:00, Sys 0 00:00:00  -  Run Local Usage
	483557  -  Run Bytes Sent By Job
	2782314672  -  Run Bytes Received By Job
	(1) Normal termination (return value 2)
	The job attribute OnExitRemove expression 'NumJobCompletions > JobMaxRetries || ExitCode =?= 0' evaluated to FALSE
...
040 (8017966.075.000) 2026-06-20 23:34:23 Started transferring input files
	Transferring to host: <128.105.68.103:9618?addrs=128.105.68.103-9618+[2607-f388-2200-100-1270-fdff-fe74-930]-9618&alias=gpu2011.chtc.wisc.edu&noUDP&sock=slot2_2_3669582_3c1f_85245>
...
040 (8017966.075.000) 2026-06-20 23:34:37 Finished transferring input files
...
001 (8017966.075.000) 2026-06-20 23:34:37 Job executing on host: <128.105.68.103:9618?addrs=128.105.68.103-9618+[2607-f388-2200-100-1270-fdff-fe74-930]-9618&alias=gpu2011.chtc.wisc.edu&noUDP&sock=startd_12054_9eaf>
	SlotName: slot2_2@gpu2011.chtc.wisc.edu
	AvailableGPUs = { GPUs_MIG_25b92ee8_5c00_5bbc_a674_ac7ab456da1e }
	CondorScratchDir = "/var/lib/condor/execute/slot2/dir_2806508/scratch"
	Cpus = 1
	Disk = 16777216
	GPUs = 1
	GPUs_MIG_25b92ee8_5c00_5bbc_a674_ac7ab456da1e = [ Id = "MIG-25b92ee8-5c00-5bbc-a674-ac7ab456da1e"; Capability = 8.0; DeviceName = "NVIDIA A100-SXM4-80GB MIG 3g.40gb"; DeviceUuid = "MIG-25b92ee8-5c00-5bbc-a674-ac7ab456da1e"; ECCEnabled = true; NvidiaDriver = "570.195.03"; DriverVersion = 12.8; DevicePciBusId = "0000:81:00.0"; GlobalMemoryMb = 40100; MaxSupportedVersion = 12080 ]
	IoHeavy = 0
	Memory = 16384
...
040 (8017966.075.000) 2026-06-20 23:34:41 Started transferring output files
...
040 (8017966.075.000) 2026-06-20 23:34:41 Finished transferring output files
...
004 (8017966.075.000) 2026-06-20 23:34:41 Job was evicted.
	(0) Job terminated and was requeued
		Usr 0 00:00:02, Sys 0 00:00:00  -  Run Remote Usage
		Usr 0 00:00:00, Sys 0 00:00:00  -  Run Local Usage
	483557  -  Run Bytes Sent By Job
	2782314672  -  Run Bytes Received By Job
	(1) Normal termination (return value 2)
	The job attribute OnExitRemove expression 'NumJobCompletions > JobMaxRetries || ExitCode =?= 0' evaluated to FALSE
...
040 (8017966.075.000) 2026-06-20 23:34:50 Started transferring input files
	Transferring to host: <128.105.68.103:9618?addrs=128.105.68.103-9618+[2607-f388-2200-100-1270-fdff-fe74-930]-9618&alias=gpu2011.chtc.wisc.edu&noUDP&sock=slot2_2_3669582_3c1f_85246>
...
040 (8017966.075.000) 2026-06-20 23:35:03 Finished transferring input files
...
001 (8017966.075.000) 2026-06-20 23:35:03 Job executing on host: <128.105.68.103:9618?addrs=128.105.68.103-9618+[2607-f388-2200-100-1270-fdff-fe74-930]-9618&alias=gpu2011.chtc.wisc.edu&noUDP&sock=startd_12054_9eaf>
	SlotName: slot2_2@gpu2011.chtc.wisc.edu
	AvailableGPUs = { GPUs_MIG_25b92ee8_5c00_5bbc_a674_ac7ab456da1e }
	CondorScratchDir = "/var/lib/condor/execute/slot2/dir_2807029/scratch"
	Cpus = 1
	Disk = 16777216
	GPUs = 1
	GPUs_MIG_25b92ee8_5c00_5bbc_a674_ac7ab456da1e = [ Id = "MIG-25b92ee8-5c00-5bbc-a674-ac7ab456da1e"; Capability = 8.0; DeviceName = "NVIDIA A100-SXM4-80GB MIG 3g.40gb"; DeviceUuid = "MIG-25b92ee8-5c00-5bbc-a674-ac7ab456da1e"; ECCEnabled = true; NvidiaDriver = "570.195.03"; DriverVersion = 12.8; DevicePciBusId = "0000:81:00.0"; GlobalMemoryMb = 40100; MaxSupportedVersion = 12080 ]
	IoHeavy = 0
	Memory = 16384
...
040 (8017966.075.000) 2026-06-20 23:35:06 Started transferring output files
...
040 (8017966.075.000) 2026-06-20 23:35:06 Finished transferring output files
...
004 (8017966.075.000) 2026-06-20 23:35:07 Job was evicted.
	(0) Job terminated and was requeued
		Usr 0 00:00:02, Sys 0 00:00:01  -  Run Remote Usage
		Usr 0 00:00:00, Sys 0 00:00:00  -  Run Local Usage
	483557  -  Run Bytes Sent By Job
	2782314672  -  Run Bytes Received By Job
	(1) Normal termination (return value 2)
	The job attribute OnExitRemove expression 'NumJobCompletions > JobMaxRetries || ExitCode =?= 0' evaluated to FALSE
...
040 (8017966.075.000) 2026-06-20 23:35:11 Started transferring input files
	Transferring to host: <128.105.68.103:9618?addrs=128.105.68.103-9618+[2607-f388-2200-100-1270-fdff-fe74-930]-9618&alias=gpu2011.chtc.wisc.edu&noUDP&sock=slot2_2_3669582_3c1f_85250>
...
040 (8017966.075.000) 2026-06-20 23:35:26 Finished transferring input files
...
001 (8017966.075.000) 2026-06-20 23:35:26 Job executing on host: <128.105.68.103:9618?addrs=128.105.68.103-9618+[2607-f388-2200-100-1270-fdff-fe74-930]-9618&alias=gpu2011.chtc.wisc.edu&noUDP&sock=startd_12054_9eaf>
	SlotName: slot2_2@gpu2011.chtc.wisc.edu
	AvailableGPUs = { GPUs_MIG_25b92ee8_5c00_5bbc_a674_ac7ab456da1e }
	CondorScratchDir = "/var/lib/condor/execute/slot2/dir_2807595/scratch"
	Cpus = 1
	Disk = 16777216
	GPUs = 1
	GPUs_MIG_25b92ee8_5c00_5bbc_a674_ac7ab456da1e = [ Id = "MIG-25b92ee8-5c00-5bbc-a674-ac7ab456da1e"; Capability = 8.0; DeviceName = "NVIDIA A100-SXM4-80GB MIG 3g.40gb"; DeviceUuid = "MIG-25b92ee8-5c00-5bbc-a674-ac7ab456da1e"; ECCEnabled = true; NvidiaDriver = "570.195.03"; DriverVersion = 12.8; DevicePciBusId = "0000:81:00.0"; GlobalMemoryMb = 40100; MaxSupportedVersion = 12080 ]
	IoHeavy = 0
	Memory = 16384
...
040 (8017966.075.000) 2026-06-20 23:35:30 Started transferring output files
...
040 (8017966.075.000) 2026-06-20 23:35:30 Finished transferring output files
...
004 (8017966.075.000) 2026-06-20 23:35:30 Job was evicted.
	(0) Job terminated and was requeued
		Usr 0 00:00:01, Sys 0 00:00:01  -  Run Remote Usage
		Usr 0 00:00:00, Sys 0 00:00:00  -  Run Local Usage
	483557  -  Run Bytes Sent By Job
	2782314672  -  Run Bytes Received By Job
	(1) Normal termination (return value 2)
	The job attribute OnExitRemove expression 'NumJobCompletions > JobMaxRetries || ExitCode =?= 0' evaluated to FALSE
...
040 (8017966.075.000) 2026-06-20 23:35:32 Started transferring input files
	Transferring to host: <128.105.68.124:9618?addrs=128.105.68.124-9618+[2607-f388-2200-100-7ec2-55ff-fe99-a508]-9618&alias=dsigpu4001.chtc.wisc.edu&noUDP&sock=slot2_10_205874_9b6d_80653>
...
040 (8017966.075.000) 2026-06-20 23:36:06 Finished transferring input files
...
001 (8017966.075.000) 2026-06-20 23:36:06 Job executing on host: <128.105.68.124:9618?addrs=128.105.68.124-9618+[2607-f388-2200-100-7ec2-55ff-fe99-a508]-9618&alias=dsigpu4001.chtc.wisc.edu&noUDP&sock=startd_10787_9031>
	SlotName: slot2_10@dsigpu4001.chtc.wisc.edu
	AvailableGPUs = { GPUs_GPU_a6884cc7 }
	CondorScratchDir = "/var/lib/condor/execute/slot2/dir_2268981/scratch"
	Cpus = 1
	Disk = 16777216
	GPUs = 1
	GPUs_GPU_a6884cc7 = [ Id = "GPU-a6884cc7"; Capability = 8.9; DeviceName = "NVIDIA L40"; DeviceUuid = "a6884cc7-3a99-c3dc-73ba-2983dd2049bd"; ECCEnabled = true; NvidiaDriver = "570.195.03"; DriverVersion = 12.8; DevicePciBusId = "0000:D6:00.0"; GlobalMemoryMb = 45468; MaxSupportedVersion = 12080 ]
	IoHeavy = 0
	Memory = 16384
...
040 (8017966.075.000) 2026-06-20 23:36:09 Started transferring output files
...
040 (8017966.075.000) 2026-06-20 23:36:09 Finished transferring output files
...
004 (8017966.075.000) 2026-06-20 23:36:10 Job was evicted.
	(0) Job terminated and was requeued
		Usr 0 00:00:02, Sys 0 00:00:00  -  Run Remote Usage
		Usr 0 00:00:00, Sys 0 00:00:00  -  Run Local Usage
	483560  -  Run Bytes Sent By Job
	2782314672  -  Run Bytes Received By Job
	(1) Normal termination (return value 2)
	The job attribute OnExitRemove expression 'NumJobCompletions > JobMaxRetries || ExitCode =?= 0' evaluated to FALSE
...
040 (8017966.075.000) 2026-06-20 23:36:18 Started transferring input files
	Transferring to host: <128.105.69.3:9618?addrs=128.105.69.3-9618+[2607-f388-2200-100-7ec2-55ff-fe46-28f2]-9618&alias=gpu4002.chtc.wisc.edu&noUDP&sock=slot1_2_12744_0cff_3321>
...
040 (8017966.075.000) 2026-06-20 23:36:31 Finished transferring input files
...
001 (8017966.075.000) 2026-06-20 23:36:31 Job executing on host: <128.105.69.3:9618?addrs=128.105.69.3-9618+[2607-f388-2200-100-7ec2-55ff-fe46-28f2]-9618&alias=gpu4002.chtc.wisc.edu&noUDP&sock=startd_11312_ab69>
	SlotName: slot1_2@gpu4002.chtc.wisc.edu
	AvailableGPUs = { GPUs_GPU_2e13e217 }
	CondorScratchDir = "/var/lib/condor/execute/slot1/dir_2742031/scratch"
	Cpus = 1
	Disk = 16777216
	GPUs = 1
	GPUs_GPU_2e13e217 = [ Id = "GPU-2e13e217"; Capability = 8.9; DeviceName = "NVIDIA L40"; DeviceUuid = "2e13e217-6059-f8d1-c6e6-c4cc399ca285"; ECCEnabled = true; NvidiaDriver = "570.195.03"; DriverVersion = 12.8; DevicePciBusId = "0000:53:00.0"; GlobalMemoryMb = 45468; MaxSupportedVersion = 12080 ]
	IoHeavy = 0
	Memory = 16384
...
040 (8017966.075.000) 2026-06-20 23:36:34 Started transferring output files
...
040 (8017966.075.000) 2026-06-20 23:36:34 Finished transferring output files
...
005 (8017966.075.000) 2026-06-20 23:36:35 Job terminated.
	(1) Normal termination (return value 2)
		Usr 0 00:00:02, Sys 0 00:00:00  -  Run Remote Usage
		Usr 0 00:00:00, Sys 0 00:00:00  -  Run Local Usage
		Usr 0 00:26:53, Sys 0 00:09:20  -  Total Remote Usage
		Usr 0 00:00:00, Sys 0 00:00:00  -  Total Local Usage
	483547  -  Run Bytes Sent By Job
	2782314672  -  Run Bytes Received By Job
	5323766  -  Total Bytes Sent By Job
	33386809954  -  Total Bytes Received By Job
	Partitionable Resources :      Usage  Request Allocated Assigned
	   Cpus                 :       0           1         1 
	   Disk (KB)            : 2717141    16777216  16777216 
	   GPUs                 :       0.84        1         1 "GPU-2e13e217"
	   IoHeavy              :                             0 
	   Memory (MB)          :    2442       16384     16384 
	   TimeExecute (s)      :       3                       
	   TimeSlotBusy (s)     :      16                       
...
