000 (8180963.023.000) 2026-06-24 12:19:47 Job submitted from host: <128.105.68.112:9618?addrs=128.105.68.112-9618+[2607-f388-2200-100-eaeb-d3ff-fea3-4202]-9618&alias=ap2001.chtc.wisc.edu&noUDP&sock=schedd_4071840_2329>
...
040 (8180963.023.000) 2026-06-24 12:31:05 Started transferring input files
	Transferring to host: <128.104.100.17:9618?addrs=128.104.100.17-9618+[2607-f388-107c-501-527c-6fff-fe66-e9bc]-9618&alias=jcaicedogpu0002.chtc.wisc.edu&noUDP&sock=backfill1_4_2855957_d182_100496>
...
040 (8180963.023.000) 2026-06-24 12:31:09 Finished transferring input files
...
022 (8180963.023.000) 2026-06-24 12:31:09 Job disconnected, attempting to reconnect
    Socket between submit and execute hosts closed unexpectedly
    Trying to reconnect to backfill1_4@jcaicedogpu0002.chtc.wisc.edu <128.104.100.17:9618?addrs=128.104.100.17-9618+[2607-f388-107c-501-527c-6fff-fe66-e9bc]-9618&alias=jcaicedogpu0002.chtc.wisc.edu&noUDP&sock=startd_11788_2a7e>
...
024 (8180963.023.000) 2026-06-24 12:31:09 Job reconnection failed
    Job not found at execution machine
    Can not reconnect to backfill1_4@jcaicedogpu0002.chtc.wisc.edu, rescheduling job
...
004 (8180963.023.000) 2026-06-24 12:31:10 Job was evicted. Code 1008 Subcode 0
	(0) CPU times
		Usr 0 00:00:00, Sys 0 00:00:00  -  Run Remote Usage
		Usr 0 00:00:00, Sys 0 00:00:00  -  Run Local Usage
	0  -  Run Bytes Sent By Job
	0  -  Run Bytes Received By Job
	Reason: Job not found at execution machine
	Partitionable Resources :    Usage  Request Allocated Assigned
	   Cpus                 :     0.13        1         1 
	   Disk (KB)            : 14203    16777216  16777216 
	   GPUs                 :                 1         1 "GPU-8f76f793"
	   IoHeavy              :                           0 
	   Memory (MB)          :             16384     16384 
...
040 (8180963.023.000) 2026-06-24 12:33:49 Started transferring input files
	Transferring to host: <128.104.100.117:9618?addrs=128.104.100.117-9618+[2607-f388-107c-501-8ae9-a4ff-fe02-e150]-9618&alias=jcaicedogpu0003.chtc.wisc.edu&noUDP&sock=backfill1_2_1586877_26eb_110576>
...
040 (8180963.023.000) 2026-06-24 12:33:51 Finished transferring input files
...
022 (8180963.023.000) 2026-06-24 12:33:51 Job disconnected, attempting to reconnect
    Socket between submit and execute hosts closed unexpectedly
    Trying to reconnect to backfill1_2@jcaicedogpu0003.chtc.wisc.edu <128.104.100.117:9618?addrs=128.104.100.117-9618+[2607-f388-107c-501-8ae9-a4ff-fe02-e150]-9618&alias=jcaicedogpu0003.chtc.wisc.edu&noUDP&sock=startd_10874_3cee>
...
024 (8180963.023.000) 2026-06-24 12:33:59 Job reconnection failed
    Job not found at execution machine
    Can not reconnect to backfill1_2@jcaicedogpu0003.chtc.wisc.edu, rescheduling job
...
004 (8180963.023.000) 2026-06-24 12:33:59 Job was evicted. Code 1008 Subcode 0
	(0) CPU times
		Usr 0 00:00:00, Sys 0 00:00:00  -  Run Remote Usage
		Usr 0 00:00:00, Sys 0 00:00:00  -  Run Local Usage
	0  -  Run Bytes Sent By Job
	0  -  Run Bytes Received By Job
	Reason: Job not found at execution machine
	Partitionable Resources :    Usage  Request Allocated Assigned
	   Cpus                 :     0.39        1         1 
	   Disk (KB)            :   860    16777216  16777216 
	   GPUs                 :                 1         1 "GPU-141e67b0"
	   IoHeavy              :                           0 
	   Memory (MB)          :             16384     16384 
...
040 (8180963.023.000) 2026-06-24 12:35:26 Started transferring input files
	Transferring to host: <128.105.68.100:9618?addrs=128.105.68.100-9618+[2607-f388-2200-100-ac0-ebff-fe99-9a48]-9618&alias=gpu2008.chtc.wisc.edu&noUDP&sock=slot2_3_160879_8f27_91390>
...
040 (8180963.023.000) 2026-06-24 12:38:53 Finished transferring input files
...
001 (8180963.023.000) 2026-06-24 12:38:53 Job executing on host: <128.105.68.100:9618?addrs=128.105.68.100-9618+[2607-f388-2200-100-ac0-ebff-fe99-9a48]-9618&alias=gpu2008.chtc.wisc.edu&noUDP&sock=startd_12349_f71f>
	SlotName: slot2_3@gpu2008.chtc.wisc.edu
	AvailableGPUs = { GPUs_GPU_ff708371_0893_0d85_ae2b_0810d095e111 }
	CondorScratchDir = "/var/lib/condor/execute/slot2/dir_1006746/scratch"
	Cpus = 1
	Disk = 16777216
	GPUs = 1
	GPUs_GPU_ff708371_0893_0d85_ae2b_0810d095e111 = [ Id = "GPU-ff708371-0893-0d85-ae2b-0810d095e111"; Capability = 8.0; DeviceName = "NVIDIA A100-SXM4-80GB"; DeviceUuid = "ff708371-0893-0d85-ae2b-0810d095e111"; ECCEnabled = true; NvidiaDriver = "570.195.03"; DriverVersion = 12.8; DevicePciBusId = "0000:81:00.0"; GlobalMemoryMb = 81154; MaxSupportedVersion = 12080 ]
	Memory = 16384
...
006 (8180963.023.000) 2026-06-24 12:39:02 Image size of job updated: 396240
	387  -  MemoryUsage of job (MB)
	396240  -  ResidentSetSize of job (KB)
...
006 (8180963.023.000) 2026-06-24 12:44:02 Image size of job updated: 968600
	945  -  MemoryUsage of job (MB)
	967204  -  ResidentSetSize of job (KB)
...
006 (8180963.023.000) 2026-06-24 12:49:03 Image size of job updated: 968600
	946  -  MemoryUsage of job (MB)
	968416  -  ResidentSetSize of job (KB)
...
006 (8180963.023.000) 2026-06-24 12:54:03 Image size of job updated: 972356
	950  -  MemoryUsage of job (MB)
	972356  -  ResidentSetSize of job (KB)
...
006 (8180963.023.000) 2026-06-24 12:59:04 Image size of job updated: 978280
	956  -  MemoryUsage of job (MB)
	978280  -  ResidentSetSize of job (KB)
...
006 (8180963.023.000) 2026-06-24 13:04:04 Image size of job updated: 983380
	961  -  MemoryUsage of job (MB)
	983380  -  ResidentSetSize of job (KB)
...
006 (8180963.023.000) 2026-06-24 13:09:05 Image size of job updated: 987236
	965  -  MemoryUsage of job (MB)
	987236  -  ResidentSetSize of job (KB)
...
006 (8180963.023.000) 2026-06-24 13:14:05 Image size of job updated: 992992
	970  -  MemoryUsage of job (MB)
	992992  -  ResidentSetSize of job (KB)
...
006 (8180963.023.000) 2026-06-24 13:19:05 Image size of job updated: 998612
	976  -  MemoryUsage of job (MB)
	998612  -  ResidentSetSize of job (KB)
...
006 (8180963.023.000) 2026-06-24 13:24:06 Image size of job updated: 1001988
	976  -  MemoryUsage of job (MB)
	998612  -  ResidentSetSize of job (KB)
...
040 (8180963.023.000) 2026-06-24 13:30:31 Started transferring output files
...
040 (8180963.023.000) 2026-06-24 13:30:31 Finished transferring output files
...
005 (8180963.023.000) 2026-06-24 13:30:32 Job terminated.
	(1) Normal termination (return value 0)
		Usr 0 00:52:01, Sys 0 01:07:53  -  Run Remote Usage
		Usr 0 00:00:00, Sys 0 00:00:00  -  Run Local Usage
		Usr 0 00:52:01, Sys 0 01:07:53  -  Total Remote Usage
		Usr 0 00:00:00, Sys 0 00:00:00  -  Total Local Usage
	1601868  -  Run Bytes Sent By Job
	2673105601  -  Run Bytes Received By Job
	1601868  -  Total Bytes Sent By Job
	2673105601  -  Total Bytes Received By Job
	Partitionable Resources :      Usage  Request Allocated Assigned
	   Cpus                 :       1.00        1         1 
	   Disk (KB)            : 2729377    16777216  16777216 
	   GPUs                 :       0.75        1         1 "GPU-ff708371-0893-0d85-ae2b-0810d095e111"
	   GpusMemory (MB)      :    6780                       
	   Memory (MB)          :     976       16384     16384 
	   TimeExecute (s)      :    3098                       
	   TimeSlotBusy (s)     :    3305                       
...
