000 (8017966.634.000) 2026-06-20 22:07:54 Job submitted from host: <128.105.68.112:9618?addrs=128.105.68.112-9618+[2607-f388-2200-100-eaeb-d3ff-fea3-4202]-9618&alias=ap2001.chtc.wisc.edu&noUDP&sock=schedd_4071840_2329>
...
040 (8017966.634.000) 2026-06-21 03:26:06 Started transferring input files
	Transferring to host: <128.105.68.166:9618?addrs=128.105.68.166-9618+[2607-f388-2200-100-b62e-99ff-feb7-2e2d]-9618&alias=gpulab2001.chtc.wisc.edu&noUDP&sock=slot2_1_11113_dd1d_52486>
...
040 (8017966.634.000) 2026-06-21 03:26:22 Finished transferring input files
...
001 (8017966.634.000) 2026-06-21 03:26:22 Job executing on host: <128.105.68.166:9618?addrs=128.105.68.166-9618+[2607-f388-2200-100-b62e-99ff-feb7-2e2d]-9618&alias=gpulab2001.chtc.wisc.edu&noUDP&sock=startd_10083_ad84>
	SlotName: slot2_1@gpulab2001.chtc.wisc.edu
	AvailableGPUs = { GPUs_GPU_cc91074a }
	CondorScratchDir = "/var/lib/condor/execute/slot2/dir_920759/scratch"
	Cpus = 1
	Disk = 16777216
	GPUs = 1
	GPUs_GPU_cc91074a = [ Id = "GPU-cc91074a"; Capability = 7.5; DeviceName = "NVIDIA GeForce RTX 2080 Ti"; DeviceUuid = "cc91074a-1992-11a1-fc4e-7c84f58de8e0"; ECCEnabled = false; NvidiaDriver = "570.195.03"; DriverVersion = 12.8; DevicePciBusId = "0000:3D:00.0"; GlobalMemoryMb = 10823; MaxSupportedVersion = 12080 ]
	IoHeavy = 0
	Memory = 16384
...
006 (8017966.634.000) 2026-06-21 03:26:30 Image size of job updated: 263520
	258  -  MemoryUsage of job (MB)
	263520  -  ResidentSetSize of job (KB)
...
006 (8017966.634.000) 2026-06-21 03:31:30 Image size of job updated: 1804792
	1763  -  MemoryUsage of job (MB)
	1804460  -  ResidentSetSize of job (KB)
...
006 (8017966.634.000) 2026-06-21 03:36:30 Image size of job updated: 1804792
	1763  -  MemoryUsage of job (MB)
	1804596  -  ResidentSetSize of job (KB)
...
006 (8017966.634.000) 2026-06-21 04:06:34 Image size of job updated: 1820836
	1779  -  MemoryUsage of job (MB)
	1820836  -  ResidentSetSize of job (KB)
...
006 (8017966.634.000) 2026-06-21 04:11:34 Image size of job updated: 1820844
	1779  -  MemoryUsage of job (MB)
	1820844  -  ResidentSetSize of job (KB)
...
006 (8017966.634.000) 2026-06-21 04:21:35 Image size of job updated: 1820848
	1779  -  MemoryUsage of job (MB)
	1820848  -  ResidentSetSize of job (KB)
...
006 (8017966.634.000) 2026-06-21 04:26:35 Image size of job updated: 1820852
	1779  -  MemoryUsage of job (MB)
	1820852  -  ResidentSetSize of job (KB)
...
006 (8017966.634.000) 2026-06-21 04:36:37 Image size of job updated: 1824788
	1783  -  MemoryUsage of job (MB)
	1824788  -  ResidentSetSize of job (KB)
...
006 (8017966.634.000) 2026-06-21 05:01:39 Image size of job updated: 1824792
	1783  -  MemoryUsage of job (MB)
	1824792  -  ResidentSetSize of job (KB)
...
006 (8017966.634.000) 2026-06-21 05:11:39 Image size of job updated: 1836600
	1794  -  MemoryUsage of job (MB)
	1836600  -  ResidentSetSize of job (KB)
...
006 (8017966.634.000) 2026-06-21 05:41:43 Image size of job updated: 1848408
	1806  -  MemoryUsage of job (MB)
	1848408  -  ResidentSetSize of job (KB)
...
006 (8017966.634.000) 2026-06-21 06:16:46 Image size of job updated: 1857548
	1815  -  MemoryUsage of job (MB)
	1857548  -  ResidentSetSize of job (KB)
...
006 (8017966.634.000) 2026-06-21 06:41:48 Image size of job updated: 1857772
	1815  -  MemoryUsage of job (MB)
	1857772  -  ResidentSetSize of job (KB)
...
040 (8017966.634.000) 2026-06-21 06:52:03 Started transferring output files
...
040 (8017966.634.000) 2026-06-21 06:52:03 Finished transferring output files
...
005 (8017966.634.000) 2026-06-21 06:52:04 Job terminated.
	(1) Normal termination (return value 0)
		Usr 0 03:28:44, Sys 0 00:16:40  -  Run Remote Usage
		Usr 0 00:00:00, Sys 0 00:00:00  -  Run Local Usage
		Usr 0 03:28:44, Sys 0 00:16:40  -  Total Remote Usage
		Usr 0 00:00:00, Sys 0 00:00:00  -  Total Local Usage
	11030567  -  Run Bytes Sent By Job
	2782613092  -  Run Bytes Received By Job
	11030567  -  Total Bytes Sent By Job
	2782613092  -  Total Bytes Received By Job
	Partitionable Resources :      Usage  Request Allocated Assigned
	   Cpus                 :       0.99        1         1 
	   Disk (KB)            : 2798150    16777216  16777216 
	   GPUs                 :       0.83        1         1 "GPU-cc91074a"
	   GpusMemory (MB)      :    3193                       
	   IoHeavy              :                             0 
	   Memory (MB)          :    1815       16384     16384 
	   TimeExecute (s)      :   12341                       
	   TimeSlotBusy (s)     :   12357                       
...
