000 (8180963.139.000) 2026-06-24 12:19:47 Job submitted from host: <128.105.68.112:9618?addrs=128.105.68.112-9618+[2607-f388-2200-100-eaeb-d3ff-fea3-4202]-9618&alias=ap2001.chtc.wisc.edu&noUDP&sock=schedd_4071840_2329>
...
040 (8180963.139.000) 2026-06-24 16:03:42 Started transferring input files
	Transferring to host: <128.105.76.53:9618?addrs=128.105.76.53-9618+[2607-f388-2200-100-b65c-b5ff-fe81-e536]-9618&alias=gpu5000.chtc.wisc.edu&noUDP&sock=slot2_5_1438510_2dba_931>
...
040 (8180963.139.000) 2026-06-24 16:03:55 Finished transferring input files
...
001 (8180963.139.000) 2026-06-24 16:03:55 Job executing on host: <128.105.76.53:9618?addrs=128.105.76.53-9618+[2607-f388-2200-100-b65c-b5ff-fe81-e536]-9618&alias=gpu5000.chtc.wisc.edu&noUDP&sock=startd_1438453_b0eb>
	SlotName: slot2_5@gpu5000.chtc.wisc.edu
	AvailableGPUs = { GPUs_GPU_2941f50b }
	CondorScratchDir = "/var/lib/condor/execute/slot2/dir_1942272/scratch"
	Cpus = 1
	Disk = 16777216
	GPUs = 1
	GPUs_GPU_2941f50b = [ Id = "GPU-2941f50b"; Capability = 9.0; DeviceName = "NVIDIA H200"; DeviceUuid = "2941f50b-b6f6-a3bf-9e63-6adfbc028325"; ECCEnabled = true; NvidiaDriver = "590.48.01"; DriverVersion = 13.1; DevicePciBusId = "0000:9B:00.0"; GlobalMemoryMb = 143158; MaxSupportedVersion = 13010 ]
	IoHeavy = 0
	Memory = 16384
...
006 (8180963.139.000) 2026-06-24 16:04:04 Image size of job updated: 452048
	442  -  MemoryUsage of job (MB)
	452048  -  ResidentSetSize of job (KB)
...
006 (8180963.139.000) 2026-06-24 16:09:04 Image size of job updated: 1045884
	1021  -  MemoryUsage of job (MB)
	1044796  -  ResidentSetSize of job (KB)
...
006 (8180963.139.000) 2026-06-24 16:14:05 Image size of job updated: 1052444
	1028  -  MemoryUsage of job (MB)
	1052444  -  ResidentSetSize of job (KB)
...
006 (8180963.139.000) 2026-06-24 16:19:05 Image size of job updated: 1074356
	1050  -  MemoryUsage of job (MB)
	1074356  -  ResidentSetSize of job (KB)
...
006 (8180963.139.000) 2026-06-24 16:24:05 Image size of job updated: 1080128
	1055  -  MemoryUsage of job (MB)
	1080128  -  ResidentSetSize of job (KB)
...
006 (8180963.139.000) 2026-06-24 16:29:06 Image size of job updated: 1083832
	1059  -  MemoryUsage of job (MB)
	1083832  -  ResidentSetSize of job (KB)
...
006 (8180963.139.000) 2026-06-24 16:34:06 Image size of job updated: 1088816
	1064  -  MemoryUsage of job (MB)
	1088816  -  ResidentSetSize of job (KB)
...
006 (8180963.139.000) 2026-06-24 16:39:07 Image size of job updated: 1096132
	1071  -  MemoryUsage of job (MB)
	1096132  -  ResidentSetSize of job (KB)
...
006 (8180963.139.000) 2026-06-24 16:44:07 Image size of job updated: 1098452
	1073  -  MemoryUsage of job (MB)
	1098452  -  ResidentSetSize of job (KB)
...
006 (8180963.139.000) 2026-06-24 16:49:08 Image size of job updated: 1105544
	1080  -  MemoryUsage of job (MB)
	1105544  -  ResidentSetSize of job (KB)
...
040 (8180963.139.000) 2026-06-24 16:52:55 Started transferring output files
...
040 (8180963.139.000) 2026-06-24 16:52:55 Finished transferring output files
...
005 (8180963.139.000) 2026-06-24 16:52:56 Job terminated.
	(1) Normal termination (return value 0)
		Usr 0 00:49:53, Sys 0 00:48:01  -  Run Remote Usage
		Usr 0 00:00:00, Sys 0 00:00:00  -  Run Local Usage
		Usr 0 00:49:53, Sys 0 00:48:01  -  Total Remote Usage
		Usr 0 00:00:00, Sys 0 00:00:00  -  Total Local Usage
	1638864  -  Run Bytes Sent By Job
	2782619717  -  Run Bytes Received By Job
	1638864  -  Total Bytes Sent By Job
	2782619717  -  Total Bytes Received By Job
	Partitionable Resources :      Usage  Request Allocated Assigned
	   Cpus                 :       2.09        1         1 
	   Disk (KB)            : 2731788    16777216  16777216 
	   GPUs                 :       0.89        1         1 "GPU-2941f50b"
	   GpusMemory (MB)      :    8131                       
	   IoHeavy              :                             0 
	   Memory (MB)          :    1080       16384     16384 
	   TimeExecute (s)      :    2940                       
	   TimeSlotBusy (s)     :    2953                       
...
