000 (8017966.007.000) 2026-06-20 22:07:54 Job submitted from host: <128.105.68.112:9618?addrs=128.105.68.112-9618+[2607-f388-2200-100-eaeb-d3ff-fea3-4202]-9618&alias=ap2001.chtc.wisc.edu&noUDP&sock=schedd_4071840_2329>
...
040 (8017966.007.000) 2026-06-20 22:10:30 Started transferring input files
	Transferring to host: <128.104.103.104:9618?addrs=128.104.103.104-9618+[2607-f388-107c-501-ae1f-6bff-fe40-ce2e]-9618&alias=gitter0000.chtc.wisc.edu&noUDP&sock=slot2_2_8979_4486_6745>
...
040 (8017966.007.000) 2026-06-20 22:11:44 Finished transferring input files
...
001 (8017966.007.000) 2026-06-20 22:11:44 Job executing on host: <128.104.103.104:9618?addrs=128.104.103.104-9618+[2607-f388-107c-501-ae1f-6bff-fe40-ce2e]-9618&alias=gitter0000.chtc.wisc.edu&noUDP&sock=startd_8665_0c39>
	SlotName: slot2_2@gitter0000.chtc.wisc.edu
	AvailableGPUs = { GPUs_GPU_af91605c }
	CondorScratchDir = "/var/lib/condor/execute/slot2/dir_3493973/scratch"
	Cpus = 1
	Disk = 16777216
	GPUs = 1
	GPUs_GPU_af91605c = [ Id = "GPU-af91605c"; Capability = 6.1; DeviceName = "NVIDIA GeForce GTX 1080 Ti"; DeviceUuid = "af91605c-1ae8-2336-ce6b-a06264e7ec50"; ECCEnabled = false; NvidiaDriver = "570.195.03"; DriverVersion = 12.8; DevicePciBusId = "0000:5E:00.0"; GlobalMemoryMb = 11165; MaxSupportedVersion = 12080 ]
	IoHeavy = 0
	Memory = 16384
...
006 (8017966.007.000) 2026-06-20 22:11:53 Image size of job updated: 295188
	289  -  MemoryUsage of job (MB)
	295188  -  ResidentSetSize of job (KB)
...
006 (8017966.007.000) 2026-06-20 22:16:54 Image size of job updated: 891800
	870  -  MemoryUsage of job (MB)
	890272  -  ResidentSetSize of job (KB)
...
006 (8017966.007.000) 2026-06-20 22:21:54 Image size of job updated: 891800
	870  -  MemoryUsage of job (MB)
	890400  -  ResidentSetSize of job (KB)
...
006 (8017966.007.000) 2026-06-20 22:26:55 Image size of job updated: 891800
	871  -  MemoryUsage of job (MB)
	891556  -  ResidentSetSize of job (KB)
...
006 (8017966.007.000) 2026-06-20 22:31:56 Image size of job updated: 895260
	875  -  MemoryUsage of job (MB)
	895260  -  ResidentSetSize of job (KB)
...
006 (8017966.007.000) 2026-06-20 22:36:56 Image size of job updated: 897376
	877  -  MemoryUsage of job (MB)
	897376  -  ResidentSetSize of job (KB)
...
006 (8017966.007.000) 2026-06-20 22:41:57 Image size of job updated: 900984
	880  -  MemoryUsage of job (MB)
	900984  -  ResidentSetSize of job (KB)
...
006 (8017966.007.000) 2026-06-20 22:46:58 Image size of job updated: 904784
	884  -  MemoryUsage of job (MB)
	904784  -  ResidentSetSize of job (KB)
...
006 (8017966.007.000) 2026-06-20 22:51:58 Image size of job updated: 908404
	888  -  MemoryUsage of job (MB)
	908404  -  ResidentSetSize of job (KB)
...
006 (8017966.007.000) 2026-06-20 22:56:59 Image size of job updated: 912240
	891  -  MemoryUsage of job (MB)
	912240  -  ResidentSetSize of job (KB)
...
006 (8017966.007.000) 2026-06-20 23:01:59 Image size of job updated: 917084
	896  -  MemoryUsage of job (MB)
	917084  -  ResidentSetSize of job (KB)
...
006 (8017966.007.000) 2026-06-20 23:06:59 Image size of job updated: 919884
	899  -  MemoryUsage of job (MB)
	919884  -  ResidentSetSize of job (KB)
...
006 (8017966.007.000) 2026-06-20 23:12:00 Image size of job updated: 922152
	899  -  MemoryUsage of job (MB)
	919884  -  ResidentSetSize of job (KB)
...
006 (8017966.007.000) 2026-06-20 23:17:00 Image size of job updated: 925128
	901  -  MemoryUsage of job (MB)
	922372  -  ResidentSetSize of job (KB)
...
040 (8017966.007.000) 2026-06-20 23:27:53 Started transferring output files
...
040 (8017966.007.000) 2026-06-20 23:27:53 Finished transferring output files
...
005 (8017966.007.000) 2026-06-20 23:27:53 Job terminated.
	(1) Normal termination (return value 0)
		Usr 0 01:15:46, Sys 0 00:01:30  -  Run Remote Usage
		Usr 0 00:00:00, Sys 0 00:00:00  -  Run Local Usage
		Usr 0 01:15:46, Sys 0 00:01:30  -  Total Remote Usage
		Usr 0 00:00:00, Sys 0 00:00:00  -  Total Local Usage
	2547658  -  Run Bytes Sent By Job
	2782550080  -  Run Bytes Received By Job
	2547658  -  Total Bytes Sent By Job
	2782550080  -  Total Bytes Received By Job
	Partitionable Resources :      Usage  Request Allocated Assigned
	   Cpus                 :       0.99        1         1 
	   Disk (KB)            : 2729940    16777216  16777216 
	   GPUs                 :       0.75        1         1 "GPU-af91605c"
	   GpusMemory (MB)      :    2165                       
	   IoHeavy              :                             0 
	   Memory (MB)          :     901       16384     16384 
	   TimeExecute (s)      :    4569                       
	   TimeSlotBusy (s)     :    4643                       
...
