000 (8017966.754.000) 2026-06-20 22:07:54 Job submitted from host: <128.105.68.112:9618?addrs=128.105.68.112-9618+[2607-f388-2200-100-eaeb-d3ff-fea3-4202]-9618&alias=ap2001.chtc.wisc.edu&noUDP&sock=schedd_4071840_2329>
...
040 (8017966.754.000) 2026-06-21 04:14:41 Started transferring input files
	Transferring to host: <128.104.103.52:9618?addrs=128.104.103.52-9618+[2607-f388-107c-501-b226-28ff-fe4e-3a04]-9618&alias=ahlquist0001.chtc.wisc.edu&noUDP&sock=backfill1_1_4028860_1671_84515>
...
040 (8017966.754.000) 2026-06-21 04:15:01 Finished transferring input files
...
001 (8017966.754.000) 2026-06-21 04:15:01 Job executing on host: <128.104.103.52:9618?addrs=128.104.103.52-9618+[2607-f388-107c-501-b226-28ff-fe4e-3a04]-9618&alias=ahlquist0001.chtc.wisc.edu&noUDP&sock=startd_10174_18a3>
	SlotName: backfill1_1@ahlquist0001.chtc.wisc.edu
	AvailableGPUs = { GPUs_GPU_829ef9f2 }
	CondorScratchDir = "/var/lib/condor/execute/slot1/dir_1923300/scratch"
	Cpus = 1
	Disk = 16777216
	GPUs = 1
	GPUs_GPU_829ef9f2 = [ Id = "GPU-829ef9f2"; Capability = 6.0; DeviceName = "Tesla P100-PCIE-16GB"; DeviceUuid = "829ef9f2-d45b-2dd8-c25b-61fa9b6ee85b"; ECCEnabled = true; NvidiaDriver = "550.54.14"; DriverVersion = 12.4; DevicePciBusId = "0000:D8:00.0"; GlobalMemoryMb = 16269; MaxSupportedVersion = 12040 ]
	IoHeavy = 0
	Memory = 16384
...
006 (8017966.754.000) 2026-06-21 04:15:11 Image size of job updated: 145088
	142  -  MemoryUsage of job (MB)
	145088  -  ResidentSetSize of job (KB)
...
006 (8017966.754.000) 2026-06-21 04:20:12 Image size of job updated: 755324
	737  -  MemoryUsage of job (MB)
	754120  -  ResidentSetSize of job (KB)
...
006 (8017966.754.000) 2026-06-21 04:25:12 Image size of job updated: 755324
	737  -  MemoryUsage of job (MB)
	754236  -  ResidentSetSize of job (KB)
...
006 (8017966.754.000) 2026-06-21 04:30:12 Image size of job updated: 755712
	738  -  MemoryUsage of job (MB)
	755712  -  ResidentSetSize of job (KB)
...
006 (8017966.754.000) 2026-06-21 04:35:13 Image size of job updated: 758140
	741  -  MemoryUsage of job (MB)
	758140  -  ResidentSetSize of job (KB)
...
006 (8017966.754.000) 2026-06-21 04:40:13 Image size of job updated: 761944
	745  -  MemoryUsage of job (MB)
	761944  -  ResidentSetSize of job (KB)
...
006 (8017966.754.000) 2026-06-21 04:45:13 Image size of job updated: 765464
	748  -  MemoryUsage of job (MB)
	765464  -  ResidentSetSize of job (KB)
...
006 (8017966.754.000) 2026-06-21 04:50:14 Image size of job updated: 769264
	752  -  MemoryUsage of job (MB)
	769264  -  ResidentSetSize of job (KB)
...
006 (8017966.754.000) 2026-06-21 04:55:14 Image size of job updated: 771104
	754  -  MemoryUsage of job (MB)
	771104  -  ResidentSetSize of job (KB)
...
006 (8017966.754.000) 2026-06-21 05:00:14 Image size of job updated: 774580
	757  -  MemoryUsage of job (MB)
	774580  -  ResidentSetSize of job (KB)
...
006 (8017966.754.000) 2026-06-21 05:05:15 Image size of job updated: 780024
	762  -  MemoryUsage of job (MB)
	780024  -  ResidentSetSize of job (KB)
...
006 (8017966.754.000) 2026-06-21 05:10:15 Image size of job updated: 783384
	766  -  MemoryUsage of job (MB)
	783384  -  ResidentSetSize of job (KB)
...
006 (8017966.754.000) 2026-06-21 05:15:15 Image size of job updated: 784320
	766  -  MemoryUsage of job (MB)
	784320  -  ResidentSetSize of job (KB)
...
006 (8017966.754.000) 2026-06-21 05:20:16 Image size of job updated: 788804
	771  -  MemoryUsage of job (MB)
	788804  -  ResidentSetSize of job (KB)
...
006 (8017966.754.000) 2026-06-21 05:25:16 Image size of job updated: 817388
	799  -  MemoryUsage of job (MB)
	817388  -  ResidentSetSize of job (KB)
...
006 (8017966.754.000) 2026-06-21 05:26:33 Image size of job updated: 867272
	799  -  MemoryUsage of job (MB)
	817388  -  ResidentSetSize of job (KB)
...
040 (8017966.754.000) 2026-06-21 05:26:33 Started transferring output files
...
040 (8017966.754.000) 2026-06-21 05:26:33 Finished transferring output files
...
005 (8017966.754.000) 2026-06-21 05:26:33 Job terminated.
	(1) Normal termination (return value 0)
		Usr 0 01:13:04, Sys 0 00:09:25  -  Run Remote Usage
		Usr 0 00:00:00, Sys 0 00:00:00  -  Run Local Usage
		Usr 0 01:13:04, Sys 0 00:09:25  -  Total Remote Usage
		Usr 0 00:00:00, Sys 0 00:00:00  -  Total Local Usage
	2677031  -  Run Bytes Sent By Job
	2781789867  -  Run Bytes Received By Job
	2677031  -  Total Bytes Sent By Job
	2781789867  -  Total Bytes Received By Job
	Partitionable Resources :      Usage  Request Allocated Assigned
	   Cpus                 :       0.99        1         1 
	   Disk (KB)            : 2728655    16777216  16777216 
	   GPUs                 :       0.85        1         1 "GPU-829ef9f2"
	   GpusMemory (MB)      :    3831                       
	   IoHeavy              :                             0 
	   Memory (MB)          :     799       16384     16384 
	   TimeExecute (s)      :    4292                       
	   TimeSlotBusy (s)     :    4312                       
...
