000 (8017966.538.000) 2026-06-20 22:07:54 Job submitted from host: <128.105.68.112:9618?addrs=128.105.68.112-9618+[2607-f388-2200-100-eaeb-d3ff-fea3-4202]-9618&alias=ap2001.chtc.wisc.edu&noUDP&sock=schedd_4071840_2329>
...
040 (8017966.538.000) 2026-06-21 02:49:44 Started transferring input files
	Transferring to host: <128.104.100.118:9618?addrs=128.104.100.118-9618+[2607-f388-107c-501-26d-aeff-fe1f-6b20]-9618&alias=jcaicedogpu0004.chtc.wisc.edu&noUDP&sock=backfill1_2_4107613_b354_99493>
...
040 (8017966.538.000) 2026-06-21 02:49:55 Finished transferring input files
...
001 (8017966.538.000) 2026-06-21 02:49:55 Job executing on host: <128.104.100.118:9618?addrs=128.104.100.118-9618+[2607-f388-107c-501-26d-aeff-fe1f-6b20]-9618&alias=jcaicedogpu0004.chtc.wisc.edu&noUDP&sock=startd_10858_436a>
	SlotName: backfill1_2@jcaicedogpu0004.chtc.wisc.edu
	AvailableGPUs = { GPUs_GPU_fa14651d }
	CondorScratchDir = "/var/lib/condor/execute/slot1/dir_644467/scratch"
	Cpus = 1
	Disk = 16777216
	GPUs = 1
	GPUs_GPU_fa14651d = [ Id = "GPU-fa14651d"; Capability = 8.9; DeviceName = "NVIDIA L40S"; DeviceUuid = "fa14651d-25f0-e1cc-501d-97e0ea46e1dd"; ECCEnabled = true; NvidiaDriver = "570.195.03"; DriverVersion = 12.8; DevicePciBusId = "0000:01:00.0"; GlobalMemoryMb = 45468; MaxSupportedVersion = 12080 ]
	IoHeavy = 0
	Memory = 16384
...
006 (8017966.538.000) 2026-06-21 02:50:04 Image size of job updated: 430700
	421  -  MemoryUsage of job (MB)
	430700  -  ResidentSetSize of job (KB)
...
006 (8017966.538.000) 2026-06-21 02:55:04 Image size of job updated: 977144
	953  -  MemoryUsage of job (MB)
	975696  -  ResidentSetSize of job (KB)
...
006 (8017966.538.000) 2026-06-21 03:00:04 Image size of job updated: 978752
	956  -  MemoryUsage of job (MB)
	978752  -  ResidentSetSize of job (KB)
...
006 (8017966.538.000) 2026-06-21 03:05:05 Image size of job updated: 986188
	964  -  MemoryUsage of job (MB)
	986188  -  ResidentSetSize of job (KB)
...
006 (8017966.538.000) 2026-06-21 03:10:05 Image size of job updated: 992532
	970  -  MemoryUsage of job (MB)
	992532  -  ResidentSetSize of job (KB)
...
006 (8017966.538.000) 2026-06-21 03:15:06 Image size of job updated: 1001060
	978  -  MemoryUsage of job (MB)
	1001060  -  ResidentSetSize of job (KB)
...
006 (8017966.538.000) 2026-06-21 03:20:06 Image size of job updated: 1007408
	984  -  MemoryUsage of job (MB)
	1007408  -  ResidentSetSize of job (KB)
...
006 (8017966.538.000) 2026-06-21 03:25:07 Image size of job updated: 1011008
	984  -  MemoryUsage of job (MB)
	1007408  -  ResidentSetSize of job (KB)
...
040 (8017966.538.000) 2026-06-21 03:27:06 Started transferring output files
...
040 (8017966.538.000) 2026-06-21 03:27:06 Finished transferring output files
...
005 (8017966.538.000) 2026-06-21 03:27:07 Job terminated.
	(1) Normal termination (return value 0)
		Usr 0 00:37:32, Sys 0 00:25:03  -  Run Remote Usage
		Usr 0 00:00:00, Sys 0 00:00:00  -  Run Local Usage
		Usr 0 00:37:32, Sys 0 00:25:03  -  Total Remote Usage
		Usr 0 00:00:00, Sys 0 00:00:00  -  Total Local Usage
	2963429  -  Run Bytes Sent By Job
	2781829880  -  Run Bytes Received By Job
	2963429  -  Total Bytes Sent By Job
	2781829880  -  Total Bytes Received By Job
	Partitionable Resources :      Usage  Request Allocated Assigned
	   Cpus                 :       0.99        1         1 
	   Disk (KB)            : 2729678    16777216  16777216 
	   GPUs                 :       0.87        1         1 "GPU-fa14651d"
	   GpusMemory (MB)      :    6772                       
	   IoHeavy              :                             0 
	   Memory (MB)          :     984       16384     16384 
	   TimeExecute (s)      :    2231                       
	   TimeSlotBusy (s)     :    2242                       
...
