INFO:openfe.utils.system_probe.log:SYSTEM CONFIG DETAILS:
INFO:openfe.utils.system_probe.log.hostname:hostname: 'mkhodakgpu4000'
INFO:openfe.utils.system_probe.log.gpu:CUDA-based GPU not found
INFO:openfe.utils.system_probe.log:Memory used: 49.4G (10.5%)
INFO:openfe.utils.system_probe.log:quickrun_scratch/scratch_HybridTopologySetupUnit-90d2d0c6c50b48a1a438a04bd0e08c18_attempt_0: 0% full (26.4T free)
INFO:gufekey.openfe.protocols.openmm_rfe.hybridtop_units.HybridTopologySetupUnit:Starting system setup unit
INFO:gufekey.openfe.protocols.openmm_rfe.hybridtop_units.HybridTopologySetupUnit:Parameterizing systems
INFO:openmmforcefields.generators.template_generators:Requested to generate parameters for residue <Residue 264 (UNK) of chain 1>
INFO:openmmforcefields.generators.template_generators:Generating a residue template for [H][C]1=[C]([H])[C]([C]2([H])[C]([H])([H])[C]2([H])[H])=[C]([S](=[O])(=[O])[N]([H])[c]2[c]([H])[c]([H])[c]([H])[c]3[c]2[C]([H])([H])[N]([H])[C]3=[O])[S]1 using openff-2.2.1
INFO:openmmforcefields.generators.template_generators:Requested to generate parameters for residue <Residue 8851 (UNK) of chain 4>
INFO:openmmforcefields.generators.template_generators:Generating a residue template for [H][C]1=[C]([H])[C]([C]2([H])[C]([H])([H])[C]2([H])[H])=[C]([S](=[O])(=[O])[N]([H])[c]2[c]([H])[c]([H])[c]([H])[c]3[c]2[N]([H])[C](=[O])[C]3([H])[H])[S]1 using openff-2.2.1
INFO:openfe.protocols.openmm_rfe._rfe_utils.relative:Creating hybrid system
INFO:openfe.protocols.openmm_rfe._rfe_utils.relative:Setting force field terms
INFO:openfe.protocols.openmm_rfe._rfe_utils.relative:Adding forces
INFO:openfe.protocols.openmm_rfe._rfe_utils.relative:No CMAPTorsionForce found. Skipping adding force.
INFO:openfe.utils.system_probe.log:SYSTEM CONFIG DETAILS:
INFO:openfe.utils.system_probe.log.hostname:hostname: 'mkhodakgpu4000'
INFO:openfe.utils.system_probe.log.gpu:CUDA-based GPU not found
INFO:openfe.utils.system_probe.log:Memory used: 49.9G (10.6%)
INFO:openfe.utils.system_probe.log:quickrun_scratch/scratch_HybridTopologySetupUnit-90d2d0c6c50b48a1a438a04bd0e08c18_attempt_1: 0% full (26.4T free)
INFO:gufekey.openfe.protocols.openmm_rfe.hybridtop_units.HybridTopologySetupUnit:Starting system setup unit
INFO:gufekey.openfe.protocols.openmm_rfe.hybridtop_units.HybridTopologySetupUnit:Parameterizing systems
INFO:openmmforcefields.generators.template_generators:Requested to generate parameters for residue <Residue 264 (UNK) of chain 1>
INFO:openmmforcefields.generators.template_generators:Generating a residue template for [H][C]1=[C]([H])[C]([C]2([H])[C]([H])([H])[C]2([H])[H])=[C]([S](=[O])(=[O])[N]([H])[c]2[c]([H])[c]([H])[c]([H])[c]3[c]2[C]([H])([H])[N]([H])[C]3=[O])[S]1 using openff-2.2.1
INFO:openmmforcefields.generators.template_generators:Requested to generate parameters for residue <Residue 8851 (UNK) of chain 4>
INFO:openmmforcefields.generators.template_generators:Generating a residue template for [H][C]1=[C]([H])[C]([C]2([H])[C]([H])([H])[C]2([H])[H])=[C]([S](=[O])(=[O])[N]([H])[c]2[c]([H])[c]([H])[c]([H])[c]3[c]2[N]([H])[C](=[O])[C]3([H])[H])[S]1 using openff-2.2.1
INFO:openfe.protocols.openmm_rfe._rfe_utils.relative:Creating hybrid system
INFO:openfe.protocols.openmm_rfe._rfe_utils.relative:Setting force field terms
INFO:openfe.protocols.openmm_rfe._rfe_utils.relative:Adding forces
INFO:openfe.protocols.openmm_rfe._rfe_utils.relative:No CMAPTorsionForce found. Skipping adding force.
INFO:openfe.utils.system_probe.log:SYSTEM CONFIG DETAILS:
INFO:openfe.utils.system_probe.log.hostname:hostname: 'mkhodakgpu4000'
INFO:openfe.utils.system_probe.log.gpu:CUDA-based GPU not found
INFO:openfe.utils.system_probe.log:Memory used: 50.0G (10.6%)
INFO:openfe.utils.system_probe.log:quickrun_scratch/scratch_HybridTopologySetupUnit-90d2d0c6c50b48a1a438a04bd0e08c18_attempt_2: 0% full (26.4T free)
INFO:gufekey.openfe.protocols.openmm_rfe.hybridtop_units.HybridTopologySetupUnit:Starting system setup unit
INFO:gufekey.openfe.protocols.openmm_rfe.hybridtop_units.HybridTopologySetupUnit:Parameterizing systems
INFO:openmmforcefields.generators.template_generators:Requested to generate parameters for residue <Residue 264 (UNK) of chain 1>
INFO:openmmforcefields.generators.template_generators:Generating a residue template for [H][C]1=[C]([H])[C]([C]2([H])[C]([H])([H])[C]2([H])[H])=[C]([S](=[O])(=[O])[N]([H])[c]2[c]([H])[c]([H])[c]([H])[c]3[c]2[C]([H])([H])[N]([H])[C]3=[O])[S]1 using openff-2.2.1
INFO:openmmforcefields.generators.template_generators:Requested to generate parameters for residue <Residue 8851 (UNK) of chain 4>
INFO:openmmforcefields.generators.template_generators:Generating a residue template for [H][C]1=[C]([H])[C]([C]2([H])[C]([H])([H])[C]2([H])[H])=[C]([S](=[O])(=[O])[N]([H])[c]2[c]([H])[c]([H])[c]([H])[c]3[c]2[N]([H])[C](=[O])[C]3([H])[H])[S]1 using openff-2.2.1
INFO:openfe.protocols.openmm_rfe._rfe_utils.relative:Creating hybrid system
INFO:openfe.protocols.openmm_rfe._rfe_utils.relative:Setting force field terms
INFO:openfe.protocols.openmm_rfe._rfe_utils.relative:Adding forces
INFO:openfe.protocols.openmm_rfe._rfe_utils.relative:No CMAPTorsionForce found. Skipping adding force.
Error: The protocol unit 'HybridTopology Setup: OADMET-0006449 to OADMET-0006453 repeat 0 generation 0' failed with the error message:
IndexError: list index out of range

Details provided in output.
