000 (8017966.496.000) 2026-06-20 22:07:54 Job submitted from host: <128.105.68.112:9618?addrs=128.105.68.112-9618+[2607-f388-2200-100-eaeb-d3ff-fea3-4202]-9618&alias=ap2001.chtc.wisc.edu&noUDP&sock=schedd_4071840_2329>
...
040 (8017966.496.000) 2026-06-21 02:27:14 Started transferring input files
	Transferring to host: <128.104.103.48:9618?addrs=128.104.103.48-9618+[2607-f388-107c-501-ae1f-6bff-fe2c-2f00]-9618&alias=vetsigian0001.chtc.wisc.edu&noUDP&sock=slot2_2_10681_7b0b_7783>
...
040 (8017966.496.000) 2026-06-21 02:28:03 Finished transferring input files
...
001 (8017966.496.000) 2026-06-21 02:28:03 Job executing on host: <128.104.103.48:9618?addrs=128.104.103.48-9618+[2607-f388-107c-501-ae1f-6bff-fe2c-2f00]-9618&alias=vetsigian0001.chtc.wisc.edu&noUDP&sock=startd_9913_126b>
	SlotName: slot2_2@vetsigian0001.chtc.wisc.edu
	AvailableGPUs = { GPUs_GPU_c60845c2 }
	CondorScratchDir = "/var/lib/condor/execute/slot2/dir_3067259/scratch"
	Cpus = 1
	Disk = 16777216
	GPUs = 1
	GPUs_GPU_c60845c2 = [ Id = "GPU-c60845c2"; Capability = 7.5; DeviceName = "NVIDIA GeForce RTX 2080 Ti"; DeviceUuid = "c60845c2-17b0-17df-2cc6-44f05353ae1e"; ECCEnabled = false; NvidiaDriver = "550.54.14"; DriverVersion = 12.4; DevicePciBusId = "0000:1B:00.0"; GlobalMemoryMb = 11004; MaxSupportedVersion = 12040 ]
	IoHeavy = 0
	Memory = 16384
...
006 (8017966.496.000) 2026-06-21 02:28:12 Image size of job updated: 259260
	254  -  MemoryUsage of job (MB)
	259260  -  ResidentSetSize of job (KB)
...
006 (8017966.496.000) 2026-06-21 02:33:12 Image size of job updated: 1753860
	1713  -  MemoryUsage of job (MB)
	1753292  -  ResidentSetSize of job (KB)
...
006 (8017966.496.000) 2026-06-21 02:38:12 Image size of job updated: 1753860
	1713  -  MemoryUsage of job (MB)
	1753344  -  ResidentSetSize of job (KB)
...
006 (8017966.496.000) 2026-06-21 03:08:14 Image size of job updated: 1766208
	1725  -  MemoryUsage of job (MB)
	1766208  -  ResidentSetSize of job (KB)
...
006 (8017966.496.000) 2026-06-21 03:18:16 Image size of job updated: 1766484
	1726  -  MemoryUsage of job (MB)
	1766484  -  ResidentSetSize of job (KB)
...
006 (8017966.496.000) 2026-06-21 03:23:16 Image size of job updated: 1766520
	1726  -  MemoryUsage of job (MB)
	1766520  -  ResidentSetSize of job (KB)
...
006 (8017966.496.000) 2026-06-21 03:58:22 Image size of job updated: 1766524
	1726  -  MemoryUsage of job (MB)
	1766524  -  ResidentSetSize of job (KB)
...
006 (8017966.496.000) 2026-06-21 04:28:24 Image size of job updated: 1767576
	1727  -  MemoryUsage of job (MB)
	1767576  -  ResidentSetSize of job (KB)
...
006 (8017966.496.000) 2026-06-21 04:33:25 Image size of job updated: 1768100
	1727  -  MemoryUsage of job (MB)
	1768100  -  ResidentSetSize of job (KB)
...
006 (8017966.496.000) 2026-06-21 04:38:26 Image size of job updated: 1768420
	1727  -  MemoryUsage of job (MB)
	1768420  -  ResidentSetSize of job (KB)
...
006 (8017966.496.000) 2026-06-21 05:03:28 Image size of job updated: 1768700
	1728  -  MemoryUsage of job (MB)
	1768700  -  ResidentSetSize of job (KB)
...
006 (8017966.496.000) 2026-06-21 05:13:29 Image size of job updated: 1769888
	1729  -  MemoryUsage of job (MB)
	1769888  -  ResidentSetSize of job (KB)
...
006 (8017966.496.000) 2026-06-21 05:18:30 Image size of job updated: 1770392
	1729  -  MemoryUsage of job (MB)
	1770392  -  ResidentSetSize of job (KB)
...
006 (8017966.496.000) 2026-06-21 05:58:34 Image size of job updated: 1772460
	1731  -  MemoryUsage of job (MB)
	1772460  -  ResidentSetSize of job (KB)
...
006 (8017966.496.000) 2026-06-21 06:03:34 Image size of job updated: 1792552
	1751  -  MemoryUsage of job (MB)
	1792552  -  ResidentSetSize of job (KB)
...
006 (8017966.496.000) 2026-06-21 06:08:35 Image size of job updated: 1814228
	1772  -  MemoryUsage of job (MB)
	1814228  -  ResidentSetSize of job (KB)
...
006 (8017966.496.000) 2026-06-21 06:13:36 Image size of job updated: 1823876
	1772  -  MemoryUsage of job (MB)
	1814228  -  ResidentSetSize of job (KB)
...
040 (8017966.496.000) 2026-06-21 06:14:43 Started transferring output files
...
040 (8017966.496.000) 2026-06-21 06:14:43 Finished transferring output files
...
005 (8017966.496.000) 2026-06-21 06:14:43 Job terminated.
	(1) Normal termination (return value 0)
		Usr 0 03:51:36, Sys 0 00:22:19  -  Run Remote Usage
		Usr 0 00:00:00, Sys 0 00:00:00  -  Run Local Usage
		Usr 0 03:51:36, Sys 0 00:22:19  -  Total Remote Usage
		Usr 0 00:00:00, Sys 0 00:00:00  -  Total Local Usage
	11013585  -  Run Bytes Sent By Job
	2782637482  -  Run Bytes Received By Job
	11013585  -  Total Bytes Sent By Job
	2782637482  -  Total Bytes Received By Job
	Partitionable Resources :      Usage  Request Allocated Assigned
	   Cpus                 :       0.99        1         1 
	   Disk (KB)            : 2802408    16777216  16777216 
	   GPUs                 :       0.80        1         1 "GPU-c60845c2"
	   GpusMemory (MB)      :     418                       
	   IoHeavy              :                             0 
	   Memory (MB)          :    1772       16384     16384 
	   TimeExecute (s)      :   13600                       
	   TimeSlotBusy (s)     :   13649                       
...
