000 (8018100.309.000) 2026-06-21 13:37:20 Job submitted from host: <128.105.68.112:9618?addrs=128.105.68.112-9618+[2607-f388-2200-100-eaeb-d3ff-fea3-4202]-9618&alias=ap2001.chtc.wisc.edu&noUDP&sock=schedd_4071840_2329>
...
040 (8018100.309.000) 2026-06-21 16:23:01 Started transferring input files
	Transferring to host: <128.104.100.17:9618?addrs=128.104.100.17-9618+[2607-f388-107c-501-527c-6fff-fe66-e9bc]-9618&alias=jcaicedogpu0002.chtc.wisc.edu&noUDP&sock=backfill1_6_2855957_d182_90547>
...
040 (8018100.309.000) 2026-06-21 16:23:11 Finished transferring input files
...
001 (8018100.309.000) 2026-06-21 16:23:11 Job executing on host: <128.104.100.17:9618?addrs=128.104.100.17-9618+[2607-f388-107c-501-527c-6fff-fe66-e9bc]-9618&alias=jcaicedogpu0002.chtc.wisc.edu&noUDP&sock=startd_11788_2a7e>
	SlotName: backfill1_6@jcaicedogpu0002.chtc.wisc.edu
	AvailableGPUs = { GPUs_GPU_512c609b }
	CondorScratchDir = "/var/lib/condor/execute/slot1/dir_2292064/scratch"
	Cpus = 1
	Disk = 16777216
	GPUs = 1
	GPUs_GPU_512c609b = [ Id = "GPU-512c609b"; Capability = 8.9; DeviceName = "NVIDIA L40S"; DeviceUuid = "512c609b-e4d7-227e-0af3-36b95fccd70f"; ECCEnabled = true; NvidiaDriver = "570.195.03"; DriverVersion = 12.8; DevicePciBusId = "0000:50:00.0"; GlobalMemoryMb = 45468; MaxSupportedVersion = 12080 ]
	IoHeavy = 0
	Memory = 16384
...
006 (8018100.309.000) 2026-06-21 16:23:14 Image size of job updated: 76
	0  -  MemoryUsage of job (MB)
	0  -  ResidentSetSize of job (KB)
...
040 (8018100.309.000) 2026-06-21 16:23:14 Started transferring output files
...
040 (8018100.309.000) 2026-06-21 16:23:14 Finished transferring output files
...
004 (8018100.309.000) 2026-06-21 16:23:15 Job was evicted.
	(0) Job terminated and was requeued
		Usr 0 00:00:01, Sys 0 00:00:00  -  Run Remote Usage
		Usr 0 00:00:00, Sys 0 00:00:00  -  Run Local Usage
	452  -  Run Bytes Sent By Job
	2781794657  -  Run Bytes Received By Job
	(1) Normal termination (return value 2)
	The job attribute OnExitRemove expression 'NumJobCompletions > JobMaxRetries || ExitCode =?= 0' evaluated to FALSE
...
040 (8018100.309.000) 2026-06-21 16:25:23 Started transferring input files
	Transferring to host: <128.104.100.117:9618?addrs=128.104.100.117-9618+[2607-f388-107c-501-8ae9-a4ff-fe02-e150]-9618&alias=jcaicedogpu0003.chtc.wisc.edu&noUDP&sock=backfill1_7_1586877_26eb_101241>
...
040 (8018100.309.000) 2026-06-21 16:25:37 Finished transferring input files
...
001 (8018100.309.000) 2026-06-21 16:25:37 Job executing on host: <128.104.100.117:9618?addrs=128.104.100.117-9618+[2607-f388-107c-501-8ae9-a4ff-fe02-e150]-9618&alias=jcaicedogpu0003.chtc.wisc.edu&noUDP&sock=startd_10874_3cee>
	SlotName: backfill1_7@jcaicedogpu0003.chtc.wisc.edu
	AvailableGPUs = { GPUs_GPU_b09fa1d1 }
	CondorScratchDir = "/var/lib/condor/execute/slot1/dir_3189850/scratch"
	Cpus = 1
	Disk = 16777216
	GPUs = 1
	GPUs_GPU_b09fa1d1 = [ Id = "GPU-b09fa1d1"; Capability = 8.9; DeviceName = "NVIDIA L40S"; DeviceUuid = "b09fa1d1-39bb-4cce-22c0-f7add6d83f34"; ECCEnabled = true; NvidiaDriver = "570.195.03"; DriverVersion = 12.8; DevicePciBusId = "0000:81:00.0"; GlobalMemoryMb = 45468; MaxSupportedVersion = 12080 ]
	IoHeavy = 0
	Memory = 16384
...
006 (8018100.309.000) 2026-06-21 16:25:40 Image size of job updated: 876
	0  -  MemoryUsage of job (MB)
	0  -  ResidentSetSize of job (KB)
...
040 (8018100.309.000) 2026-06-21 16:25:40 Started transferring output files
...
040 (8018100.309.000) 2026-06-21 16:25:40 Finished transferring output files
...
004 (8018100.309.000) 2026-06-21 16:25:40 Job was evicted.
	(0) Job terminated and was requeued
		Usr 0 00:00:01, Sys 0 00:00:00  -  Run Remote Usage
		Usr 0 00:00:00, Sys 0 00:00:00  -  Run Local Usage
	452  -  Run Bytes Sent By Job
	2781794657  -  Run Bytes Received By Job
	(1) Normal termination (return value 2)
	The job attribute OnExitRemove expression 'NumJobCompletions > JobMaxRetries || ExitCode =?= 0' evaluated to FALSE
...
040 (8018100.309.000) 2026-06-21 16:27:22 Started transferring input files
	Transferring to host: <128.105.69.72:9618?addrs=128.105.69.72-9618+[2607-f388-2200-100-bae9-24ff-fe36-96e0]-9618&alias=ssilwalgpu4000.chtc.wisc.edu&noUDP&sock=backfill1_2_2012046_2cd4_84283>
...
040 (8018100.309.000) 2026-06-21 16:27:32 Finished transferring input files
...
001 (8018100.309.000) 2026-06-21 16:27:32 Job executing on host: <128.105.69.72:9618?addrs=128.105.69.72-9618+[2607-f388-2200-100-bae9-24ff-fe36-96e0]-9618&alias=ssilwalgpu4000.chtc.wisc.edu&noUDP&sock=startd_10752_8e60>
	SlotName: backfill1_2@ssilwalgpu4000.chtc.wisc.edu
	AvailableGPUs = { GPUs_GPU_5cdb85f0 }
	CondorScratchDir = "/var/lib/condor/execute/slot1/dir_21234/scratch"
	Cpus = 1
	Disk = 16777216
	GPUs = 1
	GPUs_GPU_5cdb85f0 = [ Id = "GPU-5cdb85f0"; Capability = 9.0; DeviceName = "NVIDIA H200"; DeviceUuid = "5cdb85f0-5737-043f-3398-ed859ad2fafe"; ECCEnabled = true; NvidiaDriver = "570.195.03"; DriverVersion = 12.8; DevicePciBusId = "0000:9E:00.0"; GlobalMemoryMb = 143166; MaxSupportedVersion = 12080 ]
	IoHeavy = 0
	Memory = 16384
...
040 (8018100.309.000) 2026-06-21 16:27:35 Started transferring output files
...
040 (8018100.309.000) 2026-06-21 16:27:35 Finished transferring output files
...
004 (8018100.309.000) 2026-06-21 16:27:36 Job was evicted.
	(0) Job terminated and was requeued
		Usr 0 00:00:01, Sys 0 00:00:00  -  Run Remote Usage
		Usr 0 00:00:00, Sys 0 00:00:00  -  Run Local Usage
	451  -  Run Bytes Sent By Job
	2781794657  -  Run Bytes Received By Job
	(1) Normal termination (return value 2)
	The job attribute OnExitRemove expression 'NumJobCompletions > JobMaxRetries || ExitCode =?= 0' evaluated to FALSE
...
040 (8018100.309.000) 2026-06-21 16:29:28 Started transferring input files
	Transferring to host: <128.105.69.72:9618?addrs=128.105.69.72-9618+[2607-f388-2200-100-bae9-24ff-fe36-96e0]-9618&alias=ssilwalgpu4000.chtc.wisc.edu&noUDP&sock=backfill1_3_2012046_2cd4_84287>
...
040 (8018100.309.000) 2026-06-21 16:29:36 Finished transferring input files
...
001 (8018100.309.000) 2026-06-21 16:29:36 Job executing on host: <128.105.69.72:9618?addrs=128.105.69.72-9618+[2607-f388-2200-100-bae9-24ff-fe36-96e0]-9618&alias=ssilwalgpu4000.chtc.wisc.edu&noUDP&sock=startd_10752_8e60>
	SlotName: backfill1_3@ssilwalgpu4000.chtc.wisc.edu
	AvailableGPUs = { GPUs_GPU_9b91e22c }
	CondorScratchDir = "/var/lib/condor/execute/slot1/dir_21873/scratch"
	Cpus = 1
	Disk = 16777216
	GPUs = 1
	GPUs_GPU_9b91e22c = [ Id = "GPU-9b91e22c"; Capability = 9.0; DeviceName = "NVIDIA H200"; DeviceUuid = "9b91e22c-a269-8d3b-4b76-29c6cac34367"; ECCEnabled = true; NvidiaDriver = "570.195.03"; DriverVersion = 12.8; DevicePciBusId = "0000:2F:00.0"; GlobalMemoryMb = 143166; MaxSupportedVersion = 12080 ]
	IoHeavy = 0
	Memory = 16384
...
040 (8018100.309.000) 2026-06-21 16:29:39 Started transferring output files
...
040 (8018100.309.000) 2026-06-21 16:29:39 Finished transferring output files
...
004 (8018100.309.000) 2026-06-21 16:29:39 Job was evicted.
	(0) Job terminated and was requeued
		Usr 0 00:00:01, Sys 0 00:00:00  -  Run Remote Usage
		Usr 0 00:00:00, Sys 0 00:00:00  -  Run Local Usage
	451  -  Run Bytes Sent By Job
	2781794657  -  Run Bytes Received By Job
	(1) Normal termination (return value 2)
	The job attribute OnExitRemove expression 'NumJobCompletions > JobMaxRetries || ExitCode =?= 0' evaluated to FALSE
...
040 (8018100.309.000) 2026-06-21 16:31:50 Started transferring input files
	Transferring to host: <128.105.68.100:9618?addrs=128.105.68.100-9618+[2607-f388-2200-100-ac0-ebff-fe99-9a48]-9618&alias=gpu2008.chtc.wisc.edu&noUDP&sock=slot2_3_160879_8f27_83270>
...
040 (8018100.309.000) 2026-06-21 16:32:10 Finished transferring input files
...
001 (8018100.309.000) 2026-06-21 16:32:10 Job executing on host: <128.105.68.100:9618?addrs=128.105.68.100-9618+[2607-f388-2200-100-ac0-ebff-fe99-9a48]-9618&alias=gpu2008.chtc.wisc.edu&noUDP&sock=startd_12349_f71f>
	SlotName: slot2_3@gpu2008.chtc.wisc.edu
	AvailableGPUs = { GPUs_GPU_ff708371_0893_0d85_ae2b_0810d095e111 }
	CondorScratchDir = "/var/lib/condor/execute/slot2/dir_1090554/scratch"
	Cpus = 1
	Disk = 16777216
	GPUs = 1
	GPUs_GPU_ff708371_0893_0d85_ae2b_0810d095e111 = [ Id = "GPU-ff708371-0893-0d85-ae2b-0810d095e111"; Capability = 8.0; DeviceName = "NVIDIA A100-SXM4-80GB"; DeviceUuid = "ff708371-0893-0d85-ae2b-0810d095e111"; ECCEnabled = true; NvidiaDriver = "570.195.03"; DriverVersion = 12.8; DevicePciBusId = "0000:81:00.0"; GlobalMemoryMb = 81154; MaxSupportedVersion = 12080 ]
	Memory = 16384
...
040 (8018100.309.000) 2026-06-21 16:32:14 Started transferring output files
...
040 (8018100.309.000) 2026-06-21 16:32:14 Finished transferring output files
...
004 (8018100.309.000) 2026-06-21 16:32:14 Job was evicted.
	(0) Job terminated and was requeued
		Usr 0 00:00:02, Sys 0 00:00:00  -  Run Remote Usage
		Usr 0 00:00:00, Sys 0 00:00:00  -  Run Local Usage
	444  -  Run Bytes Sent By Job
	2781794657  -  Run Bytes Received By Job
	(1) Normal termination (return value 2)
	The job attribute OnExitRemove expression 'NumJobCompletions > JobMaxRetries || ExitCode =?= 0' evaluated to FALSE
...
040 (8018100.309.000) 2026-06-21 16:34:08 Started transferring input files
	Transferring to host: <128.105.76.38:9618?addrs=128.105.76.38-9618+[2607-f388-2200-100-e29d-73ff-fe7b-534e]-9618&alias=mrudolphgpu4000.chtc.wisc.edu&noUDP&sock=backfill1_1_2520286_3b90_82865>
...
040 (8018100.309.000) 2026-06-21 16:34:18 Finished transferring input files
...
001 (8018100.309.000) 2026-06-21 16:34:18 Job executing on host: <128.105.76.38:9618?addrs=128.105.76.38-9618+[2607-f388-2200-100-e29d-73ff-fe7b-534e]-9618&alias=mrudolphgpu4000.chtc.wisc.edu&noUDP&sock=startd_17841_0541>
	SlotName: backfill1_1@mrudolphgpu4000.chtc.wisc.edu
	AvailableGPUs = { GPUs_GPU_950c41f9 }
	CondorScratchDir = "/var/lib/condor/execute/slot1/dir_786234/scratch"
	Cpus = 1
	Disk = 16777216
	GPUs = 1
	GPUs_GPU_950c41f9 = [ Id = "GPU-950c41f9"; Capability = 9.0; DeviceName = "NVIDIA H200"; DeviceUuid = "950c41f9-cf16-2c6d-80ab-a5ba0cdec021"; ECCEnabled = true; NvidiaDriver = "570.195.03"; DriverVersion = 12.8; DevicePciBusId = "0000:DB:00.0"; GlobalMemoryMb = 143166; MaxSupportedVersion = 12080 ]
	IoHeavy = 0
	Memory = 16384
...
040 (8018100.309.000) 2026-06-21 16:34:21 Started transferring output files
...
040 (8018100.309.000) 2026-06-21 16:34:21 Finished transferring output files
...
004 (8018100.309.000) 2026-06-21 16:34:21 Job was evicted.
	(0) Job terminated and was requeued
		Usr 0 00:00:02, Sys 0 00:00:00  -  Run Remote Usage
		Usr 0 00:00:00, Sys 0 00:00:00  -  Run Local Usage
	452  -  Run Bytes Sent By Job
	2781794657  -  Run Bytes Received By Job
	(1) Normal termination (return value 2)
	The job attribute OnExitRemove expression 'NumJobCompletions > JobMaxRetries || ExitCode =?= 0' evaluated to FALSE
...
040 (8018100.309.000) 2026-06-21 16:36:39 Started transferring input files
	Transferring to host: <128.105.68.166:9618?addrs=128.105.68.166-9618+[2607-f388-2200-100-b62e-99ff-feb7-2e2d]-9618&alias=gpulab2001.chtc.wisc.edu&noUDP&sock=slot2_1_11113_dd1d_54129>
...
040 (8018100.309.000) 2026-06-21 16:38:45 Finished transferring input files
...
001 (8018100.309.000) 2026-06-21 16:38:45 Job executing on host: <128.105.68.166:9618?addrs=128.105.68.166-9618+[2607-f388-2200-100-b62e-99ff-feb7-2e2d]-9618&alias=gpulab2001.chtc.wisc.edu&noUDP&sock=startd_10083_ad84>
	SlotName: slot2_1@gpulab2001.chtc.wisc.edu
	AvailableGPUs = { GPUs_GPU_cc91074a }
	CondorScratchDir = "/var/lib/condor/execute/slot2/dir_1303080/scratch"
	Cpus = 1
	Disk = 16777216
	GPUs = 1
	GPUs_GPU_cc91074a = [ Id = "GPU-cc91074a"; Capability = 7.5; DeviceName = "NVIDIA GeForce RTX 2080 Ti"; DeviceUuid = "cc91074a-1992-11a1-fc4e-7c84f58de8e0"; ECCEnabled = false; NvidiaDriver = "570.195.03"; DriverVersion = 12.8; DevicePciBusId = "0000:3D:00.0"; GlobalMemoryMb = 10823; MaxSupportedVersion = 12080 ]
	IoHeavy = 0
	Memory = 16384
...
040 (8018100.309.000) 2026-06-21 16:38:49 Started transferring output files
...
040 (8018100.309.000) 2026-06-21 16:38:49 Finished transferring output files
...
004 (8018100.309.000) 2026-06-21 16:38:50 Job was evicted.
	(0) Job terminated and was requeued
		Usr 0 00:00:02, Sys 0 00:00:00  -  Run Remote Usage
		Usr 0 00:00:00, Sys 0 00:00:00  -  Run Local Usage
	447  -  Run Bytes Sent By Job
	2781794657  -  Run Bytes Received By Job
	(1) Normal termination (return value 2)
	The job attribute OnExitRemove expression 'NumJobCompletions > JobMaxRetries || ExitCode =?= 0' evaluated to FALSE
...
040 (8018100.309.000) 2026-06-21 16:39:01 Started transferring input files
	Transferring to host: <128.105.76.47:9618?addrs=128.105.76.47-9618+[2607-f388-2200-100-527c-6fff-fe82-826a]-9618&alias=gpu4006.chtc.wisc.edu&noUDP&sock=slot2_6_2618986_4fbd_88647>
...
040 (8018100.309.000) 2026-06-21 16:39:14 Finished transferring input files
...
001 (8018100.309.000) 2026-06-21 16:39:14 Job executing on host: <128.105.76.47:9618?addrs=128.105.76.47-9618+[2607-f388-2200-100-527c-6fff-fe82-826a]-9618&alias=gpu4006.chtc.wisc.edu&noUDP&sock=startd_11220_90b3>
	SlotName: slot2_6@gpu4006.chtc.wisc.edu
	AvailableGPUs = { GPUs_GPU_a7db8880 }
	CondorScratchDir = "/var/lib/condor/execute/slot2/dir_2980682/scratch"
	Cpus = 1
	Disk = 16777216
	GPUs = 1
	GPUs_GPU_a7db8880 = [ Id = "GPU-a7db8880"; Capability = 8.9; DeviceName = "NVIDIA L40S"; DeviceUuid = "a7db8880-55ca-0490-a7d4-abafc6737be6"; ECCEnabled = true; NvidiaDriver = "590.48.01"; DriverVersion = 13.1; DevicePciBusId = "0000:A1:00.0"; GlobalMemoryMb = 45460; MaxSupportedVersion = 13010 ]
	IoHeavy = 0
	Memory = 16384
...
040 (8018100.309.000) 2026-06-21 16:39:17 Started transferring output files
...
040 (8018100.309.000) 2026-06-21 16:39:17 Finished transferring output files
...
004 (8018100.309.000) 2026-06-21 16:39:17 Job was evicted.
	(0) Job terminated and was requeued
		Usr 0 00:00:01, Sys 0 00:00:00  -  Run Remote Usage
		Usr 0 00:00:00, Sys 0 00:00:00  -  Run Local Usage
	458  -  Run Bytes Sent By Job
	2781794657  -  Run Bytes Received By Job
	(1) Normal termination (return value 2)
	The job attribute OnExitRemove expression 'NumJobCompletions > JobMaxRetries || ExitCode =?= 0' evaluated to FALSE
...
040 (8018100.309.000) 2026-06-21 16:39:27 Started transferring input files
	Transferring to host: <128.105.76.47:9618?addrs=128.105.76.47-9618+[2607-f388-2200-100-527c-6fff-fe82-826a]-9618&alias=gpu4006.chtc.wisc.edu&noUDP&sock=slot2_6_2618986_4fbd_88649>
...
040 (8018100.309.000) 2026-06-21 16:39:45 Finished transferring input files
...
001 (8018100.309.000) 2026-06-21 16:39:45 Job executing on host: <128.105.76.47:9618?addrs=128.105.76.47-9618+[2607-f388-2200-100-527c-6fff-fe82-826a]-9618&alias=gpu4006.chtc.wisc.edu&noUDP&sock=startd_11220_90b3>
	SlotName: slot2_6@gpu4006.chtc.wisc.edu
	AvailableGPUs = { GPUs_GPU_a7db8880 }
	CondorScratchDir = "/var/lib/condor/execute/slot2/dir_2981213/scratch"
	Cpus = 1
	Disk = 16777216
	GPUs = 1
	GPUs_GPU_a7db8880 = [ Id = "GPU-a7db8880"; Capability = 8.9; DeviceName = "NVIDIA L40S"; DeviceUuid = "a7db8880-55ca-0490-a7d4-abafc6737be6"; ECCEnabled = true; NvidiaDriver = "590.48.01"; DriverVersion = 13.1; DevicePciBusId = "0000:A1:00.0"; GlobalMemoryMb = 45460; MaxSupportedVersion = 13010 ]
	IoHeavy = 0
	Memory = 16384
...
040 (8018100.309.000) 2026-06-21 16:39:47 Started transferring output files
...
040 (8018100.309.000) 2026-06-21 16:39:47 Finished transferring output files
...
004 (8018100.309.000) 2026-06-21 16:39:48 Job was evicted.
	(0) Job terminated and was requeued
		Usr 0 00:00:01, Sys 0 00:00:00  -  Run Remote Usage
		Usr 0 00:00:00, Sys 0 00:00:00  -  Run Local Usage
	458  -  Run Bytes Sent By Job
	2781794657  -  Run Bytes Received By Job
	(1) Normal termination (return value 2)
	The job attribute OnExitRemove expression 'NumJobCompletions > JobMaxRetries || ExitCode =?= 0' evaluated to FALSE
...
040 (8018100.309.000) 2026-06-21 16:39:53 Started transferring input files
	Transferring to host: <128.105.68.102:9618?addrs=128.105.68.102-9618+[2607-f388-2200-100-1270-fdff-fe74-920]-9618&alias=gpu2010.chtc.wisc.edu&noUDP&sock=slot2_1_2570277_6a21_73456>
...
040 (8018100.309.000) 2026-06-21 16:40:09 Finished transferring input files
...
001 (8018100.309.000) 2026-06-21 16:40:09 Job executing on host: <128.105.68.102:9618?addrs=128.105.68.102-9618+[2607-f388-2200-100-1270-fdff-fe74-920]-9618&alias=gpu2010.chtc.wisc.edu&noUDP&sock=startd_12400_f274>
	SlotName: slot2_1@gpu2010.chtc.wisc.edu
	AvailableGPUs = { GPUs_GPU_ebb6cfb4 }
	CondorScratchDir = "/var/lib/condor/execute/slot2/dir_3045831/scratch"
	Cpus = 1
	Disk = 16777216
	GPUs = 1
	GPUs_GPU_ebb6cfb4 = [ Id = "GPU-ebb6cfb4"; Capability = 8.0; DeviceName = "NVIDIA A100-SXM4-80GB"; DeviceUuid = "ebb6cfb4-dd3e-9883-e9ad-6ddb1e1276f9"; ECCEnabled = true; NvidiaDriver = "570.195.03"; DriverVersion = 12.8; DevicePciBusId = "0000:01:00.0"; GlobalMemoryMb = 81154; MaxSupportedVersion = 12080 ]
	IoHeavy = 0
	Memory = 16384
...
040 (8018100.309.000) 2026-06-21 16:40:13 Started transferring output files
...
040 (8018100.309.000) 2026-06-21 16:40:13 Finished transferring output files
...
004 (8018100.309.000) 2026-06-21 16:40:13 Job was evicted.
	(0) Job terminated and was requeued
		Usr 0 00:00:02, Sys 0 00:00:01  -  Run Remote Usage
		Usr 0 00:00:00, Sys 0 00:00:00  -  Run Local Usage
	444  -  Run Bytes Sent By Job
	2781794657  -  Run Bytes Received By Job
	(1) Normal termination (return value 2)
	The job attribute OnExitRemove expression 'NumJobCompletions > JobMaxRetries || ExitCode =?= 0' evaluated to FALSE
...
040 (8018100.309.000) 2026-06-21 16:40:22 Started transferring input files
	Transferring to host: <128.104.103.104:9618?addrs=128.104.103.104-9618+[2607-f388-107c-501-ae1f-6bff-fe40-ce2e]-9618&alias=gitter0000.chtc.wisc.edu&noUDP&sock=backfill1_1_8979_4486_9037>
...
040 (8018100.309.000) 2026-06-21 16:42:09 Finished transferring input files
...
001 (8018100.309.000) 2026-06-21 16:42:09 Job executing on host: <128.104.103.104:9618?addrs=128.104.103.104-9618+[2607-f388-107c-501-ae1f-6bff-fe40-ce2e]-9618&alias=gitter0000.chtc.wisc.edu&noUDP&sock=startd_8665_0c39>
	SlotName: backfill1_1@gitter0000.chtc.wisc.edu
	AvailableGPUs = { GPUs_GPU_eb8665c4 }
	CondorScratchDir = "/var/lib/condor/execute/slot1/dir_4014682/scratch"
	Cpus = 1
	Disk = 16777216
	GPUs = 1
	GPUs_GPU_eb8665c4 = [ Id = "GPU-eb8665c4"; Capability = 6.1; DeviceName = "NVIDIA GeForce GTX 1080 Ti"; DeviceUuid = "eb8665c4-91be-2542-059c-afd7b593dbf0"; ECCEnabled = false; NvidiaDriver = "570.195.03"; DriverVersion = 12.8; DevicePciBusId = "0000:AF:00.0"; GlobalMemoryMb = 11165; MaxSupportedVersion = 12080 ]
	IoHeavy = 0
	Memory = 16384
...
040 (8018100.309.000) 2026-06-21 16:42:13 Started transferring output files
...
040 (8018100.309.000) 2026-06-21 16:42:13 Finished transferring output files
...
005 (8018100.309.000) 2026-06-21 16:42:14 Job terminated.
	(1) Normal termination (return value 2)
		Usr 0 00:00:03, Sys 0 00:00:00  -  Run Remote Usage
		Usr 0 00:00:00, Sys 0 00:00:00  -  Run Local Usage
		Usr 0 00:00:17, Sys 0 00:00:01  -  Total Remote Usage
		Usr 0 00:00:00, Sys 0 00:00:00  -  Total Local Usage
	447  -  Run Bytes Sent By Job
	2781794657  -  Run Bytes Received By Job
	4956  -  Total Bytes Sent By Job
	30599741227  -  Total Bytes Received By Job
	Partitionable Resources :      Usage  Request Allocated Assigned
	   Cpus                 :       0.29        1         1 
	   Disk (KB)            : 2716632    16777216  16777216 
	   GPUs                 :       0           1         1 "GPU-eb8665c4"
	   GpusMemory (MB)      :     103                       
	   IoHeavy              :                             0 
	   Memory (MB)          :       0       16384     16384 
	   TimeExecute (s)      :       4                       
	   TimeSlotBusy (s)     :     111                       
...
