INFO:openfe.utils.system_probe.log:SYSTEM CONFIG DETAILS:
INFO:openfe.utils.system_probe.log.hostname:hostname: 'jcaicedogpu0000'
INFO:openfe.utils.system_probe.log.gpu:CUDA-based GPU not found
INFO:openfe.utils.system_probe.log:Memory used: 65.4G (13.0%)
INFO:openfe.utils.system_probe.log:quickrun_scratch/scratch_HybridTopologySetupUnit-18c34b9bc3434e82abc48159e5c2bd2b_attempt_0: 30% full (5.9T free)
INFO:gufekey.openfe.protocols.openmm_rfe.hybridtop_units.HybridTopologySetupUnit:Starting system setup unit
INFO:gufekey.openfe.protocols.openmm_rfe.hybridtop_units.HybridTopologySetupUnit:Parameterizing systems
INFO:openmmforcefields.generators.template_generators:Requested to generate parameters for residue <Residue 0 (UNK) of chain 0>
INFO:openmmforcefields.generators.template_generators:Generating a residue template for [H][c]1[c]([H])[c](-[c]2[n][c]3[c]([c]([C](=[O])[N]4[C]([H])([H])[C]([H])([C]([H])([H])[C](=[O])[N]([H])[H])[C]4([H])[H])[c]2[H])[C]([C]([H])([H])[H])=[N][O]3)[c]([H])[c]([C]([F])([F])[F])[c]1[H] using openff-2.2.1
INFO:openmmforcefields.generators.template_generators:Requested to generate parameters for residue <Residue 573 (UNK) of chain 3>
INFO:openmmforcefields.generators.template_generators:Generating a residue template for [H][C]#[C][C]([H])([H])[C@]1([H])[C]([H])([H])[N]([C](=[O])[c]2[c]([H])[c](-[c]3[c]([H])[c]([H])[c]([H])[c]([C]([F])([F])[F])[c]3[H])[n][c]3[c]2[C]([C]([H])([H])[H])=[N][O]3)[C]([H])([H])[C]([H])([H])[C]1([H])[H] using openff-2.2.1
INFO:openfe.protocols.openmm_rfe._rfe_utils.relative:Creating hybrid system
INFO:openfe.protocols.openmm_rfe._rfe_utils.relative:Setting force field terms
INFO:openfe.protocols.openmm_rfe._rfe_utils.relative:Adding forces
INFO:openfe.protocols.openmm_rfe._rfe_utils.relative:No CMAPTorsionForce found. Skipping adding force.
INFO:openfe.utils.system_probe.log:SYSTEM CONFIG DETAILS:
INFO:openfe.utils.system_probe.log.hostname:hostname: 'jcaicedogpu0000'
INFO:openfe.utils.system_probe.log.gpu:CUDA-based GPU not found
INFO:openfe.utils.system_probe.log:Memory used: 65.4G (13.0%)
INFO:openfe.utils.system_probe.log:quickrun_scratch/scratch_HybridTopologySetupUnit-18c34b9bc3434e82abc48159e5c2bd2b_attempt_1: 30% full (5.9T free)
INFO:gufekey.openfe.protocols.openmm_rfe.hybridtop_units.HybridTopologySetupUnit:Starting system setup unit
INFO:gufekey.openfe.protocols.openmm_rfe.hybridtop_units.HybridTopologySetupUnit:Parameterizing systems
INFO:openmmforcefields.generators.template_generators:Requested to generate parameters for residue <Residue 0 (UNK) of chain 0>
INFO:openmmforcefields.generators.template_generators:Generating a residue template for [H][c]1[c]([H])[c](-[c]2[n][c]3[c]([c]([C](=[O])[N]4[C]([H])([H])[C]([H])([C]([H])([H])[C](=[O])[N]([H])[H])[C]4([H])[H])[c]2[H])[C]([C]([H])([H])[H])=[N][O]3)[c]([H])[c]([C]([F])([F])[F])[c]1[H] using openff-2.2.1
INFO:openmmforcefields.generators.template_generators:Requested to generate parameters for residue <Residue 573 (UNK) of chain 3>
INFO:openmmforcefields.generators.template_generators:Generating a residue template for [H][C]#[C][C]([H])([H])[C@]1([H])[C]([H])([H])[N]([C](=[O])[c]2[c]([H])[c](-[c]3[c]([H])[c]([H])[c]([H])[c]([C]([F])([F])[F])[c]3[H])[n][c]3[c]2[C]([C]([H])([H])[H])=[N][O]3)[C]([H])([H])[C]([H])([H])[C]1([H])[H] using openff-2.2.1
INFO:openfe.protocols.openmm_rfe._rfe_utils.relative:Creating hybrid system
INFO:openfe.protocols.openmm_rfe._rfe_utils.relative:Setting force field terms
INFO:openfe.protocols.openmm_rfe._rfe_utils.relative:Adding forces
INFO:openfe.protocols.openmm_rfe._rfe_utils.relative:No CMAPTorsionForce found. Skipping adding force.
INFO:openfe.utils.system_probe.log:SYSTEM CONFIG DETAILS:
INFO:openfe.utils.system_probe.log.hostname:hostname: 'jcaicedogpu0000'
INFO:openfe.utils.system_probe.log.gpu:CUDA-based GPU not found
INFO:openfe.utils.system_probe.log:Memory used: 65.5G (13.0%)
INFO:openfe.utils.system_probe.log:quickrun_scratch/scratch_HybridTopologySetupUnit-18c34b9bc3434e82abc48159e5c2bd2b_attempt_2: 30% full (5.9T free)
INFO:gufekey.openfe.protocols.openmm_rfe.hybridtop_units.HybridTopologySetupUnit:Starting system setup unit
INFO:gufekey.openfe.protocols.openmm_rfe.hybridtop_units.HybridTopologySetupUnit:Parameterizing systems
INFO:openmmforcefields.generators.template_generators:Requested to generate parameters for residue <Residue 0 (UNK) of chain 0>
INFO:openmmforcefields.generators.template_generators:Generating a residue template for [H][c]1[c]([H])[c](-[c]2[n][c]3[c]([c]([C](=[O])[N]4[C]([H])([H])[C]([H])([C]([H])([H])[C](=[O])[N]([H])[H])[C]4([H])[H])[c]2[H])[C]([C]([H])([H])[H])=[N][O]3)[c]([H])[c]([C]([F])([F])[F])[c]1[H] using openff-2.2.1
INFO:openmmforcefields.generators.template_generators:Requested to generate parameters for residue <Residue 573 (UNK) of chain 3>
INFO:openmmforcefields.generators.template_generators:Generating a residue template for [H][C]#[C][C]([H])([H])[C@]1([H])[C]([H])([H])[N]([C](=[O])[c]2[c]([H])[c](-[c]3[c]([H])[c]([H])[c]([H])[c]([C]([F])([F])[F])[c]3[H])[n][c]3[c]2[C]([C]([H])([H])[H])=[N][O]3)[C]([H])([H])[C]([H])([H])[C]1([H])[H] using openff-2.2.1
INFO:openfe.protocols.openmm_rfe._rfe_utils.relative:Creating hybrid system
INFO:openfe.protocols.openmm_rfe._rfe_utils.relative:Setting force field terms
INFO:openfe.protocols.openmm_rfe._rfe_utils.relative:Adding forces
INFO:openfe.protocols.openmm_rfe._rfe_utils.relative:No CMAPTorsionForce found. Skipping adding force.
Error: The protocol unit 'HybridTopology Setup: OADMET-0006391 to OADMET-0006377 repeat 0 generation 0' failed with the error message:
IndexError: list index out of range

Details provided in output.
