000 (8321903.075.000) 2026-06-26 09:00:08 Job submitted from host: <128.105.68.112:9618?addrs=128.105.68.112-9618+[2607-f388-2200-100-eaeb-d3ff-fea3-4202]-9618&alias=ap2001.chtc.wisc.edu&noUDP&sock=schedd_4071840_2329>
...
040 (8321903.075.000) 2026-06-26 10:53:00 Started transferring input files
	Transferring to host: <128.105.68.97:9618?addrs=128.105.68.97-9618+[2607-f388-2200-100-ac0-ebff-fe99-a130]-9618&alias=gpu2005.chtc.wisc.edu&noUDP&sock=slot2_1_3520220_31a6_89821>
...
040 (8321903.075.000) 2026-06-26 10:53:14 Finished transferring input files
...
001 (8321903.075.000) 2026-06-26 10:53:14 Job executing on host: <128.105.68.97:9618?addrs=128.105.68.97-9618+[2607-f388-2200-100-ac0-ebff-fe99-a130]-9618&alias=gpu2005.chtc.wisc.edu&noUDP&sock=startd_13240_1e02>
	SlotName: slot2_1@gpu2005.chtc.wisc.edu
	AvailableGPUs = { GPUs_GPU_516b29b8 }
	CondorScratchDir = "/var/lib/condor/execute/slot2/dir_1143734/scratch"
	Cpus = 1
	Disk = 16777216
	GPUs = 1
	GPUs_GPU_516b29b8 = [ Id = "GPU-516b29b8"; Capability = 8.0; DeviceName = "NVIDIA A100-SXM4-80GB"; DeviceUuid = "516b29b8-8650-46a3-00d3-227be0325a4f"; ECCEnabled = true; NvidiaDriver = "570.195.03"; DriverVersion = 12.8; DevicePciBusId = "0000:01:00.0"; GlobalMemoryMb = 81154; MaxSupportedVersion = 12080 ]
	IoHeavy = 0
	Memory = 16384
...
006 (8321903.075.000) 2026-06-26 10:53:23 Image size of job updated: 369480
	361  -  MemoryUsage of job (MB)
	369480  -  ResidentSetSize of job (KB)
...
006 (8321903.075.000) 2026-06-26 10:58:23 Image size of job updated: 976112
	952  -  MemoryUsage of job (MB)
	974776  -  ResidentSetSize of job (KB)
...
006 (8321903.075.000) 2026-06-26 11:03:24 Image size of job updated: 976112
	953  -  MemoryUsage of job (MB)
	975336  -  ResidentSetSize of job (KB)
...
006 (8321903.075.000) 2026-06-26 11:08:24 Image size of job updated: 979396
	957  -  MemoryUsage of job (MB)
	979396  -  ResidentSetSize of job (KB)
...
006 (8321903.075.000) 2026-06-26 11:13:25 Image size of job updated: 983416
	961  -  MemoryUsage of job (MB)
	983416  -  ResidentSetSize of job (KB)
...
006 (8321903.075.000) 2026-06-26 11:18:25 Image size of job updated: 988860
	966  -  MemoryUsage of job (MB)
	988860  -  ResidentSetSize of job (KB)
...
006 (8321903.075.000) 2026-06-26 11:23:25 Image size of job updated: 992468
	970  -  MemoryUsage of job (MB)
	992468  -  ResidentSetSize of job (KB)
...
006 (8321903.075.000) 2026-06-26 11:28:26 Image size of job updated: 999632
	977  -  MemoryUsage of job (MB)
	999632  -  ResidentSetSize of job (KB)
...
006 (8321903.075.000) 2026-06-26 11:33:26 Image size of job updated: 1003468
	980  -  MemoryUsage of job (MB)
	1003468  -  ResidentSetSize of job (KB)
...
006 (8321903.075.000) 2026-06-26 11:38:27 Image size of job updated: 1008456
	985  -  MemoryUsage of job (MB)
	1008456  -  ResidentSetSize of job (KB)
...
006 (8321903.075.000) 2026-06-26 11:43:27 Image size of job updated: 1008464
	985  -  MemoryUsage of job (MB)
	1008456  -  ResidentSetSize of job (KB)
...
040 (8321903.075.000) 2026-06-26 11:44:59 Started transferring output files
...
040 (8321903.075.000) 2026-06-26 11:44:59 Finished transferring output files
...
005 (8321903.075.000) 2026-06-26 11:45:00 Job terminated.
	(1) Normal termination (return value 0)
		Usr 0 00:52:34, Sys 0 01:17:20  -  Run Remote Usage
		Usr 0 00:00:00, Sys 0 00:00:00  -  Run Local Usage
		Usr 0 00:52:34, Sys 0 01:17:20  -  Total Remote Usage
		Usr 0 00:00:00, Sys 0 00:00:00  -  Total Local Usage
	1564951  -  Run Bytes Sent By Job
	2781016169  -  Run Bytes Received By Job
	1564951  -  Total Bytes Sent By Job
	2781016169  -  Total Bytes Received By Job
	Partitionable Resources :      Usage  Request Allocated Assigned
	   Cpus                 :       0.99        1         1 
	   Disk (KB)            : 2729156    16777216  16777216 
	   GPUs                 :       0.83        1         1 "GPU-516b29b8"
	   GpusMemory (MB)      :    6781                       
	   IoHeavy              :                             0 
	   Memory (MB)          :     985       16384     16384 
	   TimeExecute (s)      :    3105                       
	   TimeSlotBusy (s)     :    3119                       
...
