000 (8018100.066.000) 2026-06-21 13:37:20 Job submitted from host: <128.105.68.112:9618?addrs=128.105.68.112-9618+[2607-f388-2200-100-eaeb-d3ff-fea3-4202]-9618&alias=ap2001.chtc.wisc.edu&noUDP&sock=schedd_4071840_2329>
...
040 (8018100.066.000) 2026-06-21 14:04:03 Started transferring input files
	Transferring to host: <10.244.214.53:38649?CCBID=128.105.82.148:9618%3faddrs%3d128.105.82.148-9618+[2607-f388-2200-9d-7ccb-bc08-2489-768a]-9618%26alias%3dospool-ccb.osg.chtc.io%26noUDP%26sock%3dcollector1#4097040%2067.58.49.91:9618%3faddrs%3d67.58.49.91-9618+[fdf0-17b3-c3ec-1f79-10-0-e-b69d]-9618%26alias%3dccb-2.ospool.osg-htc.org%26noUDP%26sock%3dcollector1#4091140&PrivNet=GSU-Adonis-EP.osg-endpoint-74b7c7597f-7qdgv&addrs=10.244.214.53-38649&alias=GSU-Adonis-EP.osg-endpoint-74b7c7597f-7qdgv&noUDP&sock=slot1_1_4582_2ef3_2988>
...
040 (8018100.066.000) 2026-06-21 14:04:24 Finished transferring input files
...
021 (8018100.066.000) 2026-06-21 14:04:24 Message from starter on slot1_1@GSU-Adonis-EP.osg-endpoint-74b7c7597f-7qdgv:
	PREPARE_JOB (prepare-hook) succeeded (reported status 000): Using Singularity image openfe_1.11.1.sif
...
001 (8018100.066.000) 2026-06-21 14:04:24 Job executing on host: <10.244.214.53:38649?CCBID=128.105.82.148:9618%3faddrs%3d128.105.82.148-9618+[2607-f388-2200-9d-7ccb-bc08-2489-768a]-9618%26alias%3dospool-ccb.osg.chtc.io%26noUDP%26sock%3dcollector1#4097040%2067.58.49.91:9618%3faddrs%3d67.58.49.91-9618+[fdf0-17b3-c3ec-1f79-10-0-e-b69d]-9618%26alias%3dccb-2.ospool.osg-htc.org%26noUDP%26sock%3dcollector1#4091140&PrivNet=GSU-Adonis-EP.osg-endpoint-74b7c7597f-7qdgv&addrs=10.244.214.53-38649&alias=GSU-Adonis-EP.osg-endpoint-74b7c7597f-7qdgv&noUDP&sock=startd_4575_a5df>
	SlotName: slot1_1@GSU-Adonis-EP.osg-endpoint-74b7c7597f-7qdgv
	AvailableGPUs = { GPUs_GPU_14b707a2 }
	CondorScratchDir = "/pilot/osgvo-pilot-iR4xKb/execute/dir_2484752"
	Cpus = 1
	Disk = 16778240
	GPUs = 1
	GPUs_GPU_14b707a2 = [ Id = "GPU-14b707a2"; Capability = 9.0; DeviceName = "NVIDIA H100 NVL"; DeviceUuid = "14b707a2-c314-b46c-e41c-7e5870f22df8"; ECCEnabled = true; NvidiaDriver = "550.90.07"; DriverVersion = 12.4; DevicePciBusId = "0000:3F:00.0"; GlobalMemoryMb = 95235; MaxSupportedVersion = 12040 ]
	Memory = 16384
...
006 (8018100.066.000) 2026-06-21 14:04:31 Image size of job updated: 2834388
	98  -  MemoryUsage of job (MB)
	99840  -  ResidentSetSize of job (KB)
...
040 (8018100.066.000) 2026-06-21 14:04:32 Started transferring output files
...
040 (8018100.066.000) 2026-06-21 14:04:32 Finished transferring output files
...
004 (8018100.066.000) 2026-06-21 14:04:32 Job was evicted.
	(0) Job terminated and was requeued
		Usr 0 00:00:02, Sys 0 00:00:00  -  Run Remote Usage
		Usr 0 00:00:00, Sys 0 00:00:00  -  Run Local Usage
	467  -  Run Bytes Sent By Job
	2784361124  -  Run Bytes Received By Job
	(1) Normal termination (return value 2)
	The job attribute OnExitRemove expression 'NumJobCompletions > JobMaxRetries || ExitCode =?= 0' evaluated to FALSE
...
040 (8018100.066.000) 2026-06-21 14:08:43 Started transferring input files
	Transferring to host: <128.104.103.48:9618?addrs=128.104.103.48-9618+[2607-f388-107c-501-ae1f-6bff-fe2c-2f00]-9618&alias=vetsigian0001.chtc.wisc.edu&noUDP&sock=slot2_7_10681_7b0b_9362>
...
040 (8018100.066.000) 2026-06-21 14:10:06 Finished transferring input files
...
001 (8018100.066.000) 2026-06-21 14:10:06 Job executing on host: <128.104.103.48:9618?addrs=128.104.103.48-9618+[2607-f388-107c-501-ae1f-6bff-fe2c-2f00]-9618&alias=vetsigian0001.chtc.wisc.edu&noUDP&sock=startd_9913_126b>
	SlotName: slot2_7@vetsigian0001.chtc.wisc.edu
	AvailableGPUs = { GPUs_GPU_db165ab8 }
	CondorScratchDir = "/var/lib/condor/execute/slot2/dir_3832386/scratch"
	Cpus = 1
	Disk = 16777216
	GPUs = 1
	GPUs_GPU_db165ab8 = [ Id = "GPU-db165ab8"; Capability = 7.5; DeviceName = "NVIDIA GeForce RTX 2080 Ti"; DeviceUuid = "db165ab8-2772-3c9a-89e1-dbb9944f94eb"; ECCEnabled = false; NvidiaDriver = "550.54.14"; DriverVersion = 12.4; DevicePciBusId = "0000:B1:00.0"; GlobalMemoryMb = 11004; MaxSupportedVersion = 12040 ]
	IoHeavy = 0
	Memory = 16384
...
040 (8018100.066.000) 2026-06-21 14:10:11 Started transferring output files
...
040 (8018100.066.000) 2026-06-21 14:10:11 Finished transferring output files
...
004 (8018100.066.000) 2026-06-21 14:10:11 Job was evicted.
	(0) Job terminated and was requeued
		Usr 0 00:00:02, Sys 0 00:00:00  -  Run Remote Usage
		Usr 0 00:00:00, Sys 0 00:00:00  -  Run Local Usage
	448  -  Run Bytes Sent By Job
	2784361124  -  Run Bytes Received By Job
	(1) Normal termination (return value 2)
	The job attribute OnExitRemove expression 'NumJobCompletions > JobMaxRetries || ExitCode =?= 0' evaluated to FALSE
...
040 (8018100.066.000) 2026-06-21 14:10:33 Started transferring input files
	Transferring to host: <128.104.100.53:9618?addrs=128.104.100.53-9618+[2607-f388-107c-501-7ec2-55ff-fe99-a2b0]-9618&alias=jcaicedogpu0001.chtc.wisc.edu&noUDP&sock=backfill1_1_12775_e4a1_9319>
...
040 (8018100.066.000) 2026-06-21 14:10:42 Finished transferring input files
...
001 (8018100.066.000) 2026-06-21 14:10:42 Job executing on host: <128.104.100.53:9618?addrs=128.104.100.53-9618+[2607-f388-107c-501-7ec2-55ff-fe99-a2b0]-9618&alias=jcaicedogpu0001.chtc.wisc.edu&noUDP&sock=startd_11292_f384>
	SlotName: backfill1_1@jcaicedogpu0001.chtc.wisc.edu
	AvailableGPUs = { GPUs_GPU_dbe7385b }
	CondorScratchDir = "/var/lib/condor/execute/slot1/dir_3864035/scratch"
	Cpus = 1
	Disk = 16777216
	GPUs = 1
	GPUs_GPU_dbe7385b = [ Id = "GPU-dbe7385b"; Capability = 8.9; DeviceName = "NVIDIA L40"; DeviceUuid = "dbe7385b-7975-52cd-4145-ef37df536db0"; ECCEnabled = true; NvidiaDriver = "570.195.03"; DriverVersion = 12.8; DevicePciBusId = "0000:D5:00.0"; GlobalMemoryMb = 45468; MaxSupportedVersion = 12080 ]
	IoHeavy = 0
	Memory = 16384
...
040 (8018100.066.000) 2026-06-21 14:10:46 Started transferring output files
...
040 (8018100.066.000) 2026-06-21 14:10:46 Finished transferring output files
...
004 (8018100.066.000) 2026-06-21 14:10:46 Job was evicted.
	(0) Job terminated and was requeued
		Usr 0 00:00:02, Sys 0 00:00:00  -  Run Remote Usage
		Usr 0 00:00:00, Sys 0 00:00:00  -  Run Local Usage
	450  -  Run Bytes Sent By Job
	2784361124  -  Run Bytes Received By Job
	(1) Normal termination (return value 2)
	The job attribute OnExitRemove expression 'NumJobCompletions > JobMaxRetries || ExitCode =?= 0' evaluated to FALSE
...
040 (8018100.066.000) 2026-06-21 14:11:20 Started transferring input files
	Transferring to host: <128.105.68.166:9618?addrs=128.105.68.166-9618+[2607-f388-2200-100-b62e-99ff-feb7-2e2d]-9618&alias=gpulab2001.chtc.wisc.edu&noUDP&sock=slot2_2_11113_dd1d_53691>
...
040 (8018100.066.000) 2026-06-21 14:11:42 Finished transferring input files
...
001 (8018100.066.000) 2026-06-21 14:11:42 Job executing on host: <128.105.68.166:9618?addrs=128.105.68.166-9618+[2607-f388-2200-100-b62e-99ff-feb7-2e2d]-9618&alias=gpulab2001.chtc.wisc.edu&noUDP&sock=startd_10083_ad84>
	SlotName: slot2_2@gpulab2001.chtc.wisc.edu
	AvailableGPUs = { GPUs_GPU_5498e439 }
	CondorScratchDir = "/var/lib/condor/execute/slot2/dir_1180273/scratch"
	Cpus = 1
	Disk = 16777216
	GPUs = 1
	GPUs_GPU_5498e439 = [ Id = "GPU-5498e439"; Capability = 7.5; DeviceName = "NVIDIA GeForce RTX 2080 Ti"; DeviceUuid = "5498e439-bec3-fa72-ed65-a45d5f53e1b5"; ECCEnabled = false; NvidiaDriver = "570.195.03"; DriverVersion = 12.8; DevicePciBusId = "0000:3E:00.0"; GlobalMemoryMb = 10823; MaxSupportedVersion = 12080 ]
	IoHeavy = 0
	Memory = 16384
...
040 (8018100.066.000) 2026-06-21 14:11:46 Started transferring output files
...
040 (8018100.066.000) 2026-06-21 14:11:46 Finished transferring output files
...
004 (8018100.066.000) 2026-06-21 14:11:47 Job was evicted.
	(0) Job terminated and was requeued
		Usr 0 00:00:02, Sys 0 00:00:00  -  Run Remote Usage
		Usr 0 00:00:00, Sys 0 00:00:00  -  Run Local Usage
	445  -  Run Bytes Sent By Job
	2784361124  -  Run Bytes Received By Job
	(1) Normal termination (return value 2)
	The job attribute OnExitRemove expression 'NumJobCompletions > JobMaxRetries || ExitCode =?= 0' evaluated to FALSE
...
040 (8018100.066.000) 2026-06-21 14:12:59 Started transferring input files
	Transferring to host: <141.142.150.74:2785?CCBID=128.105.82.148:9618%3faddrs%3d128.105.82.148-9618+[2607-f388-2200-9d-7ccb-bc08-2489-768a]-9618%26alias%3dospool-ccb.osg.chtc.io%26noUDP%26sock%3dcollector7#4327118%2067.58.49.91:9618%3faddrs%3d67.58.49.91-9618+[fdf0-17b3-c3ec-1f79-10-0-e-b69d]-9618%26alias%3dccb-2.ospool.osg-htc.org%26noUDP%26sock%3dcollector1#4322548&PrivNet=rails04&addrs=141.142.150.74-2785+[fde1-53ba-e9a0-de11-2dba-91e3-dd48-5c8a]-2785&alias=rails04&noUDP>
...
040 (8018100.066.000) 2026-06-21 14:13:11 Finished transferring input files
...
021 (8018100.066.000) 2026-06-21 14:13:11 Message from starter on slot1_2@glidein_2924630_444049500@rails04:
	PREPARE_JOB (prepare-hook) succeeded (reported status 000): Using Singularity image openfe_1.11.1.sif
...
001 (8018100.066.000) 2026-06-21 14:13:11 Job executing on host: <141.142.150.74:24931?CCBID=128.105.82.148:9618%3faddrs%3d128.105.82.148-9618+[2607-f388-2200-9d-7ccb-bc08-2489-768a]-9618%26alias%3dospool-ccb.osg.chtc.io%26noUDP%26sock%3dcollector6#4306566%2067.58.49.91:9618%3faddrs%3d67.58.49.91-9618+[fdf0-17b3-c3ec-1f79-10-0-e-b69d]-9618%26alias%3dccb-2.ospool.osg-htc.org%26noUDP%26sock%3dcollector6#4299731&PrivNet=rails04&addrs=141.142.150.74-24931+[fde1-53ba-e9a0-de11-2dba-91e3-dd48-5c8a]-24931&alias=rails04&noUDP>
	SlotName: slot1_2@glidein_2924630_444049500@rails04
	AvailableGPUs = { GPUs_GPU_b9d5efe9 }
	CondorScratchDir = "/projects/bcxl/svcosguser/glide_Ozdg8d/execute/dir_994411/scratch"
	Cpus = 1
	Disk = 16777216
	GPUs = 1
	GPUs_GPU_b9d5efe9 = [ Id = "GPU-b9d5efe9"; ClockMhz = 1980.0; Capability = 9.0; CoresPerCU = 128; DeviceName = "NVIDIA H100 80GB HBM3"; DeviceUuid = "b9d5efe9-8120-9b74-286a-eb62c49e759c"; ECCEnabled = true; ComputeUnits = 132; NvidiaDriver = "590.48.01"; DriverVersion = 13.1; DevicePciBusId = "0000:3B:00.0"; GlobalMemoryMb = 81081; MaxSupportedVersion = 13010 ]
	Memory = 16384
...
040 (8018100.066.000) 2026-06-21 14:13:15 Started transferring output files
...
040 (8018100.066.000) 2026-06-21 14:13:15 Finished transferring output files
...
004 (8018100.066.000) 2026-06-21 14:13:16 Job was evicted.
	(0) Job terminated and was requeued
		Usr 0 00:00:00, Sys 0 00:00:00  -  Run Remote Usage
		Usr 0 00:00:00, Sys 0 00:00:00  -  Run Local Usage
	461  -  Run Bytes Sent By Job
	2784361124  -  Run Bytes Received By Job
	(1) Normal termination (return value 2)
	The job attribute OnExitRemove expression 'NumJobCompletions > JobMaxRetries || ExitCode =?= 0' evaluated to FALSE
...
040 (8018100.066.000) 2026-06-21 14:13:38 Started transferring input files
	Transferring to host: <128.104.100.53:9618?addrs=128.104.100.53-9618+[2607-f388-107c-501-7ec2-55ff-fe99-a2b0]-9618&alias=jcaicedogpu0001.chtc.wisc.edu&noUDP&sock=backfill1_1_12775_e4a1_9321>
...
040 (8018100.066.000) 2026-06-21 14:13:51 Finished transferring input files
...
001 (8018100.066.000) 2026-06-21 14:13:51 Job executing on host: <128.104.100.53:9618?addrs=128.104.100.53-9618+[2607-f388-107c-501-7ec2-55ff-fe99-a2b0]-9618&alias=jcaicedogpu0001.chtc.wisc.edu&noUDP&sock=startd_11292_f384>
	SlotName: backfill1_1@jcaicedogpu0001.chtc.wisc.edu
	AvailableGPUs = { GPUs_GPU_dbe7385b }
	CondorScratchDir = "/var/lib/condor/execute/slot1/dir_3864501/scratch"
	Cpus = 1
	Disk = 16777216
	GPUs = 1
	GPUs_GPU_dbe7385b = [ Id = "GPU-dbe7385b"; Capability = 8.9; DeviceName = "NVIDIA L40"; DeviceUuid = "dbe7385b-7975-52cd-4145-ef37df536db0"; ECCEnabled = true; NvidiaDriver = "570.195.03"; DriverVersion = 12.8; DevicePciBusId = "0000:D5:00.0"; GlobalMemoryMb = 45468; MaxSupportedVersion = 12080 ]
	IoHeavy = 0
	Memory = 16384
...
040 (8018100.066.000) 2026-06-21 14:13:54 Started transferring output files
...
040 (8018100.066.000) 2026-06-21 14:13:54 Finished transferring output files
...
004 (8018100.066.000) 2026-06-21 14:13:55 Job was evicted.
	(0) Job terminated and was requeued
		Usr 0 00:00:02, Sys 0 00:00:00  -  Run Remote Usage
		Usr 0 00:00:00, Sys 0 00:00:00  -  Run Local Usage
	450  -  Run Bytes Sent By Job
	2784361124  -  Run Bytes Received By Job
	(1) Normal termination (return value 2)
	The job attribute OnExitRemove expression 'NumJobCompletions > JobMaxRetries || ExitCode =?= 0' evaluated to FALSE
...
040 (8018100.066.000) 2026-06-21 14:15:01 Started transferring input files
	Transferring to host: <141.142.150.74:17627?CCBID=128.105.82.148:9618%3faddrs%3d128.105.82.148-9618+[2607-f388-2200-9d-7ccb-bc08-2489-768a]-9618%26alias%3dospool-ccb.osg.chtc.io%26noUDP%26sock%3dcollector9#4330463%2067.58.49.91:9618%3faddrs%3d67.58.49.91-9618+[fdf0-17b3-c3ec-1f79-10-0-e-b69d]-9618%26alias%3dccb-2.ospool.osg-htc.org%26noUDP%26sock%3dcollector7#4322029&PrivNet=rails04&addrs=141.142.150.74-17627+[fde1-53ba-e9a0-de11-2dba-91e3-dd48-5c8a]-17627&alias=rails04&noUDP>
...
040 (8018100.066.000) 2026-06-21 14:15:11 Finished transferring input files
...
021 (8018100.066.000) 2026-06-21 14:15:12 Message from starter on slot1_2@glidein_2924630_444049500@rails04:
	PREPARE_JOB (prepare-hook) succeeded (reported status 000): Using Singularity image openfe_1.11.1.sif
...
001 (8018100.066.000) 2026-06-21 14:15:12 Job executing on host: <141.142.150.74:24931?CCBID=128.105.82.148:9618%3faddrs%3d128.105.82.148-9618+[2607-f388-2200-9d-7ccb-bc08-2489-768a]-9618%26alias%3dospool-ccb.osg.chtc.io%26noUDP%26sock%3dcollector6#4306566%2067.58.49.91:9618%3faddrs%3d67.58.49.91-9618+[fdf0-17b3-c3ec-1f79-10-0-e-b69d]-9618%26alias%3dccb-2.ospool.osg-htc.org%26noUDP%26sock%3dcollector6#4299731&PrivNet=rails04&addrs=141.142.150.74-24931+[fde1-53ba-e9a0-de11-2dba-91e3-dd48-5c8a]-24931&alias=rails04&noUDP>
	SlotName: slot1_2@glidein_2924630_444049500@rails04
	AvailableGPUs = { GPUs_GPU_b9d5efe9 }
	CondorScratchDir = "/projects/bcxl/svcosguser/glide_Ozdg8d/execute/dir_997336/scratch"
	Cpus = 1
	Disk = 16777216
	GPUs = 1
	GPUs_GPU_b9d5efe9 = [ Id = "GPU-b9d5efe9"; ClockMhz = 1980.0; Capability = 9.0; CoresPerCU = 128; DeviceName = "NVIDIA H100 80GB HBM3"; DeviceUuid = "b9d5efe9-8120-9b74-286a-eb62c49e759c"; ECCEnabled = true; ComputeUnits = 132; NvidiaDriver = "590.48.01"; DriverVersion = 13.1; DevicePciBusId = "0000:3B:00.0"; GlobalMemoryMb = 81081; MaxSupportedVersion = 13010 ]
	Memory = 16384
...
040 (8018100.066.000) 2026-06-21 14:15:17 Started transferring output files
...
040 (8018100.066.000) 2026-06-21 14:15:17 Finished transferring output files
...
004 (8018100.066.000) 2026-06-21 14:15:17 Job was evicted.
	(0) Job terminated and was requeued
		Usr 0 00:00:00, Sys 0 00:00:00  -  Run Remote Usage
		Usr 0 00:00:00, Sys 0 00:00:00  -  Run Local Usage
	461  -  Run Bytes Sent By Job
	2784361124  -  Run Bytes Received By Job
	(1) Normal termination (return value 2)
	The job attribute OnExitRemove expression 'NumJobCompletions > JobMaxRetries || ExitCode =?= 0' evaluated to FALSE
...
040 (8018100.066.000) 2026-06-21 14:15:19 Started transferring input files
	Transferring to host: <128.105.76.47:9618?addrs=128.105.76.47-9618+[2607-f388-2200-100-527c-6fff-fe82-826a]-9618&alias=gpu4006.chtc.wisc.edu&noUDP&sock=slot2_7_2618986_4fbd_88244>
...
040 (8018100.066.000) 2026-06-21 14:15:26 Finished transferring input files
...
001 (8018100.066.000) 2026-06-21 14:15:26 Job executing on host: <128.105.76.47:9618?addrs=128.105.76.47-9618+[2607-f388-2200-100-527c-6fff-fe82-826a]-9618&alias=gpu4006.chtc.wisc.edu&noUDP&sock=startd_11220_90b3>
	SlotName: slot2_7@gpu4006.chtc.wisc.edu
	AvailableGPUs = { GPUs_GPU_4f6495bb }
	CondorScratchDir = "/var/lib/condor/execute/slot2/dir_2937047/scratch"
	Cpus = 1
	Disk = 16777216
	GPUs = 1
	GPUs_GPU_4f6495bb = [ Id = "GPU-4f6495bb"; Capability = 8.9; DeviceName = "NVIDIA L40S"; DeviceUuid = "4f6495bb-57f6-02aa-3446-f13a32ec9035"; ECCEnabled = true; NvidiaDriver = "590.48.01"; DriverVersion = 13.1; DevicePciBusId = "0000:C1:00.0"; GlobalMemoryMb = 45460; MaxSupportedVersion = 13010 ]
	IoHeavy = 0
	Memory = 16384
...
040 (8018100.066.000) 2026-06-21 14:15:28 Started transferring output files
...
040 (8018100.066.000) 2026-06-21 14:15:28 Finished transferring output files
...
004 (8018100.066.000) 2026-06-21 14:15:29 Job was evicted.
	(0) Job terminated and was requeued
		Usr 0 00:00:01, Sys 0 00:00:00  -  Run Remote Usage
		Usr 0 00:00:00, Sys 0 00:00:00  -  Run Local Usage
	456  -  Run Bytes Sent By Job
	2784361124  -  Run Bytes Received By Job
	(1) Normal termination (return value 2)
	The job attribute OnExitRemove expression 'NumJobCompletions > JobMaxRetries || ExitCode =?= 0' evaluated to FALSE
...
040 (8018100.066.000) 2026-06-21 14:15:33 Started transferring input files
	Transferring to host: <128.105.68.168:9618?addrs=128.105.68.168-9618+[2607-f388-2200-100-b62e-99ff-feb7-2dcb]-9618&alias=gpulab2003.chtc.wisc.edu&noUDP&sock=slot2_4_11172_6f3f_7582>
...
040 (8018100.066.000) 2026-06-21 14:15:50 Finished transferring input files
...
001 (8018100.066.000) 2026-06-21 14:15:50 Job executing on host: <128.105.68.168:9618?addrs=128.105.68.168-9618+[2607-f388-2200-100-b62e-99ff-feb7-2dcb]-9618&alias=gpulab2003.chtc.wisc.edu&noUDP&sock=startd_10155_1056>
	SlotName: slot2_4@gpulab2003.chtc.wisc.edu
	AvailableGPUs = { GPUs_GPU_61902b82 }
	CondorScratchDir = "/var/lib/condor/execute/slot2/dir_1248761/scratch"
	Cpus = 1
	Disk = 16777216
	GPUs = 1
	GPUs_GPU_61902b82 = [ Id = "GPU-61902b82"; Capability = 7.5; DeviceName = "NVIDIA GeForce RTX 2080 Ti"; DeviceUuid = "61902b82-cedb-e4be-d010-bca8829ec79b"; ECCEnabled = false; NvidiaDriver = "570.195.03"; DriverVersion = 12.8; DevicePciBusId = "0000:B2:00.0"; GlobalMemoryMb = 10823; MaxSupportedVersion = 12080 ]
	IoHeavy = 0
	Memory = 16384
...
040 (8018100.066.000) 2026-06-21 14:15:53 Started transferring output files
...
040 (8018100.066.000) 2026-06-21 14:15:53 Finished transferring output files
...
004 (8018100.066.000) 2026-06-21 14:15:54 Job was evicted.
	(0) Job terminated and was requeued
		Usr 0 00:00:02, Sys 0 00:00:00  -  Run Remote Usage
		Usr 0 00:00:00, Sys 0 00:00:00  -  Run Local Usage
	435  -  Run Bytes Sent By Job
	2784361124  -  Run Bytes Received By Job
	(1) Normal termination (return value 2)
	The job attribute OnExitRemove expression 'NumJobCompletions > JobMaxRetries || ExitCode =?= 0' evaluated to FALSE
...
040 (8018100.066.000) 2026-06-21 14:16:16 Started transferring input files
	Transferring to host: <128.105.69.47:9618?addrs=128.105.69.47-9618+[2607-f388-2200-100-527c-6fff-fe66-eac6]-9618&alias=amuraligpu4000.chtc.wisc.edu&noUDP&sock=backfill1_2_1332502_f3e3_93089>
...
040 (8018100.066.000) 2026-06-21 14:16:48 Finished transferring input files
...
001 (8018100.066.000) 2026-06-21 14:16:48 Job executing on host: <128.105.69.47:9618?addrs=128.105.69.47-9618+[2607-f388-2200-100-527c-6fff-fe66-eac6]-9618&alias=amuraligpu4000.chtc.wisc.edu&noUDP&sock=startd_11579_cf33>
	SlotName: backfill1_2@amuraligpu4000.chtc.wisc.edu
	AvailableGPUs = { GPUs_GPU_4129e82c }
	CondorScratchDir = "/var/lib/condor/execute/slot1/dir_2292159/scratch"
	Cpus = 1
	Disk = 16777216
	GPUs = 1
	GPUs_GPU_4129e82c = [ Id = "GPU-4129e82c"; Capability = 8.9; DeviceName = "NVIDIA L40S"; DeviceUuid = "4129e82c-a437-e236-45f4-7a3c936b03d5"; ECCEnabled = true; NvidiaDriver = "570.195.03"; DriverVersion = 12.8; DevicePciBusId = "0000:99:00.0"; GlobalMemoryMb = 45468; MaxSupportedVersion = 12080 ]
	IoHeavy = 0
	Memory = 16384
...
040 (8018100.066.000) 2026-06-21 14:16:51 Started transferring output files
...
040 (8018100.066.000) 2026-06-21 14:16:51 Finished transferring output files
...
004 (8018100.066.000) 2026-06-21 14:16:51 Job was evicted.
	(0) Job terminated and was requeued
		Usr 0 00:00:01, Sys 0 00:00:00  -  Run Remote Usage
		Usr 0 00:00:00, Sys 0 00:00:00  -  Run Local Usage
	449  -  Run Bytes Sent By Job
	2784361124  -  Run Bytes Received By Job
	(1) Normal termination (return value 2)
	The job attribute OnExitRemove expression 'NumJobCompletions > JobMaxRetries || ExitCode =?= 0' evaluated to FALSE
...
040 (8018100.066.000) 2026-06-21 14:17:16 Started transferring input files
	Transferring to host: <128.105.68.168:9618?addrs=128.105.68.168-9618+[2607-f388-2200-100-b62e-99ff-feb7-2dcb]-9618&alias=gpulab2003.chtc.wisc.edu&noUDP&sock=slot2_4_11172_6f3f_7586>
...
040 (8018100.066.000) 2026-06-21 14:17:33 Finished transferring input files
...
001 (8018100.066.000) 2026-06-21 14:17:33 Job executing on host: <128.105.68.168:9618?addrs=128.105.68.168-9618+[2607-f388-2200-100-b62e-99ff-feb7-2dcb]-9618&alias=gpulab2003.chtc.wisc.edu&noUDP&sock=startd_10155_1056>
	SlotName: slot2_4@gpulab2003.chtc.wisc.edu
	AvailableGPUs = { GPUs_GPU_61902b82 }
	CondorScratchDir = "/var/lib/condor/execute/slot2/dir_1251523/scratch"
	Cpus = 1
	Disk = 16777216
	GPUs = 1
	GPUs_GPU_61902b82 = [ Id = "GPU-61902b82"; Capability = 7.5; DeviceName = "NVIDIA GeForce RTX 2080 Ti"; DeviceUuid = "61902b82-cedb-e4be-d010-bca8829ec79b"; ECCEnabled = false; NvidiaDriver = "570.195.03"; DriverVersion = 12.8; DevicePciBusId = "0000:B2:00.0"; GlobalMemoryMb = 10823; MaxSupportedVersion = 12080 ]
	IoHeavy = 0
	Memory = 16384
...
040 (8018100.066.000) 2026-06-21 14:17:37 Started transferring output files
...
040 (8018100.066.000) 2026-06-21 14:17:37 Finished transferring output files
...
005 (8018100.066.000) 2026-06-21 14:17:37 Job terminated.
	(1) Normal termination (return value 2)
		Usr 0 00:00:02, Sys 0 00:00:00  -  Run Remote Usage
		Usr 0 00:00:00, Sys 0 00:00:00  -  Run Local Usage
		Usr 0 00:00:16, Sys 0 00:00:00  -  Total Remote Usage
		Usr 0 00:00:00, Sys 0 00:00:00  -  Total Local Usage
	435  -  Run Bytes Sent By Job
	2784361124  -  Run Bytes Received By Job
	4957  -  Total Bytes Sent By Job
	30627972364  -  Total Bytes Received By Job
	Partitionable Resources :    Usage  Request Allocated Assigned
	   Cpus                 :        0        1         1 
	   Disk (KB)            :  2719139 16777216  16777216 
	   GPUs                 :        0        1         1 "GPU-61902b82"
	   IoHeavy              :                           0 
	   Memory (MB)          :       98    16384     16384 
	   TimeExecute (s)      :        4                    
	   TimeSlotBusy (s)     :       21                    
...
