000 (8017966.1042.000) 2026-06-20 22:07:54 Job submitted from host: <128.105.68.112:9618?addrs=128.105.68.112-9618+[2607-f388-2200-100-eaeb-d3ff-fea3-4202]-9618&alias=ap2001.chtc.wisc.edu&noUDP&sock=schedd_4071840_2329>
...
040 (8017966.1042.000) 2026-06-21 06:22:14 Started transferring input files
	Transferring to host: <128.105.68.96:9618?addrs=128.105.68.96-9618+[2607-f388-2200-100-1270-fdff-fe74-8a8]-9618&alias=gpu2004.chtc.wisc.edu&noUDP&sock=slot2_1_2416131_9ce4_77615>
...
040 (8017966.1042.000) 2026-06-21 06:22:46 Finished transferring input files
...
001 (8017966.1042.000) 2026-06-21 06:22:46 Job executing on host: <128.105.68.96:9618?addrs=128.105.68.96-9618+[2607-f388-2200-100-1270-fdff-fe74-8a8]-9618&alias=gpu2004.chtc.wisc.edu&noUDP&sock=startd_12358_237a>
	SlotName: slot2_1@gpu2004.chtc.wisc.edu
	AvailableGPUs = { GPUs_GPU_9889ee48 }
	CondorScratchDir = "/var/lib/condor/execute/slot2/dir_135254/scratch"
	Cpus = 1
	Disk = 16777216
	GPUs = 1
	GPUs_GPU_9889ee48 = [ Id = "GPU-9889ee48"; Capability = 8.0; DeviceName = "NVIDIA A100-SXM4-80GB"; DeviceUuid = "9889ee48-b566-be7b-fc68-9e80acce7a76"; ECCEnabled = true; NvidiaDriver = "570.195.03"; DriverVersion = 12.8; DevicePciBusId = "0000:01:00.0"; GlobalMemoryMb = 81154; MaxSupportedVersion = 12080 ]
	IoHeavy = 0
	Memory = 16384
...
006 (8017966.1042.000) 2026-06-21 06:22:54 Image size of job updated: 353012
	345  -  MemoryUsage of job (MB)
	353012  -  ResidentSetSize of job (KB)
...
006 (8017966.1042.000) 2026-06-21 06:27:54 Image size of job updated: 4841916
	4052  -  MemoryUsage of job (MB)
	4148776  -  ResidentSetSize of job (KB)
...
006 (8017966.1042.000) 2026-06-21 06:32:55 Image size of job updated: 4841916
	4565  -  MemoryUsage of job (MB)
	4674508  -  ResidentSetSize of job (KB)
...
006 (8017966.1042.000) 2026-06-21 06:37:55 Image size of job updated: 5421984
	4620  -  MemoryUsage of job (MB)
	4729988  -  ResidentSetSize of job (KB)
...
006 (8017966.1042.000) 2026-06-21 06:42:56 Image size of job updated: 5524188
	4841  -  MemoryUsage of job (MB)
	4956580  -  ResidentSetSize of job (KB)
...
006 (8017966.1042.000) 2026-06-21 06:47:56 Image size of job updated: 6071364
	5930  -  MemoryUsage of job (MB)
	6071364  -  ResidentSetSize of job (KB)
...
006 (8017966.1042.000) 2026-06-21 06:52:57 Image size of job updated: 6214164
	5930  -  MemoryUsage of job (MB)
	6071364  -  ResidentSetSize of job (KB)
...
006 (8017966.1042.000) 2026-06-21 06:57:57 Image size of job updated: 6343956
	6196  -  MemoryUsage of job (MB)
	6343956  -  ResidentSetSize of job (KB)
...
040 (8017966.1042.000) 2026-06-21 06:58:08 Started transferring output files
...
040 (8017966.1042.000) 2026-06-21 06:58:10 Finished transferring output files
...
004 (8017966.1042.000) 2026-06-21 06:58:11 Job was evicted.
	(0) Job terminated and was requeued
		Usr 0 00:49:05, Sys 0 00:02:41  -  Run Remote Usage
		Usr 0 00:00:00, Sys 0 00:00:00  -  Run Local Usage
	474387797  -  Run Bytes Sent By Job
	2784349081  -  Run Bytes Received By Job
	(1) Normal termination (return value 1)
	The job attribute OnExitRemove expression 'NumJobCompletions > JobMaxRetries || ExitCode =?= 0' evaluated to FALSE
...
040 (8017966.1042.000) 2026-06-21 06:58:34 Started transferring input files
	Transferring to host: <128.105.68.168:9618?addrs=128.105.68.168-9618+[2607-f388-2200-100-b62e-99ff-feb7-2dcb]-9618&alias=gpulab2003.chtc.wisc.edu&noUDP&sock=slot2_2_11172_6f3f_6047>
...
040 (8017966.1042.000) 2026-06-21 06:58:52 Finished transferring input files
...
001 (8017966.1042.000) 2026-06-21 06:58:52 Job executing on host: <128.105.68.168:9618?addrs=128.105.68.168-9618+[2607-f388-2200-100-b62e-99ff-feb7-2dcb]-9618&alias=gpulab2003.chtc.wisc.edu&noUDP&sock=startd_10155_1056>
	SlotName: slot2_2@gpulab2003.chtc.wisc.edu
	AvailableGPUs = { GPUs_GPU_77c064bf }
	CondorScratchDir = "/var/lib/condor/execute/slot2/dir_447664/scratch"
	Cpus = 1
	Disk = 16777216
	GPUs = 1
	GPUs_GPU_77c064bf = [ Id = "GPU-77c064bf"; Capability = 7.5; DeviceName = "NVIDIA GeForce RTX 2080 Ti"; DeviceUuid = "77c064bf-9d21-8784-e84a-c6f665dc0cb1"; ECCEnabled = false; NvidiaDriver = "570.195.03"; DriverVersion = 12.8; DevicePciBusId = "0000:3E:00.0"; GlobalMemoryMb = 10823; MaxSupportedVersion = 12080 ]
	IoHeavy = 0
	Memory = 16384
...
040 (8017966.1042.000) 2026-06-21 06:58:56 Started transferring output files
...
040 (8017966.1042.000) 2026-06-21 06:58:57 Finished transferring output files
...
004 (8017966.1042.000) 2026-06-21 06:58:58 Job was evicted.
	(0) Job terminated and was requeued
		Usr 0 00:00:03, Sys 0 00:00:00  -  Run Remote Usage
		Usr 0 00:00:00, Sys 0 00:00:00  -  Run Local Usage
	474368071  -  Run Bytes Sent By Job
	3258716661  -  Run Bytes Received By Job
	(1) Normal termination (return value 2)
	The job attribute OnExitRemove expression 'NumJobCompletions > JobMaxRetries || ExitCode =?= 0' evaluated to FALSE
...
040 (8017966.1042.000) 2026-06-21 06:59:04 Started transferring input files
	Transferring to host: <128.105.68.117:9618?addrs=128.105.68.117-9618+[2607-f388-2200-100-7ec2-55ff-fe9a-b4fa]-9618&alias=gpu4000.chtc.wisc.edu&noUDP&sock=slot2_4_1956795_d8ee_83322>
...
040 (8017966.1042.000) 2026-06-21 06:59:18 Finished transferring input files
...
001 (8017966.1042.000) 2026-06-21 06:59:18 Job executing on host: <128.105.68.117:9618?addrs=128.105.68.117-9618+[2607-f388-2200-100-7ec2-55ff-fe9a-b4fa]-9618&alias=gpu4000.chtc.wisc.edu&noUDP&sock=startd_674379_7ae3>
	SlotName: slot2_4@gpu4000.chtc.wisc.edu
	AvailableGPUs = { GPUs_GPU_85b798bf }
	CondorScratchDir = "/var/lib/condor/execute/slot2/dir_268352/scratch"
	Cpus = 1
	Disk = 16777216
	GPUs = 1
	GPUs_GPU_85b798bf = [ Id = "GPU-85b798bf"; Capability = 8.9; DeviceName = "NVIDIA L40"; DeviceUuid = "85b798bf-b3ac-60c1-4903-0e00d9a2de78"; ECCEnabled = true; NvidiaDriver = "570.195.03"; DriverVersion = 12.8; DevicePciBusId = "0000:56:00.0"; GlobalMemoryMb = 45468; MaxSupportedVersion = 12080 ]
	IoHeavy = 0
	Memory = 16384
...
040 (8017966.1042.000) 2026-06-21 06:59:21 Started transferring output files
...
040 (8017966.1042.000) 2026-06-21 06:59:22 Finished transferring output files
...
004 (8017966.1042.000) 2026-06-21 06:59:23 Job was evicted.
	(0) Job terminated and was requeued
		Usr 0 00:00:02, Sys 0 00:00:00  -  Run Remote Usage
		Usr 0 00:00:00, Sys 0 00:00:00  -  Run Local Usage
	474368068  -  Run Bytes Sent By Job
	3258716661  -  Run Bytes Received By Job
	(1) Normal termination (return value 2)
	The job attribute OnExitRemove expression 'NumJobCompletions > JobMaxRetries || ExitCode =?= 0' evaluated to FALSE
...
040 (8017966.1042.000) 2026-06-21 07:00:57 Started transferring input files
	Transferring to host: <128.104.103.47:9618?addrs=128.104.103.47-9618+[2607-f388-107c-501-a236-9fff-fe3c-f3a0]-9618&alias=ahlquist0000.chtc.wisc.edu&noUDP&sock=backfill1_2_9919_952c_7358>
...
040 (8017966.1042.000) 2026-06-21 07:01:52 Finished transferring input files
...
001 (8017966.1042.000) 2026-06-21 07:01:52 Job executing on host: <128.104.103.47:9618?addrs=128.104.103.47-9618+[2607-f388-107c-501-a236-9fff-fe3c-f3a0]-9618&alias=ahlquist0000.chtc.wisc.edu&noUDP&sock=startd_9052_7f60>
	SlotName: backfill1_2@ahlquist0000.chtc.wisc.edu
	AvailableGPUs = { GPUs_GPU_71c7319b }
	CondorScratchDir = "/var/lib/condor/execute/slot1/dir_1272163/scratch"
	Cpus = 1
	Disk = 16777216
	GPUs = 1
	GPUs_GPU_71c7319b = [ Id = "GPU-71c7319b"; Capability = 7.5; DeviceName = "NVIDIA GeForce RTX 2080 Ti"; DeviceUuid = "71c7319b-96b0-d0bb-6b1c-90165304de53"; ECCEnabled = false; NvidiaDriver = "550.54.14"; DriverVersion = 12.4; DevicePciBusId = "0000:B1:00.0"; GlobalMemoryMb = 11004; MaxSupportedVersion = 12040 ]
	IoHeavy = 0
	Memory = 16384
...
040 (8017966.1042.000) 2026-06-21 07:01:57 Started transferring output files
...
040 (8017966.1042.000) 2026-06-21 07:01:59 Finished transferring output files
...
004 (8017966.1042.000) 2026-06-21 07:01:59 Job was evicted.
	(0) Job terminated and was requeued
		Usr 0 00:00:03, Sys 0 00:00:00  -  Run Remote Usage
		Usr 0 00:00:00, Sys 0 00:00:00  -  Run Local Usage
	474368073  -  Run Bytes Sent By Job
	3258716661  -  Run Bytes Received By Job
	(1) Normal termination (return value 2)
	The job attribute OnExitRemove expression 'NumJobCompletions > JobMaxRetries || ExitCode =?= 0' evaluated to FALSE
...
040 (8017966.1042.000) 2026-06-21 07:02:44 Started transferring input files
	Transferring to host: <128.104.103.48:9618?addrs=128.104.103.48-9618+[2607-f388-107c-501-ae1f-6bff-fe2c-2f00]-9618&alias=vetsigian0001.chtc.wisc.edu&noUDP&sock=slot2_1_10681_7b0b_8377>
...
040 (8017966.1042.000) 2026-06-21 07:04:49 Finished transferring input files
...
001 (8017966.1042.000) 2026-06-21 07:04:49 Job executing on host: <128.104.103.48:9618?addrs=128.104.103.48-9618+[2607-f388-107c-501-ae1f-6bff-fe2c-2f00]-9618&alias=vetsigian0001.chtc.wisc.edu&noUDP&sock=startd_9913_126b>
	SlotName: slot2_1@vetsigian0001.chtc.wisc.edu
	AvailableGPUs = { GPUs_GPU_f4f2532b }
	CondorScratchDir = "/var/lib/condor/execute/slot2/dir_3394089/scratch"
	Cpus = 1
	Disk = 16777216
	GPUs = 1
	GPUs_GPU_f4f2532b = [ Id = "GPU-f4f2532b"; Capability = 7.5; DeviceName = "NVIDIA GeForce RTX 2080 Ti"; DeviceUuid = "f4f2532b-2e5c-7850-ea7b-49d0e882ecd5"; ECCEnabled = false; NvidiaDriver = "550.54.14"; DriverVersion = 12.4; DevicePciBusId = "0000:1A:00.0"; GlobalMemoryMb = 11004; MaxSupportedVersion = 12040 ]
	IoHeavy = 0
	Memory = 16384
...
040 (8017966.1042.000) 2026-06-21 07:04:55 Started transferring output files
...
040 (8017966.1042.000) 2026-06-21 07:04:56 Finished transferring output files
...
004 (8017966.1042.000) 2026-06-21 07:04:57 Job was evicted.
	(0) Job terminated and was requeued
		Usr 0 00:00:02, Sys 0 00:00:00  -  Run Remote Usage
		Usr 0 00:00:00, Sys 0 00:00:00  -  Run Local Usage
	474368074  -  Run Bytes Sent By Job
	3258716661  -  Run Bytes Received By Job
	(1) Normal termination (return value 2)
	The job attribute OnExitRemove expression 'NumJobCompletions > JobMaxRetries || ExitCode =?= 0' evaluated to FALSE
...
040 (8017966.1042.000) 2026-06-21 07:05:04 Started transferring input files
	Transferring to host: <128.105.68.129:9618?addrs=128.105.68.129-9618+[2607-f388-2200-100-7e8c-9ff-fee9-7284]-9618&alias=gchrysosgpu4000.chtc.wisc.edu&noUDP&sock=backfill1_8_11538_508e_4732>
...
040 (8017966.1042.000) 2026-06-21 07:05:22 Finished transferring input files
...
001 (8017966.1042.000) 2026-06-21 07:05:22 Job executing on host: <128.105.68.129:9618?addrs=128.105.68.129-9618+[2607-f388-2200-100-7e8c-9ff-fee9-7284]-9618&alias=gchrysosgpu4000.chtc.wisc.edu&noUDP&sock=startd_11234_2b06>
	SlotName: backfill1_8@gchrysosgpu4000.chtc.wisc.edu
	AvailableGPUs = { GPUs_GPU_31893428 }
	CondorScratchDir = "/var/lib/condor/execute/slot1/dir_2740941/scratch"
	Cpus = 1
	Disk = 16777216
	GPUs = 1
	GPUs_GPU_31893428 = [ Id = "GPU-31893428"; Capability = 8.9; DeviceName = "NVIDIA L40S"; DeviceUuid = "31893428-0437-ecc3-f864-657bb02e1fb3"; ECCEnabled = true; NvidiaDriver = "570.195.03"; DriverVersion = 12.8; DevicePciBusId = "0000:20:00.0"; GlobalMemoryMb = 45468; MaxSupportedVersion = 12080 ]
	IoHeavy = 0
	Memory = 16384
...
040 (8017966.1042.000) 2026-06-21 07:05:25 Started transferring output files
...
040 (8017966.1042.000) 2026-06-21 07:05:26 Finished transferring output files
...
004 (8017966.1042.000) 2026-06-21 07:05:26 Job was evicted.
	(0) Job terminated and was requeued
		Usr 0 00:00:01, Sys 0 00:00:00  -  Run Remote Usage
		Usr 0 00:00:00, Sys 0 00:00:00  -  Run Local Usage
	474368076  -  Run Bytes Sent By Job
	3258716661  -  Run Bytes Received By Job
	(1) Normal termination (return value 2)
	The job attribute OnExitRemove expression 'NumJobCompletions > JobMaxRetries || ExitCode =?= 0' evaluated to FALSE
...
040 (8017966.1042.000) 2026-06-21 07:05:46 Started transferring input files
	Transferring to host: <128.104.100.118:9618?addrs=128.104.100.118-9618+[2607-f388-107c-501-26d-aeff-fe1f-6b20]-9618&alias=jcaicedogpu0004.chtc.wisc.edu&noUDP&sock=backfill1_2_4107613_b354_100048>
...
040 (8017966.1042.000) 2026-06-21 07:06:00 Finished transferring input files
...
001 (8017966.1042.000) 2026-06-21 07:06:00 Job executing on host: <128.104.100.118:9618?addrs=128.104.100.118-9618+[2607-f388-107c-501-26d-aeff-fe1f-6b20]-9618&alias=jcaicedogpu0004.chtc.wisc.edu&noUDP&sock=startd_10858_436a>
	SlotName: backfill1_2@jcaicedogpu0004.chtc.wisc.edu
	AvailableGPUs = { GPUs_GPU_fa14651d }
	CondorScratchDir = "/var/lib/condor/execute/slot1/dir_886554/scratch"
	Cpus = 1
	Disk = 16777216
	GPUs = 1
	GPUs_GPU_fa14651d = [ Id = "GPU-fa14651d"; Capability = 8.9; DeviceName = "NVIDIA L40S"; DeviceUuid = "fa14651d-25f0-e1cc-501d-97e0ea46e1dd"; ECCEnabled = true; NvidiaDriver = "570.195.03"; DriverVersion = 12.8; DevicePciBusId = "0000:01:00.0"; GlobalMemoryMb = 45468; MaxSupportedVersion = 12080 ]
	IoHeavy = 0
	Memory = 16384
...
040 (8017966.1042.000) 2026-06-21 07:06:03 Started transferring output files
...
040 (8017966.1042.000) 2026-06-21 07:06:04 Finished transferring output files
...
004 (8017966.1042.000) 2026-06-21 07:06:04 Job was evicted.
	(0) Job terminated and was requeued
		Usr 0 00:00:01, Sys 0 00:00:00  -  Run Remote Usage
		Usr 0 00:00:00, Sys 0 00:00:00  -  Run Local Usage
	474368076  -  Run Bytes Sent By Job
	3258716661  -  Run Bytes Received By Job
	(1) Normal termination (return value 2)
	The job attribute OnExitRemove expression 'NumJobCompletions > JobMaxRetries || ExitCode =?= 0' evaluated to FALSE
...
040 (8017966.1042.000) 2026-06-21 07:07:00 Started transferring input files
	Transferring to host: <128.104.100.117:9618?addrs=128.104.100.117-9618+[2607-f388-107c-501-8ae9-a4ff-fe02-e150]-9618&alias=jcaicedogpu0003.chtc.wisc.edu&noUDP&sock=backfill1_7_1586877_26eb_100038>
...
040 (8017966.1042.000) 2026-06-21 07:07:13 Finished transferring input files
...
001 (8017966.1042.000) 2026-06-21 07:07:13 Job executing on host: <128.104.100.117:9618?addrs=128.104.100.117-9618+[2607-f388-107c-501-8ae9-a4ff-fe02-e150]-9618&alias=jcaicedogpu0003.chtc.wisc.edu&noUDP&sock=startd_10874_3cee>
	SlotName: backfill1_7@jcaicedogpu0003.chtc.wisc.edu
	AvailableGPUs = { GPUs_GPU_141e67b0 }
	CondorScratchDir = "/var/lib/condor/execute/slot1/dir_2895013/scratch"
	Cpus = 1
	Disk = 16777216
	GPUs = 1
	GPUs_GPU_141e67b0 = [ Id = "GPU-141e67b0"; Capability = 8.9; DeviceName = "NVIDIA L40S"; DeviceUuid = "141e67b0-0a57-7e36-6083-0e666f2f6148"; ECCEnabled = true; NvidiaDriver = "570.195.03"; DriverVersion = 12.8; DevicePciBusId = "0000:C1:00.0"; GlobalMemoryMb = 45468; MaxSupportedVersion = 12080 ]
	IoHeavy = 0
	Memory = 16384
...
040 (8017966.1042.000) 2026-06-21 07:07:16 Started transferring output files
...
040 (8017966.1042.000) 2026-06-21 07:07:18 Finished transferring output files
...
004 (8017966.1042.000) 2026-06-21 07:07:18 Job was evicted.
	(0) Job terminated and was requeued
		Usr 0 00:00:01, Sys 0 00:00:00  -  Run Remote Usage
		Usr 0 00:00:00, Sys 0 00:00:00  -  Run Local Usage
	474368076  -  Run Bytes Sent By Job
	3258716661  -  Run Bytes Received By Job
	(1) Normal termination (return value 2)
	The job attribute OnExitRemove expression 'NumJobCompletions > JobMaxRetries || ExitCode =?= 0' evaluated to FALSE
...
040 (8017966.1042.000) 2026-06-21 07:07:44 Started transferring input files
	Transferring to host: <141.142.150.75:23217?CCBID=128.105.82.148:9618%3faddrs%3d128.105.82.148-9618+[2607-f388-2200-9d-7ccb-bc08-2489-768a]-9618%26alias%3dospool-ccb.osg.chtc.io%26noUDP%26sock%3dcollector3#4315139%2067.58.49.91:9618%3faddrs%3d67.58.49.91-9618+[fdf0-17b3-c3ec-1f79-10-0-e-b69d]-9618%26alias%3dccb-2.ospool.osg-htc.org%26noUDP%26sock%3dcollector9#4309902&PrivNet=rails05&addrs=141.142.150.75-23217+[fde1-53ba-e9a0-de11-3135-9cf5-3311-5cc2]-23217&alias=rails05&noUDP>
...
040 (8017966.1042.000) 2026-06-21 07:08:02 Finished transferring input files
...
021 (8017966.1042.000) 2026-06-21 07:08:03 Message from starter on slot1_1@glidein_2626835_365211279@rails05:
	PREPARE_JOB (prepare-hook) succeeded (reported status 000): Using Singularity image openfe_1.11.1.sif
...
001 (8017966.1042.000) 2026-06-21 07:08:03 Job executing on host: <141.142.150.75:11803?CCBID=128.105.82.148:9618%3faddrs%3d128.105.82.148-9618+[2607-f388-2200-9d-7ccb-bc08-2489-768a]-9618%26alias%3dospool-ccb.osg.chtc.io%26noUDP%26sock%3dcollector3#4294406%2067.58.49.91:9618%3faddrs%3d67.58.49.91-9618+[fdf0-17b3-c3ec-1f79-10-0-e-b69d]-9618%26alias%3dccb-2.ospool.osg-htc.org%26noUDP%26sock%3dcollector3#4283188&PrivNet=rails05&addrs=141.142.150.75-11803+[fde1-53ba-e9a0-de11-3135-9cf5-3311-5cc2]-11803&alias=rails05&noUDP>
	SlotName: slot1_1@glidein_2626835_365211279@rails05
	AvailableGPUs = { GPUs_GPU_09ed6e61 }
	CondorScratchDir = "/projects/bcxl/svcosguser/glide_OfoC3Y/execute/dir_2996712/scratch"
	Cpus = 1
	Disk = 16777216
	GPUs = 1
	GPUs_GPU_09ed6e61 = [ Id = "GPU-09ed6e61"; ClockMhz = 1980.0; Capability = 9.0; CoresPerCU = 128; DeviceName = "NVIDIA H100 80GB HBM3"; DeviceUuid = "09ed6e61-5e7b-6593-d68f-1ece7eedc425"; ECCEnabled = true; ComputeUnits = 132; NvidiaDriver = "590.48.01"; DriverVersion = 13.1; DevicePciBusId = "0000:19:00.0"; GlobalMemoryMb = 81081; MaxSupportedVersion = 13010 ]
	Memory = 16384
...
040 (8017966.1042.000) 2026-06-21 07:08:08 Started transferring output files
...
040 (8017966.1042.000) 2026-06-21 07:08:12 Finished transferring output files
...
004 (8017966.1042.000) 2026-06-21 07:08:13 Job was evicted.
	(0) Job terminated and was requeued
		Usr 0 00:00:00, Sys 0 00:00:00  -  Run Remote Usage
		Usr 0 00:00:00, Sys 0 00:00:00  -  Run Local Usage
	474368087  -  Run Bytes Sent By Job
	3258716661  -  Run Bytes Received By Job
	(1) Normal termination (return value 2)
	The job attribute OnExitRemove expression 'NumJobCompletions > JobMaxRetries || ExitCode =?= 0' evaluated to FALSE
...
040 (8017966.1042.000) 2026-06-21 07:08:26 Started transferring input files
	Transferring to host: <128.105.69.34:9618?addrs=128.105.69.34-9618+[2607-f388-2200-100-527c-6fff-fe66-ea4a]-9618&alias=mkhodakgpu4000.chtc.wisc.edu&noUDP&sock=backfill1_8_2685916_8d1f_95333>
...
040 (8017966.1042.000) 2026-06-21 07:08:38 Finished transferring input files
...
001 (8017966.1042.000) 2026-06-21 07:08:38 Job executing on host: <128.105.69.34:9618?addrs=128.105.69.34-9618+[2607-f388-2200-100-527c-6fff-fe66-ea4a]-9618&alias=mkhodakgpu4000.chtc.wisc.edu&noUDP&sock=startd_11796_a740>
	SlotName: backfill1_8@mkhodakgpu4000.chtc.wisc.edu
	AvailableGPUs = { GPUs_GPU_30d65cc1 }
	CondorScratchDir = "/var/lib/condor/execute/slot1/dir_928921/scratch"
	Cpus = 1
	Disk = 16777216
	GPUs = 1
	GPUs_GPU_30d65cc1 = [ Id = "GPU-30d65cc1"; Capability = 8.9; DeviceName = "NVIDIA L40S"; DeviceUuid = "30d65cc1-b5bb-c60a-291a-2060670ff6af"; ECCEnabled = true; NvidiaDriver = "570.195.03"; DriverVersion = 12.8; DevicePciBusId = "0000:17:00.0"; GlobalMemoryMb = 45468; MaxSupportedVersion = 12080 ]
	IoHeavy = 0
	Memory = 16384
...
040 (8017966.1042.000) 2026-06-21 07:08:41 Started transferring output files
...
040 (8017966.1042.000) 2026-06-21 07:08:42 Finished transferring output files
...
004 (8017966.1042.000) 2026-06-21 07:08:43 Job was evicted.
	(0) Job terminated and was requeued
		Usr 0 00:00:01, Sys 0 00:00:00  -  Run Remote Usage
		Usr 0 00:00:00, Sys 0 00:00:00  -  Run Local Usage
	474368075  -  Run Bytes Sent By Job
	3258716661  -  Run Bytes Received By Job
	(1) Normal termination (return value 2)
	The job attribute OnExitRemove expression 'NumJobCompletions > JobMaxRetries || ExitCode =?= 0' evaluated to FALSE
...
040 (8017966.1042.000) 2026-06-21 07:08:53 Started transferring input files
	Transferring to host: <128.104.100.118:9618?addrs=128.104.100.118-9618+[2607-f388-107c-501-26d-aeff-fe1f-6b20]-9618&alias=jcaicedogpu0004.chtc.wisc.edu&noUDP&sock=backfill1_5_4107613_b354_100053>
...
040 (8017966.1042.000) 2026-06-21 07:09:07 Finished transferring input files
...
001 (8017966.1042.000) 2026-06-21 07:09:07 Job executing on host: <128.104.100.118:9618?addrs=128.104.100.118-9618+[2607-f388-107c-501-26d-aeff-fe1f-6b20]-9618&alias=jcaicedogpu0004.chtc.wisc.edu&noUDP&sock=startd_10858_436a>
	SlotName: backfill1_5@jcaicedogpu0004.chtc.wisc.edu
	AvailableGPUs = { GPUs_GPU_84e64351 }
	CondorScratchDir = "/var/lib/condor/execute/slot1/dir_887225/scratch"
	Cpus = 1
	Disk = 16777216
	GPUs = 1
	GPUs_GPU_84e64351 = [ Id = "GPU-84e64351"; Capability = 8.9; DeviceName = "NVIDIA L40S"; DeviceUuid = "84e64351-a36d-14de-ceef-df51bed95cb0"; ECCEnabled = true; NvidiaDriver = "570.195.03"; DriverVersion = 12.8; DevicePciBusId = "0000:61:00.0"; GlobalMemoryMb = 45468; MaxSupportedVersion = 12080 ]
	IoHeavy = 0
	Memory = 16384
...
040 (8017966.1042.000) 2026-06-21 07:09:10 Started transferring output files
...
040 (8017966.1042.000) 2026-06-21 07:09:11 Finished transferring output files
...
005 (8017966.1042.000) 2026-06-21 07:09:12 Job terminated.
	(1) Normal termination (return value 2)
		Usr 0 00:00:01, Sys 0 00:00:00  -  Run Remote Usage
		Usr 0 00:00:00, Sys 0 00:00:00  -  Run Local Usage
		Usr 0 00:49:20, Sys 0 00:02:41  -  Total Remote Usage
		Usr 0 00:00:00, Sys 0 00:00:00  -  Total Local Usage
	474368076  -  Run Bytes Sent By Job
	3258716661  -  Run Bytes Received By Job
	5218068549  -  Total Bytes Sent By Job
	35371515691  -  Total Bytes Received By Job
	Partitionable Resources :      Usage  Request Allocated Assigned
	   Cpus                 :       0           1         1 
	   Disk (KB)            : 3182377    16777216  16777216 
	   GPUs                 :       0.00        1         1 "GPU-84e64351"
	   GpusMemory (MB)      :    1033                       
	   IoHeavy              :                             0 
	   Memory (MB)          :    7325       16384     16384 
	   TimeExecute (s)      :       3                       
	   TimeSlotBusy (s)     :      18                       
...
