000 (8017966.457.000) 2026-06-20 22:07:54 Job submitted from host: <128.105.68.112:9618?addrs=128.105.68.112-9618+[2607-f388-2200-100-eaeb-d3ff-fea3-4202]-9618&alias=ap2001.chtc.wisc.edu&noUDP&sock=schedd_4071840_2329>
...
040 (8017966.457.000) 2026-06-21 02:12:40 Started transferring input files
	Transferring to host: <128.105.69.60:9618?addrs=128.105.69.60-9618+[2607-f388-2200-100-527c-6fff-fe66-e7e2]-9618&alias=blengerichgpu4000.chtc.wisc.edu&noUDP&sock=backfill1_4_1843674_de95_94884>
...
040 (8017966.457.000) 2026-06-21 02:13:11 Finished transferring input files
...
001 (8017966.457.000) 2026-06-21 02:13:11 Job executing on host: <128.105.69.60:9618?addrs=128.105.69.60-9618+[2607-f388-2200-100-527c-6fff-fe66-e7e2]-9618&alias=blengerichgpu4000.chtc.wisc.edu&noUDP&sock=startd_11585_ecc4>
	SlotName: backfill1_4@blengerichgpu4000.chtc.wisc.edu
	AvailableGPUs = { GPUs_GPU_535fb437 }
	CondorScratchDir = "/var/lib/condor/execute/slot1/dir_3423485/scratch"
	Cpus = 1
	Disk = 16777216
	GPUs = 1
	GPUs_GPU_535fb437 = [ Id = "GPU-535fb437"; Capability = 8.9; DeviceName = "NVIDIA L40S"; DeviceUuid = "535fb437-9f44-5e44-20eb-367f2a82fd2a"; ECCEnabled = true; NvidiaDriver = "570.195.03"; DriverVersion = 12.8; DevicePciBusId = "0000:BD:00.0"; GlobalMemoryMb = 45468; MaxSupportedVersion = 12080 ]
	IoHeavy = 0
	Memory = 16384
...
006 (8017966.457.000) 2026-06-21 02:13:20 Image size of job updated: 473816
	463  -  MemoryUsage of job (MB)
	473816  -  ResidentSetSize of job (KB)
...
006 (8017966.457.000) 2026-06-21 02:18:21 Image size of job updated: 948996
	925  -  MemoryUsage of job (MB)
	947128  -  ResidentSetSize of job (KB)
...
006 (8017966.457.000) 2026-06-21 02:23:21 Image size of job updated: 950420
	929  -  MemoryUsage of job (MB)
	950420  -  ResidentSetSize of job (KB)
...
006 (8017966.457.000) 2026-06-21 02:28:22 Image size of job updated: 957788
	936  -  MemoryUsage of job (MB)
	957788  -  ResidentSetSize of job (KB)
...
006 (8017966.457.000) 2026-06-21 02:33:23 Image size of job updated: 965204
	943  -  MemoryUsage of job (MB)
	965204  -  ResidentSetSize of job (KB)
...
006 (8017966.457.000) 2026-06-21 02:38:23 Image size of job updated: 973720
	951  -  MemoryUsage of job (MB)
	973720  -  ResidentSetSize of job (KB)
...
006 (8017966.457.000) 2026-06-21 02:43:24 Image size of job updated: 978444
	951  -  MemoryUsage of job (MB)
	973720  -  ResidentSetSize of job (KB)
...
006 (8017966.457.000) 2026-06-21 02:48:25 Image size of job updated: 981068
	951  -  MemoryUsage of job (MB)
	973720  -  ResidentSetSize of job (KB)
...
040 (8017966.457.000) 2026-06-21 02:50:03 Started transferring output files
...
040 (8017966.457.000) 2026-06-21 02:50:03 Finished transferring output files
...
005 (8017966.457.000) 2026-06-21 02:50:03 Job terminated.
	(1) Normal termination (return value 0)
		Usr 0 00:37:33, Sys 0 00:18:31  -  Run Remote Usage
		Usr 0 00:00:00, Sys 0 00:00:00  -  Run Local Usage
		Usr 0 00:37:33, Sys 0 00:18:31  -  Total Remote Usage
		Usr 0 00:00:00, Sys 0 00:00:00  -  Total Local Usage
	2540178  -  Run Bytes Sent By Job
	2781860497  -  Run Bytes Received By Job
	2540178  -  Total Bytes Sent By Job
	2781860497  -  Total Bytes Received By Job
	Partitionable Resources :      Usage  Request Allocated Assigned
	   Cpus                 :       1.00        1         1 
	   Disk (KB)            : 2729063    16777216  16777216 
	   GPUs                 :       0.87        1         1 "GPU-535fb437"
	   GpusMemory (MB)      :    6782                       
	   IoHeavy              :                             0 
	   Memory (MB)          :     951       16384     16384 
	   TimeExecute (s)      :    2212                       
	   TimeSlotBusy (s)     :    2243                       
...
