000 (8180963.147.000) 2026-06-24 12:19:47 Job submitted from host: <128.105.68.112:9618?addrs=128.105.68.112-9618+[2607-f388-2200-100-eaeb-d3ff-fea3-4202]-9618&alias=ap2001.chtc.wisc.edu&noUDP&sock=schedd_4071840_2329>
...
040 (8180963.147.000) 2026-06-24 16:03:54 Started transferring input files
	Transferring to host: <128.105.68.124:9618?addrs=128.105.68.124-9618+[2607-f388-2200-100-7ec2-55ff-fe99-a508]-9618&alias=dsigpu4001.chtc.wisc.edu&noUDP&sock=slot2_1_205874_9b6d_90372>
...
040 (8180963.147.000) 2026-06-24 16:04:09 Finished transferring input files
...
001 (8180963.147.000) 2026-06-24 16:04:09 Job executing on host: <128.105.68.124:9618?addrs=128.105.68.124-9618+[2607-f388-2200-100-7ec2-55ff-fe99-a508]-9618&alias=dsigpu4001.chtc.wisc.edu&noUDP&sock=startd_10787_9031>
	SlotName: slot2_1@dsigpu4001.chtc.wisc.edu
	AvailableGPUs = { GPUs_GPU_3ff614e7 }
	CondorScratchDir = "/var/lib/condor/execute/slot2/dir_2504886/scratch"
	Cpus = 1
	Disk = 16777216
	GPUs = 1
	GPUs_GPU_3ff614e7 = [ Id = "GPU-3ff614e7"; Capability = 8.9; DeviceName = "NVIDIA L40"; DeviceUuid = "3ff614e7-afba-2099-5127-c727f3706197"; ECCEnabled = true; NvidiaDriver = "570.195.03"; DriverVersion = 12.8; DevicePciBusId = "0000:4F:00.0"; GlobalMemoryMb = 45468; MaxSupportedVersion = 12080 ]
	IoHeavy = 0
	Memory = 16384
...
006 (8180963.147.000) 2026-06-24 16:04:18 Image size of job updated: 426676
	417  -  MemoryUsage of job (MB)
	426676  -  ResidentSetSize of job (KB)
...
006 (8180963.147.000) 2026-06-24 16:09:19 Image size of job updated: 3942740
	3371  -  MemoryUsage of job (MB)
	3451068  -  ResidentSetSize of job (KB)
...
006 (8180963.147.000) 2026-06-24 16:14:19 Image size of job updated: 4403068
	4300  -  MemoryUsage of job (MB)
	4403068  -  ResidentSetSize of job (KB)
...
006 (8180963.147.000) 2026-06-24 16:19:20 Image size of job updated: 4628404
	4300  -  MemoryUsage of job (MB)
	4403068  -  ResidentSetSize of job (KB)
...
006 (8180963.147.000) 2026-06-24 16:24:20 Image size of job updated: 5011464
	4895  -  MemoryUsage of job (MB)
	5011464  -  ResidentSetSize of job (KB)
...
006 (8180963.147.000) 2026-06-24 16:29:20 Image size of job updated: 5243376
	4895  -  MemoryUsage of job (MB)
	5011464  -  ResidentSetSize of job (KB)
...
006 (8180963.147.000) 2026-06-24 16:34:21 Image size of job updated: 5583176
	5437  -  MemoryUsage of job (MB)
	5567156  -  ResidentSetSize of job (KB)
...
006 (8180963.147.000) 2026-06-24 16:35:58 Image size of job updated: 5686216
	5437  -  MemoryUsage of job (MB)
	5567156  -  ResidentSetSize of job (KB)
...
040 (8180963.147.000) 2026-06-24 16:35:58 Started transferring output files
...
040 (8180963.147.000) 2026-06-24 16:35:58 Finished transferring output files
...
004 (8180963.147.000) 2026-06-24 16:35:59 Job was evicted.
	(0) Job terminated and was requeued
		Usr 0 00:48:19, Sys 0 00:01:54  -  Run Remote Usage
		Usr 0 00:00:00, Sys 0 00:00:00  -  Run Local Usage
	112952  -  Run Bytes Sent By Job
	2784213755  -  Run Bytes Received By Job
	(1) Normal termination (return value 1)
	The job attribute OnExitRemove expression 'NumJobCompletions > JobMaxRetries || ExitCode =?= 0' evaluated to FALSE
...
040 (8180963.147.000) 2026-06-24 16:37:07 Started transferring input files
	Transferring to host: <10.226.104.219:38427?CCBID=128.105.82.148:9618%3faddrs%3d128.105.82.148-9618+[2607-f388-2200-9d-7ccb-bc08-2489-7689]-9618%26alias%3dospool-ccb.osg.chtc.io%26noUDP%26sock%3dcollector3#4737897%2067.58.49.91:9618%3faddrs%3d67.58.49.91-9618+[fdf0-17b3-c3ec-1f79-10-0-d-2091]-9618%26alias%3dccb-2.ospool.osg-htc.org%26noUDP%26sock%3dcollector7#4727155&PrivNet=gpu019.rci.montana.edu&addrs=10.226.104.219-38427&alias=gpu019.rci.montana.edu&noUDP>
...
040 (8180963.147.000) 2026-06-24 16:40:02 Finished transferring input files
...
021 (8180963.147.000) 2026-06-24 16:40:03 Message from starter on slot1_1@glidein_27138_310978629@gpu019.rci.montana.edu:
	PREPARE_JOB (prepare-hook) succeeded (reported status 000): Using Singularity image openfe_1.11.1.sif
...
001 (8180963.147.000) 2026-06-24 16:40:03 Job executing on host: <10.226.104.219:38671?CCBID=128.105.82.148:9618%3faddrs%3d128.105.82.148-9618+[2607-f388-2200-9d-7ccb-bc08-2489-7689]-9618%26alias%3dospool-ccb.osg.chtc.io%26noUDP%26sock%3dcollector5#4711732%2067.58.49.91:9618%3faddrs%3d67.58.49.91-9618+[fdf0-17b3-c3ec-1f79-10-0-d-2091]-9618%26alias%3dccb-2.ospool.osg-htc.org%26noUDP%26sock%3dcollector9#4711655&PrivNet=gpu019.rci.montana.edu&addrs=10.226.104.219-38671&alias=gpu019.rci.montana.edu&noUDP>
	SlotName: slot1_1@glidein_27138_310978629@gpu019.rci.montana.edu
	AvailableGPUs = { GPUs_GPU_c024a1e2 }
	CondorScratchDir = "/tmp/jobs/4124952/glide_whoL6k/execute/dir_1358900/scratch"
	Cpus = 1
	Disk = 16777216
	GPUs = 1
	GPUs_GPU_c024a1e2 = [ Id = "GPU-c024a1e2"; ClockMhz = 1980.0; Capability = 9.0; CoresPerCU = 128; DeviceName = "NVIDIA H100 80GB HBM3"; DeviceUuid = "c024a1e2-3221-96c5-6819-7810c2eb5df0"; ECCEnabled = true; ComputeUnits = 132; NvidiaDriver = "595.71.05"; DriverVersion = 13.2; DevicePciBusId = "0000:4E:00.0"; GlobalMemoryMb = 81081; MaxSupportedVersion = 13020 ]
	Memory = 16384
...
006 (8180963.147.000) 2026-06-24 16:45:12 Image size of job updated: 57516676
	7325  -  MemoryUsage of job (MB)
	7500000  -  ResidentSetSize of job (KB)
...
006 (8180963.147.000) 2026-06-24 16:50:12 Image size of job updated: 68553672
	7325  -  MemoryUsage of job (MB)
	7500000  -  ResidentSetSize of job (KB)
...
006 (8180963.147.000) 2026-06-24 17:00:12 Image size of job updated: 69139800
	7325  -  MemoryUsage of job (MB)
	7500000  -  ResidentSetSize of job (KB)
...
006 (8180963.147.000) 2026-06-24 17:09:49 Image size of job updated: 69727172
	7325  -  MemoryUsage of job (MB)
	7500000  -  ResidentSetSize of job (KB)
...
040 (8180963.147.000) 2026-06-24 17:09:49 Started transferring output files
...
040 (8180963.147.000) 2026-06-24 17:09:49 Finished transferring output files
...
004 (8180963.147.000) 2026-06-24 17:09:50 Job was evicted.
	(0) Job terminated and was requeued
		Usr 0 00:33:42, Sys 0 00:01:07  -  Run Remote Usage
		Usr 0 00:00:00, Sys 0 00:00:00  -  Run Local Usage
	105708  -  Run Bytes Sent By Job
	2784213755  -  Run Bytes Received By Job
	(1) Normal termination (return value 1)
	The job attribute OnExitRemove expression 'NumJobCompletions > JobMaxRetries || ExitCode =?= 0' evaluated to FALSE
...
040 (8180963.147.000) 2026-06-24 17:10:33 Started transferring input files
	Transferring to host: <10.226.104.219:43211?CCBID=128.105.82.148:9618%3faddrs%3d128.105.82.148-9618+[2607-f388-2200-9d-7ccb-bc08-2489-7689]-9618%26alias%3dospool-ccb.osg.chtc.io%26noUDP%26sock%3dcollector1#4739310%2067.58.49.91:9618%3faddrs%3d67.58.49.91-9618+[fdf0-17b3-c3ec-1f79-10-0-d-2091]-9618%26alias%3dccb-2.ospool.osg-htc.org%26noUDP%26sock%3dcollector5#4735913&PrivNet=gpu019.rci.montana.edu&addrs=10.226.104.219-43211&alias=gpu019.rci.montana.edu&noUDP>
...
040 (8180963.147.000) 2026-06-24 17:20:42 Finished transferring input files
...
021 (8180963.147.000) 2026-06-24 17:20:42 Message from starter on slot1_1@glidein_27138_310978629@gpu019.rci.montana.edu:
	PREPARE_JOB (prepare-hook) succeeded (reported status 000): Using Singularity image openfe_1.11.1.sif
...
001 (8180963.147.000) 2026-06-24 17:20:42 Job executing on host: <10.226.104.219:38671?CCBID=128.105.82.148:9618%3faddrs%3d128.105.82.148-9618+[2607-f388-2200-9d-7ccb-bc08-2489-7689]-9618%26alias%3dospool-ccb.osg.chtc.io%26noUDP%26sock%3dcollector5#4711732%2067.58.49.91:9618%3faddrs%3d67.58.49.91-9618+[fdf0-17b3-c3ec-1f79-10-0-d-2091]-9618%26alias%3dccb-2.ospool.osg-htc.org%26noUDP%26sock%3dcollector9#4711655&PrivNet=gpu019.rci.montana.edu&addrs=10.226.104.219-38671&alias=gpu019.rci.montana.edu&noUDP>
	SlotName: slot1_1@glidein_27138_310978629@gpu019.rci.montana.edu
	AvailableGPUs = { GPUs_GPU_c024a1e2 }
	CondorScratchDir = "/tmp/jobs/4124952/glide_whoL6k/execute/dir_1527091/scratch"
	Cpus = 1
	Disk = 16777216
	GPUs = 1
	GPUs_GPU_c024a1e2 = [ Id = "GPU-c024a1e2"; ClockMhz = 1980.0; Capability = 9.0; CoresPerCU = 128; DeviceName = "NVIDIA H100 80GB HBM3"; DeviceUuid = "c024a1e2-3221-96c5-6819-7810c2eb5df0"; ECCEnabled = true; ComputeUnits = 132; NvidiaDriver = "595.71.05"; DriverVersion = 13.2; DevicePciBusId = "0000:4E:00.0"; GlobalMemoryMb = 81081; MaxSupportedVersion = 13020 ]
	Memory = 16384
...
040 (8180963.147.000) 2026-06-24 17:55:57 Started transferring output files
...
040 (8180963.147.000) 2026-06-24 17:55:57 Finished transferring output files
...
004 (8180963.147.000) 2026-06-24 17:55:58 Job was evicted.
	(0) Job terminated and was requeued
		Usr 0 00:35:59, Sys 0 00:01:10  -  Run Remote Usage
		Usr 0 00:00:00, Sys 0 00:00:00  -  Run Local Usage
	105703  -  Run Bytes Sent By Job
	2784213755  -  Run Bytes Received By Job
	(1) Normal termination (return value 1)
	The job attribute OnExitRemove expression 'NumJobCompletions > JobMaxRetries || ExitCode =?= 0' evaluated to FALSE
...
040 (8180963.147.000) 2026-06-24 17:56:10 Started transferring input files
	Transferring to host: <128.105.69.245:9618?addrs=128.105.69.245-9618+[2607-f388-2200-100-3eec-efff-fe0c-5174]-9618&alias=mcdanielgpu4000.chtc.wisc.edu&noUDP&sock=backfill1_3_1128702_6a83_93481>
...
040 (8180963.147.000) 2026-06-24 18:00:38 Finished transferring input files
...
001 (8180963.147.000) 2026-06-24 18:00:38 Job executing on host: <128.105.69.245:9618?addrs=128.105.69.245-9618+[2607-f388-2200-100-3eec-efff-fe0c-5174]-9618&alias=mcdanielgpu4000.chtc.wisc.edu&noUDP&sock=startd_11062_30bc>
	SlotName: backfill1_3@mcdanielgpu4000.chtc.wisc.edu
	AvailableGPUs = { GPUs_GPU_e93add70 }
	CondorScratchDir = "/var/lib/condor/execute/slot1/dir_4138575/scratch"
	Cpus = 1
	Disk = 16777216
	GPUs = 1
	GPUs_GPU_e93add70 = [ Id = "GPU-e93add70"; Capability = 8.0; DeviceName = "NVIDIA A100-SXM4-40GB"; DeviceUuid = "e93add70-3792-ccb3-cc95-440eb454785a"; ECCEnabled = true; NvidiaDriver = "570.195.03"; DriverVersion = 12.8; DevicePciBusId = "0000:41:00.0"; GlobalMemoryMb = 40442; MaxSupportedVersion = 12080 ]
	IoHeavy = 0
	Memory = 16384
...
040 (8180963.147.000) 2026-06-24 18:38:54 Started transferring output files
...
040 (8180963.147.000) 2026-06-24 18:38:54 Finished transferring output files
...
004 (8180963.147.000) 2026-06-24 18:38:55 Job was evicted.
	(0) Job terminated and was requeued
		Usr 0 00:41:14, Sys 0 00:02:03  -  Run Remote Usage
		Usr 0 00:00:00, Sys 0 00:00:00  -  Run Local Usage
	112973  -  Run Bytes Sent By Job
	2784213755  -  Run Bytes Received By Job
	(1) Normal termination (return value 1)
	The job attribute OnExitRemove expression 'NumJobCompletions > JobMaxRetries || ExitCode =?= 0' evaluated to FALSE
...
040 (8180963.147.000) 2026-06-24 18:40:25 Started transferring input files
	Transferring to host: <128.105.68.124:9618?addrs=128.105.68.124-9618+[2607-f388-2200-100-7ec2-55ff-fe99-a508]-9618&alias=dsigpu4001.chtc.wisc.edu&noUDP&sock=slot2_2_205874_9b6d_90664>
...
040 (8180963.147.000) 2026-06-24 18:40:47 Finished transferring input files
...
001 (8180963.147.000) 2026-06-24 18:40:47 Job executing on host: <128.105.68.124:9618?addrs=128.105.68.124-9618+[2607-f388-2200-100-7ec2-55ff-fe99-a508]-9618&alias=dsigpu4001.chtc.wisc.edu&noUDP&sock=startd_10787_9031>
	SlotName: slot2_2@dsigpu4001.chtc.wisc.edu
	AvailableGPUs = { GPUs_GPU_33841322 }
	CondorScratchDir = "/var/lib/condor/execute/slot2/dir_2696918/scratch"
	Cpus = 1
	Disk = 16777216
	GPUs = 1
	GPUs_GPU_33841322 = [ Id = "GPU-33841322"; Capability = 8.9; DeviceName = "NVIDIA L40"; DeviceUuid = "33841322-8890-d851-735c-22f0f2459d03"; ECCEnabled = true; NvidiaDriver = "570.195.03"; DriverVersion = 12.8; DevicePciBusId = "0000:52:00.0"; GlobalMemoryMb = 45468; MaxSupportedVersion = 12080 ]
	IoHeavy = 0
	Memory = 16384
...
040 (8180963.147.000) 2026-06-24 19:11:53 Started transferring output files
...
040 (8180963.147.000) 2026-06-24 19:11:53 Finished transferring output files
...
004 (8180963.147.000) 2026-06-24 19:11:54 Job was evicted.
	(0) Job terminated and was requeued
		Usr 0 00:41:20, Sys 0 00:01:40  -  Run Remote Usage
		Usr 0 00:00:00, Sys 0 00:00:00  -  Run Local Usage
	112952  -  Run Bytes Sent By Job
	2784213755  -  Run Bytes Received By Job
	(1) Normal termination (return value 1)
	The job attribute OnExitRemove expression 'NumJobCompletions > JobMaxRetries || ExitCode =?= 0' evaluated to FALSE
...
040 (8180963.147.000) 2026-06-24 19:13:43 Started transferring input files
	Transferring to host: <128.104.100.52:9618?addrs=128.104.100.52-9618+[2607-f388-107c-501-7ec2-55ff-fe99-a48c]-9618&alias=jcaicedogpu0000.chtc.wisc.edu&noUDP&sock=backfill1_6_12267_f60c_18787>
...
040 (8180963.147.000) 2026-06-24 19:19:12 Finished transferring input files
...
001 (8180963.147.000) 2026-06-24 19:19:12 Job executing on host: <128.104.100.52:9618?addrs=128.104.100.52-9618+[2607-f388-107c-501-7ec2-55ff-fe99-a48c]-9618&alias=jcaicedogpu0000.chtc.wisc.edu&noUDP&sock=startd_10725_0952>
	SlotName: backfill1_6@jcaicedogpu0000.chtc.wisc.edu
	AvailableGPUs = { GPUs_GPU_29f7db6c }
	CondorScratchDir = "/var/lib/condor/execute/slot1/dir_2506248/scratch"
	Cpus = 1
	Disk = 16777216
	GPUs = 1
	GPUs_GPU_29f7db6c = [ Id = "GPU-29f7db6c"; Capability = 8.9; DeviceName = "NVIDIA L40"; DeviceUuid = "29f7db6c-70b1-c03e-ec02-15769179123a"; ECCEnabled = true; NvidiaDriver = "570.195.03"; DriverVersion = 12.8; DevicePciBusId = "0000:57:00.0"; GlobalMemoryMb = 45468; MaxSupportedVersion = 12080 ]
	IoHeavy = 0
	Memory = 16384
...
040 (8180963.147.000) 2026-06-24 19:51:43 Started transferring output files
...
040 (8180963.147.000) 2026-06-24 19:51:43 Finished transferring output files
...
004 (8180963.147.000) 2026-06-24 19:51:44 Job was evicted.
	(0) Job terminated and was requeued
		Usr 0 00:36:53, Sys 0 00:01:18  -  Run Remote Usage
		Usr 0 00:00:00, Sys 0 00:00:00  -  Run Local Usage
	112977  -  Run Bytes Sent By Job
	2703653627  -  Run Bytes Received By Job
	(1) Normal termination (return value 1)
	The job attribute OnExitRemove expression 'NumJobCompletions > JobMaxRetries || ExitCode =?= 0' evaluated to FALSE
...
040 (8180963.147.000) 2026-06-24 19:51:56 Started transferring input files
	Transferring to host: <128.104.100.17:9618?addrs=128.104.100.17-9618+[2607-f388-107c-501-527c-6fff-fe66-e9bc]-9618&alias=jcaicedogpu0002.chtc.wisc.edu&noUDP&sock=backfill1_7_2855957_d182_102219>
...
040 (8180963.147.000) 2026-06-24 19:52:07 Finished transferring input files
...
001 (8180963.147.000) 2026-06-24 19:52:07 Job executing on host: <128.104.100.17:9618?addrs=128.104.100.17-9618+[2607-f388-107c-501-527c-6fff-fe66-e9bc]-9618&alias=jcaicedogpu0002.chtc.wisc.edu&noUDP&sock=startd_11788_2a7e>
	SlotName: backfill1_7@jcaicedogpu0002.chtc.wisc.edu
	AvailableGPUs = { GPUs_GPU_4397e9de }
	CondorScratchDir = "/var/lib/condor/execute/slot1/dir_3390372/scratch"
	Cpus = 1
	Disk = 16777216
	GPUs = 1
	GPUs_GPU_4397e9de = [ Id = "GPU-4397e9de"; Capability = 8.9; DeviceName = "NVIDIA L40S"; DeviceUuid = "4397e9de-77b1-68bf-2da8-dcaf5ea744d9"; ECCEnabled = true; NvidiaDriver = "570.195.03"; DriverVersion = 12.8; DevicePciBusId = "0000:3D:00.0"; GlobalMemoryMb = 45468; MaxSupportedVersion = 12080 ]
	IoHeavy = 0
	Memory = 16384
...
040 (8180963.147.000) 2026-06-24 20:18:55 Started transferring output files
...
040 (8180963.147.000) 2026-06-24 20:18:55 Finished transferring output files
...
004 (8180963.147.000) 2026-06-24 20:18:56 Job was evicted.
	(0) Job terminated and was requeued
		Usr 0 00:30:47, Sys 0 00:01:19  -  Run Remote Usage
		Usr 0 00:00:00, Sys 0 00:00:00  -  Run Local Usage
	112976  -  Run Bytes Sent By Job
	2784213755  -  Run Bytes Received By Job
	(1) Normal termination (return value 1)
	The job attribute OnExitRemove expression 'NumJobCompletions > JobMaxRetries || ExitCode =?= 0' evaluated to FALSE
...
040 (8180963.147.000) 2026-06-24 20:18:59 Started transferring input files
	Transferring to host: <128.105.68.129:9618?addrs=128.105.68.129-9618+[2607-f388-2200-100-7e8c-9ff-fee9-7284]-9618&alias=gchrysosgpu4000.chtc.wisc.edu&noUDP&sock=backfill1_8_11538_508e_14472>
...
040 (8180963.147.000) 2026-06-24 20:19:31 Finished transferring input files
...
001 (8180963.147.000) 2026-06-24 20:19:31 Job executing on host: <128.105.68.129:9618?addrs=128.105.68.129-9618+[2607-f388-2200-100-7e8c-9ff-fee9-7284]-9618&alias=gchrysosgpu4000.chtc.wisc.edu&noUDP&sock=startd_11234_2b06>
	SlotName: backfill1_8@gchrysosgpu4000.chtc.wisc.edu
	AvailableGPUs = { GPUs_GPU_31893428 }
	CondorScratchDir = "/var/lib/condor/execute/slot1/dir_2085042/scratch"
	Cpus = 1
	Disk = 16777216
	GPUs = 1
	GPUs_GPU_31893428 = [ Id = "GPU-31893428"; Capability = 8.9; DeviceName = "NVIDIA L40S"; DeviceUuid = "31893428-0437-ecc3-f864-657bb02e1fb3"; ECCEnabled = true; NvidiaDriver = "570.195.03"; DriverVersion = 12.8; DevicePciBusId = "0000:20:00.0"; GlobalMemoryMb = 45468; MaxSupportedVersion = 12080 ]
	IoHeavy = 0
	Memory = 16384
...
040 (8180963.147.000) 2026-06-24 20:45:38 Started transferring output files
...
040 (8180963.147.000) 2026-06-24 20:45:38 Finished transferring output files
...
004 (8180963.147.000) 2026-06-24 20:45:39 Job was evicted.
	(0) Job terminated and was requeued
		Usr 0 00:48:33, Sys 0 00:01:50  -  Run Remote Usage
		Usr 0 00:00:00, Sys 0 00:00:00  -  Run Local Usage
	112980  -  Run Bytes Sent By Job
	2784213755  -  Run Bytes Received By Job
	(1) Normal termination (return value 1)
	The job attribute OnExitRemove expression 'NumJobCompletions > JobMaxRetries || ExitCode =?= 0' evaluated to FALSE
...
040 (8180963.147.000) 2026-06-24 20:46:51 Started transferring input files
	Transferring to host: <128.104.103.48:9618?addrs=128.104.103.48-9618+[2607-f388-107c-501-ae1f-6bff-fe2c-2f00]-9618&alias=vetsigian0001.chtc.wisc.edu&noUDP&sock=slot2_5_10681_7b0b_19733>
...
040 (8180963.147.000) 2026-06-24 20:48:10 Finished transferring input files
...
001 (8180963.147.000) 2026-06-24 20:48:10 Job executing on host: <128.104.103.48:9618?addrs=128.104.103.48-9618+[2607-f388-107c-501-ae1f-6bff-fe2c-2f00]-9618&alias=vetsigian0001.chtc.wisc.edu&noUDP&sock=startd_9913_126b>
	SlotName: slot2_5@vetsigian0001.chtc.wisc.edu
	AvailableGPUs = { GPUs_GPU_50a8c916 }
	CondorScratchDir = "/var/lib/condor/execute/slot2/dir_429846/scratch"
	Cpus = 1
	Disk = 16777216
	GPUs = 1
	GPUs_GPU_50a8c916 = [ Id = "GPU-50a8c916"; Capability = 7.5; DeviceName = "NVIDIA GeForce RTX 2080 Ti"; DeviceUuid = "50a8c916-7756-d8de-be06-87b4422ee137"; ECCEnabled = false; NvidiaDriver = "550.54.14"; DriverVersion = 12.4; DevicePciBusId = "0000:88:00.0"; GlobalMemoryMb = 11004; MaxSupportedVersion = 12040 ]
	IoHeavy = 0
	Memory = 16384
...
040 (8180963.147.000) 2026-06-24 21:29:46 Started transferring output files
...
040 (8180963.147.000) 2026-06-24 21:29:46 Finished transferring output files
...
004 (8180963.147.000) 2026-06-24 21:29:46 Job was evicted.
	(0) Job terminated and was requeued
		Usr 0 00:46:00, Sys 0 00:01:35  -  Run Remote Usage
		Usr 0 00:00:00, Sys 0 00:00:00  -  Run Local Usage
	112958  -  Run Bytes Sent By Job
	2784213755  -  Run Bytes Received By Job
	(1) Normal termination (return value 1)
	The job attribute OnExitRemove expression 'NumJobCompletions > JobMaxRetries || ExitCode =?= 0' evaluated to FALSE
...
040 (8180963.147.000) 2026-06-24 21:29:56 Started transferring input files
	Transferring to host: <128.104.100.52:9618?addrs=128.104.100.52-9618+[2607-f388-107c-501-7ec2-55ff-fe99-a48c]-9618&alias=jcaicedogpu0000.chtc.wisc.edu&noUDP&sock=backfill1_4_12267_f60c_19109>
...
040 (8180963.147.000) 2026-06-24 21:32:21 Finished transferring input files
...
001 (8180963.147.000) 2026-06-24 21:32:21 Job executing on host: <128.104.100.52:9618?addrs=128.104.100.52-9618+[2607-f388-107c-501-7ec2-55ff-fe99-a48c]-9618&alias=jcaicedogpu0000.chtc.wisc.edu&noUDP&sock=startd_10725_0952>
	SlotName: backfill1_4@jcaicedogpu0000.chtc.wisc.edu
	AvailableGPUs = { GPUs_GPU_427d7fec }
	CondorScratchDir = "/var/lib/condor/execute/slot1/dir_3585111/scratch"
	Cpus = 1
	Disk = 16777216
	GPUs = 1
	GPUs_GPU_427d7fec = [ Id = "GPU-427d7fec"; Capability = 8.9; DeviceName = "NVIDIA L40"; DeviceUuid = "427d7fec-79d6-cf9d-3f61-967fd222d980"; ECCEnabled = true; NvidiaDriver = "570.195.03"; DriverVersion = 12.8; DevicePciBusId = "0000:D1:00.0"; GlobalMemoryMb = 45468; MaxSupportedVersion = 12080 ]
	IoHeavy = 0
	Memory = 16384
...
040 (8180963.147.000) 2026-06-24 22:04:56 Started transferring output files
...
040 (8180963.147.000) 2026-06-24 22:04:56 Finished transferring output files
...
004 (8180963.147.000) 2026-06-24 22:04:56 Job was evicted.
	(0) Job terminated and was requeued
		Usr 0 01:05:44, Sys 0 00:02:41  -  Run Remote Usage
		Usr 0 00:00:00, Sys 0 00:00:00  -  Run Local Usage
	112977  -  Run Bytes Sent By Job
	2700212987  -  Run Bytes Received By Job
	(1) Normal termination (return value 1)
	The job attribute OnExitRemove expression 'NumJobCompletions > JobMaxRetries || ExitCode =?= 0' evaluated to FALSE
...
040 (8180963.147.000) 2026-06-24 22:05:14 Started transferring input files
	Transferring to host: <128.105.69.60:9618?addrs=128.105.69.60-9618+[2607-f388-2200-100-527c-6fff-fe66-e7e2]-9618&alias=blengerichgpu4000.chtc.wisc.edu&noUDP&sock=backfill1_5_1843674_de95_105388>
...
040 (8180963.147.000) 2026-06-24 22:06:10 Finished transferring input files
...
001 (8180963.147.000) 2026-06-24 22:06:10 Job executing on host: <128.105.69.60:9618?addrs=128.105.69.60-9618+[2607-f388-2200-100-527c-6fff-fe66-e7e2]-9618&alias=blengerichgpu4000.chtc.wisc.edu&noUDP&sock=startd_11585_ecc4>
	SlotName: backfill1_5@blengerichgpu4000.chtc.wisc.edu
	AvailableGPUs = { GPUs_GPU_aba9f117 }
	CondorScratchDir = "/var/lib/condor/execute/slot1/dir_3740971/scratch"
	Cpus = 1
	Disk = 16777216
	GPUs = 1
	GPUs_GPU_aba9f117 = [ Id = "GPU-aba9f117"; Capability = 8.9; DeviceName = "NVIDIA L40S"; DeviceUuid = "aba9f117-f41d-a8b4-01b7-d31c0515b86c"; ECCEnabled = true; NvidiaDriver = "570.195.03"; DriverVersion = 12.8; DevicePciBusId = "0000:63:00.0"; GlobalMemoryMb = 45468; MaxSupportedVersion = 12080 ]
	IoHeavy = 0
	Memory = 16384
...
040 (8180963.147.000) 2026-06-24 22:31:45 Started transferring output files
...
040 (8180963.147.000) 2026-06-24 22:31:45 Finished transferring output files
...
005 (8180963.147.000) 2026-06-24 22:31:46 Job terminated.
	(1) Normal termination (return value 1)
		Usr 0 00:41:30, Sys 0 00:01:57  -  Run Remote Usage
		Usr 0 00:00:00, Sys 0 00:00:00  -  Run Local Usage
		Usr 0 07:50:01, Sys 0 00:18:34  -  Total Remote Usage
		Usr 0 00:00:00, Sys 0 00:00:00  -  Total Local Usage
	112987  -  Run Bytes Sent By Job
	2784213755  -  Run Bytes Received By Job
	1228143  -  Total Bytes Sent By Job
	30461790409  -  Total Bytes Received By Job
	Partitionable Resources :      Usage  Request Allocated Assigned
	   Cpus                 :       1.00        1         1 
	   Disk (KB)            : 3154984    16777216  16777216 
	   GPUs                 :       0.14        1         1 "GPU-aba9f117"
	   GpusMemory (MB)      :    7888                       
	   IoHeavy              :                             0 
	   Memory (MB)          :    7325       16384     16384 
	   TimeExecute (s)      :    1535                       
	   TimeSlotBusy (s)     :    1591                       
...
