000 (8180963.397.000) 2026-06-24 12:19:47 Job submitted from host: <128.105.68.112:9618?addrs=128.105.68.112-9618+[2607-f388-2200-100-eaeb-d3ff-fea3-4202]-9618&alias=ap2001.chtc.wisc.edu&noUDP&sock=schedd_4071840_2329>
...
040 (8180963.397.000) 2026-06-25 02:10:20 Started transferring input files
	Transferring to host: <128.105.68.117:9618?addrs=128.105.68.117-9618+[2607-f388-2200-100-7ec2-55ff-fe9a-b4fa]-9618&alias=gpu4000.chtc.wisc.edu&noUDP&sock=slot2_2_1956795_d8ee_94378>
...
040 (8180963.397.000) 2026-06-25 02:27:08 Finished transferring input files
...
001 (8180963.397.000) 2026-06-25 02:27:08 Job executing on host: <128.105.68.117:9618?addrs=128.105.68.117-9618+[2607-f388-2200-100-7ec2-55ff-fe9a-b4fa]-9618&alias=gpu4000.chtc.wisc.edu&noUDP&sock=startd_674379_7ae3>
	SlotName: slot2_2@gpu4000.chtc.wisc.edu
	AvailableGPUs = { GPUs_GPU_e4eb8534 }
	CondorScratchDir = "/var/lib/condor/execute/slot2/dir_3257947/scratch"
	Cpus = 1
	Disk = 16777216
	GPUs = 1
	GPUs_GPU_e4eb8534 = [ Id = "GPU-e4eb8534"; Capability = 8.9; DeviceName = "NVIDIA L40"; DeviceUuid = "e4eb8534-e278-b315-1ad8-eae652e0b0ab"; ECCEnabled = true; NvidiaDriver = "570.195.03"; DriverVersion = 12.8; DevicePciBusId = "0000:52:00.0"; GlobalMemoryMb = 45468; MaxSupportedVersion = 12080 ]
	IoHeavy = 0
	Memory = 16384
...
006 (8180963.397.000) 2026-06-25 02:27:17 Image size of job updated: 436592
	427  -  MemoryUsage of job (MB)
	436592  -  ResidentSetSize of job (KB)
...
006 (8180963.397.000) 2026-06-25 02:32:18 Image size of job updated: 1792248
	1750  -  MemoryUsage of job (MB)
	1791084  -  ResidentSetSize of job (KB)
...
006 (8180963.397.000) 2026-06-25 02:37:19 Image size of job updated: 1792248
	1750  -  MemoryUsage of job (MB)
	1791316  -  ResidentSetSize of job (KB)
...
006 (8180963.397.000) 2026-06-25 02:57:20 Image size of job updated: 1807692
	1766  -  MemoryUsage of job (MB)
	1807692  -  ResidentSetSize of job (KB)
...
006 (8180963.397.000) 2026-06-25 03:02:21 Image size of job updated: 1808404
	1767  -  MemoryUsage of job (MB)
	1808404  -  ResidentSetSize of job (KB)
...
006 (8180963.397.000) 2026-06-25 03:22:23 Image size of job updated: 1812408
	1770  -  MemoryUsage of job (MB)
	1812408  -  ResidentSetSize of job (KB)
...
006 (8180963.397.000) 2026-06-25 03:32:24 Image size of job updated: 1812412
	1770  -  MemoryUsage of job (MB)
	1812412  -  ResidentSetSize of job (KB)
...
006 (8180963.397.000) 2026-06-25 03:37:25 Image size of job updated: 1812416
	1770  -  MemoryUsage of job (MB)
	1812416  -  ResidentSetSize of job (KB)
...
006 (8180963.397.000) 2026-06-25 03:42:26 Image size of job updated: 1813496
	1771  -  MemoryUsage of job (MB)
	1813496  -  ResidentSetSize of job (KB)
...
006 (8180963.397.000) 2026-06-25 03:47:26 Image size of job updated: 1813632
	1772  -  MemoryUsage of job (MB)
	1813632  -  ResidentSetSize of job (KB)
...
006 (8180963.397.000) 2026-06-25 03:52:27 Image size of job updated: 1821724
	1780  -  MemoryUsage of job (MB)
	1821724  -  ResidentSetSize of job (KB)
...
006 (8180963.397.000) 2026-06-25 04:17:29 Image size of job updated: 1829732
	1787  -  MemoryUsage of job (MB)
	1829732  -  ResidentSetSize of job (KB)
...
006 (8180963.397.000) 2026-06-25 04:42:32 Image size of job updated: 1837740
	1795  -  MemoryUsage of job (MB)
	1837740  -  ResidentSetSize of job (KB)
...
040 (8180963.397.000) 2026-06-25 05:10:20 Started transferring output files
...
040 (8180963.397.000) 2026-06-25 05:10:20 Finished transferring output files
...
005 (8180963.397.000) 2026-06-25 05:10:20 Job terminated.
	(1) Normal termination (return value 0)
		Usr 0 02:44:54, Sys 0 00:17:03  -  Run Remote Usage
		Usr 0 00:00:00, Sys 0 00:00:00  -  Run Local Usage
		Usr 0 02:44:54, Sys 0 00:17:03  -  Total Remote Usage
		Usr 0 00:00:00, Sys 0 00:00:00  -  Total Local Usage
	4854681  -  Run Bytes Sent By Job
	2782588104  -  Run Bytes Received By Job
	4854681  -  Total Bytes Sent By Job
	2782588104  -  Total Bytes Received By Job
	Partitionable Resources :      Usage  Request Allocated Assigned
	   Cpus                 :       1.00        1         1 
	   Disk (KB)            : 2800148    16777216  16777216 
	   GPUs                 :       0.80        1         1 "GPU-e4eb8534"
	   GpusMemory (MB)      :    7308                       
	   IoHeavy              :                             0 
	   Memory (MB)          :    1795       16384     16384 
	   TimeExecute (s)      :    9792                       
	   TimeSlotBusy (s)     :   10801                       
...
