000 (8017966.233.000) 2026-06-20 22:07:54 Job submitted from host: <128.105.68.112:9618?addrs=128.105.68.112-9618+[2607-f388-2200-100-eaeb-d3ff-fea3-4202]-9618&alias=ap2001.chtc.wisc.edu&noUDP&sock=schedd_4071840_2329>
...
040 (8017966.233.000) 2026-06-21 00:28:11 Started transferring input files
	Transferring to host: <128.105.68.117:9618?addrs=128.105.68.117-9618+[2607-f388-2200-100-7ec2-55ff-fe9a-b4fa]-9618&alias=gpu4000.chtc.wisc.edu&noUDP&sock=slot2_6_1956795_d8ee_82207>
...
040 (8017966.233.000) 2026-06-21 00:28:23 Finished transferring input files
...
001 (8017966.233.000) 2026-06-21 00:28:23 Job executing on host: <128.105.68.117:9618?addrs=128.105.68.117-9618+[2607-f388-2200-100-7ec2-55ff-fe9a-b4fa]-9618&alias=gpu4000.chtc.wisc.edu&noUDP&sock=startd_674379_7ae3>
	SlotName: slot2_6@gpu4000.chtc.wisc.edu
	AvailableGPUs = { GPUs_GPU_446491ee }
	CondorScratchDir = "/var/lib/condor/execute/slot2/dir_3943300/scratch"
	Cpus = 1
	Disk = 16777216
	GPUs = 1
	GPUs_GPU_446491ee = [ Id = "GPU-446491ee"; Capability = 8.9; DeviceName = "NVIDIA L40"; DeviceUuid = "446491ee-8bae-af13-9de2-63ba0ff9b62e"; ECCEnabled = true; NvidiaDriver = "570.195.03"; DriverVersion = 12.8; DevicePciBusId = "0000:CE:00.0"; GlobalMemoryMb = 45468; MaxSupportedVersion = 12080 ]
	IoHeavy = 0
	Memory = 16384
...
006 (8017966.233.000) 2026-06-21 00:28:32 Image size of job updated: 448740
	439  -  MemoryUsage of job (MB)
	448740  -  ResidentSetSize of job (KB)
...
006 (8017966.233.000) 2026-06-21 00:33:33 Image size of job updated: 969364
	945  -  MemoryUsage of job (MB)
	967364  -  ResidentSetSize of job (KB)
...
006 (8017966.233.000) 2026-06-21 00:38:33 Image size of job updated: 971292
	949  -  MemoryUsage of job (MB)
	971292  -  ResidentSetSize of job (KB)
...
006 (8017966.233.000) 2026-06-21 00:43:33 Image size of job updated: 979668
	957  -  MemoryUsage of job (MB)
	979668  -  ResidentSetSize of job (KB)
...
006 (8017966.233.000) 2026-06-21 00:48:34 Image size of job updated: 984476
	962  -  MemoryUsage of job (MB)
	984476  -  ResidentSetSize of job (KB)
...
006 (8017966.233.000) 2026-06-21 00:53:34 Image size of job updated: 990156
	967  -  MemoryUsage of job (MB)
	990156  -  ResidentSetSize of job (KB)
...
006 (8017966.233.000) 2026-06-21 00:58:35 Image size of job updated: 999720
	977  -  MemoryUsage of job (MB)
	999720  -  ResidentSetSize of job (KB)
...
006 (8017966.233.000) 2026-06-21 01:03:36 Image size of job updated: 1002744
	977  -  MemoryUsage of job (MB)
	1000024  -  ResidentSetSize of job (KB)
...
040 (8017966.233.000) 2026-06-21 01:07:43 Started transferring output files
...
040 (8017966.233.000) 2026-06-21 01:07:43 Finished transferring output files
...
005 (8017966.233.000) 2026-06-21 01:07:43 Job terminated.
	(1) Normal termination (return value 0)
		Usr 0 00:39:48, Sys 0 00:13:32  -  Run Remote Usage
		Usr 0 00:00:00, Sys 0 00:00:00  -  Run Local Usage
		Usr 0 00:39:48, Sys 0 00:13:32  -  Total Remote Usage
		Usr 0 00:00:00, Sys 0 00:00:00  -  Total Local Usage
	2864062  -  Run Bytes Sent By Job
	2781913075  -  Run Bytes Received By Job
	2864062  -  Total Bytes Sent By Job
	2781913075  -  Total Bytes Received By Job
	Partitionable Resources :      Usage  Request Allocated Assigned
	   Cpus                 :       1.16        1         1 
	   Disk (KB)            : 2729540    16777216  16777216 
	   GPUs                 :       0.88        1         1 "GPU-446491ee"
	   GpusMemory (MB)      :    6772                       
	   IoHeavy              :                             0 
	   Memory (MB)          :     977       16384     16384 
	   TimeExecute (s)      :    2360                       
	   TimeSlotBusy (s)     :    2372                       
...
