000 (8018100.151.000) 2026-06-21 13:37:20 Job submitted from host: <128.105.68.112:9618?addrs=128.105.68.112-9618+[2607-f388-2200-100-eaeb-d3ff-fea3-4202]-9618&alias=ap2001.chtc.wisc.edu&noUDP&sock=schedd_4071840_2329>
...
040 (8018100.151.000) 2026-06-21 14:38:54 Started transferring input files
	Transferring to host: <128.105.69.60:9618?addrs=128.105.69.60-9618+[2607-f388-2200-100-527c-6fff-fe66-e7e2]-9618&alias=blengerichgpu4000.chtc.wisc.edu&noUDP&sock=backfill1_2_1843674_de95_96305>
...
040 (8018100.151.000) 2026-06-21 14:39:04 Finished transferring input files
...
001 (8018100.151.000) 2026-06-21 14:39:04 Job executing on host: <128.105.69.60:9618?addrs=128.105.69.60-9618+[2607-f388-2200-100-527c-6fff-fe66-e7e2]-9618&alias=blengerichgpu4000.chtc.wisc.edu&noUDP&sock=startd_11585_ecc4>
	SlotName: backfill1_2@blengerichgpu4000.chtc.wisc.edu
	AvailableGPUs = { GPUs_GPU_db5665ff }
	CondorScratchDir = "/var/lib/condor/execute/slot1/dir_3878709/scratch"
	Cpus = 1
	Disk = 16777216
	GPUs = 1
	GPUs_GPU_db5665ff = [ Id = "GPU-db5665ff"; Capability = 8.9; DeviceName = "NVIDIA L40S"; DeviceUuid = "db5665ff-35ac-5e51-55be-e8c110b7cb1f"; ECCEnabled = true; NvidiaDriver = "570.195.03"; DriverVersion = 12.8; DevicePciBusId = "0000:CF:00.0"; GlobalMemoryMb = 45468; MaxSupportedVersion = 12080 ]
	IoHeavy = 0
	Memory = 16384
...
006 (8018100.151.000) 2026-06-21 14:39:07 Image size of job updated: 364
	0  -  MemoryUsage of job (MB)
	0  -  ResidentSetSize of job (KB)
...
040 (8018100.151.000) 2026-06-21 14:39:07 Started transferring output files
...
040 (8018100.151.000) 2026-06-21 14:39:07 Finished transferring output files
...
004 (8018100.151.000) 2026-06-21 14:39:08 Job was evicted.
	(0) Job terminated and was requeued
		Usr 0 00:00:01, Sys 0 00:00:00  -  Run Remote Usage
		Usr 0 00:00:00, Sys 0 00:00:00  -  Run Local Usage
	454  -  Run Bytes Sent By Job
	2782665724  -  Run Bytes Received By Job
	(1) Normal termination (return value 2)
	The job attribute OnExitRemove expression 'NumJobCompletions > JobMaxRetries || ExitCode =?= 0' evaluated to FALSE
...
040 (8018100.151.000) 2026-06-21 14:40:30 Started transferring input files
	Transferring to host: <10.1.1.136:34205?CCBID=128.105.82.148:9618%3faddrs%3d128.105.82.148-9618+[2607-f388-2200-9d-7ccb-bc08-2489-768a]-9618%26alias%3dospool-ccb.osg.chtc.io%26noUDP%26sock%3dcollector8#4331662%2067.58.49.91:9618%3faddrs%3d67.58.49.91-9618+[fdf0-17b3-c3ec-1f79-10-0-e-b69d]-9618%26alias%3dccb-2.ospool.osg-htc.org%26noUDP%26sock%3dcollector8#4327190&PrivNet=gpu06&addrs=10.1.1.136-34205&alias=gpu06&noUDP>
...
040 (8018100.151.000) 2026-06-21 14:40:45 Finished transferring input files
...
021 (8018100.151.000) 2026-06-21 14:40:45 Message from starter on slot1_1@glidein_3023238_341986697@gpu06:
	PREPARE_JOB (prepare-hook) succeeded (reported status 000): Using Singularity image openfe_1.11.1.sif
...
001 (8018100.151.000) 2026-06-21 14:40:45 Job executing on host: <10.1.1.136:40079?CCBID=128.105.82.148:9618%3faddrs%3d128.105.82.148-9618+[2607-f388-2200-9d-7ccb-bc08-2489-768a]-9618%26alias%3dospool-ccb.osg.chtc.io%26noUDP%26sock%3dcollector5#4326175%2067.58.49.91:9618%3faddrs%3d67.58.49.91-9618+[fdf0-17b3-c3ec-1f79-10-0-e-b69d]-9618%26alias%3dccb-2.ospool.osg-htc.org%26noUDP%26sock%3dcollector1#4322239&PrivNet=gpu06&addrs=10.1.1.136-40079&alias=gpu06&noUDP>
	SlotName: slot1_1@glidein_3023238_341986697@gpu06
	AvailableGPUs = { GPUs_GPU_fa61c53e }
	CondorScratchDir = "/tmp/glide_ZwrExG/execute/dir_3069306/scratch"
	Cpus = 1
	Disk = 16777216
	GPUs = 1
	GPUs_GPU_fa61c53e = [ Id = "GPU-fa61c53e"; ClockMhz = 1695.0; Capability = 8.6; CoresPerCU = 128; DeviceName = "NVIDIA RTX A5000"; DeviceUuid = "fa61c53e-3506-9117-ac65-053dd1571005"; ECCEnabled = false; ComputeUnits = 64; NvidiaDriver = "595.71.05"; DriverVersion = 13.2; DevicePciBusId = "0000:01:00.0"; GlobalMemoryMb = 24361; MaxSupportedVersion = 13020 ]
	Memory = 16384
...
006 (8018100.151.000) 2026-06-21 14:40:48 Image size of job updated: 375
	6  -  MemoryUsage of job (MB)
	5452  -  ResidentSetSize of job (KB)
...
040 (8018100.151.000) 2026-06-21 14:40:49 Started transferring output files
...
040 (8018100.151.000) 2026-06-21 14:40:49 Finished transferring output files
...
004 (8018100.151.000) 2026-06-21 14:40:50 Job was evicted.
	(0) Job terminated and was requeued
		Usr 0 00:00:00, Sys 0 00:00:00  -  Run Remote Usage
		Usr 0 00:00:00, Sys 0 00:00:00  -  Run Local Usage
	573  -  Run Bytes Sent By Job
	2782665724  -  Run Bytes Received By Job
	(1) Normal termination (return value 2)
	The job attribute OnExitRemove expression 'NumJobCompletions > JobMaxRetries || ExitCode =?= 0' evaluated to FALSE
...
040 (8018100.151.000) 2026-06-21 14:41:14 Started transferring input files
	Transferring to host: <128.104.100.118:9618?addrs=128.104.100.118-9618+[2607-f388-107c-501-26d-aeff-fe1f-6b20]-9618&alias=jcaicedogpu0004.chtc.wisc.edu&noUDP&sock=backfill1_5_4107613_b354_100974>
...
040 (8018100.151.000) 2026-06-21 14:41:24 Finished transferring input files
...
001 (8018100.151.000) 2026-06-21 14:41:24 Job executing on host: <128.104.100.118:9618?addrs=128.104.100.118-9618+[2607-f388-107c-501-26d-aeff-fe1f-6b20]-9618&alias=jcaicedogpu0004.chtc.wisc.edu&noUDP&sock=startd_10858_436a>
	SlotName: backfill1_5@jcaicedogpu0004.chtc.wisc.edu
	AvailableGPUs = { GPUs_GPU_15ef4041 }
	CondorScratchDir = "/var/lib/condor/execute/slot1/dir_1105718/scratch"
	Cpus = 1
	Disk = 16777216
	GPUs = 1
	GPUs_GPU_15ef4041 = [ Id = "GPU-15ef4041"; Capability = 8.9; DeviceName = "NVIDIA L40S"; DeviceUuid = "15ef4041-a338-d8b1-af1c-286c00948d22"; ECCEnabled = true; NvidiaDriver = "570.195.03"; DriverVersion = 12.8; DevicePciBusId = "0000:21:00.0"; GlobalMemoryMb = 45468; MaxSupportedVersion = 12080 ]
	IoHeavy = 0
	Memory = 16384
...
006 (8018100.151.000) 2026-06-21 14:41:27 Image size of job updated: 516
	8  -  MemoryUsage of job (MB)
	7500  -  ResidentSetSize of job (KB)
...
040 (8018100.151.000) 2026-06-21 14:41:27 Started transferring output files
...
040 (8018100.151.000) 2026-06-21 14:41:27 Finished transferring output files
...
004 (8018100.151.000) 2026-06-21 14:41:28 Job was evicted.
	(0) Job terminated and was requeued
		Usr 0 00:00:01, Sys 0 00:00:00  -  Run Remote Usage
		Usr 0 00:00:00, Sys 0 00:00:00  -  Run Local Usage
	452  -  Run Bytes Sent By Job
	2782665724  -  Run Bytes Received By Job
	(1) Normal termination (return value 2)
	The job attribute OnExitRemove expression 'NumJobCompletions > JobMaxRetries || ExitCode =?= 0' evaluated to FALSE
...
040 (8018100.151.000) 2026-06-21 14:43:50 Started transferring input files
	Transferring to host: <128.104.100.17:9618?addrs=128.104.100.17-9618+[2607-f388-107c-501-527c-6fff-fe66-e9bc]-9618&alias=jcaicedogpu0002.chtc.wisc.edu&noUDP&sock=backfill1_3_2855957_d182_90300>
...
040 (8018100.151.000) 2026-06-21 14:43:59 Finished transferring input files
...
001 (8018100.151.000) 2026-06-21 14:43:59 Job executing on host: <128.104.100.17:9618?addrs=128.104.100.17-9618+[2607-f388-107c-501-527c-6fff-fe66-e9bc]-9618&alias=jcaicedogpu0002.chtc.wisc.edu&noUDP&sock=startd_11788_2a7e>
	SlotName: backfill1_3@jcaicedogpu0002.chtc.wisc.edu
	AvailableGPUs = { GPUs_GPU_4bcd09a1 }
	CondorScratchDir = "/var/lib/condor/execute/slot1/dir_2260473/scratch"
	Cpus = 1
	Disk = 16777216
	GPUs = 1
	GPUs_GPU_4bcd09a1 = [ Id = "GPU-4bcd09a1"; Capability = 8.9; DeviceName = "NVIDIA L40S"; DeviceUuid = "4bcd09a1-587a-5449-f708-040c59c93c87"; ECCEnabled = true; NvidiaDriver = "570.195.03"; DriverVersion = 12.8; DevicePciBusId = "0000:BD:00.0"; GlobalMemoryMb = 45468; MaxSupportedVersion = 12080 ]
	IoHeavy = 0
	Memory = 16384
...
006 (8018100.151.000) 2026-06-21 14:44:02 Image size of job updated: 1828
	8  -  MemoryUsage of job (MB)
	7500  -  ResidentSetSize of job (KB)
...
040 (8018100.151.000) 2026-06-21 14:44:02 Started transferring output files
...
040 (8018100.151.000) 2026-06-21 14:44:02 Finished transferring output files
...
004 (8018100.151.000) 2026-06-21 14:44:03 Job was evicted.
	(0) Job terminated and was requeued
		Usr 0 00:00:01, Sys 0 00:00:00  -  Run Remote Usage
		Usr 0 00:00:00, Sys 0 00:00:00  -  Run Local Usage
	452  -  Run Bytes Sent By Job
	2782665724  -  Run Bytes Received By Job
	(1) Normal termination (return value 2)
	The job attribute OnExitRemove expression 'NumJobCompletions > JobMaxRetries || ExitCode =?= 0' evaluated to FALSE
...
040 (8018100.151.000) 2026-06-21 14:46:07 Started transferring input files
	Transferring to host: <128.104.100.52:9618?addrs=128.104.100.52-9618+[2607-f388-107c-501-7ec2-55ff-fe99-a48c]-9618&alias=jcaicedogpu0000.chtc.wisc.edu&noUDP&sock=backfill1_8_12267_f60c_9464>
...
040 (8018100.151.000) 2026-06-21 14:46:19 Finished transferring input files
...
001 (8018100.151.000) 2026-06-21 14:46:19 Job executing on host: <128.104.100.52:9618?addrs=128.104.100.52-9618+[2607-f388-107c-501-7ec2-55ff-fe99-a48c]-9618&alias=jcaicedogpu0000.chtc.wisc.edu&noUDP&sock=startd_10725_0952>
	SlotName: backfill1_8@jcaicedogpu0000.chtc.wisc.edu
	AvailableGPUs = { GPUs_GPU_0c03ad29 }
	CondorScratchDir = "/var/lib/condor/execute/slot1/dir_3471395/scratch"
	Cpus = 1
	Disk = 16777216
	GPUs = 1
	GPUs_GPU_0c03ad29 = [ Id = "GPU-0c03ad29"; Capability = 8.9; DeviceName = "NVIDIA L40"; DeviceUuid = "0c03ad29-613e-407b-2db9-ce469ed3fbba"; ECCEnabled = true; NvidiaDriver = "570.195.03"; DriverVersion = 12.8; DevicePciBusId = "0000:53:00.0"; GlobalMemoryMb = 45468; MaxSupportedVersion = 12080 ]
	IoHeavy = 0
	Memory = 16384
...
040 (8018100.151.000) 2026-06-21 14:46:22 Started transferring output files
...
040 (8018100.151.000) 2026-06-21 14:46:22 Finished transferring output files
...
004 (8018100.151.000) 2026-06-21 14:46:22 Job was evicted.
	(0) Job terminated and was requeued
		Usr 0 00:00:02, Sys 0 00:00:00  -  Run Remote Usage
		Usr 0 00:00:00, Sys 0 00:00:00  -  Run Local Usage
	452  -  Run Bytes Sent By Job
	2782665724  -  Run Bytes Received By Job
	(1) Normal termination (return value 2)
	The job attribute OnExitRemove expression 'NumJobCompletions > JobMaxRetries || ExitCode =?= 0' evaluated to FALSE
...
040 (8018100.151.000) 2026-06-21 14:48:43 Started transferring input files
	Transferring to host: <128.104.100.53:9618?addrs=128.104.100.53-9618+[2607-f388-107c-501-7ec2-55ff-fe99-a2b0]-9618&alias=jcaicedogpu0001.chtc.wisc.edu&noUDP&sock=backfill1_8_12775_e4a1_9417>
...
040 (8018100.151.000) 2026-06-21 14:48:53 Finished transferring input files
...
001 (8018100.151.000) 2026-06-21 14:48:53 Job executing on host: <128.104.100.53:9618?addrs=128.104.100.53-9618+[2607-f388-107c-501-7ec2-55ff-fe99-a2b0]-9618&alias=jcaicedogpu0001.chtc.wisc.edu&noUDP&sock=startd_11292_f384>
	SlotName: backfill1_8@jcaicedogpu0001.chtc.wisc.edu
	AvailableGPUs = { GPUs_GPU_22787dff }
	CondorScratchDir = "/var/lib/condor/execute/slot1/dir_3876455/scratch"
	Cpus = 1
	Disk = 16777216
	GPUs = 1
	GPUs_GPU_22787dff = [ Id = "GPU-22787dff"; Capability = 8.9; DeviceName = "NVIDIA L40"; DeviceUuid = "22787dff-a2f4-227a-bc3c-c6178e7bb020"; ECCEnabled = true; NvidiaDriver = "570.195.03"; DriverVersion = 12.8; DevicePciBusId = "0000:52:00.0"; GlobalMemoryMb = 45468; MaxSupportedVersion = 12080 ]
	IoHeavy = 0
	Memory = 16384
...
040 (8018100.151.000) 2026-06-21 14:48:56 Started transferring output files
...
040 (8018100.151.000) 2026-06-21 14:48:56 Finished transferring output files
...
004 (8018100.151.000) 2026-06-21 14:48:57 Job was evicted.
	(0) Job terminated and was requeued
		Usr 0 00:00:02, Sys 0 00:00:00  -  Run Remote Usage
		Usr 0 00:00:00, Sys 0 00:00:00  -  Run Local Usage
	452  -  Run Bytes Sent By Job
	2782665724  -  Run Bytes Received By Job
	(1) Normal termination (return value 2)
	The job attribute OnExitRemove expression 'NumJobCompletions > JobMaxRetries || ExitCode =?= 0' evaluated to FALSE
...
040 (8018100.151.000) 2026-06-21 14:51:17 Started transferring input files
	Transferring to host: <128.105.68.166:9618?addrs=128.105.68.166-9618+[2607-f388-2200-100-b62e-99ff-feb7-2e2d]-9618&alias=gpulab2001.chtc.wisc.edu&noUDP&sock=backfill1_2_11113_dd1d_53812>
...
040 (8018100.151.000) 2026-06-21 14:51:45 Finished transferring input files
...
001 (8018100.151.000) 2026-06-21 14:51:45 Job executing on host: <128.105.68.166:9618?addrs=128.105.68.166-9618+[2607-f388-2200-100-b62e-99ff-feb7-2e2d]-9618&alias=gpulab2001.chtc.wisc.edu&noUDP&sock=startd_10083_ad84>
	SlotName: backfill1_2@gpulab2001.chtc.wisc.edu
	AvailableGPUs = { GPUs_GPU_de7b89bb }
	CondorScratchDir = "/var/lib/condor/execute/slot1/dir_1246094/scratch"
	Cpus = 1
	Disk = 16777216
	GPUs = 1
	GPUs_GPU_de7b89bb = [ Id = "GPU-de7b89bb"; Capability = 7.5; DeviceName = "NVIDIA GeForce RTX 2080 Ti"; DeviceUuid = "de7b89bb-11e2-d8b1-1b92-c9ab2f9f87e3"; ECCEnabled = false; NvidiaDriver = "570.195.03"; DriverVersion = 12.8; DevicePciBusId = "0000:DA:00.0"; GlobalMemoryMb = 10823; MaxSupportedVersion = 12080 ]
	IoHeavy = 0
	Memory = 16384
...
040 (8018100.151.000) 2026-06-21 14:51:49 Started transferring output files
...
040 (8018100.151.000) 2026-06-21 14:51:49 Finished transferring output files
...
004 (8018100.151.000) 2026-06-21 14:51:50 Job was evicted.
	(0) Job terminated and was requeued
		Usr 0 00:00:02, Sys 0 00:00:00  -  Run Remote Usage
		Usr 0 00:00:00, Sys 0 00:00:00  -  Run Local Usage
	447  -  Run Bytes Sent By Job
	2782665724  -  Run Bytes Received By Job
	(1) Normal termination (return value 2)
	The job attribute OnExitRemove expression 'NumJobCompletions > JobMaxRetries || ExitCode =?= 0' evaluated to FALSE
...
040 (8018100.151.000) 2026-06-21 14:53:48 Started transferring input files
	Transferring to host: <128.104.100.117:9618?addrs=128.104.100.117-9618+[2607-f388-107c-501-8ae9-a4ff-fe02-e150]-9618&alias=jcaicedogpu0003.chtc.wisc.edu&noUDP&sock=backfill1_3_1586877_26eb_101004>
...
040 (8018100.151.000) 2026-06-21 14:53:58 Finished transferring input files
...
001 (8018100.151.000) 2026-06-21 14:53:58 Job executing on host: <128.104.100.117:9618?addrs=128.104.100.117-9618+[2607-f388-107c-501-8ae9-a4ff-fe02-e150]-9618&alias=jcaicedogpu0003.chtc.wisc.edu&noUDP&sock=startd_10874_3cee>
	SlotName: backfill1_3@jcaicedogpu0003.chtc.wisc.edu
	AvailableGPUs = { GPUs_GPU_141e67b0 }
	CondorScratchDir = "/var/lib/condor/execute/slot1/dir_3107433/scratch"
	Cpus = 1
	Disk = 16777216
	GPUs = 1
	GPUs_GPU_141e67b0 = [ Id = "GPU-141e67b0"; Capability = 8.9; DeviceName = "NVIDIA L40S"; DeviceUuid = "141e67b0-0a57-7e36-6083-0e666f2f6148"; ECCEnabled = true; NvidiaDriver = "570.195.03"; DriverVersion = 12.8; DevicePciBusId = "0000:C1:00.0"; GlobalMemoryMb = 45468; MaxSupportedVersion = 12080 ]
	IoHeavy = 0
	Memory = 16384
...
040 (8018100.151.000) 2026-06-21 14:54:01 Started transferring output files
...
040 (8018100.151.000) 2026-06-21 14:54:01 Finished transferring output files
...
004 (8018100.151.000) 2026-06-21 14:54:01 Job was evicted.
	(0) Job terminated and was requeued
		Usr 0 00:00:01, Sys 0 00:00:00  -  Run Remote Usage
		Usr 0 00:00:00, Sys 0 00:00:00  -  Run Local Usage
	452  -  Run Bytes Sent By Job
	2782665724  -  Run Bytes Received By Job
	(1) Normal termination (return value 2)
	The job attribute OnExitRemove expression 'NumJobCompletions > JobMaxRetries || ExitCode =?= 0' evaluated to FALSE
...
040 (8018100.151.000) 2026-06-21 14:55:16 Started transferring input files
	Transferring to host: <128.104.103.47:9618?addrs=128.104.103.47-9618+[2607-f388-107c-501-a236-9fff-fe3c-f3a0]-9618&alias=ahlquist0000.chtc.wisc.edu&noUDP&sock=backfill1_8_9919_952c_8238>
...
040 (8018100.151.000) 2026-06-21 14:57:29 Finished transferring input files
...
001 (8018100.151.000) 2026-06-21 14:57:29 Job executing on host: <128.104.103.47:9618?addrs=128.104.103.47-9618+[2607-f388-107c-501-a236-9fff-fe3c-f3a0]-9618&alias=ahlquist0000.chtc.wisc.edu&noUDP&sock=startd_9052_7f60>
	SlotName: backfill1_8@ahlquist0000.chtc.wisc.edu
	AvailableGPUs = { GPUs_GPU_ebcd15a8 }
	CondorScratchDir = "/var/lib/condor/execute/slot1/dir_1409248/scratch"
	Cpus = 1
	Disk = 16777216
	GPUs = 1
	GPUs_GPU_ebcd15a8 = [ Id = "GPU-ebcd15a8"; Capability = 7.5; DeviceName = "NVIDIA GeForce RTX 2080 Ti"; DeviceUuid = "ebcd15a8-c497-a993-09c7-d0b925ffb95a"; ECCEnabled = false; NvidiaDriver = "550.54.14"; DriverVersion = 12.4; DevicePciBusId = "0000:1A:00.0"; GlobalMemoryMb = 11004; MaxSupportedVersion = 12040 ]
	IoHeavy = 0
	Memory = 16384
...
040 (8018100.151.000) 2026-06-21 14:57:34 Started transferring output files
...
040 (8018100.151.000) 2026-06-21 14:57:34 Finished transferring output files
...
004 (8018100.151.000) 2026-06-21 14:57:39 Job was evicted.
	(0) Job terminated and was requeued
		Usr 0 00:00:03, Sys 0 00:00:00  -  Run Remote Usage
		Usr 0 00:00:00, Sys 0 00:00:00  -  Run Local Usage
	449  -  Run Bytes Sent By Job
	2782665724  -  Run Bytes Received By Job
	(1) Normal termination (return value 2)
	The job attribute OnExitRemove expression 'NumJobCompletions > JobMaxRetries || ExitCode =?= 0' evaluated to FALSE
...
040 (8018100.151.000) 2026-06-21 14:57:42 Started transferring input files
	Transferring to host: <128.105.68.168:9618?addrs=128.105.68.168-9618+[2607-f388-2200-100-b62e-99ff-feb7-2dcb]-9618&alias=gpulab2003.chtc.wisc.edu&noUDP&sock=slot2_4_11172_6f3f_7745>
...
040 (8018100.151.000) 2026-06-21 14:58:05 Finished transferring input files
...
001 (8018100.151.000) 2026-06-21 14:58:05 Job executing on host: <128.105.68.168:9618?addrs=128.105.68.168-9618+[2607-f388-2200-100-b62e-99ff-feb7-2dcb]-9618&alias=gpulab2003.chtc.wisc.edu&noUDP&sock=startd_10155_1056>
	SlotName: slot2_4@gpulab2003.chtc.wisc.edu
	AvailableGPUs = { GPUs_GPU_61902b82 }
	CondorScratchDir = "/var/lib/condor/execute/slot2/dir_1338005/scratch"
	Cpus = 1
	Disk = 16777216
	GPUs = 1
	GPUs_GPU_61902b82 = [ Id = "GPU-61902b82"; Capability = 7.5; DeviceName = "NVIDIA GeForce RTX 2080 Ti"; DeviceUuid = "61902b82-cedb-e4be-d010-bca8829ec79b"; ECCEnabled = false; NvidiaDriver = "570.195.03"; DriverVersion = 12.8; DevicePciBusId = "0000:B2:00.0"; GlobalMemoryMb = 10823; MaxSupportedVersion = 12080 ]
	IoHeavy = 0
	Memory = 16384
...
006 (8018100.151.000) 2026-06-21 14:58:09 Image size of job updated: 12536
	13  -  MemoryUsage of job (MB)
	12304  -  ResidentSetSize of job (KB)
...
040 (8018100.151.000) 2026-06-21 14:58:09 Started transferring output files
...
040 (8018100.151.000) 2026-06-21 14:58:09 Finished transferring output files
...
004 (8018100.151.000) 2026-06-21 14:58:10 Job was evicted.
	(0) Job terminated and was requeued
		Usr 0 00:00:03, Sys 0 00:00:00  -  Run Remote Usage
		Usr 0 00:00:00, Sys 0 00:00:00  -  Run Local Usage
	437  -  Run Bytes Sent By Job
	2782665724  -  Run Bytes Received By Job
	(1) Normal termination (return value 2)
	The job attribute OnExitRemove expression 'NumJobCompletions > JobMaxRetries || ExitCode =?= 0' evaluated to FALSE
...
040 (8018100.151.000) 2026-06-21 14:58:16 Started transferring input files
	Transferring to host: <128.104.100.17:9618?addrs=128.104.100.17-9618+[2607-f388-107c-501-527c-6fff-fe66-e9bc]-9618&alias=jcaicedogpu0002.chtc.wisc.edu&noUDP&sock=backfill1_3_2855957_d182_90330>
...
040 (8018100.151.000) 2026-06-21 14:58:27 Finished transferring input files
...
001 (8018100.151.000) 2026-06-21 14:58:27 Job executing on host: <128.104.100.17:9618?addrs=128.104.100.17-9618+[2607-f388-107c-501-527c-6fff-fe66-e9bc]-9618&alias=jcaicedogpu0002.chtc.wisc.edu&noUDP&sock=startd_11788_2a7e>
	SlotName: backfill1_3@jcaicedogpu0002.chtc.wisc.edu
	AvailableGPUs = { GPUs_GPU_4bcd09a1 }
	CondorScratchDir = "/var/lib/condor/execute/slot1/dir_2264268/scratch"
	Cpus = 1
	Disk = 16777216
	GPUs = 1
	GPUs_GPU_4bcd09a1 = [ Id = "GPU-4bcd09a1"; Capability = 8.9; DeviceName = "NVIDIA L40S"; DeviceUuid = "4bcd09a1-587a-5449-f708-040c59c93c87"; ECCEnabled = true; NvidiaDriver = "570.195.03"; DriverVersion = 12.8; DevicePciBusId = "0000:BD:00.0"; GlobalMemoryMb = 45468; MaxSupportedVersion = 12080 ]
	IoHeavy = 0
	Memory = 16384
...
040 (8018100.151.000) 2026-06-21 14:58:30 Started transferring output files
...
040 (8018100.151.000) 2026-06-21 14:58:30 Finished transferring output files
...
005 (8018100.151.000) 2026-06-21 14:58:31 Job terminated.
	(1) Normal termination (return value 2)
		Usr 0 00:00:01, Sys 0 00:00:00  -  Run Remote Usage
		Usr 0 00:00:00, Sys 0 00:00:00  -  Run Local Usage
		Usr 0 00:00:17, Sys 0 00:00:00  -  Total Remote Usage
		Usr 0 00:00:00, Sys 0 00:00:00  -  Total Local Usage
	452  -  Run Bytes Sent By Job
	2782665724  -  Run Bytes Received By Job
	5072  -  Total Bytes Sent By Job
	30609322964  -  Total Bytes Received By Job
	Partitionable Resources :    Usage  Request Allocated Assigned
	   Cpus                 :        0        1         1 
	   Disk (KB)            :  2717483 16777216  16777216 
	   GPUs                 :        0        1         1 "GPU-4bcd09a1"
	   IoHeavy              :                           0 
	   Memory (MB)          :       13    16384     16384 
	   TimeExecute (s)      :        3                    
	   TimeSlotBusy (s)     :       15                    
...
