000 (8017966.814.000) 2026-06-20 22:07:54 Job submitted from host: <128.105.68.112:9618?addrs=128.105.68.112-9618+[2607-f388-2200-100-eaeb-d3ff-fea3-4202]-9618&alias=ap2001.chtc.wisc.edu&noUDP&sock=schedd_4071840_2329>
...
040 (8017966.814.000) 2026-06-21 04:46:54 Started transferring input files
	Transferring to host: <128.105.68.16:9618?addrs=128.105.68.16-9618+[2607-f388-2200-100-3eec-efff-fe0c-5412]-9618&alias=coba2000.chtc.wisc.edu&noUDP&sock=backfill1_4_1747599_5733_77129>
...
040 (8017966.814.000) 2026-06-21 04:47:28 Finished transferring input files
...
001 (8017966.814.000) 2026-06-21 04:47:28 Job executing on host: <128.105.68.16:9618?addrs=128.105.68.16-9618+[2607-f388-2200-100-3eec-efff-fe0c-5412]-9618&alias=coba2000.chtc.wisc.edu&noUDP&sock=startd_11607_03da>
	SlotName: backfill1_4@coba2000.chtc.wisc.edu
	AvailableGPUs = { GPUs_GPU_887efb86 }
	CondorScratchDir = "/var/lib/condor/execute/slot1/dir_1681867/scratch"
	Cpus = 1
	Disk = 16777216
	GPUs = 1
	GPUs_GPU_887efb86 = [ Id = "GPU-887efb86"; Capability = 8.0; DeviceName = "NVIDIA A100-SXM4-40GB"; DeviceUuid = "887efb86-35ba-3928-8b22-8f98126311f7"; ECCEnabled = true; NvidiaDriver = "570.195.03"; DriverVersion = 12.8; DevicePciBusId = "0000:01:00.0"; GlobalMemoryMb = 40442; MaxSupportedVersion = 12080 ]
	IoHeavy = 0
	Memory = 16384
...
006 (8017966.814.000) 2026-06-21 04:47:38 Image size of job updated: 381548
	373  -  MemoryUsage of job (MB)
	381548  -  ResidentSetSize of job (KB)
...
006 (8017966.814.000) 2026-06-21 04:52:38 Image size of job updated: 969060
	945  -  MemoryUsage of job (MB)
	967200  -  ResidentSetSize of job (KB)
...
006 (8017966.814.000) 2026-06-21 04:57:38 Image size of job updated: 969060
	946  -  MemoryUsage of job (MB)
	968072  -  ResidentSetSize of job (KB)
...
006 (8017966.814.000) 2026-06-21 05:02:39 Image size of job updated: 972416
	950  -  MemoryUsage of job (MB)
	972416  -  ResidentSetSize of job (KB)
...
006 (8017966.814.000) 2026-06-21 05:07:39 Image size of job updated: 976440
	954  -  MemoryUsage of job (MB)
	976440  -  ResidentSetSize of job (KB)
...
006 (8017966.814.000) 2026-06-21 05:12:40 Image size of job updated: 982352
	960  -  MemoryUsage of job (MB)
	982352  -  ResidentSetSize of job (KB)
...
006 (8017966.814.000) 2026-06-21 05:17:40 Image size of job updated: 985416
	963  -  MemoryUsage of job (MB)
	985416  -  ResidentSetSize of job (KB)
...
006 (8017966.814.000) 2026-06-21 05:22:41 Image size of job updated: 992444
	970  -  MemoryUsage of job (MB)
	992444  -  ResidentSetSize of job (KB)
...
006 (8017966.814.000) 2026-06-21 05:27:42 Image size of job updated: 995428
	973  -  MemoryUsage of job (MB)
	995428  -  ResidentSetSize of job (KB)
...
006 (8017966.814.000) 2026-06-21 05:32:42 Image size of job updated: 998824
	973  -  MemoryUsage of job (MB)
	995428  -  ResidentSetSize of job (KB)
...
006 (8017966.814.000) 2026-06-21 05:37:43 Image size of job updated: 1003164
	973  -  MemoryUsage of job (MB)
	995428  -  ResidentSetSize of job (KB)
...
040 (8017966.814.000) 2026-06-21 05:40:57 Started transferring output files
...
040 (8017966.814.000) 2026-06-21 05:40:57 Finished transferring output files
...
005 (8017966.814.000) 2026-06-21 05:40:58 Job terminated.
	(1) Normal termination (return value 0)
		Usr 0 00:53:34, Sys 0 00:32:56  -  Run Remote Usage
		Usr 0 00:00:00, Sys 0 00:00:00  -  Run Local Usage
		Usr 0 00:53:34, Sys 0 00:32:56  -  Total Remote Usage
		Usr 0 00:00:00, Sys 0 00:00:00  -  Total Local Usage
	2693747  -  Run Bytes Sent By Job
	2781896106  -  Run Bytes Received By Job
	2693747  -  Total Bytes Sent By Job
	2781896106  -  Total Bytes Received By Job
	Partitionable Resources :      Usage  Request Allocated Assigned
	   Cpus                 :       0.99        1         1 
	   Disk (KB)            : 2728975    16777216  16777216 
	   GPUs                 :       0.81        1         1 "GPU-887efb86"
	   GpusMemory (MB)      :    6532                       
	   IoHeavy              :                             0 
	   Memory (MB)          :     973       16384     16384 
	   TimeExecute (s)      :    3209                       
	   TimeSlotBusy (s)     :    3243                       
...
