000 (8017966.807.000) 2026-06-20 22:07:54 Job submitted from host: <128.105.68.112:9618?addrs=128.105.68.112-9618+[2607-f388-2200-100-eaeb-d3ff-fea3-4202]-9618&alias=ap2001.chtc.wisc.edu&noUDP&sock=schedd_4071840_2329>
...
040 (8017966.807.000) 2026-06-21 04:43:08 Started transferring input files
	Transferring to host: <128.105.76.52:9618?addrs=128.105.76.52-9618+[2607-f388-2200-100-b65c-b5ff-fe81-e53e]-9618&alias=dbrundage-chtcgpu5000.chtc.wisc.edu&noUDP&sock=backfill1_2_11313_c825_13845>
...
040 (8017966.807.000) 2026-06-21 04:43:22 Finished transferring input files
...
001 (8017966.807.000) 2026-06-21 04:43:22 Job executing on host: <128.105.76.52:9618?addrs=128.105.76.52-9618+[2607-f388-2200-100-b65c-b5ff-fe81-e53e]-9618&alias=dbrundage-chtcgpu5000.chtc.wisc.edu&noUDP&sock=startd_10956_7bb2>
	SlotName: backfill1_2@dbrundage-chtcgpu5000.chtc.wisc.edu
	AvailableGPUs = { GPUs_GPU_89711c58 }
	CondorScratchDir = "/var/lib/condor/execute/slot1/dir_250105/scratch"
	Cpus = 1
	Disk = 16777216
	GPUs = 1
	GPUs_GPU_89711c58 = [ Id = "GPU-89711c58"; Capability = 9.0; DeviceName = "NVIDIA H200"; DeviceUuid = "89711c58-2491-4da3-66bc-205872c162a4"; ECCEnabled = true; NvidiaDriver = "590.48.01"; DriverVersion = 13.1; DevicePciBusId = "0000:3B:00.0"; GlobalMemoryMb = 143158; MaxSupportedVersion = 13010 ]
	IoHeavy = 0
	Memory = 16384
...
006 (8017966.807.000) 2026-06-21 04:43:30 Image size of job updated: 468300
	458  -  MemoryUsage of job (MB)
	468300  -  ResidentSetSize of job (KB)
...
006 (8017966.807.000) 2026-06-21 04:48:30 Image size of job updated: 1094060
	1068  -  MemoryUsage of job (MB)
	1092780  -  ResidentSetSize of job (KB)
...
006 (8017966.807.000) 2026-06-21 04:53:31 Image size of job updated: 1094060
	1068  -  MemoryUsage of job (MB)
	1093012  -  ResidentSetSize of job (KB)
...
006 (8017966.807.000) 2026-06-21 04:58:31 Image size of job updated: 1098072
	1073  -  MemoryUsage of job (MB)
	1098072  -  ResidentSetSize of job (KB)
...
006 (8017966.807.000) 2026-06-21 05:03:32 Image size of job updated: 1103420
	1078  -  MemoryUsage of job (MB)
	1103420  -  ResidentSetSize of job (KB)
...
006 (8017966.807.000) 2026-06-21 05:08:32 Image size of job updated: 1107268
	1082  -  MemoryUsage of job (MB)
	1107268  -  ResidentSetSize of job (KB)
...
006 (8017966.807.000) 2026-06-21 05:13:33 Image size of job updated: 1110984
	1085  -  MemoryUsage of job (MB)
	1110984  -  ResidentSetSize of job (KB)
...
006 (8017966.807.000) 2026-06-21 05:18:34 Image size of job updated: 1118552
	1093  -  MemoryUsage of job (MB)
	1118552  -  ResidentSetSize of job (KB)
...
006 (8017966.807.000) 2026-06-21 05:23:34 Image size of job updated: 1121388
	1096  -  MemoryUsage of job (MB)
	1121388  -  ResidentSetSize of job (KB)
...
006 (8017966.807.000) 2026-06-21 05:28:35 Image size of job updated: 1126004
	1100  -  MemoryUsage of job (MB)
	1126004  -  ResidentSetSize of job (KB)
...
006 (8017966.807.000) 2026-06-21 05:33:35 Image size of job updated: 1132424
	1106  -  MemoryUsage of job (MB)
	1132424  -  ResidentSetSize of job (KB)
...
040 (8017966.807.000) 2026-06-21 05:38:39 Started transferring output files
...
040 (8017966.807.000) 2026-06-21 05:38:39 Finished transferring output files
...
005 (8017966.807.000) 2026-06-21 05:38:39 Job terminated.
	(1) Normal termination (return value 0)
		Usr 0 00:56:41, Sys 0 00:50:26  -  Run Remote Usage
		Usr 0 00:00:00, Sys 0 00:00:00  -  Run Local Usage
		Usr 0 00:56:41, Sys 0 00:50:26  -  Total Remote Usage
		Usr 0 00:00:00, Sys 0 00:00:00  -  Total Local Usage
	2650382  -  Run Bytes Sent By Job
	2782635463  -  Run Bytes Received By Job
	2650382  -  Total Bytes Sent By Job
	2782635463  -  Total Bytes Received By Job
	Partitionable Resources :      Usage  Request Allocated Assigned
	   Cpus                 :       1.00        1         1 
	   Disk (KB)            : 2734096    16777216  16777216 
	   GPUs                 :       0.86        1         1 "GPU-89711c58"
	   GpusMemory (MB)      :    8131                       
	   IoHeavy              :                             0 
	   Memory (MB)          :    1106       16384     16384 
	   TimeExecute (s)      :    3317                       
	   TimeSlotBusy (s)     :    3331                       
...
