000 (8018100.225.000) 2026-06-21 13:37:20 Job submitted from host: <128.105.68.112:9618?addrs=128.105.68.112-9618+[2607-f388-2200-100-eaeb-d3ff-fea3-4202]-9618&alias=ap2001.chtc.wisc.edu&noUDP&sock=schedd_4071840_2329>
...
040 (8018100.225.000) 2026-06-21 15:42:57 Started transferring input files
	Transferring to host: <10.1.1.131:42751?CCBID=128.105.82.148:9618%3faddrs%3d128.105.82.148-9618+[2607-f388-2200-9d-7ccb-bc08-2489-768a]-9618%26alias%3dospool-ccb.osg.chtc.io%26noUDP%26sock%3dcollector5#4329841%2067.58.49.91:9618%3faddrs%3d67.58.49.91-9618+[fdf0-17b3-c3ec-1f79-10-0-e-b69d]-9618%26alias%3dccb-2.ospool.osg-htc.org%26noUDP%26sock%3dcollector5#4328404&PrivNet=gpu01&addrs=10.1.1.131-42751&alias=gpu01&noUDP>
...
040 (8018100.225.000) 2026-06-21 15:43:20 Finished transferring input files
...
021 (8018100.225.000) 2026-06-21 15:43:20 Message from starter on slot1_1@glidein_2647050_104374788@gpu01:
	PREPARE_JOB (prepare-hook) succeeded (reported status 000): Using Singularity image openfe_1.11.1.sif
...
001 (8018100.225.000) 2026-06-21 15:43:20 Job executing on host: <10.1.1.131:41341?CCBID=128.105.82.148:9618%3faddrs%3d128.105.82.148-9618+[2607-f388-2200-9d-7ccb-bc08-2489-768a]-9618%26alias%3dospool-ccb.osg.chtc.io%26noUDP%26sock%3dcollector6#4331254%2067.58.49.91:9618%3faddrs%3d67.58.49.91-9618+[fdf0-17b3-c3ec-1f79-10-0-e-b69d]-9618%26alias%3dccb-2.ospool.osg-htc.org%26noUDP%26sock%3dcollector2#4325785&PrivNet=gpu01&addrs=10.1.1.131-41341&alias=gpu01&noUDP>
	SlotName: slot1_1@glidein_2647050_104374788@gpu01
	AvailableGPUs = { GPUs_GPU_23ecf0d7 }
	CondorScratchDir = "/tmp/glide_CcP9XM/execute/dir_2830164/scratch"
	Cpus = 1
	Disk = 16777216
	GPUs = 1
	GPUs_GPU_23ecf0d7 = [ Id = "GPU-23ecf0d7"; ClockMhz = 1740.0; Capability = 8.6; CoresPerCU = 128; DeviceName = "NVIDIA A40"; DeviceUuid = "23ecf0d7-cfa9-de5a-f254-f54e1a8da719"; ECCEnabled = true; ComputeUnits = 84; NvidiaDriver = "595.71.05"; DriverVersion = 13.2; DevicePciBusId = "0000:01:00.0"; GlobalMemoryMb = 45739; MaxSupportedVersion = 13020 ]
	Memory = 16384
...
006 (8018100.225.000) 2026-06-21 15:43:26 Image size of job updated: 4066668
	92  -  MemoryUsage of job (MB)
	93804  -  ResidentSetSize of job (KB)
...
040 (8018100.225.000) 2026-06-21 15:43:27 Started transferring output files
...
040 (8018100.225.000) 2026-06-21 15:43:27 Finished transferring output files
...
004 (8018100.225.000) 2026-06-21 15:43:28 Job was evicted.
	(0) Job terminated and was requeued
		Usr 0 00:00:01, Sys 0 00:00:00  -  Run Remote Usage
		Usr 0 00:00:00, Sys 0 00:00:00  -  Run Local Usage
	547  -  Run Bytes Sent By Job
	2782485480  -  Run Bytes Received By Job
	(1) Normal termination (return value 2)
	The job attribute OnExitRemove expression 'NumJobCompletions > JobMaxRetries || ExitCode =?= 0' evaluated to FALSE
...
040 (8018100.225.000) 2026-06-21 15:44:19 Started transferring input files
	Transferring to host: <128.105.68.16:9618?addrs=128.105.68.16-9618+[2607-f388-2200-100-3eec-efff-fe0c-5412]-9618&alias=coba2000.chtc.wisc.edu&noUDP&sock=backfill1_3_1747599_5733_78323>
...
040 (8018100.225.000) 2026-06-21 15:44:34 Finished transferring input files
...
001 (8018100.225.000) 2026-06-21 15:44:34 Job executing on host: <128.105.68.16:9618?addrs=128.105.68.16-9618+[2607-f388-2200-100-3eec-efff-fe0c-5412]-9618&alias=coba2000.chtc.wisc.edu&noUDP&sock=startd_11607_03da>
	SlotName: backfill1_3@coba2000.chtc.wisc.edu
	AvailableGPUs = { GPUs_GPU_ee7237b4 }
	CondorScratchDir = "/var/lib/condor/execute/slot1/dir_2001142/scratch"
	Cpus = 1
	Disk = 16777216
	GPUs = 1
	GPUs_GPU_ee7237b4 = [ Id = "GPU-ee7237b4"; Capability = 8.0; DeviceName = "NVIDIA A100-SXM4-40GB"; DeviceUuid = "ee7237b4-7e82-64c1-4693-db39b705ecfa"; ECCEnabled = true; NvidiaDriver = "570.195.03"; DriverVersion = 12.8; DevicePciBusId = "0000:41:00.0"; GlobalMemoryMb = 40442; MaxSupportedVersion = 12080 ]
	IoHeavy = 0
	Memory = 16384
...
040 (8018100.225.000) 2026-06-21 15:44:37 Started transferring output files
...
040 (8018100.225.000) 2026-06-21 15:44:37 Finished transferring output files
...
004 (8018100.225.000) 2026-06-21 15:44:38 Job was evicted.
	(0) Job terminated and was requeued
		Usr 0 00:00:02, Sys 0 00:00:00  -  Run Remote Usage
		Usr 0 00:00:00, Sys 0 00:00:00  -  Run Local Usage
	443  -  Run Bytes Sent By Job
	2782485480  -  Run Bytes Received By Job
	(1) Normal termination (return value 2)
	The job attribute OnExitRemove expression 'NumJobCompletions > JobMaxRetries || ExitCode =?= 0' evaluated to FALSE
...
040 (8018100.225.000) 2026-06-21 15:46:43 Started transferring input files
	Transferring to host: <128.105.69.60:9618?addrs=128.105.69.60-9618+[2607-f388-2200-100-527c-6fff-fe66-e7e2]-9618&alias=blengerichgpu4000.chtc.wisc.edu&noUDP&sock=backfill1_2_1843674_de95_96490>
...
040 (8018100.225.000) 2026-06-21 15:46:57 Finished transferring input files
...
001 (8018100.225.000) 2026-06-21 15:46:57 Job executing on host: <128.105.69.60:9618?addrs=128.105.69.60-9618+[2607-f388-2200-100-527c-6fff-fe66-e7e2]-9618&alias=blengerichgpu4000.chtc.wisc.edu&noUDP&sock=startd_11585_ecc4>
	SlotName: backfill1_2@blengerichgpu4000.chtc.wisc.edu
	AvailableGPUs = { GPUs_GPU_db5665ff }
	CondorScratchDir = "/var/lib/condor/execute/slot1/dir_3913145/scratch"
	Cpus = 1
	Disk = 16777216
	GPUs = 1
	GPUs_GPU_db5665ff = [ Id = "GPU-db5665ff"; Capability = 8.9; DeviceName = "NVIDIA L40S"; DeviceUuid = "db5665ff-35ac-5e51-55be-e8c110b7cb1f"; ECCEnabled = true; NvidiaDriver = "570.195.03"; DriverVersion = 12.8; DevicePciBusId = "0000:CF:00.0"; GlobalMemoryMb = 45468; MaxSupportedVersion = 12080 ]
	IoHeavy = 0
	Memory = 16384
...
040 (8018100.225.000) 2026-06-21 15:47:00 Started transferring output files
...
040 (8018100.225.000) 2026-06-21 15:47:00 Finished transferring output files
...
004 (8018100.225.000) 2026-06-21 15:47:00 Job was evicted.
	(0) Job terminated and was requeued
		Usr 0 00:00:01, Sys 0 00:00:00  -  Run Remote Usage
		Usr 0 00:00:00, Sys 0 00:00:00  -  Run Local Usage
	452  -  Run Bytes Sent By Job
	2782485480  -  Run Bytes Received By Job
	(1) Normal termination (return value 2)
	The job attribute OnExitRemove expression 'NumJobCompletions > JobMaxRetries || ExitCode =?= 0' evaluated to FALSE
...
040 (8018100.225.000) 2026-06-21 15:49:19 Started transferring input files
	Transferring to host: <128.105.68.166:9618?addrs=128.105.68.166-9618+[2607-f388-2200-100-b62e-99ff-feb7-2e2d]-9618&alias=gpulab2001.chtc.wisc.edu&noUDP&sock=backfill1_2_11113_dd1d_53986>
...
040 (8018100.225.000) 2026-06-21 15:49:37 Finished transferring input files
...
001 (8018100.225.000) 2026-06-21 15:49:37 Job executing on host: <128.105.68.166:9618?addrs=128.105.68.166-9618+[2607-f388-2200-100-b62e-99ff-feb7-2e2d]-9618&alias=gpulab2001.chtc.wisc.edu&noUDP&sock=startd_10083_ad84>
	SlotName: backfill1_2@gpulab2001.chtc.wisc.edu
	AvailableGPUs = { GPUs_GPU_de7b89bb }
	CondorScratchDir = "/var/lib/condor/execute/slot1/dir_1278251/scratch"
	Cpus = 1
	Disk = 16777216
	GPUs = 1
	GPUs_GPU_de7b89bb = [ Id = "GPU-de7b89bb"; Capability = 7.5; DeviceName = "NVIDIA GeForce RTX 2080 Ti"; DeviceUuid = "de7b89bb-11e2-d8b1-1b92-c9ab2f9f87e3"; ECCEnabled = false; NvidiaDriver = "570.195.03"; DriverVersion = 12.8; DevicePciBusId = "0000:DA:00.0"; GlobalMemoryMb = 10823; MaxSupportedVersion = 12080 ]
	IoHeavy = 0
	Memory = 16384
...
040 (8018100.225.000) 2026-06-21 15:49:41 Started transferring output files
...
040 (8018100.225.000) 2026-06-21 15:49:41 Finished transferring output files
...
004 (8018100.225.000) 2026-06-21 15:49:42 Job was evicted.
	(0) Job terminated and was requeued
		Usr 0 00:00:02, Sys 0 00:00:00  -  Run Remote Usage
		Usr 0 00:00:00, Sys 0 00:00:00  -  Run Local Usage
	445  -  Run Bytes Sent By Job
	2782485480  -  Run Bytes Received By Job
	(1) Normal termination (return value 2)
	The job attribute OnExitRemove expression 'NumJobCompletions > JobMaxRetries || ExitCode =?= 0' evaluated to FALSE
...
040 (8018100.225.000) 2026-06-21 15:50:21 Started transferring input files
	Transferring to host: <128.105.68.23:9618?addrs=128.105.68.23-9618+[2607-f388-2200-100-3eec-efff-fe0c-50a0]-9618&alias=gpulab2004.chtc.wisc.edu&noUDP&sock=slot2_2_2216700_6e96_77797>
...
040 (8018100.225.000) 2026-06-21 15:50:35 Finished transferring input files
...
001 (8018100.225.000) 2026-06-21 15:50:35 Job executing on host: <128.105.68.23:9618?addrs=128.105.68.23-9618+[2607-f388-2200-100-3eec-efff-fe0c-50a0]-9618&alias=gpulab2004.chtc.wisc.edu&noUDP&sock=startd_10770_e715>
	SlotName: slot2_2@gpulab2004.chtc.wisc.edu
	AvailableGPUs = { GPUs_GPU_8f9c2d75 }
	CondorScratchDir = "/var/lib/condor/execute/slot2/dir_3085568/scratch"
	Cpus = 1
	Disk = 16777216
	GPUs = 1
	GPUs_GPU_8f9c2d75 = [ Id = "GPU-8f9c2d75"; Capability = 8.0; DeviceName = "NVIDIA A100-SXM4-40GB"; DeviceUuid = "8f9c2d75-1b7d-5026-b177-283d13ddbb90"; ECCEnabled = true; NvidiaDriver = "570.195.03"; DriverVersion = 12.8; DevicePciBusId = "0000:81:00.0"; GlobalMemoryMb = 40442; MaxSupportedVersion = 12080 ]
	IoHeavy = 0
	Memory = 16384
...
040 (8018100.225.000) 2026-06-21 15:50:39 Started transferring output files
...
040 (8018100.225.000) 2026-06-21 15:50:39 Finished transferring output files
...
004 (8018100.225.000) 2026-06-21 15:50:40 Job was evicted.
	(0) Job terminated and was requeued
		Usr 0 00:00:02, Sys 0 00:00:00  -  Run Remote Usage
		Usr 0 00:00:00, Sys 0 00:00:00  -  Run Local Usage
	445  -  Run Bytes Sent By Job
	2782485480  -  Run Bytes Received By Job
	(1) Normal termination (return value 2)
	The job attribute OnExitRemove expression 'NumJobCompletions > JobMaxRetries || ExitCode =?= 0' evaluated to FALSE
...
040 (8018100.225.000) 2026-06-21 15:50:56 Started transferring input files
	Transferring to host: <128.105.68.168:9618?addrs=128.105.68.168-9618+[2607-f388-2200-100-b62e-99ff-feb7-2dcb]-9618&alias=gpulab2003.chtc.wisc.edu&noUDP&sock=slot2_4_11172_6f3f_7956>
...
040 (8018100.225.000) 2026-06-21 15:51:20 Finished transferring input files
...
001 (8018100.225.000) 2026-06-21 15:51:20 Job executing on host: <128.105.68.168:9618?addrs=128.105.68.168-9618+[2607-f388-2200-100-b62e-99ff-feb7-2dcb]-9618&alias=gpulab2003.chtc.wisc.edu&noUDP&sock=startd_10155_1056>
	SlotName: slot2_4@gpulab2003.chtc.wisc.edu
	AvailableGPUs = { GPUs_GPU_61902b82 }
	CondorScratchDir = "/var/lib/condor/execute/slot2/dir_1468485/scratch"
	Cpus = 1
	Disk = 16777216
	GPUs = 1
	GPUs_GPU_61902b82 = [ Id = "GPU-61902b82"; Capability = 7.5; DeviceName = "NVIDIA GeForce RTX 2080 Ti"; DeviceUuid = "61902b82-cedb-e4be-d010-bca8829ec79b"; ECCEnabled = false; NvidiaDriver = "570.195.03"; DriverVersion = 12.8; DevicePciBusId = "0000:B2:00.0"; GlobalMemoryMb = 10823; MaxSupportedVersion = 12080 ]
	IoHeavy = 0
	Memory = 16384
...
040 (8018100.225.000) 2026-06-21 15:51:23 Started transferring output files
...
040 (8018100.225.000) 2026-06-21 15:51:23 Finished transferring output files
...
004 (8018100.225.000) 2026-06-21 15:51:24 Job was evicted.
	(0) Job terminated and was requeued
		Usr 0 00:00:02, Sys 0 00:00:00  -  Run Remote Usage
		Usr 0 00:00:00, Sys 0 00:00:00  -  Run Local Usage
	435  -  Run Bytes Sent By Job
	2782485480  -  Run Bytes Received By Job
	(1) Normal termination (return value 2)
	The job attribute OnExitRemove expression 'NumJobCompletions > JobMaxRetries || ExitCode =?= 0' evaluated to FALSE
...
040 (8018100.225.000) 2026-06-21 15:51:35 Started transferring input files
	Transferring to host: <128.104.100.53:9618?addrs=128.104.100.53-9618+[2607-f388-107c-501-7ec2-55ff-fe99-a2b0]-9618&alias=jcaicedogpu0001.chtc.wisc.edu&noUDP&sock=backfill1_1_12775_e4a1_9597>
...
040 (8018100.225.000) 2026-06-21 15:51:48 Finished transferring input files
...
001 (8018100.225.000) 2026-06-21 15:51:48 Job executing on host: <128.104.100.53:9618?addrs=128.104.100.53-9618+[2607-f388-107c-501-7ec2-55ff-fe99-a2b0]-9618&alias=jcaicedogpu0001.chtc.wisc.edu&noUDP&sock=startd_11292_f384>
	SlotName: backfill1_1@jcaicedogpu0001.chtc.wisc.edu
	AvailableGPUs = { GPUs_GPU_dbe7385b }
	CondorScratchDir = "/var/lib/condor/execute/slot1/dir_3898836/scratch"
	Cpus = 1
	Disk = 16777216
	GPUs = 1
	GPUs_GPU_dbe7385b = [ Id = "GPU-dbe7385b"; Capability = 8.9; DeviceName = "NVIDIA L40"; DeviceUuid = "dbe7385b-7975-52cd-4145-ef37df536db0"; ECCEnabled = true; NvidiaDriver = "570.195.03"; DriverVersion = 12.8; DevicePciBusId = "0000:D5:00.0"; GlobalMemoryMb = 45468; MaxSupportedVersion = 12080 ]
	IoHeavy = 0
	Memory = 16384
...
040 (8018100.225.000) 2026-06-21 15:51:51 Started transferring output files
...
040 (8018100.225.000) 2026-06-21 15:51:51 Finished transferring output files
...
004 (8018100.225.000) 2026-06-21 15:51:52 Job was evicted.
	(0) Job terminated and was requeued
		Usr 0 00:00:02, Sys 0 00:00:00  -  Run Remote Usage
		Usr 0 00:00:00, Sys 0 00:00:00  -  Run Local Usage
	450  -  Run Bytes Sent By Job
	2782485480  -  Run Bytes Received By Job
	(1) Normal termination (return value 2)
	The job attribute OnExitRemove expression 'NumJobCompletions > JobMaxRetries || ExitCode =?= 0' evaluated to FALSE
...
040 (8018100.225.000) 2026-06-21 15:52:57 Started transferring input files
	Transferring to host: <128.105.68.23:9618?addrs=128.105.68.23-9618+[2607-f388-2200-100-3eec-efff-fe0c-50a0]-9618&alias=gpulab2004.chtc.wisc.edu&noUDP&sock=slot2_2_2216700_6e96_77801>
...
040 (8018100.225.000) 2026-06-21 15:53:11 Finished transferring input files
...
001 (8018100.225.000) 2026-06-21 15:53:11 Job executing on host: <128.105.68.23:9618?addrs=128.105.68.23-9618+[2607-f388-2200-100-3eec-efff-fe0c-50a0]-9618&alias=gpulab2004.chtc.wisc.edu&noUDP&sock=startd_10770_e715>
	SlotName: slot2_2@gpulab2004.chtc.wisc.edu
	AvailableGPUs = { GPUs_GPU_8f9c2d75 }
	CondorScratchDir = "/var/lib/condor/execute/slot2/dir_3088557/scratch"
	Cpus = 1
	Disk = 16777216
	GPUs = 1
	GPUs_GPU_8f9c2d75 = [ Id = "GPU-8f9c2d75"; Capability = 8.0; DeviceName = "NVIDIA A100-SXM4-40GB"; DeviceUuid = "8f9c2d75-1b7d-5026-b177-283d13ddbb90"; ECCEnabled = true; NvidiaDriver = "570.195.03"; DriverVersion = 12.8; DevicePciBusId = "0000:81:00.0"; GlobalMemoryMb = 40442; MaxSupportedVersion = 12080 ]
	IoHeavy = 0
	Memory = 16384
...
040 (8018100.225.000) 2026-06-21 15:53:15 Started transferring output files
...
040 (8018100.225.000) 2026-06-21 15:53:15 Finished transferring output files
...
004 (8018100.225.000) 2026-06-21 15:53:16 Job was evicted.
	(0) Job terminated and was requeued
		Usr 0 00:00:02, Sys 0 00:00:00  -  Run Remote Usage
		Usr 0 00:00:00, Sys 0 00:00:00  -  Run Local Usage
	445  -  Run Bytes Sent By Job
	2782485480  -  Run Bytes Received By Job
	(1) Normal termination (return value 2)
	The job attribute OnExitRemove expression 'NumJobCompletions > JobMaxRetries || ExitCode =?= 0' evaluated to FALSE
...
040 (8018100.225.000) 2026-06-21 15:53:23 Started transferring input files
	Transferring to host: <128.105.68.23:9618?addrs=128.105.68.23-9618+[2607-f388-2200-100-3eec-efff-fe0c-50a0]-9618&alias=gpulab2004.chtc.wisc.edu&noUDP&sock=slot2_2_2216700_6e96_77806>
...
040 (8018100.225.000) 2026-06-21 15:53:35 Finished transferring input files
...
001 (8018100.225.000) 2026-06-21 15:53:35 Job executing on host: <128.105.68.23:9618?addrs=128.105.68.23-9618+[2607-f388-2200-100-3eec-efff-fe0c-50a0]-9618&alias=gpulab2004.chtc.wisc.edu&noUDP&sock=startd_10770_e715>
	SlotName: slot2_2@gpulab2004.chtc.wisc.edu
	AvailableGPUs = { GPUs_GPU_8f9c2d75 }
	CondorScratchDir = "/var/lib/condor/execute/slot2/dir_3088857/scratch"
	Cpus = 1
	Disk = 16777216
	GPUs = 1
	GPUs_GPU_8f9c2d75 = [ Id = "GPU-8f9c2d75"; Capability = 8.0; DeviceName = "NVIDIA A100-SXM4-40GB"; DeviceUuid = "8f9c2d75-1b7d-5026-b177-283d13ddbb90"; ECCEnabled = true; NvidiaDriver = "570.195.03"; DriverVersion = 12.8; DevicePciBusId = "0000:81:00.0"; GlobalMemoryMb = 40442; MaxSupportedVersion = 12080 ]
	IoHeavy = 0
	Memory = 16384
...
040 (8018100.225.000) 2026-06-21 15:53:39 Started transferring output files
...
040 (8018100.225.000) 2026-06-21 15:53:39 Finished transferring output files
...
004 (8018100.225.000) 2026-06-21 15:53:40 Job was evicted.
	(0) Job terminated and was requeued
		Usr 0 00:00:02, Sys 0 00:00:00  -  Run Remote Usage
		Usr 0 00:00:00, Sys 0 00:00:00  -  Run Local Usage
	445  -  Run Bytes Sent By Job
	2782485480  -  Run Bytes Received By Job
	(1) Normal termination (return value 2)
	The job attribute OnExitRemove expression 'NumJobCompletions > JobMaxRetries || ExitCode =?= 0' evaluated to FALSE
...
040 (8018100.225.000) 2026-06-21 15:54:42 Started transferring input files
	Transferring to host: <128.104.103.47:9618?addrs=128.104.103.47-9618+[2607-f388-107c-501-a236-9fff-fe3c-f3a0]-9618&alias=ahlquist0000.chtc.wisc.edu&noUDP&sock=backfill1_7_9919_952c_8401>
...
040 (8018100.225.000) 2026-06-21 15:56:20 Finished transferring input files
...
001 (8018100.225.000) 2026-06-21 15:56:20 Job executing on host: <128.104.103.47:9618?addrs=128.104.103.47-9618+[2607-f388-107c-501-a236-9fff-fe3c-f3a0]-9618&alias=ahlquist0000.chtc.wisc.edu&noUDP&sock=startd_9052_7f60>
	SlotName: backfill1_7@ahlquist0000.chtc.wisc.edu
	AvailableGPUs = { GPUs_GPU_0667ce7c }
	CondorScratchDir = "/var/lib/condor/execute/slot1/dir_1440428/scratch"
	Cpus = 1
	Disk = 16777216
	GPUs = 1
	GPUs_GPU_0667ce7c = [ Id = "GPU-0667ce7c"; Capability = 7.5; DeviceName = "NVIDIA GeForce RTX 2080 Ti"; DeviceUuid = "0667ce7c-e177-dba2-090d-c54615b6c616"; ECCEnabled = false; NvidiaDriver = "550.54.14"; DriverVersion = 12.4; DevicePciBusId = "0000:1B:00.0"; GlobalMemoryMb = 11004; MaxSupportedVersion = 12040 ]
	IoHeavy = 0
	Memory = 16384
...
040 (8018100.225.000) 2026-06-21 15:56:25 Started transferring output files
...
040 (8018100.225.000) 2026-06-21 15:56:25 Finished transferring output files
...
004 (8018100.225.000) 2026-06-21 15:56:26 Job was evicted.
	(0) Job terminated and was requeued
		Usr 0 00:00:03, Sys 0 00:00:00  -  Run Remote Usage
		Usr 0 00:00:00, Sys 0 00:00:00  -  Run Local Usage
	447  -  Run Bytes Sent By Job
	2782485480  -  Run Bytes Received By Job
	(1) Normal termination (return value 2)
	The job attribute OnExitRemove expression 'NumJobCompletions > JobMaxRetries || ExitCode =?= 0' evaluated to FALSE
...
040 (8018100.225.000) 2026-06-21 15:56:31 Started transferring input files
	Transferring to host: <128.104.103.104:9618?addrs=128.104.103.104-9618+[2607-f388-107c-501-ae1f-6bff-fe40-ce2e]-9618&alias=gitter0000.chtc.wisc.edu&noUDP&sock=slot2_1_8979_4486_8893>
...
040 (8018100.225.000) 2026-06-21 15:57:33 Finished transferring input files
...
001 (8018100.225.000) 2026-06-21 15:57:33 Job executing on host: <128.104.103.104:9618?addrs=128.104.103.104-9618+[2607-f388-107c-501-ae1f-6bff-fe40-ce2e]-9618&alias=gitter0000.chtc.wisc.edu&noUDP&sock=startd_8665_0c39>
	SlotName: slot2_1@gitter0000.chtc.wisc.edu
	AvailableGPUs = { GPUs_GPU_272cc33a }
	CondorScratchDir = "/var/lib/condor/execute/slot2/dir_3993165/scratch"
	Cpus = 1
	Disk = 16777216
	GPUs = 1
	GPUs_GPU_272cc33a = [ Id = "GPU-272cc33a"; Capability = 6.1; DeviceName = "NVIDIA GeForce GTX 1080 Ti"; DeviceUuid = "272cc33a-aa36-c52e-632e-1d0ff0d0c75a"; ECCEnabled = false; NvidiaDriver = "570.195.03"; DriverVersion = 12.8; DevicePciBusId = "0000:3B:00.0"; GlobalMemoryMb = 11165; MaxSupportedVersion = 12080 ]
	IoHeavy = 0
	Memory = 16384
...
040 (8018100.225.000) 2026-06-21 15:57:38 Started transferring output files
...
040 (8018100.225.000) 2026-06-21 15:57:38 Finished transferring output files
...
005 (8018100.225.000) 2026-06-21 15:57:39 Job terminated.
	(1) Normal termination (return value 2)
		Usr 0 00:00:03, Sys 0 00:00:00  -  Run Remote Usage
		Usr 0 00:00:00, Sys 0 00:00:00  -  Run Local Usage
		Usr 0 00:00:22, Sys 0 00:00:00  -  Total Remote Usage
		Usr 0 00:00:00, Sys 0 00:00:00  -  Total Local Usage
	445  -  Run Bytes Sent By Job
	2782485480  -  Run Bytes Received By Job
	4999  -  Total Bytes Sent By Job
	30607340280  -  Total Bytes Received By Job
	Partitionable Resources :      Usage  Request Allocated Assigned
	   Cpus                 :       0.26        1         1 
	   Disk (KB)            : 2717308    16777216  16777216 
	   GPUs                 :       0           1         1 "GPU-272cc33a"
	   IoHeavy              :                             0 
	   Memory (MB)          :      98       16384     16384 
	   TimeExecute (s)      :       5                       
	   TimeSlotBusy (s)     :      67                       
...
