000 (8017966.552.000) 2026-06-20 22:07:54 Job submitted from host: <128.105.68.112:9618?addrs=128.105.68.112-9618+[2607-f388-2200-100-eaeb-d3ff-fea3-4202]-9618&alias=ap2001.chtc.wisc.edu&noUDP&sock=schedd_4071840_2329>
...
040 (8017966.552.000) 2026-06-21 02:53:08 Started transferring input files
	Transferring to host: <128.105.69.60:9618?addrs=128.105.69.60-9618+[2607-f388-2200-100-527c-6fff-fe66-e7e2]-9618&alias=blengerichgpu4000.chtc.wisc.edu&noUDP&sock=backfill1_1_1843674_de95_94964>
...
040 (8017966.552.000) 2026-06-21 02:53:18 Finished transferring input files
...
001 (8017966.552.000) 2026-06-21 02:53:18 Job executing on host: <128.105.69.60:9618?addrs=128.105.69.60-9618+[2607-f388-2200-100-527c-6fff-fe66-e7e2]-9618&alias=blengerichgpu4000.chtc.wisc.edu&noUDP&sock=startd_11585_ecc4>
	SlotName: backfill1_1@blengerichgpu4000.chtc.wisc.edu
	AvailableGPUs = { GPUs_GPU_38082b59 }
	CondorScratchDir = "/var/lib/condor/execute/slot1/dir_3461987/scratch"
	Cpus = 1
	Disk = 16777216
	GPUs = 1
	GPUs_GPU_38082b59 = [ Id = "GPU-38082b59"; Capability = 8.9; DeviceName = "NVIDIA L40S"; DeviceUuid = "38082b59-1834-f198-2686-31feb9eecc5b"; ECCEnabled = true; NvidiaDriver = "570.195.03"; DriverVersion = 12.8; DevicePciBusId = "0000:E1:00.0"; GlobalMemoryMb = 45468; MaxSupportedVersion = 12080 ]
	IoHeavy = 0
	Memory = 16384
...
006 (8017966.552.000) 2026-06-21 02:53:27 Image size of job updated: 404148
	395  -  MemoryUsage of job (MB)
	404148  -  ResidentSetSize of job (KB)
...
006 (8017966.552.000) 2026-06-21 02:58:28 Image size of job updated: 1940252
	1752  -  MemoryUsage of job (MB)
	1793344  -  ResidentSetSize of job (KB)
...
006 (8017966.552.000) 2026-06-21 03:00:42 Image size of job updated: 2134156
	1752  -  MemoryUsage of job (MB)
	1793344  -  ResidentSetSize of job (KB)
...
040 (8017966.552.000) 2026-06-21 03:00:42 Started transferring output files
...
040 (8017966.552.000) 2026-06-21 03:00:43 Finished transferring output files
...
004 (8017966.552.000) 2026-06-21 03:00:43 Job was evicted.
	(0) Job terminated and was requeued
		Usr 0 00:07:17, Sys 0 00:00:26  -  Run Remote Usage
		Usr 0 00:00:00, Sys 0 00:00:00  -  Run Local Usage
	118089570  -  Run Bytes Sent By Job
	2782487176  -  Run Bytes Received By Job
	(1) Normal termination (return value 1)
	The job attribute OnExitRemove expression 'NumJobCompletions > JobMaxRetries || ExitCode =?= 0' evaluated to FALSE
...
040 (8017966.552.000) 2026-06-21 03:01:09 Started transferring input files
	Transferring to host: <128.105.68.168:35037?CCBID=128.105.82.148:9618%3faddrs%3d128.105.82.148-9618+[2607-f388-2200-9d-7ccb-bc08-2489-768a]-9618%26alias%3dospool-ccb.osg.chtc.io%26noUDP%26sock%3dcollector8#4304587%2067.58.49.91:9618%3faddrs%3d67.58.49.91-9618+[fdf0-17b3-c3ec-1f79-10-0-e-b69d]-9618%26alias%3dccb-2.ospool.osg-htc.org%26noUDP%26sock%3dcollector6#4297938&PrivNet=gpulab2003.chtc.wisc.edu&addrs=128.105.68.168-35037+[2607-f388-2200-100-b62e-99ff-feb7-2dcb]-35037&alias=gpulab2003.chtc.wisc.edu&noUDP>
...
040 (8017966.552.000) 2026-06-21 03:01:30 Finished transferring input files
...
021 (8017966.552.000) 2026-06-21 03:01:31 Message from starter on slot1_1@glidein_42042_400663250@gpulab2003.chtc.wisc.edu:
	PREPARE_JOB (prepare-hook) succeeded (reported status 000): Using Singularity image openfe_1.11.1.sif
...
001 (8017966.552.000) 2026-06-21 03:01:31 Job executing on host: <128.105.68.168:38799?CCBID=128.105.82.148:9618%3faddrs%3d128.105.82.148-9618+[2607-f388-2200-9d-7ccb-bc08-2489-768a]-9618%26alias%3dospool-ccb.osg.chtc.io%26noUDP%26sock%3dcollector1#4179769%2067.58.49.91:9618%3faddrs%3d67.58.49.91-9618+[fdf0-17b3-c3ec-1f79-10-0-e-b69d]-9618%26alias%3dccb-2.ospool.osg-htc.org%26noUDP%26sock%3dcollector9#4177312&PrivNet=gpulab2003.chtc.wisc.edu&addrs=128.105.68.168-38799+[2607-f388-2200-100-b62e-99ff-feb7-2dcb]-38799&alias=gpulab2003.chtc.wisc.edu&noUDP>
	SlotName: slot1_1@glidein_42042_400663250@gpulab2003.chtc.wisc.edu
	AvailableGPUs = { GPUs_GPU_df09b4ae }
	CondorScratchDir = "/var/lib/condor/execute/slot1/dir_42040/scratch/glide_5fkg4a/execute/dir_18953/scratch"
	Cpus = 1
	Disk = 16777216
	GPUs = 1
	GPUs_GPU_df09b4ae = [ Id = "GPU-df09b4ae"; ClockMhz = 1545.0; Capability = 7.5; CoresPerCU = 64; DeviceName = "NVIDIA GeForce RTX 2080 Ti"; DeviceUuid = "df09b4ae-3796-2b26-7d7a-4bb88110b63f"; ECCEnabled = false; ComputeUnits = 68; NvidiaDriver = "570.195.03"; DriverVersion = 12.8; DevicePciBusId = "0000:DB:00.0"; GlobalMemoryMb = 10823; MaxSupportedVersion = 12080 ]
	Memory = 16384
...
040 (8017966.552.000) 2026-06-21 03:01:35 Started transferring output files
...
040 (8017966.552.000) 2026-06-21 03:01:35 Finished transferring output files
...
004 (8017966.552.000) 2026-06-21 03:01:35 Job was evicted.
	(0) Job terminated and was requeued
		Usr 0 00:00:00, Sys 0 00:00:00  -  Run Remote Usage
		Usr 0 00:00:00, Sys 0 00:00:00  -  Run Local Usage
	118069613  -  Run Bytes Sent By Job
	2900556273  -  Run Bytes Received By Job
	(1) Normal termination (return value 2)
	The job attribute OnExitRemove expression 'NumJobCompletions > JobMaxRetries || ExitCode =?= 0' evaluated to FALSE
...
040 (8017966.552.000) 2026-06-21 03:01:36 Started transferring input files
	Transferring to host: <128.105.68.168:9618?addrs=128.105.68.168-9618+[2607-f388-2200-100-b62e-99ff-feb7-2dcb]-9618&alias=gpulab2003.chtc.wisc.edu&noUDP&sock=slot2_3_11172_6f3f_5121>
...
040 (8017966.552.000) 2026-06-21 03:01:58 Finished transferring input files
...
001 (8017966.552.000) 2026-06-21 03:01:58 Job executing on host: <128.105.68.168:9618?addrs=128.105.68.168-9618+[2607-f388-2200-100-b62e-99ff-feb7-2dcb]-9618&alias=gpulab2003.chtc.wisc.edu&noUDP&sock=startd_10155_1056>
	SlotName: slot2_3@gpulab2003.chtc.wisc.edu
	AvailableGPUs = { GPUs_GPU_67659b45 }
	CondorScratchDir = "/var/lib/condor/execute/slot2/dir_20539/scratch"
	Cpus = 1
	Disk = 16777216
	GPUs = 1
	GPUs_GPU_67659b45 = [ Id = "GPU-67659b45"; Capability = 7.5; DeviceName = "NVIDIA GeForce RTX 2080 Ti"; DeviceUuid = "67659b45-3a57-03f4-4d85-759f040ffd80"; ECCEnabled = false; NvidiaDriver = "570.195.03"; DriverVersion = 12.8; DevicePciBusId = "0000:B1:00.0"; GlobalMemoryMb = 10823; MaxSupportedVersion = 12080 ]
	IoHeavy = 0
	Memory = 16384
...
040 (8017966.552.000) 2026-06-21 03:02:02 Started transferring output files
...
040 (8017966.552.000) 2026-06-21 03:02:03 Finished transferring output files
...
004 (8017966.552.000) 2026-06-21 03:02:03 Job was evicted.
	(0) Job terminated and was requeued
		Usr 0 00:00:02, Sys 0 00:00:00  -  Run Remote Usage
		Usr 0 00:00:00, Sys 0 00:00:00  -  Run Local Usage
	118069588  -  Run Bytes Sent By Job
	2900556273  -  Run Bytes Received By Job
	(1) Normal termination (return value 2)
	The job attribute OnExitRemove expression 'NumJobCompletions > JobMaxRetries || ExitCode =?= 0' evaluated to FALSE
...
040 (8017966.552.000) 2026-06-21 03:02:27 Started transferring input files
	Transferring to host: <128.105.68.168:9618?addrs=128.105.68.168-9618+[2607-f388-2200-100-b62e-99ff-feb7-2dcb]-9618&alias=gpulab2003.chtc.wisc.edu&noUDP&sock=slot2_1_11172_6f3f_5124>
...
040 (8017966.552.000) 2026-06-21 03:02:46 Finished transferring input files
...
001 (8017966.552.000) 2026-06-21 03:02:46 Job executing on host: <128.105.68.168:9618?addrs=128.105.68.168-9618+[2607-f388-2200-100-b62e-99ff-feb7-2dcb]-9618&alias=gpulab2003.chtc.wisc.edu&noUDP&sock=startd_10155_1056>
	SlotName: slot2_1@gpulab2003.chtc.wisc.edu
	AvailableGPUs = { GPUs_GPU_eb157808 }
	CondorScratchDir = "/var/lib/condor/execute/slot2/dir_21253/scratch"
	Cpus = 1
	Disk = 16777216
	GPUs = 1
	GPUs_GPU_eb157808 = [ Id = "GPU-eb157808"; Capability = 7.5; DeviceName = "NVIDIA GeForce RTX 2080 Ti"; DeviceUuid = "eb157808-e649-bc5b-f914-65edf583a978"; ECCEnabled = false; NvidiaDriver = "570.195.03"; DriverVersion = 12.8; DevicePciBusId = "0000:3D:00.0"; GlobalMemoryMb = 10823; MaxSupportedVersion = 12080 ]
	IoHeavy = 0
	Memory = 16384
...
040 (8017966.552.000) 2026-06-21 03:02:50 Started transferring output files
...
040 (8017966.552.000) 2026-06-21 03:02:51 Finished transferring output files
...
004 (8017966.552.000) 2026-06-21 03:02:51 Job was evicted.
	(0) Job terminated and was requeued
		Usr 0 00:00:02, Sys 0 00:00:00  -  Run Remote Usage
		Usr 0 00:00:00, Sys 0 00:00:00  -  Run Local Usage
	118069588  -  Run Bytes Sent By Job
	2900556273  -  Run Bytes Received By Job
	(1) Normal termination (return value 2)
	The job attribute OnExitRemove expression 'NumJobCompletions > JobMaxRetries || ExitCode =?= 0' evaluated to FALSE
...
040 (8017966.552.000) 2026-06-21 03:03:10 Started transferring input files
	Transferring to host: <128.104.103.53:9618?addrs=128.104.103.53-9618+[2607-f388-107c-501-b226-28ff-fe4e-296c]-9618&alias=ahlquist0002.chtc.wisc.edu&noUDP&sock=backfill1_1_11749_fbb7_7102>
...
040 (8017966.552.000) 2026-06-21 03:03:43 Finished transferring input files
...
001 (8017966.552.000) 2026-06-21 03:03:43 Job executing on host: <128.104.103.53:9618?addrs=128.104.103.53-9618+[2607-f388-107c-501-b226-28ff-fe4e-296c]-9618&alias=ahlquist0002.chtc.wisc.edu&noUDP&sock=startd_10293_b868>
	SlotName: backfill1_1@ahlquist0002.chtc.wisc.edu
	AvailableGPUs = { GPUs_GPU_a68c860f }
	CondorScratchDir = "/var/lib/condor/execute/slot1/dir_1009666/scratch"
	Cpus = 1
	Disk = 16777216
	GPUs = 1
	GPUs_GPU_a68c860f = [ Id = "GPU-a68c860f"; Capability = 6.0; DeviceName = "Tesla P100-PCIE-16GB"; DeviceUuid = "a68c860f-98a9-2483-ffd5-e68c8cdbc96f"; ECCEnabled = true; NvidiaDriver = "550.54.14"; DriverVersion = 12.4; DevicePciBusId = "0000:D8:00.0"; GlobalMemoryMb = 16269; MaxSupportedVersion = 12040 ]
	IoHeavy = 0
	Memory = 16384
...
040 (8017966.552.000) 2026-06-21 03:03:51 Started transferring output files
...
040 (8017966.552.000) 2026-06-21 03:03:51 Finished transferring output files
...
004 (8017966.552.000) 2026-06-21 03:03:52 Job was evicted.
	(0) Job terminated and was requeued
		Usr 0 00:00:05, Sys 0 00:00:01  -  Run Remote Usage
		Usr 0 00:00:00, Sys 0 00:00:00  -  Run Local Usage
	118069590  -  Run Bytes Sent By Job
	2900556273  -  Run Bytes Received By Job
	(1) Normal termination (return value 2)
	The job attribute OnExitRemove expression 'NumJobCompletions > JobMaxRetries || ExitCode =?= 0' evaluated to FALSE
...
040 (8017966.552.000) 2026-06-21 03:03:56 Started transferring input files
	Transferring to host: <141.142.150.77:9319?CCBID=128.105.82.148:9618%3faddrs%3d128.105.82.148-9618+[2607-f388-2200-9d-7ccb-bc08-2489-768a]-9618%26alias%3dospool-ccb.osg.chtc.io%26noUDP%26sock%3dcollector10#4300850%2067.58.49.91:9618%3faddrs%3d67.58.49.91-9618+[fdf0-17b3-c3ec-1f79-10-0-e-b69d]-9618%26alias%3dccb-2.ospool.osg-htc.org%26noUDP%26sock%3dcollector4#4293553&PrivNet=rails07&addrs=141.142.150.77-9319&alias=rails07&noUDP>
...
040 (8017966.552.000) 2026-06-21 03:04:12 Finished transferring input files
...
021 (8017966.552.000) 2026-06-21 03:04:13 Message from starter on slot1_2@glidein_1551287_67230680@rails07:
	PREPARE_JOB (prepare-hook) succeeded (reported status 000): Using Singularity image openfe_1.11.1.sif
...
001 (8017966.552.000) 2026-06-21 03:04:13 Job executing on host: <141.142.150.77:11809?CCBID=128.105.82.148:9618%3faddrs%3d128.105.82.148-9618+[2607-f388-2200-9d-7ccb-bc08-2489-768a]-9618%26alias%3dospool-ccb.osg.chtc.io%26noUDP%26sock%3dcollector3#4280944%2067.58.49.91:9618%3faddrs%3d67.58.49.91-9618+[fdf0-17b3-c3ec-1f79-10-0-e-b69d]-9618%26alias%3dccb-2.ospool.osg-htc.org%26noUDP%26sock%3dcollector5#4274175&PrivNet=rails07&addrs=141.142.150.77-11809&alias=rails07&noUDP>
	SlotName: slot1_2@glidein_1551287_67230680@rails07
	AvailableGPUs = { GPUs_GPU_bce5216f }
	CondorScratchDir = "/projects/bcxl/svcosguser/glide_JDhkNE/execute/dir_1785813/scratch"
	Cpus = 1
	Disk = 16777216
	GPUs = 1
	GPUs_GPU_bce5216f = [ Id = "GPU-bce5216f"; ClockMhz = 1410.0; Capability = 8.0; CoresPerCU = 64; DeviceName = "NVIDIA A100 80GB PCIe"; DeviceUuid = "bce5216f-3ad7-6051-81c4-7d82561f5205"; ECCEnabled = true; ComputeUnits = 108; NvidiaDriver = "590.48.01"; DriverVersion = 13.1; DevicePciBusId = "0000:81:00.0"; GlobalMemoryMb = 81153; MaxSupportedVersion = 13010 ]
	Memory = 16384
...
006 (8017966.552.000) 2026-06-21 03:04:18 Image size of job updated: 4266640
	1954  -  MemoryUsage of job (MB)
	2000000  -  ResidentSetSize of job (KB)
...
040 (8017966.552.000) 2026-06-21 03:04:19 Started transferring output files
...
040 (8017966.552.000) 2026-06-21 03:05:27 Finished transferring output files
...
004 (8017966.552.000) 2026-06-21 03:05:27 Job was evicted.
	(0) Job terminated and was requeued
		Usr 0 00:00:00, Sys 0 00:00:00  -  Run Remote Usage
		Usr 0 00:00:00, Sys 0 00:00:00  -  Run Local Usage
	118069604  -  Run Bytes Sent By Job
	2900556273  -  Run Bytes Received By Job
	(1) Normal termination (return value 2)
	The job attribute OnExitRemove expression 'NumJobCompletions > JobMaxRetries || ExitCode =?= 0' evaluated to FALSE
...
040 (8017966.552.000) 2026-06-21 03:05:29 Started transferring input files
	Transferring to host: <128.105.68.168:9618?addrs=128.105.68.168-9618+[2607-f388-2200-100-b62e-99ff-feb7-2dcb]-9618&alias=gpulab2003.chtc.wisc.edu&noUDP&sock=slot2_1_11172_6f3f_5140>
...
040 (8017966.552.000) 2026-06-21 03:06:03 Finished transferring input files
...
001 (8017966.552.000) 2026-06-21 03:06:03 Job executing on host: <128.105.68.168:9618?addrs=128.105.68.168-9618+[2607-f388-2200-100-b62e-99ff-feb7-2dcb]-9618&alias=gpulab2003.chtc.wisc.edu&noUDP&sock=startd_10155_1056>
	SlotName: slot2_1@gpulab2003.chtc.wisc.edu
	AvailableGPUs = { GPUs_GPU_eb157808 }
	CondorScratchDir = "/var/lib/condor/execute/slot2/dir_26614/scratch"
	Cpus = 1
	Disk = 16777216
	GPUs = 1
	GPUs_GPU_eb157808 = [ Id = "GPU-eb157808"; Capability = 7.5; DeviceName = "NVIDIA GeForce RTX 2080 Ti"; DeviceUuid = "eb157808-e649-bc5b-f914-65edf583a978"; ECCEnabled = false; NvidiaDriver = "570.195.03"; DriverVersion = 12.8; DevicePciBusId = "0000:3D:00.0"; GlobalMemoryMb = 10823; MaxSupportedVersion = 12080 ]
	IoHeavy = 0
	Memory = 16384
...
040 (8017966.552.000) 2026-06-21 03:06:07 Started transferring output files
...
040 (8017966.552.000) 2026-06-21 03:06:07 Finished transferring output files
...
004 (8017966.552.000) 2026-06-21 03:06:08 Job was evicted.
	(0) Job terminated and was requeued
		Usr 0 00:00:02, Sys 0 00:00:00  -  Run Remote Usage
		Usr 0 00:00:00, Sys 0 00:00:00  -  Run Local Usage
	118069588  -  Run Bytes Sent By Job
	2900556273  -  Run Bytes Received By Job
	(1) Normal termination (return value 2)
	The job attribute OnExitRemove expression 'NumJobCompletions > JobMaxRetries || ExitCode =?= 0' evaluated to FALSE
...
040 (8017966.552.000) 2026-06-21 03:06:25 Started transferring input files
	Transferring to host: <128.105.68.168:9618?addrs=128.105.68.168-9618+[2607-f388-2200-100-b62e-99ff-feb7-2dcb]-9618&alias=gpulab2003.chtc.wisc.edu&noUDP&sock=slot2_4_11172_6f3f_5145>
...
040 (8017966.552.000) 2026-06-21 03:06:41 Finished transferring input files
...
001 (8017966.552.000) 2026-06-21 03:06:41 Job executing on host: <128.105.68.168:9618?addrs=128.105.68.168-9618+[2607-f388-2200-100-b62e-99ff-feb7-2dcb]-9618&alias=gpulab2003.chtc.wisc.edu&noUDP&sock=startd_10155_1056>
	SlotName: slot2_4@gpulab2003.chtc.wisc.edu
	AvailableGPUs = { GPUs_GPU_61902b82 }
	CondorScratchDir = "/var/lib/condor/execute/slot2/dir_28483/scratch"
	Cpus = 1
	Disk = 16777216
	GPUs = 1
	GPUs_GPU_61902b82 = [ Id = "GPU-61902b82"; Capability = 7.5; DeviceName = "NVIDIA GeForce RTX 2080 Ti"; DeviceUuid = "61902b82-cedb-e4be-d010-bca8829ec79b"; ECCEnabled = false; NvidiaDriver = "570.195.03"; DriverVersion = 12.8; DevicePciBusId = "0000:B2:00.0"; GlobalMemoryMb = 10823; MaxSupportedVersion = 12080 ]
	IoHeavy = 0
	Memory = 16384
...
040 (8017966.552.000) 2026-06-21 03:06:46 Started transferring output files
...
040 (8017966.552.000) 2026-06-21 03:06:46 Finished transferring output files
...
004 (8017966.552.000) 2026-06-21 03:06:47 Job was evicted.
	(0) Job terminated and was requeued
		Usr 0 00:00:02, Sys 0 00:00:00  -  Run Remote Usage
		Usr 0 00:00:00, Sys 0 00:00:00  -  Run Local Usage
	118069578  -  Run Bytes Sent By Job
	2900556273  -  Run Bytes Received By Job
	(1) Normal termination (return value 2)
	The job attribute OnExitRemove expression 'NumJobCompletions > JobMaxRetries || ExitCode =?= 0' evaluated to FALSE
...
040 (8017966.552.000) 2026-06-21 03:07:15 Started transferring input files
	Transferring to host: <128.105.68.168:9618?addrs=128.105.68.168-9618+[2607-f388-2200-100-b62e-99ff-feb7-2dcb]-9618&alias=gpulab2003.chtc.wisc.edu&noUDP&sock=slot2_4_11172_6f3f_5149>
...
040 (8017966.552.000) 2026-06-21 03:07:33 Finished transferring input files
...
001 (8017966.552.000) 2026-06-21 03:07:33 Job executing on host: <128.105.68.168:9618?addrs=128.105.68.168-9618+[2607-f388-2200-100-b62e-99ff-feb7-2dcb]-9618&alias=gpulab2003.chtc.wisc.edu&noUDP&sock=startd_10155_1056>
	SlotName: slot2_4@gpulab2003.chtc.wisc.edu
	AvailableGPUs = { GPUs_GPU_61902b82 }
	CondorScratchDir = "/var/lib/condor/execute/slot2/dir_35570/scratch"
	Cpus = 1
	Disk = 16777216
	GPUs = 1
	GPUs_GPU_61902b82 = [ Id = "GPU-61902b82"; Capability = 7.5; DeviceName = "NVIDIA GeForce RTX 2080 Ti"; DeviceUuid = "61902b82-cedb-e4be-d010-bca8829ec79b"; ECCEnabled = false; NvidiaDriver = "570.195.03"; DriverVersion = 12.8; DevicePciBusId = "0000:B2:00.0"; GlobalMemoryMb = 10823; MaxSupportedVersion = 12080 ]
	IoHeavy = 0
	Memory = 16384
...
040 (8017966.552.000) 2026-06-21 03:07:37 Started transferring output files
...
040 (8017966.552.000) 2026-06-21 03:07:38 Finished transferring output files
...
004 (8017966.552.000) 2026-06-21 03:07:38 Job was evicted.
	(0) Job terminated and was requeued
		Usr 0 00:00:02, Sys 0 00:00:00  -  Run Remote Usage
		Usr 0 00:00:00, Sys 0 00:00:00  -  Run Local Usage
	118069578  -  Run Bytes Sent By Job
	2900556273  -  Run Bytes Received By Job
	(1) Normal termination (return value 2)
	The job attribute OnExitRemove expression 'NumJobCompletions > JobMaxRetries || ExitCode =?= 0' evaluated to FALSE
...
040 (8017966.552.000) 2026-06-21 03:07:46 Started transferring input files
	Transferring to host: <10.141.1.1:42197?CCBID=128.105.82.148:9618%3faddrs%3d128.105.82.148-9618+[2607-f388-2200-9d-7ccb-bc08-2489-768a]-9618%26alias%3dospool-ccb.osg.chtc.io%26noUDP%26sock%3dcollector2#4302446%2067.58.49.91:9618%3faddrs%3d67.58.49.91-9618+[fdf0-17b3-c3ec-1f79-10-0-e-b69d]-9618%26alias%3dccb-2.ospool.osg-htc.org%26noUDP%26sock%3dcollector10#4297357&PrivNet=gpu01&addrs=10.141.1.1-42197&alias=gpu01&noUDP>
...
040 (8017966.552.000) 2026-06-21 03:09:04 Finished transferring input files
...
021 (8017966.552.000) 2026-06-21 03:09:05 Message from starter on slot1_2@glidein_1205863_123476832@gpu01:
	PREPARE_JOB (prepare-hook) succeeded (reported status 000): Using Singularity image openfe_1.11.1.sif
...
001 (8017966.552.000) 2026-06-21 03:09:05 Job executing on host: <10.141.1.1:39645?CCBID=128.105.82.148:9618%3faddrs%3d128.105.82.148-9618+[2607-f388-2200-9d-7ccb-bc08-2489-768a]-9618%26alias%3dospool-ccb.osg.chtc.io%26noUDP%26sock%3dcollector7#4108689%2067.58.49.91:9618%3faddrs%3d67.58.49.91-9618+[fdf0-17b3-c3ec-1f79-10-0-e-b69d]-9618%26alias%3dccb-2.ospool.osg-htc.org%26noUDP%26sock%3dcollector3#4103163&PrivNet=gpu01&addrs=10.141.1.1-39645&alias=gpu01&noUDP>
	SlotName: slot1_2@glidein_1205863_123476832@gpu01
	AvailableGPUs = { GPUs_GPU_a7d29a66 }
	CondorScratchDir = "/scratch/osg01/glide_1gKUfX/execute/dir_3849501/scratch"
	Cpus = 1
	Disk = 16777216
	GPUs = 1
	GPUs_GPU_a7d29a66 = [ Id = "GPU-a7d29a66"; ClockMhz = 2520.0; Capability = 8.9; CoresPerCU = 128; DeviceName = "NVIDIA L40S"; DeviceUuid = "a7d29a66-4e9f-955e-ea6b-fdb65d456fc0"; ECCEnabled = true; ComputeUnits = 142; NvidiaDriver = "580.82.07"; DriverVersion = 13.0; DevicePciBusId = "0000:E1:00.0"; GlobalMemoryMb = 45458; MaxSupportedVersion = 13000 ]
	Memory = 16384
...
040 (8017966.552.000) 2026-06-21 03:09:10 Started transferring output files
...
040 (8017966.552.000) 2026-06-21 03:09:13 Finished transferring output files
...
004 (8017966.552.000) 2026-06-21 03:09:14 Job was evicted.
	(0) Job terminated and was requeued
		Usr 0 00:00:00, Sys 0 00:00:00  -  Run Remote Usage
		Usr 0 00:00:00, Sys 0 00:00:00  -  Run Local Usage
	118069592  -  Run Bytes Sent By Job
	2900556273  -  Run Bytes Received By Job
	(1) Normal termination (return value 2)
	The job attribute OnExitRemove expression 'NumJobCompletions > JobMaxRetries || ExitCode =?= 0' evaluated to FALSE
...
040 (8017966.552.000) 2026-06-21 03:09:21 Started transferring input files
	Transferring to host: <128.105.69.3:9618?addrs=128.105.69.3-9618+[2607-f388-2200-100-7ec2-55ff-fe46-28f2]-9618&alias=gpu4002.chtc.wisc.edu&noUDP&sock=slot1_5_12744_0cff_4124>
...
040 (8017966.552.000) 2026-06-21 03:09:33 Finished transferring input files
...
001 (8017966.552.000) 2026-06-21 03:09:33 Job executing on host: <128.105.69.3:9618?addrs=128.105.69.3-9618+[2607-f388-2200-100-7ec2-55ff-fe46-28f2]-9618&alias=gpu4002.chtc.wisc.edu&noUDP&sock=startd_11312_ab69>
	SlotName: slot1_5@gpu4002.chtc.wisc.edu
	AvailableGPUs = { GPUs_GPU_24660f1c }
	CondorScratchDir = "/var/lib/condor/execute/slot1/dir_2994285/scratch"
	Cpus = 1
	Disk = 16777216
	GPUs = 1
	GPUs_GPU_24660f1c = [ Id = "GPU-24660f1c"; Capability = 8.9; DeviceName = "NVIDIA L40"; DeviceUuid = "24660f1c-9665-dc92-a0c9-04252e1a8138"; ECCEnabled = true; NvidiaDriver = "570.195.03"; DriverVersion = 12.8; DevicePciBusId = "0000:CE:00.0"; GlobalMemoryMb = 45468; MaxSupportedVersion = 12080 ]
	IoHeavy = 0
	Memory = 16384
...
040 (8017966.552.000) 2026-06-21 03:09:36 Started transferring output files
...
040 (8017966.552.000) 2026-06-21 03:09:36 Finished transferring output files
...
005 (8017966.552.000) 2026-06-21 03:09:37 Job terminated.
	(1) Normal termination (return value 2)
		Usr 0 00:00:02, Sys 0 00:00:00  -  Run Remote Usage
		Usr 0 00:00:00, Sys 0 00:00:00  -  Run Local Usage
		Usr 0 00:07:34, Sys 0 00:00:27  -  Total Remote Usage
		Usr 0 00:00:00, Sys 0 00:00:00  -  Total Local Usage
	118069575  -  Run Bytes Sent By Job
	2900556273  -  Run Bytes Received By Job
	1298785464  -  Total Bytes Sent By Job
	31788049906  -  Total Bytes Received By Job
	Partitionable Resources :      Usage  Request Allocated Assigned
	   Cpus                 :       0           1         1 
	   Disk (KB)            : 2832611    16777216  16777216 
	   GPUs                 :       0.00        1         1 "GPU-24660f1c"
	   IoHeavy              :                             0 
	   Memory (MB)          :    1954       16384     16384 
	   TimeExecute (s)      :       3                       
	   TimeSlotBusy (s)     :      15                       
...
