000 (8180963.383.000) 2026-06-24 12:19:47 Job submitted from host: <128.105.68.112:9618?addrs=128.105.68.112-9618+[2607-f388-2200-100-eaeb-d3ff-fea3-4202]-9618&alias=ap2001.chtc.wisc.edu&noUDP&sock=schedd_4071840_2329>
...
040 (8180963.383.000) 2026-06-25 02:03:11 Started transferring input files
	Transferring to host: <128.104.103.48:9618?addrs=128.104.103.48-9618+[2607-f388-107c-501-ae1f-6bff-fe2c-2f00]-9618&alias=vetsigian0001.chtc.wisc.edu&noUDP&sock=slot2_4_10681_7b0b_20351>
...
040 (8180963.383.000) 2026-06-25 02:03:41 Finished transferring input files
...
001 (8180963.383.000) 2026-06-25 02:03:42 Job executing on host: <128.104.103.48:9618?addrs=128.104.103.48-9618+[2607-f388-107c-501-ae1f-6bff-fe2c-2f00]-9618&alias=vetsigian0001.chtc.wisc.edu&noUDP&sock=startd_9913_126b>
	SlotName: slot2_4@vetsigian0001.chtc.wisc.edu
	AvailableGPUs = { GPUs_GPU_0c640e20 }
	CondorScratchDir = "/var/lib/condor/execute/slot2/dir_909088/scratch"
	Cpus = 1
	Disk = 16777216
	GPUs = 1
	GPUs_GPU_0c640e20 = [ Id = "GPU-0c640e20"; Capability = 7.5; DeviceName = "NVIDIA GeForce RTX 2080 Ti"; DeviceUuid = "0c640e20-b6ea-dd63-b391-be95cfa04742"; ECCEnabled = false; NvidiaDriver = "550.54.14"; DriverVersion = 12.4; DevicePciBusId = "0000:3E:00.0"; GlobalMemoryMb = 11004; MaxSupportedVersion = 12040 ]
	IoHeavy = 0
	Memory = 16384
...
006 (8180963.383.000) 2026-06-25 02:03:51 Image size of job updated: 293688
	287  -  MemoryUsage of job (MB)
	293688  -  ResidentSetSize of job (KB)
...
006 (8180963.383.000) 2026-06-25 02:08:52 Image size of job updated: 3640436
	3148  -  MemoryUsage of job (MB)
	3222808  -  ResidentSetSize of job (KB)
...
006 (8180963.383.000) 2026-06-25 02:13:53 Image size of job updated: 3654048
	3569  -  MemoryUsage of job (MB)
	3654048  -  ResidentSetSize of job (KB)
...
006 (8180963.383.000) 2026-06-25 02:18:53 Image size of job updated: 4632432
	4524  -  MemoryUsage of job (MB)
	4632432  -  ResidentSetSize of job (KB)
...
006 (8180963.383.000) 2026-06-25 02:23:54 Image size of job updated: 4850212
	4641  -  MemoryUsage of job (MB)
	4751568  -  ResidentSetSize of job (KB)
...
006 (8180963.383.000) 2026-06-25 02:28:54 Image size of job updated: 4850212
	4644  -  MemoryUsage of job (MB)
	4755408  -  ResidentSetSize of job (KB)
...
006 (8180963.383.000) 2026-06-25 02:33:55 Image size of job updated: 5306952
	5183  -  MemoryUsage of job (MB)
	5306952  -  ResidentSetSize of job (KB)
...
006 (8180963.383.000) 2026-06-25 02:38:56 Image size of job updated: 5452664
	5279  -  MemoryUsage of job (MB)
	5404724  -  ResidentSetSize of job (KB)
...
006 (8180963.383.000) 2026-06-25 02:43:56 Image size of job updated: 5452664
	5283  -  MemoryUsage of job (MB)
	5409368  -  ResidentSetSize of job (KB)
...
006 (8180963.383.000) 2026-06-25 02:48:57 Image size of job updated: 6027712
	5887  -  MemoryUsage of job (MB)
	6027712  -  ResidentSetSize of job (KB)
...
040 (8180963.383.000) 2026-06-25 02:49:05 Started transferring output files
...
040 (8180963.383.000) 2026-06-25 02:49:05 Finished transferring output files
...
004 (8180963.383.000) 2026-06-25 02:49:06 Job was evicted.
	(0) Job terminated and was requeued
		Usr 0 01:00:48, Sys 0 00:01:58  -  Run Remote Usage
		Usr 0 00:00:00, Sys 0 00:00:00  -  Run Local Usage
	108292  -  Run Bytes Sent By Job
	2784344844  -  Run Bytes Received By Job
	(1) Normal termination (return value 1)
	The job attribute OnExitRemove expression 'NumJobCompletions > JobMaxRetries || ExitCode =?= 0' evaluated to FALSE
...
040 (8180963.383.000) 2026-06-25 02:50:30 Started transferring input files
	Transferring to host: <128.105.76.51:9618?addrs=128.105.76.51-9618+[2607-f388-2200-100-925a-8ff-fe34-15b6]-9618&alias=zliu-chtcgpu5000.chtc.wisc.edu&noUDP&sock=backfill1_2_98764_ec29_47882>
...
040 (8180963.383.000) 2026-06-25 02:52:22 Finished transferring input files
...
001 (8180963.383.000) 2026-06-25 02:52:22 Job executing on host: <128.105.76.51:9618?addrs=128.105.76.51-9618+[2607-f388-2200-100-925a-8ff-fe34-15b6]-9618&alias=zliu-chtcgpu5000.chtc.wisc.edu&noUDP&sock=startd_98388_901b>
	SlotName: backfill1_2@zliu-chtcgpu5000.chtc.wisc.edu
	AvailableGPUs = { GPUs_GPU_46b845fc }
	CondorScratchDir = "/var/lib/condor/execute/slot1/dir_710630/scratch"
	Cpus = 1
	Disk = 16777216
	GPUs = 1
	GPUs_GPU_46b845fc = [ Id = "GPU-46b845fc"; Capability = 8.9; DeviceName = "NVIDIA L40S"; DeviceUuid = "46b845fc-86ec-72a5-6d18-c5b0a245e729"; ECCEnabled = true; NvidiaDriver = "590.48.01"; DriverVersion = 13.1; DevicePciBusId = "0000:E1:00.0"; GlobalMemoryMb = 45460; MaxSupportedVersion = 13010 ]
	IoHeavy = 0
	Memory = 16384
...
040 (8180963.383.000) 2026-06-25 03:16:44 Started transferring output files
...
040 (8180963.383.000) 2026-06-25 03:16:44 Finished transferring output files
...
004 (8180963.383.000) 2026-06-25 03:16:45 Job was evicted.
	(0) Job terminated and was requeued
		Usr 0 00:29:51, Sys 0 00:02:46  -  Run Remote Usage
		Usr 0 00:00:00, Sys 0 00:00:00  -  Run Local Usage
	108380  -  Run Bytes Sent By Job
	2784344844  -  Run Bytes Received By Job
	(1) Normal termination (return value 1)
	The job attribute OnExitRemove expression 'NumJobCompletions > JobMaxRetries || ExitCode =?= 0' evaluated to FALSE
...
040 (8180963.383.000) 2026-06-25 03:17:18 Started transferring input files
	Transferring to host: <128.105.76.51:9618?addrs=128.105.76.51-9618+[2607-f388-2200-100-925a-8ff-fe34-15b6]-9618&alias=zliu-chtcgpu5000.chtc.wisc.edu&noUDP&sock=backfill1_2_98764_ec29_47930>
...
040 (8180963.383.000) 2026-06-25 03:17:39 Finished transferring input files
...
001 (8180963.383.000) 2026-06-25 03:17:39 Job executing on host: <128.105.76.51:9618?addrs=128.105.76.51-9618+[2607-f388-2200-100-925a-8ff-fe34-15b6]-9618&alias=zliu-chtcgpu5000.chtc.wisc.edu&noUDP&sock=startd_98388_901b>
	SlotName: backfill1_2@zliu-chtcgpu5000.chtc.wisc.edu
	AvailableGPUs = { GPUs_GPU_46b845fc }
	CondorScratchDir = "/var/lib/condor/execute/slot1/dir_803936/scratch"
	Cpus = 1
	Disk = 16777216
	GPUs = 1
	GPUs_GPU_46b845fc = [ Id = "GPU-46b845fc"; Capability = 8.9; DeviceName = "NVIDIA L40S"; DeviceUuid = "46b845fc-86ec-72a5-6d18-c5b0a245e729"; ECCEnabled = true; NvidiaDriver = "590.48.01"; DriverVersion = 13.1; DevicePciBusId = "0000:E1:00.0"; GlobalMemoryMb = 45460; MaxSupportedVersion = 13010 ]
	IoHeavy = 0
	Memory = 16384
...
006 (8180963.383.000) 2026-06-25 03:37:49 Image size of job updated: 7516396
	7325  -  MemoryUsage of job (MB)
	7500000  -  ResidentSetSize of job (KB)
...
040 (8180963.383.000) 2026-06-25 03:41:56 Started transferring output files
...
040 (8180963.383.000) 2026-06-25 03:41:56 Finished transferring output files
...
004 (8180963.383.000) 2026-06-25 03:41:56 Job was evicted.
	(0) Job terminated and was requeued
		Usr 0 00:28:00, Sys 0 00:02:26  -  Run Remote Usage
		Usr 0 00:00:00, Sys 0 00:00:00  -  Run Local Usage
	108385  -  Run Bytes Sent By Job
	2784344844  -  Run Bytes Received By Job
	(1) Normal termination (return value 1)
	The job attribute OnExitRemove expression 'NumJobCompletions > JobMaxRetries || ExitCode =?= 0' evaluated to FALSE
...
040 (8180963.383.000) 2026-06-25 03:42:37 Started transferring input files
	Transferring to host: <128.105.68.166:9618?addrs=128.105.68.166-9618+[2607-f388-2200-100-b62e-99ff-feb7-2e2d]-9618&alias=gpulab2001.chtc.wisc.edu&noUDP&sock=slot2_1_11113_dd1d_63588>
...
040 (8180963.383.000) 2026-06-25 04:08:35 Finished transferring input files
...
001 (8180963.383.000) 2026-06-25 04:08:35 Job executing on host: <128.105.68.166:9618?addrs=128.105.68.166-9618+[2607-f388-2200-100-b62e-99ff-feb7-2e2d]-9618&alias=gpulab2001.chtc.wisc.edu&noUDP&sock=startd_10083_ad84>
	SlotName: slot2_1@gpulab2001.chtc.wisc.edu
	AvailableGPUs = { GPUs_GPU_cc91074a }
	CondorScratchDir = "/var/lib/condor/execute/slot2/dir_1405914/scratch"
	Cpus = 1
	Disk = 16777216
	GPUs = 1
	GPUs_GPU_cc91074a = [ Id = "GPU-cc91074a"; Capability = 7.5; DeviceName = "NVIDIA GeForce RTX 2080 Ti"; DeviceUuid = "cc91074a-1992-11a1-fc4e-7c84f58de8e0"; ECCEnabled = false; NvidiaDriver = "570.195.03"; DriverVersion = 12.8; DevicePciBusId = "0000:3D:00.0"; GlobalMemoryMb = 10823; MaxSupportedVersion = 12080 ]
	IoHeavy = 0
	Memory = 16384
...
040 (8180963.383.000) 2026-06-25 04:59:32 Started transferring output files
...
040 (8180963.383.000) 2026-06-25 04:59:32 Finished transferring output files
...
004 (8180963.383.000) 2026-06-25 04:59:32 Job was evicted.
	(0) Job terminated and was requeued
		Usr 0 01:10:35, Sys 0 00:02:20  -  Run Remote Usage
		Usr 0 00:00:00, Sys 0 00:00:00  -  Run Local Usage
	108278  -  Run Bytes Sent By Job
	2784344844  -  Run Bytes Received By Job
	(1) Normal termination (return value 1)
	The job attribute OnExitRemove expression 'NumJobCompletions > JobMaxRetries || ExitCode =?= 0' evaluated to FALSE
...
040 (8180963.383.000) 2026-06-25 05:02:53 Started transferring input files
	Transferring to host: <128.104.103.48:9618?addrs=128.104.103.48-9618+[2607-f388-107c-501-ae1f-6bff-fe2c-2f00]-9618&alias=vetsigian0001.chtc.wisc.edu&noUDP&sock=slot2_3_10681_7b0b_20721>
...
040 (8180963.383.000) 2026-06-25 05:03:21 Finished transferring input files
...
001 (8180963.383.000) 2026-06-25 05:03:21 Job executing on host: <128.104.103.48:9618?addrs=128.104.103.48-9618+[2607-f388-107c-501-ae1f-6bff-fe2c-2f00]-9618&alias=vetsigian0001.chtc.wisc.edu&noUDP&sock=startd_9913_126b>
	SlotName: slot2_3@vetsigian0001.chtc.wisc.edu
	AvailableGPUs = { GPUs_GPU_a2d98c30 }
	CondorScratchDir = "/var/lib/condor/execute/slot2/dir_1188306/scratch"
	Cpus = 1
	Disk = 16777216
	GPUs = 1
	GPUs_GPU_a2d98c30 = [ Id = "GPU-a2d98c30"; Capability = 7.5; DeviceName = "NVIDIA GeForce RTX 2080 Ti"; DeviceUuid = "a2d98c30-a687-6d65-26dc-3e29e88308b6"; ECCEnabled = false; NvidiaDriver = "550.54.14"; DriverVersion = 12.4; DevicePciBusId = "0000:3D:00.0"; GlobalMemoryMb = 11004; MaxSupportedVersion = 12040 ]
	IoHeavy = 0
	Memory = 16384
...
040 (8180963.383.000) 2026-06-25 05:46:41 Started transferring output files
...
040 (8180963.383.000) 2026-06-25 05:46:41 Finished transferring output files
...
004 (8180963.383.000) 2026-06-25 05:46:42 Job was evicted.
	(0) Job terminated and was requeued
		Usr 0 00:54:54, Sys 0 00:01:51  -  Run Remote Usage
		Usr 0 00:00:00, Sys 0 00:00:00  -  Run Local Usage
	108288  -  Run Bytes Sent By Job
	2784344844  -  Run Bytes Received By Job
	(1) Normal termination (return value 1)
	The job attribute OnExitRemove expression 'NumJobCompletions > JobMaxRetries || ExitCode =?= 0' evaluated to FALSE
...
040 (8180963.383.000) 2026-06-25 05:47:51 Started transferring input files
	Transferring to host: <128.104.100.17:9618?addrs=128.104.100.17-9618+[2607-f388-107c-501-527c-6fff-fe66-e9bc]-9618&alias=jcaicedogpu0002.chtc.wisc.edu&noUDP&sock=backfill1_4_2855957_d182_103669>
...
040 (8180963.383.000) 2026-06-25 05:55:27 Finished transferring input files
...
001 (8180963.383.000) 2026-06-25 05:55:27 Job executing on host: <128.104.100.17:9618?addrs=128.104.100.17-9618+[2607-f388-107c-501-527c-6fff-fe66-e9bc]-9618&alias=jcaicedogpu0002.chtc.wisc.edu&noUDP&sock=startd_11788_2a7e>
	SlotName: backfill1_4@jcaicedogpu0002.chtc.wisc.edu
	AvailableGPUs = { GPUs_GPU_8f76f793 }
	CondorScratchDir = "/var/lib/condor/execute/slot1/dir_765925/scratch"
	Cpus = 1
	Disk = 16777216
	GPUs = 1
	GPUs_GPU_8f76f793 = [ Id = "GPU-8f76f793"; Capability = 8.9; DeviceName = "NVIDIA L40S"; DeviceUuid = "8f76f793-fe24-bbe0-a0d4-3da8c1a9cb72"; ECCEnabled = true; NvidiaDriver = "570.195.03"; DriverVersion = 12.8; DevicePciBusId = "0000:99:00.0"; GlobalMemoryMb = 45468; MaxSupportedVersion = 12080 ]
	IoHeavy = 0
	Memory = 16384
...
040 (8180963.383.000) 2026-06-25 06:24:23 Started transferring output files
...
040 (8180963.383.000) 2026-06-25 06:24:23 Finished transferring output files
...
004 (8180963.383.000) 2026-06-25 06:24:24 Job was evicted.
	(0) Job terminated and was requeued
		Usr 0 00:39:05, Sys 0 00:02:00  -  Run Remote Usage
		Usr 0 00:00:00, Sys 0 00:00:00  -  Run Local Usage
	108302  -  Run Bytes Sent By Job
	2169879308  -  Run Bytes Received By Job
	(1) Normal termination (return value 1)
	The job attribute OnExitRemove expression 'NumJobCompletions > JobMaxRetries || ExitCode =?= 0' evaluated to FALSE
...
040 (8180963.383.000) 2026-06-25 06:24:56 Started transferring input files
	Transferring to host: <128.104.100.17:9618?addrs=128.104.100.17-9618+[2607-f388-107c-501-527c-6fff-fe66-e9bc]-9618&alias=jcaicedogpu0002.chtc.wisc.edu&noUDP&sock=backfill1_4_2855957_d182_103756>
...
040 (8180963.383.000) 2026-06-25 06:36:09 Finished transferring input files
...
001 (8180963.383.000) 2026-06-25 06:36:09 Job executing on host: <128.104.100.17:9618?addrs=128.104.100.17-9618+[2607-f388-107c-501-527c-6fff-fe66-e9bc]-9618&alias=jcaicedogpu0002.chtc.wisc.edu&noUDP&sock=startd_11788_2a7e>
	SlotName: backfill1_4@jcaicedogpu0002.chtc.wisc.edu
	AvailableGPUs = { GPUs_GPU_8f76f793 }
	CondorScratchDir = "/var/lib/condor/execute/slot1/dir_842045/scratch"
	Cpus = 1
	Disk = 16777216
	GPUs = 1
	GPUs_GPU_8f76f793 = [ Id = "GPU-8f76f793"; Capability = 8.9; DeviceName = "NVIDIA L40S"; DeviceUuid = "8f76f793-fe24-bbe0-a0d4-3da8c1a9cb72"; ECCEnabled = true; NvidiaDriver = "570.195.03"; DriverVersion = 12.8; DevicePciBusId = "0000:99:00.0"; GlobalMemoryMb = 45468; MaxSupportedVersion = 12080 ]
	IoHeavy = 0
	Memory = 16384
...
040 (8180963.383.000) 2026-06-25 07:04:45 Started transferring output files
...
040 (8180963.383.000) 2026-06-25 07:04:45 Finished transferring output files
...
004 (8180963.383.000) 2026-06-25 07:04:46 Job was evicted.
	(0) Job terminated and was requeued
		Usr 0 00:32:08, Sys 0 00:01:25  -  Run Remote Usage
		Usr 0 00:00:00, Sys 0 00:00:00  -  Run Local Usage
	108307  -  Run Bytes Sent By Job
	1892727564  -  Run Bytes Received By Job
	(1) Normal termination (return value 1)
	The job attribute OnExitRemove expression 'NumJobCompletions > JobMaxRetries || ExitCode =?= 0' evaluated to FALSE
...
040 (8180963.383.000) 2026-06-25 07:05:23 Started transferring input files
	Transferring to host: <128.105.76.51:9618?addrs=128.105.76.51-9618+[2607-f388-2200-100-925a-8ff-fe34-15b6]-9618&alias=zliu-chtcgpu5000.chtc.wisc.edu&noUDP&sock=backfill1_5_98764_ec29_48415>
...
040 (8180963.383.000) 2026-06-25 07:05:36 Finished transferring input files
...
001 (8180963.383.000) 2026-06-25 07:05:36 Job executing on host: <128.105.76.51:9618?addrs=128.105.76.51-9618+[2607-f388-2200-100-925a-8ff-fe34-15b6]-9618&alias=zliu-chtcgpu5000.chtc.wisc.edu&noUDP&sock=startd_98388_901b>
	SlotName: backfill1_5@zliu-chtcgpu5000.chtc.wisc.edu
	AvailableGPUs = { GPUs_GPU_57c0fd58 }
	CondorScratchDir = "/var/lib/condor/execute/slot1/dir_1416751/scratch"
	Cpus = 1
	Disk = 16777216
	GPUs = 1
	GPUs_GPU_57c0fd58 = [ Id = "GPU-57c0fd58"; Capability = 8.9; DeviceName = "NVIDIA L40S"; DeviceUuid = "57c0fd58-86d9-a141-37fb-b93c6ea11f34"; ECCEnabled = true; NvidiaDriver = "590.48.01"; DriverVersion = 13.1; DevicePciBusId = "0000:A1:00.0"; GlobalMemoryMb = 45460; MaxSupportedVersion = 13010 ]
	IoHeavy = 0
	Memory = 16384
...
040 (8180963.383.000) 2026-06-25 07:29:09 Started transferring output files
...
040 (8180963.383.000) 2026-06-25 07:29:09 Finished transferring output files
...
004 (8180963.383.000) 2026-06-25 07:29:10 Job was evicted.
	(0) Job terminated and was requeued
		Usr 0 00:27:04, Sys 0 00:02:09  -  Run Remote Usage
		Usr 0 00:00:00, Sys 0 00:00:00  -  Run Local Usage
	108386  -  Run Bytes Sent By Job
	2784344844  -  Run Bytes Received By Job
	(1) Normal termination (return value 1)
	The job attribute OnExitRemove expression 'NumJobCompletions > JobMaxRetries || ExitCode =?= 0' evaluated to FALSE
...
040 (8180963.383.000) 2026-06-25 07:30:00 Started transferring input files
	Transferring to host: <128.105.76.52:9618?addrs=128.105.76.52-9618+[2607-f388-2200-100-b65c-b5ff-fe81-e53e]-9618&alias=dbrundage-chtcgpu5000.chtc.wisc.edu&noUDP&sock=backfill1_3_11313_c825_25557>
...
040 (8180963.383.000) 2026-06-25 07:45:14 Finished transferring input files
...
001 (8180963.383.000) 2026-06-25 07:45:14 Job executing on host: <128.105.76.52:9618?addrs=128.105.76.52-9618+[2607-f388-2200-100-b65c-b5ff-fe81-e53e]-9618&alias=dbrundage-chtcgpu5000.chtc.wisc.edu&noUDP&sock=startd_10956_7bb2>
	SlotName: backfill1_3@dbrundage-chtcgpu5000.chtc.wisc.edu
	AvailableGPUs = { GPUs_GPU_89711c58 }
	CondorScratchDir = "/var/lib/condor/execute/slot1/dir_175511/scratch"
	Cpus = 1
	Disk = 16777216
	GPUs = 1
	GPUs_GPU_89711c58 = [ Id = "GPU-89711c58"; Capability = 9.0; DeviceName = "NVIDIA H200"; DeviceUuid = "89711c58-2491-4da3-66bc-205872c162a4"; ECCEnabled = true; NvidiaDriver = "590.48.01"; DriverVersion = 13.1; DevicePciBusId = "0000:3B:00.0"; GlobalMemoryMb = 143158; MaxSupportedVersion = 13010 ]
	IoHeavy = 0
	Memory = 16384
...
023 (8180963.383.000) 2026-06-25 08:06:53 Job reconnected to backfill1_3@dbrundage-chtcgpu5000.chtc.wisc.edu
    startd address: <128.105.76.52:9618?addrs=128.105.76.52-9618+[2607-f388-2200-100-b65c-b5ff-fe81-e53e]-9618&alias=dbrundage-chtcgpu5000.chtc.wisc.edu&noUDP&sock=startd_10956_7bb2>
    starter address: <128.105.76.52:9618?addrs=128.105.76.52-9618+[2607-f388-2200-100-b65c-b5ff-fe81-e53e]-9618&alias=dbrundage-chtcgpu5000.chtc.wisc.edu&noUDP&sock=backfill1_3_11313_c825_25557>
...
004 (8180963.383.000) 2026-06-25 08:17:28 Job was evicted.
	(0) Job terminated and was requeued
		Usr 0 00:34:12, Sys 0 00:01:46  -  Run Remote Usage
		Usr 0 00:00:00, Sys 0 00:00:00  -  Run Local Usage
	108410  -  Run Bytes Sent By Job
	0  -  Run Bytes Received By Job
	(1) Normal termination (return value 1)
	The job attribute OnExitRemove expression 'NumJobCompletions > JobMaxRetries || ExitCode =?= 0' evaluated to FALSE
...
040 (8180963.383.000) 2026-06-25 08:17:57 Started transferring input files
	Transferring to host: <128.105.76.52:9618?addrs=128.105.76.52-9618+[2607-f388-2200-100-b65c-b5ff-fe81-e53e]-9618&alias=dbrundage-chtcgpu5000.chtc.wisc.edu&noUDP&sock=backfill1_3_11313_c825_25651>
...
040 (8180963.383.000) 2026-06-25 08:18:17 Finished transferring input files
...
001 (8180963.383.000) 2026-06-25 08:18:17 Job executing on host: <128.105.76.52:9618?addrs=128.105.76.52-9618+[2607-f388-2200-100-b65c-b5ff-fe81-e53e]-9618&alias=dbrundage-chtcgpu5000.chtc.wisc.edu&noUDP&sock=startd_10956_7bb2>
	SlotName: backfill1_3@dbrundage-chtcgpu5000.chtc.wisc.edu
	AvailableGPUs = { GPUs_GPU_89711c58 }
	CondorScratchDir = "/var/lib/condor/execute/slot1/dir_250988/scratch"
	Cpus = 1
	Disk = 16777216
	GPUs = 1
	GPUs_GPU_89711c58 = [ Id = "GPU-89711c58"; Capability = 9.0; DeviceName = "NVIDIA H200"; DeviceUuid = "89711c58-2491-4da3-66bc-205872c162a4"; ECCEnabled = true; NvidiaDriver = "590.48.01"; DriverVersion = 13.1; DevicePciBusId = "0000:3B:00.0"; GlobalMemoryMb = 143158; MaxSupportedVersion = 13010 ]
	IoHeavy = 0
	Memory = 16384
...
040 (8180963.383.000) 2026-06-25 08:50:48 Started transferring output files
...
040 (8180963.383.000) 2026-06-25 08:50:48 Finished transferring output files
...
004 (8180963.383.000) 2026-06-25 08:50:49 Job was evicted.
	(0) Job terminated and was requeued
		Usr 0 00:39:12, Sys 0 00:02:47  -  Run Remote Usage
		Usr 0 00:00:00, Sys 0 00:00:00  -  Run Local Usage
	108405  -  Run Bytes Sent By Job
	2784344844  -  Run Bytes Received By Job
	(1) Normal termination (return value 1)
	The job attribute OnExitRemove expression 'NumJobCompletions > JobMaxRetries || ExitCode =?= 0' evaluated to FALSE
...
040 (8180963.383.000) 2026-06-25 08:51:53 Started transferring input files
	Transferring to host: <128.104.100.118:9618?addrs=128.104.100.118-9618+[2607-f388-107c-501-26d-aeff-fe1f-6b20]-9618&alias=jcaicedogpu0004.chtc.wisc.edu&noUDP&sock=backfill1_1_4107613_b354_112949>
...
040 (8180963.383.000) 2026-06-25 08:53:37 Finished transferring input files
...
001 (8180963.383.000) 2026-06-25 08:53:37 Job executing on host: <128.104.100.118:9618?addrs=128.104.100.118-9618+[2607-f388-107c-501-26d-aeff-fe1f-6b20]-9618&alias=jcaicedogpu0004.chtc.wisc.edu&noUDP&sock=startd_10858_436a>
	SlotName: backfill1_1@jcaicedogpu0004.chtc.wisc.edu
	AvailableGPUs = { GPUs_GPU_24c36952 }
	CondorScratchDir = "/var/lib/condor/execute/slot1/dir_1462650/scratch"
	Cpus = 1
	Disk = 16777216
	GPUs = 1
	GPUs_GPU_24c36952 = [ Id = "GPU-24c36952"; Capability = 8.9; DeviceName = "NVIDIA L40S"; DeviceUuid = "24c36952-d8e0-2591-de95-0b1c1e26b79b"; ECCEnabled = true; NvidiaDriver = "570.195.03"; DriverVersion = 12.8; DevicePciBusId = "0000:41:00.0"; GlobalMemoryMb = 45468; MaxSupportedVersion = 12080 ]
	IoHeavy = 0
	Memory = 16384
...
040 (8180963.383.000) 2026-06-25 09:17:29 Started transferring output files
...
040 (8180963.383.000) 2026-06-25 09:17:29 Finished transferring output files
...
005 (8180963.383.000) 2026-06-25 09:17:29 Job terminated.
	(1) Normal termination (return value 1)
		Usr 0 00:28:28, Sys 0 00:01:35  -  Run Remote Usage
		Usr 0 00:00:00, Sys 0 00:00:00  -  Run Local Usage
		Usr 0 07:35:05, Sys 0 00:23:45  -  Total Remote Usage
		Usr 0 00:00:00, Sys 0 00:00:00  -  Total Local Usage
	108303  -  Run Bytes Sent By Job
	2784344844  -  Run Bytes Received By Job
	1191736  -  Total Bytes Sent By Job
	27711129988  -  Total Bytes Received By Job
	Partitionable Resources :      Usage  Request Allocated Assigned
	   Cpus                 :       1.00        1         1 
	   Disk (KB)            : 3184670    16777216  16777216 
	   GPUs                 :       0.16        1         1 "GPU-24c36952"
	   GpusMemory (MB)      :    8343                       
	   IoHeavy              :                             0 
	   Memory (MB)          :    7325       16384     16384 
	   TimeExecute (s)      :    1432                       
	   TimeSlotBusy (s)     :    1536                       
...
