000 (8017966.442.000) 2026-06-20 22:07:54 Job submitted from host: <128.105.68.112:9618?addrs=128.105.68.112-9618+[2607-f388-2200-100-eaeb-d3ff-fea3-4202]-9618&alias=ap2001.chtc.wisc.edu&noUDP&sock=schedd_4071840_2329>
...
040 (8017966.442.000) 2026-06-21 02:09:32 Started transferring input files
	Transferring to host: <128.104.103.48:9618?addrs=128.104.103.48-9618+[2607-f388-107c-501-ae1f-6bff-fe2c-2f00]-9618&alias=vetsigian0001.chtc.wisc.edu&noUDP&sock=slot2_6_10681_7b0b_7750>
...
040 (8017966.442.000) 2026-06-21 02:11:37 Finished transferring input files
...
001 (8017966.442.000) 2026-06-21 02:11:37 Job executing on host: <128.104.103.48:9618?addrs=128.104.103.48-9618+[2607-f388-107c-501-ae1f-6bff-fe2c-2f00]-9618&alias=vetsigian0001.chtc.wisc.edu&noUDP&sock=startd_9913_126b>
	SlotName: slot2_6@vetsigian0001.chtc.wisc.edu
	AvailableGPUs = { GPUs_GPU_3ebfc45d }
	CondorScratchDir = "/var/lib/condor/execute/slot2/dir_3045528/scratch"
	Cpus = 1
	Disk = 16777216
	GPUs = 1
	GPUs_GPU_3ebfc45d = [ Id = "GPU-3ebfc45d"; Capability = 7.5; DeviceName = "NVIDIA GeForce RTX 2080 Ti"; DeviceUuid = "3ebfc45d-6ddf-8adb-378a-d31377acded0"; ECCEnabled = false; NvidiaDriver = "550.54.14"; DriverVersion = 12.4; DevicePciBusId = "0000:89:00.0"; GlobalMemoryMb = 11004; MaxSupportedVersion = 12040 ]
	IoHeavy = 0
	Memory = 16384
...
006 (8017966.442.000) 2026-06-21 02:11:46 Image size of job updated: 264640
	259  -  MemoryUsage of job (MB)
	264640  -  ResidentSetSize of job (KB)
...
006 (8017966.442.000) 2026-06-21 02:16:46 Image size of job updated: 815304
	795  -  MemoryUsage of job (MB)
	814016  -  ResidentSetSize of job (KB)
...
006 (8017966.442.000) 2026-06-21 02:21:46 Image size of job updated: 815488
	797  -  MemoryUsage of job (MB)
	815488  -  ResidentSetSize of job (KB)
...
006 (8017966.442.000) 2026-06-21 02:26:47 Image size of job updated: 818016
	799  -  MemoryUsage of job (MB)
	818016  -  ResidentSetSize of job (KB)
...
006 (8017966.442.000) 2026-06-21 02:31:47 Image size of job updated: 821760
	803  -  MemoryUsage of job (MB)
	821760  -  ResidentSetSize of job (KB)
...
006 (8017966.442.000) 2026-06-21 02:36:48 Image size of job updated: 827088
	808  -  MemoryUsage of job (MB)
	827088  -  ResidentSetSize of job (KB)
...
006 (8017966.442.000) 2026-06-21 02:41:49 Image size of job updated: 831136
	812  -  MemoryUsage of job (MB)
	831136  -  ResidentSetSize of job (KB)
...
006 (8017966.442.000) 2026-06-21 02:46:50 Image size of job updated: 834800
	816  -  MemoryUsage of job (MB)
	834800  -  ResidentSetSize of job (KB)
...
006 (8017966.442.000) 2026-06-21 02:51:50 Image size of job updated: 840056
	821  -  MemoryUsage of job (MB)
	840056  -  ResidentSetSize of job (KB)
...
006 (8017966.442.000) 2026-06-21 02:56:50 Image size of job updated: 845760
	826  -  MemoryUsage of job (MB)
	845760  -  ResidentSetSize of job (KB)
...
006 (8017966.442.000) 2026-06-21 03:01:51 Image size of job updated: 846380
	826  -  MemoryUsage of job (MB)
	845760  -  ResidentSetSize of job (KB)
...
006 (8017966.442.000) 2026-06-21 03:06:51 Image size of job updated: 872144
	852  -  MemoryUsage of job (MB)
	872144  -  ResidentSetSize of job (KB)
...
006 (8017966.442.000) 2026-06-21 03:10:49 Image size of job updated: 940324
	852  -  MemoryUsage of job (MB)
	872144  -  ResidentSetSize of job (KB)
...
040 (8017966.442.000) 2026-06-21 03:10:49 Started transferring output files
...
040 (8017966.442.000) 2026-06-21 03:10:49 Finished transferring output files
...
005 (8017966.442.000) 2026-06-21 03:10:49 Job terminated.
	(1) Normal termination (return value 0)
		Usr 0 00:59:58, Sys 0 00:11:08  -  Run Remote Usage
		Usr 0 00:00:00, Sys 0 00:00:00  -  Run Local Usage
		Usr 0 00:59:58, Sys 0 00:11:08  -  Total Remote Usage
		Usr 0 00:00:00, Sys 0 00:00:00  -  Total Local Usage
	2697528  -  Run Bytes Sent By Job
	2782709511  -  Run Bytes Received By Job
	2697528  -  Total Bytes Sent By Job
	2782709511  -  Total Bytes Received By Job
	Partitionable Resources :      Usage  Request Allocated Assigned
	   Cpus                 :       0.99        1         1 
	   Disk (KB)            : 2730147    16777216  16777216 
	   GPUs                 :                   1         1 "GPU-3ebfc45d"
	   GpusMemory (MB)      :    2552                       
	   IoHeavy              :                             0 
	   Memory (MB)          :     852       16384     16384 
	   TimeExecute (s)      :    3552                       
	   TimeSlotBusy (s)     :    3677                       
...
