=== openfe quickrun production ===
Host: mcdanielgpu4000
Transformation: rbfe_OADMET-0006525_solvent_OADMET-0006292_solvent.json
Start: Fri Jun 26 09:56:59 CDT 2026
nvidia-smi not available
openfe: openfe, version 1.11.1
Available platforms: ['Reference', 'CPU', 'CUDA', 'OpenCL']
CUDA confirmed available.

Current directory: /var/lib/condor/execute/slot1/dir_2829227/scratch/
Using existing working directory: quickrun_scratch/
Loading transformation from: rbfe_OADMET-0006525_solvent_OADMET-0006292_solvent.json
When simulation is complete, results will be written to: result.json

If this simulation is interrupted or fails, you may attempt to resume execution using:
openfe quickrun rbfe_OADMET-0006525_solvent_OADMET-0006292_solvent.json -o result.json -d quickrun_scratch --resume

Planning simulations for this edge...

Starting the simulations for this edge...

Please cite the following:

        Friedrichs MS, Eastman P, Vaidyanathan V, Houston M, LeGrand S, Beberg AL, Ensign DL, Bruns CM, and Pande VS. Accelerating molecular dynamic simulations on graphics processing unit. J. Comput. Chem. 30:864, 2009. DOI: 10.1002/jcc.21209
        Eastman P and Pande VS. OpenMM: A hardware-independent framework for molecular simulations. Comput. Sci. Eng. 12:34, 2010. DOI: 10.1109/MCSE.2010.27
        Eastman P and Pande VS. Efficient nonbonded interactions for molecular dynamics on a graphics processing unit. J. Comput. Chem. 31:1268, 2010. DOI: 10.1002/jcc.21413
        Eastman P and Pande VS. Constant constraint matrix approximation: A robust, parallelizable constraint method for molecular simulations. J. Chem. Theor. Comput. 6:434, 2010. DOI: 10.1021/ct900463w
        Chodera JD and Shirts MR. Replica exchange and expanded ensemble simulations as Gibbs multistate: Simple improvements for enhanced mixing. J. Chem. Phys., 135:194110, 2011. DOI:10.1063/1.3660669
        
Done with all simulations! Analyzing the results....
Here is the result:
	dG = -0.8817309806791508 kilocalorie_per_mole ± 0.0 kilocalorie_per_mole


	Duration: 0:54:46.870616


=== Completed ===
Wall-clock: 3291s (0h 54m)
result.json size: 126710 bytes
End: Fri Jun 26 10:51:50 CDT 2026
