000 (8321903.051.000) 2026-06-26 09:00:08 Job submitted from host: <128.105.68.112:9618?addrs=128.105.68.112-9618+[2607-f388-2200-100-eaeb-d3ff-fea3-4202]-9618&alias=ap2001.chtc.wisc.edu&noUDP&sock=schedd_4071840_2329>
...
040 (8321903.051.000) 2026-06-26 09:56:40 Started transferring input files
	Transferring to host: <128.105.69.245:9618?addrs=128.105.69.245-9618+[2607-f388-2200-100-3eec-efff-fe0c-5174]-9618&alias=mcdanielgpu4000.chtc.wisc.edu&noUDP&sock=backfill1_4_1098871_c726_2270>
...
040 (8321903.051.000) 2026-06-26 09:56:58 Finished transferring input files
...
001 (8321903.051.000) 2026-06-26 09:56:58 Job executing on host: <128.105.69.245:9618?addrs=128.105.69.245-9618+[2607-f388-2200-100-3eec-efff-fe0c-5174]-9618&alias=mcdanielgpu4000.chtc.wisc.edu&noUDP&sock=startd_11062_30bc>
	SlotName: backfill1_4@mcdanielgpu4000.chtc.wisc.edu
	AvailableGPUs = { GPUs_GPU_f6e07cfe }
	CondorScratchDir = "/var/lib/condor/execute/slot1/dir_2829227/scratch"
	Cpus = 1
	Disk = 16777216
	GPUs = 1
	GPUs_GPU_f6e07cfe = [ Id = "GPU-f6e07cfe"; Capability = 8.0; DeviceName = "NVIDIA A100-SXM4-40GB"; DeviceUuid = "f6e07cfe-0111-b3df-6012-32884b5356c0"; ECCEnabled = true; NvidiaDriver = "570.195.03"; DriverVersion = 12.8; DevicePciBusId = "0000:01:00.0"; GlobalMemoryMb = 40442; MaxSupportedVersion = 12080 ]
	IoHeavy = 0
	Memory = 16384
...
006 (8321903.051.000) 2026-06-26 09:57:07 Image size of job updated: 338888
	331  -  MemoryUsage of job (MB)
	338888  -  ResidentSetSize of job (KB)
...
006 (8321903.051.000) 2026-06-26 10:02:08 Image size of job updated: 969552
	945  -  MemoryUsage of job (MB)
	967576  -  ResidentSetSize of job (KB)
...
006 (8321903.051.000) 2026-06-26 10:07:08 Image size of job updated: 969552
	946  -  MemoryUsage of job (MB)
	967860  -  ResidentSetSize of job (KB)
...
006 (8321903.051.000) 2026-06-26 10:12:09 Image size of job updated: 970964
	949  -  MemoryUsage of job (MB)
	970964  -  ResidentSetSize of job (KB)
...
006 (8321903.051.000) 2026-06-26 10:17:09 Image size of job updated: 974668
	952  -  MemoryUsage of job (MB)
	974668  -  ResidentSetSize of job (KB)
...
006 (8321903.051.000) 2026-06-26 10:22:10 Image size of job updated: 980292
	958  -  MemoryUsage of job (MB)
	980292  -  ResidentSetSize of job (KB)
...
006 (8321903.051.000) 2026-06-26 10:27:10 Image size of job updated: 984036
	961  -  MemoryUsage of job (MB)
	984036  -  ResidentSetSize of job (KB)
...
006 (8321903.051.000) 2026-06-26 10:32:10 Image size of job updated: 989792
	967  -  MemoryUsage of job (MB)
	989792  -  ResidentSetSize of job (KB)
...
006 (8321903.051.000) 2026-06-26 10:37:11 Image size of job updated: 994796
	972  -  MemoryUsage of job (MB)
	994796  -  ResidentSetSize of job (KB)
...
006 (8321903.051.000) 2026-06-26 10:42:11 Image size of job updated: 998800
	972  -  MemoryUsage of job (MB)
	994796  -  ResidentSetSize of job (KB)
...
006 (8321903.051.000) 2026-06-26 10:47:12 Image size of job updated: 1002048
	972  -  MemoryUsage of job (MB)
	995204  -  ResidentSetSize of job (KB)
...
040 (8321903.051.000) 2026-06-26 10:51:50 Started transferring output files
...
040 (8321903.051.000) 2026-06-26 10:51:50 Finished transferring output files
...
005 (8321903.051.000) 2026-06-26 10:51:51 Job terminated.
	(1) Normal termination (return value 0)
		Usr 0 00:54:58, Sys 0 00:24:47  -  Run Remote Usage
		Usr 0 00:00:00, Sys 0 00:00:00  -  Run Local Usage
		Usr 0 00:54:58, Sys 0 00:24:47  -  Total Remote Usage
		Usr 0 00:00:00, Sys 0 00:00:00  -  Total Local Usage
	1571532  -  Run Bytes Sent By Job
	2781014356  -  Run Bytes Received By Job
	1571532  -  Total Bytes Sent By Job
	2781014356  -  Total Bytes Received By Job
	Partitionable Resources :      Usage  Request Allocated Assigned
	   Cpus                 :       0.99        1         1 
	   Disk (KB)            : 2728628    16777216  16777216 
	   GPUs                 :       0.79        1         1 "GPU-f6e07cfe"
	   GpusMemory (MB)      :    6531                       
	   IoHeavy              :                             0 
	   Memory (MB)          :     972       16384     16384 
	   TimeExecute (s)      :    3292                       
	   TimeSlotBusy (s)     :    3310                       
...
