000 (8321903.001.000) 2026-06-26 09:00:08 Job submitted from host: <128.105.68.112:9618?addrs=128.105.68.112-9618+[2607-f388-2200-100-eaeb-d3ff-fea3-4202]-9618&alias=ap2001.chtc.wisc.edu&noUDP&sock=schedd_4071840_2329>
...
040 (8321903.001.000) 2026-06-26 09:00:51 Started transferring input files
	Transferring to host: <128.105.69.63:9618?addrs=128.105.69.63-9618+[2607-f388-2200-100-5aa2-e1ff-febe-455e]-9618&alias=gpu4003.chtc.wisc.edu&noUDP&sock=slot2_6_1549376_4e16_90932>
...
040 (8321903.001.000) 2026-06-26 09:01:02 Finished transferring input files
...
001 (8321903.001.000) 2026-06-26 09:01:02 Job executing on host: <128.105.69.63:9618?addrs=128.105.69.63-9618+[2607-f388-2200-100-5aa2-e1ff-febe-455e]-9618&alias=gpu4003.chtc.wisc.edu&noUDP&sock=startd_3051222_14a9>
	SlotName: slot2_6@gpu4003.chtc.wisc.edu
	AvailableGPUs = { GPUs_GPU_f8d23f80 }
	CondorScratchDir = "/var/lib/condor/execute/slot2/dir_3960852/scratch"
	Cpus = 1
	Disk = 16777216
	GPUs = 1
	GPUs_GPU_f8d23f80 = [ Id = "GPU-f8d23f80"; Capability = 9.0; DeviceName = "NVIDIA H100 80GB HBM3"; DeviceUuid = "f8d23f80-7656-1494-e6f1-22a66463300e"; ECCEnabled = true; NvidiaDriver = "570.195.03"; DriverVersion = 12.8; DevicePciBusId = "0000:AB:00.0"; GlobalMemoryMb = 81089; MaxSupportedVersion = 12080 ]
	IoHeavy = 0
	Memory = 16384
...
006 (8321903.001.000) 2026-06-26 09:01:11 Image size of job updated: 488428
	477  -  MemoryUsage of job (MB)
	488428  -  ResidentSetSize of job (KB)
...
006 (8321903.001.000) 2026-06-26 09:06:12 Image size of job updated: 976252
	952  -  MemoryUsage of job (MB)
	974216  -  ResidentSetSize of job (KB)
...
006 (8321903.001.000) 2026-06-26 09:11:12 Image size of job updated: 976252
	953  -  MemoryUsage of job (MB)
	975216  -  ResidentSetSize of job (KB)
...
006 (8321903.001.000) 2026-06-26 09:16:13 Image size of job updated: 980628
	958  -  MemoryUsage of job (MB)
	980628  -  ResidentSetSize of job (KB)
...
006 (8321903.001.000) 2026-06-26 09:21:13 Image size of job updated: 985920
	963  -  MemoryUsage of job (MB)
	985920  -  ResidentSetSize of job (KB)
...
006 (8321903.001.000) 2026-06-26 09:26:14 Image size of job updated: 991612
	969  -  MemoryUsage of job (MB)
	991612  -  ResidentSetSize of job (KB)
...
006 (8321903.001.000) 2026-06-26 09:31:14 Image size of job updated: 998660
	976  -  MemoryUsage of job (MB)
	998660  -  ResidentSetSize of job (KB)
...
006 (8321903.001.000) 2026-06-26 09:36:14 Image size of job updated: 1004684
	982  -  MemoryUsage of job (MB)
	1004684  -  ResidentSetSize of job (KB)
...
006 (8321903.001.000) 2026-06-26 09:41:15 Image size of job updated: 1009192
	986  -  MemoryUsage of job (MB)
	1009192  -  ResidentSetSize of job (KB)
...
040 (8321903.001.000) 2026-06-26 09:45:55 Started transferring output files
...
040 (8321903.001.000) 2026-06-26 09:45:55 Finished transferring output files
...
005 (8321903.001.000) 2026-06-26 09:45:56 Job terminated.
	(1) Normal termination (return value 0)
		Usr 0 00:46:41, Sys 0 01:12:56  -  Run Remote Usage
		Usr 0 00:00:00, Sys 0 00:00:00  -  Run Local Usage
		Usr 0 00:46:41, Sys 0 01:12:56  -  Total Remote Usage
		Usr 0 00:00:00, Sys 0 00:00:00  -  Total Local Usage
	1576026  -  Run Bytes Sent By Job
	2781016116  -  Run Bytes Received By Job
	1576026  -  Total Bytes Sent By Job
	2781016116  -  Total Bytes Received By Job
	Partitionable Resources :      Usage  Request Allocated Assigned
	   Cpus                 :       1.00        1         1 
	   Disk (KB)            : 2728662    16777216  16777216 
	   GPUs                 :       0.84        1         1 "GPU-f8d23f80"
	   GpusMemory (MB)      :    7957                       
	   IoHeavy              :                             0 
	   Memory (MB)          :     986       16384     16384 
	   TimeExecute (s)      :    2693                       
	   TimeSlotBusy (s)     :    2704                       
...
