000 (8321903.130.000) 2026-06-26 09:00:08 Job submitted from host: <128.105.68.112:9618?addrs=128.105.68.112-9618+[2607-f388-2200-100-eaeb-d3ff-fea3-4202]-9618&alias=ap2001.chtc.wisc.edu&noUDP&sock=schedd_4071840_2329>
...
040 (8321903.130.000) 2026-06-26 12:35:57 Started transferring input files
	Transferring to host: <128.104.103.104:9618?addrs=128.104.103.104-9618+[2607-f388-107c-501-ae1f-6bff-fe40-ce2e]-9618&alias=gitter0000.chtc.wisc.edu&noUDP&sock=slot2_1_129117_5b5c_1720>
...
040 (8321903.130.000) 2026-06-26 12:36:26 Finished transferring input files
...
001 (8321903.130.000) 2026-06-26 12:36:26 Job executing on host: <128.104.103.104:9618?addrs=128.104.103.104-9618+[2607-f388-107c-501-ae1f-6bff-fe40-ce2e]-9618&alias=gitter0000.chtc.wisc.edu&noUDP&sock=startd_8665_0c39>
	SlotName: slot2_1@gitter0000.chtc.wisc.edu
	AvailableGPUs = { GPUs_GPU_272cc33a }
	CondorScratchDir = "/var/lib/condor/execute/slot2/dir_1080169/scratch"
	Cpus = 1
	Disk = 16777216
	GPUs = 1
	GPUs_GPU_272cc33a = [ Id = "GPU-272cc33a"; Capability = 6.1; DeviceName = "NVIDIA GeForce GTX 1080 Ti"; DeviceUuid = "272cc33a-aa36-c52e-632e-1d0ff0d0c75a"; ECCEnabled = false; NvidiaDriver = "570.195.03"; DriverVersion = 12.8; DevicePciBusId = "0000:3B:00.0"; GlobalMemoryMb = 11165; MaxSupportedVersion = 12080 ]
	IoHeavy = 0
	Memory = 16384
...
006 (8321903.130.000) 2026-06-26 12:36:35 Image size of job updated: 265472
	260  -  MemoryUsage of job (MB)
	265472  -  ResidentSetSize of job (KB)
...
006 (8321903.130.000) 2026-06-26 12:41:35 Image size of job updated: 2806956
	2742  -  MemoryUsage of job (MB)
	2806956  -  ResidentSetSize of job (KB)
...
006 (8321903.130.000) 2026-06-26 12:46:36 Image size of job updated: 3109608
	3037  -  MemoryUsage of job (MB)
	3109608  -  ResidentSetSize of job (KB)
...
006 (8321903.130.000) 2026-06-26 12:51:37 Image size of job updated: 4128064
	4032  -  MemoryUsage of job (MB)
	4128064  -  ResidentSetSize of job (KB)
...
006 (8321903.130.000) 2026-06-26 12:56:37 Image size of job updated: 5215508
	5094  -  MemoryUsage of job (MB)
	5215508  -  ResidentSetSize of job (KB)
...
006 (8321903.130.000) 2026-06-26 13:01:38 Image size of job updated: 5328152
	5094  -  MemoryUsage of job (MB)
	5215508  -  ResidentSetSize of job (KB)
...
006 (8321903.130.000) 2026-06-26 13:16:39 Image size of job updated: 5976792
	5821  -  MemoryUsage of job (MB)
	5959968  -  ResidentSetSize of job (KB)
...
006 (8321903.130.000) 2026-06-26 13:21:39 Image size of job updated: 6140776
	5821  -  MemoryUsage of job (MB)
	5959968  -  ResidentSetSize of job (KB)
...
006 (8321903.130.000) 2026-06-26 13:36:40 Image size of job updated: 6568816
	6415  -  MemoryUsage of job (MB)
	6568816  -  ResidentSetSize of job (KB)
...
006 (8321903.130.000) 2026-06-26 13:40:20 Image size of job updated: 6697020
	6415  -  MemoryUsage of job (MB)
	6568816  -  ResidentSetSize of job (KB)
...
040 (8321903.130.000) 2026-06-26 13:40:20 Started transferring output files
...
040 (8321903.130.000) 2026-06-26 13:40:20 Finished transferring output files
...
004 (8321903.130.000) 2026-06-26 13:40:21 Job was evicted.
	(0) Job terminated and was requeued
		Usr 0 01:08:35, Sys 0 00:01:32  -  Run Remote Usage
		Usr 0 00:00:00, Sys 0 00:00:00  -  Run Local Usage
	106540  -  Run Bytes Sent By Job
	2783885382  -  Run Bytes Received By Job
	(1) Normal termination (return value 1)
	The job attribute OnExitRemove expression 'NumJobCompletions > JobMaxRetries || ExitCode =?= 0' evaluated to FALSE
...
040 (8321903.130.000) 2026-06-26 13:42:44 Started transferring input files
	Transferring to host: <128.104.100.118:9618?addrs=128.104.100.118-9618+[2607-f388-107c-501-26d-aeff-fe1f-6b20]-9618&alias=jcaicedogpu0004.chtc.wisc.edu&noUDP&sock=backfill1_8_3535649_51f9_134>
...
040 (8321903.130.000) 2026-06-26 13:42:56 Finished transferring input files
...
001 (8321903.130.000) 2026-06-26 13:42:56 Job executing on host: <128.104.100.118:9618?addrs=128.104.100.118-9618+[2607-f388-107c-501-26d-aeff-fe1f-6b20]-9618&alias=jcaicedogpu0004.chtc.wisc.edu&noUDP&sock=startd_10858_436a>
	SlotName: backfill1_8@jcaicedogpu0004.chtc.wisc.edu
	AvailableGPUs = { GPUs_GPU_fa14651d }
	CondorScratchDir = "/var/lib/condor/execute/slot1/dir_3645822/scratch"
	Cpus = 1
	Disk = 16777216
	GPUs = 1
	GPUs_GPU_fa14651d = [ Id = "GPU-fa14651d"; Capability = 8.9; DeviceName = "NVIDIA L40S"; DeviceUuid = "fa14651d-25f0-e1cc-501d-97e0ea46e1dd"; ECCEnabled = true; NvidiaDriver = "570.195.03"; DriverVersion = 12.8; DevicePciBusId = "0000:01:00.0"; GlobalMemoryMb = 45468; MaxSupportedVersion = 12080 ]
	IoHeavy = 0
	Memory = 16384
...
040 (8321903.130.000) 2026-06-26 14:09:25 Started transferring output files
...
040 (8321903.130.000) 2026-06-26 14:09:25 Finished transferring output files
...
004 (8321903.130.000) 2026-06-26 14:09:26 Job was evicted.
	(0) Job terminated and was requeued
		Usr 0 00:31:34, Sys 0 00:01:35  -  Run Remote Usage
		Usr 0 00:00:00, Sys 0 00:00:00  -  Run Local Usage
	106553  -  Run Bytes Sent By Job
	2783885382  -  Run Bytes Received By Job
	(1) Normal termination (return value 1)
	The job attribute OnExitRemove expression 'NumJobCompletions > JobMaxRetries || ExitCode =?= 0' evaluated to FALSE
...
040 (8321903.130.000) 2026-06-26 14:25:06 Started transferring input files
	Transferring to host: <128.105.76.46:9618?addrs=128.105.76.46-9618+[2607-f388-2200-100-e29d-73ff-fe7b-5316]-9618&alias=bhaskargpu4000.chtc.wisc.edu&noUDP&sock=backfill1_2_18480_94e9_470>
...
040 (8321903.130.000) 2026-06-26 14:25:23 Finished transferring input files
...
001 (8321903.130.000) 2026-06-26 14:25:23 Job executing on host: <128.105.76.46:9618?addrs=128.105.76.46-9618+[2607-f388-2200-100-e29d-73ff-fe7b-5316]-9618&alias=bhaskargpu4000.chtc.wisc.edu&noUDP&sock=startd_17896_bef6>
	SlotName: backfill1_2@bhaskargpu4000.chtc.wisc.edu
	AvailableGPUs = { GPUs_GPU_bee6bd7c }
	CondorScratchDir = "/var/lib/condor/execute/slot1/dir_449719/scratch"
	Cpus = 1
	Disk = 16777216
	GPUs = 1
	GPUs_GPU_bee6bd7c = [ Id = "GPU-bee6bd7c"; Capability = 9.0; DeviceName = "NVIDIA H200"; DeviceUuid = "bee6bd7c-a970-67bb-25a5-205d6a595502"; ECCEnabled = true; NvidiaDriver = "570.195.03"; DriverVersion = 12.8; DevicePciBusId = "0000:CB:00.0"; GlobalMemoryMb = 143166; MaxSupportedVersion = 12080 ]
	IoHeavy = 0
	Memory = 16384
...
006 (8321903.130.000) 2026-06-26 14:50:34 Image size of job updated: 8206276
	8014  -  MemoryUsage of job (MB)
	8206276  -  ResidentSetSize of job (KB)
...
040 (8321903.130.000) 2026-06-26 15:01:28 Started transferring output files
...
040 (8321903.130.000) 2026-06-26 15:01:28 Finished transferring output files
...
004 (8321903.130.000) 2026-06-26 15:01:28 Job was evicted.
	(0) Job terminated and was requeued
		Usr 0 00:40:11, Sys 0 00:02:47  -  Run Remote Usage
		Usr 0 00:00:00, Sys 0 00:00:00  -  Run Local Usage
	106554  -  Run Bytes Sent By Job
	2783885382  -  Run Bytes Received By Job
	(1) Normal termination (return value 1)
	The job attribute OnExitRemove expression 'NumJobCompletions > JobMaxRetries || ExitCode =?= 0' evaluated to FALSE
...
040 (8321903.130.000) 2026-06-26 15:02:26 Started transferring input files
	Transferring to host: <128.104.100.118:9618?addrs=128.104.100.118-9618+[2607-f388-107c-501-26d-aeff-fe1f-6b20]-9618&alias=jcaicedogpu0004.chtc.wisc.edu&noUDP&sock=backfill1_7_3535649_51f9_311>
...
040 (8321903.130.000) 2026-06-26 15:02:49 Finished transferring input files
...
001 (8321903.130.000) 2026-06-26 15:02:49 Job executing on host: <128.104.100.118:9618?addrs=128.104.100.118-9618+[2607-f388-107c-501-26d-aeff-fe1f-6b20]-9618&alias=jcaicedogpu0004.chtc.wisc.edu&noUDP&sock=startd_10858_436a>
	SlotName: backfill1_7@jcaicedogpu0004.chtc.wisc.edu
	AvailableGPUs = { GPUs_GPU_15ef4041 }
	CondorScratchDir = "/var/lib/condor/execute/slot1/dir_308350/scratch"
	Cpus = 1
	Disk = 16777216
	GPUs = 1
	GPUs_GPU_15ef4041 = [ Id = "GPU-15ef4041"; Capability = 8.9; DeviceName = "NVIDIA L40S"; DeviceUuid = "15ef4041-a338-d8b1-af1c-286c00948d22"; ECCEnabled = true; NvidiaDriver = "570.195.03"; DriverVersion = 12.8; DevicePciBusId = "0000:21:00.0"; GlobalMemoryMb = 45468; MaxSupportedVersion = 12080 ]
	IoHeavy = 0
	Memory = 16384
...
040 (8321903.130.000) 2026-06-26 15:29:57 Started transferring output files
...
040 (8321903.130.000) 2026-06-26 15:29:57 Finished transferring output files
...
004 (8321903.130.000) 2026-06-26 15:29:58 Job was evicted.
	(0) Job terminated and was requeued
		Usr 0 00:34:43, Sys 0 00:01:44  -  Run Remote Usage
		Usr 0 00:00:00, Sys 0 00:00:00  -  Run Local Usage
	106552  -  Run Bytes Sent By Job
	2783885382  -  Run Bytes Received By Job
	(1) Normal termination (return value 1)
	The job attribute OnExitRemove expression 'NumJobCompletions > JobMaxRetries || ExitCode =?= 0' evaluated to FALSE
...
040 (8321903.130.000) 2026-06-26 15:32:55 Started transferring input files
	Transferring to host: <128.104.100.118:9618?addrs=128.104.100.118-9618+[2607-f388-107c-501-26d-aeff-fe1f-6b20]-9618&alias=jcaicedogpu0004.chtc.wisc.edu&noUDP&sock=backfill1_3_3535649_51f9_373>
...
040 (8321903.130.000) 2026-06-26 15:33:11 Finished transferring input files
...
001 (8321903.130.000) 2026-06-26 15:33:11 Job executing on host: <128.104.100.118:9618?addrs=128.104.100.118-9618+[2607-f388-107c-501-26d-aeff-fe1f-6b20]-9618&alias=jcaicedogpu0004.chtc.wisc.edu&noUDP&sock=startd_10858_436a>
	SlotName: backfill1_3@jcaicedogpu0004.chtc.wisc.edu
	AvailableGPUs = { GPUs_GPU_6702eb38 }
	CondorScratchDir = "/var/lib/condor/execute/slot1/dir_454715/scratch"
	Cpus = 1
	Disk = 16777216
	GPUs = 1
	GPUs_GPU_6702eb38 = [ Id = "GPU-6702eb38"; Capability = 8.9; DeviceName = "NVIDIA L40S"; DeviceUuid = "6702eb38-d5c5-b84d-59e9-92f0161aca95"; ECCEnabled = true; NvidiaDriver = "570.195.03"; DriverVersion = 12.8; DevicePciBusId = "0000:A1:00.0"; GlobalMemoryMb = 45468; MaxSupportedVersion = 12080 ]
	IoHeavy = 0
	Memory = 16384
...
040 (8321903.130.000) 2026-06-26 16:00:53 Started transferring output files
...
040 (8321903.130.000) 2026-06-26 16:00:53 Finished transferring output files
...
004 (8321903.130.000) 2026-06-26 16:00:53 Job was evicted.
	(0) Job terminated and was requeued
		Usr 0 00:33:57, Sys 0 00:02:05  -  Run Remote Usage
		Usr 0 00:00:00, Sys 0 00:00:00  -  Run Local Usage
	106542  -  Run Bytes Sent By Job
	2783885382  -  Run Bytes Received By Job
	(1) Normal termination (return value 1)
	The job attribute OnExitRemove expression 'NumJobCompletions > JobMaxRetries || ExitCode =?= 0' evaluated to FALSE
...
040 (8321903.130.000) 2026-06-26 16:03:11 Started transferring input files
	Transferring to host: <128.105.76.46:9618?addrs=128.105.76.46-9618+[2607-f388-2200-100-e29d-73ff-fe7b-5316]-9618&alias=bhaskargpu4000.chtc.wisc.edu&noUDP&sock=backfill1_4_18480_94e9_657>
...
040 (8321903.130.000) 2026-06-26 16:03:23 Finished transferring input files
...
001 (8321903.130.000) 2026-06-26 16:03:23 Job executing on host: <128.105.76.46:9618?addrs=128.105.76.46-9618+[2607-f388-2200-100-e29d-73ff-fe7b-5316]-9618&alias=bhaskargpu4000.chtc.wisc.edu&noUDP&sock=startd_17896_bef6>
	SlotName: backfill1_4@bhaskargpu4000.chtc.wisc.edu
	AvailableGPUs = { GPUs_GPU_33aa2a42 }
	CondorScratchDir = "/var/lib/condor/execute/slot1/dir_1265639/scratch"
	Cpus = 1
	Disk = 16777216
	GPUs = 1
	GPUs_GPU_33aa2a42 = [ Id = "GPU-33aa2a42"; Capability = 9.0; DeviceName = "NVIDIA H200"; DeviceUuid = "33aa2a42-bd2a-6304-6f7b-77e4ff98ad33"; ECCEnabled = true; NvidiaDriver = "570.195.03"; DriverVersion = 12.8; DevicePciBusId = "0000:4C:00.0"; GlobalMemoryMb = 143166; MaxSupportedVersion = 12080 ]
	IoHeavy = 0
	Memory = 16384
...
040 (8321903.130.000) 2026-06-26 16:40:50 Started transferring output files
...
040 (8321903.130.000) 2026-06-26 16:40:50 Finished transferring output files
...
004 (8321903.130.000) 2026-06-26 16:40:51 Job was evicted.
	(0) Job terminated and was requeued
		Usr 0 00:49:03, Sys 0 00:04:34  -  Run Remote Usage
		Usr 0 00:00:00, Sys 0 00:00:00  -  Run Local Usage
	106559  -  Run Bytes Sent By Job
	2783885382  -  Run Bytes Received By Job
	(1) Normal termination (return value 1)
	The job attribute OnExitRemove expression 'NumJobCompletions > JobMaxRetries || ExitCode =?= 0' evaluated to FALSE
...
040 (8321903.130.000) 2026-06-26 16:41:27 Started transferring input files
	Transferring to host: <128.104.100.117:9618?addrs=128.104.100.117-9618+[2607-f388-107c-501-8ae9-a4ff-fe02-e150]-9618&alias=jcaicedogpu0003.chtc.wisc.edu&noUDP&sock=backfill1_1_1577952_aea0_570>
...
040 (8321903.130.000) 2026-06-26 16:41:41 Finished transferring input files
...
001 (8321903.130.000) 2026-06-26 16:41:41 Job executing on host: <128.104.100.117:9618?addrs=128.104.100.117-9618+[2607-f388-107c-501-8ae9-a4ff-fe02-e150]-9618&alias=jcaicedogpu0003.chtc.wisc.edu&noUDP&sock=startd_10874_3cee>
	SlotName: backfill1_1@jcaicedogpu0003.chtc.wisc.edu
	AvailableGPUs = { GPUs_GPU_84aa5312 }
	CondorScratchDir = "/var/lib/condor/execute/slot1/dir_2968539/scratch"
	Cpus = 1
	Disk = 16777216
	GPUs = 1
	GPUs_GPU_84aa5312 = [ Id = "GPU-84aa5312"; Capability = 8.9; DeviceName = "NVIDIA L40S"; DeviceUuid = "84aa5312-d8a5-be03-8ab6-55b4d1f0d7b2"; ECCEnabled = true; NvidiaDriver = "570.195.03"; DriverVersion = 12.8; DevicePciBusId = "0000:E1:00.0"; GlobalMemoryMb = 45468; MaxSupportedVersion = 12080 ]
	IoHeavy = 0
	Memory = 16384
...
040 (8321903.130.000) 2026-06-26 17:09:32 Started transferring output files
...
040 (8321903.130.000) 2026-06-26 17:09:32 Finished transferring output files
...
004 (8321903.130.000) 2026-06-26 17:09:33 Job was evicted.
	(0) Job terminated and was requeued
		Usr 0 00:39:43, Sys 0 00:02:11  -  Run Remote Usage
		Usr 0 00:00:00, Sys 0 00:00:00  -  Run Local Usage
	106553  -  Run Bytes Sent By Job
	2783885382  -  Run Bytes Received By Job
	(1) Normal termination (return value 1)
	The job attribute OnExitRemove expression 'NumJobCompletions > JobMaxRetries || ExitCode =?= 0' evaluated to FALSE
...
040 (8321903.130.000) 2026-06-26 17:38:55 Started transferring input files
	Transferring to host: <128.105.68.5:9618?addrs=128.105.68.5-9618+[2607-f388-2200-100-eaeb-d3ff-fe53-f4a0]-9618&alias=gpulab2005.chtc.wisc.edu&noUDP&sock=slot2_4_2487031_13a7_90669>
...
040 (8321903.130.000) 2026-06-26 17:39:11 Finished transferring input files
...
001 (8321903.130.000) 2026-06-26 17:39:11 Job executing on host: <128.105.68.5:9618?addrs=128.105.68.5-9618+[2607-f388-2200-100-eaeb-d3ff-fe53-f4a0]-9618&alias=gpulab2005.chtc.wisc.edu&noUDP&sock=startd_12121_9388>
	SlotName: slot2_4@gpulab2005.chtc.wisc.edu
	AvailableGPUs = { GPUs_GPU_fb408d80 }
	CondorScratchDir = "/var/lib/condor/execute/slot2/dir_3133617/scratch"
	Cpus = 1
	Disk = 16777216
	GPUs = 1
	GPUs_GPU_fb408d80 = [ Id = "GPU-fb408d80"; Capability = 8.0; DeviceName = "NVIDIA A100-SXM4-40GB"; DeviceUuid = "fb408d80-a280-f774-c4b8-7390fd55f4c0"; ECCEnabled = true; NvidiaDriver = "570.195.03"; DriverVersion = 12.8; DevicePciBusId = "0000:C1:00.0"; GlobalMemoryMb = 40442; MaxSupportedVersion = 12080 ]
	IoHeavy = 0
	Memory = 16384
...
040 (8321903.130.000) 2026-06-26 18:23:22 Started transferring output files
...
040 (8321903.130.000) 2026-06-26 18:23:22 Finished transferring output files
...
004 (8321903.130.000) 2026-06-26 18:23:23 Job was evicted.
	(0) Job terminated and was requeued
		Usr 0 00:51:08, Sys 0 00:02:17  -  Run Remote Usage
		Usr 0 00:00:00, Sys 0 00:00:00  -  Run Local Usage
	106518  -  Run Bytes Sent By Job
	2783885382  -  Run Bytes Received By Job
	(1) Normal termination (return value 1)
	The job attribute OnExitRemove expression 'NumJobCompletions > JobMaxRetries || ExitCode =?= 0' evaluated to FALSE
...
040 (8321903.130.000) 2026-06-26 18:26:06 Started transferring input files
	Transferring to host: <128.104.100.53:9618?addrs=128.104.100.53-9618+[2607-f388-107c-501-7ec2-55ff-fe99-a2b0]-9618&alias=jcaicedogpu0001.chtc.wisc.edu&noUDP&sock=backfill1_8_12775_e4a1_24710>
...
040 (8321903.130.000) 2026-06-26 18:26:25 Finished transferring input files
...
001 (8321903.130.000) 2026-06-26 18:26:25 Job executing on host: <128.104.100.53:9618?addrs=128.104.100.53-9618+[2607-f388-107c-501-7ec2-55ff-fe99-a2b0]-9618&alias=jcaicedogpu0001.chtc.wisc.edu&noUDP&sock=startd_11292_f384>
	SlotName: backfill1_8@jcaicedogpu0001.chtc.wisc.edu
	AvailableGPUs = { GPUs_GPU_22787dff }
	CondorScratchDir = "/var/lib/condor/execute/slot1/dir_2195255/scratch"
	Cpus = 1
	Disk = 16777216
	GPUs = 1
	GPUs_GPU_22787dff = [ Id = "GPU-22787dff"; Capability = 8.9; DeviceName = "NVIDIA L40"; DeviceUuid = "22787dff-a2f4-227a-bc3c-c6178e7bb020"; ECCEnabled = true; NvidiaDriver = "570.195.03"; DriverVersion = 12.8; DevicePciBusId = "0000:52:00.0"; GlobalMemoryMb = 45468; MaxSupportedVersion = 12080 ]
	IoHeavy = 0
	Memory = 16384
...
040 (8321903.130.000) 2026-06-26 19:06:04 Started transferring output files
...
040 (8321903.130.000) 2026-06-26 19:06:04 Finished transferring output files
...
004 (8321903.130.000) 2026-06-26 19:06:05 Job was evicted.
	(0) Job terminated and was requeued
		Usr 0 00:50:34, Sys 0 00:01:45  -  Run Remote Usage
		Usr 0 00:00:00, Sys 0 00:00:00  -  Run Local Usage
	106569  -  Run Bytes Sent By Job
	2783885382  -  Run Bytes Received By Job
	(1) Normal termination (return value 1)
	The job attribute OnExitRemove expression 'NumJobCompletions > JobMaxRetries || ExitCode =?= 0' evaluated to FALSE
...
040 (8321903.130.000) 2026-06-26 19:07:20 Started transferring input files
	Transferring to host: <128.104.103.104:9618?addrs=128.104.103.104-9618+[2607-f388-107c-501-ae1f-6bff-fe40-ce2e]-9618&alias=gitter0000.chtc.wisc.edu&noUDP&sock=slot2_4_129117_5b5c_2445>
...
040 (8321903.130.000) 2026-06-26 19:07:47 Finished transferring input files
...
001 (8321903.130.000) 2026-06-26 19:07:47 Job executing on host: <128.104.103.104:9618?addrs=128.104.103.104-9618+[2607-f388-107c-501-ae1f-6bff-fe40-ce2e]-9618&alias=gitter0000.chtc.wisc.edu&noUDP&sock=startd_8665_0c39>
	SlotName: slot2_4@gitter0000.chtc.wisc.edu
	AvailableGPUs = { GPUs_GPU_eb8665c4 }
	CondorScratchDir = "/var/lib/condor/execute/slot2/dir_1918917/scratch"
	Cpus = 1
	Disk = 16777216
	GPUs = 1
	GPUs_GPU_eb8665c4 = [ Id = "GPU-eb8665c4"; Capability = 6.1; DeviceName = "NVIDIA GeForce GTX 1080 Ti"; DeviceUuid = "eb8665c4-91be-2542-059c-afd7b593dbf0"; ECCEnabled = false; NvidiaDriver = "570.195.03"; DriverVersion = 12.8; DevicePciBusId = "0000:AF:00.0"; GlobalMemoryMb = 11165; MaxSupportedVersion = 12080 ]
	IoHeavy = 0
	Memory = 16384
...
040 (8321903.130.000) 2026-06-26 20:07:51 Started transferring output files
...
040 (8321903.130.000) 2026-06-26 20:07:51 Finished transferring output files
...
004 (8321903.130.000) 2026-06-26 20:07:52 Job was evicted.
	(0) Job terminated and was requeued
		Usr 0 01:11:13, Sys 0 00:01:36  -  Run Remote Usage
		Usr 0 00:00:00, Sys 0 00:00:00  -  Run Local Usage
	106540  -  Run Bytes Sent By Job
	2783885382  -  Run Bytes Received By Job
	(1) Normal termination (return value 1)
	The job attribute OnExitRemove expression 'NumJobCompletions > JobMaxRetries || ExitCode =?= 0' evaluated to FALSE
...
040 (8321903.130.000) 2026-06-26 20:08:18 Started transferring input files
	Transferring to host: <10.1.1.131:37249?CCBID=128.105.82.148:9618%3faddrs%3d128.105.82.148-9618+[2607-f388-2200-9d-7ccb-bc08-2489-7689]-9618%26alias%3dospool-ccb.osg.chtc.io%26noUDP%26sock%3dcollector8#5127215%2067.58.49.91:9618%3faddrs%3d67.58.49.91-9618+[fdf0-17b3-c3ec-1f79-10-0-5-5b18]-9618%26alias%3dccb-2.ospool.osg-htc.org%26noUDP%26sock%3dcollector8#5120474&PrivNet=gpu01&addrs=10.1.1.131-37249&alias=gpu01&noUDP>
...
040 (8321903.130.000) 2026-06-26 20:08:44 Finished transferring input files
...
021 (8321903.130.000) 2026-06-26 20:08:45 Message from starter on slot1_3@glidein_1087242_75992161@gpu01:
	PREPARE_JOB (prepare-hook) succeeded (reported status 000): Using Singularity image openfe_1.11.1.sif
...
001 (8321903.130.000) 2026-06-26 20:08:45 Job executing on host: <10.1.1.131:35283?CCBID=128.105.82.148:9618%3faddrs%3d128.105.82.148-9618+[2607-f388-2200-9d-7ccb-bc08-2489-7689]-9618%26alias%3dospool-ccb.osg.chtc.io%26noUDP%26sock%3dcollector3#4932054%2067.58.49.91:9618%3faddrs%3d67.58.49.91-9618+[fdf0-17b3-c3ec-1f79-10-0-5-5b18]-9618%26alias%3dccb-2.ospool.osg-htc.org%26noUDP%26sock%3dcollector9#4923805&PrivNet=gpu01&addrs=10.1.1.131-35283&alias=gpu01&noUDP>
	SlotName: slot1_3@glidein_1087242_75992161@gpu01
	AvailableGPUs = { GPUs_GPU_30c0665d }
	CondorScratchDir = "/tmp/glide_buTfnt/execute/dir_2709810/scratch"
	Cpus = 1
	Disk = 16777216
	GPUs = 1
	GPUs_GPU_30c0665d = [ Id = "GPU-30c0665d"; ClockMhz = 1740.0; Capability = 8.6; CoresPerCU = 128; DeviceName = "NVIDIA A40"; DeviceUuid = "30c0665d-1160-c247-7d9f-25db14cde51f"; ECCEnabled = true; ComputeUnits = 84; NvidiaDriver = "595.71.05"; DriverVersion = 13.2; DevicePciBusId = "0000:81:00.0"; GlobalMemoryMb = 45739; MaxSupportedVersion = 13020 ]
	Memory = 16384
...
006 (8321903.130.000) 2026-06-26 20:13:55 Image size of job updated: 30780676
	9766  -  MemoryUsage of job (MB)
	10000000  -  ResidentSetSize of job (KB)
...
006 (8321903.130.000) 2026-06-26 20:18:55 Image size of job updated: 30884380
	9766  -  MemoryUsage of job (MB)
	10000000  -  ResidentSetSize of job (KB)
...
006 (8321903.130.000) 2026-06-26 20:23:56 Image size of job updated: 35211920
	9766  -  MemoryUsage of job (MB)
	10000000  -  ResidentSetSize of job (KB)
...
006 (8321903.130.000) 2026-06-26 20:28:57 Image size of job updated: 40352768
	9766  -  MemoryUsage of job (MB)
	10000000  -  ResidentSetSize of job (KB)
...
006 (8321903.130.000) 2026-06-26 20:48:58 Image size of job updated: 41083184
	9766  -  MemoryUsage of job (MB)
	10000000  -  ResidentSetSize of job (KB)
...
006 (8321903.130.000) 2026-06-26 21:09:00 Image size of job updated: 41814880
	9766  -  MemoryUsage of job (MB)
	10000000  -  ResidentSetSize of job (KB)
...
006 (8321903.130.000) 2026-06-26 21:09:28 Image size of job updated: 41874912
	9766  -  MemoryUsage of job (MB)
	10000000  -  ResidentSetSize of job (KB)
...
040 (8321903.130.000) 2026-06-26 21:09:29 Started transferring output files
...
040 (8321903.130.000) 2026-06-26 21:09:29 Finished transferring output files
...
005 (8321903.130.000) 2026-06-26 21:09:30 Job terminated.
	(1) Normal termination (return value 1)
		Usr 0 01:01:03, Sys 0 00:00:36  -  Run Remote Usage
		Usr 0 00:00:00, Sys 0 00:00:00  -  Run Local Usage
		Usr 0 08:51:44, Sys 0 00:22:42  -  Total Remote Usage
		Usr 0 00:00:00, Sys 0 00:00:00  -  Total Local Usage
	106135  -  Run Bytes Sent By Job
	2783885382  -  Run Bytes Received By Job
	1171615  -  Total Bytes Sent By Job
	30622739202  -  Total Bytes Received By Job
	Partitionable Resources :      Usage  Request Allocated Assigned
	   Cpus                 :       1.00        1         1 
	   Disk (KB)            : 3196512    16777216  16777216 
	   GPUs                 :       0.10        1         1 "GPU-30c0665d"
	   GpusMemory (MB)      :    5962                       
	   Memory (MB)          :    9766       16384     16384 
	   TimeExecute (s)      :    3643                       
	   TimeSlotBusy (s)     :    3672                       
...
