000 (8017966.341.000) 2026-06-20 22:07:54 Job submitted from host: <128.105.68.112:9618?addrs=128.105.68.112-9618+[2607-f388-2200-100-eaeb-d3ff-fea3-4202]-9618&alias=ap2001.chtc.wisc.edu&noUDP&sock=schedd_4071840_2329>
...
040 (8017966.341.000) 2026-06-21 01:29:55 Started transferring input files
	Transferring to host: <128.105.69.47:9618?addrs=128.105.69.47-9618+[2607-f388-2200-100-527c-6fff-fe66-eac6]-9618&alias=amuraligpu4000.chtc.wisc.edu&noUDP&sock=backfill1_7_1332502_f3e3_91676>
...
040 (8017966.341.000) 2026-06-21 01:30:05 Finished transferring input files
...
001 (8017966.341.000) 2026-06-21 01:30:06 Job executing on host: <128.105.69.47:9618?addrs=128.105.69.47-9618+[2607-f388-2200-100-527c-6fff-fe66-eac6]-9618&alias=amuraligpu4000.chtc.wisc.edu&noUDP&sock=startd_11579_cf33>
	SlotName: backfill1_7@amuraligpu4000.chtc.wisc.edu
	AvailableGPUs = { GPUs_GPU_200a232f }
	CondorScratchDir = "/var/lib/condor/execute/slot1/dir_1813920/scratch"
	Cpus = 1
	Disk = 16777216
	GPUs = 1
	GPUs_GPU_200a232f = [ Id = "GPU-200a232f"; Capability = 8.9; DeviceName = "NVIDIA L40S"; DeviceUuid = "200a232f-cc77-8825-017f-82bb73bf459a"; ECCEnabled = true; NvidiaDriver = "570.195.03"; DriverVersion = 12.8; DevicePciBusId = "0000:17:00.0"; GlobalMemoryMb = 45468; MaxSupportedVersion = 12080 ]
	IoHeavy = 0
	Memory = 16384
...
006 (8017966.341.000) 2026-06-21 01:30:14 Image size of job updated: 389264
	381  -  MemoryUsage of job (MB)
	389264  -  ResidentSetSize of job (KB)
...
006 (8017966.341.000) 2026-06-21 01:35:14 Image size of job updated: 975400
	951  -  MemoryUsage of job (MB)
	973524  -  ResidentSetSize of job (KB)
...
006 (8017966.341.000) 2026-06-21 01:40:15 Image size of job updated: 975400
	952  -  MemoryUsage of job (MB)
	974800  -  ResidentSetSize of job (KB)
...
006 (8017966.341.000) 2026-06-21 01:45:15 Image size of job updated: 978568
	956  -  MemoryUsage of job (MB)
	978536  -  ResidentSetSize of job (KB)
...
006 (8017966.341.000) 2026-06-21 01:50:16 Image size of job updated: 984288
	962  -  MemoryUsage of job (MB)
	984288  -  ResidentSetSize of job (KB)
...
006 (8017966.341.000) 2026-06-21 01:55:17 Image size of job updated: 989124
	966  -  MemoryUsage of job (MB)
	989096  -  ResidentSetSize of job (KB)
...
006 (8017966.341.000) 2026-06-21 02:00:17 Image size of job updated: 995672
	973  -  MemoryUsage of job (MB)
	995672  -  ResidentSetSize of job (KB)
...
006 (8017966.341.000) 2026-06-21 02:05:18 Image size of job updated: 1000844
	978  -  MemoryUsage of job (MB)
	1000812  -  ResidentSetSize of job (KB)
...
006 (8017966.341.000) 2026-06-21 02:10:18 Image size of job updated: 1005036
	982  -  MemoryUsage of job (MB)
	1005036  -  ResidentSetSize of job (KB)
...
006 (8017966.341.000) 2026-06-21 02:15:18 Image size of job updated: 1008632
	982  -  MemoryUsage of job (MB)
	1005036  -  ResidentSetSize of job (KB)
...
040 (8017966.341.000) 2026-06-21 02:18:57 Started transferring output files
...
040 (8017966.341.000) 2026-06-21 02:18:57 Finished transferring output files
...
005 (8017966.341.000) 2026-06-21 02:18:58 Job terminated.
	(1) Normal termination (return value 0)
		Usr 0 00:49:02, Sys 0 00:15:43  -  Run Remote Usage
		Usr 0 00:00:00, Sys 0 00:00:00  -  Run Local Usage
		Usr 0 00:49:02, Sys 0 00:15:43  -  Total Remote Usage
		Usr 0 00:00:00, Sys 0 00:00:00  -  Total Local Usage
	3077480  -  Run Bytes Sent By Job
	2782620791  -  Run Bytes Received By Job
	3077480  -  Total Bytes Sent By Job
	2782620791  -  Total Bytes Received By Job
	Partitionable Resources :      Usage  Request Allocated Assigned
	   Cpus                 :       1.00        1         1 
	   Disk (KB)            : 2729880    16777216  16777216 
	   GPUs                 :       0.87        1         1 "GPU-200a232f"
	   GpusMemory (MB)      :    6772                       
	   IoHeavy              :                             0 
	   Memory (MB)          :     982       16384     16384 
	   TimeExecute (s)      :    2931                       
	   TimeSlotBusy (s)     :    2942                       
...
