000 (8017966.996.000) 2026-06-20 22:07:54 Job submitted from host: <128.105.68.112:9618?addrs=128.105.68.112-9618+[2607-f388-2200-100-eaeb-d3ff-fea3-4202]-9618&alias=ap2001.chtc.wisc.edu&noUDP&sock=schedd_4071840_2329>
...
040 (8017966.996.000) 2026-06-21 06:05:26 Started transferring input files
	Transferring to host: <128.105.68.95:9618?addrs=128.105.68.95-9618+[2607-f388-2200-100-1270-fdff-fe74-d18]-9618&alias=gpu2003.chtc.wisc.edu&noUDP&sock=slot2_4_174189_a884_81474>
...
040 (8017966.996.000) 2026-06-21 06:05:38 Finished transferring input files
...
001 (8017966.996.000) 2026-06-21 06:05:38 Job executing on host: <128.105.68.95:9618?addrs=128.105.68.95-9618+[2607-f388-2200-100-1270-fdff-fe74-d18]-9618&alias=gpu2003.chtc.wisc.edu&noUDP&sock=startd_12456_5bc2>
	SlotName: slot2_4@gpu2003.chtc.wisc.edu
	AvailableGPUs = { GPUs_GPU_f01bc024 }
	CondorScratchDir = "/var/lib/condor/execute/slot2/dir_2914800/scratch"
	Cpus = 1
	Disk = 16777216
	GPUs = 1
	GPUs_GPU_f01bc024 = [ Id = "GPU-f01bc024"; Capability = 8.0; DeviceName = "NVIDIA A100-SXM4-80GB"; DeviceUuid = "f01bc024-4bb1-3df1-f7b0-3069d6e16734"; ECCEnabled = true; NvidiaDriver = "570.195.03"; DriverVersion = 12.8; DevicePciBusId = "0000:C1:00.0"; GlobalMemoryMb = 81154; MaxSupportedVersion = 12080 ]
	IoHeavy = 0
	Memory = 16384
...
006 (8017966.996.000) 2026-06-21 06:05:47 Image size of job updated: 374896
	367  -  MemoryUsage of job (MB)
	374896  -  ResidentSetSize of job (KB)
...
006 (8017966.996.000) 2026-06-21 06:10:47 Image size of job updated: 4595928
	3813  -  MemoryUsage of job (MB)
	3903944  -  ResidentSetSize of job (KB)
...
006 (8017966.996.000) 2026-06-21 06:15:48 Image size of job updated: 4869336
	4756  -  MemoryUsage of job (MB)
	4869336  -  ResidentSetSize of job (KB)
...
006 (8017966.996.000) 2026-06-21 06:20:48 Image size of job updated: 5355532
	4756  -  MemoryUsage of job (MB)
	4869336  -  ResidentSetSize of job (KB)
...
006 (8017966.996.000) 2026-06-21 06:25:48 Image size of job updated: 5488516
	5360  -  MemoryUsage of job (MB)
	5488516  -  ResidentSetSize of job (KB)
...
006 (8017966.996.000) 2026-06-21 06:30:48 Image size of job updated: 6030696
	5360  -  MemoryUsage of job (MB)
	5488516  -  ResidentSetSize of job (KB)
...
006 (8017966.996.000) 2026-06-21 06:35:48 Image size of job updated: 6030696
	5670  -  MemoryUsage of job (MB)
	5805472  -  ResidentSetSize of job (KB)
...
006 (8017966.996.000) 2026-06-21 06:39:08 Image size of job updated: 6211624
	5670  -  MemoryUsage of job (MB)
	5805472  -  ResidentSetSize of job (KB)
...
040 (8017966.996.000) 2026-06-21 06:39:08 Started transferring output files
...
040 (8017966.996.000) 2026-06-21 06:39:09 Finished transferring output files
...
004 (8017966.996.000) 2026-06-21 06:39:10 Job was evicted.
	(0) Job terminated and was requeued
		Usr 0 00:43:22, Sys 0 00:02:32  -  Run Remote Usage
		Usr 0 00:00:00, Sys 0 00:00:00  -  Run Local Usage
	465467912  -  Run Bytes Sent By Job
	2784144160  -  Run Bytes Received By Job
	(1) Normal termination (return value 1)
	The job attribute OnExitRemove expression 'NumJobCompletions > JobMaxRetries || ExitCode =?= 0' evaluated to FALSE
...
040 (8017966.996.000) 2026-06-21 06:41:53 Started transferring input files
	Transferring to host: <128.105.68.101:9618?addrs=128.105.68.101-9618+[2607-f388-2200-100-1270-fdff-fe73-97d6]-9618&alias=gpu2009.chtc.wisc.edu&noUDP&sock=slot2_1_2748016_9e7c_75291>
...
040 (8017966.996.000) 2026-06-21 06:42:26 Finished transferring input files
...
001 (8017966.996.000) 2026-06-21 06:42:26 Job executing on host: <128.105.68.101:9618?addrs=128.105.68.101-9618+[2607-f388-2200-100-1270-fdff-fe73-97d6]-9618&alias=gpu2009.chtc.wisc.edu&noUDP&sock=startd_12432_e57c>
	SlotName: slot2_1@gpu2009.chtc.wisc.edu
	AvailableGPUs = { GPUs_GPU_763b3aa1 }
	CondorScratchDir = "/var/lib/condor/execute/slot2/dir_1943031/scratch"
	Cpus = 1
	Disk = 16777216
	GPUs = 1
	GPUs_GPU_763b3aa1 = [ Id = "GPU-763b3aa1"; Capability = 8.0; DeviceName = "NVIDIA A100-SXM4-80GB"; DeviceUuid = "763b3aa1-e893-7228-373b-d0af3538eedb"; ECCEnabled = true; NvidiaDriver = "570.195.03"; DriverVersion = 12.8; DevicePciBusId = "0000:01:00.0"; GlobalMemoryMb = 81154; MaxSupportedVersion = 12080 ]
	IoHeavy = 0
	Memory = 16384
...
040 (8017966.996.000) 2026-06-21 06:42:29 Started transferring output files
...
040 (8017966.996.000) 2026-06-21 06:42:31 Finished transferring output files
...
004 (8017966.996.000) 2026-06-21 06:42:32 Job was evicted.
	(0) Job terminated and was requeued
		Usr 0 00:00:02, Sys 0 00:00:01  -  Run Remote Usage
		Usr 0 00:00:00, Sys 0 00:00:00  -  Run Local Usage
	465448209  -  Run Bytes Sent By Job
	3249591879  -  Run Bytes Received By Job
	(1) Normal termination (return value 2)
	The job attribute OnExitRemove expression 'NumJobCompletions > JobMaxRetries || ExitCode =?= 0' evaluated to FALSE
...
040 (8017966.996.000) 2026-06-21 06:42:34 Started transferring input files
	Transferring to host: <128.105.68.168:9618?addrs=128.105.68.168-9618+[2607-f388-2200-100-b62e-99ff-feb7-2dcb]-9618&alias=gpulab2003.chtc.wisc.edu&noUDP&sock=slot2_4_11172_6f3f_5985>
...
040 (8017966.996.000) 2026-06-21 06:42:52 Finished transferring input files
...
001 (8017966.996.000) 2026-06-21 06:42:52 Job executing on host: <128.105.68.168:9618?addrs=128.105.68.168-9618+[2607-f388-2200-100-b62e-99ff-feb7-2dcb]-9618&alias=gpulab2003.chtc.wisc.edu&noUDP&sock=startd_10155_1056>
	SlotName: slot2_4@gpulab2003.chtc.wisc.edu
	AvailableGPUs = { GPUs_GPU_61902b82 }
	CondorScratchDir = "/var/lib/condor/execute/slot2/dir_378695/scratch"
	Cpus = 1
	Disk = 16777216
	GPUs = 1
	GPUs_GPU_61902b82 = [ Id = "GPU-61902b82"; Capability = 7.5; DeviceName = "NVIDIA GeForce RTX 2080 Ti"; DeviceUuid = "61902b82-cedb-e4be-d010-bca8829ec79b"; ECCEnabled = false; NvidiaDriver = "570.195.03"; DriverVersion = 12.8; DevicePciBusId = "0000:B2:00.0"; GlobalMemoryMb = 10823; MaxSupportedVersion = 12080 ]
	IoHeavy = 0
	Memory = 16384
...
040 (8017966.996.000) 2026-06-21 06:42:57 Started transferring output files
...
040 (8017966.996.000) 2026-06-21 06:42:58 Finished transferring output files
...
004 (8017966.996.000) 2026-06-21 06:42:59 Job was evicted.
	(0) Job terminated and was requeued
		Usr 0 00:00:03, Sys 0 00:00:00  -  Run Remote Usage
		Usr 0 00:00:00, Sys 0 00:00:00  -  Run Local Usage
	465448202  -  Run Bytes Sent By Job
	3249591879  -  Run Bytes Received By Job
	(1) Normal termination (return value 2)
	The job attribute OnExitRemove expression 'NumJobCompletions > JobMaxRetries || ExitCode =?= 0' evaluated to FALSE
...
040 (8017966.996.000) 2026-06-21 06:43:06 Started transferring input files
	Transferring to host: <128.105.68.117:9618?addrs=128.105.68.117-9618+[2607-f388-2200-100-7ec2-55ff-fe9a-b4fa]-9618&alias=gpu4000.chtc.wisc.edu&noUDP&sock=slot2_4_1956795_d8ee_83258>
...
040 (8017966.996.000) 2026-06-21 06:43:18 Finished transferring input files
...
001 (8017966.996.000) 2026-06-21 06:43:18 Job executing on host: <128.105.68.117:9618?addrs=128.105.68.117-9618+[2607-f388-2200-100-7ec2-55ff-fe9a-b4fa]-9618&alias=gpu4000.chtc.wisc.edu&noUDP&sock=startd_674379_7ae3>
	SlotName: slot2_4@gpu4000.chtc.wisc.edu
	AvailableGPUs = { GPUs_GPU_85b798bf }
	CondorScratchDir = "/var/lib/condor/execute/slot2/dir_243104/scratch"
	Cpus = 1
	Disk = 16777216
	GPUs = 1
	GPUs_GPU_85b798bf = [ Id = "GPU-85b798bf"; Capability = 8.9; DeviceName = "NVIDIA L40"; DeviceUuid = "85b798bf-b3ac-60c1-4903-0e00d9a2de78"; ECCEnabled = true; NvidiaDriver = "570.195.03"; DriverVersion = 12.8; DevicePciBusId = "0000:56:00.0"; GlobalMemoryMb = 45468; MaxSupportedVersion = 12080 ]
	IoHeavy = 0
	Memory = 16384
...
040 (8017966.996.000) 2026-06-21 06:43:21 Started transferring output files
...
040 (8017966.996.000) 2026-06-21 06:43:22 Finished transferring output files
...
004 (8017966.996.000) 2026-06-21 06:43:23 Job was evicted.
	(0) Job terminated and was requeued
		Usr 0 00:00:02, Sys 0 00:00:00  -  Run Remote Usage
		Usr 0 00:00:00, Sys 0 00:00:00  -  Run Local Usage
	465448209  -  Run Bytes Sent By Job
	3249591879  -  Run Bytes Received By Job
	(1) Normal termination (return value 2)
	The job attribute OnExitRemove expression 'NumJobCompletions > JobMaxRetries || ExitCode =?= 0' evaluated to FALSE
...
040 (8017966.996.000) 2026-06-21 06:43:28 Started transferring input files
	Transferring to host: <128.105.68.117:9618?addrs=128.105.68.117-9618+[2607-f388-2200-100-7ec2-55ff-fe9a-b4fa]-9618&alias=gpu4000.chtc.wisc.edu&noUDP&sock=slot2_4_1956795_d8ee_83259>
...
040 (8017966.996.000) 2026-06-21 06:43:44 Finished transferring input files
...
001 (8017966.996.000) 2026-06-21 06:43:44 Job executing on host: <128.105.68.117:9618?addrs=128.105.68.117-9618+[2607-f388-2200-100-7ec2-55ff-fe9a-b4fa]-9618&alias=gpu4000.chtc.wisc.edu&noUDP&sock=startd_674379_7ae3>
	SlotName: slot2_4@gpu4000.chtc.wisc.edu
	AvailableGPUs = { GPUs_GPU_85b798bf }
	CondorScratchDir = "/var/lib/condor/execute/slot2/dir_243380/scratch"
	Cpus = 1
	Disk = 16777216
	GPUs = 1
	GPUs_GPU_85b798bf = [ Id = "GPU-85b798bf"; Capability = 8.9; DeviceName = "NVIDIA L40"; DeviceUuid = "85b798bf-b3ac-60c1-4903-0e00d9a2de78"; ECCEnabled = true; NvidiaDriver = "570.195.03"; DriverVersion = 12.8; DevicePciBusId = "0000:56:00.0"; GlobalMemoryMb = 45468; MaxSupportedVersion = 12080 ]
	IoHeavy = 0
	Memory = 16384
...
040 (8017966.996.000) 2026-06-21 06:43:47 Started transferring output files
...
040 (8017966.996.000) 2026-06-21 06:43:49 Finished transferring output files
...
004 (8017966.996.000) 2026-06-21 06:43:49 Job was evicted.
	(0) Job terminated and was requeued
		Usr 0 00:00:02, Sys 0 00:00:00  -  Run Remote Usage
		Usr 0 00:00:00, Sys 0 00:00:00  -  Run Local Usage
	465448209  -  Run Bytes Sent By Job
	3249591879  -  Run Bytes Received By Job
	(1) Normal termination (return value 2)
	The job attribute OnExitRemove expression 'NumJobCompletions > JobMaxRetries || ExitCode =?= 0' evaluated to FALSE
...
040 (8017966.996.000) 2026-06-21 06:44:04 Started transferring input files
	Transferring to host: <128.105.69.63:9618?addrs=128.105.69.63-9618+[2607-f388-2200-100-5aa2-e1ff-febe-455e]-9618&alias=gpu4003.chtc.wisc.edu&noUDP&sock=slot2_1_1549376_4e16_76638>
...
040 (8017966.996.000) 2026-06-21 06:44:17 Finished transferring input files
...
001 (8017966.996.000) 2026-06-21 06:44:17 Job executing on host: <128.105.69.63:9618?addrs=128.105.69.63-9618+[2607-f388-2200-100-5aa2-e1ff-febe-455e]-9618&alias=gpu4003.chtc.wisc.edu&noUDP&sock=startd_3051222_14a9>
	SlotName: slot2_1@gpu4003.chtc.wisc.edu
	AvailableGPUs = { GPUs_GPU_49ae0cec }
	CondorScratchDir = "/var/lib/condor/execute/slot2/dir_754534/scratch"
	Cpus = 1
	Disk = 16777216
	GPUs = 1
	GPUs_GPU_49ae0cec = [ Id = "GPU-49ae0cec"; Capability = 9.0; DeviceName = "NVIDIA H100 80GB HBM3"; DeviceUuid = "49ae0cec-5c88-1713-e476-f592c5ca4c65"; ECCEnabled = true; NvidiaDriver = "570.195.03"; DriverVersion = 12.8; DevicePciBusId = "0000:18:00.0"; GlobalMemoryMb = 81089; MaxSupportedVersion = 12080 ]
	IoHeavy = 0
	Memory = 16384
...
040 (8017966.996.000) 2026-06-21 06:44:20 Started transferring output files
...
040 (8017966.996.000) 2026-06-21 06:44:21 Finished transferring output files
...
004 (8017966.996.000) 2026-06-21 06:44:22 Job was evicted.
	(0) Job terminated and was requeued
		Usr 0 00:00:02, Sys 0 00:00:00  -  Run Remote Usage
		Usr 0 00:00:00, Sys 0 00:00:00  -  Run Local Usage
	465448209  -  Run Bytes Sent By Job
	3249591879  -  Run Bytes Received By Job
	(1) Normal termination (return value 2)
	The job attribute OnExitRemove expression 'NumJobCompletions > JobMaxRetries || ExitCode =?= 0' evaluated to FALSE
...
040 (8017966.996.000) 2026-06-21 06:44:26 Started transferring input files
	Transferring to host: <128.105.68.168:9618?addrs=128.105.68.168-9618+[2607-f388-2200-100-b62e-99ff-feb7-2dcb]-9618&alias=gpulab2003.chtc.wisc.edu&noUDP&sock=slot2_2_11172_6f3f_5996>
...
040 (8017966.996.000) 2026-06-21 06:44:44 Finished transferring input files
...
001 (8017966.996.000) 2026-06-21 06:44:44 Job executing on host: <128.105.68.168:9618?addrs=128.105.68.168-9618+[2607-f388-2200-100-b62e-99ff-feb7-2dcb]-9618&alias=gpulab2003.chtc.wisc.edu&noUDP&sock=startd_10155_1056>
	SlotName: slot2_2@gpulab2003.chtc.wisc.edu
	AvailableGPUs = { GPUs_GPU_77c064bf }
	CondorScratchDir = "/var/lib/condor/execute/slot2/dir_382039/scratch"
	Cpus = 1
	Disk = 16777216
	GPUs = 1
	GPUs_GPU_77c064bf = [ Id = "GPU-77c064bf"; Capability = 7.5; DeviceName = "NVIDIA GeForce RTX 2080 Ti"; DeviceUuid = "77c064bf-9d21-8784-e84a-c6f665dc0cb1"; ECCEnabled = false; NvidiaDriver = "570.195.03"; DriverVersion = 12.8; DevicePciBusId = "0000:3E:00.0"; GlobalMemoryMb = 10823; MaxSupportedVersion = 12080 ]
	IoHeavy = 0
	Memory = 16384
...
040 (8017966.996.000) 2026-06-21 06:44:49 Started transferring output files
...
040 (8017966.996.000) 2026-06-21 06:44:50 Finished transferring output files
...
004 (8017966.996.000) 2026-06-21 06:44:51 Job was evicted.
	(0) Job terminated and was requeued
		Usr 0 00:00:03, Sys 0 00:00:00  -  Run Remote Usage
		Usr 0 00:00:00, Sys 0 00:00:00  -  Run Local Usage
	465448212  -  Run Bytes Sent By Job
	3249591879  -  Run Bytes Received By Job
	(1) Normal termination (return value 2)
	The job attribute OnExitRemove expression 'NumJobCompletions > JobMaxRetries || ExitCode =?= 0' evaluated to FALSE
...
040 (8017966.996.000) 2026-06-21 06:45:36 Started transferring input files
	Transferring to host: <128.105.68.101:9618?addrs=128.105.68.101-9618+[2607-f388-2200-100-1270-fdff-fe73-97d6]-9618&alias=gpu2009.chtc.wisc.edu&noUDP&sock=slot2_1_2748016_9e7c_75302>
...
040 (8017966.996.000) 2026-06-21 06:45:51 Finished transferring input files
...
001 (8017966.996.000) 2026-06-21 06:45:51 Job executing on host: <128.105.68.101:9618?addrs=128.105.68.101-9618+[2607-f388-2200-100-1270-fdff-fe73-97d6]-9618&alias=gpu2009.chtc.wisc.edu&noUDP&sock=startd_12432_e57c>
	SlotName: slot2_1@gpu2009.chtc.wisc.edu
	AvailableGPUs = { GPUs_GPU_763b3aa1 }
	CondorScratchDir = "/var/lib/condor/execute/slot2/dir_1953307/scratch"
	Cpus = 1
	Disk = 16777216
	GPUs = 1
	GPUs_GPU_763b3aa1 = [ Id = "GPU-763b3aa1"; Capability = 8.0; DeviceName = "NVIDIA A100-SXM4-80GB"; DeviceUuid = "763b3aa1-e893-7228-373b-d0af3538eedb"; ECCEnabled = true; NvidiaDriver = "570.195.03"; DriverVersion = 12.8; DevicePciBusId = "0000:01:00.0"; GlobalMemoryMb = 81154; MaxSupportedVersion = 12080 ]
	IoHeavy = 0
	Memory = 16384
...
040 (8017966.996.000) 2026-06-21 06:45:54 Started transferring output files
...
040 (8017966.996.000) 2026-06-21 06:45:56 Finished transferring output files
...
004 (8017966.996.000) 2026-06-21 06:45:56 Job was evicted.
	(0) Job terminated and was requeued
		Usr 0 00:00:02, Sys 0 00:00:01  -  Run Remote Usage
		Usr 0 00:00:00, Sys 0 00:00:00  -  Run Local Usage
	465448209  -  Run Bytes Sent By Job
	3249591879  -  Run Bytes Received By Job
	(1) Normal termination (return value 2)
	The job attribute OnExitRemove expression 'NumJobCompletions > JobMaxRetries || ExitCode =?= 0' evaluated to FALSE
...
040 (8017966.996.000) 2026-06-21 06:45:59 Started transferring input files
	Transferring to host: <128.105.68.23:9618?addrs=128.105.68.23-9618+[2607-f388-2200-100-3eec-efff-fe0c-50a0]-9618&alias=gpulab2004.chtc.wisc.edu&noUDP&sock=slot2_2_2216700_6e96_76749>
...
040 (8017966.996.000) 2026-06-21 06:46:33 Finished transferring input files
...
001 (8017966.996.000) 2026-06-21 06:46:33 Job executing on host: <128.105.68.23:9618?addrs=128.105.68.23-9618+[2607-f388-2200-100-3eec-efff-fe0c-50a0]-9618&alias=gpulab2004.chtc.wisc.edu&noUDP&sock=startd_10770_e715>
	SlotName: slot2_2@gpulab2004.chtc.wisc.edu
	AvailableGPUs = { GPUs_GPU_8f9c2d75 }
	CondorScratchDir = "/var/lib/condor/execute/slot2/dir_2447361/scratch"
	Cpus = 1
	Disk = 16777216
	GPUs = 1
	GPUs_GPU_8f9c2d75 = [ Id = "GPU-8f9c2d75"; Capability = 8.0; DeviceName = "NVIDIA A100-SXM4-40GB"; DeviceUuid = "8f9c2d75-1b7d-5026-b177-283d13ddbb90"; ECCEnabled = true; NvidiaDriver = "570.195.03"; DriverVersion = 12.8; DevicePciBusId = "0000:81:00.0"; GlobalMemoryMb = 40442; MaxSupportedVersion = 12080 ]
	IoHeavy = 0
	Memory = 16384
...
040 (8017966.996.000) 2026-06-21 06:46:37 Started transferring output files
...
040 (8017966.996.000) 2026-06-21 06:46:38 Finished transferring output files
...
004 (8017966.996.000) 2026-06-21 06:46:40 Job was evicted.
	(0) Job terminated and was requeued
		Usr 0 00:00:02, Sys 0 00:00:00  -  Run Remote Usage
		Usr 0 00:00:00, Sys 0 00:00:00  -  Run Local Usage
	465448212  -  Run Bytes Sent By Job
	3249591879  -  Run Bytes Received By Job
	(1) Normal termination (return value 2)
	The job attribute OnExitRemove expression 'NumJobCompletions > JobMaxRetries || ExitCode =?= 0' evaluated to FALSE
...
040 (8017966.996.000) 2026-06-21 06:46:43 Started transferring input files
	Transferring to host: <128.105.68.102:9618?addrs=128.105.68.102-9618+[2607-f388-2200-100-1270-fdff-fe74-920]-9618&alias=gpu2010.chtc.wisc.edu&noUDP&sock=slot2_1_2570277_6a21_72378>
...
040 (8017966.996.000) 2026-06-21 06:46:59 Finished transferring input files
...
001 (8017966.996.000) 2026-06-21 06:46:59 Job executing on host: <128.105.68.102:9618?addrs=128.105.68.102-9618+[2607-f388-2200-100-1270-fdff-fe74-920]-9618&alias=gpu2010.chtc.wisc.edu&noUDP&sock=startd_12400_f274>
	SlotName: slot2_1@gpu2010.chtc.wisc.edu
	AvailableGPUs = { GPUs_GPU_ebb6cfb4 }
	CondorScratchDir = "/var/lib/condor/execute/slot2/dir_2622814/scratch"
	Cpus = 1
	Disk = 16777216
	GPUs = 1
	GPUs_GPU_ebb6cfb4 = [ Id = "GPU-ebb6cfb4"; Capability = 8.0; DeviceName = "NVIDIA A100-SXM4-80GB"; DeviceUuid = "ebb6cfb4-dd3e-9883-e9ad-6ddb1e1276f9"; ECCEnabled = true; NvidiaDriver = "570.195.03"; DriverVersion = 12.8; DevicePciBusId = "0000:01:00.0"; GlobalMemoryMb = 81154; MaxSupportedVersion = 12080 ]
	IoHeavy = 0
	Memory = 16384
...
040 (8017966.996.000) 2026-06-21 06:47:03 Started transferring output files
...
040 (8017966.996.000) 2026-06-21 06:47:04 Finished transferring output files
...
004 (8017966.996.000) 2026-06-21 06:47:05 Job was evicted.
	(0) Job terminated and was requeued
		Usr 0 00:00:02, Sys 0 00:00:01  -  Run Remote Usage
		Usr 0 00:00:00, Sys 0 00:00:00  -  Run Local Usage
	465448209  -  Run Bytes Sent By Job
	3249591879  -  Run Bytes Received By Job
	(1) Normal termination (return value 2)
	The job attribute OnExitRemove expression 'NumJobCompletions > JobMaxRetries || ExitCode =?= 0' evaluated to FALSE
...
040 (8017966.996.000) 2026-06-21 06:47:23 Started transferring input files
	Transferring to host: <128.105.68.23:9618?addrs=128.105.68.23-9618+[2607-f388-2200-100-3eec-efff-fe0c-50a0]-9618&alias=gpulab2004.chtc.wisc.edu&noUDP&sock=slot2_2_2216700_6e96_76751>
...
040 (8017966.996.000) 2026-06-21 06:47:38 Finished transferring input files
...
001 (8017966.996.000) 2026-06-21 06:47:38 Job executing on host: <128.105.68.23:9618?addrs=128.105.68.23-9618+[2607-f388-2200-100-3eec-efff-fe0c-50a0]-9618&alias=gpulab2004.chtc.wisc.edu&noUDP&sock=startd_10770_e715>
	SlotName: slot2_2@gpulab2004.chtc.wisc.edu
	AvailableGPUs = { GPUs_GPU_8f9c2d75 }
	CondorScratchDir = "/var/lib/condor/execute/slot2/dir_2448757/scratch"
	Cpus = 1
	Disk = 16777216
	GPUs = 1
	GPUs_GPU_8f9c2d75 = [ Id = "GPU-8f9c2d75"; Capability = 8.0; DeviceName = "NVIDIA A100-SXM4-40GB"; DeviceUuid = "8f9c2d75-1b7d-5026-b177-283d13ddbb90"; ECCEnabled = true; NvidiaDriver = "570.195.03"; DriverVersion = 12.8; DevicePciBusId = "0000:81:00.0"; GlobalMemoryMb = 40442; MaxSupportedVersion = 12080 ]
	IoHeavy = 0
	Memory = 16384
...
040 (8017966.996.000) 2026-06-21 06:47:42 Started transferring output files
...
040 (8017966.996.000) 2026-06-21 06:47:43 Finished transferring output files
...
005 (8017966.996.000) 2026-06-21 06:47:44 Job terminated.
	(1) Normal termination (return value 2)
		Usr 0 00:00:02, Sys 0 00:00:00  -  Run Remote Usage
		Usr 0 00:00:00, Sys 0 00:00:00  -  Run Local Usage
		Usr 0 00:43:44, Sys 0 00:02:35  -  Total Remote Usage
		Usr 0 00:00:00, Sys 0 00:00:00  -  Total Local Usage
	465448212  -  Run Bytes Sent By Job
	3249591879  -  Run Bytes Received By Job
	5119950004  -  Total Bytes Sent By Job
	35280062950  -  Total Bytes Received By Job
	Partitionable Resources :      Usage  Request Allocated Assigned
	   Cpus                 :       0.62        1         1 
	   Disk (KB)            : 3173656    16777216  16777216 
	   GPUs                 :       0           1         1 "GPU-8f9c2d75"
	   GpusMemory (MB)      :     523                       
	   IoHeavy              :                             0 
	   Memory (MB)          :    7325       16384     16384 
	   TimeExecute (s)      :       4                       
	   TimeSlotBusy (s)     :      21                       
...
