000 (8017966.842.000) 2026-06-20 22:07:54 Job submitted from host: <128.105.68.112:9618?addrs=128.105.68.112-9618+[2607-f388-2200-100-eaeb-d3ff-fea3-4202]-9618&alias=ap2001.chtc.wisc.edu&noUDP&sock=schedd_4071840_2329>
...
040 (8017966.842.000) 2026-06-21 04:58:49 Started transferring input files
	Transferring to host: <128.104.103.104:9618?addrs=128.104.103.104-9618+[2607-f388-107c-501-ae1f-6bff-fe40-ce2e]-9618&alias=gitter0000.chtc.wisc.edu&noUDP&sock=slot2_3_8979_4486_7474>
...
040 (8017966.842.000) 2026-06-21 04:59:16 Finished transferring input files
...
001 (8017966.842.000) 2026-06-21 04:59:16 Job executing on host: <128.104.103.104:9618?addrs=128.104.103.104-9618+[2607-f388-107c-501-ae1f-6bff-fe40-ce2e]-9618&alias=gitter0000.chtc.wisc.edu&noUDP&sock=startd_8665_0c39>
	SlotName: slot2_3@gitter0000.chtc.wisc.edu
	AvailableGPUs = { GPUs_GPU_ef72567f }
	CondorScratchDir = "/var/lib/condor/execute/slot2/dir_3677256/scratch"
	Cpus = 1
	Disk = 16777216
	GPUs = 1
	GPUs_GPU_ef72567f = [ Id = "GPU-ef72567f"; Capability = 6.1; DeviceName = "NVIDIA GeForce GTX 1080 Ti"; DeviceUuid = "ef72567f-a470-7f68-32a7-eb3e859e8d5a"; ECCEnabled = false; NvidiaDriver = "570.195.03"; DriverVersion = 12.8; DevicePciBusId = "0000:86:00.0"; GlobalMemoryMb = 11165; MaxSupportedVersion = 12080 ]
	IoHeavy = 0
	Memory = 16384
...
006 (8017966.842.000) 2026-06-21 04:59:25 Image size of job updated: 294708
	288  -  MemoryUsage of job (MB)
	294708  -  ResidentSetSize of job (KB)
...
006 (8017966.842.000) 2026-06-21 05:04:27 Image size of job updated: 2724340
	2618  -  MemoryUsage of job (MB)
	2680276  -  ResidentSetSize of job (KB)
...
006 (8017966.842.000) 2026-06-21 05:09:27 Image size of job updated: 3439128
	3329  -  MemoryUsage of job (MB)
	3408156  -  ResidentSetSize of job (KB)
...
006 (8017966.842.000) 2026-06-21 05:14:27 Image size of job updated: 4449984
	4318  -  MemoryUsage of job (MB)
	4420752  -  ResidentSetSize of job (KB)
...
006 (8017966.842.000) 2026-06-21 05:19:28 Image size of job updated: 4961736
	4701  -  MemoryUsage of job (MB)
	4813520  -  ResidentSetSize of job (KB)
...
006 (8017966.842.000) 2026-06-21 05:29:28 Image size of job updated: 4961736
	4732  -  MemoryUsage of job (MB)
	4845040  -  ResidentSetSize of job (KB)
...
006 (8017966.842.000) 2026-06-21 05:34:29 Image size of job updated: 5484408
	5356  -  MemoryUsage of job (MB)
	5484408  -  ResidentSetSize of job (KB)
...
006 (8017966.842.000) 2026-06-21 05:39:29 Image size of job updated: 5548920
	5356  -  MemoryUsage of job (MB)
	5484408  -  ResidentSetSize of job (KB)
...
006 (8017966.842.000) 2026-06-21 05:49:30 Image size of job updated: 5983532
	5844  -  MemoryUsage of job (MB)
	5983532  -  ResidentSetSize of job (KB)
...
006 (8017966.842.000) 2026-06-21 05:53:17 Image size of job updated: 6231224
	5844  -  MemoryUsage of job (MB)
	5983532  -  ResidentSetSize of job (KB)
...
040 (8017966.842.000) 2026-06-21 05:53:17 Started transferring output files
...
040 (8017966.842.000) 2026-06-21 05:53:21 Finished transferring output files
...
004 (8017966.842.000) 2026-06-21 05:53:22 Job was evicted.
	(0) Job terminated and was requeued
		Usr 0 00:57:17, Sys 0 00:01:02  -  Run Remote Usage
		Usr 0 00:00:00, Sys 0 00:00:00  -  Run Local Usage
	437872130  -  Run Bytes Sent By Job
	2784022464  -  Run Bytes Received By Job
	(1) Normal termination (return value 1)
	The job attribute OnExitRemove expression 'NumJobCompletions > JobMaxRetries || ExitCode =?= 0' evaluated to FALSE
...
040 (8017966.842.000) 2026-06-21 05:53:38 Started transferring input files
	Transferring to host: <128.105.69.3:9618?addrs=128.105.69.3-9618+[2607-f388-2200-100-7ec2-55ff-fe46-28f2]-9618&alias=gpu4002.chtc.wisc.edu&noUDP&sock=slot1_5_12744_0cff_4640>
...
040 (8017966.842.000) 2026-06-21 05:53:51 Finished transferring input files
...
001 (8017966.842.000) 2026-06-21 05:53:51 Job executing on host: <128.105.69.3:9618?addrs=128.105.69.3-9618+[2607-f388-2200-100-7ec2-55ff-fe46-28f2]-9618&alias=gpu4002.chtc.wisc.edu&noUDP&sock=startd_11312_ab69>
	SlotName: slot1_5@gpu4002.chtc.wisc.edu
	AvailableGPUs = { GPUs_GPU_24660f1c }
	CondorScratchDir = "/var/lib/condor/execute/slot1/dir_3224058/scratch"
	Cpus = 1
	Disk = 16777216
	GPUs = 1
	GPUs_GPU_24660f1c = [ Id = "GPU-24660f1c"; Capability = 8.9; DeviceName = "NVIDIA L40"; DeviceUuid = "24660f1c-9665-dc92-a0c9-04252e1a8138"; ECCEnabled = true; NvidiaDriver = "570.195.03"; DriverVersion = 12.8; DevicePciBusId = "0000:CE:00.0"; GlobalMemoryMb = 45468; MaxSupportedVersion = 12080 ]
	IoHeavy = 0
	Memory = 16384
...
040 (8017966.842.000) 2026-06-21 05:53:54 Started transferring output files
...
040 (8017966.842.000) 2026-06-21 05:53:55 Finished transferring output files
...
004 (8017966.842.000) 2026-06-21 05:53:56 Job was evicted.
	(0) Job terminated and was requeued
		Usr 0 00:00:02, Sys 0 00:00:00  -  Run Remote Usage
		Usr 0 00:00:00, Sys 0 00:00:00  -  Run Local Usage
	437852411  -  Run Bytes Sent By Job
	3221874397  -  Run Bytes Received By Job
	(1) Normal termination (return value 2)
	The job attribute OnExitRemove expression 'NumJobCompletions > JobMaxRetries || ExitCode =?= 0' evaluated to FALSE
...
040 (8017966.842.000) 2026-06-21 05:54:03 Started transferring input files
	Transferring to host: <128.105.69.34:9618?addrs=128.105.69.34-9618+[2607-f388-2200-100-527c-6fff-fe66-ea4a]-9618&alias=mkhodakgpu4000.chtc.wisc.edu&noUDP&sock=backfill1_1_2685916_8d1f_95195>
...
040 (8017966.842.000) 2026-06-21 05:54:15 Finished transferring input files
...
001 (8017966.842.000) 2026-06-21 05:54:15 Job executing on host: <128.105.69.34:9618?addrs=128.105.69.34-9618+[2607-f388-2200-100-527c-6fff-fe66-ea4a]-9618&alias=mkhodakgpu4000.chtc.wisc.edu&noUDP&sock=startd_11796_a740>
	SlotName: backfill1_1@mkhodakgpu4000.chtc.wisc.edu
	AvailableGPUs = { GPUs_GPU_c7d03fd0 }
	CondorScratchDir = "/var/lib/condor/execute/slot1/dir_900721/scratch"
	Cpus = 1
	Disk = 16777216
	GPUs = 1
	GPUs_GPU_c7d03fd0 = [ Id = "GPU-c7d03fd0"; Capability = 8.9; DeviceName = "NVIDIA L40S"; DeviceUuid = "c7d03fd0-754e-9df9-8e35-2c63a7b5df74"; ECCEnabled = true; NvidiaDriver = "570.195.03"; DriverVersion = 12.8; DevicePciBusId = "0000:E1:00.0"; GlobalMemoryMb = 45468; MaxSupportedVersion = 12080 ]
	IoHeavy = 0
	Memory = 16384
...
040 (8017966.842.000) 2026-06-21 05:54:18 Started transferring output files
...
040 (8017966.842.000) 2026-06-21 05:54:19 Finished transferring output files
...
004 (8017966.842.000) 2026-06-21 05:54:20 Job was evicted.
	(0) Job terminated and was requeued
		Usr 0 00:00:01, Sys 0 00:00:00  -  Run Remote Usage
		Usr 0 00:00:00, Sys 0 00:00:00  -  Run Local Usage
	437852428  -  Run Bytes Sent By Job
	3221874397  -  Run Bytes Received By Job
	(1) Normal termination (return value 2)
	The job attribute OnExitRemove expression 'NumJobCompletions > JobMaxRetries || ExitCode =?= 0' evaluated to FALSE
...
040 (8017966.842.000) 2026-06-21 05:54:28 Started transferring input files
	Transferring to host: <128.105.68.168:9618?addrs=128.105.68.168-9618+[2607-f388-2200-100-b62e-99ff-feb7-2dcb]-9618&alias=gpulab2003.chtc.wisc.edu&noUDP&sock=slot2_4_11172_6f3f_5829>
...
040 (8017966.842.000) 2026-06-21 05:55:05 Finished transferring input files
...
001 (8017966.842.000) 2026-06-21 05:55:05 Job executing on host: <128.105.68.168:9618?addrs=128.105.68.168-9618+[2607-f388-2200-100-b62e-99ff-feb7-2dcb]-9618&alias=gpulab2003.chtc.wisc.edu&noUDP&sock=startd_10155_1056>
	SlotName: slot2_4@gpulab2003.chtc.wisc.edu
	AvailableGPUs = { GPUs_GPU_61902b82 }
	CondorScratchDir = "/var/lib/condor/execute/slot2/dir_320051/scratch"
	Cpus = 1
	Disk = 16777216
	GPUs = 1
	GPUs_GPU_61902b82 = [ Id = "GPU-61902b82"; Capability = 7.5; DeviceName = "NVIDIA GeForce RTX 2080 Ti"; DeviceUuid = "61902b82-cedb-e4be-d010-bca8829ec79b"; ECCEnabled = false; NvidiaDriver = "570.195.03"; DriverVersion = 12.8; DevicePciBusId = "0000:B2:00.0"; GlobalMemoryMb = 10823; MaxSupportedVersion = 12080 ]
	IoHeavy = 0
	Memory = 16384
...
040 (8017966.842.000) 2026-06-21 05:55:09 Started transferring output files
...
040 (8017966.842.000) 2026-06-21 05:55:11 Finished transferring output files
...
004 (8017966.842.000) 2026-06-21 05:55:11 Job was evicted.
	(0) Job terminated and was requeued
		Usr 0 00:00:03, Sys 0 00:00:00  -  Run Remote Usage
		Usr 0 00:00:00, Sys 0 00:00:00  -  Run Local Usage
	437852414  -  Run Bytes Sent By Job
	3221874397  -  Run Bytes Received By Job
	(1) Normal termination (return value 2)
	The job attribute OnExitRemove expression 'NumJobCompletions > JobMaxRetries || ExitCode =?= 0' evaluated to FALSE
...
040 (8017966.842.000) 2026-06-21 05:55:15 Started transferring input files
	Transferring to host: <128.105.69.63:9618?addrs=128.105.69.63-9618+[2607-f388-2200-100-5aa2-e1ff-febe-455e]-9618&alias=gpu4003.chtc.wisc.edu&noUDP&sock=slot2_1_1549376_4e16_76542>
...
040 (8017966.842.000) 2026-06-21 05:55:30 Finished transferring input files
...
001 (8017966.842.000) 2026-06-21 05:55:30 Job executing on host: <128.105.69.63:9618?addrs=128.105.69.63-9618+[2607-f388-2200-100-5aa2-e1ff-febe-455e]-9618&alias=gpu4003.chtc.wisc.edu&noUDP&sock=startd_3051222_14a9>
	SlotName: slot2_1@gpu4003.chtc.wisc.edu
	AvailableGPUs = { GPUs_GPU_49ae0cec }
	CondorScratchDir = "/var/lib/condor/execute/slot2/dir_729863/scratch"
	Cpus = 1
	Disk = 16777216
	GPUs = 1
	GPUs_GPU_49ae0cec = [ Id = "GPU-49ae0cec"; Capability = 9.0; DeviceName = "NVIDIA H100 80GB HBM3"; DeviceUuid = "49ae0cec-5c88-1713-e476-f592c5ca4c65"; ECCEnabled = true; NvidiaDriver = "570.195.03"; DriverVersion = 12.8; DevicePciBusId = "0000:18:00.0"; GlobalMemoryMb = 81089; MaxSupportedVersion = 12080 ]
	IoHeavy = 0
	Memory = 16384
...
040 (8017966.842.000) 2026-06-21 05:55:33 Started transferring output files
...
040 (8017966.842.000) 2026-06-21 05:55:34 Finished transferring output files
...
004 (8017966.842.000) 2026-06-21 05:55:35 Job was evicted.
	(0) Job terminated and was requeued
		Usr 0 00:00:02, Sys 0 00:00:00  -  Run Remote Usage
		Usr 0 00:00:00, Sys 0 00:00:00  -  Run Local Usage
	437852421  -  Run Bytes Sent By Job
	3221874397  -  Run Bytes Received By Job
	(1) Normal termination (return value 2)
	The job attribute OnExitRemove expression 'NumJobCompletions > JobMaxRetries || ExitCode =?= 0' evaluated to FALSE
...
040 (8017966.842.000) 2026-06-21 05:55:39 Started transferring input files
	Transferring to host: <128.105.69.63:9618?addrs=128.105.69.63-9618+[2607-f388-2200-100-5aa2-e1ff-febe-455e]-9618&alias=gpu4003.chtc.wisc.edu&noUDP&sock=slot2_1_1549376_4e16_76543>
...
040 (8017966.842.000) 2026-06-21 05:55:52 Finished transferring input files
...
001 (8017966.842.000) 2026-06-21 05:55:52 Job executing on host: <128.105.69.63:9618?addrs=128.105.69.63-9618+[2607-f388-2200-100-5aa2-e1ff-febe-455e]-9618&alias=gpu4003.chtc.wisc.edu&noUDP&sock=startd_3051222_14a9>
	SlotName: slot2_1@gpu4003.chtc.wisc.edu
	AvailableGPUs = { GPUs_GPU_49ae0cec }
	CondorScratchDir = "/var/lib/condor/execute/slot2/dir_730454/scratch"
	Cpus = 1
	Disk = 16777216
	GPUs = 1
	GPUs_GPU_49ae0cec = [ Id = "GPU-49ae0cec"; Capability = 9.0; DeviceName = "NVIDIA H100 80GB HBM3"; DeviceUuid = "49ae0cec-5c88-1713-e476-f592c5ca4c65"; ECCEnabled = true; NvidiaDriver = "570.195.03"; DriverVersion = 12.8; DevicePciBusId = "0000:18:00.0"; GlobalMemoryMb = 81089; MaxSupportedVersion = 12080 ]
	IoHeavy = 0
	Memory = 16384
...
040 (8017966.842.000) 2026-06-21 05:55:55 Started transferring output files
...
040 (8017966.842.000) 2026-06-21 05:55:56 Finished transferring output files
...
004 (8017966.842.000) 2026-06-21 05:55:56 Job was evicted.
	(0) Job terminated and was requeued
		Usr 0 00:00:02, Sys 0 00:00:00  -  Run Remote Usage
		Usr 0 00:00:00, Sys 0 00:00:00  -  Run Local Usage
	437852421  -  Run Bytes Sent By Job
	3221874397  -  Run Bytes Received By Job
	(1) Normal termination (return value 2)
	The job attribute OnExitRemove expression 'NumJobCompletions > JobMaxRetries || ExitCode =?= 0' evaluated to FALSE
...
040 (8017966.842.000) 2026-06-21 05:56:02 Started transferring input files
	Transferring to host: <128.104.103.48:9618?addrs=128.104.103.48-9618+[2607-f388-107c-501-ae1f-6bff-fe2c-2f00]-9618&alias=vetsigian0001.chtc.wisc.edu&noUDP&sock=slot2_6_10681_7b0b_8205>
...
040 (8017966.842.000) 2026-06-21 05:56:49 Finished transferring input files
...
001 (8017966.842.000) 2026-06-21 05:56:49 Job executing on host: <128.104.103.48:9618?addrs=128.104.103.48-9618+[2607-f388-107c-501-ae1f-6bff-fe2c-2f00]-9618&alias=vetsigian0001.chtc.wisc.edu&noUDP&sock=startd_9913_126b>
	SlotName: slot2_6@vetsigian0001.chtc.wisc.edu
	AvailableGPUs = { GPUs_GPU_3ebfc45d }
	CondorScratchDir = "/var/lib/condor/execute/slot2/dir_3300076/scratch"
	Cpus = 1
	Disk = 16777216
	GPUs = 1
	GPUs_GPU_3ebfc45d = [ Id = "GPU-3ebfc45d"; Capability = 7.5; DeviceName = "NVIDIA GeForce RTX 2080 Ti"; DeviceUuid = "3ebfc45d-6ddf-8adb-378a-d31377acded0"; ECCEnabled = false; NvidiaDriver = "550.54.14"; DriverVersion = 12.4; DevicePciBusId = "0000:89:00.0"; GlobalMemoryMb = 11004; MaxSupportedVersion = 12040 ]
	IoHeavy = 0
	Memory = 16384
...
040 (8017966.842.000) 2026-06-21 05:56:54 Started transferring output files
...
040 (8017966.842.000) 2026-06-21 05:56:55 Finished transferring output files
...
004 (8017966.842.000) 2026-06-21 05:56:55 Job was evicted.
	(0) Job terminated and was requeued
		Usr 0 00:00:03, Sys 0 00:00:00  -  Run Remote Usage
		Usr 0 00:00:00, Sys 0 00:00:00  -  Run Local Usage
	437852427  -  Run Bytes Sent By Job
	3221874397  -  Run Bytes Received By Job
	(1) Normal termination (return value 2)
	The job attribute OnExitRemove expression 'NumJobCompletions > JobMaxRetries || ExitCode =?= 0' evaluated to FALSE
...
040 (8017966.842.000) 2026-06-21 05:56:57 Started transferring input files
	Transferring to host: <128.105.68.117:9618?addrs=128.105.68.117-9618+[2607-f388-2200-100-7ec2-55ff-fe9a-b4fa]-9618&alias=gpu4000.chtc.wisc.edu&noUDP&sock=slot2_7_1956795_d8ee_83093>
...
040 (8017966.842.000) 2026-06-21 05:57:11 Finished transferring input files
...
001 (8017966.842.000) 2026-06-21 05:57:11 Job executing on host: <128.105.68.117:9618?addrs=128.105.68.117-9618+[2607-f388-2200-100-7ec2-55ff-fe9a-b4fa]-9618&alias=gpu4000.chtc.wisc.edu&noUDP&sock=startd_674379_7ae3>
	SlotName: slot2_7@gpu4000.chtc.wisc.edu
	AvailableGPUs = { GPUs_GPU_865b3474 }
	CondorScratchDir = "/var/lib/condor/execute/slot2/dir_170694/scratch"
	Cpus = 1
	Disk = 16777216
	GPUs = 1
	GPUs_GPU_865b3474 = [ Id = "GPU-865b3474"; Capability = 8.9; DeviceName = "NVIDIA L40"; DeviceUuid = "865b3474-f121-b6b4-0ada-3ea18a1ac4dc"; ECCEnabled = true; NvidiaDriver = "570.195.03"; DriverVersion = 12.8; DevicePciBusId = "0000:D1:00.0"; GlobalMemoryMb = 45468; MaxSupportedVersion = 12080 ]
	IoHeavy = 0
	Memory = 16384
...
040 (8017966.842.000) 2026-06-21 05:57:15 Started transferring output files
...
040 (8017966.842.000) 2026-06-21 05:57:16 Finished transferring output files
...
004 (8017966.842.000) 2026-06-21 05:57:16 Job was evicted.
	(0) Job terminated and was requeued
		Usr 0 00:00:02, Sys 0 00:00:00  -  Run Remote Usage
		Usr 0 00:00:00, Sys 0 00:00:00  -  Run Local Usage
	437852421  -  Run Bytes Sent By Job
	3221874397  -  Run Bytes Received By Job
	(1) Normal termination (return value 2)
	The job attribute OnExitRemove expression 'NumJobCompletions > JobMaxRetries || ExitCode =?= 0' evaluated to FALSE
...
040 (8017966.842.000) 2026-06-21 05:57:32 Started transferring input files
	Transferring to host: <141.142.150.75:25967?CCBID=128.105.82.148:9618%3faddrs%3d128.105.82.148-9618+[2607-f388-2200-9d-7ccb-bc08-2489-768a]-9618%26alias%3dospool-ccb.osg.chtc.io%26noUDP%26sock%3dcollector9#4310260%2067.58.49.91:9618%3faddrs%3d67.58.49.91-9618+[fdf0-17b3-c3ec-1f79-10-0-e-b69d]-9618%26alias%3dccb-2.ospool.osg-htc.org%26noUDP%26sock%3dcollector3#4300682&PrivNet=rails05&addrs=141.142.150.75-25967+[fde1-53ba-e9a0-de11-3135-9cf5-3311-5cc2]-25967&alias=rails05&noUDP>
...
040 (8017966.842.000) 2026-06-21 05:57:46 Finished transferring input files
...
021 (8017966.842.000) 2026-06-21 05:57:47 Message from starter on slot1_1@glidein_2626835_365211279@rails05:
	PREPARE_JOB (prepare-hook) succeeded (reported status 000): Using Singularity image openfe_1.11.1.sif
...
001 (8017966.842.000) 2026-06-21 05:57:47 Job executing on host: <141.142.150.75:11803?CCBID=128.105.82.148:9618%3faddrs%3d128.105.82.148-9618+[2607-f388-2200-9d-7ccb-bc08-2489-768a]-9618%26alias%3dospool-ccb.osg.chtc.io%26noUDP%26sock%3dcollector3#4294406%2067.58.49.91:9618%3faddrs%3d67.58.49.91-9618+[fdf0-17b3-c3ec-1f79-10-0-e-b69d]-9618%26alias%3dccb-2.ospool.osg-htc.org%26noUDP%26sock%3dcollector3#4283188&PrivNet=rails05&addrs=141.142.150.75-11803+[fde1-53ba-e9a0-de11-3135-9cf5-3311-5cc2]-11803&alias=rails05&noUDP>
	SlotName: slot1_1@glidein_2626835_365211279@rails05
	AvailableGPUs = { GPUs_GPU_09ed6e61 }
	CondorScratchDir = "/projects/bcxl/svcosguser/glide_OfoC3Y/execute/dir_2947880/scratch"
	Cpus = 1
	Disk = 16777216
	GPUs = 1
	GPUs_GPU_09ed6e61 = [ Id = "GPU-09ed6e61"; ClockMhz = 1980.0; Capability = 9.0; CoresPerCU = 128; DeviceName = "NVIDIA H100 80GB HBM3"; DeviceUuid = "09ed6e61-5e7b-6593-d68f-1ece7eedc425"; ECCEnabled = true; ComputeUnits = 132; NvidiaDriver = "590.48.01"; DriverVersion = 13.1; DevicePciBusId = "0000:19:00.0"; GlobalMemoryMb = 81081; MaxSupportedVersion = 13010 ]
	Memory = 16384
...
040 (8017966.842.000) 2026-06-21 05:57:52 Started transferring output files
...
040 (8017966.842.000) 2026-06-21 06:02:42 Finished transferring output files
...
004 (8017966.842.000) 2026-06-21 06:02:42 Job was evicted.
	(0) Job terminated and was requeued
		Usr 0 00:00:00, Sys 0 00:00:00  -  Run Remote Usage
		Usr 0 00:00:00, Sys 0 00:00:00  -  Run Local Usage
	437852440  -  Run Bytes Sent By Job
	3221874397  -  Run Bytes Received By Job
	(1) Normal termination (return value 2)
	The job attribute OnExitRemove expression 'NumJobCompletions > JobMaxRetries || ExitCode =?= 0' evaluated to FALSE
...
040 (8017966.842.000) 2026-06-21 06:02:52 Started transferring input files
	Transferring to host: <128.105.68.117:9618?addrs=128.105.68.117-9618+[2607-f388-2200-100-7ec2-55ff-fe9a-b4fa]-9618&alias=gpu4000.chtc.wisc.edu&noUDP&sock=slot2_10_1956795_d8ee_83133>
...
040 (8017966.842.000) 2026-06-21 06:03:05 Finished transferring input files
...
001 (8017966.842.000) 2026-06-21 06:03:05 Job executing on host: <128.105.68.117:9618?addrs=128.105.68.117-9618+[2607-f388-2200-100-7ec2-55ff-fe9a-b4fa]-9618&alias=gpu4000.chtc.wisc.edu&noUDP&sock=startd_674379_7ae3>
	SlotName: slot2_10@gpu4000.chtc.wisc.edu
	AvailableGPUs = { GPUs_GPU_884cf7fc }
	CondorScratchDir = "/var/lib/condor/execute/slot2/dir_182493/scratch"
	Cpus = 1
	Disk = 16777216
	GPUs = 1
	GPUs_GPU_884cf7fc = [ Id = "GPU-884cf7fc"; Capability = 8.9; DeviceName = "NVIDIA L40"; DeviceUuid = "884cf7fc-eee7-e5a3-b686-b605e807854a"; ECCEnabled = true; NvidiaDriver = "570.195.03"; DriverVersion = 12.8; DevicePciBusId = "0000:D6:00.0"; GlobalMemoryMb = 45468; MaxSupportedVersion = 12080 ]
	IoHeavy = 0
	Memory = 16384
...
040 (8017966.842.000) 2026-06-21 06:03:08 Started transferring output files
...
040 (8017966.842.000) 2026-06-21 06:03:09 Finished transferring output files
...
004 (8017966.842.000) 2026-06-21 06:03:10 Job was evicted.
	(0) Job terminated and was requeued
		Usr 0 00:00:02, Sys 0 00:00:00  -  Run Remote Usage
		Usr 0 00:00:00, Sys 0 00:00:00  -  Run Local Usage
	437852421  -  Run Bytes Sent By Job
	3221874397  -  Run Bytes Received By Job
	(1) Normal termination (return value 2)
	The job attribute OnExitRemove expression 'NumJobCompletions > JobMaxRetries || ExitCode =?= 0' evaluated to FALSE
...
040 (8017966.842.000) 2026-06-21 06:03:16 Started transferring input files
	Transferring to host: <10.1.1.133:32881?CCBID=128.105.82.148:9618%3faddrs%3d128.105.82.148-9618+[2607-f388-2200-9d-7ccb-bc08-2489-768a]-9618%26alias%3dospool-ccb.osg.chtc.io%26noUDP%26sock%3dcollector4#4310466%2067.58.49.91:9618%3faddrs%3d67.58.49.91-9618+[fdf0-17b3-c3ec-1f79-10-0-e-b69d]-9618%26alias%3dccb-2.ospool.osg-htc.org%26noUDP%26sock%3dcollector10#4303829&PrivNet=gpu03&addrs=10.1.1.133-32881&alias=gpu03&noUDP>
...
040 (8017966.842.000) 2026-06-21 06:03:42 Finished transferring input files
...
021 (8017966.842.000) 2026-06-21 06:03:42 Message from starter on slot1_4@glidein_3062367_187566720@gpu03:
	PREPARE_JOB (prepare-hook) succeeded (reported status 000): Using Singularity image openfe_1.11.1.sif
...
001 (8017966.842.000) 2026-06-21 06:03:42 Job executing on host: <10.1.1.133:36499?CCBID=128.105.82.148:9618%3faddrs%3d128.105.82.148-9618+[2607-f388-2200-9d-7ccb-bc08-2489-768a]-9618%26alias%3dospool-ccb.osg.chtc.io%26noUDP%26sock%3dcollector2#4290611%2067.58.49.91:9618%3faddrs%3d67.58.49.91-9618+[fdf0-17b3-c3ec-1f79-10-0-e-b69d]-9618%26alias%3dccb-2.ospool.osg-htc.org%26noUDP%26sock%3dcollector8#4288469&PrivNet=gpu03&addrs=10.1.1.133-36499&alias=gpu03&noUDP>
	SlotName: slot1_4@glidein_3062367_187566720@gpu03
	AvailableGPUs = { GPUs_GPU_a577ded9 }
	CondorScratchDir = "/tmp/glide_axJLUa/execute/dir_3299581/scratch"
	Cpus = 1
	Disk = 16777216
	GPUs = 1
	GPUs_GPU_a577ded9 = [ Id = "GPU-a577ded9"; ClockMhz = 1740.0; Capability = 8.6; CoresPerCU = 128; DeviceName = "NVIDIA A40"; DeviceUuid = "a577ded9-0266-6f44-c3a0-a852730750bb"; ECCEnabled = true; ComputeUnits = 84; NvidiaDriver = "595.71.05"; DriverVersion = 13.2; DevicePciBusId = "0000:C1:00.0"; GlobalMemoryMb = 45739; MaxSupportedVersion = 13020 ]
	Memory = 16384
...
040 (8017966.842.000) 2026-06-21 06:03:47 Started transferring output files
...
040 (8017966.842.000) 2026-06-21 06:03:57 Finished transferring output files
...
005 (8017966.842.000) 2026-06-21 06:03:58 Job terminated.
	(1) Normal termination (return value 2)
		Usr 0 00:00:00, Sys 0 00:00:00  -  Run Remote Usage
		Usr 0 00:00:00, Sys 0 00:00:00  -  Run Local Usage
		Usr 0 00:57:34, Sys 0 00:01:02  -  Total Remote Usage
		Usr 0 00:00:00, Sys 0 00:00:00  -  Total Local Usage
	437852526  -  Run Bytes Sent By Job
	3221874397  -  Run Bytes Received By Job
	4816396460  -  Total Bytes Sent By Job
	35002766434  -  Total Bytes Received By Job
	Partitionable Resources :    Usage  Request Allocated Assigned
	   Cpus                 :        0        1         1 
	   Disk (KB)            :  3146502 16777216  16777216 
	   GPUs                 :        0        1         1 "GPU-a577ded9"
	   Memory (MB)          :     7325    16384     16384 
	   TimeExecute (s)      :        4                    
	   TimeSlotBusy (s)     :       42                    
...
