000 (8018100.324.000) 2026-06-21 13:37:20 Job submitted from host: <128.105.68.112:9618?addrs=128.105.68.112-9618+[2607-f388-2200-100-eaeb-d3ff-fea3-4202]-9618&alias=ap2001.chtc.wisc.edu&noUDP&sock=schedd_4071840_2329>
...
040 (8018100.324.000) 2026-06-21 16:23:03 Started transferring input files
	Transferring to host: <128.105.76.47:9618?addrs=128.105.76.47-9618+[2607-f388-2200-100-527c-6fff-fe82-826a]-9618&alias=gpu4006.chtc.wisc.edu&noUDP&sock=slot2_1_2618986_4fbd_88539>
...
040 (8018100.324.000) 2026-06-21 16:23:11 Finished transferring input files
...
001 (8018100.324.000) 2026-06-21 16:23:11 Job executing on host: <128.105.76.47:9618?addrs=128.105.76.47-9618+[2607-f388-2200-100-527c-6fff-fe82-826a]-9618&alias=gpu4006.chtc.wisc.edu&noUDP&sock=startd_11220_90b3>
	SlotName: slot2_1@gpu4006.chtc.wisc.edu
	AvailableGPUs = { GPUs_GPU_66dc2611 }
	CondorScratchDir = "/var/lib/condor/execute/slot2/dir_2962299/scratch"
	Cpus = 1
	Disk = 16777216
	GPUs = 1
	GPUs_GPU_66dc2611 = [ Id = "GPU-66dc2611"; Capability = 8.9; DeviceName = "NVIDIA L40S"; DeviceUuid = "66dc2611-e8d4-150f-8e9c-de925917bc63"; ECCEnabled = true; NvidiaDriver = "590.48.01"; DriverVersion = 13.1; DevicePciBusId = "0000:01:00.0"; GlobalMemoryMb = 45460; MaxSupportedVersion = 13010 ]
	IoHeavy = 0
	Memory = 16384
...
006 (8018100.324.000) 2026-06-21 16:23:13 Image size of job updated: 84
	0  -  MemoryUsage of job (MB)
	0  -  ResidentSetSize of job (KB)
...
040 (8018100.324.000) 2026-06-21 16:23:13 Started transferring output files
...
040 (8018100.324.000) 2026-06-21 16:23:13 Finished transferring output files
...
004 (8018100.324.000) 2026-06-21 16:23:14 Job was evicted.
	(0) Job terminated and was requeued
		Usr 0 00:00:01, Sys 0 00:00:00  -  Run Remote Usage
		Usr 0 00:00:00, Sys 0 00:00:00  -  Run Local Usage
	458  -  Run Bytes Sent By Job
	2782683181  -  Run Bytes Received By Job
	(1) Normal termination (return value 2)
	The job attribute OnExitRemove expression 'NumJobCompletions > JobMaxRetries || ExitCode =?= 0' evaluated to FALSE
...
040 (8018100.324.000) 2026-06-21 16:27:23 Started transferring input files
	Transferring to host: <128.105.68.129:9618?addrs=128.105.68.129-9618+[2607-f388-2200-100-7e8c-9ff-fee9-7284]-9618&alias=gchrysosgpu4000.chtc.wisc.edu&noUDP&sock=backfill1_2_11538_508e_5800>
...
040 (8018100.324.000) 2026-06-21 16:27:32 Finished transferring input files
...
001 (8018100.324.000) 2026-06-21 16:27:32 Job executing on host: <128.105.68.129:9618?addrs=128.105.68.129-9618+[2607-f388-2200-100-7e8c-9ff-fee9-7284]-9618&alias=gchrysosgpu4000.chtc.wisc.edu&noUDP&sock=startd_11234_2b06>
	SlotName: backfill1_2@gchrysosgpu4000.chtc.wisc.edu
	AvailableGPUs = { GPUs_GPU_70b8040c }
	CondorScratchDir = "/var/lib/condor/execute/slot1/dir_3031948/scratch"
	Cpus = 1
	Disk = 16777216
	GPUs = 1
	GPUs_GPU_70b8040c = [ Id = "GPU-70b8040c"; Capability = 8.9; DeviceName = "NVIDIA L40S"; DeviceUuid = "70b8040c-34b1-e6a8-a211-40a486d1ed48"; ECCEnabled = true; NvidiaDriver = "570.195.03"; DriverVersion = 12.8; DevicePciBusId = "0000:C0:00.0"; GlobalMemoryMb = 45468; MaxSupportedVersion = 12080 ]
	IoHeavy = 0
	Memory = 16384
...
006 (8018100.324.000) 2026-06-21 16:27:35 Image size of job updated: 196
	0  -  MemoryUsage of job (MB)
	0  -  ResidentSetSize of job (KB)
...
040 (8018100.324.000) 2026-06-21 16:27:35 Started transferring output files
...
040 (8018100.324.000) 2026-06-21 16:27:35 Finished transferring output files
...
004 (8018100.324.000) 2026-06-21 16:27:36 Job was evicted.
	(0) Job terminated and was requeued
		Usr 0 00:00:01, Sys 0 00:00:00  -  Run Remote Usage
		Usr 0 00:00:00, Sys 0 00:00:00  -  Run Local Usage
	452  -  Run Bytes Sent By Job
	2782683181  -  Run Bytes Received By Job
	(1) Normal termination (return value 2)
	The job attribute OnExitRemove expression 'NumJobCompletions > JobMaxRetries || ExitCode =?= 0' evaluated to FALSE
...
040 (8018100.324.000) 2026-06-21 16:29:30 Started transferring input files
	Transferring to host: <128.105.76.51:9618?addrs=128.105.76.51-9618+[2607-f388-2200-100-925a-8ff-fe34-15b6]-9618&alias=zliu-chtcgpu5000.chtc.wisc.edu&noUDP&sock=backfill1_5_98764_ec29_38646>
...
040 (8018100.324.000) 2026-06-21 16:29:54 Finished transferring input files
...
001 (8018100.324.000) 2026-06-21 16:29:54 Job executing on host: <128.105.76.51:9618?addrs=128.105.76.51-9618+[2607-f388-2200-100-925a-8ff-fe34-15b6]-9618&alias=zliu-chtcgpu5000.chtc.wisc.edu&noUDP&sock=startd_98388_901b>
	SlotName: backfill1_5@zliu-chtcgpu5000.chtc.wisc.edu
	AvailableGPUs = { GPUs_GPU_b461f91e }
	CondorScratchDir = "/var/lib/condor/execute/slot1/dir_3620484/scratch"
	Cpus = 1
	Disk = 16777216
	GPUs = 1
	GPUs_GPU_b461f91e = [ Id = "GPU-b461f91e"; Capability = 8.9; DeviceName = "NVIDIA L40S"; DeviceUuid = "b461f91e-76c3-db55-2514-d420e82252f3"; ECCEnabled = true; NvidiaDriver = "590.48.01"; DriverVersion = 13.1; DevicePciBusId = "0000:01:00.0"; GlobalMemoryMb = 45460; MaxSupportedVersion = 13010 ]
	IoHeavy = 0
	Memory = 16384
...
040 (8018100.324.000) 2026-06-21 16:29:57 Started transferring output files
...
040 (8018100.324.000) 2026-06-21 16:29:57 Finished transferring output files
...
004 (8018100.324.000) 2026-06-21 16:29:57 Job was evicted.
	(0) Job terminated and was requeued
		Usr 0 00:00:01, Sys 0 00:00:00  -  Run Remote Usage
		Usr 0 00:00:00, Sys 0 00:00:00  -  Run Local Usage
	467  -  Run Bytes Sent By Job
	2782683181  -  Run Bytes Received By Job
	(1) Normal termination (return value 2)
	The job attribute OnExitRemove expression 'NumJobCompletions > JobMaxRetries || ExitCode =?= 0' evaluated to FALSE
...
040 (8018100.324.000) 2026-06-21 16:31:55 Started transferring input files
	Transferring to host: <128.105.69.63:9618?addrs=128.105.69.63-9618+[2607-f388-2200-100-5aa2-e1ff-febe-455e]-9618&alias=gpu4003.chtc.wisc.edu&noUDP&sock=slot2_8_1549376_4e16_77772>
...
040 (8018100.324.000) 2026-06-21 16:32:13 Finished transferring input files
...
001 (8018100.324.000) 2026-06-21 16:32:13 Job executing on host: <128.105.69.63:9618?addrs=128.105.69.63-9618+[2607-f388-2200-100-5aa2-e1ff-febe-455e]-9618&alias=gpu4003.chtc.wisc.edu&noUDP&sock=startd_3051222_14a9>
	SlotName: slot2_8@gpu4003.chtc.wisc.edu
	AvailableGPUs = { GPUs_GPU_d9edf92c }
	CondorScratchDir = "/var/lib/condor/execute/slot2/dir_1433504/scratch"
	Cpus = 1
	Disk = 16777216
	GPUs = 1
	GPUs_GPU_d9edf92c = [ Id = "GPU-d9edf92c"; Capability = 9.0; DeviceName = "NVIDIA H100 80GB HBM3"; DeviceUuid = "d9edf92c-50c2-1c6a-fcb3-fdfeff4a708a"; ECCEnabled = true; NvidiaDriver = "570.195.03"; DriverVersion = 12.8; DevicePciBusId = "0000:5D:00.0"; GlobalMemoryMb = 81089; MaxSupportedVersion = 12080 ]
	IoHeavy = 0
	Memory = 16384
...
006 (8018100.324.000) 2026-06-21 16:32:16 Image size of job updated: 596
	0  -  MemoryUsage of job (MB)
	0  -  ResidentSetSize of job (KB)
...
040 (8018100.324.000) 2026-06-21 16:32:16 Started transferring output files
...
040 (8018100.324.000) 2026-06-21 16:32:16 Finished transferring output files
...
004 (8018100.324.000) 2026-06-21 16:32:17 Job was evicted.
	(0) Job terminated and was requeued
		Usr 0 00:00:01, Sys 0 00:00:00  -  Run Remote Usage
		Usr 0 00:00:00, Sys 0 00:00:00  -  Run Local Usage
	444  -  Run Bytes Sent By Job
	2782683181  -  Run Bytes Received By Job
	(1) Normal termination (return value 2)
	The job attribute OnExitRemove expression 'NumJobCompletions > JobMaxRetries || ExitCode =?= 0' evaluated to FALSE
...
040 (8018100.324.000) 2026-06-21 16:34:08 Started transferring input files
	Transferring to host: <128.104.100.17:9618?addrs=128.104.100.17-9618+[2607-f388-107c-501-527c-6fff-fe66-e9bc]-9618&alias=jcaicedogpu0002.chtc.wisc.edu&noUDP&sock=backfill1_5_2855957_d182_90581>
...
040 (8018100.324.000) 2026-06-21 16:34:41 Finished transferring input files
...
001 (8018100.324.000) 2026-06-21 16:34:41 Job executing on host: <128.104.100.17:9618?addrs=128.104.100.17-9618+[2607-f388-107c-501-527c-6fff-fe66-e9bc]-9618&alias=jcaicedogpu0002.chtc.wisc.edu&noUDP&sock=startd_11788_2a7e>
	SlotName: backfill1_5@jcaicedogpu0002.chtc.wisc.edu
	AvailableGPUs = { GPUs_GPU_08a5b939 }
	CondorScratchDir = "/var/lib/condor/execute/slot1/dir_2297367/scratch"
	Cpus = 1
	Disk = 16777216
	GPUs = 1
	GPUs_GPU_08a5b939 = [ Id = "GPU-08a5b939"; Capability = 8.9; DeviceName = "NVIDIA L40S"; DeviceUuid = "08a5b939-655e-40a7-6b01-cda6523b41b0"; ECCEnabled = true; NvidiaDriver = "570.195.03"; DriverVersion = 12.8; DevicePciBusId = "0000:63:00.0"; GlobalMemoryMb = 45468; MaxSupportedVersion = 12080 ]
	IoHeavy = 0
	Memory = 16384
...
040 (8018100.324.000) 2026-06-21 16:34:44 Started transferring output files
...
040 (8018100.324.000) 2026-06-21 16:34:44 Finished transferring output files
...
004 (8018100.324.000) 2026-06-21 16:34:45 Job was evicted.
	(0) Job terminated and was requeued
		Usr 0 00:00:01, Sys 0 00:00:00  -  Run Remote Usage
		Usr 0 00:00:00, Sys 0 00:00:00  -  Run Local Usage
	452  -  Run Bytes Sent By Job
	2782683181  -  Run Bytes Received By Job
	(1) Normal termination (return value 2)
	The job attribute OnExitRemove expression 'NumJobCompletions > JobMaxRetries || ExitCode =?= 0' evaluated to FALSE
...
040 (8018100.324.000) 2026-06-21 16:36:39 Started transferring input files
	Transferring to host: <128.105.76.51:9618?addrs=128.105.76.51-9618+[2607-f388-2200-100-925a-8ff-fe34-15b6]-9618&alias=zliu-chtcgpu5000.chtc.wisc.edu&noUDP&sock=backfill1_1_98764_ec29_38653>
...
040 (8018100.324.000) 2026-06-21 16:37:26 Finished transferring input files
...
001 (8018100.324.000) 2026-06-21 16:37:26 Job executing on host: <128.105.76.51:9618?addrs=128.105.76.51-9618+[2607-f388-2200-100-925a-8ff-fe34-15b6]-9618&alias=zliu-chtcgpu5000.chtc.wisc.edu&noUDP&sock=startd_98388_901b>
	SlotName: backfill1_1@zliu-chtcgpu5000.chtc.wisc.edu
	AvailableGPUs = { GPUs_GPU_2289d528 }
	CondorScratchDir = "/var/lib/condor/execute/slot1/dir_3622115/scratch"
	Cpus = 1
	Disk = 16777216
	GPUs = 1
	GPUs_GPU_2289d528 = [ Id = "GPU-2289d528"; Capability = 8.9; DeviceName = "NVIDIA L40S"; DeviceUuid = "2289d528-ae79-70d4-5610-0af3bd4d62ed"; ECCEnabled = true; NvidiaDriver = "590.48.01"; DriverVersion = 13.1; DevicePciBusId = "0000:C1:00.0"; GlobalMemoryMb = 45460; MaxSupportedVersion = 13010 ]
	IoHeavy = 0
	Memory = 16384
...
040 (8018100.324.000) 2026-06-21 16:37:28 Started transferring output files
...
040 (8018100.324.000) 2026-06-21 16:37:28 Finished transferring output files
...
004 (8018100.324.000) 2026-06-21 16:37:29 Job was evicted.
	(0) Job terminated and was requeued
		Usr 0 00:00:01, Sys 0 00:00:00  -  Run Remote Usage
		Usr 0 00:00:00, Sys 0 00:00:00  -  Run Local Usage
	467  -  Run Bytes Sent By Job
	2782683181  -  Run Bytes Received By Job
	(1) Normal termination (return value 2)
	The job attribute OnExitRemove expression 'NumJobCompletions > JobMaxRetries || ExitCode =?= 0' evaluated to FALSE
...
040 (8018100.324.000) 2026-06-21 16:38:51 Started transferring input files
	Transferring to host: <128.104.100.52:9618?addrs=128.104.100.52-9618+[2607-f388-107c-501-7ec2-55ff-fe99-a48c]-9618&alias=jcaicedogpu0000.chtc.wisc.edu&noUDP&sock=backfill1_5_12267_f60c_9753>
...
040 (8018100.324.000) 2026-06-21 16:39:14 Finished transferring input files
...
001 (8018100.324.000) 2026-06-21 16:39:14 Job executing on host: <128.104.100.52:9618?addrs=128.104.100.52-9618+[2607-f388-107c-501-7ec2-55ff-fe99-a48c]-9618&alias=jcaicedogpu0000.chtc.wisc.edu&noUDP&sock=startd_10725_0952>
	SlotName: backfill1_5@jcaicedogpu0000.chtc.wisc.edu
	AvailableGPUs = { GPUs_GPU_961f052f }
	CondorScratchDir = "/var/lib/condor/execute/slot1/dir_3508355/scratch"
	Cpus = 1
	Disk = 16777216
	GPUs = 1
	GPUs_GPU_961f052f = [ Id = "GPU-961f052f"; Capability = 8.9; DeviceName = "NVIDIA L40"; DeviceUuid = "961f052f-3138-f8c4-62a4-4e7011f9fb90"; ECCEnabled = true; NvidiaDriver = "570.195.03"; DriverVersion = 12.8; DevicePciBusId = "0000:CE:00.0"; GlobalMemoryMb = 45468; MaxSupportedVersion = 12080 ]
	IoHeavy = 0
	Memory = 16384
...
040 (8018100.324.000) 2026-06-21 16:39:17 Started transferring output files
...
040 (8018100.324.000) 2026-06-21 16:39:17 Finished transferring output files
...
004 (8018100.324.000) 2026-06-21 16:39:17 Job was evicted.
	(0) Job terminated and was requeued
		Usr 0 00:00:02, Sys 0 00:00:00  -  Run Remote Usage
		Usr 0 00:00:00, Sys 0 00:00:00  -  Run Local Usage
	452  -  Run Bytes Sent By Job
	2782683181  -  Run Bytes Received By Job
	(1) Normal termination (return value 2)
	The job attribute OnExitRemove expression 'NumJobCompletions > JobMaxRetries || ExitCode =?= 0' evaluated to FALSE
...
040 (8018100.324.000) 2026-06-21 16:39:46 Started transferring input files
	Transferring to host: <128.105.68.103:9618?addrs=128.105.68.103-9618+[2607-f388-2200-100-1270-fdff-fe74-930]-9618&alias=gpu2011.chtc.wisc.edu&noUDP&sock=slot2_6_3669582_3c1f_87400>
...
040 (8018100.324.000) 2026-06-21 16:39:58 Finished transferring input files
...
001 (8018100.324.000) 2026-06-21 16:39:58 Job executing on host: <128.105.68.103:9618?addrs=128.105.68.103-9618+[2607-f388-2200-100-1270-fdff-fe74-930]-9618&alias=gpu2011.chtc.wisc.edu&noUDP&sock=startd_12054_9eaf>
	SlotName: slot2_6@gpu2011.chtc.wisc.edu
	AvailableGPUs = { GPUs_MIG_c228c0c4_74b2_548e_864a_467aab09c576 }
	CondorScratchDir = "/var/lib/condor/execute/slot2/dir_3630322/scratch"
	Cpus = 1
	Disk = 16777216
	GPUs = 1
	GPUs_MIG_c228c0c4_74b2_548e_864a_467aab09c576 = [ Id = "MIG-c228c0c4-74b2-548e-864a-467aab09c576"; Capability = 8.0; DeviceName = "NVIDIA A100-SXM4-80GB MIG 3g.40gb"; DeviceUuid = "MIG-c228c0c4-74b2-548e-864a-467aab09c576"; ECCEnabled = true; NvidiaDriver = "570.195.03"; DriverVersion = 12.8; DevicePciBusId = "0000:C1:00.0"; GlobalMemoryMb = 40100; MaxSupportedVersion = 12080 ]
	IoHeavy = 0
	Memory = 16384
...
040 (8018100.324.000) 2026-06-21 16:40:02 Started transferring output files
...
040 (8018100.324.000) 2026-06-21 16:40:02 Finished transferring output files
...
004 (8018100.324.000) 2026-06-21 16:40:02 Job was evicted.
	(0) Job terminated and was requeued
		Usr 0 00:00:01, Sys 0 00:00:00  -  Run Remote Usage
		Usr 0 00:00:00, Sys 0 00:00:00  -  Run Local Usage
	444  -  Run Bytes Sent By Job
	2782683181  -  Run Bytes Received By Job
	(1) Normal termination (return value 2)
	The job attribute OnExitRemove expression 'NumJobCompletions > JobMaxRetries || ExitCode =?= 0' evaluated to FALSE
...
040 (8018100.324.000) 2026-06-21 16:40:19 Started transferring input files
	Transferring to host: <128.105.69.63:9618?addrs=128.105.69.63-9618+[2607-f388-2200-100-5aa2-e1ff-febe-455e]-9618&alias=gpu4003.chtc.wisc.edu&noUDP&sock=slot2_8_1549376_4e16_77808>
...
040 (8018100.324.000) 2026-06-21 16:40:30 Finished transferring input files
...
001 (8018100.324.000) 2026-06-21 16:40:30 Job executing on host: <128.105.69.63:9618?addrs=128.105.69.63-9618+[2607-f388-2200-100-5aa2-e1ff-febe-455e]-9618&alias=gpu4003.chtc.wisc.edu&noUDP&sock=startd_3051222_14a9>
	SlotName: slot2_8@gpu4003.chtc.wisc.edu
	AvailableGPUs = { GPUs_GPU_d9edf92c }
	CondorScratchDir = "/var/lib/condor/execute/slot2/dir_1446182/scratch"
	Cpus = 1
	Disk = 16777216
	GPUs = 1
	GPUs_GPU_d9edf92c = [ Id = "GPU-d9edf92c"; Capability = 9.0; DeviceName = "NVIDIA H100 80GB HBM3"; DeviceUuid = "d9edf92c-50c2-1c6a-fcb3-fdfeff4a708a"; ECCEnabled = true; NvidiaDriver = "570.195.03"; DriverVersion = 12.8; DevicePciBusId = "0000:5D:00.0"; GlobalMemoryMb = 81089; MaxSupportedVersion = 12080 ]
	IoHeavy = 0
	Memory = 16384
...
006 (8018100.324.000) 2026-06-21 16:40:34 Image size of job updated: 932
	0  -  MemoryUsage of job (MB)
	0  -  ResidentSetSize of job (KB)
...
040 (8018100.324.000) 2026-06-21 16:40:34 Started transferring output files
...
040 (8018100.324.000) 2026-06-21 16:40:34 Finished transferring output files
...
004 (8018100.324.000) 2026-06-21 16:40:34 Job was evicted.
	(0) Job terminated and was requeued
		Usr 0 00:00:02, Sys 0 00:00:00  -  Run Remote Usage
		Usr 0 00:00:00, Sys 0 00:00:00  -  Run Local Usage
	444  -  Run Bytes Sent By Job
	2782683181  -  Run Bytes Received By Job
	(1) Normal termination (return value 2)
	The job attribute OnExitRemove expression 'NumJobCompletions > JobMaxRetries || ExitCode =?= 0' evaluated to FALSE
...
040 (8018100.324.000) 2026-06-21 16:40:44 Started transferring input files
	Transferring to host: <128.105.68.102:9618?addrs=128.105.68.102-9618+[2607-f388-2200-100-1270-fdff-fe74-920]-9618&alias=gpu2010.chtc.wisc.edu&noUDP&sock=slot2_1_2570277_6a21_73462>
...
040 (8018100.324.000) 2026-06-21 16:41:16 Finished transferring input files
...
001 (8018100.324.000) 2026-06-21 16:41:17 Job executing on host: <128.105.68.102:9618?addrs=128.105.68.102-9618+[2607-f388-2200-100-1270-fdff-fe74-920]-9618&alias=gpu2010.chtc.wisc.edu&noUDP&sock=startd_12400_f274>
	SlotName: slot2_1@gpu2010.chtc.wisc.edu
	AvailableGPUs = { GPUs_GPU_ebb6cfb4 }
	CondorScratchDir = "/var/lib/condor/execute/slot2/dir_3046952/scratch"
	Cpus = 1
	Disk = 16777216
	GPUs = 1
	GPUs_GPU_ebb6cfb4 = [ Id = "GPU-ebb6cfb4"; Capability = 8.0; DeviceName = "NVIDIA A100-SXM4-80GB"; DeviceUuid = "ebb6cfb4-dd3e-9883-e9ad-6ddb1e1276f9"; ECCEnabled = true; NvidiaDriver = "570.195.03"; DriverVersion = 12.8; DevicePciBusId = "0000:01:00.0"; GlobalMemoryMb = 81154; MaxSupportedVersion = 12080 ]
	IoHeavy = 0
	Memory = 16384
...
040 (8018100.324.000) 2026-06-21 16:41:20 Started transferring output files
...
040 (8018100.324.000) 2026-06-21 16:41:20 Finished transferring output files
...
004 (8018100.324.000) 2026-06-21 16:41:21 Job was evicted.
	(0) Job terminated and was requeued
		Usr 0 00:00:02, Sys 0 00:00:00  -  Run Remote Usage
		Usr 0 00:00:00, Sys 0 00:00:00  -  Run Local Usage
	444  -  Run Bytes Sent By Job
	2782683181  -  Run Bytes Received By Job
	(1) Normal termination (return value 2)
	The job attribute OnExitRemove expression 'NumJobCompletions > JobMaxRetries || ExitCode =?= 0' evaluated to FALSE
...
040 (8018100.324.000) 2026-06-21 16:41:25 Started transferring input files
	Transferring to host: <128.105.68.102:9618?addrs=128.105.68.102-9618+[2607-f388-2200-100-1270-fdff-fe74-920]-9618&alias=gpu2010.chtc.wisc.edu&noUDP&sock=slot2_1_2570277_6a21_73463>
...
040 (8018100.324.000) 2026-06-21 16:41:41 Finished transferring input files
...
001 (8018100.324.000) 2026-06-21 16:41:41 Job executing on host: <128.105.68.102:9618?addrs=128.105.68.102-9618+[2607-f388-2200-100-1270-fdff-fe74-920]-9618&alias=gpu2010.chtc.wisc.edu&noUDP&sock=startd_12400_f274>
	SlotName: slot2_1@gpu2010.chtc.wisc.edu
	AvailableGPUs = { GPUs_GPU_ebb6cfb4 }
	CondorScratchDir = "/var/lib/condor/execute/slot2/dir_3047478/scratch"
	Cpus = 1
	Disk = 16777216
	GPUs = 1
	GPUs_GPU_ebb6cfb4 = [ Id = "GPU-ebb6cfb4"; Capability = 8.0; DeviceName = "NVIDIA A100-SXM4-80GB"; DeviceUuid = "ebb6cfb4-dd3e-9883-e9ad-6ddb1e1276f9"; ECCEnabled = true; NvidiaDriver = "570.195.03"; DriverVersion = 12.8; DevicePciBusId = "0000:01:00.0"; GlobalMemoryMb = 81154; MaxSupportedVersion = 12080 ]
	IoHeavy = 0
	Memory = 16384
...
040 (8018100.324.000) 2026-06-21 16:41:44 Started transferring output files
...
040 (8018100.324.000) 2026-06-21 16:41:44 Finished transferring output files
...
005 (8018100.324.000) 2026-06-21 16:41:45 Job terminated.
	(1) Normal termination (return value 2)
		Usr 0 00:00:01, Sys 0 00:00:00  -  Run Remote Usage
		Usr 0 00:00:00, Sys 0 00:00:00  -  Run Local Usage
		Usr 0 00:00:14, Sys 0 00:00:00  -  Total Remote Usage
		Usr 0 00:00:00, Sys 0 00:00:00  -  Total Local Usage
	444  -  Run Bytes Sent By Job
	2782683181  -  Run Bytes Received By Job
	4968  -  Total Bytes Sent By Job
	30609514991  -  Total Bytes Received By Job
	Partitionable Resources :    Usage  Request Allocated Assigned
	   Cpus                 :        0        1         1 
	   Disk (KB)            :  2717501 16777216  16777216 
	   GPUs                 :                 1         1 "GPU-ebb6cfb4"
	   IoHeavy              :                           0 
	   Memory (MB)          :        0    16384     16384 
	   TimeExecute (s)      :        3                    
	   TimeSlotBusy (s)     :       19                    
...
