000 (8180963.324.000) 2026-06-24 12:19:47 Job submitted from host: <128.105.68.112:9618?addrs=128.105.68.112-9618+[2607-f388-2200-100-eaeb-d3ff-fea3-4202]-9618&alias=ap2001.chtc.wisc.edu&noUDP&sock=schedd_4071840_2329>
...
040 (8180963.324.000) 2026-06-24 23:54:35 Started transferring input files
	Transferring to host: <128.104.100.52:9618?addrs=128.104.100.52-9618+[2607-f388-107c-501-7ec2-55ff-fe99-a48c]-9618&alias=jcaicedogpu0000.chtc.wisc.edu&noUDP&sock=backfill1_2_12267_f60c_19450>
...
040 (8180963.324.000) 2026-06-24 23:55:51 Finished transferring input files
...
001 (8180963.324.000) 2026-06-24 23:55:51 Job executing on host: <128.104.100.52:9618?addrs=128.104.100.52-9618+[2607-f388-107c-501-7ec2-55ff-fe99-a48c]-9618&alias=jcaicedogpu0000.chtc.wisc.edu&noUDP&sock=startd_10725_0952>
	SlotName: backfill1_2@jcaicedogpu0000.chtc.wisc.edu
	AvailableGPUs = { GPUs_GPU_fdd5eb1a }
	CondorScratchDir = "/var/lib/condor/execute/slot1/dir_4119405/scratch"
	Cpus = 1
	Disk = 16777216
	GPUs = 1
	GPUs_GPU_fdd5eb1a = [ Id = "GPU-fdd5eb1a"; Capability = 8.9; DeviceName = "NVIDIA L40"; DeviceUuid = "fdd5eb1a-cef7-367b-4af7-070a94604eec"; ECCEnabled = true; NvidiaDriver = "570.195.03"; DriverVersion = 12.8; DevicePciBusId = "0000:D5:00.0"; GlobalMemoryMb = 45468; MaxSupportedVersion = 12080 ]
	IoHeavy = 0
	Memory = 16384
...
006 (8180963.324.000) 2026-06-24 23:56:00 Image size of job updated: 379168
	371  -  MemoryUsage of job (MB)
	379168  -  ResidentSetSize of job (KB)
...
006 (8180963.324.000) 2026-06-24 23:56:51 Image size of job updated: 755916
	371  -  MemoryUsage of job (MB)
	379372  -  ResidentSetSize of job (KB)
...
040 (8180963.324.000) 2026-06-24 23:56:51 Started transferring output files
...
040 (8180963.324.000) 2026-06-24 23:56:51 Finished transferring output files
...
004 (8180963.324.000) 2026-06-24 23:56:52 Job was evicted.
	(0) Job terminated and was requeued
		Usr 0 00:00:57, Sys 0 00:00:01  -  Run Remote Usage
		Usr 0 00:00:00, Sys 0 00:00:00  -  Run Local Usage
	15675  -  Run Bytes Sent By Job
	2782683085  -  Run Bytes Received By Job
	(1) Normal termination (return value 1)
	The job attribute OnExitRemove expression 'NumJobCompletions > JobMaxRetries || ExitCode =?= 0' evaluated to FALSE
...
040 (8180963.324.000) 2026-06-25 00:01:25 Started transferring input files
	Transferring to host: <128.105.68.65:42251?CCBID=128.105.82.148:9618%3faddrs%3d128.105.82.148-9618+[2607-f388-2200-9d-7ccb-bc08-2489-7689]-9618%26alias%3dospool-ccb.osg.chtc.io%26noUDP%26sock%3dcollector8#4787979%2067.58.49.91:9618%3faddrs%3d67.58.49.91-9618+[fdf0-17b3-c3ec-1f79-10-0-d-2091]-9618%26alias%3dccb-2.ospool.osg-htc.org%26noUDP%26sock%3dcollector4#4776782&PrivNet=dmorgan2000.chtc.wisc.edu&addrs=128.105.68.65-42251+[2607-f388-2200-100-ae1f-6bff-fea1-b242]-42251&alias=dmorgan2000.chtc.wisc.edu&noUDP>
...
040 (8180963.324.000) 2026-06-25 00:31:02 Finished transferring input files
...
021 (8180963.324.000) 2026-06-25 00:31:03 Message from starter on slot1_1@glidein_212250_120164700@dmorgan2000.chtc.wisc.edu:
	PREPARE_JOB (prepare-hook) succeeded (reported status 000): Using Singularity image openfe_1.11.1.sif
...
001 (8180963.324.000) 2026-06-25 00:31:03 Job executing on host: <128.105.68.65:46277?CCBID=128.105.82.148:9618%3faddrs%3d128.105.82.148-9618+[2607-f388-2200-9d-7ccb-bc08-2489-7689]-9618%26alias%3dospool-ccb.osg.chtc.io%26noUDP%26sock%3dcollector9#4458141%2067.58.49.91:9618%3faddrs%3d67.58.49.91-9618+[fdf0-17b3-c3ec-1f79-10-0-d-2091]-9618%26alias%3dccb-2.ospool.osg-htc.org%26noUDP%26sock%3dcollector9#4453379&PrivNet=dmorgan2000.chtc.wisc.edu&addrs=128.105.68.65-46277+[2607-f388-2200-100-ae1f-6bff-fea1-b242]-46277&alias=dmorgan2000.chtc.wisc.edu&noUDP>
	SlotName: slot1_1@glidein_212250_120164700@dmorgan2000.chtc.wisc.edu
	AvailableGPUs = { GPUs_GPU_51281cea }
	CondorScratchDir = "/var/lib/condor/execute/slot1/dir_212248/scratch/glide_Wr7dK1/execute/dir_497698/scratch"
	Cpus = 1
	Disk = 16777216
	GPUs = 1
	GPUs_GPU_51281cea = [ Id = "GPU-51281cea"; ClockMhz = 1635.0; Capability = 7.5; CoresPerCU = 64; DeviceName = "NVIDIA GeForce RTX 2080 Ti"; DeviceUuid = "51281cea-eccb-1bef-e94c-61e9eea4d17b"; ECCEnabled = false; ComputeUnits = 68; NvidiaDriver = "570.195.03"; DriverVersion = 12.8; DevicePciBusId = "0000:86:00.0"; GlobalMemoryMb = 10823; MaxSupportedVersion = 12080 ]
	Memory = 16384
...
006 (8180963.324.000) 2026-06-25 00:32:33 Image size of job updated: 10665328
	933  -  MemoryUsage of job (MB)
	954660  -  ResidentSetSize of job (KB)
...
040 (8180963.324.000) 2026-06-25 00:32:33 Started transferring output files
...
040 (8180963.324.000) 2026-06-25 00:32:33 Finished transferring output files
...
004 (8180963.324.000) 2026-06-25 00:32:34 Job was evicted.
	(0) Job terminated and was requeued
		Usr 0 00:01:23, Sys 0 00:00:01  -  Run Remote Usage
		Usr 0 00:00:00, Sys 0 00:00:00  -  Run Local Usage
	10307  -  Run Bytes Sent By Job
	2782683085  -  Run Bytes Received By Job
	(1) Normal termination (return value 1)
	The job attribute OnExitRemove expression 'NumJobCompletions > JobMaxRetries || ExitCode =?= 0' evaluated to FALSE
...
040 (8180963.324.000) 2026-06-25 00:38:46 Started transferring input files
	Transferring to host: <128.105.69.60:9618?addrs=128.105.69.60-9618+[2607-f388-2200-100-527c-6fff-fe66-e7e2]-9618&alias=blengerichgpu4000.chtc.wisc.edu&noUDP&sock=backfill1_2_1843674_de95_105684>
...
040 (8180963.324.000) 2026-06-25 00:41:06 Finished transferring input files
...
001 (8180963.324.000) 2026-06-25 00:41:06 Job executing on host: <128.105.69.60:9618?addrs=128.105.69.60-9618+[2607-f388-2200-100-527c-6fff-fe66-e7e2]-9618&alias=blengerichgpu4000.chtc.wisc.edu&noUDP&sock=startd_11585_ecc4>
	SlotName: backfill1_2@blengerichgpu4000.chtc.wisc.edu
	AvailableGPUs = { GPUs_GPU_db5665ff }
	CondorScratchDir = "/var/lib/condor/execute/slot1/dir_3972285/scratch"
	Cpus = 1
	Disk = 16777216
	GPUs = 1
	GPUs_GPU_db5665ff = [ Id = "GPU-db5665ff"; Capability = 8.9; DeviceName = "NVIDIA L40S"; DeviceUuid = "db5665ff-35ac-5e51-55be-e8c110b7cb1f"; ECCEnabled = true; NvidiaDriver = "570.195.03"; DriverVersion = 12.8; DevicePciBusId = "0000:CF:00.0"; GlobalMemoryMb = 45468; MaxSupportedVersion = 12080 ]
	IoHeavy = 0
	Memory = 16384
...
040 (8180963.324.000) 2026-06-25 00:41:52 Started transferring output files
...
040 (8180963.324.000) 2026-06-25 00:41:52 Finished transferring output files
...
004 (8180963.324.000) 2026-06-25 00:41:52 Job was evicted.
	(0) Job terminated and was requeued
		Usr 0 00:00:41, Sys 0 00:00:02  -  Run Remote Usage
		Usr 0 00:00:00, Sys 0 00:00:00  -  Run Local Usage
	15680  -  Run Bytes Sent By Job
	2728599501  -  Run Bytes Received By Job
	(1) Normal termination (return value 1)
	The job attribute OnExitRemove expression 'NumJobCompletions > JobMaxRetries || ExitCode =?= 0' evaluated to FALSE
...
040 (8180963.324.000) 2026-06-25 00:43:17 Started transferring input files
	Transferring to host: <128.105.69.245:9618?addrs=128.105.69.245-9618+[2607-f388-2200-100-3eec-efff-fe0c-5174]-9618&alias=mcdanielgpu4000.chtc.wisc.edu&noUDP&sock=backfill1_2_1128702_6a83_94217>
...
040 (8180963.324.000) 2026-06-25 00:44:24 Finished transferring input files
...
001 (8180963.324.000) 2026-06-25 00:44:24 Job executing on host: <128.105.69.245:9618?addrs=128.105.69.245-9618+[2607-f388-2200-100-3eec-efff-fe0c-5174]-9618&alias=mcdanielgpu4000.chtc.wisc.edu&noUDP&sock=startd_11062_30bc>
	SlotName: backfill1_2@mcdanielgpu4000.chtc.wisc.edu
	AvailableGPUs = { GPUs_GPU_a8137759 }
	CondorScratchDir = "/var/lib/condor/execute/slot1/dir_833319/scratch"
	Cpus = 1
	Disk = 16777216
	GPUs = 1
	GPUs_GPU_a8137759 = [ Id = "GPU-a8137759"; Capability = 8.0; DeviceName = "NVIDIA A100-SXM4-40GB"; DeviceUuid = "a8137759-5848-86b3-4f7a-6fde54dd8198"; ECCEnabled = true; NvidiaDriver = "570.195.03"; DriverVersion = 12.8; DevicePciBusId = "0000:81:00.0"; GlobalMemoryMb = 40442; MaxSupportedVersion = 12080 ]
	IoHeavy = 0
	Memory = 16384
...
040 (8180963.324.000) 2026-06-25 00:45:36 Started transferring output files
...
040 (8180963.324.000) 2026-06-25 00:45:36 Finished transferring output files
...
004 (8180963.324.000) 2026-06-25 00:45:37 Job was evicted.
	(0) Job terminated and was requeued
		Usr 0 00:01:05, Sys 0 00:00:04  -  Run Remote Usage
		Usr 0 00:00:00, Sys 0 00:00:00  -  Run Local Usage
	15671  -  Run Bytes Sent By Job
	2782683085  -  Run Bytes Received By Job
	(1) Normal termination (return value 1)
	The job attribute OnExitRemove expression 'NumJobCompletions > JobMaxRetries || ExitCode =?= 0' evaluated to FALSE
...
040 (8180963.324.000) 2026-06-25 00:45:55 Started transferring input files
	Transferring to host: <128.104.100.52:9618?addrs=128.104.100.52-9618+[2607-f388-107c-501-7ec2-55ff-fe99-a48c]-9618&alias=jcaicedogpu0000.chtc.wisc.edu&noUDP&sock=backfill1_3_12267_f60c_19565>
...
040 (8180963.324.000) 2026-06-25 00:46:07 Finished transferring input files
...
001 (8180963.324.000) 2026-06-25 00:46:07 Job executing on host: <128.104.100.52:9618?addrs=128.104.100.52-9618+[2607-f388-107c-501-7ec2-55ff-fe99-a48c]-9618&alias=jcaicedogpu0000.chtc.wisc.edu&noUDP&sock=startd_10725_0952>
	SlotName: backfill1_3@jcaicedogpu0000.chtc.wisc.edu
	AvailableGPUs = { GPUs_GPU_ecd073d0 }
	CondorScratchDir = "/var/lib/condor/execute/slot1/dir_92426/scratch"
	Cpus = 1
	Disk = 16777216
	GPUs = 1
	GPUs_GPU_ecd073d0 = [ Id = "GPU-ecd073d0"; Capability = 8.9; DeviceName = "NVIDIA L40"; DeviceUuid = "ecd073d0-2efd-ed82-9e85-e5b0a45b9254"; ECCEnabled = true; NvidiaDriver = "570.195.03"; DriverVersion = 12.8; DevicePciBusId = "0000:D2:00.0"; GlobalMemoryMb = 45468; MaxSupportedVersion = 12080 ]
	IoHeavy = 0
	Memory = 16384
...
040 (8180963.324.000) 2026-06-25 00:47:10 Started transferring output files
...
040 (8180963.324.000) 2026-06-25 00:47:10 Finished transferring output files
...
004 (8180963.324.000) 2026-06-25 00:47:10 Job was evicted.
	(0) Job terminated and was requeued
		Usr 0 00:00:59, Sys 0 00:00:02  -  Run Remote Usage
		Usr 0 00:00:00, Sys 0 00:00:00  -  Run Local Usage
	15673  -  Run Bytes Sent By Job
	2782683085  -  Run Bytes Received By Job
	(1) Normal termination (return value 1)
	The job attribute OnExitRemove expression 'NumJobCompletions > JobMaxRetries || ExitCode =?= 0' evaluated to FALSE
...
040 (8180963.324.000) 2026-06-25 00:47:13 Started transferring input files
	Transferring to host: <128.105.69.34:9618?addrs=128.105.69.34-9618+[2607-f388-2200-100-527c-6fff-fe66-ea4a]-9618&alias=mkhodakgpu4000.chtc.wisc.edu&noUDP&sock=backfill1_6_2685916_8d1f_105513>
...
040 (8180963.324.000) 2026-06-25 00:50:37 Finished transferring input files
...
001 (8180963.324.000) 2026-06-25 00:50:38 Job executing on host: <128.105.69.34:9618?addrs=128.105.69.34-9618+[2607-f388-2200-100-527c-6fff-fe66-ea4a]-9618&alias=mkhodakgpu4000.chtc.wisc.edu&noUDP&sock=startd_11796_a740>
	SlotName: backfill1_6@mkhodakgpu4000.chtc.wisc.edu
	AvailableGPUs = { GPUs_GPU_9d447650 }
	CondorScratchDir = "/var/lib/condor/execute/slot1/dir_1391622/scratch"
	Cpus = 1
	Disk = 16777216
	GPUs = 1
	GPUs_GPU_9d447650 = [ Id = "GPU-9d447650"; Capability = 8.9; DeviceName = "NVIDIA L40S"; DeviceUuid = "9d447650-dd78-14c9-8e0f-caa03bbae366"; ECCEnabled = true; NvidiaDriver = "570.195.03"; DriverVersion = 12.8; DevicePciBusId = "0000:50:00.0"; GlobalMemoryMb = 45468; MaxSupportedVersion = 12080 ]
	IoHeavy = 0
	Memory = 16384
...
040 (8180963.324.000) 2026-06-25 00:51:23 Started transferring output files
...
040 (8180963.324.000) 2026-06-25 00:51:23 Finished transferring output files
...
004 (8180963.324.000) 2026-06-25 00:51:23 Job was evicted.
	(0) Job terminated and was requeued
		Usr 0 00:00:41, Sys 0 00:00:02  -  Run Remote Usage
		Usr 0 00:00:00, Sys 0 00:00:00  -  Run Local Usage
	15671  -  Run Bytes Sent By Job
	2782683085  -  Run Bytes Received By Job
	(1) Normal termination (return value 1)
	The job attribute OnExitRemove expression 'NumJobCompletions > JobMaxRetries || ExitCode =?= 0' evaluated to FALSE
...
040 (8180963.324.000) 2026-06-25 00:52:18 Started transferring input files
	Transferring to host: <128.105.69.34:9618?addrs=128.105.69.34-9618+[2607-f388-2200-100-527c-6fff-fe66-ea4a]-9618&alias=mkhodakgpu4000.chtc.wisc.edu&noUDP&sock=backfill1_5_2685916_8d1f_105528>
...
040 (8180963.324.000) 2026-06-25 00:56:48 Finished transferring input files
...
001 (8180963.324.000) 2026-06-25 00:56:48 Job executing on host: <128.105.69.34:9618?addrs=128.105.69.34-9618+[2607-f388-2200-100-527c-6fff-fe66-ea4a]-9618&alias=mkhodakgpu4000.chtc.wisc.edu&noUDP&sock=startd_11796_a740>
	SlotName: backfill1_5@mkhodakgpu4000.chtc.wisc.edu
	AvailableGPUs = { GPUs_GPU_a903d036 }
	CondorScratchDir = "/var/lib/condor/execute/slot1/dir_1400821/scratch"
	Cpus = 1
	Disk = 16777216
	GPUs = 1
	GPUs_GPU_a903d036 = [ Id = "GPU-a903d036"; Capability = 8.9; DeviceName = "NVIDIA L40S"; DeviceUuid = "a903d036-2886-c4e0-f9ec-65fd7d37976f"; ECCEnabled = true; NvidiaDriver = "570.195.03"; DriverVersion = 12.8; DevicePciBusId = "0000:63:00.0"; GlobalMemoryMb = 45468; MaxSupportedVersion = 12080 ]
	IoHeavy = 0
	Memory = 16384
...
040 (8180963.324.000) 2026-06-25 00:57:33 Started transferring output files
...
040 (8180963.324.000) 2026-06-25 00:57:33 Finished transferring output files
...
004 (8180963.324.000) 2026-06-25 00:57:33 Job was evicted.
	(0) Job terminated and was requeued
		Usr 0 00:00:40, Sys 0 00:00:02  -  Run Remote Usage
		Usr 0 00:00:00, Sys 0 00:00:00  -  Run Local Usage
	15668  -  Run Bytes Sent By Job
	2727108557  -  Run Bytes Received By Job
	(1) Normal termination (return value 1)
	The job attribute OnExitRemove expression 'NumJobCompletions > JobMaxRetries || ExitCode =?= 0' evaluated to FALSE
...
040 (8180963.324.000) 2026-06-25 00:57:47 Started transferring input files
	Transferring to host: <128.105.69.245:9618?addrs=128.105.69.245-9618+[2607-f388-2200-100-3eec-efff-fe0c-5174]-9618&alias=mcdanielgpu4000.chtc.wisc.edu&noUDP&sock=backfill1_3_1128702_6a83_94237>
...
040 (8180963.324.000) 2026-06-25 01:06:07 Finished transferring input files
...
001 (8180963.324.000) 2026-06-25 01:06:07 Job executing on host: <128.105.69.245:9618?addrs=128.105.69.245-9618+[2607-f388-2200-100-3eec-efff-fe0c-5174]-9618&alias=mcdanielgpu4000.chtc.wisc.edu&noUDP&sock=startd_11062_30bc>
	SlotName: backfill1_3@mcdanielgpu4000.chtc.wisc.edu
	AvailableGPUs = { GPUs_GPU_e93add70 }
	CondorScratchDir = "/var/lib/condor/execute/slot1/dir_838916/scratch"
	Cpus = 1
	Disk = 16777216
	GPUs = 1
	GPUs_GPU_e93add70 = [ Id = "GPU-e93add70"; Capability = 8.0; DeviceName = "NVIDIA A100-SXM4-40GB"; DeviceUuid = "e93add70-3792-ccb3-cc95-440eb454785a"; ECCEnabled = true; NvidiaDriver = "570.195.03"; DriverVersion = 12.8; DevicePciBusId = "0000:41:00.0"; GlobalMemoryMb = 40442; MaxSupportedVersion = 12080 ]
	IoHeavy = 0
	Memory = 16384
...
040 (8180963.324.000) 2026-06-25 01:07:16 Started transferring output files
...
040 (8180963.324.000) 2026-06-25 01:07:16 Finished transferring output files
...
004 (8180963.324.000) 2026-06-25 01:07:17 Job was evicted.
	(0) Job terminated and was requeued
		Usr 0 00:01:04, Sys 0 00:00:03  -  Run Remote Usage
		Usr 0 00:00:00, Sys 0 00:00:00  -  Run Local Usage
	15671  -  Run Bytes Sent By Job
	2782683085  -  Run Bytes Received By Job
	(1) Normal termination (return value 1)
	The job attribute OnExitRemove expression 'NumJobCompletions > JobMaxRetries || ExitCode =?= 0' evaluated to FALSE
...
040 (8180963.324.000) 2026-06-25 01:08:53 Started transferring input files
	Transferring to host: <10.1.1.134:35013?CCBID=128.105.82.148:9618%3faddrs%3d128.105.82.148-9618+[2607-f388-2200-9d-7ccb-bc08-2489-7689]-9618%26alias%3dospool-ccb.osg.chtc.io%26noUDP%26sock%3dcollector7#4792779%2067.58.49.91:9618%3faddrs%3d67.58.49.91-9618+[fdf0-17b3-c3ec-1f79-10-0-d-2091]-9618%26alias%3dccb-2.ospool.osg-htc.org%26noUDP%26sock%3dcollector7#4788868&PrivNet=gpu04&addrs=10.1.1.134-35013&alias=gpu04&noUDP>
...
040 (8180963.324.000) 2026-06-25 01:10:21 Finished transferring input files
...
021 (8180963.324.000) 2026-06-25 01:10:21 Message from starter on slot1_1@glidein_3687218_896340121@gpu04:
	PREPARE_JOB (prepare-hook) succeeded (reported status 000): Using Singularity image openfe_1.11.1.sif
...
001 (8180963.324.000) 2026-06-25 01:10:21 Job executing on host: <10.1.1.134:33865?CCBID=128.105.82.148:9618%3faddrs%3d128.105.82.148-9618+[2607-f388-2200-9d-7ccb-bc08-2489-7689]-9618%26alias%3dospool-ccb.osg.chtc.io%26noUDP%26sock%3dcollector3#4757245%2067.58.49.91:9618%3faddrs%3d67.58.49.91-9618+[fdf0-17b3-c3ec-1f79-10-0-d-2091]-9618%26alias%3dccb-2.ospool.osg-htc.org%26noUDP%26sock%3dcollector3#4745905&PrivNet=gpu04&addrs=10.1.1.134-33865&alias=gpu04&noUDP>
	SlotName: slot1_1@glidein_3687218_896340121@gpu04
	AvailableGPUs = { GPUs_GPU_f2f616f0 }
	CondorScratchDir = "/tmp/glide_ljkirU/execute/dir_3967744/scratch"
	Cpus = 1
	Disk = 16777216
	GPUs = 1
	GPUs_GPU_f2f616f0 = [ Id = "GPU-f2f616f0"; ClockMhz = 1740.0; Capability = 8.6; CoresPerCU = 128; DeviceName = "NVIDIA A40"; DeviceUuid = "f2f616f0-ccba-c9ae-e061-d24d67b79f97"; ECCEnabled = true; ComputeUnits = 84; NvidiaDriver = "595.71.05"; DriverVersion = 13.2; DevicePciBusId = "0000:01:00.0"; GlobalMemoryMb = 45739; MaxSupportedVersion = 13020 ]
	Memory = 16384
...
040 (8180963.324.000) 2026-06-25 01:11:34 Started transferring output files
...
040 (8180963.324.000) 2026-06-25 01:11:34 Finished transferring output files
...
004 (8180963.324.000) 2026-06-25 01:11:35 Job was evicted.
	(0) Job terminated and was requeued
		Usr 0 00:00:59, Sys 0 00:00:03  -  Run Remote Usage
		Usr 0 00:00:00, Sys 0 00:00:00  -  Run Local Usage
	10383  -  Run Bytes Sent By Job
	2782683085  -  Run Bytes Received By Job
	(1) Normal termination (return value 1)
	The job attribute OnExitRemove expression 'NumJobCompletions > JobMaxRetries || ExitCode =?= 0' evaluated to FALSE
...
040 (8180963.324.000) 2026-06-25 01:11:44 Started transferring input files
	Transferring to host: <141.142.150.74:30853?CCBID=128.105.82.148:9618%3faddrs%3d128.105.82.148-9618+[2607-f388-2200-9d-7ccb-bc08-2489-7689]-9618%26alias%3dospool-ccb.osg.chtc.io%26noUDP%26sock%3dcollector5#4791277%2067.58.49.91:9618%3faddrs%3d67.58.49.91-9618+[fdf0-17b3-c3ec-1f79-10-0-d-2091]-9618%26alias%3dccb-2.ospool.osg-htc.org%26noUDP%26sock%3dcollector9#4791603&PrivNet=rails04&addrs=141.142.150.74-30853+[fde1-53ba-e9a0-de11-2dba-91e3-dd48-5c8a]-30853&alias=rails04&noUDP>
...
040 (8180963.324.000) 2026-06-25 01:12:15 Finished transferring input files
...
021 (8180963.324.000) 2026-06-25 01:12:17 Message from starter on slot1_1@glidein_3526677_718733946@rails04:
	PREPARE_JOB (prepare-hook) succeeded (reported status 000): Using Singularity image openfe_1.11.1.sif
...
001 (8180963.324.000) 2026-06-25 01:12:17 Job executing on host: <141.142.150.74:1513?CCBID=128.105.82.148:9618%3faddrs%3d128.105.82.148-9618+[2607-f388-2200-9d-7ccb-bc08-2489-7689]-9618%26alias%3dospool-ccb.osg.chtc.io%26noUDP%26sock%3dcollector3#4767811%2067.58.49.91:9618%3faddrs%3d67.58.49.91-9618+[fdf0-17b3-c3ec-1f79-10-0-d-2091]-9618%26alias%3dccb-2.ospool.osg-htc.org%26noUDP%26sock%3dcollector9#4760037&PrivNet=rails04&addrs=141.142.150.74-1513+[fde1-53ba-e9a0-de11-2dba-91e3-dd48-5c8a]-1513&alias=rails04&noUDP>
	SlotName: slot1_1@glidein_3526677_718733946@rails04
	AvailableGPUs = { GPUs_GPU_90c7ae82 }
	CondorScratchDir = "/projects/bcxl/svcosguser/glide_fgfoSw/execute/dir_1408167/scratch"
	Cpus = 1
	Disk = 16777216
	GPUs = 1
	GPUs_GPU_90c7ae82 = [ Id = "GPU-90c7ae82"; ClockMhz = 1980.0; Capability = 9.0; CoresPerCU = 128; DeviceName = "NVIDIA H100 80GB HBM3"; DeviceUuid = "90c7ae82-9103-c748-6c92-d8849b68f1db"; ECCEnabled = true; ComputeUnits = 132; NvidiaDriver = "590.48.01"; DriverVersion = 13.1; DevicePciBusId = "0000:DB:00.0"; GlobalMemoryMb = 81081; MaxSupportedVersion = 13010 ]
	Memory = 16384
...
006 (8180963.324.000) 2026-06-25 01:13:44 Image size of job updated: 18994616
	977  -  MemoryUsage of job (MB)
	1000000  -  ResidentSetSize of job (KB)
...
040 (8180963.324.000) 2026-06-25 01:13:45 Started transferring output files
...
040 (8180963.324.000) 2026-06-25 01:13:45 Finished transferring output files
...
004 (8180963.324.000) 2026-06-25 01:13:47 Job was evicted.
	(0) Job terminated and was requeued
		Usr 0 00:01:02, Sys 0 00:00:02  -  Run Remote Usage
		Usr 0 00:00:00, Sys 0 00:00:00  -  Run Local Usage
	10297  -  Run Bytes Sent By Job
	2782683085  -  Run Bytes Received By Job
	(1) Normal termination (return value 1)
	The job attribute OnExitRemove expression 'NumJobCompletions > JobMaxRetries || ExitCode =?= 0' evaluated to FALSE
...
040 (8180963.324.000) 2026-06-25 01:14:25 Started transferring input files
	Transferring to host: <128.104.100.52:9618?addrs=128.104.100.52-9618+[2607-f388-107c-501-7ec2-55ff-fe99-a48c]-9618&alias=jcaicedogpu0000.chtc.wisc.edu&noUDP&sock=backfill1_6_12267_f60c_19635>
...
040 (8180963.324.000) 2026-06-25 01:17:07 Finished transferring input files
...
001 (8180963.324.000) 2026-06-25 01:17:07 Job executing on host: <128.104.100.52:9618?addrs=128.104.100.52-9618+[2607-f388-107c-501-7ec2-55ff-fe99-a48c]-9618&alias=jcaicedogpu0000.chtc.wisc.edu&noUDP&sock=startd_10725_0952>
	SlotName: backfill1_6@jcaicedogpu0000.chtc.wisc.edu
	AvailableGPUs = { GPUs_GPU_29f7db6c }
	CondorScratchDir = "/var/lib/condor/execute/slot1/dir_204255/scratch"
	Cpus = 1
	Disk = 16777216
	GPUs = 1
	GPUs_GPU_29f7db6c = [ Id = "GPU-29f7db6c"; Capability = 8.9; DeviceName = "NVIDIA L40"; DeviceUuid = "29f7db6c-70b1-c03e-ec02-15769179123a"; ECCEnabled = true; NvidiaDriver = "570.195.03"; DriverVersion = 12.8; DevicePciBusId = "0000:57:00.0"; GlobalMemoryMb = 45468; MaxSupportedVersion = 12080 ]
	IoHeavy = 0
	Memory = 16384
...
040 (8180963.324.000) 2026-06-25 01:18:06 Started transferring output files
...
040 (8180963.324.000) 2026-06-25 01:18:06 Finished transferring output files
...
005 (8180963.324.000) 2026-06-25 01:18:07 Job terminated.
	(1) Normal termination (return value 1)
		Usr 0 00:00:56, Sys 0 00:00:02  -  Run Remote Usage
		Usr 0 00:00:00, Sys 0 00:00:00  -  Run Local Usage
		Usr 0 00:10:27, Sys 0 00:00:24  -  Total Remote Usage
		Usr 0 00:00:00, Sys 0 00:00:00  -  Total Local Usage
	15671  -  Run Bytes Sent By Job
	2734677965  -  Run Bytes Received By Job
	156367  -  Total Bytes Sent By Job
	30451850703  -  Total Bytes Received By Job
	Partitionable Resources :      Usage  Request Allocated Assigned
	   Cpus                 :       0.39        1         1 
	   Disk (KB)            : 2719149    16777216  16777216 
	   GPUs                 :       0.00        1         1 "GPU-29f7db6c"
	   GpusMemory (MB)      :    1034                       
	   IoHeavy              :                             0 
	   Memory (MB)          :     977       16384     16384 
	   TimeExecute (s)      :      59                       
	   TimeSlotBusy (s)     :     221                       
...
