000 (8017966.085.000) 2026-06-20 22:07:54 Job submitted from host: <128.105.68.112:9618?addrs=128.105.68.112-9618+[2607-f388-2200-100-eaeb-d3ff-fea3-4202]-9618&alias=ap2001.chtc.wisc.edu&noUDP&sock=schedd_4071840_2329>
...
040 (8017966.085.000) 2026-06-20 23:05:22 Started transferring input files
	Transferring to host: <10.1.1.137:40089?CCBID=128.105.82.148:9618%3faddrs%3d128.105.82.148-9618+[2607-f388-2200-9d-7ccb-bc08-2489-768a]-9618%26alias%3dospool-ccb.osg.chtc.io%26noUDP%26sock%3dcollector7#4285862%2067.58.49.91:9618%3faddrs%3d67.58.49.91-9618+[fdf0-17b3-c3ec-1f79-10-0-e-b69d]-9618%26alias%3dccb-2.ospool.osg-htc.org%26noUDP%26sock%3dcollector9#4285397&PrivNet=gpu07&addrs=10.1.1.137-40089&alias=gpu07&noUDP>
...
040 (8017966.085.000) 2026-06-20 23:05:37 Finished transferring input files
...
021 (8017966.085.000) 2026-06-20 23:05:37 Message from starter on slot1_4@glidein_795025_64906636@gpu07:
	PREPARE_JOB (prepare-hook) succeeded (reported status 000): Using Singularity image openfe_1.11.1.sif
...
001 (8017966.085.000) 2026-06-20 23:05:37 Job executing on host: <10.1.1.137:42311?CCBID=128.105.82.148:9618%3faddrs%3d128.105.82.148-9618+[2607-f388-2200-9d-7ccb-bc08-2489-768a]-9618%26alias%3dospool-ccb.osg.chtc.io%26noUDP%26sock%3dcollector9#4101337%2067.58.49.91:9618%3faddrs%3d67.58.49.91-9618+[fdf0-17b3-c3ec-1f79-10-0-e-b69d]-9618%26alias%3dccb-2.ospool.osg-htc.org%26noUDP%26sock%3dcollector7#4091584&PrivNet=gpu07&addrs=10.1.1.137-42311&alias=gpu07&noUDP>
	SlotName: slot1_4@glidein_795025_64906636@gpu07
	AvailableGPUs = { GPUs_GPU_58b172da }
	CondorScratchDir = "/tmp/glide_dYrt5m/execute/dir_1964008/scratch"
	Cpus = 1
	Disk = 16777216
	GPUs = 1
	GPUs_GPU_58b172da = [ Id = "GPU-58b172da"; ClockMhz = 1695.0; Capability = 8.6; CoresPerCU = 128; DeviceName = "NVIDIA RTX A5000"; DeviceUuid = "58b172da-e6dd-72fa-18e2-4ff5c51a7159"; ECCEnabled = false; ComputeUnits = 64; NvidiaDriver = "595.71.05"; DriverVersion = 13.2; DevicePciBusId = "0000:C1:00.0"; GlobalMemoryMb = 24361; MaxSupportedVersion = 13020 ]
	Memory = 16384
...
006 (8017966.085.000) 2026-06-20 23:05:46 Image size of job updated: 4
	6  -  MemoryUsage of job (MB)
	5384  -  ResidentSetSize of job (KB)
...
006 (8017966.085.000) 2026-06-20 23:10:46 Image size of job updated: 32106732
	2323  -  MemoryUsage of job (MB)
	2378512  -  ResidentSetSize of job (KB)
...
006 (8017966.085.000) 2026-06-20 23:20:47 Image size of job updated: 32110796
	2327  -  MemoryUsage of job (MB)
	2382524  -  ResidentSetSize of job (KB)
...
006 (8017966.085.000) 2026-06-20 23:25:48 Image size of job updated: 32114368
	2332  -  MemoryUsage of job (MB)
	2387132  -  ResidentSetSize of job (KB)
...
006 (8017966.085.000) 2026-06-20 23:30:48 Image size of job updated: 32117376
	2335  -  MemoryUsage of job (MB)
	2390716  -  ResidentSetSize of job (KB)
...
006 (8017966.085.000) 2026-06-20 23:35:49 Image size of job updated: 32120848
	2339  -  MemoryUsage of job (MB)
	2394812  -  ResidentSetSize of job (KB)
...
006 (8017966.085.000) 2026-06-20 23:40:49 Image size of job updated: 32124964
	2344  -  MemoryUsage of job (MB)
	2399420  -  ResidentSetSize of job (KB)
...
006 (8017966.085.000) 2026-06-20 23:45:50 Image size of job updated: 32129432
	2348  -  MemoryUsage of job (MB)
	2404028  -  ResidentSetSize of job (KB)
...
006 (8017966.085.000) 2026-06-20 23:50:50 Image size of job updated: 32132948
	2356  -  MemoryUsage of job (MB)
	2411708  -  ResidentSetSize of job (KB)
...
006 (8017966.085.000) 2026-06-20 23:55:51 Image size of job updated: 32137556
	2396  -  MemoryUsage of job (MB)
	2453180  -  ResidentSetSize of job (KB)
...
006 (8017966.085.000) 2026-06-21 00:00:51 Image size of job updated: 32141468
	2405  -  MemoryUsage of job (MB)
	2462396  -  ResidentSetSize of job (KB)
...
006 (8017966.085.000) 2026-06-21 00:05:51 Image size of job updated: 32143036
	2405  -  MemoryUsage of job (MB)
	2462396  -  ResidentSetSize of job (KB)
...
040 (8017966.085.000) 2026-06-21 00:08:38 Started transferring output files
...
040 (8017966.085.000) 2026-06-21 00:08:38 Finished transferring output files
...
005 (8017966.085.000) 2026-06-21 00:08:39 Job terminated.
	(1) Normal termination (return value 0)
		Usr 0 01:02:07, Sys 0 00:07:03  -  Run Remote Usage
		Usr 0 00:00:00, Sys 0 00:00:00  -  Run Local Usage
		Usr 0 01:02:07, Sys 0 00:07:03  -  Total Remote Usage
		Usr 0 00:00:00, Sys 0 00:00:00  -  Total Local Usage
	1298284  -  Run Bytes Sent By Job
	2782629019  -  Run Bytes Received By Job
	1298284  -  Total Bytes Sent By Job
	2782629019  -  Total Bytes Received By Job
	Partitionable Resources :      Usage  Request Allocated Assigned
	   Cpus                 :       1.00        1         1 
	   Disk (KB)            : 2728911    16777216  16777216 
	   GPUs                 :       0.85        1         1 "GPU-58b172da"
	   GpusMemory (MB)      :    3235                       
	   Memory (MB)          :    2405       16384     16384 
	   TimeExecute (s)      :    3780                       
	   TimeSlotBusy (s)     :    3797                       
...
