000 (8321903.134.000) 2026-06-26 09:00:08 Job submitted from host: <128.105.68.112:9618?addrs=128.105.68.112-9618+[2607-f388-2200-100-eaeb-d3ff-fea3-4202]-9618&alias=ap2001.chtc.wisc.edu&noUDP&sock=schedd_4071840_2329>
...
040 (8321903.134.000) 2026-06-26 12:35:57 Started transferring input files
	Transferring to host: <128.105.68.75:9618?addrs=128.105.68.75-9618+[2607-f388-2200-100-2ec-efff-fe0c-548c]-9618&alias=oconnorgpu2000.chtc.wisc.edu&noUDP&sock=backfill1_2_1210438_d27f_23>
...
040 (8321903.134.000) 2026-06-26 12:36:32 Finished transferring input files
...
001 (8321903.134.000) 2026-06-26 12:36:32 Job executing on host: <128.105.68.75:9618?addrs=128.105.68.75-9618+[2607-f388-2200-100-2ec-efff-fe0c-548c]-9618&alias=oconnorgpu2000.chtc.wisc.edu&noUDP&sock=startd_11626_0c26>
	SlotName: backfill1_2@oconnorgpu2000.chtc.wisc.edu
	AvailableGPUs = { GPUs_GPU_808b4566 }
	CondorScratchDir = "/var/lib/condor/execute/slot1/dir_1213337/scratch"
	Cpus = 1
	Disk = 16777216
	GPUs = 1
	GPUs_GPU_808b4566 = [ Id = "GPU-808b4566"; Capability = 8.0; DeviceName = "NVIDIA A100-SXM4-40GB"; DeviceUuid = "808b4566-00c5-31b8-6143-377eb4c86b98"; ECCEnabled = true; NvidiaDriver = "570.195.03"; DriverVersion = 12.8; DevicePciBusId = "0000:81:00.0"; GlobalMemoryMb = 40442; MaxSupportedVersion = 12080 ]
	IoHeavy = 0
	Memory = 16384
...
006 (8321903.134.000) 2026-06-26 12:36:41 Image size of job updated: 343320
	336  -  MemoryUsage of job (MB)
	343320  -  ResidentSetSize of job (KB)
...
006 (8321903.134.000) 2026-06-26 12:41:41 Image size of job updated: 4581580
	3885  -  MemoryUsage of job (MB)
	3977548  -  ResidentSetSize of job (KB)
...
006 (8321903.134.000) 2026-06-26 12:46:41 Image size of job updated: 4581580
	4205  -  MemoryUsage of job (MB)
	4305904  -  ResidentSetSize of job (KB)
...
006 (8321903.134.000) 2026-06-26 12:51:42 Image size of job updated: 5310928
	5185  -  MemoryUsage of job (MB)
	5308892  -  ResidentSetSize of job (KB)
...
006 (8321903.134.000) 2026-06-26 12:56:42 Image size of job updated: 5464512
	5185  -  MemoryUsage of job (MB)
	5308892  -  ResidentSetSize of job (KB)
...
006 (8321903.134.000) 2026-06-26 13:01:43 Image size of job updated: 5469380
	5300  -  MemoryUsage of job (MB)
	5427128  -  ResidentSetSize of job (KB)
...
006 (8321903.134.000) 2026-06-26 13:06:43 Image size of job updated: 6039592
	5899  -  MemoryUsage of job (MB)
	6039592  -  ResidentSetSize of job (KB)
...
006 (8321903.134.000) 2026-06-26 13:11:43 Image size of job updated: 6239732
	5899  -  MemoryUsage of job (MB)
	6039592  -  ResidentSetSize of job (KB)
...
006 (8321903.134.000) 2026-06-26 13:16:44 Image size of job updated: 6383108
	6234  -  MemoryUsage of job (MB)
	6383108  -  ResidentSetSize of job (KB)
...
006 (8321903.134.000) 2026-06-26 13:20:58 Image size of job updated: 6958728
	6234  -  MemoryUsage of job (MB)
	6383108  -  ResidentSetSize of job (KB)
...
040 (8321903.134.000) 2026-06-26 13:20:58 Started transferring output files
...
040 (8321903.134.000) 2026-06-26 13:20:58 Finished transferring output files
...
004 (8321903.134.000) 2026-06-26 13:20:59 Job was evicted.
	(0) Job terminated and was requeued
		Usr 0 00:50:23, Sys 0 00:02:20  -  Run Remote Usage
		Usr 0 00:00:00, Sys 0 00:00:00  -  Run Local Usage
	104219  -  Run Bytes Sent By Job
	2783885632  -  Run Bytes Received By Job
	(1) Normal termination (return value 1)
	The job attribute OnExitRemove expression 'NumJobCompletions > JobMaxRetries || ExitCode =?= 0' evaluated to FALSE
...
040 (8321903.134.000) 2026-06-26 13:22:32 Started transferring input files
	Transferring to host: <128.105.69.34:9618?addrs=128.105.69.34-9618+[2607-f388-2200-100-527c-6fff-fe66-ea4a]-9618&alias=mkhodakgpu4000.chtc.wisc.edu&noUDP&sock=backfill1_5_1880964_0c42_2664>
...
040 (8321903.134.000) 2026-06-26 13:22:52 Finished transferring input files
...
001 (8321903.134.000) 2026-06-26 13:22:52 Job executing on host: <128.105.69.34:9618?addrs=128.105.69.34-9618+[2607-f388-2200-100-527c-6fff-fe66-ea4a]-9618&alias=mkhodakgpu4000.chtc.wisc.edu&noUDP&sock=startd_11796_a740>
	SlotName: backfill1_5@mkhodakgpu4000.chtc.wisc.edu
	AvailableGPUs = { GPUs_GPU_a903d036 }
	CondorScratchDir = "/var/lib/condor/execute/slot1/dir_3718378/scratch"
	Cpus = 1
	Disk = 16777216
	GPUs = 1
	GPUs_GPU_a903d036 = [ Id = "GPU-a903d036"; Capability = 8.9; DeviceName = "NVIDIA L40S"; DeviceUuid = "a903d036-2886-c4e0-f9ec-65fd7d37976f"; ECCEnabled = true; NvidiaDriver = "570.195.03"; DriverVersion = 12.8; DevicePciBusId = "0000:63:00.0"; GlobalMemoryMb = 45468; MaxSupportedVersion = 12080 ]
	IoHeavy = 0
	Memory = 16384
...
040 (8321903.134.000) 2026-06-26 13:55:01 Started transferring output files
...
040 (8321903.134.000) 2026-06-26 13:55:01 Finished transferring output files
...
004 (8321903.134.000) 2026-06-26 13:55:01 Job was evicted.
	(0) Job terminated and was requeued
		Usr 0 00:35:34, Sys 0 00:01:16  -  Run Remote Usage
		Usr 0 00:00:00, Sys 0 00:00:00  -  Run Local Usage
	104227  -  Run Bytes Sent By Job
	2783885632  -  Run Bytes Received By Job
	(1) Normal termination (return value 1)
	The job attribute OnExitRemove expression 'NumJobCompletions > JobMaxRetries || ExitCode =?= 0' evaluated to FALSE
...
040 (8321903.134.000) 2026-06-26 13:57:02 Started transferring input files
	Transferring to host: <10.141.1.3:33755?CCBID=128.105.82.148:9618%3faddrs%3d128.105.82.148-9618+[2607-f388-2200-9d-7ccb-bc08-2489-7689]-9618%26alias%3dospool-ccb.osg.chtc.io%26noUDP%26sock%3dcollector6#5064387%2067.58.49.91:9618%3faddrs%3d67.58.49.91-9618+[fdf0-17b3-c3ec-1f79-10-0-5-5b18]-9618%26alias%3dccb-2.ospool.osg-htc.org%26noUDP%26sock%3dcollector4#5050425&PrivNet=gpu03&addrs=10.141.1.3-33755&alias=gpu03&noUDP>
...
040 (8321903.134.000) 2026-06-26 13:58:31 Finished transferring input files
...
021 (8321903.134.000) 2026-06-26 13:58:32 Message from starter on slot1_1@glidein_3276874_54705648@gpu03:
	PREPARE_JOB (prepare-hook) succeeded (reported status 000): Using Singularity image openfe_1.11.1.sif
...
001 (8321903.134.000) 2026-06-26 13:58:32 Job executing on host: <10.141.1.3:42589?CCBID=128.105.82.148:9618%3faddrs%3d128.105.82.148-9618+[2607-f388-2200-9d-7ccb-bc08-2489-7689]-9618%26alias%3dospool-ccb.osg.chtc.io%26noUDP%26sock%3dcollector10#4796714%2067.58.49.91:9618%3faddrs%3d67.58.49.91-9618+[fdf0-17b3-c3ec-1f79-10-0-5-5b18]-9618%26alias%3dccb-2.ospool.osg-htc.org%26noUDP%26sock%3dcollector10#4792920&PrivNet=gpu03&addrs=10.141.1.3-42589&alias=gpu03&noUDP>
	SlotName: slot1_1@glidein_3276874_54705648@gpu03
	AvailableGPUs = { GPUs_GPU_d254d1ef }
	CondorScratchDir = "/scratch/osg01/glide_LUtSiY/execute/dir_2543238/scratch"
	Cpus = 1
	Disk = 16777216
	GPUs = 1
	GPUs_GPU_d254d1ef = [ Id = "GPU-d254d1ef"; ClockMhz = 2520.0; Capability = 8.9; CoresPerCU = 128; DeviceName = "NVIDIA L40S"; DeviceUuid = "d254d1ef-fc9e-6777-b5a2-7eb12f466a9c"; ECCEnabled = true; ComputeUnits = 142; NvidiaDriver = "580.82.07"; DriverVersion = 13.0; DevicePciBusId = "0000:61:00.0"; GlobalMemoryMb = 45458; MaxSupportedVersion = 13000 ]
	Memory = 16384
...
006 (8321903.134.000) 2026-06-26 14:03:41 Image size of job updated: 29766516
	7325  -  MemoryUsage of job (MB)
	7500000  -  ResidentSetSize of job (KB)
...
006 (8321903.134.000) 2026-06-26 14:08:42 Image size of job updated: 30065336
	7325  -  MemoryUsage of job (MB)
	7500000  -  ResidentSetSize of job (KB)
...
006 (8321903.134.000) 2026-06-26 14:13:43 Image size of job updated: 36258392
	7325  -  MemoryUsage of job (MB)
	7500000  -  ResidentSetSize of job (KB)
...
006 (8321903.134.000) 2026-06-26 14:18:43 Image size of job updated: 40545504
	7325  -  MemoryUsage of job (MB)
	7500000  -  ResidentSetSize of job (KB)
...
006 (8321903.134.000) 2026-06-26 14:33:45 Image size of job updated: 40975200
	7325  -  MemoryUsage of job (MB)
	7500000  -  ResidentSetSize of job (KB)
...
006 (8321903.134.000) 2026-06-26 14:38:46 Image size of job updated: 41000052
	7325  -  MemoryUsage of job (MB)
	7500000  -  ResidentSetSize of job (KB)
...
006 (8321903.134.000) 2026-06-26 14:48:47 Image size of job updated: 41666392
	7979  -  MemoryUsage of job (MB)
	8169668  -  ResidentSetSize of job (KB)
...
006 (8321903.134.000) 2026-06-26 14:49:47 Image size of job updated: 41731780
	7979  -  MemoryUsage of job (MB)
	8169668  -  ResidentSetSize of job (KB)
...
040 (8321903.134.000) 2026-06-26 14:49:47 Started transferring output files
...
040 (8321903.134.000) 2026-06-26 14:49:47 Finished transferring output files
...
004 (8321903.134.000) 2026-06-26 14:49:48 Job was evicted.
	(0) Job terminated and was requeued
		Usr 0 00:53:35, Sys 0 00:00:59  -  Run Remote Usage
		Usr 0 00:00:00, Sys 0 00:00:00  -  Run Local Usage
	102665  -  Run Bytes Sent By Job
	2783885632  -  Run Bytes Received By Job
	(1) Normal termination (return value 1)
	The job attribute OnExitRemove expression 'NumJobCompletions > JobMaxRetries || ExitCode =?= 0' evaluated to FALSE
...
040 (8321903.134.000) 2026-06-26 14:57:12 Started transferring input files
	Transferring to host: <10.1.1.134:33305?CCBID=128.105.82.148:9618%3faddrs%3d128.105.82.148-9618+[2607-f388-2200-9d-7ccb-bc08-2489-7689]-9618%26alias%3dospool-ccb.osg.chtc.io%26noUDP%26sock%3dcollector9#5073443%2067.58.49.91:9618%3faddrs%3d67.58.49.91-9618+[fdf0-17b3-c3ec-1f79-10-0-5-5b18]-9618%26alias%3dccb-2.ospool.osg-htc.org%26noUDP%26sock%3dcollector3#5062706&PrivNet=gpu04&addrs=10.1.1.134-33305&alias=gpu04&noUDP>
...
040 (8321903.134.000) 2026-06-26 14:57:37 Finished transferring input files
...
021 (8321903.134.000) 2026-06-26 14:57:37 Message from starter on slot1_1@glidein_284964_492951428@gpu04:
	PREPARE_JOB (prepare-hook) succeeded (reported status 000): Using Singularity image openfe_1.11.1.sif
...
001 (8321903.134.000) 2026-06-26 14:57:37 Job executing on host: <10.1.1.134:44281?CCBID=128.105.82.148:9618%3faddrs%3d128.105.82.148-9618+[2607-f388-2200-9d-7ccb-bc08-2489-7689]-9618%26alias%3dospool-ccb.osg.chtc.io%26noUDP%26sock%3dcollector4#4929237%2067.58.49.91:9618%3faddrs%3d67.58.49.91-9618+[fdf0-17b3-c3ec-1f79-10-0-5-5b18]-9618%26alias%3dccb-2.ospool.osg-htc.org%26noUDP%26sock%3dcollector4#4919477&PrivNet=gpu04&addrs=10.1.1.134-44281&alias=gpu04&noUDP>
	SlotName: slot1_1@glidein_284964_492951428@gpu04
	AvailableGPUs = { GPUs_GPU_f2f616f0 }
	CondorScratchDir = "/tmp/glide_IpgBpc/execute/dir_1170760/scratch"
	Cpus = 1
	Disk = 16777216
	GPUs = 1
	GPUs_GPU_f2f616f0 = [ Id = "GPU-f2f616f0"; ClockMhz = 1740.0; Capability = 8.6; CoresPerCU = 128; DeviceName = "NVIDIA A40"; DeviceUuid = "f2f616f0-ccba-c9ae-e061-d24d67b79f97"; ECCEnabled = true; ComputeUnits = 84; NvidiaDriver = "595.71.05"; DriverVersion = 13.2; DevicePciBusId = "0000:01:00.0"; GlobalMemoryMb = 45739; MaxSupportedVersion = 13020 ]
	Memory = 16384
...
040 (8321903.134.000) 2026-06-26 15:44:48 Started transferring output files
...
040 (8321903.134.000) 2026-06-26 15:44:48 Finished transferring output files
...
004 (8321903.134.000) 2026-06-26 15:44:49 Job was evicted.
	(0) Job terminated and was requeued
		Usr 0 00:56:38, Sys 0 00:00:37  -  Run Remote Usage
		Usr 0 00:00:00, Sys 0 00:00:00  -  Run Local Usage
	103795  -  Run Bytes Sent By Job
	2783885632  -  Run Bytes Received By Job
	(1) Normal termination (return value 1)
	The job attribute OnExitRemove expression 'NumJobCompletions > JobMaxRetries || ExitCode =?= 0' evaluated to FALSE
...
040 (8321903.134.000) 2026-06-26 15:54:51 Started transferring input files
	Transferring to host: <128.104.100.117:9618?addrs=128.104.100.117-9618+[2607-f388-107c-501-8ae9-a4ff-fe02-e150]-9618&alias=jcaicedogpu0003.chtc.wisc.edu&noUDP&sock=backfill1_8_1577952_aea0_469>
...
040 (8321903.134.000) 2026-06-26 15:55:09 Finished transferring input files
...
001 (8321903.134.000) 2026-06-26 15:55:09 Job executing on host: <128.104.100.117:9618?addrs=128.104.100.117-9618+[2607-f388-107c-501-8ae9-a4ff-fe02-e150]-9618&alias=jcaicedogpu0003.chtc.wisc.edu&noUDP&sock=startd_10874_3cee>
	SlotName: backfill1_8@jcaicedogpu0003.chtc.wisc.edu
	AvailableGPUs = { GPUs_GPU_76cc646a }
	CondorScratchDir = "/var/lib/condor/execute/slot1/dir_2816401/scratch"
	Cpus = 1
	Disk = 16777216
	GPUs = 1
	GPUs_GPU_76cc646a = [ Id = "GPU-76cc646a"; Capability = 8.9; DeviceName = "NVIDIA L40S"; DeviceUuid = "76cc646a-6e10-456c-030d-1a031e9ea6d0"; ECCEnabled = true; NvidiaDriver = "570.195.03"; DriverVersion = 12.8; DevicePciBusId = "0000:01:00.0"; GlobalMemoryMb = 45468; MaxSupportedVersion = 12080 ]
	IoHeavy = 0
	Memory = 16384
...
040 (8321903.134.000) 2026-06-26 16:21:52 Started transferring output files
...
040 (8321903.134.000) 2026-06-26 16:21:52 Finished transferring output files
...
004 (8321903.134.000) 2026-06-26 16:21:53 Job was evicted.
	(0) Job terminated and was requeued
		Usr 0 00:31:37, Sys 0 00:01:36  -  Run Remote Usage
		Usr 0 00:00:00, Sys 0 00:00:00  -  Run Local Usage
	104224  -  Run Bytes Sent By Job
	2783885632  -  Run Bytes Received By Job
	(1) Normal termination (return value 1)
	The job attribute OnExitRemove expression 'NumJobCompletions > JobMaxRetries || ExitCode =?= 0' evaluated to FALSE
...
040 (8321903.134.000) 2026-06-26 16:22:25 Started transferring input files
	Transferring to host: <128.105.69.246:9618?addrs=128.105.69.246-9618+[2607-f388-2200-100-3eec-efff-fe1e-deb4]-9618&alias=mcdanielgpu4001.chtc.wisc.edu&noUDP&sock=backfill1_8_3077858_25a1_438>
...
040 (8321903.134.000) 2026-06-26 16:22:47 Finished transferring input files
...
001 (8321903.134.000) 2026-06-26 16:22:47 Job executing on host: <128.105.69.246:9618?addrs=128.105.69.246-9618+[2607-f388-2200-100-3eec-efff-fe1e-deb4]-9618&alias=mcdanielgpu4001.chtc.wisc.edu&noUDP&sock=startd_10897_039c>
	SlotName: backfill1_8@mcdanielgpu4001.chtc.wisc.edu
	AvailableGPUs = { GPUs_GPU_5742784c }
	CondorScratchDir = "/var/lib/condor/execute/slot1/dir_4022999/scratch"
	Cpus = 1
	Disk = 16777216
	GPUs = 1
	GPUs_GPU_5742784c = [ Id = "GPU-5742784c"; Capability = 8.0; DeviceName = "NVIDIA A100-SXM4-40GB"; DeviceUuid = "5742784c-0853-3f06-8104-4ae60181ef5c"; ECCEnabled = true; NvidiaDriver = "570.195.03"; DriverVersion = 12.8; DevicePciBusId = "0000:07:00.0"; GlobalMemoryMb = 40442; MaxSupportedVersion = 12080 ]
	IoHeavy = 0
	Memory = 16384
...
040 (8321903.134.000) 2026-06-26 17:10:14 Started transferring output files
...
040 (8321903.134.000) 2026-06-26 17:10:14 Finished transferring output files
...
004 (8321903.134.000) 2026-06-26 17:10:15 Job was evicted.
	(0) Job terminated and was requeued
		Usr 0 00:51:52, Sys 0 00:02:01  -  Run Remote Usage
		Usr 0 00:00:00, Sys 0 00:00:00  -  Run Local Usage
	104223  -  Run Bytes Sent By Job
	2783885632  -  Run Bytes Received By Job
	(1) Normal termination (return value 1)
	The job attribute OnExitRemove expression 'NumJobCompletions > JobMaxRetries || ExitCode =?= 0' evaluated to FALSE
...
040 (8321903.134.000) 2026-06-26 17:44:19 Started transferring input files
	Transferring to host: <128.104.100.53:9618?addrs=128.104.100.53-9618+[2607-f388-107c-501-7ec2-55ff-fe99-a2b0]-9618&alias=jcaicedogpu0001.chtc.wisc.edu&noUDP&sock=backfill1_8_12775_e4a1_24624>
...
040 (8321903.134.000) 2026-06-26 17:44:31 Finished transferring input files
...
001 (8321903.134.000) 2026-06-26 17:44:31 Job executing on host: <128.104.100.53:9618?addrs=128.104.100.53-9618+[2607-f388-107c-501-7ec2-55ff-fe99-a2b0]-9618&alias=jcaicedogpu0001.chtc.wisc.edu&noUDP&sock=startd_11292_f384>
	SlotName: backfill1_8@jcaicedogpu0001.chtc.wisc.edu
	AvailableGPUs = { GPUs_GPU_22787dff }
	CondorScratchDir = "/var/lib/condor/execute/slot1/dir_2148480/scratch"
	Cpus = 1
	Disk = 16777216
	GPUs = 1
	GPUs_GPU_22787dff = [ Id = "GPU-22787dff"; Capability = 8.9; DeviceName = "NVIDIA L40"; DeviceUuid = "22787dff-a2f4-227a-bc3c-c6178e7bb020"; ECCEnabled = true; NvidiaDriver = "570.195.03"; DriverVersion = 12.8; DevicePciBusId = "0000:52:00.0"; GlobalMemoryMb = 45468; MaxSupportedVersion = 12080 ]
	IoHeavy = 0
	Memory = 16384
...
040 (8321903.134.000) 2026-06-26 18:23:15 Started transferring output files
...
040 (8321903.134.000) 2026-06-26 18:23:15 Finished transferring output files
...
004 (8321903.134.000) 2026-06-26 18:23:15 Job was evicted.
	(0) Job terminated and was requeued
		Usr 0 00:48:03, Sys 0 00:01:46  -  Run Remote Usage
		Usr 0 00:00:00, Sys 0 00:00:00  -  Run Local Usage
	104240  -  Run Bytes Sent By Job
	2783885632  -  Run Bytes Received By Job
	(1) Normal termination (return value 1)
	The job attribute OnExitRemove expression 'NumJobCompletions > JobMaxRetries || ExitCode =?= 0' evaluated to FALSE
...
040 (8321903.134.000) 2026-06-26 18:26:54 Started transferring input files
	Transferring to host: <128.105.68.95:9618?addrs=128.105.68.95-9618+[2607-f388-2200-100-1270-fdff-fe74-d18]-9618&alias=gpu2003.chtc.wisc.edu&noUDP&sock=slot2_3_1396438_a60b_1452>
...
040 (8321903.134.000) 2026-06-26 18:27:11 Finished transferring input files
...
001 (8321903.134.000) 2026-06-26 18:27:11 Job executing on host: <128.105.68.95:9618?addrs=128.105.68.95-9618+[2607-f388-2200-100-1270-fdff-fe74-d18]-9618&alias=gpu2003.chtc.wisc.edu&noUDP&sock=startd_12456_5bc2>
	SlotName: slot2_3@gpu2003.chtc.wisc.edu
	AvailableGPUs = { GPUs_GPU_86e0bcca }
	CondorScratchDir = "/var/lib/condor/execute/slot2/dir_2574831/scratch"
	Cpus = 1
	Disk = 16777216
	GPUs = 1
	GPUs_GPU_86e0bcca = [ Id = "GPU-86e0bcca"; Capability = 8.0; DeviceName = "NVIDIA A100-SXM4-80GB"; DeviceUuid = "86e0bcca-06b8-1e2e-c1ab-3dadf81c813b"; ECCEnabled = true; NvidiaDriver = "570.195.03"; DriverVersion = 12.8; DevicePciBusId = "0000:81:00.0"; GlobalMemoryMb = 81154; MaxSupportedVersion = 12080 ]
	IoHeavy = 0
	Memory = 16384
...
040 (8321903.134.000) 2026-06-26 19:04:22 Started transferring output files
...
040 (8321903.134.000) 2026-06-26 19:04:22 Finished transferring output files
...
004 (8321903.134.000) 2026-06-26 19:04:23 Job was evicted.
	(0) Job terminated and was requeued
		Usr 0 00:54:30, Sys 0 00:03:15  -  Run Remote Usage
		Usr 0 00:00:00, Sys 0 00:00:00  -  Run Local Usage
	104182  -  Run Bytes Sent By Job
	2783885632  -  Run Bytes Received By Job
	(1) Normal termination (return value 1)
	The job attribute OnExitRemove expression 'NumJobCompletions > JobMaxRetries || ExitCode =?= 0' evaluated to FALSE
...
040 (8321903.134.000) 2026-06-26 19:04:59 Started transferring input files
	Transferring to host: <128.104.100.17:9618?addrs=128.104.100.17-9618+[2607-f388-107c-501-527c-6fff-fe66-e9bc]-9618&alias=jcaicedogpu0002.chtc.wisc.edu&noUDP&sock=backfill1_4_3195584_c394_859>
...
040 (8321903.134.000) 2026-06-26 19:05:09 Finished transferring input files
...
001 (8321903.134.000) 2026-06-26 19:05:09 Job executing on host: <128.104.100.17:9618?addrs=128.104.100.17-9618+[2607-f388-107c-501-527c-6fff-fe66-e9bc]-9618&alias=jcaicedogpu0002.chtc.wisc.edu&noUDP&sock=startd_11788_2a7e>
	SlotName: backfill1_4@jcaicedogpu0002.chtc.wisc.edu
	AvailableGPUs = { GPUs_GPU_8f76f793 }
	CondorScratchDir = "/var/lib/condor/execute/slot1/dir_254806/scratch"
	Cpus = 1
	Disk = 16777216
	GPUs = 1
	GPUs_GPU_8f76f793 = [ Id = "GPU-8f76f793"; Capability = 8.9; DeviceName = "NVIDIA L40S"; DeviceUuid = "8f76f793-fe24-bbe0-a0d4-3da8c1a9cb72"; ECCEnabled = true; NvidiaDriver = "570.195.03"; DriverVersion = 12.8; DevicePciBusId = "0000:99:00.0"; GlobalMemoryMb = 45468; MaxSupportedVersion = 12080 ]
	IoHeavy = 0
	Memory = 16384
...
040 (8321903.134.000) 2026-06-26 19:37:19 Started transferring output files
...
040 (8321903.134.000) 2026-06-26 19:37:19 Finished transferring output files
...
004 (8321903.134.000) 2026-06-26 19:37:19 Job was evicted.
	(0) Job terminated and was requeued
		Usr 0 00:41:33, Sys 0 00:01:38  -  Run Remote Usage
		Usr 0 00:00:00, Sys 0 00:00:00  -  Run Local Usage
	104230  -  Run Bytes Sent By Job
	2783885632  -  Run Bytes Received By Job
	(1) Normal termination (return value 1)
	The job attribute OnExitRemove expression 'NumJobCompletions > JobMaxRetries || ExitCode =?= 0' evaluated to FALSE
...
040 (8321903.134.000) 2026-06-26 19:38:26 Started transferring input files
	Transferring to host: <10.1.1.137:40439?CCBID=128.105.82.148:9618%3faddrs%3d128.105.82.148-9618+[2607-f388-2200-9d-7ccb-bc08-2489-7689]-9618%26alias%3dospool-ccb.osg.chtc.io%26noUDP%26sock%3dcollector8#5121433%2067.58.49.91:9618%3faddrs%3d67.58.49.91-9618+[fdf0-17b3-c3ec-1f79-10-0-5-5b18]-9618%26alias%3dccb-2.ospool.osg-htc.org%26noUDP%26sock%3dcollector6#5113421&PrivNet=gpu07&addrs=10.1.1.137-40439&alias=gpu07&noUDP>
...
040 (8321903.134.000) 2026-06-26 19:38:45 Finished transferring input files
...
021 (8321903.134.000) 2026-06-26 19:38:46 Message from starter on slot1_4@glidein_2384543_579512160@gpu07:
	PREPARE_JOB (prepare-hook) succeeded (reported status 000): Using Singularity image openfe_1.11.1.sif
...
001 (8321903.134.000) 2026-06-26 19:38:46 Job executing on host: <10.1.1.137:42435?CCBID=128.105.82.148:9618%3faddrs%3d128.105.82.148-9618+[2607-f388-2200-9d-7ccb-bc08-2489-7689]-9618%26alias%3dospool-ccb.osg.chtc.io%26noUDP%26sock%3dcollector8#4980643%2067.58.49.91:9618%3faddrs%3d67.58.49.91-9618+[fdf0-17b3-c3ec-1f79-10-0-5-5b18]-9618%26alias%3dccb-2.ospool.osg-htc.org%26noUDP%26sock%3dcollector8#4975096&PrivNet=gpu07&addrs=10.1.1.137-42435&alias=gpu07&noUDP>
	SlotName: slot1_4@glidein_2384543_579512160@gpu07
	AvailableGPUs = { GPUs_GPU_58b172da }
	CondorScratchDir = "/tmp/glide_YMme9T/execute/dir_2791737/scratch"
	Cpus = 1
	Disk = 16777216
	GPUs = 1
	GPUs_GPU_58b172da = [ Id = "GPU-58b172da"; ClockMhz = 1695.0; Capability = 8.6; CoresPerCU = 128; DeviceName = "NVIDIA RTX A5000"; DeviceUuid = "58b172da-e6dd-72fa-18e2-4ff5c51a7159"; ECCEnabled = false; ComputeUnits = 64; NvidiaDriver = "595.71.05"; DriverVersion = 13.2; DevicePciBusId = "0000:C1:00.0"; GlobalMemoryMb = 24361; MaxSupportedVersion = 13020 ]
	Memory = 16384
...
040 (8321903.134.000) 2026-06-26 20:23:18 Started transferring output files
...
040 (8321903.134.000) 2026-06-26 20:23:18 Finished transferring output files
...
004 (8321903.134.000) 2026-06-26 20:23:19 Job was evicted.
	(0) Job terminated and was requeued
		Usr 0 00:48:47, Sys 0 00:00:31  -  Run Remote Usage
		Usr 0 00:00:00, Sys 0 00:00:00  -  Run Local Usage
	103889  -  Run Bytes Sent By Job
	2783885632  -  Run Bytes Received By Job
	(1) Normal termination (return value 1)
	The job attribute OnExitRemove expression 'NumJobCompletions > JobMaxRetries || ExitCode =?= 0' evaluated to FALSE
...
040 (8321903.134.000) 2026-06-26 20:23:40 Started transferring input files
	Transferring to host: <128.105.68.95:9618?addrs=128.105.68.95-9618+[2607-f388-2200-100-1270-fdff-fe74-d18]-9618&alias=gpu2003.chtc.wisc.edu&noUDP&sock=slot2_3_1396438_a60b_1670>
...
040 (8321903.134.000) 2026-06-26 20:23:57 Finished transferring input files
...
001 (8321903.134.000) 2026-06-26 20:23:57 Job executing on host: <128.105.68.95:9618?addrs=128.105.68.95-9618+[2607-f388-2200-100-1270-fdff-fe74-d18]-9618&alias=gpu2003.chtc.wisc.edu&noUDP&sock=startd_12456_5bc2>
	SlotName: slot2_3@gpu2003.chtc.wisc.edu
	AvailableGPUs = { GPUs_GPU_86e0bcca }
	CondorScratchDir = "/var/lib/condor/execute/slot2/dir_2649830/scratch"
	Cpus = 1
	Disk = 16777216
	GPUs = 1
	GPUs_GPU_86e0bcca = [ Id = "GPU-86e0bcca"; Capability = 8.0; DeviceName = "NVIDIA A100-SXM4-80GB"; DeviceUuid = "86e0bcca-06b8-1e2e-c1ab-3dadf81c813b"; ECCEnabled = true; NvidiaDriver = "570.195.03"; DriverVersion = 12.8; DevicePciBusId = "0000:81:00.0"; GlobalMemoryMb = 81154; MaxSupportedVersion = 12080 ]
	IoHeavy = 0
	Memory = 16384
...
040 (8321903.134.000) 2026-06-26 21:05:07 Started transferring output files
...
040 (8321903.134.000) 2026-06-26 21:05:07 Finished transferring output files
...
005 (8321903.134.000) 2026-06-26 21:05:08 Job terminated.
	(1) Normal termination (return value 1)
		Usr 0 01:00:56, Sys 0 00:05:26  -  Run Remote Usage
		Usr 0 00:00:00, Sys 0 00:00:00  -  Run Local Usage
		Usr 0 08:53:28, Sys 0 00:21:25  -  Total Remote Usage
		Usr 0 00:00:00, Sys 0 00:00:00  -  Total Local Usage
	104187  -  Run Bytes Sent By Job
	2783885632  -  Run Bytes Received By Job
	1144081  -  Total Bytes Sent By Job
	30622741952  -  Total Bytes Received By Job
	Partitionable Resources :      Usage  Request Allocated Assigned
	   Cpus                 :       1.00        1         1 
	   Disk (KB)            : 3245688    16777216  16777216 
	   GPUs                 :       0.25        1         1 "GPU-86e0bcca"
	   GpusMemory (MB)      :    8388                       
	   IoHeavy              :                             0 
	   Memory (MB)          :    9766       16384     16384 
	   TimeExecute (s)      :    2470                       
	   TimeSlotBusy (s)     :    2487                       
...
