000 (8180963.014.000) 2026-06-24 12:19:47 Job submitted from host: <128.105.68.112:9618?addrs=128.105.68.112-9618+[2607-f388-2200-100-eaeb-d3ff-fea3-4202]-9618&alias=ap2001.chtc.wisc.edu&noUDP&sock=schedd_4071840_2329>
...
040 (8180963.014.000) 2026-06-24 12:22:42 Started transferring input files
	Transferring to host: <128.104.100.17:9618?addrs=128.104.100.17-9618+[2607-f388-107c-501-527c-6fff-fe66-e9bc]-9618&alias=jcaicedogpu0002.chtc.wisc.edu&noUDP&sock=backfill1_4_2855957_d182_100448>
...
040 (8180963.014.000) 2026-06-24 12:22:46 Finished transferring input files
...
022 (8180963.014.000) 2026-06-24 12:22:46 Job disconnected, attempting to reconnect
    Socket between submit and execute hosts closed unexpectedly
    Trying to reconnect to backfill1_4@jcaicedogpu0002.chtc.wisc.edu <128.104.100.17:9618?addrs=128.104.100.17-9618+[2607-f388-107c-501-527c-6fff-fe66-e9bc]-9618&alias=jcaicedogpu0002.chtc.wisc.edu&noUDP&sock=startd_11788_2a7e>
...
024 (8180963.014.000) 2026-06-24 12:22:46 Job reconnection failed
    Job not found at execution machine
    Can not reconnect to backfill1_4@jcaicedogpu0002.chtc.wisc.edu, rescheduling job
...
004 (8180963.014.000) 2026-06-24 12:22:47 Job was evicted. Code 1008 Subcode 0
	(0) CPU times
		Usr 0 00:00:00, Sys 0 00:00:00  -  Run Remote Usage
		Usr 0 00:00:00, Sys 0 00:00:00  -  Run Local Usage
	0  -  Run Bytes Sent By Job
	0  -  Run Bytes Received By Job
	Reason: Job not found at execution machine
	Partitionable Resources :    Usage  Request Allocated Assigned
	   Cpus                 :        0        1         1 
	   Disk (KB)            :      937 16777216  16777216 
	   GPUs                 :                 1         1 "GPU-8f76f793"
	   IoHeavy              :                           0 
	   Memory (MB)          :             16384     16384 
...
040 (8180963.014.000) 2026-06-24 12:24:26 Started transferring input files
	Transferring to host: <128.105.68.166:9618?addrs=128.105.68.166-9618+[2607-f388-2200-100-b62e-99ff-feb7-2e2d]-9618&alias=gpulab2001.chtc.wisc.edu&noUDP&sock=backfill1_1_11113_dd1d_61865>
...
040 (8180963.014.000) 2026-06-24 12:32:35 Finished transferring input files
...
001 (8180963.014.000) 2026-06-24 12:32:35 Job executing on host: <128.105.68.166:9618?addrs=128.105.68.166-9618+[2607-f388-2200-100-b62e-99ff-feb7-2e2d]-9618&alias=gpulab2001.chtc.wisc.edu&noUDP&sock=startd_10083_ad84>
	SlotName: backfill1_1@gpulab2001.chtc.wisc.edu
	AvailableGPUs = { GPUs_GPU_ddbde25a }
	CondorScratchDir = "/var/lib/condor/execute/slot1/dir_6045/scratch"
	Cpus = 1
	Disk = 16777216
	GPUs = 1
	GPUs_GPU_ddbde25a = [ Id = "GPU-ddbde25a"; Capability = 7.5; DeviceName = "NVIDIA GeForce RTX 2080 Ti"; DeviceUuid = "ddbde25a-1e55-47ba-5b5c-254470a6ec01"; ECCEnabled = false; NvidiaDriver = "570.195.03"; DriverVersion = 12.8; DevicePciBusId = "0000:DB:00.0"; GlobalMemoryMb = 10823; MaxSupportedVersion = 12080 ]
	IoHeavy = 0
	Memory = 16384
...
006 (8180963.014.000) 2026-06-24 12:32:44 Image size of job updated: 301576
	295  -  MemoryUsage of job (MB)
	301576  -  ResidentSetSize of job (KB)
...
006 (8180963.014.000) 2026-06-24 12:37:44 Image size of job updated: 975700
	952  -  MemoryUsage of job (MB)
	974244  -  ResidentSetSize of job (KB)
...
006 (8180963.014.000) 2026-06-24 12:42:45 Image size of job updated: 975700
	952  -  MemoryUsage of job (MB)
	974436  -  ResidentSetSize of job (KB)
...
006 (8180963.014.000) 2026-06-24 12:47:45 Image size of job updated: 977384
	955  -  MemoryUsage of job (MB)
	977384  -  ResidentSetSize of job (KB)
...
006 (8180963.014.000) 2026-06-24 12:52:45 Image size of job updated: 981160
	959  -  MemoryUsage of job (MB)
	981160  -  ResidentSetSize of job (KB)
...
006 (8180963.014.000) 2026-06-24 12:57:46 Image size of job updated: 985228
	963  -  MemoryUsage of job (MB)
	985228  -  ResidentSetSize of job (KB)
...
006 (8180963.014.000) 2026-06-24 13:02:46 Image size of job updated: 989808
	967  -  MemoryUsage of job (MB)
	989808  -  ResidentSetSize of job (KB)
...
006 (8180963.014.000) 2026-06-24 13:07:46 Image size of job updated: 994056
	971  -  MemoryUsage of job (MB)
	994056  -  ResidentSetSize of job (KB)
...
006 (8180963.014.000) 2026-06-24 13:12:47 Image size of job updated: 998820
	976  -  MemoryUsage of job (MB)
	998820  -  ResidentSetSize of job (KB)
...
006 (8180963.014.000) 2026-06-24 13:17:47 Image size of job updated: 1002460
	979  -  MemoryUsage of job (MB)
	1002460  -  ResidentSetSize of job (KB)
...
006 (8180963.014.000) 2026-06-24 13:27:49 Image size of job updated: 1007208
	979  -  MemoryUsage of job (MB)
	1002460  -  ResidentSetSize of job (KB)
...
040 (8180963.014.000) 2026-06-24 13:36:06 Started transferring output files
...
040 (8180963.014.000) 2026-06-24 13:36:06 Finished transferring output files
...
005 (8180963.014.000) 2026-06-24 13:36:07 Job terminated.
	(1) Normal termination (return value 0)
		Usr 0 01:03:39, Sys 0 00:07:06  -  Run Remote Usage
		Usr 0 00:00:00, Sys 0 00:00:00  -  Run Local Usage
		Usr 0 01:03:39, Sys 0 00:07:06  -  Total Remote Usage
		Usr 0 00:00:00, Sys 0 00:00:00  -  Total Local Usage
	1593719  -  Run Bytes Sent By Job
	2683277487  -  Run Bytes Received By Job
	1593719  -  Total Bytes Sent By Job
	2683277487  -  Total Bytes Received By Job
	Partitionable Resources :      Usage  Request Allocated Assigned
	   Cpus                 :       1.00        1         1 
	   Disk (KB)            : 2729388    16777216  16777216 
	   GPUs                 :       0.33        1         1 "GPU-ddbde25a"
	   GpusMemory (MB)      :    2733                       
	   IoHeavy              :                             0 
	   Memory (MB)          :     979       16384     16384 
	   TimeExecute (s)      :    3811                       
	   TimeSlotBusy (s)     :    4300                       
...
