000 (8180963.235.000) 2026-06-24 12:19:47 Job submitted from host: <128.105.68.112:9618?addrs=128.105.68.112-9618+[2607-f388-2200-100-eaeb-d3ff-fea3-4202]-9618&alias=ap2001.chtc.wisc.edu&noUDP&sock=schedd_4071840_2329>
...
040 (8180963.235.000) 2026-06-24 18:31:29 Started transferring input files
	Transferring to host: <128.104.103.48:9618?addrs=128.104.103.48-9618+[2607-f388-107c-501-ae1f-6bff-fe2c-2f00]-9618&alias=vetsigian0001.chtc.wisc.edu&noUDP&sock=slot2_3_10681_7b0b_19471>
...
040 (8180963.235.000) 2026-06-24 18:31:54 Finished transferring input files
...
001 (8180963.235.000) 2026-06-24 18:31:54 Job executing on host: <128.104.103.48:9618?addrs=128.104.103.48-9618+[2607-f388-107c-501-ae1f-6bff-fe2c-2f00]-9618&alias=vetsigian0001.chtc.wisc.edu&noUDP&sock=startd_9913_126b>
	SlotName: slot2_3@vetsigian0001.chtc.wisc.edu
	AvailableGPUs = { GPUs_GPU_a2d98c30 }
	CondorScratchDir = "/var/lib/condor/execute/slot2/dir_218148/scratch"
	Cpus = 1
	Disk = 16777216
	GPUs = 1
	GPUs_GPU_a2d98c30 = [ Id = "GPU-a2d98c30"; Capability = 7.5; DeviceName = "NVIDIA GeForce RTX 2080 Ti"; DeviceUuid = "a2d98c30-a687-6d65-26dc-3e29e88308b6"; ECCEnabled = false; NvidiaDriver = "550.54.14"; DriverVersion = 12.4; DevicePciBusId = "0000:3D:00.0"; GlobalMemoryMb = 11004; MaxSupportedVersion = 12040 ]
	IoHeavy = 0
	Memory = 16384
...
006 (8180963.235.000) 2026-06-24 18:32:04 Image size of job updated: 209768
	205  -  MemoryUsage of job (MB)
	209768  -  ResidentSetSize of job (KB)
...
006 (8180963.235.000) 2026-06-24 18:32:23 Image size of job updated: 506588
	205  -  MemoryUsage of job (MB)
	209916  -  ResidentSetSize of job (KB)
...
040 (8180963.235.000) 2026-06-24 18:32:23 Started transferring output files
...
040 (8180963.235.000) 2026-06-24 18:32:23 Finished transferring output files
...
004 (8180963.235.000) 2026-06-24 18:32:24 Job was evicted.
	(0) Job terminated and was requeued
		Usr 0 00:00:21, Sys 0 00:00:03  -  Run Remote Usage
		Usr 0 00:00:00, Sys 0 00:00:00  -  Run Local Usage
	15606  -  Run Bytes Sent By Job
	2782595595  -  Run Bytes Received By Job
	(1) Normal termination (return value 1)
	The job attribute OnExitRemove expression 'NumJobCompletions > JobMaxRetries || ExitCode =?= 0' evaluated to FALSE
...
040 (8180963.235.000) 2026-06-24 18:32:29 Started transferring input files
	Transferring to host: <128.104.103.48:9618?addrs=128.104.103.48-9618+[2607-f388-107c-501-ae1f-6bff-fe2c-2f00]-9618&alias=vetsigian0001.chtc.wisc.edu&noUDP&sock=slot2_3_10681_7b0b_19472>
...
040 (8180963.235.000) 2026-06-24 18:32:55 Finished transferring input files
...
001 (8180963.235.000) 2026-06-24 18:32:55 Job executing on host: <128.104.103.48:9618?addrs=128.104.103.48-9618+[2607-f388-107c-501-ae1f-6bff-fe2c-2f00]-9618&alias=vetsigian0001.chtc.wisc.edu&noUDP&sock=startd_9913_126b>
	SlotName: slot2_3@vetsigian0001.chtc.wisc.edu
	AvailableGPUs = { GPUs_GPU_a2d98c30 }
	CondorScratchDir = "/var/lib/condor/execute/slot2/dir_220675/scratch"
	Cpus = 1
	Disk = 16777216
	GPUs = 1
	GPUs_GPU_a2d98c30 = [ Id = "GPU-a2d98c30"; Capability = 7.5; DeviceName = "NVIDIA GeForce RTX 2080 Ti"; DeviceUuid = "a2d98c30-a687-6d65-26dc-3e29e88308b6"; ECCEnabled = false; NvidiaDriver = "550.54.14"; DriverVersion = 12.4; DevicePciBusId = "0000:3D:00.0"; GlobalMemoryMb = 11004; MaxSupportedVersion = 12040 ]
	IoHeavy = 0
	Memory = 16384
...
040 (8180963.235.000) 2026-06-24 18:33:23 Started transferring output files
...
040 (8180963.235.000) 2026-06-24 18:33:23 Finished transferring output files
...
004 (8180963.235.000) 2026-06-24 18:33:24 Job was evicted.
	(0) Job terminated and was requeued
		Usr 0 00:00:22, Sys 0 00:00:03  -  Run Remote Usage
		Usr 0 00:00:00, Sys 0 00:00:00  -  Run Local Usage
	15609  -  Run Bytes Sent By Job
	2782595595  -  Run Bytes Received By Job
	(1) Normal termination (return value 1)
	The job attribute OnExitRemove expression 'NumJobCompletions > JobMaxRetries || ExitCode =?= 0' evaluated to FALSE
...
040 (8180963.235.000) 2026-06-24 18:33:32 Started transferring input files
	Transferring to host: <128.104.100.52:9618?addrs=128.104.100.52-9618+[2607-f388-107c-501-7ec2-55ff-fe99-a48c]-9618&alias=jcaicedogpu0000.chtc.wisc.edu&noUDP&sock=backfill1_6_12267_f60c_18688>
...
040 (8180963.235.000) 2026-06-24 18:36:19 Finished transferring input files
...
001 (8180963.235.000) 2026-06-24 18:36:19 Job executing on host: <128.104.100.52:9618?addrs=128.104.100.52-9618+[2607-f388-107c-501-7ec2-55ff-fe99-a48c]-9618&alias=jcaicedogpu0000.chtc.wisc.edu&noUDP&sock=startd_10725_0952>
	SlotName: backfill1_6@jcaicedogpu0000.chtc.wisc.edu
	AvailableGPUs = { GPUs_GPU_29f7db6c }
	CondorScratchDir = "/var/lib/condor/execute/slot1/dir_2384069/scratch"
	Cpus = 1
	Disk = 16777216
	GPUs = 1
	GPUs_GPU_29f7db6c = [ Id = "GPU-29f7db6c"; Capability = 8.9; DeviceName = "NVIDIA L40"; DeviceUuid = "29f7db6c-70b1-c03e-ec02-15769179123a"; ECCEnabled = true; NvidiaDriver = "570.195.03"; DriverVersion = 12.8; DevicePciBusId = "0000:57:00.0"; GlobalMemoryMb = 45468; MaxSupportedVersion = 12080 ]
	IoHeavy = 0
	Memory = 16384
...
006 (8180963.235.000) 2026-06-24 18:36:28 Image size of job updated: 750000
	413  -  MemoryUsage of job (MB)
	422568  -  ResidentSetSize of job (KB)
...
006 (8180963.235.000) 2026-06-24 18:36:35 Image size of job updated: 750000
	413  -  MemoryUsage of job (MB)
	422624  -  ResidentSetSize of job (KB)
...
040 (8180963.235.000) 2026-06-24 18:36:35 Started transferring output files
...
040 (8180963.235.000) 2026-06-24 18:36:35 Finished transferring output files
...
004 (8180963.235.000) 2026-06-24 18:36:36 Job was evicted.
	(0) Job terminated and was requeued
		Usr 0 00:00:14, Sys 0 00:00:01  -  Run Remote Usage
		Usr 0 00:00:00, Sys 0 00:00:00  -  Run Local Usage
	15621  -  Run Bytes Sent By Job
	2782595595  -  Run Bytes Received By Job
	(1) Normal termination (return value 1)
	The job attribute OnExitRemove expression 'NumJobCompletions > JobMaxRetries || ExitCode =?= 0' evaluated to FALSE
...
040 (8180963.235.000) 2026-06-24 18:47:19 Started transferring input files
	Transferring to host: <10.32.89.45:35823?CCBID=128.105.82.148:9618%3faddrs%3d128.105.82.148-9618+[2607-f388-2200-9d-7ccb-bc08-2489-7689]-9618%26alias%3dospool-ccb.osg.chtc.io%26noUDP%26sock%3dcollector1#4750425%2067.58.49.91:9618%3faddrs%3d67.58.49.91-9618+[fdf0-17b3-c3ec-1f79-10-0-d-2091]-9618%26alias%3dccb-2.ospool.osg-htc.org%26noUDP%26sock%3dcollector5#4747008&PrivNet=qa-rtx6k-036.crc.nd.edu&addrs=10.32.89.45-35823&alias=qa-rtx6k-036.crc.nd.edu&noUDP>
...
040 (8180963.235.000) 2026-06-24 18:47:42 Finished transferring input files
...
021 (8180963.235.000) 2026-06-24 18:47:43 Message from starter on slot1_1@glidein_1372746_22069148@qa-rtx6k-036.crc.nd.edu:
	PREPARE_JOB (prepare-hook) succeeded (reported status 000): Using Singularity image openfe_1.11.1.sif
...
001 (8180963.235.000) 2026-06-24 18:47:43 Job executing on host: <10.32.89.45:45339?CCBID=128.105.82.148:9618%3faddrs%3d128.105.82.148-9618+[2607-f388-2200-9d-7ccb-bc08-2489-7689]-9618%26alias%3dospool-ccb.osg.chtc.io%26noUDP%26sock%3dcollector6#4723535%2067.58.49.91:9618%3faddrs%3d67.58.49.91-9618+[fdf0-17b3-c3ec-1f79-10-0-d-2091]-9618%26alias%3dccb-2.ospool.osg-htc.org%26noUDP%26sock%3dcollector6#4715995&PrivNet=qa-rtx6k-036.crc.nd.edu&addrs=10.32.89.45-45339&alias=qa-rtx6k-036.crc.nd.edu&noUDP>
	SlotName: slot1_1@glidein_1372746_22069148@qa-rtx6k-036.crc.nd.edu
	AvailableGPUs = { GPUs_GPU_820caa14 }
	CondorScratchDir = "/var/condor/execute/dir_1372744/glide_TFoPP1/execute/dir_1643664/scratch"
	Cpus = 1
	Disk = 16777216
	GPUs = 1
	GPUs_GPU_820caa14 = [ Id = "GPU-820caa14"; ClockMhz = 1620.0; Capability = 7.5; CoresPerCU = 64; DeviceName = "Quadro RTX 6000"; DeviceUuid = "820caa14-e2be-bc5f-e9f5-21d3f16e9b1e"; ECCEnabled = true; ComputeUnits = 72; NvidiaDriver = "595.71.05"; DriverVersion = 13.2; DevicePciBusId = "0000:06:00.0"; GlobalMemoryMb = 22684; MaxSupportedVersion = 13020 ]
	Memory = 16384
...
006 (8180963.235.000) 2026-06-24 18:47:52 Image size of job updated: 4338992
	416  -  MemoryUsage of job (MB)
	425000  -  ResidentSetSize of job (KB)
...
006 (8180963.235.000) 2026-06-24 18:48:12 Image size of job updated: 10502480
	715  -  MemoryUsage of job (MB)
	731696  -  ResidentSetSize of job (KB)
...
040 (8180963.235.000) 2026-06-24 18:48:12 Started transferring output files
...
040 (8180963.235.000) 2026-06-24 18:48:12 Finished transferring output files
...
004 (8180963.235.000) 2026-06-24 18:48:12 Job was evicted.
	(0) Job terminated and was requeued
		Usr 0 00:00:14, Sys 0 00:00:02  -  Run Remote Usage
		Usr 0 00:00:00, Sys 0 00:00:00  -  Run Local Usage
	10345  -  Run Bytes Sent By Job
	2782595595  -  Run Bytes Received By Job
	(1) Normal termination (return value 1)
	The job attribute OnExitRemove expression 'NumJobCompletions > JobMaxRetries || ExitCode =?= 0' evaluated to FALSE
...
040 (8180963.235.000) 2026-06-24 18:48:37 Started transferring input files
	Transferring to host: <128.104.100.17:9618?addrs=128.104.100.17-9618+[2607-f388-107c-501-527c-6fff-fe66-e9bc]-9618&alias=jcaicedogpu0002.chtc.wisc.edu&noUDP&sock=backfill1_6_2855957_d182_102069>
...
040 (8180963.235.000) 2026-06-24 18:48:58 Finished transferring input files
...
001 (8180963.235.000) 2026-06-24 18:48:58 Job executing on host: <128.104.100.17:9618?addrs=128.104.100.17-9618+[2607-f388-107c-501-527c-6fff-fe66-e9bc]-9618&alias=jcaicedogpu0002.chtc.wisc.edu&noUDP&sock=startd_11788_2a7e>
	SlotName: backfill1_6@jcaicedogpu0002.chtc.wisc.edu
	AvailableGPUs = { GPUs_GPU_512c609b }
	CondorScratchDir = "/var/lib/condor/execute/slot1/dir_2589025/scratch"
	Cpus = 1
	Disk = 16777216
	GPUs = 1
	GPUs_GPU_512c609b = [ Id = "GPU-512c609b"; Capability = 8.9; DeviceName = "NVIDIA L40S"; DeviceUuid = "512c609b-e4d7-227e-0af3-36b95fccd70f"; ECCEnabled = true; NvidiaDriver = "570.195.03"; DriverVersion = 12.8; DevicePciBusId = "0000:50:00.0"; GlobalMemoryMb = 45468; MaxSupportedVersion = 12080 ]
	IoHeavy = 0
	Memory = 16384
...
040 (8180963.235.000) 2026-06-24 18:49:15 Started transferring output files
...
040 (8180963.235.000) 2026-06-24 18:49:15 Finished transferring output files
...
004 (8180963.235.000) 2026-06-24 18:49:15 Job was evicted.
	(0) Job terminated and was requeued
		Usr 0 00:00:12, Sys 0 00:00:02  -  Run Remote Usage
		Usr 0 00:00:00, Sys 0 00:00:00  -  Run Local Usage
	15621  -  Run Bytes Sent By Job
	2782595595  -  Run Bytes Received By Job
	(1) Normal termination (return value 1)
	The job attribute OnExitRemove expression 'NumJobCompletions > JobMaxRetries || ExitCode =?= 0' evaluated to FALSE
...
040 (8180963.235.000) 2026-06-24 18:50:08 Started transferring input files
	Transferring to host: <10.32.89.45:40697?CCBID=128.105.82.148:9618%3faddrs%3d128.105.82.148-9618+[2607-f388-2200-9d-7ccb-bc08-2489-7689]-9618%26alias%3dospool-ccb.osg.chtc.io%26noUDP%26sock%3dcollector6#4754308%2067.58.49.91:9618%3faddrs%3d67.58.49.91-9618+[fdf0-17b3-c3ec-1f79-10-0-d-2091]-9618%26alias%3dccb-2.ospool.osg-htc.org%26noUDP%26sock%3dcollector2#4749146&PrivNet=qa-rtx6k-036.crc.nd.edu&addrs=10.32.89.45-40697&alias=qa-rtx6k-036.crc.nd.edu&noUDP>
...
040 (8180963.235.000) 2026-06-24 18:51:17 Finished transferring input files
...
021 (8180963.235.000) 2026-06-24 18:51:17 Message from starter on slot1_1@glidein_1372746_22069148@qa-rtx6k-036.crc.nd.edu:
	PREPARE_JOB (prepare-hook) succeeded (reported status 000): Using Singularity image openfe_1.11.1.sif
...
001 (8180963.235.000) 2026-06-24 18:51:17 Job executing on host: <10.32.89.45:45339?CCBID=128.105.82.148:9618%3faddrs%3d128.105.82.148-9618+[2607-f388-2200-9d-7ccb-bc08-2489-7689]-9618%26alias%3dospool-ccb.osg.chtc.io%26noUDP%26sock%3dcollector6#4723535%2067.58.49.91:9618%3faddrs%3d67.58.49.91-9618+[fdf0-17b3-c3ec-1f79-10-0-d-2091]-9618%26alias%3dccb-2.ospool.osg-htc.org%26noUDP%26sock%3dcollector6#4715995&PrivNet=qa-rtx6k-036.crc.nd.edu&addrs=10.32.89.45-45339&alias=qa-rtx6k-036.crc.nd.edu&noUDP>
	SlotName: slot1_1@glidein_1372746_22069148@qa-rtx6k-036.crc.nd.edu
	AvailableGPUs = { GPUs_GPU_820caa14 }
	CondorScratchDir = "/var/condor/execute/dir_1372744/glide_TFoPP1/execute/dir_1646770/scratch"
	Cpus = 1
	Disk = 16777216
	GPUs = 1
	GPUs_GPU_820caa14 = [ Id = "GPU-820caa14"; ClockMhz = 1620.0; Capability = 7.5; CoresPerCU = 64; DeviceName = "Quadro RTX 6000"; DeviceUuid = "820caa14-e2be-bc5f-e9f5-21d3f16e9b1e"; ECCEnabled = true; ComputeUnits = 72; NvidiaDriver = "595.71.05"; DriverVersion = 13.2; DevicePciBusId = "0000:06:00.0"; GlobalMemoryMb = 22684; MaxSupportedVersion = 13020 ]
	Memory = 16384
...
040 (8180963.235.000) 2026-06-24 18:51:47 Started transferring output files
...
040 (8180963.235.000) 2026-06-24 18:51:47 Finished transferring output files
...
004 (8180963.235.000) 2026-06-24 18:51:47 Job was evicted.
	(0) Job terminated and was requeued
		Usr 0 00:00:11, Sys 0 00:00:01  -  Run Remote Usage
		Usr 0 00:00:00, Sys 0 00:00:00  -  Run Local Usage
	10345  -  Run Bytes Sent By Job
	2782595595  -  Run Bytes Received By Job
	(1) Normal termination (return value 1)
	The job attribute OnExitRemove expression 'NumJobCompletions > JobMaxRetries || ExitCode =?= 0' evaluated to FALSE
...
040 (8180963.235.000) 2026-06-24 18:52:51 Started transferring input files
	Transferring to host: <10.1.1.136:43005?CCBID=128.105.82.148:9618%3faddrs%3d128.105.82.148-9618+[2607-f388-2200-9d-7ccb-bc08-2489-7689]-9618%26alias%3dospool-ccb.osg.chtc.io%26noUDP%26sock%3dcollector5#4747282%2067.58.49.91:9618%3faddrs%3d67.58.49.91-9618+[fdf0-17b3-c3ec-1f79-10-0-d-2091]-9618%26alias%3dccb-2.ospool.osg-htc.org%26noUDP%26sock%3dcollector1#4744925&PrivNet=gpu06&addrs=10.1.1.136-43005&alias=gpu06&noUDP>
...
040 (8180963.235.000) 2026-06-24 18:53:46 Finished transferring input files
...
021 (8180963.235.000) 2026-06-24 18:53:46 Message from starter on slot1_2@glidein_2268772_873989612@gpu06:
	PREPARE_JOB (prepare-hook) succeeded (reported status 000): Using Singularity image openfe_1.11.1.sif
...
001 (8180963.235.000) 2026-06-24 18:53:46 Job executing on host: <10.1.1.136:34271?CCBID=128.105.82.148:9618%3faddrs%3d128.105.82.148-9618+[2607-f388-2200-9d-7ccb-bc08-2489-7689]-9618%26alias%3dospool-ccb.osg.chtc.io%26noUDP%26sock%3dcollector7#4711159%2067.58.49.91:9618%3faddrs%3d67.58.49.91-9618+[fdf0-17b3-c3ec-1f79-10-0-d-2091]-9618%26alias%3dccb-2.ospool.osg-htc.org%26noUDP%26sock%3dcollector1#4706715&PrivNet=gpu06&addrs=10.1.1.136-34271&alias=gpu06&noUDP>
	SlotName: slot1_2@glidein_2268772_873989612@gpu06
	AvailableGPUs = { GPUs_GPU_6fe725ee }
	CondorScratchDir = "/tmp/glide_ZxpUSc/execute/dir_2683900/scratch"
	Cpus = 1
	Disk = 16777216
	GPUs = 1
	GPUs_GPU_6fe725ee = [ Id = "GPU-6fe725ee"; ClockMhz = 1695.0; Capability = 8.6; CoresPerCU = 128; DeviceName = "NVIDIA RTX A5000"; DeviceUuid = "6fe725ee-8851-6031-8013-3c523180aedf"; ECCEnabled = false; ComputeUnits = 64; NvidiaDriver = "595.71.05"; DriverVersion = 13.2; DevicePciBusId = "0000:41:00.0"; GlobalMemoryMb = 24361; MaxSupportedVersion = 13020 ]
	Memory = 16384
...
040 (8180963.235.000) 2026-06-24 18:54:11 Started transferring output files
...
040 (8180963.235.000) 2026-06-24 18:54:11 Finished transferring output files
...
004 (8180963.235.000) 2026-06-24 18:54:12 Job was evicted.
	(0) Job terminated and was requeued
		Usr 0 00:00:14, Sys 0 00:00:02  -  Run Remote Usage
		Usr 0 00:00:00, Sys 0 00:00:00  -  Run Local Usage
	10407  -  Run Bytes Sent By Job
	2782595595  -  Run Bytes Received By Job
	(1) Normal termination (return value 1)
	The job attribute OnExitRemove expression 'NumJobCompletions > JobMaxRetries || ExitCode =?= 0' evaluated to FALSE
...
040 (8180963.235.000) 2026-06-24 18:56:44 Started transferring input files
	Transferring to host: <128.105.69.60:9618?addrs=128.105.69.60-9618+[2607-f388-2200-100-527c-6fff-fe66-e7e2]-9618&alias=blengerichgpu4000.chtc.wisc.edu&noUDP&sock=backfill1_5_1843674_de95_105017>
...
040 (8180963.235.000) 2026-06-24 18:56:54 Finished transferring input files
...
001 (8180963.235.000) 2026-06-24 18:56:54 Job executing on host: <128.105.69.60:9618?addrs=128.105.69.60-9618+[2607-f388-2200-100-527c-6fff-fe66-e7e2]-9618&alias=blengerichgpu4000.chtc.wisc.edu&noUDP&sock=startd_11585_ecc4>
	SlotName: backfill1_5@blengerichgpu4000.chtc.wisc.edu
	AvailableGPUs = { GPUs_GPU_aba9f117 }
	CondorScratchDir = "/var/lib/condor/execute/slot1/dir_3396234/scratch"
	Cpus = 1
	Disk = 16777216
	GPUs = 1
	GPUs_GPU_aba9f117 = [ Id = "GPU-aba9f117"; Capability = 8.9; DeviceName = "NVIDIA L40S"; DeviceUuid = "aba9f117-f41d-a8b4-01b7-d31c0515b86c"; ECCEnabled = true; NvidiaDriver = "570.195.03"; DriverVersion = 12.8; DevicePciBusId = "0000:63:00.0"; GlobalMemoryMb = 45468; MaxSupportedVersion = 12080 ]
	IoHeavy = 0
	Memory = 16384
...
040 (8180963.235.000) 2026-06-24 18:57:08 Started transferring output files
...
040 (8180963.235.000) 2026-06-24 18:57:08 Finished transferring output files
...
004 (8180963.235.000) 2026-06-24 18:57:08 Job was evicted.
	(0) Job terminated and was requeued
		Usr 0 00:00:10, Sys 0 00:00:01  -  Run Remote Usage
		Usr 0 00:00:00, Sys 0 00:00:00  -  Run Local Usage
	15632  -  Run Bytes Sent By Job
	2782595595  -  Run Bytes Received By Job
	(1) Normal termination (return value 1)
	The job attribute OnExitRemove expression 'NumJobCompletions > JobMaxRetries || ExitCode =?= 0' evaluated to FALSE
...
040 (8180963.235.000) 2026-06-24 18:57:26 Started transferring input files
	Transferring to host: <128.105.69.34:9618?addrs=128.105.69.34-9618+[2607-f388-2200-100-527c-6fff-fe66-ea4a]-9618&alias=mkhodakgpu4000.chtc.wisc.edu&noUDP&sock=backfill1_2_2685916_8d1f_104808>
...
040 (8180963.235.000) 2026-06-24 18:57:37 Finished transferring input files
...
001 (8180963.235.000) 2026-06-24 18:57:37 Job executing on host: <128.105.69.34:9618?addrs=128.105.69.34-9618+[2607-f388-2200-100-527c-6fff-fe66-ea4a]-9618&alias=mkhodakgpu4000.chtc.wisc.edu&noUDP&sock=startd_11796_a740>
	SlotName: backfill1_2@mkhodakgpu4000.chtc.wisc.edu
	AvailableGPUs = { GPUs_GPU_b726e2bd }
	CondorScratchDir = "/var/lib/condor/execute/slot1/dir_4157900/scratch"
	Cpus = 1
	Disk = 16777216
	GPUs = 1
	GPUs_GPU_b726e2bd = [ Id = "GPU-b726e2bd"; Capability = 8.9; DeviceName = "NVIDIA L40S"; DeviceUuid = "b726e2bd-afd0-b48a-3d15-5e98045f7f74"; ECCEnabled = true; NvidiaDriver = "570.195.03"; DriverVersion = 12.8; DevicePciBusId = "0000:CF:00.0"; GlobalMemoryMb = 45468; MaxSupportedVersion = 12080 ]
	IoHeavy = 0
	Memory = 16384
...
040 (8180963.235.000) 2026-06-24 18:57:52 Started transferring output files
...
040 (8180963.235.000) 2026-06-24 18:57:52 Finished transferring output files
...
004 (8180963.235.000) 2026-06-24 18:57:53 Job was evicted.
	(0) Job terminated and was requeued
		Usr 0 00:00:11, Sys 0 00:00:02  -  Run Remote Usage
		Usr 0 00:00:00, Sys 0 00:00:00  -  Run Local Usage
	15617  -  Run Bytes Sent By Job
	2782595595  -  Run Bytes Received By Job
	(1) Normal termination (return value 1)
	The job attribute OnExitRemove expression 'NumJobCompletions > JobMaxRetries || ExitCode =?= 0' evaluated to FALSE
...
040 (8180963.235.000) 2026-06-24 18:59:28 Started transferring input files
	Transferring to host: <128.105.68.124:9618?addrs=128.105.68.124-9618+[2607-f388-2200-100-7ec2-55ff-fe99-a508]-9618&alias=dsigpu4001.chtc.wisc.edu&noUDP&sock=slot2_10_205874_9b6d_90700>
...
040 (8180963.235.000) 2026-06-24 18:59:41 Finished transferring input files
...
001 (8180963.235.000) 2026-06-24 18:59:41 Job executing on host: <128.105.68.124:9618?addrs=128.105.68.124-9618+[2607-f388-2200-100-7ec2-55ff-fe99-a508]-9618&alias=dsigpu4001.chtc.wisc.edu&noUDP&sock=startd_10787_9031>
	SlotName: slot2_10@dsigpu4001.chtc.wisc.edu
	AvailableGPUs = { GPUs_GPU_a6884cc7 }
	CondorScratchDir = "/var/lib/condor/execute/slot2/dir_2729255/scratch"
	Cpus = 1
	Disk = 16777216
	GPUs = 1
	GPUs_GPU_a6884cc7 = [ Id = "GPU-a6884cc7"; Capability = 8.9; DeviceName = "NVIDIA L40"; DeviceUuid = "a6884cc7-3a99-c3dc-73ba-2983dd2049bd"; ECCEnabled = true; NvidiaDriver = "570.195.03"; DriverVersion = 12.8; DevicePciBusId = "0000:D6:00.0"; GlobalMemoryMb = 45468; MaxSupportedVersion = 12080 ]
	IoHeavy = 0
	Memory = 16384
...
040 (8180963.235.000) 2026-06-24 18:59:58 Started transferring output files
...
040 (8180963.235.000) 2026-06-24 18:59:58 Finished transferring output files
...
004 (8180963.235.000) 2026-06-24 18:59:58 Job was evicted.
	(0) Job terminated and was requeued
		Usr 0 00:00:14, Sys 0 00:00:02  -  Run Remote Usage
		Usr 0 00:00:00, Sys 0 00:00:00  -  Run Local Usage
	15601  -  Run Bytes Sent By Job
	2782595595  -  Run Bytes Received By Job
	(1) Normal termination (return value 1)
	The job attribute OnExitRemove expression 'NumJobCompletions > JobMaxRetries || ExitCode =?= 0' evaluated to FALSE
...
040 (8180963.235.000) 2026-06-24 19:00:48 Started transferring input files
	Transferring to host: <128.105.76.51:9618?addrs=128.105.76.51-9618+[2607-f388-2200-100-925a-8ff-fe34-15b6]-9618&alias=zliu-chtcgpu5000.chtc.wisc.edu&noUDP&sock=backfill1_2_98764_ec29_46991>
...
040 (8180963.235.000) 2026-06-24 19:01:04 Finished transferring input files
...
001 (8180963.235.000) 2026-06-24 19:01:04 Job executing on host: <128.105.76.51:9618?addrs=128.105.76.51-9618+[2607-f388-2200-100-925a-8ff-fe34-15b6]-9618&alias=zliu-chtcgpu5000.chtc.wisc.edu&noUDP&sock=startd_98388_901b>
	SlotName: backfill1_2@zliu-chtcgpu5000.chtc.wisc.edu
	AvailableGPUs = { GPUs_GPU_f282a2af }
	CondorScratchDir = "/var/lib/condor/execute/slot1/dir_433458/scratch"
	Cpus = 1
	Disk = 16777216
	GPUs = 1
	GPUs_GPU_f282a2af = [ Id = "GPU-f282a2af"; Capability = 8.9; DeviceName = "NVIDIA L40S"; DeviceUuid = "f282a2af-1c3f-1bc8-7ad4-fcd2362438d9"; ECCEnabled = true; NvidiaDriver = "590.48.01"; DriverVersion = 13.1; DevicePciBusId = "0000:81:00.0"; GlobalMemoryMb = 45460; MaxSupportedVersion = 13010 ]
	IoHeavy = 0
	Memory = 16384
...
040 (8180963.235.000) 2026-06-24 19:01:16 Started transferring output files
...
040 (8180963.235.000) 2026-06-24 19:01:16 Finished transferring output files
...
005 (8180963.235.000) 2026-06-24 19:01:17 Job terminated.
	(1) Normal termination (return value 1)
		Usr 0 00:00:09, Sys 0 00:00:02  -  Run Remote Usage
		Usr 0 00:00:00, Sys 0 00:00:00  -  Run Local Usage
		Usr 0 00:02:32, Sys 0 00:00:21  -  Total Remote Usage
		Usr 0 00:00:00, Sys 0 00:00:00  -  Total Local Usage
	15674  -  Run Bytes Sent By Job
	2782595595  -  Run Bytes Received By Job
	156078  -  Total Bytes Sent By Job
	30608551545  -  Total Bytes Received By Job
	Partitionable Resources :    Usage  Request Allocated Assigned
	   Cpus                 :        0        1         1 
	   Disk (KB)            :  2719032 16777216  16777216 
	   GPUs                 :        0        1         1 "GPU-f282a2af"
	   IoHeavy              :                           0 
	   Memory (MB)          :      733    16384     16384 
	   TimeExecute (s)      :       12                    
	   TimeSlotBusy (s)     :       28                    
...
