000 (8017966.158.000) 2026-06-20 22:07:54 Job submitted from host: <128.105.68.112:9618?addrs=128.105.68.112-9618+[2607-f388-2200-100-eaeb-d3ff-fea3-4202]-9618&alias=ap2001.chtc.wisc.edu&noUDP&sock=schedd_4071840_2329>
...
040 (8017966.158.000) 2026-06-20 23:41:39 Started transferring input files
	Transferring to host: <10.226.104.214:44189?CCBID=128.105.82.148:9618%3faddrs%3d128.105.82.148-9618+[2607-f388-2200-9d-7ccb-bc08-2489-768a]-9618%26alias%3dospool-ccb.osg.chtc.io%26noUDP%26sock%3dcollector4#4291216%2067.58.49.91:9618%3faddrs%3d67.58.49.91-9618+[fdf0-17b3-c3ec-1f79-10-0-e-b69d]-9618%26alias%3dccb-2.ospool.osg-htc.org%26noUDP%26sock%3dcollector8#4287553&PrivNet=gpu014.rci.montana.edu&addrs=10.226.104.214-44189&alias=gpu014.rci.montana.edu&noUDP>
...
040 (8017966.158.000) 2026-06-20 23:42:49 Finished transferring input files
...
021 (8017966.158.000) 2026-06-20 23:42:50 Message from starter on slot1_1@glidein_3033527_525812661@gpu014.rci.montana.edu:
	PREPARE_JOB (prepare-hook) succeeded (reported status 000): Using Singularity image openfe_1.11.1.sif
...
001 (8017966.158.000) 2026-06-20 23:42:50 Job executing on host: <10.226.104.214:42909?CCBID=128.105.82.148:9618%3faddrs%3d128.105.82.148-9618+[2607-f388-2200-9d-7ccb-bc08-2489-768a]-9618%26alias%3dospool-ccb.osg.chtc.io%26noUDP%26sock%3dcollector4#4178707%2067.58.49.91:9618%3faddrs%3d67.58.49.91-9618+[fdf0-17b3-c3ec-1f79-10-0-e-b69d]-9618%26alias%3dccb-2.ospool.osg-htc.org%26noUDP%26sock%3dcollector8#4174991&PrivNet=gpu014.rci.montana.edu&addrs=10.226.104.214-42909&alias=gpu014.rci.montana.edu&noUDP>
	SlotName: slot1_1@glidein_3033527_525812661@gpu014.rci.montana.edu
	AvailableGPUs = { GPUs_GPU_7f7e6323 }
	CondorScratchDir = "/tmp/jobs/4082228/glide_tKDcCp/execute/dir_2440058/scratch"
	Cpus = 1
	Disk = 16777216
	GPUs = 1
	GPUs_GPU_7f7e6323 = [ Id = "GPU-7f7e6323"; ClockMhz = 1410.0; Capability = 8.0; CoresPerCU = 64; DeviceName = "NVIDIA A100-SXM4-40GB"; DeviceUuid = "7f7e6323-8156-b33d-2f9c-2850ce01a4d8"; ECCEnabled = true; ComputeUnits = 108; NvidiaDriver = "595.71.05"; DriverVersion = 13.2; DevicePciBusId = "0000:01:00.0"; GlobalMemoryMb = 40441; MaxSupportedVersion = 13020 ]
	Memory = 16384
...
006 (8017966.158.000) 2026-06-20 23:42:59 Image size of job updated: 9898788
	459  -  MemoryUsage of job (MB)
	469960  -  ResidentSetSize of job (KB)
...
006 (8017966.158.000) 2026-06-20 23:48:00 Image size of job updated: 34486816
	3819  -  MemoryUsage of job (MB)
	3910068  -  ResidentSetSize of job (KB)
...
006 (8017966.158.000) 2026-06-20 23:53:00 Image size of job updated: 39525264
	4881  -  MemoryUsage of job (MB)
	4998032  -  ResidentSetSize of job (KB)
...
006 (8017966.158.000) 2026-06-20 23:58:01 Image size of job updated: 45876680
	6217  -  MemoryUsage of job (MB)
	6365572  -  ResidentSetSize of job (KB)
...
006 (8017966.158.000) 2026-06-21 00:13:03 Image size of job updated: 46484452
	6217  -  MemoryUsage of job (MB)
	6365572  -  ResidentSetSize of job (KB)
...
006 (8017966.158.000) 2026-06-21 00:18:03 Image size of job updated: 46484452
	6306  -  MemoryUsage of job (MB)
	6456756  -  ResidentSetSize of job (KB)
...
006 (8017966.158.000) 2026-06-21 00:23:04 Image size of job updated: 47093460
	7627  -  MemoryUsage of job (MB)
	7809048  -  ResidentSetSize of job (KB)
...
040 (8017966.158.000) 2026-06-21 00:23:53 Started transferring output files
...
040 (8017966.158.000) 2026-06-21 00:24:06 Finished transferring output files
...
004 (8017966.158.000) 2026-06-21 00:24:07 Job was evicted.
	(0) Job terminated and was requeued
		Usr 0 00:42:58, Sys 0 00:01:08  -  Run Remote Usage
		Usr 0 00:00:00, Sys 0 00:00:00  -  Run Local Usage
	418691052  -  Run Bytes Sent By Job
	2784128562  -  Run Bytes Received By Job
	(1) Normal termination (return value 1)
	The job attribute OnExitRemove expression 'NumJobCompletions > JobMaxRetries || ExitCode =?= 0' evaluated to FALSE
...
040 (8017966.158.000) 2026-06-21 00:24:17 Started transferring input files
	Transferring to host: <128.105.68.103:9618?addrs=128.105.68.103-9618+[2607-f388-2200-100-1270-fdff-fe74-930]-9618&alias=gpu2011.chtc.wisc.edu&noUDP&sock=slot2_4_3669582_3c1f_85384>
...
040 (8017966.158.000) 2026-06-21 00:24:32 Finished transferring input files
...
001 (8017966.158.000) 2026-06-21 00:24:32 Job executing on host: <128.105.68.103:9618?addrs=128.105.68.103-9618+[2607-f388-2200-100-1270-fdff-fe74-930]-9618&alias=gpu2011.chtc.wisc.edu&noUDP&sock=startd_12054_9eaf>
	SlotName: slot2_4@gpu2011.chtc.wisc.edu
	AvailableGPUs = { GPUs_MIG_32824ab3_5d16_5bfb_9740_8edf44cecb09 }
	CondorScratchDir = "/var/lib/condor/execute/slot2/dir_2898848/scratch"
	Cpus = 1
	Disk = 16777216
	GPUs = 1
	GPUs_MIG_32824ab3_5d16_5bfb_9740_8edf44cecb09 = [ Id = "MIG-32824ab3-5d16-5bfb-9740-8edf44cecb09"; Capability = 8.0; DeviceName = "NVIDIA A100-SXM4-80GB MIG 3g.40gb"; DeviceUuid = "MIG-32824ab3-5d16-5bfb-9740-8edf44cecb09"; ECCEnabled = true; NvidiaDriver = "570.195.03"; DriverVersion = 12.8; DevicePciBusId = "0000:41:00.0"; GlobalMemoryMb = 40100; MaxSupportedVersion = 12080 ]
	IoHeavy = 0
	Memory = 16384
...
040 (8017966.158.000) 2026-06-21 00:24:36 Started transferring output files
...
040 (8017966.158.000) 2026-06-21 00:24:37 Finished transferring output files
...
004 (8017966.158.000) 2026-06-21 00:24:38 Job was evicted.
	(0) Job terminated and was requeued
		Usr 0 00:00:02, Sys 0 00:00:01  -  Run Remote Usage
		Usr 0 00:00:00, Sys 0 00:00:00  -  Run Local Usage
	418678564  -  Run Bytes Sent By Job
	3202806638  -  Run Bytes Received By Job
	(1) Normal termination (return value 2)
	The job attribute OnExitRemove expression 'NumJobCompletions > JobMaxRetries || ExitCode =?= 0' evaluated to FALSE
...
040 (8017966.158.000) 2026-06-21 00:24:46 Started transferring input files
	Transferring to host: <128.105.68.103:9618?addrs=128.105.68.103-9618+[2607-f388-2200-100-1270-fdff-fe74-930]-9618&alias=gpu2011.chtc.wisc.edu&noUDP&sock=slot2_4_3669582_3c1f_85385>
...
040 (8017966.158.000) 2026-06-21 00:25:03 Finished transferring input files
...
001 (8017966.158.000) 2026-06-21 00:25:03 Job executing on host: <128.105.68.103:9618?addrs=128.105.68.103-9618+[2607-f388-2200-100-1270-fdff-fe74-930]-9618&alias=gpu2011.chtc.wisc.edu&noUDP&sock=startd_12054_9eaf>
	SlotName: slot2_4@gpu2011.chtc.wisc.edu
	AvailableGPUs = { GPUs_MIG_32824ab3_5d16_5bfb_9740_8edf44cecb09 }
	CondorScratchDir = "/var/lib/condor/execute/slot2/dir_2899356/scratch"
	Cpus = 1
	Disk = 16777216
	GPUs = 1
	GPUs_MIG_32824ab3_5d16_5bfb_9740_8edf44cecb09 = [ Id = "MIG-32824ab3-5d16-5bfb-9740-8edf44cecb09"; Capability = 8.0; DeviceName = "NVIDIA A100-SXM4-80GB MIG 3g.40gb"; DeviceUuid = "MIG-32824ab3-5d16-5bfb-9740-8edf44cecb09"; ECCEnabled = true; NvidiaDriver = "570.195.03"; DriverVersion = 12.8; DevicePciBusId = "0000:41:00.0"; GlobalMemoryMb = 40100; MaxSupportedVersion = 12080 ]
	IoHeavy = 0
	Memory = 16384
...
040 (8017966.158.000) 2026-06-21 00:25:07 Started transferring output files
...
040 (8017966.158.000) 2026-06-21 00:25:08 Finished transferring output files
...
004 (8017966.158.000) 2026-06-21 00:25:09 Job was evicted.
	(0) Job terminated and was requeued
		Usr 0 00:00:02, Sys 0 00:00:01  -  Run Remote Usage
		Usr 0 00:00:00, Sys 0 00:00:00  -  Run Local Usage
	418678564  -  Run Bytes Sent By Job
	3202806638  -  Run Bytes Received By Job
	(1) Normal termination (return value 2)
	The job attribute OnExitRemove expression 'NumJobCompletions > JobMaxRetries || ExitCode =?= 0' evaluated to FALSE
...
040 (8017966.158.000) 2026-06-21 00:25:14 Started transferring input files
	Transferring to host: <128.105.68.103:9618?addrs=128.105.68.103-9618+[2607-f388-2200-100-1270-fdff-fe74-930]-9618&alias=gpu2011.chtc.wisc.edu&noUDP&sock=slot2_4_3669582_3c1f_85389>
...
040 (8017966.158.000) 2026-06-21 00:25:30 Finished transferring input files
...
001 (8017966.158.000) 2026-06-21 00:25:30 Job executing on host: <128.105.68.103:9618?addrs=128.105.68.103-9618+[2607-f388-2200-100-1270-fdff-fe74-930]-9618&alias=gpu2011.chtc.wisc.edu&noUDP&sock=startd_12054_9eaf>
	SlotName: slot2_4@gpu2011.chtc.wisc.edu
	AvailableGPUs = { GPUs_MIG_32824ab3_5d16_5bfb_9740_8edf44cecb09 }
	CondorScratchDir = "/var/lib/condor/execute/slot2/dir_2899929/scratch"
	Cpus = 1
	Disk = 16777216
	GPUs = 1
	GPUs_MIG_32824ab3_5d16_5bfb_9740_8edf44cecb09 = [ Id = "MIG-32824ab3-5d16-5bfb-9740-8edf44cecb09"; Capability = 8.0; DeviceName = "NVIDIA A100-SXM4-80GB MIG 3g.40gb"; DeviceUuid = "MIG-32824ab3-5d16-5bfb-9740-8edf44cecb09"; ECCEnabled = true; NvidiaDriver = "570.195.03"; DriverVersion = 12.8; DevicePciBusId = "0000:41:00.0"; GlobalMemoryMb = 40100; MaxSupportedVersion = 12080 ]
	IoHeavy = 0
	Memory = 16384
...
040 (8017966.158.000) 2026-06-21 00:25:34 Started transferring output files
...
040 (8017966.158.000) 2026-06-21 00:25:35 Finished transferring output files
...
004 (8017966.158.000) 2026-06-21 00:25:36 Job was evicted.
	(0) Job terminated and was requeued
		Usr 0 00:00:02, Sys 0 00:00:01  -  Run Remote Usage
		Usr 0 00:00:00, Sys 0 00:00:00  -  Run Local Usage
	418678564  -  Run Bytes Sent By Job
	3202806638  -  Run Bytes Received By Job
	(1) Normal termination (return value 2)
	The job attribute OnExitRemove expression 'NumJobCompletions > JobMaxRetries || ExitCode =?= 0' evaluated to FALSE
...
040 (8017966.158.000) 2026-06-21 00:25:42 Started transferring input files
	Transferring to host: <128.105.68.117:9618?addrs=128.105.68.117-9618+[2607-f388-2200-100-7ec2-55ff-fe9a-b4fa]-9618&alias=gpu4000.chtc.wisc.edu&noUDP&sock=slot2_4_1956795_d8ee_82197>
...
040 (8017966.158.000) 2026-06-21 00:25:53 Finished transferring input files
...
001 (8017966.158.000) 2026-06-21 00:25:53 Job executing on host: <128.105.68.117:9618?addrs=128.105.68.117-9618+[2607-f388-2200-100-7ec2-55ff-fe9a-b4fa]-9618&alias=gpu4000.chtc.wisc.edu&noUDP&sock=startd_674379_7ae3>
	SlotName: slot2_4@gpu4000.chtc.wisc.edu
	AvailableGPUs = { GPUs_GPU_85b798bf }
	CondorScratchDir = "/var/lib/condor/execute/slot2/dir_3941777/scratch"
	Cpus = 1
	Disk = 16777216
	GPUs = 1
	GPUs_GPU_85b798bf = [ Id = "GPU-85b798bf"; Capability = 8.9; DeviceName = "NVIDIA L40"; DeviceUuid = "85b798bf-b3ac-60c1-4903-0e00d9a2de78"; ECCEnabled = true; NvidiaDriver = "570.195.03"; DriverVersion = 12.8; DevicePciBusId = "0000:56:00.0"; GlobalMemoryMb = 45468; MaxSupportedVersion = 12080 ]
	IoHeavy = 0
	Memory = 16384
...
040 (8017966.158.000) 2026-06-21 00:25:56 Started transferring output files
...
040 (8017966.158.000) 2026-06-21 00:25:57 Finished transferring output files
...
004 (8017966.158.000) 2026-06-21 00:25:58 Job was evicted.
	(0) Job terminated and was requeued
		Usr 0 00:00:02, Sys 0 00:00:00  -  Run Remote Usage
		Usr 0 00:00:00, Sys 0 00:00:00  -  Run Local Usage
	418678564  -  Run Bytes Sent By Job
	3202806638  -  Run Bytes Received By Job
	(1) Normal termination (return value 2)
	The job attribute OnExitRemove expression 'NumJobCompletions > JobMaxRetries || ExitCode =?= 0' evaluated to FALSE
...
040 (8017966.158.000) 2026-06-21 00:26:02 Started transferring input files
	Transferring to host: <128.105.68.117:9618?addrs=128.105.68.117-9618+[2607-f388-2200-100-7ec2-55ff-fe9a-b4fa]-9618&alias=gpu4000.chtc.wisc.edu&noUDP&sock=slot2_4_1956795_d8ee_82198>
...
040 (8017966.158.000) 2026-06-21 00:26:14 Finished transferring input files
...
001 (8017966.158.000) 2026-06-21 00:26:14 Job executing on host: <128.105.68.117:9618?addrs=128.105.68.117-9618+[2607-f388-2200-100-7ec2-55ff-fe9a-b4fa]-9618&alias=gpu4000.chtc.wisc.edu&noUDP&sock=startd_674379_7ae3>
	SlotName: slot2_4@gpu4000.chtc.wisc.edu
	AvailableGPUs = { GPUs_GPU_85b798bf }
	CondorScratchDir = "/var/lib/condor/execute/slot2/dir_3942025/scratch"
	Cpus = 1
	Disk = 16777216
	GPUs = 1
	GPUs_GPU_85b798bf = [ Id = "GPU-85b798bf"; Capability = 8.9; DeviceName = "NVIDIA L40"; DeviceUuid = "85b798bf-b3ac-60c1-4903-0e00d9a2de78"; ECCEnabled = true; NvidiaDriver = "570.195.03"; DriverVersion = 12.8; DevicePciBusId = "0000:56:00.0"; GlobalMemoryMb = 45468; MaxSupportedVersion = 12080 ]
	IoHeavy = 0
	Memory = 16384
...
040 (8017966.158.000) 2026-06-21 00:26:17 Started transferring output files
...
040 (8017966.158.000) 2026-06-21 00:26:19 Finished transferring output files
...
004 (8017966.158.000) 2026-06-21 00:26:19 Job was evicted.
	(0) Job terminated and was requeued
		Usr 0 00:00:02, Sys 0 00:00:00  -  Run Remote Usage
		Usr 0 00:00:00, Sys 0 00:00:00  -  Run Local Usage
	418678564  -  Run Bytes Sent By Job
	3202806638  -  Run Bytes Received By Job
	(1) Normal termination (return value 2)
	The job attribute OnExitRemove expression 'NumJobCompletions > JobMaxRetries || ExitCode =?= 0' evaluated to FALSE
...
040 (8017966.158.000) 2026-06-21 00:26:36 Started transferring input files
	Transferring to host: <10.32.89.21:36287?CCBID=128.105.82.148:9618%3faddrs%3d128.105.82.148-9618+[2607-f388-2200-9d-7ccb-bc08-2489-768a]-9618%26alias%3dospool-ccb.osg.chtc.io%26noUDP%26sock%3dcollector9#4293587%2067.58.49.91:9618%3faddrs%3d67.58.49.91-9618+[fdf0-17b3-c3ec-1f79-10-0-e-b69d]-9618%26alias%3dccb-2.ospool.osg-htc.org%26noUDP%26sock%3dcollector1#4285726&PrivNet=qa-rtx6k-024.crc.nd.edu&addrs=10.32.89.21-36287&alias=qa-rtx6k-024.crc.nd.edu&noUDP>
...
040 (8017966.158.000) 2026-06-21 00:27:22 Finished transferring input files
...
021 (8017966.158.000) 2026-06-21 00:27:23 Message from starter on slot1_1@glidein_243219_277352497@qa-rtx6k-024.crc.nd.edu:
	PREPARE_JOB (prepare-hook) succeeded (reported status 000): Using Singularity image openfe_1.11.1.sif
...
001 (8017966.158.000) 2026-06-21 00:27:23 Job executing on host: <10.32.89.21:42237?CCBID=128.105.82.148:9618%3faddrs%3d128.105.82.148-9618+[2607-f388-2200-9d-7ccb-bc08-2489-768a]-9618%26alias%3dospool-ccb.osg.chtc.io%26noUDP%26sock%3dcollector8#4289122%2067.58.49.91:9618%3faddrs%3d67.58.49.91-9618+[fdf0-17b3-c3ec-1f79-10-0-e-b69d]-9618%26alias%3dccb-2.ospool.osg-htc.org%26noUDP%26sock%3dcollector4#4278232&PrivNet=qa-rtx6k-024.crc.nd.edu&addrs=10.32.89.21-42237&alias=qa-rtx6k-024.crc.nd.edu&noUDP>
	SlotName: slot1_1@glidein_243219_277352497@qa-rtx6k-024.crc.nd.edu
	AvailableGPUs = { GPUs_GPU_c97ab239 }
	CondorScratchDir = "/var/condor/execute/dir_243217/glide_fUCZmz/execute/dir_372716/scratch"
	Cpus = 1
	Disk = 16777216
	GPUs = 1
	GPUs_GPU_c97ab239 = [ Id = "GPU-c97ab239"; ClockMhz = 1620.0; Capability = 7.5; CoresPerCU = 64; DeviceName = "Quadro RTX 6000"; DeviceUuid = "c97ab239-65ed-cb55-ca74-7a5e06dd310d"; ECCEnabled = true; ComputeUnits = 72; NvidiaDriver = "595.71.05"; DriverVersion = 13.2; DevicePciBusId = "0000:06:00.0"; GlobalMemoryMb = 22684; MaxSupportedVersion = 13020 ]
	Memory = 16384
...
040 (8017966.158.000) 2026-06-21 00:27:30 Started transferring output files
...
040 (8017966.158.000) 2026-06-21 00:27:34 Finished transferring output files
...
004 (8017966.158.000) 2026-06-21 00:27:34 Job was evicted.
	(0) Job terminated and was requeued
		Usr 0 00:00:00, Sys 0 00:00:00  -  Run Remote Usage
		Usr 0 00:00:00, Sys 0 00:00:00  -  Run Local Usage
	418678631  -  Run Bytes Sent By Job
	3202806638  -  Run Bytes Received By Job
	(1) Normal termination (return value 2)
	The job attribute OnExitRemove expression 'NumJobCompletions > JobMaxRetries || ExitCode =?= 0' evaluated to FALSE
...
040 (8017966.158.000) 2026-06-21 00:27:45 Started transferring input files
	Transferring to host: <128.105.69.3:9618?addrs=128.105.69.3-9618+[2607-f388-2200-100-7ec2-55ff-fe46-28f2]-9618&alias=gpu4002.chtc.wisc.edu&noUDP&sock=slot1_2_12744_0cff_3504>
...
040 (8017966.158.000) 2026-06-21 00:27:57 Finished transferring input files
...
001 (8017966.158.000) 2026-06-21 00:27:57 Job executing on host: <128.105.69.3:9618?addrs=128.105.69.3-9618+[2607-f388-2200-100-7ec2-55ff-fe46-28f2]-9618&alias=gpu4002.chtc.wisc.edu&noUDP&sock=startd_11312_ab69>
	SlotName: slot1_2@gpu4002.chtc.wisc.edu
	AvailableGPUs = { GPUs_GPU_2e13e217 }
	CondorScratchDir = "/var/lib/condor/execute/slot1/dir_2782633/scratch"
	Cpus = 1
	Disk = 16777216
	GPUs = 1
	GPUs_GPU_2e13e217 = [ Id = "GPU-2e13e217"; Capability = 8.9; DeviceName = "NVIDIA L40"; DeviceUuid = "2e13e217-6059-f8d1-c6e6-c4cc399ca285"; ECCEnabled = true; NvidiaDriver = "570.195.03"; DriverVersion = 12.8; DevicePciBusId = "0000:53:00.0"; GlobalMemoryMb = 45468; MaxSupportedVersion = 12080 ]
	IoHeavy = 0
	Memory = 16384
...
040 (8017966.158.000) 2026-06-21 00:28:00 Started transferring output files
...
040 (8017966.158.000) 2026-06-21 00:28:02 Finished transferring output files
...
004 (8017966.158.000) 2026-06-21 00:28:02 Job was evicted.
	(0) Job terminated and was requeued
		Usr 0 00:00:02, Sys 0 00:00:00  -  Run Remote Usage
		Usr 0 00:00:00, Sys 0 00:00:00  -  Run Local Usage
	418678554  -  Run Bytes Sent By Job
	3202806638  -  Run Bytes Received By Job
	(1) Normal termination (return value 2)
	The job attribute OnExitRemove expression 'NumJobCompletions > JobMaxRetries || ExitCode =?= 0' evaluated to FALSE
...
040 (8017966.158.000) 2026-06-21 00:28:06 Started transferring input files
	Transferring to host: <128.105.69.3:9618?addrs=128.105.69.3-9618+[2607-f388-2200-100-7ec2-55ff-fe46-28f2]-9618&alias=gpu4002.chtc.wisc.edu&noUDP&sock=slot1_2_12744_0cff_3505>
...
040 (8017966.158.000) 2026-06-21 00:28:17 Finished transferring input files
...
001 (8017966.158.000) 2026-06-21 00:28:17 Job executing on host: <128.105.69.3:9618?addrs=128.105.69.3-9618+[2607-f388-2200-100-7ec2-55ff-fe46-28f2]-9618&alias=gpu4002.chtc.wisc.edu&noUDP&sock=startd_11312_ab69>
	SlotName: slot1_2@gpu4002.chtc.wisc.edu
	AvailableGPUs = { GPUs_GPU_2e13e217 }
	CondorScratchDir = "/var/lib/condor/execute/slot1/dir_2782880/scratch"
	Cpus = 1
	Disk = 16777216
	GPUs = 1
	GPUs_GPU_2e13e217 = [ Id = "GPU-2e13e217"; Capability = 8.9; DeviceName = "NVIDIA L40"; DeviceUuid = "2e13e217-6059-f8d1-c6e6-c4cc399ca285"; ECCEnabled = true; NvidiaDriver = "570.195.03"; DriverVersion = 12.8; DevicePciBusId = "0000:53:00.0"; GlobalMemoryMb = 45468; MaxSupportedVersion = 12080 ]
	IoHeavy = 0
	Memory = 16384
...
040 (8017966.158.000) 2026-06-21 00:28:21 Started transferring output files
...
040 (8017966.158.000) 2026-06-21 00:28:22 Finished transferring output files
...
004 (8017966.158.000) 2026-06-21 00:28:22 Job was evicted.
	(0) Job terminated and was requeued
		Usr 0 00:00:02, Sys 0 00:00:00  -  Run Remote Usage
		Usr 0 00:00:00, Sys 0 00:00:00  -  Run Local Usage
	418678554  -  Run Bytes Sent By Job
	3202806638  -  Run Bytes Received By Job
	(1) Normal termination (return value 2)
	The job attribute OnExitRemove expression 'NumJobCompletions > JobMaxRetries || ExitCode =?= 0' evaluated to FALSE
...
040 (8017966.158.000) 2026-06-21 00:28:27 Started transferring input files
	Transferring to host: <128.105.69.3:9618?addrs=128.105.69.3-9618+[2607-f388-2200-100-7ec2-55ff-fe46-28f2]-9618&alias=gpu4002.chtc.wisc.edu&noUDP&sock=slot1_2_12744_0cff_3506>
...
040 (8017966.158.000) 2026-06-21 00:28:39 Finished transferring input files
...
001 (8017966.158.000) 2026-06-21 00:28:39 Job executing on host: <128.105.69.3:9618?addrs=128.105.69.3-9618+[2607-f388-2200-100-7ec2-55ff-fe46-28f2]-9618&alias=gpu4002.chtc.wisc.edu&noUDP&sock=startd_11312_ab69>
	SlotName: slot1_2@gpu4002.chtc.wisc.edu
	AvailableGPUs = { GPUs_GPU_2e13e217 }
	CondorScratchDir = "/var/lib/condor/execute/slot1/dir_2783087/scratch"
	Cpus = 1
	Disk = 16777216
	GPUs = 1
	GPUs_GPU_2e13e217 = [ Id = "GPU-2e13e217"; Capability = 8.9; DeviceName = "NVIDIA L40"; DeviceUuid = "2e13e217-6059-f8d1-c6e6-c4cc399ca285"; ECCEnabled = true; NvidiaDriver = "570.195.03"; DriverVersion = 12.8; DevicePciBusId = "0000:53:00.0"; GlobalMemoryMb = 45468; MaxSupportedVersion = 12080 ]
	IoHeavy = 0
	Memory = 16384
...
040 (8017966.158.000) 2026-06-21 00:28:42 Started transferring output files
...
040 (8017966.158.000) 2026-06-21 00:28:43 Finished transferring output files
...
004 (8017966.158.000) 2026-06-21 00:28:43 Job was evicted.
	(0) Job terminated and was requeued
		Usr 0 00:00:02, Sys 0 00:00:00  -  Run Remote Usage
		Usr 0 00:00:00, Sys 0 00:00:00  -  Run Local Usage
	418678554  -  Run Bytes Sent By Job
	3202806638  -  Run Bytes Received By Job
	(1) Normal termination (return value 2)
	The job attribute OnExitRemove expression 'NumJobCompletions > JobMaxRetries || ExitCode =?= 0' evaluated to FALSE
...
040 (8017966.158.000) 2026-06-21 00:28:47 Started transferring input files
	Transferring to host: <128.105.69.3:9618?addrs=128.105.69.3-9618+[2607-f388-2200-100-7ec2-55ff-fe46-28f2]-9618&alias=gpu4002.chtc.wisc.edu&noUDP&sock=slot1_2_12744_0cff_3507>
...
040 (8017966.158.000) 2026-06-21 00:28:59 Finished transferring input files
...
001 (8017966.158.000) 2026-06-21 00:28:59 Job executing on host: <128.105.69.3:9618?addrs=128.105.69.3-9618+[2607-f388-2200-100-7ec2-55ff-fe46-28f2]-9618&alias=gpu4002.chtc.wisc.edu&noUDP&sock=startd_11312_ab69>
	SlotName: slot1_2@gpu4002.chtc.wisc.edu
	AvailableGPUs = { GPUs_GPU_2e13e217 }
	CondorScratchDir = "/var/lib/condor/execute/slot1/dir_2783333/scratch"
	Cpus = 1
	Disk = 16777216
	GPUs = 1
	GPUs_GPU_2e13e217 = [ Id = "GPU-2e13e217"; Capability = 8.9; DeviceName = "NVIDIA L40"; DeviceUuid = "2e13e217-6059-f8d1-c6e6-c4cc399ca285"; ECCEnabled = true; NvidiaDriver = "570.195.03"; DriverVersion = 12.8; DevicePciBusId = "0000:53:00.0"; GlobalMemoryMb = 45468; MaxSupportedVersion = 12080 ]
	IoHeavy = 0
	Memory = 16384
...
040 (8017966.158.000) 2026-06-21 00:29:02 Started transferring output files
...
040 (8017966.158.000) 2026-06-21 00:29:03 Finished transferring output files
...
005 (8017966.158.000) 2026-06-21 00:29:04 Job terminated.
	(1) Normal termination (return value 2)
		Usr 0 00:00:02, Sys 0 00:00:00  -  Run Remote Usage
		Usr 0 00:00:00, Sys 0 00:00:00  -  Run Local Usage
		Usr 0 00:43:16, Sys 0 00:01:11  -  Total Remote Usage
		Usr 0 00:00:00, Sys 0 00:00:00  -  Total Local Usage
	418678554  -  Run Bytes Sent By Job
	3202806638  -  Run Bytes Received By Job
	4605476719  -  Total Bytes Sent By Job
	34812194942  -  Total Bytes Received By Job
	Partitionable Resources :      Usage  Request Allocated Assigned
	   Cpus                 :       0.95        1         1 
	   Disk (KB)            : 3127778    16777216  16777216 
	   GPUs                 :       0           1         1 "GPU-2e13e217"
	   IoHeavy              :                             0 
	   Memory (MB)          :    9766       16384     16384 
	   TimeExecute (s)      :       3                       
	   TimeSlotBusy (s)     :      16                       
...
