000 (8180963.055.000) 2026-06-24 12:19:47 Job submitted from host: <128.105.68.112:9618?addrs=128.105.68.112-9618+[2607-f388-2200-100-eaeb-d3ff-fea3-4202]-9618&alias=ap2001.chtc.wisc.edu&noUDP&sock=schedd_4071840_2329>
...
040 (8180963.055.000) 2026-06-24 13:26:37 Started transferring input files
	Transferring to host: <128.104.100.17:9618?addrs=128.104.100.17-9618+[2607-f388-107c-501-527c-6fff-fe66-e9bc]-9618&alias=jcaicedogpu0002.chtc.wisc.edu&noUDP&sock=backfill1_8_2855957_d182_100884>
...
040 (8180963.055.000) 2026-06-24 13:26:40 Finished transferring input files
...
022 (8180963.055.000) 2026-06-24 13:26:40 Job disconnected, attempting to reconnect
    Socket between submit and execute hosts closed unexpectedly
    Trying to reconnect to backfill1_8@jcaicedogpu0002.chtc.wisc.edu <128.104.100.17:9618?addrs=128.104.100.17-9618+[2607-f388-107c-501-527c-6fff-fe66-e9bc]-9618&alias=jcaicedogpu0002.chtc.wisc.edu&noUDP&sock=startd_11788_2a7e>
...
024 (8180963.055.000) 2026-06-24 13:26:40 Job reconnection failed
    Job not found at execution machine
    Can not reconnect to backfill1_8@jcaicedogpu0002.chtc.wisc.edu, rescheduling job
...
004 (8180963.055.000) 2026-06-24 13:26:40 Job was evicted. Code 1008 Subcode 0
	(0) CPU times
		Usr 0 00:00:00, Sys 0 00:00:00  -  Run Remote Usage
		Usr 0 00:00:00, Sys 0 00:00:00  -  Run Local Usage
	0  -  Run Bytes Sent By Job
	0  -  Run Bytes Received By Job
	Reason: Job not found at execution machine
	Partitionable Resources :    Usage  Request Allocated Assigned
	   Cpus                 :     0.09        1         1 
	   Disk (KB)            :  9310    16777216  16777216 
	   GPUs                 :     0           1         1 "GPU-555b5363"
	   IoHeavy              :                           0 
	   Memory (MB)          :             16384     16384 
...
040 (8180963.055.000) 2026-06-24 13:30:26 Started transferring input files
	Transferring to host: <128.104.100.17:9618?addrs=128.104.100.17-9618+[2607-f388-107c-501-527c-6fff-fe66-e9bc]-9618&alias=jcaicedogpu0002.chtc.wisc.edu&noUDP&sock=backfill1_8_2855957_d182_100905>
...
040 (8180963.055.000) 2026-06-24 13:30:29 Finished transferring input files
...
022 (8180963.055.000) 2026-06-24 13:30:29 Job disconnected, attempting to reconnect
    Socket between submit and execute hosts closed unexpectedly
    Trying to reconnect to backfill1_8@jcaicedogpu0002.chtc.wisc.edu <128.104.100.17:9618?addrs=128.104.100.17-9618+[2607-f388-107c-501-527c-6fff-fe66-e9bc]-9618&alias=jcaicedogpu0002.chtc.wisc.edu&noUDP&sock=startd_11788_2a7e>
...
024 (8180963.055.000) 2026-06-24 13:30:39 Job reconnection failed
    Job not found at execution machine
    Can not reconnect to backfill1_8@jcaicedogpu0002.chtc.wisc.edu, rescheduling job
...
004 (8180963.055.000) 2026-06-24 13:30:39 Job was evicted. Code 1008 Subcode 0
	(0) CPU times
		Usr 0 00:00:00, Sys 0 00:00:00  -  Run Remote Usage
		Usr 0 00:00:00, Sys 0 00:00:00  -  Run Local Usage
	0  -  Run Bytes Sent By Job
	0  -  Run Bytes Received By Job
	Reason: Job not found at execution machine
	Partitionable Resources :     Usage  Request Allocated Assigned
	   Cpus                 :      0.26        1         1 
	   Disk (KB)            : 302495    16777216  16777216 
	   GPUs                 :      0           1         1 "GPU-555b5363"
	   IoHeavy              :                            0 
	   Memory (MB)          :              16384     16384 
...
040 (8180963.055.000) 2026-06-24 13:33:32 Started transferring input files
	Transferring to host: <128.104.100.17:9618?addrs=128.104.100.17-9618+[2607-f388-107c-501-527c-6fff-fe66-e9bc]-9618&alias=jcaicedogpu0002.chtc.wisc.edu&noUDP&sock=backfill1_7_2855957_d182_100934>
...
040 (8180963.055.000) 2026-06-24 13:33:36 Finished transferring input files
...
022 (8180963.055.000) 2026-06-24 13:33:36 Job disconnected, attempting to reconnect
    Socket between submit and execute hosts closed unexpectedly
    Trying to reconnect to backfill1_7@jcaicedogpu0002.chtc.wisc.edu <128.104.100.17:9618?addrs=128.104.100.17-9618+[2607-f388-107c-501-527c-6fff-fe66-e9bc]-9618&alias=jcaicedogpu0002.chtc.wisc.edu&noUDP&sock=startd_11788_2a7e>
...
024 (8180963.055.000) 2026-06-24 13:33:44 Job reconnection failed
    Job not found at execution machine
    Can not reconnect to backfill1_7@jcaicedogpu0002.chtc.wisc.edu, rescheduling job
...
004 (8180963.055.000) 2026-06-24 13:33:44 Job was evicted. Code 1008 Subcode 0
	(0) CPU times
		Usr 0 00:00:00, Sys 0 00:00:00  -  Run Remote Usage
		Usr 0 00:00:00, Sys 0 00:00:00  -  Run Local Usage
	0  -  Run Bytes Sent By Job
	0  -  Run Bytes Received By Job
	Reason: Job not found at execution machine
	Partitionable Resources :    Usage  Request Allocated Assigned
	   Cpus                 :     0.08        1         1 
	   Disk (KB)            :  3903    16777216  16777216 
	   GPUs                 :     0           1         1 "GPU-4397e9de"
	   IoHeavy              :                           0 
	   Memory (MB)          :             16384     16384 
...
040 (8180963.055.000) 2026-06-24 13:36:38 Started transferring input files
	Transferring to host: <128.104.100.17:9618?addrs=128.104.100.17-9618+[2607-f388-107c-501-527c-6fff-fe66-e9bc]-9618&alias=jcaicedogpu0002.chtc.wisc.edu&noUDP&sock=backfill1_7_2855957_d182_100950>
...
040 (8180963.055.000) 2026-06-24 13:38:56 Finished transferring input files
...
022 (8180963.055.000) 2026-06-24 13:38:56 Job disconnected, attempting to reconnect
    Socket between submit and execute hosts closed unexpectedly
    Trying to reconnect to backfill1_7@jcaicedogpu0002.chtc.wisc.edu <128.104.100.17:9618?addrs=128.104.100.17-9618+[2607-f388-107c-501-527c-6fff-fe66-e9bc]-9618&alias=jcaicedogpu0002.chtc.wisc.edu&noUDP&sock=startd_11788_2a7e>
...
024 (8180963.055.000) 2026-06-24 13:39:04 Job reconnection failed
    Job not found at execution machine
    Can not reconnect to backfill1_7@jcaicedogpu0002.chtc.wisc.edu, rescheduling job
...
004 (8180963.055.000) 2026-06-24 13:39:04 Job was evicted. Code 1008 Subcode 0
	(0) CPU times
		Usr 0 00:00:00, Sys 0 00:00:00  -  Run Remote Usage
		Usr 0 00:00:00, Sys 0 00:00:00  -  Run Local Usage
	0  -  Run Bytes Sent By Job
	0  -  Run Bytes Received By Job
	Reason: Job not found at execution machine
	Partitionable Resources :     Usage  Request Allocated Assigned
	   Cpus                 :      0.03        1         1 
	   Disk (KB)            : 185375    16777216  16777216 
	   GPUs                 :      0           1         1 "GPU-4397e9de"
	   IoHeavy              :                            0 
	   Memory (MB)          :              16384     16384 
...
040 (8180963.055.000) 2026-06-24 13:41:55 Started transferring input files
	Transferring to host: <128.104.100.17:9618?addrs=128.104.100.17-9618+[2607-f388-107c-501-527c-6fff-fe66-e9bc]-9618&alias=jcaicedogpu0002.chtc.wisc.edu&noUDP&sock=backfill1_7_2855957_d182_100974>
...
040 (8180963.055.000) 2026-06-24 13:41:58 Finished transferring input files
...
022 (8180963.055.000) 2026-06-24 13:41:58 Job disconnected, attempting to reconnect
    Socket between submit and execute hosts closed unexpectedly
    Trying to reconnect to backfill1_7@jcaicedogpu0002.chtc.wisc.edu <128.104.100.17:9618?addrs=128.104.100.17-9618+[2607-f388-107c-501-527c-6fff-fe66-e9bc]-9618&alias=jcaicedogpu0002.chtc.wisc.edu&noUDP&sock=startd_11788_2a7e>
...
024 (8180963.055.000) 2026-06-24 13:42:06 Job reconnection failed
    Job not found at execution machine
    Can not reconnect to backfill1_7@jcaicedogpu0002.chtc.wisc.edu, rescheduling job
...
004 (8180963.055.000) 2026-06-24 13:42:06 Job was evicted. Code 1008 Subcode 0
	(0) CPU times
		Usr 0 00:00:00, Sys 0 00:00:00  -  Run Remote Usage
		Usr 0 00:00:00, Sys 0 00:00:00  -  Run Local Usage
	0  -  Run Bytes Sent By Job
	0  -  Run Bytes Received By Job
	Reason: Job not found at execution machine
	Partitionable Resources :    Usage  Request Allocated Assigned
	   Cpus                 :     0.08        1         1 
	   Disk (KB)            :  4959    16777216  16777216 
	   GPUs                 :     0           1         1 "GPU-4397e9de"
	   IoHeavy              :                           0 
	   Memory (MB)          :             16384     16384 
...
040 (8180963.055.000) 2026-06-24 13:45:05 Started transferring input files
	Transferring to host: <128.104.100.17:9618?addrs=128.104.100.17-9618+[2607-f388-107c-501-527c-6fff-fe66-e9bc]-9618&alias=jcaicedogpu0002.chtc.wisc.edu&noUDP&sock=backfill1_6_2855957_d182_101003>
...
040 (8180963.055.000) 2026-06-24 13:45:10 Finished transferring input files
...
022 (8180963.055.000) 2026-06-24 13:45:10 Job disconnected, attempting to reconnect
    Socket between submit and execute hosts closed unexpectedly
    Trying to reconnect to backfill1_6@jcaicedogpu0002.chtc.wisc.edu <128.104.100.17:9618?addrs=128.104.100.17-9618+[2607-f388-107c-501-527c-6fff-fe66-e9bc]-9618&alias=jcaicedogpu0002.chtc.wisc.edu&noUDP&sock=startd_11788_2a7e>
...
024 (8180963.055.000) 2026-06-24 13:45:12 Job reconnection failed
    Job not found at execution machine
    Can not reconnect to backfill1_6@jcaicedogpu0002.chtc.wisc.edu, rescheduling job
...
004 (8180963.055.000) 2026-06-24 13:45:13 Job was evicted. Code 1008 Subcode 0
	(0) CPU times
		Usr 0 00:00:00, Sys 0 00:00:00  -  Run Remote Usage
		Usr 0 00:00:00, Sys 0 00:00:00  -  Run Local Usage
	0  -  Run Bytes Sent By Job
	0  -  Run Bytes Received By Job
	Reason: Job not found at execution machine
	Partitionable Resources :    Usage  Request Allocated Assigned
	   Cpus                 :     0.06        1         1 
	   Disk (KB)            :  9471    16777216  16777216 
	   GPUs                 :     0           1         1 "GPU-512c609b"
	   IoHeavy              :                           0 
	   Memory (MB)          :             16384     16384 
...
040 (8180963.055.000) 2026-06-24 13:48:17 Started transferring input files
	Transferring to host: <128.104.100.117:9618?addrs=128.104.100.117-9618+[2607-f388-107c-501-8ae9-a4ff-fe02-e150]-9618&alias=jcaicedogpu0003.chtc.wisc.edu&noUDP&sock=backfill1_6_1586877_26eb_111048>
...
040 (8180963.055.000) 2026-06-24 13:48:21 Finished transferring input files
...
022 (8180963.055.000) 2026-06-24 13:48:21 Job disconnected, attempting to reconnect
    Socket between submit and execute hosts closed unexpectedly
    Trying to reconnect to backfill1_6@jcaicedogpu0003.chtc.wisc.edu <128.104.100.117:9618?addrs=128.104.100.117-9618+[2607-f388-107c-501-8ae9-a4ff-fe02-e150]-9618&alias=jcaicedogpu0003.chtc.wisc.edu&noUDP&sock=startd_10874_3cee>
...
024 (8180963.055.000) 2026-06-24 13:48:30 Job reconnection failed
    Job not found at execution machine
    Can not reconnect to backfill1_6@jcaicedogpu0003.chtc.wisc.edu, rescheduling job
...
004 (8180963.055.000) 2026-06-24 13:48:30 Job was evicted. Code 1008 Subcode 0
	(0) CPU times
		Usr 0 00:00:00, Sys 0 00:00:00  -  Run Remote Usage
		Usr 0 00:00:00, Sys 0 00:00:00  -  Run Local Usage
	0  -  Run Bytes Sent By Job
	0  -  Run Bytes Received By Job
	Reason: Job not found at execution machine
	Partitionable Resources :     Usage  Request Allocated Assigned
	   Cpus                 :      0.87        1         1 
	   Disk (KB)            : 728095    16777216  16777216 
	   GPUs                 :      0           1         1 "GPU-f577c034"
	   IoHeavy              :                            0 
	   Memory (MB)          :              16384     16384 
...
040 (8180963.055.000) 2026-06-24 13:52:07 Started transferring input files
	Transferring to host: <128.105.68.131:9618?addrs=128.105.68.131-9618+[2607-f388-2200-100-7ec2-55ff-fe99-a4a2]-9618&alias=xhuanggpu4001.chtc.wisc.edu&noUDP&sock=backfill1_4_770790_08a9_75469>
...
040 (8180963.055.000) 2026-06-24 14:00:36 Finished transferring input files
...
022 (8180963.055.000) 2026-06-24 14:00:36 Job disconnected, attempting to reconnect
    Socket between submit and execute hosts closed unexpectedly
    Trying to reconnect to backfill1_4@xhuanggpu4001.chtc.wisc.edu <128.105.68.131:9618?addrs=128.105.68.131-9618+[2607-f388-2200-100-7ec2-55ff-fe99-a4a2]-9618&alias=xhuanggpu4001.chtc.wisc.edu&noUDP&sock=startd_10764_c983>
...
024 (8180963.055.000) 2026-06-24 14:00:37 Job reconnection failed
    Job not found at execution machine
    Can not reconnect to backfill1_4@xhuanggpu4001.chtc.wisc.edu, rescheduling job
...
004 (8180963.055.000) 2026-06-24 14:00:40 Job was evicted. Code 1008 Subcode 0
	(0) CPU times
		Usr 0 00:00:00, Sys 0 00:00:00  -  Run Remote Usage
		Usr 0 00:00:00, Sys 0 00:00:00  -  Run Local Usage
	0  -  Run Bytes Sent By Job
	0  -  Run Bytes Received By Job
	Reason: Job not found at execution machine
	Partitionable Resources :      Usage  Request Allocated Assigned
	   Cpus                 :       0.02        1         1 
	   Disk (KB)            : 1496124    16777216  16777216 
	   GPUs                 :       0           1         1 "GPU-d23dedac"
	   GpusMemory (MB)      :     604                       
	   IoHeavy              :                             0 
	   Memory (MB)          :               16384     16384 
...
040 (8180963.055.000) 2026-06-24 14:01:40 Started transferring input files
	Transferring to host: <128.105.68.131:9618?addrs=128.105.68.131-9618+[2607-f388-2200-100-7ec2-55ff-fe99-a4a2]-9618&alias=xhuanggpu4001.chtc.wisc.edu&noUDP&sock=backfill1_4_770790_08a9_75497>
...
040 (8180963.055.000) 2026-06-24 14:01:52 Finished transferring input files
...
001 (8180963.055.000) 2026-06-24 14:01:52 Job executing on host: <128.105.68.131:9618?addrs=128.105.68.131-9618+[2607-f388-2200-100-7ec2-55ff-fe99-a4a2]-9618&alias=xhuanggpu4001.chtc.wisc.edu&noUDP&sock=startd_10764_c983>
	SlotName: backfill1_4@xhuanggpu4001.chtc.wisc.edu
	AvailableGPUs = { GPUs_GPU_90561461 }
	CondorScratchDir = "/var/lib/condor/execute/slot1/dir_2030139/scratch"
	Cpus = 1
	Disk = 16777216
	GPUs = 1
	GPUs_GPU_90561461 = [ Id = "GPU-90561461"; Capability = 8.9; DeviceName = "NVIDIA L40"; DeviceUuid = "90561461-cada-4039-24a9-ffec078fe549"; ECCEnabled = true; NvidiaDriver = "570.195.03"; DriverVersion = 12.8; DevicePciBusId = "0000:D1:00.0"; GlobalMemoryMb = 45468; MaxSupportedVersion = 12080 ]
	IoHeavy = 0
	Memory = 16384
...
006 (8180963.055.000) 2026-06-24 14:02:01 Image size of job updated: 336808
	329  -  MemoryUsage of job (MB)
	336808  -  ResidentSetSize of job (KB)
...
006 (8180963.055.000) 2026-06-24 14:05:34 Image size of job updated: 4065184
	329  -  MemoryUsage of job (MB)
	336888  -  ResidentSetSize of job (KB)
...
004 (8180963.055.000) 2026-06-24 14:05:34 Job was evicted. Code 1011 Subcode 0
	(0) CPU times
		Usr 0 00:08:37, Sys 0 00:00:22  -  Run Remote Usage
		Usr 0 00:00:00, Sys 0 00:00:00  -  Run Local Usage
	0  -  Run Bytes Sent By Job
	2784126770  -  Run Bytes Received By Job
	Reason: PREEMPT expression evaluated to True
	Partitionable Resources :      Usage  Request Allocated Assigned
	   Cpus                 :       0.99        1         1 
	   Disk (KB)            : 2731136    16777216  16777216 
	   GPUs                 :       0           1         1 "GPU-90561461"
	   IoHeavy              :                             0 
	   Memory (MB)          :     329       16384     16384 
	   TimeExecute (s)      :     222                       
	   TimeSlotBusy (s)     :     234                       
...
040 (8180963.055.000) 2026-06-24 14:06:07 Started transferring input files
	Transferring to host: <128.104.100.117:9618?addrs=128.104.100.117-9618+[2607-f388-107c-501-8ae9-a4ff-fe02-e150]-9618&alias=jcaicedogpu0003.chtc.wisc.edu&noUDP&sock=backfill1_4_1586877_26eb_111152>
...
040 (8180963.055.000) 2026-06-24 14:06:40 Finished transferring input files
...
001 (8180963.055.000) 2026-06-24 14:06:40 Job executing on host: <128.104.100.117:9618?addrs=128.104.100.117-9618+[2607-f388-107c-501-8ae9-a4ff-fe02-e150]-9618&alias=jcaicedogpu0003.chtc.wisc.edu&noUDP&sock=startd_10874_3cee>
	SlotName: backfill1_4@jcaicedogpu0003.chtc.wisc.edu
	AvailableGPUs = { GPUs_GPU_b09fa1d1 }
	CondorScratchDir = "/var/lib/condor/execute/slot1/dir_2550698/scratch"
	Cpus = 1
	Disk = 16777216
	GPUs = 1
	GPUs_GPU_b09fa1d1 = [ Id = "GPU-b09fa1d1"; Capability = 8.9; DeviceName = "NVIDIA L40S"; DeviceUuid = "b09fa1d1-39bb-4cce-22c0-f7add6d83f34"; ECCEnabled = true; NvidiaDriver = "570.195.03"; DriverVersion = 12.8; DevicePciBusId = "0000:81:00.0"; GlobalMemoryMb = 45468; MaxSupportedVersion = 12080 ]
	IoHeavy = 0
	Memory = 16384
...
006 (8180963.055.000) 2026-06-24 14:06:49 Image size of job updated: 4250000
	472  -  MemoryUsage of job (MB)
	482504  -  ResidentSetSize of job (KB)
...
006 (8180963.055.000) 2026-06-24 14:08:27 Image size of job updated: 4250000
	472  -  MemoryUsage of job (MB)
	482508  -  ResidentSetSize of job (KB)
...
004 (8180963.055.000) 2026-06-24 14:08:28 Job was evicted. Code 1011 Subcode 0
	(0) CPU times
		Usr 0 00:03:12, Sys 0 00:00:24  -  Run Remote Usage
		Usr 0 00:00:00, Sys 0 00:00:00  -  Run Local Usage
	0  -  Run Bytes Sent By Job
	2784126770  -  Run Bytes Received By Job
	Reason: PREEMPT expression evaluated to True
	Partitionable Resources :      Usage  Request Allocated Assigned
	   Cpus                 :       1.20        1         1 
	   Disk (KB)            : 2730819    16777216  16777216 
	   GPUs                 :       0.01        1         1 "GPU-b09fa1d1"
	   GpusMemory (MB)      :    1628                       
	   IoHeavy              :                             0 
	   Memory (MB)          :     472       16384     16384 
	   TimeExecute (s)      :     107                       
	   TimeSlotBusy (s)     :     140                       
...
040 (8180963.055.000) 2026-06-24 14:12:02 Started transferring input files
	Transferring to host: <128.105.69.3:9618?addrs=128.105.69.3-9618+[2607-f388-2200-100-7ec2-55ff-fe46-28f2]-9618&alias=gpu4002.chtc.wisc.edu&noUDP&sock=slot1_5_12744_0cff_12706>
...
040 (8180963.055.000) 2026-06-24 14:30:43 Finished transferring input files
...
001 (8180963.055.000) 2026-06-24 14:30:43 Job executing on host: <128.105.69.3:9618?addrs=128.105.69.3-9618+[2607-f388-2200-100-7ec2-55ff-fe46-28f2]-9618&alias=gpu4002.chtc.wisc.edu&noUDP&sock=startd_11312_ab69>
	SlotName: slot1_5@gpu4002.chtc.wisc.edu
	AvailableGPUs = { GPUs_GPU_24660f1c }
	CondorScratchDir = "/var/lib/condor/execute/slot1/dir_2288465/scratch"
	Cpus = 1
	Disk = 16777216
	GPUs = 1
	GPUs_GPU_24660f1c = [ Id = "GPU-24660f1c"; Capability = 8.9; DeviceName = "NVIDIA L40"; DeviceUuid = "24660f1c-9665-dc92-a0c9-04252e1a8138"; ECCEnabled = true; NvidiaDriver = "570.195.03"; DriverVersion = 12.8; DevicePciBusId = "0000:CE:00.0"; GlobalMemoryMb = 45468; MaxSupportedVersion = 12080 ]
	IoHeavy = 0
	Memory = 16384
...
040 (8180963.055.000) 2026-06-24 14:34:07 Started transferring output files
...
040 (8180963.055.000) 2026-06-24 14:34:07 Finished transferring output files
...
004 (8180963.055.000) 2026-06-24 14:34:08 Job was evicted.
	(0) Job terminated and was requeued
		Usr 0 00:03:13, Sys 0 00:00:09  -  Run Remote Usage
		Usr 0 00:00:00, Sys 0 00:00:00  -  Run Local Usage
	92363  -  Run Bytes Sent By Job
	2784126770  -  Run Bytes Received By Job
	(1) Normal termination (return value 1)
	The job attribute OnExitRemove expression 'NumJobCompletions > JobMaxRetries || ExitCode =?= 0' evaluated to FALSE
...
040 (8180963.055.000) 2026-06-24 14:34:22 Started transferring input files
	Transferring to host: <141.142.150.76:21923?CCBID=128.105.82.148:9618%3faddrs%3d128.105.82.148-9618+[2607-f388-2200-9d-7ccb-bc08-2489-7689]-9618%26alias%3dospool-ccb.osg.chtc.io%26noUDP%26sock%3dcollector2#4719487%2067.58.49.91:9618%3faddrs%3d67.58.49.91-9618+[fdf0-17b3-c3ec-1f79-10-0-d-2091]-9618%26alias%3dccb-2.ospool.osg-htc.org%26noUDP%26sock%3dcollector6#4715257&PrivNet=rails06&addrs=141.142.150.76-21923&alias=rails06&noUDP>
...
040 (8180963.055.000) 2026-06-24 14:34:39 Finished transferring input files
...
021 (8180963.055.000) 2026-06-24 14:34:39 Message from starter on slot1_1@glidein_2463067_276509682@rails06:
	PREPARE_JOB (prepare-hook) succeeded (reported status 000): Using Singularity image openfe_1.11.1.sif
...
001 (8180963.055.000) 2026-06-24 14:34:40 Job executing on host: <141.142.150.76:8087?CCBID=128.105.82.148:9618%3faddrs%3d128.105.82.148-9618+[2607-f388-2200-9d-7ccb-bc08-2489-7689]-9618%26alias%3dospool-ccb.osg.chtc.io%26noUDP%26sock%3dcollector1#4712744%2067.58.49.91:9618%3faddrs%3d67.58.49.91-9618+[fdf0-17b3-c3ec-1f79-10-0-d-2091]-9618%26alias%3dccb-2.ospool.osg-htc.org%26noUDP%26sock%3dcollector1#4706479&PrivNet=rails06&addrs=141.142.150.76-8087&alias=rails06&noUDP>
	SlotName: slot1_1@glidein_2463067_276509682@rails06
	AvailableGPUs = { GPUs_GPU_09d431d2 }
	CondorScratchDir = "/projects/bcxl/svcosguser/glide_ZeHDhs/execute/dir_2574074/scratch"
	Cpus = 1
	Disk = 16777216
	GPUs = 1
	GPUs_GPU_09d431d2 = [ Id = "GPU-09d431d2"; ClockMhz = 1980.0; Capability = 9.0; CoresPerCU = 128; DeviceName = "NVIDIA H100 80GB HBM3"; DeviceUuid = "09d431d2-9af8-9b21-c7f7-4a22fc88ef34"; ECCEnabled = true; ComputeUnits = 132; NvidiaDriver = "590.48.01"; DriverVersion = 13.1; DevicePciBusId = "0000:4C:00.0"; GlobalMemoryMb = 81081; MaxSupportedVersion = 13010 ]
	Memory = 16384
...
006 (8180963.055.000) 2026-06-24 14:34:49 Image size of job updated: 17667788
	489  -  MemoryUsage of job (MB)
	500000  -  ResidentSetSize of job (KB)
...
006 (8180963.055.000) 2026-06-24 14:39:50 Image size of job updated: 68984384
	5258  -  MemoryUsage of job (MB)
	5383504  -  ResidentSetSize of job (KB)
...
006 (8180963.055.000) 2026-06-24 14:40:49 Image size of job updated: 69560908
	5258  -  MemoryUsage of job (MB)
	5383504  -  ResidentSetSize of job (KB)
...
004 (8180963.055.000) 2026-06-24 14:40:52 Job was evicted. Code 1013 Subcode 0
	(0) CPU times
		Usr 0 00:07:02, Sys 0 00:00:13  -  Run Remote Usage
		Usr 0 00:00:00, Sys 0 00:00:00  -  Run Local Usage
	0  -  Run Bytes Sent By Job
	2784126770  -  Run Bytes Received By Job
	Reason: Startd was shutdown
	Partitionable Resources :      Usage  Request Allocated Assigned
	   Cpus                 :       1.00        1         1 
	   Disk (KB)            : 2750565    16777216  16777216 
	   GPUs                 :       0.02        1         1 "GPU-09d431d2"
	   GpusMemory (MB)      :    1697                       
	   Memory (MB)          :    5258       16384     16384 
	   TimeExecute (s)      :     369                       
	   TimeSlotBusy (s)     :     387                       
...
040 (8180963.055.000) 2026-06-24 14:42:29 Started transferring input files
	Transferring to host: <10.226.104.222:36781?CCBID=128.105.82.148:9618%3faddrs%3d128.105.82.148-9618+[2607-f388-2200-9d-7ccb-bc08-2489-7689]-9618%26alias%3dospool-ccb.osg.chtc.io%26noUDP%26sock%3dcollector1#4719867%2067.58.49.91:9618%3faddrs%3d67.58.49.91-9618+[fdf0-17b3-c3ec-1f79-10-0-d-2091]-9618%26alias%3dccb-2.ospool.osg-htc.org%26noUDP%26sock%3dcollector1#4713743&PrivNet=gpu022.rci.montana.edu&addrs=10.226.104.222-36781&alias=gpu022.rci.montana.edu&noUDP>
...
040 (8180963.055.000) 2026-06-24 14:44:08 Finished transferring input files
...
021 (8180963.055.000) 2026-06-24 14:44:09 Message from starter on slot1_1@glidein_25283_217610470@gpu022.rci.montana.edu:
	PREPARE_JOB (prepare-hook) succeeded (reported status 000): Using Singularity image openfe_1.11.1.sif
...
001 (8180963.055.000) 2026-06-24 14:44:09 Job executing on host: <10.226.104.222:34419?CCBID=128.105.82.148:9618%3faddrs%3d128.105.82.148-9618+[2607-f388-2200-9d-7ccb-bc08-2489-7689]-9618%26alias%3dospool-ccb.osg.chtc.io%26noUDP%26sock%3dcollector7#4717569%2067.58.49.91:9618%3faddrs%3d67.58.49.91-9618+[fdf0-17b3-c3ec-1f79-10-0-d-2091]-9618%26alias%3dccb-2.ospool.osg-htc.org%26noUDP%26sock%3dcollector3#4711922&PrivNet=gpu022.rci.montana.edu&addrs=10.226.104.222-34419&alias=gpu022.rci.montana.edu&noUDP>
	SlotName: slot1_1@glidein_25283_217610470@gpu022.rci.montana.edu
	AvailableGPUs = { GPUs_GPU_abf6fcb2 }
	CondorScratchDir = "/tmp/jobs/4127096/glide_N2xcIx/execute/dir_63679/scratch"
	Cpus = 1
	Disk = 16777216
	GPUs = 1
	GPUs_GPU_abf6fcb2 = [ Id = "GPU-abf6fcb2"; ClockMhz = 1980.0; Capability = 9.0; CoresPerCU = 128; DeviceName = "NVIDIA H100 80GB HBM3"; DeviceUuid = "abf6fcb2-df13-456b-77e6-c7f5de1d8ece"; ECCEnabled = true; ComputeUnits = 132; NvidiaDriver = "595.71.05"; DriverVersion = 13.2; DevicePciBusId = "0000:5F:00.0"; GlobalMemoryMb = 81081; MaxSupportedVersion = 13020 ]
	Memory = 16384
...
006 (8180963.055.000) 2026-06-24 15:19:22 Image size of job updated: 75000000
	7698  -  MemoryUsage of job (MB)
	7881948  -  ResidentSetSize of job (KB)
...
040 (8180963.055.000) 2026-06-24 15:20:51 Started transferring output files
...
040 (8180963.055.000) 2026-06-24 15:20:51 Finished transferring output files
...
004 (8180963.055.000) 2026-06-24 15:20:51 Job was evicted.
	(0) Job terminated and was requeued
		Usr 0 00:39:40, Sys 0 00:00:41  -  Run Remote Usage
		Usr 0 00:00:00, Sys 0 00:00:00  -  Run Local Usage
	102843  -  Run Bytes Sent By Job
	2784126770  -  Run Bytes Received By Job
	(1) Normal termination (return value 1)
	The job attribute OnExitRemove expression 'NumJobCompletions > JobMaxRetries || ExitCode =?= 0' evaluated to FALSE
...
040 (8180963.055.000) 2026-06-24 15:21:44 Started transferring input files
	Transferring to host: <10.226.104.221:34287?CCBID=128.105.82.148:9618%3faddrs%3d128.105.82.148-9618+[2607-f388-2200-9d-7ccb-bc08-2489-7689]-9618%26alias%3dospool-ccb.osg.chtc.io%26noUDP%26sock%3dcollector7#4721164%2067.58.49.91:9618%3faddrs%3d67.58.49.91-9618+[fdf0-17b3-c3ec-1f79-10-0-d-2091]-9618%26alias%3dccb-2.ospool.osg-htc.org%26noUDP%26sock%3dcollector5#4719785&PrivNet=gpu021.rci.montana.edu&addrs=10.226.104.221-34287&alias=gpu021.rci.montana.edu&noUDP>
...
040 (8180963.055.000) 2026-06-24 15:23:38 Finished transferring input files
...
021 (8180963.055.000) 2026-06-24 15:23:38 Message from starter on slot1_1@glidein_133583_395458400@gpu021.rci.montana.edu:
	PREPARE_JOB (prepare-hook) succeeded (reported status 000): Using Singularity image openfe_1.11.1.sif
...
001 (8180963.055.000) 2026-06-24 15:23:38 Job executing on host: <10.226.104.221:46569?CCBID=128.105.82.148:9618%3faddrs%3d128.105.82.148-9618+[2607-f388-2200-9d-7ccb-bc08-2489-7689]-9618%26alias%3dospool-ccb.osg.chtc.io%26noUDP%26sock%3dcollector10#4717235%2067.58.49.91:9618%3faddrs%3d67.58.49.91-9618+[fdf0-17b3-c3ec-1f79-10-0-d-2091]-9618%26alias%3dccb-2.ospool.osg-htc.org%26noUDP%26sock%3dcollector4#4710314&PrivNet=gpu021.rci.montana.edu&addrs=10.226.104.221-46569&alias=gpu021.rci.montana.edu&noUDP>
	SlotName: slot1_1@glidein_133583_395458400@gpu021.rci.montana.edu
	AvailableGPUs = { GPUs_GPU_224d9478 }
	CondorScratchDir = "/tmp/jobs/4126934/glide_xArfKs/execute/dir_380819/scratch"
	Cpus = 1
	Disk = 16777216
	GPUs = 1
	GPUs_GPU_224d9478 = [ Id = "GPU-224d9478"; ClockMhz = 1980.0; Capability = 9.0; CoresPerCU = 128; DeviceName = "NVIDIA H100 80GB HBM3"; DeviceUuid = "224d9478-4171-f0e4-75e2-9d0f53ea136e"; ECCEnabled = true; ComputeUnits = 132; NvidiaDriver = "595.71.05"; DriverVersion = 13.2; DevicePciBusId = "0000:DB:00.0"; GlobalMemoryMb = 81081; MaxSupportedVersion = 13020 ]
	Memory = 16384
...
040 (8180963.055.000) 2026-06-24 16:01:35 Started transferring output files
...
040 (8180963.055.000) 2026-06-24 16:01:36 Finished transferring output files
...
004 (8180963.055.000) 2026-06-24 16:01:36 Job was evicted.
	(0) Job terminated and was requeued
		Usr 0 00:39:59, Sys 0 00:01:14  -  Run Remote Usage
		Usr 0 00:00:00, Sys 0 00:00:00  -  Run Local Usage
	102843  -  Run Bytes Sent By Job
	2784126770  -  Run Bytes Received By Job
	(1) Normal termination (return value 1)
	The job attribute OnExitRemove expression 'NumJobCompletions > JobMaxRetries || ExitCode =?= 0' evaluated to FALSE
...
040 (8180963.055.000) 2026-06-24 16:02:06 Started transferring input files
	Transferring to host: <128.105.76.51:9618?addrs=128.105.76.51-9618+[2607-f388-2200-100-925a-8ff-fe34-15b6]-9618&alias=zliu-chtcgpu5000.chtc.wisc.edu&noUDP&sock=backfill1_2_98764_ec29_46601>
...
040 (8180963.055.000) 2026-06-24 16:02:30 Finished transferring input files
...
022 (8180963.055.000) 2026-06-24 16:02:30 Job disconnected, attempting to reconnect
    Socket between submit and execute hosts closed unexpectedly
    Trying to reconnect to backfill1_2@zliu-chtcgpu5000.chtc.wisc.edu <128.105.76.51:9618?addrs=128.105.76.51-9618+[2607-f388-2200-100-925a-8ff-fe34-15b6]-9618&alias=zliu-chtcgpu5000.chtc.wisc.edu&noUDP&sock=startd_98388_901b>
...
024 (8180963.055.000) 2026-06-24 16:02:31 Job reconnection failed
    Job not found at execution machine
    Can not reconnect to backfill1_2@zliu-chtcgpu5000.chtc.wisc.edu, rescheduling job
...
004 (8180963.055.000) 2026-06-24 16:02:31 Job was evicted. Code 1008 Subcode 0
	(0) CPU times
		Usr 0 00:00:00, Sys 0 00:00:00  -  Run Remote Usage
		Usr 0 00:00:00, Sys 0 00:00:00  -  Run Local Usage
	0  -  Run Bytes Sent By Job
	0  -  Run Bytes Received By Job
	Reason: Job not found at execution machine
	Partitionable Resources :     Usage  Request Allocated Assigned
	   Cpus                 :      0.08        1         1 
	   Disk (KB)            : 590748    16777216  16777216 
	   GPUs                 :      0           1         1 "GPU-57c0fd58"
	   IoHeavy              :                            0 
	   Memory (MB)          :   9766       16384     16384 
	   TimeExecute (s)      :   2277                       
	   TimeSlotBusy (s)     :   2393                       
...
040 (8180963.055.000) 2026-06-24 16:02:40 Started transferring input files
	Transferring to host: <128.105.69.60:9618?addrs=128.105.69.60-9618+[2607-f388-2200-100-527c-6fff-fe66-e7e2]-9618&alias=blengerichgpu4000.chtc.wisc.edu&noUDP&sock=backfill1_2_1843674_de95_104666>
...
040 (8180963.055.000) 2026-06-24 16:04:28 Finished transferring input files
...
001 (8180963.055.000) 2026-06-24 16:04:28 Job executing on host: <128.105.69.60:9618?addrs=128.105.69.60-9618+[2607-f388-2200-100-527c-6fff-fe66-e7e2]-9618&alias=blengerichgpu4000.chtc.wisc.edu&noUDP&sock=startd_11585_ecc4>
	SlotName: backfill1_2@blengerichgpu4000.chtc.wisc.edu
	AvailableGPUs = { GPUs_GPU_db5665ff }
	CondorScratchDir = "/var/lib/condor/execute/slot1/dir_2485170/scratch"
	Cpus = 1
	Disk = 16777216
	GPUs = 1
	GPUs_GPU_db5665ff = [ Id = "GPU-db5665ff"; Capability = 8.9; DeviceName = "NVIDIA L40S"; DeviceUuid = "db5665ff-35ac-5e51-55be-e8c110b7cb1f"; ECCEnabled = true; NvidiaDriver = "570.195.03"; DriverVersion = 12.8; DevicePciBusId = "0000:CF:00.0"; GlobalMemoryMb = 45468; MaxSupportedVersion = 12080 ]
	IoHeavy = 0
	Memory = 16384
...
040 (8180963.055.000) 2026-06-24 16:30:31 Started transferring output files
...
040 (8180963.055.000) 2026-06-24 16:30:31 Finished transferring output files
...
004 (8180963.055.000) 2026-06-24 16:30:31 Job was evicted.
	(0) Job terminated and was requeued
		Usr 0 00:29:30, Sys 0 00:00:53  -  Run Remote Usage
		Usr 0 00:00:00, Sys 0 00:00:00  -  Run Local Usage
	110212  -  Run Bytes Sent By Job
	2784126770  -  Run Bytes Received By Job
	(1) Normal termination (return value 1)
	The job attribute OnExitRemove expression 'NumJobCompletions > JobMaxRetries || ExitCode =?= 0' evaluated to FALSE
...
040 (8180963.055.000) 2026-06-24 16:30:54 Started transferring input files
	Transferring to host: <128.104.100.17:9618?addrs=128.104.100.17-9618+[2607-f388-107c-501-527c-6fff-fe66-e9bc]-9618&alias=jcaicedogpu0002.chtc.wisc.edu&noUDP&sock=backfill1_2_2855957_d182_101720>
...
040 (8180963.055.000) 2026-06-24 16:31:07 Finished transferring input files
...
001 (8180963.055.000) 2026-06-24 16:31:07 Job executing on host: <128.104.100.17:9618?addrs=128.104.100.17-9618+[2607-f388-107c-501-527c-6fff-fe66-e9bc]-9618&alias=jcaicedogpu0002.chtc.wisc.edu&noUDP&sock=startd_11788_2a7e>
	SlotName: backfill1_2@jcaicedogpu0002.chtc.wisc.edu
	AvailableGPUs = { GPUs_GPU_4bcd09a1 }
	CondorScratchDir = "/var/lib/condor/execute/slot1/dir_2209831/scratch"
	Cpus = 1
	Disk = 16777216
	GPUs = 1
	GPUs_GPU_4bcd09a1 = [ Id = "GPU-4bcd09a1"; Capability = 8.9; DeviceName = "NVIDIA L40S"; DeviceUuid = "4bcd09a1-587a-5449-f708-040c59c93c87"; ECCEnabled = true; NvidiaDriver = "570.195.03"; DriverVersion = 12.8; DevicePciBusId = "0000:BD:00.0"; GlobalMemoryMb = 45468; MaxSupportedVersion = 12080 ]
	IoHeavy = 0
	Memory = 16384
...
040 (8180963.055.000) 2026-06-24 16:58:27 Started transferring output files
...
040 (8180963.055.000) 2026-06-24 16:58:27 Finished transferring output files
...
004 (8180963.055.000) 2026-06-24 16:58:28 Job was evicted.
	(0) Job terminated and was requeued
		Usr 0 00:31:49, Sys 0 00:01:10  -  Run Remote Usage
		Usr 0 00:00:00, Sys 0 00:00:00  -  Run Local Usage
	110195  -  Run Bytes Sent By Job
	2784126770  -  Run Bytes Received By Job
	(1) Normal termination (return value 1)
	The job attribute OnExitRemove expression 'NumJobCompletions > JobMaxRetries || ExitCode =?= 0' evaluated to FALSE
...
040 (8180963.055.000) 2026-06-24 16:58:34 Started transferring input files
	Transferring to host: <128.105.76.53:9618?addrs=128.105.76.53-9618+[2607-f388-2200-100-b65c-b5ff-fe81-e536]-9618&alias=gpu5000.chtc.wisc.edu&noUDP&sock=slot2_3_1438510_2dba_1047>
...
040 (8180963.055.000) 2026-06-24 17:01:03 Finished transferring input files
...
001 (8180963.055.000) 2026-06-24 17:01:03 Job executing on host: <128.105.76.53:9618?addrs=128.105.76.53-9618+[2607-f388-2200-100-b65c-b5ff-fe81-e536]-9618&alias=gpu5000.chtc.wisc.edu&noUDP&sock=startd_1438453_b0eb>
	SlotName: slot2_3@gpu5000.chtc.wisc.edu
	AvailableGPUs = { GPUs_GPU_19827352 }
	CondorScratchDir = "/var/lib/condor/execute/slot2/dir_2027308/scratch"
	Cpus = 1
	Disk = 16777216
	GPUs = 1
	GPUs_GPU_19827352 = [ Id = "GPU-19827352"; Capability = 9.0; DeviceName = "NVIDIA H200"; DeviceUuid = "19827352-62d5-0007-ac80-232eb90baaf8"; ECCEnabled = true; NvidiaDriver = "590.48.01"; DriverVersion = 13.1; DevicePciBusId = "0000:4C:00.0"; GlobalMemoryMb = 143158; MaxSupportedVersion = 13010 ]
	IoHeavy = 0
	Memory = 16384
...
040 (8180963.055.000) 2026-06-24 17:35:28 Started transferring output files
...
040 (8180963.055.000) 2026-06-24 17:35:28 Finished transferring output files
...
004 (8180963.055.000) 2026-06-24 17:35:29 Job was evicted.
	(0) Job terminated and was requeued
		Usr 0 00:49:35, Sys 0 00:03:30  -  Run Remote Usage
		Usr 0 00:00:00, Sys 0 00:00:00  -  Run Local Usage
	110240  -  Run Bytes Sent By Job
	2784126770  -  Run Bytes Received By Job
	(1) Normal termination (return value 1)
	The job attribute OnExitRemove expression 'NumJobCompletions > JobMaxRetries || ExitCode =?= 0' evaluated to FALSE
...
040 (8180963.055.000) 2026-06-24 17:35:46 Started transferring input files
	Transferring to host: <128.105.68.87:9618?addrs=128.105.68.87-9618+[2607-f388-2200-100-7ec2-55ff-fe9a-b48e]-9618&alias=dsigpu4002.chtc.wisc.edu&noUDP&sock=slot2_5_3411988_f574_87558>
...
040 (8180963.055.000) 2026-06-24 17:36:45 Finished transferring input files
...
001 (8180963.055.000) 2026-06-24 17:36:45 Job executing on host: <128.105.68.87:9618?addrs=128.105.68.87-9618+[2607-f388-2200-100-7ec2-55ff-fe9a-b48e]-9618&alias=dsigpu4002.chtc.wisc.edu&noUDP&sock=startd_10795_0cf3>
	SlotName: slot2_5@dsigpu4002.chtc.wisc.edu
	AvailableGPUs = { GPUs_GPU_f49fbfb5 }
	CondorScratchDir = "/var/lib/condor/execute/slot2/dir_4104453/scratch"
	Cpus = 1
	Disk = 16777216
	GPUs = 1
	GPUs_GPU_f49fbfb5 = [ Id = "GPU-f49fbfb5"; Capability = 8.9; DeviceName = "NVIDIA L40"; DeviceUuid = "f49fbfb5-c2f9-9fc5-91d3-f549e268d1be"; ECCEnabled = true; NvidiaDriver = "570.195.03"; DriverVersion = 12.8; DevicePciBusId = "0000:57:00.0"; GlobalMemoryMb = 45468; MaxSupportedVersion = 12080 ]
	IoHeavy = 0
	Memory = 16384
...
040 (8180963.055.000) 2026-06-24 18:10:54 Started transferring output files
...
040 (8180963.055.000) 2026-06-24 18:10:54 Finished transferring output files
...
004 (8180963.055.000) 2026-06-24 18:10:54 Job was evicted.
	(0) Job terminated and was requeued
		Usr 0 00:54:49, Sys 0 00:01:45  -  Run Remote Usage
		Usr 0 00:00:00, Sys 0 00:00:00  -  Run Local Usage
	110177  -  Run Bytes Sent By Job
	2784126770  -  Run Bytes Received By Job
	(1) Normal termination (return value 1)
	The job attribute OnExitRemove expression 'NumJobCompletions > JobMaxRetries || ExitCode =?= 0' evaluated to FALSE
...
040 (8180963.055.000) 2026-06-24 18:11:23 Started transferring input files
	Transferring to host: <128.105.69.63:9618?addrs=128.105.69.63-9618+[2607-f388-2200-100-5aa2-e1ff-febe-455e]-9618&alias=gpu4003.chtc.wisc.edu&noUDP&sock=slot2_6_1549376_4e16_86565>
...
040 (8180963.055.000) 2026-06-24 18:11:38 Finished transferring input files
...
001 (8180963.055.000) 2026-06-24 18:11:38 Job executing on host: <128.105.69.63:9618?addrs=128.105.69.63-9618+[2607-f388-2200-100-5aa2-e1ff-febe-455e]-9618&alias=gpu4003.chtc.wisc.edu&noUDP&sock=startd_3051222_14a9>
	SlotName: slot2_6@gpu4003.chtc.wisc.edu
	AvailableGPUs = { GPUs_GPU_f8d23f80 }
	CondorScratchDir = "/var/lib/condor/execute/slot2/dir_3782957/scratch"
	Cpus = 1
	Disk = 16777216
	GPUs = 1
	GPUs_GPU_f8d23f80 = [ Id = "GPU-f8d23f80"; Capability = 9.0; DeviceName = "NVIDIA H100 80GB HBM3"; DeviceUuid = "f8d23f80-7656-1494-e6f1-22a66463300e"; ECCEnabled = true; NvidiaDriver = "570.195.03"; DriverVersion = 12.8; DevicePciBusId = "0000:AB:00.0"; GlobalMemoryMb = 81089; MaxSupportedVersion = 12080 ]
	IoHeavy = 0
	Memory = 16384
...
040 (8180963.055.000) 2026-06-24 18:42:49 Started transferring output files
...
040 (8180963.055.000) 2026-06-24 18:42:49 Finished transferring output files
...
004 (8180963.055.000) 2026-06-24 18:42:49 Job was evicted.
	(0) Job terminated and was requeued
		Usr 0 00:59:05, Sys 0 00:04:57  -  Run Remote Usage
		Usr 0 00:00:00, Sys 0 00:00:00  -  Run Local Usage
	110153  -  Run Bytes Sent By Job
	2784126770  -  Run Bytes Received By Job
	(1) Normal termination (return value 1)
	The job attribute OnExitRemove expression 'NumJobCompletions > JobMaxRetries || ExitCode =?= 0' evaluated to FALSE
...
040 (8180963.055.000) 2026-06-24 18:42:54 Started transferring input files
	Transferring to host: <128.105.69.63:9618?addrs=128.105.69.63-9618+[2607-f388-2200-100-5aa2-e1ff-febe-455e]-9618&alias=gpu4003.chtc.wisc.edu&noUDP&sock=slot2_6_1549376_4e16_86625>
...
040 (8180963.055.000) 2026-06-24 18:43:12 Finished transferring input files
...
001 (8180963.055.000) 2026-06-24 18:43:12 Job executing on host: <128.105.69.63:9618?addrs=128.105.69.63-9618+[2607-f388-2200-100-5aa2-e1ff-febe-455e]-9618&alias=gpu4003.chtc.wisc.edu&noUDP&sock=startd_3051222_14a9>
	SlotName: slot2_6@gpu4003.chtc.wisc.edu
	AvailableGPUs = { GPUs_GPU_f8d23f80 }
	CondorScratchDir = "/var/lib/condor/execute/slot2/dir_3932833/scratch"
	Cpus = 1
	Disk = 16777216
	GPUs = 1
	GPUs_GPU_f8d23f80 = [ Id = "GPU-f8d23f80"; Capability = 9.0; DeviceName = "NVIDIA H100 80GB HBM3"; DeviceUuid = "f8d23f80-7656-1494-e6f1-22a66463300e"; ECCEnabled = true; NvidiaDriver = "570.195.03"; DriverVersion = 12.8; DevicePciBusId = "0000:AB:00.0"; GlobalMemoryMb = 81089; MaxSupportedVersion = 12080 ]
	IoHeavy = 0
	Memory = 16384
...
040 (8180963.055.000) 2026-06-24 19:14:18 Started transferring output files
...
040 (8180963.055.000) 2026-06-24 19:14:18 Finished transferring output files
...
004 (8180963.055.000) 2026-06-24 19:14:18 Job was evicted.
	(0) Job terminated and was requeued
		Usr 0 00:46:36, Sys 0 00:04:04  -  Run Remote Usage
		Usr 0 00:00:00, Sys 0 00:00:00  -  Run Local Usage
	110158  -  Run Bytes Sent By Job
	2784126770  -  Run Bytes Received By Job
	(1) Normal termination (return value 1)
	The job attribute OnExitRemove expression 'NumJobCompletions > JobMaxRetries || ExitCode =?= 0' evaluated to FALSE
...
040 (8180963.055.000) 2026-06-24 19:14:22 Started transferring input files
	Transferring to host: <128.105.69.63:9618?addrs=128.105.69.63-9618+[2607-f388-2200-100-5aa2-e1ff-febe-455e]-9618&alias=gpu4003.chtc.wisc.edu&noUDP&sock=slot2_6_1549376_4e16_86687>
...
040 (8180963.055.000) 2026-06-24 19:17:13 Finished transferring input files
...
001 (8180963.055.000) 2026-06-24 19:17:13 Job executing on host: <128.105.69.63:9618?addrs=128.105.69.63-9618+[2607-f388-2200-100-5aa2-e1ff-febe-455e]-9618&alias=gpu4003.chtc.wisc.edu&noUDP&sock=startd_3051222_14a9>
	SlotName: slot2_6@gpu4003.chtc.wisc.edu
	AvailableGPUs = { GPUs_GPU_f8d23f80 }
	CondorScratchDir = "/var/lib/condor/execute/slot2/dir_4096927/scratch"
	Cpus = 1
	Disk = 16777216
	GPUs = 1
	GPUs_GPU_f8d23f80 = [ Id = "GPU-f8d23f80"; Capability = 9.0; DeviceName = "NVIDIA H100 80GB HBM3"; DeviceUuid = "f8d23f80-7656-1494-e6f1-22a66463300e"; ECCEnabled = true; NvidiaDriver = "570.195.03"; DriverVersion = 12.8; DevicePciBusId = "0000:AB:00.0"; GlobalMemoryMb = 81089; MaxSupportedVersion = 12080 ]
	IoHeavy = 0
	Memory = 16384
...
040 (8180963.055.000) 2026-06-24 19:49:15 Started transferring output files
...
040 (8180963.055.000) 2026-06-24 19:49:15 Finished transferring output files
...
004 (8180963.055.000) 2026-06-24 19:49:15 Job was evicted.
	(0) Job terminated and was requeued
		Usr 0 00:50:32, Sys 0 00:04:31  -  Run Remote Usage
		Usr 0 00:00:00, Sys 0 00:00:00  -  Run Local Usage
	110158  -  Run Bytes Sent By Job
	2784126770  -  Run Bytes Received By Job
	(1) Normal termination (return value 1)
	The job attribute OnExitRemove expression 'NumJobCompletions > JobMaxRetries || ExitCode =?= 0' evaluated to FALSE
...
040 (8180963.055.000) 2026-06-24 19:49:19 Started transferring input files
	Transferring to host: <128.104.100.52:9618?addrs=128.104.100.52-9618+[2607-f388-107c-501-7ec2-55ff-fe99-a48c]-9618&alias=jcaicedogpu0000.chtc.wisc.edu&noUDP&sock=backfill1_1_12267_f60c_18879>
...
040 (8180963.055.000) 2026-06-24 19:49:35 Finished transferring input files
...
001 (8180963.055.000) 2026-06-24 19:49:35 Job executing on host: <128.104.100.52:9618?addrs=128.104.100.52-9618+[2607-f388-107c-501-7ec2-55ff-fe99-a48c]-9618&alias=jcaicedogpu0000.chtc.wisc.edu&noUDP&sock=startd_10725_0952>
	SlotName: backfill1_1@jcaicedogpu0000.chtc.wisc.edu
	AvailableGPUs = { GPUs_GPU_c319b267 }
	CondorScratchDir = "/var/lib/condor/execute/slot1/dir_2604096/scratch"
	Cpus = 1
	Disk = 16777216
	GPUs = 1
	GPUs_GPU_c319b267 = [ Id = "GPU-c319b267"; Capability = 8.9; DeviceName = "NVIDIA L40"; DeviceUuid = "c319b267-26e0-82fd-a5dd-6201b912ce94"; ECCEnabled = true; NvidiaDriver = "570.195.03"; DriverVersion = 12.8; DevicePciBusId = "0000:D6:00.0"; GlobalMemoryMb = 45468; MaxSupportedVersion = 12080 ]
	IoHeavy = 0
	Memory = 16384
...
040 (8180963.055.000) 2026-06-24 20:23:03 Started transferring output files
...
040 (8180963.055.000) 2026-06-24 20:23:03 Finished transferring output files
...
005 (8180963.055.000) 2026-06-24 20:23:04 Job terminated.
	(1) Normal termination (return value 1)
		Usr 0 00:42:37, Sys 0 00:01:23  -  Run Remote Usage
		Usr 0 00:00:00, Sys 0 00:00:00  -  Run Local Usage
		Usr 0 07:46:16, Sys 0 00:25:16  -  Total Remote Usage
		Usr 0 00:00:00, Sys 0 00:00:00  -  Total Local Usage
	110201  -  Run Bytes Sent By Job
	2784126770  -  Run Bytes Received By Job
	1179543  -  Total Bytes Sent By Job
	38977774780  -  Total Bytes Received By Job
	Partitionable Resources :      Usage  Request Allocated Assigned
	   Cpus                 :       1.00        1         1 
	   Disk (KB)            : 3129015    16777216  16777216 
	   GPUs                 :       0.12        1         1 "GPU-c319b267"
	   GpusMemory (MB)      :    8298                       
	   IoHeavy              :                             0 
	   Memory (MB)          :    9766       16384     16384 
	   TimeExecute (s)      :    2008                       
	   TimeSlotBusy (s)     :    2024                       
...
