000 (8017966.134.000) 2026-06-20 22:07:54 Job submitted from host: <128.105.68.112:9618?addrs=128.105.68.112-9618+[2607-f388-2200-100-eaeb-d3ff-fea3-4202]-9618&alias=ap2001.chtc.wisc.edu&noUDP&sock=schedd_4071840_2329>
...
040 (8017966.134.000) 2026-06-20 23:27:42 Started transferring input files
	Transferring to host: <128.104.103.104:9618?addrs=128.104.103.104-9618+[2607-f388-107c-501-ae1f-6bff-fe40-ce2e]-9618&alias=gitter0000.chtc.wisc.edu&noUDP&sock=slot2_4_8979_4486_6888>
...
040 (8017966.134.000) 2026-06-20 23:28:15 Finished transferring input files
...
001 (8017966.134.000) 2026-06-20 23:28:15 Job executing on host: <128.104.103.104:9618?addrs=128.104.103.104-9618+[2607-f388-107c-501-ae1f-6bff-fe40-ce2e]-9618&alias=gitter0000.chtc.wisc.edu&noUDP&sock=startd_8665_0c39>
	SlotName: slot2_4@gitter0000.chtc.wisc.edu
	AvailableGPUs = { GPUs_GPU_eb8665c4 }
	CondorScratchDir = "/var/lib/condor/execute/slot2/dir_3558652/scratch"
	Cpus = 1
	Disk = 16777216
	GPUs = 1
	GPUs_GPU_eb8665c4 = [ Id = "GPU-eb8665c4"; Capability = 6.1; DeviceName = "NVIDIA GeForce GTX 1080 Ti"; DeviceUuid = "eb8665c4-91be-2542-059c-afd7b593dbf0"; ECCEnabled = false; NvidiaDriver = "570.195.03"; DriverVersion = 12.8; DevicePciBusId = "0000:AF:00.0"; GlobalMemoryMb = 11165; MaxSupportedVersion = 12080 ]
	IoHeavy = 0
	Memory = 16384
...
006 (8017966.134.000) 2026-06-20 23:28:23 Image size of job updated: 263180
	258  -  MemoryUsage of job (MB)
	263180  -  ResidentSetSize of job (KB)
...
006 (8017966.134.000) 2026-06-20 23:33:23 Image size of job updated: 1696920
	1658  -  MemoryUsage of job (MB)
	1696920  -  ResidentSetSize of job (KB)
...
006 (8017966.134.000) 2026-06-20 23:38:24 Image size of job updated: 1843816
	1727  -  MemoryUsage of job (MB)
	1767708  -  ResidentSetSize of job (KB)
...
006 (8017966.134.000) 2026-06-20 23:43:24 Image size of job updated: 2050956
	2003  -  MemoryUsage of job (MB)
	2050956  -  ResidentSetSize of job (KB)
...
006 (8017966.134.000) 2026-06-21 00:28:29 Image size of job updated: 2067332
	2019  -  MemoryUsage of job (MB)
	2067332  -  ResidentSetSize of job (KB)
...
006 (8017966.134.000) 2026-06-21 00:38:30 Image size of job updated: 2067352
	2019  -  MemoryUsage of job (MB)
	2067352  -  ResidentSetSize of job (KB)
...
006 (8017966.134.000) 2026-06-21 00:43:30 Image size of job updated: 2067372
	2019  -  MemoryUsage of job (MB)
	2067372  -  ResidentSetSize of job (KB)
...
006 (8017966.134.000) 2026-06-21 00:48:31 Image size of job updated: 2067384
	2019  -  MemoryUsage of job (MB)
	2067384  -  ResidentSetSize of job (KB)
...
006 (8017966.134.000) 2026-06-21 00:53:31 Image size of job updated: 2067388
	2019  -  MemoryUsage of job (MB)
	2067388  -  ResidentSetSize of job (KB)
...
006 (8017966.134.000) 2026-06-21 00:58:32 Image size of job updated: 2067400
	2019  -  MemoryUsage of job (MB)
	2067400  -  ResidentSetSize of job (KB)
...
006 (8017966.134.000) 2026-06-21 01:03:33 Image size of job updated: 2067412
	2019  -  MemoryUsage of job (MB)
	2067412  -  ResidentSetSize of job (KB)
...
006 (8017966.134.000) 2026-06-21 01:08:33 Image size of job updated: 2067416
	2019  -  MemoryUsage of job (MB)
	2067416  -  ResidentSetSize of job (KB)
...
006 (8017966.134.000) 2026-06-21 01:13:34 Image size of job updated: 2071504
	2023  -  MemoryUsage of job (MB)
	2071504  -  ResidentSetSize of job (KB)
...
006 (8017966.134.000) 2026-06-21 01:23:35 Image size of job updated: 2071508
	2023  -  MemoryUsage of job (MB)
	2071508  -  ResidentSetSize of job (KB)
...
006 (8017966.134.000) 2026-06-21 01:28:36 Image size of job updated: 2071512
	2023  -  MemoryUsage of job (MB)
	2071512  -  ResidentSetSize of job (KB)
...
006 (8017966.134.000) 2026-06-21 01:43:38 Image size of job updated: 2071516
	2023  -  MemoryUsage of job (MB)
	2071516  -  ResidentSetSize of job (KB)
...
006 (8017966.134.000) 2026-06-21 01:48:38 Image size of job updated: 2071520
	2023  -  MemoryUsage of job (MB)
	2071520  -  ResidentSetSize of job (KB)
...
006 (8017966.134.000) 2026-06-21 01:53:38 Image size of job updated: 2079692
	2031  -  MemoryUsage of job (MB)
	2079692  -  ResidentSetSize of job (KB)
...
006 (8017966.134.000) 2026-06-21 02:03:39 Image size of job updated: 2080988
	2033  -  MemoryUsage of job (MB)
	2080988  -  ResidentSetSize of job (KB)
...
006 (8017966.134.000) 2026-06-21 02:08:39 Image size of job updated: 2080996
	2033  -  MemoryUsage of job (MB)
	2080996  -  ResidentSetSize of job (KB)
...
006 (8017966.134.000) 2026-06-21 02:33:42 Image size of job updated: 2081000
	2033  -  MemoryUsage of job (MB)
	2081000  -  ResidentSetSize of job (KB)
...
006 (8017966.134.000) 2026-06-21 02:38:43 Image size of job updated: 2089176
	2041  -  MemoryUsage of job (MB)
	2089176  -  ResidentSetSize of job (KB)
...
006 (8017966.134.000) 2026-06-21 03:23:47 Image size of job updated: 2097348
	2049  -  MemoryUsage of job (MB)
	2097348  -  ResidentSetSize of job (KB)
...
040 (8017966.134.000) 2026-06-21 04:14:26 Started transferring output files
...
040 (8017966.134.000) 2026-06-21 04:14:26 Finished transferring output files
...
005 (8017966.134.000) 2026-06-21 04:14:27 Job terminated.
	(1) Normal termination (return value 0)
		Usr 0 04:49:08, Sys 0 00:03:52  -  Run Remote Usage
		Usr 0 00:00:00, Sys 0 00:00:00  -  Run Local Usage
		Usr 0 04:49:08, Sys 0 00:03:52  -  Total Remote Usage
		Usr 0 00:00:00, Sys 0 00:00:00  -  Total Local Usage
	11438598  -  Run Bytes Sent By Job
	2782718522  -  Run Bytes Received By Job
	11438598  -  Total Bytes Sent By Job
	2782718522  -  Total Bytes Received By Job
	Partitionable Resources :      Usage  Request Allocated Assigned
	   Cpus                 :       0.99        1         1 
	   Disk (KB)            : 2875373    16777216  16777216 
	   GPUs                 :       0.05        1         1 "GPU-eb8665c4"
	   GpusMemory (MB)      :    2575                       
	   IoHeavy              :                             0 
	   Memory (MB)          :    2049       16384     16384 
	   TimeExecute (s)      :   17171                       
	   TimeSlotBusy (s)     :   17205                       
...
