WARNING:root:mapping 9532 : 150912 deviates by more than 1.0
INFO:openfe.protocols.openmm_rfe._rfe_utils.relative:Creating hybrid system
INFO:openfe.protocols.openmm_rfe._rfe_utils.relative:Setting force field terms
INFO:openfe.protocols.openmm_rfe._rfe_utils.relative:Adding forces
INFO:openfe.protocols.openmm_rfe._rfe_utils.relative:No CMAPTorsionForce found. Skipping adding force.
INFO:openfe.protocols.openmm_rfe._rfe_utils.relative:Hybrid system created
WARNING:py.warnings:/opt/conda/lib/python3.12/site-packages/mdtraj/core/topology.py:97: UserWarning: atom_indices are not monotonically increasing
  warnings.warn("atom_indices are not monotonically increasing")

INFO:openfe.utils.system_probe.log:SYSTEM CONFIG DETAILS:
INFO:openfe.utils.system_probe.log.hostname:hostname: 'gpu03'
INFO:openfe.utils.system_probe.log.gpu:GPU: uuid='GPU-3272edf3-6acb-c780-6761-8972e47478b3' NVIDIA A40 mode=Default
INFO:openfe.utils.system_probe.log.gpu:GPU: uuid='GPU-950fc1bc-e698-da80-7f5a-cad89ced1e50' NVIDIA A40 mode=Default
INFO:openfe.utils.system_probe.log.gpu:GPU: uuid='GPU-630b30e3-acec-451a-4208-fba69a3339cb' NVIDIA A40 mode=Default
INFO:openfe.utils.system_probe.log.gpu:GPU: uuid='GPU-a577ded9-0266-6f44-c3a0-a852730750bb' NVIDIA A40 mode=Default
INFO:openfe.utils.system_probe.log:Memory used: 31.0G (6.2%)
INFO:openfe.utils.system_probe.log:quickrun_scratch/scratch_HybridTopologyMultiStateSimulationUnit-be2e3fd2b6274a3583b9bd5ab9764fc9_attempt_0: 2% full (1.6T free)
INFO:gufekey.openfe.protocols.openmm_rfe.hybridtop_units.HybridTopologyMultiStateSimulationUnit:Starting simulation unit
WARNING:openmmtools.multistate.multistatesampler:An online_analysis_interval that is not a multiple of the checkpoint_interval can lead to redundant information in the real time yaml file after recovering from checkpoints.
INFO:gufekey.openfe.protocols.openmm_rfe.hybridtop_units.HybridTopologyMultiStateSimulationUnit:minimizing systems
INFO:gufekey.openfe.protocols.openmm_rfe.hybridtop_units.HybridTopologyMultiStateSimulationUnit:equilibrating systems
INFO:openmmtools.multistate.multistatesampler:Equilibration iteration 1/400
WARNING:py.warnings:/opt/conda/lib/python3.12/site-packages/openmmtools/mcmc.py:723: UserWarning: Particle coordinate is NaN.  For more information, see https://github.com/openmm/openmm/wiki/Frequently-Asked-Questions#nan
  warnings.warn(str(e))

WARNING:openmmtools.mcmc:Potential energy is NaN after 0 attempts of integration with move LangevinDynamicsMove Attempting a restart...
WARNING:openmmtools.mcmc:Potential energy is NaN after 1 attempts of integration with move LangevinDynamicsMove Attempting a restart...
WARNING:openmmtools.mcmc:Potential energy is NaN after 2 attempts of integration with move LangevinDynamicsMove Attempting a restart...
WARNING:openmmtools.mcmc:Potential energy is NaN after 3 attempts of integration with move LangevinDynamicsMove Attempting a restart...
WARNING:openmmtools.mcmc:Potential energy is NaN after 4 attempts of integration with move LangevinDynamicsMove Attempting a restart...
WARNING:openmmtools.mcmc:Potential energy is NaN after 5 attempts of integration with move LangevinDynamicsMove Attempting a restart...
WARNING:openmmtools.mcmc:Potential energy is NaN after 6 attempts of integration with move LangevinDynamicsMove Attempting a restart...
WARNING:openmmtools.mcmc:Potential energy is NaN after 7 attempts of integration with move LangevinDynamicsMove Attempting a restart...
WARNING:openmmtools.mcmc:Potential energy is NaN after 8 attempts of integration with move LangevinDynamicsMove Attempting a restart...
WARNING:openmmtools.mcmc:Potential energy is NaN after 9 attempts of integration with move LangevinDynamicsMove Attempting a restart...
WARNING:openmmtools.mcmc:Potential energy is NaN after 10 attempts of integration with move LangevinDynamicsMove Attempting a restart...
WARNING:openmmtools.mcmc:Potential energy is NaN after 11 attempts of integration with move LangevinDynamicsMove Attempting a restart...
WARNING:openmmtools.mcmc:Potential energy is NaN after 12 attempts of integration with move LangevinDynamicsMove Attempting a restart...
WARNING:openmmtools.mcmc:Potential energy is NaN after 13 attempts of integration with move LangevinDynamicsMove Attempting a restart...
WARNING:openmmtools.mcmc:Potential energy is NaN after 14 attempts of integration with move LangevinDynamicsMove Attempting a restart...
WARNING:openmmtools.mcmc:Potential energy is NaN after 15 attempts of integration with move LangevinDynamicsMove Attempting a restart...
WARNING:openmmtools.mcmc:Potential energy is NaN after 16 attempts of integration with move LangevinDynamicsMove Attempting a restart...
WARNING:openmmtools.mcmc:Potential energy is NaN after 17 attempts of integration with move LangevinDynamicsMove Attempting a restart...
WARNING:openmmtools.mcmc:Potential energy is NaN after 18 attempts of integration with move LangevinDynamicsMove Attempting a restart...
ERROR:openmmtools.mcmc:Potential energy is NaN after 19 attempts of integration with move LangevinDynamicsMove Trying to reinitialize Context as a last-resort restart attempt...
ERROR:openmmtools.mcmc:Potential energy is NaN after 20 attempts of integration with move LangevinDynamicsMove
CRITICAL:openmmtools.multistate.multistatesampler:Propagating replica 0 at state 0 resulted in a NaN!
The state of the system and integrator before the error were saved in quickrun_scratch/shared_HybridTopologyMultiStateSimulationUnit-be2e3fd2b6274a3583b9bd5ab9764fc9_attempt_0/nan-error-logs
INFO:openfe.utils.system_probe.log:SYSTEM CONFIG DETAILS:
INFO:openfe.utils.system_probe.log.hostname:hostname: 'gpu03'
INFO:openfe.utils.system_probe.log.gpu:GPU: uuid='GPU-3272edf3-6acb-c780-6761-8972e47478b3' NVIDIA A40 mode=Default
INFO:openfe.utils.system_probe.log.gpu:GPU: uuid='GPU-950fc1bc-e698-da80-7f5a-cad89ced1e50' NVIDIA A40 mode=Default
INFO:openfe.utils.system_probe.log.gpu:GPU: uuid='GPU-630b30e3-acec-451a-4208-fba69a3339cb' NVIDIA A40 mode=Default
INFO:openfe.utils.system_probe.log.gpu:GPU: uuid='GPU-a577ded9-0266-6f44-c3a0-a852730750bb' NVIDIA A40 mode=Default
INFO:openfe.utils.system_probe.log:Memory used: 34.0G (6.8%)
INFO:openfe.utils.system_probe.log:quickrun_scratch/scratch_HybridTopologyMultiStateSimulationUnit-be2e3fd2b6274a3583b9bd5ab9764fc9_attempt_1: 2% full (1.6T free)
INFO:gufekey.openfe.protocols.openmm_rfe.hybridtop_units.HybridTopologyMultiStateSimulationUnit:Starting simulation unit
WARNING:openmmtools.multistate.multistatesampler:An online_analysis_interval that is not a multiple of the checkpoint_interval can lead to redundant information in the real time yaml file after recovering from checkpoints.
INFO:gufekey.openfe.protocols.openmm_rfe.hybridtop_units.HybridTopologyMultiStateSimulationUnit:minimizing systems
INFO:gufekey.openfe.protocols.openmm_rfe.hybridtop_units.HybridTopologyMultiStateSimulationUnit:equilibrating systems
INFO:openmmtools.multistate.multistatesampler:Equilibration iteration 1/400
WARNING:py.warnings:/opt/conda/lib/python3.12/site-packages/openmmtools/mcmc.py:723: UserWarning: Particle coordinate is NaN.  For more information, see https://github.com/openmm/openmm/wiki/Frequently-Asked-Questions#nan
  warnings.warn(str(e))

WARNING:openmmtools.mcmc:Potential energy is NaN after 0 attempts of integration with move LangevinDynamicsMove Attempting a restart...
WARNING:openmmtools.mcmc:Potential energy is NaN after 1 attempts of integration with move LangevinDynamicsMove Attempting a restart...
WARNING:openmmtools.mcmc:Potential energy is NaN after 2 attempts of integration with move LangevinDynamicsMove Attempting a restart...
WARNING:openmmtools.mcmc:Potential energy is NaN after 3 attempts of integration with move LangevinDynamicsMove Attempting a restart...
WARNING:openmmtools.mcmc:Potential energy is NaN after 4 attempts of integration with move LangevinDynamicsMove Attempting a restart...
WARNING:openmmtools.mcmc:Potential energy is NaN after 5 attempts of integration with move LangevinDynamicsMove Attempting a restart...
WARNING:openmmtools.mcmc:Potential energy is NaN after 6 attempts of integration with move LangevinDynamicsMove Attempting a restart...
WARNING:openmmtools.mcmc:Potential energy is NaN after 7 attempts of integration with move LangevinDynamicsMove Attempting a restart...
WARNING:openmmtools.mcmc:Potential energy is NaN after 8 attempts of integration with move LangevinDynamicsMove Attempting a restart...
WARNING:openmmtools.mcmc:Potential energy is NaN after 9 attempts of integration with move LangevinDynamicsMove Attempting a restart...
WARNING:openmmtools.mcmc:Potential energy is NaN after 10 attempts of integration with move LangevinDynamicsMove Attempting a restart...
WARNING:openmmtools.mcmc:Potential energy is NaN after 11 attempts of integration with move LangevinDynamicsMove Attempting a restart...
WARNING:openmmtools.mcmc:Potential energy is NaN after 12 attempts of integration with move LangevinDynamicsMove Attempting a restart...
WARNING:openmmtools.mcmc:Potential energy is NaN after 13 attempts of integration with move LangevinDynamicsMove Attempting a restart...
WARNING:openmmtools.mcmc:Potential energy is NaN after 14 attempts of integration with move LangevinDynamicsMove Attempting a restart...
WARNING:openmmtools.mcmc:Potential energy is NaN after 15 attempts of integration with move LangevinDynamicsMove Attempting a restart...
WARNING:openmmtools.mcmc:Potential energy is NaN after 16 attempts of integration with move LangevinDynamicsMove Attempting a restart...
WARNING:openmmtools.mcmc:Potential energy is NaN after 17 attempts of integration with move LangevinDynamicsMove Attempting a restart...
WARNING:openmmtools.mcmc:Potential energy is NaN after 18 attempts of integration with move LangevinDynamicsMove Attempting a restart...
ERROR:openmmtools.mcmc:Potential energy is NaN after 19 attempts of integration with move LangevinDynamicsMove Trying to reinitialize Context as a last-resort restart attempt...
ERROR:openmmtools.mcmc:Potential energy is NaN after 20 attempts of integration with move LangevinDynamicsMove
CRITICAL:openmmtools.multistate.multistatesampler:Propagating replica 0 at state 0 resulted in a NaN!
The state of the system and integrator before the error were saved in quickrun_scratch/shared_HybridTopologyMultiStateSimulationUnit-be2e3fd2b6274a3583b9bd5ab9764fc9_attempt_1/nan-error-logs
INFO:openfe.utils.system_probe.log:SYSTEM CONFIG DETAILS:
INFO:openfe.utils.system_probe.log.hostname:hostname: 'gpu03'
INFO:openfe.utils.system_probe.log.gpu:GPU: uuid='GPU-3272edf3-6acb-c780-6761-8972e47478b3' NVIDIA A40 mode=Default
INFO:openfe.utils.system_probe.log.gpu:GPU: uuid='GPU-950fc1bc-e698-da80-7f5a-cad89ced1e50' NVIDIA A40 mode=Default
INFO:openfe.utils.system_probe.log.gpu:GPU: uuid='GPU-630b30e3-acec-451a-4208-fba69a3339cb' NVIDIA A40 mode=Default
INFO:openfe.utils.system_probe.log.gpu:GPU: uuid='GPU-a577ded9-0266-6f44-c3a0-a852730750bb' NVIDIA A40 mode=Default
INFO:openfe.utils.system_probe.log:Memory used: 34.5G (6.9%)
INFO:openfe.utils.system_probe.log:quickrun_scratch/scratch_HybridTopologyMultiStateSimulationUnit-be2e3fd2b6274a3583b9bd5ab9764fc9_attempt_2: 2% full (1.6T free)
INFO:gufekey.openfe.protocols.openmm_rfe.hybridtop_units.HybridTopologyMultiStateSimulationUnit:Starting simulation unit
WARNING:openmmtools.multistate.multistatesampler:An online_analysis_interval that is not a multiple of the checkpoint_interval can lead to redundant information in the real time yaml file after recovering from checkpoints.
INFO:gufekey.openfe.protocols.openmm_rfe.hybridtop_units.HybridTopologyMultiStateSimulationUnit:minimizing systems
INFO:gufekey.openfe.protocols.openmm_rfe.hybridtop_units.HybridTopologyMultiStateSimulationUnit:equilibrating systems
INFO:openmmtools.multistate.multistatesampler:Equilibration iteration 1/400
WARNING:py.warnings:/opt/conda/lib/python3.12/site-packages/openmmtools/mcmc.py:723: UserWarning: Particle coordinate is NaN.  For more information, see https://github.com/openmm/openmm/wiki/Frequently-Asked-Questions#nan
  warnings.warn(str(e))

WARNING:openmmtools.mcmc:Potential energy is NaN after 0 attempts of integration with move LangevinDynamicsMove Attempting a restart...
WARNING:openmmtools.mcmc:Potential energy is NaN after 1 attempts of integration with move LangevinDynamicsMove Attempting a restart...
WARNING:openmmtools.mcmc:Potential energy is NaN after 2 attempts of integration with move LangevinDynamicsMove Attempting a restart...
WARNING:openmmtools.mcmc:Potential energy is NaN after 3 attempts of integration with move LangevinDynamicsMove Attempting a restart...
WARNING:openmmtools.mcmc:Potential energy is NaN after 4 attempts of integration with move LangevinDynamicsMove Attempting a restart...
WARNING:openmmtools.mcmc:Potential energy is NaN after 5 attempts of integration with move LangevinDynamicsMove Attempting a restart...
WARNING:openmmtools.mcmc:Potential energy is NaN after 6 attempts of integration with move LangevinDynamicsMove Attempting a restart...
WARNING:openmmtools.mcmc:Potential energy is NaN after 7 attempts of integration with move LangevinDynamicsMove Attempting a restart...
WARNING:openmmtools.mcmc:Potential energy is NaN after 8 attempts of integration with move LangevinDynamicsMove Attempting a restart...
WARNING:openmmtools.mcmc:Potential energy is NaN after 9 attempts of integration with move LangevinDynamicsMove Attempting a restart...
WARNING:openmmtools.mcmc:Potential energy is NaN after 10 attempts of integration with move LangevinDynamicsMove Attempting a restart...
WARNING:openmmtools.mcmc:Potential energy is NaN after 11 attempts of integration with move LangevinDynamicsMove Attempting a restart...
WARNING:openmmtools.mcmc:Potential energy is NaN after 12 attempts of integration with move LangevinDynamicsMove Attempting a restart...
WARNING:openmmtools.mcmc:Potential energy is NaN after 13 attempts of integration with move LangevinDynamicsMove Attempting a restart...
WARNING:openmmtools.mcmc:Potential energy is NaN after 14 attempts of integration with move LangevinDynamicsMove Attempting a restart...
WARNING:openmmtools.mcmc:Potential energy is NaN after 15 attempts of integration with move LangevinDynamicsMove Attempting a restart...
WARNING:openmmtools.mcmc:Potential energy is NaN after 16 attempts of integration with move LangevinDynamicsMove Attempting a restart...
WARNING:openmmtools.mcmc:Potential energy is NaN after 17 attempts of integration with move LangevinDynamicsMove Attempting a restart...
WARNING:openmmtools.mcmc:Potential energy is NaN after 18 attempts of integration with move LangevinDynamicsMove Attempting a restart...
ERROR:openmmtools.mcmc:Potential energy is NaN after 19 attempts of integration with move LangevinDynamicsMove Trying to reinitialize Context as a last-resort restart attempt...
ERROR:openmmtools.mcmc:Potential energy is NaN after 20 attempts of integration with move LangevinDynamicsMove
CRITICAL:openmmtools.multistate.multistatesampler:Propagating replica 0 at state 0 resulted in a NaN!
The state of the system and integrator before the error were saved in quickrun_scratch/shared_HybridTopologyMultiStateSimulationUnit-be2e3fd2b6274a3583b9bd5ab9764fc9_attempt_2/nan-error-logs
Error: The protocol unit 'HybridTopology Simulation: OADMET-0006109 to OADMET-0006107 repeat 0 generation 0' failed with the error message:
SimulationNaNError: Propagating replica 0 at state 0 resulted in a NaN!
The state of the system and integrator before the error were saved in quickrun_scratch/shared_HybridTopologyMultiStateSimulationUnit-be2e3fd2b6274a3583b9bd5ab9764fc9_attempt_2/nan-error-logs

Details provided in output.
