000 (8018100.102.000) 2026-06-21 13:37:20 Job submitted from host: <128.105.68.112:9618?addrs=128.105.68.112-9618+[2607-f388-2200-100-eaeb-d3ff-fea3-4202]-9618&alias=ap2001.chtc.wisc.edu&noUDP&sock=schedd_4071840_2329>
...
040 (8018100.102.000) 2026-06-21 14:21:09 Started transferring input files
	Transferring to host: <128.104.100.117:9618?addrs=128.104.100.117-9618+[2607-f388-107c-501-8ae9-a4ff-fe02-e150]-9618&alias=jcaicedogpu0003.chtc.wisc.edu&noUDP&sock=backfill1_7_1586877_26eb_100921>
...
040 (8018100.102.000) 2026-06-21 14:21:25 Finished transferring input files
...
001 (8018100.102.000) 2026-06-21 14:21:25 Job executing on host: <128.104.100.117:9618?addrs=128.104.100.117-9618+[2607-f388-107c-501-8ae9-a4ff-fe02-e150]-9618&alias=jcaicedogpu0003.chtc.wisc.edu&noUDP&sock=startd_10874_3cee>
	SlotName: backfill1_7@jcaicedogpu0003.chtc.wisc.edu
	AvailableGPUs = { GPUs_GPU_c23ee0d5 }
	CondorScratchDir = "/var/lib/condor/execute/slot1/dir_3095047/scratch"
	Cpus = 1
	Disk = 16777216
	GPUs = 1
	GPUs_GPU_c23ee0d5 = [ Id = "GPU-c23ee0d5"; Capability = 8.9; DeviceName = "NVIDIA L40S"; DeviceUuid = "c23ee0d5-5148-e866-01bc-ea65221e4428"; ECCEnabled = true; NvidiaDriver = "570.195.03"; DriverVersion = 12.8; DevicePciBusId = "0000:21:00.0"; GlobalMemoryMb = 45468; MaxSupportedVersion = 12080 ]
	IoHeavy = 0
	Memory = 16384
...
006 (8018100.102.000) 2026-06-21 14:21:28 Image size of job updated: 404
	0  -  MemoryUsage of job (MB)
	0  -  ResidentSetSize of job (KB)
...
040 (8018100.102.000) 2026-06-21 14:21:28 Started transferring output files
...
040 (8018100.102.000) 2026-06-21 14:21:28 Finished transferring output files
...
004 (8018100.102.000) 2026-06-21 14:21:28 Job was evicted.
	(0) Job terminated and was requeued
		Usr 0 00:00:01, Sys 0 00:00:00  -  Run Remote Usage
		Usr 0 00:00:00, Sys 0 00:00:00  -  Run Local Usage
	450  -  Run Bytes Sent By Job
	2781791235  -  Run Bytes Received By Job
	(1) Normal termination (return value 2)
	The job attribute OnExitRemove expression 'NumJobCompletions > JobMaxRetries || ExitCode =?= 0' evaluated to FALSE
...
040 (8018100.102.000) 2026-06-21 14:22:54 Started transferring input files
	Transferring to host: <128.104.103.47:9618?addrs=128.104.103.47-9618+[2607-f388-107c-501-a236-9fff-fe3c-f3a0]-9618&alias=ahlquist0000.chtc.wisc.edu&noUDP&sock=backfill1_7_9919_952c_8152>
...
040 (8018100.102.000) 2026-06-21 14:26:08 Finished transferring input files
...
001 (8018100.102.000) 2026-06-21 14:26:08 Job executing on host: <128.104.103.47:9618?addrs=128.104.103.47-9618+[2607-f388-107c-501-a236-9fff-fe3c-f3a0]-9618&alias=ahlquist0000.chtc.wisc.edu&noUDP&sock=startd_9052_7f60>
	SlotName: backfill1_7@ahlquist0000.chtc.wisc.edu
	AvailableGPUs = { GPUs_GPU_0667ce7c }
	CondorScratchDir = "/var/lib/condor/execute/slot1/dir_1393829/scratch"
	Cpus = 1
	Disk = 16777216
	GPUs = 1
	GPUs_GPU_0667ce7c = [ Id = "GPU-0667ce7c"; Capability = 7.5; DeviceName = "NVIDIA GeForce RTX 2080 Ti"; DeviceUuid = "0667ce7c-e177-dba2-090d-c54615b6c616"; ECCEnabled = false; NvidiaDriver = "550.54.14"; DriverVersion = 12.4; DevicePciBusId = "0000:1B:00.0"; GlobalMemoryMb = 11004; MaxSupportedVersion = 12040 ]
	IoHeavy = 0
	Memory = 16384
...
040 (8018100.102.000) 2026-06-21 14:26:13 Started transferring output files
...
040 (8018100.102.000) 2026-06-21 14:26:13 Finished transferring output files
...
004 (8018100.102.000) 2026-06-21 14:26:14 Job was evicted.
	(0) Job terminated and was requeued
		Usr 0 00:00:03, Sys 0 00:00:00  -  Run Remote Usage
		Usr 0 00:00:00, Sys 0 00:00:00  -  Run Local Usage
	447  -  Run Bytes Sent By Job
	2781791235  -  Run Bytes Received By Job
	(1) Normal termination (return value 2)
	The job attribute OnExitRemove expression 'NumJobCompletions > JobMaxRetries || ExitCode =?= 0' evaluated to FALSE
...
040 (8018100.102.000) 2026-06-21 14:26:23 Started transferring input files
	Transferring to host: <128.105.68.166:9618?addrs=128.105.68.166-9618+[2607-f388-2200-100-b62e-99ff-feb7-2e2d]-9618&alias=gpulab2001.chtc.wisc.edu&noUDP&sock=slot2_2_11113_dd1d_53739>
...
040 (8018100.102.000) 2026-06-21 14:26:50 Finished transferring input files
...
001 (8018100.102.000) 2026-06-21 14:26:50 Job executing on host: <128.105.68.166:9618?addrs=128.105.68.166-9618+[2607-f388-2200-100-b62e-99ff-feb7-2e2d]-9618&alias=gpulab2001.chtc.wisc.edu&noUDP&sock=startd_10083_ad84>
	SlotName: slot2_2@gpulab2001.chtc.wisc.edu
	AvailableGPUs = { GPUs_GPU_5498e439 }
	CondorScratchDir = "/var/lib/condor/execute/slot2/dir_1188193/scratch"
	Cpus = 1
	Disk = 16777216
	GPUs = 1
	GPUs_GPU_5498e439 = [ Id = "GPU-5498e439"; Capability = 7.5; DeviceName = "NVIDIA GeForce RTX 2080 Ti"; DeviceUuid = "5498e439-bec3-fa72-ed65-a45d5f53e1b5"; ECCEnabled = false; NvidiaDriver = "570.195.03"; DriverVersion = 12.8; DevicePciBusId = "0000:3E:00.0"; GlobalMemoryMb = 10823; MaxSupportedVersion = 12080 ]
	IoHeavy = 0
	Memory = 16384
...
040 (8018100.102.000) 2026-06-21 14:26:54 Started transferring output files
...
040 (8018100.102.000) 2026-06-21 14:26:54 Finished transferring output files
...
004 (8018100.102.000) 2026-06-21 14:26:54 Job was evicted.
	(0) Job terminated and was requeued
		Usr 0 00:00:02, Sys 0 00:00:00  -  Run Remote Usage
		Usr 0 00:00:00, Sys 0 00:00:00  -  Run Local Usage
	445  -  Run Bytes Sent By Job
	2781791235  -  Run Bytes Received By Job
	(1) Normal termination (return value 2)
	The job attribute OnExitRemove expression 'NumJobCompletions > JobMaxRetries || ExitCode =?= 0' evaluated to FALSE
...
040 (8018100.102.000) 2026-06-21 14:27:45 Started transferring input files
	Transferring to host: <10.130.203.229:38687?CCBID=128.105.82.148:9618%3faddrs%3d128.105.82.148-9618+[2607-f388-2200-9d-7ccb-bc08-2489-768a]-9618%26alias%3dospool-ccb.osg.chtc.io%26noUDP%26sock%3dcollector9#4330745%2067.58.49.91:9618%3faddrs%3d67.58.49.91-9618+[fdf0-17b3-c3ec-1f79-10-0-e-b69d]-9618%26alias%3dccb-2.ospool.osg-htc.org%26noUDP%26sock%3dcollector7#4322312&PrivNet=spark-agpu225.chtc.wisc.edu&addrs=10.130.203.229-38687&alias=spark-agpu225.chtc.wisc.edu&noUDP>
...
040 (8018100.102.000) 2026-06-21 14:28:00 Finished transferring input files
...
021 (8018100.102.000) 2026-06-21 14:28:00 Message from starter on slot1_1@glidein_21051_536508567@spark-agpu225.chtc.wisc.edu:
	PREPARE_JOB (prepare-hook) succeeded (reported status 000): Using Singularity image openfe_1.11.1.sif
...
001 (8018100.102.000) 2026-06-21 14:28:00 Job executing on host: <10.130.203.229:42507?CCBID=128.105.82.148:9618%3faddrs%3d128.105.82.148-9618+[2607-f388-2200-9d-7ccb-bc08-2489-768a]-9618%26alias%3dospool-ccb.osg.chtc.io%26noUDP%26sock%3dcollector9#4154351%2067.58.49.91:9618%3faddrs%3d67.58.49.91-9618+[fdf0-17b3-c3ec-1f79-10-0-e-b69d]-9618%26alias%3dccb-2.ospool.osg-htc.org%26noUDP%26sock%3dcollector5#4147823&PrivNet=spark-agpu225.chtc.wisc.edu&addrs=10.130.203.229-42507&alias=spark-agpu225.chtc.wisc.edu&noUDP>
	SlotName: slot1_1@glidein_21051_536508567@spark-agpu225.chtc.wisc.edu
	AvailableGPUs = { GPUs_GPU_68821ed8 }
	CondorScratchDir = "/var/lib/condor/execute/osg01/glide_sP6yGA/execute/dir_3334376/scratch"
	Cpus = 1
	Disk = 16777216
	GPUs = 1
	GPUs_GPU_68821ed8 = [ Id = "GPU-68821ed8"; ClockMhz = 1410.0; Capability = 8.0; CoresPerCU = 64; DeviceName = "NVIDIA A100-SXM4-80GB"; DeviceUuid = "68821ed8-ae9f-40f6-51f1-252dbdccadcd"; ECCEnabled = true; ComputeUnits = 108; NvidiaDriver = "560.35.03"; DriverVersion = 12.6; DevicePciBusId = "0000:C1:00.0"; GlobalMemoryMb = 81156; MaxSupportedVersion = 12060 ]
	Memory = 16384
...
006 (8018100.102.000) 2026-06-21 14:28:03 Image size of job updated: 425
	6  -  MemoryUsage of job (MB)
	5356  -  ResidentSetSize of job (KB)
...
040 (8018100.102.000) 2026-06-21 14:28:03 Started transferring output files
...
040 (8018100.102.000) 2026-06-21 14:28:03 Finished transferring output files
...
004 (8018100.102.000) 2026-06-21 14:28:04 Job was evicted.
	(0) Job terminated and was requeued
		Usr 0 00:00:00, Sys 0 00:00:00  -  Run Remote Usage
		Usr 0 00:00:00, Sys 0 00:00:00  -  Run Local Usage
	467  -  Run Bytes Sent By Job
	2781791235  -  Run Bytes Received By Job
	(1) Normal termination (return value 2)
	The job attribute OnExitRemove expression 'NumJobCompletions > JobMaxRetries || ExitCode =?= 0' evaluated to FALSE
...
040 (8018100.102.000) 2026-06-21 14:28:52 Started transferring input files
	Transferring to host: <128.104.100.52:9618?addrs=128.104.100.52-9618+[2607-f388-107c-501-7ec2-55ff-fe99-a48c]-9618&alias=jcaicedogpu0000.chtc.wisc.edu&noUDP&sock=backfill1_8_12267_f60c_9431>
...
040 (8018100.102.000) 2026-06-21 14:29:05 Finished transferring input files
...
001 (8018100.102.000) 2026-06-21 14:29:05 Job executing on host: <128.104.100.52:9618?addrs=128.104.100.52-9618+[2607-f388-107c-501-7ec2-55ff-fe99-a48c]-9618&alias=jcaicedogpu0000.chtc.wisc.edu&noUDP&sock=startd_10725_0952>
	SlotName: backfill1_8@jcaicedogpu0000.chtc.wisc.edu
	AvailableGPUs = { GPUs_GPU_0c03ad29 }
	CondorScratchDir = "/var/lib/condor/execute/slot1/dir_3466944/scratch"
	Cpus = 1
	Disk = 16777216
	GPUs = 1
	GPUs_GPU_0c03ad29 = [ Id = "GPU-0c03ad29"; Capability = 8.9; DeviceName = "NVIDIA L40"; DeviceUuid = "0c03ad29-613e-407b-2db9-ce469ed3fbba"; ECCEnabled = true; NvidiaDriver = "570.195.03"; DriverVersion = 12.8; DevicePciBusId = "0000:53:00.0"; GlobalMemoryMb = 45468; MaxSupportedVersion = 12080 ]
	IoHeavy = 0
	Memory = 16384
...
006 (8018100.102.000) 2026-06-21 14:29:08 Image size of job updated: 544
	8  -  MemoryUsage of job (MB)
	7500  -  ResidentSetSize of job (KB)
...
040 (8018100.102.000) 2026-06-21 14:29:08 Started transferring output files
...
040 (8018100.102.000) 2026-06-21 14:29:08 Finished transferring output files
...
004 (8018100.102.000) 2026-06-21 14:29:09 Job was evicted.
	(0) Job terminated and was requeued
		Usr 0 00:00:02, Sys 0 00:00:00  -  Run Remote Usage
		Usr 0 00:00:00, Sys 0 00:00:00  -  Run Local Usage
	450  -  Run Bytes Sent By Job
	2781791235  -  Run Bytes Received By Job
	(1) Normal termination (return value 2)
	The job attribute OnExitRemove expression 'NumJobCompletions > JobMaxRetries || ExitCode =?= 0' evaluated to FALSE
...
040 (8018100.102.000) 2026-06-21 14:30:03 Started transferring input files
	Transferring to host: <10.1.1.134:37301?CCBID=128.105.82.148:9618%3faddrs%3d128.105.82.148-9618+[2607-f388-2200-9d-7ccb-bc08-2489-768a]-9618%26alias%3dospool-ccb.osg.chtc.io%26noUDP%26sock%3dcollector7#4327515%2067.58.49.91:9618%3faddrs%3d67.58.49.91-9618+[fdf0-17b3-c3ec-1f79-10-0-e-b69d]-9618%26alias%3dccb-2.ospool.osg-htc.org%26noUDP%26sock%3dcollector5#4325340&PrivNet=gpu04&addrs=10.1.1.134-37301&alias=gpu04&noUDP>
...
040 (8018100.102.000) 2026-06-21 14:30:20 Finished transferring input files
...
021 (8018100.102.000) 2026-06-21 14:30:20 Message from starter on slot1_4@glidein_334580_138485523@gpu04:
	PREPARE_JOB (prepare-hook) succeeded (reported status 000): Using Singularity image openfe_1.11.1.sif
...
001 (8018100.102.000) 2026-06-21 14:30:20 Job executing on host: <10.1.1.134:32961?CCBID=128.105.82.148:9618%3faddrs%3d128.105.82.148-9618+[2607-f388-2200-9d-7ccb-bc08-2489-768a]-9618%26alias%3dospool-ccb.osg.chtc.io%26noUDP%26sock%3dcollector10#4303522%2067.58.49.91:9618%3faddrs%3d67.58.49.91-9618+[fdf0-17b3-c3ec-1f79-10-0-e-b69d]-9618%26alias%3dccb-2.ospool.osg-htc.org%26noUDP%26sock%3dcollector4#4296214&PrivNet=gpu04&addrs=10.1.1.134-32961&alias=gpu04&noUDP>
	SlotName: slot1_4@glidein_334580_138485523@gpu04
	AvailableGPUs = { GPUs_GPU_c3149e52 }
	CondorScratchDir = "/tmp/glide_s79osY/execute/dir_581876/scratch"
	Cpus = 1
	Disk = 16777216
	GPUs = 1
	GPUs_GPU_c3149e52 = [ Id = "GPU-c3149e52"; ClockMhz = 1740.0; Capability = 8.6; CoresPerCU = 128; DeviceName = "NVIDIA A40"; DeviceUuid = "c3149e52-8f5e-dbf4-4a81-91e1e4adeef6"; ECCEnabled = true; ComputeUnits = 84; NvidiaDriver = "595.71.05"; DriverVersion = 13.2; DevicePciBusId = "0000:81:00.0"; GlobalMemoryMb = 45739; MaxSupportedVersion = 13020 ]
	Memory = 16384
...
040 (8018100.102.000) 2026-06-21 14:30:24 Started transferring output files
...
040 (8018100.102.000) 2026-06-21 14:30:25 Finished transferring output files
...
004 (8018100.102.000) 2026-06-21 14:30:26 Job was evicted.
	(0) Job terminated and was requeued
		Usr 0 00:00:00, Sys 0 00:00:00  -  Run Remote Usage
		Usr 0 00:00:00, Sys 0 00:00:00  -  Run Local Usage
	547  -  Run Bytes Sent By Job
	2781791235  -  Run Bytes Received By Job
	(1) Normal termination (return value 2)
	The job attribute OnExitRemove expression 'NumJobCompletions > JobMaxRetries || ExitCode =?= 0' evaluated to FALSE
...
040 (8018100.102.000) 2026-06-21 14:31:57 Started transferring input files
	Transferring to host: <128.104.103.48:9618?addrs=128.104.103.48-9618+[2607-f388-107c-501-ae1f-6bff-fe2c-2f00]-9618&alias=vetsigian0001.chtc.wisc.edu&noUDP&sock=slot2_1_10681_7b0b_9420>
...
040 (8018100.102.000) 2026-06-21 14:34:04 Finished transferring input files
...
001 (8018100.102.000) 2026-06-21 14:34:04 Job executing on host: <128.104.103.48:9618?addrs=128.104.103.48-9618+[2607-f388-107c-501-ae1f-6bff-fe2c-2f00]-9618&alias=vetsigian0001.chtc.wisc.edu&noUDP&sock=startd_9913_126b>
	SlotName: slot2_1@vetsigian0001.chtc.wisc.edu
	AvailableGPUs = { GPUs_GPU_f4f2532b }
	CondorScratchDir = "/var/lib/condor/execute/slot2/dir_3854256/scratch"
	Cpus = 1
	Disk = 16777216
	GPUs = 1
	GPUs_GPU_f4f2532b = [ Id = "GPU-f4f2532b"; Capability = 7.5; DeviceName = "NVIDIA GeForce RTX 2080 Ti"; DeviceUuid = "f4f2532b-2e5c-7850-ea7b-49d0e882ecd5"; ECCEnabled = false; NvidiaDriver = "550.54.14"; DriverVersion = 12.4; DevicePciBusId = "0000:1A:00.0"; GlobalMemoryMb = 11004; MaxSupportedVersion = 12040 ]
	IoHeavy = 0
	Memory = 16384
...
040 (8018100.102.000) 2026-06-21 14:34:09 Started transferring output files
...
040 (8018100.102.000) 2026-06-21 14:34:09 Finished transferring output files
...
004 (8018100.102.000) 2026-06-21 14:34:10 Job was evicted.
	(0) Job terminated and was requeued
		Usr 0 00:00:03, Sys 0 00:00:00  -  Run Remote Usage
		Usr 0 00:00:00, Sys 0 00:00:00  -  Run Local Usage
	448  -  Run Bytes Sent By Job
	2781791235  -  Run Bytes Received By Job
	(1) Normal termination (return value 2)
	The job attribute OnExitRemove expression 'NumJobCompletions > JobMaxRetries || ExitCode =?= 0' evaluated to FALSE
...
040 (8018100.102.000) 2026-06-21 14:34:22 Started transferring input files
	Transferring to host: <128.104.103.48:9618?addrs=128.104.103.48-9618+[2607-f388-107c-501-ae1f-6bff-fe2c-2f00]-9618&alias=vetsigian0001.chtc.wisc.edu&noUDP&sock=slot2_7_10681_7b0b_9426>
...
040 (8018100.102.000) 2026-06-21 14:36:16 Finished transferring input files
...
001 (8018100.102.000) 2026-06-21 14:36:16 Job executing on host: <128.104.103.48:9618?addrs=128.104.103.48-9618+[2607-f388-107c-501-ae1f-6bff-fe2c-2f00]-9618&alias=vetsigian0001.chtc.wisc.edu&noUDP&sock=startd_9913_126b>
	SlotName: slot2_7@vetsigian0001.chtc.wisc.edu
	AvailableGPUs = { GPUs_GPU_db165ab8 }
	CondorScratchDir = "/var/lib/condor/execute/slot2/dir_3856642/scratch"
	Cpus = 1
	Disk = 16777216
	GPUs = 1
	GPUs_GPU_db165ab8 = [ Id = "GPU-db165ab8"; Capability = 7.5; DeviceName = "NVIDIA GeForce RTX 2080 Ti"; DeviceUuid = "db165ab8-2772-3c9a-89e1-dbb9944f94eb"; ECCEnabled = false; NvidiaDriver = "550.54.14"; DriverVersion = 12.4; DevicePciBusId = "0000:B1:00.0"; GlobalMemoryMb = 11004; MaxSupportedVersion = 12040 ]
	IoHeavy = 0
	Memory = 16384
...
040 (8018100.102.000) 2026-06-21 14:36:21 Started transferring output files
...
040 (8018100.102.000) 2026-06-21 14:36:21 Finished transferring output files
...
004 (8018100.102.000) 2026-06-21 14:36:22 Job was evicted.
	(0) Job terminated and was requeued
		Usr 0 00:00:03, Sys 0 00:00:00  -  Run Remote Usage
		Usr 0 00:00:00, Sys 0 00:00:00  -  Run Local Usage
	448  -  Run Bytes Sent By Job
	2781791235  -  Run Bytes Received By Job
	(1) Normal termination (return value 2)
	The job attribute OnExitRemove expression 'NumJobCompletions > JobMaxRetries || ExitCode =?= 0' evaluated to FALSE
...
040 (8018100.102.000) 2026-06-21 14:36:28 Started transferring input files
	Transferring to host: <128.104.103.48:9618?addrs=128.104.103.48-9618+[2607-f388-107c-501-ae1f-6bff-fe2c-2f00]-9618&alias=vetsigian0001.chtc.wisc.edu&noUDP&sock=slot2_7_10681_7b0b_9428>
...
040 (8018100.102.000) 2026-06-21 14:38:40 Finished transferring input files
...
001 (8018100.102.000) 2026-06-21 14:38:40 Job executing on host: <128.104.103.48:9618?addrs=128.104.103.48-9618+[2607-f388-107c-501-ae1f-6bff-fe2c-2f00]-9618&alias=vetsigian0001.chtc.wisc.edu&noUDP&sock=startd_9913_126b>
	SlotName: slot2_7@vetsigian0001.chtc.wisc.edu
	AvailableGPUs = { GPUs_GPU_db165ab8 }
	CondorScratchDir = "/var/lib/condor/execute/slot2/dir_3858257/scratch"
	Cpus = 1
	Disk = 16777216
	GPUs = 1
	GPUs_GPU_db165ab8 = [ Id = "GPU-db165ab8"; Capability = 7.5; DeviceName = "NVIDIA GeForce RTX 2080 Ti"; DeviceUuid = "db165ab8-2772-3c9a-89e1-dbb9944f94eb"; ECCEnabled = false; NvidiaDriver = "550.54.14"; DriverVersion = 12.4; DevicePciBusId = "0000:B1:00.0"; GlobalMemoryMb = 11004; MaxSupportedVersion = 12040 ]
	IoHeavy = 0
	Memory = 16384
...
040 (8018100.102.000) 2026-06-21 14:38:46 Started transferring output files
...
040 (8018100.102.000) 2026-06-21 14:38:46 Finished transferring output files
...
004 (8018100.102.000) 2026-06-21 14:38:47 Job was evicted.
	(0) Job terminated and was requeued
		Usr 0 00:00:02, Sys 0 00:00:00  -  Run Remote Usage
		Usr 0 00:00:00, Sys 0 00:00:00  -  Run Local Usage
	448  -  Run Bytes Sent By Job
	2781791235  -  Run Bytes Received By Job
	(1) Normal termination (return value 2)
	The job attribute OnExitRemove expression 'NumJobCompletions > JobMaxRetries || ExitCode =?= 0' evaluated to FALSE
...
040 (8018100.102.000) 2026-06-21 14:38:54 Started transferring input files
	Transferring to host: <128.104.103.104:9618?addrs=128.104.103.104-9618+[2607-f388-107c-501-ae1f-6bff-fe40-ce2e]-9618&alias=gitter0000.chtc.wisc.edu&noUDP&sock=slot2_1_8979_4486_8604>
...
040 (8018100.102.000) 2026-06-21 14:41:15 Finished transferring input files
...
001 (8018100.102.000) 2026-06-21 14:41:15 Job executing on host: <128.104.103.104:9618?addrs=128.104.103.104-9618+[2607-f388-107c-501-ae1f-6bff-fe40-ce2e]-9618&alias=gitter0000.chtc.wisc.edu&noUDP&sock=startd_8665_0c39>
	SlotName: slot2_1@gitter0000.chtc.wisc.edu
	AvailableGPUs = { GPUs_GPU_272cc33a }
	CondorScratchDir = "/var/lib/condor/execute/slot2/dir_3907937/scratch"
	Cpus = 1
	Disk = 16777216
	GPUs = 1
	GPUs_GPU_272cc33a = [ Id = "GPU-272cc33a"; Capability = 6.1; DeviceName = "NVIDIA GeForce GTX 1080 Ti"; DeviceUuid = "272cc33a-aa36-c52e-632e-1d0ff0d0c75a"; ECCEnabled = false; NvidiaDriver = "570.195.03"; DriverVersion = 12.8; DevicePciBusId = "0000:3B:00.0"; GlobalMemoryMb = 11165; MaxSupportedVersion = 12080 ]
	IoHeavy = 0
	Memory = 16384
...
040 (8018100.102.000) 2026-06-21 14:41:19 Started transferring output files
...
040 (8018100.102.000) 2026-06-21 14:41:19 Finished transferring output files
...
004 (8018100.102.000) 2026-06-21 14:41:20 Job was evicted.
	(0) Job terminated and was requeued
		Usr 0 00:00:03, Sys 0 00:00:01  -  Run Remote Usage
		Usr 0 00:00:00, Sys 0 00:00:00  -  Run Local Usage
	445  -  Run Bytes Sent By Job
	2781791235  -  Run Bytes Received By Job
	(1) Normal termination (return value 2)
	The job attribute OnExitRemove expression 'NumJobCompletions > JobMaxRetries || ExitCode =?= 0' evaluated to FALSE
...
040 (8018100.102.000) 2026-06-21 14:42:04 Started transferring input files
	Transferring to host: <128.105.68.168:9618?addrs=128.105.68.168-9618+[2607-f388-2200-100-b62e-99ff-feb7-2dcb]-9618&alias=gpulab2003.chtc.wisc.edu&noUDP&sock=slot2_4_11172_6f3f_7689>
...
040 (8018100.102.000) 2026-06-21 14:42:21 Finished transferring input files
...
001 (8018100.102.000) 2026-06-21 14:42:21 Job executing on host: <128.105.68.168:9618?addrs=128.105.68.168-9618+[2607-f388-2200-100-b62e-99ff-feb7-2dcb]-9618&alias=gpulab2003.chtc.wisc.edu&noUDP&sock=startd_10155_1056>
	SlotName: slot2_4@gpulab2003.chtc.wisc.edu
	AvailableGPUs = { GPUs_GPU_61902b82 }
	CondorScratchDir = "/var/lib/condor/execute/slot2/dir_1296388/scratch"
	Cpus = 1
	Disk = 16777216
	GPUs = 1
	GPUs_GPU_61902b82 = [ Id = "GPU-61902b82"; Capability = 7.5; DeviceName = "NVIDIA GeForce RTX 2080 Ti"; DeviceUuid = "61902b82-cedb-e4be-d010-bca8829ec79b"; ECCEnabled = false; NvidiaDriver = "570.195.03"; DriverVersion = 12.8; DevicePciBusId = "0000:B2:00.0"; GlobalMemoryMb = 10823; MaxSupportedVersion = 12080 ]
	IoHeavy = 0
	Memory = 16384
...
006 (8018100.102.000) 2026-06-21 14:42:25 Image size of job updated: 12512
	13  -  MemoryUsage of job (MB)
	12304  -  ResidentSetSize of job (KB)
...
040 (8018100.102.000) 2026-06-21 14:42:25 Started transferring output files
...
040 (8018100.102.000) 2026-06-21 14:42:25 Finished transferring output files
...
005 (8018100.102.000) 2026-06-21 14:42:25 Job terminated.
	(1) Normal termination (return value 2)
		Usr 0 00:00:02, Sys 0 00:00:00  -  Run Remote Usage
		Usr 0 00:00:00, Sys 0 00:00:00  -  Run Local Usage
		Usr 0 00:00:21, Sys 0 00:00:01  -  Total Remote Usage
		Usr 0 00:00:00, Sys 0 00:00:00  -  Total Local Usage
	435  -  Run Bytes Sent By Job
	2781791235  -  Run Bytes Received By Job
	5030  -  Total Bytes Sent By Job
	30599703585  -  Total Bytes Received By Job
	Partitionable Resources :    Usage  Request Allocated Assigned
	   Cpus                 :        0        1         1 
	   Disk (KB)            :  2716630 16777216  16777216 
	   GPUs                 :        0        1         1 "GPU-61902b82"
	   IoHeavy              :                           0 
	   Memory (MB)          :       13    16384     16384 
	   TimeExecute (s)      :        4                    
	   TimeSlotBusy (s)     :       21                    
...
