000 (8017966.415.000) 2026-06-20 22:07:54 Job submitted from host: <128.105.68.112:9618?addrs=128.105.68.112-9618+[2607-f388-2200-100-eaeb-d3ff-fea3-4202]-9618&alias=ap2001.chtc.wisc.edu&noUDP&sock=schedd_4071840_2329>
...
040 (8017966.415.000) 2026-06-21 01:59:22 Started transferring input files
	Transferring to host: <10.244.214.53:38649?CCBID=128.105.82.148:9618%3faddrs%3d128.105.82.148-9618+[2607-f388-2200-9d-7ccb-bc08-2489-768a]-9618%26alias%3dospool-ccb.osg.chtc.io%26noUDP%26sock%3dcollector1#4097040%2067.58.49.91:9618%3faddrs%3d67.58.49.91-9618+[fdf0-17b3-c3ec-1f79-10-0-e-b69d]-9618%26alias%3dccb-2.ospool.osg-htc.org%26noUDP%26sock%3dcollector1#4091140&PrivNet=GSU-Adonis-EP.osg-endpoint-74b7c7597f-7qdgv&addrs=10.244.214.53-38649&alias=GSU-Adonis-EP.osg-endpoint-74b7c7597f-7qdgv&noUDP&sock=slot1_4_4582_2ef3_2557>
...
040 (8017966.415.000) 2026-06-21 01:59:46 Finished transferring input files
...
021 (8017966.415.000) 2026-06-21 01:59:47 Message from starter on slot1_4@GSU-Adonis-EP.osg-endpoint-74b7c7597f-7qdgv:
	PREPARE_JOB (prepare-hook) succeeded (reported status 000): Using Singularity image openfe_1.11.1.sif
...
001 (8017966.415.000) 2026-06-21 01:59:47 Job executing on host: <10.244.214.53:38649?CCBID=128.105.82.148:9618%3faddrs%3d128.105.82.148-9618+[2607-f388-2200-9d-7ccb-bc08-2489-768a]-9618%26alias%3dospool-ccb.osg.chtc.io%26noUDP%26sock%3dcollector1#4097040%2067.58.49.91:9618%3faddrs%3d67.58.49.91-9618+[fdf0-17b3-c3ec-1f79-10-0-e-b69d]-9618%26alias%3dccb-2.ospool.osg-htc.org%26noUDP%26sock%3dcollector1#4091140&PrivNet=GSU-Adonis-EP.osg-endpoint-74b7c7597f-7qdgv&addrs=10.244.214.53-38649&alias=GSU-Adonis-EP.osg-endpoint-74b7c7597f-7qdgv&noUDP&sock=startd_4575_a5df>
	SlotName: slot1_4@GSU-Adonis-EP.osg-endpoint-74b7c7597f-7qdgv
	AvailableGPUs = { GPUs_GPU_14b707a2 }
	CondorScratchDir = "/pilot/osgvo-pilot-iR4xKb/execute/dir_2282706"
	Cpus = 1
	Disk = 16778240
	GPUs = 1
	GPUs_GPU_14b707a2 = [ Id = "GPU-14b707a2"; Capability = 9.0; DeviceName = "NVIDIA H100 NVL"; DeviceUuid = "14b707a2-c314-b46c-e41c-7e5870f22df8"; ECCEnabled = true; NvidiaDriver = "550.90.07"; DriverVersion = 12.4; DevicePciBusId = "0000:3F:00.0"; GlobalMemoryMb = 95235; MaxSupportedVersion = 12040 ]
	Memory = 16384
...
006 (8017966.415.000) 2026-06-21 01:59:56 Image size of job updated: 3181768
	104  -  MemoryUsage of job (MB)
	105984  -  ResidentSetSize of job (KB)
...
006 (8017966.415.000) 2026-06-21 02:04:57 Image size of job updated: 57824448
	2295  -  MemoryUsage of job (MB)
	2349280  -  ResidentSetSize of job (KB)
...
006 (8017966.415.000) 2026-06-21 02:09:58 Image size of job updated: 57825940
	2295  -  MemoryUsage of job (MB)
	2349280  -  ResidentSetSize of job (KB)
...
006 (8017966.415.000) 2026-06-21 02:14:58 Image size of job updated: 57837840
	2298  -  MemoryUsage of job (MB)
	2352352  -  ResidentSetSize of job (KB)
...
006 (8017966.415.000) 2026-06-21 02:20:00 Image size of job updated: 57841456
	2301  -  MemoryUsage of job (MB)
	2355424  -  ResidentSetSize of job (KB)
...
006 (8017966.415.000) 2026-06-21 02:25:00 Image size of job updated: 57846340
	2304  -  MemoryUsage of job (MB)
	2358496  -  ResidentSetSize of job (KB)
...
006 (8017966.415.000) 2026-06-21 02:30:00 Image size of job updated: 57850076
	2307  -  MemoryUsage of job (MB)
	2361568  -  ResidentSetSize of job (KB)
...
006 (8017966.415.000) 2026-06-21 02:35:01 Image size of job updated: 57854940
	2310  -  MemoryUsage of job (MB)
	2364640  -  ResidentSetSize of job (KB)
...
006 (8017966.415.000) 2026-06-21 02:40:01 Image size of job updated: 57858992
	2313  -  MemoryUsage of job (MB)
	2367712  -  ResidentSetSize of job (KB)
...
006 (8017966.415.000) 2026-06-21 02:45:01 Image size of job updated: 57864296
	2317  -  MemoryUsage of job (MB)
	2372320  -  ResidentSetSize of job (KB)
...
006 (8017966.415.000) 2026-06-21 02:50:02 Image size of job updated: 57865368
	2317  -  MemoryUsage of job (MB)
	2372320  -  ResidentSetSize of job (KB)
...
006 (8017966.415.000) 2026-06-21 02:55:02 Image size of job updated: 57869540
	2317  -  MemoryUsage of job (MB)
	2372320  -  ResidentSetSize of job (KB)
...
040 (8017966.415.000) 2026-06-21 02:55:48 Started transferring output files
...
040 (8017966.415.000) 2026-06-21 02:55:48 Finished transferring output files
...
005 (8017966.415.000) 2026-06-21 02:55:48 Job terminated.
	(1) Normal termination (return value 0)
		Usr 0 00:48:49, Sys 0 02:39:28  -  Run Remote Usage
		Usr 0 00:00:00, Sys 0 00:00:00  -  Run Local Usage
		Usr 0 00:48:49, Sys 0 02:39:28  -  Total Remote Usage
		Usr 0 00:00:00, Sys 0 00:00:00  -  Total Local Usage
	1110691  -  Run Bytes Sent By Job
	2782522076  -  Run Bytes Received By Job
	1110691  -  Total Bytes Sent By Job
	2782522076  -  Total Bytes Received By Job
	Partitionable Resources :      Usage  Request Allocated Assigned
	   Cpus                 :       3.99        1         1 
	   Disk (KB)            : 2728392    16777216  16778240 
	   GPUs                 :       0.69        1         1 "GPU-14b707a2"
	   GpusMemory (MB)      :    8057                       
	   Memory (MB)          :    2317       16384     16384 
	   TimeExecute (s)      :    3360                       
	   TimeSlotBusy (s)     :    3386                       
...
