000 (8017966.367.000) 2026-06-20 22:07:54 Job submitted from host: <128.105.68.112:9618?addrs=128.105.68.112-9618+[2607-f388-2200-100-eaeb-d3ff-fea3-4202]-9618&alias=ap2001.chtc.wisc.edu&noUDP&sock=schedd_4071840_2329>
...
040 (8017966.367.000) 2026-06-21 01:40:18 Started transferring input files
	Transferring to host: <128.105.76.38:9618?addrs=128.105.76.38-9618+[2607-f388-2200-100-e29d-73ff-fe7b-534e]-9618&alias=mrudolphgpu4000.chtc.wisc.edu&noUDP&sock=backfill1_6_2520286_3b90_81240>
...
040 (8017966.367.000) 2026-06-21 01:40:29 Finished transferring input files
...
001 (8017966.367.000) 2026-06-21 01:40:29 Job executing on host: <128.105.76.38:9618?addrs=128.105.76.38-9618+[2607-f388-2200-100-e29d-73ff-fe7b-534e]-9618&alias=mrudolphgpu4000.chtc.wisc.edu&noUDP&sock=startd_17841_0541>
	SlotName: backfill1_6@mrudolphgpu4000.chtc.wisc.edu
	AvailableGPUs = { GPUs_GPU_13f451a8 }
	CondorScratchDir = "/var/lib/condor/execute/slot1/dir_18264/scratch"
	Cpus = 1
	Disk = 16777216
	GPUs = 1
	GPUs_GPU_13f451a8 = [ Id = "GPU-13f451a8"; Capability = 9.0; DeviceName = "NVIDIA H200"; DeviceUuid = "13f451a8-dc18-468e-a911-45bcf565bb8e"; ECCEnabled = true; NvidiaDriver = "570.195.03"; DriverVersion = 12.8; DevicePciBusId = "0000:4C:00.0"; GlobalMemoryMb = 143166; MaxSupportedVersion = 12080 ]
	IoHeavy = 0
	Memory = 16384
...
006 (8017966.367.000) 2026-06-21 01:40:38 Image size of job updated: 410524
	401  -  MemoryUsage of job (MB)
	410524  -  ResidentSetSize of job (KB)
...
006 (8017966.367.000) 2026-06-21 01:45:38 Image size of job updated: 1652272
	1612  -  MemoryUsage of job (MB)
	1650124  -  ResidentSetSize of job (KB)
...
006 (8017966.367.000) 2026-06-21 01:50:39 Image size of job updated: 1652272
	1612  -  MemoryUsage of job (MB)
	1650400  -  ResidentSetSize of job (KB)
...
006 (8017966.367.000) 2026-06-21 02:00:39 Image size of job updated: 1652272
	1612  -  MemoryUsage of job (MB)
	1650420  -  ResidentSetSize of job (KB)
...
006 (8017966.367.000) 2026-06-21 02:05:40 Image size of job updated: 1653100
	1615  -  MemoryUsage of job (MB)
	1653100  -  ResidentSetSize of job (KB)
...
006 (8017966.367.000) 2026-06-21 02:10:40 Image size of job updated: 1653152
	1615  -  MemoryUsage of job (MB)
	1653100  -  ResidentSetSize of job (KB)
...
006 (8017966.367.000) 2026-06-21 02:30:43 Image size of job updated: 1653364
	1615  -  MemoryUsage of job (MB)
	1653364  -  ResidentSetSize of job (KB)
...
006 (8017966.367.000) 2026-06-21 02:40:44 Image size of job updated: 1653368
	1615  -  MemoryUsage of job (MB)
	1653368  -  ResidentSetSize of job (KB)
...
006 (8017966.367.000) 2026-06-21 02:45:44 Image size of job updated: 1653372
	1615  -  MemoryUsage of job (MB)
	1653372  -  ResidentSetSize of job (KB)
...
006 (8017966.367.000) 2026-06-21 02:50:45 Image size of job updated: 1653376
	1615  -  MemoryUsage of job (MB)
	1653376  -  ResidentSetSize of job (KB)
...
006 (8017966.367.000) 2026-06-21 03:00:45 Image size of job updated: 1653384
	1615  -  MemoryUsage of job (MB)
	1653384  -  ResidentSetSize of job (KB)
...
006 (8017966.367.000) 2026-06-21 03:15:47 Image size of job updated: 1653800
	1616  -  MemoryUsage of job (MB)
	1653800  -  ResidentSetSize of job (KB)
...
006 (8017966.367.000) 2026-06-21 03:35:49 Image size of job updated: 1653804
	1616  -  MemoryUsage of job (MB)
	1653804  -  ResidentSetSize of job (KB)
...
006 (8017966.367.000) 2026-06-21 03:40:50 Image size of job updated: 1660424
	1622  -  MemoryUsage of job (MB)
	1660424  -  ResidentSetSize of job (KB)
...
040 (8017966.367.000) 2026-06-21 04:01:27 Started transferring output files
...
040 (8017966.367.000) 2026-06-21 04:01:27 Finished transferring output files
...
005 (8017966.367.000) 2026-06-21 04:01:27 Job terminated.
	(1) Normal termination (return value 0)
		Usr 0 02:23:10, Sys 0 01:10:31  -  Run Remote Usage
		Usr 0 00:00:00, Sys 0 00:00:00  -  Run Local Usage
		Usr 0 02:23:10, Sys 0 01:10:31  -  Total Remote Usage
		Usr 0 00:00:00, Sys 0 00:00:00  -  Total Local Usage
	10107642  -  Run Bytes Sent By Job
	2782482075  -  Run Bytes Received By Job
	10107642  -  Total Bytes Sent By Job
	2782482075  -  Total Bytes Received By Job
	Partitionable Resources :      Usage  Request Allocated Assigned
	   Cpus                 :       1.51        1         1 
	   Disk (KB)            : 2788732    16777216  16777216 
	   GPUs                 :       0.89        1         1 "GPU-13f451a8"
	   GpusMemory (MB)      :    8484                       
	   IoHeavy              :                             0 
	   Memory (MB)          :    1622       16384     16384 
	   TimeExecute (s)      :    8458                       
	   TimeSlotBusy (s)     :    8470                       
...
