000 (8018100.217.000) 2026-06-21 13:37:20 Job submitted from host: <128.105.68.112:9618?addrs=128.105.68.112-9618+[2607-f388-2200-100-eaeb-d3ff-fea3-4202]-9618&alias=ap2001.chtc.wisc.edu&noUDP&sock=schedd_4071840_2329>
...
040 (8018100.217.000) 2026-06-21 15:31:58 Started transferring input files
	Transferring to host: <128.104.100.117:9618?addrs=128.104.100.117-9618+[2607-f388-107c-501-8ae9-a4ff-fe02-e150]-9618&alias=jcaicedogpu0003.chtc.wisc.edu&noUDP&sock=backfill1_3_1586877_26eb_101106>
...
040 (8018100.217.000) 2026-06-21 15:32:08 Finished transferring input files
...
001 (8018100.217.000) 2026-06-21 15:32:08 Job executing on host: <128.104.100.117:9618?addrs=128.104.100.117-9618+[2607-f388-107c-501-8ae9-a4ff-fe02-e150]-9618&alias=jcaicedogpu0003.chtc.wisc.edu&noUDP&sock=startd_10874_3cee>
	SlotName: backfill1_3@jcaicedogpu0003.chtc.wisc.edu
	AvailableGPUs = { GPUs_GPU_b09fa1d1 }
	CondorScratchDir = "/var/lib/condor/execute/slot1/dir_3126089/scratch"
	Cpus = 1
	Disk = 16777216
	GPUs = 1
	GPUs_GPU_b09fa1d1 = [ Id = "GPU-b09fa1d1"; Capability = 8.9; DeviceName = "NVIDIA L40S"; DeviceUuid = "b09fa1d1-39bb-4cce-22c0-f7add6d83f34"; ECCEnabled = true; NvidiaDriver = "570.195.03"; DriverVersion = 12.8; DevicePciBusId = "0000:81:00.0"; GlobalMemoryMb = 45468; MaxSupportedVersion = 12080 ]
	IoHeavy = 0
	Memory = 16384
...
006 (8018100.217.000) 2026-06-21 15:32:11 Image size of job updated: 340
	0  -  MemoryUsage of job (MB)
	0  -  ResidentSetSize of job (KB)
...
040 (8018100.217.000) 2026-06-21 15:32:11 Started transferring output files
...
040 (8018100.217.000) 2026-06-21 15:32:11 Finished transferring output files
...
004 (8018100.217.000) 2026-06-21 15:32:11 Job was evicted.
	(0) Job terminated and was requeued
		Usr 0 00:00:01, Sys 0 00:00:00  -  Run Remote Usage
		Usr 0 00:00:00, Sys 0 00:00:00  -  Run Local Usage
	450  -  Run Bytes Sent By Job
	2782515140  -  Run Bytes Received By Job
	(1) Normal termination (return value 2)
	The job attribute OnExitRemove expression 'NumJobCompletions > JobMaxRetries || ExitCode =?= 0' evaluated to FALSE
...
040 (8018100.217.000) 2026-06-21 15:34:28 Started transferring input files
	Transferring to host: <128.105.69.60:9618?addrs=128.105.69.60-9618+[2607-f388-2200-100-527c-6fff-fe66-e7e2]-9618&alias=blengerichgpu4000.chtc.wisc.edu&noUDP&sock=backfill1_3_1843674_de95_96455>
...
040 (8018100.217.000) 2026-06-21 15:34:47 Finished transferring input files
...
001 (8018100.217.000) 2026-06-21 15:34:47 Job executing on host: <128.105.69.60:9618?addrs=128.105.69.60-9618+[2607-f388-2200-100-527c-6fff-fe66-e7e2]-9618&alias=blengerichgpu4000.chtc.wisc.edu&noUDP&sock=startd_11585_ecc4>
	SlotName: backfill1_3@blengerichgpu4000.chtc.wisc.edu
	AvailableGPUs = { GPUs_GPU_535fb437 }
	CondorScratchDir = "/var/lib/condor/execute/slot1/dir_3908163/scratch"
	Cpus = 1
	Disk = 16777216
	GPUs = 1
	GPUs_GPU_535fb437 = [ Id = "GPU-535fb437"; Capability = 8.9; DeviceName = "NVIDIA L40S"; DeviceUuid = "535fb437-9f44-5e44-20eb-367f2a82fd2a"; ECCEnabled = true; NvidiaDriver = "570.195.03"; DriverVersion = 12.8; DevicePciBusId = "0000:BD:00.0"; GlobalMemoryMb = 45468; MaxSupportedVersion = 12080 ]
	IoHeavy = 0
	Memory = 16384
...
006 (8018100.217.000) 2026-06-21 15:34:50 Image size of job updated: 816
	0  -  MemoryUsage of job (MB)
	0  -  ResidentSetSize of job (KB)
...
040 (8018100.217.000) 2026-06-21 15:34:50 Started transferring output files
...
040 (8018100.217.000) 2026-06-21 15:34:50 Finished transferring output files
...
004 (8018100.217.000) 2026-06-21 15:34:51 Job was evicted.
	(0) Job terminated and was requeued
		Usr 0 00:00:01, Sys 0 00:00:00  -  Run Remote Usage
		Usr 0 00:00:00, Sys 0 00:00:00  -  Run Local Usage
	452  -  Run Bytes Sent By Job
	2782515140  -  Run Bytes Received By Job
	(1) Normal termination (return value 2)
	The job attribute OnExitRemove expression 'NumJobCompletions > JobMaxRetries || ExitCode =?= 0' evaluated to FALSE
...
040 (8018100.217.000) 2026-06-21 15:36:58 Started transferring input files
	Transferring to host: <128.104.100.117:9618?addrs=128.104.100.117-9618+[2607-f388-107c-501-8ae9-a4ff-fe02-e150]-9618&alias=jcaicedogpu0003.chtc.wisc.edu&noUDP&sock=backfill1_3_1586877_26eb_101116>
...
040 (8018100.217.000) 2026-06-21 15:37:10 Finished transferring input files
...
001 (8018100.217.000) 2026-06-21 15:37:10 Job executing on host: <128.104.100.117:9618?addrs=128.104.100.117-9618+[2607-f388-107c-501-8ae9-a4ff-fe02-e150]-9618&alias=jcaicedogpu0003.chtc.wisc.edu&noUDP&sock=startd_10874_3cee>
	SlotName: backfill1_3@jcaicedogpu0003.chtc.wisc.edu
	AvailableGPUs = { GPUs_GPU_b09fa1d1 }
	CondorScratchDir = "/var/lib/condor/execute/slot1/dir_3127528/scratch"
	Cpus = 1
	Disk = 16777216
	GPUs = 1
	GPUs_GPU_b09fa1d1 = [ Id = "GPU-b09fa1d1"; Capability = 8.9; DeviceName = "NVIDIA L40S"; DeviceUuid = "b09fa1d1-39bb-4cce-22c0-f7add6d83f34"; ECCEnabled = true; NvidiaDriver = "570.195.03"; DriverVersion = 12.8; DevicePciBusId = "0000:81:00.0"; GlobalMemoryMb = 45468; MaxSupportedVersion = 12080 ]
	IoHeavy = 0
	Memory = 16384
...
040 (8018100.217.000) 2026-06-21 15:37:12 Started transferring output files
...
040 (8018100.217.000) 2026-06-21 15:37:12 Finished transferring output files
...
004 (8018100.217.000) 2026-06-21 15:37:13 Job was evicted.
	(0) Job terminated and was requeued
		Usr 0 00:00:01, Sys 0 00:00:00  -  Run Remote Usage
		Usr 0 00:00:00, Sys 0 00:00:00  -  Run Local Usage
	450  -  Run Bytes Sent By Job
	2782515140  -  Run Bytes Received By Job
	(1) Normal termination (return value 2)
	The job attribute OnExitRemove expression 'NumJobCompletions > JobMaxRetries || ExitCode =?= 0' evaluated to FALSE
...
040 (8018100.217.000) 2026-06-21 15:39:18 Started transferring input files
	Transferring to host: <128.105.69.60:9618?addrs=128.105.69.60-9618+[2607-f388-2200-100-527c-6fff-fe66-e7e2]-9618&alias=blengerichgpu4000.chtc.wisc.edu&noUDP&sock=backfill1_2_1843674_de95_96471>
...
040 (8018100.217.000) 2026-06-21 15:39:27 Finished transferring input files
...
001 (8018100.217.000) 2026-06-21 15:39:27 Job executing on host: <128.105.69.60:9618?addrs=128.105.69.60-9618+[2607-f388-2200-100-527c-6fff-fe66-e7e2]-9618&alias=blengerichgpu4000.chtc.wisc.edu&noUDP&sock=startd_11585_ecc4>
	SlotName: backfill1_2@blengerichgpu4000.chtc.wisc.edu
	AvailableGPUs = { GPUs_GPU_db5665ff }
	CondorScratchDir = "/var/lib/condor/execute/slot1/dir_3910824/scratch"
	Cpus = 1
	Disk = 16777216
	GPUs = 1
	GPUs_GPU_db5665ff = [ Id = "GPU-db5665ff"; Capability = 8.9; DeviceName = "NVIDIA L40S"; DeviceUuid = "db5665ff-35ac-5e51-55be-e8c110b7cb1f"; ECCEnabled = true; NvidiaDriver = "570.195.03"; DriverVersion = 12.8; DevicePciBusId = "0000:CF:00.0"; GlobalMemoryMb = 45468; MaxSupportedVersion = 12080 ]
	IoHeavy = 0
	Memory = 16384
...
040 (8018100.217.000) 2026-06-21 15:39:30 Started transferring output files
...
040 (8018100.217.000) 2026-06-21 15:39:30 Finished transferring output files
...
004 (8018100.217.000) 2026-06-21 15:39:31 Job was evicted.
	(0) Job terminated and was requeued
		Usr 0 00:00:01, Sys 0 00:00:00  -  Run Remote Usage
		Usr 0 00:00:00, Sys 0 00:00:00  -  Run Local Usage
	452  -  Run Bytes Sent By Job
	2782515140  -  Run Bytes Received By Job
	(1) Normal termination (return value 2)
	The job attribute OnExitRemove expression 'NumJobCompletions > JobMaxRetries || ExitCode =?= 0' evaluated to FALSE
...
040 (8018100.217.000) 2026-06-21 15:40:49 Started transferring input files
	Transferring to host: <198.86.180.16:37837?CCBID=128.105.82.148:9618%3faddrs%3d128.105.82.148-9618+[2607-f388-2200-9d-7ccb-bc08-2489-768a]-9618%26alias%3dospool-ccb.osg.chtc.io%26noUDP%26sock%3dcollector7#4330356%2067.58.49.91:9618%3faddrs%3d67.58.49.91-9618+[fdf0-17b3-c3ec-1f79-10-0-e-b69d]-9618%26alias%3dccb-2.ospool.osg-htc.org%26noUDP%26sock%3dcollector7#4325167&PrivNet=compute-gpu-03&addrs=198.86.180.16-37837&alias=compute-gpu-03&noUDP>
...
040 (8018100.217.000) 2026-06-21 15:41:08 Finished transferring input files
...
021 (8018100.217.000) 2026-06-21 15:41:09 Message from starter on slot1_1@glidein_2414364_15558906@compute-gpu-03:
	PREPARE_JOB (prepare-hook) succeeded (reported status 000): Using Singularity image openfe_1.11.1.sif
...
001 (8018100.217.000) 2026-06-21 15:41:09 Job executing on host: <198.86.180.16:43959?CCBID=128.105.82.148:9618%3faddrs%3d128.105.82.148-9618+[2607-f388-2200-9d-7ccb-bc08-2489-768a]-9618%26alias%3dospool-ccb.osg.chtc.io%26noUDP%26sock%3dcollector6#4333341%2067.58.49.91:9618%3faddrs%3d67.58.49.91-9618+[fdf0-17b3-c3ec-1f79-10-0-e-b69d]-9618%26alias%3dccb-2.ospool.osg-htc.org%26noUDP%26sock%3dcollector2#4327704&PrivNet=compute-gpu-03&addrs=198.86.180.16-43959&alias=compute-gpu-03&noUDP>
	SlotName: slot1_1@glidein_2414364_15558906@compute-gpu-03
	AvailableGPUs = { GPUs_GPU_3dd71690 }
	CondorScratchDir = "/scratch/glide_alVvOL/execute/dir_2747280/scratch"
	Cpus = 1
	Disk = 16777216
	GPUs = 1
	GPUs_GPU_3dd71690 = [ Id = "GPU-3dd71690"; ClockMhz = 1980.0; Capability = 9.0; CoresPerCU = 128; DeviceName = "NVIDIA H200"; DeviceUuid = "3dd71690-4fe8-4112-1ff6-3207921ee837"; ECCEnabled = true; ComputeUnits = 132; NvidiaDriver = "580.126.20"; DriverVersion = 13.0; DevicePciBusId = "0000:3A:00.0"; GlobalMemoryMb = 143156; MaxSupportedVersion = 13000 ]
	Memory = 16384
...
006 (8018100.217.000) 2026-06-21 15:41:13 Image size of job updated: 4262020
	157  -  MemoryUsage of job (MB)
	159972  -  ResidentSetSize of job (KB)
...
040 (8018100.217.000) 2026-06-21 15:41:13 Started transferring output files
...
040 (8018100.217.000) 2026-06-21 15:41:13 Finished transferring output files
...
004 (8018100.217.000) 2026-06-21 15:41:14 Job was evicted.
	(0) Job terminated and was requeued
		Usr 0 00:00:00, Sys 0 00:00:00  -  Run Remote Usage
		Usr 0 00:00:00, Sys 0 00:00:00  -  Run Local Usage
	460  -  Run Bytes Sent By Job
	2782515140  -  Run Bytes Received By Job
	(1) Normal termination (return value 2)
	The job attribute OnExitRemove expression 'NumJobCompletions > JobMaxRetries || ExitCode =?= 0' evaluated to FALSE
...
040 (8018100.217.000) 2026-06-21 15:41:34 Started transferring input files
	Transferring to host: <128.104.100.117:9618?addrs=128.104.100.117-9618+[2607-f388-107c-501-8ae9-a4ff-fe02-e150]-9618&alias=jcaicedogpu0003.chtc.wisc.edu&noUDP&sock=backfill1_1_1586877_26eb_101135>
...
040 (8018100.217.000) 2026-06-21 15:41:47 Finished transferring input files
...
001 (8018100.217.000) 2026-06-21 15:41:47 Job executing on host: <128.104.100.117:9618?addrs=128.104.100.117-9618+[2607-f388-107c-501-8ae9-a4ff-fe02-e150]-9618&alias=jcaicedogpu0003.chtc.wisc.edu&noUDP&sock=startd_10874_3cee>
	SlotName: backfill1_1@jcaicedogpu0003.chtc.wisc.edu
	AvailableGPUs = { GPUs_GPU_141e67b0 }
	CondorScratchDir = "/var/lib/condor/execute/slot1/dir_3130326/scratch"
	Cpus = 1
	Disk = 16777216
	GPUs = 1
	GPUs_GPU_141e67b0 = [ Id = "GPU-141e67b0"; Capability = 8.9; DeviceName = "NVIDIA L40S"; DeviceUuid = "141e67b0-0a57-7e36-6083-0e666f2f6148"; ECCEnabled = true; NvidiaDriver = "570.195.03"; DriverVersion = 12.8; DevicePciBusId = "0000:C1:00.0"; GlobalMemoryMb = 45468; MaxSupportedVersion = 12080 ]
	IoHeavy = 0
	Memory = 16384
...
040 (8018100.217.000) 2026-06-21 15:41:50 Started transferring output files
...
040 (8018100.217.000) 2026-06-21 15:41:50 Finished transferring output files
...
004 (8018100.217.000) 2026-06-21 15:41:50 Job was evicted.
	(0) Job terminated and was requeued
		Usr 0 00:00:01, Sys 0 00:00:00  -  Run Remote Usage
		Usr 0 00:00:00, Sys 0 00:00:00  -  Run Local Usage
	450  -  Run Bytes Sent By Job
	2782515140  -  Run Bytes Received By Job
	(1) Normal termination (return value 2)
	The job attribute OnExitRemove expression 'NumJobCompletions > JobMaxRetries || ExitCode =?= 0' evaluated to FALSE
...
040 (8018100.217.000) 2026-06-21 15:42:55 Started transferring input files
	Transferring to host: <10.226.104.221:38047?CCBID=128.105.82.148:9618%3faddrs%3d128.105.82.148-9618+[2607-f388-2200-9d-7ccb-bc08-2489-768a]-9618%26alias%3dospool-ccb.osg.chtc.io%26noUDP%26sock%3dcollector3#4335534%2067.58.49.91:9618%3faddrs%3d67.58.49.91-9618+[fdf0-17b3-c3ec-1f79-10-0-e-b69d]-9618%26alias%3dccb-2.ospool.osg-htc.org%26noUDP%26sock%3dcollector7#4325252&PrivNet=gpu021.rci.montana.edu&addrs=10.226.104.221-38047&alias=gpu021.rci.montana.edu&noUDP>
...
040 (8018100.217.000) 2026-06-21 15:44:22 Finished transferring input files
...
021 (8018100.217.000) 2026-06-21 15:44:24 Message from starter on slot1_2@glidein_32138_434170212@gpu021.rci.montana.edu:
	PREPARE_JOB (prepare-hook) succeeded (reported status 000): Using Singularity image openfe_1.11.1.sif
...
001 (8018100.217.000) 2026-06-21 15:44:24 Job executing on host: <10.226.104.221:41879?CCBID=128.105.82.148:9618%3faddrs%3d128.105.82.148-9618+[2607-f388-2200-9d-7ccb-bc08-2489-768a]-9618%26alias%3dospool-ccb.osg.chtc.io%26noUDP%26sock%3dcollector2#4257207%2067.58.49.91:9618%3faddrs%3d67.58.49.91-9618+[fdf0-17b3-c3ec-1f79-10-0-e-b69d]-9618%26alias%3dccb-2.ospool.osg-htc.org%26noUDP%26sock%3dcollector8#4255162&PrivNet=gpu021.rci.montana.edu&addrs=10.226.104.221-41879&alias=gpu021.rci.montana.edu&noUDP>
	SlotName: slot1_2@glidein_32138_434170212@gpu021.rci.montana.edu
	AvailableGPUs = { GPUs_GPU_dff97527 }
	CondorScratchDir = "/tmp/jobs/4093136/glide_E7ub2W/execute/dir_2167964/scratch"
	Cpus = 1
	Disk = 16777216
	GPUs = 1
	GPUs_GPU_dff97527 = [ Id = "GPU-dff97527"; ClockMhz = 1980.0; Capability = 9.0; CoresPerCU = 128; DeviceName = "NVIDIA H100 80GB HBM3"; DeviceUuid = "dff97527-806a-5b67-f1b3-81f9bd945eba"; ECCEnabled = true; ComputeUnits = 132; NvidiaDriver = "595.71.05"; DriverVersion = 13.2; DevicePciBusId = "0000:CB:00.0"; GlobalMemoryMb = 81081; MaxSupportedVersion = 13020 ]
	Memory = 16384
...
040 (8018100.217.000) 2026-06-21 15:44:29 Started transferring output files
...
040 (8018100.217.000) 2026-06-21 15:44:29 Finished transferring output files
...
004 (8018100.217.000) 2026-06-21 15:44:29 Job was evicted.
	(0) Job terminated and was requeued
		Usr 0 00:00:00, Sys 0 00:00:00  -  Run Remote Usage
		Usr 0 00:00:00, Sys 0 00:00:00  -  Run Local Usage
	460  -  Run Bytes Sent By Job
	2782515140  -  Run Bytes Received By Job
	(1) Normal termination (return value 2)
	The job attribute OnExitRemove expression 'NumJobCompletions > JobMaxRetries || ExitCode =?= 0' evaluated to FALSE
...
040 (8018100.217.000) 2026-06-21 15:46:43 Started transferring input files
	Transferring to host: <128.105.68.129:9618?addrs=128.105.68.129-9618+[2607-f388-2200-100-7e8c-9ff-fee9-7284]-9618&alias=gchrysosgpu4000.chtc.wisc.edu&noUDP&sock=backfill1_2_11538_508e_5704>
...
040 (8018100.217.000) 2026-06-21 15:46:57 Finished transferring input files
...
001 (8018100.217.000) 2026-06-21 15:46:57 Job executing on host: <128.105.68.129:9618?addrs=128.105.68.129-9618+[2607-f388-2200-100-7e8c-9ff-fee9-7284]-9618&alias=gchrysosgpu4000.chtc.wisc.edu&noUDP&sock=startd_11234_2b06>
	SlotName: backfill1_2@gchrysosgpu4000.chtc.wisc.edu
	AvailableGPUs = { GPUs_GPU_70b8040c }
	CondorScratchDir = "/var/lib/condor/execute/slot1/dir_3017580/scratch"
	Cpus = 1
	Disk = 16777216
	GPUs = 1
	GPUs_GPU_70b8040c = [ Id = "GPU-70b8040c"; Capability = 8.9; DeviceName = "NVIDIA L40S"; DeviceUuid = "70b8040c-34b1-e6a8-a211-40a486d1ed48"; ECCEnabled = true; NvidiaDriver = "570.195.03"; DriverVersion = 12.8; DevicePciBusId = "0000:C0:00.0"; GlobalMemoryMb = 45468; MaxSupportedVersion = 12080 ]
	IoHeavy = 0
	Memory = 16384
...
040 (8018100.217.000) 2026-06-21 15:46:59 Started transferring output files
...
040 (8018100.217.000) 2026-06-21 15:46:59 Finished transferring output files
...
004 (8018100.217.000) 2026-06-21 15:47:00 Job was evicted.
	(0) Job terminated and was requeued
		Usr 0 00:00:01, Sys 0 00:00:00  -  Run Remote Usage
		Usr 0 00:00:00, Sys 0 00:00:00  -  Run Local Usage
	450  -  Run Bytes Sent By Job
	2782515140  -  Run Bytes Received By Job
	(1) Normal termination (return value 2)
	The job attribute OnExitRemove expression 'NumJobCompletions > JobMaxRetries || ExitCode =?= 0' evaluated to FALSE
...
040 (8018100.217.000) 2026-06-21 15:48:19 Started transferring input files
	Transferring to host: <128.104.103.104:9618?addrs=128.104.103.104-9618+[2607-f388-107c-501-ae1f-6bff-fe40-ce2e]-9618&alias=gitter0000.chtc.wisc.edu&noUDP&sock=slot2_3_8979_4486_8863>
...
040 (8018100.217.000) 2026-06-21 15:49:21 Finished transferring input files
...
001 (8018100.217.000) 2026-06-21 15:49:21 Job executing on host: <128.104.103.104:9618?addrs=128.104.103.104-9618+[2607-f388-107c-501-ae1f-6bff-fe40-ce2e]-9618&alias=gitter0000.chtc.wisc.edu&noUDP&sock=startd_8665_0c39>
	SlotName: slot2_3@gitter0000.chtc.wisc.edu
	AvailableGPUs = { GPUs_GPU_ef72567f }
	CondorScratchDir = "/var/lib/condor/execute/slot2/dir_3988987/scratch"
	Cpus = 1
	Disk = 16777216
	GPUs = 1
	GPUs_GPU_ef72567f = [ Id = "GPU-ef72567f"; Capability = 6.1; DeviceName = "NVIDIA GeForce GTX 1080 Ti"; DeviceUuid = "ef72567f-a470-7f68-32a7-eb3e859e8d5a"; ECCEnabled = false; NvidiaDriver = "570.195.03"; DriverVersion = 12.8; DevicePciBusId = "0000:86:00.0"; GlobalMemoryMb = 11165; MaxSupportedVersion = 12080 ]
	IoHeavy = 0
	Memory = 16384
...
040 (8018100.217.000) 2026-06-21 15:49:25 Started transferring output files
...
040 (8018100.217.000) 2026-06-21 15:49:25 Finished transferring output files
...
004 (8018100.217.000) 2026-06-21 15:49:26 Job was evicted.
	(0) Job terminated and was requeued
		Usr 0 00:00:03, Sys 0 00:00:00  -  Run Remote Usage
		Usr 0 00:00:00, Sys 0 00:00:00  -  Run Local Usage
	445  -  Run Bytes Sent By Job
	2782515140  -  Run Bytes Received By Job
	(1) Normal termination (return value 2)
	The job attribute OnExitRemove expression 'NumJobCompletions > JobMaxRetries || ExitCode =?= 0' evaluated to FALSE
...
040 (8018100.217.000) 2026-06-21 15:49:40 Started transferring input files
	Transferring to host: <128.105.69.63:9618?addrs=128.105.69.63-9618+[2607-f388-2200-100-5aa2-e1ff-febe-455e]-9618&alias=gpu4003.chtc.wisc.edu&noUDP&sock=slot2_7_1549376_4e16_77674>
...
040 (8018100.217.000) 2026-06-21 15:49:49 Finished transferring input files
...
001 (8018100.217.000) 2026-06-21 15:49:49 Job executing on host: <128.105.69.63:9618?addrs=128.105.69.63-9618+[2607-f388-2200-100-5aa2-e1ff-febe-455e]-9618&alias=gpu4003.chtc.wisc.edu&noUDP&sock=startd_3051222_14a9>
	SlotName: slot2_7@gpu4003.chtc.wisc.edu
	AvailableGPUs = { GPUs_GPU_f8d23f80 }
	CondorScratchDir = "/var/lib/condor/execute/slot2/dir_1391792/scratch"
	Cpus = 1
	Disk = 16777216
	GPUs = 1
	GPUs_GPU_f8d23f80 = [ Id = "GPU-f8d23f80"; Capability = 9.0; DeviceName = "NVIDIA H100 80GB HBM3"; DeviceUuid = "f8d23f80-7656-1494-e6f1-22a66463300e"; ECCEnabled = true; NvidiaDriver = "570.195.03"; DriverVersion = 12.8; DevicePciBusId = "0000:AB:00.0"; GlobalMemoryMb = 81089; MaxSupportedVersion = 12080 ]
	IoHeavy = 0
	Memory = 16384
...
040 (8018100.217.000) 2026-06-21 15:49:53 Started transferring output files
...
040 (8018100.217.000) 2026-06-21 15:49:53 Finished transferring output files
...
004 (8018100.217.000) 2026-06-21 15:49:53 Job was evicted.
	(0) Job terminated and was requeued
		Usr 0 00:00:02, Sys 0 00:00:00  -  Run Remote Usage
		Usr 0 00:00:00, Sys 0 00:00:00  -  Run Local Usage
	442  -  Run Bytes Sent By Job
	2782515140  -  Run Bytes Received By Job
	(1) Normal termination (return value 2)
	The job attribute OnExitRemove expression 'NumJobCompletions > JobMaxRetries || ExitCode =?= 0' evaluated to FALSE
...
040 (8018100.217.000) 2026-06-21 15:50:01 Started transferring input files
	Transferring to host: <128.105.69.63:9618?addrs=128.105.69.63-9618+[2607-f388-2200-100-5aa2-e1ff-febe-455e]-9618&alias=gpu4003.chtc.wisc.edu&noUDP&sock=slot2_7_1549376_4e16_77675>
...
040 (8018100.217.000) 2026-06-21 15:50:21 Finished transferring input files
...
001 (8018100.217.000) 2026-06-21 15:50:21 Job executing on host: <128.105.69.63:9618?addrs=128.105.69.63-9618+[2607-f388-2200-100-5aa2-e1ff-febe-455e]-9618&alias=gpu4003.chtc.wisc.edu&noUDP&sock=startd_3051222_14a9>
	SlotName: slot2_7@gpu4003.chtc.wisc.edu
	AvailableGPUs = { GPUs_GPU_f8d23f80 }
	CondorScratchDir = "/var/lib/condor/execute/slot2/dir_1392719/scratch"
	Cpus = 1
	Disk = 16777216
	GPUs = 1
	GPUs_GPU_f8d23f80 = [ Id = "GPU-f8d23f80"; Capability = 9.0; DeviceName = "NVIDIA H100 80GB HBM3"; DeviceUuid = "f8d23f80-7656-1494-e6f1-22a66463300e"; ECCEnabled = true; NvidiaDriver = "570.195.03"; DriverVersion = 12.8; DevicePciBusId = "0000:AB:00.0"; GlobalMemoryMb = 81089; MaxSupportedVersion = 12080 ]
	IoHeavy = 0
	Memory = 16384
...
040 (8018100.217.000) 2026-06-21 15:50:24 Started transferring output files
...
040 (8018100.217.000) 2026-06-21 15:50:24 Finished transferring output files
...
005 (8018100.217.000) 2026-06-21 15:50:25 Job terminated.
	(1) Normal termination (return value 2)
		Usr 0 00:00:02, Sys 0 00:00:00  -  Run Remote Usage
		Usr 0 00:00:00, Sys 0 00:00:00  -  Run Local Usage
		Usr 0 00:00:13, Sys 0 00:00:00  -  Total Remote Usage
		Usr 0 00:00:00, Sys 0 00:00:00  -  Total Local Usage
	442  -  Run Bytes Sent By Job
	2782515140  -  Run Bytes Received By Job
	4953  -  Total Bytes Sent By Job
	30607666540  -  Total Bytes Received By Job
	Partitionable Resources :    Usage  Request Allocated Assigned
	   Cpus                 :        0        1         1 
	   Disk (KB)            :  2717337 16777216  16777216 
	   GPUs                 :        0        1         1 "GPU-f8d23f80"
	   IoHeavy              :                           0 
	   Memory (MB)          :      171    16384     16384 
	   TimeExecute (s)      :        3                    
	   TimeSlotBusy (s)     :       23                    
...
