000 (8018100.305.000) 2026-06-21 13:37:20 Job submitted from host: <128.105.68.112:9618?addrs=128.105.68.112-9618+[2607-f388-2200-100-eaeb-d3ff-fea3-4202]-9618&alias=ap2001.chtc.wisc.edu&noUDP&sock=schedd_4071840_2329>
...
040 (8018100.305.000) 2026-06-21 16:23:01 Started transferring input files
	Transferring to host: <128.105.69.47:9618?addrs=128.105.69.47-9618+[2607-f388-2200-100-527c-6fff-fe66-eac6]-9618&alias=amuraligpu4000.chtc.wisc.edu&noUDP&sock=backfill1_8_1332502_f3e3_93368>
...
040 (8018100.305.000) 2026-06-21 16:23:11 Finished transferring input files
...
001 (8018100.305.000) 2026-06-21 16:23:11 Job executing on host: <128.105.69.47:9618?addrs=128.105.69.47-9618+[2607-f388-2200-100-527c-6fff-fe66-eac6]-9618&alias=amuraligpu4000.chtc.wisc.edu&noUDP&sock=startd_11579_cf33>
	SlotName: backfill1_8@amuraligpu4000.chtc.wisc.edu
	AvailableGPUs = { GPUs_GPU_200a232f }
	CondorScratchDir = "/var/lib/condor/execute/slot1/dir_2336562/scratch"
	Cpus = 1
	Disk = 16777216
	GPUs = 1
	GPUs_GPU_200a232f = [ Id = "GPU-200a232f"; Capability = 8.9; DeviceName = "NVIDIA L40S"; DeviceUuid = "200a232f-cc77-8825-017f-82bb73bf459a"; ECCEnabled = true; NvidiaDriver = "570.195.03"; DriverVersion = 12.8; DevicePciBusId = "0000:17:00.0"; GlobalMemoryMb = 45468; MaxSupportedVersion = 12080 ]
	IoHeavy = 0
	Memory = 16384
...
006 (8018100.305.000) 2026-06-21 16:23:14 Image size of job updated: 96
	0  -  MemoryUsage of job (MB)
	0  -  ResidentSetSize of job (KB)
...
040 (8018100.305.000) 2026-06-21 16:23:14 Started transferring output files
...
040 (8018100.305.000) 2026-06-21 16:23:14 Finished transferring output files
...
004 (8018100.305.000) 2026-06-21 16:23:15 Job was evicted.
	(0) Job terminated and was requeued
		Usr 0 00:00:01, Sys 0 00:00:00  -  Run Remote Usage
		Usr 0 00:00:00, Sys 0 00:00:00  -  Run Local Usage
	451  -  Run Bytes Sent By Job
	2784020699  -  Run Bytes Received By Job
	(1) Normal termination (return value 2)
	The job attribute OnExitRemove expression 'NumJobCompletions > JobMaxRetries || ExitCode =?= 0' evaluated to FALSE
...
040 (8018100.305.000) 2026-06-21 16:25:23 Started transferring input files
	Transferring to host: <128.105.69.72:9618?addrs=128.105.69.72-9618+[2607-f388-2200-100-bae9-24ff-fe36-96e0]-9618&alias=ssilwalgpu4000.chtc.wisc.edu&noUDP&sock=backfill1_3_2012046_2cd4_84277>
...
040 (8018100.305.000) 2026-06-21 16:25:33 Finished transferring input files
...
001 (8018100.305.000) 2026-06-21 16:25:33 Job executing on host: <128.105.69.72:9618?addrs=128.105.69.72-9618+[2607-f388-2200-100-bae9-24ff-fe36-96e0]-9618&alias=ssilwalgpu4000.chtc.wisc.edu&noUDP&sock=startd_10752_8e60>
	SlotName: backfill1_3@ssilwalgpu4000.chtc.wisc.edu
	AvailableGPUs = { GPUs_GPU_9b91e22c }
	CondorScratchDir = "/var/lib/condor/execute/slot1/dir_20605/scratch"
	Cpus = 1
	Disk = 16777216
	GPUs = 1
	GPUs_GPU_9b91e22c = [ Id = "GPU-9b91e22c"; Capability = 9.0; DeviceName = "NVIDIA H200"; DeviceUuid = "9b91e22c-a269-8d3b-4b76-29c6cac34367"; ECCEnabled = true; NvidiaDriver = "570.195.03"; DriverVersion = 12.8; DevicePciBusId = "0000:2F:00.0"; GlobalMemoryMb = 143166; MaxSupportedVersion = 12080 ]
	IoHeavy = 0
	Memory = 16384
...
006 (8018100.305.000) 2026-06-21 16:25:36 Image size of job updated: 228
	0  -  MemoryUsage of job (MB)
	0  -  ResidentSetSize of job (KB)
...
040 (8018100.305.000) 2026-06-21 16:25:36 Started transferring output files
...
040 (8018100.305.000) 2026-06-21 16:25:36 Finished transferring output files
...
004 (8018100.305.000) 2026-06-21 16:25:36 Job was evicted.
	(0) Job terminated and was requeued
		Usr 0 00:00:01, Sys 0 00:00:00  -  Run Remote Usage
		Usr 0 00:00:00, Sys 0 00:00:00  -  Run Local Usage
	451  -  Run Bytes Sent By Job
	2784020699  -  Run Bytes Received By Job
	(1) Normal termination (return value 2)
	The job attribute OnExitRemove expression 'NumJobCompletions > JobMaxRetries || ExitCode =?= 0' evaluated to FALSE
...
040 (8018100.305.000) 2026-06-21 16:27:22 Started transferring input files
	Transferring to host: <128.104.100.52:9618?addrs=128.104.100.52-9618+[2607-f388-107c-501-7ec2-55ff-fe99-a48c]-9618&alias=jcaicedogpu0000.chtc.wisc.edu&noUDP&sock=backfill1_5_12267_f60c_9726>
...
040 (8018100.305.000) 2026-06-21 16:27:32 Finished transferring input files
...
001 (8018100.305.000) 2026-06-21 16:27:32 Job executing on host: <128.104.100.52:9618?addrs=128.104.100.52-9618+[2607-f388-107c-501-7ec2-55ff-fe99-a48c]-9618&alias=jcaicedogpu0000.chtc.wisc.edu&noUDP&sock=startd_10725_0952>
	SlotName: backfill1_5@jcaicedogpu0000.chtc.wisc.edu
	AvailableGPUs = { GPUs_GPU_961f052f }
	CondorScratchDir = "/var/lib/condor/execute/slot1/dir_3504002/scratch"
	Cpus = 1
	Disk = 16777216
	GPUs = 1
	GPUs_GPU_961f052f = [ Id = "GPU-961f052f"; Capability = 8.9; DeviceName = "NVIDIA L40"; DeviceUuid = "961f052f-3138-f8c4-62a4-4e7011f9fb90"; ECCEnabled = true; NvidiaDriver = "570.195.03"; DriverVersion = 12.8; DevicePciBusId = "0000:CE:00.0"; GlobalMemoryMb = 45468; MaxSupportedVersion = 12080 ]
	IoHeavy = 0
	Memory = 16384
...
040 (8018100.305.000) 2026-06-21 16:27:35 Started transferring output files
...
040 (8018100.305.000) 2026-06-21 16:27:35 Finished transferring output files
...
004 (8018100.305.000) 2026-06-21 16:27:36 Job was evicted.
	(0) Job terminated and was requeued
		Usr 0 00:00:02, Sys 0 00:00:00  -  Run Remote Usage
		Usr 0 00:00:00, Sys 0 00:00:00  -  Run Local Usage
	452  -  Run Bytes Sent By Job
	2784020699  -  Run Bytes Received By Job
	(1) Normal termination (return value 2)
	The job attribute OnExitRemove expression 'NumJobCompletions > JobMaxRetries || ExitCode =?= 0' evaluated to FALSE
...
040 (8018100.305.000) 2026-06-21 16:29:28 Started transferring input files
	Transferring to host: <128.105.69.72:9618?addrs=128.105.69.72-9618+[2607-f388-2200-100-bae9-24ff-fe36-96e0]-9618&alias=ssilwalgpu4000.chtc.wisc.edu&noUDP&sock=backfill1_2_2012046_2cd4_84286>
...
040 (8018100.305.000) 2026-06-21 16:29:36 Finished transferring input files
...
001 (8018100.305.000) 2026-06-21 16:29:36 Job executing on host: <128.105.69.72:9618?addrs=128.105.69.72-9618+[2607-f388-2200-100-bae9-24ff-fe36-96e0]-9618&alias=ssilwalgpu4000.chtc.wisc.edu&noUDP&sock=startd_10752_8e60>
	SlotName: backfill1_2@ssilwalgpu4000.chtc.wisc.edu
	AvailableGPUs = { GPUs_GPU_5cdb85f0 }
	CondorScratchDir = "/var/lib/condor/execute/slot1/dir_21872/scratch"
	Cpus = 1
	Disk = 16777216
	GPUs = 1
	GPUs_GPU_5cdb85f0 = [ Id = "GPU-5cdb85f0"; Capability = 9.0; DeviceName = "NVIDIA H200"; DeviceUuid = "5cdb85f0-5737-043f-3398-ed859ad2fafe"; ECCEnabled = true; NvidiaDriver = "570.195.03"; DriverVersion = 12.8; DevicePciBusId = "0000:9E:00.0"; GlobalMemoryMb = 143166; MaxSupportedVersion = 12080 ]
	IoHeavy = 0
	Memory = 16384
...
040 (8018100.305.000) 2026-06-21 16:29:39 Started transferring output files
...
040 (8018100.305.000) 2026-06-21 16:29:39 Finished transferring output files
...
004 (8018100.305.000) 2026-06-21 16:29:39 Job was evicted.
	(0) Job terminated and was requeued
		Usr 0 00:00:01, Sys 0 00:00:00  -  Run Remote Usage
		Usr 0 00:00:00, Sys 0 00:00:00  -  Run Local Usage
	451  -  Run Bytes Sent By Job
	2784020699  -  Run Bytes Received By Job
	(1) Normal termination (return value 2)
	The job attribute OnExitRemove expression 'NumJobCompletions > JobMaxRetries || ExitCode =?= 0' evaluated to FALSE
...
040 (8018100.305.000) 2026-06-21 16:31:50 Started transferring input files
	Transferring to host: <128.104.100.52:9618?addrs=128.104.100.52-9618+[2607-f388-107c-501-7ec2-55ff-fe99-a48c]-9618&alias=jcaicedogpu0000.chtc.wisc.edu&noUDP&sock=backfill1_3_12267_f60c_9734>
...
040 (8018100.305.000) 2026-06-21 16:32:10 Finished transferring input files
...
001 (8018100.305.000) 2026-06-21 16:32:10 Job executing on host: <128.104.100.52:9618?addrs=128.104.100.52-9618+[2607-f388-107c-501-7ec2-55ff-fe99-a48c]-9618&alias=jcaicedogpu0000.chtc.wisc.edu&noUDP&sock=startd_10725_0952>
	SlotName: backfill1_3@jcaicedogpu0000.chtc.wisc.edu
	AvailableGPUs = { GPUs_GPU_ecd073d0 }
	CondorScratchDir = "/var/lib/condor/execute/slot1/dir_3504965/scratch"
	Cpus = 1
	Disk = 16777216
	GPUs = 1
	GPUs_GPU_ecd073d0 = [ Id = "GPU-ecd073d0"; Capability = 8.9; DeviceName = "NVIDIA L40"; DeviceUuid = "ecd073d0-2efd-ed82-9e85-e5b0a45b9254"; ECCEnabled = true; NvidiaDriver = "570.195.03"; DriverVersion = 12.8; DevicePciBusId = "0000:D2:00.0"; GlobalMemoryMb = 45468; MaxSupportedVersion = 12080 ]
	IoHeavy = 0
	Memory = 16384
...
040 (8018100.305.000) 2026-06-21 16:32:13 Started transferring output files
...
040 (8018100.305.000) 2026-06-21 16:32:13 Finished transferring output files
...
004 (8018100.305.000) 2026-06-21 16:32:13 Job was evicted.
	(0) Job terminated and was requeued
		Usr 0 00:00:02, Sys 0 00:00:00  -  Run Remote Usage
		Usr 0 00:00:00, Sys 0 00:00:00  -  Run Local Usage
	452  -  Run Bytes Sent By Job
	2784020699  -  Run Bytes Received By Job
	(1) Normal termination (return value 2)
	The job attribute OnExitRemove expression 'NumJobCompletions > JobMaxRetries || ExitCode =?= 0' evaluated to FALSE
...
040 (8018100.305.000) 2026-06-21 16:34:08 Started transferring input files
	Transferring to host: <128.105.68.16:9618?addrs=128.105.68.16-9618+[2607-f388-2200-100-3eec-efff-fe0c-5412]-9618&alias=coba2000.chtc.wisc.edu&noUDP&sock=backfill1_3_1747599_5733_78421>
...
040 (8018100.305.000) 2026-06-21 16:34:37 Finished transferring input files
...
001 (8018100.305.000) 2026-06-21 16:34:37 Job executing on host: <128.105.68.16:9618?addrs=128.105.68.16-9618+[2607-f388-2200-100-3eec-efff-fe0c-5412]-9618&alias=coba2000.chtc.wisc.edu&noUDP&sock=startd_11607_03da>
	SlotName: backfill1_3@coba2000.chtc.wisc.edu
	AvailableGPUs = { GPUs_GPU_ee7237b4 }
	CondorScratchDir = "/var/lib/condor/execute/slot1/dir_2013949/scratch"
	Cpus = 1
	Disk = 16777216
	GPUs = 1
	GPUs_GPU_ee7237b4 = [ Id = "GPU-ee7237b4"; Capability = 8.0; DeviceName = "NVIDIA A100-SXM4-40GB"; DeviceUuid = "ee7237b4-7e82-64c1-4693-db39b705ecfa"; ECCEnabled = true; NvidiaDriver = "570.195.03"; DriverVersion = 12.8; DevicePciBusId = "0000:41:00.0"; GlobalMemoryMb = 40442; MaxSupportedVersion = 12080 ]
	IoHeavy = 0
	Memory = 16384
...
006 (8018100.305.000) 2026-06-21 16:34:40 Image size of job updated: 660
	0  -  MemoryUsage of job (MB)
	0  -  ResidentSetSize of job (KB)
...
040 (8018100.305.000) 2026-06-21 16:34:40 Started transferring output files
...
040 (8018100.305.000) 2026-06-21 16:34:41 Finished transferring output files
...
004 (8018100.305.000) 2026-06-21 16:34:41 Job was evicted.
	(0) Job terminated and was requeued
		Usr 0 00:00:02, Sys 0 00:00:00  -  Run Remote Usage
		Usr 0 00:00:00, Sys 0 00:00:00  -  Run Local Usage
	445  -  Run Bytes Sent By Job
	2784020699  -  Run Bytes Received By Job
	(1) Normal termination (return value 2)
	The job attribute OnExitRemove expression 'NumJobCompletions > JobMaxRetries || ExitCode =?= 0' evaluated to FALSE
...
040 (8018100.305.000) 2026-06-21 16:35:18 Started transferring input files
	Transferring to host: <128.105.76.47:9618?addrs=128.105.76.47-9618+[2607-f388-2200-100-527c-6fff-fe82-826a]-9618&alias=gpu4006.chtc.wisc.edu&noUDP&sock=slot2_1_2618986_4fbd_88619>
...
040 (8018100.305.000) 2026-06-21 16:35:25 Finished transferring input files
...
001 (8018100.305.000) 2026-06-21 16:35:25 Job executing on host: <128.105.76.47:9618?addrs=128.105.76.47-9618+[2607-f388-2200-100-527c-6fff-fe82-826a]-9618&alias=gpu4006.chtc.wisc.edu&noUDP&sock=startd_11220_90b3>
	SlotName: slot2_1@gpu4006.chtc.wisc.edu
	AvailableGPUs = { GPUs_GPU_66dc2611 }
	CondorScratchDir = "/var/lib/condor/execute/slot2/dir_2976990/scratch"
	Cpus = 1
	Disk = 16777216
	GPUs = 1
	GPUs_GPU_66dc2611 = [ Id = "GPU-66dc2611"; Capability = 8.9; DeviceName = "NVIDIA L40S"; DeviceUuid = "66dc2611-e8d4-150f-8e9c-de925917bc63"; ECCEnabled = true; NvidiaDriver = "590.48.01"; DriverVersion = 13.1; DevicePciBusId = "0000:01:00.0"; GlobalMemoryMb = 45460; MaxSupportedVersion = 13010 ]
	IoHeavy = 0
	Memory = 16384
...
040 (8018100.305.000) 2026-06-21 16:35:27 Started transferring output files
...
040 (8018100.305.000) 2026-06-21 16:35:27 Finished transferring output files
...
004 (8018100.305.000) 2026-06-21 16:35:28 Job was evicted.
	(0) Job terminated and was requeued
		Usr 0 00:00:01, Sys 0 00:00:00  -  Run Remote Usage
		Usr 0 00:00:00, Sys 0 00:00:00  -  Run Local Usage
	458  -  Run Bytes Sent By Job
	2784020699  -  Run Bytes Received By Job
	(1) Normal termination (return value 2)
	The job attribute OnExitRemove expression 'NumJobCompletions > JobMaxRetries || ExitCode =?= 0' evaluated to FALSE
...
040 (8018100.305.000) 2026-06-21 16:35:52 Started transferring input files
	Transferring to host: <128.105.68.101:9618?addrs=128.105.68.101-9618+[2607-f388-2200-100-1270-fdff-fe73-97d6]-9618&alias=gpu2009.chtc.wisc.edu&noUDP&sock=slot2_3_2748016_9e7c_76370>
...
040 (8018100.305.000) 2026-06-21 16:36:08 Finished transferring input files
...
001 (8018100.305.000) 2026-06-21 16:36:08 Job executing on host: <128.105.68.101:9618?addrs=128.105.68.101-9618+[2607-f388-2200-100-1270-fdff-fe73-97d6]-9618&alias=gpu2009.chtc.wisc.edu&noUDP&sock=startd_12432_e57c>
	SlotName: slot2_3@gpu2009.chtc.wisc.edu
	AvailableGPUs = { GPUs_GPU_ca0657f5 }
	CondorScratchDir = "/var/lib/condor/execute/slot2/dir_2252685/scratch"
	Cpus = 1
	Disk = 16777216
	GPUs = 1
	GPUs_GPU_ca0657f5 = [ Id = "GPU-ca0657f5"; Capability = 8.0; DeviceName = "NVIDIA A100-SXM4-80GB"; DeviceUuid = "ca0657f5-b70c-d0e4-3726-6b51b21f28cc"; ECCEnabled = true; NvidiaDriver = "570.195.03"; DriverVersion = 12.8; DevicePciBusId = "0000:81:00.0"; GlobalMemoryMb = 81154; MaxSupportedVersion = 12080 ]
	IoHeavy = 0
	Memory = 16384
...
040 (8018100.305.000) 2026-06-21 16:36:11 Started transferring output files
...
040 (8018100.305.000) 2026-06-21 16:36:11 Finished transferring output files
...
004 (8018100.305.000) 2026-06-21 16:36:12 Job was evicted.
	(0) Job terminated and was requeued
		Usr 0 00:00:02, Sys 0 00:00:00  -  Run Remote Usage
		Usr 0 00:00:00, Sys 0 00:00:00  -  Run Local Usage
	444  -  Run Bytes Sent By Job
	2784020699  -  Run Bytes Received By Job
	(1) Normal termination (return value 2)
	The job attribute OnExitRemove expression 'NumJobCompletions > JobMaxRetries || ExitCode =?= 0' evaluated to FALSE
...
040 (8018100.305.000) 2026-06-21 16:36:34 Started transferring input files
	Transferring to host: <128.105.68.168:9618?addrs=128.105.68.168-9618+[2607-f388-2200-100-b62e-99ff-feb7-2dcb]-9618&alias=gpulab2003.chtc.wisc.edu&noUDP&sock=slot2_4_11172_6f3f_8117>
...
040 (8018100.305.000) 2026-06-21 16:36:50 Finished transferring input files
...
001 (8018100.305.000) 2026-06-21 16:36:50 Job executing on host: <128.105.68.168:9618?addrs=128.105.68.168-9618+[2607-f388-2200-100-b62e-99ff-feb7-2dcb]-9618&alias=gpulab2003.chtc.wisc.edu&noUDP&sock=startd_10155_1056>
	SlotName: slot2_4@gpulab2003.chtc.wisc.edu
	AvailableGPUs = { GPUs_GPU_61902b82 }
	CondorScratchDir = "/var/lib/condor/execute/slot2/dir_1526388/scratch"
	Cpus = 1
	Disk = 16777216
	GPUs = 1
	GPUs_GPU_61902b82 = [ Id = "GPU-61902b82"; Capability = 7.5; DeviceName = "NVIDIA GeForce RTX 2080 Ti"; DeviceUuid = "61902b82-cedb-e4be-d010-bca8829ec79b"; ECCEnabled = false; NvidiaDriver = "570.195.03"; DriverVersion = 12.8; DevicePciBusId = "0000:B2:00.0"; GlobalMemoryMb = 10823; MaxSupportedVersion = 12080 ]
	IoHeavy = 0
	Memory = 16384
...
006 (8018100.305.000) 2026-06-21 16:36:55 Image size of job updated: 12496
	13  -  MemoryUsage of job (MB)
	12304  -  ResidentSetSize of job (KB)
...
040 (8018100.305.000) 2026-06-21 16:36:55 Started transferring output files
...
040 (8018100.305.000) 2026-06-21 16:36:55 Finished transferring output files
...
004 (8018100.305.000) 2026-06-21 16:36:55 Job was evicted.
	(0) Job terminated and was requeued
		Usr 0 00:00:03, Sys 0 00:00:00  -  Run Remote Usage
		Usr 0 00:00:00, Sys 0 00:00:00  -  Run Local Usage
	437  -  Run Bytes Sent By Job
	2784020699  -  Run Bytes Received By Job
	(1) Normal termination (return value 2)
	The job attribute OnExitRemove expression 'NumJobCompletions > JobMaxRetries || ExitCode =?= 0' evaluated to FALSE
...
040 (8018100.305.000) 2026-06-21 16:37:07 Started transferring input files
	Transferring to host: <128.105.68.103:9618?addrs=128.105.68.103-9618+[2607-f388-2200-100-1270-fdff-fe74-930]-9618&alias=gpu2011.chtc.wisc.edu&noUDP&sock=slot2_1_3669582_3c1f_87369>
...
040 (8018100.305.000) 2026-06-21 16:37:22 Finished transferring input files
...
001 (8018100.305.000) 2026-06-21 16:37:22 Job executing on host: <128.105.68.103:9618?addrs=128.105.68.103-9618+[2607-f388-2200-100-1270-fdff-fe74-930]-9618&alias=gpu2011.chtc.wisc.edu&noUDP&sock=startd_12054_9eaf>
	SlotName: slot2_1@gpu2011.chtc.wisc.edu
	AvailableGPUs = { GPUs_MIG_00b83ffb_e443_56b0_81ae_fca0e86cdba2 }
	CondorScratchDir = "/var/lib/condor/execute/slot2/dir_3618761/scratch"
	Cpus = 1
	Disk = 16777216
	GPUs = 1
	GPUs_MIG_00b83ffb_e443_56b0_81ae_fca0e86cdba2 = [ Id = "MIG-00b83ffb-e443-56b0-81ae-fca0e86cdba2"; Capability = 8.0; DeviceName = "NVIDIA A100-SXM4-80GB MIG 3g.40gb"; DeviceUuid = "MIG-00b83ffb-e443-56b0-81ae-fca0e86cdba2"; ECCEnabled = true; NvidiaDriver = "570.195.03"; DriverVersion = 12.8; DevicePciBusId = "0000:81:00.0"; GlobalMemoryMb = 40100; MaxSupportedVersion = 12080 ]
	IoHeavy = 0
	Memory = 16384
...
040 (8018100.305.000) 2026-06-21 16:37:25 Started transferring output files
...
040 (8018100.305.000) 2026-06-21 16:37:25 Finished transferring output files
...
004 (8018100.305.000) 2026-06-21 16:37:26 Job was evicted.
	(0) Job terminated and was requeued
		Usr 0 00:00:02, Sys 0 00:00:01  -  Run Remote Usage
		Usr 0 00:00:00, Sys 0 00:00:00  -  Run Local Usage
	444  -  Run Bytes Sent By Job
	2784020699  -  Run Bytes Received By Job
	(1) Normal termination (return value 2)
	The job attribute OnExitRemove expression 'NumJobCompletions > JobMaxRetries || ExitCode =?= 0' evaluated to FALSE
...
040 (8018100.305.000) 2026-06-21 16:37:33 Started transferring input files
	Transferring to host: <128.105.68.102:9618?addrs=128.105.68.102-9618+[2607-f388-2200-100-1270-fdff-fe74-920]-9618&alias=gpu2010.chtc.wisc.edu&noUDP&sock=slot2_1_2570277_6a21_73440>
...
040 (8018100.305.000) 2026-06-21 16:38:11 Finished transferring input files
...
001 (8018100.305.000) 2026-06-21 16:38:11 Job executing on host: <128.105.68.102:9618?addrs=128.105.68.102-9618+[2607-f388-2200-100-1270-fdff-fe74-920]-9618&alias=gpu2010.chtc.wisc.edu&noUDP&sock=startd_12400_f274>
	SlotName: slot2_1@gpu2010.chtc.wisc.edu
	AvailableGPUs = { GPUs_GPU_ebb6cfb4 }
	CondorScratchDir = "/var/lib/condor/execute/slot2/dir_3041850/scratch"
	Cpus = 1
	Disk = 16777216
	GPUs = 1
	GPUs_GPU_ebb6cfb4 = [ Id = "GPU-ebb6cfb4"; Capability = 8.0; DeviceName = "NVIDIA A100-SXM4-80GB"; DeviceUuid = "ebb6cfb4-dd3e-9883-e9ad-6ddb1e1276f9"; ECCEnabled = true; NvidiaDriver = "570.195.03"; DriverVersion = 12.8; DevicePciBusId = "0000:01:00.0"; GlobalMemoryMb = 81154; MaxSupportedVersion = 12080 ]
	IoHeavy = 0
	Memory = 16384
...
040 (8018100.305.000) 2026-06-21 16:38:14 Started transferring output files
...
040 (8018100.305.000) 2026-06-21 16:38:15 Finished transferring output files
...
005 (8018100.305.000) 2026-06-21 16:38:15 Job terminated.
	(1) Normal termination (return value 2)
		Usr 0 00:00:02, Sys 0 00:00:01  -  Run Remote Usage
		Usr 0 00:00:00, Sys 0 00:00:00  -  Run Local Usage
		Usr 0 00:00:19, Sys 0 00:00:02  -  Total Remote Usage
		Usr 0 00:00:00, Sys 0 00:00:00  -  Total Local Usage
	444  -  Run Bytes Sent By Job
	2784020699  -  Run Bytes Received By Job
	4929  -  Total Bytes Sent By Job
	30624227689  -  Total Bytes Received By Job
	Partitionable Resources :    Usage  Request Allocated Assigned
	   Cpus                 :        0        1         1 
	   Disk (KB)            :  2718795 16777216  16777216 
	   GPUs                 :                 1         1 "GPU-ebb6cfb4"
	   IoHeavy              :                           0 
	   Memory (MB)          :       13    16384     16384 
	   TimeExecute (s)      :        3                    
	   TimeSlotBusy (s)     :       42                    
...
