000 (8017966.838.000) 2026-06-20 22:07:54 Job submitted from host: <128.105.68.112:9618?addrs=128.105.68.112-9618+[2607-f388-2200-100-eaeb-d3ff-fea3-4202]-9618&alias=ap2001.chtc.wisc.edu&noUDP&sock=schedd_4071840_2329>
...
040 (8017966.838.000) 2026-06-21 04:55:14 Started transferring input files
	Transferring to host: <128.105.69.3:9618?addrs=128.105.69.3-9618+[2607-f388-2200-100-7ec2-55ff-fe46-28f2]-9618&alias=gpu4002.chtc.wisc.edu&noUDP&sock=slot1_5_12744_0cff_4462>
...
040 (8017966.838.000) 2026-06-21 04:55:28 Finished transferring input files
...
001 (8017966.838.000) 2026-06-21 04:55:28 Job executing on host: <128.105.69.3:9618?addrs=128.105.69.3-9618+[2607-f388-2200-100-7ec2-55ff-fe46-28f2]-9618&alias=gpu4002.chtc.wisc.edu&noUDP&sock=startd_11312_ab69>
	SlotName: slot1_5@gpu4002.chtc.wisc.edu
	AvailableGPUs = { GPUs_GPU_24660f1c }
	CondorScratchDir = "/var/lib/condor/execute/slot1/dir_3100592/scratch"
	Cpus = 1
	Disk = 16777216
	GPUs = 1
	GPUs_GPU_24660f1c = [ Id = "GPU-24660f1c"; Capability = 8.9; DeviceName = "NVIDIA L40"; DeviceUuid = "24660f1c-9665-dc92-a0c9-04252e1a8138"; ECCEnabled = true; NvidiaDriver = "570.195.03"; DriverVersion = 12.8; DevicePciBusId = "0000:CE:00.0"; GlobalMemoryMb = 45468; MaxSupportedVersion = 12080 ]
	IoHeavy = 0
	Memory = 16384
...
006 (8017966.838.000) 2026-06-21 04:55:36 Image size of job updated: 390508
	382  -  MemoryUsage of job (MB)
	390508  -  ResidentSetSize of job (KB)
...
006 (8017966.838.000) 2026-06-21 04:57:37 Image size of job updated: 2435456
	382  -  MemoryUsage of job (MB)
	390516  -  ResidentSetSize of job (KB)
...
040 (8017966.838.000) 2026-06-21 04:57:37 Started transferring output files
...
040 (8017966.838.000) 2026-06-21 04:57:37 Finished transferring output files
...
004 (8017966.838.000) 2026-06-21 04:57:37 Job was evicted.
	(0) Job terminated and was requeued
		Usr 0 00:02:04, Sys 0 00:00:03  -  Run Remote Usage
		Usr 0 00:00:00, Sys 0 00:00:00  -  Run Local Usage
	7298301  -  Run Bytes Sent By Job
	2784022395  -  Run Bytes Received By Job
	(1) Normal termination (return value 1)
	The job attribute OnExitRemove expression 'NumJobCompletions > JobMaxRetries || ExitCode =?= 0' evaluated to FALSE
...
040 (8017966.838.000) 2026-06-21 04:57:41 Started transferring input files
	Transferring to host: <128.105.68.117:9618?addrs=128.105.68.117-9618+[2607-f388-2200-100-7ec2-55ff-fe9a-b4fa]-9618&alias=gpu4000.chtc.wisc.edu&noUDP&sock=slot2_7_1956795_d8ee_82840>
...
040 (8017966.838.000) 2026-06-21 04:57:52 Finished transferring input files
...
001 (8017966.838.000) 2026-06-21 04:57:52 Job executing on host: <128.105.68.117:9618?addrs=128.105.68.117-9618+[2607-f388-2200-100-7ec2-55ff-fe9a-b4fa]-9618&alias=gpu4000.chtc.wisc.edu&noUDP&sock=startd_674379_7ae3>
	SlotName: slot2_7@gpu4000.chtc.wisc.edu
	AvailableGPUs = { GPUs_GPU_865b3474 }
	CondorScratchDir = "/var/lib/condor/execute/slot2/dir_48516/scratch"
	Cpus = 1
	Disk = 16777216
	GPUs = 1
	GPUs_GPU_865b3474 = [ Id = "GPU-865b3474"; Capability = 8.9; DeviceName = "NVIDIA L40"; DeviceUuid = "865b3474-f121-b6b4-0ada-3ea18a1ac4dc"; ECCEnabled = true; NvidiaDriver = "570.195.03"; DriverVersion = 12.8; DevicePciBusId = "0000:D1:00.0"; GlobalMemoryMb = 45468; MaxSupportedVersion = 12080 ]
	IoHeavy = 0
	Memory = 16384
...
040 (8017966.838.000) 2026-06-21 04:57:55 Started transferring output files
...
040 (8017966.838.000) 2026-06-21 04:57:55 Finished transferring output files
...
004 (8017966.838.000) 2026-06-21 04:57:56 Job was evicted.
	(0) Job terminated and was requeued
		Usr 0 00:00:02, Sys 0 00:00:00  -  Run Remote Usage
		Usr 0 00:00:00, Sys 0 00:00:00  -  Run Local Usage
	7293617  -  Run Bytes Sent By Job
	2791315510  -  Run Bytes Received By Job
	(1) Normal termination (return value 2)
	The job attribute OnExitRemove expression 'NumJobCompletions > JobMaxRetries || ExitCode =?= 0' evaluated to FALSE
...
040 (8017966.838.000) 2026-06-21 04:58:44 Started transferring input files
	Transferring to host: <10.226.104.221:45767?CCBID=128.105.82.148:9618%3faddrs%3d128.105.82.148-9618+[2607-f388-2200-9d-7ccb-bc08-2489-768a]-9618%26alias%3dospool-ccb.osg.chtc.io%26noUDP%26sock%3dcollector3#4310024%2067.58.49.91:9618%3faddrs%3d67.58.49.91-9618+[fdf0-17b3-c3ec-1f79-10-0-e-b69d]-9618%26alias%3dccb-2.ospool.osg-htc.org%26noUDP%26sock%3dcollector5#4303119&PrivNet=gpu021.rci.montana.edu&addrs=10.226.104.221-45767&alias=gpu021.rci.montana.edu&noUDP>
...
040 (8017966.838.000) 2026-06-21 05:00:08 Finished transferring input files
...
021 (8017966.838.000) 2026-06-21 05:00:09 Message from starter on slot1_1@glidein_110049_83791488@gpu021.rci.montana.edu:
	PREPARE_JOB (prepare-hook) succeeded (reported status 000): Using Singularity image openfe_1.11.1.sif
...
001 (8017966.838.000) 2026-06-21 05:00:09 Job executing on host: <10.226.104.221:44015?CCBID=128.105.82.148:9618%3faddrs%3d128.105.82.148-9618+[2607-f388-2200-9d-7ccb-bc08-2489-768a]-9618%26alias%3dospool-ccb.osg.chtc.io%26noUDP%26sock%3dcollector1#4263213%2067.58.49.91:9618%3faddrs%3d67.58.49.91-9618+[fdf0-17b3-c3ec-1f79-10-0-e-b69d]-9618%26alias%3dccb-2.ospool.osg-htc.org%26noUDP%26sock%3dcollector9#4260479&PrivNet=gpu021.rci.montana.edu&addrs=10.226.104.221-44015&alias=gpu021.rci.montana.edu&noUDP>
	SlotName: slot1_1@glidein_110049_83791488@gpu021.rci.montana.edu
	AvailableGPUs = { GPUs_GPU_b9152b1d }
	CondorScratchDir = "/tmp/jobs/4093143/glide_iVMSnb/execute/dir_1314840/scratch"
	Cpus = 1
	Disk = 16777216
	GPUs = 1
	GPUs_GPU_b9152b1d = [ Id = "GPU-b9152b1d"; ClockMhz = 1980.0; Capability = 9.0; CoresPerCU = 128; DeviceName = "NVIDIA H100 80GB HBM3"; DeviceUuid = "b9152b1d-de2d-1dd7-cb00-addfa3a5d0bb"; ECCEnabled = true; ComputeUnits = 132; NvidiaDriver = "595.71.05"; DriverVersion = 13.2; DevicePciBusId = "0000:5F:00.0"; GlobalMemoryMb = 81081; MaxSupportedVersion = 13020 ]
	Memory = 16384
...
040 (8017966.838.000) 2026-06-21 05:00:13 Started transferring output files
...
040 (8017966.838.000) 2026-06-21 05:00:14 Finished transferring output files
...
004 (8017966.838.000) 2026-06-21 05:00:14 Job was evicted.
	(0) Job terminated and was requeued
		Usr 0 00:00:00, Sys 0 00:00:00  -  Run Remote Usage
		Usr 0 00:00:00, Sys 0 00:00:00  -  Run Local Usage
	7293635  -  Run Bytes Sent By Job
	2791315510  -  Run Bytes Received By Job
	(1) Normal termination (return value 2)
	The job attribute OnExitRemove expression 'NumJobCompletions > JobMaxRetries || ExitCode =?= 0' evaluated to FALSE
...
040 (8017966.838.000) 2026-06-21 05:00:31 Started transferring input files
	Transferring to host: <128.105.69.3:9618?addrs=128.105.69.3-9618+[2607-f388-2200-100-7ec2-55ff-fe46-28f2]-9618&alias=gpu4002.chtc.wisc.edu&noUDP&sock=slot1_5_12744_0cff_4476>
...
040 (8017966.838.000) 2026-06-21 05:00:45 Finished transferring input files
...
001 (8017966.838.000) 2026-06-21 05:00:45 Job executing on host: <128.105.69.3:9618?addrs=128.105.69.3-9618+[2607-f388-2200-100-7ec2-55ff-fe46-28f2]-9618&alias=gpu4002.chtc.wisc.edu&noUDP&sock=startd_11312_ab69>
	SlotName: slot1_5@gpu4002.chtc.wisc.edu
	AvailableGPUs = { GPUs_GPU_24660f1c }
	CondorScratchDir = "/var/lib/condor/execute/slot1/dir_3103539/scratch"
	Cpus = 1
	Disk = 16777216
	GPUs = 1
	GPUs_GPU_24660f1c = [ Id = "GPU-24660f1c"; Capability = 8.9; DeviceName = "NVIDIA L40"; DeviceUuid = "24660f1c-9665-dc92-a0c9-04252e1a8138"; ECCEnabled = true; NvidiaDriver = "570.195.03"; DriverVersion = 12.8; DevicePciBusId = "0000:CE:00.0"; GlobalMemoryMb = 45468; MaxSupportedVersion = 12080 ]
	IoHeavy = 0
	Memory = 16384
...
040 (8017966.838.000) 2026-06-21 05:00:48 Started transferring output files
...
040 (8017966.838.000) 2026-06-21 05:00:48 Finished transferring output files
...
004 (8017966.838.000) 2026-06-21 05:00:49 Job was evicted.
	(0) Job terminated and was requeued
		Usr 0 00:00:02, Sys 0 00:00:00  -  Run Remote Usage
		Usr 0 00:00:00, Sys 0 00:00:00  -  Run Local Usage
	7293607  -  Run Bytes Sent By Job
	2791315510  -  Run Bytes Received By Job
	(1) Normal termination (return value 2)
	The job attribute OnExitRemove expression 'NumJobCompletions > JobMaxRetries || ExitCode =?= 0' evaluated to FALSE
...
040 (8017966.838.000) 2026-06-21 05:01:00 Started transferring input files
	Transferring to host: <10.1.1.139:35257?CCBID=128.105.82.148:9618%3faddrs%3d128.105.82.148-9618+[2607-f388-2200-9d-7ccb-bc08-2489-768a]-9618%26alias%3dospool-ccb.osg.chtc.io%26noUDP%26sock%3dcollector6#4309601%2067.58.49.91:9618%3faddrs%3d67.58.49.91-9618+[fdf0-17b3-c3ec-1f79-10-0-e-b69d]-9618%26alias%3dccb-2.ospool.osg-htc.org%26noUDP%26sock%3dcollector6#4302722&PrivNet=gpu09&addrs=10.1.1.139-35257&alias=gpu09&noUDP>
...
040 (8017966.838.000) 2026-06-21 05:01:43 Finished transferring input files
...
021 (8017966.838.000) 2026-06-21 05:01:43 Message from starter on slot1_2@glidein_3572203_1157457015@gpu09:
	PREPARE_JOB (prepare-hook) succeeded (reported status 000): Using Singularity image openfe_1.11.1.sif
...
001 (8017966.838.000) 2026-06-21 05:01:43 Job executing on host: <10.1.1.139:34171?CCBID=128.105.82.148:9618%3faddrs%3d128.105.82.148-9618+[2607-f388-2200-9d-7ccb-bc08-2489-768a]-9618%26alias%3dospool-ccb.osg.chtc.io%26noUDP%26sock%3dcollector8#4104748%2067.58.49.91:9618%3faddrs%3d67.58.49.91-9618+[fdf0-17b3-c3ec-1f79-10-0-e-b69d]-9618%26alias%3dccb-2.ospool.osg-htc.org%26noUDP%26sock%3dcollector10#4097396&PrivNet=gpu09&addrs=10.1.1.139-34171&alias=gpu09&noUDP>
	SlotName: slot1_2@glidein_3572203_1157457015@gpu09
	AvailableGPUs = { GPUs_GPU_4b0a632b }
	CondorScratchDir = "/tmp/glide_QcqRkg/execute/dir_824053/scratch"
	Cpus = 1
	Disk = 16777216
	GPUs = 1
	GPUs_GPU_4b0a632b = [ Id = "GPU-4b0a632b"; ClockMhz = 1695.0; Capability = 8.6; CoresPerCU = 128; DeviceName = "NVIDIA RTX A5000"; DeviceUuid = "4b0a632b-7aa2-a96d-20c9-a8e95d9ee6a5"; ECCEnabled = false; ComputeUnits = 64; NvidiaDriver = "595.71.05"; DriverVersion = 13.2; DevicePciBusId = "0000:41:00.0"; GlobalMemoryMb = 24361; MaxSupportedVersion = 13020 ]
	Memory = 16384
...
040 (8017966.838.000) 2026-06-21 05:01:47 Started transferring output files
...
040 (8017966.838.000) 2026-06-21 05:01:48 Finished transferring output files
...
004 (8017966.838.000) 2026-06-21 05:01:49 Job was evicted.
	(0) Job terminated and was requeued
		Usr 0 00:00:00, Sys 0 00:00:00  -  Run Remote Usage
		Usr 0 00:00:00, Sys 0 00:00:00  -  Run Local Usage
	7293746  -  Run Bytes Sent By Job
	2791315510  -  Run Bytes Received By Job
	(1) Normal termination (return value 2)
	The job attribute OnExitRemove expression 'NumJobCompletions > JobMaxRetries || ExitCode =?= 0' evaluated to FALSE
...
040 (8017966.838.000) 2026-06-21 05:01:52 Started transferring input files
	Transferring to host: <128.105.68.168:9618?addrs=128.105.68.168-9618+[2607-f388-2200-100-b62e-99ff-feb7-2dcb]-9618&alias=gpulab2003.chtc.wisc.edu&noUDP&sock=slot2_4_11172_6f3f_5648>
...
040 (8017966.838.000) 2026-06-21 05:02:09 Finished transferring input files
...
001 (8017966.838.000) 2026-06-21 05:02:09 Job executing on host: <128.105.68.168:9618?addrs=128.105.68.168-9618+[2607-f388-2200-100-b62e-99ff-feb7-2dcb]-9618&alias=gpulab2003.chtc.wisc.edu&noUDP&sock=startd_10155_1056>
	SlotName: slot2_4@gpulab2003.chtc.wisc.edu
	AvailableGPUs = { GPUs_GPU_61902b82 }
	CondorScratchDir = "/var/lib/condor/execute/slot2/dir_248083/scratch"
	Cpus = 1
	Disk = 16777216
	GPUs = 1
	GPUs_GPU_61902b82 = [ Id = "GPU-61902b82"; Capability = 7.5; DeviceName = "NVIDIA GeForce RTX 2080 Ti"; DeviceUuid = "61902b82-cedb-e4be-d010-bca8829ec79b"; ECCEnabled = false; NvidiaDriver = "570.195.03"; DriverVersion = 12.8; DevicePciBusId = "0000:B2:00.0"; GlobalMemoryMb = 10823; MaxSupportedVersion = 12080 ]
	IoHeavy = 0
	Memory = 16384
...
040 (8017966.838.000) 2026-06-21 05:02:13 Started transferring output files
...
040 (8017966.838.000) 2026-06-21 05:02:13 Finished transferring output files
...
004 (8017966.838.000) 2026-06-21 05:02:13 Job was evicted.
	(0) Job terminated and was requeued
		Usr 0 00:00:03, Sys 0 00:00:00  -  Run Remote Usage
		Usr 0 00:00:00, Sys 0 00:00:00  -  Run Local Usage
	7293610  -  Run Bytes Sent By Job
	2791315510  -  Run Bytes Received By Job
	(1) Normal termination (return value 2)
	The job attribute OnExitRemove expression 'NumJobCompletions > JobMaxRetries || ExitCode =?= 0' evaluated to FALSE
...
040 (8017966.838.000) 2026-06-21 05:02:14 Started transferring input files
	Transferring to host: <128.105.69.3:9618?addrs=128.105.69.3-9618+[2607-f388-2200-100-7ec2-55ff-fe46-28f2]-9618&alias=gpu4002.chtc.wisc.edu&noUDP&sock=slot1_5_12744_0cff_4480>
...
040 (8017966.838.000) 2026-06-21 05:02:25 Finished transferring input files
...
001 (8017966.838.000) 2026-06-21 05:02:25 Job executing on host: <128.105.69.3:9618?addrs=128.105.69.3-9618+[2607-f388-2200-100-7ec2-55ff-fe46-28f2]-9618&alias=gpu4002.chtc.wisc.edu&noUDP&sock=startd_11312_ab69>
	SlotName: slot1_5@gpu4002.chtc.wisc.edu
	AvailableGPUs = { GPUs_GPU_24660f1c }
	CondorScratchDir = "/var/lib/condor/execute/slot1/dir_3104802/scratch"
	Cpus = 1
	Disk = 16777216
	GPUs = 1
	GPUs_GPU_24660f1c = [ Id = "GPU-24660f1c"; Capability = 8.9; DeviceName = "NVIDIA L40"; DeviceUuid = "24660f1c-9665-dc92-a0c9-04252e1a8138"; ECCEnabled = true; NvidiaDriver = "570.195.03"; DriverVersion = 12.8; DevicePciBusId = "0000:CE:00.0"; GlobalMemoryMb = 45468; MaxSupportedVersion = 12080 ]
	IoHeavy = 0
	Memory = 16384
...
040 (8017966.838.000) 2026-06-21 05:02:28 Started transferring output files
...
040 (8017966.838.000) 2026-06-21 05:02:28 Finished transferring output files
...
004 (8017966.838.000) 2026-06-21 05:02:29 Job was evicted.
	(0) Job terminated and was requeued
		Usr 0 00:00:02, Sys 0 00:00:00  -  Run Remote Usage
		Usr 0 00:00:00, Sys 0 00:00:00  -  Run Local Usage
	7293607  -  Run Bytes Sent By Job
	2791315510  -  Run Bytes Received By Job
	(1) Normal termination (return value 2)
	The job attribute OnExitRemove expression 'NumJobCompletions > JobMaxRetries || ExitCode =?= 0' evaluated to FALSE
...
040 (8017966.838.000) 2026-06-21 05:02:36 Started transferring input files
	Transferring to host: <128.105.69.3:9618?addrs=128.105.69.3-9618+[2607-f388-2200-100-7ec2-55ff-fe46-28f2]-9618&alias=gpu4002.chtc.wisc.edu&noUDP&sock=slot1_5_12744_0cff_4481>
...
040 (8017966.838.000) 2026-06-21 05:02:46 Finished transferring input files
...
001 (8017966.838.000) 2026-06-21 05:02:46 Job executing on host: <128.105.69.3:9618?addrs=128.105.69.3-9618+[2607-f388-2200-100-7ec2-55ff-fe46-28f2]-9618&alias=gpu4002.chtc.wisc.edu&noUDP&sock=startd_11312_ab69>
	SlotName: slot1_5@gpu4002.chtc.wisc.edu
	AvailableGPUs = { GPUs_GPU_24660f1c }
	CondorScratchDir = "/var/lib/condor/execute/slot1/dir_3105047/scratch"
	Cpus = 1
	Disk = 16777216
	GPUs = 1
	GPUs_GPU_24660f1c = [ Id = "GPU-24660f1c"; Capability = 8.9; DeviceName = "NVIDIA L40"; DeviceUuid = "24660f1c-9665-dc92-a0c9-04252e1a8138"; ECCEnabled = true; NvidiaDriver = "570.195.03"; DriverVersion = 12.8; DevicePciBusId = "0000:CE:00.0"; GlobalMemoryMb = 45468; MaxSupportedVersion = 12080 ]
	IoHeavy = 0
	Memory = 16384
...
040 (8017966.838.000) 2026-06-21 05:02:50 Started transferring output files
...
040 (8017966.838.000) 2026-06-21 05:02:50 Finished transferring output files
...
004 (8017966.838.000) 2026-06-21 05:02:50 Job was evicted.
	(0) Job terminated and was requeued
		Usr 0 00:00:02, Sys 0 00:00:00  -  Run Remote Usage
		Usr 0 00:00:00, Sys 0 00:00:00  -  Run Local Usage
	7293607  -  Run Bytes Sent By Job
	2791315510  -  Run Bytes Received By Job
	(1) Normal termination (return value 2)
	The job attribute OnExitRemove expression 'NumJobCompletions > JobMaxRetries || ExitCode =?= 0' evaluated to FALSE
...
040 (8017966.838.000) 2026-06-21 05:02:57 Started transferring input files
	Transferring to host: <128.105.69.3:9618?addrs=128.105.69.3-9618+[2607-f388-2200-100-7ec2-55ff-fe46-28f2]-9618&alias=gpu4002.chtc.wisc.edu&noUDP&sock=slot1_5_12744_0cff_4482>
...
040 (8017966.838.000) 2026-06-21 05:03:08 Finished transferring input files
...
001 (8017966.838.000) 2026-06-21 05:03:08 Job executing on host: <128.105.69.3:9618?addrs=128.105.69.3-9618+[2607-f388-2200-100-7ec2-55ff-fe46-28f2]-9618&alias=gpu4002.chtc.wisc.edu&noUDP&sock=startd_11312_ab69>
	SlotName: slot1_5@gpu4002.chtc.wisc.edu
	AvailableGPUs = { GPUs_GPU_24660f1c }
	CondorScratchDir = "/var/lib/condor/execute/slot1/dir_3105295/scratch"
	Cpus = 1
	Disk = 16777216
	GPUs = 1
	GPUs_GPU_24660f1c = [ Id = "GPU-24660f1c"; Capability = 8.9; DeviceName = "NVIDIA L40"; DeviceUuid = "24660f1c-9665-dc92-a0c9-04252e1a8138"; ECCEnabled = true; NvidiaDriver = "570.195.03"; DriverVersion = 12.8; DevicePciBusId = "0000:CE:00.0"; GlobalMemoryMb = 45468; MaxSupportedVersion = 12080 ]
	IoHeavy = 0
	Memory = 16384
...
040 (8017966.838.000) 2026-06-21 05:03:11 Started transferring output files
...
040 (8017966.838.000) 2026-06-21 05:03:11 Finished transferring output files
...
004 (8017966.838.000) 2026-06-21 05:03:12 Job was evicted.
	(0) Job terminated and was requeued
		Usr 0 00:00:02, Sys 0 00:00:00  -  Run Remote Usage
		Usr 0 00:00:00, Sys 0 00:00:00  -  Run Local Usage
	7293607  -  Run Bytes Sent By Job
	2791315510  -  Run Bytes Received By Job
	(1) Normal termination (return value 2)
	The job attribute OnExitRemove expression 'NumJobCompletions > JobMaxRetries || ExitCode =?= 0' evaluated to FALSE
...
040 (8017966.838.000) 2026-06-21 05:03:20 Started transferring input files
	Transferring to host: <128.105.68.168:9618?addrs=128.105.68.168-9618+[2607-f388-2200-100-b62e-99ff-feb7-2dcb]-9618&alias=gpulab2003.chtc.wisc.edu&noUDP&sock=slot2_4_11172_6f3f_5655>
...
040 (8017966.838.000) 2026-06-21 05:03:38 Finished transferring input files
...
001 (8017966.838.000) 2026-06-21 05:03:38 Job executing on host: <128.105.68.168:9618?addrs=128.105.68.168-9618+[2607-f388-2200-100-b62e-99ff-feb7-2dcb]-9618&alias=gpulab2003.chtc.wisc.edu&noUDP&sock=startd_10155_1056>
	SlotName: slot2_4@gpulab2003.chtc.wisc.edu
	AvailableGPUs = { GPUs_GPU_61902b82 }
	CondorScratchDir = "/var/lib/condor/execute/slot2/dir_249039/scratch"
	Cpus = 1
	Disk = 16777216
	GPUs = 1
	GPUs_GPU_61902b82 = [ Id = "GPU-61902b82"; Capability = 7.5; DeviceName = "NVIDIA GeForce RTX 2080 Ti"; DeviceUuid = "61902b82-cedb-e4be-d010-bca8829ec79b"; ECCEnabled = false; NvidiaDriver = "570.195.03"; DriverVersion = 12.8; DevicePciBusId = "0000:B2:00.0"; GlobalMemoryMb = 10823; MaxSupportedVersion = 12080 ]
	IoHeavy = 0
	Memory = 16384
...
040 (8017966.838.000) 2026-06-21 05:03:42 Started transferring output files
...
040 (8017966.838.000) 2026-06-21 05:03:42 Finished transferring output files
...
004 (8017966.838.000) 2026-06-21 05:03:43 Job was evicted.
	(0) Job terminated and was requeued
		Usr 0 00:00:03, Sys 0 00:00:00  -  Run Remote Usage
		Usr 0 00:00:00, Sys 0 00:00:00  -  Run Local Usage
	7293610  -  Run Bytes Sent By Job
	2791315510  -  Run Bytes Received By Job
	(1) Normal termination (return value 2)
	The job attribute OnExitRemove expression 'NumJobCompletions > JobMaxRetries || ExitCode =?= 0' evaluated to FALSE
...
040 (8017966.838.000) 2026-06-21 05:03:50 Started transferring input files
	Transferring to host: <128.105.68.141:9618?addrs=128.105.68.141-9618+[2607-f388-2200-100-b226-28ff-fe24-f732]-9618&alias=gpu2001.chtc.wisc.edu&noUDP&sock=slot2_1_3454505_0815_76060>
...
040 (8017966.838.000) 2026-06-21 05:04:05 Finished transferring input files
...
001 (8017966.838.000) 2026-06-21 05:04:05 Job executing on host: <128.105.68.141:9618?addrs=128.105.68.141-9618+[2607-f388-2200-100-b226-28ff-fe24-f732]-9618&alias=gpu2001.chtc.wisc.edu&noUDP&sock=startd_10421_8487>
	SlotName: slot2_1@gpu2001.chtc.wisc.edu
	AvailableGPUs = { GPUs_GPU_ddc1c098 }
	CondorScratchDir = "/var/lib/condor/execute/slot2/dir_3384096/scratch"
	Cpus = 1
	Disk = 16777216
	GPUs = 1
	GPUs_GPU_ddc1c098 = [ Id = "GPU-ddc1c098"; Capability = 6.0; DeviceName = "Tesla P100-PCIE-16GB"; DeviceUuid = "ddc1c098-16dd-3c4e-0463-5888fb3af09c"; ECCEnabled = true; NvidiaDriver = "570.195.03"; DriverVersion = 12.8; DevicePciBusId = "0000:3B:00.0"; GlobalMemoryMb = 16269; MaxSupportedVersion = 12080 ]
	IoHeavy = 0
	Memory = 16384
...
040 (8017966.838.000) 2026-06-21 05:04:13 Started transferring output files
...
040 (8017966.838.000) 2026-06-21 05:04:13 Finished transferring output files
...
005 (8017966.838.000) 2026-06-21 05:04:14 Job terminated.
	(1) Normal termination (return value 2)
		Usr 0 00:00:05, Sys 0 00:00:01  -  Run Remote Usage
		Usr 0 00:00:00, Sys 0 00:00:00  -  Run Local Usage
		Usr 0 00:02:25, Sys 0 00:00:04  -  Total Remote Usage
		Usr 0 00:00:00, Sys 0 00:00:00  -  Total Local Usage
	7293617  -  Run Bytes Sent By Job
	2791315510  -  Run Bytes Received By Job
	80234564  -  Total Bytes Sent By Job
	30697177495  -  Total Bytes Received By Job
	Partitionable Resources :    Usage  Request Allocated Assigned
	   Cpus                 :        0        1         1 
	   Disk (KB)            :  2725931 16777216  16777216 
	   GPUs                 :                 1         1 "GPU-ddc1c098"
	   IoHeavy              :                           0 
	   Memory (MB)          :      391    16384     16384 
	   TimeExecute (s)      :        8                    
	   TimeSlotBusy (s)     :       23                    
...
