000 (8017966.446.000) 2026-06-20 22:07:54 Job submitted from host: <128.105.68.112:9618?addrs=128.105.68.112-9618+[2607-f388-2200-100-eaeb-d3ff-fea3-4202]-9618&alias=ap2001.chtc.wisc.edu&noUDP&sock=schedd_4071840_2329>
...
040 (8017966.446.000) 2026-06-21 02:11:48 Started transferring input files
	Transferring to host: <128.105.69.3:9618?addrs=128.105.69.3-9618+[2607-f388-2200-100-7ec2-55ff-fe46-28f2]-9618&alias=gpu4002.chtc.wisc.edu&noUDP&sock=slot1_2_12744_0cff_3911>
...
040 (8017966.446.000) 2026-06-21 02:12:09 Finished transferring input files
...
001 (8017966.446.000) 2026-06-21 02:12:09 Job executing on host: <128.105.69.3:9618?addrs=128.105.69.3-9618+[2607-f388-2200-100-7ec2-55ff-fe46-28f2]-9618&alias=gpu4002.chtc.wisc.edu&noUDP&sock=startd_11312_ab69>
	SlotName: slot1_2@gpu4002.chtc.wisc.edu
	AvailableGPUs = { GPUs_GPU_2e13e217 }
	CondorScratchDir = "/var/lib/condor/execute/slot1/dir_2926406/scratch"
	Cpus = 1
	Disk = 16777216
	GPUs = 1
	GPUs_GPU_2e13e217 = [ Id = "GPU-2e13e217"; Capability = 8.9; DeviceName = "NVIDIA L40"; DeviceUuid = "2e13e217-6059-f8d1-c6e6-c4cc399ca285"; ECCEnabled = true; NvidiaDriver = "570.195.03"; DriverVersion = 12.8; DevicePciBusId = "0000:53:00.0"; GlobalMemoryMb = 45468; MaxSupportedVersion = 12080 ]
	IoHeavy = 0
	Memory = 16384
...
006 (8017966.446.000) 2026-06-21 02:12:17 Image size of job updated: 389724
	381  -  MemoryUsage of job (MB)
	389724  -  ResidentSetSize of job (KB)
...
006 (8017966.446.000) 2026-06-21 02:15:02 Image size of job updated: 2533620
	381  -  MemoryUsage of job (MB)
	389804  -  ResidentSetSize of job (KB)
...
040 (8017966.446.000) 2026-06-21 02:15:02 Started transferring output files
...
040 (8017966.446.000) 2026-06-21 02:15:02 Finished transferring output files
...
004 (8017966.446.000) 2026-06-21 02:15:03 Job was evicted.
	(0) Job terminated and was requeued
		Usr 0 00:02:49, Sys 0 00:00:03  -  Run Remote Usage
		Usr 0 00:00:00, Sys 0 00:00:00  -  Run Local Usage
	7379256  -  Run Bytes Sent By Job
	2784282651  -  Run Bytes Received By Job
	(1) Normal termination (return value 1)
	The job attribute OnExitRemove expression 'NumJobCompletions > JobMaxRetries || ExitCode =?= 0' evaluated to FALSE
...
040 (8017966.446.000) 2026-06-21 02:15:09 Started transferring input files
	Transferring to host: <128.105.76.47:9618?addrs=128.105.76.47-9618+[2607-f388-2200-100-527c-6fff-fe82-826a]-9618&alias=gpu4006.chtc.wisc.edu&noUDP&sock=slot2_8_2618986_4fbd_86709>
...
040 (8017966.446.000) 2026-06-21 02:15:19 Finished transferring input files
...
001 (8017966.446.000) 2026-06-21 02:15:19 Job executing on host: <128.105.76.47:9618?addrs=128.105.76.47-9618+[2607-f388-2200-100-527c-6fff-fe82-826a]-9618&alias=gpu4006.chtc.wisc.edu&noUDP&sock=startd_11220_90b3>
	SlotName: slot2_8@gpu4006.chtc.wisc.edu
	AvailableGPUs = { GPUs_GPU_cee1c5fe }
	CondorScratchDir = "/var/lib/condor/execute/slot2/dir_2613918/scratch"
	Cpus = 1
	Disk = 16777216
	GPUs = 1
	GPUs_GPU_cee1c5fe = [ Id = "GPU-cee1c5fe"; Capability = 8.9; DeviceName = "NVIDIA L40S"; DeviceUuid = "cee1c5fe-b00f-e234-a43f-220f24c5e1c9"; ECCEnabled = true; NvidiaDriver = "590.48.01"; DriverVersion = 13.1; DevicePciBusId = "0000:E1:00.0"; GlobalMemoryMb = 45460; MaxSupportedVersion = 13010 ]
	IoHeavy = 0
	Memory = 16384
...
040 (8017966.446.000) 2026-06-21 02:15:21 Started transferring output files
...
040 (8017966.446.000) 2026-06-21 02:15:21 Finished transferring output files
...
004 (8017966.446.000) 2026-06-21 02:15:22 Job was evicted.
	(0) Job terminated and was requeued
		Usr 0 00:00:01, Sys 0 00:00:00  -  Run Remote Usage
		Usr 0 00:00:00, Sys 0 00:00:00  -  Run Local Usage
	7374581  -  Run Bytes Sent By Job
	2791656718  -  Run Bytes Received By Job
	(1) Normal termination (return value 2)
	The job attribute OnExitRemove expression 'NumJobCompletions > JobMaxRetries || ExitCode =?= 0' evaluated to FALSE
...
040 (8017966.446.000) 2026-06-21 02:15:34 Started transferring input files
	Transferring to host: <128.105.76.47:9618?addrs=128.105.76.47-9618+[2607-f388-2200-100-527c-6fff-fe82-826a]-9618&alias=gpu4006.chtc.wisc.edu&noUDP&sock=slot2_8_2618986_4fbd_86711>
...
040 (8017966.446.000) 2026-06-21 02:15:41 Finished transferring input files
...
001 (8017966.446.000) 2026-06-21 02:15:41 Job executing on host: <128.105.76.47:9618?addrs=128.105.76.47-9618+[2607-f388-2200-100-527c-6fff-fe82-826a]-9618&alias=gpu4006.chtc.wisc.edu&noUDP&sock=startd_11220_90b3>
	SlotName: slot2_8@gpu4006.chtc.wisc.edu
	AvailableGPUs = { GPUs_GPU_cee1c5fe }
	CondorScratchDir = "/var/lib/condor/execute/slot2/dir_2614566/scratch"
	Cpus = 1
	Disk = 16777216
	GPUs = 1
	GPUs_GPU_cee1c5fe = [ Id = "GPU-cee1c5fe"; Capability = 8.9; DeviceName = "NVIDIA L40S"; DeviceUuid = "cee1c5fe-b00f-e234-a43f-220f24c5e1c9"; ECCEnabled = true; NvidiaDriver = "590.48.01"; DriverVersion = 13.1; DevicePciBusId = "0000:E1:00.0"; GlobalMemoryMb = 45460; MaxSupportedVersion = 13010 ]
	IoHeavy = 0
	Memory = 16384
...
040 (8017966.446.000) 2026-06-21 02:15:43 Started transferring output files
...
040 (8017966.446.000) 2026-06-21 02:15:43 Finished transferring output files
...
004 (8017966.446.000) 2026-06-21 02:15:44 Job was evicted.
	(0) Job terminated and was requeued
		Usr 0 00:00:01, Sys 0 00:00:00  -  Run Remote Usage
		Usr 0 00:00:00, Sys 0 00:00:00  -  Run Local Usage
	7374581  -  Run Bytes Sent By Job
	2791656718  -  Run Bytes Received By Job
	(1) Normal termination (return value 2)
	The job attribute OnExitRemove expression 'NumJobCompletions > JobMaxRetries || ExitCode =?= 0' evaluated to FALSE
...
040 (8017966.446.000) 2026-06-21 02:15:50 Started transferring input files
	Transferring to host: <10.1.1.131:41261?CCBID=128.105.82.148:9618%3faddrs%3d128.105.82.148-9618+[2607-f388-2200-9d-7ccb-bc08-2489-768a]-9618%26alias%3dospool-ccb.osg.chtc.io%26noUDP%26sock%3dcollector5#4297074%2067.58.49.91:9618%3faddrs%3d67.58.49.91-9618+[fdf0-17b3-c3ec-1f79-10-0-e-b69d]-9618%26alias%3dccb-2.ospool.osg-htc.org%26noUDP%26sock%3dcollector1#4293146&PrivNet=gpu01&addrs=10.1.1.131-41261&alias=gpu01&noUDP>
...
040 (8017966.446.000) 2026-06-21 02:16:05 Finished transferring input files
...
021 (8017966.446.000) 2026-06-21 02:16:06 Message from starter on slot1_2@glidein_1545382_715862460@gpu01:
	PREPARE_JOB (prepare-hook) succeeded (reported status 000): Using Singularity image openfe_1.11.1.sif
...
001 (8017966.446.000) 2026-06-21 02:16:06 Job executing on host: <10.1.1.131:38905?CCBID=128.105.82.148:9618%3faddrs%3d128.105.82.148-9618+[2607-f388-2200-9d-7ccb-bc08-2489-768a]-9618%26alias%3dospool-ccb.osg.chtc.io%26noUDP%26sock%3dcollector8#4265399%2067.58.49.91:9618%3faddrs%3d67.58.49.91-9618+[fdf0-17b3-c3ec-1f79-10-0-e-b69d]-9618%26alias%3dccb-2.ospool.osg-htc.org%26noUDP%26sock%3dcollector6#4258755&PrivNet=gpu01&addrs=10.1.1.131-38905&alias=gpu01&noUDP>
	SlotName: slot1_2@glidein_1545382_715862460@gpu01
	AvailableGPUs = { GPUs_GPU_02db32e2 }
	CondorScratchDir = "/tmp/glide_MFrAD2/execute/dir_2375451/scratch"
	Cpus = 1
	Disk = 16777216
	GPUs = 1
	GPUs_GPU_02db32e2 = [ Id = "GPU-02db32e2"; ClockMhz = 1740.0; Capability = 8.6; CoresPerCU = 128; DeviceName = "NVIDIA A40"; DeviceUuid = "02db32e2-6812-c3b7-dc5c-fb78562c6325"; ECCEnabled = true; ComputeUnits = 84; NvidiaDriver = "595.71.05"; DriverVersion = 13.2; DevicePciBusId = "0000:41:00.0"; GlobalMemoryMb = 45739; MaxSupportedVersion = 13020 ]
	Memory = 16384
...
040 (8017966.446.000) 2026-06-21 02:16:11 Started transferring output files
...
040 (8017966.446.000) 2026-06-21 02:16:12 Finished transferring output files
...
004 (8017966.446.000) 2026-06-21 02:16:13 Job was evicted.
	(0) Job terminated and was requeued
		Usr 0 00:00:00, Sys 0 00:00:00  -  Run Remote Usage
		Usr 0 00:00:00, Sys 0 00:00:00  -  Run Local Usage
	7374672  -  Run Bytes Sent By Job
	2791656718  -  Run Bytes Received By Job
	(1) Normal termination (return value 2)
	The job attribute OnExitRemove expression 'NumJobCompletions > JobMaxRetries || ExitCode =?= 0' evaluated to FALSE
...
040 (8017966.446.000) 2026-06-21 02:16:43 Started transferring input files
	Transferring to host: <128.105.69.3:9618?addrs=128.105.69.3-9618+[2607-f388-2200-100-7ec2-55ff-fe46-28f2]-9618&alias=gpu4002.chtc.wisc.edu&noUDP&sock=slot1_5_12744_0cff_3930>
...
040 (8017966.446.000) 2026-06-21 02:16:54 Finished transferring input files
...
001 (8017966.446.000) 2026-06-21 02:16:54 Job executing on host: <128.105.69.3:9618?addrs=128.105.69.3-9618+[2607-f388-2200-100-7ec2-55ff-fe46-28f2]-9618&alias=gpu4002.chtc.wisc.edu&noUDP&sock=startd_11312_ab69>
	SlotName: slot1_5@gpu4002.chtc.wisc.edu
	AvailableGPUs = { GPUs_GPU_24660f1c }
	CondorScratchDir = "/var/lib/condor/execute/slot1/dir_2930951/scratch"
	Cpus = 1
	Disk = 16777216
	GPUs = 1
	GPUs_GPU_24660f1c = [ Id = "GPU-24660f1c"; Capability = 8.9; DeviceName = "NVIDIA L40"; DeviceUuid = "24660f1c-9665-dc92-a0c9-04252e1a8138"; ECCEnabled = true; NvidiaDriver = "570.195.03"; DriverVersion = 12.8; DevicePciBusId = "0000:CE:00.0"; GlobalMemoryMb = 45468; MaxSupportedVersion = 12080 ]
	IoHeavy = 0
	Memory = 16384
...
040 (8017966.446.000) 2026-06-21 02:16:58 Started transferring output files
...
040 (8017966.446.000) 2026-06-21 02:16:58 Finished transferring output files
...
004 (8017966.446.000) 2026-06-21 02:16:58 Job was evicted.
	(0) Job terminated and was requeued
		Usr 0 00:00:02, Sys 0 00:00:00  -  Run Remote Usage
		Usr 0 00:00:00, Sys 0 00:00:00  -  Run Local Usage
	7374557  -  Run Bytes Sent By Job
	2791656718  -  Run Bytes Received By Job
	(1) Normal termination (return value 2)
	The job attribute OnExitRemove expression 'NumJobCompletions > JobMaxRetries || ExitCode =?= 0' evaluated to FALSE
...
040 (8017966.446.000) 2026-06-21 02:17:09 Started transferring input files
	Transferring to host: <128.105.69.3:9618?addrs=128.105.69.3-9618+[2607-f388-2200-100-7ec2-55ff-fe46-28f2]-9618&alias=gpu4002.chtc.wisc.edu&noUDP&sock=slot1_5_12744_0cff_3932>
...
040 (8017966.446.000) 2026-06-21 02:17:20 Finished transferring input files
...
001 (8017966.446.000) 2026-06-21 02:17:20 Job executing on host: <128.105.69.3:9618?addrs=128.105.69.3-9618+[2607-f388-2200-100-7ec2-55ff-fe46-28f2]-9618&alias=gpu4002.chtc.wisc.edu&noUDP&sock=startd_11312_ab69>
	SlotName: slot1_5@gpu4002.chtc.wisc.edu
	AvailableGPUs = { GPUs_GPU_24660f1c }
	CondorScratchDir = "/var/lib/condor/execute/slot1/dir_2931579/scratch"
	Cpus = 1
	Disk = 16777216
	GPUs = 1
	GPUs_GPU_24660f1c = [ Id = "GPU-24660f1c"; Capability = 8.9; DeviceName = "NVIDIA L40"; DeviceUuid = "24660f1c-9665-dc92-a0c9-04252e1a8138"; ECCEnabled = true; NvidiaDriver = "570.195.03"; DriverVersion = 12.8; DevicePciBusId = "0000:CE:00.0"; GlobalMemoryMb = 45468; MaxSupportedVersion = 12080 ]
	IoHeavy = 0
	Memory = 16384
...
040 (8017966.446.000) 2026-06-21 02:17:23 Started transferring output files
...
040 (8017966.446.000) 2026-06-21 02:17:23 Finished transferring output files
...
004 (8017966.446.000) 2026-06-21 02:17:24 Job was evicted.
	(0) Job terminated and was requeued
		Usr 0 00:00:02, Sys 0 00:00:00  -  Run Remote Usage
		Usr 0 00:00:00, Sys 0 00:00:00  -  Run Local Usage
	7374557  -  Run Bytes Sent By Job
	2791656718  -  Run Bytes Received By Job
	(1) Normal termination (return value 2)
	The job attribute OnExitRemove expression 'NumJobCompletions > JobMaxRetries || ExitCode =?= 0' evaluated to FALSE
...
040 (8017966.446.000) 2026-06-21 02:17:35 Started transferring input files
	Transferring to host: <128.105.69.3:9618?addrs=128.105.69.3-9618+[2607-f388-2200-100-7ec2-55ff-fe46-28f2]-9618&alias=gpu4002.chtc.wisc.edu&noUDP&sock=slot1_5_12744_0cff_3933>
...
040 (8017966.446.000) 2026-06-21 02:17:47 Finished transferring input files
...
001 (8017966.446.000) 2026-06-21 02:17:47 Job executing on host: <128.105.69.3:9618?addrs=128.105.69.3-9618+[2607-f388-2200-100-7ec2-55ff-fe46-28f2]-9618&alias=gpu4002.chtc.wisc.edu&noUDP&sock=startd_11312_ab69>
	SlotName: slot1_5@gpu4002.chtc.wisc.edu
	AvailableGPUs = { GPUs_GPU_24660f1c }
	CondorScratchDir = "/var/lib/condor/execute/slot1/dir_2931830/scratch"
	Cpus = 1
	Disk = 16777216
	GPUs = 1
	GPUs_GPU_24660f1c = [ Id = "GPU-24660f1c"; Capability = 8.9; DeviceName = "NVIDIA L40"; DeviceUuid = "24660f1c-9665-dc92-a0c9-04252e1a8138"; ECCEnabled = true; NvidiaDriver = "570.195.03"; DriverVersion = 12.8; DevicePciBusId = "0000:CE:00.0"; GlobalMemoryMb = 45468; MaxSupportedVersion = 12080 ]
	IoHeavy = 0
	Memory = 16384
...
040 (8017966.446.000) 2026-06-21 02:17:50 Started transferring output files
...
040 (8017966.446.000) 2026-06-21 02:17:50 Finished transferring output files
...
004 (8017966.446.000) 2026-06-21 02:17:51 Job was evicted.
	(0) Job terminated and was requeued
		Usr 0 00:00:02, Sys 0 00:00:00  -  Run Remote Usage
		Usr 0 00:00:00, Sys 0 00:00:00  -  Run Local Usage
	7374557  -  Run Bytes Sent By Job
	2791656718  -  Run Bytes Received By Job
	(1) Normal termination (return value 2)
	The job attribute OnExitRemove expression 'NumJobCompletions > JobMaxRetries || ExitCode =?= 0' evaluated to FALSE
...
040 (8017966.446.000) 2026-06-21 02:18:01 Started transferring input files
	Transferring to host: <128.105.69.3:9618?addrs=128.105.69.3-9618+[2607-f388-2200-100-7ec2-55ff-fe46-28f2]-9618&alias=gpu4002.chtc.wisc.edu&noUDP&sock=slot1_5_12744_0cff_3934>
...
040 (8017966.446.000) 2026-06-21 02:18:13 Finished transferring input files
...
001 (8017966.446.000) 2026-06-21 02:18:13 Job executing on host: <128.105.69.3:9618?addrs=128.105.69.3-9618+[2607-f388-2200-100-7ec2-55ff-fe46-28f2]-9618&alias=gpu4002.chtc.wisc.edu&noUDP&sock=startd_11312_ab69>
	SlotName: slot1_5@gpu4002.chtc.wisc.edu
	AvailableGPUs = { GPUs_GPU_24660f1c }
	CondorScratchDir = "/var/lib/condor/execute/slot1/dir_2932042/scratch"
	Cpus = 1
	Disk = 16777216
	GPUs = 1
	GPUs_GPU_24660f1c = [ Id = "GPU-24660f1c"; Capability = 8.9; DeviceName = "NVIDIA L40"; DeviceUuid = "24660f1c-9665-dc92-a0c9-04252e1a8138"; ECCEnabled = true; NvidiaDriver = "570.195.03"; DriverVersion = 12.8; DevicePciBusId = "0000:CE:00.0"; GlobalMemoryMb = 45468; MaxSupportedVersion = 12080 ]
	IoHeavy = 0
	Memory = 16384
...
040 (8017966.446.000) 2026-06-21 02:18:16 Started transferring output files
...
040 (8017966.446.000) 2026-06-21 02:18:16 Finished transferring output files
...
004 (8017966.446.000) 2026-06-21 02:18:17 Job was evicted.
	(0) Job terminated and was requeued
		Usr 0 00:00:02, Sys 0 00:00:00  -  Run Remote Usage
		Usr 0 00:00:00, Sys 0 00:00:00  -  Run Local Usage
	7374557  -  Run Bytes Sent By Job
	2791656718  -  Run Bytes Received By Job
	(1) Normal termination (return value 2)
	The job attribute OnExitRemove expression 'NumJobCompletions > JobMaxRetries || ExitCode =?= 0' evaluated to FALSE
...
040 (8017966.446.000) 2026-06-21 02:18:27 Started transferring input files
	Transferring to host: <128.105.69.3:9618?addrs=128.105.69.3-9618+[2607-f388-2200-100-7ec2-55ff-fe46-28f2]-9618&alias=gpu4002.chtc.wisc.edu&noUDP&sock=slot1_5_12744_0cff_3935>
...
040 (8017966.446.000) 2026-06-21 02:18:39 Finished transferring input files
...
001 (8017966.446.000) 2026-06-21 02:18:39 Job executing on host: <128.105.69.3:9618?addrs=128.105.69.3-9618+[2607-f388-2200-100-7ec2-55ff-fe46-28f2]-9618&alias=gpu4002.chtc.wisc.edu&noUDP&sock=startd_11312_ab69>
	SlotName: slot1_5@gpu4002.chtc.wisc.edu
	AvailableGPUs = { GPUs_GPU_24660f1c }
	CondorScratchDir = "/var/lib/condor/execute/slot1/dir_2932324/scratch"
	Cpus = 1
	Disk = 16777216
	GPUs = 1
	GPUs_GPU_24660f1c = [ Id = "GPU-24660f1c"; Capability = 8.9; DeviceName = "NVIDIA L40"; DeviceUuid = "24660f1c-9665-dc92-a0c9-04252e1a8138"; ECCEnabled = true; NvidiaDriver = "570.195.03"; DriverVersion = 12.8; DevicePciBusId = "0000:CE:00.0"; GlobalMemoryMb = 45468; MaxSupportedVersion = 12080 ]
	IoHeavy = 0
	Memory = 16384
...
040 (8017966.446.000) 2026-06-21 02:18:42 Started transferring output files
...
040 (8017966.446.000) 2026-06-21 02:18:42 Finished transferring output files
...
004 (8017966.446.000) 2026-06-21 02:18:43 Job was evicted.
	(0) Job terminated and was requeued
		Usr 0 00:00:02, Sys 0 00:00:00  -  Run Remote Usage
		Usr 0 00:00:00, Sys 0 00:00:00  -  Run Local Usage
	7374557  -  Run Bytes Sent By Job
	2791656718  -  Run Bytes Received By Job
	(1) Normal termination (return value 2)
	The job attribute OnExitRemove expression 'NumJobCompletions > JobMaxRetries || ExitCode =?= 0' evaluated to FALSE
...
040 (8017966.446.000) 2026-06-21 02:18:44 Started transferring input files
	Transferring to host: <128.105.68.141:9618?addrs=128.105.68.141-9618+[2607-f388-2200-100-b226-28ff-fe24-f732]-9618&alias=gpu2001.chtc.wisc.edu&noUDP&sock=slot2_1_3454505_0815_75753>
...
040 (8017966.446.000) 2026-06-21 02:19:00 Finished transferring input files
...
001 (8017966.446.000) 2026-06-21 02:19:00 Job executing on host: <128.105.68.141:9618?addrs=128.105.68.141-9618+[2607-f388-2200-100-b226-28ff-fe24-f732]-9618&alias=gpu2001.chtc.wisc.edu&noUDP&sock=startd_10421_8487>
	SlotName: slot2_1@gpu2001.chtc.wisc.edu
	AvailableGPUs = { GPUs_GPU_ddc1c098 }
	CondorScratchDir = "/var/lib/condor/execute/slot2/dir_3289018/scratch"
	Cpus = 1
	Disk = 16777216
	GPUs = 1
	GPUs_GPU_ddc1c098 = [ Id = "GPU-ddc1c098"; Capability = 6.0; DeviceName = "Tesla P100-PCIE-16GB"; DeviceUuid = "ddc1c098-16dd-3c4e-0463-5888fb3af09c"; ECCEnabled = true; NvidiaDriver = "570.195.03"; DriverVersion = 12.8; DevicePciBusId = "0000:3B:00.0"; GlobalMemoryMb = 16269; MaxSupportedVersion = 12080 ]
	IoHeavy = 0
	Memory = 16384
...
040 (8017966.446.000) 2026-06-21 02:19:08 Started transferring output files
...
040 (8017966.446.000) 2026-06-21 02:19:08 Finished transferring output files
...
004 (8017966.446.000) 2026-06-21 02:19:08 Job was evicted.
	(0) Job terminated and was requeued
		Usr 0 00:00:05, Sys 0 00:00:01  -  Run Remote Usage
		Usr 0 00:00:00, Sys 0 00:00:00  -  Run Local Usage
	7374567  -  Run Bytes Sent By Job
	2791656718  -  Run Bytes Received By Job
	(1) Normal termination (return value 2)
	The job attribute OnExitRemove expression 'NumJobCompletions > JobMaxRetries || ExitCode =?= 0' evaluated to FALSE
...
040 (8017966.446.000) 2026-06-21 02:19:16 Started transferring input files
	Transferring to host: <128.105.68.141:9618?addrs=128.105.68.141-9618+[2607-f388-2200-100-b226-28ff-fe24-f732]-9618&alias=gpu2001.chtc.wisc.edu&noUDP&sock=slot2_1_3454505_0815_75754>
...
040 (8017966.446.000) 2026-06-21 02:19:33 Finished transferring input files
...
001 (8017966.446.000) 2026-06-21 02:19:33 Job executing on host: <128.105.68.141:9618?addrs=128.105.68.141-9618+[2607-f388-2200-100-b226-28ff-fe24-f732]-9618&alias=gpu2001.chtc.wisc.edu&noUDP&sock=startd_10421_8487>
	SlotName: slot2_1@gpu2001.chtc.wisc.edu
	AvailableGPUs = { GPUs_GPU_ddc1c098 }
	CondorScratchDir = "/var/lib/condor/execute/slot2/dir_3289251/scratch"
	Cpus = 1
	Disk = 16777216
	GPUs = 1
	GPUs_GPU_ddc1c098 = [ Id = "GPU-ddc1c098"; Capability = 6.0; DeviceName = "Tesla P100-PCIE-16GB"; DeviceUuid = "ddc1c098-16dd-3c4e-0463-5888fb3af09c"; ECCEnabled = true; NvidiaDriver = "570.195.03"; DriverVersion = 12.8; DevicePciBusId = "0000:3B:00.0"; GlobalMemoryMb = 16269; MaxSupportedVersion = 12080 ]
	IoHeavy = 0
	Memory = 16384
...
040 (8017966.446.000) 2026-06-21 02:19:41 Started transferring output files
...
040 (8017966.446.000) 2026-06-21 02:19:41 Finished transferring output files
...
005 (8017966.446.000) 2026-06-21 02:19:41 Job terminated.
	(1) Normal termination (return value 2)
		Usr 0 00:00:05, Sys 0 00:00:01  -  Run Remote Usage
		Usr 0 00:00:00, Sys 0 00:00:00  -  Run Local Usage
		Usr 0 00:03:11, Sys 0 00:00:05  -  Total Remote Usage
		Usr 0 00:00:00, Sys 0 00:00:00  -  Total Local Usage
	7374567  -  Run Bytes Sent By Job
	2791656718  -  Run Bytes Received By Job
	81125009  -  Total Bytes Sent By Job
	30700849831  -  Total Bytes Received By Job
	Partitionable Resources :    Usage  Request Allocated Assigned
	   Cpus                 :        0        1         1 
	   Disk (KB)            :  2726264 16777216  16777216 
	   GPUs                 :        0        1         1 "GPU-ddc1c098"
	   IoHeavy              :                           0 
	   Memory (MB)          :      391    16384     16384 
	   TimeExecute (s)      :        8                    
	   TimeSlotBusy (s)     :       25                    
...
