000 (8017966.743.000) 2026-06-20 22:07:54 Job submitted from host: <128.105.68.112:9618?addrs=128.105.68.112-9618+[2607-f388-2200-100-eaeb-d3ff-fea3-4202]-9618&alias=ap2001.chtc.wisc.edu&noUDP&sock=schedd_4071840_2329>
...
040 (8017966.743.000) 2026-06-21 04:13:58 Started transferring input files
	Transferring to host: <128.105.68.124:9618?addrs=128.105.68.124-9618+[2607-f388-2200-100-7ec2-55ff-fe99-a508]-9618&alias=dsigpu4001.chtc.wisc.edu&noUDP&sock=slot2_8_205874_9b6d_81175>
...
040 (8017966.743.000) 2026-06-21 04:14:08 Finished transferring input files
...
001 (8017966.743.000) 2026-06-21 04:14:08 Job executing on host: <128.105.68.124:9618?addrs=128.105.68.124-9618+[2607-f388-2200-100-7ec2-55ff-fe99-a508]-9618&alias=dsigpu4001.chtc.wisc.edu&noUDP&sock=startd_10787_9031>
	SlotName: slot2_8@dsigpu4001.chtc.wisc.edu
	AvailableGPUs = { GPUs_GPU_9fd2e54c }
	CondorScratchDir = "/var/lib/condor/execute/slot2/dir_2457424/scratch"
	Cpus = 1
	Disk = 16777216
	GPUs = 1
	GPUs_GPU_9fd2e54c = [ Id = "GPU-9fd2e54c"; Capability = 8.9; DeviceName = "NVIDIA L40"; DeviceUuid = "9fd2e54c-4fcd-964d-e066-bf92c6f8c683"; ECCEnabled = true; NvidiaDriver = "570.195.03"; DriverVersion = 12.8; DevicePciBusId = "0000:D2:00.0"; GlobalMemoryMb = 45468; MaxSupportedVersion = 12080 ]
	IoHeavy = 0
	Memory = 16384
...
006 (8017966.743.000) 2026-06-21 04:14:17 Image size of job updated: 376812
	368  -  MemoryUsage of job (MB)
	376812  -  ResidentSetSize of job (KB)
...
006 (8017966.743.000) 2026-06-21 04:19:17 Image size of job updated: 950940
	928  -  MemoryUsage of job (MB)
	949652  -  ResidentSetSize of job (KB)
...
006 (8017966.743.000) 2026-06-21 04:24:18 Image size of job updated: 953080
	931  -  MemoryUsage of job (MB)
	953080  -  ResidentSetSize of job (KB)
...
006 (8017966.743.000) 2026-06-21 04:29:18 Image size of job updated: 958316
	936  -  MemoryUsage of job (MB)
	958252  -  ResidentSetSize of job (KB)
...
006 (8017966.743.000) 2026-06-21 04:34:18 Image size of job updated: 965492
	943  -  MemoryUsage of job (MB)
	965492  -  ResidentSetSize of job (KB)
...
006 (8017966.743.000) 2026-06-21 04:39:19 Image size of job updated: 971256
	949  -  MemoryUsage of job (MB)
	971256  -  ResidentSetSize of job (KB)
...
006 (8017966.743.000) 2026-06-21 04:44:19 Image size of job updated: 980488
	958  -  MemoryUsage of job (MB)
	980488  -  ResidentSetSize of job (KB)
...
006 (8017966.743.000) 2026-06-21 04:49:20 Image size of job updated: 983956
	961  -  MemoryUsage of job (MB)
	983476  -  ResidentSetSize of job (KB)
...
040 (8017966.743.000) 2026-06-21 04:52:37 Started transferring output files
...
040 (8017966.743.000) 2026-06-21 04:52:37 Finished transferring output files
...
005 (8017966.743.000) 2026-06-21 04:52:38 Job terminated.
	(1) Normal termination (return value 0)
		Usr 0 00:39:07, Sys 0 00:13:55  -  Run Remote Usage
		Usr 0 00:00:00, Sys 0 00:00:00  -  Run Local Usage
		Usr 0 00:39:07, Sys 0 00:13:55  -  Total Remote Usage
		Usr 0 00:00:00, Sys 0 00:00:00  -  Total Local Usage
	2624461  -  Run Bytes Sent By Job
	2781809786  -  Run Bytes Received By Job
	2624461  -  Total Bytes Sent By Job
	2781809786  -  Total Bytes Received By Job
	Partitionable Resources :      Usage  Request Allocated Assigned
	   Cpus                 :       1.01        1         1 
	   Disk (KB)            : 2728354    16777216  16777216 
	   GPUs                 :       0.87        1         1 "GPU-9fd2e54c"
	   GpusMemory (MB)      :    6770                       
	   IoHeavy              :                             0 
	   Memory (MB)          :     961       16384     16384 
	   TimeExecute (s)      :    2309                       
	   TimeSlotBusy (s)     :    2319                       
...
