000 (8017966.229.000) 2026-06-20 22:07:54 Job submitted from host: <128.105.68.112:9618?addrs=128.105.68.112-9618+[2607-f388-2200-100-eaeb-d3ff-fea3-4202]-9618&alias=ap2001.chtc.wisc.edu&noUDP&sock=schedd_4071840_2329>
...
040 (8017966.229.000) 2026-06-21 00:25:10 Started transferring input files
	Transferring to host: <10.32.89.35:41711?CCBID=128.105.82.148:9618%3faddrs%3d128.105.82.148-9618+[2607-f388-2200-9d-7ccb-bc08-2489-768a]-9618%26alias%3dospool-ccb.osg.chtc.io%26noUDP%26sock%3dcollector9#4293508%2067.58.49.91:9618%3faddrs%3d67.58.49.91-9618+[fdf0-17b3-c3ec-1f79-10-0-e-b69d]-9618%26alias%3dccb-2.ospool.osg-htc.org%26noUDP%26sock%3dcollector5#4288273&PrivNet=qa-rtx6k-031.crc.nd.edu&addrs=10.32.89.35-41711&alias=qa-rtx6k-031.crc.nd.edu&noUDP>
...
040 (8017966.229.000) 2026-06-21 00:25:32 Finished transferring input files
...
021 (8017966.229.000) 2026-06-21 00:25:33 Message from starter on slot1_1@glidein_1316482_135755266@qa-rtx6k-031.crc.nd.edu:
	PREPARE_JOB (prepare-hook) succeeded (reported status 000): Using Singularity image openfe_1.11.1.sif
...
001 (8017966.229.000) 2026-06-21 00:25:33 Job executing on host: <10.32.89.35:39281?CCBID=128.105.82.148:9618%3faddrs%3d128.105.82.148-9618+[2607-f388-2200-9d-7ccb-bc08-2489-768a]-9618%26alias%3dospool-ccb.osg.chtc.io%26noUDP%26sock%3dcollector6#4278798%2067.58.49.91:9618%3faddrs%3d67.58.49.91-9618+[fdf0-17b3-c3ec-1f79-10-0-e-b69d]-9618%26alias%3dccb-2.ospool.osg-htc.org%26noUDP%26sock%3dcollector4#4267640&PrivNet=qa-rtx6k-031.crc.nd.edu&addrs=10.32.89.35-39281&alias=qa-rtx6k-031.crc.nd.edu&noUDP>
	SlotName: slot1_1@glidein_1316482_135755266@qa-rtx6k-031.crc.nd.edu
	AvailableGPUs = { GPUs_GPU_87dd651f }
	CondorScratchDir = "/var/condor/execute/dir_1316480/glide_pNedf1/execute/dir_1609047/scratch"
	Cpus = 1
	Disk = 16777216
	GPUs = 1
	GPUs_GPU_87dd651f = [ Id = "GPU-87dd651f"; ClockMhz = 1620.0; Capability = 7.5; CoresPerCU = 64; DeviceName = "Quadro RTX 6000"; DeviceUuid = "87dd651f-e01a-89a5-bdf5-d7c37bab18e2"; ECCEnabled = true; ComputeUnits = 72; NvidiaDriver = "595.71.05"; DriverVersion = 13.2; DevicePciBusId = "0000:86:00.0"; GlobalMemoryMb = 22684; MaxSupportedVersion = 13020 ]
	Memory = 16384
...
006 (8017966.229.000) 2026-06-21 00:25:42 Image size of job updated: 4530004
	176  -  MemoryUsage of job (MB)
	179724  -  ResidentSetSize of job (KB)
...
006 (8017966.229.000) 2026-06-21 00:30:42 Image size of job updated: 23779212
	2300  -  MemoryUsage of job (MB)
	2354868  -  ResidentSetSize of job (KB)
...
006 (8017966.229.000) 2026-06-21 00:35:43 Image size of job updated: 23780468
	2301  -  MemoryUsage of job (MB)
	2355636  -  ResidentSetSize of job (KB)
...
006 (8017966.229.000) 2026-06-21 00:40:43 Image size of job updated: 23787708
	2309  -  MemoryUsage of job (MB)
	2364124  -  ResidentSetSize of job (KB)
...
006 (8017966.229.000) 2026-06-21 00:45:44 Image size of job updated: 23791668
	2314  -  MemoryUsage of job (MB)
	2369116  -  ResidentSetSize of job (KB)
...
006 (8017966.229.000) 2026-06-21 00:50:44 Image size of job updated: 23796580
	2319  -  MemoryUsage of job (MB)
	2373916  -  ResidentSetSize of job (KB)
...
006 (8017966.229.000) 2026-06-21 00:55:45 Image size of job updated: 23800536
	2323  -  MemoryUsage of job (MB)
	2377948  -  ResidentSetSize of job (KB)
...
006 (8017966.229.000) 2026-06-21 01:00:45 Image size of job updated: 23805520
	2332  -  MemoryUsage of job (MB)
	2387164  -  ResidentSetSize of job (KB)
...
006 (8017966.229.000) 2026-06-21 01:05:46 Image size of job updated: 23809060
	2355  -  MemoryUsage of job (MB)
	2410780  -  ResidentSetSize of job (KB)
...
006 (8017966.229.000) 2026-06-21 01:10:46 Image size of job updated: 23815148
	2361  -  MemoryUsage of job (MB)
	2417004  -  ResidentSetSize of job (KB)
...
006 (8017966.229.000) 2026-06-21 01:20:47 Image size of job updated: 23815872
	2361  -  MemoryUsage of job (MB)
	2417004  -  ResidentSetSize of job (KB)
...
040 (8017966.229.000) 2026-06-21 01:24:02 Started transferring output files
...
040 (8017966.229.000) 2026-06-21 01:24:02 Finished transferring output files
...
005 (8017966.229.000) 2026-06-21 01:24:02 Job terminated.
	(1) Normal termination (return value 0)
		Usr 0 00:58:34, Sys 0 00:03:08  -  Run Remote Usage
		Usr 0 00:00:00, Sys 0 00:00:00  -  Run Local Usage
		Usr 0 00:58:34, Sys 0 00:03:08  -  Total Remote Usage
		Usr 0 00:00:00, Sys 0 00:00:00  -  Total Local Usage
	1292310  -  Run Bytes Sent By Job
	2781910518  -  Run Bytes Received By Job
	1292310  -  Total Bytes Sent By Job
	2781910518  -  Total Bytes Received By Job
	Partitionable Resources :      Usage  Request Allocated Assigned
	   Cpus                 :       1.07        1         1 
	   Disk (KB)            : 2728296    16777216  16777216 
	   GPUs                 :       0.91        1         1 "GPU-87dd651f"
	   GpusMemory (MB)      :    2787                       
	   Memory (MB)          :    2361       16384     16384 
	   TimeExecute (s)      :    3509                       
	   TimeSlotBusy (s)     :    3534                       
...
