000 (8018100.138.000) 2026-06-21 13:37:20 Job submitted from host: <128.105.68.112:9618?addrs=128.105.68.112-9618+[2607-f388-2200-100-eaeb-d3ff-fea3-4202]-9618&alias=ap2001.chtc.wisc.edu&noUDP&sock=schedd_4071840_2329>
...
040 (8018100.138.000) 2026-06-21 14:31:45 Started transferring input files
	Transferring to host: <141.142.150.74:31605?CCBID=128.105.82.148:9618%3faddrs%3d128.105.82.148-9618+[2607-f388-2200-9d-7ccb-bc08-2489-768a]-9618%26alias%3dospool-ccb.osg.chtc.io%26noUDP%26sock%3dcollector6#4332044%2067.58.49.91:9618%3faddrs%3d67.58.49.91-9618+[fdf0-17b3-c3ec-1f79-10-0-e-b69d]-9618%26alias%3dccb-2.ospool.osg-htc.org%26noUDP%26sock%3dcollector6#4324782&PrivNet=rails04&addrs=141.142.150.74-31605+[fde1-53ba-e9a0-de11-2dba-91e3-dd48-5c8a]-31605&alias=rails04&noUDP>
...
040 (8018100.138.000) 2026-06-21 14:31:57 Finished transferring input files
...
021 (8018100.138.000) 2026-06-21 14:31:58 Message from starter on slot1_1@glidein_4009283_617418400@rails04:
	PREPARE_JOB (prepare-hook) succeeded (reported status 000): Using Singularity image openfe_1.11.1.sif
...
001 (8018100.138.000) 2026-06-21 14:31:58 Job executing on host: <141.142.150.74:18427?CCBID=128.105.82.148:9618%3faddrs%3d128.105.82.148-9618+[2607-f388-2200-9d-7ccb-bc08-2489-768a]-9618%26alias%3dospool-ccb.osg.chtc.io%26noUDP%26sock%3dcollector6#4308102%2067.58.49.91:9618%3faddrs%3d67.58.49.91-9618+[fdf0-17b3-c3ec-1f79-10-0-e-b69d]-9618%26alias%3dccb-2.ospool.osg-htc.org%26noUDP%26sock%3dcollector10#4300356&PrivNet=rails04&addrs=141.142.150.74-18427+[fde1-53ba-e9a0-de11-2dba-91e3-dd48-5c8a]-18427&alias=rails04&noUDP>
	SlotName: slot1_1@glidein_4009283_617418400@rails04
	AvailableGPUs = { GPUs_GPU_dcfb5c44 }
	CondorScratchDir = "/projects/bcxl/svcosguser/glide_ywlOMX/execute/dir_1030990/scratch"
	Cpus = 1
	Disk = 16777216
	GPUs = 1
	GPUs_GPU_dcfb5c44 = [ Id = "GPU-dcfb5c44"; ClockMhz = 1980.0; Capability = 9.0; CoresPerCU = 128; DeviceName = "NVIDIA H100 80GB HBM3"; DeviceUuid = "dcfb5c44-0ae0-0c21-bbae-e6ea68652f2a"; ECCEnabled = true; ComputeUnits = 132; NvidiaDriver = "590.48.01"; DriverVersion = 13.1; DevicePciBusId = "0000:4C:00.0"; GlobalMemoryMb = 81081; MaxSupportedVersion = 13010 ]
	Memory = 16384
...
006 (8018100.138.000) 2026-06-21 14:32:02 Image size of job updated: 3
	6  -  MemoryUsage of job (MB)
	5760  -  ResidentSetSize of job (KB)
...
040 (8018100.138.000) 2026-06-21 14:32:02 Started transferring output files
...
040 (8018100.138.000) 2026-06-21 14:32:02 Finished transferring output files
...
004 (8018100.138.000) 2026-06-21 14:32:02 Job was evicted.
	(0) Job terminated and was requeued
		Usr 0 00:00:00, Sys 0 00:00:00  -  Run Remote Usage
		Usr 0 00:00:00, Sys 0 00:00:00  -  Run Local Usage
	463  -  Run Bytes Sent By Job
	2782617937  -  Run Bytes Received By Job
	(1) Normal termination (return value 2)
	The job attribute OnExitRemove expression 'NumJobCompletions > JobMaxRetries || ExitCode =?= 0' evaluated to FALSE
...
040 (8018100.138.000) 2026-06-21 14:33:55 Started transferring input files
	Transferring to host: <128.104.103.104:9618?addrs=128.104.103.104-9618+[2607-f388-107c-501-ae1f-6bff-fe40-ce2e]-9618&alias=gitter0000.chtc.wisc.edu&noUDP&sock=slot2_2_8979_4486_8593>
...
040 (8018100.138.000) 2026-06-21 14:35:39 Finished transferring input files
...
001 (8018100.138.000) 2026-06-21 14:35:39 Job executing on host: <128.104.103.104:9618?addrs=128.104.103.104-9618+[2607-f388-107c-501-ae1f-6bff-fe40-ce2e]-9618&alias=gitter0000.chtc.wisc.edu&noUDP&sock=startd_8665_0c39>
	SlotName: slot2_2@gitter0000.chtc.wisc.edu
	AvailableGPUs = { GPUs_GPU_af91605c }
	CondorScratchDir = "/var/lib/condor/execute/slot2/dir_3906648/scratch"
	Cpus = 1
	Disk = 16777216
	GPUs = 1
	GPUs_GPU_af91605c = [ Id = "GPU-af91605c"; Capability = 6.1; DeviceName = "NVIDIA GeForce GTX 1080 Ti"; DeviceUuid = "af91605c-1ae8-2336-ce6b-a06264e7ec50"; ECCEnabled = false; NvidiaDriver = "570.195.03"; DriverVersion = 12.8; DevicePciBusId = "0000:5E:00.0"; GlobalMemoryMb = 11165; MaxSupportedVersion = 12080 ]
	IoHeavy = 0
	Memory = 16384
...
006 (8018100.138.000) 2026-06-21 14:35:44 Image size of job updated: 192
	8  -  MemoryUsage of job (MB)
	7500  -  ResidentSetSize of job (KB)
...
040 (8018100.138.000) 2026-06-21 14:35:44 Started transferring output files
...
040 (8018100.138.000) 2026-06-21 14:35:44 Finished transferring output files
...
004 (8018100.138.000) 2026-06-21 14:35:45 Job was evicted.
	(0) Job terminated and was requeued
		Usr 0 00:00:03, Sys 0 00:00:00  -  Run Remote Usage
		Usr 0 00:00:00, Sys 0 00:00:00  -  Run Local Usage
	447  -  Run Bytes Sent By Job
	2782617937  -  Run Bytes Received By Job
	(1) Normal termination (return value 2)
	The job attribute OnExitRemove expression 'NumJobCompletions > JobMaxRetries || ExitCode =?= 0' evaluated to FALSE
...
040 (8018100.138.000) 2026-06-21 14:36:36 Started transferring input files
	Transferring to host: <128.104.100.118:9618?addrs=128.104.100.118-9618+[2607-f388-107c-501-26d-aeff-fe1f-6b20]-9618&alias=jcaicedogpu0004.chtc.wisc.edu&noUDP&sock=backfill1_8_4107613_b354_100964>
...
040 (8018100.138.000) 2026-06-21 14:36:48 Finished transferring input files
...
001 (8018100.138.000) 2026-06-21 14:36:48 Job executing on host: <128.104.100.118:9618?addrs=128.104.100.118-9618+[2607-f388-107c-501-26d-aeff-fe1f-6b20]-9618&alias=jcaicedogpu0004.chtc.wisc.edu&noUDP&sock=startd_10858_436a>
	SlotName: backfill1_8@jcaicedogpu0004.chtc.wisc.edu
	AvailableGPUs = { GPUs_GPU_fa14651d }
	CondorScratchDir = "/var/lib/condor/execute/slot1/dir_1103911/scratch"
	Cpus = 1
	Disk = 16777216
	GPUs = 1
	GPUs_GPU_fa14651d = [ Id = "GPU-fa14651d"; Capability = 8.9; DeviceName = "NVIDIA L40S"; DeviceUuid = "fa14651d-25f0-e1cc-501d-97e0ea46e1dd"; ECCEnabled = true; NvidiaDriver = "570.195.03"; DriverVersion = 12.8; DevicePciBusId = "0000:01:00.0"; GlobalMemoryMb = 45468; MaxSupportedVersion = 12080 ]
	IoHeavy = 0
	Memory = 16384
...
040 (8018100.138.000) 2026-06-21 14:36:51 Started transferring output files
...
040 (8018100.138.000) 2026-06-21 14:36:51 Finished transferring output files
...
004 (8018100.138.000) 2026-06-21 14:36:51 Job was evicted.
	(0) Job terminated and was requeued
		Usr 0 00:00:01, Sys 0 00:00:00  -  Run Remote Usage
		Usr 0 00:00:00, Sys 0 00:00:00  -  Run Local Usage
	452  -  Run Bytes Sent By Job
	2782617937  -  Run Bytes Received By Job
	(1) Normal termination (return value 2)
	The job attribute OnExitRemove expression 'NumJobCompletions > JobMaxRetries || ExitCode =?= 0' evaluated to FALSE
...
040 (8018100.138.000) 2026-06-21 14:38:18 Started transferring input files
	Transferring to host: <128.104.103.47:9618?addrs=128.104.103.47-9618+[2607-f388-107c-501-a236-9fff-fe3c-f3a0]-9618&alias=ahlquist0000.chtc.wisc.edu&noUDP&sock=backfill1_8_9919_952c_8190>
...
040 (8018100.138.000) 2026-06-21 14:40:43 Finished transferring input files
...
001 (8018100.138.000) 2026-06-21 14:40:44 Job executing on host: <128.104.103.47:9618?addrs=128.104.103.47-9618+[2607-f388-107c-501-a236-9fff-fe3c-f3a0]-9618&alias=ahlquist0000.chtc.wisc.edu&noUDP&sock=startd_9052_7f60>
	SlotName: backfill1_8@ahlquist0000.chtc.wisc.edu
	AvailableGPUs = { GPUs_GPU_ebcd15a8 }
	CondorScratchDir = "/var/lib/condor/execute/slot1/dir_1400875/scratch"
	Cpus = 1
	Disk = 16777216
	GPUs = 1
	GPUs_GPU_ebcd15a8 = [ Id = "GPU-ebcd15a8"; Capability = 7.5; DeviceName = "NVIDIA GeForce RTX 2080 Ti"; DeviceUuid = "ebcd15a8-c497-a993-09c7-d0b925ffb95a"; ECCEnabled = false; NvidiaDriver = "550.54.14"; DriverVersion = 12.4; DevicePciBusId = "0000:1A:00.0"; GlobalMemoryMb = 11004; MaxSupportedVersion = 12040 ]
	IoHeavy = 0
	Memory = 16384
...
040 (8018100.138.000) 2026-06-21 14:40:50 Started transferring output files
...
040 (8018100.138.000) 2026-06-21 14:40:50 Finished transferring output files
...
004 (8018100.138.000) 2026-06-21 14:40:55 Job was evicted.
	(0) Job terminated and was requeued
		Usr 0 00:00:03, Sys 0 00:00:00  -  Run Remote Usage
		Usr 0 00:00:00, Sys 0 00:00:00  -  Run Local Usage
	449  -  Run Bytes Sent By Job
	2782617937  -  Run Bytes Received By Job
	(1) Normal termination (return value 2)
	The job attribute OnExitRemove expression 'NumJobCompletions > JobMaxRetries || ExitCode =?= 0' evaluated to FALSE
...
040 (8018100.138.000) 2026-06-21 14:41:14 Started transferring input files
	Transferring to host: <128.104.100.118:9618?addrs=128.104.100.118-9618+[2607-f388-107c-501-26d-aeff-fe1f-6b20]-9618&alias=jcaicedogpu0004.chtc.wisc.edu&noUDP&sock=backfill1_4_4107613_b354_100973>
...
040 (8018100.138.000) 2026-06-21 14:41:44 Finished transferring input files
...
001 (8018100.138.000) 2026-06-21 14:41:44 Job executing on host: <128.104.100.118:9618?addrs=128.104.100.118-9618+[2607-f388-107c-501-26d-aeff-fe1f-6b20]-9618&alias=jcaicedogpu0004.chtc.wisc.edu&noUDP&sock=startd_10858_436a>
	SlotName: backfill1_4@jcaicedogpu0004.chtc.wisc.edu
	AvailableGPUs = { GPUs_GPU_24c36952 }
	CondorScratchDir = "/var/lib/condor/execute/slot1/dir_1105632/scratch"
	Cpus = 1
	Disk = 16777216
	GPUs = 1
	GPUs_GPU_24c36952 = [ Id = "GPU-24c36952"; Capability = 8.9; DeviceName = "NVIDIA L40S"; DeviceUuid = "24c36952-d8e0-2591-de95-0b1c1e26b79b"; ECCEnabled = true; NvidiaDriver = "570.195.03"; DriverVersion = 12.8; DevicePciBusId = "0000:41:00.0"; GlobalMemoryMb = 45468; MaxSupportedVersion = 12080 ]
	IoHeavy = 0
	Memory = 16384
...
006 (8018100.138.000) 2026-06-21 14:41:47 Image size of job updated: 208
	8  -  MemoryUsage of job (MB)
	7500  -  ResidentSetSize of job (KB)
...
040 (8018100.138.000) 2026-06-21 14:41:47 Started transferring output files
...
040 (8018100.138.000) 2026-06-21 14:41:47 Finished transferring output files
...
004 (8018100.138.000) 2026-06-21 14:41:47 Job was evicted.
	(0) Job terminated and was requeued
		Usr 0 00:00:01, Sys 0 00:00:00  -  Run Remote Usage
		Usr 0 00:00:00, Sys 0 00:00:00  -  Run Local Usage
	452  -  Run Bytes Sent By Job
	2782617937  -  Run Bytes Received By Job
	(1) Normal termination (return value 2)
	The job attribute OnExitRemove expression 'NumJobCompletions > JobMaxRetries || ExitCode =?= 0' evaluated to FALSE
...
040 (8018100.138.000) 2026-06-21 14:42:51 Started transferring input files
	Transferring to host: <128.104.103.47:9618?addrs=128.104.103.47-9618+[2607-f388-107c-501-a236-9fff-fe3c-f3a0]-9618&alias=ahlquist0000.chtc.wisc.edu&noUDP&sock=backfill1_5_9919_952c_8205>
...
040 (8018100.138.000) 2026-06-21 14:46:59 Finished transferring input files
...
001 (8018100.138.000) 2026-06-21 14:46:59 Job executing on host: <128.104.103.47:9618?addrs=128.104.103.47-9618+[2607-f388-107c-501-a236-9fff-fe3c-f3a0]-9618&alias=ahlquist0000.chtc.wisc.edu&noUDP&sock=startd_9052_7f60>
	SlotName: backfill1_5@ahlquist0000.chtc.wisc.edu
	AvailableGPUs = { GPUs_GPU_14b37369 }
	CondorScratchDir = "/var/lib/condor/execute/slot1/dir_1404065/scratch"
	Cpus = 1
	Disk = 16777216
	GPUs = 1
	GPUs_GPU_14b37369 = [ Id = "GPU-14b37369"; Capability = 7.5; DeviceName = "NVIDIA GeForce RTX 2080 Ti"; DeviceUuid = "14b37369-ea21-8e82-0087-181861785aad"; ECCEnabled = false; NvidiaDriver = "550.54.14"; DriverVersion = 12.4; DevicePciBusId = "0000:3E:00.0"; GlobalMemoryMb = 11004; MaxSupportedVersion = 12040 ]
	IoHeavy = 0
	Memory = 16384
...
040 (8018100.138.000) 2026-06-21 14:47:04 Started transferring output files
...
040 (8018100.138.000) 2026-06-21 14:47:04 Finished transferring output files
...
004 (8018100.138.000) 2026-06-21 14:47:06 Job was evicted.
	(0) Job terminated and was requeued
		Usr 0 00:00:03, Sys 0 00:00:00  -  Run Remote Usage
		Usr 0 00:00:00, Sys 0 00:00:00  -  Run Local Usage
	449  -  Run Bytes Sent By Job
	2782617937  -  Run Bytes Received By Job
	(1) Normal termination (return value 2)
	The job attribute OnExitRemove expression 'NumJobCompletions > JobMaxRetries || ExitCode =?= 0' evaluated to FALSE
...
040 (8018100.138.000) 2026-06-21 14:47:42 Started transferring input files
	Transferring to host: <128.104.103.104:9618?addrs=128.104.103.104-9618+[2607-f388-107c-501-ae1f-6bff-fe40-ce2e]-9618&alias=gitter0000.chtc.wisc.edu&noUDP&sock=slot2_3_8979_4486_8639>
...
040 (8018100.138.000) 2026-06-21 14:48:41 Finished transferring input files
...
001 (8018100.138.000) 2026-06-21 14:48:41 Job executing on host: <128.104.103.104:9618?addrs=128.104.103.104-9618+[2607-f388-107c-501-ae1f-6bff-fe40-ce2e]-9618&alias=gitter0000.chtc.wisc.edu&noUDP&sock=startd_8665_0c39>
	SlotName: slot2_3@gitter0000.chtc.wisc.edu
	AvailableGPUs = { GPUs_GPU_ef72567f }
	CondorScratchDir = "/var/lib/condor/execute/slot2/dir_3912329/scratch"
	Cpus = 1
	Disk = 16777216
	GPUs = 1
	GPUs_GPU_ef72567f = [ Id = "GPU-ef72567f"; Capability = 6.1; DeviceName = "NVIDIA GeForce GTX 1080 Ti"; DeviceUuid = "ef72567f-a470-7f68-32a7-eb3e859e8d5a"; ECCEnabled = false; NvidiaDriver = "570.195.03"; DriverVersion = 12.8; DevicePciBusId = "0000:86:00.0"; GlobalMemoryMb = 11165; MaxSupportedVersion = 12080 ]
	IoHeavy = 0
	Memory = 16384
...
040 (8018100.138.000) 2026-06-21 14:48:46 Started transferring output files
...
040 (8018100.138.000) 2026-06-21 14:48:46 Finished transferring output files
...
004 (8018100.138.000) 2026-06-21 14:48:46 Job was evicted.
	(0) Job terminated and was requeued
		Usr 0 00:00:03, Sys 0 00:00:00  -  Run Remote Usage
		Usr 0 00:00:00, Sys 0 00:00:00  -  Run Local Usage
	447  -  Run Bytes Sent By Job
	2782617937  -  Run Bytes Received By Job
	(1) Normal termination (return value 2)
	The job attribute OnExitRemove expression 'NumJobCompletions > JobMaxRetries || ExitCode =?= 0' evaluated to FALSE
...
040 (8018100.138.000) 2026-06-21 14:49:18 Started transferring input files
	Transferring to host: <128.105.68.129:9618?addrs=128.105.68.129-9618+[2607-f388-2200-100-7e8c-9ff-fee9-7284]-9618&alias=gchrysosgpu4000.chtc.wisc.edu&noUDP&sock=backfill1_2_11538_508e_5586>
...
040 (8018100.138.000) 2026-06-21 14:49:30 Finished transferring input files
...
001 (8018100.138.000) 2026-06-21 14:49:30 Job executing on host: <128.105.68.129:9618?addrs=128.105.68.129-9618+[2607-f388-2200-100-7e8c-9ff-fee9-7284]-9618&alias=gchrysosgpu4000.chtc.wisc.edu&noUDP&sock=startd_11234_2b06>
	SlotName: backfill1_2@gchrysosgpu4000.chtc.wisc.edu
	AvailableGPUs = { GPUs_GPU_70b8040c }
	CondorScratchDir = "/var/lib/condor/execute/slot1/dir_2953942/scratch"
	Cpus = 1
	Disk = 16777216
	GPUs = 1
	GPUs_GPU_70b8040c = [ Id = "GPU-70b8040c"; Capability = 8.9; DeviceName = "NVIDIA L40S"; DeviceUuid = "70b8040c-34b1-e6a8-a211-40a486d1ed48"; ECCEnabled = true; NvidiaDriver = "570.195.03"; DriverVersion = 12.8; DevicePciBusId = "0000:C0:00.0"; GlobalMemoryMb = 45468; MaxSupportedVersion = 12080 ]
	IoHeavy = 0
	Memory = 16384
...
006 (8018100.138.000) 2026-06-21 14:49:33 Image size of job updated: 804
	8  -  MemoryUsage of job (MB)
	7500  -  ResidentSetSize of job (KB)
...
040 (8018100.138.000) 2026-06-21 14:49:33 Started transferring output files
...
040 (8018100.138.000) 2026-06-21 14:49:33 Finished transferring output files
...
004 (8018100.138.000) 2026-06-21 14:49:33 Job was evicted.
	(0) Job terminated and was requeued
		Usr 0 00:00:01, Sys 0 00:00:00  -  Run Remote Usage
		Usr 0 00:00:00, Sys 0 00:00:00  -  Run Local Usage
	452  -  Run Bytes Sent By Job
	2782617937  -  Run Bytes Received By Job
	(1) Normal termination (return value 2)
	The job attribute OnExitRemove expression 'NumJobCompletions > JobMaxRetries || ExitCode =?= 0' evaluated to FALSE
...
040 (8018100.138.000) 2026-06-21 14:50:03 Started transferring input files
	Transferring to host: <128.104.103.48:9618?addrs=128.104.103.48-9618+[2607-f388-107c-501-ae1f-6bff-fe2c-2f00]-9618&alias=vetsigian0001.chtc.wisc.edu&noUDP&sock=slot2_1_10681_7b0b_9473>
...
040 (8018100.138.000) 2026-06-21 14:53:07 Finished transferring input files
...
001 (8018100.138.000) 2026-06-21 14:53:07 Job executing on host: <128.104.103.48:9618?addrs=128.104.103.48-9618+[2607-f388-107c-501-ae1f-6bff-fe2c-2f00]-9618&alias=vetsigian0001.chtc.wisc.edu&noUDP&sock=startd_9913_126b>
	SlotName: slot2_1@vetsigian0001.chtc.wisc.edu
	AvailableGPUs = { GPUs_GPU_f4f2532b }
	CondorScratchDir = "/var/lib/condor/execute/slot2/dir_3876399/scratch"
	Cpus = 1
	Disk = 16777216
	GPUs = 1
	GPUs_GPU_f4f2532b = [ Id = "GPU-f4f2532b"; Capability = 7.5; DeviceName = "NVIDIA GeForce RTX 2080 Ti"; DeviceUuid = "f4f2532b-2e5c-7850-ea7b-49d0e882ecd5"; ECCEnabled = false; NvidiaDriver = "550.54.14"; DriverVersion = 12.4; DevicePciBusId = "0000:1A:00.0"; GlobalMemoryMb = 11004; MaxSupportedVersion = 12040 ]
	IoHeavy = 0
	Memory = 16384
...
040 (8018100.138.000) 2026-06-21 14:53:13 Started transferring output files
...
040 (8018100.138.000) 2026-06-21 14:53:13 Finished transferring output files
...
004 (8018100.138.000) 2026-06-21 14:53:14 Job was evicted.
	(0) Job terminated and was requeued
		Usr 0 00:00:02, Sys 0 00:00:00  -  Run Remote Usage
		Usr 0 00:00:00, Sys 0 00:00:00  -  Run Local Usage
	450  -  Run Bytes Sent By Job
	2782617937  -  Run Bytes Received By Job
	(1) Normal termination (return value 2)
	The job attribute OnExitRemove expression 'NumJobCompletions > JobMaxRetries || ExitCode =?= 0' evaluated to FALSE
...
040 (8018100.138.000) 2026-06-21 14:53:22 Started transferring input files
	Transferring to host: <128.104.103.48:9618?addrs=128.104.103.48-9618+[2607-f388-107c-501-ae1f-6bff-fe2c-2f00]-9618&alias=vetsigian0001.chtc.wisc.edu&noUDP&sock=slot2_1_10681_7b0b_9480>
...
040 (8018100.138.000) 2026-06-21 14:55:48 Finished transferring input files
...
001 (8018100.138.000) 2026-06-21 14:55:48 Job executing on host: <128.104.103.48:9618?addrs=128.104.103.48-9618+[2607-f388-107c-501-ae1f-6bff-fe2c-2f00]-9618&alias=vetsigian0001.chtc.wisc.edu&noUDP&sock=startd_9913_126b>
	SlotName: slot2_1@vetsigian0001.chtc.wisc.edu
	AvailableGPUs = { GPUs_GPU_f4f2532b }
	CondorScratchDir = "/var/lib/condor/execute/slot2/dir_3879125/scratch"
	Cpus = 1
	Disk = 16777216
	GPUs = 1
	GPUs_GPU_f4f2532b = [ Id = "GPU-f4f2532b"; Capability = 7.5; DeviceName = "NVIDIA GeForce RTX 2080 Ti"; DeviceUuid = "f4f2532b-2e5c-7850-ea7b-49d0e882ecd5"; ECCEnabled = false; NvidiaDriver = "550.54.14"; DriverVersion = 12.4; DevicePciBusId = "0000:1A:00.0"; GlobalMemoryMb = 11004; MaxSupportedVersion = 12040 ]
	IoHeavy = 0
	Memory = 16384
...
040 (8018100.138.000) 2026-06-21 14:55:54 Started transferring output files
...
040 (8018100.138.000) 2026-06-21 14:55:54 Finished transferring output files
...
004 (8018100.138.000) 2026-06-21 14:55:54 Job was evicted.
	(0) Job terminated and was requeued
		Usr 0 00:00:02, Sys 0 00:00:00  -  Run Remote Usage
		Usr 0 00:00:00, Sys 0 00:00:00  -  Run Local Usage
	450  -  Run Bytes Sent By Job
	2782617937  -  Run Bytes Received By Job
	(1) Normal termination (return value 2)
	The job attribute OnExitRemove expression 'NumJobCompletions > JobMaxRetries || ExitCode =?= 0' evaluated to FALSE
...
040 (8018100.138.000) 2026-06-21 14:55:56 Started transferring input files
	Transferring to host: <128.104.100.53:9618?addrs=128.104.100.53-9618+[2607-f388-107c-501-7ec2-55ff-fe99-a2b0]-9618&alias=jcaicedogpu0001.chtc.wisc.edu&noUDP&sock=backfill1_6_12775_e4a1_9447>
...
040 (8018100.138.000) 2026-06-21 14:56:06 Finished transferring input files
...
001 (8018100.138.000) 2026-06-21 14:56:06 Job executing on host: <128.104.100.53:9618?addrs=128.104.100.53-9618+[2607-f388-107c-501-7ec2-55ff-fe99-a2b0]-9618&alias=jcaicedogpu0001.chtc.wisc.edu&noUDP&sock=startd_11292_f384>
	SlotName: backfill1_6@jcaicedogpu0001.chtc.wisc.edu
	AvailableGPUs = { GPUs_GPU_1eee8e3c }
	CondorScratchDir = "/var/lib/condor/execute/slot1/dir_3879990/scratch"
	Cpus = 1
	Disk = 16777216
	GPUs = 1
	GPUs_GPU_1eee8e3c = [ Id = "GPU-1eee8e3c"; Capability = 8.9; DeviceName = "NVIDIA L40"; DeviceUuid = "1eee8e3c-7620-3d62-625c-ef7c18ac8dc2"; ECCEnabled = true; NvidiaDriver = "570.195.03"; DriverVersion = 12.8; DevicePciBusId = "0000:56:00.0"; GlobalMemoryMb = 45468; MaxSupportedVersion = 12080 ]
	IoHeavy = 0
	Memory = 16384
...
040 (8018100.138.000) 2026-06-21 14:56:09 Started transferring output files
...
040 (8018100.138.000) 2026-06-21 14:56:09 Finished transferring output files
...
005 (8018100.138.000) 2026-06-21 14:56:10 Job terminated.
	(1) Normal termination (return value 2)
		Usr 0 00:00:02, Sys 0 00:00:00  -  Run Remote Usage
		Usr 0 00:00:00, Sys 0 00:00:00  -  Run Local Usage
		Usr 0 00:00:21, Sys 0 00:00:00  -  Total Remote Usage
		Usr 0 00:00:00, Sys 0 00:00:00  -  Total Local Usage
	452  -  Run Bytes Sent By Job
	2782617937  -  Run Bytes Received By Job
	4963  -  Total Bytes Sent By Job
	30608797307  -  Total Bytes Received By Job
	Partitionable Resources :    Usage  Request Allocated Assigned
	   Cpus                 :        0        1         1 
	   Disk (KB)            :  2717436 16777216  16777216 
	   GPUs                 :        0        1         1 "GPU-1eee8e3c"
	   IoHeavy              :                           0 
	   Memory (MB)          :        8    16384     16384 
	   TimeExecute (s)      :        3                    
	   TimeSlotBusy (s)     :       13                    
...
