000 (8017966.853.000) 2026-06-20 22:07:54 Job submitted from host: <128.105.68.112:9618?addrs=128.105.68.112-9618+[2607-f388-2200-100-eaeb-d3ff-fea3-4202]-9618&alias=ap2001.chtc.wisc.edu&noUDP&sock=schedd_4071840_2329>
...
040 (8017966.853.000) 2026-06-21 05:03:32 Started transferring input files
	Transferring to host: <128.105.69.47:9618?addrs=128.105.69.47-9618+[2607-f388-2200-100-527c-6fff-fe66-eac6]-9618&alias=amuraligpu4000.chtc.wisc.edu&noUDP&sock=backfill1_1_1332502_f3e3_92075>
...
040 (8017966.853.000) 2026-06-21 05:03:44 Finished transferring input files
...
001 (8017966.853.000) 2026-06-21 05:03:44 Job executing on host: <128.105.69.47:9618?addrs=128.105.69.47-9618+[2607-f388-2200-100-527c-6fff-fe66-eac6]-9618&alias=amuraligpu4000.chtc.wisc.edu&noUDP&sock=startd_11579_cf33>
	SlotName: backfill1_1@amuraligpu4000.chtc.wisc.edu
	AvailableGPUs = { GPUs_GPU_20c553dd }
	CondorScratchDir = "/var/lib/condor/execute/slot1/dir_1931192/scratch"
	Cpus = 1
	Disk = 16777216
	GPUs = 1
	GPUs_GPU_20c553dd = [ Id = "GPU-20c553dd"; Capability = 8.9; DeviceName = "NVIDIA L40S"; DeviceUuid = "20c553dd-618e-6513-475b-58abb47bcad3"; ECCEnabled = true; NvidiaDriver = "570.195.03"; DriverVersion = 12.8; DevicePciBusId = "0000:E1:00.0"; GlobalMemoryMb = 45468; MaxSupportedVersion = 12080 ]
	IoHeavy = 0
	Memory = 16384
...
006 (8017966.853.000) 2026-06-21 05:03:53 Image size of job updated: 405424
	396  -  MemoryUsage of job (MB)
	405424  -  ResidentSetSize of job (KB)
...
006 (8017966.853.000) 2026-06-21 05:08:53 Image size of job updated: 1663472
	1623  -  MemoryUsage of job (MB)
	1661624  -  ResidentSetSize of job (KB)
...
006 (8017966.853.000) 2026-06-21 05:13:54 Image size of job updated: 1663472
	1623  -  MemoryUsage of job (MB)
	1661788  -  ResidentSetSize of job (KB)
...
006 (8017966.853.000) 2026-06-21 05:28:55 Image size of job updated: 1665328
	1627  -  MemoryUsage of job (MB)
	1665328  -  ResidentSetSize of job (KB)
...
006 (8017966.853.000) 2026-06-21 05:33:55 Image size of job updated: 1665384
	1627  -  MemoryUsage of job (MB)
	1665384  -  ResidentSetSize of job (KB)
...
006 (8017966.853.000) 2026-06-21 05:38:56 Image size of job updated: 1665400
	1627  -  MemoryUsage of job (MB)
	1665400  -  ResidentSetSize of job (KB)
...
006 (8017966.853.000) 2026-06-21 05:43:57 Image size of job updated: 1665432
	1627  -  MemoryUsage of job (MB)
	1665432  -  ResidentSetSize of job (KB)
...
006 (8017966.853.000) 2026-06-21 05:48:57 Image size of job updated: 1665456
	1627  -  MemoryUsage of job (MB)
	1665456  -  ResidentSetSize of job (KB)
...
006 (8017966.853.000) 2026-06-21 05:53:58 Image size of job updated: 1665468
	1627  -  MemoryUsage of job (MB)
	1665468  -  ResidentSetSize of job (KB)
...
006 (8017966.853.000) 2026-06-21 05:58:58 Image size of job updated: 1665476
	1627  -  MemoryUsage of job (MB)
	1665476  -  ResidentSetSize of job (KB)
...
006 (8017966.853.000) 2026-06-21 06:03:58 Image size of job updated: 1665484
	1627  -  MemoryUsage of job (MB)
	1665484  -  ResidentSetSize of job (KB)
...
006 (8017966.853.000) 2026-06-21 06:13:59 Image size of job updated: 1665488
	1627  -  MemoryUsage of job (MB)
	1665488  -  ResidentSetSize of job (KB)
...
006 (8017966.853.000) 2026-06-21 06:24:00 Image size of job updated: 1665492
	1627  -  MemoryUsage of job (MB)
	1665492  -  ResidentSetSize of job (KB)
...
006 (8017966.853.000) 2026-06-21 06:29:00 Image size of job updated: 1665536
	1627  -  MemoryUsage of job (MB)
	1665536  -  ResidentSetSize of job (KB)
...
006 (8017966.853.000) 2026-06-21 06:49:03 Image size of job updated: 1672180
	1633  -  MemoryUsage of job (MB)
	1672180  -  ResidentSetSize of job (KB)
...
040 (8017966.853.000) 2026-06-21 07:07:54 Started transferring output files
...
040 (8017966.853.000) 2026-06-21 07:07:54 Finished transferring output files
...
005 (8017966.853.000) 2026-06-21 07:07:54 Job terminated.
	(1) Normal termination (return value 0)
		Usr 0 02:05:12, Sys 0 00:26:36  -  Run Remote Usage
		Usr 0 00:00:00, Sys 0 00:00:00  -  Run Local Usage
		Usr 0 02:05:12, Sys 0 00:26:36  -  Total Remote Usage
		Usr 0 00:00:00, Sys 0 00:00:00  -  Total Local Usage
	10224913  -  Run Bytes Sent By Job
	2782463955  -  Run Bytes Received By Job
	10224913  -  Total Bytes Sent By Job
	2782463955  -  Total Bytes Received By Job
	Partitionable Resources :      Usage  Request Allocated Assigned
	   Cpus                 :       1.23        1         1 
	   Disk (KB)            : 2781341    16777216  16777216 
	   GPUs                 :       0.89        1         1 "GPU-20c553dd"
	   GpusMemory (MB)      :    7176                       
	   IoHeavy              :                             0 
	   Memory (MB)          :    1633       16384     16384 
	   TimeExecute (s)      :    7450                       
	   TimeSlotBusy (s)     :    7462                       
...
