000 (8180963.354.000) 2026-06-24 12:19:47 Job submitted from host: <128.105.68.112:9618?addrs=128.105.68.112-9618+[2607-f388-2200-100-eaeb-d3ff-fea3-4202]-9618&alias=ap2001.chtc.wisc.edu&noUDP&sock=schedd_4071840_2329>
...
040 (8180963.354.000) 2026-06-25 01:23:41 Started transferring input files
	Transferring to host: <128.104.103.104:9618?addrs=128.104.103.104-9618+[2607-f388-107c-501-ae1f-6bff-fe40-ce2e]-9618&alias=gitter0000.chtc.wisc.edu&noUDP&sock=slot2_2_8979_4486_18067>
...
040 (8180963.354.000) 2026-06-25 01:24:37 Finished transferring input files
...
001 (8180963.354.000) 2026-06-25 01:24:37 Job executing on host: <128.104.103.104:9618?addrs=128.104.103.104-9618+[2607-f388-107c-501-ae1f-6bff-fe40-ce2e]-9618&alias=gitter0000.chtc.wisc.edu&noUDP&sock=startd_8665_0c39>
	SlotName: slot2_2@gitter0000.chtc.wisc.edu
	AvailableGPUs = { GPUs_GPU_af91605c }
	CondorScratchDir = "/var/lib/condor/execute/slot2/dir_3342755/scratch"
	Cpus = 1
	Disk = 16777216
	GPUs = 1
	GPUs_GPU_af91605c = [ Id = "GPU-af91605c"; Capability = 6.1; DeviceName = "NVIDIA GeForce GTX 1080 Ti"; DeviceUuid = "af91605c-1ae8-2336-ce6b-a06264e7ec50"; ECCEnabled = false; NvidiaDriver = "570.195.03"; DriverVersion = 12.8; DevicePciBusId = "0000:5E:00.0"; GlobalMemoryMb = 11165; MaxSupportedVersion = 12080 ]
	IoHeavy = 0
	Memory = 16384
...
006 (8180963.354.000) 2026-06-25 01:24:46 Image size of job updated: 266744
	261  -  MemoryUsage of job (MB)
	266744  -  ResidentSetSize of job (KB)
...
006 (8180963.354.000) 2026-06-25 01:29:46 Image size of job updated: 1778204
	1737  -  MemoryUsage of job (MB)
	1778204  -  ResidentSetSize of job (KB)
...
006 (8180963.354.000) 2026-06-25 01:34:46 Image size of job updated: 1835648
	1793  -  MemoryUsage of job (MB)
	1835648  -  ResidentSetSize of job (KB)
...
006 (8180963.354.000) 2026-06-25 02:19:50 Image size of job updated: 1853932
	1811  -  MemoryUsage of job (MB)
	1853932  -  ResidentSetSize of job (KB)
...
006 (8180963.354.000) 2026-06-25 02:24:50 Image size of job updated: 1853948
	1811  -  MemoryUsage of job (MB)
	1853948  -  ResidentSetSize of job (KB)
...
006 (8180963.354.000) 2026-06-25 02:29:51 Image size of job updated: 1853952
	1811  -  MemoryUsage of job (MB)
	1853948  -  ResidentSetSize of job (KB)
...
006 (8180963.354.000) 2026-06-25 02:39:52 Image size of job updated: 1855128
	1812  -  MemoryUsage of job (MB)
	1855128  -  ResidentSetSize of job (KB)
...
006 (8180963.354.000) 2026-06-25 03:04:54 Image size of job updated: 1856056
	1813  -  MemoryUsage of job (MB)
	1856056  -  ResidentSetSize of job (KB)
...
006 (8180963.354.000) 2026-06-25 04:00:01 Image size of job updated: 1856380
	1813  -  MemoryUsage of job (MB)
	1856380  -  ResidentSetSize of job (KB)
...
006 (8180963.354.000) 2026-06-25 04:35:04 Image size of job updated: 1857428
	1814  -  MemoryUsage of job (MB)
	1857428  -  ResidentSetSize of job (KB)
...
006 (8180963.354.000) 2026-06-25 04:50:06 Image size of job updated: 1857956
	1815  -  MemoryUsage of job (MB)
	1857956  -  ResidentSetSize of job (KB)
...
006 (8180963.354.000) 2026-06-25 05:35:11 Image size of job updated: 1858692
	1816  -  MemoryUsage of job (MB)
	1858692  -  ResidentSetSize of job (KB)
...
040 (8180963.354.000) 2026-06-25 06:11:51 Started transferring output files
...
040 (8180963.354.000) 2026-06-25 06:11:51 Finished transferring output files
...
005 (8180963.354.000) 2026-06-25 06:11:51 Job terminated.
	(1) Normal termination (return value 0)
		Usr 0 04:48:17, Sys 0 00:03:54  -  Run Remote Usage
		Usr 0 00:00:00, Sys 0 00:00:00  -  Run Local Usage
		Usr 0 04:48:17, Sys 0 00:03:54  -  Total Remote Usage
		Usr 0 00:00:00, Sys 0 00:00:00  -  Total Local Usage
	4758455  -  Run Bytes Sent By Job
	2782612328  -  Run Bytes Received By Job
	4758455  -  Total Bytes Sent By Job
	2782612328  -  Total Bytes Received By Job
	Partitionable Resources :      Usage  Request Allocated Assigned
	   Cpus                 :       0.99        1         1 
	   Disk (KB)            : 2803880    16777216  16777216 
	   GPUs                 :                   1         1 "GPU-af91605c"
	   GpusMemory (MB)      :    2729                       
	   IoHeavy              :                             0 
	   Memory (MB)          :    1816       16384     16384 
	   TimeExecute (s)      :   17234                       
	   TimeSlotBusy (s)     :   17290                       
...
