000 (8018100.134.000) 2026-06-21 13:37:20 Job submitted from host: <128.105.68.112:9618?addrs=128.105.68.112-9618+[2607-f388-2200-100-eaeb-d3ff-fea3-4202]-9618&alias=ap2001.chtc.wisc.edu&noUDP&sock=schedd_4071840_2329>
...
040 (8018100.134.000) 2026-06-21 14:28:53 Started transferring input files
	Transferring to host: <128.105.76.47:9618?addrs=128.105.76.47-9618+[2607-f388-2200-100-527c-6fff-fe82-826a]-9618&alias=gpu4006.chtc.wisc.edu&noUDP&sock=slot2_7_2618986_4fbd_88321>
...
040 (8018100.134.000) 2026-06-21 14:29:02 Finished transferring input files
...
001 (8018100.134.000) 2026-06-21 14:29:02 Job executing on host: <128.105.76.47:9618?addrs=128.105.76.47-9618+[2607-f388-2200-100-527c-6fff-fe82-826a]-9618&alias=gpu4006.chtc.wisc.edu&noUDP&sock=startd_11220_90b3>
	SlotName: slot2_7@gpu4006.chtc.wisc.edu
	AvailableGPUs = { GPUs_GPU_4f6495bb }
	CondorScratchDir = "/var/lib/condor/execute/slot2/dir_2948167/scratch"
	Cpus = 1
	Disk = 16777216
	GPUs = 1
	GPUs_GPU_4f6495bb = [ Id = "GPU-4f6495bb"; Capability = 8.9; DeviceName = "NVIDIA L40S"; DeviceUuid = "4f6495bb-57f6-02aa-3446-f13a32ec9035"; ECCEnabled = true; NvidiaDriver = "590.48.01"; DriverVersion = 13.1; DevicePciBusId = "0000:C1:00.0"; GlobalMemoryMb = 45460; MaxSupportedVersion = 13010 ]
	IoHeavy = 0
	Memory = 16384
...
006 (8018100.134.000) 2026-06-21 14:29:04 Image size of job updated: 80
	0  -  MemoryUsage of job (MB)
	0  -  ResidentSetSize of job (KB)
...
040 (8018100.134.000) 2026-06-21 14:29:04 Started transferring output files
...
040 (8018100.134.000) 2026-06-21 14:29:04 Finished transferring output files
...
004 (8018100.134.000) 2026-06-21 14:29:05 Job was evicted.
	(0) Job terminated and was requeued
		Usr 0 00:00:01, Sys 0 00:00:00  -  Run Remote Usage
		Usr 0 00:00:00, Sys 0 00:00:00  -  Run Local Usage
	458  -  Run Bytes Sent By Job
	2784070173  -  Run Bytes Received By Job
	(1) Normal termination (return value 2)
	The job attribute OnExitRemove expression 'NumJobCompletions > JobMaxRetries || ExitCode =?= 0' evaluated to FALSE
...
040 (8018100.134.000) 2026-06-21 14:31:44 Started transferring input files
	Transferring to host: <10.226.104.219:36997?CCBID=128.105.82.148:9618%3faddrs%3d128.105.82.148-9618+[2607-f388-2200-9d-7ccb-bc08-2489-768a]-9618%26alias%3dospool-ccb.osg.chtc.io%26noUDP%26sock%3dcollector8#4331450%2067.58.49.91:9618%3faddrs%3d67.58.49.91-9618+[fdf0-17b3-c3ec-1f79-10-0-e-b69d]-9618%26alias%3dccb-2.ospool.osg-htc.org%26noUDP%26sock%3dcollector6#4324781&PrivNet=gpu019.rci.montana.edu&addrs=10.226.104.219-36997&alias=gpu019.rci.montana.edu&noUDP>
...
040 (8018100.134.000) 2026-06-21 14:33:10 Finished transferring input files
...
021 (8018100.134.000) 2026-06-21 14:33:10 Message from starter on slot1_1@glidein_44325_252695070@gpu019.rci.montana.edu:
	PREPARE_JOB (prepare-hook) succeeded (reported status 000): Using Singularity image openfe_1.11.1.sif
...
001 (8018100.134.000) 2026-06-21 14:33:10 Job executing on host: <10.226.104.219:37929?CCBID=128.105.82.148:9618%3faddrs%3d128.105.82.148-9618+[2607-f388-2200-9d-7ccb-bc08-2489-768a]-9618%26alias%3dospool-ccb.osg.chtc.io%26noUDP%26sock%3dcollector4#4266774%2067.58.49.91:9618%3faddrs%3d67.58.49.91-9618+[fdf0-17b3-c3ec-1f79-10-0-e-b69d]-9618%26alias%3dccb-2.ospool.osg-htc.org%26noUDP%26sock%3dcollector8#4263365&PrivNet=gpu019.rci.montana.edu&addrs=10.226.104.219-37929&alias=gpu019.rci.montana.edu&noUDP>
	SlotName: slot1_1@glidein_44325_252695070@gpu019.rci.montana.edu
	AvailableGPUs = { GPUs_GPU_a02c745c }
	CondorScratchDir = "/tmp/jobs/4093250/glide_WSiIWo/execute/dir_2864333/scratch"
	Cpus = 1
	Disk = 16777216
	GPUs = 1
	GPUs_GPU_a02c745c = [ Id = "GPU-a02c745c"; ClockMhz = 1980.0; Capability = 9.0; CoresPerCU = 128; DeviceName = "NVIDIA H100 80GB HBM3"; DeviceUuid = "a02c745c-ebbe-2350-884d-bc75402184a0"; ECCEnabled = true; ComputeUnits = 132; NvidiaDriver = "595.71.05"; DriverVersion = 13.2; DevicePciBusId = "0000:5F:00.0"; GlobalMemoryMb = 81081; MaxSupportedVersion = 13020 ]
	Memory = 16384
...
006 (8018100.134.000) 2026-06-21 14:33:15 Image size of job updated: 4131820
	104  -  MemoryUsage of job (MB)
	105572  -  ResidentSetSize of job (KB)
...
040 (8018100.134.000) 2026-06-21 14:33:15 Started transferring output files
...
040 (8018100.134.000) 2026-06-21 14:33:15 Finished transferring output files
...
004 (8018100.134.000) 2026-06-21 14:33:15 Job was evicted.
	(0) Job terminated and was requeued
		Usr 0 00:00:01, Sys 0 00:00:00  -  Run Remote Usage
		Usr 0 00:00:00, Sys 0 00:00:00  -  Run Local Usage
	462  -  Run Bytes Sent By Job
	2784070173  -  Run Bytes Received By Job
	(1) Normal termination (return value 2)
	The job attribute OnExitRemove expression 'NumJobCompletions > JobMaxRetries || ExitCode =?= 0' evaluated to FALSE
...
040 (8018100.134.000) 2026-06-21 14:33:55 Started transferring input files
	Transferring to host: <128.104.100.53:9618?addrs=128.104.100.53-9618+[2607-f388-107c-501-7ec2-55ff-fe99-a2b0]-9618&alias=jcaicedogpu0001.chtc.wisc.edu&noUDP&sock=backfill1_8_12775_e4a1_9378>
...
040 (8018100.134.000) 2026-06-21 14:34:06 Finished transferring input files
...
001 (8018100.134.000) 2026-06-21 14:34:06 Job executing on host: <128.104.100.53:9618?addrs=128.104.100.53-9618+[2607-f388-107c-501-7ec2-55ff-fe99-a2b0]-9618&alias=jcaicedogpu0001.chtc.wisc.edu&noUDP&sock=startd_11292_f384>
	SlotName: backfill1_8@jcaicedogpu0001.chtc.wisc.edu
	AvailableGPUs = { GPUs_GPU_22787dff }
	CondorScratchDir = "/var/lib/condor/execute/slot1/dir_3871629/scratch"
	Cpus = 1
	Disk = 16777216
	GPUs = 1
	GPUs_GPU_22787dff = [ Id = "GPU-22787dff"; Capability = 8.9; DeviceName = "NVIDIA L40"; DeviceUuid = "22787dff-a2f4-227a-bc3c-c6178e7bb020"; ECCEnabled = true; NvidiaDriver = "570.195.03"; DriverVersion = 12.8; DevicePciBusId = "0000:52:00.0"; GlobalMemoryMb = 45468; MaxSupportedVersion = 12080 ]
	IoHeavy = 0
	Memory = 16384
...
040 (8018100.134.000) 2026-06-21 14:34:09 Started transferring output files
...
040 (8018100.134.000) 2026-06-21 14:34:09 Finished transferring output files
...
004 (8018100.134.000) 2026-06-21 14:34:09 Job was evicted.
	(0) Job terminated and was requeued
		Usr 0 00:00:02, Sys 0 00:00:00  -  Run Remote Usage
		Usr 0 00:00:00, Sys 0 00:00:00  -  Run Local Usage
	452  -  Run Bytes Sent By Job
	2784070173  -  Run Bytes Received By Job
	(1) Normal termination (return value 2)
	The job attribute OnExitRemove expression 'NumJobCompletions > JobMaxRetries || ExitCode =?= 0' evaluated to FALSE
...
040 (8018100.134.000) 2026-06-21 14:36:36 Started transferring input files
	Transferring to host: <128.105.69.60:9618?addrs=128.105.69.60-9618+[2607-f388-2200-100-527c-6fff-fe66-e7e2]-9618&alias=blengerichgpu4000.chtc.wisc.edu&noUDP&sock=backfill1_2_1843674_de95_96301>
...
040 (8018100.134.000) 2026-06-21 14:36:50 Finished transferring input files
...
001 (8018100.134.000) 2026-06-21 14:36:50 Job executing on host: <128.105.69.60:9618?addrs=128.105.69.60-9618+[2607-f388-2200-100-527c-6fff-fe66-e7e2]-9618&alias=blengerichgpu4000.chtc.wisc.edu&noUDP&sock=startd_11585_ecc4>
	SlotName: backfill1_2@blengerichgpu4000.chtc.wisc.edu
	AvailableGPUs = { GPUs_GPU_db5665ff }
	CondorScratchDir = "/var/lib/condor/execute/slot1/dir_3877831/scratch"
	Cpus = 1
	Disk = 16777216
	GPUs = 1
	GPUs_GPU_db5665ff = [ Id = "GPU-db5665ff"; Capability = 8.9; DeviceName = "NVIDIA L40S"; DeviceUuid = "db5665ff-35ac-5e51-55be-e8c110b7cb1f"; ECCEnabled = true; NvidiaDriver = "570.195.03"; DriverVersion = 12.8; DevicePciBusId = "0000:CF:00.0"; GlobalMemoryMb = 45468; MaxSupportedVersion = 12080 ]
	IoHeavy = 0
	Memory = 16384
...
040 (8018100.134.000) 2026-06-21 14:36:53 Started transferring output files
...
040 (8018100.134.000) 2026-06-21 14:36:53 Finished transferring output files
...
004 (8018100.134.000) 2026-06-21 14:36:54 Job was evicted.
	(0) Job terminated and was requeued
		Usr 0 00:00:01, Sys 0 00:00:00  -  Run Remote Usage
		Usr 0 00:00:00, Sys 0 00:00:00  -  Run Local Usage
	454  -  Run Bytes Sent By Job
	2784070173  -  Run Bytes Received By Job
	(1) Normal termination (return value 2)
	The job attribute OnExitRemove expression 'NumJobCompletions > JobMaxRetries || ExitCode =?= 0' evaluated to FALSE
...
040 (8018100.134.000) 2026-06-21 14:37:57 Started transferring input files
	Transferring to host: <128.104.103.47:9618?addrs=128.104.103.47-9618+[2607-f388-107c-501-a236-9fff-fe3c-f3a0]-9618&alias=ahlquist0000.chtc.wisc.edu&noUDP&sock=backfill1_6_9919_952c_8188>
...
040 (8018100.134.000) 2026-06-21 14:41:49 Finished transferring input files
...
001 (8018100.134.000) 2026-06-21 14:41:49 Job executing on host: <128.104.103.47:9618?addrs=128.104.103.47-9618+[2607-f388-107c-501-a236-9fff-fe3c-f3a0]-9618&alias=ahlquist0000.chtc.wisc.edu&noUDP&sock=startd_9052_7f60>
	SlotName: backfill1_6@ahlquist0000.chtc.wisc.edu
	AvailableGPUs = { GPUs_GPU_52cb6c07 }
	CondorScratchDir = "/var/lib/condor/execute/slot1/dir_1400703/scratch"
	Cpus = 1
	Disk = 16777216
	GPUs = 1
	GPUs_GPU_52cb6c07 = [ Id = "GPU-52cb6c07"; Capability = 7.5; DeviceName = "NVIDIA GeForce RTX 2080 Ti"; DeviceUuid = "52cb6c07-524a-d874-baca-9d811f9f540b"; ECCEnabled = false; NvidiaDriver = "550.54.14"; DriverVersion = 12.4; DevicePciBusId = "0000:3D:00.0"; GlobalMemoryMb = 11004; MaxSupportedVersion = 12040 ]
	IoHeavy = 0
	Memory = 16384
...
040 (8018100.134.000) 2026-06-21 14:41:54 Started transferring output files
...
040 (8018100.134.000) 2026-06-21 14:41:54 Finished transferring output files
...
004 (8018100.134.000) 2026-06-21 14:41:56 Job was evicted.
	(0) Job terminated and was requeued
		Usr 0 00:00:03, Sys 0 00:00:00  -  Run Remote Usage
		Usr 0 00:00:00, Sys 0 00:00:00  -  Run Local Usage
	449  -  Run Bytes Sent By Job
	2784070173  -  Run Bytes Received By Job
	(1) Normal termination (return value 2)
	The job attribute OnExitRemove expression 'NumJobCompletions > JobMaxRetries || ExitCode =?= 0' evaluated to FALSE
...
040 (8018100.134.000) 2026-06-21 14:42:29 Started transferring input files
	Transferring to host: <10.1.1.131:33381?CCBID=128.105.82.148:9618%3faddrs%3d128.105.82.148-9618+[2607-f388-2200-9d-7ccb-bc08-2489-768a]-9618%26alias%3dospool-ccb.osg.chtc.io%26noUDP%26sock%3dcollector2#4329301%2067.58.49.91:9618%3faddrs%3d67.58.49.91-9618+[fdf0-17b3-c3ec-1f79-10-0-e-b69d]-9618%26alias%3dccb-2.ospool.osg-htc.org%26noUDP%26sock%3dcollector2#4326724&PrivNet=gpu01&addrs=10.1.1.131-33381&alias=gpu01&noUDP>
...
040 (8018100.134.000) 2026-06-21 14:43:24 Finished transferring input files
...
021 (8018100.134.000) 2026-06-21 14:43:25 Message from starter on slot1_1@glidein_2647050_104374788@gpu01:
	PREPARE_JOB (prepare-hook) succeeded (reported status 000): Using Singularity image openfe_1.11.1.sif
...
001 (8018100.134.000) 2026-06-21 14:43:25 Job executing on host: <10.1.1.131:41341?CCBID=128.105.82.148:9618%3faddrs%3d128.105.82.148-9618+[2607-f388-2200-9d-7ccb-bc08-2489-768a]-9618%26alias%3dospool-ccb.osg.chtc.io%26noUDP%26sock%3dcollector6#4331254%2067.58.49.91:9618%3faddrs%3d67.58.49.91-9618+[fdf0-17b3-c3ec-1f79-10-0-e-b69d]-9618%26alias%3dccb-2.ospool.osg-htc.org%26noUDP%26sock%3dcollector2#4325785&PrivNet=gpu01&addrs=10.1.1.131-41341&alias=gpu01&noUDP>
	SlotName: slot1_1@glidein_2647050_104374788@gpu01
	AvailableGPUs = { GPUs_GPU_23ecf0d7 }
	CondorScratchDir = "/tmp/glide_CcP9XM/execute/dir_2694969/scratch"
	Cpus = 1
	Disk = 16777216
	GPUs = 1
	GPUs_GPU_23ecf0d7 = [ Id = "GPU-23ecf0d7"; ClockMhz = 1740.0; Capability = 8.6; CoresPerCU = 128; DeviceName = "NVIDIA A40"; DeviceUuid = "23ecf0d7-cfa9-de5a-f254-f54e1a8da719"; ECCEnabled = true; ComputeUnits = 84; NvidiaDriver = "595.71.05"; DriverVersion = 13.2; DevicePciBusId = "0000:01:00.0"; GlobalMemoryMb = 45739; MaxSupportedVersion = 13020 ]
	Memory = 16384
...
040 (8018100.134.000) 2026-06-21 14:43:28 Started transferring output files
...
040 (8018100.134.000) 2026-06-21 14:43:28 Finished transferring output files
...
004 (8018100.134.000) 2026-06-21 14:43:29 Job was evicted.
	(0) Job terminated and was requeued
		Usr 0 00:00:00, Sys 0 00:00:00  -  Run Remote Usage
		Usr 0 00:00:00, Sys 0 00:00:00  -  Run Local Usage
	549  -  Run Bytes Sent By Job
	2784070173  -  Run Bytes Received By Job
	(1) Normal termination (return value 2)
	The job attribute OnExitRemove expression 'NumJobCompletions > JobMaxRetries || ExitCode =?= 0' evaluated to FALSE
...
040 (8018100.134.000) 2026-06-21 14:43:40 Started transferring input files
	Transferring to host: <10.226.104.214:38267?CCBID=128.105.82.148:9618%3faddrs%3d128.105.82.148-9618+[2607-f388-2200-9d-7ccb-bc08-2489-768a]-9618%26alias%3dospool-ccb.osg.chtc.io%26noUDP%26sock%3dcollector2#4329330%2067.58.49.91:9618%3faddrs%3d67.58.49.91-9618+[fdf0-17b3-c3ec-1f79-10-0-e-b69d]-9618%26alias%3dccb-2.ospool.osg-htc.org%26noUDP%26sock%3dcollector6#4325053&PrivNet=gpu014.rci.montana.edu&addrs=10.226.104.214-38267&alias=gpu014.rci.montana.edu&noUDP>
...
040 (8018100.134.000) 2026-06-21 14:44:26 Finished transferring input files
...
021 (8018100.134.000) 2026-06-21 14:44:26 Message from starter on slot1_1@glidein_3102860_730382322@gpu014.rci.montana.edu:
	PREPARE_JOB (prepare-hook) succeeded (reported status 000): Using Singularity image openfe_1.11.1.sif
...
001 (8018100.134.000) 2026-06-21 14:44:26 Job executing on host: <10.226.104.214:35173?CCBID=128.105.82.148:9618%3faddrs%3d128.105.82.148-9618+[2607-f388-2200-9d-7ccb-bc08-2489-768a]-9618%26alias%3dospool-ccb.osg.chtc.io%26noUDP%26sock%3dcollector8#4180869%2067.58.49.91:9618%3faddrs%3d67.58.49.91-9618+[fdf0-17b3-c3ec-1f79-10-0-e-b69d]-9618%26alias%3dccb-2.ospool.osg-htc.org%26noUDP%26sock%3dcollector10#4173808&PrivNet=gpu014.rci.montana.edu&addrs=10.226.104.214-35173&alias=gpu014.rci.montana.edu&noUDP>
	SlotName: slot1_1@glidein_3102860_730382322@gpu014.rci.montana.edu
	AvailableGPUs = { GPUs_GPU_412a6496 }
	CondorScratchDir = "/tmp/jobs/4082621/glide_UMaet3/execute/dir_3674125/scratch"
	Cpus = 1
	Disk = 16777216
	GPUs = 1
	GPUs_GPU_412a6496 = [ Id = "GPU-412a6496"; ClockMhz = 1410.0; Capability = 8.0; CoresPerCU = 64; DeviceName = "NVIDIA A100-SXM4-40GB"; DeviceUuid = "412a6496-e35a-c739-e543-a2d41f1e3539"; ECCEnabled = true; ComputeUnits = 108; NvidiaDriver = "595.71.05"; DriverVersion = 13.2; DevicePciBusId = "0000:C1:00.0"; GlobalMemoryMb = 40441; MaxSupportedVersion = 13020 ]
	Memory = 16384
...
040 (8018100.134.000) 2026-06-21 14:44:31 Started transferring output files
...
040 (8018100.134.000) 2026-06-21 14:44:31 Finished transferring output files
...
004 (8018100.134.000) 2026-06-21 14:44:32 Job was evicted.
	(0) Job terminated and was requeued
		Usr 0 00:00:00, Sys 0 00:00:00  -  Run Remote Usage
		Usr 0 00:00:00, Sys 0 00:00:00  -  Run Local Usage
	462  -  Run Bytes Sent By Job
	2784070173  -  Run Bytes Received By Job
	(1) Normal termination (return value 2)
	The job attribute OnExitRemove expression 'NumJobCompletions > JobMaxRetries || ExitCode =?= 0' evaluated to FALSE
...
040 (8018100.134.000) 2026-06-21 14:44:54 Started transferring input files
	Transferring to host: <128.105.68.168:9618?addrs=128.105.68.168-9618+[2607-f388-2200-100-b62e-99ff-feb7-2dcb]-9618&alias=gpulab2003.chtc.wisc.edu&noUDP&sock=slot2_4_11172_6f3f_7700>
...
040 (8018100.134.000) 2026-06-21 14:45:10 Finished transferring input files
...
001 (8018100.134.000) 2026-06-21 14:45:10 Job executing on host: <128.105.68.168:9618?addrs=128.105.68.168-9618+[2607-f388-2200-100-b62e-99ff-feb7-2dcb]-9618&alias=gpulab2003.chtc.wisc.edu&noUDP&sock=startd_10155_1056>
	SlotName: slot2_4@gpulab2003.chtc.wisc.edu
	AvailableGPUs = { GPUs_GPU_61902b82 }
	CondorScratchDir = "/var/lib/condor/execute/slot2/dir_1300691/scratch"
	Cpus = 1
	Disk = 16777216
	GPUs = 1
	GPUs_GPU_61902b82 = [ Id = "GPU-61902b82"; Capability = 7.5; DeviceName = "NVIDIA GeForce RTX 2080 Ti"; DeviceUuid = "61902b82-cedb-e4be-d010-bca8829ec79b"; ECCEnabled = false; NvidiaDriver = "570.195.03"; DriverVersion = 12.8; DevicePciBusId = "0000:B2:00.0"; GlobalMemoryMb = 10823; MaxSupportedVersion = 12080 ]
	IoHeavy = 0
	Memory = 16384
...
040 (8018100.134.000) 2026-06-21 14:45:14 Started transferring output files
...
040 (8018100.134.000) 2026-06-21 14:45:14 Finished transferring output files
...
004 (8018100.134.000) 2026-06-21 14:45:14 Job was evicted.
	(0) Job terminated and was requeued
		Usr 0 00:00:02, Sys 0 00:00:00  -  Run Remote Usage
		Usr 0 00:00:00, Sys 0 00:00:00  -  Run Local Usage
	437  -  Run Bytes Sent By Job
	2784070173  -  Run Bytes Received By Job
	(1) Normal termination (return value 2)
	The job attribute OnExitRemove expression 'NumJobCompletions > JobMaxRetries || ExitCode =?= 0' evaluated to FALSE
...
040 (8018100.134.000) 2026-06-21 14:45:23 Started transferring input files
	Transferring to host: <128.105.68.168:9618?addrs=128.105.68.168-9618+[2607-f388-2200-100-b62e-99ff-feb7-2dcb]-9618&alias=gpulab2003.chtc.wisc.edu&noUDP&sock=slot2_4_11172_6f3f_7701>
...
040 (8018100.134.000) 2026-06-21 14:45:41 Finished transferring input files
...
001 (8018100.134.000) 2026-06-21 14:45:41 Job executing on host: <128.105.68.168:9618?addrs=128.105.68.168-9618+[2607-f388-2200-100-b62e-99ff-feb7-2dcb]-9618&alias=gpulab2003.chtc.wisc.edu&noUDP&sock=startd_10155_1056>
	SlotName: slot2_4@gpulab2003.chtc.wisc.edu
	AvailableGPUs = { GPUs_GPU_61902b82 }
	CondorScratchDir = "/var/lib/condor/execute/slot2/dir_1301026/scratch"
	Cpus = 1
	Disk = 16777216
	GPUs = 1
	GPUs_GPU_61902b82 = [ Id = "GPU-61902b82"; Capability = 7.5; DeviceName = "NVIDIA GeForce RTX 2080 Ti"; DeviceUuid = "61902b82-cedb-e4be-d010-bca8829ec79b"; ECCEnabled = false; NvidiaDriver = "570.195.03"; DriverVersion = 12.8; DevicePciBusId = "0000:B2:00.0"; GlobalMemoryMb = 10823; MaxSupportedVersion = 12080 ]
	IoHeavy = 0
	Memory = 16384
...
040 (8018100.134.000) 2026-06-21 14:45:45 Started transferring output files
...
040 (8018100.134.000) 2026-06-21 14:45:45 Finished transferring output files
...
004 (8018100.134.000) 2026-06-21 14:45:45 Job was evicted.
	(0) Job terminated and was requeued
		Usr 0 00:00:02, Sys 0 00:00:00  -  Run Remote Usage
		Usr 0 00:00:00, Sys 0 00:00:00  -  Run Local Usage
	437  -  Run Bytes Sent By Job
	2784070173  -  Run Bytes Received By Job
	(1) Normal termination (return value 2)
	The job attribute OnExitRemove expression 'NumJobCompletions > JobMaxRetries || ExitCode =?= 0' evaluated to FALSE
...
040 (8018100.134.000) 2026-06-21 14:46:07 Started transferring input files
	Transferring to host: <128.104.100.17:9618?addrs=128.104.100.17-9618+[2607-f388-107c-501-527c-6fff-fe66-e9bc]-9618&alias=jcaicedogpu0002.chtc.wisc.edu&noUDP&sock=backfill1_3_2855957_d182_90301>
...
040 (8018100.134.000) 2026-06-21 14:46:19 Finished transferring input files
...
001 (8018100.134.000) 2026-06-21 14:46:19 Job executing on host: <128.104.100.17:9618?addrs=128.104.100.17-9618+[2607-f388-107c-501-527c-6fff-fe66-e9bc]-9618&alias=jcaicedogpu0002.chtc.wisc.edu&noUDP&sock=startd_11788_2a7e>
	SlotName: backfill1_3@jcaicedogpu0002.chtc.wisc.edu
	AvailableGPUs = { GPUs_GPU_4bcd09a1 }
	CondorScratchDir = "/var/lib/condor/execute/slot1/dir_2260775/scratch"
	Cpus = 1
	Disk = 16777216
	GPUs = 1
	GPUs_GPU_4bcd09a1 = [ Id = "GPU-4bcd09a1"; Capability = 8.9; DeviceName = "NVIDIA L40S"; DeviceUuid = "4bcd09a1-587a-5449-f708-040c59c93c87"; ECCEnabled = true; NvidiaDriver = "570.195.03"; DriverVersion = 12.8; DevicePciBusId = "0000:BD:00.0"; GlobalMemoryMb = 45468; MaxSupportedVersion = 12080 ]
	IoHeavy = 0
	Memory = 16384
...
040 (8018100.134.000) 2026-06-21 14:46:22 Started transferring output files
...
040 (8018100.134.000) 2026-06-21 14:46:22 Finished transferring output files
...
004 (8018100.134.000) 2026-06-21 14:46:23 Job was evicted.
	(0) Job terminated and was requeued
		Usr 0 00:00:01, Sys 0 00:00:00  -  Run Remote Usage
		Usr 0 00:00:00, Sys 0 00:00:00  -  Run Local Usage
	452  -  Run Bytes Sent By Job
	2784070173  -  Run Bytes Received By Job
	(1) Normal termination (return value 2)
	The job attribute OnExitRemove expression 'NumJobCompletions > JobMaxRetries || ExitCode =?= 0' evaluated to FALSE
...
040 (8018100.134.000) 2026-06-21 14:46:37 Started transferring input files
	Transferring to host: <128.105.68.129:9618?addrs=128.105.68.129-9618+[2607-f388-2200-100-7e8c-9ff-fee9-7284]-9618&alias=gchrysosgpu4000.chtc.wisc.edu&noUDP&sock=backfill1_2_11538_508e_5566>
...
040 (8018100.134.000) 2026-06-21 14:46:48 Finished transferring input files
...
001 (8018100.134.000) 2026-06-21 14:46:48 Job executing on host: <128.105.68.129:9618?addrs=128.105.68.129-9618+[2607-f388-2200-100-7e8c-9ff-fee9-7284]-9618&alias=gchrysosgpu4000.chtc.wisc.edu&noUDP&sock=startd_11234_2b06>
	SlotName: backfill1_2@gchrysosgpu4000.chtc.wisc.edu
	AvailableGPUs = { GPUs_GPU_70b8040c }
	CondorScratchDir = "/var/lib/condor/execute/slot1/dir_2950888/scratch"
	Cpus = 1
	Disk = 16777216
	GPUs = 1
	GPUs_GPU_70b8040c = [ Id = "GPU-70b8040c"; Capability = 8.9; DeviceName = "NVIDIA L40S"; DeviceUuid = "70b8040c-34b1-e6a8-a211-40a486d1ed48"; ECCEnabled = true; NvidiaDriver = "570.195.03"; DriverVersion = 12.8; DevicePciBusId = "0000:C0:00.0"; GlobalMemoryMb = 45468; MaxSupportedVersion = 12080 ]
	IoHeavy = 0
	Memory = 16384
...
040 (8018100.134.000) 2026-06-21 14:46:51 Started transferring output files
...
040 (8018100.134.000) 2026-06-21 14:46:51 Finished transferring output files
...
005 (8018100.134.000) 2026-06-21 14:46:51 Job terminated.
	(1) Normal termination (return value 2)
		Usr 0 00:00:01, Sys 0 00:00:00  -  Run Remote Usage
		Usr 0 00:00:00, Sys 0 00:00:00  -  Run Local Usage
		Usr 0 00:00:14, Sys 0 00:00:00  -  Total Remote Usage
		Usr 0 00:00:00, Sys 0 00:00:00  -  Total Local Usage
	452  -  Run Bytes Sent By Job
	2784070173  -  Run Bytes Received By Job
	5064  -  Total Bytes Sent By Job
	30624771903  -  Total Bytes Received By Job
	Partitionable Resources :    Usage  Request Allocated Assigned
	   Cpus                 :        0        1         1 
	   Disk (KB)            :  2718944 16777216  16777216 
	   GPUs                 :        0        1         1 "GPU-70b8040c"
	   IoHeavy              :                           0 
	   Memory (MB)          :      123    16384     16384 
	   TimeExecute (s)      :        3                    
	   TimeSlotBusy (s)     :       14                    
...
