000 (8180963.093.000) 2026-06-24 12:19:47 Job submitted from host: <128.105.68.112:9618?addrs=128.105.68.112-9618+[2607-f388-2200-100-eaeb-d3ff-fea3-4202]-9618&alias=ap2001.chtc.wisc.edu&noUDP&sock=schedd_4071840_2329>
...
040 (8180963.093.000) 2026-06-24 15:03:25 Started transferring input files
	Transferring to host: <128.105.68.125:9618?addrs=128.105.68.125-9618+[2607-f388-2200-100-ba3f-d2ff-fe19-86da]-9618&alias=txie-dsigpu4000.chtc.wisc.edu&noUDP&sock=backfill1_1_2594836_73a7_101554>
...
040 (8180963.093.000) 2026-06-24 15:23:47 Finished transferring input files
...
001 (8180963.093.000) 2026-06-24 15:23:47 Job executing on host: <128.105.68.125:9618?addrs=128.105.68.125-9618+[2607-f388-2200-100-ba3f-d2ff-fe19-86da]-9618&alias=txie-dsigpu4000.chtc.wisc.edu&noUDP&sock=startd_3080359_a3a2>
	SlotName: backfill1_1@txie-dsigpu4000.chtc.wisc.edu
	AvailableGPUs = { GPUs_GPU_aab08e20 }
	CondorScratchDir = "/var/lib/condor/execute/slot1/dir_2846769/scratch"
	Cpus = 1
	Disk = 16777216
	GPUs = 1
	GPUs_GPU_aab08e20 = [ Id = "GPU-aab08e20"; Capability = 9.0; DeviceName = "NVIDIA H100 80GB HBM3"; DeviceUuid = "aab08e20-719a-6bfd-f078-55db1a340e78"; ECCEnabled = true; NvidiaDriver = "570.195.03"; DriverVersion = 12.8; DevicePciBusId = "0000:5D:00.0"; GlobalMemoryMb = 81089; MaxSupportedVersion = 12080 ]
	IoHeavy = 0
	Memory = 16384
...
006 (8180963.093.000) 2026-06-24 15:23:56 Image size of job updated: 371352
	363  -  MemoryUsage of job (MB)
	371352  -  ResidentSetSize of job (KB)
...
006 (8180963.093.000) 2026-06-24 15:28:56 Image size of job updated: 972676
	948  -  MemoryUsage of job (MB)
	970452  -  ResidentSetSize of job (KB)
...
006 (8180963.093.000) 2026-06-24 15:33:57 Image size of job updated: 972676
	949  -  MemoryUsage of job (MB)
	971516  -  ResidentSetSize of job (KB)
...
006 (8180963.093.000) 2026-06-24 15:38:58 Image size of job updated: 975552
	953  -  MemoryUsage of job (MB)
	975552  -  ResidentSetSize of job (KB)
...
006 (8180963.093.000) 2026-06-24 15:43:58 Image size of job updated: 983164
	961  -  MemoryUsage of job (MB)
	983164  -  ResidentSetSize of job (KB)
...
006 (8180963.093.000) 2026-06-24 15:48:59 Image size of job updated: 986484
	964  -  MemoryUsage of job (MB)
	986484  -  ResidentSetSize of job (KB)
...
006 (8180963.093.000) 2026-06-24 15:53:59 Image size of job updated: 990428
	968  -  MemoryUsage of job (MB)
	990428  -  ResidentSetSize of job (KB)
...
006 (8180963.093.000) 2026-06-24 15:59:00 Image size of job updated: 997952
	975  -  MemoryUsage of job (MB)
	997952  -  ResidentSetSize of job (KB)
...
006 (8180963.093.000) 2026-06-24 16:04:00 Image size of job updated: 1002176
	979  -  MemoryUsage of job (MB)
	1002176  -  ResidentSetSize of job (KB)
...
006 (8180963.093.000) 2026-06-24 16:09:01 Image size of job updated: 1004876
	979  -  MemoryUsage of job (MB)
	1002176  -  ResidentSetSize of job (KB)
...
040 (8180963.093.000) 2026-06-24 16:23:03 Started transferring output files
...
040 (8180963.093.000) 2026-06-24 16:23:03 Finished transferring output files
...
005 (8180963.093.000) 2026-06-24 16:23:04 Job terminated.
	(1) Normal termination (return value 0)
		Usr 0 01:00:11, Sys 0 01:09:59  -  Run Remote Usage
		Usr 0 00:00:00, Sys 0 00:00:00  -  Run Local Usage
		Usr 0 01:00:11, Sys 0 01:09:59  -  Total Remote Usage
		Usr 0 00:00:00, Sys 0 00:00:00  -  Total Local Usage
	1600867  -  Run Bytes Sent By Job
	2782714192  -  Run Bytes Received By Job
	1600867  -  Total Bytes Sent By Job
	2782714192  -  Total Bytes Received By Job
	Partitionable Resources :      Usage  Request Allocated Assigned
	   Cpus                 :       0.99        1         1 
	   Disk (KB)            : 2730554    16777216  16777216 
	   GPUs                 :       0.57        1         1 "GPU-aab08e20"
	   GpusMemory (MB)      :    7957                       
	   IoHeavy              :                             0 
	   Memory (MB)          :     979       16384     16384 
	   TimeExecute (s)      :    3556                       
	   TimeSlotBusy (s)     :    4778                       
...
