000 (8321903.151.000) 2026-06-26 09:00:08 Job submitted from host: <128.105.68.112:9618?addrs=128.105.68.112-9618+[2607-f388-2200-100-eaeb-d3ff-fea3-4202]-9618&alias=ap2001.chtc.wisc.edu&noUDP&sock=schedd_4071840_2329>
...
040 (8321903.151.000) 2026-06-26 12:41:44 Started transferring input files
	Transferring to host: <128.105.69.246:9618?addrs=128.105.69.246-9618+[2607-f388-2200-100-3eec-efff-fe1e-deb4]-9618&alias=mcdanielgpu4001.chtc.wisc.edu&noUDP&sock=backfill1_8_3077858_25a1_34>
...
040 (8321903.151.000) 2026-06-26 12:42:04 Finished transferring input files
...
001 (8321903.151.000) 2026-06-26 12:42:04 Job executing on host: <128.105.69.246:9618?addrs=128.105.69.246-9618+[2607-f388-2200-100-3eec-efff-fe1e-deb4]-9618&alias=mcdanielgpu4001.chtc.wisc.edu&noUDP&sock=startd_10897_039c>
	SlotName: backfill1_8@mcdanielgpu4001.chtc.wisc.edu
	AvailableGPUs = { GPUs_GPU_5742784c }
	CondorScratchDir = "/var/lib/condor/execute/slot1/dir_3081024/scratch"
	Cpus = 1
	Disk = 16777216
	GPUs = 1
	GPUs_GPU_5742784c = [ Id = "GPU-5742784c"; Capability = 8.0; DeviceName = "NVIDIA A100-SXM4-40GB"; DeviceUuid = "5742784c-0853-3f06-8104-4ae60181ef5c"; ECCEnabled = true; NvidiaDriver = "570.195.03"; DriverVersion = 12.8; DevicePciBusId = "0000:07:00.0"; GlobalMemoryMb = 40442; MaxSupportedVersion = 12080 ]
	IoHeavy = 0
	Memory = 16384
...
006 (8321903.151.000) 2026-06-26 12:42:13 Image size of job updated: 333656
	326  -  MemoryUsage of job (MB)
	333656  -  ResidentSetSize of job (KB)
...
006 (8321903.151.000) 2026-06-26 12:47:13 Image size of job updated: 971044
	948  -  MemoryUsage of job (MB)
	970548  -  ResidentSetSize of job (KB)
...
006 (8321903.151.000) 2026-06-26 12:52:14 Image size of job updated: 971044
	949  -  MemoryUsage of job (MB)
	970888  -  ResidentSetSize of job (KB)
...
006 (8321903.151.000) 2026-06-26 12:57:14 Image size of job updated: 972348
	950  -  MemoryUsage of job (MB)
	972348  -  ResidentSetSize of job (KB)
...
006 (8321903.151.000) 2026-06-26 13:02:15 Image size of job updated: 977532
	955  -  MemoryUsage of job (MB)
	977532  -  ResidentSetSize of job (KB)
...
006 (8321903.151.000) 2026-06-26 13:07:15 Image size of job updated: 981228
	959  -  MemoryUsage of job (MB)
	981228  -  ResidentSetSize of job (KB)
...
006 (8321903.151.000) 2026-06-26 13:12:16 Image size of job updated: 986720
	964  -  MemoryUsage of job (MB)
	986720  -  ResidentSetSize of job (KB)
...
006 (8321903.151.000) 2026-06-26 13:17:16 Image size of job updated: 990904
	968  -  MemoryUsage of job (MB)
	990904  -  ResidentSetSize of job (KB)
...
006 (8321903.151.000) 2026-06-26 13:22:16 Image size of job updated: 997164
	974  -  MemoryUsage of job (MB)
	997164  -  ResidentSetSize of job (KB)
...
006 (8321903.151.000) 2026-06-26 13:27:17 Image size of job updated: 1002220
	979  -  MemoryUsage of job (MB)
	1002220  -  ResidentSetSize of job (KB)
...
006 (8321903.151.000) 2026-06-26 13:32:17 Image size of job updated: 1005140
	979  -  MemoryUsage of job (MB)
	1002424  -  ResidentSetSize of job (KB)
...
040 (8321903.151.000) 2026-06-26 13:38:58 Started transferring output files
...
040 (8321903.151.000) 2026-06-26 13:38:58 Finished transferring output files
...
005 (8321903.151.000) 2026-06-26 13:38:59 Job terminated.
	(1) Normal termination (return value 0)
		Usr 0 00:56:47, Sys 0 00:25:15  -  Run Remote Usage
		Usr 0 00:00:00, Sys 0 00:00:00  -  Run Local Usage
		Usr 0 00:56:47, Sys 0 00:25:15  -  Total Remote Usage
		Usr 0 00:00:00, Sys 0 00:00:00  -  Total Local Usage
	1593627  -  Run Bytes Sent By Job
	2781025188  -  Run Bytes Received By Job
	1593627  -  Total Bytes Sent By Job
	2781025188  -  Total Bytes Received By Job
	Partitionable Resources :      Usage  Request Allocated Assigned
	   Cpus                 :       0.99        1         1 
	   Disk (KB)            : 2729119    16777216  16777216 
	   GPUs                 :       0.78        1         1 "GPU-5742784c"
	   GpusMemory (MB)      :    6523                       
	   IoHeavy              :                             0 
	   Memory (MB)          :     979       16384     16384 
	   TimeExecute (s)      :    3414                       
	   TimeSlotBusy (s)     :    3434                       
...
