000 (8180963.087.000) 2026-06-24 12:19:47 Job submitted from host: <128.105.68.112:9618?addrs=128.105.68.112-9618+[2607-f388-2200-100-eaeb-d3ff-fea3-4202]-9618&alias=ap2001.chtc.wisc.edu&noUDP&sock=schedd_4071840_2329>
...
040 (8180963.087.000) 2026-06-24 14:57:46 Started transferring input files
	Transferring to host: <128.105.69.47:9618?addrs=128.105.69.47-9618+[2607-f388-2200-100-527c-6fff-fe66-eac6]-9618&alias=amuraligpu4000.chtc.wisc.edu&noUDP&sock=backfill1_2_1332502_f3e3_101498>
...
040 (8180963.087.000) 2026-06-24 14:58:00 Finished transferring input files
...
001 (8180963.087.000) 2026-06-24 14:58:00 Job executing on host: <128.105.69.47:9618?addrs=128.105.69.47-9618+[2607-f388-2200-100-527c-6fff-fe66-eac6]-9618&alias=amuraligpu4000.chtc.wisc.edu&noUDP&sock=startd_11579_cf33>
	SlotName: backfill1_2@amuraligpu4000.chtc.wisc.edu
	AvailableGPUs = { GPUs_GPU_427daf99 }
	CondorScratchDir = "/var/lib/condor/execute/slot1/dir_1115127/scratch"
	Cpus = 1
	Disk = 16777216
	GPUs = 1
	GPUs_GPU_427daf99 = [ Id = "GPU-427daf99"; Capability = 8.9; DeviceName = "NVIDIA L40S"; DeviceUuid = "427daf99-2eeb-2414-ff18-db20758df09d"; ECCEnabled = true; NvidiaDriver = "570.195.03"; DriverVersion = 12.8; DevicePciBusId = "0000:CF:00.0"; GlobalMemoryMb = 45468; MaxSupportedVersion = 12080 ]
	IoHeavy = 0
	Memory = 16384
...
006 (8180963.087.000) 2026-06-24 14:58:09 Image size of job updated: 420960
	412  -  MemoryUsage of job (MB)
	420960  -  ResidentSetSize of job (KB)
...
006 (8180963.087.000) 2026-06-24 15:03:10 Image size of job updated: 1822824
	1779  -  MemoryUsage of job (MB)
	1820728  -  ResidentSetSize of job (KB)
...
006 (8180963.087.000) 2026-06-24 15:08:11 Image size of job updated: 1822824
	1779  -  MemoryUsage of job (MB)
	1821036  -  ResidentSetSize of job (KB)
...
006 (8180963.087.000) 2026-06-24 15:13:11 Image size of job updated: 1822824
	1779  -  MemoryUsage of job (MB)
	1821068  -  ResidentSetSize of job (KB)
...
006 (8180963.087.000) 2026-06-24 15:28:13 Image size of job updated: 1837500
	1795  -  MemoryUsage of job (MB)
	1837500  -  ResidentSetSize of job (KB)
...
006 (8180963.087.000) 2026-06-24 15:33:13 Image size of job updated: 1837780
	1795  -  MemoryUsage of job (MB)
	1837780  -  ResidentSetSize of job (KB)
...
006 (8180963.087.000) 2026-06-24 15:38:13 Image size of job updated: 1837816
	1795  -  MemoryUsage of job (MB)
	1837816  -  ResidentSetSize of job (KB)
...
006 (8180963.087.000) 2026-06-24 15:43:14 Image size of job updated: 1837820
	1795  -  MemoryUsage of job (MB)
	1837820  -  ResidentSetSize of job (KB)
...
006 (8180963.087.000) 2026-06-24 15:53:15 Image size of job updated: 1846004
	1803  -  MemoryUsage of job (MB)
	1846004  -  ResidentSetSize of job (KB)
...
006 (8180963.087.000) 2026-06-24 15:58:16 Image size of job updated: 1846020
	1803  -  MemoryUsage of job (MB)
	1846020  -  ResidentSetSize of job (KB)
...
006 (8180963.087.000) 2026-06-24 16:13:17 Image size of job updated: 1846652
	1804  -  MemoryUsage of job (MB)
	1846652  -  ResidentSetSize of job (KB)
...
006 (8180963.087.000) 2026-06-24 16:18:18 Image size of job updated: 1859336
	1816  -  MemoryUsage of job (MB)
	1859336  -  ResidentSetSize of job (KB)
...
006 (8180963.087.000) 2026-06-24 16:43:20 Image size of job updated: 1871612
	1828  -  MemoryUsage of job (MB)
	1871612  -  ResidentSetSize of job (KB)
...
006 (8180963.087.000) 2026-06-24 17:08:23 Image size of job updated: 1879792
	1836  -  MemoryUsage of job (MB)
	1879792  -  ResidentSetSize of job (KB)
...
040 (8180963.087.000) 2026-06-24 17:34:56 Started transferring output files
...
040 (8180963.087.000) 2026-06-24 17:34:56 Finished transferring output files
...
005 (8180963.087.000) 2026-06-24 17:34:56 Job terminated.
	(1) Normal termination (return value 0)
		Usr 0 02:38:21, Sys 0 00:29:15  -  Run Remote Usage
		Usr 0 00:00:00, Sys 0 00:00:00  -  Run Local Usage
		Usr 0 02:38:21, Sys 0 00:29:15  -  Total Remote Usage
		Usr 0 00:00:00, Sys 0 00:00:00  -  Total Local Usage
	4794304  -  Run Bytes Sent By Job
	2782660810  -  Run Bytes Received By Job
	4794304  -  Total Bytes Sent By Job
	2782660810  -  Total Bytes Received By Job
	Partitionable Resources :      Usage  Request Allocated Assigned
	   Cpus                 :       1.00        1         1 
	   Disk (KB)            : 2801773    16777216  16777216 
	   GPUs                 :       0.89        1         1 "GPU-427daf99"
	   GpusMemory (MB)      :    7333                       
	   IoHeavy              :                             0 
	   Memory (MB)          :    1836       16384     16384 
	   TimeExecute (s)      :    9416                       
	   TimeSlotBusy (s)     :    9430                       
...
