000 (8180963.005.000) 2026-06-24 12:19:47 Job submitted from host: <128.105.68.112:9618?addrs=128.105.68.112-9618+[2607-f388-2200-100-eaeb-d3ff-fea3-4202]-9618&alias=ap2001.chtc.wisc.edu&noUDP&sock=schedd_4071840_2329>
...
040 (8180963.005.000) 2026-06-24 12:20:28 Started transferring input files
	Transferring to host: <128.105.68.166:9618?addrs=128.105.68.166-9618+[2607-f388-2200-100-b62e-99ff-feb7-2e2d]-9618&alias=gpulab2001.chtc.wisc.edu&noUDP&sock=slot2_1_11113_dd1d_61856>
...
040 (8180963.005.000) 2026-06-24 12:45:50 Finished transferring input files
...
001 (8180963.005.000) 2026-06-24 12:45:50 Job executing on host: <128.105.68.166:9618?addrs=128.105.68.166-9618+[2607-f388-2200-100-b62e-99ff-feb7-2e2d]-9618&alias=gpulab2001.chtc.wisc.edu&noUDP&sock=startd_10083_ad84>
	SlotName: slot2_1@gpulab2001.chtc.wisc.edu
	AvailableGPUs = { GPUs_GPU_cc91074a }
	CondorScratchDir = "/var/lib/condor/execute/slot2/dir_3816/scratch"
	Cpus = 1
	Disk = 16777216
	GPUs = 1
	GPUs_GPU_cc91074a = [ Id = "GPU-cc91074a"; Capability = 7.5; DeviceName = "NVIDIA GeForce RTX 2080 Ti"; DeviceUuid = "cc91074a-1992-11a1-fc4e-7c84f58de8e0"; ECCEnabled = false; NvidiaDriver = "570.195.03"; DriverVersion = 12.8; DevicePciBusId = "0000:3D:00.0"; GlobalMemoryMb = 10823; MaxSupportedVersion = 12080 ]
	IoHeavy = 0
	Memory = 16384
...
006 (8180963.005.000) 2026-06-24 12:45:58 Image size of job updated: 308080
	301  -  MemoryUsage of job (MB)
	308080  -  ResidentSetSize of job (KB)
...
006 (8180963.005.000) 2026-06-24 12:47:18 Image size of job updated: 721616
	301  -  MemoryUsage of job (MB)
	308112  -  ResidentSetSize of job (KB)
...
040 (8180963.005.000) 2026-06-24 12:47:18 Started transferring output files
...
040 (8180963.005.000) 2026-06-24 12:47:18 Finished transferring output files
...
004 (8180963.005.000) 2026-06-24 12:47:18 Job was evicted.
	(0) Job terminated and was requeued
		Usr 0 00:01:24, Sys 0 00:00:02  -  Run Remote Usage
		Usr 0 00:00:00, Sys 0 00:00:00  -  Run Local Usage
	15448  -  Run Bytes Sent By Job
	2782571376  -  Run Bytes Received By Job
	(1) Normal termination (return value 1)
	The job attribute OnExitRemove expression 'NumJobCompletions > JobMaxRetries || ExitCode =?= 0' evaluated to FALSE
...
040 (8180963.005.000) 2026-06-24 12:47:47 Started transferring input files
	Transferring to host: <128.105.68.166:9618?addrs=128.105.68.166-9618+[2607-f388-2200-100-b62e-99ff-feb7-2e2d]-9618&alias=gpulab2001.chtc.wisc.edu&noUDP&sock=slot2_1_11113_dd1d_61917>
...
040 (8180963.005.000) 2026-06-24 13:12:34 Finished transferring input files
...
001 (8180963.005.000) 2026-06-24 13:12:34 Job executing on host: <128.105.68.166:9618?addrs=128.105.68.166-9618+[2607-f388-2200-100-b62e-99ff-feb7-2e2d]-9618&alias=gpulab2001.chtc.wisc.edu&noUDP&sock=startd_10083_ad84>
	SlotName: slot2_1@gpulab2001.chtc.wisc.edu
	AvailableGPUs = { GPUs_GPU_cc91074a }
	CondorScratchDir = "/var/lib/condor/execute/slot2/dir_17912/scratch"
	Cpus = 1
	Disk = 16777216
	GPUs = 1
	GPUs_GPU_cc91074a = [ Id = "GPU-cc91074a"; Capability = 7.5; DeviceName = "NVIDIA GeForce RTX 2080 Ti"; DeviceUuid = "cc91074a-1992-11a1-fc4e-7c84f58de8e0"; ECCEnabled = false; NvidiaDriver = "570.195.03"; DriverVersion = 12.8; DevicePciBusId = "0000:3D:00.0"; GlobalMemoryMb = 10823; MaxSupportedVersion = 12080 ]
	IoHeavy = 0
	Memory = 16384
...
006 (8180963.005.000) 2026-06-24 13:12:43 Image size of job updated: 750000
	322  -  MemoryUsage of job (MB)
	329488  -  ResidentSetSize of job (KB)
...
006 (8180963.005.000) 2026-06-24 13:14:03 Image size of job updated: 750000
	322  -  MemoryUsage of job (MB)
	329580  -  ResidentSetSize of job (KB)
...
040 (8180963.005.000) 2026-06-24 13:14:03 Started transferring output files
...
040 (8180963.005.000) 2026-06-24 13:14:03 Finished transferring output files
...
004 (8180963.005.000) 2026-06-24 13:14:03 Job was evicted.
	(0) Job terminated and was requeued
		Usr 0 00:01:25, Sys 0 00:00:03  -  Run Remote Usage
		Usr 0 00:00:00, Sys 0 00:00:00  -  Run Local Usage
	15447  -  Run Bytes Sent By Job
	2620713840  -  Run Bytes Received By Job
	(1) Normal termination (return value 1)
	The job attribute OnExitRemove expression 'NumJobCompletions > JobMaxRetries || ExitCode =?= 0' evaluated to FALSE
...
040 (8180963.005.000) 2026-06-24 13:14:46 Started transferring input files
	Transferring to host: <141.142.150.74:26743?CCBID=128.105.82.148:9618%3faddrs%3d128.105.82.148-9618+[2607-f388-2200-9d-7ccb-bc08-2489-7689]-9618%26alias%3dospool-ccb.osg.chtc.io%26noUDP%26sock%3dcollector2#4713011%2067.58.49.91:9618%3faddrs%3d67.58.49.91-9618+[fdf0-17b3-c3ec-1f79-10-0-d-2091]-9618%26alias%3dccb-2.ospool.osg-htc.org%26noUDP%26sock%3dcollector8#4710493&PrivNet=rails04&addrs=141.142.150.74-26743+[fde1-53ba-e9a0-de11-2dba-91e3-dd48-5c8a]-26743&alias=rails04&noUDP>
...
040 (8180963.005.000) 2026-06-24 13:48:15 Finished transferring input files
...
021 (8180963.005.000) 2026-06-24 13:48:16 Message from starter on slot1_1@glidein_263586_274691740@rails04:
	PREPARE_JOB (prepare-hook) succeeded (reported status 000): Using Singularity image openfe_1.11.1.sif
...
001 (8180963.005.000) 2026-06-24 13:48:16 Job executing on host: <141.142.150.74:29495?CCBID=128.105.82.148:9618%3faddrs%3d128.105.82.148-9618+[2607-f388-2200-9d-7ccb-bc08-2489-7689]-9618%26alias%3dospool-ccb.osg.chtc.io%26noUDP%26sock%3dcollector9#4710731%2067.58.49.91:9618%3faddrs%3d67.58.49.91-9618+[fdf0-17b3-c3ec-1f79-10-0-d-2091]-9618%26alias%3dccb-2.ospool.osg-htc.org%26noUDP%26sock%3dcollector7#4702036&PrivNet=rails04&addrs=141.142.150.74-29495+[fde1-53ba-e9a0-de11-2dba-91e3-dd48-5c8a]-29495&alias=rails04&noUDP>
	SlotName: slot1_1@glidein_263586_274691740@rails04
	AvailableGPUs = { GPUs_GPU_fed6c97a }
	CondorScratchDir = "/projects/bcxl/svcosguser/glide_ydAjdn/execute/dir_492861/scratch"
	Cpus = 1
	Disk = 16777216
	GPUs = 1
	GPUs_GPU_fed6c97a = [ Id = "GPU-fed6c97a"; ClockMhz = 1980.0; Capability = 9.0; CoresPerCU = 128; DeviceName = "NVIDIA H100 80GB HBM3"; DeviceUuid = "fed6c97a-1273-c8b6-9ff6-5e738d19cac4"; ECCEnabled = true; ComputeUnits = 132; NvidiaDriver = "590.48.01"; DriverVersion = 13.1; DevicePciBusId = "0000:CB:00.0"; GlobalMemoryMb = 81081; MaxSupportedVersion = 13010 ]
	Memory = 16384
...
006 (8180963.005.000) 2026-06-24 13:48:25 Image size of job updated: 4291420
	342  -  MemoryUsage of job (MB)
	350000  -  ResidentSetSize of job (KB)
...
006 (8180963.005.000) 2026-06-24 13:49:20 Image size of job updated: 18987868
	911  -  MemoryUsage of job (MB)
	932468  -  ResidentSetSize of job (KB)
...
040 (8180963.005.000) 2026-06-24 13:49:20 Started transferring output files
...
040 (8180963.005.000) 2026-06-24 13:49:20 Finished transferring output files
...
004 (8180963.005.000) 2026-06-24 13:49:21 Job was evicted.
	(0) Job terminated and was requeued
		Usr 0 00:00:52, Sys 0 00:00:01  -  Run Remote Usage
		Usr 0 00:00:00, Sys 0 00:00:00  -  Run Local Usage
	10283  -  Run Bytes Sent By Job
	2782571376  -  Run Bytes Received By Job
	(1) Normal termination (return value 1)
	The job attribute OnExitRemove expression 'NumJobCompletions > JobMaxRetries || ExitCode =?= 0' evaluated to FALSE
...
040 (8180963.005.000) 2026-06-24 13:49:32 Started transferring input files
	Transferring to host: <128.105.76.52:9618?addrs=128.105.76.52-9618+[2607-f388-2200-100-b65c-b5ff-fe81-e53e]-9618&alias=dbrundage-chtcgpu5000.chtc.wisc.edu&noUDP&sock=backfill1_3_11313_c825_23423>
...
040 (8180963.005.000) 2026-06-24 14:14:58 Finished transferring input files
...
001 (8180963.005.000) 2026-06-24 14:14:58 Job executing on host: <128.105.76.52:9618?addrs=128.105.76.52-9618+[2607-f388-2200-100-b65c-b5ff-fe81-e53e]-9618&alias=dbrundage-chtcgpu5000.chtc.wisc.edu&noUDP&sock=startd_10956_7bb2>
	SlotName: backfill1_3@dbrundage-chtcgpu5000.chtc.wisc.edu
	AvailableGPUs = { GPUs_GPU_89711c58 }
	CondorScratchDir = "/var/lib/condor/execute/slot1/dir_2072776/scratch"
	Cpus = 1
	Disk = 16777216
	GPUs = 1
	GPUs_GPU_89711c58 = [ Id = "GPU-89711c58"; Capability = 9.0; DeviceName = "NVIDIA H200"; DeviceUuid = "89711c58-2491-4da3-66bc-205872c162a4"; ECCEnabled = true; NvidiaDriver = "590.48.01"; DriverVersion = 13.1; DevicePciBusId = "0000:3B:00.0"; GlobalMemoryMb = 143158; MaxSupportedVersion = 13010 ]
	IoHeavy = 0
	Memory = 16384
...
040 (8180963.005.000) 2026-06-24 14:15:46 Started transferring output files
...
040 (8180963.005.000) 2026-06-24 14:15:46 Finished transferring output files
...
004 (8180963.005.000) 2026-06-24 14:15:47 Job was evicted.
	(0) Job terminated and was requeued
		Usr 0 00:00:45, Sys 0 00:00:02  -  Run Remote Usage
		Usr 0 00:00:00, Sys 0 00:00:00  -  Run Local Usage
	15558  -  Run Bytes Sent By Job
	2782571376  -  Run Bytes Received By Job
	(1) Normal termination (return value 1)
	The job attribute OnExitRemove expression 'NumJobCompletions > JobMaxRetries || ExitCode =?= 0' evaluated to FALSE
...
040 (8180963.005.000) 2026-06-24 14:16:04 Started transferring input files
	Transferring to host: <10.1.1.136:38513?CCBID=128.105.82.148:9618%3faddrs%3d128.105.82.148-9618+[2607-f388-2200-9d-7ccb-bc08-2489-7689]-9618%26alias%3dospool-ccb.osg.chtc.io%26noUDP%26sock%3dcollector8#4720675%2067.58.49.91:9618%3faddrs%3d67.58.49.91-9618+[fdf0-17b3-c3ec-1f79-10-0-d-2091]-9618%26alias%3dccb-2.ospool.osg-htc.org%26noUDP%26sock%3dcollector2#4716727&PrivNet=gpu06&addrs=10.1.1.136-38513&alias=gpu06&noUDP>
...
040 (8180963.005.000) 2026-06-24 14:16:49 Finished transferring input files
...
021 (8180963.005.000) 2026-06-24 14:16:49 Message from starter on slot1_1@glidein_2268772_873989612@gpu06:
	PREPARE_JOB (prepare-hook) succeeded (reported status 000): Using Singularity image openfe_1.11.1.sif
...
001 (8180963.005.000) 2026-06-24 14:16:49 Job executing on host: <10.1.1.136:34271?CCBID=128.105.82.148:9618%3faddrs%3d128.105.82.148-9618+[2607-f388-2200-9d-7ccb-bc08-2489-7689]-9618%26alias%3dospool-ccb.osg.chtc.io%26noUDP%26sock%3dcollector7#4711159%2067.58.49.91:9618%3faddrs%3d67.58.49.91-9618+[fdf0-17b3-c3ec-1f79-10-0-d-2091]-9618%26alias%3dccb-2.ospool.osg-htc.org%26noUDP%26sock%3dcollector1#4706715&PrivNet=gpu06&addrs=10.1.1.136-34271&alias=gpu06&noUDP>
	SlotName: slot1_1@glidein_2268772_873989612@gpu06
	AvailableGPUs = { GPUs_GPU_fa61c53e }
	CondorScratchDir = "/tmp/glide_ZxpUSc/execute/dir_2370946/scratch"
	Cpus = 1
	Disk = 16777216
	GPUs = 1
	GPUs_GPU_fa61c53e = [ Id = "GPU-fa61c53e"; ClockMhz = 1695.0; Capability = 8.6; CoresPerCU = 128; DeviceName = "NVIDIA RTX A5000"; DeviceUuid = "fa61c53e-3506-9117-ac65-053dd1571005"; ECCEnabled = false; ComputeUnits = 64; NvidiaDriver = "595.71.05"; DriverVersion = 13.2; DevicePciBusId = "0000:01:00.0"; GlobalMemoryMb = 24361; MaxSupportedVersion = 13020 ]
	Memory = 16384
...
040 (8180963.005.000) 2026-06-24 14:18:00 Started transferring output files
...
040 (8180963.005.000) 2026-06-24 14:18:00 Finished transferring output files
...
004 (8180963.005.000) 2026-06-24 14:18:01 Job was evicted.
	(0) Job terminated and was requeued
		Usr 0 00:01:03, Sys 0 00:00:01  -  Run Remote Usage
		Usr 0 00:00:00, Sys 0 00:00:00  -  Run Local Usage
	10393  -  Run Bytes Sent By Job
	2782571376  -  Run Bytes Received By Job
	(1) Normal termination (return value 1)
	The job attribute OnExitRemove expression 'NumJobCompletions > JobMaxRetries || ExitCode =?= 0' evaluated to FALSE
...
040 (8180963.005.000) 2026-06-24 14:18:14 Started transferring input files
	Transferring to host: <128.104.103.104:9618?addrs=128.104.103.104-9618+[2607-f388-107c-501-ae1f-6bff-fe40-ce2e]-9618&alias=gitter0000.chtc.wisc.edu&noUDP&sock=slot2_3_8979_4486_16809>
...
040 (8180963.005.000) 2026-06-24 14:18:48 Finished transferring input files
...
001 (8180963.005.000) 2026-06-24 14:18:48 Job executing on host: <128.104.103.104:9618?addrs=128.104.103.104-9618+[2607-f388-107c-501-ae1f-6bff-fe40-ce2e]-9618&alias=gitter0000.chtc.wisc.edu&noUDP&sock=startd_8665_0c39>
	SlotName: slot2_3@gitter0000.chtc.wisc.edu
	AvailableGPUs = { GPUs_GPU_ef72567f }
	CondorScratchDir = "/var/lib/condor/execute/slot2/dir_2412788/scratch"
	Cpus = 1
	Disk = 16777216
	GPUs = 1
	GPUs_GPU_ef72567f = [ Id = "GPU-ef72567f"; Capability = 6.1; DeviceName = "NVIDIA GeForce GTX 1080 Ti"; DeviceUuid = "ef72567f-a470-7f68-32a7-eb3e859e8d5a"; ECCEnabled = false; NvidiaDriver = "570.195.03"; DriverVersion = 12.8; DevicePciBusId = "0000:86:00.0"; GlobalMemoryMb = 11165; MaxSupportedVersion = 12080 ]
	IoHeavy = 0
	Memory = 16384
...
040 (8180963.005.000) 2026-06-24 14:20:18 Started transferring output files
...
040 (8180963.005.000) 2026-06-24 14:20:18 Finished transferring output files
...
004 (8180963.005.000) 2026-06-24 14:20:18 Job was evicted.
	(0) Job terminated and was requeued
		Usr 0 00:01:25, Sys 0 00:00:03  -  Run Remote Usage
		Usr 0 00:00:00, Sys 0 00:00:00  -  Run Local Usage
	15455  -  Run Bytes Sent By Job
	2782571376  -  Run Bytes Received By Job
	(1) Normal termination (return value 1)
	The job attribute OnExitRemove expression 'NumJobCompletions > JobMaxRetries || ExitCode =?= 0' evaluated to FALSE
...
040 (8180963.005.000) 2026-06-24 14:21:00 Started transferring input files
	Transferring to host: <128.104.103.104:9618?addrs=128.104.103.104-9618+[2607-f388-107c-501-ae1f-6bff-fe40-ce2e]-9618&alias=gitter0000.chtc.wisc.edu&noUDP&sock=slot2_3_8979_4486_16811>
...
040 (8180963.005.000) 2026-06-24 14:21:34 Finished transferring input files
...
001 (8180963.005.000) 2026-06-24 14:21:35 Job executing on host: <128.104.103.104:9618?addrs=128.104.103.104-9618+[2607-f388-107c-501-ae1f-6bff-fe40-ce2e]-9618&alias=gitter0000.chtc.wisc.edu&noUDP&sock=startd_8665_0c39>
	SlotName: slot2_3@gitter0000.chtc.wisc.edu
	AvailableGPUs = { GPUs_GPU_ef72567f }
	CondorScratchDir = "/var/lib/condor/execute/slot2/dir_2413030/scratch"
	Cpus = 1
	Disk = 16777216
	GPUs = 1
	GPUs_GPU_ef72567f = [ Id = "GPU-ef72567f"; Capability = 6.1; DeviceName = "NVIDIA GeForce GTX 1080 Ti"; DeviceUuid = "ef72567f-a470-7f68-32a7-eb3e859e8d5a"; ECCEnabled = false; NvidiaDriver = "570.195.03"; DriverVersion = 12.8; DevicePciBusId = "0000:86:00.0"; GlobalMemoryMb = 11165; MaxSupportedVersion = 12080 ]
	IoHeavy = 0
	Memory = 16384
...
040 (8180963.005.000) 2026-06-24 14:23:08 Started transferring output files
...
040 (8180963.005.000) 2026-06-24 14:23:08 Finished transferring output files
...
004 (8180963.005.000) 2026-06-24 14:23:09 Job was evicted.
	(0) Job terminated and was requeued
		Usr 0 00:01:26, Sys 0 00:00:04  -  Run Remote Usage
		Usr 0 00:00:00, Sys 0 00:00:00  -  Run Local Usage
	15452  -  Run Bytes Sent By Job
	2782571376  -  Run Bytes Received By Job
	(1) Normal termination (return value 1)
	The job attribute OnExitRemove expression 'NumJobCompletions > JobMaxRetries || ExitCode =?= 0' evaluated to FALSE
...
040 (8180963.005.000) 2026-06-24 14:24:16 Started transferring input files
	Transferring to host: <10.226.104.221:38211?CCBID=128.105.82.148:9618%3faddrs%3d128.105.82.148-9618+[2607-f388-2200-9d-7ccb-bc08-2489-7689]-9618%26alias%3dospool-ccb.osg.chtc.io%26noUDP%26sock%3dcollector2#4719015%2067.58.49.91:9618%3faddrs%3d67.58.49.91-9618+[fdf0-17b3-c3ec-1f79-10-0-d-2091]-9618%26alias%3dccb-2.ospool.osg-htc.org%26noUDP%26sock%3dcollector4#4710235&PrivNet=gpu021.rci.montana.edu&addrs=10.226.104.221-38211&alias=gpu021.rci.montana.edu&noUDP>
...
040 (8180963.005.000) 2026-06-24 14:29:38 Finished transferring input files
...
021 (8180963.005.000) 2026-06-24 14:29:39 Message from starter on slot1_1@glidein_24240_161586030@gpu021.rci.montana.edu:
	PREPARE_JOB (prepare-hook) succeeded (reported status 000): Using Singularity image openfe_1.11.1.sif
...
001 (8180963.005.000) 2026-06-24 14:29:39 Job executing on host: <10.226.104.221:40379?CCBID=128.105.82.148:9618%3faddrs%3d128.105.82.148-9618+[2607-f388-2200-9d-7ccb-bc08-2489-7689]-9618%26alias%3dospool-ccb.osg.chtc.io%26noUDP%26sock%3dcollector7#4711904%2067.58.49.91:9618%3faddrs%3d67.58.49.91-9618+[fdf0-17b3-c3ec-1f79-10-0-d-2091]-9618%26alias%3dccb-2.ospool.osg-htc.org%26noUDP%26sock%3dcollector1#4707481&PrivNet=gpu021.rci.montana.edu&addrs=10.226.104.221-40379&alias=gpu021.rci.montana.edu&noUDP>
	SlotName: slot1_1@glidein_24240_161586030@gpu021.rci.montana.edu
	AvailableGPUs = { GPUs_GPU_b9152b1d }
	CondorScratchDir = "/tmp/jobs/4123445/glide_9jOr9a/execute/dir_167262/scratch"
	Cpus = 1
	Disk = 16777216
	GPUs = 1
	GPUs_GPU_b9152b1d = [ Id = "GPU-b9152b1d"; ClockMhz = 1980.0; Capability = 9.0; CoresPerCU = 128; DeviceName = "NVIDIA H100 80GB HBM3"; DeviceUuid = "b9152b1d-de2d-1dd7-cb00-addfa3a5d0bb"; ECCEnabled = true; ComputeUnits = 132; NvidiaDriver = "595.71.05"; DriverVersion = 13.2; DevicePciBusId = "0000:5F:00.0"; GlobalMemoryMb = 81081; MaxSupportedVersion = 13020 ]
	Memory = 16384
...
040 (8180963.005.000) 2026-06-24 14:30:49 Started transferring output files
...
040 (8180963.005.000) 2026-06-24 14:30:49 Finished transferring output files
...
004 (8180963.005.000) 2026-06-24 14:30:49 Job was evicted.
	(0) Job terminated and was requeued
		Usr 0 00:00:54, Sys 0 00:00:01  -  Run Remote Usage
		Usr 0 00:00:00, Sys 0 00:00:00  -  Run Local Usage
	10282  -  Run Bytes Sent By Job
	2782571376  -  Run Bytes Received By Job
	(1) Normal termination (return value 1)
	The job attribute OnExitRemove expression 'NumJobCompletions > JobMaxRetries || ExitCode =?= 0' evaluated to FALSE
...
040 (8180963.005.000) 2026-06-24 14:31:43 Started transferring input files
	Transferring to host: <128.105.76.52:9618?addrs=128.105.76.52-9618+[2607-f388-2200-100-b65c-b5ff-fe81-e53e]-9618&alias=dbrundage-chtcgpu5000.chtc.wisc.edu&noUDP&sock=backfill1_3_11313_c825_23499>
...
040 (8180963.005.000) 2026-06-24 14:31:59 Finished transferring input files
...
001 (8180963.005.000) 2026-06-24 14:31:59 Job executing on host: <128.105.76.52:9618?addrs=128.105.76.52-9618+[2607-f388-2200-100-b65c-b5ff-fe81-e53e]-9618&alias=dbrundage-chtcgpu5000.chtc.wisc.edu&noUDP&sock=startd_10956_7bb2>
	SlotName: backfill1_3@dbrundage-chtcgpu5000.chtc.wisc.edu
	AvailableGPUs = { GPUs_GPU_89711c58 }
	CondorScratchDir = "/var/lib/condor/execute/slot1/dir_2107564/scratch"
	Cpus = 1
	Disk = 16777216
	GPUs = 1
	GPUs_GPU_89711c58 = [ Id = "GPU-89711c58"; Capability = 9.0; DeviceName = "NVIDIA H200"; DeviceUuid = "89711c58-2491-4da3-66bc-205872c162a4"; ECCEnabled = true; NvidiaDriver = "590.48.01"; DriverVersion = 13.1; DevicePciBusId = "0000:3B:00.0"; GlobalMemoryMb = 143158; MaxSupportedVersion = 13010 ]
	IoHeavy = 0
	Memory = 16384
...
040 (8180963.005.000) 2026-06-24 14:32:46 Started transferring output files
...
040 (8180963.005.000) 2026-06-24 14:32:46 Finished transferring output files
...
004 (8180963.005.000) 2026-06-24 14:32:46 Job was evicted.
	(0) Job terminated and was requeued
		Usr 0 00:00:44, Sys 0 00:00:02  -  Run Remote Usage
		Usr 0 00:00:00, Sys 0 00:00:00  -  Run Local Usage
	15558  -  Run Bytes Sent By Job
	2782571376  -  Run Bytes Received By Job
	(1) Normal termination (return value 1)
	The job attribute OnExitRemove expression 'NumJobCompletions > JobMaxRetries || ExitCode =?= 0' evaluated to FALSE
...
040 (8180963.005.000) 2026-06-24 14:32:51 Started transferring input files
	Transferring to host: <128.105.68.97:9618?addrs=128.105.68.97-9618+[2607-f388-2200-100-ac0-ebff-fe99-a130]-9618&alias=gpu2005.chtc.wisc.edu&noUDP&sock=slot2_1_3520220_31a6_84928>
...
040 (8180963.005.000) 2026-06-24 14:53:55 Finished transferring input files
...
001 (8180963.005.000) 2026-06-24 14:53:55 Job executing on host: <128.105.68.97:9618?addrs=128.105.68.97-9618+[2607-f388-2200-100-ac0-ebff-fe99-a130]-9618&alias=gpu2005.chtc.wisc.edu&noUDP&sock=startd_13240_1e02>
	SlotName: slot2_1@gpu2005.chtc.wisc.edu
	AvailableGPUs = { GPUs_GPU_516b29b8 }
	CondorScratchDir = "/var/lib/condor/execute/slot2/dir_796447/scratch"
	Cpus = 1
	Disk = 16777216
	GPUs = 1
	GPUs_GPU_516b29b8 = [ Id = "GPU-516b29b8"; Capability = 8.0; DeviceName = "NVIDIA A100-SXM4-80GB"; DeviceUuid = "516b29b8-8650-46a3-00d3-227be0325a4f"; ECCEnabled = true; NvidiaDriver = "570.195.03"; DriverVersion = 12.8; DevicePciBusId = "0000:01:00.0"; GlobalMemoryMb = 81154; MaxSupportedVersion = 12080 ]
	IoHeavy = 0
	Memory = 16384
...
040 (8180963.005.000) 2026-06-24 14:54:52 Started transferring output files
...
040 (8180963.005.000) 2026-06-24 14:54:52 Finished transferring output files
...
004 (8180963.005.000) 2026-06-24 14:54:53 Job was evicted.
	(0) Job terminated and was requeued
		Usr 0 00:00:52, Sys 0 00:00:03  -  Run Remote Usage
		Usr 0 00:00:00, Sys 0 00:00:00  -  Run Local Usage
	15445  -  Run Bytes Sent By Job
	2457070448  -  Run Bytes Received By Job
	(1) Normal termination (return value 1)
	The job attribute OnExitRemove expression 'NumJobCompletions > JobMaxRetries || ExitCode =?= 0' evaluated to FALSE
...
040 (8180963.005.000) 2026-06-24 14:54:59 Started transferring input files
	Transferring to host: <128.105.68.97:9618?addrs=128.105.68.97-9618+[2607-f388-2200-100-ac0-ebff-fe99-a130]-9618&alias=gpu2005.chtc.wisc.edu&noUDP&sock=slot2_1_3520220_31a6_85004>
...
040 (8180963.005.000) 2026-06-24 15:16:24 Finished transferring input files
...
001 (8180963.005.000) 2026-06-24 15:16:24 Job executing on host: <128.105.68.97:9618?addrs=128.105.68.97-9618+[2607-f388-2200-100-ac0-ebff-fe99-a130]-9618&alias=gpu2005.chtc.wisc.edu&noUDP&sock=startd_13240_1e02>
	SlotName: slot2_1@gpu2005.chtc.wisc.edu
	AvailableGPUs = { GPUs_GPU_516b29b8 }
	CondorScratchDir = "/var/lib/condor/execute/slot2/dir_821267/scratch"
	Cpus = 1
	Disk = 16777216
	GPUs = 1
	GPUs_GPU_516b29b8 = [ Id = "GPU-516b29b8"; Capability = 8.0; DeviceName = "NVIDIA A100-SXM4-80GB"; DeviceUuid = "516b29b8-8650-46a3-00d3-227be0325a4f"; ECCEnabled = true; NvidiaDriver = "570.195.03"; DriverVersion = 12.8; DevicePciBusId = "0000:01:00.0"; GlobalMemoryMb = 81154; MaxSupportedVersion = 12080 ]
	IoHeavy = 0
	Memory = 16384
...
040 (8180963.005.000) 2026-06-24 15:17:22 Started transferring output files
...
040 (8180963.005.000) 2026-06-24 15:17:22 Finished transferring output files
...
005 (8180963.005.000) 2026-06-24 15:17:23 Job terminated.
	(1) Normal termination (return value 1)
		Usr 0 00:00:53, Sys 0 00:00:03  -  Run Remote Usage
		Usr 0 00:00:00, Sys 0 00:00:00  -  Run Local Usage
		Usr 0 00:11:43, Sys 0 00:00:25  -  Total Remote Usage
		Usr 0 00:00:00, Sys 0 00:00:00  -  Total Local Usage
	15445  -  Run Bytes Sent By Job
	2555292528  -  Run Bytes Received By Job
	154766  -  Total Bytes Sent By Job
	29893647824  -  Total Bytes Received By Job
	Partitionable Resources :      Usage  Request Allocated Assigned
	   Cpus                 :       1.00        1         1 
	   Disk (KB)            : 2718756    16777216  16777216 
	   GPUs                 :       0           1         1 "GPU-516b29b8"
	   GpusMemory (MB)      :     772                       
	   IoHeavy              :                             0 
	   Memory (MB)          :     977       16384     16384 
	   TimeExecute (s)      :      58                       
	   TimeSlotBusy (s)     :    1343                       
...
