000 (8017966.314.000) 2026-06-20 22:07:54 Job submitted from host: <128.105.68.112:9618?addrs=128.105.68.112-9618+[2607-f388-2200-100-eaeb-d3ff-fea3-4202]-9618&alias=ap2001.chtc.wisc.edu&noUDP&sock=schedd_4071840_2329>
...
040 (8017966.314.000) 2026-06-21 01:12:57 Started transferring input files
	Transferring to host: <141.142.150.74:28213?CCBID=128.105.82.148:9618%3faddrs%3d128.105.82.148-9618+[2607-f388-2200-9d-7ccb-bc08-2489-768a]-9618%26alias%3dospool-ccb.osg.chtc.io%26noUDP%26sock%3dcollector6#4297271%2067.58.49.91:9618%3faddrs%3d67.58.49.91-9618+[fdf0-17b3-c3ec-1f79-10-0-e-b69d]-9618%26alias%3dccb-2.ospool.osg-htc.org%26noUDP%26sock%3dcollector6#4290460&PrivNet=rails04&addrs=141.142.150.74-28213+[fde1-53ba-e9a0-de11-2dba-91e3-dd48-5c8a]-28213&alias=rails04&noUDP>
...
040 (8017966.314.000) 2026-06-21 01:13:09 Finished transferring input files
...
021 (8017966.314.000) 2026-06-21 01:13:10 Message from starter on slot1_1@glidein_2547181_260373995@rails04:
	PREPARE_JOB (prepare-hook) succeeded (reported status 000): Using Singularity image openfe_1.11.1.sif
...
001 (8017966.314.000) 2026-06-21 01:13:10 Job executing on host: <141.142.150.74:25073?CCBID=128.105.82.148:9618%3faddrs%3d128.105.82.148-9618+[2607-f388-2200-9d-7ccb-bc08-2489-768a]-9618%26alias%3dospool-ccb.osg.chtc.io%26noUDP%26sock%3dcollector5#4286350%2067.58.49.91:9618%3faddrs%3d67.58.49.91-9618+[fdf0-17b3-c3ec-1f79-10-0-e-b69d]-9618%26alias%3dccb-2.ospool.osg-htc.org%26noUDP%26sock%3dcollector7#4281422&PrivNet=rails04&addrs=141.142.150.74-25073+[fde1-53ba-e9a0-de11-2dba-91e3-dd48-5c8a]-25073&alias=rails04&noUDP>
	SlotName: slot1_1@glidein_2547181_260373995@rails04
	AvailableGPUs = { GPUs_GPU_132bdba0 }
	CondorScratchDir = "/projects/bcxl/svcosguser/glide_yHD0Os/execute/dir_2748918/scratch"
	Cpus = 1
	Disk = 16777216
	GPUs = 1
	GPUs_GPU_132bdba0 = [ Id = "GPU-132bdba0"; ClockMhz = 1980.0; Capability = 9.0; CoresPerCU = 128; DeviceName = "NVIDIA H100 80GB HBM3"; DeviceUuid = "132bdba0-7c4e-70cd-0942-d84d37682116"; ECCEnabled = true; ComputeUnits = 132; NvidiaDriver = "590.48.01"; DriverVersion = 13.1; DevicePciBusId = "0000:9B:00.0"; GlobalMemoryMb = 81081; MaxSupportedVersion = 13010 ]
	Memory = 16384
...
006 (8017966.314.000) 2026-06-21 01:13:19 Image size of job updated: 4516552
	174  -  MemoryUsage of job (MB)
	177820  -  ResidentSetSize of job (KB)
...
006 (8017966.314.000) 2026-06-21 01:18:20 Image size of job updated: 64574724
	2360  -  MemoryUsage of job (MB)
	2415684  -  ResidentSetSize of job (KB)
...
006 (8017966.314.000) 2026-06-21 01:23:20 Image size of job updated: 64575564
	2360  -  MemoryUsage of job (MB)
	2416004  -  ResidentSetSize of job (KB)
...
006 (8017966.314.000) 2026-06-21 01:28:20 Image size of job updated: 64588744
	2371  -  MemoryUsage of job (MB)
	2427664  -  ResidentSetSize of job (KB)
...
006 (8017966.314.000) 2026-06-21 01:33:21 Image size of job updated: 64593540
	2377  -  MemoryUsage of job (MB)
	2433804  -  ResidentSetSize of job (KB)
...
006 (8017966.314.000) 2026-06-21 01:38:21 Image size of job updated: 64597536
	2381  -  MemoryUsage of job (MB)
	2438064  -  ResidentSetSize of job (KB)
...
006 (8017966.314.000) 2026-06-21 01:43:22 Image size of job updated: 64602916
	2387  -  MemoryUsage of job (MB)
	2443444  -  ResidentSetSize of job (KB)
...
006 (8017966.314.000) 2026-06-21 01:48:22 Image size of job updated: 64609320
	2393  -  MemoryUsage of job (MB)
	2449848  -  ResidentSetSize of job (KB)
...
006 (8017966.314.000) 2026-06-21 01:53:22 Image size of job updated: 64614852
	2398  -  MemoryUsage of job (MB)
	2455380  -  ResidentSetSize of job (KB)
...
006 (8017966.314.000) 2026-06-21 01:58:23 Image size of job updated: 64621172
	2405  -  MemoryUsage of job (MB)
	2461700  -  ResidentSetSize of job (KB)
...
040 (8017966.314.000) 2026-06-21 02:03:32 Started transferring output files
...
040 (8017966.314.000) 2026-06-21 02:03:32 Finished transferring output files
...
005 (8017966.314.000) 2026-06-21 02:03:33 Job terminated.
	(1) Normal termination (return value 0)
		Usr 0 00:49:53, Sys 0 00:19:46  -  Run Remote Usage
		Usr 0 00:00:00, Sys 0 00:00:00  -  Run Local Usage
		Usr 0 00:49:53, Sys 0 00:19:46  -  Total Remote Usage
		Usr 0 00:00:00, Sys 0 00:00:00  -  Total Local Usage
	1280930  -  Run Bytes Sent By Job
	2782623707  -  Run Bytes Received By Job
	1280930  -  Total Bytes Sent By Job
	2782623707  -  Total Bytes Received By Job
	Partitionable Resources :      Usage  Request Allocated Assigned
	   Cpus                 :       0.99        1         1 
	   Disk (KB)            : 2728973    16777216  16777216 
	   GPUs                 :       0.83        1         1 "GPU-132bdba0"
	   GpusMemory (MB)      :    7994                       
	   Memory (MB)          :    2405       16384     16384 
	   TimeExecute (s)      :    3022                       
	   TimeSlotBusy (s)     :    3035                       
...
