000 (8017966.637.000) 2026-06-20 22:07:54 Job submitted from host: <128.105.68.112:9618?addrs=128.105.68.112-9618+[2607-f388-2200-100-eaeb-d3ff-fea3-4202]-9618&alias=ap2001.chtc.wisc.edu&noUDP&sock=schedd_4071840_2329>
...
040 (8017966.637.000) 2026-06-21 03:27:07 Started transferring input files
	Transferring to host: <128.104.100.118:9618?addrs=128.104.100.118-9618+[2607-f388-107c-501-26d-aeff-fe1f-6b20]-9618&alias=jcaicedogpu0004.chtc.wisc.edu&noUDP&sock=backfill1_2_4107613_b354_99580>
...
040 (8017966.637.000) 2026-06-21 03:27:17 Finished transferring input files
...
001 (8017966.637.000) 2026-06-21 03:27:18 Job executing on host: <128.104.100.118:9618?addrs=128.104.100.118-9618+[2607-f388-107c-501-26d-aeff-fe1f-6b20]-9618&alias=jcaicedogpu0004.chtc.wisc.edu&noUDP&sock=startd_10858_436a>
	SlotName: backfill1_2@jcaicedogpu0004.chtc.wisc.edu
	AvailableGPUs = { GPUs_GPU_fa14651d }
	CondorScratchDir = "/var/lib/condor/execute/slot1/dir_725419/scratch"
	Cpus = 1
	Disk = 16777216
	GPUs = 1
	GPUs_GPU_fa14651d = [ Id = "GPU-fa14651d"; Capability = 8.9; DeviceName = "NVIDIA L40S"; DeviceUuid = "fa14651d-25f0-e1cc-501d-97e0ea46e1dd"; ECCEnabled = true; NvidiaDriver = "570.195.03"; DriverVersion = 12.8; DevicePciBusId = "0000:01:00.0"; GlobalMemoryMb = 45468; MaxSupportedVersion = 12080 ]
	IoHeavy = 0
	Memory = 16384
...
006 (8017966.637.000) 2026-06-21 03:27:26 Image size of job updated: 454784
	445  -  MemoryUsage of job (MB)
	454784  -  ResidentSetSize of job (KB)
...
006 (8017966.637.000) 2026-06-21 03:32:26 Image size of job updated: 974360
	950  -  MemoryUsage of job (MB)
	972400  -  ResidentSetSize of job (KB)
...
006 (8017966.637.000) 2026-06-21 03:37:27 Image size of job updated: 975748
	953  -  MemoryUsage of job (MB)
	975748  -  ResidentSetSize of job (KB)
...
006 (8017966.637.000) 2026-06-21 03:42:27 Image size of job updated: 983116
	961  -  MemoryUsage of job (MB)
	983116  -  ResidentSetSize of job (KB)
...
006 (8017966.637.000) 2026-06-21 03:47:27 Image size of job updated: 988736
	966  -  MemoryUsage of job (MB)
	988736  -  ResidentSetSize of job (KB)
...
006 (8017966.637.000) 2026-06-21 03:52:28 Image size of job updated: 996208
	973  -  MemoryUsage of job (MB)
	996208  -  ResidentSetSize of job (KB)
...
006 (8017966.637.000) 2026-06-21 03:57:28 Image size of job updated: 1001996
	979  -  MemoryUsage of job (MB)
	1001996  -  ResidentSetSize of job (KB)
...
006 (8017966.637.000) 2026-06-21 04:02:29 Image size of job updated: 1007216
	979  -  MemoryUsage of job (MB)
	1001996  -  ResidentSetSize of job (KB)
...
040 (8017966.637.000) 2026-06-21 04:03:21 Started transferring output files
...
040 (8017966.637.000) 2026-06-21 04:03:21 Finished transferring output files
...
005 (8017966.637.000) 2026-06-21 04:03:22 Job terminated.
	(1) Normal termination (return value 0)
		Usr 0 00:36:27, Sys 0 00:25:58  -  Run Remote Usage
		Usr 0 00:00:00, Sys 0 00:00:00  -  Run Local Usage
		Usr 0 00:36:27, Sys 0 00:25:58  -  Total Remote Usage
		Usr 0 00:00:00, Sys 0 00:00:00  -  Total Local Usage
	2858997  -  Run Bytes Sent By Job
	2781879033  -  Run Bytes Received By Job
	2858997  -  Total Bytes Sent By Job
	2781879033  -  Total Bytes Received By Job
	Partitionable Resources :      Usage  Request Allocated Assigned
	   Cpus                 :       1.80        1         1 
	   Disk (KB)            : 2729555    16777216  16777216 
	   GPUs                 :       0.88        1         1 "GPU-fa14651d"
	   GpusMemory (MB)      :    6772                       
	   IoHeavy              :                             0 
	   Memory (MB)          :     979       16384     16384 
	   TimeExecute (s)      :    2164                       
	   TimeSlotBusy (s)     :    2174                       
...
