000 (8018100.362.000) 2026-06-21 13:37:20 Job submitted from host: <128.105.68.112:9618?addrs=128.105.68.112-9618+[2607-f388-2200-100-eaeb-d3ff-fea3-4202]-9618&alias=ap2001.chtc.wisc.edu&noUDP&sock=schedd_4071840_2329>
...
040 (8018100.362.000) 2026-06-21 16:41:23 Started transferring input files
	Transferring to host: <128.105.76.38:9618?addrs=128.105.76.38-9618+[2607-f388-2200-100-e29d-73ff-fe7b-534e]-9618&alias=mrudolphgpu4000.chtc.wisc.edu&noUDP&sock=backfill1_1_2520286_3b90_82874>
...
040 (8018100.362.000) 2026-06-21 16:41:35 Finished transferring input files
...
001 (8018100.362.000) 2026-06-21 16:41:35 Job executing on host: <128.105.76.38:9618?addrs=128.105.76.38-9618+[2607-f388-2200-100-e29d-73ff-fe7b-534e]-9618&alias=mrudolphgpu4000.chtc.wisc.edu&noUDP&sock=startd_17841_0541>
	SlotName: backfill1_1@mrudolphgpu4000.chtc.wisc.edu
	AvailableGPUs = { GPUs_GPU_950c41f9 }
	CondorScratchDir = "/var/lib/condor/execute/slot1/dir_789216/scratch"
	Cpus = 1
	Disk = 16777216
	GPUs = 1
	GPUs_GPU_950c41f9 = [ Id = "GPU-950c41f9"; Capability = 9.0; DeviceName = "NVIDIA H200"; DeviceUuid = "950c41f9-cf16-2c6d-80ab-a5ba0cdec021"; ECCEnabled = true; NvidiaDriver = "570.195.03"; DriverVersion = 12.8; DevicePciBusId = "0000:DB:00.0"; GlobalMemoryMb = 143166; MaxSupportedVersion = 12080 ]
	IoHeavy = 0
	Memory = 16384
...
006 (8018100.362.000) 2026-06-21 16:41:38 Image size of job updated: 192
	0  -  MemoryUsage of job (MB)
	0  -  ResidentSetSize of job (KB)
...
040 (8018100.362.000) 2026-06-21 16:41:38 Started transferring output files
...
040 (8018100.362.000) 2026-06-21 16:41:38 Finished transferring output files
...
004 (8018100.362.000) 2026-06-21 16:41:39 Job was evicted.
	(0) Job terminated and was requeued
		Usr 0 00:00:02, Sys 0 00:00:00  -  Run Remote Usage
		Usr 0 00:00:00, Sys 0 00:00:00  -  Run Local Usage
	452  -  Run Bytes Sent By Job
	2784298614  -  Run Bytes Received By Job
	(1) Normal termination (return value 2)
	The job attribute OnExitRemove expression 'NumJobCompletions > JobMaxRetries || ExitCode =?= 0' evaluated to FALSE
...
040 (8018100.362.000) 2026-06-21 16:43:36 Started transferring input files
	Transferring to host: <128.105.68.166:9618?addrs=128.105.68.166-9618+[2607-f388-2200-100-b62e-99ff-feb7-2e2d]-9618&alias=gpulab2001.chtc.wisc.edu&noUDP&sock=slot2_2_11113_dd1d_54144>
...
040 (8018100.362.000) 2026-06-21 16:43:56 Finished transferring input files
...
001 (8018100.362.000) 2026-06-21 16:43:56 Job executing on host: <128.105.68.166:9618?addrs=128.105.68.166-9618+[2607-f388-2200-100-b62e-99ff-feb7-2e2d]-9618&alias=gpulab2001.chtc.wisc.edu&noUDP&sock=startd_10083_ad84>
	SlotName: slot2_2@gpulab2001.chtc.wisc.edu
	AvailableGPUs = { GPUs_GPU_5498e439 }
	CondorScratchDir = "/var/lib/condor/execute/slot2/dir_1305616/scratch"
	Cpus = 1
	Disk = 16777216
	GPUs = 1
	GPUs_GPU_5498e439 = [ Id = "GPU-5498e439"; Capability = 7.5; DeviceName = "NVIDIA GeForce RTX 2080 Ti"; DeviceUuid = "5498e439-bec3-fa72-ed65-a45d5f53e1b5"; ECCEnabled = false; NvidiaDriver = "570.195.03"; DriverVersion = 12.8; DevicePciBusId = "0000:3E:00.0"; GlobalMemoryMb = 10823; MaxSupportedVersion = 12080 ]
	IoHeavy = 0
	Memory = 16384
...
040 (8018100.362.000) 2026-06-21 16:44:00 Started transferring output files
...
040 (8018100.362.000) 2026-06-21 16:44:00 Finished transferring output files
...
004 (8018100.362.000) 2026-06-21 16:44:01 Job was evicted.
	(0) Job terminated and was requeued
		Usr 0 00:00:02, Sys 0 00:00:00  -  Run Remote Usage
		Usr 0 00:00:00, Sys 0 00:00:00  -  Run Local Usage
	447  -  Run Bytes Sent By Job
	2784298614  -  Run Bytes Received By Job
	(1) Normal termination (return value 2)
	The job attribute OnExitRemove expression 'NumJobCompletions > JobMaxRetries || ExitCode =?= 0' evaluated to FALSE
...
040 (8018100.362.000) 2026-06-21 16:45:13 Started transferring input files
	Transferring to host: <128.105.69.63:9618?addrs=128.105.69.63-9618+[2607-f388-2200-100-5aa2-e1ff-febe-455e]-9618&alias=gpu4003.chtc.wisc.edu&noUDP&sock=slot2_3_1549376_4e16_77826>
...
040 (8018100.362.000) 2026-06-21 16:45:27 Finished transferring input files
...
001 (8018100.362.000) 2026-06-21 16:45:27 Job executing on host: <128.105.69.63:9618?addrs=128.105.69.63-9618+[2607-f388-2200-100-5aa2-e1ff-febe-455e]-9618&alias=gpu4003.chtc.wisc.edu&noUDP&sock=startd_3051222_14a9>
	SlotName: slot2_3@gpu4003.chtc.wisc.edu
	AvailableGPUs = { GPUs_GPU_c82e3d6c }
	CondorScratchDir = "/var/lib/condor/execute/slot2/dir_1457922/scratch"
	Cpus = 1
	Disk = 16777216
	GPUs = 1
	GPUs_GPU_c82e3d6c = [ Id = "GPU-c82e3d6c"; Capability = 9.0; DeviceName = "NVIDIA H100 80GB HBM3"; DeviceUuid = "c82e3d6c-1ae9-c800-d093-51fd9d172771"; ECCEnabled = true; NvidiaDriver = "570.195.03"; DriverVersion = 12.8; DevicePciBusId = "0000:2A:00.0"; GlobalMemoryMb = 81089; MaxSupportedVersion = 12080 ]
	IoHeavy = 0
	Memory = 16384
...
040 (8018100.362.000) 2026-06-21 16:45:30 Started transferring output files
...
040 (8018100.362.000) 2026-06-21 16:45:30 Finished transferring output files
...
004 (8018100.362.000) 2026-06-21 16:45:30 Job was evicted.
	(0) Job terminated and was requeued
		Usr 0 00:00:02, Sys 0 00:00:00  -  Run Remote Usage
		Usr 0 00:00:00, Sys 0 00:00:00  -  Run Local Usage
	444  -  Run Bytes Sent By Job
	2784298614  -  Run Bytes Received By Job
	(1) Normal termination (return value 2)
	The job attribute OnExitRemove expression 'NumJobCompletions > JobMaxRetries || ExitCode =?= 0' evaluated to FALSE
...
040 (8018100.362.000) 2026-06-21 16:46:11 Started transferring input files
	Transferring to host: <128.104.100.118:9618?addrs=128.104.100.118-9618+[2607-f388-107c-501-26d-aeff-fe1f-6b20]-9618&alias=jcaicedogpu0004.chtc.wisc.edu&noUDP&sock=backfill1_1_4107613_b354_101304>
...
040 (8018100.362.000) 2026-06-21 16:46:22 Finished transferring input files
...
001 (8018100.362.000) 2026-06-21 16:46:22 Job executing on host: <128.104.100.118:9618?addrs=128.104.100.118-9618+[2607-f388-107c-501-26d-aeff-fe1f-6b20]-9618&alias=jcaicedogpu0004.chtc.wisc.edu&noUDP&sock=startd_10858_436a>
	SlotName: backfill1_1@jcaicedogpu0004.chtc.wisc.edu
	AvailableGPUs = { GPUs_GPU_247deb3d }
	CondorScratchDir = "/var/lib/condor/execute/slot1/dir_1207321/scratch"
	Cpus = 1
	Disk = 16777216
	GPUs = 1
	GPUs_GPU_247deb3d = [ Id = "GPU-247deb3d"; Capability = 8.9; DeviceName = "NVIDIA L40S"; DeviceUuid = "247deb3d-27f7-30d7-bfa9-8c3f623116c2"; ECCEnabled = true; NvidiaDriver = "570.195.03"; DriverVersion = 12.8; DevicePciBusId = "0000:E1:00.0"; GlobalMemoryMb = 45468; MaxSupportedVersion = 12080 ]
	IoHeavy = 0
	Memory = 16384
...
040 (8018100.362.000) 2026-06-21 16:46:25 Started transferring output files
...
040 (8018100.362.000) 2026-06-21 16:46:25 Finished transferring output files
...
004 (8018100.362.000) 2026-06-21 16:46:26 Job was evicted.
	(0) Job terminated and was requeued
		Usr 0 00:00:01, Sys 0 00:00:00  -  Run Remote Usage
		Usr 0 00:00:00, Sys 0 00:00:00  -  Run Local Usage
	452  -  Run Bytes Sent By Job
	2784298614  -  Run Bytes Received By Job
	(1) Normal termination (return value 2)
	The job attribute OnExitRemove expression 'NumJobCompletions > JobMaxRetries || ExitCode =?= 0' evaluated to FALSE
...
040 (8018100.362.000) 2026-06-21 16:47:45 Started transferring input files
	Transferring to host: <141.142.150.74:2995?CCBID=128.105.82.148:9618%3faddrs%3d128.105.82.148-9618+[2607-f388-2200-9d-7ccb-bc08-2489-768a]-9618%26alias%3dospool-ccb.osg.chtc.io%26noUDP%26sock%3dcollector2#4335482%2067.58.49.91:9618%3faddrs%3d67.58.49.91-9618+[fdf0-17b3-c3ec-1f79-10-0-e-b69d]-9618%26alias%3dccb-2.ospool.osg-htc.org%26noUDP%26sock%3dcollector8#4333395&PrivNet=rails04&addrs=141.142.150.74-2995+[fde1-53ba-e9a0-de11-2dba-91e3-dd48-5c8a]-2995&alias=rails04&noUDP>
...
040 (8018100.362.000) 2026-06-21 16:48:02 Finished transferring input files
...
021 (8018100.362.000) 2026-06-21 16:48:03 Message from starter on slot1_2@glidein_2924630_444049500@rails04:
	PREPARE_JOB (prepare-hook) succeeded (reported status 000): Using Singularity image openfe_1.11.1.sif
...
001 (8018100.362.000) 2026-06-21 16:48:03 Job executing on host: <141.142.150.74:24931?CCBID=128.105.82.148:9618%3faddrs%3d128.105.82.148-9618+[2607-f388-2200-9d-7ccb-bc08-2489-768a]-9618%26alias%3dospool-ccb.osg.chtc.io%26noUDP%26sock%3dcollector6#4306566%2067.58.49.91:9618%3faddrs%3d67.58.49.91-9618+[fdf0-17b3-c3ec-1f79-10-0-e-b69d]-9618%26alias%3dccb-2.ospool.osg-htc.org%26noUDP%26sock%3dcollector6#4299731&PrivNet=rails04&addrs=141.142.150.74-24931+[fde1-53ba-e9a0-de11-2dba-91e3-dd48-5c8a]-24931&alias=rails04&noUDP>
	SlotName: slot1_2@glidein_2924630_444049500@rails04
	AvailableGPUs = { GPUs_GPU_b9d5efe9 }
	CondorScratchDir = "/projects/bcxl/svcosguser/glide_Ozdg8d/execute/dir_1687769/scratch"
	Cpus = 1
	Disk = 16777216
	GPUs = 1
	GPUs_GPU_b9d5efe9 = [ Id = "GPU-b9d5efe9"; ClockMhz = 1980.0; Capability = 9.0; CoresPerCU = 128; DeviceName = "NVIDIA H100 80GB HBM3"; DeviceUuid = "b9d5efe9-8120-9b74-286a-eb62c49e759c"; ECCEnabled = true; ComputeUnits = 132; NvidiaDriver = "590.48.01"; DriverVersion = 13.1; DevicePciBusId = "0000:3B:00.0"; GlobalMemoryMb = 81081; MaxSupportedVersion = 13010 ]
	Memory = 16384
...
006 (8018100.362.000) 2026-06-21 16:48:09 Image size of job updated: 4070340
	94  -  MemoryUsage of job (MB)
	95920  -  ResidentSetSize of job (KB)
...
040 (8018100.362.000) 2026-06-21 16:48:09 Started transferring output files
...
040 (8018100.362.000) 2026-06-21 16:48:09 Finished transferring output files
...
004 (8018100.362.000) 2026-06-21 16:48:10 Job was evicted.
	(0) Job terminated and was requeued
		Usr 0 00:00:00, Sys 0 00:00:00  -  Run Remote Usage
		Usr 0 00:00:00, Sys 0 00:00:00  -  Run Local Usage
	463  -  Run Bytes Sent By Job
	2784298614  -  Run Bytes Received By Job
	(1) Normal termination (return value 2)
	The job attribute OnExitRemove expression 'NumJobCompletions > JobMaxRetries || ExitCode =?= 0' evaluated to FALSE
...
040 (8018100.362.000) 2026-06-21 16:48:34 Started transferring input files
	Transferring to host: <128.104.100.52:9618?addrs=128.104.100.52-9618+[2607-f388-107c-501-7ec2-55ff-fe99-a48c]-9618&alias=jcaicedogpu0000.chtc.wisc.edu&noUDP&sock=backfill1_5_12267_f60c_9780>
...
040 (8018100.362.000) 2026-06-21 16:48:45 Finished transferring input files
...
001 (8018100.362.000) 2026-06-21 16:48:45 Job executing on host: <128.104.100.52:9618?addrs=128.104.100.52-9618+[2607-f388-107c-501-7ec2-55ff-fe99-a48c]-9618&alias=jcaicedogpu0000.chtc.wisc.edu&noUDP&sock=startd_10725_0952>
	SlotName: backfill1_5@jcaicedogpu0000.chtc.wisc.edu
	AvailableGPUs = { GPUs_GPU_961f052f }
	CondorScratchDir = "/var/lib/condor/execute/slot1/dir_3510967/scratch"
	Cpus = 1
	Disk = 16777216
	GPUs = 1
	GPUs_GPU_961f052f = [ Id = "GPU-961f052f"; Capability = 8.9; DeviceName = "NVIDIA L40"; DeviceUuid = "961f052f-3138-f8c4-62a4-4e7011f9fb90"; ECCEnabled = true; NvidiaDriver = "570.195.03"; DriverVersion = 12.8; DevicePciBusId = "0000:CE:00.0"; GlobalMemoryMb = 45468; MaxSupportedVersion = 12080 ]
	IoHeavy = 0
	Memory = 16384
...
040 (8018100.362.000) 2026-06-21 16:48:48 Started transferring output files
...
040 (8018100.362.000) 2026-06-21 16:48:48 Finished transferring output files
...
004 (8018100.362.000) 2026-06-21 16:48:48 Job was evicted.
	(0) Job terminated and was requeued
		Usr 0 00:00:02, Sys 0 00:00:00  -  Run Remote Usage
		Usr 0 00:00:00, Sys 0 00:00:00  -  Run Local Usage
	452  -  Run Bytes Sent By Job
	2784298614  -  Run Bytes Received By Job
	(1) Normal termination (return value 2)
	The job attribute OnExitRemove expression 'NumJobCompletions > JobMaxRetries || ExitCode =?= 0' evaluated to FALSE
...
040 (8018100.362.000) 2026-06-21 16:49:12 Started transferring input files
	Transferring to host: <141.142.150.74:8065?CCBID=128.105.82.148:9618%3faddrs%3d128.105.82.148-9618+[2607-f388-2200-9d-7ccb-bc08-2489-768a]-9618%26alias%3dospool-ccb.osg.chtc.io%26noUDP%26sock%3dcollector8#4337930%2067.58.49.91:9618%3faddrs%3d67.58.49.91-9618+[fdf0-17b3-c3ec-1f79-10-0-e-b69d]-9618%26alias%3dccb-2.ospool.osg-htc.org%26noUDP%26sock%3dcollector6#4331187&PrivNet=rails04&addrs=141.142.150.74-8065+[fde1-53ba-e9a0-de11-2dba-91e3-dd48-5c8a]-8065&alias=rails04&noUDP>
...
040 (8018100.362.000) 2026-06-21 16:49:45 Finished transferring input files
...
021 (8018100.362.000) 2026-06-21 16:49:47 Message from starter on slot1_1@glidein_1253803_166598726@rails04:
	PREPARE_JOB (prepare-hook) succeeded (reported status 000): Using Singularity image openfe_1.11.1.sif
...
001 (8018100.362.000) 2026-06-21 16:49:47 Job executing on host: <141.142.150.74:29371?CCBID=128.105.82.148:9618%3faddrs%3d128.105.82.148-9618+[2607-f388-2200-9d-7ccb-bc08-2489-768a]-9618%26alias%3dospool-ccb.osg.chtc.io%26noUDP%26sock%3dcollector5#4328832%2067.58.49.91:9618%3faddrs%3d67.58.49.91-9618+[fdf0-17b3-c3ec-1f79-10-0-e-b69d]-9618%26alias%3dccb-2.ospool.osg-htc.org%26noUDP%26sock%3dcollector1#4324868&PrivNet=rails04&addrs=141.142.150.74-29371+[fde1-53ba-e9a0-de11-2dba-91e3-dd48-5c8a]-29371&alias=rails04&noUDP>
	SlotName: slot1_1@glidein_1253803_166598726@rails04
	AvailableGPUs = { GPUs_GPU_6af5ac5f }
	CondorScratchDir = "/projects/bcxl/svcosguser/glide_jHGWuz/execute/dir_1693965/scratch"
	Cpus = 1
	Disk = 16777216
	GPUs = 1
	GPUs_GPU_6af5ac5f = [ Id = "GPU-6af5ac5f"; ClockMhz = 1980.0; Capability = 9.0; CoresPerCU = 128; DeviceName = "NVIDIA H100 80GB HBM3"; DeviceUuid = "6af5ac5f-07c9-30f5-eb4e-f067cf3a909a"; ECCEnabled = true; ComputeUnits = 132; NvidiaDriver = "590.48.01"; DriverVersion = 13.1; DevicePciBusId = "0000:19:00.0"; GlobalMemoryMb = 81081; MaxSupportedVersion = 13010 ]
	Memory = 16384
...
006 (8018100.362.000) 2026-06-21 16:49:56 Image size of job updated: 13025096
	154  -  MemoryUsage of job (MB)
	156720  -  ResidentSetSize of job (KB)
...
040 (8018100.362.000) 2026-06-21 16:49:56 Started transferring output files
...
040 (8018100.362.000) 2026-06-21 16:49:56 Finished transferring output files
...
004 (8018100.362.000) 2026-06-21 16:49:57 Job was evicted.
	(0) Job terminated and was requeued
		Usr 0 00:00:01, Sys 0 00:00:00  -  Run Remote Usage
		Usr 0 00:00:00, Sys 0 00:00:00  -  Run Local Usage
	463  -  Run Bytes Sent By Job
	2784298614  -  Run Bytes Received By Job
	(1) Normal termination (return value 2)
	The job attribute OnExitRemove expression 'NumJobCompletions > JobMaxRetries || ExitCode =?= 0' evaluated to FALSE
...
040 (8018100.362.000) 2026-06-21 16:50:47 Started transferring input files
	Transferring to host: <10.1.1.131:40329?CCBID=128.105.82.148:9618%3faddrs%3d128.105.82.148-9618+[2607-f388-2200-9d-7ccb-bc08-2489-768a]-9618%26alias%3dospool-ccb.osg.chtc.io%26noUDP%26sock%3dcollector2#4335769%2067.58.49.91:9618%3faddrs%3d67.58.49.91-9618+[fdf0-17b3-c3ec-1f79-10-0-e-b69d]-9618%26alias%3dccb-2.ospool.osg-htc.org%26noUDP%26sock%3dcollector6#4331331&PrivNet=gpu01&addrs=10.1.1.131-40329&alias=gpu01&noUDP>
...
040 (8018100.362.000) 2026-06-21 16:51:05 Finished transferring input files
...
021 (8018100.362.000) 2026-06-21 16:51:06 Message from starter on slot1_1@glidein_2647050_104374788@gpu01:
	PREPARE_JOB (prepare-hook) succeeded (reported status 000): Using Singularity image openfe_1.11.1.sif
...
001 (8018100.362.000) 2026-06-21 16:51:06 Job executing on host: <10.1.1.131:41341?CCBID=128.105.82.148:9618%3faddrs%3d128.105.82.148-9618+[2607-f388-2200-9d-7ccb-bc08-2489-768a]-9618%26alias%3dospool-ccb.osg.chtc.io%26noUDP%26sock%3dcollector6#4331254%2067.58.49.91:9618%3faddrs%3d67.58.49.91-9618+[fdf0-17b3-c3ec-1f79-10-0-e-b69d]-9618%26alias%3dccb-2.ospool.osg-htc.org%26noUDP%26sock%3dcollector2#4325785&PrivNet=gpu01&addrs=10.1.1.131-41341&alias=gpu01&noUDP>
	SlotName: slot1_1@glidein_2647050_104374788@gpu01
	AvailableGPUs = { GPUs_GPU_23ecf0d7 }
	CondorScratchDir = "/tmp/glide_CcP9XM/execute/dir_2884362/scratch"
	Cpus = 1
	Disk = 16777216
	GPUs = 1
	GPUs_GPU_23ecf0d7 = [ Id = "GPU-23ecf0d7"; ClockMhz = 1740.0; Capability = 8.6; CoresPerCU = 128; DeviceName = "NVIDIA A40"; DeviceUuid = "23ecf0d7-cfa9-de5a-f254-f54e1a8da719"; ECCEnabled = true; ComputeUnits = 84; NvidiaDriver = "595.71.05"; DriverVersion = 13.2; DevicePciBusId = "0000:01:00.0"; GlobalMemoryMb = 45739; MaxSupportedVersion = 13020 ]
	Memory = 16384
...
006 (8018100.362.000) 2026-06-21 16:51:12 Image size of job updated: 15000000
	172  -  MemoryUsage of job (MB)
	175148  -  ResidentSetSize of job (KB)
...
040 (8018100.362.000) 2026-06-21 16:51:12 Started transferring output files
...
040 (8018100.362.000) 2026-06-21 16:51:12 Finished transferring output files
...
004 (8018100.362.000) 2026-06-21 16:51:14 Job was evicted.
	(0) Job terminated and was requeued
		Usr 0 00:00:00, Sys 0 00:00:00  -  Run Remote Usage
		Usr 0 00:00:00, Sys 0 00:00:00  -  Run Local Usage
	549  -  Run Bytes Sent By Job
	2784298614  -  Run Bytes Received By Job
	(1) Normal termination (return value 2)
	The job attribute OnExitRemove expression 'NumJobCompletions > JobMaxRetries || ExitCode =?= 0' evaluated to FALSE
...
040 (8018100.362.000) 2026-06-21 16:52:41 Started transferring input files
	Transferring to host: <128.105.76.47:9618?addrs=128.105.76.47-9618+[2607-f388-2200-100-527c-6fff-fe82-826a]-9618&alias=gpu4006.chtc.wisc.edu&noUDP&sock=slot2_6_2618986_4fbd_88795>
...
040 (8018100.362.000) 2026-06-21 16:52:49 Finished transferring input files
...
001 (8018100.362.000) 2026-06-21 16:52:49 Job executing on host: <128.105.76.47:9618?addrs=128.105.76.47-9618+[2607-f388-2200-100-527c-6fff-fe82-826a]-9618&alias=gpu4006.chtc.wisc.edu&noUDP&sock=startd_11220_90b3>
	SlotName: slot2_6@gpu4006.chtc.wisc.edu
	AvailableGPUs = { GPUs_GPU_a7db8880 }
	CondorScratchDir = "/var/lib/condor/execute/slot2/dir_3032813/scratch"
	Cpus = 1
	Disk = 16777216
	GPUs = 1
	GPUs_GPU_a7db8880 = [ Id = "GPU-a7db8880"; Capability = 8.9; DeviceName = "NVIDIA L40S"; DeviceUuid = "a7db8880-55ca-0490-a7d4-abafc6737be6"; ECCEnabled = true; NvidiaDriver = "590.48.01"; DriverVersion = 13.1; DevicePciBusId = "0000:A1:00.0"; GlobalMemoryMb = 45460; MaxSupportedVersion = 13010 ]
	IoHeavy = 0
	Memory = 16384
...
040 (8018100.362.000) 2026-06-21 16:52:51 Started transferring output files
...
040 (8018100.362.000) 2026-06-21 16:52:51 Finished transferring output files
...
004 (8018100.362.000) 2026-06-21 16:52:51 Job was evicted.
	(0) Job terminated and was requeued
		Usr 0 00:00:01, Sys 0 00:00:00  -  Run Remote Usage
		Usr 0 00:00:00, Sys 0 00:00:00  -  Run Local Usage
	458  -  Run Bytes Sent By Job
	2784298614  -  Run Bytes Received By Job
	(1) Normal termination (return value 2)
	The job attribute OnExitRemove expression 'NumJobCompletions > JobMaxRetries || ExitCode =?= 0' evaluated to FALSE
...
040 (8018100.362.000) 2026-06-21 16:52:58 Started transferring input files
	Transferring to host: <141.142.150.74:15767?CCBID=128.105.82.148:9618%3faddrs%3d128.105.82.148-9618+[2607-f388-2200-9d-7ccb-bc08-2489-768a]-9618%26alias%3dospool-ccb.osg.chtc.io%26noUDP%26sock%3dcollector8#4338270%2067.58.49.91:9618%3faddrs%3d67.58.49.91-9618+[fdf0-17b3-c3ec-1f79-10-0-e-b69d]-9618%26alias%3dccb-2.ospool.osg-htc.org%26noUDP%26sock%3dcollector8#4333931&PrivNet=rails04&addrs=141.142.150.74-15767+[fde1-53ba-e9a0-de11-2dba-91e3-dd48-5c8a]-15767&alias=rails04&noUDP>
...
040 (8018100.362.000) 2026-06-21 16:53:16 Finished transferring input files
...
021 (8018100.362.000) 2026-06-21 16:53:18 Message from starter on slot1_1@glidein_1108935_532437213@rails04:
	PREPARE_JOB (prepare-hook) succeeded (reported status 000): Using Singularity image openfe_1.11.1.sif
...
001 (8018100.362.000) 2026-06-21 16:53:18 Job executing on host: <141.142.150.74:13319?CCBID=128.105.82.148:9618%3faddrs%3d128.105.82.148-9618+[2607-f388-2200-9d-7ccb-bc08-2489-768a]-9618%26alias%3dospool-ccb.osg.chtc.io%26noUDP%26sock%3dcollector1#4330116%2067.58.49.91:9618%3faddrs%3d67.58.49.91-9618+[fdf0-17b3-c3ec-1f79-10-0-e-b69d]-9618%26alias%3dccb-2.ospool.osg-htc.org%26noUDP%26sock%3dcollector9#4327824&PrivNet=rails04&addrs=141.142.150.74-13319+[fde1-53ba-e9a0-de11-2dba-91e3-dd48-5c8a]-13319&alias=rails04&noUDP>
	SlotName: slot1_1@glidein_1108935_532437213@rails04
	AvailableGPUs = { GPUs_GPU_33fd4bf8 }
	CondorScratchDir = "/projects/bcxl/svcosguser/glide_Q3LOdw/execute/dir_1708098/scratch"
	Cpus = 1
	Disk = 16777216
	GPUs = 1
	GPUs_GPU_33fd4bf8 = [ Id = "GPU-33fd4bf8"; ClockMhz = 1980.0; Capability = 9.0; CoresPerCU = 128; DeviceName = "NVIDIA H100 80GB HBM3"; DeviceUuid = "33fd4bf8-c4dd-94e9-5ccc-bdead8915efe"; ECCEnabled = true; ComputeUnits = 132; NvidiaDriver = "590.48.01"; DriverVersion = 13.1; DevicePciBusId = "0000:BB:00.0"; GlobalMemoryMb = 81081; MaxSupportedVersion = 13010 ]
	Memory = 16384
...
040 (8018100.362.000) 2026-06-21 16:53:26 Started transferring output files
...
040 (8018100.362.000) 2026-06-21 16:53:26 Finished transferring output files
...
004 (8018100.362.000) 2026-06-21 16:53:27 Job was evicted.
	(0) Job terminated and was requeued
		Usr 0 00:00:00, Sys 0 00:00:00  -  Run Remote Usage
		Usr 0 00:00:00, Sys 0 00:00:00  -  Run Local Usage
	463  -  Run Bytes Sent By Job
	2784298614  -  Run Bytes Received By Job
	(1) Normal termination (return value 2)
	The job attribute OnExitRemove expression 'NumJobCompletions > JobMaxRetries || ExitCode =?= 0' evaluated to FALSE
...
040 (8018100.362.000) 2026-06-21 16:53:34 Started transferring input files
	Transferring to host: <128.105.76.47:9618?addrs=128.105.76.47-9618+[2607-f388-2200-100-527c-6fff-fe82-826a]-9618&alias=gpu4006.chtc.wisc.edu&noUDP&sock=slot2_1_2618986_4fbd_88802>
...
040 (8018100.362.000) 2026-06-21 16:53:39 Finished transferring input files
...
001 (8018100.362.000) 2026-06-21 16:53:39 Job executing on host: <128.105.76.47:9618?addrs=128.105.76.47-9618+[2607-f388-2200-100-527c-6fff-fe82-826a]-9618&alias=gpu4006.chtc.wisc.edu&noUDP&sock=startd_11220_90b3>
	SlotName: slot2_1@gpu4006.chtc.wisc.edu
	AvailableGPUs = { GPUs_GPU_66dc2611 }
	CondorScratchDir = "/var/lib/condor/execute/slot2/dir_3034656/scratch"
	Cpus = 1
	Disk = 16777216
	GPUs = 1
	GPUs_GPU_66dc2611 = [ Id = "GPU-66dc2611"; Capability = 8.9; DeviceName = "NVIDIA L40S"; DeviceUuid = "66dc2611-e8d4-150f-8e9c-de925917bc63"; ECCEnabled = true; NvidiaDriver = "590.48.01"; DriverVersion = 13.1; DevicePciBusId = "0000:01:00.0"; GlobalMemoryMb = 45460; MaxSupportedVersion = 13010 ]
	IoHeavy = 0
	Memory = 16384
...
040 (8018100.362.000) 2026-06-21 16:53:41 Started transferring output files
...
040 (8018100.362.000) 2026-06-21 16:53:41 Finished transferring output files
...
005 (8018100.362.000) 2026-06-21 16:53:42 Job terminated.
	(1) Normal termination (return value 2)
		Usr 0 00:00:01, Sys 0 00:00:00  -  Run Remote Usage
		Usr 0 00:00:00, Sys 0 00:00:00  -  Run Local Usage
		Usr 0 00:00:12, Sys 0 00:00:00  -  Total Remote Usage
		Usr 0 00:00:00, Sys 0 00:00:00  -  Total Local Usage
	458  -  Run Bytes Sent By Job
	2784298614  -  Run Bytes Received By Job
	5101  -  Total Bytes Sent By Job
	30627284754  -  Total Bytes Received By Job
	Partitionable Resources :    Usage  Request Allocated Assigned
	   Cpus                 :        0        1         1 
	   Disk (KB)            :  2719168 16777216  16777216 
	   GPUs                 :        0        1         1 "GPU-66dc2611"
	   IoHeavy              :                           0 
	   Memory (MB)          :      196    16384     16384 
	   TimeExecute (s)      :        2                    
	   TimeSlotBusy (s)     :        7                    
...
