000 (8018100.027.000) 2026-06-21 13:37:20 Job submitted from host: <128.105.68.112:9618?addrs=128.105.68.112-9618+[2607-f388-2200-100-eaeb-d3ff-fea3-4202]-9618&alias=ap2001.chtc.wisc.edu&noUDP&sock=schedd_4071840_2329>
...
040 (8018100.027.000) 2026-06-21 13:46:01 Started transferring input files
	Transferring to host: <128.105.68.166:9618?addrs=128.105.68.166-9618+[2607-f388-2200-100-b62e-99ff-feb7-2e2d]-9618&alias=gpulab2001.chtc.wisc.edu&noUDP&sock=backfill1_3_11113_dd1d_53621>
...
040 (8018100.027.000) 2026-06-21 13:46:01 Finished transferring input files
...
022 (8018100.027.000) 2026-06-21 13:46:01 Job disconnected, attempting to reconnect
    Socket between submit and execute hosts closed unexpectedly
    Trying to reconnect to backfill1_3@gpulab2001.chtc.wisc.edu <128.105.68.166:9618?addrs=128.105.68.166-9618+[2607-f388-2200-100-b62e-99ff-feb7-2e2d]-9618&alias=gpulab2001.chtc.wisc.edu&noUDP&sock=startd_10083_ad84>
...
024 (8018100.027.000) 2026-06-21 13:46:01 Job reconnection failed
    Job not found at execution machine
    Can not reconnect to backfill1_3@gpulab2001.chtc.wisc.edu, rescheduling job
...
004 (8018100.027.000) 2026-06-21 13:46:01 Job was evicted. Code 1008 Subcode 0
	(0) CPU times
		Usr 0 00:00:00, Sys 0 00:00:00  -  Run Remote Usage
		Usr 0 00:00:00, Sys 0 00:00:00  -  Run Local Usage
	0  -  Run Bytes Sent By Job
	0  -  Run Bytes Received By Job
	Reason: Job not found at execution machine
	Partitionable Resources :    Usage  Request Allocated Assigned
	   Cpus                 :                 1         1 
	   Disk (KB)            :     3163 16777216  16777216 
	   GPUs                 :                 1         1 "GPU-25d74433"
	   IoHeavy              :                           0 
	   Memory (MB)          :             16384     16384 
...
040 (8018100.027.000) 2026-06-21 13:46:06 Started transferring input files
	Transferring to host: <192.168.247.23:38543?CCBID=128.105.82.148:9618%3faddrs%3d128.105.82.148-9618+[2607-f388-2200-9d-7ccb-bc08-2489-768a]-9618%26alias%3dospool-ccb.osg.chtc.io%26noUDP%26sock%3dcollector4#4329619%2067.58.49.91:9618%3faddrs%3d67.58.49.91-9618+[fdf0-17b3-c3ec-1f79-10-0-e-b69d]-9618%26alias%3dccb-2.ospool.osg-htc.org%26noUDP%26sock%3dcollector6#4323908&PrivNet=mendel-g0001.mendel.sdmz.amnh.org&addrs=192.168.247.23-38543&alias=mendel-g0001.mendel.sdmz.amnh.org&noUDP>
...
040 (8018100.027.000) 2026-06-21 13:46:19 Finished transferring input files
...
021 (8018100.027.000) 2026-06-21 13:46:20 Message from starter on slot1_1@glidein_575917_116664786@mendel-g0001.mendel.sdmz.amnh.org:
	PREPARE_JOB (prepare-hook) succeeded (reported status 000): Using Singularity image openfe_1.11.1.sif
...
001 (8018100.027.000) 2026-06-21 13:46:20 Job executing on host: <192.168.247.23:34395?CCBID=128.105.82.148:9618%3faddrs%3d128.105.82.148-9618+[2607-f388-2200-9d-7ccb-bc08-2489-768a]-9618%26alias%3dospool-ccb.osg.chtc.io%26noUDP%26sock%3dcollector4#4244107%2067.58.49.91:9618%3faddrs%3d67.58.49.91-9618+[fdf0-17b3-c3ec-1f79-10-0-e-b69d]-9618%26alias%3dccb-2.ospool.osg-htc.org%26noUDP%26sock%3dcollector10#4237406&PrivNet=mendel-g0001.mendel.sdmz.amnh.org&addrs=192.168.247.23-34395&alias=mendel-g0001.mendel.sdmz.amnh.org&noUDP>
	SlotName: slot1_1@glidein_575917_116664786@mendel-g0001.mendel.sdmz.amnh.org
	AvailableGPUs = { GPUs_GPU_11ebfa77 }
	CondorScratchDir = "/scratch_space/glide_8RPAYK/execute/dir_1506858/scratch"
	Cpus = 1
	Disk = 16777216
	GPUs = 1
	GPUs_GPU_11ebfa77 = [ Id = "GPU-11ebfa77"; ClockMhz = 1380.0; Capability = 7.0; CoresPerCU = 64; DeviceName = "Tesla V100-PCIE-16GB"; DeviceUuid = "11ebfa77-4f4f-c7da-d264-dfd63f334601"; ECCEnabled = false; ComputeUnits = 80; NvidiaDriver = "580.159.04"; DriverVersion = 13.0; DevicePciBusId = "0000:3B:00.0"; GlobalMemoryMb = 16144; MaxSupportedVersion = 13000 ]
	Memory = 16384
...
006 (8018100.027.000) 2026-06-21 13:46:23 Image size of job updated: 3
	6  -  MemoryUsage of job (MB)
	5372  -  ResidentSetSize of job (KB)
...
040 (8018100.027.000) 2026-06-21 13:46:24 Started transferring output files
...
040 (8018100.027.000) 2026-06-21 13:46:24 Finished transferring output files
...
004 (8018100.027.000) 2026-06-21 13:46:24 Job was evicted.
	(0) Job terminated and was requeued
		Usr 0 00:00:00, Sys 0 00:00:00  -  Run Remote Usage
		Usr 0 00:00:00, Sys 0 00:00:00  -  Run Local Usage
	466  -  Run Bytes Sent By Job
	2784199966  -  Run Bytes Received By Job
	(1) Normal termination (return value 2)
	The job attribute OnExitRemove expression 'NumJobCompletions > JobMaxRetries || ExitCode =?= 0' evaluated to FALSE
...
040 (8018100.027.000) 2026-06-21 13:48:56 Started transferring input files
	Transferring to host: <128.105.68.168:34579?CCBID=128.105.82.148:9618%3faddrs%3d128.105.82.148-9618+[2607-f388-2200-9d-7ccb-bc08-2489-768a]-9618%26alias%3dospool-ccb.osg.chtc.io%26noUDP%26sock%3dcollector10#4326480%2067.58.49.91:9618%3faddrs%3d67.58.49.91-9618+[fdf0-17b3-c3ec-1f79-10-0-e-b69d]-9618%26alias%3dccb-2.ospool.osg-htc.org%26noUDP%26sock%3dcollector8#4326112&PrivNet=gpulab2003.chtc.wisc.edu&addrs=128.105.68.168-34579+[2607-f388-2200-100-b62e-99ff-feb7-2dcb]-34579&alias=gpulab2003.chtc.wisc.edu&noUDP>
...
040 (8018100.027.000) 2026-06-21 13:49:10 Finished transferring input files
...
021 (8018100.027.000) 2026-06-21 13:49:10 Message from starter on slot1_1@glidein_42042_400663250@gpulab2003.chtc.wisc.edu:
	PREPARE_JOB (prepare-hook) succeeded (reported status 000): Using Singularity image openfe_1.11.1.sif
...
001 (8018100.027.000) 2026-06-21 13:49:10 Job executing on host: <128.105.68.168:38799?CCBID=128.105.82.148:9618%3faddrs%3d128.105.82.148-9618+[2607-f388-2200-9d-7ccb-bc08-2489-768a]-9618%26alias%3dospool-ccb.osg.chtc.io%26noUDP%26sock%3dcollector1#4179769%2067.58.49.91:9618%3faddrs%3d67.58.49.91-9618+[fdf0-17b3-c3ec-1f79-10-0-e-b69d]-9618%26alias%3dccb-2.ospool.osg-htc.org%26noUDP%26sock%3dcollector9#4177312&PrivNet=gpulab2003.chtc.wisc.edu&addrs=128.105.68.168-38799+[2607-f388-2200-100-b62e-99ff-feb7-2dcb]-38799&alias=gpulab2003.chtc.wisc.edu&noUDP>
	SlotName: slot1_1@glidein_42042_400663250@gpulab2003.chtc.wisc.edu
	AvailableGPUs = { GPUs_GPU_df09b4ae }
	CondorScratchDir = "/var/lib/condor/execute/slot1/dir_42040/scratch/glide_5fkg4a/execute/dir_1209898/scratch"
	Cpus = 1
	Disk = 16777216
	GPUs = 1
	GPUs_GPU_df09b4ae = [ Id = "GPU-df09b4ae"; ClockMhz = 1545.0; Capability = 7.5; CoresPerCU = 64; DeviceName = "NVIDIA GeForce RTX 2080 Ti"; DeviceUuid = "df09b4ae-3796-2b26-7d7a-4bb88110b63f"; ECCEnabled = false; ComputeUnits = 68; NvidiaDriver = "570.195.03"; DriverVersion = 12.8; DevicePciBusId = "0000:DB:00.0"; GlobalMemoryMb = 10823; MaxSupportedVersion = 12080 ]
	Memory = 16384
...
006 (8018100.027.000) 2026-06-21 13:49:14 Image size of job updated: 4302516
	103  -  MemoryUsage of job (MB)
	105084  -  ResidentSetSize of job (KB)
...
040 (8018100.027.000) 2026-06-21 13:49:14 Started transferring output files
...
040 (8018100.027.000) 2026-06-21 13:49:14 Finished transferring output files
...
004 (8018100.027.000) 2026-06-21 13:49:15 Job was evicted.
	(0) Job terminated and was requeued
		Usr 0 00:00:00, Sys 0 00:00:00  -  Run Remote Usage
		Usr 0 00:00:00, Sys 0 00:00:00  -  Run Local Usage
	470  -  Run Bytes Sent By Job
	2784199966  -  Run Bytes Received By Job
	(1) Normal termination (return value 2)
	The job attribute OnExitRemove expression 'NumJobCompletions > JobMaxRetries || ExitCode =?= 0' evaluated to FALSE
...
040 (8018100.027.000) 2026-06-21 13:51:02 Started transferring input files
	Transferring to host: <128.105.68.166:9618?addrs=128.105.68.166-9618+[2607-f388-2200-100-b62e-99ff-feb7-2e2d]-9618&alias=gpulab2001.chtc.wisc.edu&noUDP&sock=slot2_3_11113_dd1d_53632>
...
040 (8018100.027.000) 2026-06-21 13:51:30 Finished transferring input files
...
001 (8018100.027.000) 2026-06-21 13:51:30 Job executing on host: <128.105.68.166:9618?addrs=128.105.68.166-9618+[2607-f388-2200-100-b62e-99ff-feb7-2e2d]-9618&alias=gpulab2001.chtc.wisc.edu&noUDP&sock=startd_10083_ad84>
	SlotName: slot2_3@gpulab2001.chtc.wisc.edu
	AvailableGPUs = { GPUs_GPU_d298c6e0 }
	CondorScratchDir = "/var/lib/condor/execute/slot2/dir_1170585/scratch"
	Cpus = 1
	Disk = 16777216
	GPUs = 1
	GPUs_GPU_d298c6e0 = [ Id = "GPU-d298c6e0"; Capability = 7.5; DeviceName = "NVIDIA GeForce RTX 2080 Ti"; DeviceUuid = "d298c6e0-f149-30ca-b7d6-2d5f7637ee2c"; ECCEnabled = false; NvidiaDriver = "570.195.03"; DriverVersion = 12.8; DevicePciBusId = "0000:B1:00.0"; GlobalMemoryMb = 10823; MaxSupportedVersion = 12080 ]
	IoHeavy = 0
	Memory = 16384
...
040 (8018100.027.000) 2026-06-21 13:51:34 Started transferring output files
...
040 (8018100.027.000) 2026-06-21 13:51:34 Finished transferring output files
...
004 (8018100.027.000) 2026-06-21 13:51:35 Job was evicted.
	(0) Job terminated and was requeued
		Usr 0 00:00:02, Sys 0 00:00:00  -  Run Remote Usage
		Usr 0 00:00:00, Sys 0 00:00:00  -  Run Local Usage
	445  -  Run Bytes Sent By Job
	2784199966  -  Run Bytes Received By Job
	(1) Normal termination (return value 2)
	The job attribute OnExitRemove expression 'NumJobCompletions > JobMaxRetries || ExitCode =?= 0' evaluated to FALSE
...
040 (8018100.027.000) 2026-06-21 13:52:53 Started transferring input files
	Transferring to host: <10.1.1.135:42457?CCBID=128.105.82.148:9618%3faddrs%3d128.105.82.148-9618+[2607-f388-2200-9d-7ccb-bc08-2489-768a]-9618%26alias%3dospool-ccb.osg.chtc.io%26noUDP%26sock%3dcollector5#4326110%2067.58.49.91:9618%3faddrs%3d67.58.49.91-9618+[fdf0-17b3-c3ec-1f79-10-0-e-b69d]-9618%26alias%3dccb-2.ospool.osg-htc.org%26noUDP%26sock%3dcollector9#4326266&PrivNet=gpu05&addrs=10.1.1.135-42457&alias=gpu05&noUDP>
...
040 (8018100.027.000) 2026-06-21 13:53:06 Finished transferring input files
...
021 (8018100.027.000) 2026-06-21 13:53:07 Message from starter on slot1_3@glidein_3273215_630389268@gpu05:
	PREPARE_JOB (prepare-hook) succeeded (reported status 000): Using Singularity image openfe_1.11.1.sif
...
001 (8018100.027.000) 2026-06-21 13:53:07 Job executing on host: <10.1.1.135:45695?CCBID=128.105.82.148:9618%3faddrs%3d128.105.82.148-9618+[2607-f388-2200-9d-7ccb-bc08-2489-768a]-9618%26alias%3dospool-ccb.osg.chtc.io%26noUDP%26sock%3dcollector5#4288189%2067.58.49.91:9618%3faddrs%3d67.58.49.91-9618+[fdf0-17b3-c3ec-1f79-10-0-e-b69d]-9618%26alias%3dccb-2.ospool.osg-htc.org%26noUDP%26sock%3dcollector7#4283415&PrivNet=gpu05&addrs=10.1.1.135-45695&alias=gpu05&noUDP>
	SlotName: slot1_3@glidein_3273215_630389268@gpu05
	AvailableGPUs = { GPUs_GPU_1392eeaa }
	CondorScratchDir = "/tmp/glide_vhn3iB/execute/dir_3684531/scratch"
	Cpus = 1
	Disk = 16777216
	GPUs = 1
	GPUs_GPU_1392eeaa = [ Id = "GPU-1392eeaa"; ClockMhz = 1695.0; Capability = 8.6; CoresPerCU = 128; DeviceName = "NVIDIA RTX A5000"; DeviceUuid = "1392eeaa-11be-dc87-a414-72298ca812b6"; ECCEnabled = false; ComputeUnits = 64; NvidiaDriver = "595.71.05"; DriverVersion = 13.2; DevicePciBusId = "0000:81:00.0"; GlobalMemoryMb = 24361; MaxSupportedVersion = 13020 ]
	Memory = 16384
...
040 (8018100.027.000) 2026-06-21 13:53:10 Started transferring output files
...
040 (8018100.027.000) 2026-06-21 13:53:10 Finished transferring output files
...
004 (8018100.027.000) 2026-06-21 13:53:12 Job was evicted.
	(0) Job terminated and was requeued
		Usr 0 00:00:00, Sys 0 00:00:00  -  Run Remote Usage
		Usr 0 00:00:00, Sys 0 00:00:00  -  Run Local Usage
	571  -  Run Bytes Sent By Job
	2784199966  -  Run Bytes Received By Job
	(1) Normal termination (return value 2)
	The job attribute OnExitRemove expression 'NumJobCompletions > JobMaxRetries || ExitCode =?= 0' evaluated to FALSE
...
040 (8018100.027.000) 2026-06-21 13:53:26 Started transferring input files
	Transferring to host: <128.104.100.118:9618?addrs=128.104.100.118-9618+[2607-f388-107c-501-26d-aeff-fe1f-6b20]-9618&alias=jcaicedogpu0004.chtc.wisc.edu&noUDP&sock=backfill1_4_4107613_b354_100849>
...
040 (8018100.027.000) 2026-06-21 13:53:36 Finished transferring input files
...
001 (8018100.027.000) 2026-06-21 13:53:36 Job executing on host: <128.104.100.118:9618?addrs=128.104.100.118-9618+[2607-f388-107c-501-26d-aeff-fe1f-6b20]-9618&alias=jcaicedogpu0004.chtc.wisc.edu&noUDP&sock=startd_10858_436a>
	SlotName: backfill1_4@jcaicedogpu0004.chtc.wisc.edu
	AvailableGPUs = { GPUs_GPU_15ef4041 }
	CondorScratchDir = "/var/lib/condor/execute/slot1/dir_1088518/scratch"
	Cpus = 1
	Disk = 16777216
	GPUs = 1
	GPUs_GPU_15ef4041 = [ Id = "GPU-15ef4041"; Capability = 8.9; DeviceName = "NVIDIA L40S"; DeviceUuid = "15ef4041-a338-d8b1-af1c-286c00948d22"; ECCEnabled = true; NvidiaDriver = "570.195.03"; DriverVersion = 12.8; DevicePciBusId = "0000:21:00.0"; GlobalMemoryMb = 45468; MaxSupportedVersion = 12080 ]
	IoHeavy = 0
	Memory = 16384
...
040 (8018100.027.000) 2026-06-21 13:53:39 Started transferring output files
...
040 (8018100.027.000) 2026-06-21 13:53:39 Finished transferring output files
...
004 (8018100.027.000) 2026-06-21 13:53:39 Job was evicted.
	(0) Job terminated and was requeued
		Usr 0 00:00:01, Sys 0 00:00:00  -  Run Remote Usage
		Usr 0 00:00:00, Sys 0 00:00:00  -  Run Local Usage
	450  -  Run Bytes Sent By Job
	2784199966  -  Run Bytes Received By Job
	(1) Normal termination (return value 2)
	The job attribute OnExitRemove expression 'NumJobCompletions > JobMaxRetries || ExitCode =?= 0' evaluated to FALSE
...
040 (8018100.027.000) 2026-06-21 13:55:10 Started transferring input files
	Transferring to host: <172.17.0.4:35113?CCBID=128.105.82.148:9618%3faddrs%3d128.105.82.148-9618+[2607-f388-2200-9d-7ccb-bc08-2489-768a]-9618%26alias%3dospool-ccb.osg.chtc.io%26noUDP%26sock%3dcollector6#4098462%2067.58.49.91:9618%3faddrs%3d67.58.49.91-9618+[fdf0-17b3-c3ec-1f79-10-0-e-b69d]-9618%26alias%3dccb-2.ospool.osg-htc.org%26noUDP%26sock%3dcollector6#4092513&PrivNet=Colgate-CCARE-EP.3dd51df4d4e0&addrs=172.17.0.4-35113&alias=Colgate-CCARE-EP.3dd51df4d4e0&noUDP&sock=slot1_2_4286_9fe7_8122>
...
040 (8018100.027.000) 2026-06-21 13:56:26 Finished transferring input files
...
021 (8018100.027.000) 2026-06-21 13:56:27 Message from starter on slot1_2@Colgate-CCARE-EP.3dd51df4d4e0:
	PREPARE_JOB (prepare-hook) succeeded (reported status 000): Using Singularity image openfe_1.11.1.sif
...
001 (8018100.027.000) 2026-06-21 13:56:27 Job executing on host: <172.17.0.4:35113?CCBID=128.105.82.148:9618%3faddrs%3d128.105.82.148-9618+[2607-f388-2200-9d-7ccb-bc08-2489-768a]-9618%26alias%3dospool-ccb.osg.chtc.io%26noUDP%26sock%3dcollector6#4098462%2067.58.49.91:9618%3faddrs%3d67.58.49.91-9618+[fdf0-17b3-c3ec-1f79-10-0-e-b69d]-9618%26alias%3dccb-2.ospool.osg-htc.org%26noUDP%26sock%3dcollector6#4092513&PrivNet=Colgate-CCARE-EP.3dd51df4d4e0&addrs=172.17.0.4-35113&alias=Colgate-CCARE-EP.3dd51df4d4e0&noUDP&sock=startd_4279_9dd7>
	SlotName: slot1_2@Colgate-CCARE-EP.3dd51df4d4e0
	AvailableGPUs = { GPUs_GPU_b2a877d0 }
	CondorScratchDir = "/pilot/osgvo-pilot-WPz1dj/execute/dir_3664226"
	Cpus = 1
	Disk = 16778446
	GPUs = 1
	GPUs_GPU_b2a877d0 = [ Id = "GPU-b2a877d0"; Capability = 9.0; DeviceName = "NVIDIA H100 80GB HBM3"; DeviceUuid = "b2a877d0-0633-05f2-a421-de4c235fee9f"; ECCEnabled = true; NvidiaDriver = "560.35.03"; DriverVersion = 12.6; DevicePciBusId = "0000:5F:00.0"; GlobalMemoryMb = 81110; MaxSupportedVersion = 12060 ]
	Memory = 16384
...
040 (8018100.027.000) 2026-06-21 13:56:35 Started transferring output files
...
040 (8018100.027.000) 2026-06-21 13:56:35 Finished transferring output files
...
004 (8018100.027.000) 2026-06-21 13:56:35 Job was evicted.
	(0) Job terminated and was requeued
		Usr 0 00:00:00, Sys 0 00:00:00  -  Run Remote Usage
		Usr 0 00:00:00, Sys 0 00:00:00  -  Run Local Usage
	544  -  Run Bytes Sent By Job
	2784199966  -  Run Bytes Received By Job
	(1) Normal termination (return value 2)
	The job attribute OnExitRemove expression 'NumJobCompletions > JobMaxRetries || ExitCode =?= 0' evaluated to FALSE
...
040 (8018100.027.000) 2026-06-21 13:56:52 Started transferring input files
	Transferring to host: <128.105.68.168:9618?addrs=128.105.68.168-9618+[2607-f388-2200-100-b62e-99ff-feb7-2dcb]-9618&alias=gpulab2003.chtc.wisc.edu&noUDP&sock=slot2_4_11172_6f3f_7507>
...
040 (8018100.027.000) 2026-06-21 13:57:07 Finished transferring input files
...
001 (8018100.027.000) 2026-06-21 13:57:07 Job executing on host: <128.105.68.168:9618?addrs=128.105.68.168-9618+[2607-f388-2200-100-b62e-99ff-feb7-2dcb]-9618&alias=gpulab2003.chtc.wisc.edu&noUDP&sock=startd_10155_1056>
	SlotName: slot2_4@gpulab2003.chtc.wisc.edu
	AvailableGPUs = { GPUs_GPU_61902b82 }
	CondorScratchDir = "/var/lib/condor/execute/slot2/dir_1221860/scratch"
	Cpus = 1
	Disk = 16777216
	GPUs = 1
	GPUs_GPU_61902b82 = [ Id = "GPU-61902b82"; Capability = 7.5; DeviceName = "NVIDIA GeForce RTX 2080 Ti"; DeviceUuid = "61902b82-cedb-e4be-d010-bca8829ec79b"; ECCEnabled = false; NvidiaDriver = "570.195.03"; DriverVersion = 12.8; DevicePciBusId = "0000:B2:00.0"; GlobalMemoryMb = 10823; MaxSupportedVersion = 12080 ]
	IoHeavy = 0
	Memory = 16384
...
040 (8018100.027.000) 2026-06-21 13:57:11 Started transferring output files
...
040 (8018100.027.000) 2026-06-21 13:57:11 Finished transferring output files
...
004 (8018100.027.000) 2026-06-21 13:57:11 Job was evicted.
	(0) Job terminated and was requeued
		Usr 0 00:00:02, Sys 0 00:00:00  -  Run Remote Usage
		Usr 0 00:00:00, Sys 0 00:00:00  -  Run Local Usage
	435  -  Run Bytes Sent By Job
	2784199966  -  Run Bytes Received By Job
	(1) Normal termination (return value 2)
	The job attribute OnExitRemove expression 'NumJobCompletions > JobMaxRetries || ExitCode =?= 0' evaluated to FALSE
...
040 (8018100.027.000) 2026-06-21 13:57:18 Started transferring input files
	Transferring to host: <128.105.68.168:9618?addrs=128.105.68.168-9618+[2607-f388-2200-100-b62e-99ff-feb7-2dcb]-9618&alias=gpulab2003.chtc.wisc.edu&noUDP&sock=slot2_4_11172_6f3f_7508>
...
040 (8018100.027.000) 2026-06-21 13:57:34 Finished transferring input files
...
001 (8018100.027.000) 2026-06-21 13:57:34 Job executing on host: <128.105.68.168:9618?addrs=128.105.68.168-9618+[2607-f388-2200-100-b62e-99ff-feb7-2dcb]-9618&alias=gpulab2003.chtc.wisc.edu&noUDP&sock=startd_10155_1056>
	SlotName: slot2_4@gpulab2003.chtc.wisc.edu
	AvailableGPUs = { GPUs_GPU_61902b82 }
	CondorScratchDir = "/var/lib/condor/execute/slot2/dir_1222132/scratch"
	Cpus = 1
	Disk = 16777216
	GPUs = 1
	GPUs_GPU_61902b82 = [ Id = "GPU-61902b82"; Capability = 7.5; DeviceName = "NVIDIA GeForce RTX 2080 Ti"; DeviceUuid = "61902b82-cedb-e4be-d010-bca8829ec79b"; ECCEnabled = false; NvidiaDriver = "570.195.03"; DriverVersion = 12.8; DevicePciBusId = "0000:B2:00.0"; GlobalMemoryMb = 10823; MaxSupportedVersion = 12080 ]
	IoHeavy = 0
	Memory = 16384
...
040 (8018100.027.000) 2026-06-21 13:57:38 Started transferring output files
...
040 (8018100.027.000) 2026-06-21 13:57:38 Finished transferring output files
...
004 (8018100.027.000) 2026-06-21 13:57:39 Job was evicted.
	(0) Job terminated and was requeued
		Usr 0 00:00:02, Sys 0 00:00:00  -  Run Remote Usage
		Usr 0 00:00:00, Sys 0 00:00:00  -  Run Local Usage
	435  -  Run Bytes Sent By Job
	2784199966  -  Run Bytes Received By Job
	(1) Normal termination (return value 2)
	The job attribute OnExitRemove expression 'NumJobCompletions > JobMaxRetries || ExitCode =?= 0' evaluated to FALSE
...
040 (8018100.027.000) 2026-06-21 13:57:47 Started transferring input files
	Transferring to host: <128.105.68.168:9618?addrs=128.105.68.168-9618+[2607-f388-2200-100-b62e-99ff-feb7-2dcb]-9618&alias=gpulab2003.chtc.wisc.edu&noUDP&sock=slot2_4_11172_6f3f_7509>
...
040 (8018100.027.000) 2026-06-21 13:58:03 Finished transferring input files
...
001 (8018100.027.000) 2026-06-21 13:58:03 Job executing on host: <128.105.68.168:9618?addrs=128.105.68.168-9618+[2607-f388-2200-100-b62e-99ff-feb7-2dcb]-9618&alias=gpulab2003.chtc.wisc.edu&noUDP&sock=startd_10155_1056>
	SlotName: slot2_4@gpulab2003.chtc.wisc.edu
	AvailableGPUs = { GPUs_GPU_61902b82 }
	CondorScratchDir = "/var/lib/condor/execute/slot2/dir_1222590/scratch"
	Cpus = 1
	Disk = 16777216
	GPUs = 1
	GPUs_GPU_61902b82 = [ Id = "GPU-61902b82"; Capability = 7.5; DeviceName = "NVIDIA GeForce RTX 2080 Ti"; DeviceUuid = "61902b82-cedb-e4be-d010-bca8829ec79b"; ECCEnabled = false; NvidiaDriver = "570.195.03"; DriverVersion = 12.8; DevicePciBusId = "0000:B2:00.0"; GlobalMemoryMb = 10823; MaxSupportedVersion = 12080 ]
	IoHeavy = 0
	Memory = 16384
...
040 (8018100.027.000) 2026-06-21 13:58:07 Started transferring output files
...
040 (8018100.027.000) 2026-06-21 13:58:07 Finished transferring output files
...
004 (8018100.027.000) 2026-06-21 13:58:07 Job was evicted.
	(0) Job terminated and was requeued
		Usr 0 00:00:02, Sys 0 00:00:00  -  Run Remote Usage
		Usr 0 00:00:00, Sys 0 00:00:00  -  Run Local Usage
	435  -  Run Bytes Sent By Job
	2784199966  -  Run Bytes Received By Job
	(1) Normal termination (return value 2)
	The job attribute OnExitRemove expression 'NumJobCompletions > JobMaxRetries || ExitCode =?= 0' evaluated to FALSE
...
040 (8018100.027.000) 2026-06-21 13:58:15 Started transferring input files
	Transferring to host: <128.105.68.168:9618?addrs=128.105.68.168-9618+[2607-f388-2200-100-b62e-99ff-feb7-2dcb]-9618&alias=gpulab2003.chtc.wisc.edu&noUDP&sock=slot2_4_11172_6f3f_7523>
...
040 (8018100.027.000) 2026-06-21 13:58:31 Finished transferring input files
...
001 (8018100.027.000) 2026-06-21 13:58:31 Job executing on host: <128.105.68.168:9618?addrs=128.105.68.168-9618+[2607-f388-2200-100-b62e-99ff-feb7-2dcb]-9618&alias=gpulab2003.chtc.wisc.edu&noUDP&sock=startd_10155_1056>
	SlotName: slot2_4@gpulab2003.chtc.wisc.edu
	AvailableGPUs = { GPUs_GPU_61902b82 }
	CondorScratchDir = "/var/lib/condor/execute/slot2/dir_1224308/scratch"
	Cpus = 1
	Disk = 16777216
	GPUs = 1
	GPUs_GPU_61902b82 = [ Id = "GPU-61902b82"; Capability = 7.5; DeviceName = "NVIDIA GeForce RTX 2080 Ti"; DeviceUuid = "61902b82-cedb-e4be-d010-bca8829ec79b"; ECCEnabled = false; NvidiaDriver = "570.195.03"; DriverVersion = 12.8; DevicePciBusId = "0000:B2:00.0"; GlobalMemoryMb = 10823; MaxSupportedVersion = 12080 ]
	IoHeavy = 0
	Memory = 16384
...
040 (8018100.027.000) 2026-06-21 13:58:35 Started transferring output files
...
040 (8018100.027.000) 2026-06-21 13:58:35 Finished transferring output files
...
004 (8018100.027.000) 2026-06-21 13:58:35 Job was evicted.
	(0) Job terminated and was requeued
		Usr 0 00:00:02, Sys 0 00:00:00  -  Run Remote Usage
		Usr 0 00:00:00, Sys 0 00:00:00  -  Run Local Usage
	435  -  Run Bytes Sent By Job
	2784199966  -  Run Bytes Received By Job
	(1) Normal termination (return value 2)
	The job attribute OnExitRemove expression 'NumJobCompletions > JobMaxRetries || ExitCode =?= 0' evaluated to FALSE
...
040 (8018100.027.000) 2026-06-21 13:58:41 Started transferring input files
	Transferring to host: <128.105.68.168:9618?addrs=128.105.68.168-9618+[2607-f388-2200-100-b62e-99ff-feb7-2dcb]-9618&alias=gpulab2003.chtc.wisc.edu&noUDP&sock=slot2_4_11172_6f3f_7524>
...
040 (8018100.027.000) 2026-06-21 13:58:57 Finished transferring input files
...
001 (8018100.027.000) 2026-06-21 13:58:57 Job executing on host: <128.105.68.168:9618?addrs=128.105.68.168-9618+[2607-f388-2200-100-b62e-99ff-feb7-2dcb]-9618&alias=gpulab2003.chtc.wisc.edu&noUDP&sock=startd_10155_1056>
	SlotName: slot2_4@gpulab2003.chtc.wisc.edu
	AvailableGPUs = { GPUs_GPU_61902b82 }
	CondorScratchDir = "/var/lib/condor/execute/slot2/dir_1225871/scratch"
	Cpus = 1
	Disk = 16777216
	GPUs = 1
	GPUs_GPU_61902b82 = [ Id = "GPU-61902b82"; Capability = 7.5; DeviceName = "NVIDIA GeForce RTX 2080 Ti"; DeviceUuid = "61902b82-cedb-e4be-d010-bca8829ec79b"; ECCEnabled = false; NvidiaDriver = "570.195.03"; DriverVersion = 12.8; DevicePciBusId = "0000:B2:00.0"; GlobalMemoryMb = 10823; MaxSupportedVersion = 12080 ]
	IoHeavy = 0
	Memory = 16384
...
040 (8018100.027.000) 2026-06-21 13:59:01 Started transferring output files
...
040 (8018100.027.000) 2026-06-21 13:59:01 Finished transferring output files
...
005 (8018100.027.000) 2026-06-21 13:59:01 Job terminated.
	(1) Normal termination (return value 2)
		Usr 0 00:00:02, Sys 0 00:00:00  -  Run Remote Usage
		Usr 0 00:00:00, Sys 0 00:00:00  -  Run Local Usage
		Usr 0 00:00:13, Sys 0 00:00:00  -  Total Remote Usage
		Usr 0 00:00:00, Sys 0 00:00:00  -  Total Local Usage
	435  -  Run Bytes Sent By Job
	2784199966  -  Run Bytes Received By Job
	5121  -  Total Bytes Sent By Job
	30626199626  -  Total Bytes Received By Job
	Partitionable Resources :    Usage  Request Allocated Assigned
	   Cpus                 :        0        1         1 
	   Disk (KB)            :  2718982 16777216  16777216 
	   GPUs                 :        0        1         1 "GPU-61902b82"
	   IoHeavy              :                           0 
	   Memory (MB)          :      123    16384     16384 
	   TimeExecute (s)      :        4                    
	   TimeSlotBusy (s)     :       20                    
...
