000 (8321903.011.000) 2026-06-26 09:00:08 Job submitted from host: <128.105.68.112:9618?addrs=128.105.68.112-9618+[2607-f388-2200-100-eaeb-d3ff-fea3-4202]-9618&alias=ap2001.chtc.wisc.edu&noUDP&sock=schedd_4071840_2329>
...
040 (8321903.011.000) 2026-06-26 09:01:25 Started transferring input files
	Transferring to host: <128.105.69.3:9618?addrs=128.105.69.3-9618+[2607-f388-2200-100-7ec2-55ff-fe46-28f2]-9618&alias=gpu4002.chtc.wisc.edu&noUDP&sock=slot1_7_12744_0cff_17596>
...
040 (8321903.011.000) 2026-06-26 09:01:39 Finished transferring input files
...
001 (8321903.011.000) 2026-06-26 09:01:39 Job executing on host: <128.105.69.3:9618?addrs=128.105.69.3-9618+[2607-f388-2200-100-7ec2-55ff-fe46-28f2]-9618&alias=gpu4002.chtc.wisc.edu&noUDP&sock=startd_11312_ab69>
	SlotName: slot1_7@gpu4002.chtc.wisc.edu
	AvailableGPUs = { GPUs_GPU_41789432 }
	CondorScratchDir = "/var/lib/condor/execute/slot1/dir_3061216/scratch"
	Cpus = 1
	Disk = 16777216
	GPUs = 1
	GPUs_GPU_41789432 = [ Id = "GPU-41789432"; Capability = 8.9; DeviceName = "NVIDIA L40"; DeviceUuid = "41789432-d568-3798-bbd8-938f848beba9"; ECCEnabled = true; NvidiaDriver = "570.195.03"; DriverVersion = 12.8; DevicePciBusId = "0000:D5:00.0"; GlobalMemoryMb = 45468; MaxSupportedVersion = 12080 ]
	IoHeavy = 0
	Memory = 16384
...
006 (8321903.011.000) 2026-06-26 09:01:48 Image size of job updated: 419048
	410  -  MemoryUsage of job (MB)
	419048  -  ResidentSetSize of job (KB)
...
006 (8321903.011.000) 2026-06-26 09:02:46 Image size of job updated: 518324
	410  -  MemoryUsage of job (MB)
	419132  -  ResidentSetSize of job (KB)
...
040 (8321903.011.000) 2026-06-26 09:02:46 Started transferring output files
...
040 (8321903.011.000) 2026-06-26 09:02:46 Finished transferring output files
...
004 (8321903.011.000) 2026-06-26 09:02:46 Job was evicted.
	(0) Job terminated and was requeued
		Usr 0 00:01:03, Sys 0 00:00:02  -  Run Remote Usage
		Usr 0 00:00:00, Sys 0 00:00:00  -  Run Local Usage
	18155  -  Run Bytes Sent By Job
	2781013960  -  Run Bytes Received By Job
	(1) Normal termination (return value 1)
	The job attribute OnExitRemove expression 'NumJobCompletions > JobMaxRetries || ExitCode =?= 0' evaluated to FALSE
...
040 (8321903.011.000) 2026-06-26 09:03:07 Started transferring input files
	Transferring to host: <128.105.69.3:9618?addrs=128.105.69.3-9618+[2607-f388-2200-100-7ec2-55ff-fe46-28f2]-9618&alias=gpu4002.chtc.wisc.edu&noUDP&sock=slot1_7_12744_0cff_17597>
...
040 (8321903.011.000) 2026-06-26 09:03:20 Finished transferring input files
...
001 (8321903.011.000) 2026-06-26 09:03:20 Job executing on host: <128.105.69.3:9618?addrs=128.105.69.3-9618+[2607-f388-2200-100-7ec2-55ff-fe46-28f2]-9618&alias=gpu4002.chtc.wisc.edu&noUDP&sock=startd_11312_ab69>
	SlotName: slot1_7@gpu4002.chtc.wisc.edu
	AvailableGPUs = { GPUs_GPU_41789432 }
	CondorScratchDir = "/var/lib/condor/execute/slot1/dir_3061869/scratch"
	Cpus = 1
	Disk = 16777216
	GPUs = 1
	GPUs_GPU_41789432 = [ Id = "GPU-41789432"; Capability = 8.9; DeviceName = "NVIDIA L40"; DeviceUuid = "41789432-d568-3798-bbd8-938f848beba9"; ECCEnabled = true; NvidiaDriver = "570.195.03"; DriverVersion = 12.8; DevicePciBusId = "0000:D5:00.0"; GlobalMemoryMb = 45468; MaxSupportedVersion = 12080 ]
	IoHeavy = 0
	Memory = 16384
...
040 (8321903.011.000) 2026-06-26 09:04:26 Started transferring output files
...
040 (8321903.011.000) 2026-06-26 09:04:26 Finished transferring output files
...
004 (8321903.011.000) 2026-06-26 09:04:26 Job was evicted.
	(0) Job terminated and was requeued
		Usr 0 00:01:03, Sys 0 00:00:02  -  Run Remote Usage
		Usr 0 00:00:00, Sys 0 00:00:00  -  Run Local Usage
	18150  -  Run Bytes Sent By Job
	2781013960  -  Run Bytes Received By Job
	(1) Normal termination (return value 1)
	The job attribute OnExitRemove expression 'NumJobCompletions > JobMaxRetries || ExitCode =?= 0' evaluated to FALSE
...
040 (8321903.011.000) 2026-06-26 09:04:33 Started transferring input files
	Transferring to host: <128.105.69.3:9618?addrs=128.105.69.3-9618+[2607-f388-2200-100-7ec2-55ff-fe46-28f2]-9618&alias=gpu4002.chtc.wisc.edu&noUDP&sock=slot1_7_12744_0cff_17601>
...
040 (8321903.011.000) 2026-06-26 09:04:45 Finished transferring input files
...
001 (8321903.011.000) 2026-06-26 09:04:45 Job executing on host: <128.105.69.3:9618?addrs=128.105.69.3-9618+[2607-f388-2200-100-7ec2-55ff-fe46-28f2]-9618&alias=gpu4002.chtc.wisc.edu&noUDP&sock=startd_11312_ab69>
	SlotName: slot1_7@gpu4002.chtc.wisc.edu
	AvailableGPUs = { GPUs_GPU_41789432 }
	CondorScratchDir = "/var/lib/condor/execute/slot1/dir_3062535/scratch"
	Cpus = 1
	Disk = 16777216
	GPUs = 1
	GPUs_GPU_41789432 = [ Id = "GPU-41789432"; Capability = 8.9; DeviceName = "NVIDIA L40"; DeviceUuid = "41789432-d568-3798-bbd8-938f848beba9"; ECCEnabled = true; NvidiaDriver = "570.195.03"; DriverVersion = 12.8; DevicePciBusId = "0000:D5:00.0"; GlobalMemoryMb = 45468; MaxSupportedVersion = 12080 ]
	IoHeavy = 0
	Memory = 16384
...
040 (8321903.011.000) 2026-06-26 09:05:53 Started transferring output files
...
040 (8321903.011.000) 2026-06-26 09:05:53 Finished transferring output files
...
004 (8321903.011.000) 2026-06-26 09:05:54 Job was evicted.
	(0) Job terminated and was requeued
		Usr 0 00:01:04, Sys 0 00:00:02  -  Run Remote Usage
		Usr 0 00:00:00, Sys 0 00:00:00  -  Run Local Usage
	18155  -  Run Bytes Sent By Job
	2781013960  -  Run Bytes Received By Job
	(1) Normal termination (return value 1)
	The job attribute OnExitRemove expression 'NumJobCompletions > JobMaxRetries || ExitCode =?= 0' evaluated to FALSE
...
040 (8321903.011.000) 2026-06-26 09:06:03 Started transferring input files
	Transferring to host: <128.105.69.3:9618?addrs=128.105.69.3-9618+[2607-f388-2200-100-7ec2-55ff-fe46-28f2]-9618&alias=gpu4002.chtc.wisc.edu&noUDP&sock=slot1_7_12744_0cff_17602>
...
040 (8321903.011.000) 2026-06-26 09:06:13 Finished transferring input files
...
001 (8321903.011.000) 2026-06-26 09:06:13 Job executing on host: <128.105.69.3:9618?addrs=128.105.69.3-9618+[2607-f388-2200-100-7ec2-55ff-fe46-28f2]-9618&alias=gpu4002.chtc.wisc.edu&noUDP&sock=startd_11312_ab69>
	SlotName: slot1_7@gpu4002.chtc.wisc.edu
	AvailableGPUs = { GPUs_GPU_41789432 }
	CondorScratchDir = "/var/lib/condor/execute/slot1/dir_3063244/scratch"
	Cpus = 1
	Disk = 16777216
	GPUs = 1
	GPUs_GPU_41789432 = [ Id = "GPU-41789432"; Capability = 8.9; DeviceName = "NVIDIA L40"; DeviceUuid = "41789432-d568-3798-bbd8-938f848beba9"; ECCEnabled = true; NvidiaDriver = "570.195.03"; DriverVersion = 12.8; DevicePciBusId = "0000:D5:00.0"; GlobalMemoryMb = 45468; MaxSupportedVersion = 12080 ]
	IoHeavy = 0
	Memory = 16384
...
040 (8321903.011.000) 2026-06-26 09:07:20 Started transferring output files
...
040 (8321903.011.000) 2026-06-26 09:07:20 Finished transferring output files
...
004 (8321903.011.000) 2026-06-26 09:07:20 Job was evicted.
	(0) Job terminated and was requeued
		Usr 0 00:01:04, Sys 0 00:00:02  -  Run Remote Usage
		Usr 0 00:00:00, Sys 0 00:00:00  -  Run Local Usage
	18155  -  Run Bytes Sent By Job
	2781013960  -  Run Bytes Received By Job
	(1) Normal termination (return value 1)
	The job attribute OnExitRemove expression 'NumJobCompletions > JobMaxRetries || ExitCode =?= 0' evaluated to FALSE
...
040 (8321903.011.000) 2026-06-26 09:07:28 Started transferring input files
	Transferring to host: <128.105.69.3:9618?addrs=128.105.69.3-9618+[2607-f388-2200-100-7ec2-55ff-fe46-28f2]-9618&alias=gpu4002.chtc.wisc.edu&noUDP&sock=slot1_7_12744_0cff_17603>
...
040 (8321903.011.000) 2026-06-26 09:07:40 Finished transferring input files
...
001 (8321903.011.000) 2026-06-26 09:07:40 Job executing on host: <128.105.69.3:9618?addrs=128.105.69.3-9618+[2607-f388-2200-100-7ec2-55ff-fe46-28f2]-9618&alias=gpu4002.chtc.wisc.edu&noUDP&sock=startd_11312_ab69>
	SlotName: slot1_7@gpu4002.chtc.wisc.edu
	AvailableGPUs = { GPUs_GPU_41789432 }
	CondorScratchDir = "/var/lib/condor/execute/slot1/dir_3063897/scratch"
	Cpus = 1
	Disk = 16777216
	GPUs = 1
	GPUs_GPU_41789432 = [ Id = "GPU-41789432"; Capability = 8.9; DeviceName = "NVIDIA L40"; DeviceUuid = "41789432-d568-3798-bbd8-938f848beba9"; ECCEnabled = true; NvidiaDriver = "570.195.03"; DriverVersion = 12.8; DevicePciBusId = "0000:D5:00.0"; GlobalMemoryMb = 45468; MaxSupportedVersion = 12080 ]
	IoHeavy = 0
	Memory = 16384
...
040 (8321903.011.000) 2026-06-26 09:08:47 Started transferring output files
...
040 (8321903.011.000) 2026-06-26 09:08:47 Finished transferring output files
...
004 (8321903.011.000) 2026-06-26 09:08:47 Job was evicted.
	(0) Job terminated and was requeued
		Usr 0 00:01:03, Sys 0 00:00:02  -  Run Remote Usage
		Usr 0 00:00:00, Sys 0 00:00:00  -  Run Local Usage
	18155  -  Run Bytes Sent By Job
	2781013960  -  Run Bytes Received By Job
	(1) Normal termination (return value 1)
	The job attribute OnExitRemove expression 'NumJobCompletions > JobMaxRetries || ExitCode =?= 0' evaluated to FALSE
...
040 (8321903.011.000) 2026-06-26 09:08:57 Started transferring input files
	Transferring to host: <128.105.69.3:9618?addrs=128.105.69.3-9618+[2607-f388-2200-100-7ec2-55ff-fe46-28f2]-9618&alias=gpu4002.chtc.wisc.edu&noUDP&sock=slot1_7_12744_0cff_17609>
...
040 (8321903.011.000) 2026-06-26 09:09:10 Finished transferring input files
...
001 (8321903.011.000) 2026-06-26 09:09:10 Job executing on host: <128.105.69.3:9618?addrs=128.105.69.3-9618+[2607-f388-2200-100-7ec2-55ff-fe46-28f2]-9618&alias=gpu4002.chtc.wisc.edu&noUDP&sock=startd_11312_ab69>
	SlotName: slot1_7@gpu4002.chtc.wisc.edu
	AvailableGPUs = { GPUs_GPU_41789432 }
	CondorScratchDir = "/var/lib/condor/execute/slot1/dir_3065175/scratch"
	Cpus = 1
	Disk = 16777216
	GPUs = 1
	GPUs_GPU_41789432 = [ Id = "GPU-41789432"; Capability = 8.9; DeviceName = "NVIDIA L40"; DeviceUuid = "41789432-d568-3798-bbd8-938f848beba9"; ECCEnabled = true; NvidiaDriver = "570.195.03"; DriverVersion = 12.8; DevicePciBusId = "0000:D5:00.0"; GlobalMemoryMb = 45468; MaxSupportedVersion = 12080 ]
	IoHeavy = 0
	Memory = 16384
...
040 (8321903.011.000) 2026-06-26 09:10:16 Started transferring output files
...
040 (8321903.011.000) 2026-06-26 09:10:16 Finished transferring output files
...
004 (8321903.011.000) 2026-06-26 09:10:17 Job was evicted.
	(0) Job terminated and was requeued
		Usr 0 00:01:03, Sys 0 00:00:02  -  Run Remote Usage
		Usr 0 00:00:00, Sys 0 00:00:00  -  Run Local Usage
	18155  -  Run Bytes Sent By Job
	2781013960  -  Run Bytes Received By Job
	(1) Normal termination (return value 1)
	The job attribute OnExitRemove expression 'NumJobCompletions > JobMaxRetries || ExitCode =?= 0' evaluated to FALSE
...
040 (8321903.011.000) 2026-06-26 09:10:25 Started transferring input files
	Transferring to host: <128.105.69.3:9618?addrs=128.105.69.3-9618+[2607-f388-2200-100-7ec2-55ff-fe46-28f2]-9618&alias=gpu4002.chtc.wisc.edu&noUDP&sock=slot1_7_12744_0cff_17616>
...
040 (8321903.011.000) 2026-06-26 09:10:38 Finished transferring input files
...
001 (8321903.011.000) 2026-06-26 09:10:38 Job executing on host: <128.105.69.3:9618?addrs=128.105.69.3-9618+[2607-f388-2200-100-7ec2-55ff-fe46-28f2]-9618&alias=gpu4002.chtc.wisc.edu&noUDP&sock=startd_11312_ab69>
	SlotName: slot1_7@gpu4002.chtc.wisc.edu
	AvailableGPUs = { GPUs_GPU_41789432 }
	CondorScratchDir = "/var/lib/condor/execute/slot1/dir_3066550/scratch"
	Cpus = 1
	Disk = 16777216
	GPUs = 1
	GPUs_GPU_41789432 = [ Id = "GPU-41789432"; Capability = 8.9; DeviceName = "NVIDIA L40"; DeviceUuid = "41789432-d568-3798-bbd8-938f848beba9"; ECCEnabled = true; NvidiaDriver = "570.195.03"; DriverVersion = 12.8; DevicePciBusId = "0000:D5:00.0"; GlobalMemoryMb = 45468; MaxSupportedVersion = 12080 ]
	IoHeavy = 0
	Memory = 16384
...
040 (8321903.011.000) 2026-06-26 09:11:45 Started transferring output files
...
040 (8321903.011.000) 2026-06-26 09:11:45 Finished transferring output files
...
004 (8321903.011.000) 2026-06-26 09:11:45 Job was evicted.
	(0) Job terminated and was requeued
		Usr 0 00:01:03, Sys 0 00:00:02  -  Run Remote Usage
		Usr 0 00:00:00, Sys 0 00:00:00  -  Run Local Usage
	18155  -  Run Bytes Sent By Job
	2781013960  -  Run Bytes Received By Job
	(1) Normal termination (return value 1)
	The job attribute OnExitRemove expression 'NumJobCompletions > JobMaxRetries || ExitCode =?= 0' evaluated to FALSE
...
040 (8321903.011.000) 2026-06-26 09:11:53 Started transferring input files
	Transferring to host: <128.105.69.3:9618?addrs=128.105.69.3-9618+[2607-f388-2200-100-7ec2-55ff-fe46-28f2]-9618&alias=gpu4002.chtc.wisc.edu&noUDP&sock=slot1_7_12744_0cff_17617>
...
040 (8321903.011.000) 2026-06-26 09:12:06 Finished transferring input files
...
001 (8321903.011.000) 2026-06-26 09:12:06 Job executing on host: <128.105.69.3:9618?addrs=128.105.69.3-9618+[2607-f388-2200-100-7ec2-55ff-fe46-28f2]-9618&alias=gpu4002.chtc.wisc.edu&noUDP&sock=startd_11312_ab69>
	SlotName: slot1_7@gpu4002.chtc.wisc.edu
	AvailableGPUs = { GPUs_GPU_41789432 }
	CondorScratchDir = "/var/lib/condor/execute/slot1/dir_3067200/scratch"
	Cpus = 1
	Disk = 16777216
	GPUs = 1
	GPUs_GPU_41789432 = [ Id = "GPU-41789432"; Capability = 8.9; DeviceName = "NVIDIA L40"; DeviceUuid = "41789432-d568-3798-bbd8-938f848beba9"; ECCEnabled = true; NvidiaDriver = "570.195.03"; DriverVersion = 12.8; DevicePciBusId = "0000:D5:00.0"; GlobalMemoryMb = 45468; MaxSupportedVersion = 12080 ]
	IoHeavy = 0
	Memory = 16384
...
040 (8321903.011.000) 2026-06-26 09:13:13 Started transferring output files
...
040 (8321903.011.000) 2026-06-26 09:13:13 Finished transferring output files
...
004 (8321903.011.000) 2026-06-26 09:13:13 Job was evicted.
	(0) Job terminated and was requeued
		Usr 0 00:01:03, Sys 0 00:00:02  -  Run Remote Usage
		Usr 0 00:00:00, Sys 0 00:00:00  -  Run Local Usage
	18155  -  Run Bytes Sent By Job
	2781013960  -  Run Bytes Received By Job
	(1) Normal termination (return value 1)
	The job attribute OnExitRemove expression 'NumJobCompletions > JobMaxRetries || ExitCode =?= 0' evaluated to FALSE
...
040 (8321903.011.000) 2026-06-26 09:13:25 Started transferring input files
	Transferring to host: <128.105.69.3:9618?addrs=128.105.69.3-9618+[2607-f388-2200-100-7ec2-55ff-fe46-28f2]-9618&alias=gpu4002.chtc.wisc.edu&noUDP&sock=slot1_7_12744_0cff_17618>
...
040 (8321903.011.000) 2026-06-26 09:13:37 Finished transferring input files
...
001 (8321903.011.000) 2026-06-26 09:13:37 Job executing on host: <128.105.69.3:9618?addrs=128.105.69.3-9618+[2607-f388-2200-100-7ec2-55ff-fe46-28f2]-9618&alias=gpu4002.chtc.wisc.edu&noUDP&sock=startd_11312_ab69>
	SlotName: slot1_7@gpu4002.chtc.wisc.edu
	AvailableGPUs = { GPUs_GPU_41789432 }
	CondorScratchDir = "/var/lib/condor/execute/slot1/dir_3067857/scratch"
	Cpus = 1
	Disk = 16777216
	GPUs = 1
	GPUs_GPU_41789432 = [ Id = "GPU-41789432"; Capability = 8.9; DeviceName = "NVIDIA L40"; DeviceUuid = "41789432-d568-3798-bbd8-938f848beba9"; ECCEnabled = true; NvidiaDriver = "570.195.03"; DriverVersion = 12.8; DevicePciBusId = "0000:D5:00.0"; GlobalMemoryMb = 45468; MaxSupportedVersion = 12080 ]
	IoHeavy = 0
	Memory = 16384
...
040 (8321903.011.000) 2026-06-26 09:14:45 Started transferring output files
...
040 (8321903.011.000) 2026-06-26 09:14:45 Finished transferring output files
...
004 (8321903.011.000) 2026-06-26 09:14:45 Job was evicted.
	(0) Job terminated and was requeued
		Usr 0 00:01:04, Sys 0 00:00:02  -  Run Remote Usage
		Usr 0 00:00:00, Sys 0 00:00:00  -  Run Local Usage
	18155  -  Run Bytes Sent By Job
	2781013960  -  Run Bytes Received By Job
	(1) Normal termination (return value 1)
	The job attribute OnExitRemove expression 'NumJobCompletions > JobMaxRetries || ExitCode =?= 0' evaluated to FALSE
...
040 (8321903.011.000) 2026-06-26 09:14:54 Started transferring input files
	Transferring to host: <128.105.69.3:9618?addrs=128.105.69.3-9618+[2607-f388-2200-100-7ec2-55ff-fe46-28f2]-9618&alias=gpu4002.chtc.wisc.edu&noUDP&sock=slot1_7_12744_0cff_17622>
...
040 (8321903.011.000) 2026-06-26 09:15:06 Finished transferring input files
...
001 (8321903.011.000) 2026-06-26 09:15:06 Job executing on host: <128.105.69.3:9618?addrs=128.105.69.3-9618+[2607-f388-2200-100-7ec2-55ff-fe46-28f2]-9618&alias=gpu4002.chtc.wisc.edu&noUDP&sock=startd_11312_ab69>
	SlotName: slot1_7@gpu4002.chtc.wisc.edu
	AvailableGPUs = { GPUs_GPU_41789432 }
	CondorScratchDir = "/var/lib/condor/execute/slot1/dir_3068529/scratch"
	Cpus = 1
	Disk = 16777216
	GPUs = 1
	GPUs_GPU_41789432 = [ Id = "GPU-41789432"; Capability = 8.9; DeviceName = "NVIDIA L40"; DeviceUuid = "41789432-d568-3798-bbd8-938f848beba9"; ECCEnabled = true; NvidiaDriver = "570.195.03"; DriverVersion = 12.8; DevicePciBusId = "0000:D5:00.0"; GlobalMemoryMb = 45468; MaxSupportedVersion = 12080 ]
	IoHeavy = 0
	Memory = 16384
...
040 (8321903.011.000) 2026-06-26 09:16:13 Started transferring output files
...
040 (8321903.011.000) 2026-06-26 09:16:13 Finished transferring output files
...
004 (8321903.011.000) 2026-06-26 09:16:14 Job was evicted.
	(0) Job terminated and was requeued
		Usr 0 00:01:03, Sys 0 00:00:02  -  Run Remote Usage
		Usr 0 00:00:00, Sys 0 00:00:00  -  Run Local Usage
	18155  -  Run Bytes Sent By Job
	2781013960  -  Run Bytes Received By Job
	(1) Normal termination (return value 1)
	The job attribute OnExitRemove expression 'NumJobCompletions > JobMaxRetries || ExitCode =?= 0' evaluated to FALSE
...
040 (8321903.011.000) 2026-06-26 09:16:22 Started transferring input files
	Transferring to host: <128.105.69.3:9618?addrs=128.105.69.3-9618+[2607-f388-2200-100-7ec2-55ff-fe46-28f2]-9618&alias=gpu4002.chtc.wisc.edu&noUDP&sock=slot1_7_12744_0cff_17623>
...
040 (8321903.011.000) 2026-06-26 09:16:34 Finished transferring input files
...
001 (8321903.011.000) 2026-06-26 09:16:34 Job executing on host: <128.105.69.3:9618?addrs=128.105.69.3-9618+[2607-f388-2200-100-7ec2-55ff-fe46-28f2]-9618&alias=gpu4002.chtc.wisc.edu&noUDP&sock=startd_11312_ab69>
	SlotName: slot1_7@gpu4002.chtc.wisc.edu
	AvailableGPUs = { GPUs_GPU_41789432 }
	CondorScratchDir = "/var/lib/condor/execute/slot1/dir_3069239/scratch"
	Cpus = 1
	Disk = 16777216
	GPUs = 1
	GPUs_GPU_41789432 = [ Id = "GPU-41789432"; Capability = 8.9; DeviceName = "NVIDIA L40"; DeviceUuid = "41789432-d568-3798-bbd8-938f848beba9"; ECCEnabled = true; NvidiaDriver = "570.195.03"; DriverVersion = 12.8; DevicePciBusId = "0000:D5:00.0"; GlobalMemoryMb = 45468; MaxSupportedVersion = 12080 ]
	IoHeavy = 0
	Memory = 16384
...
040 (8321903.011.000) 2026-06-26 09:17:41 Started transferring output files
...
040 (8321903.011.000) 2026-06-26 09:17:41 Finished transferring output files
...
005 (8321903.011.000) 2026-06-26 09:17:41 Job terminated.
	(1) Normal termination (return value 1)
		Usr 0 00:01:03, Sys 0 00:00:02  -  Run Remote Usage
		Usr 0 00:00:00, Sys 0 00:00:00  -  Run Local Usage
		Usr 0 00:11:36, Sys 0 00:00:22  -  Total Remote Usage
		Usr 0 00:00:00, Sys 0 00:00:00  -  Total Local Usage
	18155  -  Run Bytes Sent By Job
	2781013960  -  Run Bytes Received By Job
	199700  -  Total Bytes Sent By Job
	30591153560  -  Total Bytes Received By Job
	Partitionable Resources :    Usage  Request Allocated Assigned
	   Cpus                 :        0        1         1 
	   Disk (KB)            :  2716392 16777216  16777216 
	   GPUs                 :                 1         1 "GPU-41789432"
	   IoHeavy              :                           0 
	   Memory (MB)          :      416    16384     16384 
	   TimeExecute (s)      :       67                    
	   TimeSlotBusy (s)     :       79                    
...
