000 (8180963.247.000) 2026-06-24 12:19:47 Job submitted from host: <128.105.68.112:9618?addrs=128.105.68.112-9618+[2607-f388-2200-100-eaeb-d3ff-fea3-4202]-9618&alias=ap2001.chtc.wisc.edu&noUDP&sock=schedd_4071840_2329>
...
040 (8180963.247.000) 2026-06-24 19:14:25 Started transferring input files
	Transferring to host: <128.105.69.47:9618?addrs=128.105.69.47-9618+[2607-f388-2200-100-527c-6fff-fe66-eac6]-9618&alias=amuraligpu4000.chtc.wisc.edu&noUDP&sock=backfill1_2_1332502_f3e3_101968>
...
040 (8180963.247.000) 2026-06-24 19:14:39 Finished transferring input files
...
001 (8180963.247.000) 2026-06-24 19:14:39 Job executing on host: <128.105.69.47:9618?addrs=128.105.69.47-9618+[2607-f388-2200-100-527c-6fff-fe66-eac6]-9618&alias=amuraligpu4000.chtc.wisc.edu&noUDP&sock=startd_11579_cf33>
	SlotName: backfill1_2@amuraligpu4000.chtc.wisc.edu
	AvailableGPUs = { GPUs_GPU_d8206374 }
	CondorScratchDir = "/var/lib/condor/execute/slot1/dir_1343738/scratch"
	Cpus = 1
	Disk = 16777216
	GPUs = 1
	GPUs_GPU_d8206374 = [ Id = "GPU-d8206374"; Capability = 8.9; DeviceName = "NVIDIA L40S"; DeviceUuid = "d8206374-af5d-873a-5dca-ed6a50f62dc2"; ECCEnabled = true; NvidiaDriver = "570.195.03"; DriverVersion = 12.8; DevicePciBusId = "0000:50:00.0"; GlobalMemoryMb = 45468; MaxSupportedVersion = 12080 ]
	IoHeavy = 0
	Memory = 16384
...
006 (8180963.247.000) 2026-06-24 19:14:48 Image size of job updated: 419872
	411  -  MemoryUsage of job (MB)
	419872  -  ResidentSetSize of job (KB)
...
006 (8180963.247.000) 2026-06-24 19:19:49 Image size of job updated: 4163256
	3632  -  MemoryUsage of job (MB)
	3718160  -  ResidentSetSize of job (KB)
...
006 (8180963.247.000) 2026-06-24 19:24:50 Image size of job updated: 4775612
	4506  -  MemoryUsage of job (MB)
	4613872  -  ResidentSetSize of job (KB)
...
006 (8180963.247.000) 2026-06-24 19:29:50 Image size of job updated: 4806316
	4644  -  MemoryUsage of job (MB)
	4754436  -  ResidentSetSize of job (KB)
...
006 (8180963.247.000) 2026-06-24 19:34:51 Image size of job updated: 5499096
	5324  -  MemoryUsage of job (MB)
	5451452  -  ResidentSetSize of job (KB)
...
006 (8180963.247.000) 2026-06-24 19:39:51 Image size of job updated: 5903928
	5766  -  MemoryUsage of job (MB)
	5903928  -  ResidentSetSize of job (KB)
...
006 (8180963.247.000) 2026-06-24 19:41:16 Image size of job updated: 6008512
	5766  -  MemoryUsage of job (MB)
	5903928  -  ResidentSetSize of job (KB)
...
040 (8180963.247.000) 2026-06-24 19:41:16 Started transferring output files
...
040 (8180963.247.000) 2026-06-24 19:41:16 Finished transferring output files
...
004 (8180963.247.000) 2026-06-24 19:41:17 Job was evicted.
	(0) Job terminated and was requeued
		Usr 0 00:29:34, Sys 0 00:01:01  -  Run Remote Usage
		Usr 0 00:00:00, Sys 0 00:00:00  -  Run Local Usage
	109964  -  Run Bytes Sent By Job
	2784292071  -  Run Bytes Received By Job
	(1) Normal termination (return value 1)
	The job attribute OnExitRemove expression 'NumJobCompletions > JobMaxRetries || ExitCode =?= 0' evaluated to FALSE
...
040 (8180963.247.000) 2026-06-24 19:42:05 Started transferring input files
	Transferring to host: <10.1.1.139:42915?CCBID=128.105.82.148:9618%3faddrs%3d128.105.82.148-9618+[2607-f388-2200-9d-7ccb-bc08-2489-7689]-9618%26alias%3dospool-ccb.osg.chtc.io%26noUDP%26sock%3dcollector10#4755485%2067.58.49.91:9618%3faddrs%3d67.58.49.91-9618+[fdf0-17b3-c3ec-1f79-10-0-d-2091]-9618%26alias%3dccb-2.ospool.osg-htc.org%26noUDP%26sock%3dcollector8#4755120&PrivNet=gpu09&addrs=10.1.1.139-42915&alias=gpu09&noUDP>
...
040 (8180963.247.000) 2026-06-24 19:44:12 Finished transferring input files
...
021 (8180963.247.000) 2026-06-24 19:44:13 Message from starter on slot1_4@glidein_2870973_331091540@gpu09:
	PREPARE_JOB (prepare-hook) succeeded (reported status 000): Using Singularity image openfe_1.11.1.sif
...
001 (8180963.247.000) 2026-06-24 19:44:13 Job executing on host: <10.1.1.139:41349?CCBID=128.105.82.148:9618%3faddrs%3d128.105.82.148-9618+[2607-f388-2200-9d-7ccb-bc08-2489-7689]-9618%26alias%3dospool-ccb.osg.chtc.io%26noUDP%26sock%3dcollector8#4707248%2067.58.49.91:9618%3faddrs%3d67.58.49.91-9618+[fdf0-17b3-c3ec-1f79-10-0-d-2091]-9618%26alias%3dccb-2.ospool.osg-htc.org%26noUDP%26sock%3dcollector4#4696459&PrivNet=gpu09&addrs=10.1.1.139-41349&alias=gpu09&noUDP>
	SlotName: slot1_4@glidein_2870973_331091540@gpu09
	AvailableGPUs = { GPUs_GPU_4b0a632b }
	CondorScratchDir = "/tmp/glide_C7mgVC/execute/dir_646113/scratch"
	Cpus = 1
	Disk = 16777216
	GPUs = 1
	GPUs_GPU_4b0a632b = [ Id = "GPU-4b0a632b"; ClockMhz = 1695.0; Capability = 8.6; CoresPerCU = 128; DeviceName = "NVIDIA RTX A5000"; DeviceUuid = "4b0a632b-7aa2-a96d-20c9-a8e95d9ee6a5"; ECCEnabled = false; ComputeUnits = 64; NvidiaDriver = "595.71.05"; DriverVersion = 13.2; DevicePciBusId = "0000:41:00.0"; GlobalMemoryMb = 24361; MaxSupportedVersion = 13020 ]
	Memory = 16384
...
006 (8180963.247.000) 2026-06-24 19:44:22 Image size of job updated: 9801356
	7325  -  MemoryUsage of job (MB)
	7500000  -  ResidentSetSize of job (KB)
...
006 (8180963.247.000) 2026-06-24 19:49:23 Image size of job updated: 31031140
	7325  -  MemoryUsage of job (MB)
	7500000  -  ResidentSetSize of job (KB)
...
006 (8180963.247.000) 2026-06-24 19:54:23 Image size of job updated: 31792212
	7325  -  MemoryUsage of job (MB)
	7500000  -  ResidentSetSize of job (KB)
...
006 (8180963.247.000) 2026-06-24 19:59:24 Image size of job updated: 36530604
	7325  -  MemoryUsage of job (MB)
	7500000  -  ResidentSetSize of job (KB)
...
006 (8180963.247.000) 2026-06-24 20:04:24 Image size of job updated: 38729948
	7325  -  MemoryUsage of job (MB)
	7500000  -  ResidentSetSize of job (KB)
...
006 (8180963.247.000) 2026-06-24 20:19:26 Image size of job updated: 39328684
	7325  -  MemoryUsage of job (MB)
	7500000  -  ResidentSetSize of job (KB)
...
006 (8180963.247.000) 2026-06-24 20:32:21 Image size of job updated: 39928740
	7325  -  MemoryUsage of job (MB)
	7500000  -  ResidentSetSize of job (KB)
...
040 (8180963.247.000) 2026-06-24 20:32:21 Started transferring output files
...
040 (8180963.247.000) 2026-06-24 20:32:21 Finished transferring output files
...
004 (8180963.247.000) 2026-06-24 20:32:22 Job was evicted.
	(0) Job terminated and was requeued
		Usr 0 00:49:43, Sys 0 00:00:30  -  Run Remote Usage
		Usr 0 00:00:00, Sys 0 00:00:00  -  Run Local Usage
	102807  -  Run Bytes Sent By Job
	2784292071  -  Run Bytes Received By Job
	(1) Normal termination (return value 1)
	The job attribute OnExitRemove expression 'NumJobCompletions > JobMaxRetries || ExitCode =?= 0' evaluated to FALSE
...
040 (8180963.247.000) 2026-06-24 21:43:31 Started transferring input files
	Transferring to host: <141.142.150.79:15249?CCBID=128.105.82.148:9618%3faddrs%3d128.105.82.148-9618+[2607-f388-2200-9d-7ccb-bc08-2489-7689]-9618%26alias%3dospool-ccb.osg.chtc.io%26noUDP%26sock%3dcollector3#4776205%2067.58.49.91:9618%3faddrs%3d67.58.49.91-9618+[fdf0-17b3-c3ec-1f79-10-0-d-2091]-9618%26alias%3dccb-2.ospool.osg-htc.org%26noUDP%26sock%3dcollector9#4768109&PrivNet=rails09&addrs=141.142.150.79-15249&alias=rails09&noUDP>
...
040 (8180963.247.000) 2026-06-24 21:43:49 Finished transferring input files
...
021 (8180963.247.000) 2026-06-24 21:43:51 Message from starter on slot1_1@glidein_2020898_128205280@rails09:
	PREPARE_JOB (prepare-hook) succeeded (reported status 000): Using Singularity image openfe_1.11.1.sif
...
001 (8180963.247.000) 2026-06-24 21:43:51 Job executing on host: <141.142.150.79:15491?CCBID=128.105.82.148:9618%3faddrs%3d128.105.82.148-9618+[2607-f388-2200-9d-7ccb-bc08-2489-7689]-9618%26alias%3dospool-ccb.osg.chtc.io%26noUDP%26sock%3dcollector10#4717852%2067.58.49.91:9618%3faddrs%3d67.58.49.91-9618+[fdf0-17b3-c3ec-1f79-10-0-d-2091]-9618%26alias%3dccb-2.ospool.osg-htc.org%26noUDP%26sock%3dcollector8#4717234&PrivNet=rails09&addrs=141.142.150.79-15491&alias=rails09&noUDP>
	SlotName: slot1_1@glidein_2020898_128205280@rails09
	AvailableGPUs = { GPUs_GPU_eb5544ab }
	CondorScratchDir = "/projects/bcxl/svcosguser/glide_kjonIb/execute/dir_2929860/scratch"
	Cpus = 1
	Disk = 16777216
	GPUs = 1
	GPUs_GPU_eb5544ab = [ Id = "GPU-eb5544ab"; ClockMhz = 1410.0; Capability = 8.0; CoresPerCU = 64; DeviceName = "NVIDIA A100 80GB PCIe"; DeviceUuid = "eb5544ab-f55c-0868-f295-5781d2fad78d"; ECCEnabled = true; ComputeUnits = 108; NvidiaDriver = "590.48.01"; DriverVersion = 13.1; DevicePciBusId = "0000:81:00.0"; GlobalMemoryMb = 81153; MaxSupportedVersion = 13010 ]
	Memory = 16384
...
004 (8180963.247.000) 2026-06-24 21:47:36 Job was evicted. Code 1013 Subcode 0
	(0) CPU times
		Usr 0 00:03:35, Sys 0 00:00:11  -  Run Remote Usage
		Usr 0 00:00:00, Sys 0 00:00:00  -  Run Local Usage
	0  -  Run Bytes Sent By Job
	2784292071  -  Run Bytes Received By Job
	Reason: Startd was shutdown
	Partitionable Resources :      Usage  Request Allocated Assigned
	   Cpus                 :       0.99        1         1 
	   Disk (KB)            : 2730891    16777216  16777216 
	   GPUs                 :       0           1         1 "GPU-eb5544ab"
	   GpusMemory (MB)      :     771                       
	   Memory (MB)          :    7325       16384     16384 
	   TimeExecute (s)      :     218                       
	   TimeSlotBusy (s)     :     239                       
...
040 (8180963.247.000) 2026-06-24 21:57:23 Started transferring input files
	Transferring to host: <10.1.1.137:34021?CCBID=128.105.82.148:9618%3faddrs%3d128.105.82.148-9618+[2607-f388-2200-9d-7ccb-bc08-2489-7689]-9618%26alias%3dospool-ccb.osg.chtc.io%26noUDP%26sock%3dcollector2#4773918%2067.58.49.91:9618%3faddrs%3d67.58.49.91-9618+[fdf0-17b3-c3ec-1f79-10-0-d-2091]-9618%26alias%3dccb-2.ospool.osg-htc.org%26noUDP%26sock%3dcollector4#4764846&PrivNet=gpu07&addrs=10.1.1.137-34021&alias=gpu07&noUDP>
...
040 (8180963.247.000) 2026-06-24 21:59:22 Finished transferring input files
...
021 (8180963.247.000) 2026-06-24 21:59:22 Message from starter on slot1_2@glidein_1094730_137412094@gpu07:
	PREPARE_JOB (prepare-hook) succeeded (reported status 000): Using Singularity image openfe_1.11.1.sif
...
001 (8180963.247.000) 2026-06-24 21:59:22 Job executing on host: <10.1.1.137:35109?CCBID=128.105.82.148:9618%3faddrs%3d128.105.82.148-9618+[2607-f388-2200-9d-7ccb-bc08-2489-7689]-9618%26alias%3dospool-ccb.osg.chtc.io%26noUDP%26sock%3dcollector4#4742458%2067.58.49.91:9618%3faddrs%3d67.58.49.91-9618+[fdf0-17b3-c3ec-1f79-10-0-d-2091]-9618%26alias%3dccb-2.ospool.osg-htc.org%26noUDP%26sock%3dcollector4#4732207&PrivNet=gpu07&addrs=10.1.1.137-35109&alias=gpu07&noUDP>
	SlotName: slot1_2@glidein_1094730_137412094@gpu07
	AvailableGPUs = { GPUs_GPU_c08fb2a4 }
	CondorScratchDir = "/tmp/glide_iOKRpy/execute/dir_1709482/scratch"
	Cpus = 1
	Disk = 16777216
	GPUs = 1
	GPUs_GPU_c08fb2a4 = [ Id = "GPU-c08fb2a4"; ClockMhz = 1695.0; Capability = 8.6; CoresPerCU = 128; DeviceName = "NVIDIA RTX A5000"; DeviceUuid = "c08fb2a4-6c04-97d3-3ce9-b6a3b619936f"; ECCEnabled = false; ComputeUnits = 64; NvidiaDriver = "595.71.05"; DriverVersion = 13.2; DevicePciBusId = "0000:41:00.0"; GlobalMemoryMb = 24361; MaxSupportedVersion = 13020 ]
	Memory = 16384
...
040 (8180963.247.000) 2026-06-24 22:40:27 Started transferring output files
...
040 (8180963.247.000) 2026-06-24 22:40:27 Finished transferring output files
...
004 (8180963.247.000) 2026-06-24 22:40:29 Job was evicted.
	(0) Job terminated and was requeued
		Usr 0 00:42:29, Sys 0 00:00:27  -  Run Remote Usage
		Usr 0 00:00:00, Sys 0 00:00:00  -  Run Local Usage
	102802  -  Run Bytes Sent By Job
	2784292071  -  Run Bytes Received By Job
	(1) Normal termination (return value 1)
	The job attribute OnExitRemove expression 'NumJobCompletions > JobMaxRetries || ExitCode =?= 0' evaluated to FALSE
...
040 (8180963.247.000) 2026-06-24 22:40:57 Started transferring input files
	Transferring to host: <128.105.69.34:9618?addrs=128.105.69.34-9618+[2607-f388-2200-100-527c-6fff-fe66-ea4a]-9618&alias=mkhodakgpu4000.chtc.wisc.edu&noUDP&sock=backfill1_1_2685916_8d1f_105256>
...
040 (8180963.247.000) 2026-06-24 22:43:59 Finished transferring input files
...
001 (8180963.247.000) 2026-06-24 22:43:59 Job executing on host: <128.105.69.34:9618?addrs=128.105.69.34-9618+[2607-f388-2200-100-527c-6fff-fe66-ea4a]-9618&alias=mkhodakgpu4000.chtc.wisc.edu&noUDP&sock=startd_11796_a740>
	SlotName: backfill1_1@mkhodakgpu4000.chtc.wisc.edu
	AvailableGPUs = { GPUs_GPU_c7d03fd0 }
	CondorScratchDir = "/var/lib/condor/execute/slot1/dir_1118025/scratch"
	Cpus = 1
	Disk = 16777216
	GPUs = 1
	GPUs_GPU_c7d03fd0 = [ Id = "GPU-c7d03fd0"; Capability = 8.9; DeviceName = "NVIDIA L40S"; DeviceUuid = "c7d03fd0-754e-9df9-8e35-2c63a7b5df74"; ECCEnabled = true; NvidiaDriver = "570.195.03"; DriverVersion = 12.8; DevicePciBusId = "0000:E1:00.0"; GlobalMemoryMb = 45468; MaxSupportedVersion = 12080 ]
	IoHeavy = 0
	Memory = 16384
...
040 (8180963.247.000) 2026-06-24 23:10:24 Started transferring output files
...
040 (8180963.247.000) 2026-06-24 23:10:24 Finished transferring output files
...
004 (8180963.247.000) 2026-06-24 23:10:25 Job was evicted.
	(0) Job terminated and was requeued
		Usr 0 00:34:23, Sys 0 00:01:11  -  Run Remote Usage
		Usr 0 00:00:00, Sys 0 00:00:00  -  Run Local Usage
	109969  -  Run Bytes Sent By Job
	2710072551  -  Run Bytes Received By Job
	(1) Normal termination (return value 1)
	The job attribute OnExitRemove expression 'NumJobCompletions > JobMaxRetries || ExitCode =?= 0' evaluated to FALSE
...
040 (8180963.247.000) 2026-06-24 23:10:30 Started transferring input files
	Transferring to host: <128.105.69.246:9618?addrs=128.105.69.246-9618+[2607-f388-2200-100-3eec-efff-fe1e-deb4]-9618&alias=mcdanielgpu4001.chtc.wisc.edu&noUDP&sock=backfill1_1_190142_fd6d_95936>
...
040 (8180963.247.000) 2026-06-24 23:19:09 Finished transferring input files
...
001 (8180963.247.000) 2026-06-24 23:19:09 Job executing on host: <128.105.69.246:9618?addrs=128.105.69.246-9618+[2607-f388-2200-100-3eec-efff-fe1e-deb4]-9618&alias=mcdanielgpu4001.chtc.wisc.edu&noUDP&sock=startd_10897_039c>
	SlotName: backfill1_1@mcdanielgpu4001.chtc.wisc.edu
	AvailableGPUs = { GPUs_GPU_ebc70bbe }
	CondorScratchDir = "/var/lib/condor/execute/slot1/dir_846529/scratch"
	Cpus = 1
	Disk = 16777216
	GPUs = 1
	GPUs_GPU_ebc70bbe = [ Id = "GPU-ebc70bbe"; Capability = 8.0; DeviceName = "NVIDIA A100-SXM4-40GB"; DeviceUuid = "ebc70bbe-26fa-01af-ba2f-340326dc273e"; ECCEnabled = true; NvidiaDriver = "570.195.03"; DriverVersion = 12.8; DevicePciBusId = "0000:CA:00.0"; GlobalMemoryMb = 40442; MaxSupportedVersion = 12080 ]
	IoHeavy = 0
	Memory = 16384
...
040 (8180963.247.000) 2026-06-25 00:00:20 Started transferring output files
...
040 (8180963.247.000) 2026-06-25 00:00:20 Finished transferring output files
...
004 (8180963.247.000) 2026-06-25 00:00:21 Job was evicted.
	(0) Job terminated and was requeued
		Usr 0 00:50:07, Sys 0 00:02:43  -  Run Remote Usage
		Usr 0 00:00:00, Sys 0 00:00:00  -  Run Local Usage
	109971  -  Run Bytes Sent By Job
	2784292071  -  Run Bytes Received By Job
	(1) Normal termination (return value 1)
	The job attribute OnExitRemove expression 'NumJobCompletions > JobMaxRetries || ExitCode =?= 0' evaluated to FALSE
...
040 (8180963.247.000) 2026-06-25 00:00:32 Started transferring input files
	Transferring to host: <128.105.69.245:9618?addrs=128.105.69.245-9618+[2607-f388-2200-100-3eec-efff-fe0c-5174]-9618&alias=mcdanielgpu4000.chtc.wisc.edu&noUDP&sock=backfill1_2_1128702_6a83_94132>
...
040 (8180963.247.000) 2026-06-25 00:02:31 Finished transferring input files
...
001 (8180963.247.000) 2026-06-25 00:02:31 Job executing on host: <128.105.69.245:9618?addrs=128.105.69.245-9618+[2607-f388-2200-100-3eec-efff-fe0c-5174]-9618&alias=mcdanielgpu4000.chtc.wisc.edu&noUDP&sock=startd_11062_30bc>
	SlotName: backfill1_2@mcdanielgpu4000.chtc.wisc.edu
	AvailableGPUs = { GPUs_GPU_a8137759 }
	CondorScratchDir = "/var/lib/condor/execute/slot1/dir_800420/scratch"
	Cpus = 1
	Disk = 16777216
	GPUs = 1
	GPUs_GPU_a8137759 = [ Id = "GPU-a8137759"; Capability = 8.0; DeviceName = "NVIDIA A100-SXM4-40GB"; DeviceUuid = "a8137759-5848-86b3-4f7a-6fde54dd8198"; ECCEnabled = true; NvidiaDriver = "570.195.03"; DriverVersion = 12.8; DevicePciBusId = "0000:81:00.0"; GlobalMemoryMb = 40442; MaxSupportedVersion = 12080 ]
	IoHeavy = 0
	Memory = 16384
...
040 (8180963.247.000) 2026-06-25 00:42:34 Started transferring output files
...
040 (8180963.247.000) 2026-06-25 00:42:34 Finished transferring output files
...
004 (8180963.247.000) 2026-06-25 00:42:35 Job was evicted.
	(0) Job terminated and was requeued
		Usr 0 00:49:10, Sys 0 00:02:19  -  Run Remote Usage
		Usr 0 00:00:00, Sys 0 00:00:00  -  Run Local Usage
	109971  -  Run Bytes Sent By Job
	2784292071  -  Run Bytes Received By Job
	(1) Normal termination (return value 1)
	The job attribute OnExitRemove expression 'NumJobCompletions > JobMaxRetries || ExitCode =?= 0' evaluated to FALSE
...
040 (8180963.247.000) 2026-06-25 00:42:36 Started transferring input files
	Transferring to host: <128.105.69.60:9618?addrs=128.105.69.60-9618+[2607-f388-2200-100-527c-6fff-fe66-e7e2]-9618&alias=blengerichgpu4000.chtc.wisc.edu&noUDP&sock=backfill1_2_1843674_de95_105689>
...
040 (8180963.247.000) 2026-06-25 00:44:43 Finished transferring input files
...
001 (8180963.247.000) 2026-06-25 00:44:43 Job executing on host: <128.105.69.60:9618?addrs=128.105.69.60-9618+[2607-f388-2200-100-527c-6fff-fe66-e7e2]-9618&alias=blengerichgpu4000.chtc.wisc.edu&noUDP&sock=startd_11585_ecc4>
	SlotName: backfill1_2@blengerichgpu4000.chtc.wisc.edu
	AvailableGPUs = { GPUs_GPU_db5665ff }
	CondorScratchDir = "/var/lib/condor/execute/slot1/dir_3977941/scratch"
	Cpus = 1
	Disk = 16777216
	GPUs = 1
	GPUs_GPU_db5665ff = [ Id = "GPU-db5665ff"; Capability = 8.9; DeviceName = "NVIDIA L40S"; DeviceUuid = "db5665ff-35ac-5e51-55be-e8c110b7cb1f"; ECCEnabled = true; NvidiaDriver = "570.195.03"; DriverVersion = 12.8; DevicePciBusId = "0000:CF:00.0"; GlobalMemoryMb = 45468; MaxSupportedVersion = 12080 ]
	IoHeavy = 0
	Memory = 16384
...
040 (8180963.247.000) 2026-06-25 01:10:24 Started transferring output files
...
040 (8180963.247.000) 2026-06-25 01:10:24 Finished transferring output files
...
004 (8180963.247.000) 2026-06-25 01:10:25 Job was evicted.
	(0) Job terminated and was requeued
		Usr 0 00:37:08, Sys 0 00:01:17  -  Run Remote Usage
		Usr 0 00:00:00, Sys 0 00:00:00  -  Run Local Usage
	109986  -  Run Bytes Sent By Job
	2784292071  -  Run Bytes Received By Job
	(1) Normal termination (return value 1)
	The job attribute OnExitRemove expression 'NumJobCompletions > JobMaxRetries || ExitCode =?= 0' evaluated to FALSE
...
040 (8180963.247.000) 2026-06-25 01:10:43 Started transferring input files
	Transferring to host: <128.105.76.52:9618?addrs=128.105.76.52-9618+[2607-f388-2200-100-b65c-b5ff-fe81-e53e]-9618&alias=dbrundage-chtcgpu5000.chtc.wisc.edu&noUDP&sock=backfill1_5_11313_c825_24782>
...
040 (8180963.247.000) 2026-06-25 01:10:57 Finished transferring input files
...
001 (8180963.247.000) 2026-06-25 01:10:57 Job executing on host: <128.105.76.52:9618?addrs=128.105.76.52-9618+[2607-f388-2200-100-b65c-b5ff-fe81-e53e]-9618&alias=dbrundage-chtcgpu5000.chtc.wisc.edu&noUDP&sock=startd_10956_7bb2>
	SlotName: backfill1_5@dbrundage-chtcgpu5000.chtc.wisc.edu
	AvailableGPUs = { GPUs_GPU_75df436f }
	CondorScratchDir = "/var/lib/condor/execute/slot1/dir_3617145/scratch"
	Cpus = 1
	Disk = 16777216
	GPUs = 1
	GPUs_GPU_75df436f = [ Id = "GPU-75df436f"; Capability = 9.0; DeviceName = "NVIDIA H200"; DeviceUuid = "75df436f-ce37-d29f-2a6b-8bb2b8280c2d"; ECCEnabled = true; NvidiaDriver = "590.48.01"; DriverVersion = 13.1; DevicePciBusId = "0000:CB:00.0"; GlobalMemoryMb = 143158; MaxSupportedVersion = 13010 ]
	IoHeavy = 0
	Memory = 16384
...
004 (8180963.247.000) 2026-06-25 01:12:30 Job was evicted. Code 1011 Subcode 0
	(0) CPU times
		Usr 0 00:01:28, Sys 0 00:00:03  -  Run Remote Usage
		Usr 0 00:00:00, Sys 0 00:00:00  -  Run Local Usage
	0  -  Run Bytes Sent By Job
	2784292071  -  Run Bytes Received By Job
	Reason: PREEMPT expression evaluated to True
	Partitionable Resources :      Usage  Request Allocated Assigned
	   Cpus                 :       1.00        1         1 
	   Disk (KB)            : 2729476    16777216  16777216 
	   GPUs                 :       0           1         1 "GPU-75df436f"
	   IoHeavy              :                             0 
	   Memory (MB)          :    7325       16384     16384 
	   TimeExecute (s)      :      93                       
	   TimeSlotBusy (s)     :     107                       
...
040 (8180963.247.000) 2026-06-25 01:13:08 Started transferring input files
	Transferring to host: <128.104.100.17:9618?addrs=128.104.100.17-9618+[2607-f388-107c-501-527c-6fff-fe66-e9bc]-9618&alias=jcaicedogpu0002.chtc.wisc.edu&noUDP&sock=backfill1_8_2855957_d182_102996>
...
040 (8180963.247.000) 2026-06-25 01:13:22 Finished transferring input files
...
001 (8180963.247.000) 2026-06-25 01:13:22 Job executing on host: <128.104.100.17:9618?addrs=128.104.100.17-9618+[2607-f388-107c-501-527c-6fff-fe66-e9bc]-9618&alias=jcaicedogpu0002.chtc.wisc.edu&noUDP&sock=startd_11788_2a7e>
	SlotName: backfill1_8@jcaicedogpu0002.chtc.wisc.edu
	AvailableGPUs = { GPUs_GPU_555b5363 }
	CondorScratchDir = "/var/lib/condor/execute/slot1/dir_90351/scratch"
	Cpus = 1
	Disk = 16777216
	GPUs = 1
	GPUs_GPU_555b5363 = [ Id = "GPU-555b5363"; Capability = 8.9; DeviceName = "NVIDIA L40S"; DeviceUuid = "555b5363-2206-6699-9cc2-7a11eb770803"; ECCEnabled = true; NvidiaDriver = "570.195.03"; DriverVersion = 12.8; DevicePciBusId = "0000:17:00.0"; GlobalMemoryMb = 45468; MaxSupportedVersion = 12080 ]
	IoHeavy = 0
	Memory = 16384
...
040 (8180963.247.000) 2026-06-25 01:40:21 Started transferring output files
...
040 (8180963.247.000) 2026-06-25 01:40:21 Finished transferring output files
...
004 (8180963.247.000) 2026-06-25 01:40:22 Job was evicted.
	(0) Job terminated and was requeued
		Usr 0 00:33:23, Sys 0 00:01:41  -  Run Remote Usage
		Usr 0 00:00:00, Sys 0 00:00:00  -  Run Local Usage
	109974  -  Run Bytes Sent By Job
	2784292071  -  Run Bytes Received By Job
	(1) Normal termination (return value 1)
	The job attribute OnExitRemove expression 'NumJobCompletions > JobMaxRetries || ExitCode =?= 0' evaluated to FALSE
...
040 (8180963.247.000) 2026-06-25 01:42:25 Started transferring input files
	Transferring to host: <10.1.1.139:35055?CCBID=128.105.82.148:9618%3faddrs%3d128.105.82.148-9618+[2607-f388-2200-9d-7ccb-bc08-2489-7689]-9618%26alias%3dospool-ccb.osg.chtc.io%26noUDP%26sock%3dcollector9#4801077%2067.58.49.91:9618%3faddrs%3d67.58.49.91-9618+[fdf0-17b3-c3ec-1f79-10-0-d-2091]-9618%26alias%3dccb-2.ospool.osg-htc.org%26noUDP%26sock%3dcollector5#4795532&PrivNet=gpu09&addrs=10.1.1.139-35055&alias=gpu09&noUDP>
...
040 (8180963.247.000) 2026-06-25 01:49:04 Finished transferring input files
...
021 (8180963.247.000) 2026-06-25 01:49:05 Message from starter on slot1_4@glidein_2870973_331091540@gpu09:
	PREPARE_JOB (prepare-hook) succeeded (reported status 000): Using Singularity image openfe_1.11.1.sif
...
001 (8180963.247.000) 2026-06-25 01:49:05 Job executing on host: <10.1.1.139:41349?CCBID=128.105.82.148:9618%3faddrs%3d128.105.82.148-9618+[2607-f388-2200-9d-7ccb-bc08-2489-7689]-9618%26alias%3dospool-ccb.osg.chtc.io%26noUDP%26sock%3dcollector8#4707248%2067.58.49.91:9618%3faddrs%3d67.58.49.91-9618+[fdf0-17b3-c3ec-1f79-10-0-d-2091]-9618%26alias%3dccb-2.ospool.osg-htc.org%26noUDP%26sock%3dcollector4#4696459&PrivNet=gpu09&addrs=10.1.1.139-41349&alias=gpu09&noUDP>
	SlotName: slot1_4@glidein_2870973_331091540@gpu09
	AvailableGPUs = { GPUs_GPU_4b0a632b }
	CondorScratchDir = "/tmp/glide_C7mgVC/execute/dir_1023883/scratch"
	Cpus = 1
	Disk = 16777216
	GPUs = 1
	GPUs_GPU_4b0a632b = [ Id = "GPU-4b0a632b"; ClockMhz = 1695.0; Capability = 8.6; CoresPerCU = 128; DeviceName = "NVIDIA RTX A5000"; DeviceUuid = "4b0a632b-7aa2-a96d-20c9-a8e95d9ee6a5"; ECCEnabled = false; ComputeUnits = 64; NvidiaDriver = "595.71.05"; DriverVersion = 13.2; DevicePciBusId = "0000:41:00.0"; GlobalMemoryMb = 24361; MaxSupportedVersion = 13020 ]
	Memory = 16384
...
006 (8180963.247.000) 2026-06-25 02:19:18 Image size of job updated: 40172224
	7325  -  MemoryUsage of job (MB)
	7500000  -  ResidentSetSize of job (KB)
...
006 (8180963.247.000) 2026-06-25 02:24:18 Image size of job updated: 40244036
	7325  -  MemoryUsage of job (MB)
	7500000  -  ResidentSetSize of job (KB)
...
006 (8180963.247.000) 2026-06-25 02:36:30 Image size of job updated: 40772264
	7325  -  MemoryUsage of job (MB)
	7500000  -  ResidentSetSize of job (KB)
...
040 (8180963.247.000) 2026-06-25 02:36:30 Started transferring output files
...
040 (8180963.247.000) 2026-06-25 02:36:31 Finished transferring output files
...
004 (8180963.247.000) 2026-06-25 02:36:32 Job was evicted.
	(0) Job terminated and was requeued
		Usr 0 00:51:08, Sys 0 00:00:34  -  Run Remote Usage
		Usr 0 00:00:00, Sys 0 00:00:00  -  Run Local Usage
	102802  -  Run Bytes Sent By Job
	2784292071  -  Run Bytes Received By Job
	(1) Normal termination (return value 1)
	The job attribute OnExitRemove expression 'NumJobCompletions > JobMaxRetries || ExitCode =?= 0' evaluated to FALSE
...
040 (8180963.247.000) 2026-06-25 02:37:28 Started transferring input files
	Transferring to host: <128.105.76.47:9618?addrs=128.105.76.47-9618+[2607-f388-2200-100-527c-6fff-fe82-826a]-9618&alias=gpu4006.chtc.wisc.edu&noUDP&sock=slot2_5_2618986_4fbd_98214>
...
040 (8180963.247.000) 2026-06-25 02:39:49 Finished transferring input files
...
001 (8180963.247.000) 2026-06-25 02:39:49 Job executing on host: <128.105.76.47:9618?addrs=128.105.76.47-9618+[2607-f388-2200-100-527c-6fff-fe82-826a]-9618&alias=gpu4006.chtc.wisc.edu&noUDP&sock=startd_11220_90b3>
	SlotName: slot2_5@gpu4006.chtc.wisc.edu
	AvailableGPUs = { GPUs_GPU_1cd9ff5a }
	CondorScratchDir = "/var/lib/condor/execute/slot2/dir_1149643/scratch"
	Cpus = 1
	Disk = 16777216
	GPUs = 1
	GPUs_GPU_1cd9ff5a = [ Id = "GPU-1cd9ff5a"; Capability = 8.9; DeviceName = "NVIDIA L40S"; DeviceUuid = "1cd9ff5a-a59d-e99d-595f-90985613bdb6"; ECCEnabled = true; NvidiaDriver = "590.48.01"; DriverVersion = 13.1; DevicePciBusId = "0000:81:00.0"; GlobalMemoryMb = 45460; MaxSupportedVersion = 13010 ]
	IoHeavy = 0
	Memory = 16384
...
040 (8180963.247.000) 2026-06-25 03:02:42 Started transferring output files
...
040 (8180963.247.000) 2026-06-25 03:02:42 Finished transferring output files
...
004 (8180963.247.000) 2026-06-25 03:02:42 Job was evicted.
	(0) Job terminated and was requeued
		Usr 0 00:29:07, Sys 0 00:02:56  -  Run Remote Usage
		Usr 0 00:00:00, Sys 0 00:00:00  -  Run Local Usage
	110006  -  Run Bytes Sent By Job
	2784292071  -  Run Bytes Received By Job
	(1) Normal termination (return value 1)
	The job attribute OnExitRemove expression 'NumJobCompletions > JobMaxRetries || ExitCode =?= 0' evaluated to FALSE
...
040 (8180963.247.000) 2026-06-25 03:03:23 Started transferring input files
	Transferring to host: <128.104.103.48:9618?addrs=128.104.103.48-9618+[2607-f388-107c-501-ae1f-6bff-fe2c-2f00]-9618&alias=vetsigian0001.chtc.wisc.edu&noUDP&sock=slot2_4_10681_7b0b_20477>
...
040 (8180963.247.000) 2026-06-25 03:23:27 Finished transferring input files
...
001 (8180963.247.000) 2026-06-25 03:23:27 Job executing on host: <128.104.103.48:9618?addrs=128.104.103.48-9618+[2607-f388-107c-501-ae1f-6bff-fe2c-2f00]-9618&alias=vetsigian0001.chtc.wisc.edu&noUDP&sock=startd_9913_126b>
	SlotName: slot2_4@vetsigian0001.chtc.wisc.edu
	AvailableGPUs = { GPUs_GPU_0c640e20 }
	CondorScratchDir = "/var/lib/condor/execute/slot2/dir_1003573/scratch"
	Cpus = 1
	Disk = 16777216
	GPUs = 1
	GPUs_GPU_0c640e20 = [ Id = "GPU-0c640e20"; Capability = 7.5; DeviceName = "NVIDIA GeForce RTX 2080 Ti"; DeviceUuid = "0c640e20-b6ea-dd63-b391-be95cfa04742"; ECCEnabled = false; NvidiaDriver = "550.54.14"; DriverVersion = 12.4; DevicePciBusId = "0000:3E:00.0"; GlobalMemoryMb = 11004; MaxSupportedVersion = 12040 ]
	IoHeavy = 0
	Memory = 16384
...
040 (8180963.247.000) 2026-06-25 04:06:54 Started transferring output files
...
040 (8180963.247.000) 2026-06-25 04:06:54 Finished transferring output files
...
005 (8180963.247.000) 2026-06-25 04:06:55 Job terminated.
	(1) Normal termination (return value 1)
		Usr 0 00:48:31, Sys 0 00:01:28  -  Run Remote Usage
		Usr 0 00:00:00, Sys 0 00:00:00  -  Run Local Usage
		Usr 0 07:39:46, Sys 0 00:16:21  -  Total Remote Usage
		Usr 0 00:00:00, Sys 0 00:00:00  -  Total Local Usage
	109960  -  Run Bytes Sent By Job
	2784292071  -  Run Bytes Received By Job
	1188212  -  Total Bytes Sent By Job
	36121577403  -  Total Bytes Received By Job
	Partitionable Resources :      Usage  Request Allocated Assigned
	   Cpus                 :       1.00        1         1 
	   Disk (KB)            : 3122024    16777216  16777216 
	   GPUs                 :       0.08        1         1 "GPU-0c640e20"
	   GpusMemory (MB)      :    4208                       
	   IoHeavy              :                             0 
	   Memory (MB)          :    7325       16384     16384 
	   TimeExecute (s)      :    2607                       
	   TimeSlotBusy (s)     :    3812                       
...
