000 (8017966.732.000) 2026-06-20 22:07:54 Job submitted from host: <128.105.68.112:9618?addrs=128.105.68.112-9618+[2607-f388-2200-100-eaeb-d3ff-fea3-4202]-9618&alias=ap2001.chtc.wisc.edu&noUDP&sock=schedd_4071840_2329>
...
040 (8017966.732.000) 2026-06-21 04:11:01 Started transferring input files
	Transferring to host: <128.105.69.63:9618?addrs=128.105.69.63-9618+[2607-f388-2200-100-5aa2-e1ff-febe-455e]-9618&alias=gpu4003.chtc.wisc.edu&noUDP&sock=slot2_2_1549376_4e16_76298>
...
040 (8017966.732.000) 2026-06-21 04:11:12 Finished transferring input files
...
001 (8017966.732.000) 2026-06-21 04:11:12 Job executing on host: <128.105.69.63:9618?addrs=128.105.69.63-9618+[2607-f388-2200-100-5aa2-e1ff-febe-455e]-9618&alias=gpu4003.chtc.wisc.edu&noUDP&sock=startd_3051222_14a9>
	SlotName: slot2_2@gpu4003.chtc.wisc.edu
	AvailableGPUs = { GPUs_GPU_003470e7 }
	CondorScratchDir = "/var/lib/condor/execute/slot2/dir_543413/scratch"
	Cpus = 1
	Disk = 16777216
	GPUs = 1
	GPUs_GPU_003470e7 = [ Id = "GPU-003470e7"; Capability = 9.0; DeviceName = "NVIDIA H100 80GB HBM3"; DeviceUuid = "003470e7-52d4-d990-de26-d973847ef943"; ECCEnabled = true; NvidiaDriver = "570.195.03"; DriverVersion = 12.8; DevicePciBusId = "0000:DB:00.0"; GlobalMemoryMb = 81089; MaxSupportedVersion = 12080 ]
	IoHeavy = 0
	Memory = 16384
...
006 (8017966.732.000) 2026-06-21 04:11:21 Image size of job updated: 454252
	444  -  MemoryUsage of job (MB)
	454252  -  ResidentSetSize of job (KB)
...
006 (8017966.732.000) 2026-06-21 04:16:22 Image size of job updated: 1834848
	1790  -  MemoryUsage of job (MB)
	1832604  -  ResidentSetSize of job (KB)
...
006 (8017966.732.000) 2026-06-21 04:21:22 Image size of job updated: 1834848
	1790  -  MemoryUsage of job (MB)
	1832740  -  ResidentSetSize of job (KB)
...
006 (8017966.732.000) 2026-06-21 04:41:25 Image size of job updated: 1849196
	1806  -  MemoryUsage of job (MB)
	1849196  -  ResidentSetSize of job (KB)
...
006 (8017966.732.000) 2026-06-21 05:36:31 Image size of job updated: 1857264
	1814  -  MemoryUsage of job (MB)
	1857264  -  ResidentSetSize of job (KB)
...
006 (8017966.732.000) 2026-06-21 05:41:31 Image size of job updated: 1857268
	1814  -  MemoryUsage of job (MB)
	1857268  -  ResidentSetSize of job (KB)
...
006 (8017966.732.000) 2026-06-21 06:01:33 Image size of job updated: 1865496
	1822  -  MemoryUsage of job (MB)
	1865496  -  ResidentSetSize of job (KB)
...
006 (8017966.732.000) 2026-06-21 06:21:35 Image size of job updated: 1865504
	1822  -  MemoryUsage of job (MB)
	1865504  -  ResidentSetSize of job (KB)
...
040 (8017966.732.000) 2026-06-21 06:56:34 Started transferring output files
...
040 (8017966.732.000) 2026-06-21 06:56:34 Finished transferring output files
...
005 (8017966.732.000) 2026-06-21 06:56:34 Job terminated.
	(1) Normal termination (return value 0)
		Usr 0 02:48:49, Sys 0 01:38:33  -  Run Remote Usage
		Usr 0 00:00:00, Sys 0 00:00:00  -  Run Local Usage
		Usr 0 02:48:49, Sys 0 01:38:33  -  Total Remote Usage
		Usr 0 00:00:00, Sys 0 00:00:00  -  Total Local Usage
	10334442  -  Run Bytes Sent By Job
	2782479091  -  Run Bytes Received By Job
	10334442  -  Total Bytes Sent By Job
	2782479091  -  Total Bytes Received By Job
	Partitionable Resources :      Usage  Request Allocated Assigned
	   Cpus                 :       1.00        1         1 
	   Disk (KB)            : 2789021    16777216  16777216 
	   GPUs                 :       0.87        1         1 "GPU-003470e7"
	   GpusMemory (MB)      :    8497                       
	   IoHeavy              :                             0 
	   Memory (MB)          :    1822       16384     16384 
	   TimeExecute (s)      :    9922                       
	   TimeSlotBusy (s)     :    9933                       
...
