INFO:openfe.utils.system_probe.log:SYSTEM CONFIG DETAILS:
INFO:openfe.utils.system_probe.log.hostname:hostname: 'dsigpu4001'
INFO:openfe.utils.system_probe.log.gpu:CUDA-based GPU not found
INFO:openfe.utils.system_probe.log:Memory used: 78.0G (15.5%)
INFO:openfe.utils.system_probe.log:quickrun_scratch/scratch_HybridTopologySetupUnit-4c190ba5274d4f3898d6293e89ea8057_attempt_0: 1% full (11.2T free)
INFO:gufekey.openfe.protocols.openmm_rfe.hybridtop_units.HybridTopologySetupUnit:Starting system setup unit
INFO:gufekey.openfe.protocols.openmm_rfe.hybridtop_units.HybridTopologySetupUnit:Parameterizing systems
INFO:openmmforcefields.generators.template_generators:Requested to generate parameters for residue <Residue 563 (UNK) of chain 2>
INFO:openmmforcefields.generators.template_generators:Generating a residue template for [H][c]1[n][c]([N]([H])[C](=[O])[N]2[C]([H])([H])[C]([H])([H])[c]3[c]([H])[c]([H])[c]([H])[c]([H])[c]3[C]([H])([H])[C]([H])([H])[C]2([H])[H])[c]([H])[c]([N]([C]([H])([H])[H])[C]([H])([H])[H])[n]1 using openff-2.2.1
INFO:openmmforcefields.generators.template_generators:Requested to generate parameters for residue <Residue 43561 (UNK) of chain 5>
INFO:openmmforcefields.generators.template_generators:Generating a residue template for [H][c]1[c]([H])[c]([H])[c]2[c]([c]1[H])[C]([H])([H])[C]([H])([H])[N]([C](=[O])[N]([H])[C]1=[N][C]([C]([H])([H])[C]([H])([H])[H])=[N][O]1)[C]([H])([H])[C]([H])([H])[C]2([H])[H] using openff-2.2.1
INFO:openfe.protocols.openmm_rfe._rfe_utils.relative:Creating hybrid system
INFO:openfe.protocols.openmm_rfe._rfe_utils.relative:Setting force field terms
INFO:openfe.protocols.openmm_rfe._rfe_utils.relative:Adding forces
INFO:openfe.protocols.openmm_rfe._rfe_utils.relative:No CMAPTorsionForce found. Skipping adding force.
INFO:openfe.utils.system_probe.log:SYSTEM CONFIG DETAILS:
INFO:openfe.utils.system_probe.log.hostname:hostname: 'dsigpu4001'
INFO:openfe.utils.system_probe.log.gpu:CUDA-based GPU not found
INFO:openfe.utils.system_probe.log:Memory used: 78.9G (15.7%)
INFO:openfe.utils.system_probe.log:quickrun_scratch/scratch_HybridTopologySetupUnit-4c190ba5274d4f3898d6293e89ea8057_attempt_1: 1% full (11.2T free)
INFO:gufekey.openfe.protocols.openmm_rfe.hybridtop_units.HybridTopologySetupUnit:Starting system setup unit
INFO:gufekey.openfe.protocols.openmm_rfe.hybridtop_units.HybridTopologySetupUnit:Parameterizing systems
INFO:openmmforcefields.generators.template_generators:Requested to generate parameters for residue <Residue 563 (UNK) of chain 2>
INFO:openmmforcefields.generators.template_generators:Generating a residue template for [H][c]1[n][c]([N]([H])[C](=[O])[N]2[C]([H])([H])[C]([H])([H])[c]3[c]([H])[c]([H])[c]([H])[c]([H])[c]3[C]([H])([H])[C]([H])([H])[C]2([H])[H])[c]([H])[c]([N]([C]([H])([H])[H])[C]([H])([H])[H])[n]1 using openff-2.2.1
INFO:openmmforcefields.generators.template_generators:Requested to generate parameters for residue <Residue 43561 (UNK) of chain 5>
INFO:openmmforcefields.generators.template_generators:Generating a residue template for [H][c]1[c]([H])[c]([H])[c]2[c]([c]1[H])[C]([H])([H])[C]([H])([H])[N]([C](=[O])[N]([H])[C]1=[N][C]([C]([H])([H])[C]([H])([H])[H])=[N][O]1)[C]([H])([H])[C]([H])([H])[C]2([H])[H] using openff-2.2.1
INFO:openfe.protocols.openmm_rfe._rfe_utils.relative:Creating hybrid system
INFO:openfe.protocols.openmm_rfe._rfe_utils.relative:Setting force field terms
INFO:openfe.protocols.openmm_rfe._rfe_utils.relative:Adding forces
INFO:openfe.protocols.openmm_rfe._rfe_utils.relative:No CMAPTorsionForce found. Skipping adding force.
INFO:openfe.utils.system_probe.log:SYSTEM CONFIG DETAILS:
INFO:openfe.utils.system_probe.log.hostname:hostname: 'dsigpu4001'
INFO:openfe.utils.system_probe.log.gpu:CUDA-based GPU not found
INFO:openfe.utils.system_probe.log:Memory used: 80.7G (16.0%)
INFO:openfe.utils.system_probe.log:quickrun_scratch/scratch_HybridTopologySetupUnit-4c190ba5274d4f3898d6293e89ea8057_attempt_2: 1% full (11.2T free)
INFO:gufekey.openfe.protocols.openmm_rfe.hybridtop_units.HybridTopologySetupUnit:Starting system setup unit
INFO:gufekey.openfe.protocols.openmm_rfe.hybridtop_units.HybridTopologySetupUnit:Parameterizing systems
INFO:openmmforcefields.generators.template_generators:Requested to generate parameters for residue <Residue 563 (UNK) of chain 2>
INFO:openmmforcefields.generators.template_generators:Generating a residue template for [H][c]1[n][c]([N]([H])[C](=[O])[N]2[C]([H])([H])[C]([H])([H])[c]3[c]([H])[c]([H])[c]([H])[c]([H])[c]3[C]([H])([H])[C]([H])([H])[C]2([H])[H])[c]([H])[c]([N]([C]([H])([H])[H])[C]([H])([H])[H])[n]1 using openff-2.2.1
INFO:openmmforcefields.generators.template_generators:Requested to generate parameters for residue <Residue 43561 (UNK) of chain 5>
INFO:openmmforcefields.generators.template_generators:Generating a residue template for [H][c]1[c]([H])[c]([H])[c]2[c]([c]1[H])[C]([H])([H])[C]([H])([H])[N]([C](=[O])[N]([H])[C]1=[N][C]([C]([H])([H])[C]([H])([H])[H])=[N][O]1)[C]([H])([H])[C]([H])([H])[C]2([H])[H] using openff-2.2.1
INFO:openfe.protocols.openmm_rfe._rfe_utils.relative:Creating hybrid system
INFO:openfe.protocols.openmm_rfe._rfe_utils.relative:Setting force field terms
INFO:openfe.protocols.openmm_rfe._rfe_utils.relative:Adding forces
INFO:openfe.protocols.openmm_rfe._rfe_utils.relative:No CMAPTorsionForce found. Skipping adding force.
Error: The protocol unit 'HybridTopology Setup: OADMET-0006608 to OCNT-2315710 repeat 0 generation 0' failed with the error message:
IndexError: list index out of range

Details provided in output.
