000 (8017966.733.000) 2026-06-20 22:07:54 Job submitted from host: <128.105.68.112:9618?addrs=128.105.68.112-9618+[2607-f388-2200-100-eaeb-d3ff-fea3-4202]-9618&alias=ap2001.chtc.wisc.edu&noUDP&sock=schedd_4071840_2329>
...
040 (8017966.733.000) 2026-06-21 04:12:20 Started transferring input files
	Transferring to host: <128.105.68.117:9618?addrs=128.105.68.117-9618+[2607-f388-2200-100-7ec2-55ff-fe9a-b4fa]-9618&alias=gpu4000.chtc.wisc.edu&noUDP&sock=slot2_10_1956795_d8ee_82681>
...
040 (8017966.733.000) 2026-06-21 04:12:31 Finished transferring input files
...
001 (8017966.733.000) 2026-06-21 04:12:31 Job executing on host: <128.105.68.117:9618?addrs=128.105.68.117-9618+[2607-f388-2200-100-7ec2-55ff-fe9a-b4fa]-9618&alias=gpu4000.chtc.wisc.edu&noUDP&sock=startd_674379_7ae3>
	SlotName: slot2_10@gpu4000.chtc.wisc.edu
	AvailableGPUs = { GPUs_GPU_884cf7fc }
	CondorScratchDir = "/var/lib/condor/execute/slot2/dir_4164837/scratch"
	Cpus = 1
	Disk = 16777216
	GPUs = 1
	GPUs_GPU_884cf7fc = [ Id = "GPU-884cf7fc"; Capability = 8.9; DeviceName = "NVIDIA L40"; DeviceUuid = "884cf7fc-eee7-e5a3-b686-b605e807854a"; ECCEnabled = true; NvidiaDriver = "570.195.03"; DriverVersion = 12.8; DevicePciBusId = "0000:D6:00.0"; GlobalMemoryMb = 45468; MaxSupportedVersion = 12080 ]
	IoHeavy = 0
	Memory = 16384
...
006 (8017966.733.000) 2026-06-21 04:12:40 Image size of job updated: 449240
	439  -  MemoryUsage of job (MB)
	449240  -  ResidentSetSize of job (KB)
...
006 (8017966.733.000) 2026-06-21 04:17:41 Image size of job updated: 955492
	932  -  MemoryUsage of job (MB)
	953656  -  ResidentSetSize of job (KB)
...
006 (8017966.733.000) 2026-06-21 04:22:41 Image size of job updated: 956868
	935  -  MemoryUsage of job (MB)
	956868  -  ResidentSetSize of job (KB)
...
006 (8017966.733.000) 2026-06-21 04:27:41 Image size of job updated: 964228
	942  -  MemoryUsage of job (MB)
	964228  -  ResidentSetSize of job (KB)
...
006 (8017966.733.000) 2026-06-21 04:32:42 Image size of job updated: 970240
	948  -  MemoryUsage of job (MB)
	970240  -  ResidentSetSize of job (KB)
...
006 (8017966.733.000) 2026-06-21 04:37:42 Image size of job updated: 979860
	957  -  MemoryUsage of job (MB)
	979860  -  ResidentSetSize of job (KB)
...
006 (8017966.733.000) 2026-06-21 04:42:43 Image size of job updated: 985312
	963  -  MemoryUsage of job (MB)
	985312  -  ResidentSetSize of job (KB)
...
006 (8017966.733.000) 2026-06-21 04:47:44 Image size of job updated: 988060
	963  -  MemoryUsage of job (MB)
	985312  -  ResidentSetSize of job (KB)
...
040 (8017966.733.000) 2026-06-21 04:50:41 Started transferring output files
...
040 (8017966.733.000) 2026-06-21 04:50:41 Finished transferring output files
...
005 (8017966.733.000) 2026-06-21 04:50:41 Job terminated.
	(1) Normal termination (return value 0)
		Usr 0 00:38:31, Sys 0 00:13:56  -  Run Remote Usage
		Usr 0 00:00:00, Sys 0 00:00:00  -  Run Local Usage
		Usr 0 00:38:31, Sys 0 00:13:56  -  Total Remote Usage
		Usr 0 00:00:00, Sys 0 00:00:00  -  Total Local Usage
	2608950  -  Run Bytes Sent By Job
	2781809668  -  Run Bytes Received By Job
	2608950  -  Total Bytes Sent By Job
	2781809668  -  Total Bytes Received By Job
	Partitionable Resources :      Usage  Request Allocated Assigned
	   Cpus                 :       1.00        1         1 
	   Disk (KB)            : 2729400    16777216  16777216 
	   GPUs                 :       0.88        1         1 "GPU-884cf7fc"
	   GpusMemory (MB)      :    6771                       
	   IoHeavy              :                             0 
	   Memory (MB)          :     963       16384     16384 
	   TimeExecute (s)      :    2290                       
	   TimeSlotBusy (s)     :    2301                       
...
