000 (8180963.367.000) 2026-06-24 12:19:47 Job submitted from host: <128.105.68.112:9618?addrs=128.105.68.112-9618+[2607-f388-2200-100-eaeb-d3ff-fea3-4202]-9618&alias=ap2001.chtc.wisc.edu&noUDP&sock=schedd_4071840_2329>
...
040 (8180963.367.000) 2026-06-25 01:56:15 Started transferring input files
	Transferring to host: <128.105.69.245:9618?addrs=128.105.69.245-9618+[2607-f388-2200-100-3eec-efff-fe0c-5174]-9618&alias=mcdanielgpu4000.chtc.wisc.edu&noUDP&sock=backfill1_3_1128702_6a83_94347>
...
040 (8180963.367.000) 2026-06-25 01:59:35 Finished transferring input files
...
001 (8180963.367.000) 2026-06-25 01:59:36 Job executing on host: <128.105.69.245:9618?addrs=128.105.69.245-9618+[2607-f388-2200-100-3eec-efff-fe0c-5174]-9618&alias=mcdanielgpu4000.chtc.wisc.edu&noUDP&sock=startd_11062_30bc>
	SlotName: backfill1_3@mcdanielgpu4000.chtc.wisc.edu
	AvailableGPUs = { GPUs_GPU_e93add70 }
	CondorScratchDir = "/var/lib/condor/execute/slot1/dir_884143/scratch"
	Cpus = 1
	Disk = 16777216
	GPUs = 1
	GPUs_GPU_e93add70 = [ Id = "GPU-e93add70"; Capability = 8.0; DeviceName = "NVIDIA A100-SXM4-40GB"; DeviceUuid = "e93add70-3792-ccb3-cc95-440eb454785a"; ECCEnabled = true; NvidiaDriver = "570.195.03"; DriverVersion = 12.8; DevicePciBusId = "0000:41:00.0"; GlobalMemoryMb = 40442; MaxSupportedVersion = 12080 ]
	IoHeavy = 0
	Memory = 16384
...
006 (8180963.367.000) 2026-06-25 01:59:45 Image size of job updated: 323024
	316  -  MemoryUsage of job (MB)
	323024  -  ResidentSetSize of job (KB)
...
006 (8180963.367.000) 2026-06-25 02:04:45 Image size of job updated: 4168676
	3559  -  MemoryUsage of job (MB)
	3643664  -  ResidentSetSize of job (KB)
...
006 (8180963.367.000) 2026-06-25 02:09:46 Image size of job updated: 4203080
	3728  -  MemoryUsage of job (MB)
	3817060  -  ResidentSetSize of job (KB)
...
006 (8180963.367.000) 2026-06-25 02:14:46 Image size of job updated: 4924932
	4810  -  MemoryUsage of job (MB)
	4924932  -  ResidentSetSize of job (KB)
...
006 (8180963.367.000) 2026-06-25 02:19:47 Image size of job updated: 4953652
	4810  -  MemoryUsage of job (MB)
	4924932  -  ResidentSetSize of job (KB)
...
006 (8180963.367.000) 2026-06-25 02:29:48 Image size of job updated: 5596784
	5466  -  MemoryUsage of job (MB)
	5596784  -  ResidentSetSize of job (KB)
...
006 (8180963.367.000) 2026-06-25 02:34:48 Image size of job updated: 5703876
	5466  -  MemoryUsage of job (MB)
	5596784  -  ResidentSetSize of job (KB)
...
006 (8180963.367.000) 2026-06-25 02:39:49 Image size of job updated: 5833104
	5697  -  MemoryUsage of job (MB)
	5833104  -  ResidentSetSize of job (KB)
...
006 (8180963.367.000) 2026-06-25 02:43:55 Image size of job updated: 6309796
	5697  -  MemoryUsage of job (MB)
	5833104  -  ResidentSetSize of job (KB)
...
040 (8180963.367.000) 2026-06-25 02:43:55 Started transferring output files
...
040 (8180963.367.000) 2026-06-25 02:43:55 Finished transferring output files
...
004 (8180963.367.000) 2026-06-25 02:43:56 Job was evicted.
	(0) Job terminated and was requeued
		Usr 0 00:51:47, Sys 0 00:02:06  -  Run Remote Usage
		Usr 0 00:00:00, Sys 0 00:00:00  -  Run Local Usage
	112037  -  Run Bytes Sent By Job
	2784298271  -  Run Bytes Received By Job
	(1) Normal termination (return value 1)
	The job attribute OnExitRemove expression 'NumJobCompletions > JobMaxRetries || ExitCode =?= 0' evaluated to FALSE
...
040 (8180963.367.000) 2026-06-25 02:45:08 Started transferring input files
	Transferring to host: <128.105.76.51:9618?addrs=128.105.76.51-9618+[2607-f388-2200-100-925a-8ff-fe34-15b6]-9618&alias=zliu-chtcgpu5000.chtc.wisc.edu&noUDP&sock=backfill1_4_98764_ec29_47867>
...
040 (8180963.367.000) 2026-06-25 02:47:34 Finished transferring input files
...
001 (8180963.367.000) 2026-06-25 02:47:34 Job executing on host: <128.105.76.51:9618?addrs=128.105.76.51-9618+[2607-f388-2200-100-925a-8ff-fe34-15b6]-9618&alias=zliu-chtcgpu5000.chtc.wisc.edu&noUDP&sock=startd_98388_901b>
	SlotName: backfill1_4@zliu-chtcgpu5000.chtc.wisc.edu
	AvailableGPUs = { GPUs_GPU_f282a2af }
	CondorScratchDir = "/var/lib/condor/execute/slot1/dir_697650/scratch"
	Cpus = 1
	Disk = 16777216
	GPUs = 1
	GPUs_GPU_f282a2af = [ Id = "GPU-f282a2af"; Capability = 8.9; DeviceName = "NVIDIA L40S"; DeviceUuid = "f282a2af-1c3f-1bc8-7ad4-fcd2362438d9"; ECCEnabled = true; NvidiaDriver = "590.48.01"; DriverVersion = 13.1; DevicePciBusId = "0000:81:00.0"; GlobalMemoryMb = 45460; MaxSupportedVersion = 13010 ]
	IoHeavy = 0
	Memory = 16384
...
040 (8180963.367.000) 2026-06-25 03:12:27 Started transferring output files
...
040 (8180963.367.000) 2026-06-25 03:12:27 Finished transferring output files
...
004 (8180963.367.000) 2026-06-25 03:12:28 Job was evicted.
	(0) Job terminated and was requeued
		Usr 0 00:36:30, Sys 0 00:04:07  -  Run Remote Usage
		Usr 0 00:00:00, Sys 0 00:00:00  -  Run Local Usage
	112116  -  Run Bytes Sent By Job
	2688795935  -  Run Bytes Received By Job
	(1) Normal termination (return value 1)
	The job attribute OnExitRemove expression 'NumJobCompletions > JobMaxRetries || ExitCode =?= 0' evaluated to FALSE
...
040 (8180963.367.000) 2026-06-25 03:13:06 Started transferring input files
	Transferring to host: <128.105.76.51:9618?addrs=128.105.76.51-9618+[2607-f388-2200-100-925a-8ff-fe34-15b6]-9618&alias=zliu-chtcgpu5000.chtc.wisc.edu&noUDP&sock=backfill1_4_98764_ec29_47925>
...
040 (8180963.367.000) 2026-06-25 03:13:20 Finished transferring input files
...
001 (8180963.367.000) 2026-06-25 03:13:20 Job executing on host: <128.105.76.51:9618?addrs=128.105.76.51-9618+[2607-f388-2200-100-925a-8ff-fe34-15b6]-9618&alias=zliu-chtcgpu5000.chtc.wisc.edu&noUDP&sock=startd_98388_901b>
	SlotName: backfill1_4@zliu-chtcgpu5000.chtc.wisc.edu
	AvailableGPUs = { GPUs_GPU_f282a2af }
	CondorScratchDir = "/var/lib/condor/execute/slot1/dir_797291/scratch"
	Cpus = 1
	Disk = 16777216
	GPUs = 1
	GPUs_GPU_f282a2af = [ Id = "GPU-f282a2af"; Capability = 8.9; DeviceName = "NVIDIA L40S"; DeviceUuid = "f282a2af-1c3f-1bc8-7ad4-fcd2362438d9"; ECCEnabled = true; NvidiaDriver = "590.48.01"; DriverVersion = 13.1; DevicePciBusId = "0000:81:00.0"; GlobalMemoryMb = 45460; MaxSupportedVersion = 13010 ]
	IoHeavy = 0
	Memory = 16384
...
040 (8180963.367.000) 2026-06-25 03:38:22 Started transferring output files
...
040 (8180963.367.000) 2026-06-25 03:38:22 Finished transferring output files
...
004 (8180963.367.000) 2026-06-25 03:38:23 Job was evicted.
	(0) Job terminated and was requeued
		Usr 0 00:31:10, Sys 0 00:02:27  -  Run Remote Usage
		Usr 0 00:00:00, Sys 0 00:00:00  -  Run Local Usage
	112111  -  Run Bytes Sent By Job
	2784298271  -  Run Bytes Received By Job
	(1) Normal termination (return value 1)
	The job attribute OnExitRemove expression 'NumJobCompletions > JobMaxRetries || ExitCode =?= 0' evaluated to FALSE
...
040 (8180963.367.000) 2026-06-25 03:38:34 Started transferring input files
	Transferring to host: <128.105.76.51:9618?addrs=128.105.76.51-9618+[2607-f388-2200-100-925a-8ff-fe34-15b6]-9618&alias=zliu-chtcgpu5000.chtc.wisc.edu&noUDP&sock=backfill1_4_98764_ec29_47990>
...
040 (8180963.367.000) 2026-06-25 03:39:22 Finished transferring input files
...
001 (8180963.367.000) 2026-06-25 03:39:22 Job executing on host: <128.105.76.51:9618?addrs=128.105.76.51-9618+[2607-f388-2200-100-925a-8ff-fe34-15b6]-9618&alias=zliu-chtcgpu5000.chtc.wisc.edu&noUDP&sock=startd_98388_901b>
	SlotName: backfill1_4@zliu-chtcgpu5000.chtc.wisc.edu
	AvailableGPUs = { GPUs_GPU_f282a2af }
	CondorScratchDir = "/var/lib/condor/execute/slot1/dir_912895/scratch"
	Cpus = 1
	Disk = 16777216
	GPUs = 1
	GPUs_GPU_f282a2af = [ Id = "GPU-f282a2af"; Capability = 8.9; DeviceName = "NVIDIA L40S"; DeviceUuid = "f282a2af-1c3f-1bc8-7ad4-fcd2362438d9"; ECCEnabled = true; NvidiaDriver = "590.48.01"; DriverVersion = 13.1; DevicePciBusId = "0000:81:00.0"; GlobalMemoryMb = 45460; MaxSupportedVersion = 13010 ]
	IoHeavy = 0
	Memory = 16384
...
006 (8180963.367.000) 2026-06-25 03:59:32 Image size of job updated: 7523144
	7325  -  MemoryUsage of job (MB)
	7500000  -  ResidentSetSize of job (KB)
...
040 (8180963.367.000) 2026-06-25 04:04:36 Started transferring output files
...
040 (8180963.367.000) 2026-06-25 04:04:36 Finished transferring output files
...
004 (8180963.367.000) 2026-06-25 04:04:37 Job was evicted.
	(0) Job terminated and was requeued
		Usr 0 00:33:07, Sys 0 00:03:12  -  Run Remote Usage
		Usr 0 00:00:00, Sys 0 00:00:00  -  Run Local Usage
	112116  -  Run Bytes Sent By Job
	2784298271  -  Run Bytes Received By Job
	(1) Normal termination (return value 1)
	The job attribute OnExitRemove expression 'NumJobCompletions > JobMaxRetries || ExitCode =?= 0' evaluated to FALSE
...
040 (8180963.367.000) 2026-06-25 04:05:13 Started transferring input files
	Transferring to host: <128.105.76.51:9618?addrs=128.105.76.51-9618+[2607-f388-2200-100-925a-8ff-fe34-15b6]-9618&alias=zliu-chtcgpu5000.chtc.wisc.edu&noUDP&sock=backfill1_4_98764_ec29_48046>
...
040 (8180963.367.000) 2026-06-25 04:05:34 Finished transferring input files
...
001 (8180963.367.000) 2026-06-25 04:05:34 Job executing on host: <128.105.76.51:9618?addrs=128.105.76.51-9618+[2607-f388-2200-100-925a-8ff-fe34-15b6]-9618&alias=zliu-chtcgpu5000.chtc.wisc.edu&noUDP&sock=startd_98388_901b>
	SlotName: backfill1_4@zliu-chtcgpu5000.chtc.wisc.edu
	AvailableGPUs = { GPUs_GPU_f282a2af }
	CondorScratchDir = "/var/lib/condor/execute/slot1/dir_1023666/scratch"
	Cpus = 1
	Disk = 16777216
	GPUs = 1
	GPUs_GPU_f282a2af = [ Id = "GPU-f282a2af"; Capability = 8.9; DeviceName = "NVIDIA L40S"; DeviceUuid = "f282a2af-1c3f-1bc8-7ad4-fcd2362438d9"; ECCEnabled = true; NvidiaDriver = "590.48.01"; DriverVersion = 13.1; DevicePciBusId = "0000:81:00.0"; GlobalMemoryMb = 45460; MaxSupportedVersion = 13010 ]
	IoHeavy = 0
	Memory = 16384
...
040 (8180963.367.000) 2026-06-25 04:31:06 Started transferring output files
...
040 (8180963.367.000) 2026-06-25 04:31:06 Finished transferring output files
...
004 (8180963.367.000) 2026-06-25 04:31:07 Job was evicted.
	(0) Job terminated and was requeued
		Usr 0 01:02:32, Sys 0 00:09:57  -  Run Remote Usage
		Usr 0 00:00:00, Sys 0 00:00:00  -  Run Local Usage
	112117  -  Run Bytes Sent By Job
	2784298271  -  Run Bytes Received By Job
	(1) Normal termination (return value 1)
	The job attribute OnExitRemove expression 'NumJobCompletions > JobMaxRetries || ExitCode =?= 0' evaluated to FALSE
...
040 (8180963.367.000) 2026-06-25 04:31:33 Started transferring input files
	Transferring to host: <10.32.89.41:42019?CCBID=128.105.82.148:9618%3faddrs%3d128.105.82.148-9618+[2607-f388-2200-9d-7ccb-bc08-2489-7689]-9618%26alias%3dospool-ccb.osg.chtc.io%26noUDP%26sock%3dcollector5#4809126%2067.58.49.91:9618%3faddrs%3d67.58.49.91-9618+[fdf0-17b3-c3ec-1f79-10-0-d-2091]-9618%26alias%3dccb-2.ospool.osg-htc.org%26noUDP%26sock%3dcollector5#4810184&PrivNet=qa-rtx6k-034.crc.nd.edu&addrs=10.32.89.41-42019&alias=qa-rtx6k-034.crc.nd.edu&noUDP>
...
040 (8180963.367.000) 2026-06-25 05:10:47 Finished transferring input files
...
021 (8180963.367.000) 2026-06-25 05:10:48 Message from starter on slot1_1@glidein_2124121_87929140@qa-rtx6k-034.crc.nd.edu:
	PREPARE_JOB (prepare-hook) succeeded (reported status 000): Using Singularity image openfe_1.11.1.sif
...
001 (8180963.367.000) 2026-06-25 05:10:48 Job executing on host: <10.32.89.41:33741?CCBID=128.105.82.148:9618%3faddrs%3d128.105.82.148-9618+[2607-f388-2200-9d-7ccb-bc08-2489-7689]-9618%26alias%3dospool-ccb.osg.chtc.io%26noUDP%26sock%3dcollector1#4747327%2067.58.49.91:9618%3faddrs%3d67.58.49.91-9618+[fdf0-17b3-c3ec-1f79-10-0-d-2091]-9618%26alias%3dccb-2.ospool.osg-htc.org%26noUDP%26sock%3dcollector9#4743308&PrivNet=qa-rtx6k-034.crc.nd.edu&addrs=10.32.89.41-33741&alias=qa-rtx6k-034.crc.nd.edu&noUDP>
	SlotName: slot1_1@glidein_2124121_87929140@qa-rtx6k-034.crc.nd.edu
	AvailableGPUs = { GPUs_GPU_6b4b2463 }
	CondorScratchDir = "/var/condor/execute/dir_2124119/glide_1kVdGl/execute/dir_2917872/scratch"
	Cpus = 1
	Disk = 16777216
	GPUs = 1
	GPUs_GPU_6b4b2463 = [ Id = "GPU-6b4b2463"; ClockMhz = 1620.0; Capability = 7.5; CoresPerCU = 64; DeviceName = "Quadro RTX 6000"; DeviceUuid = "6b4b2463-6d83-0db1-5ade-6100da1c89da"; ECCEnabled = true; ComputeUnits = 72; NvidiaDriver = "595.71.05"; DriverVersion = 13.2; DevicePciBusId = "0000:06:00.0"; GlobalMemoryMb = 22684; MaxSupportedVersion = 13020 ]
	Memory = 16384
...
006 (8180963.367.000) 2026-06-25 05:15:58 Image size of job updated: 21061284
	7325  -  MemoryUsage of job (MB)
	7500000  -  ResidentSetSize of job (KB)
...
006 (8180963.367.000) 2026-06-25 05:20:58 Image size of job updated: 22940496
	7325  -  MemoryUsage of job (MB)
	7500000  -  ResidentSetSize of job (KB)
...
006 (8180963.367.000) 2026-06-25 05:25:59 Image size of job updated: 23722096
	7325  -  MemoryUsage of job (MB)
	7500000  -  ResidentSetSize of job (KB)
...
006 (8180963.367.000) 2026-06-25 05:30:59 Image size of job updated: 26976472
	7325  -  MemoryUsage of job (MB)
	7500000  -  ResidentSetSize of job (KB)
...
006 (8180963.367.000) 2026-06-25 05:36:00 Image size of job updated: 30156988
	7325  -  MemoryUsage of job (MB)
	7500000  -  ResidentSetSize of job (KB)
...
006 (8180963.367.000) 2026-06-25 05:41:00 Image size of job updated: 30293452
	7325  -  MemoryUsage of job (MB)
	7500000  -  ResidentSetSize of job (KB)
...
006 (8180963.367.000) 2026-06-25 06:01:02 Image size of job updated: 30797264
	7325  -  MemoryUsage of job (MB)
	7500000  -  ResidentSetSize of job (KB)
...
006 (8180963.367.000) 2026-06-25 06:06:04 Image size of job updated: 30935436
	7325  -  MemoryUsage of job (MB)
	7500000  -  ResidentSetSize of job (KB)
...
006 (8180963.367.000) 2026-06-25 06:25:46 Image size of job updated: 31438908
	7325  -  MemoryUsage of job (MB)
	7500000  -  ResidentSetSize of job (KB)
...
040 (8180963.367.000) 2026-06-25 06:25:46 Started transferring output files
...
040 (8180963.367.000) 2026-06-25 06:25:46 Finished transferring output files
...
004 (8180963.367.000) 2026-06-25 06:25:47 Job was evicted.
	(0) Job terminated and was requeued
		Usr 0 01:20:16, Sys 0 00:00:55  -  Run Remote Usage
		Usr 0 00:00:00, Sys 0 00:00:00  -  Run Local Usage
	104801  -  Run Bytes Sent By Job
	2784298271  -  Run Bytes Received By Job
	(1) Normal termination (return value 1)
	The job attribute OnExitRemove expression 'NumJobCompletions > JobMaxRetries || ExitCode =?= 0' evaluated to FALSE
...
040 (8180963.367.000) 2026-06-25 06:27:11 Started transferring input files
	Transferring to host: <128.105.68.87:9618?addrs=128.105.68.87-9618+[2607-f388-2200-100-7ec2-55ff-fe9a-b48e]-9618&alias=dsigpu4002.chtc.wisc.edu&noUDP&sock=slot2_10_3411988_f574_88941>
...
040 (8180963.367.000) 2026-06-25 06:53:52 Finished transferring input files
...
001 (8180963.367.000) 2026-06-25 06:53:52 Job executing on host: <128.105.68.87:9618?addrs=128.105.68.87-9618+[2607-f388-2200-100-7ec2-55ff-fe9a-b48e]-9618&alias=dsigpu4002.chtc.wisc.edu&noUDP&sock=startd_10795_0cf3>
	SlotName: slot2_10@dsigpu4002.chtc.wisc.edu
	AvailableGPUs = { GPUs_GPU_1c27b612 }
	CondorScratchDir = "/var/lib/condor/execute/slot2/dir_1917491/scratch"
	Cpus = 1
	Disk = 16777216
	GPUs = 1
	GPUs_GPU_1c27b612 = [ Id = "GPU-1c27b612"; Capability = 8.9; DeviceName = "NVIDIA L40"; DeviceUuid = "1c27b612-a4d3-8d9f-cf2f-77aed3467343"; ECCEnabled = true; NvidiaDriver = "570.195.03"; DriverVersion = 12.8; DevicePciBusId = "0000:D6:00.0"; GlobalMemoryMb = 45468; MaxSupportedVersion = 12080 ]
	IoHeavy = 0
	Memory = 16384
...
040 (8180963.367.000) 2026-06-25 07:30:22 Started transferring output files
...
040 (8180963.367.000) 2026-06-25 07:30:22 Finished transferring output files
...
004 (8180963.367.000) 2026-06-25 07:30:23 Job was evicted.
	(0) Job terminated and was requeued
		Usr 0 00:57:24, Sys 0 00:02:17  -  Run Remote Usage
		Usr 0 00:00:00, Sys 0 00:00:00  -  Run Local Usage
	112011  -  Run Bytes Sent By Job
	2784298271  -  Run Bytes Received By Job
	(1) Normal termination (return value 1)
	The job attribute OnExitRemove expression 'NumJobCompletions > JobMaxRetries || ExitCode =?= 0' evaluated to FALSE
...
040 (8180963.367.000) 2026-06-25 07:30:38 Started transferring input files
	Transferring to host: <128.104.103.48:9618?addrs=128.104.103.48-9618+[2607-f388-107c-501-ae1f-6bff-fe2c-2f00]-9618&alias=vetsigian0001.chtc.wisc.edu&noUDP&sock=slot2_3_10681_7b0b_21015>
...
040 (8180963.367.000) 2026-06-25 07:38:34 Finished transferring input files
...
001 (8180963.367.000) 2026-06-25 07:38:34 Job executing on host: <128.104.103.48:9618?addrs=128.104.103.48-9618+[2607-f388-107c-501-ae1f-6bff-fe2c-2f00]-9618&alias=vetsigian0001.chtc.wisc.edu&noUDP&sock=startd_9913_126b>
	SlotName: slot2_3@vetsigian0001.chtc.wisc.edu
	AvailableGPUs = { GPUs_GPU_a2d98c30 }
	CondorScratchDir = "/var/lib/condor/execute/slot2/dir_1414047/scratch"
	Cpus = 1
	Disk = 16777216
	GPUs = 1
	GPUs_GPU_a2d98c30 = [ Id = "GPU-a2d98c30"; Capability = 7.5; DeviceName = "NVIDIA GeForce RTX 2080 Ti"; DeviceUuid = "a2d98c30-a687-6d65-26dc-3e29e88308b6"; ECCEnabled = false; NvidiaDriver = "550.54.14"; DriverVersion = 12.4; DevicePciBusId = "0000:3D:00.0"; GlobalMemoryMb = 11004; MaxSupportedVersion = 12040 ]
	IoHeavy = 0
	Memory = 16384
...
023 (8180963.367.000) 2026-06-25 08:06:52 Job reconnected to slot2_3@vetsigian0001.chtc.wisc.edu
    startd address: <128.104.103.48:9618?addrs=128.104.103.48-9618+[2607-f388-107c-501-ae1f-6bff-fe2c-2f00]-9618&alias=vetsigian0001.chtc.wisc.edu&noUDP&sock=startd_9913_126b>
    starter address: <128.104.103.48:9618?addrs=128.104.103.48-9618+[2607-f388-107c-501-ae1f-6bff-fe2c-2f00]-9618&alias=vetsigian0001.chtc.wisc.edu&noUDP&sock=slot2_3_10681_7b0b_21015>
...
004 (8180963.367.000) 2026-06-25 08:23:25 Job was evicted.
	(0) Job terminated and was requeued
		Usr 0 00:52:42, Sys 0 00:01:45  -  Run Remote Usage
		Usr 0 00:00:00, Sys 0 00:00:00  -  Run Local Usage
	112024  -  Run Bytes Sent By Job
	0  -  Run Bytes Received By Job
	(1) Normal termination (return value 1)
	The job attribute OnExitRemove expression 'NumJobCompletions > JobMaxRetries || ExitCode =?= 0' evaluated to FALSE
...
040 (8180963.367.000) 2026-06-25 08:23:54 Started transferring input files
	Transferring to host: <10.1.1.137:44783?CCBID=128.105.82.148:9618%3faddrs%3d128.105.82.148-9618+[2607-f388-2200-9d-7ccb-bc08-2489-7689]-9618%26alias%3dospool-ccb.osg.chtc.io%26noUDP%26sock%3dcollector8#4834580%2067.58.49.91:9618%3faddrs%3d67.58.49.91-9618+[fdf0-17b3-c3ec-1f79-10-0-d-2091]-9618%26alias%3dccb-2.ospool.osg-htc.org%26noUDP%26sock%3dcollector8#4829747&PrivNet=gpu07&addrs=10.1.1.137-44783&alias=gpu07&noUDP>
...
040 (8180963.367.000) 2026-06-25 08:25:32 Finished transferring input files
...
021 (8180963.367.000) 2026-06-25 08:25:32 Message from starter on slot1_2@glidein_1094730_137412094@gpu07:
	PREPARE_JOB (prepare-hook) succeeded (reported status 000): Using Singularity image openfe_1.11.1.sif
...
001 (8180963.367.000) 2026-06-25 08:25:32 Job executing on host: <10.1.1.137:35109?CCBID=128.105.82.148:9618%3faddrs%3d128.105.82.148-9618+[2607-f388-2200-9d-7ccb-bc08-2489-7689]-9618%26alias%3dospool-ccb.osg.chtc.io%26noUDP%26sock%3dcollector4#4742458%2067.58.49.91:9618%3faddrs%3d67.58.49.91-9618+[fdf0-17b3-c3ec-1f79-10-0-d-2091]-9618%26alias%3dccb-2.ospool.osg-htc.org%26noUDP%26sock%3dcollector4#4732207&PrivNet=gpu07&addrs=10.1.1.137-35109&alias=gpu07&noUDP>
	SlotName: slot1_2@glidein_1094730_137412094@gpu07
	AvailableGPUs = { GPUs_GPU_c08fb2a4 }
	CondorScratchDir = "/tmp/glide_iOKRpy/execute/dir_2124754/scratch"
	Cpus = 1
	Disk = 16777216
	GPUs = 1
	GPUs_GPU_c08fb2a4 = [ Id = "GPU-c08fb2a4"; ClockMhz = 1695.0; Capability = 8.6; CoresPerCU = 128; DeviceName = "NVIDIA RTX A5000"; DeviceUuid = "c08fb2a4-6c04-97d3-3ce9-b6a3b619936f"; ECCEnabled = false; ComputeUnits = 64; NvidiaDriver = "595.71.05"; DriverVersion = 13.2; DevicePciBusId = "0000:41:00.0"; GlobalMemoryMb = 24361; MaxSupportedVersion = 13020 ]
	Memory = 16384
...
006 (8180963.367.000) 2026-06-25 08:35:42 Image size of job updated: 34364916
	7325  -  MemoryUsage of job (MB)
	7500000  -  ResidentSetSize of job (KB)
...
006 (8180963.367.000) 2026-06-25 08:40:42 Image size of job updated: 39820592
	7325  -  MemoryUsage of job (MB)
	7500000  -  ResidentSetSize of job (KB)
...
006 (8180963.367.000) 2026-06-25 08:55:44 Image size of job updated: 40787100
	7325  -  MemoryUsage of job (MB)
	7500000  -  ResidentSetSize of job (KB)
...
006 (8180963.367.000) 2026-06-25 09:08:29 Image size of job updated: 41276688
	7625  -  MemoryUsage of job (MB)
	7807928  -  ResidentSetSize of job (KB)
...
040 (8180963.367.000) 2026-06-25 09:08:30 Started transferring output files
...
040 (8180963.367.000) 2026-06-25 09:08:30 Finished transferring output files
...
004 (8180963.367.000) 2026-06-25 09:08:31 Job was evicted.
	(0) Job terminated and was requeued
		Usr 0 00:49:53, Sys 0 00:00:35  -  Run Remote Usage
		Usr 0 00:00:00, Sys 0 00:00:00  -  Run Local Usage
	104863  -  Run Bytes Sent By Job
	2784298271  -  Run Bytes Received By Job
	(1) Normal termination (return value 1)
	The job attribute OnExitRemove expression 'NumJobCompletions > JobMaxRetries || ExitCode =?= 0' evaluated to FALSE
...
040 (8180963.367.000) 2026-06-25 09:09:23 Started transferring input files
	Transferring to host: <128.104.100.17:9618?addrs=128.104.100.17-9618+[2607-f388-107c-501-527c-6fff-fe66-e9bc]-9618&alias=jcaicedogpu0002.chtc.wisc.edu&noUDP&sock=backfill1_6_2855957_d182_104203>
...
040 (8180963.367.000) 2026-06-25 09:11:09 Finished transferring input files
...
001 (8180963.367.000) 2026-06-25 09:11:09 Job executing on host: <128.104.100.17:9618?addrs=128.104.100.17-9618+[2607-f388-107c-501-527c-6fff-fe66-e9bc]-9618&alias=jcaicedogpu0002.chtc.wisc.edu&noUDP&sock=startd_11788_2a7e>
	SlotName: backfill1_6@jcaicedogpu0002.chtc.wisc.edu
	AvailableGPUs = { GPUs_GPU_512c609b }
	CondorScratchDir = "/var/lib/condor/execute/slot1/dir_1075570/scratch"
	Cpus = 1
	Disk = 16777216
	GPUs = 1
	GPUs_GPU_512c609b = [ Id = "GPU-512c609b"; Capability = 8.9; DeviceName = "NVIDIA L40S"; DeviceUuid = "512c609b-e4d7-227e-0af3-36b95fccd70f"; ECCEnabled = true; NvidiaDriver = "570.195.03"; DriverVersion = 12.8; DevicePciBusId = "0000:50:00.0"; GlobalMemoryMb = 45468; MaxSupportedVersion = 12080 ]
	IoHeavy = 0
	Memory = 16384
...
040 (8180963.367.000) 2026-06-25 09:40:50 Started transferring output files
...
040 (8180963.367.000) 2026-06-25 09:40:50 Finished transferring output files
...
004 (8180963.367.000) 2026-06-25 09:40:51 Job was evicted.
	(0) Job terminated and was requeued
		Usr 0 00:35:44, Sys 0 00:01:31  -  Run Remote Usage
		Usr 0 00:00:00, Sys 0 00:00:00  -  Run Local Usage
	112038  -  Run Bytes Sent By Job
	2784298271  -  Run Bytes Received By Job
	(1) Normal termination (return value 1)
	The job attribute OnExitRemove expression 'NumJobCompletions > JobMaxRetries || ExitCode =?= 0' evaluated to FALSE
...
040 (8180963.367.000) 2026-06-25 09:41:17 Started transferring input files
	Transferring to host: <128.105.69.63:9618?addrs=128.105.69.63-9618+[2607-f388-2200-100-5aa2-e1ff-febe-455e]-9618&alias=gpu4003.chtc.wisc.edu&noUDP&sock=slot2_6_1549376_4e16_88307>
...
040 (8180963.367.000) 2026-06-25 09:41:55 Finished transferring input files
...
001 (8180963.367.000) 2026-06-25 09:41:55 Job executing on host: <128.105.69.63:9618?addrs=128.105.69.63-9618+[2607-f388-2200-100-5aa2-e1ff-febe-455e]-9618&alias=gpu4003.chtc.wisc.edu&noUDP&sock=startd_3051222_14a9>
	SlotName: slot2_6@gpu4003.chtc.wisc.edu
	AvailableGPUs = { GPUs_GPU_f8d23f80 }
	CondorScratchDir = "/var/lib/condor/execute/slot2/dir_1321621/scratch"
	Cpus = 1
	Disk = 16777216
	GPUs = 1
	GPUs_GPU_f8d23f80 = [ Id = "GPU-f8d23f80"; Capability = 9.0; DeviceName = "NVIDIA H100 80GB HBM3"; DeviceUuid = "f8d23f80-7656-1494-e6f1-22a66463300e"; ECCEnabled = true; NvidiaDriver = "570.195.03"; DriverVersion = 12.8; DevicePciBusId = "0000:AB:00.0"; GlobalMemoryMb = 81089; MaxSupportedVersion = 12080 ]
	IoHeavy = 0
	Memory = 16384
...
040 (8180963.367.000) 2026-06-25 10:14:33 Started transferring output files
...
040 (8180963.367.000) 2026-06-25 10:14:33 Finished transferring output files
...
005 (8180963.367.000) 2026-06-25 10:14:34 Job terminated.
	(1) Normal termination (return value 1)
		Usr 0 00:39:40, Sys 0 00:02:55  -  Run Remote Usage
		Usr 0 00:00:00, Sys 0 00:00:00  -  Run Local Usage
		Usr 0 09:03:23, Sys 0 00:32:26  -  Total Remote Usage
		Usr 0 00:00:00, Sys 0 00:00:00  -  Total Local Usage
	112001  -  Run Bytes Sent By Job
	2784298271  -  Run Bytes Received By Job
	1218235  -  Total Bytes Sent By Job
	29862639701  -  Total Bytes Received By Job
	Partitionable Resources :      Usage  Request Allocated Assigned
	   Cpus                 :       1.00        1         1 
	   Disk (KB)            : 3192182    16777216  16777216 
	   GPUs                 :       0.14        1         1 "GPU-f8d23f80"
	   GpusMemory (MB)      :    9364                       
	   IoHeavy              :                             0 
	   Memory (MB)          :    9766       16384     16384 
	   TimeExecute (s)      :    1958                       
	   TimeSlotBusy (s)     :    1996                       
...
