000 (8180963.012.000) 2026-06-24 12:19:47 Job submitted from host: <128.105.68.112:9618?addrs=128.105.68.112-9618+[2607-f388-2200-100-eaeb-d3ff-fea3-4202]-9618&alias=ap2001.chtc.wisc.edu&noUDP&sock=schedd_4071840_2329>
...
040 (8180963.012.000) 2026-06-24 12:22:42 Started transferring input files
	Transferring to host: <128.104.100.17:9618?addrs=128.104.100.17-9618+[2607-f388-107c-501-527c-6fff-fe66-e9bc]-9618&alias=jcaicedogpu0002.chtc.wisc.edu&noUDP&sock=backfill1_2_2855957_d182_100446>
...
040 (8180963.012.000) 2026-06-24 12:22:46 Finished transferring input files
...
022 (8180963.012.000) 2026-06-24 12:22:46 Job disconnected, attempting to reconnect
    Socket between submit and execute hosts closed unexpectedly
    Trying to reconnect to backfill1_2@jcaicedogpu0002.chtc.wisc.edu <128.104.100.17:9618?addrs=128.104.100.17-9618+[2607-f388-107c-501-527c-6fff-fe66-e9bc]-9618&alias=jcaicedogpu0002.chtc.wisc.edu&noUDP&sock=startd_11788_2a7e>
...
024 (8180963.012.000) 2026-06-24 12:22:54 Job reconnection failed
    Job not found at execution machine
    Can not reconnect to backfill1_2@jcaicedogpu0002.chtc.wisc.edu, rescheduling job
...
004 (8180963.012.000) 2026-06-24 12:22:55 Job was evicted. Code 1008 Subcode 0
	(0) CPU times
		Usr 0 00:00:00, Sys 0 00:00:00  -  Run Remote Usage
		Usr 0 00:00:00, Sys 0 00:00:00  -  Run Local Usage
	0  -  Run Bytes Sent By Job
	0  -  Run Bytes Received By Job
	Reason: Job not found at execution machine
	Partitionable Resources :    Usage  Request Allocated Assigned
	   Cpus                 :        0        1         1 
	   Disk (KB)            :     2924 16777216  16777216 
	   GPUs                 :                 1         1 "GPU-53faf926"
	   IoHeavy              :                           0 
	   Memory (MB)          :             16384     16384 
...
040 (8180963.012.000) 2026-06-24 12:23:18 Started transferring input files
	Transferring to host: <128.105.68.116:9618?addrs=128.105.68.116-9618+[2607-f388-2200-100-7ec2-55ff-fe99-a36a]-9618&alias=gpu4001.chtc.wisc.edu&noUDP&sock=slot2_6_10972_8437_13196>
...
040 (8180963.012.000) 2026-06-24 12:48:40 Finished transferring input files
...
001 (8180963.012.000) 2026-06-24 12:48:40 Job executing on host: <128.105.68.116:9618?addrs=128.105.68.116-9618+[2607-f388-2200-100-7ec2-55ff-fe99-a36a]-9618&alias=gpu4001.chtc.wisc.edu&noUDP&sock=startd_10701_930c>
	SlotName: slot2_6@gpu4001.chtc.wisc.edu
	AvailableGPUs = { GPUs_GPU_064f7d80 }
	CondorScratchDir = "/var/lib/condor/execute/slot2/dir_1355190/scratch"
	Cpus = 1
	Disk = 16777216
	GPUs = 1
	GPUs_GPU_064f7d80 = [ Id = "GPU-064f7d80"; Capability = 8.9; DeviceName = "NVIDIA L40"; DeviceUuid = "064f7d80-ff2f-3731-19a3-099726ccc13c"; ECCEnabled = true; NvidiaDriver = "570.195.03"; DriverVersion = 12.8; DevicePciBusId = "0000:D2:00.0"; GlobalMemoryMb = 45468; MaxSupportedVersion = 12080 ]
	IoHeavy = 0
	Memory = 16384
...
006 (8180963.012.000) 2026-06-24 12:48:49 Image size of job updated: 392976
	384  -  MemoryUsage of job (MB)
	392976  -  ResidentSetSize of job (KB)
...
006 (8180963.012.000) 2026-06-24 12:53:49 Image size of job updated: 4487284
	4382  -  MemoryUsage of job (MB)
	4486380  -  ResidentSetSize of job (KB)
...
006 (8180963.012.000) 2026-06-24 13:03:50 Image size of job updated: 4918124
	4694  -  MemoryUsage of job (MB)
	4806204  -  ResidentSetSize of job (KB)
...
006 (8180963.012.000) 2026-06-24 13:08:50 Image size of job updated: 5179100
	5058  -  MemoryUsage of job (MB)
	5179100  -  ResidentSetSize of job (KB)
...
006 (8180963.012.000) 2026-06-24 13:13:52 Image size of job updated: 5355256
	5058  -  MemoryUsage of job (MB)
	5179100  -  ResidentSetSize of job (KB)
...
006 (8180963.012.000) 2026-06-24 13:18:52 Image size of job updated: 5407224
	5281  -  MemoryUsage of job (MB)
	5407224  -  ResidentSetSize of job (KB)
...
006 (8180963.012.000) 2026-06-24 13:23:52 Image size of job updated: 5832284
	5696  -  MemoryUsage of job (MB)
	5832284  -  ResidentSetSize of job (KB)
...
006 (8180963.012.000) 2026-06-24 13:28:53 Image size of job updated: 5834412
	5696  -  MemoryUsage of job (MB)
	5832284  -  ResidentSetSize of job (KB)
...
006 (8180963.012.000) 2026-06-24 13:33:53 Image size of job updated: 6032060
	5891  -  MemoryUsage of job (MB)
	6032060  -  ResidentSetSize of job (KB)
...
006 (8180963.012.000) 2026-06-24 13:34:17 Image size of job updated: 6172280
	5891  -  MemoryUsage of job (MB)
	6032060  -  ResidentSetSize of job (KB)
...
040 (8180963.012.000) 2026-06-24 13:34:17 Started transferring output files
...
040 (8180963.012.000) 2026-06-24 13:34:17 Finished transferring output files
...
004 (8180963.012.000) 2026-06-24 13:34:17 Job was evicted.
	(0) Job terminated and was requeued
		Usr 0 01:01:17, Sys 0 00:01:44  -  Run Remote Usage
		Usr 0 00:00:00, Sys 0 00:00:00  -  Run Local Usage
	105037  -  Run Bytes Sent By Job
	2783944064  -  Run Bytes Received By Job
	(1) Normal termination (return value 1)
	The job attribute OnExitRemove expression 'NumJobCompletions > JobMaxRetries || ExitCode =?= 0' evaluated to FALSE
...
040 (8180963.012.000) 2026-06-24 13:36:07 Started transferring input files
	Transferring to host: <128.105.68.166:9618?addrs=128.105.68.166-9618+[2607-f388-2200-100-b62e-99ff-feb7-2e2d]-9618&alias=gpulab2001.chtc.wisc.edu&noUDP&sock=backfill1_1_11113_dd1d_62012>
...
040 (8180963.012.000) 2026-06-24 13:43:55 Finished transferring input files
...
001 (8180963.012.000) 2026-06-24 13:43:55 Job executing on host: <128.105.68.166:9618?addrs=128.105.68.166-9618+[2607-f388-2200-100-b62e-99ff-feb7-2e2d]-9618&alias=gpulab2001.chtc.wisc.edu&noUDP&sock=startd_10083_ad84>
	SlotName: backfill1_1@gpulab2001.chtc.wisc.edu
	AvailableGPUs = { GPUs_GPU_ddbde25a }
	CondorScratchDir = "/var/lib/condor/execute/slot1/dir_59045/scratch"
	Cpus = 1
	Disk = 16777216
	GPUs = 1
	GPUs_GPU_ddbde25a = [ Id = "GPU-ddbde25a"; Capability = 7.5; DeviceName = "NVIDIA GeForce RTX 2080 Ti"; DeviceUuid = "ddbde25a-1e55-47ba-5b5c-254470a6ec01"; ECCEnabled = false; NvidiaDriver = "570.195.03"; DriverVersion = 12.8; DevicePciBusId = "0000:DB:00.0"; GlobalMemoryMb = 10823; MaxSupportedVersion = 12080 ]
	IoHeavy = 0
	Memory = 16384
...
040 (8180963.012.000) 2026-06-24 14:50:22 Started transferring output files
...
040 (8180963.012.000) 2026-06-24 14:50:22 Finished transferring output files
...
004 (8180963.012.000) 2026-06-24 14:50:23 Job was evicted.
	(0) Job terminated and was requeued
		Usr 0 01:19:22, Sys 0 00:01:37  -  Run Remote Usage
		Usr 0 00:00:00, Sys 0 00:00:00  -  Run Local Usage
	105037  -  Run Bytes Sent By Job
	2674892160  -  Run Bytes Received By Job
	(1) Normal termination (return value 1)
	The job attribute OnExitRemove expression 'NumJobCompletions > JobMaxRetries || ExitCode =?= 0' evaluated to FALSE
...
040 (8180963.012.000) 2026-06-24 14:50:46 Started transferring input files
	Transferring to host: <10.32.89.45:34717?CCBID=128.105.82.148:9618%3faddrs%3d128.105.82.148-9618+[2607-f388-2200-9d-7ccb-bc08-2489-7689]-9618%26alias%3dospool-ccb.osg.chtc.io%26noUDP%26sock%3dcollector10#4718916%2067.58.49.91:9618%3faddrs%3d67.58.49.91-9618+[fdf0-17b3-c3ec-1f79-10-0-d-2091]-9618%26alias%3dccb-2.ospool.osg-htc.org%26noUDP%26sock%3dcollector2#4718879&PrivNet=qa-rtx6k-036.crc.nd.edu&addrs=10.32.89.45-34717&alias=qa-rtx6k-036.crc.nd.edu&noUDP>
...
040 (8180963.012.000) 2026-06-24 14:51:11 Finished transferring input files
...
021 (8180963.012.000) 2026-06-24 14:51:12 Message from starter on slot1_1@glidein_1372746_22069148@qa-rtx6k-036.crc.nd.edu:
	PREPARE_JOB (prepare-hook) succeeded (reported status 000): Using Singularity image openfe_1.11.1.sif
...
001 (8180963.012.000) 2026-06-24 14:51:12 Job executing on host: <10.32.89.45:45339?CCBID=128.105.82.148:9618%3faddrs%3d128.105.82.148-9618+[2607-f388-2200-9d-7ccb-bc08-2489-7689]-9618%26alias%3dospool-ccb.osg.chtc.io%26noUDP%26sock%3dcollector6#4723535%2067.58.49.91:9618%3faddrs%3d67.58.49.91-9618+[fdf0-17b3-c3ec-1f79-10-0-d-2091]-9618%26alias%3dccb-2.ospool.osg-htc.org%26noUDP%26sock%3dcollector6#4715995&PrivNet=qa-rtx6k-036.crc.nd.edu&addrs=10.32.89.45-45339&alias=qa-rtx6k-036.crc.nd.edu&noUDP>
	SlotName: slot1_1@glidein_1372746_22069148@qa-rtx6k-036.crc.nd.edu
	AvailableGPUs = { GPUs_GPU_820caa14 }
	CondorScratchDir = "/var/condor/execute/dir_1372744/glide_TFoPP1/execute/dir_1426998/scratch"
	Cpus = 1
	Disk = 16777216
	GPUs = 1
	GPUs_GPU_820caa14 = [ Id = "GPU-820caa14"; ClockMhz = 1620.0; Capability = 7.5; CoresPerCU = 64; DeviceName = "Quadro RTX 6000"; DeviceUuid = "820caa14-e2be-bc5f-e9f5-21d3f16e9b1e"; ECCEnabled = true; ComputeUnits = 72; NvidiaDriver = "595.71.05"; DriverVersion = 13.2; DevicePciBusId = "0000:06:00.0"; GlobalMemoryMb = 22684; MaxSupportedVersion = 13020 ]
	Memory = 16384
...
006 (8180963.012.000) 2026-06-24 14:56:21 Image size of job updated: 22607704
	7325  -  MemoryUsage of job (MB)
	7500000  -  ResidentSetSize of job (KB)
...
006 (8180963.012.000) 2026-06-24 15:01:22 Image size of job updated: 22652356
	7325  -  MemoryUsage of job (MB)
	7500000  -  ResidentSetSize of job (KB)
...
006 (8180963.012.000) 2026-06-24 15:06:22 Image size of job updated: 25677368
	7325  -  MemoryUsage of job (MB)
	7500000  -  ResidentSetSize of job (KB)
...
006 (8180963.012.000) 2026-06-24 15:11:22 Image size of job updated: 25679496
	7325  -  MemoryUsage of job (MB)
	7500000  -  ResidentSetSize of job (KB)
...
006 (8180963.012.000) 2026-06-24 15:16:23 Image size of job updated: 25986336
	7325  -  MemoryUsage of job (MB)
	7500000  -  ResidentSetSize of job (KB)
...
006 (8180963.012.000) 2026-06-24 15:21:23 Image size of job updated: 29804196
	7325  -  MemoryUsage of job (MB)
	7500000  -  ResidentSetSize of job (KB)
...
006 (8180963.012.000) 2026-06-24 15:26:24 Image size of job updated: 30084900
	7325  -  MemoryUsage of job (MB)
	7500000  -  ResidentSetSize of job (KB)
...
006 (8180963.012.000) 2026-06-24 15:46:26 Image size of job updated: 30415076
	7325  -  MemoryUsage of job (MB)
	7500000  -  ResidentSetSize of job (KB)
...
006 (8180963.012.000) 2026-06-24 16:06:29 Image size of job updated: 31027384
	7325  -  MemoryUsage of job (MB)
	7500000  -  ResidentSetSize of job (KB)
...
040 (8180963.012.000) 2026-06-24 16:06:59 Started transferring output files
...
040 (8180963.012.000) 2026-06-24 16:06:59 Finished transferring output files
...
004 (8180963.012.000) 2026-06-24 16:06:59 Job was evicted.
	(0) Job terminated and was requeued
		Usr 0 01:22:51, Sys 0 00:00:46  -  Run Remote Usage
		Usr 0 00:00:00, Sys 0 00:00:00  -  Run Local Usage
	97880  -  Run Bytes Sent By Job
	2783944064  -  Run Bytes Received By Job
	(1) Normal termination (return value 1)
	The job attribute OnExitRemove expression 'NumJobCompletions > JobMaxRetries || ExitCode =?= 0' evaluated to FALSE
...
040 (8180963.012.000) 2026-06-24 16:07:39 Started transferring input files
	Transferring to host: <10.1.1.138:35495?CCBID=128.105.82.148:9618%3faddrs%3d128.105.82.148-9618+[2607-f388-2200-9d-7ccb-bc08-2489-7689]-9618%26alias%3dospool-ccb.osg.chtc.io%26noUDP%26sock%3dcollector5#4726046%2067.58.49.91:9618%3faddrs%3d67.58.49.91-9618+[fdf0-17b3-c3ec-1f79-10-0-d-2091]-9618%26alias%3dccb-2.ospool.osg-htc.org%26noUDP%26sock%3dcollector9#4726106&PrivNet=gpu08&addrs=10.1.1.138-35495&alias=gpu08&noUDP>
...
040 (8180963.012.000) 2026-06-24 16:08:45 Finished transferring input files
...
021 (8180963.012.000) 2026-06-24 16:08:46 Message from starter on slot1_5@glidein_431261_919144743@gpu08:
	PREPARE_JOB (prepare-hook) succeeded (reported status 000): Using Singularity image openfe_1.11.1.sif
...
001 (8180963.012.000) 2026-06-24 16:08:46 Job executing on host: <10.1.1.138:39939?CCBID=128.105.82.148:9618%3faddrs%3d128.105.82.148-9618+[2607-f388-2200-9d-7ccb-bc08-2489-7689]-9618%26alias%3dospool-ccb.osg.chtc.io%26noUDP%26sock%3dcollector7#4701775%2067.58.49.91:9618%3faddrs%3d67.58.49.91-9618+[fdf0-17b3-c3ec-1f79-10-0-d-2091]-9618%26alias%3dccb-2.ospool.osg-htc.org%26noUDP%26sock%3dcollector1#4697411&PrivNet=gpu08&addrs=10.1.1.138-39939&alias=gpu08&noUDP>
	SlotName: slot1_5@glidein_431261_919144743@gpu08
	AvailableGPUs = { GPUs_GPU_bc3e04d8 }
	CondorScratchDir = "/tmp/glide_cSIcqM/execute/dir_848119/scratch"
	Cpus = 1
	Disk = 16777216
	GPUs = 1
	GPUs_GPU_bc3e04d8 = [ Id = "GPU-bc3e04d8"; ClockMhz = 1695.0; Capability = 8.6; CoresPerCU = 128; DeviceName = "NVIDIA RTX A5000"; DeviceUuid = "bc3e04d8-e333-57b6-b022-927473e6dec5"; ECCEnabled = false; ComputeUnits = 64; NvidiaDriver = "610.43.02"; DriverVersion = 13.3; DevicePciBusId = "0000:81:00.0"; GlobalMemoryMb = 24361; MaxSupportedVersion = 13030 ]
	Memory = 16384
...
006 (8180963.012.000) 2026-06-24 16:18:54 Image size of job updated: 35697188
	7325  -  MemoryUsage of job (MB)
	7500000  -  ResidentSetSize of job (KB)
...
006 (8180963.012.000) 2026-06-24 16:23:55 Image size of job updated: 39486760
	7325  -  MemoryUsage of job (MB)
	7500000  -  ResidentSetSize of job (KB)
...
006 (8180963.012.000) 2026-06-24 16:38:56 Image size of job updated: 40130644
	7325  -  MemoryUsage of job (MB)
	7500000  -  ResidentSetSize of job (KB)
...
006 (8180963.012.000) 2026-06-24 16:57:08 Image size of job updated: 40742988
	7325  -  MemoryUsage of job (MB)
	7500000  -  ResidentSetSize of job (KB)
...
040 (8180963.012.000) 2026-06-24 16:57:08 Started transferring output files
...
040 (8180963.012.000) 2026-06-24 16:57:08 Finished transferring output files
...
004 (8180963.012.000) 2026-06-24 16:57:10 Job was evicted.
	(0) Job terminated and was requeued
		Usr 0 00:50:11, Sys 0 00:00:29  -  Run Remote Usage
		Usr 0 00:00:00, Sys 0 00:00:00  -  Run Local Usage
	97937  -  Run Bytes Sent By Job
	2783944064  -  Run Bytes Received By Job
	(1) Normal termination (return value 1)
	The job attribute OnExitRemove expression 'NumJobCompletions > JobMaxRetries || ExitCode =?= 0' evaluated to FALSE
...
040 (8180963.012.000) 2026-06-24 16:57:37 Started transferring input files
	Transferring to host: <128.104.100.17:9618?addrs=128.104.100.17-9618+[2607-f388-107c-501-527c-6fff-fe66-e9bc]-9618&alias=jcaicedogpu0002.chtc.wisc.edu&noUDP&sock=backfill1_1_2855957_d182_101788>
...
040 (8180963.012.000) 2026-06-24 16:57:52 Finished transferring input files
...
001 (8180963.012.000) 2026-06-24 16:57:52 Job executing on host: <128.104.100.17:9618?addrs=128.104.100.17-9618+[2607-f388-107c-501-527c-6fff-fe66-e9bc]-9618&alias=jcaicedogpu0002.chtc.wisc.edu&noUDP&sock=startd_11788_2a7e>
	SlotName: backfill1_1@jcaicedogpu0002.chtc.wisc.edu
	AvailableGPUs = { GPUs_GPU_53faf926 }
	CondorScratchDir = "/var/lib/condor/execute/slot1/dir_2304452/scratch"
	Cpus = 1
	Disk = 16777216
	GPUs = 1
	GPUs_GPU_53faf926 = [ Id = "GPU-53faf926"; Capability = 8.9; DeviceName = "NVIDIA L40S"; DeviceUuid = "53faf926-e094-2979-3a41-f6f98400e1ad"; ECCEnabled = true; NvidiaDriver = "570.195.03"; DriverVersion = 12.8; DevicePciBusId = "0000:CF:00.0"; GlobalMemoryMb = 45468; MaxSupportedVersion = 12080 ]
	IoHeavy = 0
	Memory = 16384
...
040 (8180963.012.000) 2026-06-24 17:32:12 Started transferring output files
...
040 (8180963.012.000) 2026-06-24 17:32:12 Finished transferring output files
...
004 (8180963.012.000) 2026-06-24 17:32:13 Job was evicted.
	(0) Job terminated and was requeued
		Usr 0 00:39:58, Sys 0 00:01:28  -  Run Remote Usage
		Usr 0 00:00:00, Sys 0 00:00:00  -  Run Local Usage
	105076  -  Run Bytes Sent By Job
	2783944064  -  Run Bytes Received By Job
	(1) Normal termination (return value 1)
	The job attribute OnExitRemove expression 'NumJobCompletions > JobMaxRetries || ExitCode =?= 0' evaluated to FALSE
...
040 (8180963.012.000) 2026-06-24 17:32:18 Started transferring input files
	Transferring to host: <128.105.69.60:9618?addrs=128.105.69.60-9618+[2607-f388-2200-100-527c-6fff-fe66-e7e2]-9618&alias=blengerichgpu4000.chtc.wisc.edu&noUDP&sock=backfill1_2_1843674_de95_104841>
...
040 (8180963.012.000) 2026-06-24 17:33:26 Finished transferring input files
...
001 (8180963.012.000) 2026-06-24 17:33:26 Job executing on host: <128.105.69.60:9618?addrs=128.105.69.60-9618+[2607-f388-2200-100-527c-6fff-fe66-e7e2]-9618&alias=blengerichgpu4000.chtc.wisc.edu&noUDP&sock=startd_11585_ecc4>
	SlotName: backfill1_2@blengerichgpu4000.chtc.wisc.edu
	AvailableGPUs = { GPUs_GPU_db5665ff }
	CondorScratchDir = "/var/lib/condor/execute/slot1/dir_2598230/scratch"
	Cpus = 1
	Disk = 16777216
	GPUs = 1
	GPUs_GPU_db5665ff = [ Id = "GPU-db5665ff"; Capability = 8.9; DeviceName = "NVIDIA L40S"; DeviceUuid = "db5665ff-35ac-5e51-55be-e8c110b7cb1f"; ECCEnabled = true; NvidiaDriver = "570.195.03"; DriverVersion = 12.8; DevicePciBusId = "0000:CF:00.0"; GlobalMemoryMb = 45468; MaxSupportedVersion = 12080 ]
	IoHeavy = 0
	Memory = 16384
...
040 (8180963.012.000) 2026-06-24 17:59:53 Started transferring output files
...
040 (8180963.012.000) 2026-06-24 17:59:53 Finished transferring output files
...
004 (8180963.012.000) 2026-06-24 17:59:53 Job was evicted.
	(0) Job terminated and was requeued
		Usr 0 00:29:20, Sys 0 00:01:01  -  Run Remote Usage
		Usr 0 00:00:00, Sys 0 00:00:00  -  Run Local Usage
	105088  -  Run Bytes Sent By Job
	2783944064  -  Run Bytes Received By Job
	(1) Normal termination (return value 1)
	The job attribute OnExitRemove expression 'NumJobCompletions > JobMaxRetries || ExitCode =?= 0' evaluated to FALSE
...
040 (8180963.012.000) 2026-06-24 17:59:56 Started transferring input files
	Transferring to host: <128.105.69.63:9618?addrs=128.105.69.63-9618+[2607-f388-2200-100-5aa2-e1ff-febe-455e]-9618&alias=gpu4003.chtc.wisc.edu&noUDP&sock=slot2_7_1549376_4e16_86547>
...
040 (8180963.012.000) 2026-06-24 18:00:33 Finished transferring input files
...
001 (8180963.012.000) 2026-06-24 18:00:33 Job executing on host: <128.105.69.63:9618?addrs=128.105.69.63-9618+[2607-f388-2200-100-5aa2-e1ff-febe-455e]-9618&alias=gpu4003.chtc.wisc.edu&noUDP&sock=startd_3051222_14a9>
	SlotName: slot2_7@gpu4003.chtc.wisc.edu
	AvailableGPUs = { GPUs_GPU_8be5a5aa }
	CondorScratchDir = "/var/lib/condor/execute/slot2/dir_3730404/scratch"
	Cpus = 1
	Disk = 16777216
	GPUs = 1
	GPUs_GPU_8be5a5aa = [ Id = "GPU-8be5a5aa"; Capability = 9.0; DeviceName = "NVIDIA H100 80GB HBM3"; DeviceUuid = "8be5a5aa-de2e-2062-a8ec-c29267f4988e"; ECCEnabled = true; NvidiaDriver = "570.195.03"; DriverVersion = 12.8; DevicePciBusId = "0000:BA:00.0"; GlobalMemoryMb = 81089; MaxSupportedVersion = 12080 ]
	IoHeavy = 0
	Memory = 16384
...
040 (8180963.012.000) 2026-06-24 18:45:34 Started transferring output files
...
040 (8180963.012.000) 2026-06-24 18:45:34 Finished transferring output files
...
004 (8180963.012.000) 2026-06-24 18:45:35 Job was evicted.
	(0) Job terminated and was requeued
		Usr 0 01:06:27, Sys 0 00:06:22  -  Run Remote Usage
		Usr 0 00:00:00, Sys 0 00:00:00  -  Run Local Usage
	105034  -  Run Bytes Sent By Job
	2783944064  -  Run Bytes Received By Job
	(1) Normal termination (return value 1)
	The job attribute OnExitRemove expression 'NumJobCompletions > JobMaxRetries || ExitCode =?= 0' evaluated to FALSE
...
040 (8180963.012.000) 2026-06-24 18:45:38 Started transferring input files
	Transferring to host: <128.105.69.63:9618?addrs=128.105.69.63-9618+[2607-f388-2200-100-5aa2-e1ff-febe-455e]-9618&alias=gpu4003.chtc.wisc.edu&noUDP&sock=slot2_7_1549376_4e16_86630>
...
040 (8180963.012.000) 2026-06-24 18:45:56 Finished transferring input files
...
001 (8180963.012.000) 2026-06-24 18:45:56 Job executing on host: <128.105.69.63:9618?addrs=128.105.69.63-9618+[2607-f388-2200-100-5aa2-e1ff-febe-455e]-9618&alias=gpu4003.chtc.wisc.edu&noUDP&sock=startd_3051222_14a9>
	SlotName: slot2_7@gpu4003.chtc.wisc.edu
	AvailableGPUs = { GPUs_GPU_8be5a5aa }
	CondorScratchDir = "/var/lib/condor/execute/slot2/dir_3953185/scratch"
	Cpus = 1
	Disk = 16777216
	GPUs = 1
	GPUs_GPU_8be5a5aa = [ Id = "GPU-8be5a5aa"; Capability = 9.0; DeviceName = "NVIDIA H100 80GB HBM3"; DeviceUuid = "8be5a5aa-de2e-2062-a8ec-c29267f4988e"; ECCEnabled = true; NvidiaDriver = "570.195.03"; DriverVersion = 12.8; DevicePciBusId = "0000:BA:00.0"; GlobalMemoryMb = 81089; MaxSupportedVersion = 12080 ]
	IoHeavy = 0
	Memory = 16384
...
040 (8180963.012.000) 2026-06-24 19:25:54 Started transferring output files
...
040 (8180963.012.000) 2026-06-24 19:25:54 Finished transferring output files
...
004 (8180963.012.000) 2026-06-24 19:25:55 Job was evicted.
	(0) Job terminated and was requeued
		Usr 0 00:53:26, Sys 0 00:03:56  -  Run Remote Usage
		Usr 0 00:00:00, Sys 0 00:00:00  -  Run Local Usage
	105034  -  Run Bytes Sent By Job
	2783944064  -  Run Bytes Received By Job
	(1) Normal termination (return value 1)
	The job attribute OnExitRemove expression 'NumJobCompletions > JobMaxRetries || ExitCode =?= 0' evaluated to FALSE
...
040 (8180963.012.000) 2026-06-24 19:26:02 Started transferring input files
	Transferring to host: <10.1.1.135:35601?CCBID=128.105.82.148:9618%3faddrs%3d128.105.82.148-9618+[2607-f388-2200-9d-7ccb-bc08-2489-7689]-9618%26alias%3dospool-ccb.osg.chtc.io%26noUDP%26sock%3dcollector9#4757339%2067.58.49.91:9618%3faddrs%3d67.58.49.91-9618+[fdf0-17b3-c3ec-1f79-10-0-d-2091]-9618%26alias%3dccb-2.ospool.osg-htc.org%26noUDP%26sock%3dcollector7#4748706&PrivNet=gpu05&addrs=10.1.1.135-35601&alias=gpu05&noUDP>
...
040 (8180963.012.000) 2026-06-24 19:27:32 Finished transferring input files
...
021 (8180963.012.000) 2026-06-24 19:27:33 Message from starter on slot1_1@glidein_2245716_114722816@gpu05:
	PREPARE_JOB (prepare-hook) succeeded (reported status 000): Using Singularity image openfe_1.11.1.sif
...
001 (8180963.012.000) 2026-06-24 19:27:33 Job executing on host: <10.1.1.135:39611?CCBID=128.105.82.148:9618%3faddrs%3d128.105.82.148-9618+[2607-f388-2200-9d-7ccb-bc08-2489-7689]-9618%26alias%3dospool-ccb.osg.chtc.io%26noUDP%26sock%3dcollector3#4750738%2067.58.49.91:9618%3faddrs%3d67.58.49.91-9618+[fdf0-17b3-c3ec-1f79-10-0-d-2091]-9618%26alias%3dccb-2.ospool.osg-htc.org%26noUDP%26sock%3dcollector7#4740157&PrivNet=gpu05&addrs=10.1.1.135-39611&alias=gpu05&noUDP>
	SlotName: slot1_1@glidein_2245716_114722816@gpu05
	AvailableGPUs = { GPUs_GPU_ca0d7e8d }
	CondorScratchDir = "/tmp/glide_BNfDsh/execute/dir_2342887/scratch"
	Cpus = 1
	Disk = 16777216
	GPUs = 1
	GPUs_GPU_ca0d7e8d = [ Id = "GPU-ca0d7e8d"; ClockMhz = 1695.0; Capability = 8.6; CoresPerCU = 128; DeviceName = "NVIDIA RTX A5000"; DeviceUuid = "ca0d7e8d-ebe8-2760-05e6-75607629defc"; ECCEnabled = false; ComputeUnits = 64; NvidiaDriver = "595.71.05"; DriverVersion = 13.2; DevicePciBusId = "0000:01:00.0"; GlobalMemoryMb = 24361; MaxSupportedVersion = 13020 ]
	Memory = 16384
...
040 (8180963.012.000) 2026-06-24 20:31:38 Started transferring output files
...
040 (8180963.012.000) 2026-06-24 20:31:38 Finished transferring output files
...
004 (8180963.012.000) 2026-06-24 20:31:39 Job was evicted.
	(0) Job terminated and was requeued
		Usr 0 01:05:00, Sys 0 00:00:33  -  Run Remote Usage
		Usr 0 00:00:00, Sys 0 00:00:00  -  Run Local Usage
	97937  -  Run Bytes Sent By Job
	2783944064  -  Run Bytes Received By Job
	(1) Normal termination (return value 1)
	The job attribute OnExitRemove expression 'NumJobCompletions > JobMaxRetries || ExitCode =?= 0' evaluated to FALSE
...
040 (8180963.012.000) 2026-06-24 20:31:48 Started transferring input files
	Transferring to host: <141.142.150.76:4687?CCBID=128.105.82.148:9618%3faddrs%3d128.105.82.148-9618+[2607-f388-2200-9d-7ccb-bc08-2489-7689]-9618%26alias%3dospool-ccb.osg.chtc.io%26noUDP%26sock%3dcollector5#4759570%2067.58.49.91:9618%3faddrs%3d67.58.49.91-9618+[fdf0-17b3-c3ec-1f79-10-0-d-2091]-9618%26alias%3dccb-2.ospool.osg-htc.org%26noUDP%26sock%3dcollector3#4755993&PrivNet=rails06&addrs=141.142.150.76-4687&alias=rails06&noUDP>
...
040 (8180963.012.000) 2026-06-24 20:32:06 Finished transferring input files
...
021 (8180963.012.000) 2026-06-24 20:32:06 Message from starter on slot1_9@glidein_2777056_197444590@rails06:
	PREPARE_JOB (prepare-hook) succeeded (reported status 000): Using Singularity image openfe_1.11.1.sif
...
001 (8180963.012.000) 2026-06-24 20:32:06 Job executing on host: <141.142.150.76:21787?CCBID=128.105.82.148:9618%3faddrs%3d128.105.82.148-9618+[2607-f388-2200-9d-7ccb-bc08-2489-7689]-9618%26alias%3dospool-ccb.osg.chtc.io%26noUDP%26sock%3dcollector8#4742203%2067.58.49.91:9618%3faddrs%3d67.58.49.91-9618+[fdf0-17b3-c3ec-1f79-10-0-d-2091]-9618%26alias%3dccb-2.ospool.osg-htc.org%26noUDP%26sock%3dcollector4#4731319&PrivNet=rails06&addrs=141.142.150.76-21787&alias=rails06&noUDP>
	SlotName: slot1_9@glidein_2777056_197444590@rails06
	AvailableGPUs = { GPUs_GPU_3a1d0fd3 }
	CondorScratchDir = "/projects/bcxl/svcosguser/glide_vKISV8/execute/dir_3144468/scratch"
	Cpus = 1
	Disk = 16777216
	GPUs = 1
	GPUs_GPU_3a1d0fd3 = [ Id = "GPU-3a1d0fd3"; ClockMhz = 1980.0; Capability = 9.0; CoresPerCU = 128; DeviceName = "NVIDIA H100 80GB HBM3"; DeviceUuid = "3a1d0fd3-afb4-6bf3-a15d-6cbe65f6262f"; ECCEnabled = true; ComputeUnits = 132; NvidiaDriver = "590.48.01"; DriverVersion = 13.1; DevicePciBusId = "0000:5D:00.0"; GlobalMemoryMb = 81081; MaxSupportedVersion = 13010 ]
	Memory = 16384
...
006 (8180963.012.000) 2026-06-24 20:37:17 Image size of job updated: 77083564
	7325  -  MemoryUsage of job (MB)
	7500000  -  ResidentSetSize of job (KB)
...
006 (8180963.012.000) 2026-06-24 20:42:18 Image size of job updated: 77254828
	7325  -  MemoryUsage of job (MB)
	7500000  -  ResidentSetSize of job (KB)
...
006 (8180963.012.000) 2026-06-24 20:47:18 Image size of job updated: 80253952
	7325  -  MemoryUsage of job (MB)
	7500000  -  ResidentSetSize of job (KB)
...
006 (8180963.012.000) 2026-06-24 20:52:19 Image size of job updated: 81648968
	7541  -  MemoryUsage of job (MB)
	7721668  -  ResidentSetSize of job (KB)
...
006 (8180963.012.000) 2026-06-24 20:57:19 Image size of job updated: 83048344
	7541  -  MemoryUsage of job (MB)
	7721668  -  ResidentSetSize of job (KB)
...
006 (8180963.012.000) 2026-06-24 21:02:20 Image size of job updated: 84445592
	8143  -  MemoryUsage of job (MB)
	8337888  -  ResidentSetSize of job (KB)
...
006 (8180963.012.000) 2026-06-24 21:07:20 Image size of job updated: 85837528
	8429  -  MemoryUsage of job (MB)
	8631272  -  ResidentSetSize of job (KB)
...
006 (8180963.012.000) 2026-06-24 21:12:20 Image size of job updated: 89206212
	8429  -  MemoryUsage of job (MB)
	8631272  -  ResidentSetSize of job (KB)
...
006 (8180963.012.000) 2026-06-24 21:27:22 Image size of job updated: 89225192
	8429  -  MemoryUsage of job (MB)
	8631272  -  ResidentSetSize of job (KB)
...
006 (8180963.012.000) 2026-06-24 21:37:24 Image size of job updated: 89225192
	8576  -  MemoryUsage of job (MB)
	8781228  -  ResidentSetSize of job (KB)
...
006 (8180963.012.000) 2026-06-24 21:42:25 Image size of job updated: 89225192
	8579  -  MemoryUsage of job (MB)
	8784384  -  ResidentSetSize of job (KB)
...
006 (8180963.012.000) 2026-06-24 21:52:26 Image size of job updated: 89763480
	8579  -  MemoryUsage of job (MB)
	8784384  -  ResidentSetSize of job (KB)
...
006 (8180963.012.000) 2026-06-24 21:53:09 Image size of job updated: 89980404
	8579  -  MemoryUsage of job (MB)
	8784384  -  ResidentSetSize of job (KB)
...
040 (8180963.012.000) 2026-06-24 21:53:09 Started transferring output files
...
040 (8180963.012.000) 2026-06-24 21:53:09 Finished transferring output files
...
004 (8180963.012.000) 2026-06-24 21:53:11 Job was evicted.
	(0) Job terminated and was requeued
		Usr 0 01:23:07, Sys 0 00:04:06  -  Run Remote Usage
		Usr 0 00:00:00, Sys 0 00:00:00  -  Run Local Usage
	97832  -  Run Bytes Sent By Job
	2783944064  -  Run Bytes Received By Job
	(1) Normal termination (return value 1)
	The job attribute OnExitRemove expression 'NumJobCompletions > JobMaxRetries || ExitCode =?= 0' evaluated to FALSE
...
040 (8180963.012.000) 2026-06-24 21:54:07 Started transferring input files
	Transferring to host: <128.105.69.34:9618?addrs=128.105.69.34-9618+[2607-f388-2200-100-527c-6fff-fe66-ea4a]-9618&alias=mkhodakgpu4000.chtc.wisc.edu&noUDP&sock=backfill1_5_2685916_8d1f_105155>
...
040 (8180963.012.000) 2026-06-24 21:54:31 Finished transferring input files
...
001 (8180963.012.000) 2026-06-24 21:54:31 Job executing on host: <128.105.69.34:9618?addrs=128.105.69.34-9618+[2607-f388-2200-100-527c-6fff-fe66-ea4a]-9618&alias=mkhodakgpu4000.chtc.wisc.edu&noUDP&sock=startd_11796_a740>
	SlotName: backfill1_5@mkhodakgpu4000.chtc.wisc.edu
	AvailableGPUs = { GPUs_GPU_a903d036 }
	CondorScratchDir = "/var/lib/condor/execute/slot1/dir_1004455/scratch"
	Cpus = 1
	Disk = 16777216
	GPUs = 1
	GPUs_GPU_a903d036 = [ Id = "GPU-a903d036"; Capability = 8.9; DeviceName = "NVIDIA L40S"; DeviceUuid = "a903d036-2886-c4e0-f9ec-65fd7d37976f"; ECCEnabled = true; NvidiaDriver = "570.195.03"; DriverVersion = 12.8; DevicePciBusId = "0000:63:00.0"; GlobalMemoryMb = 45468; MaxSupportedVersion = 12080 ]
	IoHeavy = 0
	Memory = 16384
...
040 (8180963.012.000) 2026-06-24 22:33:29 Started transferring output files
...
040 (8180963.012.000) 2026-06-24 22:33:29 Finished transferring output files
...
005 (8180963.012.000) 2026-06-24 22:33:29 Job terminated.
	(1) Normal termination (return value 1)
		Usr 0 00:43:56, Sys 0 00:01:49  -  Run Remote Usage
		Usr 0 00:00:00, Sys 0 00:00:00  -  Run Local Usage
		Usr 0 10:54:55, Sys 0 00:23:51  -  Total Remote Usage
		Usr 0 00:00:00, Sys 0 00:00:00  -  Total Local Usage
	105072  -  Run Bytes Sent By Job
	2783944064  -  Run Bytes Received By Job
	1126964  -  Total Bytes Sent By Job
	30514332800  -  Total Bytes Received By Job
	Partitionable Resources :      Usage  Request Allocated Assigned
	   Cpus                 :       1.00        1         1 
	   Disk (KB)            : 3138436    16777216  16777216 
	   GPUs                 :       0.13        1         1 "GPU-a903d036"
	   GpusMemory (MB)      :    8295                       
	   IoHeavy              :                             0 
	   Memory (MB)          :    9766       16384     16384 
	   TimeExecute (s)      :    2334                       
	   TimeSlotBusy (s)     :    2362                       
...
