000 (8017966.302.000) 2026-06-20 22:07:54 Job submitted from host: <128.105.68.112:9618?addrs=128.105.68.112-9618+[2607-f388-2200-100-eaeb-d3ff-fea3-4202]-9618&alias=ap2001.chtc.wisc.edu&noUDP&sock=schedd_4071840_2329>
...
040 (8017966.302.000) 2026-06-21 01:07:43 Started transferring input files
	Transferring to host: <128.105.68.117:9618?addrs=128.105.68.117-9618+[2607-f388-2200-100-7ec2-55ff-fe9a-b4fa]-9618&alias=gpu4000.chtc.wisc.edu&noUDP&sock=slot2_6_1956795_d8ee_82281>
...
040 (8017966.302.000) 2026-06-21 01:07:54 Finished transferring input files
...
001 (8017966.302.000) 2026-06-21 01:07:54 Job executing on host: <128.105.68.117:9618?addrs=128.105.68.117-9618+[2607-f388-2200-100-7ec2-55ff-fe9a-b4fa]-9618&alias=gpu4000.chtc.wisc.edu&noUDP&sock=startd_674379_7ae3>
	SlotName: slot2_6@gpu4000.chtc.wisc.edu
	AvailableGPUs = { GPUs_GPU_446491ee }
	CondorScratchDir = "/var/lib/condor/execute/slot2/dir_3967646/scratch"
	Cpus = 1
	Disk = 16777216
	GPUs = 1
	GPUs_GPU_446491ee = [ Id = "GPU-446491ee"; Capability = 8.9; DeviceName = "NVIDIA L40"; DeviceUuid = "446491ee-8bae-af13-9de2-63ba0ff9b62e"; ECCEnabled = true; NvidiaDriver = "570.195.03"; DriverVersion = 12.8; DevicePciBusId = "0000:CE:00.0"; GlobalMemoryMb = 45468; MaxSupportedVersion = 12080 ]
	IoHeavy = 0
	Memory = 16384
...
006 (8017966.302.000) 2026-06-21 01:08:03 Image size of job updated: 404044
	395  -  MemoryUsage of job (MB)
	404044  -  ResidentSetSize of job (KB)
...
006 (8017966.302.000) 2026-06-21 01:13:03 Image size of job updated: 1761248
	1720  -  MemoryUsage of job (MB)
	1760776  -  ResidentSetSize of job (KB)
...
006 (8017966.302.000) 2026-06-21 01:18:04 Image size of job updated: 1761248
	1720  -  MemoryUsage of job (MB)
	1761032  -  ResidentSetSize of job (KB)
...
006 (8017966.302.000) 2026-06-21 01:33:05 Image size of job updated: 1776148
	1735  -  MemoryUsage of job (MB)
	1776148  -  ResidentSetSize of job (KB)
...
006 (8017966.302.000) 2026-06-21 01:38:05 Image size of job updated: 1776280
	1735  -  MemoryUsage of job (MB)
	1776280  -  ResidentSetSize of job (KB)
...
006 (8017966.302.000) 2026-06-21 01:43:06 Image size of job updated: 1776316
	1735  -  MemoryUsage of job (MB)
	1776316  -  ResidentSetSize of job (KB)
...
006 (8017966.302.000) 2026-06-21 01:48:07 Image size of job updated: 1776320
	1735  -  MemoryUsage of job (MB)
	1776320  -  ResidentSetSize of job (KB)
...
006 (8017966.302.000) 2026-06-21 01:53:07 Image size of job updated: 1776340
	1735  -  MemoryUsage of job (MB)
	1776340  -  ResidentSetSize of job (KB)
...
006 (8017966.302.000) 2026-06-21 01:58:08 Image size of job updated: 1776360
	1735  -  MemoryUsage of job (MB)
	1776360  -  ResidentSetSize of job (KB)
...
006 (8017966.302.000) 2026-06-21 02:08:09 Image size of job updated: 1776368
	1735  -  MemoryUsage of job (MB)
	1776368  -  ResidentSetSize of job (KB)
...
006 (8017966.302.000) 2026-06-21 02:13:10 Image size of job updated: 1776372
	1735  -  MemoryUsage of job (MB)
	1776372  -  ResidentSetSize of job (KB)
...
006 (8017966.302.000) 2026-06-21 02:18:10 Image size of job updated: 1783892
	1743  -  MemoryUsage of job (MB)
	1783892  -  ResidentSetSize of job (KB)
...
006 (8017966.302.000) 2026-06-21 02:43:12 Image size of job updated: 1795144
	1754  -  MemoryUsage of job (MB)
	1795144  -  ResidentSetSize of job (KB)
...
006 (8017966.302.000) 2026-06-21 02:53:13 Image size of job updated: 1795540
	1754  -  MemoryUsage of job (MB)
	1795540  -  ResidentSetSize of job (KB)
...
006 (8017966.302.000) 2026-06-21 02:58:13 Image size of job updated: 1796872
	1755  -  MemoryUsage of job (MB)
	1796872  -  ResidentSetSize of job (KB)
...
006 (8017966.302.000) 2026-06-21 03:03:14 Image size of job updated: 1804376
	1763  -  MemoryUsage of job (MB)
	1804376  -  ResidentSetSize of job (KB)
...
040 (8017966.302.000) 2026-06-21 03:24:00 Started transferring output files
...
040 (8017966.302.000) 2026-06-21 03:24:00 Finished transferring output files
...
005 (8017966.302.000) 2026-06-21 03:24:01 Job terminated.
	(1) Normal termination (return value 0)
		Usr 0 02:17:33, Sys 0 00:23:28  -  Run Remote Usage
		Usr 0 00:00:00, Sys 0 00:00:00  -  Run Local Usage
		Usr 0 02:17:33, Sys 0 00:23:28  -  Total Remote Usage
		Usr 0 00:00:00, Sys 0 00:00:00  -  Total Local Usage
	11256834  -  Run Bytes Sent By Job
	2782503788  -  Run Bytes Received By Job
	11256834  -  Total Bytes Sent By Job
	2782503788  -  Total Bytes Received By Job
	Partitionable Resources :      Usage  Request Allocated Assigned
	   Cpus                 :       1.20        1         1 
	   Disk (KB)            : 2794676    16777216  16777216 
	   GPUs                 :       0.87        1         1 "GPU-446491ee"
	   GpusMemory (MB)      :    7212                       
	   IoHeavy              :                             0 
	   Memory (MB)          :    1763       16384     16384 
	   TimeExecute (s)      :    8166                       
	   TimeSlotBusy (s)     :    8177                       
...
