000 (8321903.031.000) 2026-06-26 09:00:08 Job submitted from host: <128.105.68.112:9618?addrs=128.105.68.112-9618+[2607-f388-2200-100-eaeb-d3ff-fea3-4202]-9618&alias=ap2001.chtc.wisc.edu&noUDP&sock=schedd_4071840_2329>
...
040 (8321903.031.000) 2026-06-26 09:05:36 Started transferring input files
	Transferring to host: <128.104.103.104:9618?addrs=128.104.103.104-9618+[2607-f388-107c-501-ae1f-6bff-fe40-ce2e]-9618&alias=gitter0000.chtc.wisc.edu&noUDP&sock=slot2_3_129117_5b5c_1339>
...
040 (8321903.031.000) 2026-06-26 09:07:01 Finished transferring input files
...
001 (8321903.031.000) 2026-06-26 09:07:01 Job executing on host: <128.104.103.104:9618?addrs=128.104.103.104-9618+[2607-f388-107c-501-ae1f-6bff-fe40-ce2e]-9618&alias=gitter0000.chtc.wisc.edu&noUDP&sock=startd_8665_0c39>
	SlotName: slot2_3@gitter0000.chtc.wisc.edu
	AvailableGPUs = { GPUs_GPU_ef72567f }
	CondorScratchDir = "/var/lib/condor/execute/slot2/dir_1014604/scratch"
	Cpus = 1
	Disk = 16777216
	GPUs = 1
	GPUs_GPU_ef72567f = [ Id = "GPU-ef72567f"; Capability = 6.1; DeviceName = "NVIDIA GeForce GTX 1080 Ti"; DeviceUuid = "ef72567f-a470-7f68-32a7-eb3e859e8d5a"; ECCEnabled = false; NvidiaDriver = "570.195.03"; DriverVersion = 12.8; DevicePciBusId = "0000:86:00.0"; GlobalMemoryMb = 11165; MaxSupportedVersion = 12080 ]
	IoHeavy = 0
	Memory = 16384
...
006 (8321903.031.000) 2026-06-26 09:07:10 Image size of job updated: 264552
	259  -  MemoryUsage of job (MB)
	264552  -  ResidentSetSize of job (KB)
...
006 (8321903.031.000) 2026-06-26 09:12:10 Image size of job updated: 903732
	882  -  MemoryUsage of job (MB)
	902268  -  ResidentSetSize of job (KB)
...
006 (8321903.031.000) 2026-06-26 09:17:10 Image size of job updated: 903732
	882  -  MemoryUsage of job (MB)
	902304  -  ResidentSetSize of job (KB)
...
006 (8321903.031.000) 2026-06-26 09:22:11 Image size of job updated: 903732
	883  -  MemoryUsage of job (MB)
	903404  -  ResidentSetSize of job (KB)
...
006 (8321903.031.000) 2026-06-26 09:27:11 Image size of job updated: 906832
	886  -  MemoryUsage of job (MB)
	906832  -  ResidentSetSize of job (KB)
...
006 (8321903.031.000) 2026-06-26 09:32:12 Image size of job updated: 910696
	890  -  MemoryUsage of job (MB)
	910696  -  ResidentSetSize of job (KB)
...
006 (8321903.031.000) 2026-06-26 09:37:13 Image size of job updated: 916232
	895  -  MemoryUsage of job (MB)
	916232  -  ResidentSetSize of job (KB)
...
006 (8321903.031.000) 2026-06-26 09:42:13 Image size of job updated: 920572
	899  -  MemoryUsage of job (MB)
	920572  -  ResidentSetSize of job (KB)
...
006 (8321903.031.000) 2026-06-26 09:47:14 Image size of job updated: 925384
	904  -  MemoryUsage of job (MB)
	925384  -  ResidentSetSize of job (KB)
...
006 (8321903.031.000) 2026-06-26 09:52:15 Image size of job updated: 930064
	909  -  MemoryUsage of job (MB)
	930064  -  ResidentSetSize of job (KB)
...
006 (8321903.031.000) 2026-06-26 09:57:15 Image size of job updated: 931164
	909  -  MemoryUsage of job (MB)
	930064  -  ResidentSetSize of job (KB)
...
006 (8321903.031.000) 2026-06-26 10:02:16 Image size of job updated: 932636
	911  -  MemoryUsage of job (MB)
	932636  -  ResidentSetSize of job (KB)
...
006 (8321903.031.000) 2026-06-26 10:07:16 Image size of job updated: 938048
	911  -  MemoryUsage of job (MB)
	932636  -  ResidentSetSize of job (KB)
...
040 (8321903.031.000) 2026-06-26 11:01:50 Started transferring output files
...
040 (8321903.031.000) 2026-06-26 11:01:50 Finished transferring output files
...
005 (8321903.031.000) 2026-06-26 11:01:50 Job terminated.
	(1) Normal termination (return value 0)
		Usr 0 01:54:15, Sys 0 00:01:32  -  Run Remote Usage
		Usr 0 00:00:00, Sys 0 00:00:00  -  Run Local Usage
		Usr 0 01:54:15, Sys 0 00:01:32  -  Total Remote Usage
		Usr 0 00:00:00, Sys 0 00:00:00  -  Total Local Usage
	1581310  -  Run Bytes Sent By Job
	2781015778  -  Run Bytes Received By Job
	1581310  -  Total Bytes Sent By Job
	2781015778  -  Total Bytes Received By Job
	Partitionable Resources :      Usage  Request Allocated Assigned
	   Cpus                 :       0.99        1         1 
	   Disk (KB)            : 2728646    16777216  16777216 
	   GPUs                 :       0           1         1 "GPU-ef72567f"
	   GpusMemory (MB)      :    2163                       
	   IoHeavy              :                             0 
	   Memory (MB)          :     911       16384     16384 
	   TimeExecute (s)      :    6889                       
	   TimeSlotBusy (s)     :    6974                       
...
