000 (8017966.559.000) 2026-06-20 22:07:54 Job submitted from host: <128.105.68.112:9618?addrs=128.105.68.112-9618+[2607-f388-2200-100-eaeb-d3ff-fea3-4202]-9618&alias=ap2001.chtc.wisc.edu&noUDP&sock=schedd_4071840_2329>
...
040 (8017966.559.000) 2026-06-21 02:56:22 Started transferring input files
	Transferring to host: <128.104.100.118:9618?addrs=128.104.100.118-9618+[2607-f388-107c-501-26d-aeff-fe1f-6b20]-9618&alias=jcaicedogpu0004.chtc.wisc.edu&noUDP&sock=backfill1_1_4107613_b354_99514>
...
040 (8017966.559.000) 2026-06-21 02:56:36 Finished transferring input files
...
001 (8017966.559.000) 2026-06-21 02:56:36 Job executing on host: <128.104.100.118:9618?addrs=128.104.100.118-9618+[2607-f388-107c-501-26d-aeff-fe1f-6b20]-9618&alias=jcaicedogpu0004.chtc.wisc.edu&noUDP&sock=startd_10858_436a>
	SlotName: backfill1_1@jcaicedogpu0004.chtc.wisc.edu
	AvailableGPUs = { GPUs_GPU_247deb3d }
	CondorScratchDir = "/var/lib/condor/execute/slot1/dir_653212/scratch"
	Cpus = 1
	Disk = 16777216
	GPUs = 1
	GPUs_GPU_247deb3d = [ Id = "GPU-247deb3d"; Capability = 8.9; DeviceName = "NVIDIA L40S"; DeviceUuid = "247deb3d-27f7-30d7-bfa9-8c3f623116c2"; ECCEnabled = true; NvidiaDriver = "570.195.03"; DriverVersion = 12.8; DevicePciBusId = "0000:E1:00.0"; GlobalMemoryMb = 45468; MaxSupportedVersion = 12080 ]
	IoHeavy = 0
	Memory = 16384
...
006 (8017966.559.000) 2026-06-21 02:56:44 Image size of job updated: 426224
	417  -  MemoryUsage of job (MB)
	426224  -  ResidentSetSize of job (KB)
...
006 (8017966.559.000) 2026-06-21 03:01:44 Image size of job updated: 1660988
	1621  -  MemoryUsage of job (MB)
	1659212  -  ResidentSetSize of job (KB)
...
006 (8017966.559.000) 2026-06-21 03:06:45 Image size of job updated: 1660988
	1621  -  MemoryUsage of job (MB)
	1659516  -  ResidentSetSize of job (KB)
...
006 (8017966.559.000) 2026-06-21 03:11:45 Image size of job updated: 1660988
	1621  -  MemoryUsage of job (MB)
	1659528  -  ResidentSetSize of job (KB)
...
006 (8017966.559.000) 2026-06-21 03:21:46 Image size of job updated: 1662336
	1624  -  MemoryUsage of job (MB)
	1662336  -  ResidentSetSize of job (KB)
...
006 (8017966.559.000) 2026-06-21 03:26:47 Image size of job updated: 1662352
	1624  -  MemoryUsage of job (MB)
	1662336  -  ResidentSetSize of job (KB)
...
006 (8017966.559.000) 2026-06-21 03:41:49 Image size of job updated: 1662864
	1624  -  MemoryUsage of job (MB)
	1662864  -  ResidentSetSize of job (KB)
...
006 (8017966.559.000) 2026-06-21 03:56:51 Image size of job updated: 1662996
	1625  -  MemoryUsage of job (MB)
	1662996  -  ResidentSetSize of job (KB)
...
006 (8017966.559.000) 2026-06-21 04:01:51 Image size of job updated: 1663004
	1625  -  MemoryUsage of job (MB)
	1663004  -  ResidentSetSize of job (KB)
...
006 (8017966.559.000) 2026-06-21 04:06:52 Image size of job updated: 1663008
	1625  -  MemoryUsage of job (MB)
	1663008  -  ResidentSetSize of job (KB)
...
006 (8017966.559.000) 2026-06-21 04:16:52 Image size of job updated: 1663012
	1625  -  MemoryUsage of job (MB)
	1663012  -  ResidentSetSize of job (KB)
...
006 (8017966.559.000) 2026-06-21 04:21:53 Image size of job updated: 1663068
	1625  -  MemoryUsage of job (MB)
	1663068  -  ResidentSetSize of job (KB)
...
006 (8017966.559.000) 2026-06-21 04:41:54 Image size of job updated: 1664524
	1626  -  MemoryUsage of job (MB)
	1664524  -  ResidentSetSize of job (KB)
...
040 (8017966.559.000) 2026-06-21 05:01:19 Started transferring output files
...
040 (8017966.559.000) 2026-06-21 05:01:19 Finished transferring output files
...
005 (8017966.559.000) 2026-06-21 05:01:20 Job terminated.
	(1) Normal termination (return value 0)
		Usr 0 02:06:35, Sys 0 00:39:38  -  Run Remote Usage
		Usr 0 00:00:00, Sys 0 00:00:00  -  Run Local Usage
		Usr 0 02:06:35, Sys 0 00:39:38  -  Total Remote Usage
		Usr 0 00:00:00, Sys 0 00:00:00  -  Total Local Usage
	10105485  -  Run Bytes Sent By Job
	2782488162  -  Run Bytes Received By Job
	10105485  -  Total Bytes Sent By Job
	2782488162  -  Total Bytes Received By Job
	Partitionable Resources :      Usage  Request Allocated Assigned
	   Cpus                 :       1.35        1         1 
	   Disk (KB)            : 2780916    16777216  16777216 
	   GPUs                 :       0.88        1         1 "GPU-247deb3d"
	   GpusMemory (MB)      :    7164                       
	   IoHeavy              :                             0 
	   Memory (MB)          :    1626       16384     16384 
	   TimeExecute (s)      :    7483                       
	   TimeSlotBusy (s)     :    7497                       
...
