000 (8017966.268.000) 2026-06-20 22:07:54 Job submitted from host: <128.105.68.112:9618?addrs=128.105.68.112-9618+[2607-f388-2200-100-eaeb-d3ff-fea3-4202]-9618&alias=ap2001.chtc.wisc.edu&noUDP&sock=schedd_4071840_2329>
...
040 (8017966.268.000) 2026-06-21 00:46:33 Started transferring input files
	Transferring to host: <128.105.69.3:9618?addrs=128.105.69.3-9618+[2607-f388-2200-100-7ec2-55ff-fe46-28f2]-9618&alias=gpu4002.chtc.wisc.edu&noUDP&sock=slot1_2_12744_0cff_3570>
...
040 (8017966.268.000) 2026-06-21 00:46:43 Finished transferring input files
...
001 (8017966.268.000) 2026-06-21 00:46:43 Job executing on host: <128.105.69.3:9618?addrs=128.105.69.3-9618+[2607-f388-2200-100-7ec2-55ff-fe46-28f2]-9618&alias=gpu4002.chtc.wisc.edu&noUDP&sock=startd_11312_ab69>
	SlotName: slot1_2@gpu4002.chtc.wisc.edu
	AvailableGPUs = { GPUs_GPU_2e13e217 }
	CondorScratchDir = "/var/lib/condor/execute/slot1/dir_2795732/scratch"
	Cpus = 1
	Disk = 16777216
	GPUs = 1
	GPUs_GPU_2e13e217 = [ Id = "GPU-2e13e217"; Capability = 8.9; DeviceName = "NVIDIA L40"; DeviceUuid = "2e13e217-6059-f8d1-c6e6-c4cc399ca285"; ECCEnabled = true; NvidiaDriver = "570.195.03"; DriverVersion = 12.8; DevicePciBusId = "0000:53:00.0"; GlobalMemoryMb = 45468; MaxSupportedVersion = 12080 ]
	IoHeavy = 0
	Memory = 16384
...
006 (8017966.268.000) 2026-06-21 00:46:52 Image size of job updated: 441196
	431  -  MemoryUsage of job (MB)
	441196  -  ResidentSetSize of job (KB)
...
006 (8017966.268.000) 2026-06-21 00:47:23 Image size of job updated: 928280
	431  -  MemoryUsage of job (MB)
	441260  -  ResidentSetSize of job (KB)
...
040 (8017966.268.000) 2026-06-21 00:47:23 Started transferring output files
...
040 (8017966.268.000) 2026-06-21 00:47:23 Finished transferring output files
...
004 (8017966.268.000) 2026-06-21 00:47:24 Job was evicted.
	(0) Job terminated and was requeued
		Usr 0 00:00:37, Sys 0 00:00:02  -  Run Remote Usage
		Usr 0 00:00:00, Sys 0 00:00:00  -  Run Local Usage
	2442104  -  Run Bytes Sent By Job
	2782518689  -  Run Bytes Received By Job
	(1) Normal termination (return value 1)
	The job attribute OnExitRemove expression 'NumJobCompletions > JobMaxRetries || ExitCode =?= 0' evaluated to FALSE
...
040 (8017966.268.000) 2026-06-21 00:47:46 Started transferring input files
	Transferring to host: <128.104.103.47:9618?addrs=128.104.103.47-9618+[2607-f388-107c-501-a236-9fff-fe3c-f3a0]-9618&alias=ahlquist0000.chtc.wisc.edu&noUDP&sock=backfill1_2_9919_952c_6630>
...
040 (8017966.268.000) 2026-06-21 00:49:40 Finished transferring input files
...
001 (8017966.268.000) 2026-06-21 00:49:40 Job executing on host: <128.104.103.47:9618?addrs=128.104.103.47-9618+[2607-f388-107c-501-a236-9fff-fe3c-f3a0]-9618&alias=ahlquist0000.chtc.wisc.edu&noUDP&sock=startd_9052_7f60>
	SlotName: backfill1_2@ahlquist0000.chtc.wisc.edu
	AvailableGPUs = { GPUs_GPU_71c7319b }
	CondorScratchDir = "/var/lib/condor/execute/slot1/dir_1121654/scratch"
	Cpus = 1
	Disk = 16777216
	GPUs = 1
	GPUs_GPU_71c7319b = [ Id = "GPU-71c7319b"; Capability = 7.5; DeviceName = "NVIDIA GeForce RTX 2080 Ti"; DeviceUuid = "71c7319b-96b0-d0bb-6b1c-90165304de53"; ECCEnabled = false; NvidiaDriver = "550.54.14"; DriverVersion = 12.4; DevicePciBusId = "0000:B1:00.0"; GlobalMemoryMb = 11004; MaxSupportedVersion = 12040 ]
	IoHeavy = 0
	Memory = 16384
...
040 (8017966.268.000) 2026-06-21 00:49:47 Started transferring output files
...
040 (8017966.268.000) 2026-06-21 00:49:47 Finished transferring output files
...
004 (8017966.268.000) 2026-06-21 00:49:48 Job was evicted.
	(0) Job terminated and was requeued
		Usr 0 00:00:04, Sys 0 00:00:00  -  Run Remote Usage
		Usr 0 00:00:00, Sys 0 00:00:00  -  Run Local Usage
	2437434  -  Run Bytes Sent By Job
	2784955618  -  Run Bytes Received By Job
	(1) Normal termination (return value 2)
	The job attribute OnExitRemove expression 'NumJobCompletions > JobMaxRetries || ExitCode =?= 0' evaluated to FALSE
...
040 (8017966.268.000) 2026-06-21 00:53:13 Started transferring input files
	Transferring to host: <128.105.69.63:9618?addrs=128.105.69.63-9618+[2607-f388-2200-100-5aa2-e1ff-febe-455e]-9618&alias=gpu4003.chtc.wisc.edu&noUDP&sock=slot2_2_1549376_4e16_75846>
...
040 (8017966.268.000) 2026-06-21 00:53:24 Finished transferring input files
...
001 (8017966.268.000) 2026-06-21 00:53:24 Job executing on host: <128.105.69.63:9618?addrs=128.105.69.63-9618+[2607-f388-2200-100-5aa2-e1ff-febe-455e]-9618&alias=gpu4003.chtc.wisc.edu&noUDP&sock=startd_3051222_14a9>
	SlotName: slot2_2@gpu4003.chtc.wisc.edu
	AvailableGPUs = { GPUs_GPU_003470e7 }
	CondorScratchDir = "/var/lib/condor/execute/slot2/dir_300215/scratch"
	Cpus = 1
	Disk = 16777216
	GPUs = 1
	GPUs_GPU_003470e7 = [ Id = "GPU-003470e7"; Capability = 9.0; DeviceName = "NVIDIA H100 80GB HBM3"; DeviceUuid = "003470e7-52d4-d990-de26-d973847ef943"; ECCEnabled = true; NvidiaDriver = "570.195.03"; DriverVersion = 12.8; DevicePciBusId = "0000:DB:00.0"; GlobalMemoryMb = 81089; MaxSupportedVersion = 12080 ]
	IoHeavy = 0
	Memory = 16384
...
040 (8017966.268.000) 2026-06-21 00:53:28 Started transferring output files
...
040 (8017966.268.000) 2026-06-21 00:53:28 Finished transferring output files
...
004 (8017966.268.000) 2026-06-21 00:53:28 Job was evicted.
	(0) Job terminated and was requeued
		Usr 0 00:00:02, Sys 0 00:00:00  -  Run Remote Usage
		Usr 0 00:00:00, Sys 0 00:00:00  -  Run Local Usage
	2437429  -  Run Bytes Sent By Job
	2784955618  -  Run Bytes Received By Job
	(1) Normal termination (return value 2)
	The job attribute OnExitRemove expression 'NumJobCompletions > JobMaxRetries || ExitCode =?= 0' evaluated to FALSE
...
040 (8017966.268.000) 2026-06-21 00:55:51 Started transferring input files
	Transferring to host: <10.32.89.15:42141?CCBID=128.105.82.148:9618%3faddrs%3d128.105.82.148-9618+[2607-f388-2200-9d-7ccb-bc08-2489-768a]-9618%26alias%3dospool-ccb.osg.chtc.io%26noUDP%26sock%3dcollector7#4292387%2067.58.49.91:9618%3faddrs%3d67.58.49.91-9618+[fdf0-17b3-c3ec-1f79-10-0-e-b69d]-9618%26alias%3dccb-2.ospool.osg-htc.org%26noUDP%26sock%3dcollector3#4286048&PrivNet=qa-rtx6k-021.crc.nd.edu&addrs=10.32.89.15-42141&alias=qa-rtx6k-021.crc.nd.edu&noUDP>
...
040 (8017966.268.000) 2026-06-21 00:56:05 Finished transferring input files
...
021 (8017966.268.000) 2026-06-21 00:56:06 Message from starter on slot1_1@glidein_2852542_654985702@qa-rtx6k-021.crc.nd.edu:
	PREPARE_JOB (prepare-hook) succeeded (reported status 000): Using Singularity image openfe_1.11.1.sif
...
001 (8017966.268.000) 2026-06-21 00:56:06 Job executing on host: <10.32.89.15:40387?CCBID=128.105.82.148:9618%3faddrs%3d128.105.82.148-9618+[2607-f388-2200-9d-7ccb-bc08-2489-768a]-9618%26alias%3dospool-ccb.osg.chtc.io%26noUDP%26sock%3dcollector1#4283330%2067.58.49.91:9618%3faddrs%3d67.58.49.91-9618+[fdf0-17b3-c3ec-1f79-10-0-e-b69d]-9618%26alias%3dccb-2.ospool.osg-htc.org%26noUDP%26sock%3dcollector5#4279334&PrivNet=qa-rtx6k-021.crc.nd.edu&addrs=10.32.89.15-40387&alias=qa-rtx6k-021.crc.nd.edu&noUDP>
	SlotName: slot1_1@glidein_2852542_654985702@qa-rtx6k-021.crc.nd.edu
	AvailableGPUs = { GPUs_GPU_7ad48bfa }
	CondorScratchDir = "/var/condor/execute/dir_2852540/glide_zzxjX2/execute/dir_3068784/scratch"
	Cpus = 1
	Disk = 16777216
	GPUs = 1
	GPUs_GPU_7ad48bfa = [ Id = "GPU-7ad48bfa"; ClockMhz = 1620.0; Capability = 7.5; CoresPerCU = 64; DeviceName = "Quadro RTX 6000"; DeviceUuid = "7ad48bfa-e6a6-02d6-c91d-60dad7618b23"; ECCEnabled = true; ComputeUnits = 72; NvidiaDriver = "595.71.05"; DriverVersion = 13.2; DevicePciBusId = "0000:06:00.0"; GlobalMemoryMb = 22684; MaxSupportedVersion = 13020 ]
	Memory = 16384
...
006 (8017966.268.000) 2026-06-21 00:56:13 Image size of job updated: 4426856
	440  -  MemoryUsage of job (MB)
	450000  -  ResidentSetSize of job (KB)
...
040 (8017966.268.000) 2026-06-21 00:56:13 Started transferring output files
...
040 (8017966.268.000) 2026-06-21 00:56:13 Finished transferring output files
...
004 (8017966.268.000) 2026-06-21 00:56:13 Job was evicted.
	(0) Job terminated and was requeued
		Usr 0 00:00:01, Sys 0 00:00:00  -  Run Remote Usage
		Usr 0 00:00:00, Sys 0 00:00:00  -  Run Local Usage
	2437496  -  Run Bytes Sent By Job
	2784955618  -  Run Bytes Received By Job
	(1) Normal termination (return value 2)
	The job attribute OnExitRemove expression 'NumJobCompletions > JobMaxRetries || ExitCode =?= 0' evaluated to FALSE
...
040 (8017966.268.000) 2026-06-21 00:56:21 Started transferring input files
	Transferring to host: <128.105.69.63:9618?addrs=128.105.69.63-9618+[2607-f388-2200-100-5aa2-e1ff-febe-455e]-9618&alias=gpu4003.chtc.wisc.edu&noUDP&sock=slot2_2_1549376_4e16_75857>
...
040 (8017966.268.000) 2026-06-21 00:56:33 Finished transferring input files
...
001 (8017966.268.000) 2026-06-21 00:56:33 Job executing on host: <128.105.69.63:9618?addrs=128.105.69.63-9618+[2607-f388-2200-100-5aa2-e1ff-febe-455e]-9618&alias=gpu4003.chtc.wisc.edu&noUDP&sock=startd_3051222_14a9>
	SlotName: slot2_2@gpu4003.chtc.wisc.edu
	AvailableGPUs = { GPUs_GPU_003470e7 }
	CondorScratchDir = "/var/lib/condor/execute/slot2/dir_304436/scratch"
	Cpus = 1
	Disk = 16777216
	GPUs = 1
	GPUs_GPU_003470e7 = [ Id = "GPU-003470e7"; Capability = 9.0; DeviceName = "NVIDIA H100 80GB HBM3"; DeviceUuid = "003470e7-52d4-d990-de26-d973847ef943"; ECCEnabled = true; NvidiaDriver = "570.195.03"; DriverVersion = 12.8; DevicePciBusId = "0000:DB:00.0"; GlobalMemoryMb = 81089; MaxSupportedVersion = 12080 ]
	IoHeavy = 0
	Memory = 16384
...
040 (8017966.268.000) 2026-06-21 00:56:36 Started transferring output files
...
040 (8017966.268.000) 2026-06-21 00:56:36 Finished transferring output files
...
004 (8017966.268.000) 2026-06-21 00:56:37 Job was evicted.
	(0) Job terminated and was requeued
		Usr 0 00:00:02, Sys 0 00:00:00  -  Run Remote Usage
		Usr 0 00:00:00, Sys 0 00:00:00  -  Run Local Usage
	2437429  -  Run Bytes Sent By Job
	2784955618  -  Run Bytes Received By Job
	(1) Normal termination (return value 2)
	The job attribute OnExitRemove expression 'NumJobCompletions > JobMaxRetries || ExitCode =?= 0' evaluated to FALSE
...
040 (8017966.268.000) 2026-06-21 00:56:46 Started transferring input files
	Transferring to host: <128.105.69.63:9618?addrs=128.105.69.63-9618+[2607-f388-2200-100-5aa2-e1ff-febe-455e]-9618&alias=gpu4003.chtc.wisc.edu&noUDP&sock=slot2_2_1549376_4e16_75858>
...
040 (8017966.268.000) 2026-06-21 00:56:59 Finished transferring input files
...
001 (8017966.268.000) 2026-06-21 00:56:59 Job executing on host: <128.105.69.63:9618?addrs=128.105.69.63-9618+[2607-f388-2200-100-5aa2-e1ff-febe-455e]-9618&alias=gpu4003.chtc.wisc.edu&noUDP&sock=startd_3051222_14a9>
	SlotName: slot2_2@gpu4003.chtc.wisc.edu
	AvailableGPUs = { GPUs_GPU_003470e7 }
	CondorScratchDir = "/var/lib/condor/execute/slot2/dir_305016/scratch"
	Cpus = 1
	Disk = 16777216
	GPUs = 1
	GPUs_GPU_003470e7 = [ Id = "GPU-003470e7"; Capability = 9.0; DeviceName = "NVIDIA H100 80GB HBM3"; DeviceUuid = "003470e7-52d4-d990-de26-d973847ef943"; ECCEnabled = true; NvidiaDriver = "570.195.03"; DriverVersion = 12.8; DevicePciBusId = "0000:DB:00.0"; GlobalMemoryMb = 81089; MaxSupportedVersion = 12080 ]
	IoHeavy = 0
	Memory = 16384
...
040 (8017966.268.000) 2026-06-21 00:57:02 Started transferring output files
...
040 (8017966.268.000) 2026-06-21 00:57:02 Finished transferring output files
...
004 (8017966.268.000) 2026-06-21 00:57:03 Job was evicted.
	(0) Job terminated and was requeued
		Usr 0 00:00:02, Sys 0 00:00:00  -  Run Remote Usage
		Usr 0 00:00:00, Sys 0 00:00:00  -  Run Local Usage
	2437429  -  Run Bytes Sent By Job
	2784955618  -  Run Bytes Received By Job
	(1) Normal termination (return value 2)
	The job attribute OnExitRemove expression 'NumJobCompletions > JobMaxRetries || ExitCode =?= 0' evaluated to FALSE
...
040 (8017966.268.000) 2026-06-21 00:57:28 Started transferring input files
	Transferring to host: <128.104.103.47:9618?addrs=128.104.103.47-9618+[2607-f388-107c-501-a236-9fff-fe3c-f3a0]-9618&alias=ahlquist0000.chtc.wisc.edu&noUDP&sock=backfill1_2_9919_952c_6653>
...
040 (8017966.268.000) 2026-06-21 00:58:10 Finished transferring input files
...
001 (8017966.268.000) 2026-06-21 00:58:10 Job executing on host: <128.104.103.47:9618?addrs=128.104.103.47-9618+[2607-f388-107c-501-a236-9fff-fe3c-f3a0]-9618&alias=ahlquist0000.chtc.wisc.edu&noUDP&sock=startd_9052_7f60>
	SlotName: backfill1_2@ahlquist0000.chtc.wisc.edu
	AvailableGPUs = { GPUs_GPU_71c7319b }
	CondorScratchDir = "/var/lib/condor/execute/slot1/dir_1128105/scratch"
	Cpus = 1
	Disk = 16777216
	GPUs = 1
	GPUs_GPU_71c7319b = [ Id = "GPU-71c7319b"; Capability = 7.5; DeviceName = "NVIDIA GeForce RTX 2080 Ti"; DeviceUuid = "71c7319b-96b0-d0bb-6b1c-90165304de53"; ECCEnabled = false; NvidiaDriver = "550.54.14"; DriverVersion = 12.4; DevicePciBusId = "0000:B1:00.0"; GlobalMemoryMb = 11004; MaxSupportedVersion = 12040 ]
	IoHeavy = 0
	Memory = 16384
...
040 (8017966.268.000) 2026-06-21 00:58:15 Started transferring output files
...
040 (8017966.268.000) 2026-06-21 00:58:15 Finished transferring output files
...
004 (8017966.268.000) 2026-06-21 00:58:16 Job was evicted.
	(0) Job terminated and was requeued
		Usr 0 00:00:03, Sys 0 00:00:00  -  Run Remote Usage
		Usr 0 00:00:00, Sys 0 00:00:00  -  Run Local Usage
	2437434  -  Run Bytes Sent By Job
	2784955618  -  Run Bytes Received By Job
	(1) Normal termination (return value 2)
	The job attribute OnExitRemove expression 'NumJobCompletions > JobMaxRetries || ExitCode =?= 0' evaluated to FALSE
...
040 (8017966.268.000) 2026-06-21 00:58:33 Started transferring input files
	Transferring to host: <128.105.69.63:9618?addrs=128.105.69.63-9618+[2607-f388-2200-100-5aa2-e1ff-febe-455e]-9618&alias=gpu4003.chtc.wisc.edu&noUDP&sock=slot2_2_1549376_4e16_75871>
...
040 (8017966.268.000) 2026-06-21 00:58:45 Finished transferring input files
...
001 (8017966.268.000) 2026-06-21 00:58:45 Job executing on host: <128.105.69.63:9618?addrs=128.105.69.63-9618+[2607-f388-2200-100-5aa2-e1ff-febe-455e]-9618&alias=gpu4003.chtc.wisc.edu&noUDP&sock=startd_3051222_14a9>
	SlotName: slot2_2@gpu4003.chtc.wisc.edu
	AvailableGPUs = { GPUs_GPU_003470e7 }
	CondorScratchDir = "/var/lib/condor/execute/slot2/dir_308650/scratch"
	Cpus = 1
	Disk = 16777216
	GPUs = 1
	GPUs_GPU_003470e7 = [ Id = "GPU-003470e7"; Capability = 9.0; DeviceName = "NVIDIA H100 80GB HBM3"; DeviceUuid = "003470e7-52d4-d990-de26-d973847ef943"; ECCEnabled = true; NvidiaDriver = "570.195.03"; DriverVersion = 12.8; DevicePciBusId = "0000:DB:00.0"; GlobalMemoryMb = 81089; MaxSupportedVersion = 12080 ]
	IoHeavy = 0
	Memory = 16384
...
040 (8017966.268.000) 2026-06-21 00:58:48 Started transferring output files
...
040 (8017966.268.000) 2026-06-21 00:58:48 Finished transferring output files
...
004 (8017966.268.000) 2026-06-21 00:58:49 Job was evicted.
	(0) Job terminated and was requeued
		Usr 0 00:00:02, Sys 0 00:00:00  -  Run Remote Usage
		Usr 0 00:00:00, Sys 0 00:00:00  -  Run Local Usage
	2437429  -  Run Bytes Sent By Job
	2784955618  -  Run Bytes Received By Job
	(1) Normal termination (return value 2)
	The job attribute OnExitRemove expression 'NumJobCompletions > JobMaxRetries || ExitCode =?= 0' evaluated to FALSE
...
040 (8017966.268.000) 2026-06-21 00:59:12 Started transferring input files
	Transferring to host: <10.1.1.135:45409?CCBID=128.105.82.148:9618%3faddrs%3d128.105.82.148-9618+[2607-f388-2200-9d-7ccb-bc08-2489-768a]-9618%26alias%3dospool-ccb.osg.chtc.io%26noUDP%26sock%3dcollector1#4294569%2067.58.49.91:9618%3faddrs%3d67.58.49.91-9618+[fdf0-17b3-c3ec-1f79-10-0-e-b69d]-9618%26alias%3dccb-2.ospool.osg-htc.org%26noUDP%26sock%3dcollector9#4292055&PrivNet=gpu05&addrs=10.1.1.135-45409&alias=gpu05&noUDP>
...
040 (8017966.268.000) 2026-06-21 00:59:30 Finished transferring input files
...
021 (8017966.268.000) 2026-06-21 00:59:30 Message from starter on slot1_4@glidein_3273215_630389268@gpu05:
	PREPARE_JOB (prepare-hook) succeeded (reported status 000): Using Singularity image openfe_1.11.1.sif
...
001 (8017966.268.000) 2026-06-21 00:59:30 Job executing on host: <10.1.1.135:45695?CCBID=128.105.82.148:9618%3faddrs%3d128.105.82.148-9618+[2607-f388-2200-9d-7ccb-bc08-2489-768a]-9618%26alias%3dospool-ccb.osg.chtc.io%26noUDP%26sock%3dcollector5#4288189%2067.58.49.91:9618%3faddrs%3d67.58.49.91-9618+[fdf0-17b3-c3ec-1f79-10-0-e-b69d]-9618%26alias%3dccb-2.ospool.osg-htc.org%26noUDP%26sock%3dcollector7#4283415&PrivNet=gpu05&addrs=10.1.1.135-45695&alias=gpu05&noUDP>
	SlotName: slot1_4@glidein_3273215_630389268@gpu05
	AvailableGPUs = { GPUs_GPU_b52e9d6c }
	CondorScratchDir = "/tmp/glide_vhn3iB/execute/dir_3347260/scratch"
	Cpus = 1
	Disk = 16777216
	GPUs = 1
	GPUs_GPU_b52e9d6c = [ Id = "GPU-b52e9d6c"; ClockMhz = 1695.0; Capability = 8.6; CoresPerCU = 128; DeviceName = "NVIDIA RTX A5000"; DeviceUuid = "b52e9d6c-52a9-9891-0c26-067b8b83b8d2"; ECCEnabled = false; ComputeUnits = 64; NvidiaDriver = "595.71.05"; DriverVersion = 13.2; DevicePciBusId = "0000:C1:00.0"; GlobalMemoryMb = 24361; MaxSupportedVersion = 13020 ]
	Memory = 16384
...
040 (8017966.268.000) 2026-06-21 00:59:34 Started transferring output files
...
040 (8017966.268.000) 2026-06-21 00:59:35 Finished transferring output files
...
004 (8017966.268.000) 2026-06-21 00:59:35 Job was evicted.
	(0) Job terminated and was requeued
		Usr 0 00:00:00, Sys 0 00:00:00  -  Run Remote Usage
		Usr 0 00:00:00, Sys 0 00:00:00  -  Run Local Usage
	2437558  -  Run Bytes Sent By Job
	2784955618  -  Run Bytes Received By Job
	(1) Normal termination (return value 2)
	The job attribute OnExitRemove expression 'NumJobCompletions > JobMaxRetries || ExitCode =?= 0' evaluated to FALSE
...
040 (8017966.268.000) 2026-06-21 00:59:48 Started transferring input files
	Transferring to host: <128.105.69.3:9618?addrs=128.105.69.3-9618+[2607-f388-2200-100-7ec2-55ff-fe46-28f2]-9618&alias=gpu4002.chtc.wisc.edu&noUDP&sock=slot1_2_12744_0cff_3617>
...
040 (8017966.268.000) 2026-06-21 01:00:01 Finished transferring input files
...
001 (8017966.268.000) 2026-06-21 01:00:01 Job executing on host: <128.105.69.3:9618?addrs=128.105.69.3-9618+[2607-f388-2200-100-7ec2-55ff-fe46-28f2]-9618&alias=gpu4002.chtc.wisc.edu&noUDP&sock=startd_11312_ab69>
	SlotName: slot1_2@gpu4002.chtc.wisc.edu
	AvailableGPUs = { GPUs_GPU_2e13e217 }
	CondorScratchDir = "/var/lib/condor/execute/slot1/dir_2804285/scratch"
	Cpus = 1
	Disk = 16777216
	GPUs = 1
	GPUs_GPU_2e13e217 = [ Id = "GPU-2e13e217"; Capability = 8.9; DeviceName = "NVIDIA L40"; DeviceUuid = "2e13e217-6059-f8d1-c6e6-c4cc399ca285"; ECCEnabled = true; NvidiaDriver = "570.195.03"; DriverVersion = 12.8; DevicePciBusId = "0000:53:00.0"; GlobalMemoryMb = 45468; MaxSupportedVersion = 12080 ]
	IoHeavy = 0
	Memory = 16384
...
040 (8017966.268.000) 2026-06-21 01:00:04 Started transferring output files
...
040 (8017966.268.000) 2026-06-21 01:00:04 Finished transferring output files
...
004 (8017966.268.000) 2026-06-21 01:00:05 Job was evicted.
	(0) Job terminated and was requeued
		Usr 0 00:00:02, Sys 0 00:00:00  -  Run Remote Usage
		Usr 0 00:00:00, Sys 0 00:00:00  -  Run Local Usage
	2437419  -  Run Bytes Sent By Job
	2784955618  -  Run Bytes Received By Job
	(1) Normal termination (return value 2)
	The job attribute OnExitRemove expression 'NumJobCompletions > JobMaxRetries || ExitCode =?= 0' evaluated to FALSE
...
040 (8017966.268.000) 2026-06-21 01:00:12 Started transferring input files
	Transferring to host: <128.105.68.103:9618?addrs=128.105.68.103-9618+[2607-f388-2200-100-1270-fdff-fe74-930]-9618&alias=gpu2011.chtc.wisc.edu&noUDP&sock=slot2_1_3669582_3c1f_85481>
...
040 (8017966.268.000) 2026-06-21 01:00:49 Finished transferring input files
...
001 (8017966.268.000) 2026-06-21 01:00:49 Job executing on host: <128.105.68.103:9618?addrs=128.105.68.103-9618+[2607-f388-2200-100-1270-fdff-fe74-930]-9618&alias=gpu2011.chtc.wisc.edu&noUDP&sock=startd_12054_9eaf>
	SlotName: slot2_1@gpu2011.chtc.wisc.edu
	AvailableGPUs = { GPUs_MIG_00b83ffb_e443_56b0_81ae_fca0e86cdba2 }
	CondorScratchDir = "/var/lib/condor/execute/slot2/dir_2927774/scratch"
	Cpus = 1
	Disk = 16777216
	GPUs = 1
	GPUs_MIG_00b83ffb_e443_56b0_81ae_fca0e86cdba2 = [ Id = "MIG-00b83ffb-e443-56b0-81ae-fca0e86cdba2"; Capability = 8.0; DeviceName = "NVIDIA A100-SXM4-80GB MIG 3g.40gb"; DeviceUuid = "MIG-00b83ffb-e443-56b0-81ae-fca0e86cdba2"; ECCEnabled = true; NvidiaDriver = "570.195.03"; DriverVersion = 12.8; DevicePciBusId = "0000:81:00.0"; GlobalMemoryMb = 40100; MaxSupportedVersion = 12080 ]
	IoHeavy = 0
	Memory = 16384
...
040 (8017966.268.000) 2026-06-21 01:00:53 Started transferring output files
...
040 (8017966.268.000) 2026-06-21 01:00:54 Finished transferring output files
...
005 (8017966.268.000) 2026-06-21 01:00:55 Job terminated.
	(1) Normal termination (return value 2)
		Usr 0 00:00:02, Sys 0 00:00:01  -  Run Remote Usage
		Usr 0 00:00:00, Sys 0 00:00:00  -  Run Local Usage
		Usr 0 00:00:57, Sys 0 00:00:03  -  Total Remote Usage
		Usr 0 00:00:00, Sys 0 00:00:00  -  Total Local Usage
	2437429  -  Run Bytes Sent By Job
	2784955618  -  Run Bytes Received By Job
	26816590  -  Total Bytes Sent By Job
	30632074869  -  Total Bytes Received By Job
	Partitionable Resources :    Usage  Request Allocated Assigned
	   Cpus                 :        0        1         1 
	   Disk (KB)            :  2719720 16777216  16777216 
	   GPUs                 :        0        1         1 "MIG-00b83ffb-e443-56b0-81ae-fca0e86cdba2"
	   IoHeavy              :                           0 
	   Memory (MB)          :      440    16384     16384 
	   TimeExecute (s)      :        4                    
	   TimeSlotBusy (s)     :       41                    
...
