000 (8018100.101.000) 2026-06-21 13:37:20 Job submitted from host: <128.105.68.112:9618?addrs=128.105.68.112-9618+[2607-f388-2200-100-eaeb-d3ff-fea3-4202]-9618&alias=ap2001.chtc.wisc.edu&noUDP&sock=schedd_4071840_2329>
...
040 (8018100.101.000) 2026-06-21 14:21:09 Started transferring input files
	Transferring to host: <128.105.68.166:9618?addrs=128.105.68.166-9618+[2607-f388-2200-100-b62e-99ff-feb7-2e2d]-9618&alias=gpulab2001.chtc.wisc.edu&noUDP&sock=slot2_2_11113_dd1d_53720>
...
040 (8018100.101.000) 2026-06-21 14:21:36 Finished transferring input files
...
001 (8018100.101.000) 2026-06-21 14:21:36 Job executing on host: <128.105.68.166:9618?addrs=128.105.68.166-9618+[2607-f388-2200-100-b62e-99ff-feb7-2e2d]-9618&alias=gpulab2001.chtc.wisc.edu&noUDP&sock=startd_10083_ad84>
	SlotName: slot2_2@gpulab2001.chtc.wisc.edu
	AvailableGPUs = { GPUs_GPU_5498e439 }
	CondorScratchDir = "/var/lib/condor/execute/slot2/dir_1184987/scratch"
	Cpus = 1
	Disk = 16777216
	GPUs = 1
	GPUs_GPU_5498e439 = [ Id = "GPU-5498e439"; Capability = 7.5; DeviceName = "NVIDIA GeForce RTX 2080 Ti"; DeviceUuid = "5498e439-bec3-fa72-ed65-a45d5f53e1b5"; ECCEnabled = false; NvidiaDriver = "570.195.03"; DriverVersion = 12.8; DevicePciBusId = "0000:3E:00.0"; GlobalMemoryMb = 10823; MaxSupportedVersion = 12080 ]
	IoHeavy = 0
	Memory = 16384
...
006 (8018100.101.000) 2026-06-21 14:21:40 Image size of job updated: 216
	0  -  MemoryUsage of job (MB)
	0  -  ResidentSetSize of job (KB)
...
040 (8018100.101.000) 2026-06-21 14:21:40 Started transferring output files
...
040 (8018100.101.000) 2026-06-21 14:21:40 Finished transferring output files
...
004 (8018100.101.000) 2026-06-21 14:21:40 Job was evicted.
	(0) Job terminated and was requeued
		Usr 0 00:00:03, Sys 0 00:00:00  -  Run Remote Usage
		Usr 0 00:00:00, Sys 0 00:00:00  -  Run Local Usage
	445  -  Run Bytes Sent By Job
	2782516993  -  Run Bytes Received By Job
	(1) Normal termination (return value 2)
	The job attribute OnExitRemove expression 'NumJobCompletions > JobMaxRetries || ExitCode =?= 0' evaluated to FALSE
...
040 (8018100.101.000) 2026-06-21 14:22:41 Started transferring input files
	Transferring to host: <128.104.103.47:9618?addrs=128.104.103.47-9618+[2607-f388-107c-501-a236-9fff-fe3c-f3a0]-9618&alias=ahlquist0000.chtc.wisc.edu&noUDP&sock=backfill1_6_9919_952c_8151>
...
040 (8018100.101.000) 2026-06-21 14:25:37 Finished transferring input files
...
001 (8018100.101.000) 2026-06-21 14:25:37 Job executing on host: <128.104.103.47:9618?addrs=128.104.103.47-9618+[2607-f388-107c-501-a236-9fff-fe3c-f3a0]-9618&alias=ahlquist0000.chtc.wisc.edu&noUDP&sock=startd_9052_7f60>
	SlotName: backfill1_6@ahlquist0000.chtc.wisc.edu
	AvailableGPUs = { GPUs_GPU_52cb6c07 }
	CondorScratchDir = "/var/lib/condor/execute/slot1/dir_1393722/scratch"
	Cpus = 1
	Disk = 16777216
	GPUs = 1
	GPUs_GPU_52cb6c07 = [ Id = "GPU-52cb6c07"; Capability = 7.5; DeviceName = "NVIDIA GeForce RTX 2080 Ti"; DeviceUuid = "52cb6c07-524a-d874-baca-9d811f9f540b"; ECCEnabled = false; NvidiaDriver = "550.54.14"; DriverVersion = 12.4; DevicePciBusId = "0000:3D:00.0"; GlobalMemoryMb = 11004; MaxSupportedVersion = 12040 ]
	IoHeavy = 0
	Memory = 16384
...
006 (8018100.101.000) 2026-06-21 14:25:43 Image size of job updated: 94704
	0  -  MemoryUsage of job (MB)
	0  -  ResidentSetSize of job (KB)
...
040 (8018100.101.000) 2026-06-21 14:25:43 Started transferring output files
...
040 (8018100.101.000) 2026-06-21 14:25:43 Finished transferring output files
...
004 (8018100.101.000) 2026-06-21 14:25:49 Job was evicted.
	(0) Job terminated and was requeued
		Usr 0 00:00:03, Sys 0 00:00:00  -  Run Remote Usage
		Usr 0 00:00:00, Sys 0 00:00:00  -  Run Local Usage
	447  -  Run Bytes Sent By Job
	2782516993  -  Run Bytes Received By Job
	(1) Normal termination (return value 2)
	The job attribute OnExitRemove expression 'NumJobCompletions > JobMaxRetries || ExitCode =?= 0' evaluated to FALSE
...
040 (8018100.101.000) 2026-06-21 14:26:23 Started transferring input files
	Transferring to host: <128.104.100.53:9618?addrs=128.104.100.53-9618+[2607-f388-107c-501-7ec2-55ff-fe99-a2b0]-9618&alias=jcaicedogpu0001.chtc.wisc.edu&noUDP&sock=backfill1_8_12775_e4a1_9358>
...
040 (8018100.101.000) 2026-06-21 14:26:41 Finished transferring input files
...
001 (8018100.101.000) 2026-06-21 14:26:41 Job executing on host: <128.104.100.53:9618?addrs=128.104.100.53-9618+[2607-f388-107c-501-7ec2-55ff-fe99-a2b0]-9618&alias=jcaicedogpu0001.chtc.wisc.edu&noUDP&sock=startd_11292_f384>
	SlotName: backfill1_8@jcaicedogpu0001.chtc.wisc.edu
	AvailableGPUs = { GPUs_GPU_22787dff }
	CondorScratchDir = "/var/lib/condor/execute/slot1/dir_3868842/scratch"
	Cpus = 1
	Disk = 16777216
	GPUs = 1
	GPUs_GPU_22787dff = [ Id = "GPU-22787dff"; Capability = 8.9; DeviceName = "NVIDIA L40"; DeviceUuid = "22787dff-a2f4-227a-bc3c-c6178e7bb020"; ECCEnabled = true; NvidiaDriver = "570.195.03"; DriverVersion = 12.8; DevicePciBusId = "0000:52:00.0"; GlobalMemoryMb = 45468; MaxSupportedVersion = 12080 ]
	IoHeavy = 0
	Memory = 16384
...
040 (8018100.101.000) 2026-06-21 14:26:45 Started transferring output files
...
040 (8018100.101.000) 2026-06-21 14:26:45 Finished transferring output files
...
004 (8018100.101.000) 2026-06-21 14:26:45 Job was evicted.
	(0) Job terminated and was requeued
		Usr 0 00:00:02, Sys 0 00:00:00  -  Run Remote Usage
		Usr 0 00:00:00, Sys 0 00:00:00  -  Run Local Usage
	450  -  Run Bytes Sent By Job
	2782516993  -  Run Bytes Received By Job
	(1) Normal termination (return value 2)
	The job attribute OnExitRemove expression 'NumJobCompletions > JobMaxRetries || ExitCode =?= 0' evaluated to FALSE
...
040 (8018100.101.000) 2026-06-21 14:27:46 Started transferring input files
	Transferring to host: <10.1.1.135:42101?CCBID=128.105.82.148:9618%3faddrs%3d128.105.82.148-9618+[2607-f388-2200-9d-7ccb-bc08-2489-768a]-9618%26alias%3dospool-ccb.osg.chtc.io%26noUDP%26sock%3dcollector5#4326836%2067.58.49.91:9618%3faddrs%3d67.58.49.91-9618+[fdf0-17b3-c3ec-1f79-10-0-e-b69d]-9618%26alias%3dccb-2.ospool.osg-htc.org%26noUDP%26sock%3dcollector5#4325287&PrivNet=gpu05&addrs=10.1.1.135-42101&alias=gpu05&noUDP>
...
040 (8018100.101.000) 2026-06-21 14:28:31 Finished transferring input files
...
021 (8018100.101.000) 2026-06-21 14:28:31 Message from starter on slot1_3@glidein_3273215_630389268@gpu05:
	PREPARE_JOB (prepare-hook) succeeded (reported status 000): Using Singularity image openfe_1.11.1.sif
...
001 (8018100.101.000) 2026-06-21 14:28:31 Job executing on host: <10.1.1.135:45695?CCBID=128.105.82.148:9618%3faddrs%3d128.105.82.148-9618+[2607-f388-2200-9d-7ccb-bc08-2489-768a]-9618%26alias%3dospool-ccb.osg.chtc.io%26noUDP%26sock%3dcollector5#4288189%2067.58.49.91:9618%3faddrs%3d67.58.49.91-9618+[fdf0-17b3-c3ec-1f79-10-0-e-b69d]-9618%26alias%3dccb-2.ospool.osg-htc.org%26noUDP%26sock%3dcollector7#4283415&PrivNet=gpu05&addrs=10.1.1.135-45695&alias=gpu05&noUDP>
	SlotName: slot1_3@glidein_3273215_630389268@gpu05
	AvailableGPUs = { GPUs_GPU_1392eeaa }
	CondorScratchDir = "/tmp/glide_vhn3iB/execute/dir_3707124/scratch"
	Cpus = 1
	Disk = 16777216
	GPUs = 1
	GPUs_GPU_1392eeaa = [ Id = "GPU-1392eeaa"; ClockMhz = 1695.0; Capability = 8.6; CoresPerCU = 128; DeviceName = "NVIDIA RTX A5000"; DeviceUuid = "1392eeaa-11be-dc87-a414-72298ca812b6"; ECCEnabled = false; ComputeUnits = 64; NvidiaDriver = "595.71.05"; DriverVersion = 13.2; DevicePciBusId = "0000:81:00.0"; GlobalMemoryMb = 24361; MaxSupportedVersion = 13020 ]
	Memory = 16384
...
006 (8018100.101.000) 2026-06-21 14:28:35 Image size of job updated: 100000
	6  -  MemoryUsage of job (MB)
	5408  -  ResidentSetSize of job (KB)
...
040 (8018100.101.000) 2026-06-21 14:28:35 Started transferring output files
...
040 (8018100.101.000) 2026-06-21 14:28:35 Finished transferring output files
...
004 (8018100.101.000) 2026-06-21 14:28:36 Job was evicted.
	(0) Job terminated and was requeued
		Usr 0 00:00:00, Sys 0 00:00:00  -  Run Remote Usage
		Usr 0 00:00:00, Sys 0 00:00:00  -  Run Local Usage
	571  -  Run Bytes Sent By Job
	2782516993  -  Run Bytes Received By Job
	(1) Normal termination (return value 2)
	The job attribute OnExitRemove expression 'NumJobCompletions > JobMaxRetries || ExitCode =?= 0' evaluated to FALSE
...
040 (8018100.101.000) 2026-06-21 14:28:52 Started transferring input files
	Transferring to host: <128.104.100.53:9618?addrs=128.104.100.53-9618+[2607-f388-107c-501-7ec2-55ff-fe99-a2b0]-9618&alias=jcaicedogpu0001.chtc.wisc.edu&noUDP&sock=backfill1_1_12775_e4a1_9359>
...
040 (8018100.101.000) 2026-06-21 14:29:23 Finished transferring input files
...
001 (8018100.101.000) 2026-06-21 14:29:23 Job executing on host: <128.104.100.53:9618?addrs=128.104.100.53-9618+[2607-f388-107c-501-7ec2-55ff-fe99-a2b0]-9618&alias=jcaicedogpu0001.chtc.wisc.edu&noUDP&sock=startd_11292_f384>
	SlotName: backfill1_1@jcaicedogpu0001.chtc.wisc.edu
	AvailableGPUs = { GPUs_GPU_dbe7385b }
	CondorScratchDir = "/var/lib/condor/execute/slot1/dir_3869314/scratch"
	Cpus = 1
	Disk = 16777216
	GPUs = 1
	GPUs_GPU_dbe7385b = [ Id = "GPU-dbe7385b"; Capability = 8.9; DeviceName = "NVIDIA L40"; DeviceUuid = "dbe7385b-7975-52cd-4145-ef37df536db0"; ECCEnabled = true; NvidiaDriver = "570.195.03"; DriverVersion = 12.8; DevicePciBusId = "0000:D5:00.0"; GlobalMemoryMb = 45468; MaxSupportedVersion = 12080 ]
	IoHeavy = 0
	Memory = 16384
...
040 (8018100.101.000) 2026-06-21 14:29:26 Started transferring output files
...
040 (8018100.101.000) 2026-06-21 14:29:26 Finished transferring output files
...
004 (8018100.101.000) 2026-06-21 14:29:27 Job was evicted.
	(0) Job terminated and was requeued
		Usr 0 00:00:02, Sys 0 00:00:00  -  Run Remote Usage
		Usr 0 00:00:00, Sys 0 00:00:00  -  Run Local Usage
	450  -  Run Bytes Sent By Job
	2782516993  -  Run Bytes Received By Job
	(1) Normal termination (return value 2)
	The job attribute OnExitRemove expression 'NumJobCompletions > JobMaxRetries || ExitCode =?= 0' evaluated to FALSE
...
040 (8018100.101.000) 2026-06-21 14:30:02 Started transferring input files
	Transferring to host: <141.142.150.74:8163?CCBID=128.105.82.148:9618%3faddrs%3d128.105.82.148-9618+[2607-f388-2200-9d-7ccb-bc08-2489-768a]-9618%26alias%3dospool-ccb.osg.chtc.io%26noUDP%26sock%3dcollector10#4327303%2067.58.49.91:9618%3faddrs%3d67.58.49.91-9618+[fdf0-17b3-c3ec-1f79-10-0-e-b69d]-9618%26alias%3dccb-2.ospool.osg-htc.org%26noUDP%26sock%3dcollector4#4320259&PrivNet=rails04&addrs=141.142.150.74-8163+[fde1-53ba-e9a0-de11-2dba-91e3-dd48-5c8a]-8163&alias=rails04&noUDP>
...
040 (8018100.101.000) 2026-06-21 14:30:14 Finished transferring input files
...
021 (8018100.101.000) 2026-06-21 14:30:14 Message from starter on slot1_1@glidein_4009283_617418400@rails04:
	PREPARE_JOB (prepare-hook) succeeded (reported status 000): Using Singularity image openfe_1.11.1.sif
...
001 (8018100.101.000) 2026-06-21 14:30:14 Job executing on host: <141.142.150.74:18427?CCBID=128.105.82.148:9618%3faddrs%3d128.105.82.148-9618+[2607-f388-2200-9d-7ccb-bc08-2489-768a]-9618%26alias%3dospool-ccb.osg.chtc.io%26noUDP%26sock%3dcollector6#4308102%2067.58.49.91:9618%3faddrs%3d67.58.49.91-9618+[fdf0-17b3-c3ec-1f79-10-0-e-b69d]-9618%26alias%3dccb-2.ospool.osg-htc.org%26noUDP%26sock%3dcollector10#4300356&PrivNet=rails04&addrs=141.142.150.74-18427+[fde1-53ba-e9a0-de11-2dba-91e3-dd48-5c8a]-18427&alias=rails04&noUDP>
	SlotName: slot1_1@glidein_4009283_617418400@rails04
	AvailableGPUs = { GPUs_GPU_dcfb5c44 }
	CondorScratchDir = "/projects/bcxl/svcosguser/glide_ywlOMX/execute/dir_1027433/scratch"
	Cpus = 1
	Disk = 16777216
	GPUs = 1
	GPUs_GPU_dcfb5c44 = [ Id = "GPU-dcfb5c44"; ClockMhz = 1980.0; Capability = 9.0; CoresPerCU = 128; DeviceName = "NVIDIA H100 80GB HBM3"; DeviceUuid = "dcfb5c44-0ae0-0c21-bbae-e6ea68652f2a"; ECCEnabled = true; ComputeUnits = 132; NvidiaDriver = "590.48.01"; DriverVersion = 13.1; DevicePciBusId = "0000:4C:00.0"; GlobalMemoryMb = 81081; MaxSupportedVersion = 13010 ]
	Memory = 16384
...
040 (8018100.101.000) 2026-06-21 14:30:19 Started transferring output files
...
040 (8018100.101.000) 2026-06-21 14:30:20 Finished transferring output files
...
004 (8018100.101.000) 2026-06-21 14:30:20 Job was evicted.
	(0) Job terminated and was requeued
		Usr 0 00:00:00, Sys 0 00:00:00  -  Run Remote Usage
		Usr 0 00:00:00, Sys 0 00:00:00  -  Run Local Usage
	461  -  Run Bytes Sent By Job
	2782516993  -  Run Bytes Received By Job
	(1) Normal termination (return value 2)
	The job attribute OnExitRemove expression 'NumJobCompletions > JobMaxRetries || ExitCode =?= 0' evaluated to FALSE
...
040 (8018100.101.000) 2026-06-21 14:30:52 Started transferring input files
	Transferring to host: <128.105.68.168:9618?addrs=128.105.68.168-9618+[2607-f388-2200-100-b62e-99ff-feb7-2dcb]-9618&alias=gpulab2003.chtc.wisc.edu&noUDP&sock=slot2_4_11172_6f3f_7649>
...
040 (8018100.101.000) 2026-06-21 14:31:08 Finished transferring input files
...
001 (8018100.101.000) 2026-06-21 14:31:08 Job executing on host: <128.105.68.168:9618?addrs=128.105.68.168-9618+[2607-f388-2200-100-b62e-99ff-feb7-2dcb]-9618&alias=gpulab2003.chtc.wisc.edu&noUDP&sock=startd_10155_1056>
	SlotName: slot2_4@gpulab2003.chtc.wisc.edu
	AvailableGPUs = { GPUs_GPU_61902b82 }
	CondorScratchDir = "/var/lib/condor/execute/slot2/dir_1280570/scratch"
	Cpus = 1
	Disk = 16777216
	GPUs = 1
	GPUs_GPU_61902b82 = [ Id = "GPU-61902b82"; Capability = 7.5; DeviceName = "NVIDIA GeForce RTX 2080 Ti"; DeviceUuid = "61902b82-cedb-e4be-d010-bca8829ec79b"; ECCEnabled = false; NvidiaDriver = "570.195.03"; DriverVersion = 12.8; DevicePciBusId = "0000:B2:00.0"; GlobalMemoryMb = 10823; MaxSupportedVersion = 12080 ]
	IoHeavy = 0
	Memory = 16384
...
006 (8018100.101.000) 2026-06-21 14:31:12 Image size of job updated: 100000
	13  -  MemoryUsage of job (MB)
	12304  -  ResidentSetSize of job (KB)
...
040 (8018100.101.000) 2026-06-21 14:31:12 Started transferring output files
...
040 (8018100.101.000) 2026-06-21 14:31:12 Finished transferring output files
...
004 (8018100.101.000) 2026-06-21 14:31:13 Job was evicted.
	(0) Job terminated and was requeued
		Usr 0 00:00:02, Sys 0 00:00:00  -  Run Remote Usage
		Usr 0 00:00:00, Sys 0 00:00:00  -  Run Local Usage
	435  -  Run Bytes Sent By Job
	2782516993  -  Run Bytes Received By Job
	(1) Normal termination (return value 2)
	The job attribute OnExitRemove expression 'NumJobCompletions > JobMaxRetries || ExitCode =?= 0' evaluated to FALSE
...
040 (8018100.101.000) 2026-06-21 14:31:20 Started transferring input files
	Transferring to host: <128.105.76.47:9618?addrs=128.105.76.47-9618+[2607-f388-2200-100-527c-6fff-fe82-826a]-9618&alias=gpu4006.chtc.wisc.edu&noUDP&sock=slot2_7_2618986_4fbd_88333>
...
040 (8018100.101.000) 2026-06-21 14:31:26 Finished transferring input files
...
001 (8018100.101.000) 2026-06-21 14:31:26 Job executing on host: <128.105.76.47:9618?addrs=128.105.76.47-9618+[2607-f388-2200-100-527c-6fff-fe82-826a]-9618&alias=gpu4006.chtc.wisc.edu&noUDP&sock=startd_11220_90b3>
	SlotName: slot2_7@gpu4006.chtc.wisc.edu
	AvailableGPUs = { GPUs_GPU_4f6495bb }
	CondorScratchDir = "/var/lib/condor/execute/slot2/dir_2950236/scratch"
	Cpus = 1
	Disk = 16777216
	GPUs = 1
	GPUs_GPU_4f6495bb = [ Id = "GPU-4f6495bb"; Capability = 8.9; DeviceName = "NVIDIA L40S"; DeviceUuid = "4f6495bb-57f6-02aa-3446-f13a32ec9035"; ECCEnabled = true; NvidiaDriver = "590.48.01"; DriverVersion = 13.1; DevicePciBusId = "0000:C1:00.0"; GlobalMemoryMb = 45460; MaxSupportedVersion = 13010 ]
	IoHeavy = 0
	Memory = 16384
...
040 (8018100.101.000) 2026-06-21 14:31:28 Started transferring output files
...
040 (8018100.101.000) 2026-06-21 14:31:28 Finished transferring output files
...
004 (8018100.101.000) 2026-06-21 14:31:29 Job was evicted.
	(0) Job terminated and was requeued
		Usr 0 00:00:01, Sys 0 00:00:00  -  Run Remote Usage
		Usr 0 00:00:00, Sys 0 00:00:00  -  Run Local Usage
	456  -  Run Bytes Sent By Job
	2782516993  -  Run Bytes Received By Job
	(1) Normal termination (return value 2)
	The job attribute OnExitRemove expression 'NumJobCompletions > JobMaxRetries || ExitCode =?= 0' evaluated to FALSE
...
040 (8018100.101.000) 2026-06-21 14:31:40 Started transferring input files
	Transferring to host: <128.104.100.52:9618?addrs=128.104.100.52-9618+[2607-f388-107c-501-7ec2-55ff-fe99-a48c]-9618&alias=jcaicedogpu0000.chtc.wisc.edu&noUDP&sock=backfill1_8_12267_f60c_9437>
...
040 (8018100.101.000) 2026-06-21 14:31:57 Finished transferring input files
...
001 (8018100.101.000) 2026-06-21 14:31:57 Job executing on host: <128.104.100.52:9618?addrs=128.104.100.52-9618+[2607-f388-107c-501-7ec2-55ff-fe99-a48c]-9618&alias=jcaicedogpu0000.chtc.wisc.edu&noUDP&sock=startd_10725_0952>
	SlotName: backfill1_8@jcaicedogpu0000.chtc.wisc.edu
	AvailableGPUs = { GPUs_GPU_0c03ad29 }
	CondorScratchDir = "/var/lib/condor/execute/slot1/dir_3467307/scratch"
	Cpus = 1
	Disk = 16777216
	GPUs = 1
	GPUs_GPU_0c03ad29 = [ Id = "GPU-0c03ad29"; Capability = 8.9; DeviceName = "NVIDIA L40"; DeviceUuid = "0c03ad29-613e-407b-2db9-ce469ed3fbba"; ECCEnabled = true; NvidiaDriver = "570.195.03"; DriverVersion = 12.8; DevicePciBusId = "0000:53:00.0"; GlobalMemoryMb = 45468; MaxSupportedVersion = 12080 ]
	IoHeavy = 0
	Memory = 16384
...
040 (8018100.101.000) 2026-06-21 14:32:00 Started transferring output files
...
040 (8018100.101.000) 2026-06-21 14:32:00 Finished transferring output files
...
004 (8018100.101.000) 2026-06-21 14:32:00 Job was evicted.
	(0) Job terminated and was requeued
		Usr 0 00:00:02, Sys 0 00:00:00  -  Run Remote Usage
		Usr 0 00:00:00, Sys 0 00:00:00  -  Run Local Usage
	450  -  Run Bytes Sent By Job
	2782516993  -  Run Bytes Received By Job
	(1) Normal termination (return value 2)
	The job attribute OnExitRemove expression 'NumJobCompletions > JobMaxRetries || ExitCode =?= 0' evaluated to FALSE
...
040 (8018100.101.000) 2026-06-21 14:32:45 Started transferring input files
	Transferring to host: <128.105.69.3:9618?addrs=128.105.69.3-9618+[2607-f388-2200-100-7ec2-55ff-fe46-28f2]-9618&alias=gpu4002.chtc.wisc.edu&noUDP&sock=slot1_2_12744_0cff_5520>
...
040 (8018100.101.000) 2026-06-21 14:32:55 Finished transferring input files
...
001 (8018100.101.000) 2026-06-21 14:32:55 Job executing on host: <128.105.69.3:9618?addrs=128.105.69.3-9618+[2607-f388-2200-100-7ec2-55ff-fe46-28f2]-9618&alias=gpu4002.chtc.wisc.edu&noUDP&sock=startd_11312_ab69>
	SlotName: slot1_2@gpu4002.chtc.wisc.edu
	AvailableGPUs = { GPUs_GPU_2e13e217 }
	CondorScratchDir = "/var/lib/condor/execute/slot1/dir_3507225/scratch"
	Cpus = 1
	Disk = 16777216
	GPUs = 1
	GPUs_GPU_2e13e217 = [ Id = "GPU-2e13e217"; Capability = 8.9; DeviceName = "NVIDIA L40"; DeviceUuid = "2e13e217-6059-f8d1-c6e6-c4cc399ca285"; ECCEnabled = true; NvidiaDriver = "570.195.03"; DriverVersion = 12.8; DevicePciBusId = "0000:53:00.0"; GlobalMemoryMb = 45468; MaxSupportedVersion = 12080 ]
	IoHeavy = 0
	Memory = 16384
...
040 (8018100.101.000) 2026-06-21 14:32:58 Started transferring output files
...
040 (8018100.101.000) 2026-06-21 14:32:58 Finished transferring output files
...
004 (8018100.101.000) 2026-06-21 14:32:59 Job was evicted.
	(0) Job terminated and was requeued
		Usr 0 00:00:02, Sys 0 00:00:00  -  Run Remote Usage
		Usr 0 00:00:00, Sys 0 00:00:00  -  Run Local Usage
	432  -  Run Bytes Sent By Job
	2782516993  -  Run Bytes Received By Job
	(1) Normal termination (return value 2)
	The job attribute OnExitRemove expression 'NumJobCompletions > JobMaxRetries || ExitCode =?= 0' evaluated to FALSE
...
040 (8018100.101.000) 2026-06-21 14:33:11 Started transferring input files
	Transferring to host: <10.1.1.134:32833?CCBID=128.105.82.148:9618%3faddrs%3d128.105.82.148-9618+[2607-f388-2200-9d-7ccb-bc08-2489-768a]-9618%26alias%3dospool-ccb.osg.chtc.io%26noUDP%26sock%3dcollector6#4332085%2067.58.49.91:9618%3faddrs%3d67.58.49.91-9618+[fdf0-17b3-c3ec-1f79-10-0-e-b69d]-9618%26alias%3dccb-2.ospool.osg-htc.org%26noUDP%26sock%3dcollector8#4327032&PrivNet=gpu04&addrs=10.1.1.134-32833&alias=gpu04&noUDP>
...
040 (8018100.101.000) 2026-06-21 14:33:44 Finished transferring input files
...
021 (8018100.101.000) 2026-06-21 14:33:45 Message from starter on slot1_4@glidein_334580_138485523@gpu04:
	PREPARE_JOB (prepare-hook) succeeded (reported status 000): Using Singularity image openfe_1.11.1.sif
...
001 (8018100.101.000) 2026-06-21 14:33:45 Job executing on host: <10.1.1.134:32961?CCBID=128.105.82.148:9618%3faddrs%3d128.105.82.148-9618+[2607-f388-2200-9d-7ccb-bc08-2489-768a]-9618%26alias%3dospool-ccb.osg.chtc.io%26noUDP%26sock%3dcollector10#4303522%2067.58.49.91:9618%3faddrs%3d67.58.49.91-9618+[fdf0-17b3-c3ec-1f79-10-0-e-b69d]-9618%26alias%3dccb-2.ospool.osg-htc.org%26noUDP%26sock%3dcollector4#4296214&PrivNet=gpu04&addrs=10.1.1.134-32961&alias=gpu04&noUDP>
	SlotName: slot1_4@glidein_334580_138485523@gpu04
	AvailableGPUs = { GPUs_GPU_c3149e52 }
	CondorScratchDir = "/tmp/glide_s79osY/execute/dir_583298/scratch"
	Cpus = 1
	Disk = 16777216
	GPUs = 1
	GPUs_GPU_c3149e52 = [ Id = "GPU-c3149e52"; ClockMhz = 1740.0; Capability = 8.6; CoresPerCU = 128; DeviceName = "NVIDIA A40"; DeviceUuid = "c3149e52-8f5e-dbf4-4a81-91e1e4adeef6"; ECCEnabled = true; ComputeUnits = 84; NvidiaDriver = "595.71.05"; DriverVersion = 13.2; DevicePciBusId = "0000:81:00.0"; GlobalMemoryMb = 45739; MaxSupportedVersion = 13020 ]
	Memory = 16384
...
040 (8018100.101.000) 2026-06-21 14:33:49 Started transferring output files
...
040 (8018100.101.000) 2026-06-21 14:33:49 Finished transferring output files
...
005 (8018100.101.000) 2026-06-21 14:33:50 Job terminated.
	(1) Normal termination (return value 2)
		Usr 0 00:00:00, Sys 0 00:00:00  -  Run Remote Usage
		Usr 0 00:00:00, Sys 0 00:00:00  -  Run Local Usage
		Usr 0 00:00:17, Sys 0 00:00:00  -  Total Remote Usage
		Usr 0 00:00:00, Sys 0 00:00:00  -  Total Local Usage
	547  -  Run Bytes Sent By Job
	2782516993  -  Run Bytes Received By Job
	5144  -  Total Bytes Sent By Job
	30607686923  -  Total Bytes Received By Job
	Partitionable Resources :      Usage  Request Allocated Assigned
	   Cpus                 :       0.38        1         1 
	   Disk (KB)            : 2717442    16777216  16777216 
	   GPUs                 :       0           1         1 "GPU-c3149e52"
	   GpusMemory (MB)      :     333                       
	   Memory (MB)          :      13       16384     16384 
	   TimeExecute (s)      :       4                       
	   TimeSlotBusy (s)     :      39                       
...
