000 (8017966.181.000) 2026-06-20 22:07:54 Job submitted from host: <128.105.68.112:9618?addrs=128.105.68.112-9618+[2607-f388-2200-100-eaeb-d3ff-fea3-4202]-9618&alias=ap2001.chtc.wisc.edu&noUDP&sock=schedd_4071840_2329>
...
040 (8017966.181.000) 2026-06-21 00:05:05 Started transferring input files
	Transferring to host: <128.105.69.3:9618?addrs=128.105.69.3-9618+[2607-f388-2200-100-7ec2-55ff-fe46-28f2]-9618&alias=gpu4002.chtc.wisc.edu&noUDP&sock=slot1_2_12744_0cff_3424>
...
040 (8017966.181.000) 2026-06-21 00:05:15 Finished transferring input files
...
001 (8017966.181.000) 2026-06-21 00:05:15 Job executing on host: <128.105.69.3:9618?addrs=128.105.69.3-9618+[2607-f388-2200-100-7ec2-55ff-fe46-28f2]-9618&alias=gpu4002.chtc.wisc.edu&noUDP&sock=startd_11312_ab69>
	SlotName: slot1_2@gpu4002.chtc.wisc.edu
	AvailableGPUs = { GPUs_GPU_2e13e217 }
	CondorScratchDir = "/var/lib/condor/execute/slot1/dir_2763180/scratch"
	Cpus = 1
	Disk = 16777216
	GPUs = 1
	GPUs_GPU_2e13e217 = [ Id = "GPU-2e13e217"; Capability = 8.9; DeviceName = "NVIDIA L40"; DeviceUuid = "2e13e217-6059-f8d1-c6e6-c4cc399ca285"; ECCEnabled = true; NvidiaDriver = "570.195.03"; DriverVersion = 12.8; DevicePciBusId = "0000:53:00.0"; GlobalMemoryMb = 45468; MaxSupportedVersion = 12080 ]
	IoHeavy = 0
	Memory = 16384
...
006 (8017966.181.000) 2026-06-21 00:05:24 Image size of job updated: 391964
	383  -  MemoryUsage of job (MB)
	391964  -  ResidentSetSize of job (KB)
...
006 (8017966.181.000) 2026-06-21 00:05:29 Image size of job updated: 481232
	383  -  MemoryUsage of job (MB)
	392048  -  ResidentSetSize of job (KB)
...
040 (8017966.181.000) 2026-06-21 00:05:29 Started transferring output files
...
040 (8017966.181.000) 2026-06-21 00:05:29 Finished transferring output files
...
004 (8017966.181.000) 2026-06-21 00:05:30 Job was evicted.
	(0) Job terminated and was requeued
		Usr 0 00:00:11, Sys 0 00:00:01  -  Run Remote Usage
		Usr 0 00:00:00, Sys 0 00:00:00  -  Run Local Usage
	553242  -  Run Bytes Sent By Job
	2782753140  -  Run Bytes Received By Job
	(1) Normal termination (return value 1)
	The job attribute OnExitRemove expression 'NumJobCompletions > JobMaxRetries || ExitCode =?= 0' evaluated to FALSE
...
040 (8017966.181.000) 2026-06-21 00:05:39 Started transferring input files
	Transferring to host: <10.226.104.221:44121?CCBID=128.105.82.148:9618%3faddrs%3d128.105.82.148-9618+[2607-f388-2200-9d-7ccb-bc08-2489-768a]-9618%26alias%3dospool-ccb.osg.chtc.io%26noUDP%26sock%3dcollector5#4288630%2067.58.49.91:9618%3faddrs%3d67.58.49.91-9618+[fdf0-17b3-c3ec-1f79-10-0-e-b69d]-9618%26alias%3dccb-2.ospool.osg-htc.org%26noUDP%26sock%3dcollector1#4284629&PrivNet=gpu021.rci.montana.edu&addrs=10.226.104.221-44121&alias=gpu021.rci.montana.edu&noUDP>
...
040 (8017966.181.000) 2026-06-21 00:07:31 Finished transferring input files
...
021 (8017966.181.000) 2026-06-21 00:07:32 Message from starter on slot1_1@glidein_113133_165834375@gpu021.rci.montana.edu:
	PREPARE_JOB (prepare-hook) succeeded (reported status 000): Using Singularity image openfe_1.11.1.sif
...
001 (8017966.181.000) 2026-06-21 00:07:32 Job executing on host: <10.226.104.221:43015?CCBID=128.105.82.148:9618%3faddrs%3d128.105.82.148-9618+[2607-f388-2200-9d-7ccb-bc08-2489-768a]-9618%26alias%3dospool-ccb.osg.chtc.io%26noUDP%26sock%3dcollector2#4260760%2067.58.49.91:9618%3faddrs%3d67.58.49.91-9618+[fdf0-17b3-c3ec-1f79-10-0-e-b69d]-9618%26alias%3dccb-2.ospool.osg-htc.org%26noUDP%26sock%3dcollector6#4256358&PrivNet=gpu021.rci.montana.edu&addrs=10.226.104.221-43015&alias=gpu021.rci.montana.edu&noUDP>
	SlotName: slot1_1@glidein_113133_165834375@gpu021.rci.montana.edu
	AvailableGPUs = { GPUs_GPU_224d9478 }
	CondorScratchDir = "/tmp/jobs/4093169/glide_s0nneB/execute/dir_890612/scratch"
	Cpus = 1
	Disk = 16777216
	GPUs = 1
	GPUs_GPU_224d9478 = [ Id = "GPU-224d9478"; ClockMhz = 1980.0; Capability = 9.0; CoresPerCU = 128; DeviceName = "NVIDIA H100 80GB HBM3"; DeviceUuid = "224d9478-4171-f0e4-75e2-9d0f53ea136e"; ECCEnabled = true; ComputeUnits = 132; NvidiaDriver = "595.71.05"; DriverVersion = 13.2; DevicePciBusId = "0000:DB:00.0"; GlobalMemoryMb = 81081; MaxSupportedVersion = 13020 ]
	Memory = 16384
...
040 (8017966.181.000) 2026-06-21 00:07:37 Started transferring output files
...
040 (8017966.181.000) 2026-06-21 00:07:37 Finished transferring output files
...
004 (8017966.181.000) 2026-06-21 00:07:37 Job was evicted.
	(0) Job terminated and was requeued
		Usr 0 00:00:00, Sys 0 00:00:00  -  Run Remote Usage
		Usr 0 00:00:00, Sys 0 00:00:00  -  Run Local Usage
	548190  -  Run Bytes Sent By Job
	2783300810  -  Run Bytes Received By Job
	(1) Normal termination (return value 2)
	The job attribute OnExitRemove expression 'NumJobCompletions > JobMaxRetries || ExitCode =?= 0' evaluated to FALSE
...
040 (8017966.181.000) 2026-06-21 00:07:50 Started transferring input files
	Transferring to host: <128.105.69.3:9618?addrs=128.105.69.3-9618+[2607-f388-2200-100-7ec2-55ff-fe46-28f2]-9618&alias=gpu4002.chtc.wisc.edu&noUDP&sock=slot1_2_12744_0cff_3430>
...
040 (8017966.181.000) 2026-06-21 00:08:32 Finished transferring input files
...
001 (8017966.181.000) 2026-06-21 00:08:32 Job executing on host: <128.105.69.3:9618?addrs=128.105.69.3-9618+[2607-f388-2200-100-7ec2-55ff-fe46-28f2]-9618&alias=gpu4002.chtc.wisc.edu&noUDP&sock=startd_11312_ab69>
	SlotName: slot1_2@gpu4002.chtc.wisc.edu
	AvailableGPUs = { GPUs_GPU_2e13e217 }
	CondorScratchDir = "/var/lib/condor/execute/slot1/dir_2765256/scratch"
	Cpus = 1
	Disk = 16777216
	GPUs = 1
	GPUs_GPU_2e13e217 = [ Id = "GPU-2e13e217"; Capability = 8.9; DeviceName = "NVIDIA L40"; DeviceUuid = "2e13e217-6059-f8d1-c6e6-c4cc399ca285"; ECCEnabled = true; NvidiaDriver = "570.195.03"; DriverVersion = 12.8; DevicePciBusId = "0000:53:00.0"; GlobalMemoryMb = 45468; MaxSupportedVersion = 12080 ]
	IoHeavy = 0
	Memory = 16384
...
040 (8017966.181.000) 2026-06-21 00:08:35 Started transferring output files
...
040 (8017966.181.000) 2026-06-21 00:08:35 Finished transferring output files
...
004 (8017966.181.000) 2026-06-21 00:08:35 Job was evicted.
	(0) Job terminated and was requeued
		Usr 0 00:00:02, Sys 0 00:00:00  -  Run Remote Usage
		Usr 0 00:00:00, Sys 0 00:00:00  -  Run Local Usage
	548162  -  Run Bytes Sent By Job
	2783300810  -  Run Bytes Received By Job
	(1) Normal termination (return value 2)
	The job attribute OnExitRemove expression 'NumJobCompletions > JobMaxRetries || ExitCode =?= 0' evaluated to FALSE
...
040 (8017966.181.000) 2026-06-21 00:08:40 Started transferring input files
	Transferring to host: <10.1.1.135:41279?CCBID=128.105.82.148:9618%3faddrs%3d128.105.82.148-9618+[2607-f388-2200-9d-7ccb-bc08-2489-768a]-9618%26alias%3dospool-ccb.osg.chtc.io%26noUDP%26sock%3dcollector2#4291039%2067.58.49.91:9618%3faddrs%3d67.58.49.91-9618+[fdf0-17b3-c3ec-1f79-10-0-e-b69d]-9618%26alias%3dccb-2.ospool.osg-htc.org%26noUDP%26sock%3dcollector10#4285806&PrivNet=gpu05&addrs=10.1.1.135-41279&alias=gpu05&noUDP>
...
040 (8017966.181.000) 2026-06-21 00:08:54 Finished transferring input files
...
021 (8017966.181.000) 2026-06-21 00:08:55 Message from starter on slot1_4@glidein_3273215_630389268@gpu05:
	PREPARE_JOB (prepare-hook) succeeded (reported status 000): Using Singularity image openfe_1.11.1.sif
...
001 (8017966.181.000) 2026-06-21 00:08:55 Job executing on host: <10.1.1.135:45695?CCBID=128.105.82.148:9618%3faddrs%3d128.105.82.148-9618+[2607-f388-2200-9d-7ccb-bc08-2489-768a]-9618%26alias%3dospool-ccb.osg.chtc.io%26noUDP%26sock%3dcollector5#4288189%2067.58.49.91:9618%3faddrs%3d67.58.49.91-9618+[fdf0-17b3-c3ec-1f79-10-0-e-b69d]-9618%26alias%3dccb-2.ospool.osg-htc.org%26noUDP%26sock%3dcollector7#4283415&PrivNet=gpu05&addrs=10.1.1.135-45695&alias=gpu05&noUDP>
	SlotName: slot1_4@glidein_3273215_630389268@gpu05
	AvailableGPUs = { GPUs_GPU_b52e9d6c }
	CondorScratchDir = "/tmp/glide_vhn3iB/execute/dir_3300317/scratch"
	Cpus = 1
	Disk = 16777216
	GPUs = 1
	GPUs_GPU_b52e9d6c = [ Id = "GPU-b52e9d6c"; ClockMhz = 1695.0; Capability = 8.6; CoresPerCU = 128; DeviceName = "NVIDIA RTX A5000"; DeviceUuid = "b52e9d6c-52a9-9891-0c26-067b8b83b8d2"; ECCEnabled = false; ComputeUnits = 64; NvidiaDriver = "595.71.05"; DriverVersion = 13.2; DevicePciBusId = "0000:C1:00.0"; GlobalMemoryMb = 24361; MaxSupportedVersion = 13020 ]
	Memory = 16384
...
040 (8017966.181.000) 2026-06-21 00:08:58 Started transferring output files
...
040 (8017966.181.000) 2026-06-21 00:08:59 Finished transferring output files
...
004 (8017966.181.000) 2026-06-21 00:09:00 Job was evicted.
	(0) Job terminated and was requeued
		Usr 0 00:00:00, Sys 0 00:00:00  -  Run Remote Usage
		Usr 0 00:00:00, Sys 0 00:00:00  -  Run Local Usage
	548301  -  Run Bytes Sent By Job
	2783300810  -  Run Bytes Received By Job
	(1) Normal termination (return value 2)
	The job attribute OnExitRemove expression 'NumJobCompletions > JobMaxRetries || ExitCode =?= 0' evaluated to FALSE
...
040 (8017966.181.000) 2026-06-21 00:09:07 Started transferring input files
	Transferring to host: <128.104.100.117:9618?addrs=128.104.100.117-9618+[2607-f388-107c-501-8ae9-a4ff-fe02-e150]-9618&alias=jcaicedogpu0003.chtc.wisc.edu&noUDP&sock=backfill1_1_1586877_26eb_99150>
...
040 (8017966.181.000) 2026-06-21 00:09:18 Finished transferring input files
...
001 (8017966.181.000) 2026-06-21 00:09:18 Job executing on host: <128.104.100.117:9618?addrs=128.104.100.117-9618+[2607-f388-107c-501-8ae9-a4ff-fe02-e150]-9618&alias=jcaicedogpu0003.chtc.wisc.edu&noUDP&sock=startd_10874_3cee>
	SlotName: backfill1_1@jcaicedogpu0003.chtc.wisc.edu
	AvailableGPUs = { GPUs_GPU_76cc646a }
	CondorScratchDir = "/var/lib/condor/execute/slot1/dir_2591835/scratch"
	Cpus = 1
	Disk = 16777216
	GPUs = 1
	GPUs_GPU_76cc646a = [ Id = "GPU-76cc646a"; Capability = 8.9; DeviceName = "NVIDIA L40S"; DeviceUuid = "76cc646a-6e10-456c-030d-1a031e9ea6d0"; ECCEnabled = true; NvidiaDriver = "570.195.03"; DriverVersion = 12.8; DevicePciBusId = "0000:01:00.0"; GlobalMemoryMb = 45468; MaxSupportedVersion = 12080 ]
	IoHeavy = 0
	Memory = 16384
...
040 (8017966.181.000) 2026-06-21 00:09:21 Started transferring output files
...
040 (8017966.181.000) 2026-06-21 00:09:21 Finished transferring output files
...
004 (8017966.181.000) 2026-06-21 00:09:22 Job was evicted.
	(0) Job terminated and was requeued
		Usr 0 00:00:01, Sys 0 00:00:00  -  Run Remote Usage
		Usr 0 00:00:00, Sys 0 00:00:00  -  Run Local Usage
	548180  -  Run Bytes Sent By Job
	2783300810  -  Run Bytes Received By Job
	(1) Normal termination (return value 2)
	The job attribute OnExitRemove expression 'NumJobCompletions > JobMaxRetries || ExitCode =?= 0' evaluated to FALSE
...
040 (8017966.181.000) 2026-06-21 00:09:58 Started transferring input files
	Transferring to host: <128.105.76.47:9618?addrs=128.105.76.47-9618+[2607-f388-2200-100-527c-6fff-fe82-826a]-9618&alias=gpu4006.chtc.wisc.edu&noUDP&sock=slot2_4_2618986_4fbd_86404>
...
040 (8017966.181.000) 2026-06-21 00:10:09 Finished transferring input files
...
001 (8017966.181.000) 2026-06-21 00:10:09 Job executing on host: <128.105.76.47:9618?addrs=128.105.76.47-9618+[2607-f388-2200-100-527c-6fff-fe82-826a]-9618&alias=gpu4006.chtc.wisc.edu&noUDP&sock=startd_11220_90b3>
	SlotName: slot2_4@gpu4006.chtc.wisc.edu
	AvailableGPUs = { GPUs_GPU_ebce8790 }
	CondorScratchDir = "/var/lib/condor/execute/slot2/dir_2487085/scratch"
	Cpus = 1
	Disk = 16777216
	GPUs = 1
	GPUs_GPU_ebce8790 = [ Id = "GPU-ebce8790"; Capability = 8.9; DeviceName = "NVIDIA L40S"; DeviceUuid = "ebce8790-e43f-ac1a-f7a9-2254127e04da"; ECCEnabled = true; NvidiaDriver = "590.48.01"; DriverVersion = 13.1; DevicePciBusId = "0000:41:00.0"; GlobalMemoryMb = 45460; MaxSupportedVersion = 13010 ]
	IoHeavy = 0
	Memory = 16384
...
040 (8017966.181.000) 2026-06-21 00:10:11 Started transferring output files
...
040 (8017966.181.000) 2026-06-21 00:10:11 Finished transferring output files
...
004 (8017966.181.000) 2026-06-21 00:10:12 Job was evicted.
	(0) Job terminated and was requeued
		Usr 0 00:00:01, Sys 0 00:00:00  -  Run Remote Usage
		Usr 0 00:00:00, Sys 0 00:00:00  -  Run Local Usage
	548186  -  Run Bytes Sent By Job
	2783300810  -  Run Bytes Received By Job
	(1) Normal termination (return value 2)
	The job attribute OnExitRemove expression 'NumJobCompletions > JobMaxRetries || ExitCode =?= 0' evaluated to FALSE
...
040 (8017966.181.000) 2026-06-21 00:10:19 Started transferring input files
	Transferring to host: <128.105.76.47:9618?addrs=128.105.76.47-9618+[2607-f388-2200-100-527c-6fff-fe82-826a]-9618&alias=gpu4006.chtc.wisc.edu&noUDP&sock=slot2_4_2618986_4fbd_86405>
...
040 (8017966.181.000) 2026-06-21 00:10:26 Finished transferring input files
...
001 (8017966.181.000) 2026-06-21 00:10:26 Job executing on host: <128.105.76.47:9618?addrs=128.105.76.47-9618+[2607-f388-2200-100-527c-6fff-fe82-826a]-9618&alias=gpu4006.chtc.wisc.edu&noUDP&sock=startd_11220_90b3>
	SlotName: slot2_4@gpu4006.chtc.wisc.edu
	AvailableGPUs = { GPUs_GPU_ebce8790 }
	CondorScratchDir = "/var/lib/condor/execute/slot2/dir_2487571/scratch"
	Cpus = 1
	Disk = 16777216
	GPUs = 1
	GPUs_GPU_ebce8790 = [ Id = "GPU-ebce8790"; Capability = 8.9; DeviceName = "NVIDIA L40S"; DeviceUuid = "ebce8790-e43f-ac1a-f7a9-2254127e04da"; ECCEnabled = true; NvidiaDriver = "590.48.01"; DriverVersion = 13.1; DevicePciBusId = "0000:41:00.0"; GlobalMemoryMb = 45460; MaxSupportedVersion = 13010 ]
	IoHeavy = 0
	Memory = 16384
...
040 (8017966.181.000) 2026-06-21 00:10:28 Started transferring output files
...
040 (8017966.181.000) 2026-06-21 00:10:28 Finished transferring output files
...
004 (8017966.181.000) 2026-06-21 00:10:29 Job was evicted.
	(0) Job terminated and was requeued
		Usr 0 00:00:01, Sys 0 00:00:00  -  Run Remote Usage
		Usr 0 00:00:00, Sys 0 00:00:00  -  Run Local Usage
	548186  -  Run Bytes Sent By Job
	2783300810  -  Run Bytes Received By Job
	(1) Normal termination (return value 2)
	The job attribute OnExitRemove expression 'NumJobCompletions > JobMaxRetries || ExitCode =?= 0' evaluated to FALSE
...
040 (8017966.181.000) 2026-06-21 00:10:36 Started transferring input files
	Transferring to host: <128.105.69.3:9618?addrs=128.105.69.3-9618+[2607-f388-2200-100-7ec2-55ff-fe46-28f2]-9618&alias=gpu4002.chtc.wisc.edu&noUDP&sock=slot1_2_12744_0cff_3445>
...
040 (8017966.181.000) 2026-06-21 00:10:45 Finished transferring input files
...
001 (8017966.181.000) 2026-06-21 00:10:45 Job executing on host: <128.105.69.3:9618?addrs=128.105.69.3-9618+[2607-f388-2200-100-7ec2-55ff-fe46-28f2]-9618&alias=gpu4002.chtc.wisc.edu&noUDP&sock=startd_11312_ab69>
	SlotName: slot1_2@gpu4002.chtc.wisc.edu
	AvailableGPUs = { GPUs_GPU_2e13e217 }
	CondorScratchDir = "/var/lib/condor/execute/slot1/dir_2768922/scratch"
	Cpus = 1
	Disk = 16777216
	GPUs = 1
	GPUs_GPU_2e13e217 = [ Id = "GPU-2e13e217"; Capability = 8.9; DeviceName = "NVIDIA L40"; DeviceUuid = "2e13e217-6059-f8d1-c6e6-c4cc399ca285"; ECCEnabled = true; NvidiaDriver = "570.195.03"; DriverVersion = 12.8; DevicePciBusId = "0000:53:00.0"; GlobalMemoryMb = 45468; MaxSupportedVersion = 12080 ]
	IoHeavy = 0
	Memory = 16384
...
040 (8017966.181.000) 2026-06-21 00:10:49 Started transferring output files
...
040 (8017966.181.000) 2026-06-21 00:10:49 Finished transferring output files
...
004 (8017966.181.000) 2026-06-21 00:10:49 Job was evicted.
	(0) Job terminated and was requeued
		Usr 0 00:00:02, Sys 0 00:00:00  -  Run Remote Usage
		Usr 0 00:00:00, Sys 0 00:00:00  -  Run Local Usage
	548162  -  Run Bytes Sent By Job
	2783300810  -  Run Bytes Received By Job
	(1) Normal termination (return value 2)
	The job attribute OnExitRemove expression 'NumJobCompletions > JobMaxRetries || ExitCode =?= 0' evaluated to FALSE
...
040 (8017966.181.000) 2026-06-21 00:10:56 Started transferring input files
	Transferring to host: <128.105.76.47:9618?addrs=128.105.76.47-9618+[2607-f388-2200-100-527c-6fff-fe82-826a]-9618&alias=gpu4006.chtc.wisc.edu&noUDP&sock=slot2_4_2618986_4fbd_86409>
...
040 (8017966.181.000) 2026-06-21 00:11:02 Finished transferring input files
...
001 (8017966.181.000) 2026-06-21 00:11:02 Job executing on host: <128.105.76.47:9618?addrs=128.105.76.47-9618+[2607-f388-2200-100-527c-6fff-fe82-826a]-9618&alias=gpu4006.chtc.wisc.edu&noUDP&sock=startd_11220_90b3>
	SlotName: slot2_4@gpu4006.chtc.wisc.edu
	AvailableGPUs = { GPUs_GPU_ebce8790 }
	CondorScratchDir = "/var/lib/condor/execute/slot2/dir_2488460/scratch"
	Cpus = 1
	Disk = 16777216
	GPUs = 1
	GPUs_GPU_ebce8790 = [ Id = "GPU-ebce8790"; Capability = 8.9; DeviceName = "NVIDIA L40S"; DeviceUuid = "ebce8790-e43f-ac1a-f7a9-2254127e04da"; ECCEnabled = true; NvidiaDriver = "590.48.01"; DriverVersion = 13.1; DevicePciBusId = "0000:41:00.0"; GlobalMemoryMb = 45460; MaxSupportedVersion = 13010 ]
	IoHeavy = 0
	Memory = 16384
...
040 (8017966.181.000) 2026-06-21 00:11:04 Started transferring output files
...
040 (8017966.181.000) 2026-06-21 00:11:04 Finished transferring output files
...
004 (8017966.181.000) 2026-06-21 00:11:05 Job was evicted.
	(0) Job terminated and was requeued
		Usr 0 00:00:01, Sys 0 00:00:00  -  Run Remote Usage
		Usr 0 00:00:00, Sys 0 00:00:00  -  Run Local Usage
	548186  -  Run Bytes Sent By Job
	2783300810  -  Run Bytes Received By Job
	(1) Normal termination (return value 2)
	The job attribute OnExitRemove expression 'NumJobCompletions > JobMaxRetries || ExitCode =?= 0' evaluated to FALSE
...
040 (8017966.181.000) 2026-06-21 00:11:10 Started transferring input files
	Transferring to host: <128.105.76.47:9618?addrs=128.105.76.47-9618+[2607-f388-2200-100-527c-6fff-fe82-826a]-9618&alias=gpu4006.chtc.wisc.edu&noUDP&sock=slot2_4_2618986_4fbd_86412>
...
040 (8017966.181.000) 2026-06-21 00:11:15 Finished transferring input files
...
001 (8017966.181.000) 2026-06-21 00:11:15 Job executing on host: <128.105.76.47:9618?addrs=128.105.76.47-9618+[2607-f388-2200-100-527c-6fff-fe82-826a]-9618&alias=gpu4006.chtc.wisc.edu&noUDP&sock=startd_11220_90b3>
	SlotName: slot2_4@gpu4006.chtc.wisc.edu
	AvailableGPUs = { GPUs_GPU_ebce8790 }
	CondorScratchDir = "/var/lib/condor/execute/slot2/dir_2488717/scratch"
	Cpus = 1
	Disk = 16777216
	GPUs = 1
	GPUs_GPU_ebce8790 = [ Id = "GPU-ebce8790"; Capability = 8.9; DeviceName = "NVIDIA L40S"; DeviceUuid = "ebce8790-e43f-ac1a-f7a9-2254127e04da"; ECCEnabled = true; NvidiaDriver = "590.48.01"; DriverVersion = 13.1; DevicePciBusId = "0000:41:00.0"; GlobalMemoryMb = 45460; MaxSupportedVersion = 13010 ]
	IoHeavy = 0
	Memory = 16384
...
040 (8017966.181.000) 2026-06-21 00:11:18 Started transferring output files
...
040 (8017966.181.000) 2026-06-21 00:11:18 Finished transferring output files
...
004 (8017966.181.000) 2026-06-21 00:11:19 Job was evicted.
	(0) Job terminated and was requeued
		Usr 0 00:00:01, Sys 0 00:00:00  -  Run Remote Usage
		Usr 0 00:00:00, Sys 0 00:00:00  -  Run Local Usage
	548186  -  Run Bytes Sent By Job
	2783300810  -  Run Bytes Received By Job
	(1) Normal termination (return value 2)
	The job attribute OnExitRemove expression 'NumJobCompletions > JobMaxRetries || ExitCode =?= 0' evaluated to FALSE
...
040 (8017966.181.000) 2026-06-21 00:11:25 Started transferring input files
	Transferring to host: <128.105.76.47:9618?addrs=128.105.76.47-9618+[2607-f388-2200-100-527c-6fff-fe82-826a]-9618&alias=gpu4006.chtc.wisc.edu&noUDP&sock=slot2_4_2618986_4fbd_86413>
...
040 (8017966.181.000) 2026-06-21 00:11:34 Finished transferring input files
...
001 (8017966.181.000) 2026-06-21 00:11:34 Job executing on host: <128.105.76.47:9618?addrs=128.105.76.47-9618+[2607-f388-2200-100-527c-6fff-fe82-826a]-9618&alias=gpu4006.chtc.wisc.edu&noUDP&sock=startd_11220_90b3>
	SlotName: slot2_4@gpu4006.chtc.wisc.edu
	AvailableGPUs = { GPUs_GPU_ebce8790 }
	CondorScratchDir = "/var/lib/condor/execute/slot2/dir_2489160/scratch"
	Cpus = 1
	Disk = 16777216
	GPUs = 1
	GPUs_GPU_ebce8790 = [ Id = "GPU-ebce8790"; Capability = 8.9; DeviceName = "NVIDIA L40S"; DeviceUuid = "ebce8790-e43f-ac1a-f7a9-2254127e04da"; ECCEnabled = true; NvidiaDriver = "590.48.01"; DriverVersion = 13.1; DevicePciBusId = "0000:41:00.0"; GlobalMemoryMb = 45460; MaxSupportedVersion = 13010 ]
	IoHeavy = 0
	Memory = 16384
...
040 (8017966.181.000) 2026-06-21 00:11:36 Started transferring output files
...
040 (8017966.181.000) 2026-06-21 00:11:36 Finished transferring output files
...
005 (8017966.181.000) 2026-06-21 00:11:36 Job terminated.
	(1) Normal termination (return value 2)
		Usr 0 00:00:01, Sys 0 00:00:00  -  Run Remote Usage
		Usr 0 00:00:00, Sys 0 00:00:00  -  Run Local Usage
		Usr 0 00:00:21, Sys 0 00:00:01  -  Total Remote Usage
		Usr 0 00:00:00, Sys 0 00:00:00  -  Total Local Usage
	548186  -  Run Bytes Sent By Job
	2783300810  -  Run Bytes Received By Job
	6035167  -  Total Bytes Sent By Job
	30615761240  -  Total Bytes Received By Job
	Partitionable Resources :    Usage  Request Allocated Assigned
	   Cpus                 :        0        1         1 
	   Disk (KB)            :  2718220 16777216  16777216 
	   GPUs                 :                 1         1 "GPU-ebce8790"
	   IoHeavy              :                           0 
	   Memory (MB)          :      391    16384     16384 
	   TimeExecute (s)      :        2                    
	   TimeSlotBusy (s)     :       12                    
...
