000 (8017966.139.000) 2026-06-20 22:07:54 Job submitted from host: <128.105.68.112:9618?addrs=128.105.68.112-9618+[2607-f388-2200-100-eaeb-d3ff-fea3-4202]-9618&alias=ap2001.chtc.wisc.edu&noUDP&sock=schedd_4071840_2329>
...
040 (8017966.139.000) 2026-06-20 23:31:49 Started transferring input files
	Transferring to host: <128.105.68.100:9618?addrs=128.105.68.100-9618+[2607-f388-2200-100-ac0-ebff-fe99-9a48]-9618&alias=gpu2008.chtc.wisc.edu&noUDP&sock=slot2_4_160879_8f27_81437>
...
040 (8017966.139.000) 2026-06-20 23:32:01 Finished transferring input files
...
001 (8017966.139.000) 2026-06-20 23:32:01 Job executing on host: <128.105.68.100:9618?addrs=128.105.68.100-9618+[2607-f388-2200-100-ac0-ebff-fe99-9a48]-9618&alias=gpu2008.chtc.wisc.edu&noUDP&sock=startd_12349_f71f>
	SlotName: slot2_4@gpu2008.chtc.wisc.edu
	AvailableGPUs = { GPUs_GPU_7067f38b_b4c2_5568_ec82_f698473ddd07 }
	CondorScratchDir = "/var/lib/condor/execute/slot2/dir_528578/scratch"
	Cpus = 1
	Disk = 16777216
	GPUs = 1
	GPUs_GPU_7067f38b_b4c2_5568_ec82_f698473ddd07 = [ Id = "GPU-7067f38b-b4c2-5568-ec82-f698473ddd07"; Capability = 8.0; DeviceName = "NVIDIA A100-SXM4-80GB"; DeviceUuid = "7067f38b-b4c2-5568-ec82-f698473ddd07"; ECCEnabled = true; NvidiaDriver = "570.195.03"; DriverVersion = 12.8; DevicePciBusId = "0000:C1:00.0"; GlobalMemoryMb = 81154; MaxSupportedVersion = 12080 ]
	Memory = 16384
...
006 (8017966.139.000) 2026-06-20 23:32:10 Image size of job updated: 405920
	397  -  MemoryUsage of job (MB)
	405920  -  ResidentSetSize of job (KB)
...
006 (8017966.139.000) 2026-06-20 23:37:11 Image size of job updated: 977556
	954  -  MemoryUsage of job (MB)
	976176  -  ResidentSetSize of job (KB)
...
006 (8017966.139.000) 2026-06-20 23:42:11 Image size of job updated: 977556
	955  -  MemoryUsage of job (MB)
	976932  -  ResidentSetSize of job (KB)
...
006 (8017966.139.000) 2026-06-20 23:47:12 Image size of job updated: 981112
	959  -  MemoryUsage of job (MB)
	981112  -  ResidentSetSize of job (KB)
...
006 (8017966.139.000) 2026-06-20 23:52:12 Image size of job updated: 986764
	964  -  MemoryUsage of job (MB)
	986764  -  ResidentSetSize of job (KB)
...
006 (8017966.139.000) 2026-06-20 23:57:13 Image size of job updated: 991600
	969  -  MemoryUsage of job (MB)
	991600  -  ResidentSetSize of job (KB)
...
006 (8017966.139.000) 2026-06-21 00:02:13 Image size of job updated: 995940
	973  -  MemoryUsage of job (MB)
	995940  -  ResidentSetSize of job (KB)
...
006 (8017966.139.000) 2026-06-21 00:07:14 Image size of job updated: 1002204
	979  -  MemoryUsage of job (MB)
	1002204  -  ResidentSetSize of job (KB)
...
006 (8017966.139.000) 2026-06-21 00:12:14 Image size of job updated: 1007388
	984  -  MemoryUsage of job (MB)
	1007388  -  ResidentSetSize of job (KB)
...
006 (8017966.139.000) 2026-06-21 00:22:15 Image size of job updated: 1011688
	984  -  MemoryUsage of job (MB)
	1007388  -  ResidentSetSize of job (KB)
...
040 (8017966.139.000) 2026-06-21 00:23:36 Started transferring output files
...
040 (8017966.139.000) 2026-06-21 00:23:36 Finished transferring output files
...
005 (8017966.139.000) 2026-06-21 00:23:37 Job terminated.
	(1) Normal termination (return value 0)
		Usr 0 00:51:41, Sys 0 01:04:20  -  Run Remote Usage
		Usr 0 00:00:00, Sys 0 00:00:00  -  Run Local Usage
		Usr 0 00:51:41, Sys 0 01:04:20  -  Total Remote Usage
		Usr 0 00:00:00, Sys 0 00:00:00  -  Total Local Usage
	2623393  -  Run Bytes Sent By Job
	2781965697  -  Run Bytes Received By Job
	2623393  -  Total Bytes Sent By Job
	2781965697  -  Total Bytes Received By Job
	Partitionable Resources :      Usage  Request Allocated Assigned
	   Cpus                 :       1.14        1         1 
	   Disk (KB)            : 2729345    16777216  16777216 
	   GPUs                 :                   1         1 "GPU-7067f38b-b4c2-5568-ec82-f698473ddd07"
	   GpusMemory (MB)      :    6780                       
	   Memory (MB)          :     984       16384     16384 
	   TimeExecute (s)      :    3095                       
	   TimeSlotBusy (s)     :    3107                       
...
