000 (8017966.688.000) 2026-06-20 22:07:54 Job submitted from host: <128.105.68.112:9618?addrs=128.105.68.112-9618+[2607-f388-2200-100-eaeb-d3ff-fea3-4202]-9618&alias=ap2001.chtc.wisc.edu&noUDP&sock=schedd_4071840_2329>
...
040 (8017966.688.000) 2026-06-21 03:59:09 Started transferring input files
	Transferring to host: <10.32.89.77:41517?CCBID=128.105.82.148:9618%3faddrs%3d128.105.82.148-9618+[2607-f388-2200-9d-7ccb-bc08-2489-768a]-9618%26alias%3dospool-ccb.osg.chtc.io%26noUDP%26sock%3dcollector2#4304609%2067.58.49.91:9618%3faddrs%3d67.58.49.91-9618+[fdf0-17b3-c3ec-1f79-10-0-e-b69d]-9618%26alias%3dccb-2.ospool.osg-htc.org%26noUDP%26sock%3dcollector6#4300422&PrivNet=qa-v100-010.crc.nd.edu&addrs=10.32.89.77-41517&alias=qa-v100-010.crc.nd.edu&noUDP>
...
040 (8017966.688.000) 2026-06-21 03:59:21 Finished transferring input files
...
021 (8017966.688.000) 2026-06-21 03:59:22 Message from starter on slot1_1@glidein_1465428_436479782@qa-v100-010.crc.nd.edu:
	PREPARE_JOB (prepare-hook) succeeded (reported status 000): Using Singularity image openfe_1.11.1.sif
...
001 (8017966.688.000) 2026-06-21 03:59:22 Job executing on host: <10.32.89.77:43599?CCBID=128.105.82.148:9618%3faddrs%3d128.105.82.148-9618+[2607-f388-2200-9d-7ccb-bc08-2489-768a]-9618%26alias%3dospool-ccb.osg.chtc.io%26noUDP%26sock%3dcollector5#4283181%2067.58.49.91:9618%3faddrs%3d67.58.49.91-9618+[fdf0-17b3-c3ec-1f79-10-0-e-b69d]-9618%26alias%3dccb-2.ospool.osg-htc.org%26noUDP%26sock%3dcollector9#4283212&PrivNet=qa-v100-010.crc.nd.edu&addrs=10.32.89.77-43599&alias=qa-v100-010.crc.nd.edu&noUDP>
	SlotName: slot1_1@glidein_1465428_436479782@qa-v100-010.crc.nd.edu
	AvailableGPUs = { GPUs_GPU_cd535bd3 }
	CondorScratchDir = "/var/condor/execute/dir_1465413/glide_xxNLLo/execute/dir_1793421/scratch"
	Cpus = 1
	Disk = 16777216
	GPUs = 1
	GPUs_GPU_cd535bd3 = [ Id = "GPU-cd535bd3"; ClockMhz = 1380.0; Capability = 7.0; CoresPerCU = 64; DeviceName = "Tesla V100-PCIE-32GB"; DeviceUuid = "cd535bd3-3f5d-006a-d0cd-1dd955567ac1"; ECCEnabled = true; ComputeUnits = 80; NvidiaDriver = "580.159.03"; DriverVersion = 13.0; DevicePciBusId = "0000:86:00.0"; GlobalMemoryMb = 32494; MaxSupportedVersion = 13000 ]
	Memory = 16384
...
006 (8017966.688.000) 2026-06-21 03:59:31 Image size of job updated: 4
	6  -  MemoryUsage of job (MB)
	5784  -  ResidentSetSize of job (KB)
...
006 (8017966.688.000) 2026-06-21 04:04:31 Image size of job updated: 25322456
	2918  -  MemoryUsage of job (MB)
	2987704  -  ResidentSetSize of job (KB)
...
006 (8017966.688.000) 2026-06-21 04:09:32 Image size of job updated: 28152472
	3749  -  MemoryUsage of job (MB)
	3838148  -  ResidentSetSize of job (KB)
...
006 (8017966.688.000) 2026-06-21 04:19:33 Image size of job updated: 28152472
	3756  -  MemoryUsage of job (MB)
	3845252  -  ResidentSetSize of job (KB)
...
006 (8017966.688.000) 2026-06-21 04:24:33 Image size of job updated: 28152472
	3756  -  MemoryUsage of job (MB)
	3846020  -  ResidentSetSize of job (KB)
...
006 (8017966.688.000) 2026-06-21 04:29:34 Image size of job updated: 28152472
	3759  -  MemoryUsage of job (MB)
	3848708  -  ResidentSetSize of job (KB)
...
006 (8017966.688.000) 2026-06-21 04:34:34 Image size of job updated: 28152472
	3764  -  MemoryUsage of job (MB)
	3853316  -  ResidentSetSize of job (KB)
...
006 (8017966.688.000) 2026-06-21 04:44:35 Image size of job updated: 28152472
	3766  -  MemoryUsage of job (MB)
	3855732  -  ResidentSetSize of job (KB)
...
006 (8017966.688.000) 2026-06-21 04:54:36 Image size of job updated: 28152472
	3769  -  MemoryUsage of job (MB)
	3859380  -  ResidentSetSize of job (KB)
...
006 (8017966.688.000) 2026-06-21 04:59:36 Image size of job updated: 28152472
	3770  -  MemoryUsage of job (MB)
	3860340  -  ResidentSetSize of job (KB)
...
006 (8017966.688.000) 2026-06-21 05:04:36 Image size of job updated: 28152472
	3771  -  MemoryUsage of job (MB)
	3860916  -  ResidentSetSize of job (KB)
...
006 (8017966.688.000) 2026-06-21 05:09:37 Image size of job updated: 28152472
	3772  -  MemoryUsage of job (MB)
	3861684  -  ResidentSetSize of job (KB)
...
006 (8017966.688.000) 2026-06-21 05:19:38 Image size of job updated: 28152472
	3772  -  MemoryUsage of job (MB)
	3861876  -  ResidentSetSize of job (KB)
...
006 (8017966.688.000) 2026-06-21 05:29:39 Image size of job updated: 28152472
	3773  -  MemoryUsage of job (MB)
	3862644  -  ResidentSetSize of job (KB)
...
006 (8017966.688.000) 2026-06-21 05:34:39 Image size of job updated: 28152472
	3773  -  MemoryUsage of job (MB)
	3862836  -  ResidentSetSize of job (KB)
...
006 (8017966.688.000) 2026-06-21 06:04:45 Image size of job updated: 28152472
	3773  -  MemoryUsage of job (MB)
	3863220  -  ResidentSetSize of job (KB)
...
006 (8017966.688.000) 2026-06-21 07:14:52 Image size of job updated: 28152472
	3775  -  MemoryUsage of job (MB)
	3865348  -  ResidentSetSize of job (KB)
...
006 (8017966.688.000) 2026-06-21 07:24:53 Image size of job updated: 28152472
	3775  -  MemoryUsage of job (MB)
	3865540  -  ResidentSetSize of job (KB)
...
040 (8017966.688.000) 2026-06-21 07:45:24 Started transferring output files
...
040 (8017966.688.000) 2026-06-21 07:45:24 Finished transferring output files
...
005 (8017966.688.000) 2026-06-21 07:45:24 Job terminated.
	(1) Normal termination (return value 0)
		Usr 0 03:51:35, Sys 0 00:06:21  -  Run Remote Usage
		Usr 0 00:00:00, Sys 0 00:00:00  -  Run Local Usage
		Usr 0 03:51:35, Sys 0 00:06:21  -  Total Remote Usage
		Usr 0 00:00:00, Sys 0 00:00:00  -  Total Local Usage
	9641812  -  Run Bytes Sent By Job
	2782612941  -  Run Bytes Received By Job
	9641812  -  Total Bytes Sent By Job
	2782612941  -  Total Bytes Received By Job
	Partitionable Resources :      Usage  Request Allocated Assigned
	   Cpus                 :       0.99        1         1 
	   Disk (KB)            : 2801276    16777216  16777216 
	   GPUs                 :       0.82        1         1 "GPU-cd535bd3"
	   GpusMemory (MB)      :    5288                       
	   Memory (MB)          :    3775       16384     16384 
	   TimeExecute (s)      :   13562                       
	   TimeSlotBusy (s)     :   13576                       
...
