INFO:openfe.utils.system_probe.log:SYSTEM CONFIG DETAILS:
INFO:openfe.utils.system_probe.log.hostname:hostname: 'jcaicedogpu0002'
INFO:openfe.utils.system_probe.log.gpu:CUDA-based GPU not found
INFO:openfe.utils.system_probe.log:Memory used: 43.9G (9.0%)
INFO:openfe.utils.system_probe.log:quickrun_scratch/scratch_HybridTopologySetupUnit-a151b7b60ec74fdb9261f09582452507_attempt_0: 0% full (21.7T free)
INFO:gufekey.openfe.protocols.openmm_rfe.hybridtop_units.HybridTopologySetupUnit:Starting system setup unit
INFO:gufekey.openfe.protocols.openmm_rfe.hybridtop_units.HybridTopologySetupUnit:Parameterizing systems
INFO:openmmforcefields.generators.template_generators:Requested to generate parameters for residue <Residue 597 (UNK) of chain 2>
INFO:openmmforcefields.generators.template_generators:Generating a residue template for [H][C]1=[C]([H])[C]([H])([H])[C@]([N]([H])[C](=[O])[c]2[c]([H])[c]([H])[c]([S](=[O])(=[O])[N]([H])[C]3([H])[C]([H])([H])[C]3([H])[H])[c]([H])[c]2[H])([C]([H])([H])[H])[C]([H])([H])[C]1([H])[H] using openff-2.2.1
INFO:openmmforcefields.generators.template_generators:Requested to generate parameters for residue <Residue 51027 (UNK) of chain 5>
INFO:openmmforcefields.generators.template_generators:Generating a residue template for [H][c]1[n][c]([H])[c]([H])[c]([C@@]([H])([N]([H])[C](=[O])[c]2[c]([H])[c]([H])[c]([S](=[O])(=[O])[N]([H])[C]3([H])[C]([H])([H])[C]3([H])[H])[c]([H])[c]2[H])[C]([H])([H])[H])[c]1[H] using openff-2.2.1
WARNING:py.warnings:/opt/conda/lib/python3.12/site-packages/openfe/protocols/openmm_rfe/_rfe_utils/topologyhelpers.py:719: UserWarning: mapping 9740 : 160482 deviates by more than 1.0
  warnings.warn(wmsg)

WARNING:root:mapping 9740 : 160482 deviates by more than 1.0
WARNING:py.warnings:/opt/conda/lib/python3.12/site-packages/openfe/protocols/openmm_rfe/_rfe_utils/topologyhelpers.py:719: UserWarning: mapping 9760 : 160503 deviates by more than 1.0
  warnings.warn(wmsg)

WARNING:root:mapping 9760 : 160503 deviates by more than 1.0
WARNING:py.warnings:/opt/conda/lib/python3.12/site-packages/openfe/protocols/openmm_rfe/_rfe_utils/topologyhelpers.py:719: UserWarning: mapping 9772 : 160512 deviates by more than 1.0
  warnings.warn(wmsg)

WARNING:root:mapping 9772 : 160512 deviates by more than 1.0
INFO:openfe.protocols.openmm_rfe._rfe_utils.relative:Creating hybrid system
INFO:openfe.protocols.openmm_rfe._rfe_utils.relative:Setting force field terms
INFO:openfe.protocols.openmm_rfe._rfe_utils.relative:Adding forces
INFO:openfe.protocols.openmm_rfe._rfe_utils.relative:No CMAPTorsionForce found. Skipping adding force.
INFO:openfe.protocols.openmm_rfe._rfe_utils.relative:Hybrid system created
WARNING:py.warnings:/opt/conda/lib/python3.12/site-packages/mdtraj/core/topology.py:97: UserWarning: atom_indices are not monotonically increasing
  warnings.warn("atom_indices are not monotonically increasing")

INFO:openfe.utils.system_probe.log:SYSTEM CONFIG DETAILS:
INFO:openfe.utils.system_probe.log.hostname:hostname: 'jcaicedogpu0002'
INFO:openfe.utils.system_probe.log.gpu:CUDA-based GPU not found
INFO:openfe.utils.system_probe.log:Memory used: 41.5G (8.5%)
INFO:openfe.utils.system_probe.log:quickrun_scratch/scratch_HybridTopologyMultiStateSimulationUnit-329ae5b1896d4eaf86ad81ed7bcb06e7_attempt_0: 0% full (21.7T free)
INFO:gufekey.openfe.protocols.openmm_rfe.hybridtop_units.HybridTopologyMultiStateSimulationUnit:Starting simulation unit
WARNING:openmmtools.multistate.multistatesampler:An online_analysis_interval that is not a multiple of the checkpoint_interval can lead to redundant information in the real time yaml file after recovering from checkpoints.
INFO:gufekey.openfe.protocols.openmm_rfe.hybridtop_units.HybridTopologyMultiStateSimulationUnit:minimizing systems
INFO:gufekey.openfe.protocols.openmm_rfe.hybridtop_units.HybridTopologyMultiStateSimulationUnit:equilibrating systems
INFO:openmmtools.multistate.multistatesampler:Equilibration iteration 1/400
WARNING:py.warnings:/opt/conda/lib/python3.12/site-packages/openmmtools/mcmc.py:723: UserWarning: Particle coordinate is NaN.  For more information, see https://github.com/openmm/openmm/wiki/Frequently-Asked-Questions#nan
  warnings.warn(str(e))

WARNING:openmmtools.mcmc:Potential energy is NaN after 0 attempts of integration with move LangevinDynamicsMove Attempting a restart...
WARNING:openmmtools.mcmc:Potential energy is NaN after 1 attempts of integration with move LangevinDynamicsMove Attempting a restart...
WARNING:openmmtools.mcmc:Potential energy is NaN after 2 attempts of integration with move LangevinDynamicsMove Attempting a restart...
WARNING:openmmtools.mcmc:Potential energy is NaN after 3 attempts of integration with move LangevinDynamicsMove Attempting a restart...
WARNING:openmmtools.mcmc:Potential energy is NaN after 4 attempts of integration with move LangevinDynamicsMove Attempting a restart...
WARNING:openmmtools.mcmc:Potential energy is NaN after 5 attempts of integration with move LangevinDynamicsMove Attempting a restart...
WARNING:openmmtools.mcmc:Potential energy is NaN after 6 attempts of integration with move LangevinDynamicsMove Attempting a restart...
WARNING:openmmtools.mcmc:Potential energy is NaN after 7 attempts of integration with move LangevinDynamicsMove Attempting a restart...
WARNING:openmmtools.mcmc:Potential energy is NaN after 8 attempts of integration with move LangevinDynamicsMove Attempting a restart...
WARNING:openmmtools.mcmc:Potential energy is NaN after 9 attempts of integration with move LangevinDynamicsMove Attempting a restart...
WARNING:openmmtools.mcmc:Potential energy is NaN after 10 attempts of integration with move LangevinDynamicsMove Attempting a restart...
WARNING:openmmtools.mcmc:Potential energy is NaN after 11 attempts of integration with move LangevinDynamicsMove Attempting a restart...
WARNING:openmmtools.mcmc:Potential energy is NaN after 12 attempts of integration with move LangevinDynamicsMove Attempting a restart...
WARNING:openmmtools.mcmc:Potential energy is NaN after 13 attempts of integration with move LangevinDynamicsMove Attempting a restart...
WARNING:openmmtools.mcmc:Potential energy is NaN after 14 attempts of integration with move LangevinDynamicsMove Attempting a restart...
WARNING:openmmtools.mcmc:Potential energy is NaN after 15 attempts of integration with move LangevinDynamicsMove Attempting a restart...
WARNING:openmmtools.mcmc:Potential energy is NaN after 16 attempts of integration with move LangevinDynamicsMove Attempting a restart...
WARNING:openmmtools.mcmc:Potential energy is NaN after 17 attempts of integration with move LangevinDynamicsMove Attempting a restart...
WARNING:openmmtools.mcmc:Potential energy is NaN after 18 attempts of integration with move LangevinDynamicsMove Attempting a restart...
ERROR:openmmtools.mcmc:Potential energy is NaN after 19 attempts of integration with move LangevinDynamicsMove Trying to reinitialize Context as a last-resort restart attempt...
ERROR:openmmtools.mcmc:Potential energy is NaN after 20 attempts of integration with move LangevinDynamicsMove
CRITICAL:openmmtools.multistate.multistatesampler:Propagating replica 1 at state 1 resulted in a NaN!
The state of the system and integrator before the error were saved in quickrun_scratch/shared_HybridTopologyMultiStateSimulationUnit-329ae5b1896d4eaf86ad81ed7bcb06e7_attempt_0/nan-error-logs
INFO:openfe.utils.system_probe.log:SYSTEM CONFIG DETAILS:
INFO:openfe.utils.system_probe.log.hostname:hostname: 'jcaicedogpu0002'
INFO:openfe.utils.system_probe.log.gpu:CUDA-based GPU not found
INFO:openfe.utils.system_probe.log:Memory used: 68.1G (14.0%)
INFO:openfe.utils.system_probe.log:quickrun_scratch/scratch_HybridTopologyMultiStateSimulationUnit-329ae5b1896d4eaf86ad81ed7bcb06e7_attempt_1: 0% full (21.7T free)
INFO:gufekey.openfe.protocols.openmm_rfe.hybridtop_units.HybridTopologyMultiStateSimulationUnit:Starting simulation unit
WARNING:openmmtools.multistate.multistatesampler:An online_analysis_interval that is not a multiple of the checkpoint_interval can lead to redundant information in the real time yaml file after recovering from checkpoints.
INFO:gufekey.openfe.protocols.openmm_rfe.hybridtop_units.HybridTopologyMultiStateSimulationUnit:minimizing systems
INFO:gufekey.openfe.protocols.openmm_rfe.hybridtop_units.HybridTopologyMultiStateSimulationUnit:equilibrating systems
INFO:openmmtools.multistate.multistatesampler:Equilibration iteration 1/400
WARNING:py.warnings:/opt/conda/lib/python3.12/site-packages/openmmtools/mcmc.py:723: UserWarning: Particle coordinate is NaN.  For more information, see https://github.com/openmm/openmm/wiki/Frequently-Asked-Questions#nan
  warnings.warn(str(e))

WARNING:openmmtools.mcmc:Potential energy is NaN after 0 attempts of integration with move LangevinDynamicsMove Attempting a restart...
WARNING:openmmtools.mcmc:Potential energy is NaN after 1 attempts of integration with move LangevinDynamicsMove Attempting a restart...
WARNING:openmmtools.mcmc:Potential energy is NaN after 2 attempts of integration with move LangevinDynamicsMove Attempting a restart...
WARNING:openmmtools.mcmc:Potential energy is NaN after 3 attempts of integration with move LangevinDynamicsMove Attempting a restart...
WARNING:openmmtools.mcmc:Potential energy is NaN after 4 attempts of integration with move LangevinDynamicsMove Attempting a restart...
WARNING:openmmtools.mcmc:Potential energy is NaN after 5 attempts of integration with move LangevinDynamicsMove Attempting a restart...
WARNING:openmmtools.mcmc:Potential energy is NaN after 6 attempts of integration with move LangevinDynamicsMove Attempting a restart...
WARNING:openmmtools.mcmc:Potential energy is NaN after 7 attempts of integration with move LangevinDynamicsMove Attempting a restart...
WARNING:openmmtools.mcmc:Potential energy is NaN after 8 attempts of integration with move LangevinDynamicsMove Attempting a restart...
WARNING:openmmtools.mcmc:Potential energy is NaN after 9 attempts of integration with move LangevinDynamicsMove Attempting a restart...
WARNING:openmmtools.mcmc:Potential energy is NaN after 10 attempts of integration with move LangevinDynamicsMove Attempting a restart...
WARNING:openmmtools.mcmc:Potential energy is NaN after 11 attempts of integration with move LangevinDynamicsMove Attempting a restart...
WARNING:openmmtools.mcmc:Potential energy is NaN after 12 attempts of integration with move LangevinDynamicsMove Attempting a restart...
WARNING:openmmtools.mcmc:Potential energy is NaN after 13 attempts of integration with move LangevinDynamicsMove Attempting a restart...
WARNING:openmmtools.mcmc:Potential energy is NaN after 14 attempts of integration with move LangevinDynamicsMove Attempting a restart...
WARNING:openmmtools.mcmc:Potential energy is NaN after 15 attempts of integration with move LangevinDynamicsMove Attempting a restart...
WARNING:openmmtools.mcmc:Potential energy is NaN after 16 attempts of integration with move LangevinDynamicsMove Attempting a restart...
WARNING:openmmtools.mcmc:Potential energy is NaN after 17 attempts of integration with move LangevinDynamicsMove Attempting a restart...
WARNING:openmmtools.mcmc:Potential energy is NaN after 18 attempts of integration with move LangevinDynamicsMove Attempting a restart...
ERROR:openmmtools.mcmc:Potential energy is NaN after 19 attempts of integration with move LangevinDynamicsMove Trying to reinitialize Context as a last-resort restart attempt...
ERROR:openmmtools.mcmc:Potential energy is NaN after 20 attempts of integration with move LangevinDynamicsMove
CRITICAL:openmmtools.multistate.multistatesampler:Propagating replica 0 at state 0 resulted in a NaN!
The state of the system and integrator before the error were saved in quickrun_scratch/shared_HybridTopologyMultiStateSimulationUnit-329ae5b1896d4eaf86ad81ed7bcb06e7_attempt_1/nan-error-logs
INFO:openfe.utils.system_probe.log:SYSTEM CONFIG DETAILS:
INFO:openfe.utils.system_probe.log.hostname:hostname: 'jcaicedogpu0002'
INFO:openfe.utils.system_probe.log.gpu:CUDA-based GPU not found
INFO:openfe.utils.system_probe.log:Memory used: 54.0G (11.1%)
INFO:openfe.utils.system_probe.log:quickrun_scratch/scratch_HybridTopologyMultiStateSimulationUnit-329ae5b1896d4eaf86ad81ed7bcb06e7_attempt_2: 0% full (21.7T free)
INFO:gufekey.openfe.protocols.openmm_rfe.hybridtop_units.HybridTopologyMultiStateSimulationUnit:Starting simulation unit
WARNING:openmmtools.multistate.multistatesampler:An online_analysis_interval that is not a multiple of the checkpoint_interval can lead to redundant information in the real time yaml file after recovering from checkpoints.
INFO:gufekey.openfe.protocols.openmm_rfe.hybridtop_units.HybridTopologyMultiStateSimulationUnit:minimizing systems
INFO:gufekey.openfe.protocols.openmm_rfe.hybridtop_units.HybridTopologyMultiStateSimulationUnit:equilibrating systems
INFO:openmmtools.multistate.multistatesampler:Equilibration iteration 1/400
WARNING:py.warnings:/opt/conda/lib/python3.12/site-packages/openmmtools/mcmc.py:723: UserWarning: Particle coordinate is NaN.  For more information, see https://github.com/openmm/openmm/wiki/Frequently-Asked-Questions#nan
  warnings.warn(str(e))

WARNING:openmmtools.mcmc:Potential energy is NaN after 0 attempts of integration with move LangevinDynamicsMove Attempting a restart...
WARNING:openmmtools.mcmc:Potential energy is NaN after 1 attempts of integration with move LangevinDynamicsMove Attempting a restart...
WARNING:openmmtools.mcmc:Potential energy is NaN after 2 attempts of integration with move LangevinDynamicsMove Attempting a restart...
WARNING:openmmtools.mcmc:Potential energy is NaN after 3 attempts of integration with move LangevinDynamicsMove Attempting a restart...
WARNING:openmmtools.mcmc:Potential energy is NaN after 4 attempts of integration with move LangevinDynamicsMove Attempting a restart...
WARNING:openmmtools.mcmc:Potential energy is NaN after 5 attempts of integration with move LangevinDynamicsMove Attempting a restart...
WARNING:openmmtools.mcmc:Potential energy is NaN after 6 attempts of integration with move LangevinDynamicsMove Attempting a restart...
WARNING:openmmtools.mcmc:Potential energy is NaN after 7 attempts of integration with move LangevinDynamicsMove Attempting a restart...
WARNING:openmmtools.mcmc:Potential energy is NaN after 8 attempts of integration with move LangevinDynamicsMove Attempting a restart...
WARNING:openmmtools.mcmc:Potential energy is NaN after 9 attempts of integration with move LangevinDynamicsMove Attempting a restart...
WARNING:openmmtools.mcmc:Potential energy is NaN after 10 attempts of integration with move LangevinDynamicsMove Attempting a restart...
WARNING:openmmtools.mcmc:Potential energy is NaN after 11 attempts of integration with move LangevinDynamicsMove Attempting a restart...
WARNING:openmmtools.mcmc:Potential energy is NaN after 12 attempts of integration with move LangevinDynamicsMove Attempting a restart...
WARNING:openmmtools.mcmc:Potential energy is NaN after 13 attempts of integration with move LangevinDynamicsMove Attempting a restart...
WARNING:openmmtools.mcmc:Potential energy is NaN after 14 attempts of integration with move LangevinDynamicsMove Attempting a restart...
WARNING:openmmtools.mcmc:Potential energy is NaN after 15 attempts of integration with move LangevinDynamicsMove Attempting a restart...
WARNING:openmmtools.mcmc:Potential energy is NaN after 16 attempts of integration with move LangevinDynamicsMove Attempting a restart...
WARNING:openmmtools.mcmc:Potential energy is NaN after 17 attempts of integration with move LangevinDynamicsMove Attempting a restart...
WARNING:openmmtools.mcmc:Potential energy is NaN after 18 attempts of integration with move LangevinDynamicsMove Attempting a restart...
ERROR:openmmtools.mcmc:Potential energy is NaN after 19 attempts of integration with move LangevinDynamicsMove Trying to reinitialize Context as a last-resort restart attempt...
ERROR:openmmtools.mcmc:Potential energy is NaN after 20 attempts of integration with move LangevinDynamicsMove
CRITICAL:openmmtools.multistate.multistatesampler:Propagating replica 0 at state 0 resulted in a NaN!
The state of the system and integrator before the error were saved in quickrun_scratch/shared_HybridTopologyMultiStateSimulationUnit-329ae5b1896d4eaf86ad81ed7bcb06e7_attempt_2/nan-error-logs
Error: The protocol unit 'HybridTopology Simulation: OCNT-2315472 to OADMET-0006201 repeat 0 generation 0' failed with the error message:
SimulationNaNError: Propagating replica 0 at state 0 resulted in a NaN!
The state of the system and integrator before the error were saved in quickrun_scratch/shared_HybridTopologyMultiStateSimulationUnit-329ae5b1896d4eaf86ad81ed7bcb06e7_attempt_2/nan-error-logs

Details provided in output.
