=== openfe quickrun production ===
Host: gpu01
Transformation: rbfe_OCNT-2315366_complex_OADMET-0006517_complex.json
Start: Sun Jun 21 06:43:36 CDT 2026
NVIDIA L40S, 46068 MiB, 580.82.07
openfe: openfe, version 1.11.1
Available platforms: ['Reference', 'CPU', 'CUDA', 'OpenCL']
CUDA platform confirmed available.
No quickrun_cache found - this is a FRESH run

Current directory: /srv/scratch/
Using existing working directory: quickrun_output/
Loading transformation from: rbfe_OCNT-2315366_complex_OADMET-0006517_complex.json
When simulation is complete, results will be written to: quickrun_output/result.json

If this simulation is interrupted or fails, you may attempt to resume execution using:
openfe quickrun rbfe_OCNT-2315366_complex_OADMET-0006517_complex.json -o quickrun_output/result.json -d quickrun_output --resume

openfe quickrun was run with --resume, but no cached results found at quickrun_output/quickrun_cache/dag-cache-adc5d0963d22693239888ed698d40312.json. Starting new execution.
Planning simulations for this edge...

Starting the simulations for this edge...

Please cite the following:

        Friedrichs MS, Eastman P, Vaidyanathan V, Houston M, LeGrand S, Beberg AL, Ensign DL, Bruns CM, and Pande VS. Accelerating molecular dynamic simulations on graphics processing unit. J. Comput. Chem. 30:864, 2009. DOI: 10.1002/jcc.21209
        Eastman P and Pande VS. OpenMM: A hardware-independent framework for molecular simulations. Comput. Sci. Eng. 12:34, 2010. DOI: 10.1109/MCSE.2010.27
        Eastman P and Pande VS. Efficient nonbonded interactions for molecular dynamics on a graphics processing unit. J. Comput. Chem. 31:1268, 2010. DOI: 10.1002/jcc.21413
        Eastman P and Pande VS. Constant constraint matrix approximation: A robust, parallelizable constraint method for molecular simulations. J. Chem. Theor. Comput. 6:434, 2010. DOI: 10.1021/ct900463w
        Chodera JD and Shirts MR. Replica exchange and expanded ensemble simulations as Gibbs multistate: Simple improvements for enhanced mixing. J. Chem. Phys., 135:194110, 2011. DOI:10.1063/1.3660669
        
Done with all simulations! Analyzing the results....
Here is the result:
	dG = -22.677146468387054 kilocalorie_per_mole ± 0.0 kilocalorie_per_mole


	Duration: 2:36:21.289489


=== Completed successfully ===
Wall-clock: 9386 seconds (2h 36m)
End: Sun Jun 21 09:20:02 CDT 2026
Cleaning up large checkpoint/trajectory files...
64M	quickrun_output/
1.5M	quickrun_output/
