000 (8180963.302.000) 2026-06-24 12:19:47 Job submitted from host: <128.105.68.112:9618?addrs=128.105.68.112-9618+[2607-f388-2200-100-eaeb-d3ff-fea3-4202]-9618&alias=ap2001.chtc.wisc.edu&noUDP&sock=schedd_4071840_2329>
...
040 (8180963.302.000) 2026-06-24 23:13:07 Started transferring input files
	Transferring to host: <128.104.100.52:9618?addrs=128.104.100.52-9618+[2607-f388-107c-501-7ec2-55ff-fe99-a48c]-9618&alias=jcaicedogpu0000.chtc.wisc.edu&noUDP&sock=backfill1_8_12267_f60c_19353>
...
040 (8180963.302.000) 2026-06-24 23:13:21 Finished transferring input files
...
001 (8180963.302.000) 2026-06-24 23:13:21 Job executing on host: <128.104.100.52:9618?addrs=128.104.100.52-9618+[2607-f388-107c-501-7ec2-55ff-fe99-a48c]-9618&alias=jcaicedogpu0000.chtc.wisc.edu&noUDP&sock=startd_10725_0952>
	SlotName: backfill1_8@jcaicedogpu0000.chtc.wisc.edu
	AvailableGPUs = { GPUs_GPU_0c03ad29 }
	CondorScratchDir = "/var/lib/condor/execute/slot1/dir_3980344/scratch"
	Cpus = 1
	Disk = 16777216
	GPUs = 1
	GPUs_GPU_0c03ad29 = [ Id = "GPU-0c03ad29"; Capability = 8.9; DeviceName = "NVIDIA L40"; DeviceUuid = "0c03ad29-613e-407b-2db9-ce469ed3fbba"; ECCEnabled = true; NvidiaDriver = "570.195.03"; DriverVersion = 12.8; DevicePciBusId = "0000:53:00.0"; GlobalMemoryMb = 45468; MaxSupportedVersion = 12080 ]
	IoHeavy = 0
	Memory = 16384
...
006 (8180963.302.000) 2026-06-24 23:13:30 Image size of job updated: 425860
	416  -  MemoryUsage of job (MB)
	425860  -  ResidentSetSize of job (KB)
...
006 (8180963.302.000) 2026-06-24 23:18:31 Image size of job updated: 955716
	932  -  MemoryUsage of job (MB)
	953600  -  ResidentSetSize of job (KB)
...
006 (8180963.302.000) 2026-06-24 23:23:31 Image size of job updated: 956372
	934  -  MemoryUsage of job (MB)
	956372  -  ResidentSetSize of job (KB)
...
006 (8180963.302.000) 2026-06-24 23:28:31 Image size of job updated: 963776
	942  -  MemoryUsage of job (MB)
	963776  -  ResidentSetSize of job (KB)
...
006 (8180963.302.000) 2026-06-24 23:33:32 Image size of job updated: 972524
	950  -  MemoryUsage of job (MB)
	972524  -  ResidentSetSize of job (KB)
...
006 (8180963.302.000) 2026-06-24 23:38:32 Image size of job updated: 979036
	957  -  MemoryUsage of job (MB)
	979036  -  ResidentSetSize of job (KB)
...
006 (8180963.302.000) 2026-06-24 23:43:34 Image size of job updated: 983816
	957  -  MemoryUsage of job (MB)
	979036  -  ResidentSetSize of job (KB)
...
006 (8180963.302.000) 2026-06-24 23:48:34 Image size of job updated: 989032
	957  -  MemoryUsage of job (MB)
	979036  -  ResidentSetSize of job (KB)
...
040 (8180963.302.000) 2026-06-24 23:51:05 Started transferring output files
...
040 (8180963.302.000) 2026-06-24 23:51:05 Finished transferring output files
...
005 (8180963.302.000) 2026-06-24 23:51:05 Job terminated.
	(1) Normal termination (return value 0)
		Usr 0 00:38:19, Sys 0 00:12:40  -  Run Remote Usage
		Usr 0 00:00:00, Sys 0 00:00:00  -  Run Local Usage
		Usr 0 00:38:19, Sys 0 00:12:40  -  Total Remote Usage
		Usr 0 00:00:00, Sys 0 00:00:00  -  Total Local Usage
	1595147  -  Run Bytes Sent By Job
	2782585605  -  Run Bytes Received By Job
	1595147  -  Total Bytes Sent By Job
	2782585605  -  Total Bytes Received By Job
	Partitionable Resources :      Usage  Request Allocated Assigned
	   Cpus                 :       1.39        1         1 
	   Disk (KB)            : 2730339    16777216  16777216 
	   GPUs                 :       0.86        1         1 "GPU-0c03ad29"
	   GpusMemory (MB)      :    6773                       
	   IoHeavy              :                             0 
	   Memory (MB)          :     957       16384     16384 
	   TimeExecute (s)      :    2264                       
	   TimeSlotBusy (s)     :    2278                       
...
