000 (8321903.026.000) 2026-06-26 09:00:08 Job submitted from host: <128.105.68.112:9618?addrs=128.105.68.112-9618+[2607-f388-2200-100-eaeb-d3ff-fea3-4202]-9618&alias=ap2001.chtc.wisc.edu&noUDP&sock=schedd_4071840_2329>
...
040 (8321903.026.000) 2026-06-26 09:05:35 Started transferring input files
	Transferring to host: <128.105.68.166:9618?addrs=128.105.68.166-9618+[2607-f388-2200-100-b62e-99ff-feb7-2e2d]-9618&alias=gpulab2001.chtc.wisc.edu&noUDP&sock=slot2_2_11113_dd1d_66996>
...
040 (8321903.026.000) 2026-06-26 09:06:13 Finished transferring input files
...
001 (8321903.026.000) 2026-06-26 09:06:13 Job executing on host: <128.105.68.166:9618?addrs=128.105.68.166-9618+[2607-f388-2200-100-b62e-99ff-feb7-2e2d]-9618&alias=gpulab2001.chtc.wisc.edu&noUDP&sock=startd_10083_ad84>
	SlotName: slot2_2@gpulab2001.chtc.wisc.edu
	AvailableGPUs = { GPUs_GPU_5498e439 }
	CondorScratchDir = "/var/lib/condor/execute/slot2/dir_3822263/scratch"
	Cpus = 1
	Disk = 16777216
	GPUs = 1
	GPUs_GPU_5498e439 = [ Id = "GPU-5498e439"; Capability = 7.5; DeviceName = "NVIDIA GeForce RTX 2080 Ti"; DeviceUuid = "5498e439-bec3-fa72-ed65-a45d5f53e1b5"; ECCEnabled = false; NvidiaDriver = "570.195.03"; DriverVersion = 12.8; DevicePciBusId = "0000:3E:00.0"; GlobalMemoryMb = 10823; MaxSupportedVersion = 12080 ]
	IoHeavy = 0
	Memory = 16384
...
006 (8321903.026.000) 2026-06-26 09:06:22 Image size of job updated: 318848
	312  -  MemoryUsage of job (MB)
	318848  -  ResidentSetSize of job (KB)
...
006 (8321903.026.000) 2026-06-26 09:11:23 Image size of job updated: 2651612
	2590  -  MemoryUsage of job (MB)
	2651612  -  ResidentSetSize of job (KB)
...
006 (8321903.026.000) 2026-06-26 09:16:23 Image size of job updated: 4216516
	3668  -  MemoryUsage of job (MB)
	3755532  -  ResidentSetSize of job (KB)
...
006 (8321903.026.000) 2026-06-26 09:21:24 Image size of job updated: 4289404
	4189  -  MemoryUsage of job (MB)
	4289404  -  ResidentSetSize of job (KB)
...
006 (8321903.026.000) 2026-06-26 09:26:25 Image size of job updated: 5290584
	5167  -  MemoryUsage of job (MB)
	5290584  -  ResidentSetSize of job (KB)
...
006 (8321903.026.000) 2026-06-26 09:31:25 Image size of job updated: 5670828
	5167  -  MemoryUsage of job (MB)
	5290584  -  ResidentSetSize of job (KB)
...
006 (8321903.026.000) 2026-06-26 09:41:27 Image size of job updated: 5670828
	5240  -  MemoryUsage of job (MB)
	5365316  -  ResidentSetSize of job (KB)
...
006 (8321903.026.000) 2026-06-26 09:46:27 Image size of job updated: 6263256
	6117  -  MemoryUsage of job (MB)
	6263256  -  ResidentSetSize of job (KB)
...
006 (8321903.026.000) 2026-06-26 09:51:28 Image size of job updated: 6340000
	6117  -  MemoryUsage of job (MB)
	6263256  -  ResidentSetSize of job (KB)
...
006 (8321903.026.000) 2026-06-26 10:01:28 Image size of job updated: 6459912
	6309  -  MemoryUsage of job (MB)
	6459912  -  ResidentSetSize of job (KB)
...
006 (8321903.026.000) 2026-06-26 10:06:15 Image size of job updated: 7244900
	6309  -  MemoryUsage of job (MB)
	6459912  -  ResidentSetSize of job (KB)
...
040 (8321903.026.000) 2026-06-26 10:06:15 Started transferring output files
...
040 (8321903.026.000) 2026-06-26 10:06:15 Finished transferring output files
...
004 (8321903.026.000) 2026-06-26 10:06:16 Job was evicted.
	(0) Job terminated and was requeued
		Usr 0 01:10:12, Sys 0 00:01:58  -  Run Remote Usage
		Usr 0 00:00:00, Sys 0 00:00:00  -  Run Local Usage
	110258  -  Run Bytes Sent By Job
	2784236224  -  Run Bytes Received By Job
	(1) Normal termination (return value 1)
	The job attribute OnExitRemove expression 'NumJobCompletions > JobMaxRetries || ExitCode =?= 0' evaluated to FALSE
...
040 (8321903.026.000) 2026-06-26 10:07:36 Started transferring input files
	Transferring to host: <128.104.103.47:9618?addrs=128.104.103.47-9618+[2607-f388-107c-501-a236-9fff-fe3c-f3a0]-9618&alias=ahlquist0000.chtc.wisc.edu&noUDP&sock=backfill1_8_3757498_0297_2491>
...
040 (8321903.026.000) 2026-06-26 10:08:12 Finished transferring input files
...
001 (8321903.026.000) 2026-06-26 10:08:12 Job executing on host: <128.104.103.47:9618?addrs=128.104.103.47-9618+[2607-f388-107c-501-a236-9fff-fe3c-f3a0]-9618&alias=ahlquist0000.chtc.wisc.edu&noUDP&sock=startd_9052_7f60>
	SlotName: backfill1_8@ahlquist0000.chtc.wisc.edu
	AvailableGPUs = { GPUs_GPU_ebcd15a8 }
	CondorScratchDir = "/var/lib/condor/execute/slot1/dir_87481/scratch"
	Cpus = 1
	Disk = 16777216
	GPUs = 1
	GPUs_GPU_ebcd15a8 = [ Id = "GPU-ebcd15a8"; Capability = 7.5; DeviceName = "NVIDIA GeForce RTX 2080 Ti"; DeviceUuid = "ebcd15a8-c497-a993-09c7-d0b925ffb95a"; ECCEnabled = false; NvidiaDriver = "550.54.14"; DriverVersion = 12.4; DevicePciBusId = "0000:1A:00.0"; GlobalMemoryMb = 11004; MaxSupportedVersion = 12040 ]
	IoHeavy = 0
	Memory = 16384
...
040 (8321903.026.000) 2026-06-26 11:19:02 Started transferring output files
...
040 (8321903.026.000) 2026-06-26 11:19:02 Finished transferring output files
...
004 (8321903.026.000) 2026-06-26 11:19:03 Job was evicted.
	(0) Job terminated and was requeued
		Usr 0 01:17:07, Sys 0 00:02:12  -  Run Remote Usage
		Usr 0 00:00:00, Sys 0 00:00:00  -  Run Local Usage
	110274  -  Run Bytes Sent By Job
	2784236224  -  Run Bytes Received By Job
	(1) Normal termination (return value 1)
	The job attribute OnExitRemove expression 'NumJobCompletions > JobMaxRetries || ExitCode =?= 0' evaluated to FALSE
...
040 (8321903.026.000) 2026-06-26 11:23:45 Started transferring input files
	Transferring to host: <128.104.100.118:9618?addrs=128.104.100.118-9618+[2607-f388-107c-501-26d-aeff-fe1f-6b20]-9618&alias=jcaicedogpu0004.chtc.wisc.edu&noUDP&sock=backfill1_6_4107613_b354_116171>
...
040 (8321903.026.000) 2026-06-26 11:23:58 Finished transferring input files
...
001 (8321903.026.000) 2026-06-26 11:23:58 Job executing on host: <128.104.100.118:9618?addrs=128.104.100.118-9618+[2607-f388-107c-501-26d-aeff-fe1f-6b20]-9618&alias=jcaicedogpu0004.chtc.wisc.edu&noUDP&sock=startd_10858_436a>
	SlotName: backfill1_6@jcaicedogpu0004.chtc.wisc.edu
	AvailableGPUs = { GPUs_GPU_15ef4041 }
	CondorScratchDir = "/var/lib/condor/execute/slot1/dir_3486870/scratch"
	Cpus = 1
	Disk = 16777216
	GPUs = 1
	GPUs_GPU_15ef4041 = [ Id = "GPU-15ef4041"; Capability = 8.9; DeviceName = "NVIDIA L40S"; DeviceUuid = "15ef4041-a338-d8b1-af1c-286c00948d22"; ECCEnabled = true; NvidiaDriver = "570.195.03"; DriverVersion = 12.8; DevicePciBusId = "0000:21:00.0"; GlobalMemoryMb = 45468; MaxSupportedVersion = 12080 ]
	IoHeavy = 0
	Memory = 16384
...
040 (8321903.026.000) 2026-06-26 11:52:07 Started transferring output files
...
040 (8321903.026.000) 2026-06-26 11:52:07 Finished transferring output files
...
004 (8321903.026.000) 2026-06-26 11:52:08 Job was evicted.
	(0) Job terminated and was requeued
		Usr 0 00:36:58, Sys 0 00:01:54  -  Run Remote Usage
		Usr 0 00:00:00, Sys 0 00:00:00  -  Run Local Usage
	110283  -  Run Bytes Sent By Job
	2784236224  -  Run Bytes Received By Job
	(1) Normal termination (return value 1)
	The job attribute OnExitRemove expression 'NumJobCompletions > JobMaxRetries || ExitCode =?= 0' evaluated to FALSE
...
040 (8321903.026.000) 2026-06-26 11:54:04 Started transferring input files
	Transferring to host: <128.105.68.16:9618?addrs=128.105.68.16-9618+[2607-f388-2200-100-3eec-efff-fe0c-5412]-9618&alias=coba2000.chtc.wisc.edu&noUDP&sock=backfill1_3_1747599_5733_90944>
...
040 (8321903.026.000) 2026-06-26 11:54:21 Finished transferring input files
...
001 (8321903.026.000) 2026-06-26 11:54:21 Job executing on host: <128.105.68.16:9618?addrs=128.105.68.16-9618+[2607-f388-2200-100-3eec-efff-fe0c-5412]-9618&alias=coba2000.chtc.wisc.edu&noUDP&sock=startd_11607_03da>
	SlotName: backfill1_3@coba2000.chtc.wisc.edu
	AvailableGPUs = { GPUs_GPU_ee7237b4 }
	CondorScratchDir = "/var/lib/condor/execute/slot1/dir_3495046/scratch"
	Cpus = 1
	Disk = 16777216
	GPUs = 1
	GPUs_GPU_ee7237b4 = [ Id = "GPU-ee7237b4"; Capability = 8.0; DeviceName = "NVIDIA A100-SXM4-40GB"; DeviceUuid = "ee7237b4-7e82-64c1-4693-db39b705ecfa"; ECCEnabled = true; NvidiaDriver = "570.195.03"; DriverVersion = 12.8; DevicePciBusId = "0000:41:00.0"; GlobalMemoryMb = 40442; MaxSupportedVersion = 12080 ]
	IoHeavy = 0
	Memory = 16384
...
023 (8321903.026.000) 2026-06-26 12:07:35 Job reconnected to backfill1_3@coba2000.chtc.wisc.edu
    startd address: <128.105.68.16:9618?addrs=128.105.68.16-9618+[2607-f388-2200-100-3eec-efff-fe0c-5412]-9618&alias=coba2000.chtc.wisc.edu&noUDP&sock=startd_11607_03da>
    starter address: <128.105.68.16:9618?addrs=128.105.68.16-9618+[2607-f388-2200-100-3eec-efff-fe0c-5412]-9618&alias=coba2000.chtc.wisc.edu&noUDP&sock=backfill1_3_1747599_5733_90944>
...
004 (8321903.026.000) 2026-06-26 12:40:46 Job was evicted.
	(0) Job terminated and was requeued
		Usr 0 00:53:50, Sys 0 00:02:32  -  Run Remote Usage
		Usr 0 00:00:00, Sys 0 00:00:00  -  Run Local Usage
	110242  -  Run Bytes Sent By Job
	0  -  Run Bytes Received By Job
	(1) Normal termination (return value 1)
	The job attribute OnExitRemove expression 'NumJobCompletions > JobMaxRetries || ExitCode =?= 0' evaluated to FALSE
...
040 (8321903.026.000) 2026-06-26 12:40:53 Started transferring input files
	Transferring to host: <128.105.68.117:9618?addrs=128.105.68.117-9618+[2607-f388-2200-100-7ec2-55ff-fe9a-b4fa]-9618&alias=gpu4000.chtc.wisc.edu&noUDP&sock=slot2_6_2233479_c161_734>
...
040 (8321903.026.000) 2026-06-26 12:41:08 Finished transferring input files
...
001 (8321903.026.000) 2026-06-26 12:41:08 Job executing on host: <128.105.68.117:9618?addrs=128.105.68.117-9618+[2607-f388-2200-100-7ec2-55ff-fe9a-b4fa]-9618&alias=gpu4000.chtc.wisc.edu&noUDP&sock=startd_674379_7ae3>
	SlotName: slot2_6@gpu4000.chtc.wisc.edu
	AvailableGPUs = { GPUs_GPU_446491ee }
	CondorScratchDir = "/var/lib/condor/execute/slot2/dir_42553/scratch"
	Cpus = 1
	Disk = 16777216
	GPUs = 1
	GPUs_GPU_446491ee = [ Id = "GPU-446491ee"; Capability = 8.9; DeviceName = "NVIDIA L40"; DeviceUuid = "446491ee-8bae-af13-9de2-63ba0ff9b62e"; ECCEnabled = true; NvidiaDriver = "570.195.03"; DriverVersion = 12.8; DevicePciBusId = "0000:CE:00.0"; GlobalMemoryMb = 45468; MaxSupportedVersion = 12080 ]
	IoHeavy = 0
	Memory = 16384
...
040 (8321903.026.000) 2026-06-26 13:22:42 Started transferring output files
...
040 (8321903.026.000) 2026-06-26 13:22:42 Finished transferring output files
...
004 (8321903.026.000) 2026-06-26 13:22:42 Job was evicted.
	(0) Job terminated and was requeued
		Usr 0 01:19:16, Sys 0 00:02:39  -  Run Remote Usage
		Usr 0 00:00:00, Sys 0 00:00:00  -  Run Local Usage
	110251  -  Run Bytes Sent By Job
	2784236224  -  Run Bytes Received By Job
	(1) Normal termination (return value 1)
	The job attribute OnExitRemove expression 'NumJobCompletions > JobMaxRetries || ExitCode =?= 0' evaluated to FALSE
...
040 (8321903.026.000) 2026-06-26 13:22:50 Started transferring input files
	Transferring to host: <128.105.68.117:9618?addrs=128.105.68.117-9618+[2607-f388-2200-100-7ec2-55ff-fe9a-b4fa]-9618&alias=gpu4000.chtc.wisc.edu&noUDP&sock=slot2_6_2233479_c161_863>
...
040 (8321903.026.000) 2026-06-26 13:23:05 Finished transferring input files
...
001 (8321903.026.000) 2026-06-26 13:23:05 Job executing on host: <128.105.68.117:9618?addrs=128.105.68.117-9618+[2607-f388-2200-100-7ec2-55ff-fe9a-b4fa]-9618&alias=gpu4000.chtc.wisc.edu&noUDP&sock=startd_674379_7ae3>
	SlotName: slot2_6@gpu4000.chtc.wisc.edu
	AvailableGPUs = { GPUs_GPU_446491ee }
	CondorScratchDir = "/var/lib/condor/execute/slot2/dir_211121/scratch"
	Cpus = 1
	Disk = 16777216
	GPUs = 1
	GPUs_GPU_446491ee = [ Id = "GPU-446491ee"; Capability = 8.9; DeviceName = "NVIDIA L40"; DeviceUuid = "446491ee-8bae-af13-9de2-63ba0ff9b62e"; ECCEnabled = true; NvidiaDriver = "570.195.03"; DriverVersion = 12.8; DevicePciBusId = "0000:CE:00.0"; GlobalMemoryMb = 45468; MaxSupportedVersion = 12080 ]
	IoHeavy = 0
	Memory = 16384
...
040 (8321903.026.000) 2026-06-26 14:04:08 Started transferring output files
...
040 (8321903.026.000) 2026-06-26 14:04:08 Finished transferring output files
...
004 (8321903.026.000) 2026-06-26 14:04:09 Job was evicted.
	(0) Job terminated and was requeued
		Usr 0 00:42:46, Sys 0 00:01:00  -  Run Remote Usage
		Usr 0 00:00:00, Sys 0 00:00:00  -  Run Local Usage
	110248  -  Run Bytes Sent By Job
	2784236224  -  Run Bytes Received By Job
	(1) Normal termination (return value 1)
	The job attribute OnExitRemove expression 'NumJobCompletions > JobMaxRetries || ExitCode =?= 0' evaluated to FALSE
...
040 (8321903.026.000) 2026-06-26 14:05:42 Started transferring input files
	Transferring to host: <10.226.104.214:33861?CCBID=128.105.82.148:9618%3faddrs%3d128.105.82.148-9618+[2607-f388-2200-9d-7ccb-bc08-2489-7689]-9618%26alias%3dospool-ccb.osg.chtc.io%26noUDP%26sock%3dcollector10#5058956%2067.58.49.91:9618%3faddrs%3d67.58.49.91-9618+[fdf0-17b3-c3ec-1f79-10-0-5-5b18]-9618%26alias%3dccb-2.ospool.osg-htc.org%26noUDP%26sock%3dcollector8#5058174&PrivNet=gpu014.rci.montana.edu&addrs=10.226.104.214-33861&alias=gpu014.rci.montana.edu&noUDP>
...
040 (8321903.026.000) 2026-06-26 14:07:37 Finished transferring input files
...
021 (8321903.026.000) 2026-06-26 14:07:38 Message from starter on slot1_1@glidein_1208228_517958145@gpu014.rci.montana.edu:
	PREPARE_JOB (prepare-hook) succeeded (reported status 000): Using Singularity image openfe_1.11.1.sif
...
001 (8321903.026.000) 2026-06-26 14:07:38 Job executing on host: <10.226.104.214:33849?CCBID=128.105.82.148:9618%3faddrs%3d128.105.82.148-9618+[2607-f388-2200-9d-7ccb-bc08-2489-7689]-9618%26alias%3dospool-ccb.osg.chtc.io%26noUDP%26sock%3dcollector4#4713024%2067.58.49.91:9618%3faddrs%3d67.58.49.91-9618+[fdf0-17b3-c3ec-1f79-10-0-5-5b18]-9618%26alias%3dccb-2.ospool.osg-htc.org%26noUDP%26sock%3dcollector8#4709435&PrivNet=gpu014.rci.montana.edu&addrs=10.226.104.214-33849&alias=gpu014.rci.montana.edu&noUDP>
	SlotName: slot1_1@glidein_1208228_517958145@gpu014.rci.montana.edu
	AvailableGPUs = { GPUs_GPU_7f7e6323 }
	CondorScratchDir = "/tmp/jobs/4122196/glide_9X97zg/execute/dir_1049166/scratch"
	Cpus = 1
	Disk = 16777216
	GPUs = 1
	GPUs_GPU_7f7e6323 = [ Id = "GPU-7f7e6323"; ClockMhz = 1410.0; Capability = 8.0; CoresPerCU = 64; DeviceName = "NVIDIA A100-SXM4-40GB"; DeviceUuid = "7f7e6323-8156-b33d-2f9c-2850ce01a4d8"; ECCEnabled = true; ComputeUnits = 108; NvidiaDriver = "595.71.05"; DriverVersion = 13.2; DevicePciBusId = "0000:01:00.0"; GlobalMemoryMb = 40441; MaxSupportedVersion = 13020 ]
	Memory = 16384
...
006 (8321903.026.000) 2026-06-26 14:12:47 Image size of job updated: 17727392
	7325  -  MemoryUsage of job (MB)
	7500000  -  ResidentSetSize of job (KB)
...
006 (8321903.026.000) 2026-06-26 14:17:48 Image size of job updated: 37945508
	7325  -  MemoryUsage of job (MB)
	7500000  -  ResidentSetSize of job (KB)
...
006 (8321903.026.000) 2026-06-26 14:22:48 Image size of job updated: 41602576
	7325  -  MemoryUsage of job (MB)
	7500000  -  ResidentSetSize of job (KB)
...
006 (8321903.026.000) 2026-06-26 14:27:49 Image size of job updated: 48160144
	7325  -  MemoryUsage of job (MB)
	7500000  -  ResidentSetSize of job (KB)
...
006 (8321903.026.000) 2026-06-26 14:47:52 Image size of job updated: 48911704
	8042  -  MemoryUsage of job (MB)
	8234180  -  ResidentSetSize of job (KB)
...
006 (8321903.026.000) 2026-06-26 14:52:53 Image size of job updated: 48985040
	8042  -  MemoryUsage of job (MB)
	8234180  -  ResidentSetSize of job (KB)
...
006 (8321903.026.000) 2026-06-26 15:02:54 Image size of job updated: 49664660
	8797  -  MemoryUsage of job (MB)
	9008108  -  ResidentSetSize of job (KB)
...
040 (8321903.026.000) 2026-06-26 15:04:33 Started transferring output files
...
040 (8321903.026.000) 2026-06-26 15:04:33 Finished transferring output files
...
004 (8321903.026.000) 2026-06-26 15:04:34 Job was evicted.
	(0) Job terminated and was requeued
		Usr 0 01:01:24, Sys 0 00:01:59  -  Run Remote Usage
		Usr 0 00:00:00, Sys 0 00:00:00  -  Run Local Usage
	108824  -  Run Bytes Sent By Job
	2784236224  -  Run Bytes Received By Job
	(1) Normal termination (return value 1)
	The job attribute OnExitRemove expression 'NumJobCompletions > JobMaxRetries || ExitCode =?= 0' evaluated to FALSE
...
040 (8321903.026.000) 2026-06-26 15:05:14 Started transferring input files
	Transferring to host: <128.104.100.17:9618?addrs=128.104.100.17-9618+[2607-f388-107c-501-527c-6fff-fe66-e9bc]-9618&alias=jcaicedogpu0002.chtc.wisc.edu&noUDP&sock=backfill1_4_3195584_c394_351>
...
040 (8321903.026.000) 2026-06-26 15:05:31 Finished transferring input files
...
001 (8321903.026.000) 2026-06-26 15:05:31 Job executing on host: <128.104.100.17:9618?addrs=128.104.100.17-9618+[2607-f388-107c-501-527c-6fff-fe66-e9bc]-9618&alias=jcaicedogpu0002.chtc.wisc.edu&noUDP&sock=startd_11788_2a7e>
	SlotName: backfill1_4@jcaicedogpu0002.chtc.wisc.edu
	AvailableGPUs = { GPUs_GPU_8f76f793 }
	CondorScratchDir = "/var/lib/condor/execute/slot1/dir_4033780/scratch"
	Cpus = 1
	Disk = 16777216
	GPUs = 1
	GPUs_GPU_8f76f793 = [ Id = "GPU-8f76f793"; Capability = 8.9; DeviceName = "NVIDIA L40S"; DeviceUuid = "8f76f793-fe24-bbe0-a0d4-3da8c1a9cb72"; ECCEnabled = true; NvidiaDriver = "570.195.03"; DriverVersion = 12.8; DevicePciBusId = "0000:99:00.0"; GlobalMemoryMb = 45468; MaxSupportedVersion = 12080 ]
	IoHeavy = 0
	Memory = 16384
...
040 (8321903.026.000) 2026-06-26 15:36:42 Started transferring output files
...
040 (8321903.026.000) 2026-06-26 15:36:42 Finished transferring output files
...
004 (8321903.026.000) 2026-06-26 15:36:42 Job was evicted.
	(0) Job terminated and was requeued
		Usr 0 00:37:21, Sys 0 00:01:10  -  Run Remote Usage
		Usr 0 00:00:00, Sys 0 00:00:00  -  Run Local Usage
	110277  -  Run Bytes Sent By Job
	2784236224  -  Run Bytes Received By Job
	(1) Normal termination (return value 1)
	The job attribute OnExitRemove expression 'NumJobCompletions > JobMaxRetries || ExitCode =?= 0' evaluated to FALSE
...
040 (8321903.026.000) 2026-06-26 15:38:19 Started transferring input files
	Transferring to host: <10.1.1.138:33397?CCBID=128.105.82.148:9618%3faddrs%3d128.105.82.148-9618+[2607-f388-2200-9d-7ccb-bc08-2489-7689]-9618%26alias%3dospool-ccb.osg.chtc.io%26noUDP%26sock%3dcollector10#5075249%2067.58.49.91:9618%3faddrs%3d67.58.49.91-9618+[fdf0-17b3-c3ec-1f79-10-0-5-5b18]-9618%26alias%3dccb-2.ospool.osg-htc.org%26noUDP%26sock%3dcollector8#5074060&PrivNet=gpu08&addrs=10.1.1.138-33397&alias=gpu08&noUDP>
...
040 (8321903.026.000) 2026-06-26 15:39:22 Finished transferring input files
...
021 (8321903.026.000) 2026-06-26 15:39:23 Message from starter on slot1_4@glidein_2337870_491908820@gpu08:
	PREPARE_JOB (prepare-hook) succeeded (reported status 000): Using Singularity image openfe_1.11.1.sif
...
001 (8321903.026.000) 2026-06-26 15:39:23 Job executing on host: <10.1.1.138:46689?CCBID=128.105.82.148:9618%3faddrs%3d128.105.82.148-9618+[2607-f388-2200-9d-7ccb-bc08-2489-7689]-9618%26alias%3dospool-ccb.osg.chtc.io%26noUDP%26sock%3dcollector8#5026819%2067.58.49.91:9618%3faddrs%3d67.58.49.91-9618+[fdf0-17b3-c3ec-1f79-10-0-5-5b18]-9618%26alias%3dccb-2.ospool.osg-htc.org%26noUDP%26sock%3dcollector6#5019710&PrivNet=gpu08&addrs=10.1.1.138-46689&alias=gpu08&noUDP>
	SlotName: slot1_4@glidein_2337870_491908820@gpu08
	AvailableGPUs = { GPUs_GPU_d03d13d4 }
	CondorScratchDir = "/tmp/glide_pzOVmy/execute/dir_2692614/scratch"
	Cpus = 1
	Disk = 16777216
	GPUs = 1
	GPUs_GPU_d03d13d4 = [ Id = "GPU-d03d13d4"; ClockMhz = 1695.0; Capability = 8.6; CoresPerCU = 128; DeviceName = "NVIDIA RTX A5000"; DeviceUuid = "d03d13d4-e70a-462f-43c9-055c86801d17"; ECCEnabled = false; ComputeUnits = 64; NvidiaDriver = "610.43.02"; DriverVersion = 13.3; DevicePciBusId = "0000:C1:00.0"; GlobalMemoryMb = 24361; MaxSupportedVersion = 13030 ]
	Memory = 16384
...
040 (8321903.026.000) 2026-06-26 16:47:25 Started transferring output files
...
040 (8321903.026.000) 2026-06-26 16:47:25 Finished transferring output files
...
004 (8321903.026.000) 2026-06-26 16:47:26 Job was evicted.
	(0) Job terminated and was requeued
		Usr 0 01:18:40, Sys 0 00:00:47  -  Run Remote Usage
		Usr 0 00:00:00, Sys 0 00:00:00  -  Run Local Usage
	110001  -  Run Bytes Sent By Job
	2784236224  -  Run Bytes Received By Job
	(1) Normal termination (return value 1)
	The job attribute OnExitRemove expression 'NumJobCompletions > JobMaxRetries || ExitCode =?= 0' evaluated to FALSE
...
040 (8321903.026.000) 2026-06-26 16:47:35 Started transferring input files
	Transferring to host: <10.1.1.131:44763?CCBID=128.105.82.148:9618%3faddrs%3d128.105.82.148-9618+[2607-f388-2200-9d-7ccb-bc08-2489-7689]-9618%26alias%3dospool-ccb.osg.chtc.io%26noUDP%26sock%3dcollector6#5092298%2067.58.49.91:9618%3faddrs%3d67.58.49.91-9618+[fdf0-17b3-c3ec-1f79-10-0-5-5b18]-9618%26alias%3dccb-2.ospool.osg-htc.org%26noUDP%26sock%3dcollector8#5084570&PrivNet=gpu01&addrs=10.1.1.131-44763&alias=gpu01&noUDP>
...
040 (8321903.026.000) 2026-06-26 16:48:00 Finished transferring input files
...
021 (8321903.026.000) 2026-06-26 16:48:00 Message from starter on slot1_2@glidein_1087242_75992161@gpu01:
	PREPARE_JOB (prepare-hook) succeeded (reported status 000): Using Singularity image openfe_1.11.1.sif
...
001 (8321903.026.000) 2026-06-26 16:48:00 Job executing on host: <10.1.1.131:35283?CCBID=128.105.82.148:9618%3faddrs%3d128.105.82.148-9618+[2607-f388-2200-9d-7ccb-bc08-2489-7689]-9618%26alias%3dospool-ccb.osg.chtc.io%26noUDP%26sock%3dcollector3#4932054%2067.58.49.91:9618%3faddrs%3d67.58.49.91-9618+[fdf0-17b3-c3ec-1f79-10-0-5-5b18]-9618%26alias%3dccb-2.ospool.osg-htc.org%26noUDP%26sock%3dcollector9#4923805&PrivNet=gpu01&addrs=10.1.1.131-35283&alias=gpu01&noUDP>
	SlotName: slot1_2@glidein_1087242_75992161@gpu01
	AvailableGPUs = { GPUs_GPU_02db32e2 }
	CondorScratchDir = "/tmp/glide_buTfnt/execute/dir_2378334/scratch"
	Cpus = 1
	Disk = 16777216
	GPUs = 1
	GPUs_GPU_02db32e2 = [ Id = "GPU-02db32e2"; ClockMhz = 1740.0; Capability = 8.6; CoresPerCU = 128; DeviceName = "NVIDIA A40"; DeviceUuid = "02db32e2-6812-c3b7-dc5c-fb78562c6325"; ECCEnabled = true; ComputeUnits = 84; NvidiaDriver = "595.71.05"; DriverVersion = 13.2; DevicePciBusId = "0000:41:00.0"; GlobalMemoryMb = 45739; MaxSupportedVersion = 13020 ]
	Memory = 16384
...
040 (8321903.026.000) 2026-06-26 17:52:26 Started transferring output files
...
040 (8321903.026.000) 2026-06-26 17:52:26 Finished transferring output files
...
004 (8321903.026.000) 2026-06-26 17:52:28 Job was evicted.
	(0) Job terminated and was requeued
		Usr 0 01:13:33, Sys 0 00:00:48  -  Run Remote Usage
		Usr 0 00:00:00, Sys 0 00:00:00  -  Run Local Usage
	109897  -  Run Bytes Sent By Job
	2784236224  -  Run Bytes Received By Job
	(1) Normal termination (return value 1)
	The job attribute OnExitRemove expression 'NumJobCompletions > JobMaxRetries || ExitCode =?= 0' evaluated to FALSE
...
040 (8321903.026.000) 2026-06-26 17:52:39 Started transferring input files
	Transferring to host: <128.104.100.17:9618?addrs=128.104.100.17-9618+[2607-f388-107c-501-527c-6fff-fe66-e9bc]-9618&alias=jcaicedogpu0002.chtc.wisc.edu&noUDP&sock=backfill1_4_3195584_c394_702>
...
040 (8321903.026.000) 2026-06-26 17:52:57 Finished transferring input files
...
001 (8321903.026.000) 2026-06-26 17:52:57 Job executing on host: <128.104.100.17:9618?addrs=128.104.100.17-9618+[2607-f388-107c-501-527c-6fff-fe66-e9bc]-9618&alias=jcaicedogpu0002.chtc.wisc.edu&noUDP&sock=startd_11788_2a7e>
	SlotName: backfill1_4@jcaicedogpu0002.chtc.wisc.edu
	AvailableGPUs = { GPUs_GPU_8f76f793 }
	CondorScratchDir = "/var/lib/condor/execute/slot1/dir_69878/scratch"
	Cpus = 1
	Disk = 16777216
	GPUs = 1
	GPUs_GPU_8f76f793 = [ Id = "GPU-8f76f793"; Capability = 8.9; DeviceName = "NVIDIA L40S"; DeviceUuid = "8f76f793-fe24-bbe0-a0d4-3da8c1a9cb72"; ECCEnabled = true; NvidiaDriver = "570.195.03"; DriverVersion = 12.8; DevicePciBusId = "0000:99:00.0"; GlobalMemoryMb = 45468; MaxSupportedVersion = 12080 ]
	IoHeavy = 0
	Memory = 16384
...
040 (8321903.026.000) 2026-06-26 18:27:01 Started transferring output files
...
040 (8321903.026.000) 2026-06-26 18:27:01 Finished transferring output files
...
005 (8321903.026.000) 2026-06-26 18:27:02 Job terminated.
	(1) Normal termination (return value 1)
		Usr 0 00:48:45, Sys 0 00:01:47  -  Run Remote Usage
		Usr 0 00:00:00, Sys 0 00:00:00  -  Run Local Usage
		Usr 0 10:59:52, Sys 0 00:18:46  -  Total Remote Usage
		Usr 0 00:00:00, Sys 0 00:00:00  -  Total Local Usage
	110289  -  Run Bytes Sent By Job
	2784236224  -  Run Bytes Received By Job
	1210844  -  Total Bytes Sent By Job
	30626598464  -  Total Bytes Received By Job
	Partitionable Resources :      Usage  Request Allocated Assigned
	   Cpus                 :       1.00        1         1 
	   Disk (KB)            : 3261041    16777216  16777216 
	   GPUs                 :       0.16        1         1 "GPU-8f76f793"
	   GpusMemory (MB)      :    8487                       
	   IoHeavy              :                             0 
	   Memory (MB)          :    9766       16384     16384 
	   TimeExecute (s)      :    2044                       
	   TimeSlotBusy (s)     :    2062                       
...
