000 (8017966.572.000) 2026-06-20 22:07:54 Job submitted from host: <128.105.68.112:9618?addrs=128.105.68.112-9618+[2607-f388-2200-100-eaeb-d3ff-fea3-4202]-9618&alias=ap2001.chtc.wisc.edu&noUDP&sock=schedd_4071840_2329>
...
040 (8017966.572.000) 2026-06-21 03:04:00 Started transferring input files
	Transferring to host: <128.105.68.168:9618?addrs=128.105.68.168-9618+[2607-f388-2200-100-b62e-99ff-feb7-2dcb]-9618&alias=gpulab2003.chtc.wisc.edu&noUDP&sock=slot2_4_11172_6f3f_5135>
...
040 (8017966.572.000) 2026-06-21 03:04:19 Finished transferring input files
...
001 (8017966.572.000) 2026-06-21 03:04:19 Job executing on host: <128.105.68.168:9618?addrs=128.105.68.168-9618+[2607-f388-2200-100-b62e-99ff-feb7-2dcb]-9618&alias=gpulab2003.chtc.wisc.edu&noUDP&sock=startd_10155_1056>
	SlotName: slot2_4@gpulab2003.chtc.wisc.edu
	AvailableGPUs = { GPUs_GPU_61902b82 }
	CondorScratchDir = "/var/lib/condor/execute/slot2/dir_23460/scratch"
	Cpus = 1
	Disk = 16777216
	GPUs = 1
	GPUs_GPU_61902b82 = [ Id = "GPU-61902b82"; Capability = 7.5; DeviceName = "NVIDIA GeForce RTX 2080 Ti"; DeviceUuid = "61902b82-cedb-e4be-d010-bca8829ec79b"; ECCEnabled = false; NvidiaDriver = "570.195.03"; DriverVersion = 12.8; DevicePciBusId = "0000:B2:00.0"; GlobalMemoryMb = 10823; MaxSupportedVersion = 12080 ]
	IoHeavy = 0
	Memory = 16384
...
006 (8017966.572.000) 2026-06-21 03:04:28 Image size of job updated: 655704
	641  -  MemoryUsage of job (MB)
	655704  -  ResidentSetSize of job (KB)
...
006 (8017966.572.000) 2026-06-21 03:05:21 Image size of job updated: 1233340
	641  -  MemoryUsage of job (MB)
	655720  -  ResidentSetSize of job (KB)
...
040 (8017966.572.000) 2026-06-21 03:05:21 Started transferring output files
...
040 (8017966.572.000) 2026-06-21 03:05:21 Finished transferring output files
...
004 (8017966.572.000) 2026-06-21 03:05:22 Job was evicted.
	(0) Job terminated and was requeued
		Usr 0 00:00:59, Sys 0 00:00:02  -  Run Remote Usage
		Usr 0 00:00:00, Sys 0 00:00:00  -  Run Local Usage
	2191285  -  Run Bytes Sent By Job
	2782488152  -  Run Bytes Received By Job
	(1) Normal termination (return value 1)
	The job attribute OnExitRemove expression 'NumJobCompletions > JobMaxRetries || ExitCode =?= 0' evaluated to FALSE
...
040 (8017966.572.000) 2026-06-21 03:06:42 Started transferring input files
	Transferring to host: <128.104.100.117:9618?addrs=128.104.100.117-9618+[2607-f388-107c-501-8ae9-a4ff-fe02-e150]-9618&alias=jcaicedogpu0003.chtc.wisc.edu&noUDP&sock=backfill1_4_1586877_26eb_99524>
...
040 (8017966.572.000) 2026-06-21 03:06:52 Finished transferring input files
...
001 (8017966.572.000) 2026-06-21 03:06:53 Job executing on host: <128.104.100.117:9618?addrs=128.104.100.117-9618+[2607-f388-107c-501-8ae9-a4ff-fe02-e150]-9618&alias=jcaicedogpu0003.chtc.wisc.edu&noUDP&sock=startd_10874_3cee>
	SlotName: backfill1_4@jcaicedogpu0003.chtc.wisc.edu
	AvailableGPUs = { GPUs_GPU_76cc646a }
	CondorScratchDir = "/var/lib/condor/execute/slot1/dir_2699998/scratch"
	Cpus = 1
	Disk = 16777216
	GPUs = 1
	GPUs_GPU_76cc646a = [ Id = "GPU-76cc646a"; Capability = 8.9; DeviceName = "NVIDIA L40S"; DeviceUuid = "76cc646a-6e10-456c-030d-1a031e9ea6d0"; ECCEnabled = true; NvidiaDriver = "570.195.03"; DriverVersion = 12.8; DevicePciBusId = "0000:01:00.0"; GlobalMemoryMb = 45468; MaxSupportedVersion = 12080 ]
	IoHeavy = 0
	Memory = 16384
...
040 (8017966.572.000) 2026-06-21 03:06:56 Started transferring output files
...
040 (8017966.572.000) 2026-06-21 03:06:57 Finished transferring output files
...
004 (8017966.572.000) 2026-06-21 03:06:58 Job was evicted.
	(0) Job terminated and was requeued
		Usr 0 00:00:01, Sys 0 00:00:00  -  Run Remote Usage
		Usr 0 00:00:00, Sys 0 00:00:00  -  Run Local Usage
	2186165  -  Run Bytes Sent By Job
	2784673809  -  Run Bytes Received By Job
	(1) Normal termination (return value 2)
	The job attribute OnExitRemove expression 'NumJobCompletions > JobMaxRetries || ExitCode =?= 0' evaluated to FALSE
...
040 (8017966.572.000) 2026-06-21 03:07:05 Started transferring input files
	Transferring to host: <128.105.68.166:9618?addrs=128.105.68.166-9618+[2607-f388-2200-100-b62e-99ff-feb7-2e2d]-9618&alias=gpulab2001.chtc.wisc.edu&noUDP&sock=slot2_5_11113_dd1d_52446>
...
040 (8017966.572.000) 2026-06-21 03:07:21 Finished transferring input files
...
001 (8017966.572.000) 2026-06-21 03:07:21 Job executing on host: <128.105.68.166:9618?addrs=128.105.68.166-9618+[2607-f388-2200-100-b62e-99ff-feb7-2e2d]-9618&alias=gpulab2001.chtc.wisc.edu&noUDP&sock=startd_10083_ad84>
	SlotName: slot2_5@gpulab2001.chtc.wisc.edu
	AvailableGPUs = { GPUs_GPU_de7b89bb }
	CondorScratchDir = "/var/lib/condor/execute/slot2/dir_913464/scratch"
	Cpus = 1
	Disk = 16777216
	GPUs = 1
	GPUs_GPU_de7b89bb = [ Id = "GPU-de7b89bb"; Capability = 7.5; DeviceName = "NVIDIA GeForce RTX 2080 Ti"; DeviceUuid = "de7b89bb-11e2-d8b1-1b92-c9ab2f9f87e3"; ECCEnabled = false; NvidiaDriver = "570.195.03"; DriverVersion = 12.8; DevicePciBusId = "0000:DA:00.0"; GlobalMemoryMb = 10823; MaxSupportedVersion = 12080 ]
	IoHeavy = 0
	Memory = 16384
...
040 (8017966.572.000) 2026-06-21 03:07:25 Started transferring output files
...
040 (8017966.572.000) 2026-06-21 03:07:25 Finished transferring output files
...
004 (8017966.572.000) 2026-06-21 03:07:25 Job was evicted.
	(0) Job terminated and was requeued
		Usr 0 00:00:02, Sys 0 00:00:00  -  Run Remote Usage
		Usr 0 00:00:00, Sys 0 00:00:00  -  Run Local Usage
	2186160  -  Run Bytes Sent By Job
	2784673809  -  Run Bytes Received By Job
	(1) Normal termination (return value 2)
	The job attribute OnExitRemove expression 'NumJobCompletions > JobMaxRetries || ExitCode =?= 0' evaluated to FALSE
...
040 (8017966.572.000) 2026-06-21 03:07:47 Started transferring input files
	Transferring to host: <128.105.68.168:9618?addrs=128.105.68.168-9618+[2607-f388-2200-100-b62e-99ff-feb7-2dcb]-9618&alias=gpulab2003.chtc.wisc.edu&noUDP&sock=slot2_1_11172_6f3f_5152>
...
040 (8017966.572.000) 2026-06-21 03:08:07 Finished transferring input files
...
001 (8017966.572.000) 2026-06-21 03:08:07 Job executing on host: <128.105.68.168:9618?addrs=128.105.68.168-9618+[2607-f388-2200-100-b62e-99ff-feb7-2dcb]-9618&alias=gpulab2003.chtc.wisc.edu&noUDP&sock=startd_10155_1056>
	SlotName: slot2_1@gpulab2003.chtc.wisc.edu
	AvailableGPUs = { GPUs_GPU_eb157808 }
	CondorScratchDir = "/var/lib/condor/execute/slot2/dir_37213/scratch"
	Cpus = 1
	Disk = 16777216
	GPUs = 1
	GPUs_GPU_eb157808 = [ Id = "GPU-eb157808"; Capability = 7.5; DeviceName = "NVIDIA GeForce RTX 2080 Ti"; DeviceUuid = "eb157808-e649-bc5b-f914-65edf583a978"; ECCEnabled = false; NvidiaDriver = "570.195.03"; DriverVersion = 12.8; DevicePciBusId = "0000:3D:00.0"; GlobalMemoryMb = 10823; MaxSupportedVersion = 12080 ]
	IoHeavy = 0
	Memory = 16384
...
040 (8017966.572.000) 2026-06-21 03:08:11 Started transferring output files
...
040 (8017966.572.000) 2026-06-21 03:08:11 Finished transferring output files
...
004 (8017966.572.000) 2026-06-21 03:08:11 Job was evicted.
	(0) Job terminated and was requeued
		Usr 0 00:00:02, Sys 0 00:00:00  -  Run Remote Usage
		Usr 0 00:00:00, Sys 0 00:00:00  -  Run Local Usage
	2186160  -  Run Bytes Sent By Job
	2784673809  -  Run Bytes Received By Job
	(1) Normal termination (return value 2)
	The job attribute OnExitRemove expression 'NumJobCompletions > JobMaxRetries || ExitCode =?= 0' evaluated to FALSE
...
040 (8017966.572.000) 2026-06-21 03:08:27 Started transferring input files
	Transferring to host: <128.105.68.168:9618?addrs=128.105.68.168-9618+[2607-f388-2200-100-b62e-99ff-feb7-2dcb]-9618&alias=gpulab2003.chtc.wisc.edu&noUDP&sock=slot2_5_11172_6f3f_5170>
...
040 (8017966.572.000) 2026-06-21 03:08:51 Finished transferring input files
...
001 (8017966.572.000) 2026-06-21 03:08:51 Job executing on host: <128.105.68.168:9618?addrs=128.105.68.168-9618+[2607-f388-2200-100-b62e-99ff-feb7-2dcb]-9618&alias=gpulab2003.chtc.wisc.edu&noUDP&sock=startd_10155_1056>
	SlotName: slot2_5@gpulab2003.chtc.wisc.edu
	AvailableGPUs = { GPUs_GPU_617aab32 }
	CondorScratchDir = "/var/lib/condor/execute/slot2/dir_39821/scratch"
	Cpus = 1
	Disk = 16777216
	GPUs = 1
	GPUs_GPU_617aab32 = [ Id = "GPU-617aab32"; Capability = 7.5; DeviceName = "NVIDIA GeForce RTX 2080 Ti"; DeviceUuid = "617aab32-5f65-443c-8910-fed1edb0e508"; ECCEnabled = false; NvidiaDriver = "570.195.03"; DriverVersion = 12.8; DevicePciBusId = "0000:DA:00.0"; GlobalMemoryMb = 10823; MaxSupportedVersion = 12080 ]
	IoHeavy = 0
	Memory = 16384
...
040 (8017966.572.000) 2026-06-21 03:08:55 Started transferring output files
...
040 (8017966.572.000) 2026-06-21 03:08:55 Finished transferring output files
...
004 (8017966.572.000) 2026-06-21 03:08:55 Job was evicted.
	(0) Job terminated and was requeued
		Usr 0 00:00:02, Sys 0 00:00:00  -  Run Remote Usage
		Usr 0 00:00:00, Sys 0 00:00:00  -  Run Local Usage
	2186160  -  Run Bytes Sent By Job
	2784673809  -  Run Bytes Received By Job
	(1) Normal termination (return value 2)
	The job attribute OnExitRemove expression 'NumJobCompletions > JobMaxRetries || ExitCode =?= 0' evaluated to FALSE
...
040 (8017966.572.000) 2026-06-21 03:09:03 Started transferring input files
	Transferring to host: <141.142.150.76:31171?CCBID=128.105.82.148:9618%3faddrs%3d128.105.82.148-9618+[2607-f388-2200-9d-7ccb-bc08-2489-768a]-9618%26alias%3dospool-ccb.osg.chtc.io%26noUDP%26sock%3dcollector5#4300212%2067.58.49.91:9618%3faddrs%3d67.58.49.91-9618+[fdf0-17b3-c3ec-1f79-10-0-e-b69d]-9618%26alias%3dccb-2.ospool.osg-htc.org%26noUDP%26sock%3dcollector5#4298825&PrivNet=rails06&addrs=141.142.150.76-31171&alias=rails06&noUDP>
...
040 (8017966.572.000) 2026-06-21 03:09:16 Finished transferring input files
...
021 (8017966.572.000) 2026-06-21 03:09:17 Message from starter on slot1_1@glidein_786255_56325500@rails06:
	PREPARE_JOB (prepare-hook) succeeded (reported status 000): Using Singularity image openfe_1.11.1.sif
...
001 (8017966.572.000) 2026-06-21 03:09:17 Job executing on host: <141.142.150.76:14555?CCBID=128.105.82.148:9618%3faddrs%3d128.105.82.148-9618+[2607-f388-2200-9d-7ccb-bc08-2489-768a]-9618%26alias%3dospool-ccb.osg.chtc.io%26noUDP%26sock%3dcollector9#4293145%2067.58.49.91:9618%3faddrs%3d67.58.49.91-9618+[fdf0-17b3-c3ec-1f79-10-0-e-b69d]-9618%26alias%3dccb-2.ospool.osg-htc.org%26noUDP%26sock%3dcollector7#4284592&PrivNet=rails06&addrs=141.142.150.76-14555&alias=rails06&noUDP>
	SlotName: slot1_1@glidein_786255_56325500@rails06
	AvailableGPUs = { GPUs_GPU_c1e940ae }
	CondorScratchDir = "/projects/bcxl/svcosguser/glide_M7gHmf/execute/dir_916495/scratch"
	Cpus = 1
	Disk = 16777216
	GPUs = 1
	GPUs_GPU_c1e940ae = [ Id = "GPU-c1e940ae"; ClockMhz = 1980.0; Capability = 9.0; CoresPerCU = 128; DeviceName = "NVIDIA H100 80GB HBM3"; DeviceUuid = "c1e940ae-fa1e-e6bb-1b15-639884ef1485"; ECCEnabled = true; ComputeUnits = 132; NvidiaDriver = "590.48.01"; DriverVersion = 13.1; DevicePciBusId = "0000:19:00.0"; GlobalMemoryMb = 81081; MaxSupportedVersion = 13010 ]
	Memory = 16384
...
006 (8017966.572.000) 2026-06-21 03:09:22 Image size of job updated: 4374640
	733  -  MemoryUsage of job (MB)
	750000  -  ResidentSetSize of job (KB)
...
040 (8017966.572.000) 2026-06-21 03:09:22 Started transferring output files
...
040 (8017966.572.000) 2026-06-21 03:09:22 Finished transferring output files
...
004 (8017966.572.000) 2026-06-21 03:09:23 Job was evicted.
	(0) Job terminated and was requeued
		Usr 0 00:00:00, Sys 0 00:00:00  -  Run Remote Usage
		Usr 0 00:00:00, Sys 0 00:00:00  -  Run Local Usage
	2186176  -  Run Bytes Sent By Job
	2784673809  -  Run Bytes Received By Job
	(1) Normal termination (return value 2)
	The job attribute OnExitRemove expression 'NumJobCompletions > JobMaxRetries || ExitCode =?= 0' evaluated to FALSE
...
040 (8017966.572.000) 2026-06-21 03:09:37 Started transferring input files
	Transferring to host: <128.105.69.3:9618?addrs=128.105.69.3-9618+[2607-f388-2200-100-7ec2-55ff-fe46-28f2]-9618&alias=gpu4002.chtc.wisc.edu&noUDP&sock=slot1_5_12744_0cff_4125>
...
040 (8017966.572.000) 2026-06-21 03:09:48 Finished transferring input files
...
001 (8017966.572.000) 2026-06-21 03:09:48 Job executing on host: <128.105.69.3:9618?addrs=128.105.69.3-9618+[2607-f388-2200-100-7ec2-55ff-fe46-28f2]-9618&alias=gpu4002.chtc.wisc.edu&noUDP&sock=startd_11312_ab69>
	SlotName: slot1_5@gpu4002.chtc.wisc.edu
	AvailableGPUs = { GPUs_GPU_24660f1c }
	CondorScratchDir = "/var/lib/condor/execute/slot1/dir_2994527/scratch"
	Cpus = 1
	Disk = 16777216
	GPUs = 1
	GPUs_GPU_24660f1c = [ Id = "GPU-24660f1c"; Capability = 8.9; DeviceName = "NVIDIA L40"; DeviceUuid = "24660f1c-9665-dc92-a0c9-04252e1a8138"; ECCEnabled = true; NvidiaDriver = "570.195.03"; DriverVersion = 12.8; DevicePciBusId = "0000:CE:00.0"; GlobalMemoryMb = 45468; MaxSupportedVersion = 12080 ]
	IoHeavy = 0
	Memory = 16384
...
040 (8017966.572.000) 2026-06-21 03:09:51 Started transferring output files
...
040 (8017966.572.000) 2026-06-21 03:09:51 Finished transferring output files
...
004 (8017966.572.000) 2026-06-21 03:09:51 Job was evicted.
	(0) Job terminated and was requeued
		Usr 0 00:00:02, Sys 0 00:00:00  -  Run Remote Usage
		Usr 0 00:00:00, Sys 0 00:00:00  -  Run Local Usage
	2186147  -  Run Bytes Sent By Job
	2784673809  -  Run Bytes Received By Job
	(1) Normal termination (return value 2)
	The job attribute OnExitRemove expression 'NumJobCompletions > JobMaxRetries || ExitCode =?= 0' evaluated to FALSE
...
040 (8017966.572.000) 2026-06-21 03:10:00 Started transferring input files
	Transferring to host: <128.105.69.3:9618?addrs=128.105.69.3-9618+[2607-f388-2200-100-7ec2-55ff-fe46-28f2]-9618&alias=gpu4002.chtc.wisc.edu&noUDP&sock=slot1_5_12744_0cff_4126>
...
040 (8017966.572.000) 2026-06-21 03:10:10 Finished transferring input files
...
001 (8017966.572.000) 2026-06-21 03:10:10 Job executing on host: <128.105.69.3:9618?addrs=128.105.69.3-9618+[2607-f388-2200-100-7ec2-55ff-fe46-28f2]-9618&alias=gpu4002.chtc.wisc.edu&noUDP&sock=startd_11312_ab69>
	SlotName: slot1_5@gpu4002.chtc.wisc.edu
	AvailableGPUs = { GPUs_GPU_24660f1c }
	CondorScratchDir = "/var/lib/condor/execute/slot1/dir_2994735/scratch"
	Cpus = 1
	Disk = 16777216
	GPUs = 1
	GPUs_GPU_24660f1c = [ Id = "GPU-24660f1c"; Capability = 8.9; DeviceName = "NVIDIA L40"; DeviceUuid = "24660f1c-9665-dc92-a0c9-04252e1a8138"; ECCEnabled = true; NvidiaDriver = "570.195.03"; DriverVersion = 12.8; DevicePciBusId = "0000:CE:00.0"; GlobalMemoryMb = 45468; MaxSupportedVersion = 12080 ]
	IoHeavy = 0
	Memory = 16384
...
040 (8017966.572.000) 2026-06-21 03:10:13 Started transferring output files
...
040 (8017966.572.000) 2026-06-21 03:10:13 Finished transferring output files
...
004 (8017966.572.000) 2026-06-21 03:10:14 Job was evicted.
	(0) Job terminated and was requeued
		Usr 0 00:00:02, Sys 0 00:00:00  -  Run Remote Usage
		Usr 0 00:00:00, Sys 0 00:00:00  -  Run Local Usage
	2186147  -  Run Bytes Sent By Job
	2784673809  -  Run Bytes Received By Job
	(1) Normal termination (return value 2)
	The job attribute OnExitRemove expression 'NumJobCompletions > JobMaxRetries || ExitCode =?= 0' evaluated to FALSE
...
040 (8017966.572.000) 2026-06-21 03:10:19 Started transferring input files
	Transferring to host: <141.142.150.77:15663?CCBID=128.105.82.148:9618%3faddrs%3d128.105.82.148-9618+[2607-f388-2200-9d-7ccb-bc08-2489-768a]-9618%26alias%3dospool-ccb.osg.chtc.io%26noUDP%26sock%3dcollector4#4304028%2067.58.49.91:9618%3faddrs%3d67.58.49.91-9618+[fdf0-17b3-c3ec-1f79-10-0-e-b69d]-9618%26alias%3dccb-2.ospool.osg-htc.org%26noUDP%26sock%3dcollector10#4297445&PrivNet=rails07&addrs=141.142.150.77-15663&alias=rails07&noUDP>
...
040 (8017966.572.000) 2026-06-21 03:10:37 Finished transferring input files
...
021 (8017966.572.000) 2026-06-21 03:10:38 Message from starter on slot1_2@glidein_1551287_67230680@rails07:
	PREPARE_JOB (prepare-hook) succeeded (reported status 000): Using Singularity image openfe_1.11.1.sif
...
001 (8017966.572.000) 2026-06-21 03:10:38 Job executing on host: <141.142.150.77:11809?CCBID=128.105.82.148:9618%3faddrs%3d128.105.82.148-9618+[2607-f388-2200-9d-7ccb-bc08-2489-768a]-9618%26alias%3dospool-ccb.osg.chtc.io%26noUDP%26sock%3dcollector3#4280944%2067.58.49.91:9618%3faddrs%3d67.58.49.91-9618+[fdf0-17b3-c3ec-1f79-10-0-e-b69d]-9618%26alias%3dccb-2.ospool.osg-htc.org%26noUDP%26sock%3dcollector5#4274175&PrivNet=rails07&addrs=141.142.150.77-11809&alias=rails07&noUDP>
	SlotName: slot1_2@glidein_1551287_67230680@rails07
	AvailableGPUs = { GPUs_GPU_bce5216f }
	CondorScratchDir = "/projects/bcxl/svcosguser/glide_JDhkNE/execute/dir_1789606/scratch"
	Cpus = 1
	Disk = 16777216
	GPUs = 1
	GPUs_GPU_bce5216f = [ Id = "GPU-bce5216f"; ClockMhz = 1410.0; Capability = 8.0; CoresPerCU = 64; DeviceName = "NVIDIA A100 80GB PCIe"; DeviceUuid = "bce5216f-3ad7-6051-81c4-7d82561f5205"; ECCEnabled = true; ComputeUnits = 108; NvidiaDriver = "590.48.01"; DriverVersion = 13.1; DevicePciBusId = "0000:81:00.0"; GlobalMemoryMb = 81153; MaxSupportedVersion = 13010 ]
	Memory = 16384
...
040 (8017966.572.000) 2026-06-21 03:10:44 Started transferring output files
...
040 (8017966.572.000) 2026-06-21 03:10:44 Finished transferring output files
...
004 (8017966.572.000) 2026-06-21 03:10:45 Job was evicted.
	(0) Job terminated and was requeued
		Usr 0 00:00:00, Sys 0 00:00:00  -  Run Remote Usage
		Usr 0 00:00:00, Sys 0 00:00:00  -  Run Local Usage
	2186176  -  Run Bytes Sent By Job
	2784673809  -  Run Bytes Received By Job
	(1) Normal termination (return value 2)
	The job attribute OnExitRemove expression 'NumJobCompletions > JobMaxRetries || ExitCode =?= 0' evaluated to FALSE
...
040 (8017966.572.000) 2026-06-21 03:10:48 Started transferring input files
	Transferring to host: <128.105.76.51:9618?addrs=128.105.76.51-9618+[2607-f388-2200-100-925a-8ff-fe34-15b6]-9618&alias=zliu-chtcgpu5000.chtc.wisc.edu&noUDP&sock=backfill1_4_98764_ec29_37121>
...
040 (8017966.572.000) 2026-06-21 03:10:58 Finished transferring input files
...
001 (8017966.572.000) 2026-06-21 03:10:58 Job executing on host: <128.105.76.51:9618?addrs=128.105.76.51-9618+[2607-f388-2200-100-925a-8ff-fe34-15b6]-9618&alias=zliu-chtcgpu5000.chtc.wisc.edu&noUDP&sock=startd_98388_901b>
	SlotName: backfill1_4@zliu-chtcgpu5000.chtc.wisc.edu
	AvailableGPUs = { GPUs_GPU_ad6fd700 }
	CondorScratchDir = "/var/lib/condor/execute/slot1/dir_3282741/scratch"
	Cpus = 1
	Disk = 16777216
	GPUs = 1
	GPUs_GPU_ad6fd700 = [ Id = "GPU-ad6fd700"; Capability = 8.9; DeviceName = "NVIDIA L40S"; DeviceUuid = "ad6fd700-031e-f4f7-18cc-4d9383583651"; ECCEnabled = true; NvidiaDriver = "590.48.01"; DriverVersion = 13.1; DevicePciBusId = "0000:61:00.0"; GlobalMemoryMb = 45460; MaxSupportedVersion = 13010 ]
	IoHeavy = 0
	Memory = 16384
...
040 (8017966.572.000) 2026-06-21 03:11:01 Started transferring output files
...
040 (8017966.572.000) 2026-06-21 03:11:01 Finished transferring output files
...
004 (8017966.572.000) 2026-06-21 03:11:02 Job was evicted.
	(0) Job terminated and was requeued
		Usr 0 00:00:01, Sys 0 00:00:00  -  Run Remote Usage
		Usr 0 00:00:00, Sys 0 00:00:00  -  Run Local Usage
	2186180  -  Run Bytes Sent By Job
	2784673809  -  Run Bytes Received By Job
	(1) Normal termination (return value 2)
	The job attribute OnExitRemove expression 'NumJobCompletions > JobMaxRetries || ExitCode =?= 0' evaluated to FALSE
...
040 (8017966.572.000) 2026-06-21 03:12:21 Started transferring input files
	Transferring to host: <128.105.68.168:9618?addrs=128.105.68.168-9618+[2607-f388-2200-100-b62e-99ff-feb7-2dcb]-9618&alias=gpulab2003.chtc.wisc.edu&noUDP&sock=slot2_1_11172_6f3f_5186>
...
040 (8017966.572.000) 2026-06-21 03:12:37 Finished transferring input files
...
001 (8017966.572.000) 2026-06-21 03:12:37 Job executing on host: <128.105.68.168:9618?addrs=128.105.68.168-9618+[2607-f388-2200-100-b62e-99ff-feb7-2dcb]-9618&alias=gpulab2003.chtc.wisc.edu&noUDP&sock=startd_10155_1056>
	SlotName: slot2_1@gpulab2003.chtc.wisc.edu
	AvailableGPUs = { GPUs_GPU_eb157808 }
	CondorScratchDir = "/var/lib/condor/execute/slot2/dir_54208/scratch"
	Cpus = 1
	Disk = 16777216
	GPUs = 1
	GPUs_GPU_eb157808 = [ Id = "GPU-eb157808"; Capability = 7.5; DeviceName = "NVIDIA GeForce RTX 2080 Ti"; DeviceUuid = "eb157808-e649-bc5b-f914-65edf583a978"; ECCEnabled = false; NvidiaDriver = "570.195.03"; DriverVersion = 12.8; DevicePciBusId = "0000:3D:00.0"; GlobalMemoryMb = 10823; MaxSupportedVersion = 12080 ]
	IoHeavy = 0
	Memory = 16384
...
040 (8017966.572.000) 2026-06-21 03:12:41 Started transferring output files
...
040 (8017966.572.000) 2026-06-21 03:12:41 Finished transferring output files
...
005 (8017966.572.000) 2026-06-21 03:12:42 Job terminated.
	(1) Normal termination (return value 2)
		Usr 0 00:00:03, Sys 0 00:00:00  -  Run Remote Usage
		Usr 0 00:00:00, Sys 0 00:00:00  -  Run Local Usage
		Usr 0 00:01:14, Sys 0 00:00:02  -  Total Remote Usage
		Usr 0 00:00:00, Sys 0 00:00:00  -  Total Local Usage
	2186160  -  Run Bytes Sent By Job
	2784673809  -  Run Bytes Received By Job
	24052916  -  Total Bytes Sent By Job
	30629226242  -  Total Bytes Received By Job
	Partitionable Resources :    Usage  Request Allocated Assigned
	   Cpus                 :        0        1         1 
	   Disk (KB)            :  2719445 16777216  16777216 
	   GPUs                 :        0        1         1 "GPU-eb157808"
	   IoHeavy              :                           0 
	   Memory (MB)          :      733    16384     16384 
	   TimeExecute (s)      :        4                    
	   TimeSlotBusy (s)     :       20                    
...
