000 (8017966.915.000) 2026-06-20 22:07:54 Job submitted from host: <128.105.68.112:9618?addrs=128.105.68.112-9618+[2607-f388-2200-100-eaeb-d3ff-fea3-4202]-9618&alias=ap2001.chtc.wisc.edu&noUDP&sock=schedd_4071840_2329>
...
040 (8017966.915.000) 2026-06-21 05:33:25 Started transferring input files
	Transferring to host: <128.105.68.124:9618?addrs=128.105.68.124-9618+[2607-f388-2200-100-7ec2-55ff-fe99-a508]-9618&alias=dsigpu4001.chtc.wisc.edu&noUDP&sock=slot2_8_205874_9b6d_81320>
...
040 (8017966.915.000) 2026-06-21 05:33:35 Finished transferring input files
...
001 (8017966.915.000) 2026-06-21 05:33:35 Job executing on host: <128.105.68.124:9618?addrs=128.105.68.124-9618+[2607-f388-2200-100-7ec2-55ff-fe99-a508]-9618&alias=dsigpu4001.chtc.wisc.edu&noUDP&sock=startd_10787_9031>
	SlotName: slot2_8@dsigpu4001.chtc.wisc.edu
	AvailableGPUs = { GPUs_GPU_9fd2e54c }
	CondorScratchDir = "/var/lib/condor/execute/slot2/dir_2507635/scratch"
	Cpus = 1
	Disk = 16777216
	GPUs = 1
	GPUs_GPU_9fd2e54c = [ Id = "GPU-9fd2e54c"; Capability = 8.9; DeviceName = "NVIDIA L40"; DeviceUuid = "9fd2e54c-4fcd-964d-e066-bf92c6f8c683"; ECCEnabled = true; NvidiaDriver = "570.195.03"; DriverVersion = 12.8; DevicePciBusId = "0000:D2:00.0"; GlobalMemoryMb = 45468; MaxSupportedVersion = 12080 ]
	IoHeavy = 0
	Memory = 16384
...
006 (8017966.915.000) 2026-06-21 05:33:44 Image size of job updated: 374792
	367  -  MemoryUsage of job (MB)
	374792  -  ResidentSetSize of job (KB)
...
006 (8017966.915.000) 2026-06-21 05:38:44 Image size of job updated: 962272
	938  -  MemoryUsage of job (MB)
	960436  -  ResidentSetSize of job (KB)
...
006 (8017966.915.000) 2026-06-21 05:43:44 Image size of job updated: 962272
	939  -  MemoryUsage of job (MB)
	961164  -  ResidentSetSize of job (KB)
...
006 (8017966.915.000) 2026-06-21 05:48:45 Image size of job updated: 965604
	943  -  MemoryUsage of job (MB)
	965604  -  ResidentSetSize of job (KB)
...
006 (8017966.915.000) 2026-06-21 05:53:45 Image size of job updated: 969476
	947  -  MemoryUsage of job (MB)
	969476  -  ResidentSetSize of job (KB)
...
006 (8017966.915.000) 2026-06-21 05:58:46 Image size of job updated: 975076
	953  -  MemoryUsage of job (MB)
	975076  -  ResidentSetSize of job (KB)
...
006 (8017966.915.000) 2026-06-21 06:03:46 Image size of job updated: 980424
	958  -  MemoryUsage of job (MB)
	980424  -  ResidentSetSize of job (KB)
...
006 (8017966.915.000) 2026-06-21 06:08:46 Image size of job updated: 984280
	962  -  MemoryUsage of job (MB)
	984280  -  ResidentSetSize of job (KB)
...
006 (8017966.915.000) 2026-06-21 06:13:47 Image size of job updated: 990100
	967  -  MemoryUsage of job (MB)
	990100  -  ResidentSetSize of job (KB)
...
006 (8017966.915.000) 2026-06-21 06:18:47 Image size of job updated: 995248
	972  -  MemoryUsage of job (MB)
	995248  -  ResidentSetSize of job (KB)
...
040 (8017966.915.000) 2026-06-21 06:24:45 Started transferring output files
...
040 (8017966.915.000) 2026-06-21 06:24:45 Finished transferring output files
...
005 (8017966.915.000) 2026-06-21 06:24:45 Job terminated.
	(1) Normal termination (return value 0)
		Usr 0 00:51:46, Sys 0 00:15:26  -  Run Remote Usage
		Usr 0 00:00:00, Sys 0 00:00:00  -  Run Local Usage
		Usr 0 00:51:46, Sys 0 00:15:26  -  Total Remote Usage
		Usr 0 00:00:00, Sys 0 00:00:00  -  Total Local Usage
	2661235  -  Run Bytes Sent By Job
	2782797895  -  Run Bytes Received By Job
	2661235  -  Total Bytes Sent By Job
	2782797895  -  Total Bytes Received By Job
	Partitionable Resources :      Usage  Request Allocated Assigned
	   Cpus                 :       1.33        1         1 
	   Disk (KB)            : 2730198    16777216  16777216 
	   GPUs                 :                   1         1 "GPU-9fd2e54c"
	   GpusMemory (MB)      :    6772                       
	   IoHeavy              :                             0 
	   Memory (MB)          :     972       16384     16384 
	   TimeExecute (s)      :    3070                       
	   TimeSlotBusy (s)     :    3080                       
...
