000 (8017966.396.000) 2026-06-20 22:07:54 Job submitted from host: <128.105.68.112:9618?addrs=128.105.68.112-9618+[2607-f388-2200-100-eaeb-d3ff-fea3-4202]-9618&alias=ap2001.chtc.wisc.edu&noUDP&sock=schedd_4071840_2329>
...
040 (8017966.396.000) 2026-06-21 01:51:21 Started transferring input files
	Transferring to host: <128.105.76.47:9618?addrs=128.105.76.47-9618+[2607-f388-2200-100-527c-6fff-fe82-826a]-9618&alias=gpu4006.chtc.wisc.edu&noUDP&sock=slot2_5_2618986_4fbd_86628>
...
040 (8017966.396.000) 2026-06-21 01:51:33 Finished transferring input files
...
001 (8017966.396.000) 2026-06-21 01:51:33 Job executing on host: <128.105.76.47:9618?addrs=128.105.76.47-9618+[2607-f388-2200-100-527c-6fff-fe82-826a]-9618&alias=gpu4006.chtc.wisc.edu&noUDP&sock=startd_11220_90b3>
	SlotName: slot2_5@gpu4006.chtc.wisc.edu
	AvailableGPUs = { GPUs_GPU_1cd9ff5a }
	CondorScratchDir = "/var/lib/condor/execute/slot2/dir_2581276/scratch"
	Cpus = 1
	Disk = 16777216
	GPUs = 1
	GPUs_GPU_1cd9ff5a = [ Id = "GPU-1cd9ff5a"; Capability = 8.9; DeviceName = "NVIDIA L40S"; DeviceUuid = "1cd9ff5a-a59d-e99d-595f-90985613bdb6"; ECCEnabled = true; NvidiaDriver = "590.48.01"; DriverVersion = 13.1; DevicePciBusId = "0000:81:00.0"; GlobalMemoryMb = 45460; MaxSupportedVersion = 13010 ]
	IoHeavy = 0
	Memory = 16384
...
006 (8017966.396.000) 2026-06-21 01:51:42 Image size of job updated: 499284
	488  -  MemoryUsage of job (MB)
	499284  -  ResidentSetSize of job (KB)
...
006 (8017966.396.000) 2026-06-21 01:56:44 Image size of job updated: 1984808
	1937  -  MemoryUsage of job (MB)
	1983464  -  ResidentSetSize of job (KB)
...
006 (8017966.396.000) 2026-06-21 02:01:44 Image size of job updated: 1984808
	1938  -  MemoryUsage of job (MB)
	1983628  -  ResidentSetSize of job (KB)
...
006 (8017966.396.000) 2026-06-21 02:16:45 Image size of job updated: 1984928
	1939  -  MemoryUsage of job (MB)
	1984928  -  ResidentSetSize of job (KB)
...
006 (8017966.396.000) 2026-06-21 02:21:46 Image size of job updated: 1985216
	1939  -  MemoryUsage of job (MB)
	1985216  -  ResidentSetSize of job (KB)
...
006 (8017966.396.000) 2026-06-21 02:31:47 Image size of job updated: 1985220
	1939  -  MemoryUsage of job (MB)
	1985220  -  ResidentSetSize of job (KB)
...
006 (8017966.396.000) 2026-06-21 02:41:48 Image size of job updated: 1985248
	1939  -  MemoryUsage of job (MB)
	1985248  -  ResidentSetSize of job (KB)
...
006 (8017966.396.000) 2026-06-21 02:46:49 Image size of job updated: 1989856
	1944  -  MemoryUsage of job (MB)
	1989856  -  ResidentSetSize of job (KB)
...
006 (8017966.396.000) 2026-06-21 02:51:49 Image size of job updated: 1990368
	1944  -  MemoryUsage of job (MB)
	1990368  -  ResidentSetSize of job (KB)
...
006 (8017966.396.000) 2026-06-21 02:56:51 Image size of job updated: 1990372
	1944  -  MemoryUsage of job (MB)
	1990372  -  ResidentSetSize of job (KB)
...
006 (8017966.396.000) 2026-06-21 03:01:51 Image size of job updated: 1991816
	1946  -  MemoryUsage of job (MB)
	1991816  -  ResidentSetSize of job (KB)
...
006 (8017966.396.000) 2026-06-21 03:21:53 Image size of job updated: 1991824
	1946  -  MemoryUsage of job (MB)
	1991824  -  ResidentSetSize of job (KB)
...
006 (8017966.396.000) 2026-06-21 03:26:53 Image size of job updated: 1992532
	1946  -  MemoryUsage of job (MB)
	1992532  -  ResidentSetSize of job (KB)
...
006 (8017966.396.000) 2026-06-21 03:36:55 Image size of job updated: 1992552
	1946  -  MemoryUsage of job (MB)
	1992552  -  ResidentSetSize of job (KB)
...
006 (8017966.396.000) 2026-06-21 03:46:56 Image size of job updated: 1993280
	1947  -  MemoryUsage of job (MB)
	1993280  -  ResidentSetSize of job (KB)
...
040 (8017966.396.000) 2026-06-21 04:11:38 Started transferring output files
...
040 (8017966.396.000) 2026-06-21 04:11:38 Finished transferring output files
...
005 (8017966.396.000) 2026-06-21 04:11:39 Job terminated.
	(1) Normal termination (return value 0)
		Usr 0 02:21:07, Sys 0 02:24:54  -  Run Remote Usage
		Usr 0 00:00:00, Sys 0 00:00:00  -  Run Local Usage
		Usr 0 02:21:07, Sys 0 02:24:54  -  Total Remote Usage
		Usr 0 00:00:00, Sys 0 00:00:00  -  Total Local Usage
	10057145  -  Run Bytes Sent By Job
	2782488123  -  Run Bytes Received By Job
	10057145  -  Total Bytes Sent By Job
	2782488123  -  Total Bytes Received By Job
	Partitionable Resources :      Usage  Request Allocated Assigned
	   Cpus                 :       2.15        1         1 
	   Disk (KB)            : 2781208    16777216  16777216 
	   GPUs                 :       0.89        1         1 "GPU-1cd9ff5a"
	   GpusMemory (MB)      :    7202                       
	   IoHeavy              :                             0 
	   Memory (MB)          :    1947       16384     16384 
	   TimeExecute (s)      :    8405                       
	   TimeSlotBusy (s)     :    8417                       
...
